SF:/var/home/jack/Code/koan/src/builtins.rs
FN:105,_RNvNtCs3yqXWJWMNss_4koan8builtins13default_scope
FN:71,_RNvNtCs3yqXWJWMNss_4koan8builtins16register_builtin
FN:36,_RNvNtCs3yqXWJWMNss_4koan8builtins20dispatch_constructor
FN:82,_RNvNtCs3yqXWJWMNss_4koan8builtins29register_builtin_with_pre_run
FN:55,_RNvNtCs3yqXWJWMNss_4koan8builtins2kw
FN:60,_RNvNtCs3yqXWJWMNss_4koan8builtins3arg
FN:50,_RNvNtCs3yqXWJWMNss_4koan8builtins3err
FN:67,_RNvNtCs3yqXWJWMNss_4koan8builtins3sig
FN:105,_RNvNtCs8h7e9k1J8CD_4koan8builtins13default_scope
FN:71,_RNvNtCs8h7e9k1J8CD_4koan8builtins16register_builtin
FN:36,_RNvNtCs8h7e9k1J8CD_4koan8builtins20dispatch_constructor
FN:82,_RNvNtCs8h7e9k1J8CD_4koan8builtins29register_builtin_with_pre_run
FN:55,_RNvNtCs8h7e9k1J8CD_4koan8builtins2kw
FN:60,_RNvNtCs8h7e9k1J8CD_4koan8builtins3arg
FN:50,_RNvNtCs8h7e9k1J8CD_4koan8builtins3err
FN:67,_RNvNtCs8h7e9k1J8CD_4koan8builtins3sig
FNDA:15,_RNvNtCs3yqXWJWMNss_4koan8builtins13default_scope
FNDA:405,_RNvNtCs3yqXWJWMNss_4koan8builtins16register_builtin
FNDA:1,_RNvNtCs3yqXWJWMNss_4koan8builtins20dispatch_constructor
FNDA:555,_RNvNtCs3yqXWJWMNss_4koan8builtins29register_builtin_with_pre_run
FNDA:645,_RNvNtCs3yqXWJWMNss_4koan8builtins2kw
FNDA:960,_RNvNtCs3yqXWJWMNss_4koan8builtins3arg
FNDA:1,_RNvNtCs3yqXWJWMNss_4koan8builtins3err
FNDA:525,_RNvNtCs3yqXWJWMNss_4koan8builtins3sig
FNDA:309,_RNvNtCs8h7e9k1J8CD_4koan8builtins13default_scope
FNDA:8363,_RNvNtCs8h7e9k1J8CD_4koan8builtins16register_builtin
FNDA:79,_RNvNtCs8h7e9k1J8CD_4koan8builtins20dispatch_constructor
FNDA:11454,_RNvNtCs8h7e9k1J8CD_4koan8builtins29register_builtin_with_pre_run
FNDA:13287,_RNvNtCs8h7e9k1J8CD_4koan8builtins2kw
FNDA:19776,_RNvNtCs8h7e9k1J8CD_4koan8builtins3arg
FNDA:53,_RNvNtCs8h7e9k1J8CD_4koan8builtins3err
FNDA:10815,_RNvNtCs8h7e9k1J8CD_4koan8builtins3sig
FNF:8
FNH:8
DA:36,80
DA:37,80
DA:38,80
DA:39,80
DA:40,80
DA:41,51
DA:42,28
DA:43,1
DA:45,80
DA:50,54
DA:51,54
DA:52,54
DA:55,13932
DA:56,13932
DA:57,13932
DA:60,20736
DA:61,20736
DA:62,20736
DA:67,11340
DA:68,11340
DA:69,11340
DA:71,8768
DA:72,8768
DA:73,8768
DA:74,8768
DA:75,8768
DA:76,8768
DA:77,8768
DA:78,8768
DA:82,12009
DA:83,12009
DA:84,12009
DA:85,12009
DA:86,12009
DA:87,12009
DA:88,12009
DA:89,12009
DA:92,12009
DA:93,12009
DA:94,12009
DA:95,12009
DA:96,12009
DA:105,324
DA:106,324
DA:107,324
DA:108,324
DA:109,324
DA:115,324
DA:116,324
DA:117,324
DA:118,324
DA:119,324
DA:120,324
DA:121,324
DA:122,324
DA:124,324
DA:125,324
DA:130,324
DA:131,324
DA:132,324
DA:133,324
DA:134,324
DA:136,324
DA:137,324
DA:138,324
DA:139,324
DA:140,324
DA:141,324
DA:142,324
DA:143,324
DA:144,324
DA:145,324
DA:146,324
DA:147,324
DA:148,324
DA:149,324
DA:150,324
DA:151,324
DA:152,324
DA:153,324
DA:154,324
DA:155,324
DA:156,324
DA:157,324
DA:159,324
DA:160,324
BRF:0
BRH:0
LF:86
LH:86
end_of_record
SF:/var/home/jack/Code/koan/src/builtins/ascribe.rs
FN:16,_RNvNtNtCs3yqXWJWMNss_4koan8builtins7ascribe11body_opaque
FN:127,_RNvNtNtCs3yqXWJWMNss_4koan8builtins7ascribe11shape_check
FN:100,_RNvNtNtCs3yqXWJWMNss_4koan8builtins7ascribe16body_transparent
FN:177,_RNvNtNtCs3yqXWJWMNss_4koan8builtins7ascribe21is_abstract_type_name
FN:160,_RNvNtNtCs3yqXWJWMNss_4koan8builtins7ascribe22abstract_type_names_of
FN:189,_RNvNtNtCs3yqXWJWMNss_4koan8builtins7ascribe28resolve_module_and_signature
FN:197,_RNvNtNtCs3yqXWJWMNss_4koan8builtins7ascribe8register
FN:183,_RNCNvNtNtCs3yqXWJWMNss_4koan8builtins7ascribe21is_abstract_type_name0B7_
FN:403,_RNCNvNtNtNtCs8h7e9k1J8CD_4koan8builtins7ascribe5testss_24functor_returns_a_module0B9_
FN:464,_RNCNvNtNtNtCs8h7e9k1J8CD_4koan8builtins7ascribe5testss_33functor_application_is_generative0B9_
FN:341,_RNCNvNtNtNtCs8h7e9k1J8CD_4koan8builtins7ascribe5testss_40roadmap_example_int_ord_with_ordered_sig0B9_
FN:611,_RNCNvNtNtNtCs8h7e9k1J8CD_4koan8builtins7ascribe5testss_43functor_argument_bare_type_token_auto_wraps0B9_
FN:431,_RNCNvNtNtNtCs8h7e9k1J8CD_4koan8builtins7ascribe5testss_44functor_body_reads_signature_typed_parameter0B9_
FN:719,_RNCNvNtNtNtCs8h7e9k1J8CD_4koan8builtins7ascribe5testss_49opaque_ascription_re_binds_do_not_alias_unsoundly0B9_
FN:553,_RNCNvNtNtNtCs8h7e9k1J8CD_4koan8builtins7ascribe5testss_51functor_overloads_dispatch_by_signature_bound_param0B9_
FN:555,_RNCNvNtNtNtCs8h7e9k1J8CD_4koan8builtins7ascribe5testss_51functor_overloads_dispatch_by_signature_bound_params_0B9_
FN:581,_RNCNvNtNtNtCs8h7e9k1J8CD_4koan8builtins7ascribe5testss_53transparent_ascription_satisfies_signature_bound_slot0B9_
FN:385,_RNvNtNtNtCs8h7e9k1J8CD_4koan8builtins7ascribe5testss_24functor_returns_a_module
FN:249,_RNvNtNtNtCs8h7e9k1J8CD_4koan8builtins7ascribe5testss_32ascription_missing_member_errors
FN:445,_RNvNtNtNtCs8h7e9k1J8CD_4koan8builtins7ascribe5testss_33functor_application_is_generative
FN:235,_RNvNtNtNtCs8h7e9k1J8CD_4koan8builtins7ascribe5testss_37transparent_ascription_returns_module
FN:328,_RNvNtNtNtCs8h7e9k1J8CD_4koan8builtins7ascribe5testss_40roadmap_example_int_ord_with_ordered_sig
FN:488,_RNvNtNtNtCs8h7e9k1J8CD_4koan8builtins7ascribe5testss_42functor_rejects_unascribed_module_argument
FN:592,_RNvNtNtNtCs8h7e9k1J8CD_4koan8builtins7ascribe5testss_43functor_argument_bare_type_token_auto_wraps
FN:413,_RNvNtNtNtCs8h7e9k1J8CD_4koan8builtins7ascribe5testss_44functor_body_reads_signature_typed_parameter
FN:697,_RNvNtNtNtCs8h7e9k1J8CD_4koan8builtins7ascribe5testss_49opaque_ascription_re_binds_do_not_alias_unsoundly
FN:309,_RNvNtNtNtCs8h7e9k1J8CD_4koan8builtins7ascribe5testss_49transparent_ascription_does_not_mint_module_types
FN:521,_RNvNtNtNtCs8h7e9k1J8CD_4koan8builtins7ascribe5testss_51functor_overloads_dispatch_by_signature_bound_param
FN:563,_RNvNtNtNtCs8h7e9k1J8CD_4koan8builtins7ascribe5testss_53transparent_ascription_satisfies_signature_bound_slot
FN:624,_RNvNtNtNtCs8h7e9k1J8CD_4koan8builtins7ascribe5testss_55opaque_ascription_mints_fresh_type_constructor_per_call
FN:266,_RNvNtNtNtCs8h7e9k1J8CD_4koan8builtins7ascribe5testss_60opaque_ascription_mints_distinct_module_type_per_application
FN:183,_RNCNvNtNtCs8h7e9k1J8CD_4koan8builtins7ascribe21is_abstract_type_name0B7_
FN:16,_RNvNtNtCs8h7e9k1J8CD_4koan8builtins7ascribe11body_opaque
FN:127,_RNvNtNtCs8h7e9k1J8CD_4koan8builtins7ascribe11shape_check
FN:100,_RNvNtNtCs8h7e9k1J8CD_4koan8builtins7ascribe16body_transparent
FN:177,_RNvNtNtCs8h7e9k1J8CD_4koan8builtins7ascribe21is_abstract_type_name
FN:160,_RNvNtNtCs8h7e9k1J8CD_4koan8builtins7ascribe22abstract_type_names_of
FN:189,_RNvNtNtCs8h7e9k1J8CD_4koan8builtins7ascribe28resolve_module_and_signature
FN:197,_RNvNtNtCs8h7e9k1J8CD_4koan8builtins7ascribe8register
FNDA:0,_RNvNtNtCs3yqXWJWMNss_4koan8builtins7ascribe11body_opaque
FNDA:0,_RNvNtNtCs3yqXWJWMNss_4koan8builtins7ascribe11shape_check
FNDA:0,_RNvNtNtCs3yqXWJWMNss_4koan8builtins7ascribe16body_transparent
FNDA:0,_RNvNtNtCs3yqXWJWMNss_4koan8builtins7ascribe21is_abstract_type_name
FNDA:0,_RNvNtNtCs3yqXWJWMNss_4koan8builtins7ascribe22abstract_type_names_of
FNDA:0,_RNvNtNtCs3yqXWJWMNss_4koan8builtins7ascribe28resolve_module_and_signature
FNDA:15,_RNvNtNtCs3yqXWJWMNss_4koan8builtins7ascribe8register
FNDA:0,_RNCNvNtNtCs3yqXWJWMNss_4koan8builtins7ascribe21is_abstract_type_name0B7_
FNDA:0,_RNCNvNtNtNtCs8h7e9k1J8CD_4koan8builtins7ascribe5testss_24functor_returns_a_module0B9_
FNDA:0,_RNCNvNtNtNtCs8h7e9k1J8CD_4koan8builtins7ascribe5testss_33functor_application_is_generative0B9_
FNDA:0,_RNCNvNtNtNtCs8h7e9k1J8CD_4koan8builtins7ascribe5testss_40roadmap_example_int_ord_with_ordered_sig0B9_
FNDA:0,_RNCNvNtNtNtCs8h7e9k1J8CD_4koan8builtins7ascribe5testss_43functor_argument_bare_type_token_auto_wraps0B9_
FNDA:0,_RNCNvNtNtNtCs8h7e9k1J8CD_4koan8builtins7ascribe5testss_44functor_body_reads_signature_typed_parameter0B9_
FNDA:0,_RNCNvNtNtNtCs8h7e9k1J8CD_4koan8builtins7ascribe5testss_49opaque_ascription_re_binds_do_not_alias_unsoundly0B9_
FNDA:0,_RNCNvNtNtNtCs8h7e9k1J8CD_4koan8builtins7ascribe5testss_51functor_overloads_dispatch_by_signature_bound_param0B9_
FNDA:0,_RNCNvNtNtNtCs8h7e9k1J8CD_4koan8builtins7ascribe5testss_51functor_overloads_dispatch_by_signature_bound_params_0B9_
FNDA:0,_RNCNvNtNtNtCs8h7e9k1J8CD_4koan8builtins7ascribe5testss_53transparent_ascription_satisfies_signature_bound_slot0B9_
FNDA:1,_RNvNtNtNtCs8h7e9k1J8CD_4koan8builtins7ascribe5testss_24functor_returns_a_module
FNDA:1,_RNvNtNtNtCs8h7e9k1J8CD_4koan8builtins7ascribe5testss_32ascription_missing_member_errors
FNDA:1,_RNvNtNtNtCs8h7e9k1J8CD_4koan8builtins7ascribe5testss_33functor_application_is_generative
FNDA:1,_RNvNtNtNtCs8h7e9k1J8CD_4koan8builtins7ascribe5testss_37transparent_ascription_returns_module
FNDA:1,_RNvNtNtNtCs8h7e9k1J8CD_4koan8builtins7ascribe5testss_40roadmap_example_int_ord_with_ordered_sig
FNDA:1,_RNvNtNtNtCs8h7e9k1J8CD_4koan8builtins7ascribe5testss_42functor_rejects_unascribed_module_argument
FNDA:1,_RNvNtNtNtCs8h7e9k1J8CD_4koan8builtins7ascribe5testss_43functor_argument_bare_type_token_auto_wraps
FNDA:1,_RNvNtNtNtCs8h7e9k1J8CD_4koan8builtins7ascribe5testss_44functor_body_reads_signature_typed_parameter
FNDA:1,_RNvNtNtNtCs8h7e9k1J8CD_4koan8builtins7ascribe5testss_49opaque_ascription_re_binds_do_not_alias_unsoundly
FNDA:1,_RNvNtNtNtCs8h7e9k1J8CD_4koan8builtins7ascribe5testss_49transparent_ascription_does_not_mint_module_types
FNDA:1,_RNvNtNtNtCs8h7e9k1J8CD_4koan8builtins7ascribe5testss_51functor_overloads_dispatch_by_signature_bound_param
FNDA:1,_RNvNtNtNtCs8h7e9k1J8CD_4koan8builtins7ascribe5testss_53transparent_ascription_satisfies_signature_bound_slot
FNDA:1,_RNvNtNtNtCs8h7e9k1J8CD_4koan8builtins7ascribe5testss_55opaque_ascription_mints_fresh_type_constructor_per_call
FNDA:1,_RNvNtNtNtCs8h7e9k1J8CD_4koan8builtins7ascribe5testss_60opaque_ascription_mints_distinct_module_type_per_application
FNDA:9,_RNCNvNtNtCs8h7e9k1J8CD_4koan8builtins7ascribe21is_abstract_type_name0B7_
FNDA:20,_RNvNtNtCs8h7e9k1J8CD_4koan8builtins7ascribe11body_opaque
FNDA:35,_RNvNtNtCs8h7e9k1J8CD_4koan8builtins7ascribe11shape_check
FNDA:15,_RNvNtNtCs8h7e9k1J8CD_4koan8builtins7ascribe16body_transparent
FNDA:118,_RNvNtNtCs8h7e9k1J8CD_4koan8builtins7ascribe21is_abstract_type_name
FNDA:62,_RNvNtNtCs8h7e9k1J8CD_4koan8builtins7ascribe22abstract_type_names_of
FNDA:35,_RNvNtNtCs8h7e9k1J8CD_4koan8builtins7ascribe28resolve_module_and_signature
FNDA:309,_RNvNtNtCs8h7e9k1J8CD_4koan8builtins7ascribe8register
FNF:31
FNH:22
DA:16,20
DA:17,20
DA:18,20
DA:19,20
DA:20,20
DA:21,20
DA:22,20
DA:23,0
DA:26,20
DA:27,20
DA:28,20
DA:29,20
DA:37,20
DA:38,20
DA:39,0
DA:40,20
DA:42,20
DA:56,20
DA:57,20
DA:59,20
DA:60,20
DA:61,13
DA:62,3
DA:63,3
DA:65,10
DA:67,13
DA:68,13
DA:69,13
DA:70,13
DA:71,13
DA:72,13
DA:73,13
DA:74,13
DA:77,20
DA:78,13
DA:79,13
DA:80,13
DA:81,13
DA:82,7
DA:84,20
DA:85,2
DA:86,18
DA:91,18
DA:95,18
DA:96,18
DA:97,20
DA:100,15
DA:101,15
DA:102,15
DA:103,15
DA:104,15
DA:105,15
DA:106,15
DA:107,0
DA:109,15
DA:110,0
DA:111,15
DA:113,15
DA:114,15
DA:115,15
DA:116,15
DA:117,15
DA:120,15
DA:121,15
DA:122,15
DA:123,15
DA:127,35
DA:128,35
DA:129,35
DA:130,35
DA:133,35
DA:134,35
DA:135,35
DA:136,35
DA:137,35
DA:138,32
DA:139,0
DA:140,32
DA:141,32
DA:142,2
DA:143,2
DA:144,2
DA:145,2
DA:146,30
DA:148,33
DA:149,35
DA:160,62
DA:161,62
DA:162,62
DA:163,62
DA:164,62
DA:165,62
DA:166,62
DA:167,62
DA:168,56
DA:169,0
DA:170,56
DA:172,62
DA:173,62
DA:177,118
DA:178,118
DA:179,118
DA:180,118
DA:181,109
DA:182,9
DA:183,9
DA:184,118
DA:189,35
DA:190,35
DA:191,35
DA:192,35
DA:193,35
DA:194,35
DA:195,35
DA:197,324
DA:203,324
DA:204,324
DA:205,324
DA:206,324
DA:207,324
DA:208,324
DA:209,324
DA:210,324
DA:212,324
DA:214,324
DA:215,324
DA:216,324
DA:217,324
DA:218,324
DA:219,324
DA:220,324
DA:222,324
DA:224,324
DA:235,1
DA:236,1
DA:237,1
DA:238,1
DA:239,1
DA:240,1
DA:241,1
DA:242,1
DA:244,1
DA:245,1
DA:246,1
DA:249,1
DA:250,1
DA:251,1
DA:252,1
DA:253,1
DA:254,1
DA:255,1
DA:257,1
DA:258,1
DA:259,1
DA:260,1
DA:263,1
DA:266,1
DA:267,1
DA:268,1
DA:269,1
DA:270,1
DA:271,1
DA:272,1
DA:273,1
DA:274,1
DA:275,1
DA:276,4
DA:277,4
DA:278,4
DA:279,1
DA:280,4
DA:281,4
DA:282,0
DA:283,4
DA:285,1
DA:286,1
DA:287,1
DA:288,0
DA:290,1
DA:291,1
DA:292,0
DA:294,1
DA:295,1
DA:297,1
DA:298,1
DA:301,1
DA:302,1
DA:305,1
DA:306,1
DA:309,1
DA:310,1
DA:311,1
DA:312,1
DA:313,1
DA:314,1
DA:315,1
DA:316,1
DA:318,1
DA:319,1
DA:320,1
DA:321,0
DA:323,1
DA:324,1
DA:328,1
DA:329,1
DA:330,1
DA:331,1
DA:332,1
DA:333,1
DA:334,1
DA:335,1
DA:338,1
DA:339,1
DA:340,1
DA:341,0
DA:343,1
DA:344,1
DA:345,1
DA:346,1
DA:347,1
DA:348,1
DA:350,1
DA:351,1
DA:352,0
DA:354,1
DA:355,1
DA:356,1
DA:357,1
DA:358,1
DA:359,1
DA:360,1
DA:385,1
DA:386,1
DA:387,1
DA:388,1
DA:389,1
DA:390,1
DA:391,1
DA:393,1
DA:394,1
DA:395,1
DA:396,1
DA:398,1
DA:400,1
DA:401,1
DA:402,1
DA:403,0
DA:405,1
DA:406,1
DA:407,1
DA:413,1
DA:414,1
DA:415,1
DA:416,1
DA:417,1
DA:418,1
DA:419,1
DA:421,1
DA:422,1
DA:423,1
DA:424,1
DA:426,1
DA:428,1
DA:429,1
DA:430,1
DA:431,0
DA:433,1
DA:434,1
DA:435,1
DA:445,1
DA:446,1
DA:447,1
DA:448,1
DA:449,1
DA:450,1
DA:451,1
DA:453,1
DA:454,1
DA:455,1
DA:456,1
DA:458,1
DA:459,1
DA:461,1
DA:462,1
DA:463,1
DA:464,0
DA:466,1
DA:467,1
DA:468,0
DA:474,1
DA:475,1
DA:476,1
DA:479,1
DA:488,1
DA:490,1
DA:491,1
DA:492,1
DA:493,1
DA:494,1
DA:495,1
DA:497,1
DA:498,1
DA:499,1
DA:506,1
DA:507,1
DA:508,1
DA:509,1
DA:510,1
DA:511,1
DA:514,1
DA:521,1
DA:522,1
DA:523,1
DA:524,1
DA:525,1
DA:526,1
DA:527,1
DA:528,1
DA:529,1
DA:531,1
DA:532,1
DA:533,1
DA:534,1
DA:536,1
DA:537,1
DA:538,1
DA:540,1
DA:541,1
DA:542,1
DA:544,1
DA:545,1
DA:547,1
DA:548,1
DA:549,1
DA:550,1
DA:551,1
DA:552,1
DA:553,0
DA:554,1
DA:555,0
DA:556,1
DA:563,1
DA:564,1
DA:565,1
DA:566,1
DA:567,1
DA:568,1
DA:569,1
DA:571,1
DA:572,1
DA:573,1
DA:574,1
DA:576,1
DA:578,1
DA:579,1
DA:580,1
DA:581,0
DA:583,1
DA:584,1
DA:585,1
DA:592,1
DA:593,1
DA:594,1
DA:595,1
DA:596,1
DA:597,1
DA:598,1
DA:600,1
DA:601,1
DA:602,1
DA:603,1
DA:604,1
DA:606,1
DA:608,1
DA:609,1
DA:610,1
DA:611,0
DA:613,1
DA:614,1
DA:615,1
DA:624,1
DA:626,1
DA:627,1
DA:628,1
DA:629,1
DA:630,1
DA:631,1
DA:632,1
DA:633,1
DA:634,1
DA:635,4
DA:636,4
DA:637,4
DA:638,1
DA:639,4
DA:640,4
DA:641,0
DA:642,4
DA:644,1
DA:645,1
DA:646,1
DA:647,0
DA:649,1
DA:650,1
DA:651,0
DA:653,1
DA:654,1
DA:657,1
DA:658,1
DA:661,1
DA:662,1
DA:669,1
DA:671,1
DA:672,1
DA:674,1
DA:679,0
DA:681,1
DA:685,1
DA:697,1
DA:698,1
DA:699,1
DA:706,1
DA:707,1
DA:708,1
DA:709,1
DA:710,1
DA:715,1
DA:716,1
DA:717,1
DA:718,1
DA:719,0
DA:726,1
DA:727,20
DA:728,20
DA:729,20
DA:732,1
DA:737,1
DA:738,1
DA:739,1
DA:740,1
DA:743,1
DA:744,1
DA:747,1
BRF:0
BRH:0
LF:453
LH:419
end_of_record
SF:/var/home/jack/Code/koan/src/builtins/attr.rs
FN:128,_RNvNtNtCs3yqXWJWMNss_4koan8builtins4attr11body_module
FN:110,_RNvNtNtCs3yqXWJWMNss_4koan8builtins4attr11body_struct
FN:164,_RNvNtNtCs3yqXWJWMNss_4koan8builtins4attr12access_field
FN:69,_RNvNtNtCs3yqXWJWMNss_4koan8builtins4attr13body_type_lhs
FN:31,_RNvNtNtCs3yqXWJWMNss_4koan8builtins4attr15body_identifier
FN:144,_RNvNtNtCs3yqXWJWMNss_4koan8builtins4attr15read_field_name
FN:216,_RNvNtNtCs3yqXWJWMNss_4koan8builtins4attr20access_module_member
FN:244,_RNvNtNtCs3yqXWJWMNss_4koan8builtins4attr8register
FN:128,_RNvNtNtCs8h7e9k1J8CD_4koan8builtins4attr11body_module
FN:110,_RNvNtNtCs8h7e9k1J8CD_4koan8builtins4attr11body_struct
FN:164,_RNvNtNtCs8h7e9k1J8CD_4koan8builtins4attr12access_field
FN:69,_RNvNtNtCs8h7e9k1J8CD_4koan8builtins4attr13body_type_lhs
FN:31,_RNvNtNtCs8h7e9k1J8CD_4koan8builtins4attr15body_identifier
FN:144,_RNvNtNtCs8h7e9k1J8CD_4koan8builtins4attr15read_field_name
FN:216,_RNvNtNtCs8h7e9k1J8CD_4koan8builtins4attr20access_module_member
FN:244,_RNvNtNtCs8h7e9k1J8CD_4koan8builtins4attr8register
FN:330,_RNvNtNtNtCs8h7e9k1J8CD_4koan8builtins4attr5testss_24attr_unbound_name_errors
FN:357,_RNvNtNtNtCs8h7e9k1J8CD_4koan8builtins4attr5testss_25attr_unknown_field_errors
FN:341,_RNvNtNtNtCs8h7e9k1J8CD_4koan8builtins4attr5testss_31attr_on_non_struct_value_errors
FN:373,_RNvNtNtNtCs8h7e9k1J8CD_4koan8builtins4attr5testss_33attr_chained_unknown_field_errors
FN:314,_RNvNtNtNtCs8h7e9k1J8CD_4koan8builtins4attr5testss_34attr_chained_through_nested_struct
FN:290,_RNvNtNtNtCs8h7e9k1J8CD_4koan8builtins4attr5testss_34attr_reads_field_from_named_struct
FN:302,_RNvNtNtNtCs8h7e9k1J8CD_4koan8builtins4attr5testss_35attr_reads_each_field_independently
FN:416,_RNvNtNtNtCs8h7e9k1J8CD_4koan8builtins4attr5testss_39access_field_rejects_wrapped_non_struct
FN:397,_RNvNtNtNtCs8h7e9k1J8CD_4koan8builtins4attr5testss_41access_field_falls_through_wrapped_struct
FN:440,_RNvNtNtNtCs8h7e9k1J8CD_4koan8builtins4attr5testss_53access_field_falls_through_wrapped_with_missing_field
FNDA:1,_RNvNtNtCs3yqXWJWMNss_4koan8builtins4attr11body_module
FNDA:0,_RNvNtNtCs3yqXWJWMNss_4koan8builtins4attr11body_struct
FNDA:6,_RNvNtNtCs3yqXWJWMNss_4koan8builtins4attr12access_field
FNDA:5,_RNvNtNtCs3yqXWJWMNss_4koan8builtins4attr13body_type_lhs
FNDA:1,_RNvNtNtCs3yqXWJWMNss_4koan8builtins4attr15body_identifier
FNDA:7,_RNvNtNtCs3yqXWJWMNss_4koan8builtins4attr15read_field_name
FNDA:6,_RNvNtNtCs3yqXWJWMNss_4koan8builtins4attr20access_module_member
FNDA:15,_RNvNtNtCs3yqXWJWMNss_4koan8builtins4attr8register
FNDA:4,_RNvNtNtCs8h7e9k1J8CD_4koan8builtins4attr11body_module
FNDA:2,_RNvNtNtCs8h7e9k1J8CD_4koan8builtins4attr11body_struct
FNDA:23,_RNvNtNtCs8h7e9k1J8CD_4koan8builtins4attr12access_field
FNDA:6,_RNvNtNtCs8h7e9k1J8CD_4koan8builtins4attr13body_type_lhs
FNDA:12,_RNvNtNtCs8h7e9k1J8CD_4koan8builtins4attr15body_identifier
FNDA:24,_RNvNtNtCs8h7e9k1J8CD_4koan8builtins4attr15read_field_name
FNDA:10,_RNvNtNtCs8h7e9k1J8CD_4koan8builtins4attr20access_module_member
FNDA:309,_RNvNtNtCs8h7e9k1J8CD_4koan8builtins4attr8register
FNDA:1,_RNvNtNtNtCs8h7e9k1J8CD_4koan8builtins4attr5testss_24attr_unbound_name_errors
FNDA:1,_RNvNtNtNtCs8h7e9k1J8CD_4koan8builtins4attr5testss_25attr_unknown_field_errors
FNDA:1,_RNvNtNtNtCs8h7e9k1J8CD_4koan8builtins4attr5testss_31attr_on_non_struct_value_errors
FNDA:1,_RNvNtNtNtCs8h7e9k1J8CD_4koan8builtins4attr5testss_33attr_chained_unknown_field_errors
FNDA:1,_RNvNtNtNtCs8h7e9k1J8CD_4koan8builtins4attr5testss_34attr_chained_through_nested_struct
FNDA:1,_RNvNtNtNtCs8h7e9k1J8CD_4koan8builtins4attr5testss_34attr_reads_field_from_named_struct
FNDA:1,_RNvNtNtNtCs8h7e9k1J8CD_4koan8builtins4attr5testss_35attr_reads_each_field_independently
FNDA:1,_RNvNtNtNtCs8h7e9k1J8CD_4koan8builtins4attr5testss_39access_field_rejects_wrapped_non_struct
FNDA:1,_RNvNtNtNtCs8h7e9k1J8CD_4koan8builtins4attr5testss_41access_field_falls_through_wrapped_struct
FNDA:1,_RNvNtNtNtCs8h7e9k1J8CD_4koan8builtins4attr5testss_53access_field_falls_through_wrapped_with_missing_field
FNF:18
FNH:18
DA:31,13
DA:32,13
DA:33,13
DA:34,13
DA:35,13
DA:36,13
DA:37,13
DA:38,0
DA:39,0
DA:40,0
DA:41,0
DA:42,0
DA:43,0
DA:45,0
DA:47,13
DA:48,13
DA:49,13
DA:50,0
DA:52,13
DA:53,12
DA:54,1
DA:56,12
DA:57,13
DA:69,11
DA:70,11
DA:71,11
DA:72,11
DA:73,11
DA:74,11
DA:79,0
DA:84,11
DA:85,0
DA:86,0
DA:87,0
DA:88,0
DA:89,0
DA:90,0
DA:92,0
DA:94,11
DA:95,11
DA:96,0
DA:103,11
DA:104,11
DA:105,0
DA:107,11
DA:108,11
DA:110,2
DA:111,2
DA:112,2
DA:113,2
DA:114,2
DA:115,2
DA:116,2
DA:117,0
DA:119,2
DA:120,2
DA:121,0
DA:123,2
DA:124,2
DA:128,5
DA:129,5
DA:130,5
DA:131,5
DA:132,5
DA:133,5
DA:134,5
DA:135,0
DA:137,5
DA:138,5
DA:139,0
DA:141,5
DA:142,5
DA:144,31
DA:145,31
DA:146,24
DA:150,0
DA:154,7
DA:155,0
DA:156,0
DA:157,0
DA:158,0
DA:159,0
DA:160,0
DA:162,31
DA:164,29
DA:165,29
DA:166,29
DA:167,29
DA:168,29
DA:169,29
DA:170,12
DA:171,9
DA:172,3
DA:173,3
DA:174,3
DA:175,3
DA:179,11
DA:188,4
DA:189,2
DA:190,2
DA:191,2
DA:192,2
DA:193,2
DA:195,29
DA:216,16
DA:217,16
DA:218,0
DA:219,0
DA:220,0
DA:221,0
DA:222,0
DA:224,16
DA:225,5
DA:226,5
DA:227,5
DA:228,11
DA:229,11
DA:230,11
DA:231,10
DA:232,1
DA:233,1
DA:234,0
DA:235,0
DA:236,0
DA:237,1
DA:238,1
DA:239,1
DA:240,1
DA:241,1
DA:242,16
DA:244,324
DA:245,324
DA:246,324
DA:247,324
DA:248,324
DA:249,324
DA:251,324
DA:252,324
DA:253,324
DA:254,324
DA:255,324
DA:256,324
DA:257,324
DA:258,324
DA:259,324
DA:267,324
DA:268,324
DA:269,324
DA:270,324
DA:271,324
DA:272,324
DA:273,324
DA:274,324
DA:275,324
DA:278,324
DA:279,324
DA:280,324
DA:281,324
DA:290,1
DA:291,1
DA:292,1
DA:293,1
DA:294,1
DA:295,1
DA:297,1
DA:298,1
DA:299,1
DA:302,1
DA:303,1
DA:304,1
DA:305,1
DA:306,1
DA:307,1
DA:309,1
DA:310,1
DA:311,1
DA:314,1
DA:315,1
DA:316,1
DA:317,1
DA:318,1
DA:319,1
DA:320,1
DA:321,1
DA:322,1
DA:323,1
DA:325,1
DA:326,1
DA:327,1
DA:330,1
DA:331,1
DA:332,1
DA:333,1
DA:334,1
DA:335,1
DA:338,1
DA:341,1
DA:342,1
DA:343,1
DA:344,1
DA:345,1
DA:346,1
DA:347,1
DA:348,1
DA:349,1
DA:350,1
DA:352,0
DA:354,1
DA:357,1
DA:358,1
DA:359,1
DA:360,1
DA:361,1
DA:362,1
DA:364,1
DA:365,1
DA:366,1
DA:367,1
DA:370,1
DA:373,1
DA:374,1
DA:375,1
DA:376,1
DA:377,1
DA:378,1
DA:379,1
DA:380,1
DA:381,1
DA:382,1
DA:384,1
DA:385,1
DA:386,1
DA:387,1
DA:390,1
DA:397,1
DA:398,1
DA:399,1
DA:400,1
DA:401,1
DA:402,1
DA:403,1
DA:404,1
DA:405,1
DA:407,1
DA:408,1
DA:409,1
DA:416,1
DA:417,1
DA:418,1
DA:419,1
DA:420,1
DA:421,1
DA:422,1
DA:424,1
DA:425,1
DA:426,1
DA:427,1
DA:428,1
DA:429,1
DA:431,0
DA:433,1
DA:440,1
DA:441,1
DA:442,1
DA:443,1
DA:444,1
DA:445,1
DA:446,1
DA:447,1
DA:448,1
DA:450,1
DA:451,1
DA:452,1
DA:453,1
DA:456,1
BRF:0
BRH:0
LF:275
LH:233
end_of_record
SF:/var/home/jack/Code/koan/src/builtins/call_by_name.rs
FN:10,_RNvNtNtCs3yqXWJWMNss_4koan8builtins12call_by_name4body
FN:59,_RNvNtNtCs3yqXWJWMNss_4koan8builtins12call_by_name8register
FN:10,_RNvNtNtCs8h7e9k1J8CD_4koan8builtins12call_by_name4body
FN:59,_RNvNtNtCs8h7e9k1J8CD_4koan8builtins12call_by_name8register
FN:132,_RNvNtNtNtCs8h7e9k1J8CD_4koan8builtins12call_by_name5testss_26call_by_name_missing_colon
FN:78,_RNvNtNtNtCs8h7e9k1J8CD_4koan8builtins12call_by_name5testss_28fn_callable_via_call_by_name
FN:106,_RNvNtNtNtCs8h7e9k1J8CD_4koan8builtins12call_by_name5testss_30call_by_name_missing_named_arg
FN:120,_RNvNtNtNtCs8h7e9k1J8CD_4koan8builtins12call_by_name5testss_30call_by_name_unknown_named_arg
FN:144,_RNvNtNtNtCs8h7e9k1J8CD_4koan8builtins12call_by_name5testss_32call_by_name_duplicate_named_arg
FN:207,_RNvNtNtNtCs8h7e9k1J8CD_4koan8builtins12call_by_name5testss_34call_by_name_unbound_returns_error
FN:88,_RNvNtNtNtCs8h7e9k1J8CD_4koan8builtins12call_by_name5testss_36call_by_name_weaves_internal_keyword
FN:191,_RNvNtNtNtCs8h7e9k1J8CD_4koan8builtins12call_by_name5testss_38call_by_name_on_struct_type_constructs
FN:174,_RNvNtNtNtCs8h7e9k1J8CD_4koan8builtins12call_by_name5testss_39call_by_name_on_tagged_union_constructs
FN:97,_RNvNtNtNtCs8h7e9k1J8CD_4koan8builtins12call_by_name5testss_41call_by_name_named_args_order_independent
FN:158,_RNvNtNtNtCs8h7e9k1J8CD_4koan8builtins12call_by_name5testss_42call_by_name_on_non_function_returns_error
FN:238,_RNvNtNtNtCs8h7e9k1J8CD_4koan8builtins12call_by_name5testss_45escaped_closure_with_param_returns_body_value
FN:221,_RNvNtNtNtCs8h7e9k1J8CD_4koan8builtins12call_by_name5testss_48closure_escapes_outer_call_and_remains_invocable
FN:255,_RNvNtNtNtCs8h7e9k1J8CD_4koan8builtins12call_by_name5testss_52list_of_closures_escapes_outer_call_with_rc_attached
FNDA:0,_RNvNtNtCs3yqXWJWMNss_4koan8builtins12call_by_name4body
FNDA:15,_RNvNtNtCs3yqXWJWMNss_4koan8builtins12call_by_name8register
FNDA:14,_RNvNtNtCs8h7e9k1J8CD_4koan8builtins12call_by_name4body
FNDA:309,_RNvNtNtCs8h7e9k1J8CD_4koan8builtins12call_by_name8register
FNDA:1,_RNvNtNtNtCs8h7e9k1J8CD_4koan8builtins12call_by_name5testss_26call_by_name_missing_colon
FNDA:1,_RNvNtNtNtCs8h7e9k1J8CD_4koan8builtins12call_by_name5testss_28fn_callable_via_call_by_name
FNDA:1,_RNvNtNtNtCs8h7e9k1J8CD_4koan8builtins12call_by_name5testss_30call_by_name_missing_named_arg
FNDA:1,_RNvNtNtNtCs8h7e9k1J8CD_4koan8builtins12call_by_name5testss_30call_by_name_unknown_named_arg
FNDA:1,_RNvNtNtNtCs8h7e9k1J8CD_4koan8builtins12call_by_name5testss_32call_by_name_duplicate_named_arg
FNDA:1,_RNvNtNtNtCs8h7e9k1J8CD_4koan8builtins12call_by_name5testss_34call_by_name_unbound_returns_error
FNDA:1,_RNvNtNtNtCs8h7e9k1J8CD_4koan8builtins12call_by_name5testss_36call_by_name_weaves_internal_keyword
FNDA:1,_RNvNtNtNtCs8h7e9k1J8CD_4koan8builtins12call_by_name5testss_38call_by_name_on_struct_type_constructs
FNDA:1,_RNvNtNtNtCs8h7e9k1J8CD_4koan8builtins12call_by_name5testss_39call_by_name_on_tagged_union_constructs
FNDA:1,_RNvNtNtNtCs8h7e9k1J8CD_4koan8builtins12call_by_name5testss_41call_by_name_named_args_order_independent
FNDA:1,_RNvNtNtNtCs8h7e9k1J8CD_4koan8builtins12call_by_name5testss_42call_by_name_on_non_function_returns_error
FNDA:1,_RNvNtNtNtCs8h7e9k1J8CD_4koan8builtins12call_by_name5testss_45escaped_closure_with_param_returns_body_value
FNDA:1,_RNvNtNtNtCs8h7e9k1J8CD_4koan8builtins12call_by_name5testss_48closure_escapes_outer_call_and_remains_invocable
FNDA:1,_RNvNtNtNtCs8h7e9k1J8CD_4koan8builtins12call_by_name5testss_52list_of_closures_escapes_outer_call_with_rc_attached
FNF:16
FNH:16
DA:10,14
DA:11,14
DA:12,14
DA:13,14
DA:14,14
DA:16,14
DA:17,14
DA:18,0
DA:19,0
DA:20,0
DA:21,0
DA:22,0
DA:23,0
DA:26,0
DA:31,14
DA:32,14
DA:33,14
DA:34,0
DA:35,0
DA:36,0
DA:37,0
DA:39,0
DA:41,14
DA:42,9
DA:44,5
DA:45,1
DA:46,4
DA:47,3
DA:48,1
DA:49,1
DA:50,1
DA:51,1
DA:52,1
DA:57,14
DA:59,324
DA:60,324
DA:61,324
DA:62,324
DA:63,324
DA:64,324
DA:65,324
DA:67,324
DA:69,324
DA:78,1
DA:79,1
DA:80,1
DA:81,1
DA:82,1
DA:83,1
DA:84,1
DA:88,1
DA:89,1
DA:90,1
DA:91,1
DA:92,1
DA:93,1
DA:94,1
DA:97,1
DA:98,1
DA:99,1
DA:100,1
DA:101,1
DA:102,1
DA:103,1
DA:106,1
DA:107,1
DA:108,1
DA:109,1
DA:110,1
DA:111,1
DA:112,1
DA:115,1
DA:120,1
DA:121,1
DA:122,1
DA:123,1
DA:124,1
DA:125,1
DA:126,1
DA:129,1
DA:132,1
DA:133,1
DA:134,1
DA:135,1
DA:136,1
DA:137,1
DA:138,1
DA:141,1
DA:144,1
DA:145,1
DA:146,1
DA:147,1
DA:148,1
DA:149,1
DA:150,1
DA:153,1
DA:158,1
DA:159,1
DA:160,1
DA:161,1
DA:162,1
DA:163,1
DA:164,1
DA:165,1
DA:166,1
DA:167,1
DA:171,1
DA:174,1
DA:175,1
DA:176,1
DA:177,1
DA:178,1
DA:179,1
DA:180,1
DA:181,1
DA:182,1
DA:184,0
DA:186,1
DA:191,1
DA:192,1
DA:193,1
DA:194,1
DA:195,1
DA:196,1
DA:197,1
DA:198,1
DA:199,1
DA:200,1
DA:202,0
DA:204,1
DA:207,1
DA:208,1
DA:209,1
DA:210,1
DA:211,1
DA:212,1
DA:215,1
DA:221,1
DA:222,1
DA:223,1
DA:224,1
DA:225,1
DA:226,1
DA:227,1
DA:229,1
DA:230,1
DA:231,1
DA:232,0
DA:234,1
DA:238,1
DA:239,1
DA:240,1
DA:241,1
DA:242,1
DA:243,1
DA:244,1
DA:246,1
DA:247,1
DA:248,1
DA:255,1
DA:256,1
DA:257,1
DA:258,1
DA:259,1
DA:260,1
DA:261,1
DA:262,0
DA:264,1
DA:265,1
DA:266,1
DA:267,1
DA:271,0
DA:273,1
BRF:0
BRH:0
LF:173
LH:156
end_of_record
SF:/var/home/jack/Code/koan/src/builtins/cons.rs
FN:69,_RNvNtNtCs3yqXWJWMNss_4koan8builtins4cons20fold_multi_statement
FN:30,_RNvNtNtCs3yqXWJWMNss_4koan8builtins4cons4body
FN:89,_RNvNtNtCs3yqXWJWMNss_4koan8builtins4cons8register
FN:108,_RNvNtNtNtCs8h7e9k1J8CD_4koan8builtins4cons5tests7capture
FN:189,_RNvNtNtNtCs8h7e9k1J8CD_4koan8builtins4cons5testss_31single_statement_body_unchanged
FN:176,_RNvNtNtNtCs8h7e9k1J8CD_4koan8builtins4cons5testss_42backward_reference_across_statements_works
FN:117,_RNvNtNtNtCs8h7e9k1J8CD_4koan8builtins4cons5testss_42multi_statement_fn_body_returns_last_value
FN:129,_RNvNtNtNtCs8h7e9k1J8CD_4koan8builtins4cons5testss_43multi_statement_fn_body_runs_each_statement
FN:140,_RNvNtNtNtCs8h7e9k1J8CD_4koan8builtins4cons5testss_47multi_statement_match_branch_returns_last_value
FN:156,_RNvNtNtNtCs8h7e9k1J8CD_4koan8builtins4cons5testss_59fn_recursion_with_multi_statement_body_via_match_terminates
FN:69,_RNvNtNtCs8h7e9k1J8CD_4koan8builtins4cons20fold_multi_statement
FN:30,_RNvNtNtCs8h7e9k1J8CD_4koan8builtins4cons4body
FN:89,_RNvNtNtCs8h7e9k1J8CD_4koan8builtins4cons8register
FN:134,_RNCNvNtNtNtCs8h7e9k1J8CD_4koan8builtins4cons5testss_43multi_statement_fn_body_runs_each_statement0B9_
FN:136,_RNCNvNtNtNtCs8h7e9k1J8CD_4koan8builtins4cons5testss_43multi_statement_fn_body_runs_each_statements0_0B9_
FN:135,_RNCNvNtNtNtCs8h7e9k1J8CD_4koan8builtins4cons5testss_43multi_statement_fn_body_runs_each_statements_0B9_
FNDA:5,_RNvNtNtCs3yqXWJWMNss_4koan8builtins4cons20fold_multi_statement
FNDA:0,_RNvNtNtCs3yqXWJWMNss_4koan8builtins4cons4body
FNDA:15,_RNvNtNtCs3yqXWJWMNss_4koan8builtins4cons8register
FNDA:3,_RNvNtNtNtCs8h7e9k1J8CD_4koan8builtins4cons5tests7capture
FNDA:1,_RNvNtNtNtCs8h7e9k1J8CD_4koan8builtins4cons5testss_31single_statement_body_unchanged
FNDA:1,_RNvNtNtNtCs8h7e9k1J8CD_4koan8builtins4cons5testss_42backward_reference_across_statements_works
FNDA:1,_RNvNtNtNtCs8h7e9k1J8CD_4koan8builtins4cons5testss_42multi_statement_fn_body_returns_last_value
FNDA:1,_RNvNtNtNtCs8h7e9k1J8CD_4koan8builtins4cons5testss_43multi_statement_fn_body_runs_each_statement
FNDA:1,_RNvNtNtNtCs8h7e9k1J8CD_4koan8builtins4cons5testss_47multi_statement_match_branch_returns_last_value
FNDA:1,_RNvNtNtNtCs8h7e9k1J8CD_4koan8builtins4cons5testss_59fn_recursion_with_multi_statement_body_via_match_terminates
FNDA:161,_RNvNtNtCs8h7e9k1J8CD_4koan8builtins4cons20fold_multi_statement
FNDA:9,_RNvNtNtCs8h7e9k1J8CD_4koan8builtins4cons4body
FNDA:309,_RNvNtNtCs8h7e9k1J8CD_4koan8builtins4cons8register
FNDA:3,_RNCNvNtNtNtCs8h7e9k1J8CD_4koan8builtins4cons5testss_43multi_statement_fn_body_runs_each_statement0B9_
FNDA:1,_RNCNvNtNtNtCs8h7e9k1J8CD_4koan8builtins4cons5testss_43multi_statement_fn_body_runs_each_statements0_0B9_
FNDA:5,_RNCNvNtNtNtCs8h7e9k1J8CD_4koan8builtins4cons5testss_43multi_statement_fn_body_runs_each_statements_0B9_
FNF:13
FNH:13
DA:30,9
DA:31,9
DA:32,9
DA:33,9
DA:34,9
DA:35,9
DA:36,9
DA:38,0
DA:39,0
DA:40,0
DA:43,9
DA:44,9
DA:46,0
DA:47,0
DA:48,0
DA:53,9
DA:54,9
DA:55,9
DA:69,166
DA:70,166
DA:71,75
DA:72,91
DA:73,91
DA:74,5
DA:75,86
DA:77,13
DA:78,8
DA:79,8
DA:80,8
DA:81,8
DA:82,8
DA:83,8
DA:84,8
DA:85,8
DA:86,5
DA:87,166
DA:89,324
DA:90,324
DA:91,324
DA:92,324
DA:93,324
DA:94,324
DA:95,324
DA:96,324
DA:98,324
DA:100,324
DA:108,3
DA:109,3
DA:110,3
DA:111,3
DA:112,3
DA:113,3
DA:114,3
DA:117,1
DA:118,1
DA:119,1
DA:120,1
DA:121,1
DA:122,1
DA:124,1
DA:125,1
DA:126,1
DA:129,1
DA:130,1
DA:131,1
DA:134,3
DA:135,5
DA:136,1
DA:137,1
DA:140,1
DA:141,1
DA:142,1
DA:143,1
DA:144,1
DA:145,1
DA:146,1
DA:147,1
DA:150,1
DA:151,1
DA:152,1
DA:153,1
DA:156,1
DA:160,1
DA:161,1
DA:162,1
DA:163,1
DA:164,1
DA:165,1
DA:166,1
DA:167,1
DA:168,1
DA:169,1
DA:171,1
DA:172,1
DA:173,1
DA:176,1
DA:178,1
DA:179,1
DA:180,1
DA:181,1
DA:182,1
DA:184,1
DA:185,1
DA:186,1
DA:189,1
DA:191,1
DA:192,1
DA:193,1
DA:194,1
DA:195,1
DA:196,1
BRF:0
BRH:0
LF:114
LH:108
end_of_record
SF:/var/home/jack/Code/koan/src/builtins/eval.rs
FN:21,_RNvNtNtCs3yqXWJWMNss_4koan8builtins4eval4body
FN:50,_RNvNtNtCs3yqXWJWMNss_4koan8builtins4eval8register
FN:21,_RNvNtNtCs8h7e9k1J8CD_4koan8builtins4eval4body
FN:50,_RNvNtNtCs8h7e9k1J8CD_4koan8builtins4eval8register
FN:64,_RNvNtNtNtCs8h7e9k1J8CD_4koan8builtins4eval5tests11run_program
FN:128,_RNvNtNtNtCs8h7e9k1J8CD_4koan8builtins4eval5testss_21recursive_eval_no_uaf
FN:73,_RNvNtNtNtCs8h7e9k1J8CD_4koan8builtins4eval5testss_22eval_of_quoted_literal
FN:109,_RNvNtNtNtCs8h7e9k1J8CD_4koan8builtins4eval5testss_34multiline_sigil_collapse_roundtrip
FN:119,_RNvNtNtNtCs8h7e9k1J8CD_4koan8builtins4eval5testss_35eval_returns_inner_expression_value
FN:102,_RNvNtNtNtCs8h7e9k1J8CD_4koan8builtins4eval5testss_37eval_runs_side_effects_in_quoted_body
FN:79,_RNvNtNtNtCs8h7e9k1J8CD_4koan8builtins4eval5testss_38eval_of_function_returning_kexpression
FN:89,_RNvNtNtNtCs8h7e9k1J8CD_4koan8builtins4eval5testss_49eval_of_non_kexpression_errors_with_type_mismatch
FNDA:0,_RNvNtNtCs3yqXWJWMNss_4koan8builtins4eval4body
FNDA:15,_RNvNtNtCs3yqXWJWMNss_4koan8builtins4eval8register
FNDA:8,_RNvNtNtCs8h7e9k1J8CD_4koan8builtins4eval4body
FNDA:309,_RNvNtNtCs8h7e9k1J8CD_4koan8builtins4eval8register
FNDA:6,_RNvNtNtNtCs8h7e9k1J8CD_4koan8builtins4eval5tests11run_program
FNDA:1,_RNvNtNtNtCs8h7e9k1J8CD_4koan8builtins4eval5testss_21recursive_eval_no_uaf
FNDA:1,_RNvNtNtNtCs8h7e9k1J8CD_4koan8builtins4eval5testss_22eval_of_quoted_literal
FNDA:1,_RNvNtNtNtCs8h7e9k1J8CD_4koan8builtins4eval5testss_34multiline_sigil_collapse_roundtrip
FNDA:1,_RNvNtNtNtCs8h7e9k1J8CD_4koan8builtins4eval5testss_35eval_returns_inner_expression_value
FNDA:1,_RNvNtNtNtCs8h7e9k1J8CD_4koan8builtins4eval5testss_37eval_runs_side_effects_in_quoted_body
FNDA:1,_RNvNtNtNtCs8h7e9k1J8CD_4koan8builtins4eval5testss_38eval_of_function_returning_kexpression
FNDA:1,_RNvNtNtNtCs8h7e9k1J8CD_4koan8builtins4eval5testss_49eval_of_non_kexpression_errors_with_type_mismatch
FNF:10
FNH:10
DA:21,8
DA:22,8
DA:23,8
DA:24,8
DA:25,8
DA:26,8
DA:27,8
DA:28,0
DA:30,8
DA:31,7
DA:32,1
DA:33,1
DA:34,1
DA:35,1
DA:36,1
DA:37,1
DA:46,7
DA:47,7
DA:48,8
DA:50,324
DA:51,324
DA:52,324
DA:53,324
DA:54,324
DA:55,324
DA:57,324
DA:64,6
DA:65,6
DA:66,6
DA:67,6
DA:68,6
DA:69,6
DA:70,6
DA:73,1
DA:74,1
DA:75,1
DA:76,1
DA:79,1
DA:81,1
DA:82,1
DA:83,1
DA:85,1
DA:86,1
DA:89,1
DA:90,1
DA:91,1
DA:92,1
DA:93,1
DA:94,1
DA:95,1
DA:96,1
DA:99,1
DA:102,1
DA:104,1
DA:105,1
DA:106,1
DA:109,1
DA:112,1
DA:113,1
DA:115,1
DA:116,1
DA:119,1
DA:123,1
DA:124,1
DA:125,1
DA:128,1
DA:133,1
DA:134,1
DA:135,1
DA:136,1
DA:137,1
DA:138,1
DA:139,1
DA:141,1
DA:142,1
BRF:0
BRH:0
LF:75
LH:74
end_of_record
SF:/var/home/jack/Code/koan/src/builtins/fn_def.rs
FN:73,_RNCNvNtNtCs3yqXWJWMNss_4koan8builtins6fn_def19collect_param_names0B7_
FN:70,_RNvNtNtCs3yqXWJWMNss_4koan8builtins6fn_def19collect_param_names
FN:441,_RNvNtNtCs3yqXWJWMNss_4koan8builtins6fn_def11finalize_fn
FN:380,_RNvNtNtCs3yqXWJWMNss_4koan8builtins6fn_def12make_capture
FN:502,_RNvNtNtCs3yqXWJWMNss_4koan8builtins6fn_def17defer_via_combine
FN:50,_RNvNtNtCs3yqXWJWMNss_4koan8builtins6fn_def19part_references_any
FN:23,_RNvNtNtCs3yqXWJWMNss_4koan8builtins6fn_def24type_expr_references_any
FN:43,_RNvNtNtCs3yqXWJWMNss_4koan8builtins6fn_def26kexpression_references_any
FN:110,_RNvNtNtCs3yqXWJWMNss_4koan8builtins6fn_def4body
FN:630,_RNvNtNtCs3yqXWJWMNss_4koan8builtins6fn_def8register
FN:451,_RNCNvNtNtCs3yqXWJWMNss_4koan8builtins6fn_def11finalize_fn0B7_
FN:524,_RNCNvNtNtCs3yqXWJWMNss_4koan8builtins6fn_def17defer_via_combine0B7_
FN:55,_RNCNvNtNtCs3yqXWJWMNss_4koan8builtins6fn_def19part_references_any0B7_
FN:61,_RNCNvNtNtCs3yqXWJWMNss_4koan8builtins6fn_def19part_references_anys0_0B7_
FN:59,_RNCNvNtNtCs3yqXWJWMNss_4koan8builtins6fn_def19part_references_anys_0B7_
FN:25,_RNCNvNtNtCs3yqXWJWMNss_4koan8builtins6fn_def24type_expr_references_any0B7_
FN:32,_RNCNvNtNtCs3yqXWJWMNss_4koan8builtins6fn_def24type_expr_references_anys0_0B7_
FN:30,_RNCNvNtNtCs3yqXWJWMNss_4koan8builtins6fn_def24type_expr_references_anys_0B7_
FN:47,_RNCNvNtNtCs3yqXWJWMNss_4koan8builtins6fn_def26kexpression_references_any0B7_
FN:441,_RNvNtNtCs8h7e9k1J8CD_4koan8builtins6fn_def11finalize_fn
FN:380,_RNvNtNtCs8h7e9k1J8CD_4koan8builtins6fn_def12make_capture
FN:502,_RNvNtNtCs8h7e9k1J8CD_4koan8builtins6fn_def17defer_via_combine
FN:50,_RNvNtNtCs8h7e9k1J8CD_4koan8builtins6fn_def19part_references_any
FN:23,_RNvNtNtCs8h7e9k1J8CD_4koan8builtins6fn_def24type_expr_references_any
FN:43,_RNvNtNtCs8h7e9k1J8CD_4koan8builtins6fn_def26kexpression_references_any
FN:110,_RNvNtNtCs8h7e9k1J8CD_4koan8builtins6fn_def4body
FN:630,_RNvNtNtCs8h7e9k1J8CD_4koan8builtins6fn_def8register
FN:451,_RNCNvNtNtCs8h7e9k1J8CD_4koan8builtins6fn_def11finalize_fn0B7_
FN:524,_RNCNvNtNtCs8h7e9k1J8CD_4koan8builtins6fn_def17defer_via_combine0B7_
FN:55,_RNCNvNtNtCs8h7e9k1J8CD_4koan8builtins6fn_def19part_references_any0B7_
FN:61,_RNCNvNtNtCs8h7e9k1J8CD_4koan8builtins6fn_def19part_references_anys0_0B7_
FN:59,_RNCNvNtNtCs8h7e9k1J8CD_4koan8builtins6fn_def19part_references_anys_0B7_
FN:25,_RNCNvNtNtCs8h7e9k1J8CD_4koan8builtins6fn_def24type_expr_references_any0B7_
FN:32,_RNCNvNtNtCs8h7e9k1J8CD_4koan8builtins6fn_def24type_expr_references_anys0_0B7_
FN:30,_RNCNvNtNtCs8h7e9k1J8CD_4koan8builtins6fn_def24type_expr_references_anys_0B7_
FN:47,_RNCNvNtNtCs8h7e9k1J8CD_4koan8builtins6fn_def26kexpression_references_any0B7_
FN:73,_RNCNvNtNtCs8h7e9k1J8CD_4koan8builtins6fn_def19collect_param_names0B7_
FN:70,_RNvNtNtCs8h7e9k1J8CD_4koan8builtins6fn_def19collect_param_names
FNDA:0,_RNCNvNtNtCs3yqXWJWMNss_4koan8builtins6fn_def19collect_param_names0B7_
FNDA:0,_RNvNtNtCs3yqXWJWMNss_4koan8builtins6fn_def19collect_param_names
FNDA:5,_RNvNtNtCs3yqXWJWMNss_4koan8builtins6fn_def11finalize_fn
FNDA:0,_RNvNtNtCs3yqXWJWMNss_4koan8builtins6fn_def12make_capture
FNDA:1,_RNvNtNtCs3yqXWJWMNss_4koan8builtins6fn_def17defer_via_combine
FNDA:3,_RNvNtNtCs3yqXWJWMNss_4koan8builtins6fn_def19part_references_any
FNDA:2,_RNvNtNtCs3yqXWJWMNss_4koan8builtins6fn_def24type_expr_references_any
FNDA:1,_RNvNtNtCs3yqXWJWMNss_4koan8builtins6fn_def26kexpression_references_any
FNDA:5,_RNvNtNtCs3yqXWJWMNss_4koan8builtins6fn_def4body
FNDA:15,_RNvNtNtCs3yqXWJWMNss_4koan8builtins6fn_def8register
FNDA:5,_RNCNvNtNtCs3yqXWJWMNss_4koan8builtins6fn_def11finalize_fn0B7_
FNDA:1,_RNCNvNtNtCs3yqXWJWMNss_4koan8builtins6fn_def17defer_via_combine0B7_
FNDA:0,_RNCNvNtNtCs3yqXWJWMNss_4koan8builtins6fn_def19part_references_any0B7_
FNDA:0,_RNCNvNtNtCs3yqXWJWMNss_4koan8builtins6fn_def19part_references_anys0_0B7_
FNDA:0,_RNCNvNtNtCs3yqXWJWMNss_4koan8builtins6fn_def19part_references_anys_0B7_
FNDA:2,_RNCNvNtNtCs3yqXWJWMNss_4koan8builtins6fn_def24type_expr_references_any0B7_
FNDA:0,_RNCNvNtNtCs3yqXWJWMNss_4koan8builtins6fn_def24type_expr_references_anys0_0B7_
FNDA:0,_RNCNvNtNtCs3yqXWJWMNss_4koan8builtins6fn_def24type_expr_references_anys_0B7_
FNDA:3,_RNCNvNtNtCs3yqXWJWMNss_4koan8builtins6fn_def26kexpression_references_any0B7_
FNDA:104,_RNvNtNtCs8h7e9k1J8CD_4koan8builtins6fn_def11finalize_fn
FNDA:2,_RNvNtNtCs8h7e9k1J8CD_4koan8builtins6fn_def12make_capture
FNDA:10,_RNvNtNtCs8h7e9k1J8CD_4koan8builtins6fn_def17defer_via_combine
FNDA:30,_RNvNtNtCs8h7e9k1J8CD_4koan8builtins6fn_def19part_references_any
FNDA:23,_RNvNtNtCs8h7e9k1J8CD_4koan8builtins6fn_def24type_expr_references_any
FNDA:13,_RNvNtNtCs8h7e9k1J8CD_4koan8builtins6fn_def26kexpression_references_any
FNDA:110,_RNvNtNtCs8h7e9k1J8CD_4koan8builtins6fn_def4body
FNDA:309,_RNvNtNtCs8h7e9k1J8CD_4koan8builtins6fn_def8register
FNDA:109,_RNCNvNtNtCs8h7e9k1J8CD_4koan8builtins6fn_def11finalize_fn0B7_
FNDA:10,_RNCNvNtNtCs8h7e9k1J8CD_4koan8builtins6fn_def17defer_via_combine0B7_
FNDA:0,_RNCNvNtNtCs8h7e9k1J8CD_4koan8builtins6fn_def19part_references_any0B7_
FNDA:0,_RNCNvNtNtCs8h7e9k1J8CD_4koan8builtins6fn_def19part_references_anys0_0B7_
FNDA:0,_RNCNvNtNtCs8h7e9k1J8CD_4koan8builtins6fn_def19part_references_anys_0B7_
FNDA:22,_RNCNvNtNtCs8h7e9k1J8CD_4koan8builtins6fn_def24type_expr_references_any0B7_
FNDA:0,_RNCNvNtNtCs8h7e9k1J8CD_4koan8builtins6fn_def24type_expr_references_anys0_0B7_
FNDA:1,_RNCNvNtNtCs8h7e9k1J8CD_4koan8builtins6fn_def24type_expr_references_anys_0B7_
FNDA:30,_RNCNvNtNtCs8h7e9k1J8CD_4koan8builtins6fn_def26kexpression_references_any0B7_
FNDA:0,_RNCNvNtNtCs8h7e9k1J8CD_4koan8builtins6fn_def19collect_param_names0B7_
FNDA:0,_RNvNtNtCs8h7e9k1J8CD_4koan8builtins6fn_def19collect_param_names
FNF:19
FNH:13
DA:23,25
DA:25,25
DA:26,4
DA:27,21
DA:28,21
DA:29,20
DA:30,1
DA:31,0
DA:32,0
DA:33,0
DA:36,25
DA:43,14
DA:44,14
DA:45,14
DA:46,14
DA:47,33
DA:48,14
DA:50,33
DA:51,33
DA:52,33
DA:53,33
DA:54,33
DA:55,0
DA:56,18
DA:57,7
DA:58,0
DA:59,0
DA:61,0
DA:62,0
DA:63,0
DA:64,8
DA:66,33
DA:70,0
DA:71,0
DA:72,0
DA:73,0
DA:74,0
DA:75,0
DA:76,0
DA:77,0
DA:78,0
DA:110,115
DA:111,115
DA:112,115
DA:113,115
DA:114,115
DA:115,115
DA:116,115
DA:118,0
DA:119,0
DA:120,0
DA:140,115
DA:141,102
DA:142,102
DA:143,0
DA:145,6
DA:146,6
DA:147,0
DA:149,7
DA:150,7
DA:151,0
DA:154,0
DA:155,0
DA:156,0
DA:157,0
DA:160,115
DA:161,115
DA:163,0
DA:164,0
DA:165,0
DA:172,115
DA:185,115
DA:190,115
DA:213,115
DA:214,102
DA:215,6
DA:220,6
DA:221,1
DA:223,5
DA:224,5
DA:225,1
DA:226,2
DA:227,2
DA:228,0
DA:230,2
DA:231,2
DA:232,2
DA:238,7
DA:255,7
DA:256,3
DA:258,4
DA:259,4
DA:270,113
DA:271,101
DA:272,4
DA:273,8
DA:274,8
DA:279,109
DA:280,94
DA:281,94
DA:283,4
DA:284,4
DA:286,3
DA:289,3
DA:290,3
DA:291,3
DA:292,3
DA:293,3
DA:294,3
DA:295,3
DA:296,3
DA:299,5
DA:300,5
DA:301,5
DA:302,5
DA:303,5
DA:304,5
DA:305,5
DA:306,5
DA:307,5
DA:310,0
DA:314,0
DA:315,0
DA:316,0
DA:317,0
DA:318,0
DA:319,0
DA:320,0
DA:321,0
DA:324,1
DA:330,1
DA:331,1
DA:332,1
DA:333,1
DA:334,1
DA:335,1
DA:336,1
DA:337,1
DA:338,1
DA:339,1
DA:342,0
DA:348,0
DA:349,0
DA:350,0
DA:351,0
DA:352,0
DA:353,0
DA:354,0
DA:355,0
DA:356,0
DA:359,2
DA:360,2
DA:361,2
DA:362,2
DA:363,2
DA:364,2
DA:365,2
DA:366,2
DA:367,2
DA:368,2
DA:369,2
DA:373,115
DA:380,2
DA:382,2
DA:383,2
DA:384,0
DA:386,2
DA:441,109
DA:442,109
DA:443,109
DA:444,109
DA:445,109
DA:446,109
DA:451,114
DA:452,108
DA:453,6
DA:454,114
DA:455,109
DA:456,108
DA:458,1
DA:459,1
DA:460,1
DA:461,1
DA:465,108
DA:466,108
DA:467,108
DA:468,108
DA:470,108
DA:471,108
DA:472,108
DA:473,108
DA:474,108
DA:475,108
DA:479,108
DA:480,108
DA:481,1
DA:482,107
DA:486,107
DA:487,109
DA:502,11
DA:503,11
DA:504,11
DA:505,11
DA:506,11
DA:507,11
DA:508,11
DA:509,11
DA:510,11
DA:516,11
DA:517,11
DA:518,11
DA:519,4
DA:520,4
DA:521,4
DA:522,4
DA:524,11
DA:529,11
DA:530,11
DA:531,4
DA:535,4
DA:536,0
DA:537,0
DA:538,0
DA:539,0
DA:540,0
DA:541,4
DA:542,4
DA:544,11
DA:555,11
DA:556,11
DA:557,5
DA:558,2
DA:559,2
DA:560,2
DA:561,2
DA:563,0
DA:564,0
DA:565,0
DA:567,0
DA:568,0
DA:570,0
DA:571,0
DA:572,0
DA:582,0
DA:583,0
DA:585,0
DA:586,0
DA:587,0
DA:589,0
DA:590,0
DA:591,0
DA:592,0
DA:595,0
DA:596,4
DA:600,4
DA:601,4
DA:602,4
DA:603,0
DA:604,0
DA:605,0
DA:606,0
DA:607,0
DA:608,0
DA:613,11
DA:614,11
DA:615,0
DA:616,0
DA:619,0
DA:620,0
DA:621,0
DA:624,11
DA:625,11
DA:626,11
DA:627,11
DA:628,11
DA:630,324
DA:640,324
DA:641,324
DA:642,324
DA:643,324
DA:644,324
DA:645,324
DA:646,324
DA:647,324
DA:648,324
DA:649,324
DA:651,324
DA:652,324
DA:670,324
DA:671,324
DA:672,324
DA:673,324
DA:674,324
DA:675,324
DA:676,324
DA:677,324
DA:678,324
DA:679,324
DA:681,324
DA:682,324
DA:684,324
BRF:0
BRH:0
LF:311
LH:208
end_of_record
SF:/var/home/jack/Code/koan/src/builtins/fn_def/signature.rs
FN:110,_RNvNtNtNtCs3yqXWJWMNss_4koan8builtins6fn_def9signature19parse_fn_param_list
FN:27,_RNvNtNtNtCs3yqXWJWMNss_4koan8builtins6fn_def9signature34collect_param_names_from_signature
FN:235,_RNvNtNtNtCs3yqXWJWMNss_4koan8builtins6fn_def9signature7pre_run
FN:110,_RNvNtNtNtCs8h7e9k1J8CD_4koan8builtins6fn_def9signature19parse_fn_param_list
FN:27,_RNvNtNtNtCs8h7e9k1J8CD_4koan8builtins6fn_def9signature34collect_param_names_from_signature
FN:235,_RNvNtNtNtCs8h7e9k1J8CD_4koan8builtins6fn_def9signature7pre_run
FNDA:6,_RNvNtNtNtCs3yqXWJWMNss_4koan8builtins6fn_def9signature19parse_fn_param_list
FNDA:5,_RNvNtNtNtCs3yqXWJWMNss_4koan8builtins6fn_def9signature34collect_param_names_from_signature
FNDA:10,_RNvNtNtNtCs3yqXWJWMNss_4koan8builtins6fn_def9signature7pre_run
FNDA:118,_RNvNtNtNtCs8h7e9k1J8CD_4koan8builtins6fn_def9signature19parse_fn_param_list
FNDA:110,_RNvNtNtNtCs8h7e9k1J8CD_4koan8builtins6fn_def9signature34collect_param_names_from_signature
FNDA:220,_RNvNtNtNtCs8h7e9k1J8CD_4koan8builtins6fn_def9signature7pre_run
FNF:3
FNH:3
DA:27,115
DA:28,115
DA:29,115
DA:30,115
DA:31,325
DA:35,210
DA:36,86
DA:37,8
DA:38,8
DA:40,116
DA:42,210
DA:43,94
DA:44,94
DA:45,92
DA:50,94
DA:51,92
DA:52,92
DA:53,92
DA:54,2
DA:55,116
DA:56,118
DA:58,115
DA:59,115
DA:110,124
DA:111,124
DA:112,124
DA:113,124
DA:114,124
DA:115,124
DA:116,124
DA:117,124
DA:118,124
DA:119,124
DA:120,351
DA:131,229
DA:132,95
DA:133,9
DA:134,9
DA:136,125
DA:138,229
DA:139,125
DA:140,125
DA:141,125
DA:142,125
DA:143,104
DA:144,104
DA:145,4
DA:146,94
DA:147,94
DA:148,88
DA:149,88
DA:150,88
DA:151,88
DA:152,88
DA:153,88
DA:154,4
DA:155,4
DA:156,4
DA:157,2
DA:158,2
DA:159,2
DA:160,2
DA:161,2
DA:162,0
DA:164,94
DA:166,4
DA:167,4
DA:168,4
DA:169,4
DA:170,4
DA:171,4
DA:172,4
DA:173,4
DA:174,4
DA:175,4
DA:176,4
DA:177,4
DA:178,4
DA:179,4
DA:180,4
DA:181,4
DA:182,4
DA:183,4
DA:184,0
DA:185,0
DA:186,0
DA:187,0
DA:188,0
DA:189,0
DA:192,2
DA:193,2
DA:194,2
DA:195,2
DA:199,0
DA:203,0
DA:204,0
DA:205,0
DA:206,0
DA:208,0
DA:209,0
DA:210,0
DA:211,0
DA:212,0
DA:216,122
DA:217,2
DA:218,120
DA:219,120
DA:220,8
DA:221,8
DA:222,8
DA:223,8
DA:224,112
DA:225,112
DA:226,124
DA:235,230
DA:236,230
DA:237,230
DA:238,230
DA:239,0
DA:241,253
DA:242,253
DA:243,224
DA:244,29
DA:246,6
DA:247,230
BRF:0
BRH:0
LF:125
LH:107
end_of_record
SF:/var/home/jack/Code/koan/src/builtins/let_binding.rs
FN:169,_RNvNtNtCs3yqXWJWMNss_4koan8builtins11let_binding23derive_nominal_identity
FN:17,_RNvNtNtCs3yqXWJWMNss_4koan8builtins11let_binding4body
FN:200,_RNvNtNtCs3yqXWJWMNss_4koan8builtins11let_binding7pre_run
FN:208,_RNvNtNtCs3yqXWJWMNss_4koan8builtins11let_binding8register
FN:554,_RNCNvNtNtNtCs8h7e9k1J8CD_4koan8builtins11let_binding5testss_38let_type_class_in_sig_body_still_works0B9_
FN:169,_RNvNtNtCs8h7e9k1J8CD_4koan8builtins11let_binding23derive_nominal_identity
FN:17,_RNvNtNtCs8h7e9k1J8CD_4koan8builtins11let_binding4body
FN:200,_RNvNtNtCs8h7e9k1J8CD_4koan8builtins11let_binding7pre_run
FN:208,_RNvNtNtCs8h7e9k1J8CD_4koan8builtins11let_binding8register
FN:300,_RNvNtNtNtCs8h7e9k1J8CD_4koan8builtins11let_binding5testss_18let_t_cycle_errors
FN:267,_RNvNtNtNtCs8h7e9k1J8CD_4koan8builtins11let_binding5testss_25pre_run_extracts_let_name
FN:248,_RNvNtNtNtCs8h7e9k1J8CD_4koan8builtins11let_binding5testss_30let_inserts_binding_into_scope
FN:546,_RNvNtNtNtCs8h7e9k1J8CD_4koan8builtins11let_binding5testss_38let_type_class_in_sig_body_still_works
FN:332,_RNvNtNtNtCs8h7e9k1J8CD_4koan8builtins11let_binding5testss_41let_type_class_with_non_type_value_errors
FN:475,_RNvNtNtNtCs8h7e9k1J8CD_4koan8builtins11let_binding5testss_42let_aliases_struct_preserves_type_identity
FN:360,_RNvNtNtNtCs8h7e9k1J8CD_4koan8builtins11let_binding5testss_42let_type_class_with_type_value_still_binds
FN:384,_RNvNtNtNtCs8h7e9k1J8CD_4koan8builtins11let_binding5testss_44let_identifier_lhs_with_non_type_still_binds
FN:411,_RNvNtNtNtCs8h7e9k1J8CD_4koan8builtins11let_binding5testss_45let_parameterized_type_lhs_still_shape_errors
FN:439,_RNvNtNtNtCs8h7e9k1J8CD_4koan8builtins11let_binding5testss_46let_type_class_with_module_carrier_dual_writes
FN:279,_RNvNtNtNtCs8h7e9k1J8CD_4koan8builtins11let_binding5testss_53pre_run_install_then_body_finalize_clears_placeholder
FN:503,_RNvNtNtNtCs8h7e9k1J8CD_4koan8builtins11let_binding5testss_54let_lowercase_in_sig_body_rejected_with_val_diagnostic
FNDA:0,_RNvNtNtCs3yqXWJWMNss_4koan8builtins11let_binding23derive_nominal_identity
FNDA:24,_RNvNtNtCs3yqXWJWMNss_4koan8builtins11let_binding4body
FNDA:72,_RNvNtNtCs3yqXWJWMNss_4koan8builtins11let_binding7pre_run
FNDA:15,_RNvNtNtCs3yqXWJWMNss_4koan8builtins11let_binding8register
FNDA:0,_RNCNvNtNtNtCs8h7e9k1J8CD_4koan8builtins11let_binding5testss_38let_type_class_in_sig_body_still_works0B9_
FNDA:16,_RNvNtNtCs8h7e9k1J8CD_4koan8builtins11let_binding23derive_nominal_identity
FNDA:277,_RNvNtNtCs8h7e9k1J8CD_4koan8builtins11let_binding4body
FNDA:746,_RNvNtNtCs8h7e9k1J8CD_4koan8builtins11let_binding7pre_run
FNDA:309,_RNvNtNtCs8h7e9k1J8CD_4koan8builtins11let_binding8register
FNDA:1,_RNvNtNtNtCs8h7e9k1J8CD_4koan8builtins11let_binding5testss_18let_t_cycle_errors
FNDA:1,_RNvNtNtNtCs8h7e9k1J8CD_4koan8builtins11let_binding5testss_25pre_run_extracts_let_name
FNDA:1,_RNvNtNtNtCs8h7e9k1J8CD_4koan8builtins11let_binding5testss_30let_inserts_binding_into_scope
FNDA:1,_RNvNtNtNtCs8h7e9k1J8CD_4koan8builtins11let_binding5testss_38let_type_class_in_sig_body_still_works
FNDA:1,_RNvNtNtNtCs8h7e9k1J8CD_4koan8builtins11let_binding5testss_41let_type_class_with_non_type_value_errors
FNDA:1,_RNvNtNtNtCs8h7e9k1J8CD_4koan8builtins11let_binding5testss_42let_aliases_struct_preserves_type_identity
FNDA:1,_RNvNtNtNtCs8h7e9k1J8CD_4koan8builtins11let_binding5testss_42let_type_class_with_type_value_still_binds
FNDA:1,_RNvNtNtNtCs8h7e9k1J8CD_4koan8builtins11let_binding5testss_44let_identifier_lhs_with_non_type_still_binds
FNDA:1,_RNvNtNtNtCs8h7e9k1J8CD_4koan8builtins11let_binding5testss_45let_parameterized_type_lhs_still_shape_errors
FNDA:1,_RNvNtNtNtCs8h7e9k1J8CD_4koan8builtins11let_binding5testss_46let_type_class_with_module_carrier_dual_writes
FNDA:1,_RNvNtNtNtCs8h7e9k1J8CD_4koan8builtins11let_binding5testss_53pre_run_install_then_body_finalize_clears_placeholder
FNDA:1,_RNvNtNtNtCs8h7e9k1J8CD_4koan8builtins11let_binding5testss_54let_lowercase_in_sig_body_rejected_with_val_diagnostic
FNF:17
FNH:16
DA:17,301
DA:18,301
DA:19,301
DA:20,301
DA:21,301
DA:22,301
DA:23,301
DA:24,0
DA:33,301
DA:34,301
DA:35,301
DA:36,221
DA:42,51
DA:44,0
DA:45,0
DA:46,0
DA:47,0
DA:50,51
DA:51,49
DA:52,51
DA:56,2
DA:57,2
DA:58,2
DA:59,2
DA:60,49
DA:61,49
DA:62,33
DA:63,33
DA:64,16
DA:65,16
DA:66,49
DA:72,29
DA:78,1
DA:79,1
DA:80,1
DA:81,1
DA:91,28
DA:92,28
DA:93,28
DA:97,0
DA:98,0
DA:99,0
DA:100,0
DA:101,28
DA:106,28
DA:107,28
DA:108,28
DA:109,0
DA:110,0
DA:111,28
DA:114,0
DA:115,0
DA:116,0
DA:117,0
DA:118,0
DA:119,0
DA:121,0
DA:128,298
DA:129,2
DA:130,2
DA:131,2
DA:132,2
DA:133,296
DA:134,296
DA:135,296
DA:136,296
DA:137,296
DA:138,61
DA:139,61
DA:140,61
DA:141,61
DA:142,61
DA:143,61
DA:144,61
DA:145,235
DA:151,16
DA:152,0
DA:153,16
DA:154,219
DA:155,0
DA:156,219
DA:157,296
DA:158,301
DA:169,16
DA:170,16
DA:171,15
DA:172,15
DA:173,15
DA:174,15
DA:175,15
DA:176,0
DA:177,0
DA:178,0
DA:179,0
DA:180,0
DA:181,0
DA:182,1
DA:183,1
DA:184,1
DA:185,1
DA:186,1
DA:187,0
DA:188,0
DA:189,0
DA:190,0
DA:191,0
DA:192,0
DA:194,16
DA:200,818
DA:201,818
DA:202,579
DA:203,239
DA:204,0
DA:206,818
DA:208,324
DA:209,324
DA:210,324
DA:211,324
DA:212,324
DA:213,324
DA:214,324
DA:215,324
DA:216,324
DA:218,324
DA:219,324
DA:221,324
DA:222,324
DA:223,324
DA:224,324
DA:225,324
DA:226,324
DA:227,324
DA:228,324
DA:230,324
DA:231,324
DA:233,324
DA:248,1
DA:250,1
DA:251,1
DA:252,1
DA:253,1
DA:254,1
DA:255,1
DA:257,1
DA:258,1
DA:259,1
DA:260,1
DA:261,1
DA:262,1
DA:267,1
DA:269,1
DA:270,1
DA:271,1
DA:272,1
DA:273,1
DA:279,1
DA:284,1
DA:285,1
DA:286,1
DA:287,1
DA:288,1
DA:289,1
DA:291,1
DA:292,1
DA:293,1
DA:300,1
DA:306,1
DA:307,1
DA:308,1
DA:309,1
DA:310,1
DA:311,1
DA:312,1
DA:313,1
DA:314,1
DA:315,1
DA:316,1
DA:317,1
DA:318,1
DA:321,0
DA:323,1
DA:332,1
DA:337,2
DA:338,2
DA:339,2
DA:340,2
DA:341,2
DA:342,2
DA:343,2
DA:344,2
DA:345,2
DA:346,2
DA:347,2
DA:350,0
DA:353,1
DA:360,1
DA:364,1
DA:365,1
DA:366,1
DA:367,1
DA:368,1
DA:369,1
DA:370,1
DA:371,1
DA:372,1
DA:373,1
DA:374,1
DA:375,1
DA:376,1
DA:377,1
DA:378,1
DA:379,1
DA:384,1
DA:387,1
DA:388,1
DA:389,1
DA:390,1
DA:391,1
DA:392,1
DA:393,1
DA:394,1
DA:395,1
DA:396,1
DA:397,1
DA:398,1
DA:399,1
DA:400,1
DA:401,1
DA:403,0
DA:405,1
DA:411,1
DA:415,1
DA:416,1
DA:417,1
DA:418,1
DA:419,1
DA:420,1
DA:421,1
DA:422,1
DA:423,1
DA:424,1
DA:425,1
DA:426,1
DA:427,1
DA:430,0
DA:432,1
DA:439,1
DA:444,1
DA:445,1
DA:446,1
DA:447,1
DA:448,1
DA:449,1
DA:450,1
DA:452,1
DA:453,1
DA:454,1
DA:455,1
DA:456,1
DA:457,1
DA:460,1
DA:461,1
DA:462,1
DA:463,1
DA:464,1
DA:465,1
DA:466,1
DA:475,1
DA:479,1
DA:480,1
DA:481,1
DA:482,1
DA:483,1
DA:484,1
DA:486,1
DA:487,1
DA:488,1
DA:489,1
DA:490,1
DA:491,1
DA:492,1
DA:493,1
DA:494,1
DA:495,1
DA:496,1
DA:503,1
DA:507,1
DA:508,1
DA:512,1
DA:518,1
DA:519,1
DA:526,1
DA:527,1
DA:528,1
DA:530,1
DA:531,1
DA:532,1
DA:533,1
DA:534,1
DA:538,0
DA:540,1
DA:546,1
DA:549,1
DA:550,1
DA:551,1
DA:552,1
DA:553,1
DA:554,0
DA:556,1
DA:557,1
DA:558,1
DA:561,1
BRF:0
BRH:0
LF:313
LH:273
end_of_record
SF:/var/home/jack/Code/koan/src/builtins/match_case.rs
FN:103,_RNvNtNtCs3yqXWJWMNss_4koan8builtins10match_case16find_branch_body
FN:34,_RNvNtNtCs3yqXWJWMNss_4koan8builtins10match_case4body
FN:163,_RNvNtNtCs3yqXWJWMNss_4koan8builtins10match_case8register
FN:103,_RNvNtNtCs8h7e9k1J8CD_4koan8builtins10match_case16find_branch_body
FN:34,_RNvNtNtCs8h7e9k1J8CD_4koan8builtins10match_case4body
FN:163,_RNvNtNtCs8h7e9k1J8CD_4koan8builtins10match_case8register
FN:182,_RNvNtNtNtCs8h7e9k1J8CD_4koan8builtins10match_case5tests11run_program
FN:225,_RNvNtNtNtCs8h7e9k1J8CD_4koan8builtins10match_case5testss_25match_inexhaustive_errors
FN:201,_RNvNtNtNtCs8h7e9k1J8CD_4koan8builtins10match_case5testss_29match_binds_inner_value_to_it
FN:266,_RNvNtNtNtCs8h7e9k1J8CD_4koan8builtins10match_case5testss_29recursive_tagged_match_no_uaf
FN:287,_RNvNtNtNtCs8h7e9k1J8CD_4koan8builtins10match_case5testss_33match_on_bool_inexhaustive_errors
FN:250,_RNvNtNtNtCs8h7e9k1J8CD_4koan8builtins10match_case5testss_36match_on_bool_true_takes_true_branch
FN:214,_RNvNtNtNtCs8h7e9k1J8CD_4koan8builtins10match_case5testss_37match_does_not_run_unmatched_branches
FN:258,_RNvNtNtNtCs8h7e9k1J8CD_4koan8builtins10match_case5testss_38match_on_bool_false_takes_false_branch
FN:191,_RNvNtNtNtCs8h7e9k1J8CD_4koan8builtins10match_case5testss_40match_dispatches_branch_for_matching_tag
FN:240,_RNvNtNtNtCs8h7e9k1J8CD_4koan8builtins10match_case5testss_40match_other_branch_runs_when_tag_matches
FNDA:0,_RNvNtNtCs3yqXWJWMNss_4koan8builtins10match_case16find_branch_body
FNDA:0,_RNvNtNtCs3yqXWJWMNss_4koan8builtins10match_case4body
FNDA:15,_RNvNtNtCs3yqXWJWMNss_4koan8builtins10match_case8register
FNDA:53,_RNvNtNtCs8h7e9k1J8CD_4koan8builtins10match_case16find_branch_body
FNDA:53,_RNvNtNtCs8h7e9k1J8CD_4koan8builtins10match_case4body
FNDA:309,_RNvNtNtCs8h7e9k1J8CD_4koan8builtins10match_case8register
FNDA:7,_RNvNtNtNtCs8h7e9k1J8CD_4koan8builtins10match_case5tests11run_program
FNDA:1,_RNvNtNtNtCs8h7e9k1J8CD_4koan8builtins10match_case5testss_25match_inexhaustive_errors
FNDA:1,_RNvNtNtNtCs8h7e9k1J8CD_4koan8builtins10match_case5testss_29match_binds_inner_value_to_it
FNDA:1,_RNvNtNtNtCs8h7e9k1J8CD_4koan8builtins10match_case5testss_29recursive_tagged_match_no_uaf
FNDA:1,_RNvNtNtNtCs8h7e9k1J8CD_4koan8builtins10match_case5testss_33match_on_bool_inexhaustive_errors
FNDA:1,_RNvNtNtNtCs8h7e9k1J8CD_4koan8builtins10match_case5testss_36match_on_bool_true_takes_true_branch
FNDA:1,_RNvNtNtNtCs8h7e9k1J8CD_4koan8builtins10match_case5testss_37match_does_not_run_unmatched_branches
FNDA:1,_RNvNtNtNtCs8h7e9k1J8CD_4koan8builtins10match_case5testss_38match_on_bool_false_takes_false_branch
FNDA:1,_RNvNtNtNtCs8h7e9k1J8CD_4koan8builtins10match_case5testss_40match_dispatches_branch_for_matching_tag
FNDA:1,_RNvNtNtNtCs8h7e9k1J8CD_4koan8builtins10match_case5testss_40match_other_branch_runs_when_tag_matches
FNF:13
FNH:13
DA:34,53
DA:35,53
DA:36,53
DA:37,53
DA:38,53
DA:39,53
DA:40,46
DA:41,7
DA:42,7
DA:43,7
DA:45,0
DA:46,0
DA:47,0
DA:48,0
DA:49,0
DA:50,0
DA:52,0
DA:54,53
DA:55,53
DA:57,0
DA:58,0
DA:59,0
DA:62,53
DA:63,51
DA:65,2
DA:66,2
DA:67,2
DA:68,2
DA:70,0
DA:80,51
DA:81,51
DA:82,51
DA:85,51
DA:86,51
DA:87,51
DA:90,51
DA:91,51
DA:92,51
DA:93,51
DA:97,51
DA:98,53
DA:103,53
DA:104,53
DA:105,53
DA:106,53
DA:107,53
DA:108,53
DA:109,0
DA:110,0
DA:111,0
DA:112,0
DA:113,53
DA:114,53
DA:115,78
DA:116,76
DA:117,76
DA:118,76
DA:119,76
DA:120,67
DA:124,9
DA:125,9
DA:127,0
DA:128,0
DA:129,0
DA:130,0
DA:131,0
DA:134,76
DA:135,76
DA:136,0
DA:137,0
DA:138,0
DA:139,0
DA:140,0
DA:143,76
DA:144,76
DA:145,0
DA:146,0
DA:147,0
DA:148,0
DA:149,0
DA:152,76
DA:156,51
DA:157,25
DA:158,25
DA:160,2
DA:161,53
DA:163,324
DA:164,324
DA:165,324
DA:166,324
DA:167,324
DA:168,324
DA:169,324
DA:170,324
DA:171,324
DA:173,324
DA:175,324
DA:182,7
DA:183,7
DA:184,7
DA:185,7
DA:186,7
DA:187,7
DA:188,7
DA:191,1
DA:192,1
DA:193,1
DA:194,1
DA:195,1
DA:197,1
DA:198,1
DA:201,1
DA:205,1
DA:206,1
DA:207,1
DA:208,1
DA:210,1
DA:211,1
DA:214,1
DA:216,1
DA:217,1
DA:218,1
DA:219,1
DA:221,1
DA:222,1
DA:225,1
DA:226,1
DA:227,1
DA:228,1
DA:229,1
DA:230,1
DA:232,1
DA:233,1
DA:234,1
DA:237,1
DA:240,1
DA:241,1
DA:242,1
DA:243,1
DA:244,1
DA:246,1
DA:247,1
DA:250,1
DA:251,1
DA:252,1
DA:254,1
DA:255,1
DA:258,1
DA:259,1
DA:260,1
DA:262,1
DA:263,1
DA:266,1
DA:275,1
DA:276,1
DA:277,1
DA:278,1
DA:279,1
DA:280,1
DA:281,1
DA:283,1
DA:284,1
DA:287,1
DA:288,1
DA:289,1
DA:290,1
DA:291,1
DA:292,1
DA:295,1
BRF:0
BRH:0
LF:169
LH:139
end_of_record
SF:/var/home/jack/Code/koan/src/builtins/module_def.rs
FN:30,_RNvNtNtCs3yqXWJWMNss_4koan8builtins10module_def4body
FN:139,_RNvNtNtCs3yqXWJWMNss_4koan8builtins10module_def7pre_run
FN:143,_RNvNtNtCs3yqXWJWMNss_4koan8builtins10module_def8register
FN:70,_RNCNvNtNtCs3yqXWJWMNss_4koan8builtins10module_def4body0B7_
FN:228,_RNvNtNtNtCs8h7e9k1J8CD_4koan8builtins10module_def5testss_28module_unknown_member_errors
FN:167,_RNvNtNtNtCs8h7e9k1J8CD_4koan8builtins10module_def5testss_28pre_run_extracts_module_name
FN:183,_RNvNtNtNtCs8h7e9k1J8CD_4koan8builtins10module_def5testss_29module_member_access_via_attr
FN:174,_RNvNtNtNtCs8h7e9k1J8CD_4koan8builtins10module_def5testss_32module_binds_under_name_in_scope
FN:208,_RNvNtNtNtCs8h7e9k1J8CD_4koan8builtins10module_def5testss_33module_member_function_via_let_fn
FN:330,_RNvNtNtNtCs8h7e9k1J8CD_4koan8builtins10module_def5testss_36module_body_dispatch_does_not_dangle
FN:259,_RNvNtNtNtCs8h7e9k1J8CD_4koan8builtins10module_def5testss_38module_body_parks_on_outer_placeholder
FN:271,_RNvNtNtNtCs8h7e9k1J8CD_4koan8builtins10module_def5testss_41module_body_error_short_circuits_finalize
FN:192,_RNvNtNtNtCs8h7e9k1J8CD_4koan8builtins10module_def5testss_41module_with_multiple_statements_in_parens
FN:241,_RNvNtNtNtCs8h7e9k1J8CD_4koan8builtins10module_def5testss_41nested_module_accessible_via_chained_attr
FN:292,_RNvNtNtNtCs8h7e9k1J8CD_4koan8builtins10module_def5testss_50module_finalize_short_circuits_on_idempotent_state
FN:70,_RNCNvNtNtCs8h7e9k1J8CD_4koan8builtins10module_def4body0B7_
FN:30,_RNvNtNtCs8h7e9k1J8CD_4koan8builtins10module_def4body
FN:139,_RNvNtNtCs8h7e9k1J8CD_4koan8builtins10module_def7pre_run
FN:143,_RNvNtNtCs8h7e9k1J8CD_4koan8builtins10module_def8register
FNDA:7,_RNvNtNtCs3yqXWJWMNss_4koan8builtins10module_def4body
FNDA:14,_RNvNtNtCs3yqXWJWMNss_4koan8builtins10module_def7pre_run
FNDA:15,_RNvNtNtCs3yqXWJWMNss_4koan8builtins10module_def8register
FNDA:7,_RNCNvNtNtCs3yqXWJWMNss_4koan8builtins10module_def4body0B7_
FNDA:1,_RNvNtNtNtCs8h7e9k1J8CD_4koan8builtins10module_def5testss_28module_unknown_member_errors
FNDA:1,_RNvNtNtNtCs8h7e9k1J8CD_4koan8builtins10module_def5testss_28pre_run_extracts_module_name
FNDA:1,_RNvNtNtNtCs8h7e9k1J8CD_4koan8builtins10module_def5testss_29module_member_access_via_attr
FNDA:1,_RNvNtNtNtCs8h7e9k1J8CD_4koan8builtins10module_def5testss_32module_binds_under_name_in_scope
FNDA:1,_RNvNtNtNtCs8h7e9k1J8CD_4koan8builtins10module_def5testss_33module_member_function_via_let_fn
FNDA:1,_RNvNtNtNtCs8h7e9k1J8CD_4koan8builtins10module_def5testss_36module_body_dispatch_does_not_dangle
FNDA:1,_RNvNtNtNtCs8h7e9k1J8CD_4koan8builtins10module_def5testss_38module_body_parks_on_outer_placeholder
FNDA:1,_RNvNtNtNtCs8h7e9k1J8CD_4koan8builtins10module_def5testss_41module_body_error_short_circuits_finalize
FNDA:1,_RNvNtNtNtCs8h7e9k1J8CD_4koan8builtins10module_def5testss_41module_with_multiple_statements_in_parens
FNDA:1,_RNvNtNtNtCs8h7e9k1J8CD_4koan8builtins10module_def5testss_41nested_module_accessible_via_chained_attr
FNDA:1,_RNvNtNtNtCs8h7e9k1J8CD_4koan8builtins10module_def5testss_50module_finalize_short_circuits_on_idempotent_state
FNDA:56,_RNCNvNtNtCs8h7e9k1J8CD_4koan8builtins10module_def4body0B7_
FNDA:58,_RNvNtNtCs8h7e9k1J8CD_4koan8builtins10module_def4body
FNDA:106,_RNvNtNtCs8h7e9k1J8CD_4koan8builtins10module_def7pre_run
FNDA:309,_RNvNtNtCs8h7e9k1J8CD_4koan8builtins10module_def8register
FNF:15
FNH:15
DA:30,65
DA:31,65
DA:32,65
DA:33,65
DA:34,65
DA:39,65
DA:40,65
DA:41,0
DA:43,65
DA:44,65
DA:46,0
DA:47,0
DA:48,0
DA:52,65
DA:53,65
DA:58,65
DA:68,65
DA:69,65
DA:70,65
DA:76,63
DA:77,63
DA:78,0
DA:79,0
DA:80,0
DA:81,63
DA:82,63
DA:83,63
DA:84,63
DA:104,63
DA:105,63
DA:106,63
DA:107,63
DA:108,21
DA:109,2
DA:110,19
DA:111,19
DA:114,63
DA:115,63
DA:120,63
DA:121,63
DA:122,63
DA:123,63
DA:124,63
DA:125,63
DA:126,63
DA:127,0
DA:128,0
DA:129,0
DA:130,0
DA:132,63
DA:133,65
DA:134,65
DA:135,65
DA:139,120
DA:140,120
DA:141,120
DA:143,324
DA:144,324
DA:145,324
DA:146,324
DA:147,324
DA:148,324
DA:149,324
DA:150,324
DA:151,324
DA:153,324
DA:154,324
DA:156,324
DA:167,1
DA:168,1
DA:169,1
DA:170,1
DA:171,1
DA:174,1
DA:175,1
DA:176,1
DA:177,1
DA:178,1
DA:179,1
DA:180,1
DA:183,1
DA:184,1
DA:185,1
DA:186,1
DA:187,1
DA:188,1
DA:189,1
DA:192,1
DA:197,1
DA:198,1
DA:199,1
DA:200,1
DA:201,1
DA:203,1
DA:204,1
DA:205,1
DA:208,1
DA:213,1
DA:214,1
DA:215,1
DA:216,1
DA:217,1
DA:219,1
DA:220,1
DA:221,1
DA:222,0
DA:224,1
DA:225,1
DA:228,1
DA:229,1
DA:230,1
DA:231,1
DA:232,1
DA:233,1
DA:234,1
DA:235,1
DA:238,1
DA:241,1
DA:242,1
DA:243,1
DA:244,1
DA:245,1
DA:246,1
DA:248,1
DA:249,1
DA:250,1
DA:259,1
DA:260,1
DA:261,1
DA:262,1
DA:263,1
DA:264,1
DA:265,1
DA:271,1
DA:272,1
DA:273,1
DA:274,1
DA:275,1
DA:276,1
DA:279,1
DA:292,1
DA:295,1
DA:296,1
DA:297,1
DA:298,1
DA:299,1
DA:301,1
DA:302,1
DA:303,1
DA:304,1
DA:305,1
DA:306,1
DA:307,1
DA:308,1
DA:309,1
DA:310,1
DA:315,1
DA:318,1
DA:319,1
DA:320,1
DA:321,1
DA:330,1
DA:331,1
DA:332,1
DA:333,1
DA:334,1
DA:335,1
DA:336,1
DA:337,0
DA:339,1
DA:340,1
DA:341,1
DA:342,1
BRF:0
BRH:0
LF:174
LH:161
end_of_record
SF:/var/home/jack/Code/koan/src/builtins/newtype_def.rs
FN:160,_RNvNtNtCs3yqXWJWMNss_4koan8builtins11newtype_def17newtype_construct
FN:51,_RNvNtNtCs3yqXWJWMNss_4koan8builtins11newtype_def4body
FN:137,_RNvNtNtCs3yqXWJWMNss_4koan8builtins11newtype_def7pre_run
FN:208,_RNvNtNtCs3yqXWJWMNss_4koan8builtins11newtype_def8register
FN:175,_RNCNvNtNtCs3yqXWJWMNss_4koan8builtins11newtype_def17newtype_construct0B7_
FN:160,_RNvNtNtCs8h7e9k1J8CD_4koan8builtins11newtype_def17newtype_construct
FN:51,_RNvNtNtCs8h7e9k1J8CD_4koan8builtins11newtype_def4body
FN:137,_RNvNtNtCs8h7e9k1J8CD_4koan8builtins11newtype_def7pre_run
FN:208,_RNvNtNtCs8h7e9k1J8CD_4koan8builtins11newtype_def8register
FN:175,_RNCNvNtNtCs8h7e9k1J8CD_4koan8builtins11newtype_def17newtype_construct0B7_
FN:414,_RNvNtNtNtCs8h7e9k1J8CD_4koan8builtins11newtype_def5testss_28construct_arity_zero_rejects
FN:432,_RNvNtNtNtCs8h7e9k1J8CD_4koan8builtins11newtype_def5testss_29construct_with_operator_value
FN:241,_RNvNtNtNtCs8h7e9k1J8CD_4koan8builtins11newtype_def5testss_30declare_mints_newtype_identity
FN:312,_RNvNtNtNtCs8h7e9k1J8CD_4koan8builtins11newtype_def5testss_30newtype_over_newtype_collapses
FN:394,_RNvNtNtNtCs8h7e9k1J8CD_4koan8builtins11newtype_def5testss_31construct_with_identifier_value
FN:296,_RNvNtNtNtCs8h7e9k1J8CD_4koan8builtins11newtype_def5testss_35construct_rejects_non_matching_repr
FN:272,_RNvNtNtNtCs8h7e9k1J8CD_4koan8builtins11newtype_def5testss_35construct_wraps_repr_matching_value
FN:345,_RNvNtNtNtCs8h7e9k1J8CD_4koan8builtins11newtype_def5testss_43dispatch_distinguishes_distance_from_number
FNDA:0,_RNvNtNtCs3yqXWJWMNss_4koan8builtins11newtype_def17newtype_construct
FNDA:0,_RNvNtNtCs3yqXWJWMNss_4koan8builtins11newtype_def4body
FNDA:0,_RNvNtNtCs3yqXWJWMNss_4koan8builtins11newtype_def7pre_run
FNDA:15,_RNvNtNtCs3yqXWJWMNss_4koan8builtins11newtype_def8register
FNDA:0,_RNCNvNtNtCs3yqXWJWMNss_4koan8builtins11newtype_def17newtype_construct0B7_
FNDA:12,_RNvNtNtCs8h7e9k1J8CD_4koan8builtins11newtype_def17newtype_construct
FNDA:12,_RNvNtNtCs8h7e9k1J8CD_4koan8builtins11newtype_def4body
FNDA:24,_RNvNtNtCs8h7e9k1J8CD_4koan8builtins11newtype_def7pre_run
FNDA:309,_RNvNtNtCs8h7e9k1J8CD_4koan8builtins11newtype_def8register
FNDA:11,_RNCNvNtNtCs8h7e9k1J8CD_4koan8builtins11newtype_def17newtype_construct0B7_
FNDA:1,_RNvNtNtNtCs8h7e9k1J8CD_4koan8builtins11newtype_def5testss_28construct_arity_zero_rejects
FNDA:1,_RNvNtNtNtCs8h7e9k1J8CD_4koan8builtins11newtype_def5testss_29construct_with_operator_value
FNDA:1,_RNvNtNtNtCs8h7e9k1J8CD_4koan8builtins11newtype_def5testss_30declare_mints_newtype_identity
FNDA:1,_RNvNtNtNtCs8h7e9k1J8CD_4koan8builtins11newtype_def5testss_30newtype_over_newtype_collapses
FNDA:1,_RNvNtNtNtCs8h7e9k1J8CD_4koan8builtins11newtype_def5testss_31construct_with_identifier_value
FNDA:1,_RNvNtNtNtCs8h7e9k1J8CD_4koan8builtins11newtype_def5testss_35construct_rejects_non_matching_repr
FNDA:1,_RNvNtNtNtCs8h7e9k1J8CD_4koan8builtins11newtype_def5testss_35construct_wraps_repr_matching_value
FNDA:1,_RNvNtNtNtCs8h7e9k1J8CD_4koan8builtins11newtype_def5testss_43dispatch_distinguishes_distance_from_number
FNF:13
FNH:13
DA:51,12
DA:52,12
DA:53,12
DA:54,12
DA:55,12
DA:58,12
DA:59,12
DA:60,0
DA:66,12
DA:67,9
DA:68,9
DA:69,0
DA:76,3
DA:77,3
DA:78,0
DA:80,3
DA:81,0
DA:82,0
DA:83,0
DA:84,0
DA:85,3
DA:86,3
DA:87,3
DA:89,0
DA:90,0
DA:91,0
DA:92,0
DA:97,0
DA:98,0
DA:99,0
DA:107,12
DA:108,12
DA:109,12
DA:110,12
DA:111,12
DA:112,12
DA:113,12
DA:114,12
DA:115,12
DA:121,12
DA:122,12
DA:128,0
DA:129,0
DA:130,0
DA:131,0
DA:133,12
DA:137,24
DA:138,24
DA:139,24
DA:160,12
DA:161,12
DA:162,12
DA:163,12
DA:164,12
DA:165,12
DA:166,12
DA:167,1
DA:168,11
DA:173,11
DA:174,11
DA:175,11
DA:176,11
DA:177,11
DA:182,11
DA:183,11
DA:184,0
DA:186,11
DA:187,1
DA:188,1
DA:189,1
DA:190,1
DA:191,1
DA:192,10
DA:198,10
DA:199,10
DA:200,10
DA:201,10
DA:202,10
DA:203,11
DA:204,11
DA:205,11
DA:206,12
DA:208,324
DA:213,324
DA:214,324
DA:215,324
DA:216,324
DA:217,324
DA:218,324
DA:219,324
DA:220,324
DA:222,324
DA:223,324
DA:225,324
DA:241,1
DA:242,1
DA:243,1
DA:244,1
DA:245,1
DA:246,1
DA:247,1
DA:248,1
DA:249,1
DA:251,1
DA:252,1
DA:255,1
DA:256,1
DA:258,0
DA:260,1
DA:261,1
DA:262,1
DA:263,1
DA:266,1
DA:272,1
DA:273,1
DA:274,1
DA:275,1
DA:276,1
DA:277,1
DA:278,1
DA:279,1
DA:282,1
DA:284,1
DA:285,0
DA:287,1
DA:289,0
DA:291,1
DA:296,1
DA:297,1
DA:298,1
DA:299,1
DA:300,1
DA:301,1
DA:302,1
DA:303,1
DA:306,1
DA:312,1
DA:313,1
DA:314,1
DA:315,1
DA:316,1
DA:317,1
DA:318,1
DA:319,1
DA:320,1
DA:321,0
DA:324,1
DA:325,1
DA:327,0
DA:330,0
DA:332,1
DA:345,1
DA:346,1
DA:347,1
DA:348,1
DA:349,1
DA:350,1
DA:351,1
DA:352,1
DA:355,1
DA:356,1
DA:357,1
DA:358,0
DA:361,1
DA:362,1
DA:363,1
DA:364,0
DA:368,1
DA:369,1
DA:370,1
DA:371,1
DA:372,1
DA:373,1
DA:374,1
DA:378,1
DA:379,1
DA:380,1
DA:381,1
DA:382,1
DA:383,1
DA:384,1
DA:387,1
DA:394,1
DA:395,1
DA:396,1
DA:397,1
DA:398,1
DA:399,1
DA:400,1
DA:401,1
DA:402,1
DA:403,0
DA:405,1
DA:407,0
DA:409,1
DA:414,1
DA:415,1
DA:416,1
DA:417,1
DA:418,1
DA:419,1
DA:420,1
DA:423,1
DA:432,1
DA:433,1
DA:434,1
DA:435,1
DA:436,1
DA:437,1
DA:438,1
DA:440,1
DA:441,1
DA:442,1
DA:443,1
DA:444,1
DA:445,0
DA:447,1
DA:449,0
DA:451,1
BRF:0
BRH:0
LF:220
LH:189
end_of_record
SF:/var/home/jack/Code/koan/src/builtins/print.rs
FN:10,_RNvNtNtCs3yqXWJWMNss_4koan8builtins5print4body
FN:24,_RNvNtNtCs3yqXWJWMNss_4koan8builtins5print8register
FN:10,_RNvNtNtCs8h7e9k1J8CD_4koan8builtins5print4body
FN:24,_RNvNtNtCs8h7e9k1J8CD_4koan8builtins5print8register
FNDA:0,_RNvNtNtCs3yqXWJWMNss_4koan8builtins5print4body
FNDA:15,_RNvNtNtCs3yqXWJWMNss_4koan8builtins5print8register
FNDA:91,_RNvNtNtCs8h7e9k1J8CD_4koan8builtins5print4body
FNDA:309,_RNvNtNtCs8h7e9k1J8CD_4koan8builtins5print8register
FNF:2
FNH:2
DA:10,91
DA:11,91
DA:12,91
DA:13,91
DA:14,91
DA:15,91
DA:16,91
DA:17,0
DA:19,91
DA:20,91
DA:21,91
DA:22,91
DA:24,324
DA:25,324
DA:26,324
DA:27,324
DA:28,324
DA:29,324
DA:31,324
BRF:0
BRH:0
LF:19
LH:18
end_of_record
SF:/var/home/jack/Code/koan/src/builtins/quote.rs
FN:14,_RNvNtNtCs3yqXWJWMNss_4koan8builtins5quote4body
FN:31,_RNvNtNtCs3yqXWJWMNss_4koan8builtins5quote8register
FN:45,_RNvNtNtNtCs8h7e9k1J8CD_4koan8builtins5quote5tests11run_program
FN:54,_RNvNtNtNtCs8h7e9k1J8CD_4koan8builtins5quote5testss_26quote_then_eval_round_trip
FN:68,_RNvNtNtNtCs8h7e9k1J8CD_4koan8builtins5quote5testss_27quote_captures_ast_as_value
FN:14,_RNvNtNtCs8h7e9k1J8CD_4koan8builtins5quote4body
FN:31,_RNvNtNtCs8h7e9k1J8CD_4koan8builtins5quote8register
FNDA:0,_RNvNtNtCs3yqXWJWMNss_4koan8builtins5quote4body
FNDA:15,_RNvNtNtCs3yqXWJWMNss_4koan8builtins5quote8register
FNDA:2,_RNvNtNtNtCs8h7e9k1J8CD_4koan8builtins5quote5tests11run_program
FNDA:1,_RNvNtNtNtCs8h7e9k1J8CD_4koan8builtins5quote5testss_26quote_then_eval_round_trip
FNDA:1,_RNvNtNtNtCs8h7e9k1J8CD_4koan8builtins5quote5testss_27quote_captures_ast_as_value
FNDA:8,_RNvNtNtCs8h7e9k1J8CD_4koan8builtins5quote4body
FNDA:309,_RNvNtNtCs8h7e9k1J8CD_4koan8builtins5quote8register
FNF:5
FNH:5
DA:14,8
DA:15,8
DA:16,8
DA:17,8
DA:18,8
DA:19,8
DA:20,8
DA:22,0
DA:23,0
DA:24,0
DA:27,8
DA:28,8
DA:29,8
DA:31,324
DA:32,324
DA:33,324
DA:34,324
DA:35,324
DA:36,324
DA:38,324
DA:45,2
DA:46,2
DA:47,2
DA:48,2
DA:49,2
DA:50,2
DA:51,2
DA:54,1
DA:60,1
DA:61,1
DA:62,1
DA:64,1
DA:65,1
DA:68,1
DA:71,1
DA:72,1
DA:73,1
BRF:0
BRH:0
LF:37
LH:34
end_of_record
SF:/var/home/jack/Code/koan/src/builtins/sig_def.rs
FN:25,_RNvNtNtCs3yqXWJWMNss_4koan8builtins7sig_def4body
FN:77,_RNvNtNtCs3yqXWJWMNss_4koan8builtins7sig_def7pre_run
FN:81,_RNvNtNtCs3yqXWJWMNss_4koan8builtins7sig_def8register
FN:49,_RNCNvNtNtCs3yqXWJWMNss_4koan8builtins7sig_def4body0B7_
FN:49,_RNCNvNtNtCs8h7e9k1J8CD_4koan8builtins7sig_def4body0B7_
FN:25,_RNvNtNtCs8h7e9k1J8CD_4koan8builtins7sig_def4body
FN:77,_RNvNtNtCs8h7e9k1J8CD_4koan8builtins7sig_def7pre_run
FN:81,_RNvNtNtCs8h7e9k1J8CD_4koan8builtins7sig_def8register
FN:123,_RNvNtNtNtCs8h7e9k1J8CD_4koan8builtins7sig_def5testss_21sig_path_records_name
FN:106,_RNvNtNtNtCs8h7e9k1J8CD_4koan8builtins7sig_def5testss_25pre_run_extracts_sig_name
FN:114,_RNvNtNtNtCs8h7e9k1J8CD_4koan8builtins7sig_def5testss_29sig_binds_under_name_in_scope
FN:180,_RNvNtNtNtCs8h7e9k1J8CD_4koan8builtins7sig_def5testss_33sig_dual_writes_to_types_and_data
FN:142,_RNvNtNtNtCs8h7e9k1J8CD_4koan8builtins7sig_def5testss_35sig_body_parks_on_outer_placeholder
FN:165,_RNvNtNtNtCs8h7e9k1J8CD_4koan8builtins7sig_def5testss_38sig_body_error_short_circuits_finalize
FNDA:0,_RNvNtNtCs3yqXWJWMNss_4koan8builtins7sig_def4body
FNDA:0,_RNvNtNtCs3yqXWJWMNss_4koan8builtins7sig_def7pre_run
FNDA:15,_RNvNtNtCs3yqXWJWMNss_4koan8builtins7sig_def8register
FNDA:0,_RNCNvNtNtCs3yqXWJWMNss_4koan8builtins7sig_def4body0B7_
FNDA:55,_RNCNvNtNtCs8h7e9k1J8CD_4koan8builtins7sig_def4body0B7_
FNDA:57,_RNvNtNtCs8h7e9k1J8CD_4koan8builtins7sig_def4body
FNDA:115,_RNvNtNtCs8h7e9k1J8CD_4koan8builtins7sig_def7pre_run
FNDA:309,_RNvNtNtCs8h7e9k1J8CD_4koan8builtins7sig_def8register
FNDA:1,_RNvNtNtNtCs8h7e9k1J8CD_4koan8builtins7sig_def5testss_21sig_path_records_name
FNDA:1,_RNvNtNtNtCs8h7e9k1J8CD_4koan8builtins7sig_def5testss_25pre_run_extracts_sig_name
FNDA:1,_RNvNtNtNtCs8h7e9k1J8CD_4koan8builtins7sig_def5testss_29sig_binds_under_name_in_scope
FNDA:1,_RNvNtNtNtCs8h7e9k1J8CD_4koan8builtins7sig_def5testss_33sig_dual_writes_to_types_and_data
FNDA:1,_RNvNtNtNtCs8h7e9k1J8CD_4koan8builtins7sig_def5testss_35sig_body_parks_on_outer_placeholder
FNDA:1,_RNvNtNtNtCs8h7e9k1J8CD_4koan8builtins7sig_def5testss_38sig_body_error_short_circuits_finalize
FNF:10
FNH:10
DA:25,57
DA:26,57
DA:27,57
DA:28,57
DA:29,57
DA:30,57
DA:31,57
DA:32,0
DA:34,57
DA:35,57
DA:37,0
DA:38,0
DA:39,0
DA:43,57
DA:44,57
DA:46,57
DA:48,57
DA:49,57
DA:50,55
DA:51,55
DA:52,55
DA:53,55
DA:57,55
DA:58,55
DA:59,55
DA:60,55
DA:61,55
DA:62,55
DA:63,55
DA:64,55
DA:65,0
DA:66,0
DA:67,0
DA:68,0
DA:70,55
DA:71,57
DA:72,57
DA:73,57
DA:77,115
DA:78,115
DA:79,115
DA:81,324
DA:82,324
DA:83,324
DA:84,324
DA:85,324
DA:86,324
DA:87,324
DA:88,324
DA:89,324
DA:91,324
DA:92,324
DA:94,324
DA:106,1
DA:107,1
DA:108,1
DA:109,1
DA:110,1
DA:111,1
DA:114,1
DA:115,1
DA:116,1
DA:117,1
DA:118,1
DA:119,1
DA:120,1
DA:123,1
DA:124,1
DA:125,1
DA:126,1
DA:127,1
DA:128,1
DA:129,1
DA:130,0
DA:132,1
DA:133,1
DA:142,1
DA:143,1
DA:144,1
DA:145,1
DA:146,1
DA:147,1
DA:148,1
DA:149,0
DA:151,1
DA:152,1
DA:153,1
DA:154,1
DA:156,0
DA:158,1
DA:165,1
DA:166,1
DA:167,1
DA:168,1
DA:169,1
DA:170,1
DA:173,1
DA:180,1
DA:182,1
DA:183,1
DA:184,1
DA:185,1
DA:186,1
DA:187,1
DA:188,1
DA:189,1
DA:190,1
DA:191,1
DA:193,1
DA:194,1
DA:195,1
DA:196,1
DA:197,1
DA:198,1
DA:199,1
BRF:0
BRH:0
LF:116
LH:105
end_of_record
SF:/var/home/jack/Code/koan/src/builtins/struct_def.rs
FN:102,_RNvNtNtCs3yqXWJWMNss_4koan8builtins10struct_def15finalize_struct
FN:157,_RNvNtNtCs3yqXWJWMNss_4koan8builtins10struct_def24defer_struct_via_combine
FN:37,_RNvNtNtCs3yqXWJWMNss_4koan8builtins10struct_def4body
FN:203,_RNvNtNtCs3yqXWJWMNss_4koan8builtins10struct_def7pre_run
FN:207,_RNvNtNtCs3yqXWJWMNss_4koan8builtins10struct_def8register
FN:166,_RNCNvNtNtCs3yqXWJWMNss_4koan8builtins10struct_def24defer_struct_via_combine0B7_
FN:260,_RNvNtNtNtCs8h7e9k1J8CD_4koan8builtins10struct_def5testss_25struct_returns_type_value
FN:310,_RNvNtNtNtCs8h7e9k1J8CD_4koan8builtins10struct_def5testss_27struct_rejects_empty_schema
FN:231,_RNvNtNtNtCs8h7e9k1J8CD_4koan8builtins10struct_def5testss_28pre_run_extracts_struct_name
FN:268,_RNvNtNtNtCs8h7e9k1J8CD_4koan8builtins10struct_def5testss_28struct_preserves_field_order
FN:533,_RNvNtNtNtCs8h7e9k1J8CD_4koan8builtins10struct_def5testss_29struct_rejects_odd_part_count
FN:395,_RNvNtNtNtCs8h7e9k1J8CD_4koan8builtins10struct_def5testss_30mutually_recursive_struct_pair
FN:321,_RNvNtNtNtCs8h7e9k1J8CD_4koan8builtins10struct_def5testss_30struct_rejects_duplicate_field
FN:283,_RNvNtNtNtCs8h7e9k1J8CD_4koan8builtins10struct_def5testss_32struct_rejects_unknown_type_name
FN:604,_RNvNtNtNtCs8h7e9k1J8CD_4koan8builtins10struct_def5testss_36struct_dual_writes_to_types_and_data
FN:238,_RNvNtNtNtCs8h7e9k1J8CD_4koan8builtins10struct_def5testss_36struct_named_registers_type_in_scope
FN:437,_RNvNtNtNtCs8h7e9k1J8CD_4koan8builtins10struct_def5testss_39three_way_mutual_recursion_struct_chain
FN:299,_RNvNtNtNtCs8h7e9k1J8CD_4koan8builtins10struct_def5testss_40struct_err_arm_drops_pending_types_entry
FN:552,_RNvNtNtNtCs8h7e9k1J8CD_4koan8builtins10struct_def5testss_44per_declaration_dispatch_separates_overloads
FN:368,_RNvNtNtNtCs8h7e9k1J8CD_4koan8builtins10struct_def5testss_46mutual_non_recursive_pair_does_not_wrap_either
FN:579,_RNvNtNtNtCs8h7e9k1J8CD_4koan8builtins10struct_def5testss_46wildcard_struct_slot_admits_any_struct_carrier
FN:509,_RNvNtNtNtCs8h7e9k1J8CD_4koan8builtins10struct_def5testss_52struct_pair_same_scope_distinct_names_share_scope_id
FN:470,_RNvNtNtNtCs8h7e9k1J8CD_4koan8builtins10struct_def5testss_54finalize_struct_is_idempotent_when_both_maps_populated
FN:336,_RNvNtNtNtCs8h7e9k1J8CD_4koan8builtins10struct_def5testss_60recursive_struct_tree_elaborates_with_recursive_ref_on_field
FN:166,_RNCNvNtNtCs8h7e9k1J8CD_4koan8builtins10struct_def24defer_struct_via_combine0B7_
FN:409,_RNCNvNtNtNtCs8h7e9k1J8CD_4koan8builtins10struct_def5testss_30mutually_recursive_struct_pair0B9_
FN:413,_RNCNvNtNtNtCs8h7e9k1J8CD_4koan8builtins10struct_def5testss_30mutually_recursive_struct_pairs_0B9_
FN:454,_RNCNvNtNtNtCs8h7e9k1J8CD_4koan8builtins10struct_def5testss_39three_way_mutual_recursion_struct_chain0B9_
FN:381,_RNCNvNtNtNtCs8h7e9k1J8CD_4koan8builtins10struct_def5testss_46mutual_non_recursive_pair_does_not_wrap_either0B9_
FN:520,_RNCNvNtNtNtCs8h7e9k1J8CD_4koan8builtins10struct_def5testss_52struct_pair_same_scope_distinct_names_share_scope_id0B9_
FN:527,_RNCNvNtNtNtCs8h7e9k1J8CD_4koan8builtins10struct_def5testss_52struct_pair_same_scope_distinct_names_share_scope_ids_0B9_
FN:102,_RNvNtNtCs8h7e9k1J8CD_4koan8builtins10struct_def15finalize_struct
FN:157,_RNvNtNtCs8h7e9k1J8CD_4koan8builtins10struct_def24defer_struct_via_combine
FN:37,_RNvNtNtCs8h7e9k1J8CD_4koan8builtins10struct_def4body
FN:203,_RNvNtNtCs8h7e9k1J8CD_4koan8builtins10struct_def7pre_run
FN:207,_RNvNtNtCs8h7e9k1J8CD_4koan8builtins10struct_def8register
FNDA:1,_RNvNtNtCs3yqXWJWMNss_4koan8builtins10struct_def15finalize_struct
FNDA:0,_RNvNtNtCs3yqXWJWMNss_4koan8builtins10struct_def24defer_struct_via_combine
FNDA:1,_RNvNtNtCs3yqXWJWMNss_4koan8builtins10struct_def4body
FNDA:2,_RNvNtNtCs3yqXWJWMNss_4koan8builtins10struct_def7pre_run
FNDA:15,_RNvNtNtCs3yqXWJWMNss_4koan8builtins10struct_def8register
FNDA:0,_RNCNvNtNtCs3yqXWJWMNss_4koan8builtins10struct_def24defer_struct_via_combine0B7_
FNDA:1,_RNvNtNtNtCs8h7e9k1J8CD_4koan8builtins10struct_def5testss_25struct_returns_type_value
FNDA:1,_RNvNtNtNtCs8h7e9k1J8CD_4koan8builtins10struct_def5testss_27struct_rejects_empty_schema
FNDA:1,_RNvNtNtNtCs8h7e9k1J8CD_4koan8builtins10struct_def5testss_28pre_run_extracts_struct_name
FNDA:1,_RNvNtNtNtCs8h7e9k1J8CD_4koan8builtins10struct_def5testss_28struct_preserves_field_order
FNDA:1,_RNvNtNtNtCs8h7e9k1J8CD_4koan8builtins10struct_def5testss_29struct_rejects_odd_part_count
FNDA:1,_RNvNtNtNtCs8h7e9k1J8CD_4koan8builtins10struct_def5testss_30mutually_recursive_struct_pair
FNDA:1,_RNvNtNtNtCs8h7e9k1J8CD_4koan8builtins10struct_def5testss_30struct_rejects_duplicate_field
FNDA:1,_RNvNtNtNtCs8h7e9k1J8CD_4koan8builtins10struct_def5testss_32struct_rejects_unknown_type_name
FNDA:1,_RNvNtNtNtCs8h7e9k1J8CD_4koan8builtins10struct_def5testss_36struct_dual_writes_to_types_and_data
FNDA:1,_RNvNtNtNtCs8h7e9k1J8CD_4koan8builtins10struct_def5testss_36struct_named_registers_type_in_scope
FNDA:1,_RNvNtNtNtCs8h7e9k1J8CD_4koan8builtins10struct_def5testss_39three_way_mutual_recursion_struct_chain
FNDA:1,_RNvNtNtNtCs8h7e9k1J8CD_4koan8builtins10struct_def5testss_40struct_err_arm_drops_pending_types_entry
FNDA:1,_RNvNtNtNtCs8h7e9k1J8CD_4koan8builtins10struct_def5testss_44per_declaration_dispatch_separates_overloads
FNDA:1,_RNvNtNtNtCs8h7e9k1J8CD_4koan8builtins10struct_def5testss_46mutual_non_recursive_pair_does_not_wrap_either
FNDA:1,_RNvNtNtNtCs8h7e9k1J8CD_4koan8builtins10struct_def5testss_46wildcard_struct_slot_admits_any_struct_carrier
FNDA:1,_RNvNtNtNtCs8h7e9k1J8CD_4koan8builtins10struct_def5testss_52struct_pair_same_scope_distinct_names_share_scope_id
FNDA:1,_RNvNtNtNtCs8h7e9k1J8CD_4koan8builtins10struct_def5testss_54finalize_struct_is_idempotent_when_both_maps_populated
FNDA:1,_RNvNtNtNtCs8h7e9k1J8CD_4koan8builtins10struct_def5testss_60recursive_struct_tree_elaborates_with_recursive_ref_on_field
FNDA:4,_RNCNvNtNtCs8h7e9k1J8CD_4koan8builtins10struct_def24defer_struct_via_combine0B7_
FNDA:0,_RNCNvNtNtNtCs8h7e9k1J8CD_4koan8builtins10struct_def5testss_30mutually_recursive_struct_pair0B9_
FNDA:0,_RNCNvNtNtNtCs8h7e9k1J8CD_4koan8builtins10struct_def5testss_30mutually_recursive_struct_pairs_0B9_
FNDA:0,_RNCNvNtNtNtCs8h7e9k1J8CD_4koan8builtins10struct_def5testss_39three_way_mutual_recursion_struct_chain0B9_
FNDA:0,_RNCNvNtNtNtCs8h7e9k1J8CD_4koan8builtins10struct_def5testss_46mutual_non_recursive_pair_does_not_wrap_either0B9_
FNDA:0,_RNCNvNtNtNtCs8h7e9k1J8CD_4koan8builtins10struct_def5testss_52struct_pair_same_scope_distinct_names_share_scope_id0B9_
FNDA:0,_RNCNvNtNtNtCs8h7e9k1J8CD_4koan8builtins10struct_def5testss_52struct_pair_same_scope_distinct_names_share_scope_ids_0B9_
FNDA:44,_RNvNtNtCs8h7e9k1J8CD_4koan8builtins10struct_def15finalize_struct
FNDA:4,_RNvNtNtCs8h7e9k1J8CD_4koan8builtins10struct_def24defer_struct_via_combine
FNDA:47,_RNvNtNtCs8h7e9k1J8CD_4koan8builtins10struct_def4body
FNDA:95,_RNvNtNtCs8h7e9k1J8CD_4koan8builtins10struct_def7pre_run
FNDA:309,_RNvNtNtCs8h7e9k1J8CD_4koan8builtins10struct_def8register
FNF:30
FNH:24
DA:37,48
DA:38,48
DA:39,48
DA:40,48
DA:41,48
DA:46,48
DA:47,48
DA:48,0
DA:50,48
DA:51,48
DA:53,0
DA:54,0
DA:55,0
DA:64,48
DA:65,48
DA:66,48
DA:67,48
DA:68,48
DA:69,48
DA:70,48
DA:71,48
DA:72,48
DA:78,48
DA:79,48
DA:80,48
DA:81,48
DA:82,48
DA:83,48
DA:84,48
DA:86,48
DA:87,40
DA:88,4
DA:89,4
DA:90,4
DA:91,4
DA:92,4
DA:93,4
DA:94,4
DA:95,4
DA:98,48
DA:102,45
DA:103,45
DA:104,45
DA:105,45
DA:106,45
DA:118,45
DA:119,45
DA:120,7
DA:121,1
DA:122,6
DA:123,38
DA:124,44
DA:125,1
DA:126,1
DA:127,1
DA:128,43
DA:129,43
DA:136,43
DA:137,43
DA:138,43
DA:139,43
DA:140,43
DA:141,43
DA:142,43
DA:143,43
DA:144,43
DA:145,43
DA:146,43
DA:147,43
DA:148,43
DA:149,0
DA:151,45
DA:157,4
DA:158,4
DA:159,4
DA:160,4
DA:161,4
DA:162,4
DA:163,4
DA:164,4
DA:165,4
DA:166,4
DA:169,4
DA:176,4
DA:177,4
DA:178,4
DA:179,4
DA:180,4
DA:181,4
DA:182,4
DA:183,4
DA:185,0
DA:186,0
DA:187,0
DA:188,0
DA:189,0
DA:190,0
DA:191,0
DA:192,0
DA:193,0
DA:195,4
DA:196,4
DA:197,4
DA:198,4
DA:203,97
DA:204,97
DA:205,97
DA:207,324
DA:208,324
DA:209,324
DA:210,324
DA:211,324
DA:212,324
DA:213,324
DA:214,324
DA:215,324
DA:217,324
DA:218,324
DA:220,324
DA:231,1
DA:232,1
DA:233,1
DA:234,1
DA:235,1
DA:238,1
DA:239,1
DA:240,1
DA:241,1
DA:242,1
DA:243,1
DA:245,1
DA:246,1
DA:247,1
DA:248,1
DA:249,1
DA:250,1
DA:252,0
DA:254,1
DA:255,1
DA:256,1
DA:257,1
DA:260,1
DA:261,1
DA:262,1
DA:263,1
DA:264,1
DA:265,1
DA:268,1
DA:269,1
DA:270,1
DA:271,1
DA:272,1
DA:273,1
DA:274,1
DA:275,1
DA:276,1
DA:278,0
DA:280,1
DA:283,1
DA:284,1
DA:285,1
DA:286,1
DA:287,1
DA:288,1
DA:291,1
DA:299,1
DA:300,1
DA:301,1
DA:302,1
DA:303,1
DA:304,1
DA:307,1
DA:310,1
DA:311,1
DA:312,1
DA:313,1
DA:314,1
DA:315,1
DA:318,1
DA:321,1
DA:322,1
DA:323,1
DA:324,1
DA:325,1
DA:326,1
DA:329,1
DA:336,1
DA:337,1
DA:338,1
DA:339,1
DA:340,1
DA:341,1
DA:342,1
DA:343,1
DA:344,1
DA:345,1
DA:346,1
DA:347,1
DA:348,1
DA:351,0
DA:353,1
DA:368,1
DA:369,1
DA:370,1
DA:373,1
DA:374,2
DA:375,2
DA:376,2
DA:377,1
DA:378,1
DA:379,1
DA:380,1
DA:381,0
DA:386,1
DA:387,1
DA:388,1
DA:390,0
DA:392,1
DA:395,1
DA:397,1
DA:398,1
DA:401,1
DA:402,2
DA:403,2
DA:404,2
DA:405,1
DA:406,1
DA:407,1
DA:408,1
DA:409,0
DA:411,1
DA:412,1
DA:413,0
DA:418,1
DA:419,1
DA:420,1
DA:422,0
DA:424,1
DA:425,1
DA:426,1
DA:428,0
DA:431,1
DA:432,1
DA:433,1
DA:437,1
DA:441,1
DA:442,1
DA:443,1
DA:444,3
DA:445,3
DA:446,3
DA:447,1
DA:448,1
DA:449,3
DA:450,1
DA:452,3
DA:453,3
DA:454,0
DA:456,3
DA:457,3
DA:458,3
DA:460,0
DA:463,1
DA:470,1
DA:473,1
[...]
DA:296,1
DA:299,1
DA:300,1
DA:301,1
DA:304,1
DA:305,1
DA:306,1
DA:309,1
DA:312,1
DA:313,1
DA:314,1
DA:317,1
DA:318,1
DA:319,1
DA:324,1
DA:326,1
DA:327,1
DA:328,1
DA:329,1
DA:332,1
DA:334,1
DA:335,1
DA:336,1
DA:337,1
DA:340,1
DA:342,1
DA:343,1
DA:344,1
DA:345,1
DA:348,1
DA:352,1
DA:353,1
DA:356,1
DA:361,1
DA:362,1
DA:363,1
DA:366,1
DA:368,1
DA:369,1
DA:370,1
DA:373,1
DA:374,1
DA:375,1
DA:376,1
BRF:0
BRH:0
LF:226
LH:212
end_of_record
SF:/var/home/jack/Code/koan/src/parse/triple_list.rs
FN:72,_RINvNtNtCs3yqXWJWMNss_4koan5parse11triple_list15parse_pair_listNtNtNtNtNtB6_7machine5model5types5ktype5KTypeNCNvNtB13_16typed_field_list37parse_typed_field_list_via_elaborator0EB6_
FN:22,_RINvNtNtCs3yqXWJWMNss_4koan5parse11triple_list25parse_keyword_triple_listNtNtNtNtB6_7machine5model3ast14ExpressionPartNCNvNtNtB1d_6values11named_pairs23parse_named_value_pairss_0EB6_
FN:96,_RNCINvNtNtCs3yqXWJWMNss_4koan5parse11triple_list15parse_pair_listNtNtNtNtNtB8_7machine5model5types5ktype5KTypeNCNvNtB15_16typed_field_list37parse_typed_field_list_via_elaborator0E0B8_
FN:56,_RNCINvNtNtCs3yqXWJWMNss_4koan5parse11triple_list25parse_keyword_triple_listNtNtNtNtB8_7machine5model3ast14ExpressionPartNCNvNtNtB1f_6values11named_pairs23parse_named_value_pairss_0E0B8_
FN:72,_RINvNtNtCs8h7e9k1J8CD_4koan5parse11triple_list15parse_pair_listNtNtNtNtNtB6_7machine5model5types5ktype5KTypeNCNvNtB13_16typed_field_list37parse_typed_field_list_via_elaborator0EB6_
FN:22,_RINvNtNtCs8h7e9k1J8CD_4koan5parse11triple_list25parse_keyword_triple_listNtNtNtNtB6_7machine5model3ast14ExpressionPartNCNvNtNtB1d_6values11named_pairs23parse_named_value_pairss_0EB6_
FN:96,_RNCINvNtNtCs8h7e9k1J8CD_4koan5parse11triple_list15parse_pair_listNtNtNtNtNtB8_7machine5model5types5ktype5KTypeNCNvNtB15_16typed_field_list37parse_typed_field_list_via_elaborator0E0B8_
FN:56,_RNCINvNtNtCs8h7e9k1J8CD_4koan5parse11triple_list25parse_keyword_triple_listNtNtNtNtB8_7machine5model3ast14ExpressionPartNCNvNtNtB1f_6values11named_pairs23parse_named_value_pairss_0E0B8_
FNDA:1,_RINvNtNtCs3yqXWJWMNss_4koan5parse11triple_list15parse_pair_listNtNtNtNtNtB6_7machine5model5types5ktype5KTypeNCNvNtB13_16typed_field_list37parse_typed_field_list_via_elaborator0EB6_
FNDA:1,_RINvNtNtCs3yqXWJWMNss_4koan5parse11triple_list25parse_keyword_triple_listNtNtNtNtB6_7machine5model3ast14ExpressionPartNCNvNtNtB1d_6values11named_pairs23parse_named_value_pairss_0EB6_
FNDA:1,_RNCINvNtNtCs3yqXWJWMNss_4koan5parse11triple_list15parse_pair_listNtNtNtNtNtB8_7machine5model5types5ktype5KTypeNCNvNtB15_16typed_field_list37parse_typed_field_list_via_elaborator0E0B8_
FNDA:1,_RNCINvNtNtCs3yqXWJWMNss_4koan5parse11triple_list25parse_keyword_triple_listNtNtNtNtB8_7machine5model3ast14ExpressionPartNCNvNtNtB1f_6values11named_pairs23parse_named_value_pairss_0E0B8_
FNDA:78,_RINvNtNtCs8h7e9k1J8CD_4koan5parse11triple_list15parse_pair_listNtNtNtNtNtB6_7machine5model5types5ktype5KTypeNCNvNtB13_16typed_field_list37parse_typed_field_list_via_elaborator0EB6_
FNDA:45,_RINvNtNtCs8h7e9k1J8CD_4koan5parse11triple_list25parse_keyword_triple_listNtNtNtNtB6_7machine5model3ast14ExpressionPartNCNvNtNtB1d_6values11named_pairs23parse_named_value_pairss_0EB6_
FNDA:54,_RNCINvNtNtCs8h7e9k1J8CD_4koan5parse11triple_list15parse_pair_listNtNtNtNtNtB8_7machine5model5types5ktype5KTypeNCNvNtB15_16typed_field_list37parse_typed_field_list_via_elaborator0E0B8_
FNDA:35,_RNCINvNtNtCs8h7e9k1J8CD_4koan5parse11triple_list25parse_keyword_triple_listNtNtNtNtB8_7machine5model3ast14ExpressionPartNCNvNtNtB1f_6values11named_pairs23parse_named_value_pairss_0E0B8_
FNF:4
FNH:4
DA:22,46
DA:23,46
DA:24,46
DA:25,46
DA:26,46
DA:27,46
DA:28,46
DA:29,46
DA:30,3
DA:31,3
DA:32,3
DA:33,3
DA:34,43
DA:35,43
DA:36,43
DA:37,112
DA:38,74
DA:39,73
DA:40,1
DA:41,1
DA:42,1
DA:43,1
DA:44,1
DA:47,73
DA:48,72
DA:49,1
DA:50,1
DA:51,1
DA:52,1
DA:53,1
DA:56,72
DA:57,3
DA:58,69
DA:59,69
DA:60,69
DA:61,69
DA:63,38
DA:64,46
DA:72,79
DA:73,79
DA:74,79
DA:75,79
DA:76,79
DA:77,79
DA:78,79
DA:79,2
DA:80,2
DA:81,2
DA:82,2
DA:83,77
DA:84,77
DA:85,77
DA:86,201
DA:87,129
DA:88,129
DA:89,0
DA:90,0
DA:91,0
DA:92,0
DA:93,0
DA:96,129
DA:97,2
DA:98,127
DA:99,127
DA:100,124
DA:101,124
DA:103,72
DA:104,79
BRF:0
BRH:0
LF:70
LH:65
end_of_record
SF:/var/home/jack/Code/koan/src/parse/type_expr_frame.rs
FN:19,_RNvMNtNtCs3yqXWJWMNss_4koan5parse15type_expr_frameNtB2_13TypeExprFrame3new
FN:23,_RNvMNtNtCs3yqXWJWMNss_4koan5parse15type_expr_frameNtB2_13TypeExprFrame5build
FN:68,_RNvNtNtCs3yqXWJWMNss_4koan5parse15type_expr_frame10find_arrow
FN:92,_RNvNtNtCs3yqXWJWMNss_4koan5parse15type_expr_frame17build_list_params
FN:121,_RNvNtNtCs3yqXWJWMNss_4koan5parse15type_expr_frame21build_function_params
FN:143,_RNvNtNtCs3yqXWJWMNss_4koan5parse15type_expr_frame21extract_function_args
FN:176,_RNvNtNtCs3yqXWJWMNss_4koan5parse15type_expr_frame23extract_function_return
FN:101,_RNCNvNtNtCs3yqXWJWMNss_4koan5parse15type_expr_frame17build_list_params0B7_
FN:151,_RNCNvNtNtCs3yqXWJWMNss_4koan5parse15type_expr_frame21extract_function_args0B7_
FN:158,_RNCNvNtNtCs3yqXWJWMNss_4koan5parse15type_expr_frame21extract_function_argss_0B7_
FN:179,_RNCNvNtNtCs3yqXWJWMNss_4koan5parse15type_expr_frame23extract_function_return0B7_
FN:101,_RNCNvNtNtCs8h7e9k1J8CD_4koan5parse15type_expr_frame17build_list_params0B7_
FN:151,_RNCNvNtNtCs8h7e9k1J8CD_4koan5parse15type_expr_frame21extract_function_args0B7_
FN:158,_RNCNvNtNtCs8h7e9k1J8CD_4koan5parse15type_expr_frame21extract_function_argss_0B7_
FN:179,_RNCNvNtNtCs8h7e9k1J8CD_4koan5parse15type_expr_frame23extract_function_return0B7_
FN:19,_RNvMNtNtCs8h7e9k1J8CD_4koan5parse15type_expr_frameNtB2_13TypeExprFrame3new
FN:23,_RNvMNtNtCs8h7e9k1J8CD_4koan5parse15type_expr_frameNtB2_13TypeExprFrame5build
FN:68,_RNvNtNtCs8h7e9k1J8CD_4koan5parse15type_expr_frame10find_arrow
FN:92,_RNvNtNtCs8h7e9k1J8CD_4koan5parse15type_expr_frame17build_list_params
FN:121,_RNvNtNtCs8h7e9k1J8CD_4koan5parse15type_expr_frame21build_function_params
FN:143,_RNvNtNtCs8h7e9k1J8CD_4koan5parse15type_expr_frame21extract_function_args
FN:176,_RNvNtNtCs8h7e9k1J8CD_4koan5parse15type_expr_frame23extract_function_return
FNDA:0,_RNvMNtNtCs3yqXWJWMNss_4koan5parse15type_expr_frameNtB2_13TypeExprFrame3new
FNDA:0,_RNvMNtNtCs3yqXWJWMNss_4koan5parse15type_expr_frameNtB2_13TypeExprFrame5build
FNDA:0,_RNvNtNtCs3yqXWJWMNss_4koan5parse15type_expr_frame10find_arrow
FNDA:0,_RNvNtNtCs3yqXWJWMNss_4koan5parse15type_expr_frame17build_list_params
FNDA:0,_RNvNtNtCs3yqXWJWMNss_4koan5parse15type_expr_frame21build_function_params
FNDA:0,_RNvNtNtCs3yqXWJWMNss_4koan5parse15type_expr_frame21extract_function_args
FNDA:0,_RNvNtNtCs3yqXWJWMNss_4koan5parse15type_expr_frame23extract_function_return
FNDA:0,_RNCNvNtNtCs3yqXWJWMNss_4koan5parse15type_expr_frame17build_list_params0B7_
FNDA:0,_RNCNvNtNtCs3yqXWJWMNss_4koan5parse15type_expr_frame21extract_function_args0B7_
FNDA:0,_RNCNvNtNtCs3yqXWJWMNss_4koan5parse15type_expr_frame21extract_function_argss_0B7_
FNDA:0,_RNCNvNtNtCs3yqXWJWMNss_4koan5parse15type_expr_frame23extract_function_return0B7_
FNDA:32,_RNCNvNtNtCs8h7e9k1J8CD_4koan5parse15type_expr_frame17build_list_params0B7_
FNDA:2,_RNCNvNtNtCs8h7e9k1J8CD_4koan5parse15type_expr_frame21extract_function_args0B7_
FNDA:17,_RNCNvNtNtCs8h7e9k1J8CD_4koan5parse15type_expr_frame21extract_function_argss_0B7_
FNDA:0,_RNCNvNtNtCs8h7e9k1J8CD_4koan5parse15type_expr_frame23extract_function_return0B7_
FNDA:44,_RNvMNtNtCs8h7e9k1J8CD_4koan5parse15type_expr_frameNtB2_13TypeExprFrame3new
FNDA:43,_RNvMNtNtCs8h7e9k1J8CD_4koan5parse15type_expr_frameNtB2_13TypeExprFrame5build
FNDA:43,_RNvNtNtCs8h7e9k1J8CD_4koan5parse15type_expr_frame10find_arrow
FNDA:25,_RNvNtNtCs8h7e9k1J8CD_4koan5parse15type_expr_frame17build_list_params
FNDA:17,_RNvNtNtCs8h7e9k1J8CD_4koan5parse15type_expr_frame21build_function_params
FNDA:17,_RNvNtNtCs8h7e9k1J8CD_4koan5parse15type_expr_frame21extract_function_args
FNDA:14,_RNvNtNtCs8h7e9k1J8CD_4koan5parse15type_expr_frame23extract_function_return
FNF:11
FNH:10
DA:19,44
DA:20,44
DA:21,44
DA:23,43
DA:24,43
DA:25,43
DA:26,0
DA:27,0
DA:28,0
DA:29,0
DA:30,43
DA:31,43
DA:32,43
DA:33,0
DA:34,0
DA:35,0
DA:36,0
DA:37,0
DA:39,0
DA:40,0
DA:41,0
DA:42,0
DA:43,0
DA:46,43
DA:47,43
DA:48,43
DA:50,43
DA:51,1
DA:52,1
DA:53,1
DA:54,1
DA:55,0
DA:56,0
DA:57,0
DA:58,0
DA:59,0
DA:60,25
DA:61,17
DA:63,43
DA:68,43
DA:69,43
DA:70,86
DA:71,18
DA:72,68
DA:73,18
DA:74,18
DA:75,0
DA:76,0
DA:77,0
DA:78,18
DA:79,18
DA:81,0
DA:82,0
DA:83,0
DA:84,0
DA:85,0
DA:89,43
DA:90,43
DA:92,25
DA:93,25
DA:94,25
DA:95,25
DA:96,25
DA:97,0
DA:98,25
DA:99,25
DA:100,25
DA:101,32
DA:102,31
DA:108,1
DA:109,1
DA:110,1
DA:112,0
DA:113,0
DA:114,0
DA:115,0
DA:116,32
DA:117,25
DA:118,25
DA:119,25
DA:121,17
DA:122,17
DA:123,17
DA:124,17
DA:125,17
DA:126,17
DA:127,17
DA:128,17
DA:129,17
DA:131,17
DA:132,14
DA:133,14
DA:134,14
DA:135,14
DA:136,14
DA:137,14
DA:138,14
DA:139,14
DA:140,14
DA:141,17
DA:143,17
DA:144,17
DA:145,17
DA:150,17
DA:151,17
DA:152,15
DA:153,14
DA:154,1
DA:156,14
DA:157,14
DA:158,17
DA:159,17
DA:164,0
DA:165,0
DA:166,0
DA:168,0
DA:169,0
DA:170,0
DA:171,0
DA:172,17
DA:173,14
DA:174,17
DA:176,14
DA:177,14
DA:178,14
DA:179,14
DA:181,0
DA:182,0
DA:183,14
DA:184,14
DA:187,0
DA:188,0
DA:189,0
DA:191,0
DA:192,0
DA:193,0
DA:194,0
DA:196,14
BRF:0
BRH:0
LF:142
LH:93
end_of_record
SF:/var/home/jack/Code/koan/src/parse/whitespace.rs
FN:111,_RNvNtNtCs3yqXWJWMNss_4koan5parse10whitespace16line_delim_delta
FN:32,_RNvNtNtCs3yqXWJWMNss_4koan5parse10whitespace19collapse_whitespace
FN:112,_RNCNvNtNtCs3yqXWJWMNss_4koan5parse10whitespace16line_delim_delta0B7_
FN:113,_RNCNvNtNtCs3yqXWJWMNss_4koan5parse10whitespace16line_delim_deltas_0B7_
FN:111,_RNvNtNtCs8h7e9k1J8CD_4koan5parse10whitespace16line_delim_delta
FN:32,_RNvNtNtCs8h7e9k1J8CD_4koan5parse10whitespace19collapse_whitespace
FN:112,_RNCNvNtNtCs8h7e9k1J8CD_4koan5parse10whitespace16line_delim_delta0B7_
FN:113,_RNCNvNtNtCs8h7e9k1J8CD_4koan5parse10whitespace16line_delim_deltas_0B7_
FN:122,_RNvNtNtNtCs8h7e9k1J8CD_4koan5parse10whitespace5testss_11empty_input
FN:132,_RNvNtNtNtCs8h7e9k1J8CD_4koan5parse10whitespace5testss_11single_line
FN:142,_RNvNtNtNtCs8h7e9k1J8CD_4koan5parse10whitespace5testss_13sibling_lines
FN:200,_RNvNtNtNtCs8h7e9k1J8CD_4koan5parse10whitespace5testss_13tabs_rejected
FN:127,_RNvNtNtNtCs8h7e9k1J8CD_4koan5parse10whitespace5testss_15only_whitespace
FN:160,_RNvNtNtNtCs8h7e9k1J8CD_4koan5parse10whitespace5testss_17nested_three_deep
FN:147,_RNvNtNtNtCs8h7e9k1J8CD_4koan5parse10whitespace5testss_17parent_with_child
FN:192,_RNvNtNtNtCs8h7e9k1J8CD_4koan5parse10whitespace5testss_19blank_lines_skipped
FN:168,_RNvNtNtNtCs8h7e9k1J8CD_4koan5parse10whitespace5testss_19dedent_back_to_root
FN:206,_RNvNtNtNtCs8h7e9k1J8CD_4koan5parse10whitespace5testss_19odd_spaces_rejected
FN:176,_RNvNtNtNtCs8h7e9k1J8CD_4koan5parse10whitespace5testss_22dedent_multiple_levels
FN:247,_RNvNtNtNtCs8h7e9k1J8CD_4koan5parse10whitespace5testss_22nested_multiline_lists
FN:212,_RNvNtNtNtCs8h7e9k1J8CD_4koan5parse10whitespace5testss_24multi_token_lines_nested
FN:152,_RNvNtNtNtCs8h7e9k1J8CD_4koan5parse10whitespace5testss_24parent_with_two_children
FN:137,_RNvNtNtNtCs8h7e9k1J8CD_4koan5parse10whitespace5testss_27single_line_multiple_tokens
FN:184,_RNvNtNtNtCs8h7e9k1J8CD_4koan5parse10whitespace5testss_29child_then_sibling_then_child
FN:336,_RNvNtNtNtCs8h7e9k1J8CD_4koan5parse10whitespace5testss_30dangling_trailing_comma_at_eof
FN:220,_RNvNtNtNtCs8h7e9k1J8CD_4koan5parse10whitespace5testss_30output_has_no_tabs_or_newlines
FN:268,_RNvNtNtNtCs8h7e9k1J8CD_4koan5parse10whitespace5testss_32multiline_dict_literal_continues
FN:285,_RNvNtNtNtCs8h7e9k1J8CD_4koan5parse10whitespace5testss_33nested_multiline_dict_inside_list
FN:296,_RNvNtNtNtCs8h7e9k1J8CD_4koan5parse10whitespace5testss_35trailing_comma_continues_expression
FN:378,_RNvNtNtNtCs8h7e9k1J8CD_4koan5parse10whitespace5testss_36sigil_with_paren_operand_still_legal
FN:315,_RNvNtNtNtCs8h7e9k1J8CD_4koan5parse10whitespace5testss_38trailing_comma_inside_paren_expression
FN:237,_RNvNtNtNtCs8h7e9k1J8CD_4koan5parse10whitespace5testss_39multiline_list_with_continuation_indent
FN:389,_RNvNtNtNtCs8h7e9k1J8CD_4koan5parse10whitespace5testss_39sigil_continuation_with_deeper_children
FN:306,_RNvNtNtNtCs8h7e9k1J8CD_4koan5parse10whitespace5testss_39trailing_comma_chain_across_three_lines
FN:277,_RNvNtNtNtCs8h7e9k1J8CD_4koan5parse10whitespace5testss_40inline_dict_does_not_perturb_indentation
FN:343,_RNvNtNtNtCs8h7e9k1J8CD_4koan5parse10whitespace5testss_40no_trailing_comma_keeps_sibling_boundary
FN:361,_RNvNtNtNtCs8h7e9k1J8CD_4koan5parse10whitespace5testss_43eval_sigil_continuation_wraps_outside_paren
FN:371,_RNvNtNtNtCs8h7e9k1J8CD_4koan5parse10whitespace5testss_44quote_sigil_at_top_level_wraps_outside_paren
FN:351,_RNvNtNtNtCs8h7e9k1J8CD_4koan5parse10whitespace5testss_44quote_sigil_continuation_wraps_outside_paren
FN:408,_RNvNtNtNtCs8h7e9k1J8CD_4koan5parse10whitespace5testss_45comma_continuation_with_bare_sigil_stays_bare
FN:326,_RNvNtNtNtCs8h7e9k1J8CD_4koan5parse10whitespace5testss_46trailing_comma_continuation_through_blank_line
FN:424,_RNvNtNtNtCs8h7e9k1J8CD_4koan5parse10whitespace5testss_47bracket_continuation_with_bare_sigil_stays_bare
FN:227,_RNvNtNtNtCs8h7e9k1J8CD_4koan5parse10whitespace5testss_47list_literal_open_suspends_indentation_handling
FN:257,_RNvNtNtNtCs8h7e9k1J8CD_4koan5parse10whitespace5testss_49balanced_inline_list_does_not_perturb_indentation
FN:416,_RNvNtNtNtCs8h7e9k1J8CD_4koan5parse10whitespace5testss_50comma_continuation_with_paren_sigil_passes_through
FN:440,_RNvNtNtNtCs8h7e9k1J8CD_4koan5parse10whitespace5testss_50dict_continuation_with_paren_sigils_passes_through
FN:432,_RNvNtNtNtCs8h7e9k1J8CD_4koan5parse10whitespace5testss_53bracket_continuation_with_paren_sigils_passes_through
FNDA:33,_RNvNtNtCs3yqXWJWMNss_4koan5parse10whitespace16line_delim_delta
FNDA:15,_RNvNtNtCs3yqXWJWMNss_4koan5parse10whitespace19collapse_whitespace
FNDA:774,_RNCNvNtNtCs3yqXWJWMNss_4koan5parse10whitespace16line_delim_delta0B7_
FNDA:774,_RNCNvNtNtCs3yqXWJWMNss_4koan5parse10whitespace16line_delim_deltas_0B7_
FNDA:911,_RNvNtNtCs8h7e9k1J8CD_4koan5parse10whitespace16line_delim_delta
FNDA:624,_RNvNtNtCs8h7e9k1J8CD_4koan5parse10whitespace19collapse_whitespace
FNDA:21467,_RNCNvNtNtCs8h7e9k1J8CD_4koan5parse10whitespace16line_delim_delta0B7_
FNDA:21467,_RNCNvNtNtCs8h7e9k1J8CD_4koan5parse10whitespace16line_delim_deltas_0B7_
FNDA:1,_RNvNtNtNtCs8h7e9k1J8CD_4koan5parse10whitespace5testss_11empty_input
FNDA:1,_RNvNtNtNtCs8h7e9k1J8CD_4koan5parse10whitespace5testss_11single_line
FNDA:1,_RNvNtNtNtCs8h7e9k1J8CD_4koan5parse10whitespace5testss_13sibling_lines
FNDA:1,_RNvNtNtNtCs8h7e9k1J8CD_4koan5parse10whitespace5testss_13tabs_rejected
FNDA:1,_RNvNtNtNtCs8h7e9k1J8CD_4koan5parse10whitespace5testss_15only_whitespace
FNDA:1,_RNvNtNtNtCs8h7e9k1J8CD_4koan5parse10whitespace5testss_17nested_three_deep
FNDA:1,_RNvNtNtNtCs8h7e9k1J8CD_4koan5parse10whitespace5testss_17parent_with_child
FNDA:1,_RNvNtNtNtCs8h7e9k1J8CD_4koan5parse10whitespace5testss_19blank_lines_skipped
FNDA:1,_RNvNtNtNtCs8h7e9k1J8CD_4koan5parse10whitespace5testss_19dedent_back_to_root
FNDA:1,_RNvNtNtNtCs8h7e9k1J8CD_4koan5parse10whitespace5testss_19odd_spaces_rejected
FNDA:1,_RNvNtNtNtCs8h7e9k1J8CD_4koan5parse10whitespace5testss_22dedent_multiple_levels
FNDA:1,_RNvNtNtNtCs8h7e9k1J8CD_4koan5parse10whitespace5testss_22nested_multiline_lists
FNDA:1,_RNvNtNtNtCs8h7e9k1J8CD_4koan5parse10whitespace5testss_24multi_token_lines_nested
FNDA:1,_RNvNtNtNtCs8h7e9k1J8CD_4koan5parse10whitespace5testss_24parent_with_two_children
FNDA:1,_RNvNtNtNtCs8h7e9k1J8CD_4koan5parse10whitespace5testss_27single_line_multiple_tokens
FNDA:1,_RNvNtNtNtCs8h7e9k1J8CD_4koan5parse10whitespace5testss_29child_then_sibling_then_child
FNDA:1,_RNvNtNtNtCs8h7e9k1J8CD_4koan5parse10whitespace5testss_30dangling_trailing_comma_at_eof
FNDA:1,_RNvNtNtNtCs8h7e9k1J8CD_4koan5parse10whitespace5testss_30output_has_no_tabs_or_newlines
FNDA:1,_RNvNtNtNtCs8h7e9k1J8CD_4koan5parse10whitespace5testss_32multiline_dict_literal_continues
FNDA:1,_RNvNtNtNtCs8h7e9k1J8CD_4koan5parse10whitespace5testss_33nested_multiline_dict_inside_list
FNDA:1,_RNvNtNtNtCs8h7e9k1J8CD_4koan5parse10whitespace5testss_35trailing_comma_continues_expression
FNDA:1,_RNvNtNtNtCs8h7e9k1J8CD_4koan5parse10whitespace5testss_36sigil_with_paren_operand_still_legal
FNDA:1,_RNvNtNtNtCs8h7e9k1J8CD_4koan5parse10whitespace5testss_38trailing_comma_inside_paren_expression
FNDA:1,_RNvNtNtNtCs8h7e9k1J8CD_4koan5parse10whitespace5testss_39multiline_list_with_continuation_indent
FNDA:1,_RNvNtNtNtCs8h7e9k1J8CD_4koan5parse10whitespace5testss_39sigil_continuation_with_deeper_children
FNDA:1,_RNvNtNtNtCs8h7e9k1J8CD_4koan5parse10whitespace5testss_39trailing_comma_chain_across_three_lines
FNDA:1,_RNvNtNtNtCs8h7e9k1J8CD_4koan5parse10whitespace5testss_40inline_dict_does_not_perturb_indentation
FNDA:1,_RNvNtNtNtCs8h7e9k1J8CD_4koan5parse10whitespace5testss_40no_trailing_comma_keeps_sibling_boundary
FNDA:1,_RNvNtNtNtCs8h7e9k1J8CD_4koan5parse10whitespace5testss_43eval_sigil_continuation_wraps_outside_paren
FNDA:1,_RNvNtNtNtCs8h7e9k1J8CD_4koan5parse10whitespace5testss_44quote_sigil_at_top_level_wraps_outside_paren
FNDA:1,_RNvNtNtNtCs8h7e9k1J8CD_4koan5parse10whitespace5testss_44quote_sigil_continuation_wraps_outside_paren
FNDA:1,_RNvNtNtNtCs8h7e9k1J8CD_4koan5parse10whitespace5testss_45comma_continuation_with_bare_sigil_stays_bare
FNDA:1,_RNvNtNtNtCs8h7e9k1J8CD_4koan5parse10whitespace5testss_46trailing_comma_continuation_through_blank_line
FNDA:1,_RNvNtNtNtCs8h7e9k1J8CD_4koan5parse10whitespace5testss_47bracket_continuation_with_bare_sigil_stays_bare
FNDA:1,_RNvNtNtNtCs8h7e9k1J8CD_4koan5parse10whitespace5testss_47list_literal_open_suspends_indentation_handling
FNDA:1,_RNvNtNtNtCs8h7e9k1J8CD_4koan5parse10whitespace5testss_49balanced_inline_list_does_not_perturb_indentation
FNDA:1,_RNvNtNtNtCs8h7e9k1J8CD_4koan5parse10whitespace5testss_50comma_continuation_with_paren_sigil_passes_through
FNDA:1,_RNvNtNtNtCs8h7e9k1J8CD_4koan5parse10whitespace5testss_50dict_continuation_with_paren_sigils_passes_through
FNDA:1,_RNvNtNtNtCs8h7e9k1J8CD_4koan5parse10whitespace5testss_53bracket_continuation_with_paren_sigils_passes_through
FNF:43
FNH:43
DA:32,639
DA:33,639
DA:34,639
DA:35,639
DA:36,639
DA:38,955
DA:39,955
DA:40,955
DA:41,955
DA:43,955
DA:44,7
DA:45,948
DA:47,948
DA:51,50
DA:52,50
DA:53,50
DA:54,50
DA:55,50
DA:56,898
DA:58,898
DA:59,2
DA:60,896
DA:61,896
DA:62,2
DA:63,2
DA:64,2
DA:65,2
DA:66,894
DA:68,1140
DA:69,272
DA:70,246
DA:71,246
DA:72,246
DA:73,26
DA:77,894
DA:78,257
DA:79,637
DA:86,894
DA:87,8
DA:88,886
DA:90,894
DA:91,894
DA:92,894
DA:93,894
DA:94,894
DA:95,894
DA:98,1279
DA:99,644
DA:100,644
DA:102,635
DA:103,639
DA:111,944
DA:112,22241
DA:113,22241
DA:114,944
DA:115,944
DA:122,1
DA:123,1
DA:124,1
DA:127,1
DA:128,1
DA:129,1
DA:132,1
DA:133,1
DA:134,1
DA:137,1
DA:138,1
DA:139,1
DA:142,1
DA:143,1
DA:144,1
DA:147,1
DA:148,1
DA:149,1
DA:152,1
DA:153,1
DA:154,1
DA:157,1
DA:160,1
DA:161,1
DA:162,1
DA:165,1
DA:168,1
DA:169,1
DA:170,1
DA:173,1
DA:176,1
DA:177,1
DA:178,1
DA:181,1
DA:184,1
DA:185,1
DA:186,1
DA:189,1
DA:192,1
DA:193,1
DA:194,1
DA:197,1
DA:200,1
DA:201,1
DA:202,1
DA:203,1
DA:206,1
DA:207,1
DA:208,1
DA:209,1
DA:212,1
DA:213,1
DA:214,1
DA:217,1
DA:220,1
DA:221,1
DA:222,1
DA:223,1
DA:224,1
DA:227,1
DA:230,1
DA:231,1
DA:234,1
DA:237,1
DA:240,1
DA:241,1
DA:244,1
DA:247,1
DA:250,1
DA:251,1
DA:254,1
DA:257,1
DA:261,1
DA:262,1
DA:265,1
DA:268,1
DA:270,1
DA:271,1
DA:274,1
DA:277,1
DA:278,1
DA:279,1
DA:282,1
DA:285,1
DA:287,1
DA:288,1
DA:291,1
DA:296,1
DA:299,1
DA:300,1
DA:303,1
DA:306,1
DA:308,1
DA:309,1
DA:312,1
DA:315,1
DA:318,1
DA:319,1
DA:320,1
DA:323,1
DA:326,1
DA:329,1
DA:330,1
DA:333,1
DA:336,1
DA:339,1
DA:340,1
DA:343,1
DA:345,1
DA:346,1
DA:351,1
DA:354,1
DA:355,1
DA:358,1
DA:361,1
DA:364,1
DA:365,1
DA:368,1
DA:371,1
DA:374,1
DA:375,1
DA:378,1
DA:382,1
DA:383,1
DA:386,1
DA:389,1
DA:392,1
DA:393,1
DA:396,1
DA:408,1
DA:409,1
DA:410,1
DA:413,1
DA:416,1
DA:417,1
DA:418,1
DA:421,1
DA:424,1
DA:425,1
DA:426,1
DA:429,1
DA:432,1
DA:433,1
DA:434,1
DA:437,1
DA:440,1
DA:443,1
DA:444,1
DA:447,1
BRF:0
BRH:0
LF:207
LH:207
end_of_record