SF:/var/home/jack/Code/koan/src/builtins.rs
FN:145,_RNvNtCsbkxZCYEF3rm_4koan8builtins13default_scope
FN:101,_RNvNtCsbkxZCYEF3rm_4koan8builtins16register_builtin
FN:78,_RNvNtCsbkxZCYEF3rm_4koan8builtins21register_builtin_full
FN:67,_RNvNtCsbkxZCYEF3rm_4koan8builtins21type_part_binder_name
FN:38,_RNvNtCsbkxZCYEF3rm_4koan8builtins2kw
FN:43,_RNvNtCsbkxZCYEF3rm_4koan8builtins3arg
FN:52,_RNvNtCsbkxZCYEF3rm_4koan8builtins3sig
FN:145,_RNvNtCsSCJAO8sSnz_4koan8builtins13default_scope
FN:101,_RNvNtCsSCJAO8sSnz_4koan8builtins16register_builtin
FN:115,_RNvNtCsSCJAO8sSnz_4koan8builtins20register_overload_at
FN:78,_RNvNtCsSCJAO8sSnz_4koan8builtins21register_builtin_full
FN:67,_RNvNtCsSCJAO8sSnz_4koan8builtins21type_part_binder_name
FN:38,_RNvNtCsSCJAO8sSnz_4koan8builtins2kw
FN:43,_RNvNtCsSCJAO8sSnz_4koan8builtins3arg
FN:52,_RNvNtCsSCJAO8sSnz_4koan8builtins3sig
FNDA:43,_RNvNtCsbkxZCYEF3rm_4koan8builtins13default_scope
FNDA:989,_RNvNtCsbkxZCYEF3rm_4koan8builtins16register_builtin
FNDA:1634,_RNvNtCsbkxZCYEF3rm_4koan8builtins21register_builtin_full
FNDA:74,_RNvNtCsbkxZCYEF3rm_4koan8builtins21type_part_binder_name
FNDA:2881,_RNvNtCsbkxZCYEF3rm_4koan8builtins2kw
FNDA:3311,_RNvNtCsbkxZCYEF3rm_4koan8builtins3arg
FNDA:1634,_RNvNtCsbkxZCYEF3rm_4koan8builtins3sig
FNDA:502,_RNvNtCsSCJAO8sSnz_4koan8builtins13default_scope
FNDA:11566,_RNvNtCsSCJAO8sSnz_4koan8builtins16register_builtin
FNDA:3,_RNvNtCsSCJAO8sSnz_4koan8builtins20register_overload_at
FNDA:19097,_RNvNtCsSCJAO8sSnz_4koan8builtins21register_builtin_full
FNDA:470,_RNvNtCsSCJAO8sSnz_4koan8builtins21type_part_binder_name
FNDA:33634,_RNvNtCsSCJAO8sSnz_4koan8builtins2kw
FNDA:38654,_RNvNtCsSCJAO8sSnz_4koan8builtins3arg
FNDA:19076,_RNvNtCsSCJAO8sSnz_4koan8builtins3sig
FNF:8
FNH:8
DA:38,36515
DA:39,36515
DA:40,36515
DA:43,41965
DA:44,41965
DA:45,41965
DA:46,41965
DA:47,41965
DA:48,41965
DA:52,20710
DA:53,20710
DA:54,20710
DA:55,20710
DA:56,20710
DA:57,20710
DA:58,20710
DA:59,20710
DA:60,20710
DA:67,544
DA:68,544
DA:69,544
DA:70,544
DA:71,544
DA:78,20731
DA:79,20731
DA:80,20731
DA:81,20731
DA:82,20731
DA:83,20731
DA:84,20731
DA:85,20731
DA:86,20731
DA:87,20731
DA:88,20731
DA:89,20731
DA:90,20731
DA:91,20731
DA:92,20731
DA:93,20731
DA:94,20731
DA:95,20731
DA:96,20731
DA:97,20731
DA:98,20731
DA:101,12555
DA:102,12555
DA:103,12555
DA:104,12555
DA:105,12555
DA:106,12555
DA:107,12555
DA:108,12555
DA:115,3
DA:116,3
DA:117,3
DA:118,3
DA:119,3
DA:120,3
DA:121,3
DA:122,3
DA:123,3
DA:124,3
DA:125,3
DA:126,3
DA:127,3
DA:128,3
DA:129,3
DA:130,3
DA:131,3
DA:132,3
DA:133,3
DA:134,3
DA:135,3
DA:145,545
DA:146,545
DA:147,545
DA:148,545
DA:149,545
DA:151,545
DA:152,545
DA:153,545
DA:154,545
DA:155,545
DA:156,545
DA:157,545
DA:160,545
DA:161,545
DA:162,545
DA:165,545
DA:166,545
DA:167,545
DA:170,545
DA:171,545
DA:172,545
DA:175,545
DA:176,545
DA:177,545
DA:180,545
DA:181,545
DA:182,545
DA:185,545
DA:187,545
DA:188,545
DA:189,545
DA:190,545
DA:191,545
DA:192,545
DA:193,545
DA:194,545
DA:195,545
DA:196,545
DA:197,545
DA:198,545
DA:199,545
DA:200,545
DA:201,545
DA:202,545
DA:203,545
DA:204,545
DA:205,545
DA:206,545
DA:207,545
DA:208,545
DA:210,545
DA:211,545
BRF:0
BRH:0
LF:125
LH:125
end_of_record
SF:/var/home/jack/Code/koan/src/builtins/ascribe.rs
FN:256,_RNCNvNtNtCsbkxZCYEF3rm_4koan8builtins7ascribe21is_abstract_type_name0B7_
FN:242,_RNCNvNtNtCsbkxZCYEF3rm_4koan8builtins7ascribe22abstract_type_names_ofs_0B7_
FN:19,_RNvNtNtCsbkxZCYEF3rm_4koan8builtins7ascribe11body_opaque
FN:193,_RNvNtNtCsbkxZCYEF3rm_4koan8builtins7ascribe11shape_check
FN:130,_RNvNtNtCsbkxZCYEF3rm_4koan8builtins7ascribe16body_transparent
FN:248,_RNvNtNtCsbkxZCYEF3rm_4koan8builtins7ascribe21is_abstract_type_name
FN:236,_RNvNtNtCsbkxZCYEF3rm_4koan8builtins7ascribe22abstract_type_names_of
FN:155,_RNvNtNtCsbkxZCYEF3rm_4koan8builtins7ascribe28resolve_module_and_signature
FN:259,_RNvNtNtCsbkxZCYEF3rm_4koan8builtins7ascribe8register
FN:166,_RNvNvNtNtCsbkxZCYEF3rm_4koan8builtins7ascribe28resolve_module_and_signature24type_mismatch_or_missing
FN:19,_RNvNtNtCsSCJAO8sSnz_4koan8builtins7ascribe11body_opaque
FN:193,_RNvNtNtCsSCJAO8sSnz_4koan8builtins7ascribe11shape_check
FN:130,_RNvNtNtCsSCJAO8sSnz_4koan8builtins7ascribe16body_transparent
FN:248,_RNvNtNtCsSCJAO8sSnz_4koan8builtins7ascribe21is_abstract_type_name
FN:236,_RNvNtNtCsSCJAO8sSnz_4koan8builtins7ascribe22abstract_type_names_of
FN:155,_RNvNtNtCsSCJAO8sSnz_4koan8builtins7ascribe28resolve_module_and_signature
FN:259,_RNvNtNtCsSCJAO8sSnz_4koan8builtins7ascribe8register
FN:166,_RNvNvNtNtCsSCJAO8sSnz_4koan8builtins7ascribe28resolve_module_and_signature24type_mismatch_or_missing
FN:256,_RNCNvNtNtCsSCJAO8sSnz_4koan8builtins7ascribe21is_abstract_type_name0B7_
FN:242,_RNCNvNtNtCsSCJAO8sSnz_4koan8builtins7ascribe22abstract_type_names_ofs_0B7_
FNDA:0,_RNCNvNtNtCsbkxZCYEF3rm_4koan8builtins7ascribe21is_abstract_type_name0B7_
FNDA:6,_RNCNvNtNtCsbkxZCYEF3rm_4koan8builtins7ascribe22abstract_type_names_ofs_0B7_
FNDA:1,_RNvNtNtCsbkxZCYEF3rm_4koan8builtins7ascribe11body_opaque
FNDA:5,_RNvNtNtCsbkxZCYEF3rm_4koan8builtins7ascribe11shape_check
FNDA:4,_RNvNtNtCsbkxZCYEF3rm_4koan8builtins7ascribe16body_transparent
FNDA:22,_RNvNtNtCsbkxZCYEF3rm_4koan8builtins7ascribe21is_abstract_type_name
FNDA:6,_RNvNtNtCsbkxZCYEF3rm_4koan8builtins7ascribe22abstract_type_names_of
FNDA:5,_RNvNtNtCsbkxZCYEF3rm_4koan8builtins7ascribe28resolve_module_and_signature
FNDA:43,_RNvNtNtCsbkxZCYEF3rm_4koan8builtins7ascribe8register
FNDA:0,_RNvNvNtNtCsbkxZCYEF3rm_4koan8builtins7ascribe28resolve_module_and_signature24type_mismatch_or_missing
FNDA:19,_RNvNtNtCsSCJAO8sSnz_4koan8builtins7ascribe11body_opaque
FNDA:40,_RNvNtNtCsSCJAO8sSnz_4koan8builtins7ascribe11shape_check
FNDA:21,_RNvNtNtCsSCJAO8sSnz_4koan8builtins7ascribe16body_transparent
FNDA:198,_RNvNtNtCsSCJAO8sSnz_4koan8builtins7ascribe21is_abstract_type_name
FNDA:67,_RNvNtNtCsSCJAO8sSnz_4koan8builtins7ascribe22abstract_type_names_of
FNDA:40,_RNvNtNtCsSCJAO8sSnz_4koan8builtins7ascribe28resolve_module_and_signature
FNDA:502,_RNvNtNtCsSCJAO8sSnz_4koan8builtins7ascribe8register
FNDA:0,_RNvNvNtNtCsSCJAO8sSnz_4koan8builtins7ascribe28resolve_module_and_signature24type_mismatch_or_missing
FNDA:55,_RNCNvNtNtCsSCJAO8sSnz_4koan8builtins7ascribe21is_abstract_type_name0B7_
FNDA:103,_RNCNvNtNtCsSCJAO8sSnz_4koan8builtins7ascribe22abstract_type_names_ofs_0B7_
FNF:10
FNH:9
DA:19,20
DA:20,20
DA:21,20
DA:25,20
DA:27,20
DA:28,20
DA:29,20
DA:30,20
DA:33,20
DA:34,20
DA:35,0
DA:36,20
DA:38,20
DA:42,20
DA:44,20
DA:45,20
DA:46,13
DA:47,3
DA:48,3
DA:51,3
DA:52,3
DA:53,3
DA:55,0
DA:59,3
DA:60,3
DA:61,3
DA:62,3
DA:64,3
DA:65,3
DA:66,3
DA:67,3
DA:68,3
DA:69,3
DA:70,3
DA:71,3
DA:72,3
DA:74,10
DA:75,10
DA:76,10
DA:77,10
DA:79,13
DA:82,20
DA:83,13
DA:84,13
DA:85,13
DA:86,13
DA:87,7
DA:90,20
DA:91,20
DA:92,30
DA:93,30
DA:94,13
DA:95,17
DA:98,3
DA:99,3
DA:101,3
DA:102,3
DA:103,3
DA:104,14
DA:106,20
DA:107,20
DA:108,3
DA:109,3
DA:110,3
DA:111,3
DA:112,17
DA:115,20
DA:116,2
DA:117,18
DA:119,18
DA:121,18
DA:122,18
DA:123,18
DA:124,18
DA:125,18
DA:126,20
DA:130,25
DA:131,25
DA:132,25
DA:136,25
DA:137,25
DA:138,0
DA:139,25
DA:140,25
DA:141,25
DA:142,25
DA:143,25
DA:144,25
DA:145,25
DA:146,25
DA:147,25
DA:148,25
DA:149,25
DA:150,25
DA:151,25
DA:155,45
DA:156,45
DA:157,45
DA:158,45
DA:159,45
DA:160,45
DA:161,45
DA:162,45
DA:163,45
DA:166,0
DA:167,0
DA:168,0
DA:169,0
DA:170,0
DA:171,0
DA:172,0
DA:173,0
DA:174,0
DA:175,0
DA:176,0
DA:177,0
DA:179,0
DA:181,45
DA:182,45
DA:183,0
DA:185,45
DA:186,45
DA:187,0
DA:189,45
DA:190,45
DA:193,45
DA:194,45
DA:195,45
DA:196,45
DA:197,45
DA:198,45
DA:199,45
DA:200,45
DA:204,45
DA:205,45
DA:206,45
DA:207,45
DA:208,45
DA:209,45
DA:210,45
DA:211,45
DA:212,45
DA:213,45
DA:214,45
DA:215,45
DA:216,45
DA:217,61
DA:218,61
DA:219,19
DA:220,42
DA:221,42
DA:222,2
DA:223,2
DA:224,2
DA:225,2
DA:226,40
DA:228,43
DA:229,45
DA:236,73
DA:237,73
DA:238,73
DA:239,73
DA:240,73
DA:241,73
DA:242,109
DA:243,73
DA:244,73
DA:248,220
DA:249,220
DA:250,220
DA:251,0
DA:253,220
DA:254,165
DA:255,55
DA:256,55
DA:257,220
DA:259,545
DA:263,545
DA:264,545
DA:265,545
DA:266,545
DA:267,545
DA:268,545
DA:271,545
DA:272,545
DA:273,545
DA:274,545
DA:275,545
DA:276,545
DA:279,545
DA:280,545
DA:281,545
BRF:0
BRH:0
LF:194
LH:175
end_of_record
SF:/var/home/jack/Code/koan/src/builtins/attr.rs
FN:152,_RNvNtNtCsbkxZCYEF3rm_4koan8builtins4attr11body_module
FN:215,_RNvNtNtCsbkxZCYEF3rm_4koan8builtins4attr12access_field
FN:139,_RNvNtNtCsbkxZCYEF3rm_4koan8builtins4attr12body_newtype
FN:100,_RNvNtNtCsbkxZCYEF3rm_4koan8builtins4attr13body_type_lhs
FN:59,_RNvNtNtCsbkxZCYEF3rm_4koan8builtins4attr15body_identifier
FN:34,_RNvNtNtCsbkxZCYEF3rm_4koan8builtins4attr15read_field_name
FN:180,_RNvNtNtCsbkxZCYEF3rm_4koan8builtins4attr18access_type_member
FN:270,_RNvNtNtCsbkxZCYEF3rm_4koan8builtins4attr20access_module_member
FN:26,_RNvNtNtCsbkxZCYEF3rm_4koan8builtins4attr4done
FN:296,_RNvNtNtCsbkxZCYEF3rm_4koan8builtins4attr8register
FN:297,_RNCNvNtNtCsbkxZCYEF3rm_4koan8builtins4attr8register0B7_
FN:325,_RNCNvNtNtCsbkxZCYEF3rm_4koan8builtins4attr8registers0_0B7_
FN:335,_RNCNvNtNtCsbkxZCYEF3rm_4koan8builtins4attr8registers1_0B7_
FN:345,_RNCNvNtNtCsbkxZCYEF3rm_4koan8builtins4attr8registers2_0B7_
FN:356,_RNCNvNtNtCsbkxZCYEF3rm_4koan8builtins4attr8registers3_0B7_
FN:307,_RNCNvNtNtCsbkxZCYEF3rm_4koan8builtins4attr8registers_0B7_
FN:297,_RNCNvNtNtCsSCJAO8sSnz_4koan8builtins4attr8register0B7_
FN:325,_RNCNvNtNtCsSCJAO8sSnz_4koan8builtins4attr8registers0_0B7_
FN:335,_RNCNvNtNtCsSCJAO8sSnz_4koan8builtins4attr8registers1_0B7_
FN:345,_RNCNvNtNtCsSCJAO8sSnz_4koan8builtins4attr8registers2_0B7_
FN:356,_RNCNvNtNtCsSCJAO8sSnz_4koan8builtins4attr8registers3_0B7_
FN:307,_RNCNvNtNtCsSCJAO8sSnz_4koan8builtins4attr8registers_0B7_
FN:423,_RNvNtNtNtCsSCJAO8sSnz_4koan8builtins4attr5testss_24attr_unbound_name_errors
FN:450,_RNvNtNtNtCsSCJAO8sSnz_4koan8builtins4attr5testss_25attr_unknown_field_errors
FN:434,_RNvNtNtNtCsSCJAO8sSnz_4koan8builtins4attr5testss_31attr_on_non_struct_value_errors
FN:466,_RNvNtNtNtCsSCJAO8sSnz_4koan8builtins4attr5testss_33attr_chained_unknown_field_errors
FN:407,_RNvNtNtNtCsSCJAO8sSnz_4koan8builtins4attr5testss_34attr_chained_through_nested_struct
FN:383,_RNvNtNtNtCsSCJAO8sSnz_4koan8builtins4attr5testss_34attr_reads_field_from_named_struct
FN:395,_RNvNtNtNtCsSCJAO8sSnz_4koan8builtins4attr5testss_35attr_reads_each_field_independently
FN:503,_RNvNtNtNtCsSCJAO8sSnz_4koan8builtins4attr5testss_39access_field_rejects_wrapped_non_struct
FN:547,_RNvNtNtNtCsSCJAO8sSnz_4koan8builtins4attr5testss_41transparent_view_slot_read_stays_concrete
FN:526,_RNvNtNtNtCsSCJAO8sSnz_4koan8builtins4attr5testss_48opaque_view_slot_read_re_tags_with_abstract_type
FN:487,_RNvNtNtNtCsSCJAO8sSnz_4koan8builtins4attr5testss_49access_field_falls_through_wrapped_record_newtype
FN:568,_RNvNtNtNtCsSCJAO8sSnz_4koan8builtins4attr5testss_53access_field_falls_through_wrapped_with_missing_field
FN:152,_RNvNtNtCsSCJAO8sSnz_4koan8builtins4attr11body_module
FN:215,_RNvNtNtCsSCJAO8sSnz_4koan8builtins4attr12access_field
FN:139,_RNvNtNtCsSCJAO8sSnz_4koan8builtins4attr12body_newtype
FN:100,_RNvNtNtCsSCJAO8sSnz_4koan8builtins4attr13body_type_lhs
FN:59,_RNvNtNtCsSCJAO8sSnz_4koan8builtins4attr15body_identifier
FN:34,_RNvNtNtCsSCJAO8sSnz_4koan8builtins4attr15read_field_name
FN:180,_RNvNtNtCsSCJAO8sSnz_4koan8builtins4attr18access_type_member
FN:270,_RNvNtNtCsSCJAO8sSnz_4koan8builtins4attr20access_module_member
FN:26,_RNvNtNtCsSCJAO8sSnz_4koan8builtins4attr4done
FN:296,_RNvNtNtCsSCJAO8sSnz_4koan8builtins4attr8register
FNDA:7,_RNvNtNtCsbkxZCYEF3rm_4koan8builtins4attr11body_module
FNDA:1,_RNvNtNtCsbkxZCYEF3rm_4koan8builtins4attr12access_field
FNDA:0,_RNvNtNtCsbkxZCYEF3rm_4koan8builtins4attr12body_newtype
FNDA:0,_RNvNtNtCsbkxZCYEF3rm_4koan8builtins4attr13body_type_lhs
FNDA:2,_RNvNtNtCsbkxZCYEF3rm_4koan8builtins4attr15body_identifier
FNDA:9,_RNvNtNtCsbkxZCYEF3rm_4koan8builtins4attr15read_field_name
FNDA:0,_RNvNtNtCsbkxZCYEF3rm_4koan8builtins4attr18access_type_member
FNDA:7,_RNvNtNtCsbkxZCYEF3rm_4koan8builtins4attr20access_module_member
FNDA:8,_RNvNtNtCsbkxZCYEF3rm_4koan8builtins4attr4done
FNDA:43,_RNvNtNtCsbkxZCYEF3rm_4koan8builtins4attr8register
FNDA:43,_RNCNvNtNtCsbkxZCYEF3rm_4koan8builtins4attr8register0B7_
FNDA:43,_RNCNvNtNtCsbkxZCYEF3rm_4koan8builtins4attr8registers0_0B7_
FNDA:43,_RNCNvNtNtCsbkxZCYEF3rm_4koan8builtins4attr8registers1_0B7_
FNDA:43,_RNCNvNtNtCsbkxZCYEF3rm_4koan8builtins4attr8registers2_0B7_
FNDA:43,_RNCNvNtNtCsbkxZCYEF3rm_4koan8builtins4attr8registers3_0B7_
FNDA:43,_RNCNvNtNtCsbkxZCYEF3rm_4koan8builtins4attr8registers_0B7_
FNDA:502,_RNCNvNtNtCsSCJAO8sSnz_4koan8builtins4attr8register0B7_
FNDA:502,_RNCNvNtNtCsSCJAO8sSnz_4koan8builtins4attr8registers0_0B7_
FNDA:502,_RNCNvNtNtCsSCJAO8sSnz_4koan8builtins4attr8registers1_0B7_
FNDA:502,_RNCNvNtNtCsSCJAO8sSnz_4koan8builtins4attr8registers2_0B7_
FNDA:502,_RNCNvNtNtCsSCJAO8sSnz_4koan8builtins4attr8registers3_0B7_
FNDA:502,_RNCNvNtNtCsSCJAO8sSnz_4koan8builtins4attr8registers_0B7_
FNDA:1,_RNvNtNtNtCsSCJAO8sSnz_4koan8builtins4attr5testss_24attr_unbound_name_errors
FNDA:1,_RNvNtNtNtCsSCJAO8sSnz_4koan8builtins4attr5testss_25attr_unknown_field_errors
FNDA:1,_RNvNtNtNtCsSCJAO8sSnz_4koan8builtins4attr5testss_31attr_on_non_struct_value_errors
FNDA:1,_RNvNtNtNtCsSCJAO8sSnz_4koan8builtins4attr5testss_33attr_chained_unknown_field_errors
FNDA:1,_RNvNtNtNtCsSCJAO8sSnz_4koan8builtins4attr5testss_34attr_chained_through_nested_struct
FNDA:1,_RNvNtNtNtCsSCJAO8sSnz_4koan8builtins4attr5testss_34attr_reads_field_from_named_struct
FNDA:1,_RNvNtNtNtCsSCJAO8sSnz_4koan8builtins4attr5testss_35attr_reads_each_field_independently
FNDA:1,_RNvNtNtNtCsSCJAO8sSnz_4koan8builtins4attr5testss_39access_field_rejects_wrapped_non_struct
FNDA:1,_RNvNtNtNtCsSCJAO8sSnz_4koan8builtins4attr5testss_41transparent_view_slot_read_stays_concrete
FNDA:1,_RNvNtNtNtCsSCJAO8sSnz_4koan8builtins4attr5testss_48opaque_view_slot_read_re_tags_with_abstract_type
FNDA:1,_RNvNtNtNtCsSCJAO8sSnz_4koan8builtins4attr5testss_49access_field_falls_through_wrapped_record_newtype
FNDA:1,_RNvNtNtNtCsSCJAO8sSnz_4koan8builtins4attr5testss_53access_field_falls_through_wrapped_with_missing_field
FNDA:20,_RNvNtNtCsSCJAO8sSnz_4koan8builtins4attr11body_module
FNDA:21,_RNvNtNtCsSCJAO8sSnz_4koan8builtins4attr12access_field
FNDA:2,_RNvNtNtCsSCJAO8sSnz_4koan8builtins4attr12body_newtype
FNDA:1,_RNvNtNtCsSCJAO8sSnz_4koan8builtins4attr13body_type_lhs
FNDA:22,_RNvNtNtCsSCJAO8sSnz_4koan8builtins4attr15body_identifier
FNDA:45,_RNvNtNtCsSCJAO8sSnz_4koan8builtins4attr15read_field_name
FNDA:0,_RNvNtNtCsSCJAO8sSnz_4koan8builtins4attr18access_type_member
FNDA:23,_RNvNtNtCsSCJAO8sSnz_4koan8builtins4attr20access_module_member
FNDA:43,_RNvNtNtCsSCJAO8sSnz_4koan8builtins4attr4done
FNDA:502,_RNvNtNtCsSCJAO8sSnz_4koan8builtins4attr8register
FNF:28
FNH:27
DA:26,51
DA:27,51
DA:28,51
DA:29,51
DA:30,51
DA:34,54
DA:36,54
DA:37,42
DA:38,42
DA:39,0
DA:40,0
DA:41,0
DA:42,0
DA:43,0
DA:45,12
DA:46,12
DA:47,12
DA:48,11
DA:49,1
DA:51,0
DA:52,0
DA:53,54
DA:59,24
DA:60,24
DA:61,24
DA:63,24
DA:64,24
DA:65,0
DA:66,0
DA:67,0
DA:68,0
DA:69,0
DA:70,0
DA:72,0
DA:74,24
DA:75,24
DA:76,19
DA:77,5
DA:78,5
DA:79,0
DA:80,3
DA:82,0
DA:85,0
DA:87,0
DA:88,0
DA:90,2
DA:91,2
DA:92,24
DA:100,1
DA:101,1
DA:102,1
DA:104,1
DA:105,1
DA:107,0
DA:108,0
DA:109,0
DA:110,0
DA:111,0
DA:112,0
DA:113,0
DA:117,1
DA:118,1
DA:119,1
DA:120,0
DA:121,0
DA:122,0
DA:124,1
DA:125,1
DA:126,1
DA:127,1
DA:128,1
DA:129,1
DA:130,1
DA:131,1
DA:134,0
DA:136,1
DA:139,2
DA:140,2
DA:141,2
DA:143,2
DA:144,2
DA:145,0
DA:147,2
DA:148,2
DA:149,2
DA:152,27
DA:153,27
DA:154,27
DA:156,27
DA:157,27
DA:159,0
DA:160,0
DA:161,0
DA:162,0
DA:163,0
DA:164,0
DA:165,0
DA:166,0
DA:167,0
DA:168,0
DA:169,0
DA:173,27
DA:174,27
DA:175,27
DA:180,0
DA:181,0
DA:182,0
DA:183,0
DA:184,0
DA:185,0
DA:186,0
DA:188,0
DA:189,0
DA:190,0
DA:191,0
DA:192,0
DA:193,0
DA:194,0
DA:195,0
DA:196,0
DA:197,0
DA:198,0
DA:199,0
DA:204,0
DA:206,0
DA:207,0
DA:208,0
DA:209,0
DA:210,0
DA:211,0
DA:213,0
DA:215,22
DA:216,22
DA:217,22
DA:218,22
DA:219,22
DA:220,22
DA:227,18
DA:228,17
DA:229,14
DA:230,14
DA:231,14
DA:232,0
DA:233,3
DA:234,3
DA:235,3
DA:236,3
DA:237,3
DA:239,1
DA:241,4
DA:242,4
DA:243,4
DA:244,4
DA:245,4
DA:247,22
DA:270,30
DA:271,30
DA:272,30
DA:273,9
DA:274,21
DA:275,21
DA:276,17
DA:277,2
DA:278,2
DA:279,2
DA:280,2
DA:281,2
DA:282,2
DA:283,2
DA:284,15
DA:285,15
DA:286,4
DA:287,4
DA:288,3
DA:289,1
DA:290,1
DA:291,1
DA:292,1
DA:293,1
DA:294,30
DA:296,545
DA:297,545
DA:298,545
DA:299,545
DA:300,545
DA:301,545
DA:302,545
DA:303,545
DA:306,545
DA:307,545
DA:308,545
DA:309,545
DA:310,545
DA:311,545
DA:312,545
DA:313,545
DA:316,545
DA:325,545
DA:326,545
DA:327,545
DA:328,545
DA:329,545
DA:330,545
DA:331,545
DA:334,545
DA:335,545
DA:336,545
DA:337,545
DA:338,545
DA:339,545
DA:340,545
DA:341,545
DA:344,545
DA:345,545
DA:346,545
DA:347,545
DA:348,545
DA:349,545
DA:350,545
DA:351,545
DA:354,545
DA:356,545
DA:357,545
DA:358,545
DA:359,545
DA:360,545
DA:361,545
DA:362,545
DA:365,545
DA:368,545
DA:369,545
DA:370,545
DA:371,545
DA:372,545
DA:373,545
DA:374,545
DA:383,1
DA:384,1
DA:385,1
DA:386,1
DA:387,1
DA:388,1
DA:390,1
DA:391,1
DA:392,1
DA:395,1
DA:396,1
DA:397,1
DA:398,1
DA:399,1
DA:400,1
DA:402,1
DA:403,1
DA:404,1
DA:407,1
DA:408,1
DA:409,1
DA:410,1
DA:411,1
DA:412,1
DA:413,1
DA:414,1
DA:415,1
DA:416,1
DA:418,1
DA:419,1
DA:420,1
DA:423,1
DA:424,1
DA:425,1
DA:426,1
DA:427,1
DA:428,1
DA:431,1
DA:434,1
DA:435,1
DA:436,1
DA:437,1
DA:438,1
DA:439,1
DA:440,1
DA:441,1
DA:442,1
DA:443,1
DA:445,0
DA:447,1
DA:450,1
DA:451,1
DA:452,1
DA:453,1
DA:454,1
DA:455,1
DA:457,1
DA:458,1
DA:459,1
DA:460,1
DA:463,1
DA:466,1
DA:467,1
DA:468,1
DA:469,1
DA:470,1
DA:471,1
DA:472,1
DA:473,1
DA:474,1
DA:475,1
DA:477,1
DA:478,1
DA:479,1
DA:480,1
DA:483,1
DA:487,1
DA:488,1
DA:489,1
DA:490,1
DA:491,1
DA:492,1
DA:493,1
DA:494,1
DA:495,1
DA:497,1
DA:498,1
DA:499,1
DA:503,1
DA:504,1
DA:505,1
DA:506,1
DA:507,1
DA:508,1
DA:509,1
DA:511,1
DA:512,1
DA:513,1
DA:514,1
DA:515,1
DA:516,1
DA:518,0
DA:520,1
DA:526,1
DA:527,1
DA:528,1
DA:529,1
DA:530,1
DA:531,1
DA:532,1
DA:533,1
DA:535,1
DA:536,1
DA:537,1
DA:540,0
DA:542,1
DA:547,1
DA:548,1
DA:549,1
DA:550,1
DA:551,1
DA:552,1
DA:553,1
DA:554,1
DA:556,1
DA:557,1
DA:558,1
DA:560,0
DA:562,1
DA:568,1
DA:569,1
DA:570,1
DA:571,1
DA:572,1
DA:573,1
DA:574,1
DA:575,1
DA:576,1
DA:578,1
DA:579,1
DA:580,1
DA:581,1
DA:584,1
BRF:0
BRH:0
LF:385
LH:311
end_of_record
SF:/var/home/jack/Code/koan/src/builtins/branch_walk.rs
FN:26,_RNCNvNtNtCsbkxZCYEF3rm_4koan8builtins11branch_walk20resolve_arm_contract0B7_
FN:63,_RNCNvNtNtCsbkxZCYEF3rm_4koan8builtins11branch_walk8arm_tail0B7_
FN:84,_RNvNtNtCsbkxZCYEF3rm_4koan8builtins11branch_walk16find_branch_body
FN:17,_RNvNtNtCsbkxZCYEF3rm_4koan8builtins11branch_walk20resolve_arm_contract
FN:52,_RNvNtNtCsbkxZCYEF3rm_4koan8builtins11branch_walk8arm_tail
FN:84,_RNvNtNtCsSCJAO8sSnz_4koan8builtins11branch_walk16find_branch_body
FN:17,_RNvNtNtCsSCJAO8sSnz_4koan8builtins11branch_walk20resolve_arm_contract
FN:52,_RNvNtNtCsSCJAO8sSnz_4koan8builtins11branch_walk8arm_tail
FN:26,_RNCNvNtNtCsSCJAO8sSnz_4koan8builtins11branch_walk20resolve_arm_contract0B7_
FN:63,_RNCNvNtNtCsSCJAO8sSnz_4koan8builtins11branch_walk8arm_tail0B7_
FNDA:0,_RNCNvNtNtCsbkxZCYEF3rm_4koan8builtins11branch_walk20resolve_arm_contract0B7_
FNDA:0,_RNCNvNtNtCsbkxZCYEF3rm_4koan8builtins11branch_walk8arm_tail0B7_
FNDA:0,_RNvNtNtCsbkxZCYEF3rm_4koan8builtins11branch_walk16find_branch_body
FNDA:0,_RNvNtNtCsbkxZCYEF3rm_4koan8builtins11branch_walk20resolve_arm_contract
FNDA:0,_RNvNtNtCsbkxZCYEF3rm_4koan8builtins11branch_walk8arm_tail
FNDA:91,_RNvNtNtCsSCJAO8sSnz_4koan8builtins11branch_walk16find_branch_body
FNDA:91,_RNvNtNtCsSCJAO8sSnz_4koan8builtins11branch_walk20resolve_arm_contract
FNDA:84,_RNvNtNtCsSCJAO8sSnz_4koan8builtins11branch_walk8arm_tail
FNDA:0,_RNCNvNtNtCsSCJAO8sSnz_4koan8builtins11branch_walk20resolve_arm_contract0B7_
FNDA:84,_RNCNvNtNtCsSCJAO8sSnz_4koan8builtins11branch_walk8arm_tail0B7_
FNF:5
FNH:4
DA:17,91
DA:18,91
DA:19,91
DA:20,91
DA:22,91
DA:23,0
DA:24,0
DA:25,0
DA:26,0
DA:27,0
DA:28,0
DA:29,0
DA:30,0
DA:31,0
DA:34,91
DA:36,0
DA:37,0
DA:38,0
DA:41,91
DA:42,91
DA:43,91
DA:44,91
DA:45,91
DA:46,91
DA:52,84
DA:53,84
DA:54,84
DA:55,84
DA:56,84
DA:57,84
DA:58,84
DA:62,84
DA:63,84
DA:64,84
DA:65,84
DA:66,84
DA:67,84
DA:68,84
DA:69,84
DA:70,84
DA:71,84
DA:72,84
DA:73,84
DA:74,84
DA:75,84
DA:76,84
DA:77,84
DA:78,84
DA:79,84
DA:84,91
DA:85,91
DA:86,91
DA:87,91
DA:88,91
DA:89,91
DA:90,91
DA:91,0
DA:92,0
DA:93,0
DA:94,0
DA:95,91
DA:96,91
DA:97,91
DA:98,133
DA:99,125
DA:100,125
DA:101,125
DA:102,125
DA:104,112
DA:107,9
DA:108,9
DA:109,6
DA:111,3
DA:115,4
DA:116,0
DA:117,0
DA:118,0
DA:119,0
DA:120,0
DA:123,125
DA:124,125
DA:125,0
DA:126,0
DA:127,0
DA:128,0
DA:129,0
DA:132,125
DA:133,123
DA:134,2
DA:135,2
DA:136,2
DA:137,2
DA:138,2
DA:141,123
DA:142,81
DA:143,42
DA:144,42
DA:145,4
DA:146,38
DA:147,42
DA:149,8
DA:150,91
BRF:0
BRH:0
LF:105
LH:77
end_of_record
SF:/var/home/jack/Code/koan/src/builtins/catch.rs
FN:52,_RNCNvNtNtCsbkxZCYEF3rm_4koan8builtins5catch4body0B7_
FN:38,_RNvNtNtCsbkxZCYEF3rm_4koan8builtins5catch4body
FN:15,_RNvNtNtCsbkxZCYEF3rm_4koan8builtins5catch8register
FN:52,_RNCNvNtNtCsSCJAO8sSnz_4koan8builtins5catch4body0B7_
FN:38,_RNvNtNtCsSCJAO8sSnz_4koan8builtins5catch4body
FN:15,_RNvNtNtCsSCJAO8sSnz_4koan8builtins5catch8register
FNDA:0,_RNCNvNtNtCsbkxZCYEF3rm_4koan8builtins5catch4body0B7_
FNDA:0,_RNvNtNtCsbkxZCYEF3rm_4koan8builtins5catch4body
FNDA:43,_RNvNtNtCsbkxZCYEF3rm_4koan8builtins5catch8register
FNDA:8,_RNCNvNtNtCsSCJAO8sSnz_4koan8builtins5catch4body0B7_
FNDA:8,_RNvNtNtCsSCJAO8sSnz_4koan8builtins5catch4body
FNDA:502,_RNvNtNtCsSCJAO8sSnz_4koan8builtins5catch8register
FNF:3
FNH:3
DA:15,545
DA:21,545
DA:22,545
DA:23,0
DA:25,545
DA:26,545
DA:27,545
DA:28,545
DA:29,545
DA:30,545
DA:31,545
DA:33,545
DA:34,545
DA:38,8
DA:39,8
DA:40,8
DA:45,8
DA:48,8
DA:49,8
DA:50,0
DA:52,8
DA:53,8
DA:54,3
DA:55,5
DA:57,8
DA:58,8
DA:59,8
DA:60,8
DA:61,8
DA:62,8
DA:63,8
DA:64,8
DA:65,8
DA:66,8
DA:67,8
DA:68,8
DA:69,8
DA:70,8
DA:71,8
DA:72,8
DA:73,8
BRF:0
BRH:0
LF:42
LH:40
end_of_record
SF:/var/home/jack/Code/koan/src/builtins/eval.rs
FN:34,_RNCNvNtNtCsbkxZCYEF3rm_4koan8builtins4eval4body0B7_
FN:15,_RNvNtNtCsbkxZCYEF3rm_4koan8builtins4eval4body
FN:44,_RNvNtNtCsbkxZCYEF3rm_4koan8builtins4eval8register
FN:34,_RNCNvNtNtCsSCJAO8sSnz_4koan8builtins4eval4body0B7_
FN:15,_RNvNtNtCsSCJAO8sSnz_4koan8builtins4eval4body
FN:44,_RNvNtNtCsSCJAO8sSnz_4koan8builtins4eval8register
FN:56,_RNvNtNtNtCsSCJAO8sSnz_4koan8builtins4eval5tests11run_program
FN:113,_RNvNtNtNtCsSCJAO8sSnz_4koan8builtins4eval5testss_21recursive_eval_no_uaf
FN:65,_RNvNtNtNtCsSCJAO8sSnz_4koan8builtins4eval5testss_22eval_of_quoted_literal
FN:99,_RNvNtNtNtCsSCJAO8sSnz_4koan8builtins4eval5testss_34multiline_sigil_collapse_roundtrip
FN:105,_RNvNtNtNtCsSCJAO8sSnz_4koan8builtins4eval5testss_35eval_returns_inner_expression_value
FN:93,_RNvNtNtNtCsSCJAO8sSnz_4koan8builtins4eval5testss_37eval_runs_side_effects_in_quoted_body
FN:71,_RNvNtNtNtCsSCJAO8sSnz_4koan8builtins4eval5testss_38eval_of_function_returning_kexpression
FN:80,_RNvNtNtNtCsSCJAO8sSnz_4koan8builtins4eval5testss_49eval_of_non_kexpression_errors_with_type_mismatch
FNDA:0,_RNCNvNtNtCsbkxZCYEF3rm_4koan8builtins4eval4body0B7_
FNDA:0,_RNvNtNtCsbkxZCYEF3rm_4koan8builtins4eval4body
FNDA:43,_RNvNtNtCsbkxZCYEF3rm_4koan8builtins4eval8register
FNDA:8,_RNCNvNtNtCsSCJAO8sSnz_4koan8builtins4eval4body0B7_
FNDA:9,_RNvNtNtCsSCJAO8sSnz_4koan8builtins4eval4body
FNDA:502,_RNvNtNtCsSCJAO8sSnz_4koan8builtins4eval8register
FNDA:6,_RNvNtNtNtCsSCJAO8sSnz_4koan8builtins4eval5tests11run_program
FNDA:1,_RNvNtNtNtCsSCJAO8sSnz_4koan8builtins4eval5testss_21recursive_eval_no_uaf
FNDA:1,_RNvNtNtNtCsSCJAO8sSnz_4koan8builtins4eval5testss_22eval_of_quoted_literal
FNDA:1,_RNvNtNtNtCsSCJAO8sSnz_4koan8builtins4eval5testss_34multiline_sigil_collapse_roundtrip
FNDA:1,_RNvNtNtNtCsSCJAO8sSnz_4koan8builtins4eval5testss_35eval_returns_inner_expression_value
FNDA:1,_RNvNtNtNtCsSCJAO8sSnz_4koan8builtins4eval5testss_37eval_runs_side_effects_in_quoted_body
FNDA:1,_RNvNtNtNtCsSCJAO8sSnz_4koan8builtins4eval5testss_38eval_of_function_returning_kexpression
FNDA:1,_RNvNtNtNtCsSCJAO8sSnz_4koan8builtins4eval5testss_49eval_of_non_kexpression_errors_with_type_mismatch
FNF:11
FNH:11
DA:15,9
DA:16,9
DA:17,9
DA:21,9
DA:22,8
DA:23,1
DA:24,1
DA:25,1
DA:26,1
DA:27,1
DA:28,1
DA:30,0
DA:34,8
DA:35,8
DA:36,8
DA:37,8
DA:38,8
DA:39,8
DA:40,8
DA:41,8
DA:42,9
DA:44,545
DA:45,545
DA:46,545
DA:47,545
DA:56,6
DA:57,6
DA:58,6
DA:59,6
DA:60,6
DA:61,6
DA:62,6
DA:65,1
DA:66,1
DA:67,1
DA:68,1
DA:71,1
DA:72,1
DA:73,1
DA:74,1
DA:76,1
DA:77,1
DA:80,1
DA:81,1
DA:82,1
DA:83,1
DA:84,1
DA:85,1
DA:86,1
DA:87,1
DA:90,1
DA:93,1
DA:94,1
DA:95,1
DA:96,1
DA:99,1
DA:100,1
DA:101,1
DA:102,1
DA:105,1
DA:108,1
DA:109,1
DA:110,1
DA:113,1
DA:117,1
DA:118,1
DA:119,1
DA:120,1
DA:121,1
DA:122,1
DA:123,1
DA:125,1
DA:126,1
BRF:0
BRH:0
LF:74
LH:73
end_of_record
SF:/var/home/jack/Code/koan/src/builtins/fn_def.rs
FN:62,_RNvNtNtCsbkxZCYEF3rm_4koan8builtins6fn_def13build_fn_like
FN:142,_RNvNtNtCsbkxZCYEF3rm_4koan8builtins6fn_def18body_record_schema
FN:23,_RNvNtNtCsbkxZCYEF3rm_4koan8builtins6fn_def19collect_param_types
FN:127,_RNvNtNtCsbkxZCYEF3rm_4koan8builtins6fn_def4body
FN:205,_RNvNtNtCsbkxZCYEF3rm_4koan8builtins6fn_def8register
FN:165,_RNCNvNtNtCsbkxZCYEF3rm_4koan8builtins6fn_def18body_record_schema0B7_
FN:228,_RNCNvNtNtCsbkxZCYEF3rm_4koan8builtins6fn_def8register0B7_
FN:262,_RNCNvNtNtCsbkxZCYEF3rm_4koan8builtins6fn_def8registers0_0B7_
FN:245,_RNCNvNtNtCsbkxZCYEF3rm_4koan8builtins6fn_def8registers_0B7_
FN:62,_RNvNtNtCsSCJAO8sSnz_4koan8builtins6fn_def13build_fn_like
FN:142,_RNvNtNtCsSCJAO8sSnz_4koan8builtins6fn_def18body_record_schema
FN:23,_RNvNtNtCsSCJAO8sSnz_4koan8builtins6fn_def19collect_param_types
FN:127,_RNvNtNtCsSCJAO8sSnz_4koan8builtins6fn_def4body
FN:205,_RNvNtNtCsSCJAO8sSnz_4koan8builtins6fn_def8register
FN:165,_RNCNvNtNtCsSCJAO8sSnz_4koan8builtins6fn_def18body_record_schema0B7_
FN:228,_RNCNvNtNtCsSCJAO8sSnz_4koan8builtins6fn_def8register0B7_
FN:262,_RNCNvNtNtCsSCJAO8sSnz_4koan8builtins6fn_def8registers0_0B7_
FN:245,_RNCNvNtNtCsSCJAO8sSnz_4koan8builtins6fn_def8registers_0B7_
FNDA:18,_RNvNtNtCsbkxZCYEF3rm_4koan8builtins6fn_def13build_fn_like
FNDA:0,_RNvNtNtCsbkxZCYEF3rm_4koan8builtins6fn_def18body_record_schema
FNDA:7,_RNvNtNtCsbkxZCYEF3rm_4koan8builtins6fn_def19collect_param_types
FNDA:11,_RNvNtNtCsbkxZCYEF3rm_4koan8builtins6fn_def4body
FNDA:43,_RNvNtNtCsbkxZCYEF3rm_4koan8builtins6fn_def8register
FNDA:0,_RNCNvNtNtCsbkxZCYEF3rm_4koan8builtins6fn_def18body_record_schema0B7_
FNDA:43,_RNCNvNtNtCsbkxZCYEF3rm_4koan8builtins6fn_def8register0B7_
FNDA:43,_RNCNvNtNtCsbkxZCYEF3rm_4koan8builtins6fn_def8registers0_0B7_
FNDA:43,_RNCNvNtNtCsbkxZCYEF3rm_4koan8builtins6fn_def8registers_0B7_
FNDA:251,_RNvNtNtCsSCJAO8sSnz_4koan8builtins6fn_def13build_fn_like
FNDA:8,_RNvNtNtCsSCJAO8sSnz_4koan8builtins6fn_def18body_record_schema
FNDA:18,_RNvNtNtCsSCJAO8sSnz_4koan8builtins6fn_def19collect_param_types
FNDA:233,_RNvNtNtCsSCJAO8sSnz_4koan8builtins6fn_def4body
FNDA:502,_RNvNtNtCsSCJAO8sSnz_4koan8builtins6fn_def8register
FNDA:7,_RNCNvNtNtCsSCJAO8sSnz_4koan8builtins6fn_def18body_record_schema0B7_
FNDA:502,_RNCNvNtNtCsSCJAO8sSnz_4koan8builtins6fn_def8register0B7_
FNDA:502,_RNCNvNtNtCsSCJAO8sSnz_4koan8builtins6fn_def8registers0_0B7_
FNDA:502,_RNCNvNtNtCsSCJAO8sSnz_4koan8builtins6fn_def8registers_0B7_
FNF:9
FNH:9
DA:23,25
DA:24,25
DA:25,25
DA:26,25
DA:28,25
DA:29,25
DA:30,25
DA:31,25
DA:32,75
DA:33,50
DA:34,7
DA:35,18
DA:36,25
DA:38,50
DA:39,25
DA:40,25
DA:41,25
DA:42,25
DA:43,25
DA:44,0
DA:45,0
DA:46,25
DA:47,25
DA:48,25
DA:49,25
DA:51,25
DA:52,25
DA:62,269
DA:63,269
DA:64,269
DA:65,269
DA:66,269
DA:71,269
DA:72,269
DA:73,269
DA:74,269
DA:75,269
DA:76,25
DA:77,244
DA:79,269
DA:80,269
DA:81,269
DA:82,269
DA:83,269
DA:84,269
DA:85,269
DA:86,269
DA:87,266
DA:88,2
DA:89,264
DA:90,264
DA:91,197
DA:92,4
DA:93,4
DA:96,63
DA:97,63
DA:98,63
DA:99,63
DA:100,63
DA:101,63
DA:103,260
DA:104,260
DA:106,177
DA:107,177
DA:108,177
DA:109,177
DA:110,177
DA:111,177
DA:112,177
DA:113,177
DA:114,177
DA:115,177
DA:116,83
DA:118,269
DA:127,244
DA:128,244
DA:129,244
DA:130,244
DA:131,244
DA:142,8
DA:143,8
DA:144,8
DA:149,8
DA:150,7
DA:151,1
DA:152,1
DA:153,1
DA:154,1
DA:155,1
DA:158,0
DA:159,0
DA:160,0
DA:163,7
DA:164,7
DA:165,7
DA:166,7
DA:167,7
DA:168,7
DA:169,7
DA:170,7
DA:171,7
DA:172,7
DA:173,7
DA:174,7
DA:175,7
DA:176,7
DA:177,7
DA:178,7
DA:179,7
DA:180,7
DA:181,7
DA:182,7
DA:183,7
DA:184,7
DA:185,7
DA:186,7
DA:187,7
DA:188,7
DA:189,7
DA:190,7
DA:191,7
DA:192,0
DA:193,0
DA:194,0
DA:195,0
DA:196,0
DA:197,0
DA:198,0
DA:199,0
DA:203,8
DA:205,545
DA:228,545
DA:229,545
DA:230,545
DA:231,545
DA:232,545
DA:233,545
DA:234,545
DA:235,545
DA:236,545
DA:237,545
DA:240,545
DA:245,545
DA:246,545
DA:247,545
DA:248,545
DA:249,545
DA:250,545
DA:251,545
DA:252,545
DA:253,545
DA:254,545
DA:257,545
DA:262,545
DA:263,545
DA:264,545
DA:265,545
DA:266,545
DA:267,545
DA:268,545
DA:269,545
DA:270,545
DA:271,545
DA:274,545
DA:276,545
DA:277,545
DA:278,545
DA:279,545
DA:280,545
DA:281,545
DA:282,545
DA:285,545
DA:286,545
DA:287,545
DA:288,545
DA:289,545
DA:290,545
DA:291,545
DA:294,545
DA:295,545
DA:296,545
DA:297,545
DA:298,545
DA:299,545
DA:300,545
DA:303,545
BRF:0
BRH:0
LF:190
LH:177
end_of_record
SF:/var/home/jack/Code/koan/src/builtins/fn_def/finalize.rs
FN:197,_RNvNtNtNtCsbkxZCYEF3rm_4koan8builtins6fn_def8finalize21finalize_fn_with_kind
FN:279,_RNvNtNtNtCsbkxZCYEF3rm_4koan8builtins6fn_def8finalize5defer
FN:88,_RNvNtNtNtCsbkxZCYEF3rm_4koan8builtins6fn_def8finalize8classify
FN:224,_RNCNvNtNtNtCsbkxZCYEF3rm_4koan8builtins6fn_def8finalize21finalize_fn_with_kind0B9_
FN:313,_RNCNvNtNtNtCsbkxZCYEF3rm_4koan8builtins6fn_def8finalize5defer0B9_
FN:197,_RNvNtNtNtCsSCJAO8sSnz_4koan8builtins6fn_def8finalize21finalize_fn_with_kind
FN:279,_RNvNtNtNtCsSCJAO8sSnz_4koan8builtins6fn_def8finalize5defer
FN:88,_RNvNtNtNtCsSCJAO8sSnz_4koan8builtins6fn_def8finalize8classify
FN:224,_RNCNvNtNtNtCsSCJAO8sSnz_4koan8builtins6fn_def8finalize21finalize_fn_with_kind0B9_
FN:313,_RNCNvNtNtNtCsSCJAO8sSnz_4koan8builtins6fn_def8finalize5defer0B9_
FNDA:18,_RNvNtNtNtCsbkxZCYEF3rm_4koan8builtins6fn_def8finalize21finalize_fn_with_kind
FNDA:1,_RNvNtNtNtCsbkxZCYEF3rm_4koan8builtins6fn_def8finalize5defer
FNDA:18,_RNvNtNtNtCsbkxZCYEF3rm_4koan8builtins6fn_def8finalize8classify
FNDA:18,_RNCNvNtNtNtCsbkxZCYEF3rm_4koan8builtins6fn_def8finalize21finalize_fn_with_kind0B9_
FNDA:1,_RNCNvNtNtNtCsbkxZCYEF3rm_4koan8builtins6fn_def8finalize5defer0B9_
FNDA:247,_RNvNtNtNtCsSCJAO8sSnz_4koan8builtins6fn_def8finalize21finalize_fn_with_kind
FNDA:82,_RNvNtNtNtCsSCJAO8sSnz_4koan8builtins6fn_def8finalize5defer
FNDA:249,_RNvNtNtNtCsSCJAO8sSnz_4koan8builtins6fn_def8finalize8classify
FNDA:252,_RNCNvNtNtNtCsSCJAO8sSnz_4koan8builtins6fn_def8finalize21finalize_fn_with_kind0B9_
FNDA:82,_RNCNvNtNtNtCsSCJAO8sSnz_4koan8builtins6fn_def8finalize5defer0B9_
FNF:5
FNH:5
DA:88,267
DA:89,267
DA:90,166
DA:91,166
DA:92,166
DA:93,166
DA:94,18
DA:95,18
DA:96,18
DA:97,18
DA:98,20
DA:100,20
DA:101,20
DA:102,20
DA:103,20
DA:104,20
DA:105,20
DA:106,20
DA:109,60
DA:111,60
DA:112,60
DA:114,60
DA:115,60
DA:116,60
DA:117,60
DA:118,60
DA:119,60
DA:120,60
DA:122,0
DA:124,0
DA:125,0
DA:127,0
DA:128,0
DA:129,0
DA:130,0
DA:131,0
DA:132,0
DA:133,0
DA:134,0
DA:135,0
DA:137,3
DA:139,3
DA:140,3
DA:145,3
DA:146,3
DA:147,3
DA:148,3
DA:149,3
DA:150,3
DA:151,3
DA:152,3
DA:154,0
DA:157,0
DA:158,0
DA:159,0
DA:160,0
DA:161,0
DA:162,0
DA:163,0
DA:167,0
DA:168,0
DA:171,0
DA:172,0
DA:175,0
DA:176,0
DA:177,0
DA:178,0
DA:179,0
DA:180,0
DA:181,0
DA:182,0
DA:185,267
DA:197,265
DA:198,265
DA:199,265
DA:200,265
DA:201,265
DA:202,265
DA:203,265
DA:204,265
DA:205,265
DA:208,265
DA:209,23
DA:210,21
DA:211,1
DA:212,1
DA:213,1
DA:214,1
DA:215,1
DA:216,20
DA:217,2
DA:218,242
DA:224,270
DA:225,256
DA:226,14
DA:227,270
DA:229,264
DA:230,264
DA:231,264
DA:232,264
DA:234,264
DA:235,264
DA:236,264
DA:237,264
DA:238,264
DA:239,264
DA:240,264
DA:241,264
DA:242,264
DA:245,264
DA:249,264
DA:250,257
DA:251,256
DA:253,1
DA:254,1
DA:255,1
DA:256,1
DA:259,256
DA:260,7
DA:263,261
DA:264,265
DA:279,83
DA:280,83
DA:281,83
DA:282,83
DA:283,83
DA:284,83
DA:285,83
DA:288,83
DA:289,83
DA:290,83
DA:291,83
DA:292,83
DA:293,83
DA:294,83
DA:295,83
DA:296,83
DA:297,83
DA:298,23
DA:299,23
DA:300,23
DA:301,23
DA:302,23
DA:303,60
DA:304,83
DA:305,83
DA:306,62
DA:307,62
DA:308,62
DA:309,62
DA:310,62
DA:311,62
DA:312,62
DA:313,83
DA:314,83
DA:315,83
DA:316,62
DA:317,62
DA:318,1
DA:319,1
DA:320,1
DA:321,1
DA:322,1
DA:323,61
DA:324,61
DA:326,82
DA:327,81
DA:328,82
DA:329,81
DA:330,0
DA:332,81
DA:333,81
DA:334,81
DA:335,0
DA:336,0
DA:339,0
DA:340,0
DA:341,0
DA:342,0
DA:347,81
DA:348,81
DA:349,81
DA:350,81
DA:351,81
DA:352,81
DA:353,81
DA:354,81
DA:355,83
DA:356,83
DA:357,83
BRF:0
BRH:0
LF:192
LH:153
end_of_record
SF:/var/home/jack/Code/koan/src/builtins/fn_def/param_refs.rs
FN:23,_RNCNvNtNtNtCsbkxZCYEF3rm_4koan8builtins6fn_def10param_refs19part_references_any0B9_
FN:32,_RNCNvNtNtNtCsbkxZCYEF3rm_4koan8builtins6fn_def10param_refs19part_references_anys0_0B9_
FN:39,_RNCNvNtNtNtCsbkxZCYEF3rm_4koan8builtins6fn_def10param_refs19part_references_anys1_0B9_
FN:30,_RNCNvNtNtNtCsbkxZCYEF3rm_4koan8builtins6fn_def10param_refs19part_references_anys_0B9_
FN:12,_RNCNvNtNtNtCsbkxZCYEF3rm_4koan8builtins6fn_def10param_refs24type_expr_references_any0B9_
FN:18,_RNCNvNtNtNtCsbkxZCYEF3rm_4koan8builtins6fn_def10param_refs26kexpression_references_any0B9_
FN:21,_RNvNtNtNtCsbkxZCYEF3rm_4koan8builtins6fn_def10param_refs19part_references_any
FN:11,_RNvNtNtNtCsbkxZCYEF3rm_4koan8builtins6fn_def10param_refs24type_expr_references_any
FN:15,_RNvNtNtNtCsbkxZCYEF3rm_4koan8builtins6fn_def10param_refs26kexpression_references_any
FN:23,_RNCNvNtNtNtCsSCJAO8sSnz_4koan8builtins6fn_def10param_refs19part_references_any0B9_
FN:32,_RNCNvNtNtNtCsSCJAO8sSnz_4koan8builtins6fn_def10param_refs19part_references_anys0_0B9_
FN:39,_RNCNvNtNtNtCsSCJAO8sSnz_4koan8builtins6fn_def10param_refs19part_references_anys1_0B9_
FN:30,_RNCNvNtNtNtCsSCJAO8sSnz_4koan8builtins6fn_def10param_refs19part_references_anys_0B9_
FN:12,_RNCNvNtNtNtCsSCJAO8sSnz_4koan8builtins6fn_def10param_refs24type_expr_references_any0B9_
FN:18,_RNCNvNtNtNtCsSCJAO8sSnz_4koan8builtins6fn_def10param_refs26kexpression_references_any0B9_
FN:21,_RNvNtNtNtCsSCJAO8sSnz_4koan8builtins6fn_def10param_refs19part_references_any
FN:11,_RNvNtNtNtCsSCJAO8sSnz_4koan8builtins6fn_def10param_refs24type_expr_references_any
FN:15,_RNvNtNtNtCsSCJAO8sSnz_4koan8builtins6fn_def10param_refs26kexpression_references_any
FNDA:0,_RNCNvNtNtNtCsbkxZCYEF3rm_4koan8builtins6fn_def10param_refs19part_references_any0B9_
FNDA:0,_RNCNvNtNtNtCsbkxZCYEF3rm_4koan8builtins6fn_def10param_refs19part_references_anys0_0B9_
FNDA:0,_RNCNvNtNtNtCsbkxZCYEF3rm_4koan8builtins6fn_def10param_refs19part_references_anys1_0B9_
FNDA:0,_RNCNvNtNtNtCsbkxZCYEF3rm_4koan8builtins6fn_def10param_refs19part_references_anys_0B9_
FNDA:4,_RNCNvNtNtNtCsbkxZCYEF3rm_4koan8builtins6fn_def10param_refs24type_expr_references_any0B9_
FNDA:6,_RNCNvNtNtNtCsbkxZCYEF3rm_4koan8builtins6fn_def10param_refs26kexpression_references_any0B9_
FNDA:6,_RNvNtNtNtCsbkxZCYEF3rm_4koan8builtins6fn_def10param_refs19part_references_any
FNDA:4,_RNvNtNtNtCsbkxZCYEF3rm_4koan8builtins6fn_def10param_refs24type_expr_references_any
FNDA:2,_RNvNtNtNtCsbkxZCYEF3rm_4koan8builtins6fn_def10param_refs26kexpression_references_any
FNDA:5,_RNCNvNtNtNtCsSCJAO8sSnz_4koan8builtins6fn_def10param_refs19part_references_any0B9_
FNDA:1,_RNCNvNtNtNtCsSCJAO8sSnz_4koan8builtins6fn_def10param_refs19part_references_anys0_0B9_
FNDA:5,_RNCNvNtNtNtCsSCJAO8sSnz_4koan8builtins6fn_def10param_refs19part_references_anys1_0B9_
FNDA:1,_RNCNvNtNtNtCsSCJAO8sSnz_4koan8builtins6fn_def10param_refs19part_references_anys_0B9_
FNDA:40,_RNCNvNtNtNtCsSCJAO8sSnz_4koan8builtins6fn_def10param_refs24type_expr_references_any0B9_
FNDA:104,_RNCNvNtNtNtCsSCJAO8sSnz_4koan8builtins6fn_def10param_refs26kexpression_references_any0B9_
FNDA:112,_RNvNtNtNtCsSCJAO8sSnz_4koan8builtins6fn_def10param_refs19part_references_any
FNDA:56,_RNvNtNtNtCsSCJAO8sSnz_4koan8builtins6fn_def10param_refs24type_expr_references_any
FNDA:41,_RNvNtNtNtCsSCJAO8sSnz_4koan8builtins6fn_def10param_refs26kexpression_references_any
FNF:9
FNH:9
DA:11,60
DA:12,60
DA:13,60
DA:15,43
DA:16,43
DA:17,43
DA:18,110
DA:19,43
DA:21,118
DA:22,118
DA:23,7
DA:24,45
DA:25,6
DA:26,1
DA:28,0
DA:29,1
DA:30,1
DA:32,1
DA:33,1
DA:34,1
DA:37,4
DA:38,4
DA:39,5
DA:40,53
DA:42,118
BRF:0
BRH:0
LF:31
LH:30
end_of_record
SF:/var/home/jack/Code/koan/src/builtins/fn_def/return_type.rs
FN:201,_RNCNvNtNtNtCsbkxZCYEF3rm_4koan8builtins6fn_def11return_type31verdict_for_deferred_expression0B9_
FN:225,_RNvNtNtNtCsbkxZCYEF3rm_4koan8builtins6fn_def11return_type12make_capture
FN:93,_RNvNtNtNtCsbkxZCYEF3rm_4koan8builtins6fn_def11return_type20classify_return_type
FN:159,_RNvNtNtNtCsbkxZCYEF3rm_4koan8builtins6fn_def11return_type20verdict_for_resolved
FN:56,_RNvNtNtNtCsbkxZCYEF3rm_4koan8builtins6fn_def11return_type23extract_return_type_raw
FN:232,_RNvNtNtNtCsbkxZCYEF3rm_4koan8builtins6fn_def11return_type25resolve_capture_at_finish
FN:174,_RNvNtNtNtCsbkxZCYEF3rm_4koan8builtins6fn_def11return_type30verdict_for_deferred_type_expr
FN:200,_RNvNtNtNtCsbkxZCYEF3rm_4koan8builtins6fn_def11return_type31verdict_for_deferred_expression
FN:201,_RNCNvNtNtNtCsSCJAO8sSnz_4koan8builtins6fn_def11return_type31verdict_for_deferred_expression0B9_
FN:225,_RNvNtNtNtCsSCJAO8sSnz_4koan8builtins6fn_def11return_type12make_capture
FN:93,_RNvNtNtNtCsSCJAO8sSnz_4koan8builtins6fn_def11return_type20classify_return_type
FN:159,_RNvNtNtNtCsSCJAO8sSnz_4koan8builtins6fn_def11return_type20verdict_for_resolved
FN:56,_RNvNtNtNtCsSCJAO8sSnz_4koan8builtins6fn_def11return_type23extract_return_type_raw
FN:232,_RNvNtNtNtCsSCJAO8sSnz_4koan8builtins6fn_def11return_type25resolve_capture_at_finish
FN:174,_RNvNtNtNtCsSCJAO8sSnz_4koan8builtins6fn_def11return_type30verdict_for_deferred_type_expr
FN:200,_RNvNtNtNtCsSCJAO8sSnz_4koan8builtins6fn_def11return_type31verdict_for_deferred_expression
FNDA:0,_RNCNvNtNtNtCsbkxZCYEF3rm_4koan8builtins6fn_def11return_type31verdict_for_deferred_expression0B9_
FNDA:0,_RNvNtNtNtCsbkxZCYEF3rm_4koan8builtins6fn_def11return_type12make_capture
FNDA:18,_RNvNtNtNtCsbkxZCYEF3rm_4koan8builtins6fn_def11return_type20classify_return_type
FNDA:17,_RNvNtNtNtCsbkxZCYEF3rm_4koan8builtins6fn_def11return_type20verdict_for_resolved
FNDA:18,_RNvNtNtNtCsbkxZCYEF3rm_4koan8builtins6fn_def11return_type23extract_return_type_raw
FNDA:1,_RNvNtNtNtCsbkxZCYEF3rm_4koan8builtins6fn_def11return_type25resolve_capture_at_finish
FNDA:0,_RNvNtNtNtCsbkxZCYEF3rm_4koan8builtins6fn_def11return_type30verdict_for_deferred_type_expr
FNDA:0,_RNvNtNtNtCsbkxZCYEF3rm_4koan8builtins6fn_def11return_type31verdict_for_deferred_expression
FNDA:1,_RNCNvNtNtNtCsSCJAO8sSnz_4koan8builtins6fn_def11return_type31verdict_for_deferred_expression0B9_
FNDA:0,_RNvNtNtNtCsSCJAO8sSnz_4koan8builtins6fn_def11return_type12make_capture
FNDA:258,_RNvNtNtNtCsSCJAO8sSnz_4koan8builtins6fn_def11return_type20classify_return_type
FNDA:214,_RNvNtNtNtCsSCJAO8sSnz_4koan8builtins6fn_def11return_type20verdict_for_resolved
FNDA:258,_RNvNtNtNtCsSCJAO8sSnz_4koan8builtins6fn_def11return_type23extract_return_type_raw
FNDA:81,_RNvNtNtNtCsSCJAO8sSnz_4koan8builtins6fn_def11return_type25resolve_capture_at_finish
FNDA:2,_RNvNtNtNtCsSCJAO8sSnz_4koan8builtins6fn_def11return_type30verdict_for_deferred_type_expr
FNDA:1,_RNvNtNtNtCsSCJAO8sSnz_4koan8builtins6fn_def11return_type31verdict_for_deferred_expression
FNF:8
FNH:7
DA:56,276
DA:58,276
DA:59,240
DA:60,15
DA:61,225
DA:63,36
DA:64,36
DA:66,0
DA:67,0
DA:68,0
DA:69,0
DA:71,276
DA:93,276
DA:94,276
DA:95,276
DA:96,276
DA:97,276
DA:98,276
DA:99,276
DA:100,276
DA:101,225
DA:102,225
DA:103,225
DA:105,15
DA:106,15
DA:107,6
DA:108,2
DA:109,4
DA:111,6
DA:112,9
DA:113,9
DA:116,9
DA:117,6
DA:118,0
DA:119,0
DA:121,3
DA:122,0
DA:124,3
DA:125,3
DA:126,3
DA:130,6
DA:131,6
DA:132,6
DA:134,0
DA:136,6
DA:138,36
DA:139,36
DA:140,13
DA:141,1
DA:142,12
DA:144,13
DA:145,13
DA:146,13
DA:147,13
DA:149,23
DA:150,23
DA:151,23
DA:152,23
DA:156,276
DA:159,231
DA:160,231
DA:161,230
DA:163,1
DA:164,1
DA:165,1
DA:166,1
DA:168,231
DA:174,2
DA:175,2
DA:176,2
DA:177,2
DA:180,2
DA:181,2
DA:182,2
DA:184,0
DA:185,0
DA:186,0
DA:187,0
DA:188,0
DA:189,0
DA:192,0
DA:194,2
DA:200,1
DA:201,1
DA:202,1
DA:203,0
DA:204,1
DA:205,1
DA:206,1
DA:207,1
DA:208,1
DA:209,1
DA:210,1
DA:211,1
DA:212,1
DA:213,0
DA:214,0
DA:215,0
DA:216,0
DA:217,0
DA:218,0
DA:219,0
DA:220,0
DA:221,0
DA:223,1
DA:225,0
DA:226,0
DA:227,0
DA:232,82
DA:233,82
DA:234,82
DA:235,82
DA:236,82
DA:237,82
DA:238,59
DA:239,0
DA:240,0
DA:241,0
DA:242,0
DA:243,0
DA:244,0
DA:245,0
DA:246,0
DA:247,0
DA:248,0
DA:249,0
DA:250,0
DA:254,0
DA:255,23
DA:256,22
DA:257,1
DA:258,1
DA:259,1
DA:260,1
DA:261,1
DA:264,82
BRF:0
BRH:0
LF:137
LH:96
end_of_record
SF:/var/home/jack/Code/koan/src/builtins/fn_def/signature.rs
FN:186,_RNvNtNtNtCsbkxZCYEF3rm_4koan8builtins6fn_def9signature13binder_bucket
FN:62,_RNvNtNtNtCsbkxZCYEF3rm_4koan8builtins6fn_def9signature19parse_fn_param_list
FN:244,_RNvNtNtNtCsbkxZCYEF3rm_4koan8builtins6fn_def9signature19signature_expr_part
FN:12,_RNvNtNtNtCsbkxZCYEF3rm_4koan8builtins6fn_def9signature34collect_param_names_from_signature
FN:201,_RNCNvNtNtNtCsbkxZCYEF3rm_4koan8builtins6fn_def9signature13binder_bucket0B9_
FN:219,_RNCNvNtNtNtCsbkxZCYEF3rm_4koan8builtins6fn_def9signature13binder_buckets_0B9_
FN:201,_RNCNvNtNtNtCsSCJAO8sSnz_4koan8builtins6fn_def9signature13binder_bucket0B9_
FN:219,_RNCNvNtNtNtCsSCJAO8sSnz_4koan8builtins6fn_def9signature13binder_buckets_0B9_
FN:186,_RNvNtNtNtCsSCJAO8sSnz_4koan8builtins6fn_def9signature13binder_bucket
FN:62,_RNvNtNtNtCsSCJAO8sSnz_4koan8builtins6fn_def9signature19parse_fn_param_list
FN:244,_RNvNtNtNtCsSCJAO8sSnz_4koan8builtins6fn_def9signature19signature_expr_part
FN:12,_RNvNtNtNtCsSCJAO8sSnz_4koan8builtins6fn_def9signature34collect_param_names_from_signature
FNDA:36,_RNvNtNtNtCsbkxZCYEF3rm_4koan8builtins6fn_def9signature13binder_bucket
FNDA:19,_RNvNtNtNtCsbkxZCYEF3rm_4koan8builtins6fn_def9signature19parse_fn_param_list
FNDA:36,_RNvNtNtNtCsbkxZCYEF3rm_4koan8builtins6fn_def9signature19signature_expr_part
FNDA:18,_RNvNtNtNtCsbkxZCYEF3rm_4koan8builtins6fn_def9signature34collect_param_names_from_signature
FNDA:30,_RNCNvNtNtNtCsbkxZCYEF3rm_4koan8builtins6fn_def9signature13binder_bucket0B9_
FNDA:10,_RNCNvNtNtNtCsbkxZCYEF3rm_4koan8builtins6fn_def9signature13binder_buckets_0B9_
FNDA:335,_RNCNvNtNtNtCsSCJAO8sSnz_4koan8builtins6fn_def9signature13binder_bucket0B9_
FNDA:62,_RNCNvNtNtNtCsSCJAO8sSnz_4koan8builtins6fn_def9signature13binder_buckets_0B9_
FNDA:517,_RNvNtNtNtCsSCJAO8sSnz_4koan8builtins6fn_def9signature13binder_bucket
FNDA:326,_RNvNtNtNtCsSCJAO8sSnz_4koan8builtins6fn_def9signature19parse_fn_param_list
FNDA:517,_RNvNtNtNtCsSCJAO8sSnz_4koan8builtins6fn_def9signature19signature_expr_part
FNDA:251,_RNvNtNtNtCsSCJAO8sSnz_4koan8builtins6fn_def9signature34collect_param_names_from_signature
FNF:6
FNH:6
DA:12,269
DA:13,269
DA:14,269
DA:15,269
DA:16,761
DA:17,492
DA:18,185
DA:19,36
DA:20,271
DA:22,492
DA:23,221
DA:24,221
DA:25,219
DA:32,221
DA:33,219
DA:34,219
DA:35,219
DA:36,2
DA:37,271
DA:38,273
DA:40,269
DA:41,269
DA:62,345
DA:63,345
DA:64,345
DA:65,345
DA:66,345
DA:67,345
DA:68,345
DA:69,345
DA:70,345
DA:71,345
DA:72,976
DA:75,633
DA:76,249
DA:77,37
DA:78,347
DA:80,633
DA:81,347
DA:82,347
DA:83,347
DA:84,347
DA:85,286
DA:86,286
DA:87,61
DA:88,161
DA:89,161
DA:90,158
DA:91,158
DA:92,158
DA:93,158
DA:94,158
DA:95,158
DA:96,1
DA:97,1
DA:98,1
DA:99,2
DA:100,2
DA:101,2
DA:102,2
DA:103,0
DA:105,161
DA:107,1
DA:108,1
DA:109,1
DA:110,1
DA:111,49
DA:112,49
DA:113,49
DA:114,49
DA:115,49
DA:116,49
DA:117,49
DA:118,49
DA:119,49
DA:120,49
DA:121,12
DA:122,12
DA:123,12
DA:124,12
DA:125,12
DA:126,12
DA:127,12
DA:128,12
DA:129,12
DA:130,61
DA:131,61
DA:132,61
DA:133,61
DA:134,61
DA:135,61
DA:136,61
DA:137,0
DA:138,0
DA:139,0
DA:140,0
DA:141,0
DA:142,0
DA:145,2
DA:146,2
DA:147,2
DA:148,2
DA:152,0
DA:153,0
DA:154,0
DA:155,0
DA:156,0
DA:158,0
DA:159,0
DA:160,0
DA:161,0
DA:162,0
DA:166,343
DA:167,2
DA:168,341
DA:169,341
DA:170,63
DA:171,63
DA:172,63
DA:173,63
DA:174,278
DA:175,278
DA:176,345
DA:186,553
DA:187,553
DA:188,553
DA:190,553
DA:191,537
DA:192,537
DA:193,537
DA:194,1519
DA:195,982
DA:196,541
DA:197,541
DA:198,541
DA:199,541
DA:201,369
DA:202,0
DA:203,365
DA:210,365
DA:211,369
DA:212,365
DA:213,365
DA:214,365
DA:215,4
DA:216,4
DA:219,72
DA:220,0
DA:221,72
DA:228,72
DA:229,72
DA:230,72
DA:231,72
DA:232,72
DA:233,0
DA:234,0
DA:236,0
DA:237,0
DA:238,0
DA:241,537
DA:242,553
DA:244,553
DA:245,553
DA:246,553
DA:247,537
DA:248,16
DA:250,553
BRF:0
BRH:0
LF:169
LH:145
end_of_record
SF:/var/home/jack/Code/koan/src/builtins/functor_def.rs
FN:32,_RNvNtNtCsbkxZCYEF3rm_4koan8builtins11functor_def4body
FN:38,_RNvNtNtCsbkxZCYEF3rm_4koan8builtins11functor_def8register
FN:45,_RNCNvNtNtCsbkxZCYEF3rm_4koan8builtins11functor_def8register0B7_
FN:60,_RNCNvNtNtCsbkxZCYEF3rm_4koan8builtins11functor_def8registers_0B7_
FN:32,_RNvNtNtCsSCJAO8sSnz_4koan8builtins11functor_def4body
FN:38,_RNvNtNtCsSCJAO8sSnz_4koan8builtins11functor_def8register
FN:45,_RNCNvNtNtCsSCJAO8sSnz_4koan8builtins11functor_def8register0B7_
FN:60,_RNCNvNtNtCsSCJAO8sSnz_4koan8builtins11functor_def8registers_0B7_
FNDA:7,_RNvNtNtCsbkxZCYEF3rm_4koan8builtins11functor_def4body
FNDA:43,_RNvNtNtCsbkxZCYEF3rm_4koan8builtins11functor_def8register
FNDA:43,_RNCNvNtNtCsbkxZCYEF3rm_4koan8builtins11functor_def8register0B7_
FNDA:43,_RNCNvNtNtCsbkxZCYEF3rm_4koan8builtins11functor_def8registers_0B7_
FNDA:18,_RNvNtNtCsSCJAO8sSnz_4koan8builtins11functor_def4body
FNDA:502,_RNvNtNtCsSCJAO8sSnz_4koan8builtins11functor_def8register
FNDA:502,_RNCNvNtNtCsSCJAO8sSnz_4koan8builtins11functor_def8register0B7_
FNDA:502,_RNCNvNtNtCsSCJAO8sSnz_4koan8builtins11functor_def8registers_0B7_
FNF:4
FNH:4
DA:32,25
DA:33,25
DA:34,25
DA:35,25
DA:36,25
DA:38,545
DA:45,545
DA:46,545
DA:47,545
DA:48,545
DA:49,545
DA:50,545
DA:51,545
DA:52,545
DA:53,545
DA:54,545
DA:57,545
DA:60,545
DA:61,545
DA:62,545
DA:63,545
DA:64,545
DA:65,545
DA:66,545
DA:67,545
DA:68,545
DA:69,545
DA:72,545
DA:74,545
DA:75,545
DA:76,545
DA:77,545
DA:78,545
DA:79,545
DA:80,545
DA:81,545
DA:84,545
DA:85,545
DA:86,545
DA:87,545
DA:88,545
DA:89,545
DA:90,545
DA:93,545
BRF:0
BRH:0
LF:46
LH:46
end_of_record
SF:/var/home/jack/Code/koan/src/builtins/let_binding.rs
FN:159,_RNvNtNtCsbkxZCYEF3rm_4koan8builtins11let_binding11binder_name
FN:144,_RNvNtNtCsbkxZCYEF3rm_4koan8builtins11let_binding21capitalize_identifier
FN:14,_RNvNtNtCsbkxZCYEF3rm_4koan8builtins11let_binding4body
FN:167,_RNvNtNtCsbkxZCYEF3rm_4koan8builtins11let_binding8register
FN:21,_RNCNvNtNtCsbkxZCYEF3rm_4koan8builtins11let_binding4body0B7_
FN:168,_RNCNvNtNtCsbkxZCYEF3rm_4koan8builtins11let_binding8register0B7_
FN:179,_RNCNvNtNtCsbkxZCYEF3rm_4koan8builtins11let_binding8registers_0B7_
FN:21,_RNCNvNtNtCsSCJAO8sSnz_4koan8builtins11let_binding4body0B7_
FN:168,_RNCNvNtNtCsSCJAO8sSnz_4koan8builtins11let_binding8register0B7_
FN:179,_RNCNvNtNtCsSCJAO8sSnz_4koan8builtins11let_binding8registers_0B7_
FN:159,_RNvNtNtCsSCJAO8sSnz_4koan8builtins11let_binding11binder_name
FN:144,_RNvNtNtCsSCJAO8sSnz_4koan8builtins11let_binding21capitalize_identifier
FN:14,_RNvNtNtCsSCJAO8sSnz_4koan8builtins11let_binding4body
FN:167,_RNvNtNtCsSCJAO8sSnz_4koan8builtins11let_binding8register
FNDA:166,_RNvNtNtCsbkxZCYEF3rm_4koan8builtins11let_binding11binder_name
FNDA:0,_RNvNtNtCsbkxZCYEF3rm_4koan8builtins11let_binding21capitalize_identifier
FNDA:59,_RNvNtNtCsbkxZCYEF3rm_4koan8builtins11let_binding4body
FNDA:43,_RNvNtNtCsbkxZCYEF3rm_4koan8builtins11let_binding8register
FNDA:0,_RNCNvNtNtCsbkxZCYEF3rm_4koan8builtins11let_binding4body0B7_
FNDA:43,_RNCNvNtNtCsbkxZCYEF3rm_4koan8builtins11let_binding8register0B7_
FNDA:43,_RNCNvNtNtCsbkxZCYEF3rm_4koan8builtins11let_binding8registers_0B7_
FNDA:12,_RNCNvNtNtCsSCJAO8sSnz_4koan8builtins11let_binding4body0B7_
FNDA:502,_RNCNvNtNtCsSCJAO8sSnz_4koan8builtins11let_binding8register0B7_
FNDA:502,_RNCNvNtNtCsSCJAO8sSnz_4koan8builtins11let_binding8registers_0B7_
FNDA:934,_RNvNtNtCsSCJAO8sSnz_4koan8builtins11let_binding11binder_name
FNDA:4,_RNvNtNtCsSCJAO8sSnz_4koan8builtins11let_binding21capitalize_identifier
FNDA:368,_RNvNtNtCsSCJAO8sSnz_4koan8builtins11let_binding4body
FNDA:502,_RNvNtNtCsSCJAO8sSnz_4koan8builtins11let_binding8register
FNF:7
FNH:7
DA:14,427
DA:15,427
DA:16,427
DA:21,427
DA:22,427
DA:23,427
DA:24,427
DA:25,0
DA:27,427
DA:28,427
DA:29,283
DA:30,283
DA:31,3
DA:32,1
DA:33,1
DA:34,1
DA:36,3
DA:37,3
DA:38,3
DA:39,3
DA:40,3
DA:41,3
DA:42,3
DA:43,3
DA:44,280
DA:45,280
DA:47,144
DA:48,144
DA:49,143
DA:56,1
DA:57,1
DA:58,1
DA:59,1
DA:61,0
DA:63,140
DA:64,134
DA:65,9
DA:66,6
DA:68,3
DA:69,3
DA:70,3
DA:71,3
DA:72,3
DA:75,140
DA:77,0
DA:78,0
DA:79,0
DA:80,0
DA:81,0
DA:82,0
DA:84,0
DA:86,420
DA:87,2
DA:88,2
DA:89,2
DA:90,2
DA:91,418
DA:92,418
DA:93,418
DA:94,140
DA:95,6
DA:96,6
DA:97,6
DA:98,4
DA:100,140
DA:101,30
DA:102,30
DA:103,30
DA:104,30
DA:106,110
DA:108,140
DA:109,140
DA:110,0
DA:111,140
DA:112,140
DA:114,278
DA:115,278
DA:116,278
DA:117,24
DA:118,1
DA:119,1
DA:120,1
DA:121,1
DA:122,1
DA:123,1
DA:124,277
DA:125,277
DA:126,277
DA:127,1
DA:128,1
DA:129,1
DA:130,1
DA:131,1
DA:132,276
DA:133,276
DA:134,1
DA:135,275
DA:136,275
DA:138,427
DA:144,4
DA:145,4
DA:146,4
DA:147,4
DA:148,4
DA:149,4
DA:150,4
DA:151,4
DA:153,0
DA:155,4
DA:159,1100
DA:160,1100
DA:161,724
DA:162,373
DA:163,3
DA:165,1100
DA:167,545
DA:168,545
DA:169,545
DA:170,545
DA:171,545
DA:172,545
DA:173,545
DA:174,545
DA:175,545
DA:178,545
DA:179,545
DA:180,545
DA:181,545
DA:182,545
DA:183,545
DA:184,545
DA:185,545
DA:186,545
DA:189,545
DA:190,545
DA:191,545
DA:192,545
DA:193,545
DA:194,545
DA:195,545
DA:196,545
DA:199,545
DA:200,545
DA:201,545
DA:202,545
DA:203,545
DA:204,545
DA:205,545
DA:208,545
BRF:0
BRH:0
LF:152
LH:141
end_of_record
SF:/var/home/jack/Code/koan/src/builtins/match_case.rs
FN:22,_RNvNtNtCsbkxZCYEF3rm_4koan8builtins10match_case4body
FN:68,_RNvNtNtCsbkxZCYEF3rm_4koan8builtins10match_case8register
FN:61,_RNCNvNtNtCsbkxZCYEF3rm_4koan8builtins10match_case4body0B7_
FN:61,_RNCNvNtNtCsSCJAO8sSnz_4koan8builtins10match_case4body0B7_
FN:90,_RNvNtNtNtCsSCJAO8sSnz_4koan8builtins10match_case5tests11run_program
FN:129,_RNvNtNtNtCsSCJAO8sSnz_4koan8builtins10match_case5testss_25match_inexhaustive_errors
FN:109,_RNvNtNtNtCsSCJAO8sSnz_4koan8builtins10match_case5testss_29match_binds_inner_value_to_it
FN:205,_RNvNtNtNtCsSCJAO8sSnz_4koan8builtins10match_case5testss_29recursive_tagged_match_no_uaf
FN:220,_RNvNtNtNtCsSCJAO8sSnz_4koan8builtins10match_case5testss_33match_on_bool_inexhaustive_errors
FN:189,_RNvNtNtNtCsSCJAO8sSnz_4koan8builtins10match_case5testss_36match_on_bool_true_takes_true_branch
FN:119,_RNvNtNtNtCsSCJAO8sSnz_4koan8builtins10match_case5testss_37match_does_not_run_unmatched_branches
FN:197,_RNvNtNtNtCsSCJAO8sSnz_4koan8builtins10match_case5testss_38match_on_bool_false_takes_false_branch
FN:99,_RNvNtNtNtCsSCJAO8sSnz_4koan8builtins10match_case5testss_40match_dispatches_branch_for_matching_tag
FN:179,_RNvNtNtNtCsSCJAO8sSnz_4koan8builtins10match_case5testss_40match_other_branch_runs_when_tag_matches
FN:147,_RNvNtNtNtCsSCJAO8sSnz_4koan8builtins10match_case5testss_47match_arm_violating_declared_return_type_errors
FN:234,_RNvNtNtNtCsSCJAO8sSnz_4koan8builtins10match_case5testss_47multi_statement_match_branch_returns_last_value
FN:166,_RNvNtNtNtCsSCJAO8sSnz_4koan8builtins10match_case5testss_54match_value_is_admissible_against_declared_return_slot
FN:249,_RNvNtNtNtCsSCJAO8sSnz_4koan8builtins10match_case5testss_59fn_recursion_with_multi_statement_body_via_match_terminates
FN:22,_RNvNtNtCsSCJAO8sSnz_4koan8builtins10match_case4body
FN:68,_RNvNtNtCsSCJAO8sSnz_4koan8builtins10match_case8register
FNDA:0,_RNvNtNtCsbkxZCYEF3rm_4koan8builtins10match_case4body
FNDA:43,_RNvNtNtCsbkxZCYEF3rm_4koan8builtins10match_case8register
FNDA:0,_RNCNvNtNtCsbkxZCYEF3rm_4koan8builtins10match_case4body0B7_
FNDA:69,_RNCNvNtNtCsSCJAO8sSnz_4koan8builtins10match_case4body0B7_
FNDA:10,_RNvNtNtNtCsSCJAO8sSnz_4koan8builtins10match_case5tests11run_program
FNDA:1,_RNvNtNtNtCsSCJAO8sSnz_4koan8builtins10match_case5testss_25match_inexhaustive_errors
FNDA:1,_RNvNtNtNtCsSCJAO8sSnz_4koan8builtins10match_case5testss_29match_binds_inner_value_to_it
FNDA:1,_RNvNtNtNtCsSCJAO8sSnz_4koan8builtins10match_case5testss_29recursive_tagged_match_no_uaf
FNDA:1,_RNvNtNtNtCsSCJAO8sSnz_4koan8builtins10match_case5testss_33match_on_bool_inexhaustive_errors
FNDA:1,_RNvNtNtNtCsSCJAO8sSnz_4koan8builtins10match_case5testss_36match_on_bool_true_takes_true_branch
FNDA:1,_RNvNtNtNtCsSCJAO8sSnz_4koan8builtins10match_case5testss_37match_does_not_run_unmatched_branches
FNDA:1,_RNvNtNtNtCsSCJAO8sSnz_4koan8builtins10match_case5testss_38match_on_bool_false_takes_false_branch
FNDA:1,_RNvNtNtNtCsSCJAO8sSnz_4koan8builtins10match_case5testss_40match_dispatches_branch_for_matching_tag
FNDA:1,_RNvNtNtNtCsSCJAO8sSnz_4koan8builtins10match_case5testss_40match_other_branch_runs_when_tag_matches
FNDA:1,_RNvNtNtNtCsSCJAO8sSnz_4koan8builtins10match_case5testss_47match_arm_violating_declared_return_type_errors
FNDA:1,_RNvNtNtNtCsSCJAO8sSnz_4koan8builtins10match_case5testss_47multi_statement_match_branch_returns_last_value
FNDA:1,_RNvNtNtNtCsSCJAO8sSnz_4koan8builtins10match_case5testss_54match_value_is_admissible_against_declared_return_slot
FNDA:1,_RNvNtNtNtCsSCJAO8sSnz_4koan8builtins10match_case5testss_59fn_recursion_with_multi_statement_body_via_match_terminates
FNDA:72,_RNvNtNtCsSCJAO8sSnz_4koan8builtins10match_case4body
FNDA:502,_RNvNtNtCsSCJAO8sSnz_4koan8builtins10match_case8register
FNF:17
FNH:17
DA:22,72
DA:23,72
DA:24,72
DA:28,72
DA:29,65
DA:30,7
DA:31,7
DA:32,7
DA:34,0
DA:35,0
DA:36,0
DA:37,0
DA:38,0
DA:39,0
DA:42,0
DA:43,0
DA:44,0
DA:47,72
DA:48,72
DA:49,72
DA:50,69
DA:52,3
DA:53,3
DA:54,3
DA:55,3
DA:57,0
DA:59,69
DA:60,69
DA:61,69
DA:62,69
DA:63,69
DA:64,69
DA:66,72
DA:68,545
DA:69,545
DA:70,545
DA:71,545
DA:72,545
DA:73,545
DA:74,545
DA:75,545
DA:76,545
DA:77,545
DA:80,545
DA:81,545
DA:90,10
DA:91,10
DA:92,10
DA:93,10
DA:94,10
DA:95,10
DA:96,10
DA:99,1
DA:100,1
DA:101,1
DA:102,1
DA:103,1
DA:105,1
DA:106,1
DA:109,1
DA:110,1
DA:111,1
DA:112,1
DA:113,1
DA:115,1
DA:116,1
DA:119,1
DA:120,1
DA:121,1
DA:122,1
DA:123,1
DA:125,1
DA:126,1
DA:129,1
DA:130,1
DA:131,1
DA:132,1
DA:133,1
DA:134,1
DA:136,1
DA:137,1
DA:138,1
DA:140,1
DA:141,1
DA:144,1
DA:147,1
DA:148,1
DA:149,1
DA:150,1
DA:151,1
DA:152,1
DA:155,1
DA:156,1
DA:157,1
DA:159,1
DA:160,1
DA:163,1
DA:166,1
DA:169,1
DA:170,1
DA:171,1
DA:172,1
DA:173,1
DA:175,1
DA:176,1
DA:179,1
DA:180,1
DA:181,1
DA:182,1
DA:183,1
DA:185,1
DA:186,1
DA:189,1
DA:190,1
DA:191,1
DA:193,1
DA:194,1
DA:197,1
DA:198,1
DA:199,1
DA:201,1
DA:202,1
DA:205,1
DA:208,1
DA:209,1
DA:210,1
DA:211,1
DA:212,1
DA:213,1
DA:214,1
DA:216,1
DA:217,1
DA:220,1
DA:221,1
DA:222,1
DA:223,1
DA:224,1
DA:225,1
DA:227,1
DA:228,1
DA:231,1
DA:234,1
DA:235,1
DA:236,1
DA:237,1
DA:238,1
DA:239,1
DA:240,1
DA:241,1
DA:243,1
DA:244,1
DA:245,1
DA:246,1
DA:249,1
DA:250,1
DA:251,1
DA:252,1
DA:253,1
DA:254,1
DA:255,1
DA:256,1
DA:257,1
DA:258,1
DA:259,1
DA:261,1
DA:262,1
DA:263,1
BRF:0
BRH:0
LF:168
LH:158
end_of_record
SF:/var/home/jack/Code/koan/src/builtins/module_def.rs
FN:21,_RNvNtNtCsbkxZCYEF3rm_4koan8builtins10module_def4body
FN:86,_RNvNtNtCsbkxZCYEF3rm_4koan8builtins10module_def8register
FN:35,_RNCNvNtNtCsbkxZCYEF3rm_4koan8builtins10module_def4body0B7_
FN:38,_RNCNvNtNtCsbkxZCYEF3rm_4koan8builtins10module_def4bodys_0B7_
FN:35,_RNCNvNtNtCsSCJAO8sSnz_4koan8builtins10module_def4body0B7_
FN:38,_RNCNvNtNtCsSCJAO8sSnz_4koan8builtins10module_def4bodys_0B7_
FN:21,_RNvNtNtCsSCJAO8sSnz_4koan8builtins10module_def4body
FN:86,_RNvNtNtCsSCJAO8sSnz_4koan8builtins10module_def8register
FN:116,_RNvNtNtNtCsSCJAO8sSnz_4koan8builtins10module_def5tests14resolve_module
FN:178,_RNvNtNtNtCsSCJAO8sSnz_4koan8builtins10module_def5testss_28module_unknown_member_errors
FN:146,_RNvNtNtNtCsSCJAO8sSnz_4koan8builtins10module_def5testss_29module_member_access_via_attr
FN:124,_RNvNtNtNtCsSCJAO8sSnz_4koan8builtins10module_def5testss_32binder_name_extracts_module_name
FN:131,_RNvNtNtNtCsSCJAO8sSnz_4koan8builtins10module_def5testss_32module_binds_under_name_in_scope
FN:164,_RNvNtNtNtCsSCJAO8sSnz_4koan8builtins10module_def5testss_33module_member_function_via_let_fn
FN:250,_RNvNtNtNtCsSCJAO8sSnz_4koan8builtins10module_def5testss_36module_body_dispatch_does_not_dangle
FN:202,_RNvNtNtNtCsSCJAO8sSnz_4koan8builtins10module_def5testss_38module_body_parks_on_outer_placeholder
FN:212,_RNvNtNtNtCsSCJAO8sSnz_4koan8builtins10module_def5testss_41module_body_error_short_circuits_finalize
FN:155,_RNvNtNtNtCsSCJAO8sSnz_4koan8builtins10module_def5testss_41module_with_multiple_statements_in_parens
FN:191,_RNvNtNtNtCsSCJAO8sSnz_4koan8builtins10module_def5testss_41nested_module_accessible_via_chained_attr
FN:226,_RNvNtNtNtCsSCJAO8sSnz_4koan8builtins10module_def5testss_50module_finalize_short_circuits_on_idempotent_state
FNDA:21,_RNvNtNtCsbkxZCYEF3rm_4koan8builtins10module_def4body
FNDA:43,_RNvNtNtCsbkxZCYEF3rm_4koan8builtins10module_def8register
FNDA:21,_RNCNvNtNtCsbkxZCYEF3rm_4koan8builtins10module_def4body0B7_
FNDA:20,_RNCNvNtNtCsbkxZCYEF3rm_4koan8builtins10module_def4bodys_0B7_
FNDA:83,_RNCNvNtNtCsSCJAO8sSnz_4koan8builtins10module_def4body0B7_
FNDA:81,_RNCNvNtNtCsSCJAO8sSnz_4koan8builtins10module_def4bodys_0B7_
FNDA:83,_RNvNtNtCsSCJAO8sSnz_4koan8builtins10module_def4body
FNDA:502,_RNvNtNtCsSCJAO8sSnz_4koan8builtins10module_def8register
FNDA:3,_RNvNtNtNtCsSCJAO8sSnz_4koan8builtins10module_def5tests14resolve_module
FNDA:1,_RNvNtNtNtCsSCJAO8sSnz_4koan8builtins10module_def5testss_28module_unknown_member_errors
FNDA:1,_RNvNtNtNtCsSCJAO8sSnz_4koan8builtins10module_def5testss_29module_member_access_via_attr
FNDA:1,_RNvNtNtNtCsSCJAO8sSnz_4koan8builtins10module_def5testss_32binder_name_extracts_module_name
FNDA:1,_RNvNtNtNtCsSCJAO8sSnz_4koan8builtins10module_def5testss_32module_binds_under_name_in_scope
FNDA:1,_RNvNtNtNtCsSCJAO8sSnz_4koan8builtins10module_def5testss_33module_member_function_via_let_fn
FNDA:1,_RNvNtNtNtCsSCJAO8sSnz_4koan8builtins10module_def5testss_36module_body_dispatch_does_not_dangle
FNDA:1,_RNvNtNtNtCsSCJAO8sSnz_4koan8builtins10module_def5testss_38module_body_parks_on_outer_placeholder
FNDA:1,_RNvNtNtNtCsSCJAO8sSnz_4koan8builtins10module_def5testss_41module_body_error_short_circuits_finalize
FNDA:1,_RNvNtNtNtCsSCJAO8sSnz_4koan8builtins10module_def5testss_41module_with_multiple_statements_in_parens
FNDA:1,_RNvNtNtNtCsSCJAO8sSnz_4koan8builtins10module_def5testss_41nested_module_accessible_via_chained_attr
FNDA:1,_RNvNtNtNtCsSCJAO8sSnz_4koan8builtins10module_def5testss_50module_finalize_short_circuits_on_idempotent_state
FNF:16
FNH:16
DA:21,104
DA:22,104
DA:23,104
DA:29,104
DA:30,104
DA:31,104
DA:32,104
DA:33,104
DA:34,104
DA:35,104
DA:36,104
DA:37,104
DA:38,104
DA:40,101
DA:41,1
DA:42,100
DA:43,100
DA:44,100
DA:45,100
DA:46,100
DA:49,100
DA:50,100
DA:51,100
DA:52,100
DA:53,100
DA:54,23
DA:55,0
DA:56,23
DA:57,23
DA:60,100
DA:61,100
DA:62,100
DA:63,100
DA:64,100
DA:65,100
DA:66,100
DA:68,100
DA:69,100
DA:70,100
DA:71,0
DA:72,0
DA:73,0
DA:74,0
DA:76,101
DA:77,104
DA:78,104
DA:79,104
DA:80,104
DA:81,104
DA:82,104
DA:83,104
DA:84,104
DA:86,545
DA:87,545
DA:88,545
DA:89,545
DA:90,545
DA:91,545
DA:92,545
DA:93,545
DA:96,545
DA:97,545
DA:98,545
DA:99,545
DA:100,545
DA:101,545
DA:102,545
DA:105,545
DA:116,3
DA:117,3
DA:118,3
DA:119,0
DA:121,3
DA:124,1
DA:125,1
DA:126,1
DA:127,1
DA:128,1
DA:131,1
DA:132,1
DA:133,1
DA:134,1
DA:135,1
DA:136,1
DA:139,1
DA:140,1
DA:143,1
DA:146,1
DA:147,1
DA:148,1
DA:149,1
DA:150,1
DA:151,1
DA:152,1
DA:155,1
DA:156,1
DA:157,1
DA:158,1
DA:159,1
DA:160,1
DA:161,1
DA:164,1
DA:167,1
DA:168,1
DA:169,1
DA:170,1
DA:171,1
DA:173,1
DA:174,1
DA:175,1
DA:178,1
DA:179,1
DA:180,1
DA:181,1
DA:182,1
DA:183,1
DA:184,1
DA:185,1
DA:188,1
DA:191,1
DA:192,1
DA:193,1
DA:194,1
DA:195,1
DA:196,1
DA:197,1
DA:202,1
DA:203,1
DA:204,1
DA:205,1
DA:206,1
DA:207,1
DA:208,1
DA:212,1
DA:213,1
DA:214,1
DA:215,1
DA:216,1
DA:217,1
DA:220,1
DA:226,1
DA:227,1
DA:228,1
DA:229,1
DA:230,1
DA:231,1
DA:233,1
DA:234,1
DA:235,1
DA:236,1
DA:237,1
DA:241,1
DA:242,1
DA:243,1
DA:244,1
DA:245,1
DA:250,1
DA:251,1
DA:252,1
DA:253,1
DA:254,1
DA:255,1
DA:256,1
DA:257,1
DA:258,1
BRF:0
BRH:0
LF:167
LH:161
end_of_record
SF:/var/home/jack/Code/koan/src/builtins/newtype_def.rs
FN:92,_RNCNCNvNtNtCsbkxZCYEF3rm_4koan8builtins11newtype_def23finalize_record_newtype00B9_
FN:191,_RNCNvNtNtCsbkxZCYEF3rm_4koan8builtins11newtype_def20defer_resolved_sigil0B7_
FN:88,_RNCNvNtNtCsbkxZCYEF3rm_4koan8builtins11newtype_def23finalize_record_newtype0B7_
FN:143,_RNCNvNtNtCsbkxZCYEF3rm_4koan8builtins11newtype_def4body0B7_
FN:243,_RNCNvNtNtCsbkxZCYEF3rm_4koan8builtins11newtype_def8register0B7_
FN:265,_RNCNvNtNtCsbkxZCYEF3rm_4koan8builtins11newtype_def8registers0_0B7_
FN:254,_RNCNvNtNtCsbkxZCYEF3rm_4koan8builtins11newtype_def8registers_0B7_
FN:212,_RNvNtNtCsbkxZCYEF3rm_4koan8builtins11newtype_def16body_record_repr
FN:39,_RNvNtNtCsbkxZCYEF3rm_4koan8builtins11newtype_def16finalize_newtype
FN:182,_RNvNtNtCsbkxZCYEF3rm_4koan8builtins11newtype_def20defer_resolved_sigil
FN:71,_RNvNtNtCsbkxZCYEF3rm_4koan8builtins11newtype_def23finalize_record_newtype
FN:116,_RNvNtNtCsbkxZCYEF3rm_4koan8builtins11newtype_def4body
FN:240,_RNvNtNtCsbkxZCYEF3rm_4koan8builtins11newtype_def8register
FN:333,_RNCNvNtNtNtCsSCJAO8sSnz_4koan8builtins11newtype_def5tests13record_fields0B9_
FN:522,_RNCNvNtNtNtCsSCJAO8sSnz_4koan8builtins11newtype_def5testss_42nested_record_field_threads_self_reference0B9_
FN:472,_RNCNvNtNtNtCsSCJAO8sSnz_4koan8builtins11newtype_def5testss_42record_repr_self_recursion_seals_set_local0B9_
FN:477,_RNCNvNtNtNtCsSCJAO8sSnz_4koan8builtins11newtype_def5testss_42record_repr_self_recursion_seals_set_locals0_0B9_
FN:501,_RNCNvNtNtNtCsSCJAO8sSnz_4koan8builtins11newtype_def5testss_46record_repr_list_of_self_field_seals_set_local0B9_
FN:212,_RNvNtNtCsSCJAO8sSnz_4koan8builtins11newtype_def16body_record_repr
FN:39,_RNvNtNtCsSCJAO8sSnz_4koan8builtins11newtype_def16finalize_newtype
FN:182,_RNvNtNtCsSCJAO8sSnz_4koan8builtins11newtype_def20defer_resolved_sigil
FN:71,_RNvNtNtCsSCJAO8sSnz_4koan8builtins11newtype_def23finalize_record_newtype
FN:116,_RNvNtNtCsSCJAO8sSnz_4koan8builtins11newtype_def4body
FN:240,_RNvNtNtCsSCJAO8sSnz_4koan8builtins11newtype_def8register
FN:92,_RNCNCNvNtNtCsSCJAO8sSnz_4koan8builtins11newtype_def23finalize_record_newtype00B9_
FN:191,_RNCNvNtNtCsSCJAO8sSnz_4koan8builtins11newtype_def20defer_resolved_sigil0B7_
FN:88,_RNCNvNtNtCsSCJAO8sSnz_4koan8builtins11newtype_def23finalize_record_newtype0B7_
FN:143,_RNCNvNtNtCsSCJAO8sSnz_4koan8builtins11newtype_def4body0B7_
FN:243,_RNCNvNtNtCsSCJAO8sSnz_4koan8builtins11newtype_def8register0B7_
FN:265,_RNCNvNtNtCsSCJAO8sSnz_4koan8builtins11newtype_def8registers0_0B7_
FN:254,_RNCNvNtNtCsSCJAO8sSnz_4koan8builtins11newtype_def8registers_0B7_
FN:321,_RNvNtNtNtCsSCJAO8sSnz_4koan8builtins11newtype_def5tests13record_fields
FN:667,_RNvNtNtNtCsSCJAO8sSnz_4koan8builtins11newtype_def5testss_28construct_arity_zero_rejects
FN:688,_RNvNtNtNtCsSCJAO8sSnz_4koan8builtins11newtype_def5testss_29construct_with_operator_value
FN:348,_RNvNtNtNtCsSCJAO8sSnz_4koan8builtins11newtype_def5testss_30declare_mints_newtype_identity
FN:567,_RNvNtNtNtCsSCJAO8sSnz_4koan8builtins11newtype_def5testss_30newtype_over_newtype_collapses
FN:646,_RNvNtNtNtCsSCJAO8sSnz_4koan8builtins11newtype_def5testss_31construct_with_identifier_value
FN:400,_RNvNtNtNtCsSCJAO8sSnz_4koan8builtins11newtype_def5testss_35construct_rejects_non_matching_repr
FN:378,_RNvNtNtNtCsSCJAO8sSnz_4koan8builtins11newtype_def5testss_35construct_wraps_repr_matching_value
FN:514,_RNvNtNtNtCsSCJAO8sSnz_4koan8builtins11newtype_def5testss_42nested_record_field_threads_self_reference
FN:465,_RNvNtNtNtCsSCJAO8sSnz_4koan8builtins11newtype_def5testss_42record_repr_self_recursion_seals_set_local
FN:596,_RNvNtNtNtCsSCJAO8sSnz_4koan8builtins11newtype_def5testss_43dispatch_distinguishes_distance_from_number
FN:489,_RNvNtNtNtCsSCJAO8sSnz_4koan8builtins11newtype_def5testss_46record_repr_list_of_self_field_seals_set_local
FN:444,_RNvNtNtNtCsSCJAO8sSnz_4koan8builtins11newtype_def5testss_47unknown_repr_errors_without_leaking_placeholder
FN:418,_RNvNtNtNtCsSCJAO8sSnz_4koan8builtins11newtype_def5testss_49dependent_newtype_parks_on_record_repr_dependency
FN:541,_RNvNtNtNtCsSCJAO8sSnz_4koan8builtins11newtype_def5testss_54sigil_repr_non_record_seals_newtype_over_resolved_type
FNDA:5,_RNCNCNvNtNtCsbkxZCYEF3rm_4koan8builtins11newtype_def23finalize_record_newtype00B9_
FNDA:0,_RNCNvNtNtCsbkxZCYEF3rm_4koan8builtins11newtype_def20defer_resolved_sigil0B7_
FNDA:3,_RNCNvNtNtCsbkxZCYEF3rm_4koan8builtins11newtype_def23finalize_record_newtype0B7_
FNDA:0,_RNCNvNtNtCsbkxZCYEF3rm_4koan8builtins11newtype_def4body0B7_
FNDA:43,_RNCNvNtNtCsbkxZCYEF3rm_4koan8builtins11newtype_def8register0B7_
FNDA:43,_RNCNvNtNtCsbkxZCYEF3rm_4koan8builtins11newtype_def8registers0_0B7_
FNDA:43,_RNCNvNtNtCsbkxZCYEF3rm_4koan8builtins11newtype_def8registers_0B7_
FNDA:3,_RNvNtNtCsbkxZCYEF3rm_4koan8builtins11newtype_def16body_record_repr
FNDA:0,_RNvNtNtCsbkxZCYEF3rm_4koan8builtins11newtype_def16finalize_newtype
FNDA:0,_RNvNtNtCsbkxZCYEF3rm_4koan8builtins11newtype_def20defer_resolved_sigil
FNDA:3,_RNvNtNtCsbkxZCYEF3rm_4koan8builtins11newtype_def23finalize_record_newtype
FNDA:0,_RNvNtNtCsbkxZCYEF3rm_4koan8builtins11newtype_def4body
FNDA:43,_RNvNtNtCsbkxZCYEF3rm_4koan8builtins11newtype_def8register
FNDA:4,_RNCNvNtNtNtCsSCJAO8sSnz_4koan8builtins11newtype_def5tests13record_fields0B9_
FNDA:1,_RNCNvNtNtNtCsSCJAO8sSnz_4koan8builtins11newtype_def5testss_42nested_record_field_threads_self_reference0B9_
FNDA:1,_RNCNvNtNtNtCsSCJAO8sSnz_4koan8builtins11newtype_def5testss_42record_repr_self_recursion_seals_set_local0B9_
FNDA:2,_RNCNvNtNtNtCsSCJAO8sSnz_4koan8builtins11newtype_def5testss_42record_repr_self_recursion_seals_set_locals0_0B9_
FNDA:1,_RNCNvNtNtNtCsSCJAO8sSnz_4koan8builtins11newtype_def5testss_46record_repr_list_of_self_field_seals_set_local0B9_
FNDA:34,_RNvNtNtCsSCJAO8sSnz_4koan8builtins11newtype_def16body_record_repr
FNDA:14,_RNvNtNtCsSCJAO8sSnz_4koan8builtins11newtype_def16finalize_newtype
FNDA:1,_RNvNtNtCsSCJAO8sSnz_4koan8builtins11newtype_def20defer_resolved_sigil
FNDA:33,_RNvNtNtCsSCJAO8sSnz_4koan8builtins11newtype_def23finalize_record_newtype
FNDA:15,_RNvNtNtCsSCJAO8sSnz_4koan8builtins11newtype_def4body
FNDA:502,_RNvNtNtCsSCJAO8sSnz_4koan8builtins11newtype_def8register
FNDA:54,_RNCNCNvNtNtCsSCJAO8sSnz_4koan8builtins11newtype_def23finalize_record_newtype00B9_
FNDA:1,_RNCNvNtNtCsSCJAO8sSnz_4koan8builtins11newtype_def20defer_resolved_sigil0B7_
FNDA:33,_RNCNvNtNtCsSCJAO8sSnz_4koan8builtins11newtype_def23finalize_record_newtype0B7_
FNDA:0,_RNCNvNtNtCsSCJAO8sSnz_4koan8builtins11newtype_def4body0B7_
FNDA:502,_RNCNvNtNtCsSCJAO8sSnz_4koan8builtins11newtype_def8register0B7_
FNDA:502,_RNCNvNtNtCsSCJAO8sSnz_4koan8builtins11newtype_def8registers0_0B7_
FNDA:502,_RNCNvNtNtCsSCJAO8sSnz_4koan8builtins11newtype_def8registers_0B7_
FNDA:3,_RNvNtNtNtCsSCJAO8sSnz_4koan8builtins11newtype_def5tests13record_fields
FNDA:1,_RNvNtNtNtCsSCJAO8sSnz_4koan8builtins11newtype_def5testss_28construct_arity_zero_rejects
FNDA:1,_RNvNtNtNtCsSCJAO8sSnz_4koan8builtins11newtype_def5testss_29construct_with_operator_value
FNDA:1,_RNvNtNtNtCsSCJAO8sSnz_4koan8builtins11newtype_def5testss_30declare_mints_newtype_identity
FNDA:1,_RNvNtNtNtCsSCJAO8sSnz_4koan8builtins11newtype_def5testss_30newtype_over_newtype_collapses
FNDA:1,_RNvNtNtNtCsSCJAO8sSnz_4koan8builtins11newtype_def5testss_31construct_with_identifier_value
FNDA:1,_RNvNtNtNtCsSCJAO8sSnz_4koan8builtins11newtype_def5testss_35construct_rejects_non_matching_repr
FNDA:1,_RNvNtNtNtCsSCJAO8sSnz_4koan8builtins11newtype_def5testss_35construct_wraps_repr_matching_value
FNDA:1,_RNvNtNtNtCsSCJAO8sSnz_4koan8builtins11newtype_def5testss_42nested_record_field_threads_self_reference
FNDA:1,_RNvNtNtNtCsSCJAO8sSnz_4koan8builtins11newtype_def5testss_42record_repr_self_recursion_seals_set_local
FNDA:1,_RNvNtNtNtCsSCJAO8sSnz_4koan8builtins11newtype_def5testss_43dispatch_distinguishes_distance_from_number
FNDA:1,_RNvNtNtNtCsSCJAO8sSnz_4koan8builtins11newtype_def5testss_46record_repr_list_of_self_field_seals_set_local
FNDA:1,_RNvNtNtNtCsSCJAO8sSnz_4koan8builtins11newtype_def5testss_47unknown_repr_errors_without_leaking_placeholder
FNDA:1,_RNvNtNtNtCsSCJAO8sSnz_4koan8builtins11newtype_def5testss_49dependent_newtype_parks_on_record_repr_dependency
FNDA:1,_RNvNtNtNtCsSCJAO8sSnz_4koan8builtins11newtype_def5testss_54sigil_repr_non_record_seals_newtype_over_resolved_type
FNF:33
FNH:32
DA:39,14
DA:40,14
DA:41,14
DA:42,14
DA:43,14
DA:44,14
DA:45,14
DA:46,14
DA:47,14
DA:48,14
DA:49,14
DA:50,14
DA:51,14
DA:52,14
DA:53,14
DA:55,14
DA:59,0
DA:60,0
DA:61,0
DA:62,0
DA:64,14
DA:71,36
DA:72,36
DA:73,36
DA:74,36
DA:75,36
DA:76,36
DA:77,36
DA:78,0
DA:79,0
DA:80,0
DA:81,36
DA:82,36
DA:83,36
DA:84,36
DA:85,36
DA:86,36
DA:87,36
DA:88,36
DA:89,36
DA:90,36
DA:91,36
DA:92,59
DA:93,36
DA:94,36
DA:95,36
DA:96,0
DA:97,36
DA:98,36
DA:99,36
DA:101,36
DA:102,36
DA:104,36
DA:105,36
DA:106,0
DA:107,0
DA:108,0
DA:109,0
DA:111,36
DA:116,15
DA:117,15
DA:118,15
DA:123,15
DA:124,15
DA:125,15
DA:126,15
DA:127,14
DA:128,5
DA:129,5
DA:130,5
DA:131,5
DA:132,5
DA:134,4
DA:135,1
DA:139,0
DA:140,1
DA:142,0
DA:143,0
DA:144,0
DA:145,0
DA:146,0
DA:148,0
DA:149,0
DA:150,0
DA:151,0
DA:152,0
DA:153,0
DA:154,0
DA:155,0
DA:156,0
DA:158,0
DA:159,0
DA:160,0
DA:161,0
DA:162,0
DA:163,1
DA:164,1
DA:165,1
DA:166,1
DA:167,1
DA:169,9
DA:171,1
DA:172,1
DA:174,0
DA:175,0
DA:176,0
DA:178,15
DA:182,1
DA:183,1
DA:184,1
DA:185,1
DA:186,1
DA:188,1
DA:189,1
DA:190,1
DA:191,1
DA:192,1
DA:193,1
DA:195,0
DA:196,0
DA:197,0
DA:198,0
DA:199,1
DA:200,1
DA:201,1
DA:202,1
DA:203,1
DA:204,1
DA:205,1
DA:206,1
DA:207,1
DA:212,37
DA:213,37
DA:214,37
DA:218,37
DA:219,37
DA:220,37
DA:222,0
DA:223,0
DA:224,0
DA:227,37
DA:228,37
DA:229,37
DA:230,37
DA:231,37
DA:232,37
DA:234,37
DA:235,37
DA:236,37
DA:238,37
DA:240,545
DA:243,545
DA:244,545
DA:245,545
DA:246,545
DA:247,545
DA:248,545
DA:249,545
DA:250,545
DA:253,545
DA:254,545
DA:255,545
DA:256,545
DA:257,545
DA:258,545
DA:259,545
DA:260,545
DA:261,545
DA:264,545
DA:265,545
DA:266,545
DA:267,545
DA:268,545
DA:269,545
DA:270,545
DA:271,545
DA:272,545
DA:275,545
DA:277,545
DA:280,545
DA:281,545
DA:282,545
DA:283,545
DA:284,545
DA:285,545
DA:286,545
DA:289,545
DA:290,545
DA:291,545
DA:292,545
DA:293,545
DA:294,545
DA:295,545
DA:298,545
DA:299,545
DA:300,545
DA:301,545
DA:302,545
DA:303,545
DA:304,545
DA:307,545
DA:321,3
DA:322,3
DA:323,3
DA:324,3
DA:325,3
DA:326,3
DA:327,3
DA:328,3
DA:329,3
DA:330,3
DA:331,3
DA:332,3
DA:333,4
DA:334,3
DA:336,0
DA:338,0
DA:341,0
DA:343,3
DA:348,1
DA:349,1
DA:350,1
DA:351,1
DA:352,1
DA:353,1
DA:354,1
DA:355,1
DA:356,1
DA:357,1
DA:358,1
DA:359,1
DA:360,1
DA:361,1
DA:362,0
DA:365,0
DA:367,1
DA:368,1
DA:369,1
DA:370,1
DA:373,1
DA:378,1
DA:379,1
DA:380,1
DA:381,1
DA:382,1
DA:383,1
DA:384,1
DA:385,1
DA:386,1
DA:387,1
DA:388,1
DA:390,0
DA:392,1
DA:394,0
DA:396,1
DA:400,1
DA:401,1
DA:402,1
DA:403,1
DA:404,1
DA:405,1
DA:406,1
DA:407,1
DA:410,1
DA:418,1
DA:419,1
DA:420,1
DA:421,1
DA:422,1
DA:423,1
DA:427,1
DA:428,1
DA:430,0
DA:432,1
DA:433,1
DA:434,1
DA:436,0
DA:438,1
DA:444,1
DA:445,1
DA:446,1
DA:447,1
DA:448,1
DA:449,1
DA:451,0
DA:453,1
DA:454,1
DA:455,1
DA:458,1
DA:465,1
DA:466,1
DA:467,1
DA:468,1
DA:469,1
DA:470,1
DA:471,1
DA:472,1
DA:476,1
DA:477,2
DA:478,1
DA:481,1
DA:482,1
DA:489,1
DA:490,1
DA:491,1
DA:492,1
DA:493,1
DA:494,1
DA:495,1
DA:496,1
DA:500,1
DA:501,1
DA:502,1
DA:505,1
DA:506,1
DA:514,1
DA:515,1
DA:516,1
DA:517,1
DA:518,1
DA:519,1
DA:520,1
DA:521,1
DA:522,1
DA:523,1
DA:524,1
DA:525,1
DA:526,1
DA:527,1
DA:528,1
DA:531,0
DA:533,1
DA:534,1
DA:541,1
DA:542,1
DA:543,1
DA:544,1
DA:545,1
DA:546,1
DA:547,1
DA:548,1
DA:549,1
DA:550,1
DA:552,0
DA:554,1
DA:555,1
DA:557,0
DA:560,0
DA:562,1
DA:567,1
DA:568,1
DA:569,1
DA:570,1
DA:571,1
DA:572,1
DA:573,1
DA:574,1
DA:575,1
DA:576,0
DA:579,1
DA:580,1
DA:582,0
DA:585,0
DA:587,1
DA:596,1
DA:597,1
DA:598,1
DA:599,1
DA:600,1
DA:601,1
DA:602,1
DA:603,1
DA:605,1
DA:606,1
DA:607,1
DA:608,0
DA:610,1
DA:611,1
DA:612,1
DA:613,0
DA:615,1
DA:616,1
DA:617,1
DA:618,1
DA:619,1
DA:620,1
DA:621,1
DA:622,1
DA:623,1
DA:624,1
DA:625,1
DA:628,1
DA:629,1
DA:630,1
DA:631,1
DA:632,1
DA:633,1
DA:634,1
DA:635,1
DA:636,1
DA:637,1
DA:638,1
DA:641,1
DA:646,1
DA:647,1
DA:648,1
DA:649,1
DA:650,1
DA:651,1
DA:652,1
DA:653,1
DA:654,1
DA:655,1
DA:657,0
DA:659,1
DA:661,0
DA:663,1
DA:667,1
DA:668,1
DA:669,1
DA:670,1
DA:671,1
DA:672,1
DA:673,0
DA:674,1
DA:682,1
DA:688,1
DA:689,1
DA:690,1
DA:691,1
DA:692,1
DA:693,1
DA:694,1
DA:696,1
DA:697,1
DA:698,1
DA:699,1
DA:700,1
DA:701,1
DA:703,0
DA:705,1
DA:707,0
DA:709,1
BRF:0
BRH:0
LF:454
LH:387
end_of_record
SF:/var/home/jack/Code/koan/src/builtins/nominal_schema.rs
FN:84,_RNCNvNtNtCsbkxZCYEF3rm_4koan8builtins14nominal_schema21nominal_schema_action0B7_
FN:30,_RNvNtNtCsbkxZCYEF3rm_4koan8builtins14nominal_schema21nominal_schema_action
FN:30,_RNvNtNtCsSCJAO8sSnz_4koan8builtins14nominal_schema21nominal_schema_action
FN:84,_RNCNvNtNtCsSCJAO8sSnz_4koan8builtins14nominal_schema21nominal_schema_action0B7_
FNDA:2,_RNCNvNtNtCsbkxZCYEF3rm_4koan8builtins14nominal_schema21nominal_schema_action0B7_
FNDA:4,_RNvNtNtCsbkxZCYEF3rm_4koan8builtins14nominal_schema21nominal_schema_action
FNDA:71,_RNvNtNtCsSCJAO8sSnz_4koan8builtins14nominal_schema21nominal_schema_action
FNDA:1,_RNCNvNtNtCsSCJAO8sSnz_4koan8builtins14nominal_schema21nominal_schema_action0B7_
FNF:2
FNH:2
DA:30,75
DA:31,75
DA:32,75
DA:33,75
DA:34,75
DA:35,75
DA:36,75
DA:37,75
DA:38,75
DA:39,75
DA:40,75
DA:41,75
DA:45,75
DA:46,75
DA:47,75
DA:48,75
DA:49,75
DA:50,75
DA:51,75
DA:55,75
DA:56,75
DA:57,75
DA:58,75
DA:59,75
DA:60,75
DA:61,75
DA:62,75
DA:63,75
DA:64,75
DA:65,67
DA:66,67
DA:68,5
DA:70,3
DA:71,3
DA:73,3
DA:74,3
DA:75,3
DA:76,3
DA:77,3
DA:78,3
DA:79,3
DA:80,3
DA:81,3
DA:82,3
DA:83,3
DA:84,3
DA:88,75
BRF:0
BRH:0
LF:48
LH:48
end_of_record
SF:/var/home/jack/Code/koan/src/builtins/parameterized_types.rs
FN:187,_RNCNvNtNtCsbkxZCYEF3rm_4koan8builtins19parameterized_types13build_carrier0B7_
FN:44,_RNvMNtNtCsbkxZCYEF3rm_4koan8builtins19parameterized_typesNtB2_11CarrierKind15field_name_kind
FN:37,_RNvMNtNtCsbkxZCYEF3rm_4koan8builtins19parameterized_typesNtB2_11CarrierKind7context
FN:152,_RNvNtNtCsbkxZCYEF3rm_4koan8builtins19parameterized_types13build_carrier
FN:54,_RNvNtNtCsbkxZCYEF3rm_4koan8builtins19parameterized_types16finalize_carrier
FN:194,_RNvNtNtCsbkxZCYEF3rm_4koan8builtins19parameterized_types8register
FN:143,_RNvNtNtNtCsbkxZCYEF3rm_4koan8builtins19parameterized_types13action_bodies12body_functor
FN:88,_RNvNtNtNtCsbkxZCYEF3rm_4koan8builtins19parameterized_types13action_bodies12body_list_of
FN:105,_RNvNtNtNtCsbkxZCYEF3rm_4koan8builtins19parameterized_types13action_bodies13body_apply_as
FN:139,_RNvNtNtNtCsbkxZCYEF3rm_4koan8builtins19parameterized_types13action_bodies7body_fn
FN:95,_RNvNtNtNtCsbkxZCYEF3rm_4koan8builtins19parameterized_types13action_bodies8body_map
FN:44,_RNvMNtNtCsSCJAO8sSnz_4koan8builtins19parameterized_typesNtB2_11CarrierKind15field_name_kind
FN:37,_RNvMNtNtCsSCJAO8sSnz_4koan8builtins19parameterized_typesNtB2_11CarrierKind7context
FN:152,_RNvNtNtCsSCJAO8sSnz_4koan8builtins19parameterized_types13build_carrier
FN:54,_RNvNtNtCsSCJAO8sSnz_4koan8builtins19parameterized_types16finalize_carrier
FN:194,_RNvNtNtCsSCJAO8sSnz_4koan8builtins19parameterized_types8register
FN:187,_RNCNvNtNtCsSCJAO8sSnz_4koan8builtins19parameterized_types13build_carrier0B7_
FN:399,_RNvNtNtNtCsSCJAO8sSnz_4koan8builtins19parameterized_types5tests18assert_round_trips
FN:331,_RNvNtNtNtCsSCJAO8sSnz_4koan8builtins19parameterized_types5testss_22fn_lowers_to_kfunction
FN:425,_RNvNtNtNtCsSCJAO8sSnz_4koan8builtins19parameterized_types5testss_22fn_nullary_round_trips
FN:409,_RNvNtNtNtCsSCJAO8sSnz_4koan8builtins19parameterized_types5testss_26fn_multi_param_round_trips
FN:363,_RNvNtNtNtCsSCJAO8sSnz_4koan8builtins19parameterized_types5testss_26functor_lowers_to_kfunctor
FN:438,_RNvNtNtNtCsSCJAO8sSnz_4koan8builtins19parameterized_types5testss_27fn_nested_param_round_trips
FN:320,_RNvNtNtNtCsSCJAO8sSnz_4koan8builtins19parameterized_types5testss_29map_str_number_lowers_to_dict
FN:348,_RNvNtNtNtCsSCJAO8sSnz_4koan8builtins19parameterized_types5testss_30fn_nullary_lowers_to_kfunction
FN:283,_RNvNtNtNtCsSCJAO8sSnz_4koan8builtins19parameterized_types5testss_36apply_as_lowers_to_constructor_apply
FN:273,_RNvNtNtNtCsSCJAO8sSnz_4koan8builtins19parameterized_types5testss_36list_of_number_lowers_to_list_number
FN:380,_RNvNtNtNtCsSCJAO8sSnz_4koan8builtins19parameterized_types5testss_45fn_with_nested_list_param_lowers_to_kfunction
FN:454,_RNvNtNtNtCsSCJAO8sSnz_4koan8builtins19parameterized_types5testss_56functor_capitalized_param_round_trips_and_preserves_name
FN:143,_RNvNtNtNtCsSCJAO8sSnz_4koan8builtins19parameterized_types13action_bodies12body_functor
FN:88,_RNvNtNtNtCsSCJAO8sSnz_4koan8builtins19parameterized_types13action_bodies12body_list_of
FN:105,_RNvNtNtNtCsSCJAO8sSnz_4koan8builtins19parameterized_types13action_bodies13body_apply_as
FN:139,_RNvNtNtNtCsSCJAO8sSnz_4koan8builtins19parameterized_types13action_bodies7body_fn
FN:95,_RNvNtNtNtCsSCJAO8sSnz_4koan8builtins19parameterized_types13action_bodies8body_map
FNDA:1,_RNCNvNtNtCsbkxZCYEF3rm_4koan8builtins19parameterized_types13build_carrier0B7_
FNDA:6,_RNvMNtNtCsbkxZCYEF3rm_4koan8builtins19parameterized_typesNtB2_11CarrierKind15field_name_kind
FNDA:6,_RNvMNtNtCsbkxZCYEF3rm_4koan8builtins19parameterized_typesNtB2_11CarrierKind7context
FNDA:5,_RNvNtNtCsbkxZCYEF3rm_4koan8builtins19parameterized_types13build_carrier
FNDA:5,_RNvNtNtCsbkxZCYEF3rm_4koan8builtins19parameterized_types16finalize_carrier
FNDA:43,_RNvNtNtCsbkxZCYEF3rm_4koan8builtins19parameterized_types8register
FNDA:3,_RNvNtNtNtCsbkxZCYEF3rm_4koan8builtins19parameterized_types13action_bodies12body_functor
FNDA:3,_RNvNtNtNtCsbkxZCYEF3rm_4koan8builtins19parameterized_types13action_bodies12body_list_of
FNDA:0,_RNvNtNtNtCsbkxZCYEF3rm_4koan8builtins19parameterized_types13action_bodies13body_apply_as
FNDA:2,_RNvNtNtNtCsbkxZCYEF3rm_4koan8builtins19parameterized_types13action_bodies7body_fn
FNDA:2,_RNvNtNtNtCsbkxZCYEF3rm_4koan8builtins19parameterized_types13action_bodies8body_map
FNDA:31,_RNvMNtNtCsSCJAO8sSnz_4koan8builtins19parameterized_typesNtB2_11CarrierKind15field_name_kind
FNDA:31,_RNvMNtNtCsSCJAO8sSnz_4koan8builtins19parameterized_typesNtB2_11CarrierKind7context
FNDA:29,_RNvNtNtCsSCJAO8sSnz_4koan8builtins19parameterized_types13build_carrier
FNDA:29,_RNvNtNtCsSCJAO8sSnz_4koan8builtins19parameterized_types16finalize_carrier
FNDA:502,_RNvNtNtCsSCJAO8sSnz_4koan8builtins19parameterized_types8register
FNDA:2,_RNCNvNtNtCsSCJAO8sSnz_4koan8builtins19parameterized_types13build_carrier0B7_
FNDA:4,_RNvNtNtNtCsSCJAO8sSnz_4koan8builtins19parameterized_types5tests18assert_round_trips
FNDA:1,_RNvNtNtNtCsSCJAO8sSnz_4koan8builtins19parameterized_types5testss_22fn_lowers_to_kfunction
FNDA:1,_RNvNtNtNtCsSCJAO8sSnz_4koan8builtins19parameterized_types5testss_22fn_nullary_round_trips
FNDA:1,_RNvNtNtNtCsSCJAO8sSnz_4koan8builtins19parameterized_types5testss_26fn_multi_param_round_trips
FNDA:1,_RNvNtNtNtCsSCJAO8sSnz_4koan8builtins19parameterized_types5testss_26functor_lowers_to_kfunctor
FNDA:1,_RNvNtNtNtCsSCJAO8sSnz_4koan8builtins19parameterized_types5testss_27fn_nested_param_round_trips
FNDA:1,_RNvNtNtNtCsSCJAO8sSnz_4koan8builtins19parameterized_types5testss_29map_str_number_lowers_to_dict
FNDA:1,_RNvNtNtNtCsSCJAO8sSnz_4koan8builtins19parameterized_types5testss_30fn_nullary_lowers_to_kfunction
FNDA:1,_RNvNtNtNtCsSCJAO8sSnz_4koan8builtins19parameterized_types5testss_36apply_as_lowers_to_constructor_apply
FNDA:1,_RNvNtNtNtCsSCJAO8sSnz_4koan8builtins19parameterized_types5testss_36list_of_number_lowers_to_list_number
FNDA:1,_RNvNtNtNtCsSCJAO8sSnz_4koan8builtins19parameterized_types5testss_45fn_with_nested_list_param_lowers_to_kfunction
FNDA:1,_RNvNtNtNtCsSCJAO8sSnz_4koan8builtins19parameterized_types5testss_56functor_capitalized_param_round_trips_and_preserves_name
FNDA:4,_RNvNtNtNtCsSCJAO8sSnz_4koan8builtins19parameterized_types13action_bodies12body_functor
FNDA:56,_RNvNtNtNtCsSCJAO8sSnz_4koan8builtins19parameterized_types13action_bodies12body_list_of
[...]
FN:56,_RINvNtCsSCJAO8sSnz_4koan9witnessed6retypeRNtNtNtNtB4_7machine4core5scope5ScopeBD_EB4_
FN:56,_RINvNtCsSCJAO8sSnz_4koan9witnessed6retypeRRmBD_EB4_
FN:56,_RINvNtCsSCJAO8sSnz_4koan9witnessed6retypeRSINtNtCs27Vx93FoQ6z_4core6result6ResultNtNtNtNtNtB4_7machine5model6values7carried7CarriedNtNtNtB1p_4core6kerror6KErrorEBD_EB4_
FN:56,_RINvNtCsSCJAO8sSnz_4koan9witnessed6retypeRSRmBD_EB4_
FN:56,_RINvNtCsSCJAO8sSnz_4koan9witnessed6retypeRmBD_EB4_
FN:56,_RINvNtCsSCJAO8sSnz_4koan9witnessed6retypeuuEB4_
FN:89,_RNvMNtCsSCJAO8sSnz_4koan9witnessedINtB2_6ErasedNtNtB2_5tests11ScopeFamilyE5eraseB4_
FN:89,_RNvMNtCsSCJAO8sSnz_4koan9witnessedINtB2_6ErasedNtNtB2_5tests9InvFamilyE5eraseB4_
FN:89,_RNvMNtCsSCJAO8sSnz_4koan9witnessedINtB2_6ErasedNtNtB2_5tests9RefFamilyE5eraseB4_
FN:104,_RNvMNtCsSCJAO8sSnz_4koan9witnessedINtB2_6ErasedNtNtB2_5tests9RefFamilyE8reattachB4_
FN:89,_RNvMNtCsSCJAO8sSnz_4koan9witnessedINtB2_6ErasedNtNtNtNtB4_7machine7execute7outcome18ContinuationFamilyE5eraseB4_
FN:104,_RNvMNtCsSCJAO8sSnz_4koan9witnessedINtB2_6ErasedNtNtNtNtB4_7machine7execute7outcome18ContinuationFamilyE8reattachB4_
FN:89,_RNvMNtCsSCJAO8sSnz_4koan9witnessedINtB2_6ErasedNtNtNtNtB4_9scheduler10node_store5tests11UnitCarrierE5eraseB4_
FN:89,_RNvMNtCsSCJAO8sSnz_4koan9witnessedINtB2_6ErasedNtNtNtNtNtB4_7machine4core9kfunction4body14ContractFamilyE5eraseB4_
FN:104,_RNvMNtCsSCJAO8sSnz_4koan9witnessedINtB2_6ErasedNtNtNtNtNtB4_7machine4core9kfunction4body14ContractFamilyE8reattachB4_
FN:89,_RNvMNtCsSCJAO8sSnz_4koan9witnessedINtB2_6ErasedNtNtNtNtNtB4_7machine5model6values7carried13CarriedFamilyE5eraseB4_
FN:174,_RNvMs3_NtCsSCJAO8sSnz_4koan9witnessedINtB5_9WitnessedNtNtB5_5tests11ScopeFamilyINtNtCsgW8esjfipvk_5alloc2rc2RcINtNtB1k_3vec3VecmEEE11from_erasedB7_
FN:166,_RNvMs3_NtCsSCJAO8sSnz_4koan9witnessedINtB5_9WitnessedNtNtB5_5tests11ScopeFamilyINtNtCsgW8esjfipvk_5alloc2rc2RcINtNtB1k_3vec3VecmEEE3newB7_
FN:174,_RNvMs3_NtCsSCJAO8sSnz_4koan9witnessedINtB5_9WitnessedNtNtB5_5tests9InvFamilyINtNtCsgW8esjfipvk_5alloc2rc2RcINtNtB1h_3vec3VecmEEE11from_erasedB7_
FN:166,_RNvMs3_NtCsSCJAO8sSnz_4koan9witnessedINtB5_9WitnessedNtNtB5_5tests9InvFamilyINtNtCsgW8esjfipvk_5alloc2rc2RcINtNtB1h_3vec3VecmEEE3newB7_
FN:174,_RNvMs3_NtCsSCJAO8sSnz_4koan9witnessedINtB5_9WitnessedNtNtB5_5tests9RefFamilyINtNtCsgW8esjfipvk_5alloc2rc2RcINtNtB1h_3vec3VecmEEE11from_erasedB7_
FN:166,_RNvMs3_NtCsSCJAO8sSnz_4koan9witnessedINtB5_9WitnessedNtNtB5_5tests9RefFamilyINtNtCsgW8esjfipvk_5alloc2rc2RcINtNtB1h_3vec3VecmEEE3newB7_
FN:276,_RNvMs3_NtCsSCJAO8sSnz_4koan9witnessedINtB5_9WitnessedNtNtB5_5tests9RefFamilyINtNtCsgW8esjfipvk_5alloc2rc2RcINtNtB1h_3vec3VecmEEE4readB7_
FN:174,_RNvMs3_NtCsSCJAO8sSnz_4koan9witnessedINtB5_9WitnessedNtNtNtNtNtB7_7machine5model6values7carried13CarriedFamilyINtNtCs27Vx93FoQ6z_4core6option6OptionINtNtCsgW8esjfipvk_5alloc2rc2RcNtNtNtBX_4core5arena9CallFrameEEE11from_erasedB7_
FN:276,_RNvMs3_NtCsSCJAO8sSnz_4koan9witnessedINtB5_9WitnessedNtNtNtNtNtB7_7machine5model6values7carried13CarriedFamilyINtNtCs27Vx93FoQ6z_4core6option6OptionINtNtCsgW8esjfipvk_5alloc2rc2RcNtNtNtBX_4core5arena9CallFrameEEE4readB7_
FN:290,_RNvMs3_NtCsSCJAO8sSnz_4koan9witnessedINtB5_9WitnessedNtNtNtNtNtB7_7machine5model6values7carried13CarriedFamilyINtNtCs27Vx93FoQ6z_4core6option6OptionINtNtCsgW8esjfipvk_5alloc2rc2RcNtNtNtBX_4core5arena9CallFrameEEE7witnessB7_
FNDA:5203,_RINvNtCsbkxZCYEF3rm_4koan9witnessed12reattach_refNtNtNtNtB4_7machine4core9scope_ptr11ScopeFamilyEB4_
FNDA:534,_RINvNtCsbkxZCYEF3rm_4koan9witnessed12vend_carrierNtNtNtNtB4_7machine7execute7outcome18ContinuationFamilyNtNtNtBR_4core5arena9CallFrameEB4_
FNDA:8,_RINvNtCsbkxZCYEF3rm_4koan9witnessed12vend_carrierNtNtNtNtNtB4_7machine4core9kfunction4body14ContractFamilyNtNtBR_5arena9CallFrameEB4_
FNDA:0,_RINvNtCsbkxZCYEF3rm_4koan9witnessed13reattach_withNtNtNtNtNtB4_7machine5model6values7carried13CarriedFamilyINtNtCsgW8esjfipvk_5alloc2rc2RcNtNtNtBU_4core5arena9CallFrameEEB4_
FNDA:79,_RINvNtCsbkxZCYEF3rm_4koan9witnessed13reattach_withNtNtNtNtNtB4_7machine5model6values7carried13CarriedFamilyINtNtNtBU_4core6region6RegionNtNtB1M_5arena18KoanStorageProfileEEB4_
FNDA:14,_RINvNtCsbkxZCYEF3rm_4koan9witnessed14reattach_valueNtNtNtNtNtB4_7machine5model6values7carried13CarriedFamilyEB4_
FNDA:133,_RINvNtCsbkxZCYEF3rm_4koan9witnessed15erase_to_staticNtNtNtNtB4_7machine4core5scope5ScopeEB4_
FNDA:1652,_RINvNtCsbkxZCYEF3rm_4koan9witnessed15erase_to_staticNtNtNtNtB4_7machine4core9kfunction9KFunctionEB4_
FNDA:0,_RINvNtCsbkxZCYEF3rm_4koan9witnessed15erase_to_staticNtNtNtNtB4_7machine5model9operators13OperatorGroupEB4_
FNDA:534,_RINvNtCsbkxZCYEF3rm_4koan9witnessed15erase_to_staticNtNtNtNtB4_7machine7execute7outcome18ContinuationFamilyEB4_
FNDA:8,_RINvNtCsbkxZCYEF3rm_4koan9witnessed15erase_to_staticNtNtNtNtNtB4_7machine4core9kfunction4body14ContractFamilyEB4_
FNDA:838,_RINvNtCsbkxZCYEF3rm_4koan9witnessed15erase_to_staticNtNtNtNtNtB4_7machine5model5types5ktype5KTypeEB4_
FNDA:15,_RINvNtCsbkxZCYEF3rm_4koan9witnessed15erase_to_staticNtNtNtNtNtB4_7machine5model6values6module15ModuleSignatureEB4_
FNDA:25,_RINvNtCsbkxZCYEF3rm_4koan9witnessed15erase_to_staticNtNtNtNtNtB4_7machine5model6values6module6ModuleEB4_
FNDA:260,_RINvNtCsbkxZCYEF3rm_4koan9witnessed15erase_to_staticNtNtNtNtNtB4_7machine5model6values7carried13CarriedFamilyEB4_
FNDA:1885,_RINvNtCsbkxZCYEF3rm_4koan9witnessed15erase_to_staticNtNtNtNtNtB4_7machine5model6values7kobject7KObjectEB4_
FNDA:534,_RINvNtCsbkxZCYEF3rm_4koan9witnessed19reattach_slice_withNtNtNtNtNtB4_7machine5model6values7carried19ResultCarriedFamilyINtNtCsgW8esjfipvk_5alloc2rc2RcNtNtNtB10_4core5arena9CallFrameEEB4_
FNDA:1068,_RINvNtCsbkxZCYEF3rm_4koan9witnessed6retypeINtNtCsgW8esjfipvk_5alloc5boxed3BoxDG1_INtNtNtCs27Vx93FoQ6z_4core3ops8function6FnOnceTRL2_INtNtNtNtNtB4_7machine7execute8dispatch3ctx13SchedulerViewL_L1_ERL0_SINtNtB1o_6result6ResultNtNtNtNtB2f_5model6values7carried7CarriedNtNtNtB2f_4core6kerror6KErrorEjEEp6OutputNtNtB2d_7outcome7OutcomeEL_EBE_EB4_
FNDA:133,_RINvNtCsbkxZCYEF3rm_4koan9witnessed6retypeNtNtNtNtB4_7machine4core5scope5ScopeBE_EB4_
FNDA:1652,_RINvNtCsbkxZCYEF3rm_4koan9witnessed6retypeNtNtNtNtB4_7machine4core9kfunction9KFunctionBE_EB4_
FNDA:0,_RINvNtCsbkxZCYEF3rm_4koan9witnessed6retypeNtNtNtNtB4_7machine5model9operators13OperatorGroupBE_EB4_
FNDA:16,_RINvNtCsbkxZCYEF3rm_4koan9witnessed6retypeNtNtNtNtNtB4_7machine4core9kfunction4body14ReturnContractBE_EB4_
FNDA:838,_RINvNtCsbkxZCYEF3rm_4koan9witnessed6retypeNtNtNtNtNtB4_7machine5model5types5ktype5KTypeBE_EB4_
FNDA:15,_RINvNtCsbkxZCYEF3rm_4koan9witnessed6retypeNtNtNtNtNtB4_7machine5model6values6module15ModuleSignatureBE_EB4_
FNDA:25,_RINvNtCsbkxZCYEF3rm_4koan9witnessed6retypeNtNtNtNtNtB4_7machine5model6values6module6ModuleBE_EB4_
FNDA:508,_RINvNtCsbkxZCYEF3rm_4koan9witnessed6retypeNtNtNtNtNtB4_7machine5model6values7carried7CarriedBE_EB4_
FNDA:1885,_RINvNtCsbkxZCYEF3rm_4koan9witnessed6retypeNtNtNtNtNtB4_7machine5model6values7kobject7KObjectBE_EB4_
FNDA:5203,_RINvNtCsbkxZCYEF3rm_4koan9witnessed6retypeRNtNtNtNtB4_7machine4core5scope5ScopeBE_EB4_
FNDA:534,_RINvNtCsbkxZCYEF3rm_4koan9witnessed6retypeRSINtNtCs27Vx93FoQ6z_4core6result6ResultNtNtNtNtNtB4_7machine5model6values7carried7CarriedNtNtNtB1q_4core6kerror6KErrorEBE_EB4_
FNDA:534,_RNvMNtCsbkxZCYEF3rm_4koan9witnessedINtB2_6ErasedNtNtNtNtB4_7machine7execute7outcome18ContinuationFamilyE5eraseB4_
FNDA:534,_RNvMNtCsbkxZCYEF3rm_4koan9witnessedINtB2_6ErasedNtNtNtNtB4_7machine7execute7outcome18ContinuationFamilyE8reattachB4_
FNDA:8,_RNvMNtCsbkxZCYEF3rm_4koan9witnessedINtB2_6ErasedNtNtNtNtNtB4_7machine4core9kfunction4body14ContractFamilyE5eraseB4_
FNDA:8,_RNvMNtCsbkxZCYEF3rm_4koan9witnessedINtB2_6ErasedNtNtNtNtNtB4_7machine4core9kfunction4body14ContractFamilyE8reattachB4_
FNDA:181,_RNvMNtCsbkxZCYEF3rm_4koan9witnessedINtB2_6ErasedNtNtNtNtNtB4_7machine5model6values7carried13CarriedFamilyE5eraseB4_
FNDA:181,_RNvMs3_NtCsbkxZCYEF3rm_4koan9witnessedINtB5_9WitnessedNtNtNtNtNtB7_7machine5model6values7carried13CarriedFamilyINtNtCs27Vx93FoQ6z_4core6option6OptionINtNtCsgW8esjfipvk_5alloc2rc2RcNtNtNtBY_4core5arena9CallFrameEEE11from_erasedB7_
FNDA:155,_RNvMs3_NtCsbkxZCYEF3rm_4koan9witnessedINtB5_9WitnessedNtNtNtNtNtB7_7machine5model6values7carried13CarriedFamilyINtNtCs27Vx93FoQ6z_4core6option6OptionINtNtCsgW8esjfipvk_5alloc2rc2RcNtNtNtBY_4core5arena9CallFrameEEE4readB7_
FNDA:121,_RNvMs3_NtCsbkxZCYEF3rm_4koan9witnessedINtB5_9WitnessedNtNtNtNtNtB7_7machine5model6values7carried13CarriedFamilyINtNtCs27Vx93FoQ6z_4core6option6OptionINtNtCsgW8esjfipvk_5alloc2rc2RcNtNtNtBY_4core5arena9CallFrameEEE7witnessB7_
FNDA:0,_RINvMs3_NtCsbkxZCYEF3rm_4koan9witnessedINtB6_9WitnessedppE3mapppEB8_
FNDA:0,_RINvMs3_NtCsbkxZCYEF3rm_4koan9witnessedINtB6_9WitnessedppE4withppEB8_
FNDA:0,_RINvNCNvNtCsbkxZCYEF3rm_4koan9witnessed1__019assert_stable_derefpEB8_
FNDA:0,_RNCNvNtCsbkxZCYEF3rm_4koan9witnessed1__0B5_
FNDA:0,_RNvMs3_NtCsbkxZCYEF3rm_4koan9witnessedINtB5_9WitnessedppE3newB7_
FNDA:0,_RNvXININtCsbkxZCYEF3rm_4koan9witnesseds_0pEINtB5_6ErasedpENtNtCs27Vx93FoQ6z_4core5clone5Clone5cloneB7_
FNDA:0,_RINvNCNvNtCsSCJAO8sSnz_4koan9witnessed1__019assert_stable_derefpEB8_
FNDA:0,_RNCNvNtCsSCJAO8sSnz_4koan9witnessed1__0B5_
FNDA:0,_RNvXININtCsSCJAO8sSnz_4koan9witnesseds_0pEINtB5_6ErasedpENtNtCs27Vx93FoQ6z_4core5clone5Clone5cloneB7_
FNDA:1,_RINvMs3_NtCsSCJAO8sSnz_4koan9witnessedINtB6_9WitnessedNtNtB6_5tests11ScopeFamilyINtNtCsgW8esjfipvk_5alloc2rc2RcINtNtB1l_3vec3VecmEEE3mapBQ_NCNvBS_s_46continuation_binds_cart_coherent_value_via_map0EB8_
FNDA:1,_RINvMs3_NtCsSCJAO8sSnz_4koan9witnessedINtB6_9WitnessedNtNtB6_5tests11ScopeFamilyINtNtCsgW8esjfipvk_5alloc2rc2RcINtNtB1l_3vec3VecmEEE4withmNCNvBS_s_46continuation_binds_cart_coherent_value_via_maps_0EB8_
FNDA:1,_RINvMs3_NtCsSCJAO8sSnz_4koan9witnessedINtB6_9WitnessedNtNtB6_5tests9InvFamilyINtNtCsgW8esjfipvk_5alloc2rc2RcINtNtB1i_3vec3VecmEEE4withmNCNvBS_s_29invariant_same_brand_mutation0EB8_
FNDA:1,_RINvMs3_NtCsSCJAO8sSnz_4koan9witnessedINtB6_9WitnessedNtNtB6_5tests9InvFamilyINtNtCsgW8esjfipvk_5alloc2rc2RcINtNtB1i_3vec3VecmEEE4withmNCNvBS_s_29invariant_same_brand_mutations_0EB8_
FNDA:1,_RINvMs3_NtCsSCJAO8sSnz_4koan9witnessedINtB6_9WitnessedNtNtB6_5tests9InvFamilyINtNtCsgW8esjfipvk_5alloc2rc2RcINtNtB1i_3vec3VecmEEE4withmNCNvBS_s_32invariant_roundtrip_witness_only0EB8_
FNDA:1,_RINvMs3_NtCsSCJAO8sSnz_4koan9witnessedINtB6_9WitnessedNtNtB6_5tests9InvFamilyINtNtCsgW8esjfipvk_5alloc2rc2RcINtNtB1i_3vec3VecmEEE4withmNCNvBS_s_32invariant_roundtrip_witness_onlys_0EB8_
FNDA:1,_RINvMs3_NtCsSCJAO8sSnz_4koan9witnessedINtB6_9WitnessedNtNtB6_5tests9RefFamilyINtNtCsgW8esjfipvk_5alloc2rc2RcINtNtB1i_3vec3VecmEEE4withmNCNvBS_s_32covariant_roundtrip_witness_only0EB8_
FNDA:1,_RINvNtCsSCJAO8sSnz_4koan9witnessed12reattach_refNtNtB2_5tests9RefFamilyEB4_
FNDA:55336,_RINvNtCsSCJAO8sSnz_4koan9witnessed12reattach_refNtNtNtNtB4_7machine4core9scope_ptr11ScopeFamilyEB4_
FNDA:1,_RINvNtCsSCJAO8sSnz_4koan9witnessed12vend_carrierNtNtB2_5tests9RefFamilymEB4_
FNDA:1,_RINvNtCsSCJAO8sSnz_4koan9witnessed12vend_carrierNtNtNtNtB4_7machine7execute7outcome18ContinuationFamilyINtNtCsgW8esjfipvk_5alloc2rc2RcNtNtNtBQ_4core5arena9CallFrameEEB4_
FNDA:5680,_RINvNtCsSCJAO8sSnz_4koan9witnessed12vend_carrierNtNtNtNtB4_7machine7execute7outcome18ContinuationFamilyNtNtNtBQ_4core5arena9CallFrameEB4_
FNDA:329,_RINvNtCsSCJAO8sSnz_4koan9witnessed12vend_carrierNtNtNtNtNtB4_7machine4core9kfunction4body14ContractFamilyNtNtBQ_5arena9CallFrameEB4_
FNDA:1,_RINvNtCsSCJAO8sSnz_4koan9witnessed13reattach_withNtNtB2_5tests9RefFamilyINtNtCsgW8esjfipvk_5alloc2rc2RcmEEB4_
FNDA:0,_RINvNtCsSCJAO8sSnz_4koan9witnessed13reattach_withNtNtNtNtNtB4_7machine5model6values7carried13CarriedFamilyINtNtCsgW8esjfipvk_5alloc2rc2RcNtNtNtBT_4core5arena9CallFrameEEB4_
FNDA:992,_RINvNtCsSCJAO8sSnz_4koan9witnessed13reattach_withNtNtNtNtNtB4_7machine5model6values7carried13CarriedFamilyINtNtNtBT_4core6region6RegionNtNtB1L_5arena18KoanStorageProfileEEB4_
FNDA:1,_RINvNtCsSCJAO8sSnz_4koan9witnessed14reattach_valueNtNtB2_5tests9RefFamilyEB4_
FNDA:215,_RINvNtCsSCJAO8sSnz_4koan9witnessed14reattach_valueNtNtNtNtNtB4_7machine5model6values7carried13CarriedFamilyEB4_
FNDA:2,_RINvNtCsSCJAO8sSnz_4koan9witnessed15erase_to_staticNtNtB2_5tests11ScopeFamilyEB4_
FNDA:2,_RINvNtCsSCJAO8sSnz_4koan9witnessed15erase_to_staticNtNtB2_5tests9InvFamilyEB4_
FNDA:5,_RINvNtCsSCJAO8sSnz_4koan9witnessed15erase_to_staticNtNtB2_5tests9RefFamilyEB4_
FNDA:1757,_RINvNtCsSCJAO8sSnz_4koan9witnessed15erase_to_staticNtNtNtNtB4_7machine4core5scope5ScopeEB4_
FNDA:19409,_RINvNtCsSCJAO8sSnz_4koan9witnessed15erase_to_staticNtNtNtNtB4_7machine4core9kfunction9KFunctionEB4_
FNDA:7,_RINvNtCsSCJAO8sSnz_4koan9witnessed15erase_to_staticNtNtNtNtB4_7machine5model9operators13OperatorGroupEB4_
FNDA:5702,_RINvNtCsSCJAO8sSnz_4koan9witnessed15erase_to_staticNtNtNtNtB4_7machine7execute7outcome18ContinuationFamilyEB4_
FNDA:2,_RINvNtCsSCJAO8sSnz_4koan9witnessed15erase_to_staticNtNtNtNtB4_9scheduler10node_store5tests11UnitCarrierEB4_
FNDA:399,_RINvNtCsSCJAO8sSnz_4koan9witnessed15erase_to_staticNtNtNtNtNtB4_7machine4core9kfunction4body14ContractFamilyEB4_
FNDA:8676,_RINvNtCsSCJAO8sSnz_4koan9witnessed15erase_to_staticNtNtNtNtNtB4_7machine5model5types5ktype5KTypeEB4_
FNDA:74,_RINvNtCsSCJAO8sSnz_4koan9witnessed15erase_to_staticNtNtNtNtNtB4_7machine5model6values6module15ModuleSignatureEB4_
FNDA:136,_RINvNtCsSCJAO8sSnz_4koan9witnessed15erase_to_staticNtNtNtNtNtB4_7machine5model6values6module6ModuleEB4_
FNDA:2935,_RINvNtCsSCJAO8sSnz_4koan9witnessed15erase_to_staticNtNtNtNtNtB4_7machine5model6values7carried13CarriedFamilyEB4_
FNDA:22648,_RINvNtCsSCJAO8sSnz_4koan9witnessed15erase_to_staticNtNtNtNtNtB4_7machine5model6values7kobject7KObjectEB4_
FNDA:1,_RINvNtCsSCJAO8sSnz_4koan9witnessed19reattach_slice_withNtNtB2_5tests9RefFamilyINtNtCsgW8esjfipvk_5alloc2rc2RcmEEB4_
FNDA:5680,_RINvNtCsSCJAO8sSnz_4koan9witnessed19reattach_slice_withNtNtNtNtNtB4_7machine5model6values7carried19ResultCarriedFamilyINtNtCsgW8esjfipvk_5alloc2rc2RcNtNtNtBZ_4core5arena9CallFrameEEB4_
FNDA:2,_RINvNtCsSCJAO8sSnz_4koan9witnessed6retypeINtNtCs27Vx93FoQ6z_4core4cell4CellRmEBD_EB4_
FNDA:11383,_RINvNtCsSCJAO8sSnz_4koan9witnessed6retypeINtNtCsgW8esjfipvk_5alloc5boxed3BoxDG1_INtNtNtCs27Vx93FoQ6z_4core3ops8function6FnOnceTRL2_INtNtNtNtNtB4_7machine7execute8dispatch3ctx13SchedulerViewL_L1_ERL0_SINtNtB1n_6result6ResultNtNtNtNtB2e_5model6values7carried7CarriedNtNtNtB2e_4core6kerror6KErrorEjEEp6OutputNtNtB2c_7outcome7OutcomeEL_EBD_EB4_
FNDA:3,_RINvNtCsSCJAO8sSnz_4koan9witnessed6retypeNtNtB2_5tests12ScopeAndPoolBD_EB4_
FNDA:1757,_RINvNtCsSCJAO8sSnz_4koan9witnessed6retypeNtNtNtNtB4_7machine4core5scope5ScopeBD_EB4_
FNDA:19409,_RINvNtCsSCJAO8sSnz_4koan9witnessed6retypeNtNtNtNtB4_7machine4core9kfunction9KFunctionBD_EB4_
FNDA:7,_RINvNtCsSCJAO8sSnz_4koan9witnessed6retypeNtNtNtNtB4_7machine5model9operators13OperatorGroupBD_EB4_
FNDA:728,_RINvNtCsSCJAO8sSnz_4koan9witnessed6retypeNtNtNtNtNtB4_7machine4core9kfunction4body14ReturnContractBD_EB4_
FNDA:8676,_RINvNtCsSCJAO8sSnz_4koan9witnessed6retypeNtNtNtNtNtB4_7machine5model5types5ktype5KTypeBD_EB4_
FNDA:74,_RINvNtCsSCJAO8sSnz_4koan9witnessed6retypeNtNtNtNtNtB4_7machine5model6values6module15ModuleSignatureBD_EB4_
FNDA:136,_RINvNtCsSCJAO8sSnz_4koan9witnessed6retypeNtNtNtNtNtB4_7machine5model6values6module6ModuleBD_EB4_
FNDA:5386,_RINvNtCsSCJAO8sSnz_4koan9witnessed6retypeNtNtNtNtNtB4_7machine5model6values7carried7CarriedBD_EB4_
FNDA:22648,_RINvNtCsSCJAO8sSnz_4koan9witnessed6retypeNtNtNtNtNtB4_7machine5model6values7kobject7KObjectBD_EB4_
FNDA:4,_RINvNtCsSCJAO8sSnz_4koan9witnessed6retypeRINtNtCs27Vx93FoQ6z_4core4cell4CellRmEBD_EB4_
FNDA:1,_RINvNtCsSCJAO8sSnz_4koan9witnessed6retypeRNtNtB2_5tests12ScopeAndPoolBD_EB4_
FNDA:55336,_RINvNtCsSCJAO8sSnz_4koan9witnessed6retypeRNtNtNtNtB4_7machine4core5scope5ScopeBD_EB4_
FNDA:2,_RINvNtCsSCJAO8sSnz_4koan9witnessed6retypeRRmBD_EB4_
FNDA:5680,_RINvNtCsSCJAO8sSnz_4koan9witnessed6retypeRSINtNtCs27Vx93FoQ6z_4core6result6ResultNtNtNtNtNtB4_7machine5model6values7carried7CarriedNtNtNtB1p_4core6kerror6KErrorEBD_EB4_
FNDA:1,_RINvNtCsSCJAO8sSnz_4koan9witnessed6retypeRSRmBD_EB4_
FNDA:11,_RINvNtCsSCJAO8sSnz_4koan9witnessed6retypeRmBD_EB4_
FNDA:2,_RINvNtCsSCJAO8sSnz_4koan9witnessed6retypeuuEB4_
FNDA:2,_RNvMNtCsSCJAO8sSnz_4koan9witnessedINtB2_6ErasedNtNtB2_5tests11ScopeFamilyE5eraseB4_
FNDA:2,_RNvMNtCsSCJAO8sSnz_4koan9witnessedINtB2_6ErasedNtNtB2_5tests9InvFamilyE5eraseB4_
FNDA:4,_RNvMNtCsSCJAO8sSnz_4koan9witnessedINtB2_6ErasedNtNtB2_5tests9RefFamilyE5eraseB4_
FNDA:2,_RNvMNtCsSCJAO8sSnz_4koan9witnessedINtB2_6ErasedNtNtB2_5tests9RefFamilyE8reattachB4_
FNDA:5702,_RNvMNtCsSCJAO8sSnz_4koan9witnessedINtB2_6ErasedNtNtNtNtB4_7machine7execute7outcome18ContinuationFamilyE5eraseB4_
FNDA:5681,_RNvMNtCsSCJAO8sSnz_4koan9witnessedINtB2_6ErasedNtNtNtNtB4_7machine7execute7outcome18ContinuationFamilyE8reattachB4_
FNDA:2,_RNvMNtCsSCJAO8sSnz_4koan9witnessedINtB2_6ErasedNtNtNtNtB4_9scheduler10node_store5tests11UnitCarrierE5eraseB4_
FNDA:399,_RNvMNtCsSCJAO8sSnz_4koan9witnessedINtB2_6ErasedNtNtNtNtNtB4_7machine4core9kfunction4body14ContractFamilyE5eraseB4_
FNDA:329,_RNvMNtCsSCJAO8sSnz_4koan9witnessedINtB2_6ErasedNtNtNtNtNtB4_7machine4core9kfunction4body14ContractFamilyE8reattachB4_
FNDA:1943,_RNvMNtCsSCJAO8sSnz_4koan9witnessedINtB2_6ErasedNtNtNtNtNtB4_7machine5model6values7carried13CarriedFamilyE5eraseB4_
FNDA:1,_RNvMs3_NtCsSCJAO8sSnz_4koan9witnessedINtB5_9WitnessedNtNtB5_5tests11ScopeFamilyINtNtCsgW8esjfipvk_5alloc2rc2RcINtNtB1k_3vec3VecmEEE11from_erasedB7_
FNDA:1,_RNvMs3_NtCsSCJAO8sSnz_4koan9witnessedINtB5_9WitnessedNtNtB5_5tests11ScopeFamilyINtNtCsgW8esjfipvk_5alloc2rc2RcINtNtB1k_3vec3VecmEEE3newB7_
FNDA:2,_RNvMs3_NtCsSCJAO8sSnz_4koan9witnessedINtB5_9WitnessedNtNtB5_5tests9InvFamilyINtNtCsgW8esjfipvk_5alloc2rc2RcINtNtB1h_3vec3VecmEEE11from_erasedB7_
FNDA:2,_RNvMs3_NtCsSCJAO8sSnz_4koan9witnessedINtB5_9WitnessedNtNtB5_5tests9InvFamilyINtNtCsgW8esjfipvk_5alloc2rc2RcINtNtB1h_3vec3VecmEEE3newB7_
FNDA:2,_RNvMs3_NtCsSCJAO8sSnz_4koan9witnessedINtB5_9WitnessedNtNtB5_5tests9RefFamilyINtNtCsgW8esjfipvk_5alloc2rc2RcINtNtB1h_3vec3VecmEEE11from_erasedB7_
FNDA:2,_RNvMs3_NtCsSCJAO8sSnz_4koan9witnessedINtB5_9WitnessedNtNtB5_5tests9RefFamilyINtNtCsgW8esjfipvk_5alloc2rc2RcINtNtB1h_3vec3VecmEEE3newB7_
FNDA:2,_RNvMs3_NtCsSCJAO8sSnz_4koan9witnessedINtB5_9WitnessedNtNtB5_5tests9RefFamilyINtNtCsgW8esjfipvk_5alloc2rc2RcINtNtB1h_3vec3VecmEEE4readB7_
FNDA:1943,_RNvMs3_NtCsSCJAO8sSnz_4koan9witnessedINtB5_9WitnessedNtNtNtNtNtB7_7machine5model6values7carried13CarriedFamilyINtNtCs27Vx93FoQ6z_4core6option6OptionINtNtCsgW8esjfipvk_5alloc2rc2RcNtNtNtBX_4core5arena9CallFrameEEE11from_erasedB7_
FNDA:1244,_RNvMs3_NtCsSCJAO8sSnz_4koan9witnessedINtB5_9WitnessedNtNtNtNtNtB7_7machine5model6values7carried13CarriedFamilyINtNtCs27Vx93FoQ6z_4core6option6OptionINtNtCsgW8esjfipvk_5alloc2rc2RcNtNtNtBX_4core5arena9CallFrameEEE4readB7_
FNDA:992,_RNvMs3_NtCsSCJAO8sSnz_4koan9witnessedINtB5_9WitnessedNtNtNtNtNtB7_7machine5model6values7carried13CarriedFamilyINtNtCs27Vx93FoQ6z_4core6option6OptionINtNtCsgW8esjfipvk_5alloc2rc2RcNtNtNtBX_4core5arena9CallFrameEEE7witnessB7_
FNF:18
FNH:15
DA:56,143123
DA:58,143123
DA:61,143123
DA:62,143123
DA:70,67104
DA:73,67104
DA:74,67104
DA:89,8777
DA:90,8777
DA:91,8777
DA:92,8777
DA:93,8777
DA:104,6554
DA:106,6554
DA:107,6554
DA:114,0
DA:115,0
DA:116,0
DA:117,0
DA:118,0
DA:141,0
DA:142,0
DA:143,0
DA:144,0
DA:166,5
DA:167,5
DA:168,5
DA:174,2129
DA:175,2129
DA:176,2129
DA:206,6
DA:211,6
DA:212,6
DA:213,6
DA:214,6
DA:249,1
DA:250,1
DA:251,1
DA:252,1
DA:253,1
DA:258,1
DA:259,1
DA:260,1
DA:261,1
DA:262,1
DA:263,1
DA:264,1
DA:276,1401
DA:277,1401
DA:278,1401
DA:284,1401
DA:285,1401
DA:290,1113
DA:291,1113
DA:292,1113
DA:305,1072
DA:306,1072
DA:307,1072
DA:308,1072
DA:309,1072
DA:310,1072
DA:315,1072
DA:316,1072
DA:317,1072
DA:324,6215
DA:325,6215
DA:326,6215
DA:327,6215
DA:330,6215
DA:331,6215
DA:340,230
DA:342,230
DA:343,230
DA:351,6553
DA:352,6553
DA:353,6553
DA:354,6553
DA:358,6553
DA:359,6553
DA:370,60540
DA:371,60540
DA:372,60540
DA:374,60540
DA:375,60540
BRF:0
BRH:0
LF:84
LH:75
end_of_record