SF:/var/home/jack/Code/koan/src/builtins.rs
FN:157,_RNvNtCsjkUEORhOIHz_4koan8builtins13default_scope
FN:80,_RNvNtCsjkUEORhOIHz_4koan8builtins16register_builtin
FN:45,_RNvNtCsjkUEORhOIHz_4koan8builtins20dispatch_constructor
FN:126,_RNvNtCsjkUEORhOIHz_4koan8builtins21register_builtin_full
FN:107,_RNvNtCsjkUEORhOIHz_4koan8builtins23register_nominal_binder
FN:91,_RNvNtCsjkUEORhOIHz_4koan8builtins28register_builtin_with_binder
FN:64,_RNvNtCsjkUEORhOIHz_4koan8builtins2kw
FN:69,_RNvNtCsjkUEORhOIHz_4koan8builtins3arg
FN:59,_RNvNtCsjkUEORhOIHz_4koan8builtins3err
FN:76,_RNvNtCsjkUEORhOIHz_4koan8builtins3sig
FN:157,_RNvNtCs17lX60Qr81G_4koan8builtins13default_scope
FN:80,_RNvNtCs17lX60Qr81G_4koan8builtins16register_builtin
FN:45,_RNvNtCs17lX60Qr81G_4koan8builtins20dispatch_constructor
FN:126,_RNvNtCs17lX60Qr81G_4koan8builtins21register_builtin_full
FN:107,_RNvNtCs17lX60Qr81G_4koan8builtins23register_nominal_binder
FN:91,_RNvNtCs17lX60Qr81G_4koan8builtins28register_builtin_with_binder
FN:64,_RNvNtCs17lX60Qr81G_4koan8builtins2kw
FN:69,_RNvNtCs17lX60Qr81G_4koan8builtins3arg
FN:59,_RNvNtCs17lX60Qr81G_4koan8builtins3err
FN:76,_RNvNtCs17lX60Qr81G_4koan8builtins3sig
FNDA:40,_RNvNtCsjkUEORhOIHz_4koan8builtins13default_scope
FNDA:1280,_RNvNtCsjkUEORhOIHz_4koan8builtins16register_builtin
FNDA:0,_RNvNtCsjkUEORhOIHz_4koan8builtins20dispatch_constructor
FNDA:1760,_RNvNtCsjkUEORhOIHz_4koan8builtins21register_builtin_full
FNDA:160,_RNvNtCsjkUEORhOIHz_4koan8builtins23register_nominal_binder
FNDA:1440,_RNvNtCsjkUEORhOIHz_4koan8builtins28register_builtin_with_binder
FNDA:2440,_RNvNtCsjkUEORhOIHz_4koan8builtins2kw
FNDA:3120,_RNvNtCsjkUEORhOIHz_4koan8builtins3arg
FNDA:1,_RNvNtCsjkUEORhOIHz_4koan8builtins3err
FNDA:1680,_RNvNtCsjkUEORhOIHz_4koan8builtins3sig
FNDA:466,_RNvNtCs17lX60Qr81G_4koan8builtins13default_scope
FNDA:14933,_RNvNtCs17lX60Qr81G_4koan8builtins16register_builtin
FNDA:5,_RNvNtCs17lX60Qr81G_4koan8builtins20dispatch_constructor
FNDA:20526,_RNvNtCs17lX60Qr81G_4koan8builtins21register_builtin_full
FNDA:1864,_RNvNtCs17lX60Qr81G_4koan8builtins23register_nominal_binder
FNDA:16798,_RNvNtCs17lX60Qr81G_4koan8builtins28register_builtin_with_binder
FNDA:28426,_RNvNtCs17lX60Qr81G_4koan8builtins2kw
FNDA:36348,_RNvNtCs17lX60Qr81G_4koan8builtins3arg
FNDA:54,_RNvNtCs17lX60Qr81G_4koan8builtins3err
FNDA:19572,_RNvNtCs17lX60Qr81G_4koan8builtins3sig
FNF:10
FNH:10
DA:45,5
DA:46,5
DA:47,5
DA:48,5
DA:49,5
DA:50,5
DA:51,0
DA:52,0
DA:54,5
DA:59,55
DA:60,55
DA:61,55
DA:64,30866
DA:65,30866
DA:66,30866
DA:69,39468
DA:70,39468
DA:71,39468
DA:76,21252
DA:77,21252
DA:78,21252
DA:80,16213
DA:81,16213
DA:82,16213
DA:83,16213
DA:84,16213
DA:85,16213
DA:86,16213
DA:87,16213
DA:91,18238
DA:92,18238
DA:93,18238
DA:94,18238
DA:95,18238
DA:96,18238
DA:97,18238
DA:98,18238
DA:99,18238
DA:107,2024
DA:108,2024
DA:109,2024
DA:110,2024
DA:111,2024
DA:112,2024
DA:113,2024
DA:114,2024
DA:115,2024
DA:126,22286
DA:127,22286
DA:128,22286
DA:129,22286
DA:130,22286
DA:131,22286
DA:132,22286
DA:133,22286
DA:134,22286
DA:135,22286
DA:136,22286
DA:137,22286
DA:138,22286
DA:139,22286
DA:140,22286
DA:141,22286
DA:142,22286
DA:143,22286
DA:144,22286
DA:145,22286
DA:146,22286
DA:147,22286
DA:148,22286
DA:157,506
DA:158,506
DA:159,506
DA:160,506
DA:161,506
DA:167,506
DA:168,506
DA:169,506
DA:170,506
DA:171,506
DA:172,506
DA:173,506
DA:174,506
DA:177,506
DA:178,506
DA:183,506
DA:184,506
DA:185,506
DA:188,506
DA:189,506
DA:190,506
DA:195,506
DA:196,506
DA:197,506
DA:199,506
DA:200,506
DA:201,506
DA:202,506
DA:203,506
DA:204,506
DA:205,506
DA:206,506
DA:207,506
DA:208,506
DA:209,506
DA:210,506
DA:211,506
DA:212,506
DA:213,506
DA:214,506
DA:215,506
DA:216,506
DA:217,506
DA:218,506
DA:219,506
DA:220,506
DA:221,506
DA:222,506
DA:223,506
DA:224,506
DA:226,506
DA:227,506
BRF:0
BRH:0
LF:122
LH:120
end_of_record
SF:/var/home/jack/Code/koan/src/builtins/ascribe.rs
FN:16,_RNvNtNtCsjkUEORhOIHz_4koan8builtins7ascribe11body_opaque
FN:129,_RNvNtNtCsjkUEORhOIHz_4koan8builtins7ascribe11shape_check
FN:100,_RNvNtNtCsjkUEORhOIHz_4koan8builtins7ascribe16body_transparent
FN:185,_RNvNtNtCsjkUEORhOIHz_4koan8builtins7ascribe21is_abstract_type_name
FN:171,_RNvNtNtCsjkUEORhOIHz_4koan8builtins7ascribe22abstract_type_names_of
FN:197,_RNvNtNtCsjkUEORhOIHz_4koan8builtins7ascribe28resolve_module_and_signature
FN:205,_RNvNtNtCsjkUEORhOIHz_4koan8builtins7ascribe8register
FN:191,_RNCNvNtNtCsjkUEORhOIHz_4koan8builtins7ascribe21is_abstract_type_name0B7_
FN:16,_RNvNtNtCs17lX60Qr81G_4koan8builtins7ascribe11body_opaque
FN:129,_RNvNtNtCs17lX60Qr81G_4koan8builtins7ascribe11shape_check
FN:100,_RNvNtNtCs17lX60Qr81G_4koan8builtins7ascribe16body_transparent
FN:185,_RNvNtNtCs17lX60Qr81G_4koan8builtins7ascribe21is_abstract_type_name
FN:171,_RNvNtNtCs17lX60Qr81G_4koan8builtins7ascribe22abstract_type_names_of
FN:197,_RNvNtNtCs17lX60Qr81G_4koan8builtins7ascribe28resolve_module_and_signature
FN:205,_RNvNtNtCs17lX60Qr81G_4koan8builtins7ascribe8register
FN:191,_RNCNvNtNtCs17lX60Qr81G_4koan8builtins7ascribe21is_abstract_type_name0B7_
FNDA:1,_RNvNtNtCsjkUEORhOIHz_4koan8builtins7ascribe11body_opaque
FNDA:4,_RNvNtNtCsjkUEORhOIHz_4koan8builtins7ascribe11shape_check
FNDA:3,_RNvNtNtCsjkUEORhOIHz_4koan8builtins7ascribe16body_transparent
FNDA:18,_RNvNtNtCsjkUEORhOIHz_4koan8builtins7ascribe21is_abstract_type_name
FNDA:5,_RNvNtNtCsjkUEORhOIHz_4koan8builtins7ascribe22abstract_type_names_of
FNDA:4,_RNvNtNtCsjkUEORhOIHz_4koan8builtins7ascribe28resolve_module_and_signature
FNDA:40,_RNvNtNtCsjkUEORhOIHz_4koan8builtins7ascribe8register
FNDA:0,_RNCNvNtNtCsjkUEORhOIHz_4koan8builtins7ascribe21is_abstract_type_name0B7_
FNDA:19,_RNvNtNtCs17lX60Qr81G_4koan8builtins7ascribe11body_opaque
FNDA:36,_RNvNtNtCs17lX60Qr81G_4koan8builtins7ascribe11shape_check
FNDA:17,_RNvNtNtCs17lX60Qr81G_4koan8builtins7ascribe16body_transparent
FNDA:125,_RNvNtNtCs17lX60Qr81G_4koan8builtins7ascribe21is_abstract_type_name
FNDA:62,_RNvNtNtCs17lX60Qr81G_4koan8builtins7ascribe22abstract_type_names_of
FNDA:36,_RNvNtNtCs17lX60Qr81G_4koan8builtins7ascribe28resolve_module_and_signature
FNDA:466,_RNvNtNtCs17lX60Qr81G_4koan8builtins7ascribe8register
FNDA:9,_RNCNvNtNtCs17lX60Qr81G_4koan8builtins7ascribe21is_abstract_type_name0B7_
FNF:8
FNH:8
DA:16,20
DA:17,20
DA:18,20
DA:19,20
DA:20,20
DA:21,20
DA:22,20
DA:23,0
DA:26,20
DA:27,20
DA:28,20
DA:29,20
DA:37,20
DA:38,20
DA:39,0
DA:40,20
DA:42,20
DA:55,20
DA:57,20
DA:58,20
DA:59,13
DA:60,3
DA:61,3
DA:62,3
DA:63,3
DA:64,3
DA:65,3
DA:67,10
DA:68,10
DA:69,10
DA:70,10
DA:72,13
DA:75,20
DA:76,13
DA:77,13
DA:78,13
DA:79,13
DA:80,7
DA:82,20
DA:83,2
DA:84,18
DA:89,18
DA:93,18
DA:94,18
DA:95,18
DA:96,18
DA:97,20
DA:100,20
DA:101,20
DA:102,20
DA:103,20
DA:104,20
DA:105,20
DA:106,20
DA:107,0
DA:109,20
DA:110,0
DA:111,20
DA:113,20
DA:114,20
DA:115,20
DA:116,20
DA:117,20
DA:120,20
DA:121,20
DA:122,20
DA:123,20
DA:124,20
DA:125,20
DA:129,40
DA:130,40
DA:131,40
DA:132,40
DA:133,40
DA:134,40
DA:135,40
DA:136,40
DA:137,40
DA:138,40
DA:139,40
DA:140,40
DA:141,40
DA:142,40
DA:143,40
DA:144,40
DA:145,40
DA:146,40
DA:147,40
DA:148,40
DA:149,37
DA:150,0
DA:151,37
DA:152,37
DA:153,2
DA:154,2
DA:155,2
DA:156,2
DA:157,35
DA:159,38
DA:160,40
DA:171,67
DA:172,67
DA:173,67
DA:174,67
DA:175,67
DA:176,61
DA:177,0
DA:178,61
DA:180,67
DA:181,67
DA:185,143
DA:186,143
DA:187,143
DA:188,143
DA:189,134
DA:190,9
DA:191,9
DA:192,143
DA:197,40
DA:198,40
DA:199,40
DA:200,40
DA:201,40
DA:202,40
DA:203,40
DA:205,506
DA:212,506
DA:213,506
DA:214,506
DA:215,506
DA:216,506
DA:217,506
DA:218,506
DA:220,506
DA:222,506
DA:223,506
DA:224,506
DA:225,506
DA:226,506
DA:227,506
DA:228,506
DA:230,506
DA:232,506
BRF:0
BRH:0
LF:144
LH:138
end_of_record
SF:/var/home/jack/Code/koan/src/builtins/attr.rs
FN:148,_RNvNtNtCsjkUEORhOIHz_4koan8builtins4attr11body_module
FN:129,_RNvNtNtCsjkUEORhOIHz_4koan8builtins4attr11body_struct
FN:192,_RNvNtNtCsjkUEORhOIHz_4koan8builtins4attr12access_field
FN:88,_RNvNtNtCsjkUEORhOIHz_4koan8builtins4attr13body_type_lhs
FN:34,_RNvNtNtCsjkUEORhOIHz_4koan8builtins4attr15body_identifier
FN:172,_RNvNtNtCsjkUEORhOIHz_4koan8builtins4attr15read_field_name
FN:267,_RNvNtNtCsjkUEORhOIHz_4koan8builtins4attr20access_module_member
FN:288,_RNvNtNtCsjkUEORhOIHz_4koan8builtins4attr8register
FN:376,_RNvNtNtNtCs17lX60Qr81G_4koan8builtins4attr5testss_24attr_unbound_name_errors
FN:403,_RNvNtNtNtCs17lX60Qr81G_4koan8builtins4attr5testss_25attr_unknown_field_errors
FN:387,_RNvNtNtNtCs17lX60Qr81G_4koan8builtins4attr5testss_31attr_on_non_struct_value_errors
FN:419,_RNvNtNtNtCs17lX60Qr81G_4koan8builtins4attr5testss_33attr_chained_unknown_field_errors
FN:360,_RNvNtNtNtCs17lX60Qr81G_4koan8builtins4attr5testss_34attr_chained_through_nested_struct
FN:336,_RNvNtNtNtCs17lX60Qr81G_4koan8builtins4attr5testss_34attr_reads_field_from_named_struct
FN:348,_RNvNtNtNtCs17lX60Qr81G_4koan8builtins4attr5testss_35attr_reads_each_field_independently
FN:462,_RNvNtNtNtCs17lX60Qr81G_4koan8builtins4attr5testss_39access_field_rejects_wrapped_non_struct
FN:443,_RNvNtNtNtCs17lX60Qr81G_4koan8builtins4attr5testss_41access_field_falls_through_wrapped_struct
FN:486,_RNvNtNtNtCs17lX60Qr81G_4koan8builtins4attr5testss_53access_field_falls_through_wrapped_with_missing_field
FN:148,_RNvNtNtCs17lX60Qr81G_4koan8builtins4attr11body_module
FN:129,_RNvNtNtCs17lX60Qr81G_4koan8builtins4attr11body_struct
FN:192,_RNvNtNtCs17lX60Qr81G_4koan8builtins4attr12access_field
FN:88,_RNvNtNtCs17lX60Qr81G_4koan8builtins4attr13body_type_lhs
FN:34,_RNvNtNtCs17lX60Qr81G_4koan8builtins4attr15body_identifier
FN:172,_RNvNtNtCs17lX60Qr81G_4koan8builtins4attr15read_field_name
FN:267,_RNvNtNtCs17lX60Qr81G_4koan8builtins4attr20access_module_member
FN:288,_RNvNtNtCs17lX60Qr81G_4koan8builtins4attr8register
FNDA:7,_RNvNtNtCsjkUEORhOIHz_4koan8builtins4attr11body_module
FNDA:1,_RNvNtNtCsjkUEORhOIHz_4koan8builtins4attr11body_struct
FNDA:1,_RNvNtNtCsjkUEORhOIHz_4koan8builtins4attr12access_field
FNDA:0,_RNvNtNtCsjkUEORhOIHz_4koan8builtins4attr13body_type_lhs
FNDA:1,_RNvNtNtCsjkUEORhOIHz_4koan8builtins4attr15body_identifier
FNDA:9,_RNvNtNtCsjkUEORhOIHz_4koan8builtins4attr15read_field_name
FNDA:7,_RNvNtNtCsjkUEORhOIHz_4koan8builtins4attr20access_module_member
FNDA:40,_RNvNtNtCsjkUEORhOIHz_4koan8builtins4attr8register
FNDA:1,_RNvNtNtNtCs17lX60Qr81G_4koan8builtins4attr5testss_24attr_unbound_name_errors
FNDA:1,_RNvNtNtNtCs17lX60Qr81G_4koan8builtins4attr5testss_25attr_unknown_field_errors
FNDA:1,_RNvNtNtNtCs17lX60Qr81G_4koan8builtins4attr5testss_31attr_on_non_struct_value_errors
FNDA:1,_RNvNtNtNtCs17lX60Qr81G_4koan8builtins4attr5testss_33attr_chained_unknown_field_errors
FNDA:1,_RNvNtNtNtCs17lX60Qr81G_4koan8builtins4attr5testss_34attr_chained_through_nested_struct
FNDA:1,_RNvNtNtNtCs17lX60Qr81G_4koan8builtins4attr5testss_34attr_reads_field_from_named_struct
FNDA:1,_RNvNtNtNtCs17lX60Qr81G_4koan8builtins4attr5testss_35attr_reads_each_field_independently
FNDA:1,_RNvNtNtNtCs17lX60Qr81G_4koan8builtins4attr5testss_39access_field_rejects_wrapped_non_struct
FNDA:1,_RNvNtNtNtCs17lX60Qr81G_4koan8builtins4attr5testss_41access_field_falls_through_wrapped_struct
FNDA:1,_RNvNtNtNtCs17lX60Qr81G_4koan8builtins4attr5testss_53access_field_falls_through_wrapped_with_missing_field
FNDA:9,_RNvNtNtCs17lX60Qr81G_4koan8builtins4attr11body_module
FNDA:18,_RNvNtNtCs17lX60Qr81G_4koan8builtins4attr11body_struct
FNDA:25,_RNvNtNtCs17lX60Qr81G_4koan8builtins4attr12access_field
FNDA:0,_RNvNtNtCs17lX60Qr81G_4koan8builtins4attr13body_type_lhs
FNDA:7,_RNvNtNtCs17lX60Qr81G_4koan8builtins4attr15body_identifier
FNDA:34,_RNvNtNtCs17lX60Qr81G_4koan8builtins4attr15read_field_name
FNDA:12,_RNvNtNtCs17lX60Qr81G_4koan8builtins4attr20access_module_member
FNDA:466,_RNvNtNtCs17lX60Qr81G_4koan8builtins4attr8register
FNF:18
FNH:17
DA:34,8
DA:35,8
DA:36,8
DA:37,8
DA:38,8
DA:39,8
DA:40,8
DA:41,0
DA:42,0
DA:43,0
DA:44,0
DA:45,0
DA:46,0
DA:48,0
DA:50,8
DA:51,8
DA:52,8
DA:53,0
DA:60,8
DA:61,3
DA:62,5
DA:63,5
DA:64,3
DA:65,3
DA:66,0
DA:67,0
DA:72,0
DA:74,2
DA:75,2
DA:76,8
DA:88,0
DA:89,0
DA:90,0
DA:91,0
DA:92,0
DA:93,0
DA:98,0
DA:103,0
DA:104,0
DA:105,0
DA:106,0
DA:107,0
DA:108,0
DA:109,0
DA:111,0
DA:113,0
DA:114,0
DA:115,0
DA:122,0
DA:123,0
DA:124,0
DA:126,0
DA:127,0
DA:129,19
DA:130,19
DA:131,19
DA:132,19
DA:133,19
DA:134,19
DA:135,19
DA:136,0
DA:138,19
DA:139,19
DA:140,0
DA:142,19
DA:143,19
DA:148,16
DA:149,16
DA:150,16
DA:151,16
DA:152,16
DA:153,16
DA:154,16
DA:155,0
DA:157,16
DA:158,16
DA:159,0
DA:161,16
DA:162,16
DA:163,0
DA:164,0
DA:165,0
DA:166,0
DA:167,0
DA:169,16
DA:170,16
DA:172,43
DA:173,43
DA:174,38
DA:178,0
DA:182,5
DA:183,0
DA:184,0
DA:185,0
DA:186,0
DA:187,0
DA:188,0
DA:190,43
DA:192,26
DA:193,26
DA:194,26
DA:195,26
DA:196,26
DA:197,0
DA:198,18
DA:199,15
DA:200,3
DA:201,3
DA:202,3
DA:203,3
DA:207,0
DA:209,0
DA:210,0
DA:211,0
DA:212,0
DA:213,0
DA:214,0
DA:215,0
DA:216,0
DA:217,0
DA:218,0
DA:219,0
DA:220,0
DA:221,0
DA:222,0
DA:225,0
DA:226,0
DA:237,4
DA:238,4
DA:239,4
DA:240,4
DA:241,4
DA:242,4
DA:244,26
DA:267,19
DA:268,19
DA:269,3
DA:270,3
DA:271,3
DA:272,16
DA:273,16
DA:274,16
DA:275,15
DA:276,1
DA:277,1
DA:278,0
DA:279,0
DA:280,0
DA:281,1
DA:282,1
DA:283,1
DA:284,1
DA:285,1
DA:286,19
DA:288,506
DA:289,506
DA:290,506
DA:291,506
DA:292,506
DA:293,506
DA:295,506
DA:296,506
DA:297,506
DA:298,506
DA:299,506
DA:300,506
DA:301,506
DA:302,506
DA:303,506
DA:311,506
DA:312,506
DA:313,506
DA:314,506
DA:315,506
DA:316,506
DA:317,506
DA:318,506
DA:319,506
DA:322,506
DA:323,506
DA:324,506
DA:325,506
DA:336,1
DA:337,1
DA:338,1
DA:339,1
DA:340,1
DA:341,1
DA:343,1
DA:344,1
DA:345,1
DA:348,1
DA:349,1
DA:350,1
DA:351,1
DA:352,1
DA:353,1
DA:355,1
DA:356,1
DA:357,1
DA:360,1
DA:361,1
DA:362,1
DA:363,1
DA:364,1
DA:365,1
DA:366,1
DA:367,1
DA:368,1
DA:369,1
DA:371,1
DA:372,1
DA:373,1
DA:376,1
DA:377,1
DA:378,1
DA:379,1
DA:380,1
DA:381,1
DA:384,1
DA:387,1
DA:388,1
DA:389,1
DA:390,1
DA:391,1
DA:392,1
DA:393,1
DA:394,1
DA:395,1
DA:396,1
DA:398,0
DA:400,1
DA:403,1
DA:404,1
DA:405,1
DA:406,1
DA:407,1
DA:408,1
DA:410,1
DA:411,1
DA:412,1
DA:413,1
DA:416,1
DA:419,1
DA:420,1
DA:421,1
DA:422,1
DA:423,1
DA:424,1
DA:425,1
DA:426,1
DA:427,1
DA:428,1
DA:430,1
DA:431,1
DA:432,1
DA:433,1
DA:436,1
DA:443,1
DA:444,1
DA:445,1
DA:446,1
DA:447,1
DA:448,1
DA:449,1
DA:450,1
DA:451,1
DA:453,1
DA:454,1
DA:455,1
DA:462,1
DA:463,1
DA:464,1
DA:465,1
DA:466,1
DA:467,1
DA:468,1
DA:470,1
DA:471,1
DA:472,1
DA:473,1
DA:474,1
DA:475,1
DA:477,0
DA:479,1
DA:486,1
DA:487,1
DA:488,1
DA:489,1
DA:490,1
DA:491,1
DA:492,1
DA:493,1
DA:494,1
DA:496,1
DA:497,1
DA:498,1
DA:499,1
DA:502,1
BRF:0
BRH:0
LF:299
LH:223
end_of_record
SF:/var/home/jack/Code/koan/src/builtins/branch_walk.rs
FN:20,_RNvNtNtCsjkUEORhOIHz_4koan8builtins11branch_walk16find_branch_body
FN:20,_RNvNtNtCs17lX60Qr81G_4koan8builtins11branch_walk16find_branch_body
FNDA:0,_RNvNtNtCsjkUEORhOIHz_4koan8builtins11branch_walk16find_branch_body
FNDA:86,_RNvNtNtCs17lX60Qr81G_4koan8builtins11branch_walk16find_branch_body
FNF:1
FNH:1
DA:20,86
DA:21,86
DA:22,86
DA:23,86
DA:24,86
DA:25,86
DA:26,86
DA:27,0
DA:28,0
DA:29,0
DA:30,0
DA:31,86
DA:32,86
DA:33,86
DA:34,127
DA:35,119
DA:36,119
DA:37,119
DA:38,119
DA:39,106
DA:43,9
DA:44,9
DA:49,4
DA:50,0
DA:51,0
DA:52,0
DA:53,0
DA:54,0
DA:57,119
DA:58,119
DA:59,0
DA:60,0
DA:61,0
DA:62,0
DA:63,0
DA:66,119
DA:67,117
DA:68,2
DA:69,2
DA:70,2
DA:71,2
DA:72,2
DA:79,117
DA:80,76
DA:81,41
DA:82,41
DA:83,4
DA:84,37
DA:85,41
DA:87,8
DA:88,86
BRF:0
BRH:0
LF:51
LH:37
end_of_record
SF:/var/home/jack/Code/koan/src/builtins/catch.rs
FN:46,_RNCNvNtNtCsjkUEORhOIHz_4koan8builtins5catch4body0B7_
FN:22,_RNvNtNtCsjkUEORhOIHz_4koan8builtins5catch4body
FN:68,_RNvNtNtCsjkUEORhOIHz_4koan8builtins5catch8register
FN:22,_RNvNtNtCs17lX60Qr81G_4koan8builtins5catch4body
FN:68,_RNvNtNtCs17lX60Qr81G_4koan8builtins5catch8register
FN:46,_RNCNvNtNtCs17lX60Qr81G_4koan8builtins5catch4body0B7_
FNDA:0,_RNCNvNtNtCsjkUEORhOIHz_4koan8builtins5catch4body0B7_
FNDA:0,_RNvNtNtCsjkUEORhOIHz_4koan8builtins5catch4body
FNDA:40,_RNvNtNtCsjkUEORhOIHz_4koan8builtins5catch8register
FNDA:8,_RNvNtNtCs17lX60Qr81G_4koan8builtins5catch4body
FNDA:466,_RNvNtNtCs17lX60Qr81G_4koan8builtins5catch8register
FNDA:8,_RNCNvNtNtCs17lX60Qr81G_4koan8builtins5catch4body0B7_
FNF:3
FNH:3
DA:22,8
DA:23,8
DA:24,8
DA:25,8
DA:26,8
DA:27,8
DA:28,8
DA:30,0
DA:31,0
DA:32,0
DA:41,8
DA:42,8
DA:43,0
DA:45,8
DA:46,8
DA:47,8
DA:48,4
DA:49,4
DA:51,8
DA:52,8
DA:53,8
DA:54,8
DA:55,8
DA:56,8
DA:57,8
DA:58,8
DA:59,8
DA:60,8
DA:61,8
DA:62,8
DA:63,8
DA:64,8
DA:65,8
DA:66,8
DA:68,506
DA:69,506
DA:70,506
DA:71,506
DA:72,506
DA:73,506
DA:74,506
DA:76,506
DA:78,506
BRF:0
BRH:0
LF:44
LH:40
end_of_record
SF:/var/home/jack/Code/koan/src/builtins/eval.rs
FN:21,_RNvNtNtCsjkUEORhOIHz_4koan8builtins4eval4body
FN:56,_RNvNtNtCsjkUEORhOIHz_4koan8builtins4eval8register
FN:21,_RNvNtNtCs17lX60Qr81G_4koan8builtins4eval4body
FN:56,_RNvNtNtCs17lX60Qr81G_4koan8builtins4eval8register
FN:70,_RNvNtNtNtCs17lX60Qr81G_4koan8builtins4eval5tests11run_program
FN:134,_RNvNtNtNtCs17lX60Qr81G_4koan8builtins4eval5testss_21recursive_eval_no_uaf
FN:79,_RNvNtNtNtCs17lX60Qr81G_4koan8builtins4eval5testss_22eval_of_quoted_literal
FN:115,_RNvNtNtNtCs17lX60Qr81G_4koan8builtins4eval5testss_34multiline_sigil_collapse_roundtrip
FN:125,_RNvNtNtNtCs17lX60Qr81G_4koan8builtins4eval5testss_35eval_returns_inner_expression_value
FN:108,_RNvNtNtNtCs17lX60Qr81G_4koan8builtins4eval5testss_37eval_runs_side_effects_in_quoted_body
FN:85,_RNvNtNtNtCs17lX60Qr81G_4koan8builtins4eval5testss_38eval_of_function_returning_kexpression
FN:95,_RNvNtNtNtCs17lX60Qr81G_4koan8builtins4eval5testss_49eval_of_non_kexpression_errors_with_type_mismatch
FNDA:0,_RNvNtNtCsjkUEORhOIHz_4koan8builtins4eval4body
FNDA:40,_RNvNtNtCsjkUEORhOIHz_4koan8builtins4eval8register
FNDA:9,_RNvNtNtCs17lX60Qr81G_4koan8builtins4eval4body
FNDA:466,_RNvNtNtCs17lX60Qr81G_4koan8builtins4eval8register
FNDA:6,_RNvNtNtNtCs17lX60Qr81G_4koan8builtins4eval5tests11run_program
FNDA:1,_RNvNtNtNtCs17lX60Qr81G_4koan8builtins4eval5testss_21recursive_eval_no_uaf
FNDA:1,_RNvNtNtNtCs17lX60Qr81G_4koan8builtins4eval5testss_22eval_of_quoted_literal
FNDA:1,_RNvNtNtNtCs17lX60Qr81G_4koan8builtins4eval5testss_34multiline_sigil_collapse_roundtrip
FNDA:1,_RNvNtNtNtCs17lX60Qr81G_4koan8builtins4eval5testss_35eval_returns_inner_expression_value
FNDA:1,_RNvNtNtNtCs17lX60Qr81G_4koan8builtins4eval5testss_37eval_runs_side_effects_in_quoted_body
FNDA:1,_RNvNtNtNtCs17lX60Qr81G_4koan8builtins4eval5testss_38eval_of_function_returning_kexpression
FNDA:1,_RNvNtNtNtCs17lX60Qr81G_4koan8builtins4eval5testss_49eval_of_non_kexpression_errors_with_type_mismatch
FNF:10
FNH:10
DA:21,9
DA:22,9
DA:23,9
DA:24,9
DA:25,9
DA:26,9
DA:27,9
DA:28,0
DA:30,9
DA:31,8
DA:32,1
DA:33,1
DA:34,1
DA:35,1
DA:36,1
DA:37,1
DA:46,8
DA:47,8
DA:48,8
DA:49,8
DA:50,8
DA:51,8
DA:52,8
DA:53,8
DA:54,9
DA:56,506
DA:57,506
DA:58,506
DA:59,506
DA:60,506
DA:61,506
DA:63,506
DA:70,6
DA:71,6
DA:72,6
DA:73,6
DA:74,6
DA:75,6
DA:76,6
DA:79,1
DA:80,1
DA:81,1
DA:82,1
DA:85,1
DA:87,1
DA:88,1
DA:89,1
DA:91,1
DA:92,1
DA:95,1
DA:96,1
DA:97,1
DA:98,1
DA:99,1
DA:100,1
DA:101,1
DA:102,1
DA:105,1
DA:108,1
DA:110,1
DA:111,1
DA:112,1
DA:115,1
DA:118,1
DA:119,1
DA:121,1
DA:122,1
DA:125,1
DA:129,1
DA:130,1
DA:131,1
DA:134,1
DA:139,1
DA:140,1
DA:141,1
DA:142,1
DA:143,1
DA:144,1
DA:145,1
DA:147,1
DA:148,1
BRF:0
BRH:0
LF:81
LH:80
end_of_record
SF:/var/home/jack/Code/koan/src/builtins/fn_def.rs
FN:97,_RNCNvNtNtCsjkUEORhOIHz_4koan8builtins6fn_def4body0B7_
FN:36,_RNvNtNtCsjkUEORhOIHz_4koan8builtins6fn_def4body
FN:110,_RNvNtNtCsjkUEORhOIHz_4koan8builtins6fn_def8register
FN:97,_RNCNvNtNtCs17lX60Qr81G_4koan8builtins6fn_def4body0B7_
FN:36,_RNvNtNtCs17lX60Qr81G_4koan8builtins6fn_def4body
FN:110,_RNvNtNtCs17lX60Qr81G_4koan8builtins6fn_def8register
FNDA:10,_RNCNvNtNtCsjkUEORhOIHz_4koan8builtins6fn_def4body0B7_
FNDA:10,_RNvNtNtCsjkUEORhOIHz_4koan8builtins6fn_def4body
FNDA:40,_RNvNtNtCsjkUEORhOIHz_4koan8builtins6fn_def8register
FNDA:167,_RNCNvNtNtCs17lX60Qr81G_4koan8builtins6fn_def4body0B7_
FNDA:172,_RNvNtNtCs17lX60Qr81G_4koan8builtins6fn_def4body
FNDA:466,_RNvNtNtCs17lX60Qr81G_4koan8builtins6fn_def8register
FNF:3
FNH:3
DA:36,182
DA:37,182
DA:38,182
DA:39,182
DA:40,182
DA:41,182
DA:42,182
DA:44,0
DA:45,0
DA:46,0
DA:49,182
DA:50,182
DA:51,0
DA:53,182
DA:54,182
DA:56,0
DA:57,0
DA:58,0
DA:70,182
DA:72,182
DA:78,180
DA:79,182
DA:80,180
DA:81,2
DA:84,180
DA:85,133
DA:86,3
DA:87,44
DA:88,44
DA:95,177
DA:96,177
DA:97,177
DA:98,177
DA:100,177
DA:101,129
DA:102,129
DA:104,48
DA:105,48
DA:108,182
DA:110,506
DA:150,506
DA:151,506
DA:152,506
DA:153,506
DA:154,506
DA:155,506
DA:156,506
DA:157,506
DA:158,506
DA:159,506
DA:161,506
DA:162,506
DA:163,506
DA:168,506
DA:169,506
DA:170,506
DA:171,506
DA:172,506
DA:173,506
DA:174,506
DA:175,506
DA:176,506
DA:177,506
DA:179,506
DA:180,506
DA:181,506
DA:186,506
BRF:0
BRH:0
LF:68
LH:61
end_of_record
SF:/var/home/jack/Code/koan/src/builtins/fn_def/finalize.rs
FN:330,_RNCNvNtNtNtCsjkUEORhOIHz_4koan8builtins6fn_def8finalize17defer_via_combine0B9_
FN:230,_RNCNvNtNtNtCsjkUEORhOIHz_4koan8builtins6fn_def8finalize21finalize_fn_with_flag0B9_
FN:180,_RNvNtNtNtCsjkUEORhOIHz_4koan8builtins6fn_def8finalize11finalize_fn
FN:296,_RNvNtNtNtCsjkUEORhOIHz_4koan8builtins6fn_def8finalize17defer_via_combine
FN:201,_RNvNtNtNtCsjkUEORhOIHz_4koan8builtins6fn_def8finalize21finalize_fn_with_flag
FN:88,_RNvNtNtNtCsjkUEORhOIHz_4koan8builtins6fn_def8finalize8classify
FN:330,_RNCNvNtNtNtCs17lX60Qr81G_4koan8builtins6fn_def8finalize17defer_via_combine0B9_
FN:230,_RNCNvNtNtNtCs17lX60Qr81G_4koan8builtins6fn_def8finalize21finalize_fn_with_flag0B9_
FN:180,_RNvNtNtNtCs17lX60Qr81G_4koan8builtins6fn_def8finalize11finalize_fn
FN:296,_RNvNtNtNtCs17lX60Qr81G_4koan8builtins6fn_def8finalize17defer_via_combine
FN:201,_RNvNtNtNtCs17lX60Qr81G_4koan8builtins6fn_def8finalize21finalize_fn_with_flag
FN:88,_RNvNtNtNtCs17lX60Qr81G_4koan8builtins6fn_def8finalize8classify
FNDA:7,_RNCNvNtNtNtCsjkUEORhOIHz_4koan8builtins6fn_def8finalize17defer_via_combine0B9_
FNDA:14,_RNCNvNtNtNtCsjkUEORhOIHz_4koan8builtins6fn_def8finalize21finalize_fn_with_flag0B9_
FNDA:7,_RNvNtNtNtCsjkUEORhOIHz_4koan8builtins6fn_def8finalize11finalize_fn
FNDA:7,_RNvNtNtNtCsjkUEORhOIHz_4koan8builtins6fn_def8finalize17defer_via_combine
FNDA:14,_RNvNtNtNtCsjkUEORhOIHz_4koan8builtins6fn_def8finalize21finalize_fn_with_flag
FNDA:14,_RNvNtNtNtCsjkUEORhOIHz_4koan8builtins6fn_def8finalize8classify
FNDA:50,_RNCNvNtNtNtCs17lX60Qr81G_4koan8builtins6fn_def8finalize17defer_via_combine0B9_
FNDA:183,_RNCNvNtNtNtCs17lX60Qr81G_4koan8builtins6fn_def8finalize21finalize_fn_with_flag0B9_
FNDA:122,_RNvNtNtNtCs17lX60Qr81G_4koan8builtins6fn_def8finalize11finalize_fn
FNDA:50,_RNvNtNtNtCs17lX60Qr81G_4koan8builtins6fn_def8finalize17defer_via_combine
FNDA:177,_RNvNtNtNtCs17lX60Qr81G_4koan8builtins6fn_def8finalize21finalize_fn_with_flag
FNDA:179,_RNvNtNtNtCs17lX60Qr81G_4koan8builtins6fn_def8finalize8classify
FNF:6
FNH:6
DA:88,193
DA:89,193
DA:90,193
DA:91,193
DA:92,193
DA:93,127
DA:94,127
DA:95,127
DA:96,127
DA:97,9
DA:98,9
DA:99,9
DA:100,9
DA:101,4
DA:105,4
DA:106,4
DA:107,4
DA:108,4
DA:109,4
DA:110,4
DA:113,51
DA:114,51
DA:115,51
DA:116,51
DA:117,51
DA:118,51
DA:119,51
DA:120,51
DA:122,1
DA:123,1
DA:124,1
DA:125,1
DA:126,1
DA:127,1
DA:128,1
DA:129,1
DA:130,1
DA:131,1
DA:132,1
DA:134,1
DA:135,1
DA:141,1
DA:142,1
DA:143,1
DA:144,1
DA:145,1
DA:146,1
DA:147,1
DA:149,0
DA:154,0
DA:155,0
DA:156,0
DA:157,0
DA:158,0
DA:159,0
DA:162,0
DA:163,0
DA:165,0
DA:166,0
DA:167,0
DA:168,0
DA:169,0
DA:170,0
DA:171,0
DA:174,193
DA:180,129
DA:181,129
DA:182,129
DA:183,129
DA:184,129
DA:185,129
DA:186,129
DA:187,129
DA:188,129
DA:201,191
DA:202,191
DA:203,191
DA:204,191
DA:205,191
DA:206,191
DA:207,191
DA:208,191
DA:214,191
DA:215,16
DA:216,14
DA:217,0
DA:218,0
DA:219,0
DA:220,0
DA:221,0
DA:222,14
DA:223,2
DA:224,175
DA:230,197
DA:231,190
DA:232,7
DA:233,197
DA:234,191
DA:235,190
DA:237,1
DA:238,1
DA:239,1
DA:240,1
DA:244,190
DA:246,190
DA:250,190
DA:251,190
DA:252,190
DA:253,190
DA:254,190
DA:255,190
DA:256,190
DA:257,190
DA:258,190
DA:262,190
DA:268,190
DA:269,1
DA:270,189
DA:274,189
DA:275,191
DA:296,57
DA:297,57
DA:298,57
DA:299,57
DA:300,57
DA:301,57
DA:302,57
DA:303,57
DA:304,57
DA:305,57
DA:317,57
DA:318,57
DA:319,57
DA:320,57
DA:321,5
DA:322,52
DA:323,57
DA:324,57
DA:325,36
DA:326,36
DA:327,36
DA:328,36
DA:330,57
DA:335,57
DA:336,57
DA:337,36
DA:341,36
DA:342,1
DA:343,1
DA:344,1
DA:345,1
DA:346,1
DA:347,35
DA:348,35
DA:350,56
DA:357,56
DA:358,56
DA:359,55
DA:360,1
DA:362,55
DA:363,55
DA:364,0
DA:365,0
DA:368,0
DA:369,0
DA:370,0
DA:376,55
DA:377,55
DA:378,55
DA:379,55
DA:380,55
DA:381,55
DA:382,55
DA:384,57
DA:385,57
DA:386,57
DA:387,57
BRF:0
BRH:0
LF:179
LH:152
end_of_record
SF:/var/home/jack/Code/koan/src/builtins/fn_def/param_refs.rs
FN:44,_RNvNtNtNtCsjkUEORhOIHz_4koan8builtins6fn_def10param_refs19part_references_any
FN:20,_RNvNtNtNtCsjkUEORhOIHz_4koan8builtins6fn_def10param_refs24type_expr_references_any
FN:37,_RNvNtNtNtCsjkUEORhOIHz_4koan8builtins6fn_def10param_refs26kexpression_references_any
FN:46,_RNCNvNtNtNtCsjkUEORhOIHz_4koan8builtins6fn_def10param_refs19part_references_any0B9_
FN:56,_RNCNvNtNtNtCsjkUEORhOIHz_4koan8builtins6fn_def10param_refs19part_references_anys0_0B9_
FN:54,_RNCNvNtNtNtCsjkUEORhOIHz_4koan8builtins6fn_def10param_refs19part_references_anys_0B9_
FN:21,_RNCNvNtNtNtCsjkUEORhOIHz_4koan8builtins6fn_def10param_refs24type_expr_references_any0B9_
FN:28,_RNCNvNtNtNtCsjkUEORhOIHz_4koan8builtins6fn_def10param_refs24type_expr_references_anys0_0B9_
FN:26,_RNCNvNtNtNtCsjkUEORhOIHz_4koan8builtins6fn_def10param_refs24type_expr_references_anys_0B9_
FN:41,_RNCNvNtNtNtCsjkUEORhOIHz_4koan8builtins6fn_def10param_refs26kexpression_references_any0B9_
FN:46,_RNCNvNtNtNtCs17lX60Qr81G_4koan8builtins6fn_def10param_refs19part_references_any0B9_
FN:56,_RNCNvNtNtNtCs17lX60Qr81G_4koan8builtins6fn_def10param_refs19part_references_anys0_0B9_
FN:54,_RNCNvNtNtNtCs17lX60Qr81G_4koan8builtins6fn_def10param_refs19part_references_anys_0B9_
FN:21,_RNCNvNtNtNtCs17lX60Qr81G_4koan8builtins6fn_def10param_refs24type_expr_references_any0B9_
FN:28,_RNCNvNtNtNtCs17lX60Qr81G_4koan8builtins6fn_def10param_refs24type_expr_references_anys0_0B9_
FN:26,_RNCNvNtNtNtCs17lX60Qr81G_4koan8builtins6fn_def10param_refs24type_expr_references_anys_0B9_
FN:41,_RNCNvNtNtNtCs17lX60Qr81G_4koan8builtins6fn_def10param_refs26kexpression_references_any0B9_
FN:44,_RNvNtNtNtCs17lX60Qr81G_4koan8builtins6fn_def10param_refs19part_references_any
FN:20,_RNvNtNtNtCs17lX60Qr81G_4koan8builtins6fn_def10param_refs24type_expr_references_any
FN:37,_RNvNtNtNtCs17lX60Qr81G_4koan8builtins6fn_def10param_refs26kexpression_references_any
FNDA:0,_RNvNtNtNtCsjkUEORhOIHz_4koan8builtins6fn_def10param_refs19part_references_any
FNDA:1,_RNvNtNtNtCsjkUEORhOIHz_4koan8builtins6fn_def10param_refs24type_expr_references_any
FNDA:0,_RNvNtNtNtCsjkUEORhOIHz_4koan8builtins6fn_def10param_refs26kexpression_references_any
FNDA:0,_RNCNvNtNtNtCsjkUEORhOIHz_4koan8builtins6fn_def10param_refs19part_references_any0B9_
FNDA:0,_RNCNvNtNtNtCsjkUEORhOIHz_4koan8builtins6fn_def10param_refs19part_references_anys0_0B9_
FNDA:0,_RNCNvNtNtNtCsjkUEORhOIHz_4koan8builtins6fn_def10param_refs19part_references_anys_0B9_
FNDA:1,_RNCNvNtNtNtCsjkUEORhOIHz_4koan8builtins6fn_def10param_refs24type_expr_references_any0B9_
FNDA:0,_RNCNvNtNtNtCsjkUEORhOIHz_4koan8builtins6fn_def10param_refs24type_expr_references_anys0_0B9_
FNDA:0,_RNCNvNtNtNtCsjkUEORhOIHz_4koan8builtins6fn_def10param_refs24type_expr_references_anys_0B9_
FNDA:0,_RNCNvNtNtNtCsjkUEORhOIHz_4koan8builtins6fn_def10param_refs26kexpression_references_any0B9_
FNDA:4,_RNCNvNtNtNtCs17lX60Qr81G_4koan8builtins6fn_def10param_refs19part_references_any0B9_
FNDA:1,_RNCNvNtNtNtCs17lX60Qr81G_4koan8builtins6fn_def10param_refs19part_references_anys0_0B9_
FNDA:1,_RNCNvNtNtNtCs17lX60Qr81G_4koan8builtins6fn_def10param_refs19part_references_anys_0B9_
FNDA:26,_RNCNvNtNtNtCs17lX60Qr81G_4koan8builtins6fn_def10param_refs24type_expr_references_any0B9_
FNDA:0,_RNCNvNtNtNtCs17lX60Qr81G_4koan8builtins6fn_def10param_refs24type_expr_references_anys0_0B9_
FNDA:0,_RNCNvNtNtNtCs17lX60Qr81G_4koan8builtins6fn_def10param_refs24type_expr_references_anys_0B9_
FNDA:39,_RNCNvNtNtNtCs17lX60Qr81G_4koan8builtins6fn_def10param_refs26kexpression_references_any0B9_
FNDA:42,_RNvNtNtNtCs17lX60Qr81G_4koan8builtins6fn_def10param_refs19part_references_any
FNDA:28,_RNvNtNtNtCs17lX60Qr81G_4koan8builtins6fn_def10param_refs24type_expr_references_any
FNDA:19,_RNvNtNtNtCs17lX60Qr81G_4koan8builtins6fn_def10param_refs26kexpression_references_any
FNF:10
FNH:8
DA:20,29
DA:21,29
DA:22,8
DA:23,21
DA:24,21
DA:25,21
DA:26,0
DA:27,0
DA:28,0
DA:29,0
DA:32,29
DA:37,19
DA:38,19
DA:39,19
DA:40,19
DA:41,39
DA:42,19
DA:44,42
DA:45,42
DA:46,4
DA:47,18
DA:48,7
DA:52,0
DA:53,1
DA:54,1
DA:56,1
DA:57,1
DA:58,1
DA:59,11
DA:61,42
BRF:0
BRH:0
LF:37
LH:30
end_of_record
SF:/var/home/jack/Code/koan/src/builtins/fn_def/return_type.rs
FN:241,_RNCNvNtNtNtCsjkUEORhOIHz_4koan8builtins6fn_def11return_type31verdict_for_deferred_expression0B9_
FN:264,_RNvNtNtNtCsjkUEORhOIHz_4koan8builtins6fn_def11return_type12make_capture
FN:125,_RNvNtNtNtCsjkUEORhOIHz_4koan8builtins6fn_def11return_type20classify_return_type
FN:184,_RNvNtNtNtCsjkUEORhOIHz_4koan8builtins6fn_def11return_type20verdict_for_resolved
FN:68,_RNvNtNtNtCsjkUEORhOIHz_4koan8builtins6fn_def11return_type23extract_return_type_raw
FN:274,_RNvNtNtNtCsjkUEORhOIHz_4koan8builtins6fn_def11return_type25resolve_capture_at_finish
FN:200,_RNvNtNtNtCsjkUEORhOIHz_4koan8builtins6fn_def11return_type30verdict_for_deferred_type_expr
FN:240,_RNvNtNtNtCsjkUEORhOIHz_4koan8builtins6fn_def11return_type31verdict_for_deferred_expression
FN:264,_RNvNtNtNtCs17lX60Qr81G_4koan8builtins6fn_def11return_type12make_capture
FN:125,_RNvNtNtNtCs17lX60Qr81G_4koan8builtins6fn_def11return_type20classify_return_type
FN:184,_RNvNtNtNtCs17lX60Qr81G_4koan8builtins6fn_def11return_type20verdict_for_resolved
FN:68,_RNvNtNtNtCs17lX60Qr81G_4koan8builtins6fn_def11return_type23extract_return_type_raw
FN:274,_RNvNtNtNtCs17lX60Qr81G_4koan8builtins6fn_def11return_type25resolve_capture_at_finish
FN:200,_RNvNtNtNtCs17lX60Qr81G_4koan8builtins6fn_def11return_type30verdict_for_deferred_type_expr
FN:240,_RNvNtNtNtCs17lX60Qr81G_4koan8builtins6fn_def11return_type31verdict_for_deferred_expression
FN:241,_RNCNvNtNtNtCs17lX60Qr81G_4koan8builtins6fn_def11return_type31verdict_for_deferred_expression0B9_
FNDA:0,_RNCNvNtNtNtCsjkUEORhOIHz_4koan8builtins6fn_def11return_type31verdict_for_deferred_expression0B9_
FNDA:0,_RNvNtNtNtCsjkUEORhOIHz_4koan8builtins6fn_def11return_type12make_capture
FNDA:14,_RNvNtNtNtCsjkUEORhOIHz_4koan8builtins6fn_def11return_type20classify_return_type
FNDA:14,_RNvNtNtNtCsjkUEORhOIHz_4koan8builtins6fn_def11return_type20verdict_for_resolved
FNDA:14,_RNvNtNtNtCsjkUEORhOIHz_4koan8builtins6fn_def11return_type23extract_return_type_raw
FNDA:7,_RNvNtNtNtCsjkUEORhOIHz_4koan8builtins6fn_def11return_type25resolve_capture_at_finish
FNDA:0,_RNvNtNtNtCsjkUEORhOIHz_4koan8builtins6fn_def11return_type30verdict_for_deferred_type_expr
FNDA:0,_RNvNtNtNtCsjkUEORhOIHz_4koan8builtins6fn_def11return_type31verdict_for_deferred_expression
FNDA:0,_RNvNtNtNtCs17lX60Qr81G_4koan8builtins6fn_def11return_type12make_capture
FNDA:187,_RNvNtNtNtCs17lX60Qr81G_4koan8builtins6fn_def11return_type20classify_return_type
FNDA:169,_RNvNtNtNtCs17lX60Qr81G_4koan8builtins6fn_def11return_type20verdict_for_resolved
FNDA:187,_RNvNtNtNtCs17lX60Qr81G_4koan8builtins6fn_def11return_type23extract_return_type_raw
FNDA:49,_RNvNtNtNtCs17lX60Qr81G_4koan8builtins6fn_def11return_type25resolve_capture_at_finish
FNDA:2,_RNvNtNtNtCs17lX60Qr81G_4koan8builtins6fn_def11return_type30verdict_for_deferred_type_expr
FNDA:1,_RNvNtNtNtCs17lX60Qr81G_4koan8builtins6fn_def11return_type31verdict_for_deferred_expression
FNDA:1,_RNCNvNtNtNtCs17lX60Qr81G_4koan8builtins6fn_def11return_type31verdict_for_deferred_expression0B9_
FNF:8
FNH:7
DA:68,201
DA:69,201
DA:70,201
DA:71,201
DA:72,178
DA:73,178
DA:74,0
DA:76,11
DA:77,11
DA:78,0
DA:80,12
DA:81,12
DA:82,0
DA:84,0
DA:85,0
DA:86,0
DA:87,0
DA:89,201
DA:125,201
DA:126,201
DA:127,201
DA:128,201
DA:129,201
DA:130,201
DA:131,201
DA:132,178
DA:133,178
DA:134,178
DA:136,11
DA:137,11
DA:138,4
DA:139,2
DA:140,2
DA:142,4
DA:143,7
DA:144,7
DA:145,7
DA:146,5
DA:147,0
DA:148,0
DA:150,2
DA:151,0
DA:153,2
DA:154,2
DA:155,2
DA:159,5
DA:160,5
DA:161,5
DA:163,0
DA:165,5
DA:167,12
DA:168,12
DA:169,7
DA:170,1
DA:171,6
DA:173,7
DA:175,5
DA:179,201
DA:184,183
DA:185,183
DA:186,181
DA:188,2
DA:189,2
DA:190,2
DA:191,2
DA:193,183
DA:200,2
DA:201,2
DA:202,2
DA:203,2
DA:204,0
DA:211,2
DA:212,2
DA:213,2
DA:215,0
DA:216,0
DA:217,0
DA:218,0
DA:219,0
DA:220,0
DA:223,0
DA:226,0
DA:228,0
DA:229,0
DA:230,0
DA:231,0
DA:234,2
DA:240,1
DA:241,1
DA:242,1
DA:243,0
DA:244,1
DA:245,1
DA:246,1
DA:247,1
DA:248,1
DA:249,1
DA:250,1
DA:251,1
DA:252,0
DA:253,0
DA:254,0
DA:255,0
DA:256,0
DA:257,0
DA:258,0
DA:259,0
DA:260,0
DA:262,1
DA:264,0
DA:265,0
DA:266,0
DA:267,0
DA:269,0
DA:274,56
DA:275,56
DA:276,56
DA:277,56
DA:278,56
DA:279,56
DA:280,50
DA:281,0
DA:282,0
DA:283,0
DA:284,0
DA:285,0
DA:286,0
DA:287,0
DA:288,0
DA:289,0
DA:290,0
DA:291,0
DA:292,0
DA:296,0
DA:297,0
DA:298,0
DA:299,0
DA:300,0
DA:301,0
DA:302,0
DA:303,0
DA:305,1
DA:306,5
DA:307,5
DA:308,5
DA:309,4
DA:310,1
DA:311,1
DA:312,1
DA:313,1
DA:314,1
DA:318,56
BRF:0
BRH:0
LF:153
LH:94
end_of_record
SF:/var/home/jack/Code/koan/src/builtins/fn_def/signature.rs
FN:240,_RNCNvNtNtNtCsjkUEORhOIHz_4koan8builtins6fn_def9signature13binder_bucket0B9_
FN:257,_RNCNvNtNtNtCsjkUEORhOIHz_4koan8builtins6fn_def9signature13binder_buckets_0B9_
FN:225,_RNvNtNtNtCsjkUEORhOIHz_4koan8builtins6fn_def9signature13binder_bucket
FN:77,_RNvNtNtNtCsjkUEORhOIHz_4koan8builtins6fn_def9signature19parse_fn_param_list
FN:284,_RNvNtNtNtCsjkUEORhOIHz_4koan8builtins6fn_def9signature19signature_expr_part
FN:19,_RNvNtNtNtCsjkUEORhOIHz_4koan8builtins6fn_def9signature34collect_param_names_from_signature
FN:201,_RNvNtNtNtCsjkUEORhOIHz_4koan8builtins6fn_def9signature11binder_name
FN:201,_RNvNtNtNtCs17lX60Qr81G_4koan8builtins6fn_def9signature11binder_name
FN:225,_RNvNtNtNtCs17lX60Qr81G_4koan8builtins6fn_def9signature13binder_bucket
FN:77,_RNvNtNtNtCs17lX60Qr81G_4koan8builtins6fn_def9signature19parse_fn_param_list
FN:284,_RNvNtNtNtCs17lX60Qr81G_4koan8builtins6fn_def9signature19signature_expr_part
FN:19,_RNvNtNtNtCs17lX60Qr81G_4koan8builtins6fn_def9signature34collect_param_names_from_signature
FN:240,_RNCNvNtNtNtCs17lX60Qr81G_4koan8builtins6fn_def9signature13binder_bucket0B9_
FN:257,_RNCNvNtNtNtCs17lX60Qr81G_4koan8builtins6fn_def9signature13binder_buckets_0B9_
FNDA:23,_RNCNvNtNtNtCsjkUEORhOIHz_4koan8builtins6fn_def9signature13binder_bucket0B9_
FNDA:12,_RNCNvNtNtNtCsjkUEORhOIHz_4koan8builtins6fn_def9signature13binder_buckets_0B9_
FNDA:31,_RNvNtNtNtCsjkUEORhOIHz_4koan8builtins6fn_def9signature13binder_bucket
FNDA:21,_RNvNtNtNtCsjkUEORhOIHz_4koan8builtins6fn_def9signature19parse_fn_param_list
FNDA:31,_RNvNtNtNtCsjkUEORhOIHz_4koan8builtins6fn_def9signature19signature_expr_part
FNDA:14,_RNvNtNtNtCsjkUEORhOIHz_4koan8builtins6fn_def9signature34collect_param_names_from_signature
FNDA:0,_RNvNtNtNtCsjkUEORhOIHz_4koan8builtins6fn_def9signature11binder_name
FNDA:1,_RNvNtNtNtCs17lX60Qr81G_4koan8builtins6fn_def9signature11binder_name
FNDA:389,_RNvNtNtNtCs17lX60Qr81G_4koan8builtins6fn_def9signature13binder_bucket
FNDA:230,_RNvNtNtNtCs17lX60Qr81G_4koan8builtins6fn_def9signature19parse_fn_param_list
FNDA:390,_RNvNtNtNtCs17lX60Qr81G_4koan8builtins6fn_def9signature19signature_expr_part
FNDA:187,_RNvNtNtNtCs17lX60Qr81G_4koan8builtins6fn_def9signature34collect_param_names_from_signature
FNDA:257,_RNCNvNtNtNtCs17lX60Qr81G_4koan8builtins6fn_def9signature13binder_bucket0B9_
FNDA:48,_RNCNvNtNtNtCs17lX60Qr81G_4koan8builtins6fn_def9signature13binder_buckets_0B9_
FNF:7
FNH:7
DA:19,201
DA:20,201
DA:21,201
DA:22,201
DA:23,571
DA:24,370
DA:25,139
DA:26,28
DA:27,28
DA:29,203
DA:31,370
DA:32,167
DA:33,167
DA:34,165
DA:40,167
DA:41,165
DA:42,165
DA:43,165
DA:44,2
DA:45,203
DA:46,205
DA:48,201
DA:49,201
DA:77,251
DA:78,251
DA:79,251
DA:80,251
DA:81,251
DA:82,251
DA:83,251
DA:84,251
DA:85,251
DA:86,251
DA:87,720
DA:91,471
DA:92,180
DA:93,38
DA:94,38
DA:96,253
DA:98,471
DA:99,253
DA:100,253
DA:101,253
DA:102,253
DA:103,218
DA:104,218
DA:105,35
DA:106,145
DA:107,145
DA:108,127
DA:109,127
DA:110,127
DA:111,127
DA:112,127
DA:113,127
DA:114,17
DA:115,17
DA:116,17
DA:117,1
DA:118,1
DA:119,1
DA:120,1
DA:121,1
DA:122,0
DA:124,145
DA:126,4
DA:127,4
DA:128,4
DA:129,4
DA:130,4
DA:131,4
DA:132,32
DA:133,32
DA:134,32
DA:135,32
DA:136,32
DA:137,32
DA:138,32
DA:139,32
DA:140,32
DA:141,32
DA:142,32
DA:143,32
DA:144,32
DA:145,32
DA:146,32
DA:147,32
DA:148,32
DA:149,35
DA:150,35
DA:151,35
DA:152,35
DA:153,35
DA:154,35
DA:155,35
DA:156,0
DA:157,0
DA:158,0
DA:159,0
DA:160,0
DA:161,0
DA:164,2
DA:165,2
DA:166,2
DA:167,2
DA:171,0
DA:172,0
DA:173,0
DA:174,0
DA:175,0
DA:177,0
DA:178,0
DA:179,0
DA:180,0
DA:181,0
DA:185,249
DA:186,1
DA:187,248
DA:188,248
DA:189,53
DA:190,53
DA:191,53
DA:192,53
DA:193,195
DA:194,195
DA:195,251
DA:201,1
DA:202,1
DA:203,1
DA:204,1
DA:205,1
DA:206,0
DA:208,0
DA:209,1
DA:225,420
DA:226,420
DA:227,420
DA:229,420
DA:230,420
DA:231,420
DA:232,420
DA:233,1188
DA:234,768
DA:235,424
DA:236,424
DA:237,424
DA:238,424
DA:240,284
DA:241,0
DA:242,280
DA:248,280
DA:249,284
DA:250,280
DA:251,280
DA:252,280
DA:253,4
DA:254,4
DA:256,60
DA:257,60
DA:258,0
DA:259,60
DA:265,60
DA:266,60
DA:267,60
DA:268,60
DA:269,60
DA:270,0
DA:271,0
DA:273,0
DA:274,0
DA:275,0
DA:278,420
DA:279,420
DA:284,421
DA:285,421
DA:286,421
DA:287,421
DA:288,0
DA:290,421
BRF:0
BRH:0
LF:181
LH:154
end_of_record
SF:/var/home/jack/Code/koan/src/builtins/functor_def.rs
FN:128,_RNCNvNtNtCsjkUEORhOIHz_4koan8builtins11functor_def4body0B7_
FN:163,_RNvNtNtCsjkUEORhOIHz_4koan8builtins11functor_def19collect_param_types
FN:58,_RNvNtNtCsjkUEORhOIHz_4koan8builtins11functor_def4body
FN:196,_RNvNtNtCsjkUEORhOIHz_4koan8builtins11functor_def8register
FN:163,_RNvNtNtCs17lX60Qr81G_4koan8builtins11functor_def19collect_param_types
FN:58,_RNvNtNtCs17lX60Qr81G_4koan8builtins11functor_def4body
FN:196,_RNvNtNtCs17lX60Qr81G_4koan8builtins11functor_def8register
FN:128,_RNCNvNtNtCs17lX60Qr81G_4koan8builtins11functor_def4body0B7_
FNDA:4,_RNCNvNtNtCsjkUEORhOIHz_4koan8builtins11functor_def4body0B7_
FNDA:4,_RNvNtNtCsjkUEORhOIHz_4koan8builtins11functor_def19collect_param_types
FNDA:4,_RNvNtNtCsjkUEORhOIHz_4koan8builtins11functor_def4body
FNDA:40,_RNvNtNtCsjkUEORhOIHz_4koan8builtins11functor_def8register
FNDA:15,_RNvNtNtCs17lX60Qr81G_4koan8builtins11functor_def19collect_param_types
FNDA:15,_RNvNtNtCs17lX60Qr81G_4koan8builtins11functor_def4body
FNDA:466,_RNvNtNtCs17lX60Qr81G_4koan8builtins11functor_def8register
FNDA:12,_RNCNvNtNtCs17lX60Qr81G_4koan8builtins11functor_def4body0B7_
FNF:4
FNH:4
DA:58,19
DA:59,19
DA:60,19
DA:61,19
DA:62,19
DA:63,19
DA:64,19
DA:66,0
DA:67,0
DA:68,0
DA:71,19
DA:72,19
DA:73,0
DA:75,19
DA:76,19
DA:78,0
DA:79,0
DA:80,0
DA:86,19
DA:98,19
DA:100,19
DA:106,19
DA:107,19
DA:108,19
DA:109,0
DA:111,19
DA:112,3
DA:113,16
DA:115,16
DA:116,7
DA:117,0
DA:118,9
DA:119,9
DA:126,16
DA:127,16
DA:128,16
DA:129,16
DA:131,16
DA:132,7
DA:133,7
DA:135,9
DA:140,9
DA:141,9
DA:142,9
DA:143,9
DA:144,9
DA:145,9
DA:147,9
DA:151,19
DA:163,19
DA:164,19
DA:165,19
DA:166,19
DA:168,19
DA:169,19
DA:170,19
DA:171,19
DA:172,57
DA:173,38
DA:174,2
DA:175,17
DA:176,17
DA:178,19
DA:180,38
DA:181,19
DA:182,19
DA:183,19
DA:184,10
DA:185,10
DA:186,0
DA:187,0
DA:188,19
DA:189,19
DA:190,19
DA:191,19
DA:193,19
DA:194,19
DA:196,506
DA:216,506
DA:217,506
DA:218,506
DA:219,506
DA:220,506
DA:221,506
DA:222,506
DA:223,506
DA:224,506
DA:225,506
DA:227,506
DA:228,506
DA:229,506
DA:237,506
DA:238,506
DA:239,506
DA:240,506
DA:241,506
DA:242,506
DA:243,506
DA:244,506
DA:245,506
DA:246,506
DA:248,506
DA:249,506
DA:250,506
DA:255,506
BRF:0
BRH:0
LF:106
LH:95
end_of_record
SF:/var/home/jack/Code/koan/src/builtins/let_binding.rs
FN:30,_RNCNvNtNtCsjkUEORhOIHz_4koan8builtins11let_binding4body0B7_
FN:332,_RNvNtNtCsjkUEORhOIHz_4koan8builtins11let_binding11binder_name
FN:315,_RNvNtNtCsjkUEORhOIHz_4koan8builtins11let_binding21capitalize_identifier
FN:248,_RNvNtNtCsjkUEORhOIHz_4koan8builtins11let_binding23derive_nominal_identity
FN:296,_RNvNtNtCsjkUEORhOIHz_4koan8builtins11let_binding28is_admissible_type_class_rhs
FN:17,_RNvNtNtCsjkUEORhOIHz_4koan8builtins11let_binding4body
FN:340,_RNvNtNtCsjkUEORhOIHz_4koan8builtins11let_binding8register
FN:332,_RNvNtNtCs17lX60Qr81G_4koan8builtins11let_binding11binder_name
FN:315,_RNvNtNtCs17lX60Qr81G_4koan8builtins11let_binding21capitalize_identifier
FN:248,_RNvNtNtCs17lX60Qr81G_4koan8builtins11let_binding23derive_nominal_identity
FN:296,_RNvNtNtCs17lX60Qr81G_4koan8builtins11let_binding28is_admissible_type_class_rhs
FN:17,_RNvNtNtCs17lX60Qr81G_4koan8builtins11let_binding4body
FN:340,_RNvNtNtCs17lX60Qr81G_4koan8builtins11let_binding8register
FN:30,_RNCNvNtNtCs17lX60Qr81G_4koan8builtins11let_binding4body0B7_
FNDA:49,_RNCNvNtNtCsjkUEORhOIHz_4koan8builtins11let_binding4body0B7_
FNDA:139,_RNvNtNtCsjkUEORhOIHz_4koan8builtins11let_binding11binder_name
FNDA:0,_RNvNtNtCsjkUEORhOIHz_4koan8builtins11let_binding21capitalize_identifier
FNDA:7,_RNvNtNtCsjkUEORhOIHz_4koan8builtins11let_binding23derive_nominal_identity
FNDA:16,_RNvNtNtCsjkUEORhOIHz_4koan8builtins11let_binding28is_admissible_type_class_rhs
FNDA:49,_RNvNtNtCsjkUEORhOIHz_4koan8builtins11let_binding4body
FNDA:40,_RNvNtNtCsjkUEORhOIHz_4koan8builtins11let_binding8register
FNDA:891,_RNvNtNtCs17lX60Qr81G_4koan8builtins11let_binding11binder_name
FNDA:2,_RNvNtNtCs17lX60Qr81G_4koan8builtins11let_binding21capitalize_identifier
FNDA:56,_RNvNtNtCs17lX60Qr81G_4koan8builtins11let_binding23derive_nominal_identity
FNDA:108,_RNvNtNtCs17lX60Qr81G_4koan8builtins11let_binding28is_admissible_type_class_rhs
FNDA:354,_RNvNtNtCs17lX60Qr81G_4koan8builtins11let_binding4body
FNDA:466,_RNvNtNtCs17lX60Qr81G_4koan8builtins11let_binding8register
FNDA:353,_RNCNvNtNtCs17lX60Qr81G_4koan8builtins11let_binding4body0B7_
FNF:7
FNH:7
DA:17,403
DA:18,403
DA:19,403
DA:20,403
DA:21,403
DA:28,403
DA:29,403
DA:30,403
DA:31,403
DA:32,403
DA:33,403
DA:34,0
DA:43,403
DA:44,403
DA:45,403
DA:46,278
DA:54,278
DA:55,1
DA:56,1
DA:57,276
DA:59,278
DA:60,2
DA:61,2
DA:62,2
DA:63,2
DA:64,2
DA:65,2
DA:66,2
DA:67,2
DA:68,276
DA:69,276
DA:76,95
DA:78,0
DA:79,0
DA:80,0
DA:81,0
DA:84,95
DA:93,95
DA:94,3
DA:95,3
DA:96,3
DA:97,3
DA:98,92
DA:105,89
DA:106,54
DA:107,54
DA:108,54
DA:109,35
DA:110,35
DA:111,35
DA:112,3
DA:113,3
DA:114,3
DA:116,92
DA:122,30
DA:129,1
DA:130,1
DA:131,1
DA:132,1
DA:139,29
DA:140,29
DA:141,0
DA:142,0
DA:143,0
DA:144,0
DA:145,29
DA:155,29
DA:156,0
DA:157,0
DA:158,0
DA:159,29
DA:160,29
DA:161,29
DA:162,0
DA:163,0
DA:164,0
DA:166,29
DA:169,0
DA:170,0
DA:171,0
DA:172,0
DA:173,0
DA:174,0
DA:176,0
DA:183,397
DA:184,2
DA:185,2
DA:186,2
DA:187,2
DA:188,395
DA:189,395
DA:190,395
DA:191,395
DA:192,395
DA:193,64
DA:194,64
DA:195,64
DA:196,64
DA:197,64
DA:198,64
DA:199,64
DA:200,64
DA:201,64
DA:202,331
DA:215,55
DA:216,0
DA:217,55
DA:225,276
DA:226,2
DA:227,2
DA:228,2
DA:229,2
DA:230,2
DA:231,274
DA:232,274
DA:233,1
DA:234,273
DA:236,392
DA:237,403
DA:248,63
DA:249,54
DA:253,54
DA:259,0
DA:260,0
DA:261,0
DA:262,0
DA:263,0
DA:264,2
DA:265,2
DA:266,2
DA:267,2
DA:268,2
DA:269,0
DA:270,0
DA:271,0
DA:272,0
DA:273,0
DA:274,7
DA:276,63
DA:296,124
DA:297,124
DA:298,118
DA:299,6
DA:300,6
DA:301,1
DA:302,5
DA:303,5
DA:304,3
DA:305,2
DA:306,2
DA:307,124
DA:315,2
DA:316,2
DA:317,2
DA:318,2
DA:319,2
DA:320,2
DA:321,2
DA:322,2
DA:324,0
DA:326,2
DA:332,1030
DA:333,1030
DA:334,704
DA:335,323
DA:336,3
DA:338,1030
DA:340,506
DA:341,506
DA:342,506
DA:343,506
DA:344,506
DA:345,506
DA:346,506
DA:347,506
DA:348,506
DA:350,506
DA:351,506
DA:353,506
DA:354,506
DA:355,506
DA:356,506
DA:357,506
DA:358,506
DA:359,506
DA:360,506
DA:362,506
DA:363,506
DA:365,506
BRF:0
BRH:0
LF:190
LH:156
end_of_record
SF:/var/home/jack/Code/koan/src/builtins/match_case.rs
FN:125,_RNCNvNtNtCsjkUEORhOIHz_4koan8builtins10match_case4body0B7_
FN:36,_RNvNtNtCsjkUEORhOIHz_4koan8builtins10match_case4body
FN:136,_RNvNtNtCsjkUEORhOIHz_4koan8builtins10match_case8register
FN:155,_RNvNtNtNtCs17lX60Qr81G_4koan8builtins10match_case5tests11run_program
FN:197,_RNvNtNtNtCs17lX60Qr81G_4koan8builtins10match_case5testss_25match_inexhaustive_errors
FN:174,_RNvNtNtNtCs17lX60Qr81G_4koan8builtins10match_case5testss_29match_binds_inner_value_to_it
FN:238,_RNvNtNtNtCs17lX60Qr81G_4koan8builtins10match_case5testss_29recursive_tagged_match_no_uaf
FN:259,_RNvNtNtNtCs17lX60Qr81G_4koan8builtins10match_case5testss_33match_on_bool_inexhaustive_errors
FN:222,_RNvNtNtNtCs17lX60Qr81G_4koan8builtins10match_case5testss_36match_on_bool_true_takes_true_branch
FN:186,_RNvNtNtNtCs17lX60Qr81G_4koan8builtins10match_case5testss_37match_does_not_run_unmatched_branches
FN:230,_RNvNtNtNtCs17lX60Qr81G_4koan8builtins10match_case5testss_38match_on_bool_false_takes_false_branch
FN:164,_RNvNtNtNtCs17lX60Qr81G_4koan8builtins10match_case5testss_40match_dispatches_branch_for_matching_tag
FN:212,_RNvNtNtNtCs17lX60Qr81G_4koan8builtins10match_case5testss_40match_other_branch_runs_when_tag_matches
FN:273,_RNvNtNtNtCs17lX60Qr81G_4koan8builtins10match_case5testss_47multi_statement_match_branch_returns_last_value
FN:291,_RNvNtNtNtCs17lX60Qr81G_4koan8builtins10match_case5testss_59fn_recursion_with_multi_statement_body_via_match_terminates
FN:36,_RNvNtNtCs17lX60Qr81G_4koan8builtins10match_case4body
FN:136,_RNvNtNtCs17lX60Qr81G_4koan8builtins10match_case8register
FN:125,_RNCNvNtNtCs17lX60Qr81G_4koan8builtins10match_case4body0B7_
FNDA:0,_RNCNvNtNtCsjkUEORhOIHz_4koan8builtins10match_case4body0B7_
FNDA:0,_RNvNtNtCsjkUEORhOIHz_4koan8builtins10match_case4body
FNDA:40,_RNvNtNtCsjkUEORhOIHz_4koan8builtins10match_case8register
FNDA:9,_RNvNtNtNtCs17lX60Qr81G_4koan8builtins10match_case5tests11run_program
FNDA:1,_RNvNtNtNtCs17lX60Qr81G_4koan8builtins10match_case5testss_25match_inexhaustive_errors
FNDA:1,_RNvNtNtNtCs17lX60Qr81G_4koan8builtins10match_case5testss_29match_binds_inner_value_to_it
FNDA:1,_RNvNtNtNtCs17lX60Qr81G_4koan8builtins10match_case5testss_29recursive_tagged_match_no_uaf
FNDA:1,_RNvNtNtNtCs17lX60Qr81G_4koan8builtins10match_case5testss_33match_on_bool_inexhaustive_errors
FNDA:1,_RNvNtNtNtCs17lX60Qr81G_4koan8builtins10match_case5testss_36match_on_bool_true_takes_true_branch
FNDA:1,_RNvNtNtNtCs17lX60Qr81G_4koan8builtins10match_case5testss_37match_does_not_run_unmatched_branches
FNDA:1,_RNvNtNtNtCs17lX60Qr81G_4koan8builtins10match_case5testss_38match_on_bool_false_takes_false_branch
FNDA:1,_RNvNtNtNtCs17lX60Qr81G_4koan8builtins10match_case5testss_40match_dispatches_branch_for_matching_tag
FNDA:1,_RNvNtNtNtCs17lX60Qr81G_4koan8builtins10match_case5testss_40match_other_branch_runs_when_tag_matches
FNDA:1,_RNvNtNtNtCs17lX60Qr81G_4koan8builtins10match_case5testss_47multi_statement_match_branch_returns_last_value
FNDA:1,_RNvNtNtNtCs17lX60Qr81G_4koan8builtins10match_case5testss_59fn_recursion_with_multi_statement_body_via_match_terminates
FNDA:69,_RNvNtNtCs17lX60Qr81G_4koan8builtins10match_case4body
FNDA:466,_RNvNtNtCs17lX60Qr81G_4koan8builtins10match_case8register
FNDA:1,_RNCNvNtNtCs17lX60Qr81G_4koan8builtins10match_case4body0B7_
FNF:15
FNH:15
DA:36,69
DA:37,69
DA:38,69
DA:39,69
DA:40,69
DA:41,69
DA:42,62
DA:43,7
DA:44,7
DA:45,7
DA:47,0
DA:48,0
DA:49,0
DA:50,0
DA:51,0
DA:52,0
DA:54,0
DA:56,69
DA:57,69
DA:59,0
DA:60,0
DA:61,0
DA:64,69
DA:65,66
DA:67,3
DA:68,3
DA:69,3
DA:70,3
DA:72,0
DA:82,66
DA:83,66
DA:84,66
DA:87,66
DA:88,66
DA:89,66
DA:99,66
DA:100,66
DA:101,66
DA:102,66
DA:103,66
DA:110,66
DA:111,66
DA:112,66
DA:113,66
DA:114,1
DA:115,1
DA:116,1
DA:117,1
DA:118,1
DA:119,1
DA:120,1
DA:121,1
DA:122,1
DA:123,1
DA:125,1
DA:126,1
DA:127,1
DA:129,1
DA:131,65
DA:132,65
DA:134,69
DA:136,506
DA:137,506
DA:138,506
DA:139,506
DA:140,506
DA:141,506
DA:142,506
DA:143,506
DA:144,506
DA:146,506
DA:148,506
DA:155,9
DA:156,9
DA:157,9
DA:158,9
DA:159,9
DA:160,9
DA:161,9
DA:164,1
DA:165,1
DA:166,1
DA:167,1
DA:168,1
DA:170,1
DA:171,1
DA:174,1
DA:177,1
DA:178,1
DA:179,1
DA:180,1
DA:182,1
DA:183,1
DA:186,1
DA:188,1
DA:189,1
DA:190,1
DA:191,1
DA:193,1
DA:194,1
DA:197,1
DA:198,1
DA:199,1
DA:200,1
DA:201,1
DA:202,1
DA:204,1
DA:205,1
DA:206,1
DA:209,1
DA:212,1
DA:213,1
DA:214,1
DA:215,1
DA:216,1
DA:218,1
DA:219,1
DA:222,1
DA:223,1
DA:224,1
DA:226,1
DA:227,1
DA:230,1
DA:231,1
DA:232,1
DA:234,1
DA:235,1
DA:238,1
DA:247,1
DA:248,1
DA:249,1
DA:250,1
DA:251,1
DA:252,1
DA:253,1
DA:255,1
DA:256,1
DA:259,1
DA:260,1
DA:261,1
DA:262,1
DA:263,1
DA:264,1
DA:267,1
DA:273,1
DA:274,1
DA:275,1
DA:276,1
DA:277,1
DA:278,1
DA:279,1
DA:280,1
DA:282,1
DA:283,1
DA:284,1
DA:285,1
DA:291,1
DA:292,1
DA:293,1
DA:294,1
DA:295,1
DA:296,1
DA:297,1
DA:298,1
DA:299,1
DA:300,1
DA:301,1
DA:303,1
DA:304,1
DA:305,1
BRF:0
BRH:0
LF:171
LH:160
end_of_record
SF:/var/home/jack/Code/koan/src/builtins/module_def.rs
FN:77,_RNCNvNtNtCsjkUEORhOIHz_4koan8builtins10module_def4body0B7_
FN:80,_RNCNvNtNtCsjkUEORhOIHz_4koan8builtins10module_def4bodys_0B7_
FN:155,_RNvNtNtCsjkUEORhOIHz_4koan8builtins10module_def11binder_name
FN:32,_RNvNtNtCsjkUEORhOIHz_4koan8builtins10module_def4body
FN:159,_RNvNtNtCsjkUEORhOIHz_4koan8builtins10module_def8register
FN:247,_RNvNtNtNtCs17lX60Qr81G_4koan8builtins10module_def5testss_28module_unknown_member_errors
FN:202,_RNvNtNtNtCs17lX60Qr81G_4koan8builtins10module_def5testss_29module_member_access_via_attr
FN:183,_RNvNtNtNtCs17lX60Qr81G_4koan8builtins10module_def5testss_32binder_name_extracts_module_name
FN:190,_RNvNtNtNtCs17lX60Qr81G_4koan8builtins10module_def5testss_32module_binds_under_name_in_scope
FN:227,_RNvNtNtNtCs17lX60Qr81G_4koan8builtins10module_def5testss_33module_member_function_via_let_fn
FN:345,_RNvNtNtNtCs17lX60Qr81G_4koan8builtins10module_def5testss_36module_body_dispatch_does_not_dangle
FN:278,_RNvNtNtNtCs17lX60Qr81G_4koan8builtins10module_def5testss_38module_body_parks_on_outer_placeholder
FN:290,_RNvNtNtNtCs17lX60Qr81G_4koan8builtins10module_def5testss_41module_body_error_short_circuits_finalize
FN:211,_RNvNtNtNtCs17lX60Qr81G_4koan8builtins10module_def5testss_41module_with_multiple_statements_in_parens
FN:260,_RNvNtNtNtCs17lX60Qr81G_4koan8builtins10module_def5testss_41nested_module_accessible_via_chained_attr
FN:311,_RNvNtNtNtCs17lX60Qr81G_4koan8builtins10module_def5testss_50module_finalize_short_circuits_on_idempotent_state
FN:77,_RNCNvNtNtCs17lX60Qr81G_4koan8builtins10module_def4body0B7_
FN:80,_RNCNvNtNtCs17lX60Qr81G_4koan8builtins10module_def4bodys_0B7_
FN:155,_RNvNtNtCs17lX60Qr81G_4koan8builtins10module_def11binder_name
FN:32,_RNvNtNtCs17lX60Qr81G_4koan8builtins10module_def4body
FN:159,_RNvNtNtCs17lX60Qr81G_4koan8builtins10module_def8register
FNDA:17,_RNCNvNtNtCsjkUEORhOIHz_4koan8builtins10module_def4body0B7_
FNDA:16,_RNCNvNtNtCsjkUEORhOIHz_4koan8builtins10module_def4bodys_0B7_
FNDA:30,_RNvNtNtCsjkUEORhOIHz_4koan8builtins10module_def11binder_name
FNDA:17,_RNvNtNtCsjkUEORhOIHz_4koan8builtins10module_def4body
FNDA:40,_RNvNtNtCsjkUEORhOIHz_4koan8builtins10module_def8register
FNDA:1,_RNvNtNtNtCs17lX60Qr81G_4koan8builtins10module_def5testss_28module_unknown_member_errors
FNDA:1,_RNvNtNtNtCs17lX60Qr81G_4koan8builtins10module_def5testss_29module_member_access_via_attr
FNDA:1,_RNvNtNtNtCs17lX60Qr81G_4koan8builtins10module_def5testss_32binder_name_extracts_module_name
FNDA:1,_RNvNtNtNtCs17lX60Qr81G_4koan8builtins10module_def5testss_32module_binds_under_name_in_scope
FNDA:1,_RNvNtNtNtCs17lX60Qr81G_4koan8builtins10module_def5testss_33module_member_function_via_let_fn
FNDA:1,_RNvNtNtNtCs17lX60Qr81G_4koan8builtins10module_def5testss_36module_body_dispatch_does_not_dangle
FNDA:1,_RNvNtNtNtCs17lX60Qr81G_4koan8builtins10module_def5testss_38module_body_parks_on_outer_placeholder
FNDA:1,_RNvNtNtNtCs17lX60Qr81G_4koan8builtins10module_def5testss_41module_body_error_short_circuits_finalize
FNDA:1,_RNvNtNtNtCs17lX60Qr81G_4koan8builtins10module_def5testss_41module_with_multiple_statements_in_parens
FNDA:1,_RNvNtNtNtCs17lX60Qr81G_4koan8builtins10module_def5testss_41nested_module_accessible_via_chained_attr
FNDA:1,_RNvNtNtNtCs17lX60Qr81G_4koan8builtins10module_def5testss_50module_finalize_short_circuits_on_idempotent_state
FNDA:78,_RNCNvNtNtCs17lX60Qr81G_4koan8builtins10module_def4body0B7_
FNDA:76,_RNCNvNtNtCs17lX60Qr81G_4koan8builtins10module_def4bodys_0B7_
FNDA:139,_RNvNtNtCs17lX60Qr81G_4koan8builtins10module_def11binder_name
FNDA:78,_RNvNtNtCs17lX60Qr81G_4koan8builtins10module_def4body
FNDA:466,_RNvNtNtCs17lX60Qr81G_4koan8builtins10module_def8register
FNF:16
FNH:16
DA:32,95
DA:33,95
DA:34,95
DA:35,95
DA:36,95
DA:41,95
DA:42,95
DA:43,0
DA:45,95
DA:46,95
DA:48,0
DA:49,0
DA:50,0
DA:54,95
DA:55,95
DA:60,95
DA:70,95
DA:75,95
DA:76,95
DA:77,95
DA:78,95
DA:79,95
DA:80,95
DA:86,92
DA:87,92
DA:88,0
DA:89,0
DA:91,0
DA:92,0
DA:93,92
DA:94,92
DA:95,92
DA:96,92
DA:116,92
DA:117,92
DA:118,92
DA:119,92
DA:120,92
DA:121,21
DA:122,2
DA:123,19
DA:124,19
DA:131,92
DA:132,92
DA:133,92
DA:134,92
DA:135,92
DA:136,92
DA:137,92
DA:138,92
DA:139,92
DA:140,92
DA:141,92
DA:142,92
DA:143,92
DA:144,0
DA:145,0
DA:146,0
DA:148,92
DA:149,95
DA:150,95
DA:151,95
DA:155,169
DA:156,169
DA:157,169
DA:159,506
DA:160,506
DA:161,506
DA:162,506
DA:163,506
DA:164,506
DA:165,506
DA:166,506
DA:167,506
DA:169,506
DA:170,506
DA:172,506
DA:183,1
DA:184,1
DA:185,1
DA:186,1
DA:187,1
DA:190,1
DA:191,1
DA:192,1
DA:193,1
DA:194,1
DA:195,1
DA:196,1
DA:199,1
DA:202,1
DA:203,1
DA:204,1
DA:205,1
DA:206,1
DA:207,1
DA:208,1
DA:211,1
DA:216,1
DA:217,1
DA:218,1
DA:219,1
DA:220,1
DA:222,1
DA:223,1
DA:224,1
DA:227,1
DA:232,1
DA:233,1
DA:234,1
DA:235,1
DA:236,1
DA:238,1
DA:239,1
DA:240,1
DA:241,0
DA:243,1
DA:244,1
DA:247,1
DA:248,1
DA:249,1
DA:250,1
DA:251,1
DA:252,1
DA:253,1
DA:254,1
DA:257,1
DA:260,1
DA:261,1
DA:262,1
DA:263,1
DA:264,1
DA:265,1
DA:267,1
DA:268,1
DA:269,1
DA:278,1
DA:279,1
DA:280,1
DA:281,1
DA:282,1
DA:283,1
DA:284,1
DA:290,1
DA:291,1
DA:292,1
DA:293,1
DA:294,1
DA:295,1
DA:298,1
DA:311,1
DA:314,1
DA:315,1
DA:316,1
DA:317,1
DA:318,1
DA:320,1
DA:321,1
DA:322,1
DA:323,1
DA:324,1
DA:325,1
DA:330,1
DA:333,1
DA:334,1
DA:335,1
DA:336,1
DA:345,1
DA:346,1
DA:347,1
DA:348,1
DA:349,1
DA:350,1
DA:351,1
DA:352,0
DA:354,1
DA:355,1
DA:356,1
DA:357,1
BRF:0
BRH:0
LF:181
LH:168
end_of_record
SF:/var/home/jack/Code/koan/src/builtins/newtype_def.rs
FN:188,_RNCNvNtNtCsjkUEORhOIHz_4koan8builtins11newtype_def17newtype_construct0B7_
FN:126,_RNCNvNtNtCsjkUEORhOIHz_4koan8builtins11newtype_def4body0B7_
FN:150,_RNvNtNtCsjkUEORhOIHz_4koan8builtins11newtype_def11binder_name
FN:173,_RNvNtNtCsjkUEORhOIHz_4koan8builtins11newtype_def17newtype_construct
FN:56,_RNvNtNtCsjkUEORhOIHz_4koan8builtins11newtype_def4body
FN:221,_RNvNtNtCsjkUEORhOIHz_4koan8builtins11newtype_def8register
FN:429,_RNvNtNtNtCs17lX60Qr81G_4koan8builtins11newtype_def5testss_28construct_arity_zero_rejects
FN:447,_RNvNtNtNtCs17lX60Qr81G_4koan8builtins11newtype_def5testss_29construct_with_operator_value
FN:255,_RNvNtNtNtCs17lX60Qr81G_4koan8builtins11newtype_def5testss_30declare_mints_newtype_identity
FN:327,_RNvNtNtNtCs17lX60Qr81G_4koan8builtins11newtype_def5testss_30newtype_over_newtype_collapses
FN:409,_RNvNtNtNtCs17lX60Qr81G_4koan8builtins11newtype_def5testss_31construct_with_identifier_value
FN:311,_RNvNtNtNtCs17lX60Qr81G_4koan8builtins11newtype_def5testss_35construct_rejects_non_matching_repr
FN:287,_RNvNtNtNtCs17lX60Qr81G_4koan8builtins11newtype_def5testss_35construct_wraps_repr_matching_value
FN:360,_RNvNtNtNtCs17lX60Qr81G_4koan8builtins11newtype_def5testss_43dispatch_distinguishes_distance_from_number
FN:188,_RNCNvNtNtCs17lX60Qr81G_4koan8builtins11newtype_def17newtype_construct0B7_
FN:126,_RNCNvNtNtCs17lX60Qr81G_4koan8builtins11newtype_def4body0B7_
FN:150,_RNvNtNtCs17lX60Qr81G_4koan8builtins11newtype_def11binder_name
FN:173,_RNvNtNtCs17lX60Qr81G_4koan8builtins11newtype_def17newtype_construct
FN:56,_RNvNtNtCs17lX60Qr81G_4koan8builtins11newtype_def4body
FN:221,_RNvNtNtCs17lX60Qr81G_4koan8builtins11newtype_def8register
FNDA:0,_RNCNvNtNtCsjkUEORhOIHz_4koan8builtins11newtype_def17newtype_construct0B7_
FNDA:0,_RNCNvNtNtCsjkUEORhOIHz_4koan8builtins11newtype_def4body0B7_
FNDA:0,_RNvNtNtCsjkUEORhOIHz_4koan8builtins11newtype_def11binder_name
FNDA:0,_RNvNtNtCsjkUEORhOIHz_4koan8builtins11newtype_def17newtype_construct
FNDA:0,_RNvNtNtCsjkUEORhOIHz_4koan8builtins11newtype_def4body
FNDA:40,_RNvNtNtCsjkUEORhOIHz_4koan8builtins11newtype_def8register
FNDA:1,_RNvNtNtNtCs17lX60Qr81G_4koan8builtins11newtype_def5testss_28construct_arity_zero_rejects
FNDA:1,_RNvNtNtNtCs17lX60Qr81G_4koan8builtins11newtype_def5testss_29construct_with_operator_value
FNDA:1,_RNvNtNtNtCs17lX60Qr81G_4koan8builtins11newtype_def5testss_30declare_mints_newtype_identity
FNDA:1,_RNvNtNtNtCs17lX60Qr81G_4koan8builtins11newtype_def5testss_30newtype_over_newtype_collapses
FNDA:1,_RNvNtNtNtCs17lX60Qr81G_4koan8builtins11newtype_def5testss_31construct_with_identifier_value
FNDA:1,_RNvNtNtNtCs17lX60Qr81G_4koan8builtins11newtype_def5testss_35construct_rejects_non_matching_repr
FNDA:1,_RNvNtNtNtCs17lX60Qr81G_4koan8builtins11newtype_def5testss_35construct_wraps_repr_matching_value
FNDA:1,_RNvNtNtNtCs17lX60Qr81G_4koan8builtins11newtype_def5testss_43dispatch_distinguishes_distance_from_number
FNDA:11,_RNCNvNtNtCs17lX60Qr81G_4koan8builtins11newtype_def17newtype_construct0B7_
FNDA:12,_RNCNvNtNtCs17lX60Qr81G_4koan8builtins11newtype_def4body0B7_
FNDA:24,_RNvNtNtCs17lX60Qr81G_4koan8builtins11newtype_def11binder_name
FNDA:12,_RNvNtNtCs17lX60Qr81G_4koan8builtins11newtype_def17newtype_construct
FNDA:12,_RNvNtNtCs17lX60Qr81G_4koan8builtins11newtype_def4body
FNDA:466,_RNvNtNtCs17lX60Qr81G_4koan8builtins11newtype_def8register
FNF:14
FNH:14
DA:56,12
DA:57,12
DA:58,12
DA:59,12
DA:60,12
DA:63,12
DA:64,12
DA:65,0
DA:71,12
DA:72,9
DA:73,9
DA:74,0
DA:81,3
DA:82,3
DA:83,0
DA:85,3
DA:86,0
DA:87,0
DA:88,0
DA:89,0
DA:90,3
DA:91,3
DA:92,3
DA:94,0
DA:95,0
DA:96,0
DA:97,0
DA:102,0
DA:103,0
DA:104,0
DA:112,12
DA:113,12
DA:114,12
DA:115,12
DA:116,12
DA:117,12
DA:118,12
DA:119,12
DA:124,12
DA:125,12
DA:126,12
DA:127,12
DA:128,12
DA:134,12
DA:135,12
DA:141,0
DA:142,0
DA:143,0
DA:144,0
DA:146,12
DA:150,24
DA:151,24
DA:152,24
DA:173,12
DA:174,12
DA:175,12
DA:176,12
DA:177,12
DA:178,12
DA:179,12
DA:180,1
DA:181,11
DA:186,11
DA:187,11
DA:188,11
DA:189,11
DA:190,11
DA:195,11
DA:196,11
DA:197,0
DA:199,11
DA:200,1
DA:201,1
DA:202,1
DA:203,1
DA:204,1
DA:205,10
DA:211,10
DA:212,10
DA:213,10
DA:214,10
DA:215,10
DA:216,11
DA:217,11
DA:218,11
DA:219,12
DA:221,506
DA:226,506
DA:227,506
DA:228,506
DA:229,506
DA:230,506
DA:231,506
DA:232,506
DA:233,506
DA:235,506
DA:236,506
DA:238,506
DA:255,1
DA:256,1
DA:257,1
DA:258,1
DA:259,1
DA:260,1
DA:261,1
DA:262,1
DA:263,1
DA:265,1
DA:266,1
DA:269,1
DA:270,1
DA:272,0
DA:274,1
DA:275,1
DA:276,1
DA:277,1
DA:280,1
DA:287,1
DA:288,1
DA:289,1
DA:290,1
DA:291,1
DA:292,1
DA:293,1
DA:294,1
DA:297,1
DA:299,1
DA:300,0
DA:302,1
DA:304,0
DA:306,1
DA:311,1
DA:312,1
DA:313,1
DA:314,1
DA:315,1
DA:316,1
DA:317,1
DA:318,1
DA:321,1
DA:327,1
DA:328,1
DA:329,1
DA:330,1
DA:331,1
DA:332,1
DA:333,1
DA:334,1
DA:335,1
DA:336,0
DA:339,1
DA:340,1
DA:342,0
DA:345,0
DA:347,1
DA:360,1
DA:361,1
DA:362,1
DA:363,1
DA:364,1
DA:365,1
DA:366,1
DA:367,1
DA:370,1
DA:371,1
DA:372,1
DA:373,0
DA:376,1
DA:377,1
DA:378,1
DA:379,0
DA:383,1
DA:384,1
DA:385,1
DA:386,1
DA:387,1
DA:388,1
DA:389,1
DA:393,1
DA:394,1
DA:395,1
DA:396,1
DA:397,1
DA:398,1
DA:399,1
DA:402,1
DA:409,1
DA:410,1
DA:411,1
DA:412,1
DA:413,1
DA:414,1
DA:415,1
DA:416,1
DA:417,1
DA:418,0
DA:420,1
DA:422,0
DA:424,1
DA:429,1
DA:430,1
DA:431,1
DA:432,1
DA:433,1
DA:434,1
DA:435,1
DA:438,1
DA:447,1
DA:448,1
DA:449,1
DA:450,1
DA:451,1
DA:452,1
DA:453,1
DA:455,1
DA:456,1
DA:457,1
DA:458,1
DA:459,1
DA:460,0
DA:462,1
DA:464,0
DA:466,1
BRF:0
BRH:0
LF:225
LH:194
end_of_record
SF:/var/home/jack/Code/koan/src/builtins/print.rs
FN:10,_RNvNtNtCsjkUEORhOIHz_4koan8builtins5print4body
FN:24,_RNvNtNtCsjkUEORhOIHz_4koan8builtins5print8register
FN:10,_RNvNtNtCs17lX60Qr81G_4koan8builtins5print4body
FN:24,_RNvNtNtCs17lX60Qr81G_4koan8builtins5print8register
FNDA:6,_RNvNtNtCsjkUEORhOIHz_4koan8builtins5print4body
FNDA:40,_RNvNtNtCsjkUEORhOIHz_4koan8builtins5print8register
FNDA:127,_RNvNtNtCs17lX60Qr81G_4koan8builtins5print4body
FNDA:466,_RNvNtNtCs17lX60Qr81G_4koan8builtins5print8register
FNF:2
FNH:2
DA:10,133
DA:11,133
DA:12,133
DA:13,133
DA:14,133
DA:15,133
DA:16,133
DA:17,0
DA:19,133
DA:20,133
DA:21,133
DA:22,133
DA:24,506
DA:25,506
DA:26,506
DA:27,506
DA:28,506
DA:29,506
DA:31,506
BRF:0
BRH:0
LF:19
LH:18
end_of_record
SF:/var/home/jack/Code/koan/src/builtins/quote.rs
FN:14,_RNvNtNtCsjkUEORhOIHz_4koan8builtins5quote4body
FN:31,_RNvNtNtCsjkUEORhOIHz_4koan8builtins5quote8register
FN:45,_RNvNtNtNtCs17lX60Qr81G_4koan8builtins5quote5tests11run_program
FN:54,_RNvNtNtNtCs17lX60Qr81G_4koan8builtins5quote5testss_26quote_then_eval_round_trip
FN:68,_RNvNtNtNtCs17lX60Qr81G_4koan8builtins5quote5testss_27quote_captures_ast_as_value
FN:14,_RNvNtNtCs17lX60Qr81G_4koan8builtins5quote4body
FN:31,_RNvNtNtCs17lX60Qr81G_4koan8builtins5quote8register
FNDA:0,_RNvNtNtCsjkUEORhOIHz_4koan8builtins5quote4body
FNDA:40,_RNvNtNtCsjkUEORhOIHz_4koan8builtins5quote8register
FNDA:2,_RNvNtNtNtCs17lX60Qr81G_4koan8builtins5quote5tests11run_program
FNDA:1,_RNvNtNtNtCs17lX60Qr81G_4koan8builtins5quote5testss_26quote_then_eval_round_trip
FNDA:1,_RNvNtNtNtCs17lX60Qr81G_4koan8builtins5quote5testss_27quote_captures_ast_as_value
FNDA:9,_RNvNtNtCs17lX60Qr81G_4koan8builtins5quote4body
FNDA:466,_RNvNtNtCs17lX60Qr81G_4koan8builtins5quote8register
FNF:5
FNH:5
DA:14,9
DA:15,9
DA:16,9
DA:17,9
DA:18,9
DA:19,9
DA:20,9
DA:22,0
DA:23,0
DA:24,0
DA:27,9
DA:28,9
DA:29,9
DA:31,506
DA:32,506
DA:33,506
DA:34,506
DA:35,506
DA:36,506
DA:38,506
DA:45,2
DA:46,2
DA:47,2
DA:48,2
DA:49,2
DA:50,2
DA:51,2
DA:54,1
DA:60,1
DA:61,1
DA:62,1
DA:64,1
DA:65,1
DA:68,1
DA:71,1
DA:72,1
DA:73,1
BRF:0
BRH:0
LF:37
LH:34
end_of_record
SF:/var/home/jack/Code/koan/src/builtins/result.rs
FN:24,_RNvNtNtCsjkUEORhOIHz_4koan8builtins6result8register
FN:24,_RNvNtNtCs17lX60Qr81G_4koan8builtins6result8register
FNDA:40,_RNvNtNtCsjkUEORhOIHz_4koan8builtins6result8register
FNDA:466,_RNvNtNtCs17lX60Qr81G_4koan8builtins6result8register
FNF:1
FNH:1
DA:24,506
DA:25,506
DA:26,506
DA:27,506
DA:28,506
DA:29,506
DA:30,506
DA:31,506
DA:32,506
DA:33,506
DA:34,506
DA:35,506
DA:36,506
DA:37,506
DA:38,506
DA:39,506
DA:42,506
DA:43,506
BRF:0
BRH:0
LF:18
LH:18
end_of_record
SF:/var/home/jack/Code/koan/src/builtins/sig_def.rs
FN:54,_RNCNvNtNtCsjkUEORhOIHz_4koan8builtins7sig_def4body0B7_
FN:57,_RNCNvNtNtCsjkUEORhOIHz_4koan8builtins7sig_def4bodys_0B7_
FN:88,_RNvNtNtCsjkUEORhOIHz_4koan8builtins7sig_def11binder_name
FN:28,_RNvNtNtCsjkUEORhOIHz_4koan8builtins7sig_def4body
FN:92,_RNvNtNtCsjkUEORhOIHz_4koan8builtins7sig_def8register
FN:54,_RNCNvNtNtCs17lX60Qr81G_4koan8builtins7sig_def4body0B7_
FN:57,_RNCNvNtNtCs17lX60Qr81G_4koan8builtins7sig_def4bodys_0B7_
FN:88,_RNvNtNtCs17lX60Qr81G_4koan8builtins7sig_def11binder_name
FN:28,_RNvNtNtCs17lX60Qr81G_4koan8builtins7sig_def4body
FN:92,_RNvNtNtCs17lX60Qr81G_4koan8builtins7sig_def8register
FN:138,_RNvNtNtNtCs17lX60Qr81G_4koan8builtins7sig_def5testss_21sig_path_records_name
FN:117,_RNvNtNtNtCs17lX60Qr81G_4koan8builtins7sig_def5testss_29binder_name_extracts_sig_name
FN:125,_RNvNtNtNtCs17lX60Qr81G_4koan8builtins7sig_def5testss_29sig_binds_under_name_in_scope
FN:158,_RNvNtNtNtCs17lX60Qr81G_4koan8builtins7sig_def5testss_35sig_body_parks_on_outer_placeholder
FN:182,_RNvNtNtNtCs17lX60Qr81G_4koan8builtins7sig_def5testss_38sig_body_error_short_circuits_finalize
FNDA:13,_RNCNvNtNtCsjkUEORhOIHz_4koan8builtins7sig_def4body0B7_
FNDA:13,_RNCNvNtNtCsjkUEORhOIHz_4koan8builtins7sig_def4bodys_0B7_
FNDA:26,_RNvNtNtCsjkUEORhOIHz_4koan8builtins7sig_def11binder_name
FNDA:13,_RNvNtNtCsjkUEORhOIHz_4koan8builtins7sig_def4body
FNDA:40,_RNvNtNtCsjkUEORhOIHz_4koan8builtins7sig_def8register
FNDA:64,_RNCNvNtNtCs17lX60Qr81G_4koan8builtins7sig_def4body0B7_
FNDA:62,_RNCNvNtNtCs17lX60Qr81G_4koan8builtins7sig_def4bodys_0B7_
FNDA:129,_RNvNtNtCs17lX60Qr81G_4koan8builtins7sig_def11binder_name
FNDA:64,_RNvNtNtCs17lX60Qr81G_4koan8builtins7sig_def4body
FNDA:466,_RNvNtNtCs17lX60Qr81G_4koan8builtins7sig_def8register
FNDA:1,_RNvNtNtNtCs17lX60Qr81G_4koan8builtins7sig_def5testss_21sig_path_records_name
FNDA:1,_RNvNtNtNtCs17lX60Qr81G_4koan8builtins7sig_def5testss_29binder_name_extracts_sig_name
FNDA:1,_RNvNtNtNtCs17lX60Qr81G_4koan8builtins7sig_def5testss_29sig_binds_under_name_in_scope
FNDA:1,_RNvNtNtNtCs17lX60Qr81G_4koan8builtins7sig_def5testss_35sig_body_parks_on_outer_placeholder
FNDA:1,_RNvNtNtNtCs17lX60Qr81G_4koan8builtins7sig_def5testss_38sig_body_error_short_circuits_finalize
FNF:10
FNH:10
DA:28,77
DA:29,77
DA:30,77
DA:31,77
DA:32,77
DA:33,77
DA:34,77
DA:35,0
DA:37,77
DA:38,77
DA:40,0
DA:41,0
DA:42,0
DA:46,77
DA:47,77
DA:49,77
DA:52,77
DA:53,77
DA:54,77
DA:55,77
DA:56,77
DA:57,77
DA:58,75
DA:59,75
DA:60,75
DA:68,75
DA:69,75
DA:70,75
DA:71,75
DA:72,75
DA:73,75
DA:74,75
DA:76,75
DA:77,0
DA:78,0
DA:79,0
DA:81,75
DA:82,77
DA:83,77
DA:84,77
DA:88,155
DA:89,155
DA:90,155
DA:92,506
DA:93,506
DA:94,506
DA:95,506
DA:96,506
DA:97,506
DA:98,506
DA:99,506
DA:100,506
DA:102,506
DA:103,506
DA:105,506
DA:117,1
DA:118,1
DA:119,1
DA:120,1
DA:121,1
DA:122,1
DA:125,1
DA:127,1
DA:128,1
DA:129,1
DA:130,1
DA:131,1
DA:132,1
DA:135,1
DA:138,1
DA:140,1
DA:141,1
DA:142,1
DA:143,1
DA:144,1
DA:145,1
DA:146,0
DA:148,1
DA:149,1
DA:158,1
DA:159,1
DA:160,1
DA:161,1
DA:162,1
DA:164,1
DA:165,1
DA:166,0
DA:168,1
DA:169,1
DA:170,1
DA:171,1
DA:173,0
DA:175,1
DA:182,1
DA:183,1
DA:184,1
DA:185,1
DA:186,1
DA:187,1
DA:190,1
BRF:0
BRH:0
LF:102
LH:92
end_of_record
SF:/var/home/jack/Code/koan/src/builtins/struct_def.rs
FN:200,_RNCNvNtNtCsjkUEORhOIHz_4koan8builtins10struct_def24defer_struct_via_combine0B7_
FN:92,_RNCNvNtNtCsjkUEORhOIHz_4koan8builtins10struct_def4body0B7_
FN:250,_RNvNtNtCsjkUEORhOIHz_4koan8builtins10struct_def11binder_name
FN:112,_RNvNtNtCsjkUEORhOIHz_4koan8builtins10struct_def15finalize_struct
FN:178,_RNvNtNtCsjkUEORhOIHz_4koan8builtins10struct_def24defer_struct_via_combine
FN:37,_RNvNtNtCsjkUEORhOIHz_4koan8builtins10struct_def4body
FN:254,_RNvNtNtCsjkUEORhOIHz_4koan8builtins10struct_def8register
FN:200,_RNCNvNtNtCs17lX60Qr81G_4koan8builtins10struct_def24defer_struct_via_combine0B7_
FN:92,_RNCNvNtNtCs17lX60Qr81G_4koan8builtins10struct_def4body0B7_
FN:250,_RNvNtNtCs17lX60Qr81G_4koan8builtins10struct_def11binder_name
FN:112,_RNvNtNtCs17lX60Qr81G_4koan8builtins10struct_def15finalize_struct
FN:178,_RNvNtNtCs17lX60Qr81G_4koan8builtins10struct_def24defer_struct_via_combine
FN:37,_RNvNtNtCs17lX60Qr81G_4koan8builtins10struct_def4body
FN:254,_RNvNtNtCs17lX60Qr81G_4koan8builtins10struct_def8register
FNDA:1,_RNCNvNtNtCsjkUEORhOIHz_4koan8builtins10struct_def24defer_struct_via_combine0B7_
FNDA:4,_RNCNvNtNtCsjkUEORhOIHz_4koan8builtins10struct_def4body0B7_
FNDA:8,_RNvNtNtCsjkUEORhOIHz_4koan8builtins10struct_def11binder_name
FNDA:4,_RNvNtNtCsjkUEORhOIHz_4koan8builtins10struct_def15finalize_struct
FNDA:1,_RNvNtNtCsjkUEORhOIHz_4koan8builtins10struct_def24defer_struct_via_combine
FNDA:4,_RNvNtNtCsjkUEORhOIHz_4koan8builtins10struct_def4body
FNDA:40,_RNvNtNtCsjkUEORhOIHz_4koan8builtins10struct_def8register
FNDA:5,_RNCNvNtNtCs17lX60Qr81G_4koan8builtins10struct_def24defer_struct_via_combine0B7_
FNDA:53,_RNCNvNtNtCs17lX60Qr81G_4koan8builtins10struct_def4body0B7_
FNDA:107,_RNvNtNtCs17lX60Qr81G_4koan8builtins10struct_def11binder_name
FNDA:50,_RNvNtNtCs17lX60Qr81G_4koan8builtins10struct_def15finalize_struct
FNDA:5,_RNvNtNtCs17lX60Qr81G_4koan8builtins10struct_def24defer_struct_via_combine
FNDA:53,_RNvNtNtCs17lX60Qr81G_4koan8builtins10struct_def4body
FNDA:466,_RNvNtNtCs17lX60Qr81G_4koan8builtins10struct_def8register
FNF:7
FNH:7
DA:37,57
DA:38,57
DA:39,57
DA:40,57
DA:41,57
DA:46,57
DA:47,57
DA:48,0
DA:50,57
DA:51,57
DA:53,0
DA:54,0
DA:55,0
DA:64,57
DA:65,57
DA:66,57
DA:67,57
DA:68,57
DA:69,57
DA:70,57
DA:71,57
DA:72,57
DA:78,57
DA:79,57
DA:80,57
DA:81,57
DA:82,57
DA:83,57
DA:84,57
DA:90,57
DA:91,57
DA:92,57
DA:93,57
DA:94,57
DA:95,47
DA:96,4
DA:97,6
DA:98,6
DA:99,6
DA:100,6
DA:101,6
DA:102,6
DA:103,6
DA:104,6
DA:105,6
DA:108,57
DA:112,54
DA:113,54
DA:114,54
DA:115,54
DA:116,54
DA:117,54
DA:129,54
DA:130,54
DA:131,9
DA:132,1
DA:133,8
DA:134,45
DA:135,53
DA:136,1
DA:137,1
DA:138,1
DA:139,52
DA:140,52
DA:147,52
DA:148,52
DA:149,52
DA:150,52
DA:151,52
DA:152,52
DA:153,52
DA:154,52
DA:155,52
DA:156,52
DA:157,52
DA:158,52
DA:159,52
DA:160,0
DA:162,54
DA:178,6
DA:179,6
DA:180,6
DA:181,6
DA:182,6
DA:183,6
DA:184,6
DA:185,6
DA:186,6
DA:187,6
DA:189,6
DA:192,6
DA:193,6
DA:194,6
DA:195,6
DA:196,1
DA:197,1
DA:198,1
DA:199,1
DA:200,6
DA:203,6
DA:206,6
DA:207,6
DA:208,1
DA:209,1
DA:210,0
DA:211,0
DA:212,0
DA:213,0
DA:214,0
DA:215,1
DA:216,1
DA:218,6
DA:225,6
DA:226,6
DA:227,6
DA:228,6
DA:229,6
DA:230,6
DA:231,6
DA:232,6
DA:234,0
DA:235,0
DA:236,0
DA:237,0
DA:238,0
DA:239,0
DA:240,0
DA:242,6
DA:243,6
DA:244,6
DA:245,6
DA:250,115
DA:251,115
DA:252,115
DA:254,506
DA:255,506
DA:256,506
DA:257,506
DA:258,506
DA:259,506
DA:260,506
DA:261,506
DA:262,506
DA:264,506
DA:265,506
DA:267,506
BRF:0
BRH:0
LF:148
LH:131
end_of_record
SF:/var/home/jack/Code/koan/src/builtins/struct_value.rs
FN:130,_RNvNtNtCsjkUEORhOIHz_4koan8builtins12struct_value14primitive_body
FN:50,_RNvNtNtCsjkUEORhOIHz_4koan8builtins12struct_value5apply
FN:177,_RNvNtNtCsjkUEORhOIHz_4koan8builtins12struct_value8register
FN:94,_RNvNtNtCsjkUEORhOIHz_4koan8builtins12struct_value9construct
FN:130,_RNvNtNtCs17lX60Qr81G_4koan8builtins12struct_value14primitive_body
FN:50,_RNvNtNtCs17lX60Qr81G_4koan8builtins12struct_value5apply
FN:177,_RNvNtNtCs17lX60Qr81G_4koan8builtins12struct_value8register
FN:94,_RNvNtNtCs17lX60Qr81G_4koan8builtins12struct_value9construct
FNDA:3,_RNvNtNtCsjkUEORhOIHz_4koan8builtins12struct_value14primitive_body
FNDA:3,_RNvNtNtCsjkUEORhOIHz_4koan8builtins12struct_value5apply
FNDA:40,_RNvNtNtCsjkUEORhOIHz_4koan8builtins12struct_value8register
FNDA:3,_RNvNtNtCsjkUEORhOIHz_4koan8builtins12struct_value9construct
FNDA:27,_RNvNtNtCs17lX60Qr81G_4koan8builtins12struct_value14primitive_body
FNDA:31,_RNvNtNtCs17lX60Qr81G_4koan8builtins12struct_value5apply
FNDA:466,_RNvNtNtCs17lX60Qr81G_4koan8builtins12struct_value8register
FNDA:27,_RNvNtNtCs17lX60Qr81G_4koan8builtins12struct_value9construct
FNF:4
FNH:4
DA:50,34
DA:51,34
DA:52,34
DA:53,34
DA:54,34
DA:55,34
DA:57,0
DA:58,0
DA:59,0
DA:60,0
DA:63,34
DA:64,34
DA:65,32
DA:66,2
DA:70,32
DA:71,59
DA:72,59
DA:73,58
DA:75,1
DA:79,31
DA:80,1
DA:81,1
DA:82,1
DA:83,30
DA:84,30
DA:85,30
DA:86,30
DA:88,30
DA:89,34
DA:94,30
DA:95,30
DA:96,30
DA:97,30
DA:98,30
DA:99,30
DA:100,30
DA:101,0
DA:102,0
DA:103,0
DA:104,0
DA:105,30
DA:108,30
DA:109,53
DA:110,53
DA:111,3
DA:112,3
DA:113,3
DA:114,3
DA:115,3
DA:116,50
DA:117,50
DA:121,27
DA:122,27
DA:123,27
DA:124,27
DA:125,27
DA:126,30
DA:130,30
DA:131,30
DA:132,30
DA:133,30
DA:134,30
DA:138,30
DA:139,30
DA:140,30
DA:142,0
DA:143,0
DA:144,0
DA:145,0
DA:146,0
DA:147,0
DA:150,0
DA:153,30
DA:154,30
DA:155,0
DA:156,0
DA:157,0
DA:158,0
DA:159,0
DA:160,0
DA:163,0
DA:166,30
DA:167,27
DA:168,3
DA:170,30
DA:177,506
DA:178,506
DA:179,506
DA:180,506
DA:181,506
DA:182,506
DA:183,506
DA:184,506
DA:185,506
DA:186,506
DA:187,506
DA:188,506
DA:190,506
BRF:0
BRH:0
LF:98
LH:76
end_of_record
SF:/var/home/jack/Code/koan/src/builtins/tagged_union.rs
FN:117,_RNvNtNtCsjkUEORhOIHz_4koan8builtins12tagged_union14primitive_body
FN:43,_RNvNtNtCsjkUEORhOIHz_4koan8builtins12tagged_union5apply
FN:169,_RNvNtNtCsjkUEORhOIHz_4koan8builtins12tagged_union8register
FN:77,_RNvNtNtCsjkUEORhOIHz_4koan8builtins12tagged_union9construct
FN:117,_RNvNtNtCs17lX60Qr81G_4koan8builtins12tagged_union14primitive_body
FN:43,_RNvNtNtCs17lX60Qr81G_4koan8builtins12tagged_union5apply
FN:169,_RNvNtNtCs17lX60Qr81G_4koan8builtins12tagged_union8register
FN:77,_RNvNtNtCs17lX60Qr81G_4koan8builtins12tagged_union9construct
FN:207,_RNvNtNtNtCs17lX60Qr81G_4koan8builtins12tagged_union5tests11build_scope
FN:233,_RNvNtNtNtCs17lX60Qr81G_4koan8builtins12tagged_union5tests11run_one_err
FN:217,_RNvNtNtNtCs17lX60Qr81G_4koan8builtins12tagged_union5tests3run
FN:226,_RNvNtNtNtCs17lX60Qr81G_4koan8builtins12tagged_union5tests7run_one
FN:211,_RNvNtNtNtCs17lX60Qr81G_4koan8builtins12tagged_union5tests9parse_one
FN:267,_RNvNtNtNtCs17lX60Qr81G_4koan8builtins12tagged_union5testss_29primitive_rejects_unknown_tag
FN:251,_RNvNtNtNtCs17lX60Qr81G_4koan8builtins12tagged_union5testss_33primitive_constructs_tagged_value
FN:280,_RNvNtNtNtCs17lX60Qr81G_4koan8builtins12tagged_union5testss_37primitive_rejects_value_of_wrong_type
FN:204,_RNvXNtNtNtCs17lX60Qr81G_4koan8builtins12tagged_union5testsNtB2_9SharedBufNtNtCsjrHSEGnQ3l9_3std2io5Write5flush
FN:200,_RNvXNtNtNtCs17lX60Qr81G_4koan8builtins12tagged_union5testsNtB2_9SharedBufNtNtCsjrHSEGnQ3l9_3std2io5Write5write
FNDA:0,_RNvNtNtCsjkUEORhOIHz_4koan8builtins12tagged_union14primitive_body
FNDA:0,_RNvNtNtCsjkUEORhOIHz_4koan8builtins12tagged_union5apply
FNDA:40,_RNvNtNtCsjkUEORhOIHz_4koan8builtins12tagged_union8register
FNDA:0,_RNvNtNtCsjkUEORhOIHz_4koan8builtins12tagged_union9construct
FNDA:69,_RNvNtNtCs17lX60Qr81G_4koan8builtins12tagged_union14primitive_body
FNDA:66,_RNvNtNtCs17lX60Qr81G_4koan8builtins12tagged_union5apply
FNDA:466,_RNvNtNtCs17lX60Qr81G_4koan8builtins12tagged_union8register
FNDA:69,_RNvNtNtCs17lX60Qr81G_4koan8builtins12tagged_union9construct
FNDA:3,_RNvNtNtNtCs17lX60Qr81G_4koan8builtins12tagged_union5tests11build_scope
FNDA:2,_RNvNtNtNtCs17lX60Qr81G_4koan8builtins12tagged_union5tests11run_one_err
FNDA:3,_RNvNtNtNtCs17lX60Qr81G_4koan8builtins12tagged_union5tests3run
FNDA:1,_RNvNtNtNtCs17lX60Qr81G_4koan8builtins12tagged_union5tests7run_one
FNDA:3,_RNvNtNtNtCs17lX60Qr81G_4koan8builtins12tagged_union5tests9parse_one
FNDA:1,_RNvNtNtNtCs17lX60Qr81G_4koan8builtins12tagged_union5testss_29primitive_rejects_unknown_tag
FNDA:1,_RNvNtNtNtCs17lX60Qr81G_4koan8builtins12tagged_union5testss_33primitive_constructs_tagged_value
FNDA:1,_RNvNtNtNtCs17lX60Qr81G_4koan8builtins12tagged_union5testss_37primitive_rejects_value_of_wrong_type
FNDA:0,_RNvXNtNtNtCs17lX60Qr81G_4koan8builtins12tagged_union5testsNtB2_9SharedBufNtNtCsjrHSEGnQ3l9_3std2io5Write5flush
FNDA:0,_RNvXNtNtNtCs17lX60Qr81G_4koan8builtins12tagged_union5testsNtB2_9SharedBufNtNtCsjrHSEGnQ3l9_3std2io5Write5write
FNF:14
FNH:12
DA:43,66
DA:44,66
DA:45,66
DA:46,66
DA:47,66
DA:48,66
DA:51,66
DA:52,0
DA:53,0
DA:54,0
DA:55,0
DA:56,66
DA:57,66
DA:58,66
DA:59,66
DA:60,66
DA:61,0
DA:62,0
DA:63,0
DA:64,0
DA:65,66
DA:66,66
DA:67,66
DA:68,66
DA:69,66
DA:71,66
DA:72,66
DA:77,69
DA:78,69
DA:79,69
DA:80,69
DA:81,69
DA:82,69
DA:83,69
DA:84,69
DA:85,66
DA:87,3
DA:88,3
DA:89,3
DA:90,3
DA:91,3
DA:94,66
DA:95,1
DA:96,1
DA:97,1
DA:98,1
DA:99,1
DA:100,65
DA:103,65
DA:104,65
DA:105,65
DA:106,65
DA:107,65
DA:108,65
DA:109,65
DA:110,65
DA:111,65
DA:112,69
DA:117,69
DA:118,69
DA:119,69
DA:120,69
DA:121,69
DA:124,69
DA:125,69
DA:126,69
DA:128,0
DA:129,0
DA:130,0
DA:131,0
DA:132,0
DA:133,0
DA:136,0
DA:143,69
DA:144,69
DA:145,0
DA:146,0
DA:147,0
DA:148,0
DA:149,0
DA:150,0
DA:152,0
DA:154,69
DA:155,69
DA:157,0
DA:160,69
DA:161,65
DA:162,4
DA:164,69
DA:169,506
DA:170,506
DA:171,506
DA:172,506
DA:173,506
DA:174,506
DA:175,506
DA:176,506
DA:177,506
DA:178,506
DA:179,506
DA:180,506
DA:181,506
DA:183,506
DA:200,0
DA:201,0
DA:202,0
DA:203,0
DA:204,0
DA:207,3
DA:208,3
DA:209,3
DA:211,3
DA:212,3
DA:213,3
DA:214,3
DA:215,3
DA:217,3
DA:218,3
DA:219,3
DA:220,6
DA:221,6
DA:222,6
DA:223,3
DA:224,3
DA:226,1
DA:227,1
DA:228,1
DA:229,1
DA:230,1
DA:231,1
DA:233,2
DA:234,2
DA:235,2
DA:236,2
DA:237,2
DA:238,2
DA:239,2
DA:240,2
DA:241,0
DA:242,2
DA:244,2
DA:251,1
DA:252,1
DA:253,1
DA:254,1
DA:255,1
DA:256,1
DA:257,1
DA:258,1
DA:259,1
DA:260,1
DA:262,0
DA:264,1
DA:267,1
DA:268,1
DA:269,1
DA:270,1
DA:271,1
DA:272,1
DA:273,1
DA:274,1
DA:277,1
DA:280,1
DA:281,1
DA:282,1
DA:283,1
DA:284,1
DA:285,1
DA:286,1
DA:287,1
DA:288,1
DA:289,1
DA:290,1
DA:292,0
DA:294,1
BRF:0
BRH:0
LF:175
LH:144
end_of_record
SF:/var/home/jack/Code/koan/src/builtins/test_support.rs
FN:78,_RNvNtNtCs17lX60Qr81G_4koan8builtins12test_support11run_one_err
FN:150,_RNvNtNtCs17lX60Qr81G_4koan8builtins12test_support12one_slot_sig
FN:50,_RNvNtNtCs17lX60Qr81G_4koan8builtins12test_support13run_root_bare
FN:44,_RNvNtNtCs17lX60Qr81G_4koan8builtins12test_support15run_root_silent
FN:130,_RNvNtNtCs17lX60Qr81G_4koan8builtins12test_support16fn_is_registered
FN:36,_RNvNtNtCs17lX60Qr81G_4koan8builtins12test_support17run_root_with_buf
FN:95,_RNvNtNtCs17lX60Qr81G_4koan8builtins12test_support3run
FN:144,_RNvNtNtCs17lX60Qr81G_4koan8builtins12test_support6marker
FN:69,_RNvNtNtCs17lX60Qr81G_4koan8builtins12test_support7run_one
FN:109,_RNvNtNtCs17lX60Qr81G_4koan8builtins12test_support9lookup_fn
FN:56,_RNvNtNtCs17lX60Qr81G_4koan8builtins12test_support9parse_one
FN:31,_RNvXNtNtCs17lX60Qr81G_4koan8builtins12test_supportNtB2_9SharedBufNtNtCsjrHSEGnQ3l9_3std2io5Write5flush
FN:27,_RNvXNtNtCs17lX60Qr81G_4koan8builtins12test_supportNtB2_9SharedBufNtNtCsjrHSEGnQ3l9_3std2io5Write5write
FN:133,_RNCNCNCNvNtNtCs17lX60Qr81G_4koan8builtins12test_support16fn_is_registered000Bb_
FN:132,_RNCNCNvNtNtCs17lX60Qr81G_4koan8builtins12test_support16fn_is_registered00B9_
FN:131,_RNCNvNtNtCs17lX60Qr81G_4koan8builtins12test_support16fn_is_registered0B7_
FN:113,_RNCNvNtNtCs17lX60Qr81G_4koan8builtins12test_support9lookup_fn0B7_
FN:123,_RNCNvNtNtCs17lX60Qr81G_4koan8builtins12test_support9lookup_fns_0B7_
FNDA:46,_RNvNtNtCs17lX60Qr81G_4koan8builtins12test_support11run_one_err
FNDA:7,_RNvNtNtCs17lX60Qr81G_4koan8builtins12test_support12one_slot_sig
FNDA:73,_RNvNtNtCs17lX60Qr81G_4koan8builtins12test_support13run_root_bare
FNDA:229,_RNvNtNtCs17lX60Qr81G_4koan8builtins12test_support15run_root_silent
FNDA:8,_RNvNtNtCs17lX60Qr81G_4koan8builtins12test_support16fn_is_registered
FNDA:69,_RNvNtNtCs17lX60Qr81G_4koan8builtins12test_support17run_root_with_buf
FNDA:281,_RNvNtNtCs17lX60Qr81G_4koan8builtins12test_support3run
FNDA:2,_RNvNtNtCs17lX60Qr81G_4koan8builtins12test_support6marker
FNDA:228,_RNvNtNtCs17lX60Qr81G_4koan8builtins12test_support7run_one
FNDA:19,_RNvNtNtCs17lX60Qr81G_4koan8builtins12test_support9lookup_fn
FNDA:354,_RNvNtNtCs17lX60Qr81G_4koan8builtins12test_support9parse_one
FNDA:0,_RNvXNtNtCs17lX60Qr81G_4koan8builtins12test_supportNtB2_9SharedBufNtNtCsjrHSEGnQ3l9_3std2io5Write5flush
FNDA:110,_RNvXNtNtCs17lX60Qr81G_4koan8builtins12test_supportNtB2_9SharedBufNtNtCsjrHSEGnQ3l9_3std2io5Write5write
FNDA:357,_RNCNCNCNvNtNtCs17lX60Qr81G_4koan8builtins12test_support16fn_is_registered000Bb_
FNDA:314,_RNCNCNvNtNtCs17lX60Qr81G_4koan8builtins12test_support16fn_is_registered00B9_
FNDA:230,_RNCNvNtNtCs17lX60Qr81G_4koan8builtins12test_support16fn_is_registered0B7_
FNDA:969,_RNCNvNtNtCs17lX60Qr81G_4koan8builtins12test_support9lookup_fn0B7_
FNDA:0,_RNCNvNtNtCs17lX60Qr81G_4koan8builtins12test_support9lookup_fns_0B7_
FNF:18
FNH:16
DA:27,110
DA:28,110
DA:29,110
DA:30,110
DA:31,0
DA:32,0
DA:33,0
DA:36,69
DA:37,69
DA:38,69
DA:39,69
DA:40,69
DA:41,69
DA:42,69
DA:44,229
DA:45,229
DA:46,229
DA:50,73
DA:51,73
DA:52,73
DA:56,354
DA:57,354
DA:58,354
DA:59,354
DA:60,354
DA:69,228
DA:70,228
DA:71,228
DA:72,228
DA:73,228
DA:74,228
DA:78,46
DA:79,46
DA:80,46
DA:81,46
DA:82,46
DA:83,0
DA:84,46
DA:86,46
DA:95,281
DA:96,281
DA:97,281
DA:98,486
DA:99,486
DA:100,486
DA:101,281
DA:102,281
DA:109,19
DA:110,19
DA:111,627
DA:112,855
DA:113,969
DA:114,741
DA:115,228
DA:116,969
DA:117,855
DA:118,19
DA:119,19
DA:120,836
DA:123,19
DA:124,19
DA:130,8
DA:131,230
DA:132,314
DA:133,357
DA:134,272
DA:135,85
DA:136,357
DA:137,314
DA:138,230
DA:139,8
DA:144,2
DA:145,2
DA:146,2
DA:150,7
DA:151,7
DA:152,7
DA:153,7
DA:154,7
DA:155,7
DA:156,7
DA:157,7
DA:158,7
BRF:0
BRH:0
LF:89
LH:84
end_of_record
SF:/var/home/jack/Code/koan/src/builtins/try_with.rs
FN:153,_RNCNvNtNtCsjkUEORhOIHz_4koan8builtins8try_with15dispatch_branch0B7_
FN:64,_RNCNvNtNtCsjkUEORhOIHz_4koan8builtins8try_with4body0B7_
FN:76,_RNvNtNtCsjkUEORhOIHz_4koan8builtins8try_with15dispatch_branch
FN:33,_RNvNtNtCsjkUEORhOIHz_4koan8builtins8try_with4body
FN:164,_RNvNtNtCsjkUEORhOIHz_4koan8builtins8try_with8register
FN:76,_RNvNtNtCs17lX60Qr81G_4koan8builtins8try_with15dispatch_branch
FN:33,_RNvNtNtCs17lX60Qr81G_4koan8builtins8try_with4body
FN:164,_RNvNtNtCs17lX60Qr81G_4koan8builtins8try_with8register
FN:153,_RNCNvNtNtCs17lX60Qr81G_4koan8builtins8try_with15dispatch_branch0B7_
FN:64,_RNCNvNtNtCs17lX60Qr81G_4koan8builtins8try_with4body0B7_
[...]
FN:391,_RNvNtNtNtCs17lX60Qr81G_4koan5parse6tokens5testss_34keyword_two_uppercase_no_lowercase
FN:399,_RNvNtNtNtCs17lX60Qr81G_4koan5parse6tokens5testss_35type_uppercase_first_with_lowercase
FN:407,_RNvNtNtNtCs17lX60Qr81G_4koan5parse6tokens5testss_38single_uppercase_letter_is_parse_error
FN:433,_RNvNtNtNtCs17lX60Qr81G_4koan5parse6tokens5testss_47ascription_compound_tokens_classify_as_keywords
FN:415,_RNvNtNtNtCs17lX60Qr81G_4koan5parse6tokens5testss_49uppercase_with_digits_no_lowercase_is_parse_error
FN:309,_RNvNtNtNtCs17lX60Qr81G_4koan5parse6tokens5testss_8negation
FN:142,_RNCNvNtNtCs17lX60Qr81G_4koan5parse6tokens12is_type_name0B7_
FN:95,_RNCNvNtNtCs17lX60Qr81G_4koan5parse6tokens13classify_atom0B7_
FN:120,_RNCNvNtNtCs17lX60Qr81G_4koan5parse6tokens13classify_atoms0_0B7_
FN:110,_RNCNvNtNtCs17lX60Qr81G_4koan5parse6tokens13classify_atoms_0B7_
FN:28,_RNCNvNtNtCs17lX60Qr81G_4koan5parse6tokens5FLOAT0B7_
FN:228,_RNCNvNtNtCs17lX60Qr81G_4koan5parse6tokens9read_atoms_0B7_
FN:57,_RNvNtNtCs17lX60Qr81G_4koan5parse6tokens11try_literal
FN:136,_RNvNtNtCs17lX60Qr81G_4koan5parse6tokens12is_type_name
FN:185,_RNvNtNtCs17lX60Qr81G_4koan5parse6tokens12trigger_span
FN:87,_RNvNtNtCs17lX60Qr81G_4koan5parse6tokens13classify_atom
FN:38,_RNvNtNtCs17lX60Qr81G_4koan5parse6tokens14classify_token
FN:151,_RNvNtNtCs17lX60Qr81G_4koan5parse6tokens14parse_compound
FN:193,_RNvNtNtCs17lX60Qr81G_4koan5parse6tokens9read_atom
FN:270,_RNCNvNtNtNtCs17lX60Qr81G_4koan5parse6tokens5tests8classify0B9_
FN:271,_RNCNvNtNtNtCs17lX60Qr81G_4koan5parse6tokens5tests8classifys_0B9_
FN:242,_RNCNvNtNtNtCs17lX60Qr81G_4koan5parse6tokens5tests8describe0B9_
FN:261,_RNCNvNtNtNtCs17lX60Qr81G_4koan5parse6tokens5tests8describes0_0B9_
FN:246,_RNCNvNtNtNtCs17lX60Qr81G_4koan5parse6tokens5tests8describes_0B9_
FNDA:160,_RNCNvNtNtCsjkUEORhOIHz_4koan5parse6tokens12is_type_name0B7_
FNDA:873,_RNCNvNtNtCsjkUEORhOIHz_4koan5parse6tokens13classify_atom0B7_
FNDA:309,_RNCNvNtNtCsjkUEORhOIHz_4koan5parse6tokens13classify_atoms0_0B7_
FNDA:118,_RNCNvNtNtCsjkUEORhOIHz_4koan5parse6tokens13classify_atoms_0B7_
FNDA:6,_RNCNvNtNtCsjkUEORhOIHz_4koan5parse6tokens5FLOAT0B7_
FNDA:606,_RNCNvNtNtCsjkUEORhOIHz_4koan5parse6tokens9read_atoms_0B7_
FNDA:1237,_RNvNtNtCsjkUEORhOIHz_4koan5parse6tokens11try_literal
FNDA:278,_RNvNtNtCsjkUEORhOIHz_4koan5parse6tokens12is_type_name
FNDA:9,_RNvNtNtCsjkUEORhOIHz_4koan5parse6tokens12trigger_span
FNDA:606,_RNvNtNtCsjkUEORhOIHz_4koan5parse6tokens13classify_atom
FNDA:631,_RNvNtNtCsjkUEORhOIHz_4koan5parse6tokens14classify_token
FNDA:597,_RNvNtNtCsjkUEORhOIHz_4koan5parse6tokens14parse_compound
FNDA:606,_RNvNtNtCsjkUEORhOIHz_4koan5parse6tokens9read_atom
FNDA:35,_RNvNtNtNtCs17lX60Qr81G_4koan5parse6tokens5tests8classify
FNDA:65,_RNvNtNtNtCs17lX60Qr81G_4koan5parse6tokens5tests8describe
FNDA:1,_RNvNtNtNtCs17lX60Qr81G_4koan5parse6tokens5testss_10plain_null
FNDA:1,_RNvNtNtNtCs17lX60Qr81G_4koan5parse6tokens5testss_10suffix_try
FNDA:1,_RNvNtNtNtCs17lX60Qr81G_4koan5parse6tokens5testss_11attr_access
FNDA:1,_RNvNtNtNtCs17lX60Qr81G_4koan5parse6tokens5testss_12plain_number
FNDA:1,_RNvNtNtNtCs17lX60Qr81G_4koan5parse6tokens5testss_13plain_boolean
FNDA:1,_RNvNtNtNtCs17lX60Qr81G_4koan5parse6tokens5testss_14chained_suffix
FNDA:1,_RNvNtNtNtCs17lX60Qr81G_4koan5parse6tokens5testss_15double_negation
FNDA:1,_RNvNtNtNtCs17lX60Qr81G_4koan5parse6tokens5testss_16bare_bang_errors
FNDA:1,_RNvNtNtNtCs17lX60Qr81G_4koan5parse6tokens5testss_16plain_identifier
FNDA:1,_RNvNtNtNtCs17lX60Qr81G_4koan5parse6tokens5testss_17suffix_after_attr
FNDA:1,_RNvNtNtNtCs17lX60Qr81G_4koan5parse6tokens5testss_18leading_dot_errors
FNDA:1,_RNvNtNtNtCs17lX60Qr81G_4koan5parse6tokens5testss_18negation_over_attr
FNDA:1,_RNvNtNtNtCs17lX60Qr81G_4koan5parse6tokens5testss_19chained_attr_access
FNDA:1,_RNvNtNtNtCs17lX60Qr81G_4koan5parse6tokens5testss_19dangling_dot_errors
FNDA:1,_RNvNtNtNtCs17lX60Qr81G_4koan5parse6tokens5testss_20negation_over_suffix
FNDA:1,_RNvNtNtNtCs17lX60Qr81G_4koan5parse6tokens5testss_21leading_suffix_errors
FNDA:1,_RNvNtNtNtCs17lX60Qr81G_4koan5parse6tokens5testss_25decimal_number_is_literal
FNDA:1,_RNvNtNtNtCs17lX60Qr81G_4koan5parse6tokens5testss_28pure_symbol_token_is_keyword
FNDA:1,_RNvNtNtNtCs17lX60Qr81G_4koan5parse6tokens5testss_28scientific_number_is_literal
FNDA:1,_RNvNtNtNtCs17lX60Qr81G_4koan5parse6tokens5testss_30attr_wins_when_rhs_not_numeric
FNDA:1,_RNvNtNtNtCs17lX60Qr81G_4koan5parse6tokens5testss_31lowercase_leading_is_identifier
FNDA:1,_RNvNtNtNtCs17lX60Qr81G_4koan5parse6tokens5testss_34keyword_two_uppercase_no_lowercase
FNDA:1,_RNvNtNtNtCs17lX60Qr81G_4koan5parse6tokens5testss_35type_uppercase_first_with_lowercase
FNDA:1,_RNvNtNtNtCs17lX60Qr81G_4koan5parse6tokens5testss_38single_uppercase_letter_is_parse_error
FNDA:1,_RNvNtNtNtCs17lX60Qr81G_4koan5parse6tokens5testss_47ascription_compound_tokens_classify_as_keywords
FNDA:1,_RNvNtNtNtCs17lX60Qr81G_4koan5parse6tokens5testss_49uppercase_with_digits_no_lowercase_is_parse_error
FNDA:1,_RNvNtNtNtCs17lX60Qr81G_4koan5parse6tokens5testss_8negation
FNDA:1438,_RNCNvNtNtCs17lX60Qr81G_4koan5parse6tokens12is_type_name0B7_
FNDA:7832,_RNCNvNtNtCs17lX60Qr81G_4koan5parse6tokens13classify_atom0B7_
FNDA:3674,_RNCNvNtNtCs17lX60Qr81G_4koan5parse6tokens13classify_atoms0_0B7_
FNDA:1351,_RNCNvNtNtCs17lX60Qr81G_4koan5parse6tokens13classify_atoms_0B7_
FNDA:1,_RNCNvNtNtCs17lX60Qr81G_4koan5parse6tokens5FLOAT0B7_
FNDA:5805,_RNCNvNtNtCs17lX60Qr81G_4koan5parse6tokens9read_atoms_0B7_
FNDA:12176,_RNvNtNtCs17lX60Qr81G_4koan5parse6tokens11try_literal
FNDA:2784,_RNvNtNtCs17lX60Qr81G_4koan5parse6tokens12is_type_name
FNDA:57,_RNvNtNtCs17lX60Qr81G_4koan5parse6tokens12trigger_span
FNDA:5812,_RNvNtNtCs17lX60Qr81G_4koan5parse6tokens13classify_atom
FNDA:6364,_RNvNtNtCs17lX60Qr81G_4koan5parse6tokens14classify_token
FNDA:5771,_RNvNtNtCs17lX60Qr81G_4koan5parse6tokens14parse_compound
FNDA:5816,_RNvNtNtCs17lX60Qr81G_4koan5parse6tokens9read_atom
FNDA:27,_RNCNvNtNtNtCs17lX60Qr81G_4koan5parse6tokens5tests8classify0B9_
FNDA:8,_RNCNvNtNtNtCs17lX60Qr81G_4koan5parse6tokens5tests8classifys_0B9_
FNDA:38,_RNCNvNtNtNtCs17lX60Qr81G_4koan5parse6tokens5tests8describe0B9_
FNDA:0,_RNCNvNtNtNtCs17lX60Qr81G_4koan5parse6tokens5tests8describes0_0B9_
FNDA:0,_RNCNvNtNtNtCs17lX60Qr81G_4koan5parse6tokens5tests8describes_0B9_
FNF:47
FNH:45
DA:28,7
DA:29,7
DA:30,7
DA:38,6995
DA:39,6995
DA:40,6995
DA:41,627
DA:42,6368
DA:43,6368
DA:44,6368
DA:45,6357
DA:46,0
DA:47,0
DA:48,0
DA:49,0
DA:50,6357
DA:51,6357
DA:52,6995
DA:57,13413
DA:58,13413
DA:59,13413
DA:60,13359
DA:61,13342
DA:62,13331
DA:64,13331
DA:65,546
DA:66,546
DA:67,0
DA:68,12785
DA:69,12785
DA:70,13413
DA:87,6418
DA:88,6418
DA:89,1
DA:90,6417
DA:91,6417
DA:92,3355
DA:93,3062
DA:94,3062
DA:95,8705
DA:96,1
DA:97,1
DA:98,1
DA:99,1
DA:100,1
DA:101,1
DA:102,1
DA:103,1592
DA:104,1592
DA:105,1469
DA:110,1469
DA:111,4
DA:112,4
DA:113,4
DA:114,4
DA:115,4
DA:116,4
DA:117,4
DA:118,4
DA:119,1465
DA:120,3983
DA:121,2
DA:122,2
DA:123,2
DA:124,2
DA:125,2
DA:126,2
DA:127,2
DA:128,1463
DA:129,1463
DA:130,6418
DA:136,3062
DA:137,3062
DA:138,3062
DA:139,3062
DA:140,1465
DA:141,1597
DA:142,1598
DA:143,3062
DA:151,6368
DA:152,6368
DA:153,6368
DA:154,6368
DA:155,6368
DA:156,6368
DA:157,6375
DA:158,6374
DA:159,7
DA:160,7
DA:161,7
DA:164,6368
DA:166,6416
DA:167,59
DA:168,59
DA:169,59
DA:170,59
DA:171,54
DA:172,54
DA:173,53
DA:175,5
DA:179,6357
DA:180,6
DA:181,6
DA:182,6357
DA:183,6368
DA:185,66
DA:186,66
DA:187,66
DA:188,66
DA:193,6422
DA:194,6422
DA:195,6422
DA:196,6422
DA:197,6422
DA:198,6422
DA:199,6420
DA:201,2
DA:202,2
DA:203,2
DA:204,2
DA:207,6420
DA:208,6420
DA:209,29135
DA:210,22775
DA:211,60
DA:212,22715
DA:213,22715
DA:214,22715
DA:215,22715
DA:217,6420
DA:218,2
DA:219,2
DA:220,2
DA:221,2
DA:222,2
DA:223,6418
DA:224,6418
DA:225,6418
DA:226,6418
DA:227,6418
DA:228,6418
DA:229,6422
DA:236,65
DA:237,7
DA:238,21
DA:239,18
DA:240,3
DA:241,16
DA:242,38
DA:243,16
DA:245,0
DA:246,0
DA:247,0
DA:249,0
DA:250,5
DA:251,1
DA:252,1
DA:253,0
DA:254,0
DA:255,0
DA:256,0
DA:258,0
DA:259,0
DA:260,0
DA:261,0
DA:262,0
DA:263,0
DA:266,65
DA:268,35
DA:269,35
DA:270,35
DA:271,35
DA:272,35
DA:275,1
DA:276,1
DA:277,1
DA:280,1
DA:281,1
DA:282,1
DA:285,1
DA:286,1
DA:287,1
DA:290,1
DA:291,1
DA:292,1
DA:295,1
DA:296,1
DA:297,1
DA:300,1
DA:301,1
DA:302,1
DA:305,1
DA:309,1
DA:310,1
DA:311,1
DA:314,1
DA:315,1
DA:316,1
DA:319,1
DA:322,1
DA:323,1
DA:324,1
DA:327,1
DA:330,1
DA:331,1
DA:332,1
DA:335,1
DA:336,1
DA:337,1
DA:338,1
DA:341,1
DA:342,1
DA:343,1
DA:346,1
DA:347,1
DA:348,1
DA:351,1
DA:352,1
DA:353,1
DA:356,1
DA:357,1
DA:358,1
DA:361,1
DA:362,1
DA:363,1
DA:366,1
DA:367,1
DA:368,1
DA:371,1
DA:372,1
DA:373,1
DA:376,1
DA:379,1
DA:380,1
DA:381,1
DA:384,1
DA:385,1
DA:386,1
DA:391,1
DA:393,1
DA:394,1
DA:395,1
DA:396,1
DA:399,1
DA:401,1
DA:402,1
DA:403,1
DA:404,1
DA:407,1
DA:409,1
DA:410,1
DA:411,1
DA:412,1
DA:415,1
DA:419,1
DA:420,1
DA:423,1
DA:428,1
DA:429,1
DA:430,1
DA:433,1
DA:435,1
DA:436,1
DA:437,1
DA:440,1
DA:441,1
DA:442,1
DA:443,1
BRF:0
BRH:0
LF:278
LH:257
end_of_record
SF:/var/home/jack/Code/koan/src/parse/triple_list.rs
FN:72,_RINvNtNtCsjkUEORhOIHz_4koan5parse11triple_list15parse_pair_listNtNtNtNtNtB6_7machine5model5types5ktype5KTypeNCNvNtB13_16typed_field_list37parse_typed_field_list_via_elaborator0EB6_
FN:22,_RINvNtNtCsjkUEORhOIHz_4koan5parse11triple_list25parse_keyword_triple_listNtNtNtNtB6_7machine5model3ast14ExpressionPartNCNvNtNtB1d_6values11named_pairs23parse_named_value_pairss_0EB6_
FN:96,_RNCINvNtNtCsjkUEORhOIHz_4koan5parse11triple_list15parse_pair_listNtNtNtNtNtB8_7machine5model5types5ktype5KTypeNCNvNtB15_16typed_field_list37parse_typed_field_list_via_elaborator0E0B8_
FN:56,_RNCINvNtNtCsjkUEORhOIHz_4koan5parse11triple_list25parse_keyword_triple_listNtNtNtNtB8_7machine5model3ast14ExpressionPartNCNvNtNtB1f_6values11named_pairs23parse_named_value_pairss_0E0B8_
FN:72,_RINvNtNtCs17lX60Qr81G_4koan5parse11triple_list15parse_pair_listNtNtNtNtNtB6_7machine5model5types5ktype5KTypeNCNvNtB13_16typed_field_list37parse_typed_field_list_via_elaborator0EB6_
FN:22,_RINvNtNtCs17lX60Qr81G_4koan5parse11triple_list25parse_keyword_triple_listNtNtNtNtB6_7machine5model3ast14ExpressionPartNCNvNtNtB1d_6values11named_pairs23parse_named_value_pairss_0EB6_
FN:96,_RNCINvNtNtCs17lX60Qr81G_4koan5parse11triple_list15parse_pair_listNtNtNtNtNtB8_7machine5model5types5ktype5KTypeNCNvNtB15_16typed_field_list37parse_typed_field_list_via_elaborator0E0B8_
FN:56,_RNCINvNtNtCs17lX60Qr81G_4koan5parse11triple_list25parse_keyword_triple_listNtNtNtNtB8_7machine5model3ast14ExpressionPartNCNvNtNtB1f_6values11named_pairs23parse_named_value_pairss_0E0B8_
FNDA:7,_RINvNtNtCsjkUEORhOIHz_4koan5parse11triple_list15parse_pair_listNtNtNtNtNtB6_7machine5model5types5ktype5KTypeNCNvNtB13_16typed_field_list37parse_typed_field_list_via_elaborator0EB6_
FNDA:3,_RINvNtNtCsjkUEORhOIHz_4koan5parse11triple_list25parse_keyword_triple_listNtNtNtNtB6_7machine5model3ast14ExpressionPartNCNvNtNtB1d_6values11named_pairs23parse_named_value_pairss_0EB6_
FNDA:4,_RNCINvNtNtCsjkUEORhOIHz_4koan5parse11triple_list15parse_pair_listNtNtNtNtNtB8_7machine5model5types5ktype5KTypeNCNvNtB15_16typed_field_list37parse_typed_field_list_via_elaborator0E0B8_
FNDA:2,_RNCINvNtNtCsjkUEORhOIHz_4koan5parse11triple_list25parse_keyword_triple_listNtNtNtNtB8_7machine5model3ast14ExpressionPartNCNvNtNtB1f_6values11named_pairs23parse_named_value_pairss_0E0B8_
FNDA:91,_RINvNtNtCs17lX60Qr81G_4koan5parse11triple_list15parse_pair_listNtNtNtNtNtB6_7machine5model5types5ktype5KTypeNCNvNtB13_16typed_field_list37parse_typed_field_list_via_elaborator0EB6_
FNDA:51,_RINvNtNtCs17lX60Qr81G_4koan5parse11triple_list25parse_keyword_triple_listNtNtNtNtB6_7machine5model3ast14ExpressionPartNCNvNtNtB1d_6values11named_pairs23parse_named_value_pairss_0EB6_
FNDA:62,_RNCINvNtNtCs17lX60Qr81G_4koan5parse11triple_list15parse_pair_listNtNtNtNtNtB8_7machine5model5types5ktype5KTypeNCNvNtB15_16typed_field_list37parse_typed_field_list_via_elaborator0E0B8_
FNDA:39,_RNCINvNtNtCs17lX60Qr81G_4koan5parse11triple_list25parse_keyword_triple_listNtNtNtNtB8_7machine5model3ast14ExpressionPartNCNvNtNtB1f_6values11named_pairs23parse_named_value_pairss_0E0B8_
FNF:4
FNH:4
DA:22,54
DA:23,54
DA:24,54
DA:25,54
DA:26,54
DA:27,54
DA:28,54
DA:29,54
DA:30,3
DA:31,3
DA:32,3
DA:33,3
DA:34,51
DA:35,51
DA:36,51
DA:37,133
DA:38,87
DA:39,86
DA:40,1
DA:41,1
DA:42,1
DA:43,1
DA:44,1
DA:47,86
DA:48,85
DA:49,1
DA:50,1
DA:51,1
DA:52,1
DA:53,1
DA:56,85
DA:57,3
DA:58,82
DA:59,82
DA:60,82
DA:61,82
DA:63,46
DA:64,54
DA:72,98
DA:73,98
DA:74,98
DA:75,98
DA:76,98
DA:77,98
DA:78,98
DA:79,2
DA:80,2
DA:81,2
DA:82,2
DA:83,96
DA:84,96
DA:85,96
DA:86,250
DA:87,159
DA:88,159
DA:89,0
DA:90,0
DA:91,0
DA:92,0
DA:93,0
DA:96,159
DA:97,2
DA:98,157
DA:99,157
DA:100,154
DA:101,154
DA:103,91
DA:104,98
BRF:0
BRH:0
LF:70
LH:65
end_of_record
SF:/var/home/jack/Code/koan/src/parse/whitespace.rs
FN:74,_RNCNvNtNtCsjkUEORhOIHz_4koan5parse10whitespace12collapse_str0B7_
FN:167,_RNCNvNtNtCsjkUEORhOIHz_4koan5parse10whitespace12collapse_strs0_0B7_
FN:75,_RNCNvNtNtCsjkUEORhOIHz_4koan5parse10whitespace12collapse_strs_0B7_
FN:295,_RNCNvNtNtCsjkUEORhOIHz_4koan5parse10whitespace16line_delim_delta0B7_
FN:296,_RNCNvNtNtCsjkUEORhOIHz_4koan5parse10whitespace16line_delim_deltas_0B7_
FN:304,_RNCNvNtNtCsjkUEORhOIHz_4koan5parse10whitespace16line_paren_delta0B7_
FN:305,_RNCNvNtNtCsjkUEORhOIHz_4koan5parse10whitespace16line_paren_deltas_0B7_
FN:52,_RNCNvNtNtCsjkUEORhOIHz_4koan5parse10whitespace19collapse_whitespace0B7_
FN:267,_RNCNvNtNtCsjkUEORhOIHz_4koan5parse10whitespace19walk_content_cursor0B7_
FN:268,_RNCNvNtNtCsjkUEORhOIHz_4koan5parse10whitespace19walk_content_cursors_0B7_
FN:56,_RNvNtNtCsjkUEORhOIHz_4koan5parse10whitespace12collapse_str
FN:313,_RNvNtNtCsjkUEORhOIHz_4koan5parse10whitespace13adjust_parens
FN:294,_RNvNtNtCsjkUEORhOIHz_4koan5parse10whitespace16line_delim_delta
FN:303,_RNvNtNtCsjkUEORhOIHz_4koan5parse10whitespace16line_paren_delta
FN:50,_RNvNtNtCsjkUEORhOIHz_4koan5parse10whitespace19collapse_whitespace
FN:248,_RNvNtNtCsjkUEORhOIHz_4koan5parse10whitespace19walk_content_cursor
FN:238,_RNvNtNtCsjkUEORhOIHz_4koan5parse10whitespace9emit_jump
FN:74,_RNCNvNtNtCs17lX60Qr81G_4koan5parse10whitespace12collapse_str0B7_
FN:167,_RNCNvNtNtCs17lX60Qr81G_4koan5parse10whitespace12collapse_strs0_0B7_
FN:75,_RNCNvNtNtCs17lX60Qr81G_4koan5parse10whitespace12collapse_strs_0B7_
FN:295,_RNCNvNtNtCs17lX60Qr81G_4koan5parse10whitespace16line_delim_delta0B7_
FN:296,_RNCNvNtNtCs17lX60Qr81G_4koan5parse10whitespace16line_delim_deltas_0B7_
FN:304,_RNCNvNtNtCs17lX60Qr81G_4koan5parse10whitespace16line_paren_delta0B7_
FN:305,_RNCNvNtNtCs17lX60Qr81G_4koan5parse10whitespace16line_paren_deltas_0B7_
FN:52,_RNCNvNtNtCs17lX60Qr81G_4koan5parse10whitespace19collapse_whitespace0B7_
FN:267,_RNCNvNtNtCs17lX60Qr81G_4koan5parse10whitespace19walk_content_cursor0B7_
FN:268,_RNCNvNtNtCs17lX60Qr81G_4koan5parse10whitespace19walk_content_cursors_0B7_
FN:56,_RNvNtNtCs17lX60Qr81G_4koan5parse10whitespace12collapse_str
FN:313,_RNvNtNtCs17lX60Qr81G_4koan5parse10whitespace13adjust_parens
FN:294,_RNvNtNtCs17lX60Qr81G_4koan5parse10whitespace16line_delim_delta
FN:303,_RNvNtNtCs17lX60Qr81G_4koan5parse10whitespace16line_paren_delta
FN:50,_RNvNtNtCs17lX60Qr81G_4koan5parse10whitespace19collapse_whitespace
FN:248,_RNvNtNtCs17lX60Qr81G_4koan5parse10whitespace19walk_content_cursor
FN:238,_RNvNtNtCs17lX60Qr81G_4koan5parse10whitespace9emit_jump
FNDA:3070,_RNCNvNtNtCsjkUEORhOIHz_4koan5parse10whitespace12collapse_str0B7_
FNDA:0,_RNCNvNtNtCsjkUEORhOIHz_4koan5parse10whitespace12collapse_strs0_0B7_
FNDA:55,_RNCNvNtNtCsjkUEORhOIHz_4koan5parse10whitespace12collapse_strs_0B7_
FNDA:3015,_RNCNvNtNtCsjkUEORhOIHz_4koan5parse10whitespace16line_delim_delta0B7_
FNDA:3015,_RNCNvNtNtCsjkUEORhOIHz_4koan5parse10whitespace16line_delim_deltas_0B7_
FNDA:3015,_RNCNvNtNtCsjkUEORhOIHz_4koan5parse10whitespace16line_paren_delta0B7_
FNDA:3015,_RNCNvNtNtCsjkUEORhOIHz_4koan5parse10whitespace16line_paren_deltas_0B7_
FNDA:0,_RNCNvNtNtCsjkUEORhOIHz_4koan5parse10whitespace19collapse_whitespace0B7_
FNDA:1,_RNCNvNtNtCsjkUEORhOIHz_4koan5parse10whitespace19walk_content_cursor0B7_
FNDA:0,_RNCNvNtNtCsjkUEORhOIHz_4koan5parse10whitespace19walk_content_cursors_0B7_
FNDA:40,_RNvNtNtCsjkUEORhOIHz_4koan5parse10whitespace12collapse_str
FNDA:95,_RNvNtNtCsjkUEORhOIHz_4koan5parse10whitespace13adjust_parens
FNDA:95,_RNvNtNtCsjkUEORhOIHz_4koan5parse10whitespace16line_delim_delta
FNDA:95,_RNvNtNtCsjkUEORhOIHz_4koan5parse10whitespace16line_paren_delta
FNDA:40,_RNvNtNtCsjkUEORhOIHz_4koan5parse10whitespace19collapse_whitespace
FNDA:95,_RNvNtNtCsjkUEORhOIHz_4koan5parse10whitespace19walk_content_cursor
FNDA:190,_RNvNtNtCsjkUEORhOIHz_4koan5parse10whitespace9emit_jump
FNDA:32103,_RNCNvNtNtCs17lX60Qr81G_4koan5parse10whitespace12collapse_str0B7_
FNDA:129,_RNCNvNtNtCs17lX60Qr81G_4koan5parse10whitespace12collapse_strs0_0B7_
FNDA:430,_RNCNvNtNtCs17lX60Qr81G_4koan5parse10whitespace12collapse_strs_0B7_
FNDA:31389,_RNCNvNtNtCs17lX60Qr81G_4koan5parse10whitespace16line_delim_delta0B7_
FNDA:31389,_RNCNvNtNtCs17lX60Qr81G_4koan5parse10whitespace16line_delim_deltas_0B7_
FNDA:31411,_RNCNvNtNtCs17lX60Qr81G_4koan5parse10whitespace16line_paren_delta0B7_
FNDA:31411,_RNCNvNtNtCs17lX60Qr81G_4koan5parse10whitespace16line_paren_deltas_0B7_
FNDA:0,_RNCNvNtNtCs17lX60Qr81G_4koan5parse10whitespace19collapse_whitespace0B7_
FNDA:170,_RNCNvNtNtCs17lX60Qr81G_4koan5parse10whitespace19walk_content_cursor0B7_
FNDA:0,_RNCNvNtNtCs17lX60Qr81G_4koan5parse10whitespace19walk_content_cursors_0B7_
FNDA:855,_RNvNtNtCs17lX60Qr81G_4koan5parse10whitespace12collapse_str
FNDA:1253,_RNvNtNtCs17lX60Qr81G_4koan5parse10whitespace13adjust_parens
FNDA:1253,_RNvNtNtCs17lX60Qr81G_4koan5parse10whitespace16line_delim_delta
FNDA:1260,_RNvNtNtCs17lX60Qr81G_4koan5parse10whitespace16line_paren_delta
FNDA:855,_RNvNtNtCs17lX60Qr81G_4koan5parse10whitespace19collapse_whitespace
FNDA:1260,_RNvNtNtCs17lX60Qr81G_4koan5parse10whitespace19walk_content_cursor
FNDA:2448,_RNvNtNtCs17lX60Qr81G_4koan5parse10whitespace9emit_jump
FNF:17
FNH:15
DA:50,895
DA:51,895
DA:52,895
DA:53,895
DA:54,895
DA:56,895
DA:57,895
DA:58,895
DA:59,895
DA:60,895
DA:61,895
DA:64,895
DA:66,895
DA:67,895
DA:68,895
DA:69,895
DA:71,2267
DA:72,1379
DA:73,1379
DA:74,35173
DA:75,1379
DA:76,1379
DA:78,1379
DA:79,1379
DA:80,1379
DA:81,1379
DA:83,1379
DA:85,1379
DA:89,24
DA:90,24
DA:91,24
DA:92,8
DA:94,16
DA:96,24
DA:97,24
DA:98,1355
DA:100,1355
DA:102,1355
DA:103,1355
DA:105,1355
DA:106,1355
DA:108,1355
DA:109,1355
DA:131,1355
DA:132,54
DA:133,54
DA:134,1301
DA:137,1301
DA:138,16
DA:142,7
DA:143,1
DA:144,1
DA:145,1
DA:146,1
DA:147,1
DA:148,6
DA:149,6
DA:150,6
DA:151,9
DA:152,9
DA:156,1
DA:157,1
DA:158,1
DA:159,1
DA:160,1
DA:161,1
DA:162,8
DA:165,1285
DA:167,1293
DA:168,3
DA:169,3
DA:170,3
DA:171,3
DA:172,3
DA:173,1290
DA:174,1290
DA:175,2
DA:176,2
DA:177,2
DA:178,2
DA:179,2
DA:180,1288
DA:182,1662
DA:183,412
DA:184,374
DA:185,374
DA:186,374
DA:187,374
DA:188,38
DA:194,1288
DA:195,395
DA:196,893
DA:202,1288
DA:203,1288
DA:204,11
DA:205,11
DA:206,11
DA:207,11
DA:208,11
DA:209,1277
DA:210,1277
DA:211,1277
DA:212,1277
DA:213,1277
DA:215,1288
DA:216,1288
DA:217,1288
DA:218,1288
DA:219,1288
DA:221,1288
DA:222,1288
DA:223,445
DA:225,843
DA:227,1288
DA:230,1793
DA:231,905
DA:232,905
DA:233,905
DA:235,888
DA:236,895
DA:238,2638
DA:239,2638
DA:240,2638
DA:241,2638
DA:242,2638
DA:248,1355
DA:249,1355
DA:250,1355
DA:251,34708
DA:252,33353
DA:253,33353
DA:254,171
DA:255,171
DA:256,549
DA:257,378
DA:258,378
DA:259,171
DA:260,0
DA:261,171
DA:262,171
DA:263,0
DA:264,171
DA:265,171
DA:266,171
DA:267,171
DA:268,171
DA:269,171
DA:270,33182
DA:271,171
DA:272,342
DA:273,171
DA:274,171
DA:275,171
DA:276,0
DA:277,171
DA:278,171
DA:279,353
DA:280,182
DA:281,182
DA:282,171
DA:283,33011
DA:284,33011
DA:285,33011
DA:286,33011
DA:288,1355
DA:289,1355
DA:294,1348
DA:295,34404
DA:296,34404
DA:297,1348
DA:298,1348
DA:303,1355
DA:304,34426
DA:305,34426
DA:306,1355
DA:307,1355
DA:313,1348
DA:314,1348
DA:315,10
DA:316,10
DA:317,10
DA:319,1338
DA:320,8
DA:321,8
DA:323,1348
BRF:0
BRH:0
LF:195
LH:190
end_of_record