SF:/var/home/jack/Code/koan/src/builtins.rs
FN:161,_RNvNtCsgF2QWeVDbw9_4koan8builtins13default_scope
FN:116,_RNvNtCsgF2QWeVDbw9_4koan8builtins16register_builtin
FN:93,_RNvNtCsgF2QWeVDbw9_4koan8builtins21register_builtin_full
FN:70,_RNvNtCsgF2QWeVDbw9_4koan8builtins21type_part_binder_name
FN:80,_RNvNtCsgF2QWeVDbw9_4koan8builtins27identifier_part_binder_name
FN:42,_RNvNtCsgF2QWeVDbw9_4koan8builtins2kw
FN:47,_RNvNtCsgF2QWeVDbw9_4koan8builtins3arg
FN:56,_RNvNtCsgF2QWeVDbw9_4koan8builtins3sig
FN:161,_RNvNtCsjSl7fZonGc2_4koan8builtins13default_scope
FN:116,_RNvNtCsjSl7fZonGc2_4koan8builtins16register_builtin
FN:130,_RNvNtCsjSl7fZonGc2_4koan8builtins20register_overload_at
FN:93,_RNvNtCsjSl7fZonGc2_4koan8builtins21register_builtin_full
FN:70,_RNvNtCsjSl7fZonGc2_4koan8builtins21type_part_binder_name
FN:80,_RNvNtCsjSl7fZonGc2_4koan8builtins27identifier_part_binder_name
FN:42,_RNvNtCsjSl7fZonGc2_4koan8builtins2kw
FN:47,_RNvNtCsjSl7fZonGc2_4koan8builtins3arg
FN:56,_RNvNtCsjSl7fZonGc2_4koan8builtins3sig
FNDA:60,_RNvNtCsgF2QWeVDbw9_4koan8builtins13default_scope
FNDA:1920,_RNvNtCsgF2QWeVDbw9_4koan8builtins16register_builtin
FNDA:2940,_RNvNtCsgF2QWeVDbw9_4koan8builtins21register_builtin_full
FNDA:73,_RNvNtCsgF2QWeVDbw9_4koan8builtins21type_part_binder_name
FNDA:198,_RNvNtCsgF2QWeVDbw9_4koan8builtins27identifier_part_binder_name
FNDA:4620,_RNvNtCsgF2QWeVDbw9_4koan8builtins2kw
FNDA:5761,_RNvNtCsgF2QWeVDbw9_4koan8builtins3arg
FNDA:2941,_RNvNtCsgF2QWeVDbw9_4koan8builtins3sig
FNDA:616,_RNvNtCsjSl7fZonGc2_4koan8builtins13default_scope
FNDA:19743,_RNvNtCsjSl7fZonGc2_4koan8builtins16register_builtin
FNDA:3,_RNvNtCsjSl7fZonGc2_4koan8builtins20register_overload_at
FNDA:30216,_RNvNtCsjSl7fZonGc2_4koan8builtins21register_builtin_full
FNDA:611,_RNvNtCsjSl7fZonGc2_4koan8builtins21type_part_binder_name
FNDA:1435,_RNvNtCsjSl7fZonGc2_4koan8builtins27identifier_part_binder_name
FNDA:47441,_RNvNtCsjSl7fZonGc2_4koan8builtins2kw
FNDA:59244,_RNvNtCsjSl7fZonGc2_4koan8builtins3arg
FNDA:30283,_RNvNtCsjSl7fZonGc2_4koan8builtins3sig
FNF:9
FNH:9
DA:42,52061
DA:43,52061
DA:44,52061
DA:47,65005
DA:48,65005
DA:49,65005
DA:50,65005
DA:51,65005
DA:52,65005
DA:56,33224
DA:57,33224
DA:58,33224
DA:59,33224
DA:60,33224
DA:61,33224
DA:62,33224
DA:63,33224
DA:64,33224
DA:70,684
DA:71,684
DA:72,684
DA:73,684
DA:74,684
DA:80,1633
DA:81,1633
DA:82,1633
DA:83,1633
DA:84,1538
DA:85,95
DA:87,1633
DA:93,33156
DA:94,33156
DA:95,33156
DA:96,33156
DA:97,33156
DA:98,33156
DA:99,33156
DA:100,33156
DA:101,33156
DA:102,33156
DA:103,33156
DA:104,33156
DA:105,33156
DA:106,33156
DA:107,33156
DA:108,33156
DA:109,33156
DA:110,33156
DA:111,33156
DA:112,33156
DA:113,33156
DA:116,21663
DA:117,21663
DA:118,21663
DA:119,21663
DA:120,21663
DA:121,21663
DA:122,21663
DA:123,21663
DA:130,3
DA:131,3
DA:132,3
DA:133,3
DA:134,3
DA:135,3
DA:136,3
DA:137,3
DA:138,3
DA:139,3
DA:140,3
DA:141,3
DA:142,3
DA:143,3
DA:144,3
DA:145,3
DA:146,3
DA:147,3
DA:148,3
DA:149,3
DA:150,3
DA:151,3
DA:161,676
DA:162,676
DA:163,676
DA:164,676
DA:165,676
DA:166,676
DA:167,676
DA:169,676
DA:170,676
DA:171,676
DA:172,676
DA:173,676
DA:174,676
DA:175,676
DA:178,676
DA:179,676
DA:180,676
DA:183,676
DA:184,676
DA:185,676
DA:188,676
DA:189,676
DA:190,676
DA:193,676
DA:194,676
DA:195,676
DA:198,676
DA:199,676
DA:200,676
DA:203,676
DA:205,676
DA:206,676
DA:207,676
DA:208,676
DA:209,676
DA:210,676
DA:211,676
DA:212,676
DA:213,676
DA:214,676
DA:215,676
DA:216,676
DA:217,676
DA:218,676
DA:219,676
DA:220,676
DA:221,676
DA:222,676
DA:223,676
DA:224,676
DA:225,676
DA:226,676
DA:227,676
DA:228,676
DA:230,676
DA:231,676
BRF:0
BRH:0
LF:137
LH:137
end_of_record
SF:/var/home/jack/Code/koan/src/builtins/arithmetic.rs
FN:229,_RNCNvNtNtCsgF2QWeVDbw9_4koan8builtins10arithmetic32register_builtin_operator_groups0B7_
FN:250,_RNCNvNtNtCsgF2QWeVDbw9_4koan8builtins10arithmetic32register_builtin_operator_groupss0_0B7_
FN:240,_RNCNvNtNtCsgF2QWeVDbw9_4koan8builtins10arithmetic32register_builtin_operator_groupss_0B7_
FN:206,_RNCNvNtNtCsgF2QWeVDbw9_4koan8builtins10arithmetic32register_group_under_all_subsets0B7_
FN:149,_RNCNvNtNtCsgF2QWeVDbw9_4koan8builtins10arithmetic8register0B7_
FN:159,_RNCNvNtNtCsgF2QWeVDbw9_4koan8builtins10arithmetic8registers_0B7_
FN:32,_RNvNtNtCsgF2QWeVDbw9_4koan8builtins10arithmetic10number_arg
FN:63,_RNvNtNtCsgF2QWeVDbw9_4koan8builtins10arithmetic13bool_operands
FN:45,_RNvNtNtCsgF2QWeVDbw9_4koan8builtins10arithmetic15number_operands
FN:224,_RNvNtNtCsgF2QWeVDbw9_4koan8builtins10arithmetic32register_builtin_operator_groups
FN:196,_RNvNtNtCsgF2QWeVDbw9_4koan8builtins10arithmetic32register_group_under_all_subsets
FN:132,_RNvNtNtCsgF2QWeVDbw9_4koan8builtins10arithmetic7body_ge
FN:124,_RNvNtNtCsgF2QWeVDbw9_4koan8builtins10arithmetic7body_gt
FN:116,_RNvNtNtCsgF2QWeVDbw9_4koan8builtins10arithmetic7body_le
FN:108,_RNvNtNtCsgF2QWeVDbw9_4koan8builtins10arithmetic7body_lt
FN:67,_RNvNtNtCsgF2QWeVDbw9_4koan8builtins10arithmetic8body_add
FN:140,_RNvNtNtCsgF2QWeVDbw9_4koan8builtins10arithmetic8body_and
FN:95,_RNvNtNtCsgF2QWeVDbw9_4koan8builtins10arithmetic8body_div
FN:83,_RNvNtNtCsgF2QWeVDbw9_4koan8builtins10arithmetic8body_mul
FN:75,_RNvNtNtCsgF2QWeVDbw9_4koan8builtins10arithmetic8body_sub
FN:50,_RNvNtNtCsgF2QWeVDbw9_4koan8builtins10arithmetic8bool_arg
FN:148,_RNvNtNtCsgF2QWeVDbw9_4koan8builtins10arithmetic8register
FN:32,_RNvNtNtCsjSl7fZonGc2_4koan8builtins10arithmetic10number_arg
FN:63,_RNvNtNtCsjSl7fZonGc2_4koan8builtins10arithmetic13bool_operands
FN:45,_RNvNtNtCsjSl7fZonGc2_4koan8builtins10arithmetic15number_operands
FN:224,_RNvNtNtCsjSl7fZonGc2_4koan8builtins10arithmetic32register_builtin_operator_groups
FN:196,_RNvNtNtCsjSl7fZonGc2_4koan8builtins10arithmetic32register_group_under_all_subsets
FN:132,_RNvNtNtCsjSl7fZonGc2_4koan8builtins10arithmetic7body_ge
FN:124,_RNvNtNtCsjSl7fZonGc2_4koan8builtins10arithmetic7body_gt
FN:116,_RNvNtNtCsjSl7fZonGc2_4koan8builtins10arithmetic7body_le
FN:108,_RNvNtNtCsjSl7fZonGc2_4koan8builtins10arithmetic7body_lt
FN:67,_RNvNtNtCsjSl7fZonGc2_4koan8builtins10arithmetic8body_add
FN:140,_RNvNtNtCsjSl7fZonGc2_4koan8builtins10arithmetic8body_and
FN:95,_RNvNtNtCsjSl7fZonGc2_4koan8builtins10arithmetic8body_div
FN:83,_RNvNtNtCsjSl7fZonGc2_4koan8builtins10arithmetic8body_mul
FN:75,_RNvNtNtCsjSl7fZonGc2_4koan8builtins10arithmetic8body_sub
FN:50,_RNvNtNtCsjSl7fZonGc2_4koan8builtins10arithmetic8bool_arg
FN:148,_RNvNtNtCsjSl7fZonGc2_4koan8builtins10arithmetic8register
FN:229,_RNCNvNtNtCsjSl7fZonGc2_4koan8builtins10arithmetic32register_builtin_operator_groups0B7_
FN:250,_RNCNvNtNtCsjSl7fZonGc2_4koan8builtins10arithmetic32register_builtin_operator_groupss0_0B7_
FN:240,_RNCNvNtNtCsjSl7fZonGc2_4koan8builtins10arithmetic32register_builtin_operator_groupss_0B7_
FN:206,_RNCNvNtNtCsjSl7fZonGc2_4koan8builtins10arithmetic32register_group_under_all_subsets0B7_
FN:149,_RNCNvNtNtCsjSl7fZonGc2_4koan8builtins10arithmetic8register0B7_
FN:159,_RNCNvNtNtCsjSl7fZonGc2_4koan8builtins10arithmetic8registers_0B7_
FNDA:240,_RNCNvNtNtCsgF2QWeVDbw9_4koan8builtins10arithmetic32register_builtin_operator_groups0B7_
FNDA:120,_RNCNvNtNtCsgF2QWeVDbw9_4koan8builtins10arithmetic32register_builtin_operator_groupss0_0B7_
FNDA:120,_RNCNvNtNtCsgF2QWeVDbw9_4koan8builtins10arithmetic32register_builtin_operator_groupss_0B7_
FNDA:4320,_RNCNvNtNtCsgF2QWeVDbw9_4koan8builtins10arithmetic32register_group_under_all_subsets0B7_
FNDA:240,_RNCNvNtNtCsgF2QWeVDbw9_4koan8builtins10arithmetic8register0B7_
FNDA:240,_RNCNvNtNtCsgF2QWeVDbw9_4koan8builtins10arithmetic8registers_0B7_
FNDA:0,_RNvNtNtCsgF2QWeVDbw9_4koan8builtins10arithmetic10number_arg
FNDA:0,_RNvNtNtCsgF2QWeVDbw9_4koan8builtins10arithmetic13bool_operands
FNDA:0,_RNvNtNtCsgF2QWeVDbw9_4koan8builtins10arithmetic15number_operands
FNDA:60,_RNvNtNtCsgF2QWeVDbw9_4koan8builtins10arithmetic32register_builtin_operator_groups
FNDA:180,_RNvNtNtCsgF2QWeVDbw9_4koan8builtins10arithmetic32register_group_under_all_subsets
FNDA:0,_RNvNtNtCsgF2QWeVDbw9_4koan8builtins10arithmetic7body_ge
FNDA:0,_RNvNtNtCsgF2QWeVDbw9_4koan8builtins10arithmetic7body_gt
FNDA:0,_RNvNtNtCsgF2QWeVDbw9_4koan8builtins10arithmetic7body_le
FNDA:0,_RNvNtNtCsgF2QWeVDbw9_4koan8builtins10arithmetic7body_lt
FNDA:0,_RNvNtNtCsgF2QWeVDbw9_4koan8builtins10arithmetic8body_add
FNDA:0,_RNvNtNtCsgF2QWeVDbw9_4koan8builtins10arithmetic8body_and
FNDA:0,_RNvNtNtCsgF2QWeVDbw9_4koan8builtins10arithmetic8body_div
FNDA:0,_RNvNtNtCsgF2QWeVDbw9_4koan8builtins10arithmetic8body_mul
FNDA:0,_RNvNtNtCsgF2QWeVDbw9_4koan8builtins10arithmetic8body_sub
FNDA:0,_RNvNtNtCsgF2QWeVDbw9_4koan8builtins10arithmetic8bool_arg
FNDA:60,_RNvNtNtCsgF2QWeVDbw9_4koan8builtins10arithmetic8register
FNDA:50,_RNvNtNtCsjSl7fZonGc2_4koan8builtins10arithmetic10number_arg
FNDA:5,_RNvNtNtCsjSl7fZonGc2_4koan8builtins10arithmetic13bool_operands
FNDA:25,_RNvNtNtCsjSl7fZonGc2_4koan8builtins10arithmetic15number_operands
FNDA:616,_RNvNtNtCsjSl7fZonGc2_4koan8builtins10arithmetic32register_builtin_operator_groups
FNDA:1848,_RNvNtNtCsjSl7fZonGc2_4koan8builtins10arithmetic32register_group_under_all_subsets
FNDA:1,_RNvNtNtCsjSl7fZonGc2_4koan8builtins10arithmetic7body_ge
FNDA:1,_RNvNtNtCsjSl7fZonGc2_4koan8builtins10arithmetic7body_gt
FNDA:2,_RNvNtNtCsjSl7fZonGc2_4koan8builtins10arithmetic7body_le
FNDA:8,_RNvNtNtCsjSl7fZonGc2_4koan8builtins10arithmetic7body_lt
FNDA:4,_RNvNtNtCsjSl7fZonGc2_4koan8builtins10arithmetic8body_add
FNDA:5,_RNvNtNtCsjSl7fZonGc2_4koan8builtins10arithmetic8body_and
FNDA:2,_RNvNtNtCsjSl7fZonGc2_4koan8builtins10arithmetic8body_div
FNDA:2,_RNvNtNtCsjSl7fZonGc2_4koan8builtins10arithmetic8body_mul
FNDA:5,_RNvNtNtCsjSl7fZonGc2_4koan8builtins10arithmetic8body_sub
FNDA:10,_RNvNtNtCsjSl7fZonGc2_4koan8builtins10arithmetic8bool_arg
FNDA:617,_RNvNtNtCsjSl7fZonGc2_4koan8builtins10arithmetic8register
FNDA:2464,_RNCNvNtNtCsjSl7fZonGc2_4koan8builtins10arithmetic32register_builtin_operator_groups0B7_
FNDA:1232,_RNCNvNtNtCsjSl7fZonGc2_4koan8builtins10arithmetic32register_builtin_operator_groupss0_0B7_
FNDA:1232,_RNCNvNtNtCsjSl7fZonGc2_4koan8builtins10arithmetic32register_builtin_operator_groupss_0B7_
FNDA:44352,_RNCNvNtNtCsjSl7fZonGc2_4koan8builtins10arithmetic32register_group_under_all_subsets0B7_
FNDA:2468,_RNCNvNtNtCsjSl7fZonGc2_4koan8builtins10arithmetic8register0B7_
FNDA:2468,_RNCNvNtNtCsjSl7fZonGc2_4koan8builtins10arithmetic8registers_0B7_
FNF:22
FNH:22
DA:32,50
DA:33,50
DA:34,50
DA:35,0
DA:36,0
DA:37,0
DA:38,0
DA:39,0
DA:40,0
DA:42,50
DA:45,25
DA:46,25
DA:47,25
DA:50,10
DA:51,10
DA:52,10
DA:53,0
DA:54,0
DA:55,0
DA:56,0
DA:57,0
DA:58,0
DA:60,10
DA:63,5
DA:64,5
DA:65,5
DA:67,4
DA:68,4
DA:69,4
DA:70,4
DA:71,4
DA:72,4
DA:73,4
DA:75,5
DA:76,5
DA:77,5
DA:78,5
DA:79,5
DA:80,5
DA:81,5
DA:83,2
DA:84,2
DA:85,2
DA:86,2
DA:87,2
DA:88,2
DA:89,2
DA:95,2
DA:96,2
DA:97,2
DA:98,1
DA:99,1
DA:100,1
DA:101,1
DA:102,1
DA:103,1
DA:104,1
DA:105,1
DA:106,2
DA:108,8
DA:109,8
DA:110,8
DA:111,8
DA:112,8
DA:113,8
DA:114,8
DA:116,2
DA:117,2
DA:118,2
DA:119,2
DA:120,2
DA:121,2
DA:122,2
DA:124,1
DA:125,1
DA:126,1
DA:127,1
DA:128,1
DA:129,1
DA:130,1
DA:132,1
DA:133,1
DA:134,1
DA:135,1
DA:136,1
DA:137,1
DA:138,1
DA:140,5
DA:141,5
DA:142,5
DA:143,5
DA:144,5
DA:145,5
DA:146,5
DA:148,677
DA:149,2708
DA:150,2708
DA:151,2708
DA:152,2708
DA:153,2708
DA:154,2708
DA:155,2708
DA:158,2708
DA:159,2708
DA:160,2708
DA:161,2708
DA:162,2708
DA:163,2708
DA:164,2708
DA:165,2708
DA:168,2708
DA:170,677
DA:171,677
DA:172,677
DA:173,677
DA:175,677
DA:176,677
DA:177,677
DA:178,677
DA:180,677
DA:181,677
DA:182,677
DA:183,677
DA:184,677
DA:185,677
DA:188,677
DA:189,677
DA:196,2028
DA:197,2028
DA:198,2028
DA:199,2028
DA:200,2028
DA:201,2028
DA:202,14196
DA:203,14196
DA:204,14196
DA:205,14196
DA:206,48672
DA:207,14196
DA:208,14196
DA:209,14196
DA:210,14196
DA:211,14196
DA:212,14196
DA:214,2028
DA:224,676
DA:225,676
DA:227,676
DA:228,676
DA:229,2704
DA:230,676
DA:231,676
DA:232,676
DA:233,676
DA:234,676
DA:236,676
DA:238,676
DA:239,676
DA:240,1352
DA:241,676
DA:242,676
DA:243,676
DA:245,676
DA:247,676
DA:248,676
DA:249,676
DA:250,1352
DA:251,676
DA:252,676
DA:253,676
DA:254,676
DA:256,676
DA:257,676
BRF:0
BRH:0
LF:179
LH:167
end_of_record
SF:/var/home/jack/Code/koan/src/builtins/ascribe.rs
FN:215,_RNCNvNtNtCsgF2QWeVDbw9_4koan8builtins7ascribe18seal_view_self_sig0B7_
FN:25,_RNvNtNtCsgF2QWeVDbw9_4koan8builtins7ascribe11body_opaque
FN:278,_RNvNtNtCsgF2QWeVDbw9_4koan8builtins7ascribe15check_satisfies
FN:166,_RNvNtNtCsgF2QWeVDbw9_4koan8builtins7ascribe16body_transparent
FN:207,_RNvNtNtCsgF2QWeVDbw9_4koan8builtins7ascribe18seal_view_self_sig
FN:232,_RNvNtNtCsgF2QWeVDbw9_4koan8builtins7ascribe28resolve_module_and_signature
FN:295,_RNvNtNtCsgF2QWeVDbw9_4koan8builtins7ascribe8register
FN:243,_RNvNvNtNtCsgF2QWeVDbw9_4koan8builtins7ascribe28resolve_module_and_signature24type_mismatch_or_missing
FN:25,_RNvNtNtCsjSl7fZonGc2_4koan8builtins7ascribe11body_opaque
FN:278,_RNvNtNtCsjSl7fZonGc2_4koan8builtins7ascribe15check_satisfies
FN:166,_RNvNtNtCsjSl7fZonGc2_4koan8builtins7ascribe16body_transparent
FN:207,_RNvNtNtCsjSl7fZonGc2_4koan8builtins7ascribe18seal_view_self_sig
FN:232,_RNvNtNtCsjSl7fZonGc2_4koan8builtins7ascribe28resolve_module_and_signature
FN:295,_RNvNtNtCsjSl7fZonGc2_4koan8builtins7ascribe8register
FN:243,_RNvNvNtNtCsjSl7fZonGc2_4koan8builtins7ascribe28resolve_module_and_signature24type_mismatch_or_missing
FN:215,_RNCNvNtNtCsjSl7fZonGc2_4koan8builtins7ascribe18seal_view_self_sig0B7_
FNDA:0,_RNCNvNtNtCsgF2QWeVDbw9_4koan8builtins7ascribe18seal_view_self_sig0B7_
FNDA:1,_RNvNtNtCsgF2QWeVDbw9_4koan8builtins7ascribe11body_opaque
FNDA:5,_RNvNtNtCsgF2QWeVDbw9_4koan8builtins7ascribe15check_satisfies
FNDA:4,_RNvNtNtCsgF2QWeVDbw9_4koan8builtins7ascribe16body_transparent
FNDA:5,_RNvNtNtCsgF2QWeVDbw9_4koan8builtins7ascribe18seal_view_self_sig
FNDA:5,_RNvNtNtCsgF2QWeVDbw9_4koan8builtins7ascribe28resolve_module_and_signature
FNDA:60,_RNvNtNtCsgF2QWeVDbw9_4koan8builtins7ascribe8register
FNDA:0,_RNvNvNtNtCsgF2QWeVDbw9_4koan8builtins7ascribe28resolve_module_and_signature24type_mismatch_or_missing
FNDA:40,_RNvNtNtCsjSl7fZonGc2_4koan8builtins7ascribe11body_opaque
FNDA:66,_RNvNtNtCsjSl7fZonGc2_4koan8builtins7ascribe15check_satisfies
FNDA:26,_RNvNtNtCsjSl7fZonGc2_4koan8builtins7ascribe16body_transparent
FNDA:65,_RNvNtNtCsjSl7fZonGc2_4koan8builtins7ascribe18seal_view_self_sig
FNDA:66,_RNvNtNtCsjSl7fZonGc2_4koan8builtins7ascribe28resolve_module_and_signature
FNDA:616,_RNvNtNtCsjSl7fZonGc2_4koan8builtins7ascribe8register
FNDA:0,_RNvNvNtNtCsjSl7fZonGc2_4koan8builtins7ascribe28resolve_module_and_signature24type_mismatch_or_missing
FNDA:41,_RNCNvNtNtCsjSl7fZonGc2_4koan8builtins7ascribe18seal_view_self_sig0B7_
FNF:8
FNH:7
DA:25,41
DA:26,41
DA:27,41
DA:30,41
DA:32,41
DA:33,41
DA:34,41
DA:35,41
DA:38,41
DA:39,41
DA:40,0
DA:41,41
DA:47,41
DA:49,41
DA:53,41
DA:55,41
DA:56,41
DA:57,26
DA:58,26
DA:59,26
DA:61,6
DA:62,6
DA:63,6
DA:66,6
DA:67,6
DA:68,6
DA:70,0
DA:74,6
DA:75,6
DA:76,6
DA:77,6
DA:81,6
DA:82,6
DA:84,6
DA:85,6
DA:86,6
DA:87,6
DA:89,6
DA:90,6
DA:91,6
DA:92,6
DA:94,20
DA:95,20
DA:96,20
DA:97,20
DA:99,26
DA:105,41
DA:106,41
DA:107,31
DA:108,31
DA:109,26
DA:110,26
DA:111,31
DA:112,7
DA:113,7
DA:114,10
DA:117,41
DA:118,41
DA:119,71
DA:120,71
DA:121,33
DA:122,38
DA:123,38
DA:124,7
DA:125,7
DA:126,7
DA:127,31
DA:129,41
DA:130,41
DA:131,7
DA:132,7
DA:133,7
DA:134,7
DA:135,34
DA:139,41
DA:141,41
DA:142,7
DA:143,34
DA:150,34
DA:154,34
DA:155,34
DA:156,34
DA:157,34
DA:158,34
DA:159,34
DA:160,41
DA:166,30
DA:167,30
DA:168,30
DA:171,30
DA:172,30
DA:173,1
DA:174,29
DA:183,29
DA:184,29
DA:185,29
DA:186,29
DA:187,29
DA:190,29
DA:193,29
DA:194,29
DA:195,29
DA:196,29
DA:197,29
DA:198,29
DA:199,30
DA:207,70
DA:208,70
DA:209,70
DA:210,70
DA:211,70
DA:212,70
DA:213,70
DA:214,70
DA:215,70
DA:216,70
DA:217,109
DA:218,109
DA:219,41
DA:220,68
DA:221,68
DA:222,68
DA:223,68
DA:226,70
DA:227,70
DA:232,71
DA:233,71
DA:234,71
DA:235,71
DA:236,71
DA:237,71
DA:238,71
DA:239,71
DA:240,71
DA:243,0
DA:244,0
DA:245,0
DA:246,0
DA:247,0
DA:248,0
DA:249,0
DA:250,0
DA:251,0
DA:252,0
DA:253,0
DA:254,0
DA:256,0
DA:258,71
DA:259,71
DA:260,0
DA:262,71
DA:264,71
DA:266,71
DA:267,0
DA:269,71
DA:270,71
DA:278,71
DA:279,71
DA:280,71
DA:281,71
DA:282,71
DA:283,63
DA:284,8
DA:285,8
DA:286,0
DA:287,8
DA:288,8
DA:289,8
DA:290,8
DA:291,8
DA:293,71
DA:295,676
DA:299,676
DA:300,676
DA:301,676
DA:302,676
DA:303,676
DA:304,676
DA:307,676
DA:308,676
DA:309,676
DA:310,676
DA:311,676
DA:312,676
DA:315,676
DA:316,676
DA:317,676
BRF:0
BRH:0
LF:188
LH:170
end_of_record
SF:/var/home/jack/Code/koan/src/builtins/attr.rs
FN:294,_RNCNvNtNtCsgF2QWeVDbw9_4koan8builtins4attr12access_field0B7_
FN:316,_RNCNvNtNtCsgF2QWeVDbw9_4koan8builtins4attr12access_fields_0B7_
FN:394,_RNCNvNtNtCsgF2QWeVDbw9_4koan8builtins4attr20access_module_member0B7_
FN:420,_RNCNvNtNtCsgF2QWeVDbw9_4koan8builtins4attr8register0B7_
FN:448,_RNCNvNtNtCsgF2QWeVDbw9_4koan8builtins4attr8registers0_0B7_
FN:458,_RNCNvNtNtCsgF2QWeVDbw9_4koan8builtins4attr8registers1_0B7_
FN:468,_RNCNvNtNtCsgF2QWeVDbw9_4koan8builtins4attr8registers2_0B7_
FN:479,_RNCNvNtNtCsgF2QWeVDbw9_4koan8builtins4attr8registers3_0B7_
FN:430,_RNCNvNtNtCsgF2QWeVDbw9_4koan8builtins4attr8registers_0B7_
FN:175,_RNvNtNtCsgF2QWeVDbw9_4koan8builtins4attr11body_module
FN:283,_RNvNtNtCsgF2QWeVDbw9_4koan8builtins4attr12access_field
FN:148,_RNvNtNtCsgF2QWeVDbw9_4koan8builtins4attr12body_newtype
FN:107,_RNvNtNtCsgF2QWeVDbw9_4koan8builtins4attr13body_type_lhs
FN:256,_RNvNtNtCsgF2QWeVDbw9_4koan8builtins4attr13wrapped_field
FN:67,_RNvNtNtCsgF2QWeVDbw9_4koan8builtins4attr15body_identifier
FN:41,_RNvNtNtCsgF2QWeVDbw9_4koan8builtins4attr15read_field_name
FN:205,_RNvNtNtCsgF2QWeVDbw9_4koan8builtins4attr18access_type_member
FN:351,_RNvNtNtCsgF2QWeVDbw9_4koan8builtins4attr20access_module_member
FN:241,_RNvNtNtCsgF2QWeVDbw9_4koan8builtins4attr28abstract_type_has_no_members
FN:33,_RNvNtNtCsgF2QWeVDbw9_4koan8builtins4attr5route
FN:419,_RNvNtNtCsgF2QWeVDbw9_4koan8builtins4attr8register
FN:175,_RNvNtNtCsjSl7fZonGc2_4koan8builtins4attr11body_module
FN:283,_RNvNtNtCsjSl7fZonGc2_4koan8builtins4attr12access_field
FN:148,_RNvNtNtCsjSl7fZonGc2_4koan8builtins4attr12body_newtype
FN:107,_RNvNtNtCsjSl7fZonGc2_4koan8builtins4attr13body_type_lhs
FN:256,_RNvNtNtCsjSl7fZonGc2_4koan8builtins4attr13wrapped_field
FN:67,_RNvNtNtCsjSl7fZonGc2_4koan8builtins4attr15body_identifier
FN:41,_RNvNtNtCsjSl7fZonGc2_4koan8builtins4attr15read_field_name
FN:205,_RNvNtNtCsjSl7fZonGc2_4koan8builtins4attr18access_type_member
FN:351,_RNvNtNtCsjSl7fZonGc2_4koan8builtins4attr20access_module_member
FN:241,_RNvNtNtCsjSl7fZonGc2_4koan8builtins4attr28abstract_type_has_no_members
FN:33,_RNvNtNtCsjSl7fZonGc2_4koan8builtins4attr5route
FN:419,_RNvNtNtCsjSl7fZonGc2_4koan8builtins4attr8register
FN:547,_RNvNtNtNtCsjSl7fZonGc2_4koan8builtins4attr5testss_24attr_unbound_name_errors
FN:574,_RNvNtNtNtCsjSl7fZonGc2_4koan8builtins4attr5testss_25attr_unknown_field_errors
FN:558,_RNvNtNtNtCsjSl7fZonGc2_4koan8builtins4attr5testss_31attr_on_non_struct_value_errors
FN:590,_RNvNtNtNtCsjSl7fZonGc2_4koan8builtins4attr5testss_33attr_chained_unknown_field_errors
FN:531,_RNvNtNtNtCsjSl7fZonGc2_4koan8builtins4attr5testss_34attr_chained_through_nested_struct
FN:507,_RNvNtNtNtCsjSl7fZonGc2_4koan8builtins4attr5testss_34attr_reads_field_from_named_struct
FN:519,_RNvNtNtNtCsjSl7fZonGc2_4koan8builtins4attr5testss_35attr_reads_each_field_independently
FN:627,_RNvNtNtNtCsjSl7fZonGc2_4koan8builtins4attr5testss_39access_field_rejects_wrapped_non_struct
FN:671,_RNvNtNtNtCsjSl7fZonGc2_4koan8builtins4attr5testss_41transparent_view_slot_read_stays_concrete
FN:650,_RNvNtNtNtCsjSl7fZonGc2_4koan8builtins4attr5testss_48opaque_view_slot_read_re_tags_with_abstract_type
FN:611,_RNvNtNtNtCsjSl7fZonGc2_4koan8builtins4attr5testss_49access_field_falls_through_wrapped_record_newtype
FN:692,_RNvNtNtNtCsjSl7fZonGc2_4koan8builtins4attr5testss_53access_field_falls_through_wrapped_with_missing_field
FN:294,_RNCNvNtNtCsjSl7fZonGc2_4koan8builtins4attr12access_field0B7_
FN:316,_RNCNvNtNtCsjSl7fZonGc2_4koan8builtins4attr12access_fields_0B7_
FN:394,_RNCNvNtNtCsjSl7fZonGc2_4koan8builtins4attr20access_module_member0B7_
FN:420,_RNCNvNtNtCsjSl7fZonGc2_4koan8builtins4attr8register0B7_
FN:448,_RNCNvNtNtCsjSl7fZonGc2_4koan8builtins4attr8registers0_0B7_
FN:458,_RNCNvNtNtCsjSl7fZonGc2_4koan8builtins4attr8registers1_0B7_
FN:468,_RNCNvNtNtCsjSl7fZonGc2_4koan8builtins4attr8registers2_0B7_
FN:479,_RNCNvNtNtCsjSl7fZonGc2_4koan8builtins4attr8registers3_0B7_
FN:430,_RNCNvNtNtCsjSl7fZonGc2_4koan8builtins4attr8registers_0B7_
FNDA:0,_RNCNvNtNtCsgF2QWeVDbw9_4koan8builtins4attr12access_field0B7_
FNDA:0,_RNCNvNtNtCsgF2QWeVDbw9_4koan8builtins4attr12access_fields_0B7_
FNDA:0,_RNCNvNtNtCsgF2QWeVDbw9_4koan8builtins4attr20access_module_member0B7_
FNDA:60,_RNCNvNtNtCsgF2QWeVDbw9_4koan8builtins4attr8register0B7_
FNDA:60,_RNCNvNtNtCsgF2QWeVDbw9_4koan8builtins4attr8registers0_0B7_
FNDA:60,_RNCNvNtNtCsgF2QWeVDbw9_4koan8builtins4attr8registers1_0B7_
FNDA:60,_RNCNvNtNtCsgF2QWeVDbw9_4koan8builtins4attr8registers2_0B7_
FNDA:60,_RNCNvNtNtCsgF2QWeVDbw9_4koan8builtins4attr8registers3_0B7_
FNDA:60,_RNCNvNtNtCsgF2QWeVDbw9_4koan8builtins4attr8registers_0B7_
FNDA:7,_RNvNtNtCsgF2QWeVDbw9_4koan8builtins4attr11body_module
FNDA:1,_RNvNtNtCsgF2QWeVDbw9_4koan8builtins4attr12access_field
FNDA:0,_RNvNtNtCsgF2QWeVDbw9_4koan8builtins4attr12body_newtype
FNDA:0,_RNvNtNtCsgF2QWeVDbw9_4koan8builtins4attr13body_type_lhs
FNDA:1,_RNvNtNtCsgF2QWeVDbw9_4koan8builtins4attr13wrapped_field
FNDA:2,_RNvNtNtCsgF2QWeVDbw9_4koan8builtins4attr15body_identifier
FNDA:9,_RNvNtNtCsgF2QWeVDbw9_4koan8builtins4attr15read_field_name
FNDA:0,_RNvNtNtCsgF2QWeVDbw9_4koan8builtins4attr18access_type_member
FNDA:7,_RNvNtNtCsgF2QWeVDbw9_4koan8builtins4attr20access_module_member
FNDA:0,_RNvNtNtCsgF2QWeVDbw9_4koan8builtins4attr28abstract_type_has_no_members
FNDA:8,_RNvNtNtCsgF2QWeVDbw9_4koan8builtins4attr5route
FNDA:60,_RNvNtNtCsgF2QWeVDbw9_4koan8builtins4attr8register
FNDA:27,_RNvNtNtCsjSl7fZonGc2_4koan8builtins4attr11body_module
FNDA:20,_RNvNtNtCsjSl7fZonGc2_4koan8builtins4attr12access_field
FNDA:2,_RNvNtNtCsjSl7fZonGc2_4koan8builtins4attr12body_newtype
FNDA:0,_RNvNtNtCsjSl7fZonGc2_4koan8builtins4attr13body_type_lhs
FNDA:24,_RNvNtNtCsjSl7fZonGc2_4koan8builtins4attr13wrapped_field
FNDA:20,_RNvNtNtCsjSl7fZonGc2_4koan8builtins4attr15body_identifier
FNDA:49,_RNvNtNtCsjSl7fZonGc2_4koan8builtins4attr15read_field_name
FNDA:0,_RNvNtNtCsjSl7fZonGc2_4koan8builtins4attr18access_type_member
FNDA:27,_RNvNtNtCsjSl7fZonGc2_4koan8builtins4attr20access_module_member
FNDA:0,_RNvNtNtCsjSl7fZonGc2_4koan8builtins4attr28abstract_type_has_no_members
FNDA:47,_RNvNtNtCsjSl7fZonGc2_4koan8builtins4attr5route
FNDA:616,_RNvNtNtCsjSl7fZonGc2_4koan8builtins4attr8register
FNDA:1,_RNvNtNtNtCsjSl7fZonGc2_4koan8builtins4attr5testss_24attr_unbound_name_errors
FNDA:1,_RNvNtNtNtCsjSl7fZonGc2_4koan8builtins4attr5testss_25attr_unknown_field_errors
FNDA:1,_RNvNtNtNtCsjSl7fZonGc2_4koan8builtins4attr5testss_31attr_on_non_struct_value_errors
FNDA:1,_RNvNtNtNtCsjSl7fZonGc2_4koan8builtins4attr5testss_33attr_chained_unknown_field_errors
FNDA:1,_RNvNtNtNtCsjSl7fZonGc2_4koan8builtins4attr5testss_34attr_chained_through_nested_struct
FNDA:1,_RNvNtNtNtCsjSl7fZonGc2_4koan8builtins4attr5testss_34attr_reads_field_from_named_struct
FNDA:1,_RNvNtNtNtCsjSl7fZonGc2_4koan8builtins4attr5testss_35attr_reads_each_field_independently
FNDA:1,_RNvNtNtNtCsjSl7fZonGc2_4koan8builtins4attr5testss_39access_field_rejects_wrapped_non_struct
FNDA:1,_RNvNtNtNtCsjSl7fZonGc2_4koan8builtins4attr5testss_41transparent_view_slot_read_stays_concrete
FNDA:1,_RNvNtNtNtCsjSl7fZonGc2_4koan8builtins4attr5testss_48opaque_view_slot_read_re_tags_with_abstract_type
FNDA:1,_RNvNtNtNtCsjSl7fZonGc2_4koan8builtins4attr5testss_49access_field_falls_through_wrapped_record_newtype
FNDA:1,_RNvNtNtNtCsjSl7fZonGc2_4koan8builtins4attr5testss_53access_field_falls_through_wrapped_with_missing_field
FNDA:3,_RNCNvNtNtCsjSl7fZonGc2_4koan8builtins4attr12access_field0B7_
FNDA:0,_RNCNvNtNtCsjSl7fZonGc2_4koan8builtins4attr12access_fields_0B7_
FNDA:2,_RNCNvNtNtCsjSl7fZonGc2_4koan8builtins4attr20access_module_member0B7_
FNDA:616,_RNCNvNtNtCsjSl7fZonGc2_4koan8builtins4attr8register0B7_
FNDA:616,_RNCNvNtNtCsjSl7fZonGc2_4koan8builtins4attr8registers0_0B7_
FNDA:616,_RNCNvNtNtCsjSl7fZonGc2_4koan8builtins4attr8registers1_0B7_
FNDA:616,_RNCNvNtNtCsjSl7fZonGc2_4koan8builtins4attr8registers2_0B7_
FNDA:616,_RNCNvNtNtCsjSl7fZonGc2_4koan8builtins4attr8registers3_0B7_
FNDA:616,_RNCNvNtNtCsjSl7fZonGc2_4koan8builtins4attr8registers_0B7_
FNF:33
FNH:29
DA:33,55
DA:34,55
DA:35,55
DA:36,55
DA:37,55
DA:41,58
DA:43,58
DA:44,48
DA:45,48
DA:46,0
DA:47,0
DA:48,0
DA:49,0
DA:50,0
DA:52,10
DA:53,10
DA:54,10
DA:55,10
DA:56,0
DA:58,0
DA:59,0
DA:60,58
DA:67,22
DA:68,22
DA:69,22
DA:71,22
DA:72,22
DA:73,0
DA:74,0
DA:75,0
DA:76,0
DA:77,0
DA:78,0
DA:80,0
DA:82,22
DA:88,22
DA:89,19
DA:90,19
DA:91,19
DA:92,19
DA:93,19
DA:94,3
DA:95,3
DA:96,0
DA:97,3
DA:98,3
DA:99,22
DA:107,0
DA:108,0
DA:109,0
DA:111,0
DA:112,0
DA:114,0
DA:115,0
DA:116,0
DA:117,0
DA:118,0
DA:119,0
DA:120,0
DA:124,0
DA:125,0
DA:126,0
DA:129,0
DA:130,0
DA:131,0
DA:133,0
DA:134,0
DA:135,0
DA:136,0
DA:137,0
DA:138,0
DA:139,0
DA:140,0
DA:143,0
DA:145,0
DA:148,2
DA:149,2
DA:150,2
DA:152,2
DA:153,2
DA:154,0
DA:156,2
DA:162,2
DA:163,2
DA:165,0
DA:166,0
DA:167,0
DA:169,0
DA:172,2
DA:175,34
DA:176,34
DA:177,34
DA:179,34
DA:180,34
DA:181,0
DA:182,0
DA:183,0
DA:184,0
DA:185,0
DA:186,0
DA:189,0
DA:190,0
DA:191,0
DA:192,0
DA:193,0
DA:196,34
DA:197,34
DA:198,34
DA:205,0
DA:206,0
DA:212,0
DA:215,0
DA:216,0
DA:217,0
DA:218,0
DA:220,0
DA:221,0
DA:223,0
DA:224,0
DA:225,0
DA:226,0
DA:229,0
DA:230,0
DA:231,0
DA:232,0
DA:233,0
DA:234,0
DA:236,0
DA:241,0
DA:242,0
DA:243,0
DA:244,0
DA:245,0
DA:256,25
DA:257,25
DA:258,21
DA:259,20
DA:260,17
DA:261,3
DA:262,3
DA:263,3
DA:264,3
DA:265,3
DA:267,1
DA:269,4
DA:270,4
DA:271,4
DA:272,4
DA:273,4
DA:275,25
DA:283,21
DA:284,21
DA:285,21
DA:286,21
DA:287,21
DA:288,21
DA:289,21
DA:290,14
DA:291,14
DA:292,11
DA:293,3
DA:294,3
DA:295,3
DA:296,3
DA:297,0
DA:299,3
DA:300,3
DA:302,3
DA:303,0
DA:305,3
DA:307,0
DA:310,0
DA:311,0
DA:312,0
DA:313,0
DA:314,0
DA:315,0
DA:316,0
DA:317,0
DA:318,0
DA:319,0
DA:321,0
DA:322,0
DA:324,0
DA:325,0
DA:327,0
DA:330,21
DA:351,34
DA:352,34
DA:353,34
DA:358,8
DA:359,8
DA:360,3
DA:361,3
DA:363,5
DA:366,26
DA:373,26
DA:374,23
DA:375,23
DA:387,2
DA:388,2
DA:389,2
DA:390,2
DA:391,2
DA:392,2
DA:393,2
DA:394,2
DA:395,2
DA:396,2
DA:397,2
DA:398,2
DA:399,2
DA:401,0
DA:402,2
DA:404,21
DA:405,21
DA:406,21
DA:407,21
DA:409,2
DA:410,2
DA:411,2
DA:412,1
DA:413,1
DA:414,1
DA:415,1
DA:417,34
DA:419,676
DA:420,676
DA:421,676
DA:422,676
DA:423,676
DA:424,676
DA:425,676
DA:426,676
DA:429,676
DA:430,676
DA:431,676
DA:432,676
DA:433,676
DA:434,676
DA:435,676
DA:436,676
DA:439,676
DA:448,676
DA:449,676
DA:450,676
DA:451,676
DA:452,676
DA:453,676
DA:454,676
DA:457,676
DA:458,676
DA:459,676
DA:460,676
DA:461,676
DA:462,676
DA:463,676
DA:464,676
DA:467,676
DA:468,676
DA:469,676
DA:470,676
DA:471,676
DA:472,676
DA:473,676
DA:474,676
DA:477,676
DA:479,676
DA:480,676
DA:481,676
DA:482,676
DA:483,676
DA:484,676
DA:485,676
DA:488,676
DA:491,676
DA:492,676
DA:493,676
DA:494,676
DA:495,676
DA:496,676
DA:497,676
DA:507,1
DA:508,1
DA:509,1
DA:510,1
DA:511,1
DA:512,1
DA:514,1
DA:515,1
DA:516,1
DA:519,1
DA:520,1
DA:521,1
DA:522,1
DA:523,1
DA:524,1
DA:526,1
DA:527,1
DA:528,1
DA:531,1
DA:532,1
DA:533,1
DA:534,1
DA:535,1
DA:536,1
DA:537,1
DA:538,1
DA:539,1
DA:540,1
DA:542,1
DA:543,1
DA:544,1
DA:547,1
DA:548,1
DA:549,1
DA:550,1
DA:551,1
DA:552,1
DA:555,1
DA:558,1
DA:559,1
DA:560,1
DA:561,1
DA:562,1
DA:563,1
DA:564,1
DA:565,1
DA:566,1
DA:567,1
DA:569,0
DA:571,1
DA:574,1
DA:575,1
DA:576,1
DA:577,1
DA:578,1
DA:579,1
DA:581,1
DA:582,1
DA:583,1
DA:584,1
DA:587,1
DA:590,1
DA:591,1
DA:592,1
DA:593,1
DA:594,1
DA:595,1
DA:596,1
DA:597,1
DA:598,1
DA:599,1
DA:601,1
DA:602,1
DA:603,1
DA:604,1
DA:607,1
DA:611,1
DA:612,1
DA:613,1
DA:614,1
DA:615,1
DA:616,1
DA:617,1
DA:618,1
DA:619,1
DA:621,1
DA:622,1
DA:623,1
DA:627,1
DA:628,1
DA:629,1
DA:630,1
DA:631,1
DA:632,1
DA:633,1
DA:635,1
DA:636,1
DA:637,1
DA:638,1
DA:639,1
DA:640,1
DA:642,0
DA:644,1
DA:650,1
DA:651,1
DA:652,1
DA:653,1
DA:654,1
DA:655,1
DA:656,1
DA:657,1
DA:659,1
DA:660,1
DA:661,1
DA:664,0
DA:666,1
DA:671,1
DA:672,1
DA:673,1
DA:674,1
DA:675,1
DA:676,1
DA:677,1
DA:678,1
DA:680,1
DA:681,1
DA:682,1
DA:684,0
DA:686,1
DA:692,1
DA:693,1
DA:694,1
DA:695,1
DA:696,1
DA:697,1
DA:698,1
DA:699,1
DA:700,1
DA:702,1
DA:703,1
DA:704,1
DA:705,1
DA:708,1
BRF:0
BRH:0
LF:433
LH:322
end_of_record
SF:/var/home/jack/Code/koan/src/builtins/await_body.rs
FN:30,_RINvNtNtCsgF2QWeVDbw9_4koan8builtins10await_body19await_body_in_scopeNCNvNtB4_10module_def4body0EB6_
FN:30,_RINvNtNtCsgF2QWeVDbw9_4koan8builtins10await_body19await_body_in_scopeNCNvNtB4_15recursive_types4bodys_0EB6_
FN:30,_RINvNtNtCsgF2QWeVDbw9_4koan8builtins10await_body19await_body_in_scopeNCNvNtB4_7sig_def4body0EB6_
FN:36,_RNCINvNtNtCsgF2QWeVDbw9_4koan8builtins10await_body19await_body_in_scopeNCNvNtB6_10module_def4body0E0B8_
FN:36,_RNCINvNtNtCsgF2QWeVDbw9_4koan8builtins10await_body19await_body_in_scopeNCNvNtB6_15recursive_types4bodys_0E0B8_
FN:36,_RNCINvNtNtCsgF2QWeVDbw9_4koan8builtins10await_body19await_body_in_scopeNCNvNtB6_7sig_def4body0E0B8_
FN:30,_RINvNtNtCsjSl7fZonGc2_4koan8builtins10await_body19await_body_in_scopeNCNvNtB4_10module_def4body0EB6_
FN:30,_RINvNtNtCsjSl7fZonGc2_4koan8builtins10await_body19await_body_in_scopeNCNvNtB4_15recursive_types4bodys_0EB6_
FN:30,_RINvNtNtCsjSl7fZonGc2_4koan8builtins10await_body19await_body_in_scopeNCNvNtB4_7sig_def4body0EB6_
FN:36,_RNCINvNtNtCsjSl7fZonGc2_4koan8builtins10await_body19await_body_in_scopeNCNvNtB6_10module_def4body0E0B8_
FN:36,_RNCINvNtNtCsjSl7fZonGc2_4koan8builtins10await_body19await_body_in_scopeNCNvNtB6_15recursive_types4bodys_0E0B8_
FN:36,_RNCINvNtNtCsjSl7fZonGc2_4koan8builtins10await_body19await_body_in_scopeNCNvNtB6_7sig_def4body0E0B8_
FNDA:21,_RINvNtNtCsgF2QWeVDbw9_4koan8builtins10await_body19await_body_in_scopeNCNvNtB4_10module_def4body0EB6_
FNDA:0,_RINvNtNtCsgF2QWeVDbw9_4koan8builtins10await_body19await_body_in_scopeNCNvNtB4_15recursive_types4bodys_0EB6_
FNDA:15,_RINvNtNtCsgF2QWeVDbw9_4koan8builtins10await_body19await_body_in_scopeNCNvNtB4_7sig_def4body0EB6_
FNDA:20,_RNCINvNtNtCsgF2QWeVDbw9_4koan8builtins10await_body19await_body_in_scopeNCNvNtB6_10module_def4body0E0B8_
FNDA:0,_RNCINvNtNtCsgF2QWeVDbw9_4koan8builtins10await_body19await_body_in_scopeNCNvNtB6_15recursive_types4bodys_0E0B8_
FNDA:14,_RNCINvNtNtCsgF2QWeVDbw9_4koan8builtins10await_body19await_body_in_scopeNCNvNtB6_7sig_def4body0E0B8_
FNDA:141,_RINvNtNtCsjSl7fZonGc2_4koan8builtins10await_body19await_body_in_scopeNCNvNtB4_10module_def4body0EB6_
FNDA:4,_RINvNtNtCsjSl7fZonGc2_4koan8builtins10await_body19await_body_in_scopeNCNvNtB4_15recursive_types4bodys_0EB6_
FNDA:114,_RINvNtNtCsjSl7fZonGc2_4koan8builtins10await_body19await_body_in_scopeNCNvNtB4_7sig_def4body0EB6_
FNDA:139,_RNCINvNtNtCsjSl7fZonGc2_4koan8builtins10await_body19await_body_in_scopeNCNvNtB6_10module_def4body0E0B8_
FNDA:3,_RNCINvNtNtCsjSl7fZonGc2_4koan8builtins10await_body19await_body_in_scopeNCNvNtB6_15recursive_types4bodys_0E0B8_
FNDA:112,_RNCINvNtNtCsjSl7fZonGc2_4koan8builtins10await_body19await_body_in_scopeNCNvNtB6_7sig_def4body0E0B8_
FNF:2
FNH:2
DA:30,295
DA:31,295
DA:32,295
DA:33,295
DA:34,295
DA:35,295
DA:36,295
DA:37,288
DA:38,285
DA:39,285
DA:40,288
DA:41,288
DA:42,295
DA:43,295
DA:44,295
DA:45,295
DA:46,295
DA:47,295
DA:48,295
DA:49,295
BRF:0
BRH:0
LF:21
LH:21
end_of_record
SF:/var/home/jack/Code/koan/src/builtins/block_tail.rs
FN:42,_RNvNtNtCsgF2QWeVDbw9_4koan8builtins10block_tail10block_tail
FN:59,_RNCNvNtNtCsgF2QWeVDbw9_4koan8builtins10block_tail10block_tail0B7_
FN:59,_RNCNvNtNtCsjSl7fZonGc2_4koan8builtins10block_tail10block_tail0B7_
FN:42,_RNvNtNtCsjSl7fZonGc2_4koan8builtins10block_tail10block_tail
FNDA:5,_RNvNtNtCsgF2QWeVDbw9_4koan8builtins10block_tail10block_tail
FNDA:4,_RNCNvNtNtCsgF2QWeVDbw9_4koan8builtins10block_tail10block_tail0B7_
FNDA:113,_RNCNvNtNtCsjSl7fZonGc2_4koan8builtins10block_tail10block_tail0B7_
FNDA:137,_RNvNtNtCsjSl7fZonGc2_4koan8builtins10block_tail10block_tail
FNF:2
FNH:2
DA:42,142
DA:43,142
DA:44,142
DA:45,142
DA:46,142
DA:47,142
DA:48,142
DA:49,142
DA:51,13
DA:52,13
DA:55,117
DA:56,0
DA:58,117
DA:59,117
DA:60,0
DA:61,117
DA:63,12
DA:64,12
DA:65,12
DA:66,12
DA:67,12
DA:70,142
DA:71,13
DA:72,129
DA:73,129
DA:74,129
DA:75,129
DA:76,129
DA:77,129
DA:80,142
DA:81,142
DA:82,142
DA:83,142
DA:84,142
DA:85,142
DA:86,142
DA:87,142
BRF:0
BRH:0
LF:38
LH:36
end_of_record
SF:/var/home/jack/Code/koan/src/builtins/branch_walk.rs
FN:241,_RNvNtNtCsgF2QWeVDbw9_4koan8builtins11branch_walk17resolve_head_type
FN:23,_RNvNtNtCsgF2QWeVDbw9_4koan8builtins11branch_walk20resolve_arm_contract
FN:146,_RNvNtNtCsgF2QWeVDbw9_4koan8builtins11branch_walk23find_branch_body_by_tag
FN:270,_RNvNtNtCsgF2QWeVDbw9_4koan8builtins11branch_walk24find_branch_body_by_type
FN:87,_RNvNtNtCsgF2QWeVDbw9_4koan8builtins11branch_walk8arm_tail
FN:119,_RNCNCNvNtNtCsgF2QWeVDbw9_4koan8builtins11branch_walk8arm_tail00B9_
FN:385,_RNCNvNtNtCsgF2QWeVDbw9_4koan8builtins11branch_walk24find_branch_body_by_type0B7_
FN:463,_RNCNvNtNtCsgF2QWeVDbw9_4koan8builtins11branch_walk24find_branch_body_by_types0_0B7_
FN:470,_RNCNvNtNtCsgF2QWeVDbw9_4koan8builtins11branch_walk24find_branch_body_by_types1_0B7_
FN:487,_RNCNvNtNtCsgF2QWeVDbw9_4koan8builtins11branch_walk24find_branch_body_by_types2_0B7_
FN:441,_RNCNvNtNtCsgF2QWeVDbw9_4koan8builtins11branch_walk24find_branch_body_by_types_0B7_
FN:102,_RNCNvNtNtCsgF2QWeVDbw9_4koan8builtins11branch_walk8arm_tail0B7_
FN:241,_RNvNtNtCsjSl7fZonGc2_4koan8builtins11branch_walk17resolve_head_type
FN:23,_RNvNtNtCsjSl7fZonGc2_4koan8builtins11branch_walk20resolve_arm_contract
FN:146,_RNvNtNtCsjSl7fZonGc2_4koan8builtins11branch_walk23find_branch_body_by_tag
FN:270,_RNvNtNtCsjSl7fZonGc2_4koan8builtins11branch_walk24find_branch_body_by_type
FN:87,_RNvNtNtCsjSl7fZonGc2_4koan8builtins11branch_walk8arm_tail
FN:119,_RNCNCNvNtNtCsjSl7fZonGc2_4koan8builtins11branch_walk8arm_tail00B9_
FN:385,_RNCNvNtNtCsjSl7fZonGc2_4koan8builtins11branch_walk24find_branch_body_by_type0B7_
FN:463,_RNCNvNtNtCsjSl7fZonGc2_4koan8builtins11branch_walk24find_branch_body_by_types0_0B7_
FN:470,_RNCNvNtNtCsjSl7fZonGc2_4koan8builtins11branch_walk24find_branch_body_by_types1_0B7_
FN:487,_RNCNvNtNtCsjSl7fZonGc2_4koan8builtins11branch_walk24find_branch_body_by_types2_0B7_
FN:441,_RNCNvNtNtCsjSl7fZonGc2_4koan8builtins11branch_walk24find_branch_body_by_types_0B7_
FN:102,_RNCNvNtNtCsjSl7fZonGc2_4koan8builtins11branch_walk8arm_tail0B7_
FNDA:0,_RNvNtNtCsgF2QWeVDbw9_4koan8builtins11branch_walk17resolve_head_type
FNDA:4,_RNvNtNtCsgF2QWeVDbw9_4koan8builtins11branch_walk20resolve_arm_contract
FNDA:1,_RNvNtNtCsgF2QWeVDbw9_4koan8builtins11branch_walk23find_branch_body_by_tag
FNDA:3,_RNvNtNtCsgF2QWeVDbw9_4koan8builtins11branch_walk24find_branch_body_by_type
FNDA:4,_RNvNtNtCsgF2QWeVDbw9_4koan8builtins11branch_walk8arm_tail
FNDA:2,_RNCNCNvNtNtCsgF2QWeVDbw9_4koan8builtins11branch_walk8arm_tail00B9_
FNDA:0,_RNCNvNtNtCsgF2QWeVDbw9_4koan8builtins11branch_walk24find_branch_body_by_type0B7_
FNDA:2,_RNCNvNtNtCsgF2QWeVDbw9_4koan8builtins11branch_walk24find_branch_body_by_types0_0B7_
FNDA:1,_RNCNvNtNtCsgF2QWeVDbw9_4koan8builtins11branch_walk24find_branch_body_by_types1_0B7_
FNDA:0,_RNCNvNtNtCsgF2QWeVDbw9_4koan8builtins11branch_walk24find_branch_body_by_types2_0B7_
FNDA:0,_RNCNvNtNtCsgF2QWeVDbw9_4koan8builtins11branch_walk24find_branch_body_by_types_0B7_
FNDA:4,_RNCNvNtNtCsgF2QWeVDbw9_4koan8builtins11branch_walk8arm_tail0B7_
FNDA:15,_RNvNtNtCsjSl7fZonGc2_4koan8builtins11branch_walk17resolve_head_type
FNDA:124,_RNvNtNtCsjSl7fZonGc2_4koan8builtins11branch_walk20resolve_arm_contract
FNDA:19,_RNvNtNtCsjSl7fZonGc2_4koan8builtins11branch_walk23find_branch_body_by_tag
FNDA:105,_RNvNtNtCsjSl7fZonGc2_4koan8builtins11branch_walk24find_branch_body_by_type
FNDA:113,_RNvNtNtCsjSl7fZonGc2_4koan8builtins11branch_walk8arm_tail
FNDA:98,_RNCNCNvNtNtCsjSl7fZonGc2_4koan8builtins11branch_walk8arm_tail00B9_
FNDA:2,_RNCNvNtNtCsjSl7fZonGc2_4koan8builtins11branch_walk24find_branch_body_by_type0B7_
FNDA:175,_RNCNvNtNtCsjSl7fZonGc2_4koan8builtins11branch_walk24find_branch_body_by_types0_0B7_
FNDA:90,_RNCNvNtNtCsjSl7fZonGc2_4koan8builtins11branch_walk24find_branch_body_by_types1_0B7_
FNDA:2,_RNCNvNtNtCsjSl7fZonGc2_4koan8builtins11branch_walk24find_branch_body_by_types2_0B7_
FNDA:2,_RNCNvNtNtCsjSl7fZonGc2_4koan8builtins11branch_walk24find_branch_body_by_types_0B7_
FNDA:113,_RNCNvNtNtCsjSl7fZonGc2_4koan8builtins11branch_walk8arm_tail0B7_
FNF:12
FNH:12
DA:23,128
DA:24,128
DA:25,128
DA:26,128
DA:28,128
DA:29,0
DA:30,0
DA:31,0
DA:35,0
DA:36,0
DA:37,0
DA:38,0
DA:42,128
DA:44,0
DA:45,0
DA:46,0
DA:53,128
DA:54,128
DA:55,0
DA:57,128
DA:58,128
DA:60,128
DA:87,117
DA:88,117
DA:89,117
DA:90,117
DA:91,117
DA:92,117
DA:96,117
DA:102,117
DA:110,117
DA:111,17
DA:112,17
DA:113,17
DA:114,100
DA:115,100
DA:116,100
DA:117,100
DA:118,100
DA:119,100
DA:120,100
DA:121,100
DA:122,13
DA:123,87
DA:124,81
DA:125,6
DA:126,0
DA:129,100
DA:133,117
DA:134,117
DA:135,117
DA:136,117
DA:137,117
DA:138,117
DA:139,117
DA:141,117
DA:146,20
DA:147,20
DA:148,20
DA:149,20
DA:150,20
DA:151,20
DA:152,20
DA:153,0
DA:154,0
DA:155,0
DA:156,0
DA:157,20
DA:158,20
DA:159,20
DA:160,29
DA:161,24
DA:162,24
DA:163,24
DA:164,24
DA:166,20
DA:169,0
DA:170,0
DA:171,0
DA:173,0
DA:177,4
DA:178,0
DA:179,0
DA:180,0
DA:181,0
DA:182,0
DA:185,24
DA:186,24
DA:187,0
DA:188,0
DA:189,0
DA:190,0
DA:191,0
DA:194,24
DA:195,22
DA:196,2
DA:197,2
DA:198,2
DA:199,2
DA:200,2
DA:203,22
DA:204,13
DA:205,9
DA:206,9
DA:207,4
DA:208,5
DA:209,9
DA:211,5
DA:212,20
DA:241,15
DA:242,15
DA:243,15
DA:244,15
DA:245,15
DA:246,15
DA:247,13
DA:248,2
DA:249,2
DA:250,2
DA:251,2
DA:253,15
DA:270,108
DA:271,108
DA:272,108
DA:273,108
DA:274,108
DA:275,108
DA:276,108
DA:277,108
DA:278,0
DA:279,0
DA:280,0
DA:281,0
DA:282,108
DA:286,108
DA:288,84
DA:290,84
DA:291,84
DA:292,84
DA:293,6
DA:294,6
DA:295,6
DA:296,18
DA:315,108
DA:316,108
DA:318,108
DA:319,316
DA:320,210
DA:321,210
DA:322,210
DA:324,210
DA:325,210
DA:326,0
DA:327,0
DA:328,0
DA:329,0
DA:330,0
DA:333,210
DA:334,210
DA:335,0
DA:336,0
DA:337,0
DA:338,0
DA:339,0
DA:343,20
DA:346,20
DA:347,20
DA:348,10
DA:349,10
DA:350,10
DA:353,10
DA:357,190
DA:358,190
DA:359,190
DA:366,165
DA:367,164
DA:368,164
DA:369,164
DA:370,164
DA:371,164
DA:372,164
DA:373,164
DA:374,164
DA:375,164
DA:376,164
DA:377,164
DA:379,1
DA:380,0
DA:382,1
DA:383,1
DA:384,1
DA:385,2
DA:386,1
DA:387,1
DA:388,1
DA:389,1
DA:390,1
DA:391,1
DA:392,1
DA:395,0
DA:396,0
DA:397,0
DA:398,0
DA:399,0
DA:400,0
DA:406,11
DA:407,11
DA:408,6
DA:409,6
DA:410,6
DA:411,6
DA:412,6
DA:413,6
DA:416,14
DA:417,13
DA:418,13
DA:419,13
DA:420,13
DA:421,13
DA:422,13
DA:426,0
DA:427,0
DA:428,0
DA:429,0
DA:430,0
DA:433,208
DA:438,106
DA:439,1
DA:440,1
DA:441,2
DA:442,1
DA:443,1
DA:444,1
DA:445,1
DA:446,1
DA:447,1
DA:448,105
DA:449,105
DA:450,14
DA:451,14
DA:452,14
DA:453,14
DA:454,91
DA:461,91
DA:462,91
DA:463,177
DA:464,91
DA:465,91
DA:466,3
DA:467,88
DA:468,88
DA:469,88
DA:470,91
DA:471,88
DA:472,88
DA:473,88
DA:474,87
DA:475,87
DA:476,87
DA:477,87
DA:478,87
DA:479,87
DA:480,87
DA:481,87
DA:482,87
DA:485,1
DA:486,1
DA:487,2
DA:488,1
DA:489,1
DA:490,1
DA:491,1
DA:492,1
DA:493,1
DA:496,108
BRF:0
BRH:0
LF:281
LH:225
end_of_record
SF:/var/home/jack/Code/koan/src/builtins/catch.rs
FN:92,_RNCNCNvNtNtCsgF2QWeVDbw9_4koan8builtins5catch4body00B9_
FN:117,_RNCNCNvNtNtCsgF2QWeVDbw9_4koan8builtins5catch4body0s0_0B9_
FN:104,_RNCNCNvNtNtCsgF2QWeVDbw9_4koan8builtins5catch4body0s_0B9_
FN:59,_RNCNvNtNtCsgF2QWeVDbw9_4koan8builtins5catch4body0B7_
FN:62,_RNvNCNvNtNtCsgF2QWeVDbw9_4koan8builtins5catch4body012build_result
FN:37,_RNvNtNtCsgF2QWeVDbw9_4koan8builtins5catch4body
FN:16,_RNvNtNtCsgF2QWeVDbw9_4koan8builtins5catch8register
FN:92,_RNCNCNvNtNtCsjSl7fZonGc2_4koan8builtins5catch4body00B9_
FN:117,_RNCNCNvNtNtCsjSl7fZonGc2_4koan8builtins5catch4body0s0_0B9_
FN:104,_RNCNCNvNtNtCsjSl7fZonGc2_4koan8builtins5catch4body0s_0B9_
FN:59,_RNCNvNtNtCsjSl7fZonGc2_4koan8builtins5catch4body0B7_
FN:62,_RNvNCNvNtNtCsjSl7fZonGc2_4koan8builtins5catch4body012build_result
FN:37,_RNvNtNtCsjSl7fZonGc2_4koan8builtins5catch4body
FN:16,_RNvNtNtCsjSl7fZonGc2_4koan8builtins5catch8register
FNDA:0,_RNCNCNvNtNtCsgF2QWeVDbw9_4koan8builtins5catch4body00B9_
FNDA:0,_RNCNCNvNtNtCsgF2QWeVDbw9_4koan8builtins5catch4body0s0_0B9_
FNDA:0,_RNCNCNvNtNtCsgF2QWeVDbw9_4koan8builtins5catch4body0s_0B9_
FNDA:0,_RNCNvNtNtCsgF2QWeVDbw9_4koan8builtins5catch4body0B7_
FNDA:0,_RNvNCNvNtNtCsgF2QWeVDbw9_4koan8builtins5catch4body012build_result
FNDA:0,_RNvNtNtCsgF2QWeVDbw9_4koan8builtins5catch4body
FNDA:60,_RNvNtNtCsgF2QWeVDbw9_4koan8builtins5catch8register
FNDA:3,_RNCNCNvNtNtCsjSl7fZonGc2_4koan8builtins5catch4body00B9_
FNDA:5,_RNCNCNvNtNtCsjSl7fZonGc2_4koan8builtins5catch4body0s0_0B9_
FNDA:5,_RNCNCNvNtNtCsjSl7fZonGc2_4koan8builtins5catch4body0s_0B9_
FNDA:8,_RNCNvNtNtCsjSl7fZonGc2_4koan8builtins5catch4body0B7_
FNDA:8,_RNvNCNvNtNtCsjSl7fZonGc2_4koan8builtins5catch4body012build_result
FNDA:8,_RNvNtNtCsjSl7fZonGc2_4koan8builtins5catch4body
FNDA:616,_RNvNtNtCsjSl7fZonGc2_4koan8builtins5catch8register
FNF:7
FNH:7
DA:16,676
DA:22,676
DA:23,676
DA:24,0
DA:26,676
DA:27,676
DA:28,676
DA:29,676
DA:30,676
DA:32,676
DA:33,676
DA:37,8
DA:38,8
DA:39,8
DA:49,8
DA:52,8
DA:53,8
DA:54,0
DA:58,8
DA:59,8
DA:62,8
DA:63,8
DA:64,8
DA:65,0
DA:67,8
DA:68,8
DA:69,8
DA:70,8
DA:71,8
DA:72,8
DA:73,8
DA:74,8
DA:79,8
DA:80,8
DA:81,8
DA:82,8
DA:83,8
DA:84,8
DA:85,8
DA:86,8
DA:89,3
DA:90,3
DA:91,3
DA:92,3
DA:93,3
DA:94,3
DA:95,3
DA:96,3
DA:97,3
DA:98,3
DA:99,3
DA:103,5
DA:104,5
DA:105,5
DA:106,5
DA:107,5
DA:108,5
DA:109,5
DA:110,5
DA:113,5
DA:114,5
DA:115,5
DA:116,5
DA:117,5
DA:118,5
DA:119,5
DA:120,5
DA:121,5
DA:122,5
DA:123,5
DA:124,5
DA:128,8
DA:129,8
DA:130,8
DA:131,8
DA:132,8
DA:133,8
DA:134,8
DA:135,8
DA:136,8
DA:137,8
BRF:0
BRH:0
LF:83
LH:80
end_of_record
SF:/var/home/jack/Code/koan/src/builtins/eval.rs
FN:15,_RNvNtNtCsgF2QWeVDbw9_4koan8builtins4eval4body
FN:47,_RNvNtNtCsgF2QWeVDbw9_4koan8builtins4eval8register
FN:60,_RNvNtNtNtCsjSl7fZonGc2_4koan8builtins4eval5tests11run_program
FN:117,_RNvNtNtNtCsjSl7fZonGc2_4koan8builtins4eval5testss_21recursive_eval_no_uaf
FN:69,_RNvNtNtNtCsjSl7fZonGc2_4koan8builtins4eval5testss_22eval_of_quoted_literal
FN:103,_RNvNtNtNtCsjSl7fZonGc2_4koan8builtins4eval5testss_34multiline_sigil_collapse_roundtrip
FN:109,_RNvNtNtNtCsjSl7fZonGc2_4koan8builtins4eval5testss_35eval_returns_inner_expression_value
FN:97,_RNvNtNtNtCsjSl7fZonGc2_4koan8builtins4eval5testss_37eval_runs_side_effects_in_quoted_body
FN:75,_RNvNtNtNtCsjSl7fZonGc2_4koan8builtins4eval5testss_38eval_of_function_returning_kexpression
FN:84,_RNvNtNtNtCsjSl7fZonGc2_4koan8builtins4eval5testss_49eval_of_non_kexpression_errors_with_type_mismatch
FN:15,_RNvNtNtCsjSl7fZonGc2_4koan8builtins4eval4body
FN:47,_RNvNtNtCsjSl7fZonGc2_4koan8builtins4eval8register
FNDA:0,_RNvNtNtCsgF2QWeVDbw9_4koan8builtins4eval4body
FNDA:60,_RNvNtNtCsgF2QWeVDbw9_4koan8builtins4eval8register
FNDA:6,_RNvNtNtNtCsjSl7fZonGc2_4koan8builtins4eval5tests11run_program
FNDA:1,_RNvNtNtNtCsjSl7fZonGc2_4koan8builtins4eval5testss_21recursive_eval_no_uaf
FNDA:1,_RNvNtNtNtCsjSl7fZonGc2_4koan8builtins4eval5testss_22eval_of_quoted_literal
FNDA:1,_RNvNtNtNtCsjSl7fZonGc2_4koan8builtins4eval5testss_34multiline_sigil_collapse_roundtrip
FNDA:1,_RNvNtNtNtCsjSl7fZonGc2_4koan8builtins4eval5testss_35eval_returns_inner_expression_value
FNDA:1,_RNvNtNtNtCsjSl7fZonGc2_4koan8builtins4eval5testss_37eval_runs_side_effects_in_quoted_body
FNDA:1,_RNvNtNtNtCsjSl7fZonGc2_4koan8builtins4eval5testss_38eval_of_function_returning_kexpression
FNDA:1,_RNvNtNtNtCsjSl7fZonGc2_4koan8builtins4eval5testss_49eval_of_non_kexpression_errors_with_type_mismatch
FNDA:14,_RNvNtNtCsjSl7fZonGc2_4koan8builtins4eval4body
FNDA:616,_RNvNtNtCsjSl7fZonGc2_4koan8builtins4eval8register
FNF:10
FNH:10
DA:15,14
DA:16,14
DA:17,14
DA:22,14
DA:23,13
DA:24,1
DA:25,1
DA:26,1
DA:27,1
DA:28,1
DA:29,1
DA:31,0
DA:37,13
DA:38,13
DA:39,13
DA:40,13
DA:41,13
DA:42,13
DA:43,13
DA:45,14
DA:47,676
DA:48,676
DA:49,676
DA:50,676
DA:60,6
DA:61,6
DA:62,6
DA:63,6
DA:64,6
DA:65,6
DA:66,6
DA:69,1
DA:70,1
DA:71,1
DA:72,1
DA:75,1
DA:76,1
DA:77,1
DA:78,1
DA:80,1
DA:81,1
DA:84,1
DA:85,1
DA:86,1
DA:87,1
DA:88,1
DA:89,1
DA:90,1
DA:91,1
DA:94,1
DA:97,1
DA:98,1
DA:99,1
DA:100,1
DA:103,1
DA:104,1
DA:105,1
DA:106,1
DA:109,1
DA:112,1
DA:113,1
DA:114,1
DA:117,1
DA:121,1
DA:122,1
DA:123,1
DA:124,1
DA:125,1
DA:126,1
DA:127,1
DA:129,1
DA:130,1
BRF:0
BRH:0
LF:72
LH:71
end_of_record
SF:/var/home/jack/Code/koan/src/builtins/fn_def.rs
FN:133,_RNCNvNtNtCsgF2QWeVDbw9_4koan8builtins6fn_def18body_record_schema0B7_
FN:195,_RNCNvNtNtCsgF2QWeVDbw9_4koan8builtins6fn_def8register0B7_
FN:230,_RNCNvNtNtCsgF2QWeVDbw9_4koan8builtins6fn_def8registers0_0B7_
FN:247,_RNCNvNtNtCsgF2QWeVDbw9_4koan8builtins6fn_def8registers1_0B7_
FN:212,_RNCNvNtNtCsgF2QWeVDbw9_4koan8builtins6fn_def8registers_0B7_
FN:24,_RNvNtNtCsgF2QWeVDbw9_4koan8builtins6fn_def13build_fn_like
FN:110,_RNvNtNtCsgF2QWeVDbw9_4koan8builtins6fn_def18body_record_schema
FN:89,_RNvNtNtCsgF2QWeVDbw9_4koan8builtins6fn_def23body_value_named_return
FN:81,_RNvNtNtCsgF2QWeVDbw9_4koan8builtins6fn_def4body
FN:172,_RNvNtNtCsgF2QWeVDbw9_4koan8builtins6fn_def8register
FN:24,_RNvNtNtCsjSl7fZonGc2_4koan8builtins6fn_def13build_fn_like
FN:110,_RNvNtNtCsjSl7fZonGc2_4koan8builtins6fn_def18body_record_schema
FN:89,_RNvNtNtCsjSl7fZonGc2_4koan8builtins6fn_def23body_value_named_return
FN:81,_RNvNtNtCsjSl7fZonGc2_4koan8builtins6fn_def4body
FN:172,_RNvNtNtCsjSl7fZonGc2_4koan8builtins6fn_def8register
FN:133,_RNCNvNtNtCsjSl7fZonGc2_4koan8builtins6fn_def18body_record_schema0B7_
FN:195,_RNCNvNtNtCsjSl7fZonGc2_4koan8builtins6fn_def8register0B7_
FN:230,_RNCNvNtNtCsjSl7fZonGc2_4koan8builtins6fn_def8registers0_0B7_
FN:247,_RNCNvNtNtCsjSl7fZonGc2_4koan8builtins6fn_def8registers1_0B7_
FN:212,_RNCNvNtNtCsjSl7fZonGc2_4koan8builtins6fn_def8registers_0B7_
FNDA:0,_RNCNvNtNtCsgF2QWeVDbw9_4koan8builtins6fn_def18body_record_schema0B7_
FNDA:60,_RNCNvNtNtCsgF2QWeVDbw9_4koan8builtins6fn_def8register0B7_
FNDA:60,_RNCNvNtNtCsgF2QWeVDbw9_4koan8builtins6fn_def8registers0_0B7_
FNDA:60,_RNCNvNtNtCsgF2QWeVDbw9_4koan8builtins6fn_def8registers1_0B7_
FNDA:60,_RNCNvNtNtCsgF2QWeVDbw9_4koan8builtins6fn_def8registers_0B7_
FNDA:34,_RNvNtNtCsgF2QWeVDbw9_4koan8builtins6fn_def13build_fn_like
FNDA:0,_RNvNtNtCsgF2QWeVDbw9_4koan8builtins6fn_def18body_record_schema
FNDA:0,_RNvNtNtCsgF2QWeVDbw9_4koan8builtins6fn_def23body_value_named_return
FNDA:34,_RNvNtNtCsgF2QWeVDbw9_4koan8builtins6fn_def4body
FNDA:60,_RNvNtNtCsgF2QWeVDbw9_4koan8builtins6fn_def8register
FNDA:297,_RNvNtNtCsjSl7fZonGc2_4koan8builtins6fn_def13build_fn_like
FNDA:10,_RNvNtNtCsjSl7fZonGc2_4koan8builtins6fn_def18body_record_schema
FNDA:1,_RNvNtNtCsjSl7fZonGc2_4koan8builtins6fn_def23body_value_named_return
FNDA:297,_RNvNtNtCsjSl7fZonGc2_4koan8builtins6fn_def4body
FNDA:616,_RNvNtNtCsjSl7fZonGc2_4koan8builtins6fn_def8register
FNDA:9,_RNCNvNtNtCsjSl7fZonGc2_4koan8builtins6fn_def18body_record_schema0B7_
FNDA:616,_RNCNvNtNtCsjSl7fZonGc2_4koan8builtins6fn_def8register0B7_
FNDA:616,_RNCNvNtNtCsjSl7fZonGc2_4koan8builtins6fn_def8registers0_0B7_
FNDA:616,_RNCNvNtNtCsjSl7fZonGc2_4koan8builtins6fn_def8registers1_0B7_
FNDA:616,_RNCNvNtNtCsjSl7fZonGc2_4koan8builtins6fn_def8registers_0B7_
FNF:10
FNH:10
DA:24,331
DA:25,331
DA:26,331
DA:27,331
DA:28,331
DA:33,331
DA:34,331
DA:35,331
DA:36,331
DA:37,331
DA:38,331
DA:39,331
DA:40,331
DA:41,331
DA:42,331
DA:43,331
DA:44,328
DA:45,242
DA:46,4
DA:47,4
DA:50,82
DA:51,82
DA:52,82
DA:53,82
DA:54,82
DA:55,82
DA:57,324
DA:58,324
DA:60,215
DA:61,215
DA:62,215
DA:63,215
DA:64,215
DA:65,215
DA:66,215
DA:67,215
DA:68,215
DA:70,109
DA:72,331
DA:81,331
DA:82,331
DA:83,331
DA:84,331
DA:85,331
DA:89,1
DA:90,1
DA:91,1
DA:94,1
DA:95,1
DA:96,1
DA:97,1
DA:98,1
DA:99,1
DA:110,10
DA:111,10
DA:112,10
DA:117,10
DA:118,9
DA:119,1
DA:120,1
DA:121,1
DA:122,1
DA:123,1
DA:126,0
DA:127,0
DA:128,0
DA:131,9
DA:132,9
DA:133,9
DA:134,9
DA:135,9
DA:136,9
DA:137,9
DA:138,9
DA:139,9
DA:140,9
DA:141,9
DA:142,9
DA:143,9
DA:144,9
DA:145,9
DA:146,9
DA:147,9
DA:148,9
DA:149,9
DA:150,9
DA:151,9
DA:152,9
DA:153,9
DA:154,9
DA:155,9
DA:156,9
DA:157,9
DA:159,0
DA:160,0
DA:161,0
DA:162,0
DA:163,0
DA:164,0
DA:165,0
DA:166,0
DA:170,10
DA:172,676
DA:195,676
DA:196,676
DA:197,676
DA:198,676
DA:199,676
DA:200,676
DA:201,676
DA:202,676
DA:203,676
DA:204,676
DA:207,676
DA:212,676
DA:213,676
DA:214,676
DA:215,676
DA:216,676
DA:217,676
DA:218,676
DA:219,676
DA:220,676
DA:221,676
DA:224,676
DA:230,676
DA:231,676
DA:232,676
DA:233,676
DA:234,676
DA:235,676
DA:236,676
DA:237,676
DA:238,676
DA:239,676
DA:242,676
DA:247,676
DA:248,676
DA:249,676
DA:250,676
DA:251,676
DA:252,676
DA:253,676
DA:254,676
DA:255,676
DA:256,676
DA:259,676
DA:261,676
DA:262,676
DA:263,676
DA:264,676
DA:265,676
DA:266,676
DA:267,676
DA:268,676
DA:269,676
DA:271,676
DA:272,676
BRF:0
BRH:0
LF:163
LH:152
end_of_record
SF:/var/home/jack/Code/koan/src/builtins/fn_def/finalize.rs
FN:199,_RNCNvNtNtNtCsgF2QWeVDbw9_4koan8builtins6fn_def8finalize21finalize_fn_with_kind0B9_
FN:304,_RNCNvNtNtNtCsgF2QWeVDbw9_4koan8builtins6fn_def8finalize5defer0B9_
FN:187,_RNvNtNtNtCsgF2QWeVDbw9_4koan8builtins6fn_def8finalize21finalize_fn_with_kind
FN:262,_RNvNtNtNtCsgF2QWeVDbw9_4koan8builtins6fn_def8finalize5defer
FN:86,_RNvNtNtNtCsgF2QWeVDbw9_4koan8builtins6fn_def8finalize8classify
FN:247,_RNvNtNtNtCsgF2QWeVDbw9_4koan8builtins6fn_def8finalize9fn_action
FN:199,_RNCNvNtNtNtCsjSl7fZonGc2_4koan8builtins6fn_def8finalize21finalize_fn_with_kind0B9_
FN:304,_RNCNvNtNtNtCsjSl7fZonGc2_4koan8builtins6fn_def8finalize5defer0B9_
FN:187,_RNvNtNtNtCsjSl7fZonGc2_4koan8builtins6fn_def8finalize21finalize_fn_with_kind
FN:262,_RNvNtNtNtCsjSl7fZonGc2_4koan8builtins6fn_def8finalize5defer
FN:86,_RNvNtNtNtCsjSl7fZonGc2_4koan8builtins6fn_def8finalize8classify
FN:247,_RNvNtNtNtCsjSl7fZonGc2_4koan8builtins6fn_def8finalize9fn_action
FNDA:34,_RNCNvNtNtNtCsgF2QWeVDbw9_4koan8builtins6fn_def8finalize21finalize_fn_with_kind0B9_
FNDA:12,_RNCNvNtNtNtCsgF2QWeVDbw9_4koan8builtins6fn_def8finalize5defer0B9_
FNDA:34,_RNvNtNtNtCsgF2QWeVDbw9_4koan8builtins6fn_def8finalize21finalize_fn_with_kind
FNDA:12,_RNvNtNtNtCsgF2QWeVDbw9_4koan8builtins6fn_def8finalize5defer
FNDA:34,_RNvNtNtNtCsgF2QWeVDbw9_4koan8builtins6fn_def8finalize8classify
FNDA:34,_RNvNtNtNtCsgF2QWeVDbw9_4koan8builtins6fn_def8finalize9fn_action
FNDA:303,_RNCNvNtNtNtCsjSl7fZonGc2_4koan8builtins6fn_def8finalize21finalize_fn_with_kind0B9_
FNDA:97,_RNCNvNtNtNtCsjSl7fZonGc2_4koan8builtins6fn_def8finalize5defer0B9_
FNDA:297,_RNvNtNtNtCsjSl7fZonGc2_4koan8builtins6fn_def8finalize21finalize_fn_with_kind
FNDA:97,_RNvNtNtNtCsjSl7fZonGc2_4koan8builtins6fn_def8finalize5defer
FNDA:299,_RNvNtNtNtCsjSl7fZonGc2_4koan8builtins6fn_def8finalize8classify
FNDA:297,_RNvNtNtNtCsjSl7fZonGc2_4koan8builtins6fn_def8finalize9fn_action
FNF:6
FNH:6
DA:86,333
DA:87,333
DA:88,202
DA:89,202
DA:90,202
DA:91,202
DA:92,22
DA:93,22
DA:94,22
DA:95,22
DA:96,27
DA:98,27
DA:99,27
DA:100,27
DA:101,27
DA:102,27
DA:103,27
DA:104,27
DA:107,74
DA:109,74
DA:110,74
DA:112,74
DA:113,74
DA:114,74
DA:115,74
DA:116,74
DA:117,74
DA:118,74
DA:120,0
DA:122,0
DA:123,0
DA:125,0
DA:126,0
DA:127,0
DA:128,0
DA:129,0
DA:130,0
DA:131,0
DA:132,0
DA:133,0
DA:135,8
DA:137,8
DA:138,8
DA:143,8
DA:144,8
DA:145,8
DA:146,8
DA:147,8
DA:148,8
DA:149,8
DA:151,0
DA:154,0
DA:155,0
DA:156,0
DA:157,0
DA:158,0
DA:159,0
DA:160,0
DA:164,0
DA:165,0
DA:168,0
DA:169,0
DA:172,0
DA:173,0
DA:174,0
DA:175,0
DA:176,0
DA:177,0
DA:178,0
DA:179,0
DA:182,333
DA:187,331
DA:188,331
DA:189,331
DA:190,331
DA:191,331
DA:192,331
DA:193,331
DA:194,331
DA:199,337
DA:200,321
DA:201,16
DA:202,337
DA:204,331
DA:205,331
DA:206,331
DA:207,331
DA:209,331
DA:210,331
DA:211,331
DA:212,331
DA:213,331
DA:214,331
DA:215,331
DA:216,331
DA:221,331
DA:222,331
DA:223,331
DA:224,331
DA:225,322
DA:226,321
DA:228,1
DA:229,1
DA:230,1
DA:231,1
DA:234,321
DA:235,9
DA:242,328
DA:243,331
DA:247,331
DA:248,331
DA:249,331
DA:250,331
DA:251,328
DA:252,3
DA:254,331
DA:262,109
DA:263,109
DA:264,109
DA:265,109
DA:266,109
DA:267,109
DA:268,109
DA:273,109
DA:274,109
DA:275,109
DA:276,109
DA:277,109
DA:278,109
DA:282,109
DA:283,109
DA:284,109
DA:285,109
DA:286,109
DA:287,109
DA:288,109
DA:289,35
DA:290,35
DA:291,35
DA:292,35
DA:293,35
DA:294,74
DA:295,109
DA:296,109
DA:297,81
DA:298,81
DA:299,81
DA:300,81
DA:301,81
DA:302,81
DA:303,81
DA:304,109
DA:305,109
DA:306,109
DA:307,81
DA:308,81
DA:309,1
DA:310,1
DA:311,1
DA:312,1
DA:313,1
DA:314,80
DA:321,80
DA:322,80
DA:323,80
DA:325,108
DA:326,107
DA:327,108
DA:328,107
DA:329,0
DA:331,107
DA:332,107
DA:333,107
DA:334,0
DA:335,0
DA:338,0
DA:339,0
DA:340,0
DA:341,0
DA:346,107
DA:347,107
DA:348,107
DA:349,107
DA:350,107
DA:351,107
DA:352,107
DA:354,109
DA:355,109
DA:356,109
BRF:0
BRH:0
LF:191
LH:152
end_of_record
SF:/var/home/jack/Code/koan/src/builtins/fn_def/param_refs.rs
FN:21,_RNvNtNtNtCsgF2QWeVDbw9_4koan8builtins6fn_def10param_refs19part_references_any
FN:11,_RNvNtNtNtCsgF2QWeVDbw9_4koan8builtins6fn_def10param_refs24type_expr_references_any
FN:15,_RNvNtNtNtCsgF2QWeVDbw9_4koan8builtins6fn_def10param_refs26kexpression_references_any
FN:23,_RNCNvNtNtNtCsgF2QWeVDbw9_4koan8builtins6fn_def10param_refs19part_references_any0B9_
FN:32,_RNCNvNtNtNtCsgF2QWeVDbw9_4koan8builtins6fn_def10param_refs19part_references_anys0_0B9_
FN:39,_RNCNvNtNtNtCsgF2QWeVDbw9_4koan8builtins6fn_def10param_refs19part_references_anys1_0B9_
FN:30,_RNCNvNtNtNtCsgF2QWeVDbw9_4koan8builtins6fn_def10param_refs19part_references_anys_0B9_
FN:12,_RNCNvNtNtNtCsgF2QWeVDbw9_4koan8builtins6fn_def10param_refs24type_expr_references_any0B9_
FN:18,_RNCNvNtNtNtCsgF2QWeVDbw9_4koan8builtins6fn_def10param_refs26kexpression_references_any0B9_
FN:23,_RNCNvNtNtNtCsjSl7fZonGc2_4koan8builtins6fn_def10param_refs19part_references_any0B9_
FN:32,_RNCNvNtNtNtCsjSl7fZonGc2_4koan8builtins6fn_def10param_refs19part_references_anys0_0B9_
FN:39,_RNCNvNtNtNtCsjSl7fZonGc2_4koan8builtins6fn_def10param_refs19part_references_anys1_0B9_
FN:30,_RNCNvNtNtNtCsjSl7fZonGc2_4koan8builtins6fn_def10param_refs19part_references_anys_0B9_
FN:12,_RNCNvNtNtNtCsjSl7fZonGc2_4koan8builtins6fn_def10param_refs24type_expr_references_any0B9_
FN:18,_RNCNvNtNtNtCsjSl7fZonGc2_4koan8builtins6fn_def10param_refs26kexpression_references_any0B9_
FN:21,_RNvNtNtNtCsjSl7fZonGc2_4koan8builtins6fn_def10param_refs19part_references_any
FN:11,_RNvNtNtNtCsjSl7fZonGc2_4koan8builtins6fn_def10param_refs24type_expr_references_any
FN:15,_RNvNtNtNtCsjSl7fZonGc2_4koan8builtins6fn_def10param_refs26kexpression_references_any
FNDA:12,_RNvNtNtNtCsgF2QWeVDbw9_4koan8builtins6fn_def10param_refs19part_references_any
FNDA:9,_RNvNtNtNtCsgF2QWeVDbw9_4koan8builtins6fn_def10param_refs24type_expr_references_any
FNDA:4,_RNvNtNtNtCsgF2QWeVDbw9_4koan8builtins6fn_def10param_refs26kexpression_references_any
FNDA:0,_RNCNvNtNtNtCsgF2QWeVDbw9_4koan8builtins6fn_def10param_refs19part_references_any0B9_
FNDA:0,_RNCNvNtNtNtCsgF2QWeVDbw9_4koan8builtins6fn_def10param_refs19part_references_anys0_0B9_
FNDA:0,_RNCNvNtNtNtCsgF2QWeVDbw9_4koan8builtins6fn_def10param_refs19part_references_anys1_0B9_
FNDA:0,_RNCNvNtNtNtCsgF2QWeVDbw9_4koan8builtins6fn_def10param_refs19part_references_anys_0B9_
FNDA:9,_RNCNvNtNtNtCsgF2QWeVDbw9_4koan8builtins6fn_def10param_refs24type_expr_references_any0B9_
FNDA:12,_RNCNvNtNtNtCsgF2QWeVDbw9_4koan8builtins6fn_def10param_refs26kexpression_references_any0B9_
FNDA:21,_RNCNvNtNtNtCsjSl7fZonGc2_4koan8builtins6fn_def10param_refs19part_references_any0B9_
FNDA:1,_RNCNvNtNtNtCsjSl7fZonGc2_4koan8builtins6fn_def10param_refs19part_references_anys0_0B9_
FNDA:6,_RNCNvNtNtNtCsjSl7fZonGc2_4koan8builtins6fn_def10param_refs19part_references_anys1_0B9_
FNDA:1,_RNCNvNtNtNtCsjSl7fZonGc2_4koan8builtins6fn_def10param_refs19part_references_anys_0B9_
FNDA:41,_RNCNvNtNtNtCsjSl7fZonGc2_4koan8builtins6fn_def10param_refs24type_expr_references_any0B9_
FNDA:147,_RNCNvNtNtNtCsjSl7fZonGc2_4koan8builtins6fn_def10param_refs26kexpression_references_any0B9_
FNDA:156,_RNvNtNtNtCsjSl7fZonGc2_4koan8builtins6fn_def10param_refs19part_references_any
FNDA:57,_RNvNtNtNtCsjSl7fZonGc2_4koan8builtins6fn_def10param_refs24type_expr_references_any
FNDA:55,_RNvNtNtNtCsjSl7fZonGc2_4koan8builtins6fn_def10param_refs26kexpression_references_any
FNF:9
FNH:9
DA:11,66
DA:12,66
DA:13,66
DA:15,59
DA:16,59
DA:17,59
DA:18,159
DA:19,59
DA:21,168
DA:22,168
DA:23,23
DA:24,52
DA:25,6
DA:26,1
DA:28,0
DA:29,1
DA:30,1
DA:32,1
DA:33,1
DA:34,1
DA:37,5
DA:38,5
DA:39,6
DA:40,79
DA:42,168
BRF:0
BRH:0
LF:31
LH:30
end_of_record
SF:/var/home/jack/Code/koan/src/builtins/fn_def/return_type.rs
FN:126,_RNCNvNtNtNtCsgF2QWeVDbw9_4koan8builtins6fn_def11return_type25resolve_capture_at_finish0B9_
FN:110,_RNvNtNtNtCsgF2QWeVDbw9_4koan8builtins6fn_def11return_type12make_capture
FN:76,_RNvNtNtNtCsgF2QWeVDbw9_4koan8builtins6fn_def11return_type20classify_return_type
FN:56,_RNvNtNtNtCsgF2QWeVDbw9_4koan8builtins6fn_def11return_type23extract_return_type_raw
FN:117,_RNvNtNtNtCsgF2QWeVDbw9_4koan8builtins6fn_def11return_type25resolve_capture_at_finish
FN:110,_RNvNtNtNtCsjSl7fZonGc2_4koan8builtins6fn_def11return_type12make_capture
FN:76,_RNvNtNtNtCsjSl7fZonGc2_4koan8builtins6fn_def11return_type20classify_return_type
FN:56,_RNvNtNtNtCsjSl7fZonGc2_4koan8builtins6fn_def11return_type23extract_return_type_raw
FN:117,_RNvNtNtNtCsjSl7fZonGc2_4koan8builtins6fn_def11return_type25resolve_capture_at_finish
FN:126,_RNCNvNtNtNtCsjSl7fZonGc2_4koan8builtins6fn_def11return_type25resolve_capture_at_finish0B9_
FNDA:0,_RNCNvNtNtNtCsgF2QWeVDbw9_4koan8builtins6fn_def11return_type25resolve_capture_at_finish0B9_
FNDA:0,_RNvNtNtNtCsgF2QWeVDbw9_4koan8builtins6fn_def11return_type12make_capture
FNDA:34,_RNvNtNtNtCsgF2QWeVDbw9_4koan8builtins6fn_def11return_type20classify_return_type
FNDA:34,_RNvNtNtNtCsgF2QWeVDbw9_4koan8builtins6fn_def11return_type23extract_return_type_raw
FNDA:12,_RNvNtNtNtCsgF2QWeVDbw9_4koan8builtins6fn_def11return_type25resolve_capture_at_finish
FNDA:0,_RNvNtNtNtCsjSl7fZonGc2_4koan8builtins6fn_def11return_type12make_capture
FNDA:306,_RNvNtNtNtCsjSl7fZonGc2_4koan8builtins6fn_def11return_type20classify_return_type
FNDA:306,_RNvNtNtNtCsjSl7fZonGc2_4koan8builtins6fn_def11return_type23extract_return_type_raw
FNDA:96,_RNvNtNtNtCsjSl7fZonGc2_4koan8builtins6fn_def11return_type25resolve_capture_at_finish
FNDA:0,_RNCNvNtNtNtCsjSl7fZonGc2_4koan8builtins6fn_def11return_type25resolve_capture_at_finish0B9_
FNF:5
FNH:3
DA:56,340
DA:58,340
DA:59,288
DA:60,14
DA:61,274
DA:63,52
DA:64,52
DA:66,0
DA:67,0
DA:68,0
DA:69,0
DA:71,340
DA:76,340
DA:77,340
DA:78,340
DA:79,340
DA:80,340
DA:81,340
DA:82,340
DA:83,274
DA:84,14
DA:85,14
DA:86,5
DA:87,9
DA:90,9
DA:91,6
DA:92,0
DA:95,3
DA:96,3
DA:100,52
DA:101,52
DA:102,17
DA:104,35
DA:108,340
DA:110,0
DA:111,0
DA:112,0
DA:117,108
DA:118,108
DA:119,108
DA:120,108
DA:121,108
DA:122,108
DA:123,73
DA:124,0
DA:125,0
DA:126,0
DA:127,0
DA:128,0
DA:129,0
DA:131,0
DA:132,35
DA:133,35
DA:141,34
DA:142,34
DA:145,108
BRF:0
BRH:0
LF:57
LH:41
end_of_record
SF:/var/home/jack/Code/koan/src/builtins/fn_def/signature.rs
FN:194,_RNvNtNtNtCsgF2QWeVDbw9_4koan8builtins6fn_def9signature13binder_bucket
FN:62,_RNvNtNtNtCsgF2QWeVDbw9_4koan8builtins6fn_def9signature19parse_fn_param_list
FN:252,_RNvNtNtNtCsgF2QWeVDbw9_4koan8builtins6fn_def9signature19signature_expr_part
FN:12,_RNvNtNtNtCsgF2QWeVDbw9_4koan8builtins6fn_def9signature34collect_param_names_from_signature
FN:209,_RNCNvNtNtNtCsgF2QWeVDbw9_4koan8builtins6fn_def9signature13binder_bucket0B9_
FN:227,_RNCNvNtNtNtCsgF2QWeVDbw9_4koan8builtins6fn_def9signature13binder_buckets_0B9_
FN:194,_RNvNtNtNtCsjSl7fZonGc2_4koan8builtins6fn_def9signature13binder_bucket
FN:62,_RNvNtNtNtCsjSl7fZonGc2_4koan8builtins6fn_def9signature19parse_fn_param_list
FN:252,_RNvNtNtNtCsjSl7fZonGc2_4koan8builtins6fn_def9signature19signature_expr_part
FN:12,_RNvNtNtNtCsjSl7fZonGc2_4koan8builtins6fn_def9signature34collect_param_names_from_signature
FN:209,_RNCNvNtNtNtCsjSl7fZonGc2_4koan8builtins6fn_def9signature13binder_bucket0B9_
FN:227,_RNCNvNtNtNtCsjSl7fZonGc2_4koan8builtins6fn_def9signature13binder_buckets_0B9_
FNDA:68,_RNvNtNtNtCsgF2QWeVDbw9_4koan8builtins6fn_def9signature13binder_bucket
FNDA:46,_RNvNtNtNtCsgF2QWeVDbw9_4koan8builtins6fn_def9signature19parse_fn_param_list
FNDA:68,_RNvNtNtNtCsgF2QWeVDbw9_4koan8builtins6fn_def9signature19signature_expr_part
FNDA:34,_RNvNtNtNtCsgF2QWeVDbw9_4koan8builtins6fn_def9signature34collect_param_names_from_signature
FNDA:72,_RNCNvNtNtNtCsgF2QWeVDbw9_4koan8builtins6fn_def9signature13binder_bucket0B9_
FNDA:0,_RNCNvNtNtNtCsgF2QWeVDbw9_4koan8builtins6fn_def9signature13binder_buckets_0B9_
FNDA:619,_RNvNtNtNtCsjSl7fZonGc2_4koan8builtins6fn_def9signature13binder_bucket
FNDA:389,_RNvNtNtNtCsjSl7fZonGc2_4koan8builtins6fn_def9signature19parse_fn_param_list
FNDA:619,_RNvNtNtNtCsjSl7fZonGc2_4koan8builtins6fn_def9signature19signature_expr_part
FNDA:297,_RNvNtNtNtCsjSl7fZonGc2_4koan8builtins6fn_def9signature34collect_param_names_from_signature
FNDA:439,_RNCNvNtNtNtCsjSl7fZonGc2_4koan8builtins6fn_def9signature13binder_bucket0B9_
FNDA:22,_RNCNvNtNtNtCsjSl7fZonGc2_4koan8builtins6fn_def9signature13binder_buckets_0B9_
FNF:6
FNH:6
DA:12,331
DA:13,331
DA:14,331
DA:15,331
DA:16,934
DA:17,603
DA:18,259
DA:19,11
DA:20,333
DA:22,603
DA:23,270
DA:24,270
DA:25,268
DA:32,270
DA:33,268
DA:34,268
DA:35,268
DA:36,2
DA:37,333
DA:38,335
DA:40,331
DA:41,331
DA:62,435
DA:63,435
DA:64,435
DA:65,435
DA:66,435
DA:67,435
DA:68,435
DA:69,435
DA:70,435
DA:71,435
DA:72,1233
DA:75,800
DA:76,352
DA:77,11
DA:78,437
DA:80,800
DA:81,437
DA:82,437
DA:83,437
DA:84,437
DA:85,363
DA:86,363
DA:87,361
DA:88,200
DA:89,200
DA:90,197
DA:91,197
DA:92,197
DA:93,197
DA:94,197
DA:95,197
DA:96,1
DA:97,1
DA:98,1
DA:99,2
DA:100,2
DA:101,2
DA:102,2
DA:103,0
DA:105,200
DA:107,1
DA:108,1
DA:109,1
DA:110,1
DA:111,68
DA:112,68
DA:113,68
DA:114,68
DA:115,68
DA:116,68
DA:117,68
DA:118,68
DA:119,68
DA:120,68
DA:121,12
DA:122,12
DA:123,12
DA:124,12
DA:125,12
DA:126,12
DA:127,12
DA:128,12
DA:129,12
DA:130,80
DA:134,80
DA:135,80
DA:136,80
DA:137,80
DA:138,80
DA:139,80
DA:140,80
DA:141,80
DA:142,0
DA:143,0
DA:144,0
DA:145,0
DA:146,0
DA:147,0
DA:148,0
DA:153,2
DA:154,2
DA:155,2
DA:156,2
DA:160,0
DA:161,0
DA:162,0
DA:163,0
DA:164,0
DA:166,0
DA:167,0
DA:168,0
DA:169,0
DA:170,0
DA:174,433
DA:175,2
DA:176,431
DA:177,431
DA:178,82
DA:179,82
DA:180,82
DA:181,82
DA:182,349
DA:183,349
DA:184,435
DA:194,687
DA:195,687
DA:196,687
DA:198,687
DA:199,657
DA:200,657
DA:201,657
DA:202,1855
DA:203,1198
DA:204,661
DA:205,661
DA:206,661
DA:207,661
DA:209,515
DA:210,0
DA:211,511
DA:218,511
DA:219,515
DA:220,511
DA:221,511
DA:222,511
DA:223,4
DA:224,4
DA:227,22
DA:228,0
DA:229,22
DA:236,22
DA:237,22
DA:238,22
DA:239,22
DA:240,22
DA:241,0
DA:242,0
DA:244,0
DA:245,0
DA:246,0
DA:249,657
DA:250,687
DA:252,687
DA:253,687
DA:254,687
DA:255,657
DA:256,30
DA:258,687
BRF:0
BRH:0
LF:172
LH:147
end_of_record
SF:/var/home/jack/Code/koan/src/builtins/let_binding.rs
FN:19,_RNCNvNtNtCsgF2QWeVDbw9_4koan8builtins11let_binding4body0B7_
FN:145,_RNCNvNtNtCsgF2QWeVDbw9_4koan8builtins11let_binding4bodys_0B7_
FN:203,_RNCNvNtNtCsgF2QWeVDbw9_4koan8builtins11let_binding8register0B7_
FN:214,_RNCNvNtNtCsgF2QWeVDbw9_4koan8builtins11let_binding8registers_0B7_
FN:180,_RNvNtNtCsgF2QWeVDbw9_4koan8builtins11let_binding21capitalize_identifier
FN:161,_RNvNtNtCsgF2QWeVDbw9_4koan8builtins11let_binding21snake_case_identifier
FN:13,_RNvNtNtCsgF2QWeVDbw9_4koan8builtins11let_binding4body
FN:202,_RNvNtNtCsgF2QWeVDbw9_4koan8builtins11let_binding8register
FN:180,_RNvNtNtCsjSl7fZonGc2_4koan8builtins11let_binding21capitalize_identifier
FN:161,_RNvNtNtCsjSl7fZonGc2_4koan8builtins11let_binding21snake_case_identifier
FN:13,_RNvNtNtCsjSl7fZonGc2_4koan8builtins11let_binding4body
FN:202,_RNvNtNtCsjSl7fZonGc2_4koan8builtins11let_binding8register
FN:19,_RNCNvNtNtCsjSl7fZonGc2_4koan8builtins11let_binding4body0B7_
FN:145,_RNCNvNtNtCsjSl7fZonGc2_4koan8builtins11let_binding4bodys_0B7_
FN:203,_RNCNvNtNtCsjSl7fZonGc2_4koan8builtins11let_binding8register0B7_
FN:214,_RNCNvNtNtCsjSl7fZonGc2_4koan8builtins11let_binding8registers_0B7_
FNDA:1,_RNCNvNtNtCsgF2QWeVDbw9_4koan8builtins11let_binding4body0B7_
FNDA:25,_RNCNvNtNtCsgF2QWeVDbw9_4koan8builtins11let_binding4bodys_0B7_
FNDA:60,_RNCNvNtNtCsgF2QWeVDbw9_4koan8builtins11let_binding8register0B7_
FNDA:60,_RNCNvNtNtCsgF2QWeVDbw9_4koan8builtins11let_binding8registers_0B7_
FNDA:1,_RNvNtNtCsgF2QWeVDbw9_4koan8builtins11let_binding21capitalize_identifier
FNDA:0,_RNvNtNtCsgF2QWeVDbw9_4koan8builtins11let_binding21snake_case_identifier
FNDA:62,_RNvNtNtCsgF2QWeVDbw9_4koan8builtins11let_binding4body
FNDA:60,_RNvNtNtCsgF2QWeVDbw9_4koan8builtins11let_binding8register
FNDA:2,_RNvNtNtCsjSl7fZonGc2_4koan8builtins11let_binding21capitalize_identifier
FNDA:2,_RNvNtNtCsjSl7fZonGc2_4koan8builtins11let_binding21snake_case_identifier
FNDA:509,_RNvNtNtCsjSl7fZonGc2_4koan8builtins11let_binding4body
FNDA:616,_RNvNtNtCsjSl7fZonGc2_4koan8builtins11let_binding8register
FNDA:11,_RNCNvNtNtCsjSl7fZonGc2_4koan8builtins11let_binding4body0B7_
FNDA:219,_RNCNvNtNtCsjSl7fZonGc2_4koan8builtins11let_binding4bodys_0B7_
FNDA:616,_RNCNvNtNtCsjSl7fZonGc2_4koan8builtins11let_binding8register0B7_
FNDA:616,_RNCNvNtNtCsjSl7fZonGc2_4koan8builtins11let_binding8registers_0B7_
FNF:8
FNH:8
DA:13,571
DA:14,571
DA:15,571
DA:19,571
DA:20,571
DA:21,571
DA:22,571
DA:23,0
DA:25,571
DA:28,571
DA:29,571
DA:30,482
DA:33,482
DA:34,1
DA:35,2
DA:36,479
DA:38,482
DA:39,3
DA:40,3
DA:41,3
DA:42,3
DA:43,3
DA:44,3
DA:45,3
DA:46,3
DA:47,479
DA:48,479
DA:50,89
DA:51,89
DA:52,88
DA:58,1
DA:59,1
DA:60,1
DA:61,1
DA:63,0
DA:65,88
DA:66,4
DA:67,84
DA:72,1
DA:73,1
DA:74,1
DA:75,1
DA:76,1
DA:77,1
DA:79,3
DA:80,3
DA:81,3
DA:82,3
DA:83,3
DA:86,84
DA:88,0
DA:89,0
DA:90,0
DA:91,0
DA:92,0
DA:93,0
DA:95,0
DA:97,563
DA:98,2
DA:99,2
DA:100,2
DA:101,2
DA:102,561
DA:103,561
DA:108,84
DA:109,84
DA:110,84
DA:111,84
DA:112,84
DA:113,84
DA:114,84
DA:115,0
DA:119,84
DA:120,84
DA:122,477
DA:123,477
DA:124,477
DA:128,477
DA:129,1
DA:130,1
DA:131,1
DA:132,1
DA:133,1
DA:134,476
DA:142,476
DA:143,244
DA:144,244
DA:145,244
DA:146,232
DA:148,476
DA:149,475
DA:150,1
DA:152,475
DA:153,475
DA:154,475
DA:156,571
DA:161,2
DA:162,2
DA:163,16
DA:164,16
DA:165,5
DA:166,3
DA:167,3
DA:168,5
DA:169,11
DA:170,11
DA:171,11
DA:173,2
DA:174,2
DA:180,3
DA:181,3
DA:182,3
DA:183,3
DA:184,3
DA:185,3
DA:186,3
DA:187,3
DA:189,0
DA:191,3
DA:202,676
DA:203,676
DA:204,676
DA:205,676
DA:206,676
DA:207,676
DA:208,676
DA:209,676
DA:210,676
DA:213,676
DA:214,676
DA:215,676
DA:216,676
DA:217,676
DA:218,676
DA:219,676
DA:220,676
DA:221,676
DA:224,676
DA:225,676
DA:226,676
DA:227,676
DA:228,676
DA:229,676
DA:230,676
DA:231,676
DA:233,676
DA:234,676
DA:235,676
DA:236,676
DA:237,676
DA:238,676
DA:239,676
DA:241,676
BRF:0
BRH:0
LF:157
LH:146
end_of_record
SF:/var/home/jack/Code/koan/src/builtins/match_case.rs
FN:23,_RNvNtNtCsgF2QWeVDbw9_4koan8builtins10match_case4body
FN:80,_RNvNtNtCsgF2QWeVDbw9_4koan8builtins10match_case8register
FN:103,_RNvNtNtNtCsjSl7fZonGc2_4koan8builtins10match_case5tests11run_program
FN:142,_RNvNtNtNtCsjSl7fZonGc2_4koan8builtins10match_case5testss_25match_inexhaustive_errors
FN:122,_RNvNtNtNtCsjSl7fZonGc2_4koan8builtins10match_case5testss_29match_binds_inner_value_to_it
FN:220,_RNvNtNtNtCsjSl7fZonGc2_4koan8builtins10match_case5testss_29recursive_tagged_match_no_uaf
FN:235,_RNvNtNtNtCsjSl7fZonGc2_4koan8builtins10match_case5testss_33match_on_bool_inexhaustive_errors
FN:204,_RNvNtNtNtCsjSl7fZonGc2_4koan8builtins10match_case5testss_36match_on_bool_true_takes_true_branch
FN:132,_RNvNtNtNtCsjSl7fZonGc2_4koan8builtins10match_case5testss_37match_does_not_run_unmatched_branches
FN:212,_RNvNtNtNtCsjSl7fZonGc2_4koan8builtins10match_case5testss_38match_on_bool_false_takes_false_branch
FN:112,_RNvNtNtNtCsjSl7fZonGc2_4koan8builtins10match_case5testss_40match_dispatches_branch_for_matching_tag
FN:361,_RNvNtNtNtCsjSl7fZonGc2_4koan8builtins10match_case5testss_40match_on_bool_falls_through_to_typed_arm
FN:194,_RNvNtNtNtCsjSl7fZonGc2_4koan8builtins10match_case5testss_40match_other_branch_runs_when_tag_matches
FN:307,_RNvNtNtNtCsjSl7fZonGc2_4koan8builtins10match_case5testss_41match_f1_ambiguous_arms_error_naming_both
FN:293,_RNvNtNtNtCsjSl7fZonGc2_4koan8builtins10match_case5testss_41match_f1_specific_arm_wins_over_broad_arm
FN:275,_RNvNtNtNtCsjSl7fZonGc2_4koan8builtins10match_case5testss_41match_over_union_producer_selects_str_arm
FN:284,_RNvNtNtNtCsjSl7fZonGc2_4koan8builtins10match_case5testss_44match_general_type_arm_on_untagged_scrutinee
FN:265,_RNvNtNtNtCsjSl7fZonGc2_4koan8builtins10match_case5testss_44match_over_union_producer_selects_number_arm
FN:162,_RNvNtNtNtCsjSl7fZonGc2_4koan8builtins10match_case5testss_47match_arm_violating_declared_return_type_errors
FN:250,_RNvNtNtNtCsjSl7fZonGc2_4koan8builtins10match_case5testss_47multi_statement_match_branch_returns_last_value
FN:323,_RNvNtNtNtCsjSl7fZonGc2_4koan8builtins10match_case5testss_54match_bogus_head_over_variant_scrutinee_lists_variants
FN:181,_RNvNtNtNtCsjSl7fZonGc2_4koan8builtins10match_case5testss_54match_value_is_admissible_against_declared_return_slot
FN:344,_RNvNtNtNtCsjSl7fZonGc2_4koan8builtins10match_case5testss_55match_bogus_head_over_non_variant_scrutinee_stays_short
FN:371,_RNvNtNtNtCsjSl7fZonGc2_4koan8builtins10match_case5testss_55match_on_bool_two_admitting_literal_heads_are_ambiguous
FN:388,_RNvNtNtNtCsjSl7fZonGc2_4koan8builtins10match_case5testss_59fn_recursion_with_multi_statement_body_via_match_terminates
FN:23,_RNvNtNtCsjSl7fZonGc2_4koan8builtins10match_case4body
FN:80,_RNvNtNtCsjSl7fZonGc2_4koan8builtins10match_case8register
FNDA:3,_RNvNtNtCsgF2QWeVDbw9_4koan8builtins10match_case4body
FNDA:60,_RNvNtNtCsgF2QWeVDbw9_4koan8builtins10match_case8register
FNDA:16,_RNvNtNtNtCsjSl7fZonGc2_4koan8builtins10match_case5tests11run_program
FNDA:1,_RNvNtNtNtCsjSl7fZonGc2_4koan8builtins10match_case5testss_25match_inexhaustive_errors
FNDA:1,_RNvNtNtNtCsjSl7fZonGc2_4koan8builtins10match_case5testss_29match_binds_inner_value_to_it
FNDA:1,_RNvNtNtNtCsjSl7fZonGc2_4koan8builtins10match_case5testss_29recursive_tagged_match_no_uaf
FNDA:1,_RNvNtNtNtCsjSl7fZonGc2_4koan8builtins10match_case5testss_33match_on_bool_inexhaustive_errors
FNDA:1,_RNvNtNtNtCsjSl7fZonGc2_4koan8builtins10match_case5testss_36match_on_bool_true_takes_true_branch
FNDA:1,_RNvNtNtNtCsjSl7fZonGc2_4koan8builtins10match_case5testss_37match_does_not_run_unmatched_branches
FNDA:1,_RNvNtNtNtCsjSl7fZonGc2_4koan8builtins10match_case5testss_38match_on_bool_false_takes_false_branch
FNDA:1,_RNvNtNtNtCsjSl7fZonGc2_4koan8builtins10match_case5testss_40match_dispatches_branch_for_matching_tag
FNDA:1,_RNvNtNtNtCsjSl7fZonGc2_4koan8builtins10match_case5testss_40match_on_bool_falls_through_to_typed_arm
FNDA:1,_RNvNtNtNtCsjSl7fZonGc2_4koan8builtins10match_case5testss_40match_other_branch_runs_when_tag_matches
FNDA:1,_RNvNtNtNtCsjSl7fZonGc2_4koan8builtins10match_case5testss_41match_f1_ambiguous_arms_error_naming_both
FNDA:1,_RNvNtNtNtCsjSl7fZonGc2_4koan8builtins10match_case5testss_41match_f1_specific_arm_wins_over_broad_arm
FNDA:1,_RNvNtNtNtCsjSl7fZonGc2_4koan8builtins10match_case5testss_41match_over_union_producer_selects_str_arm
FNDA:1,_RNvNtNtNtCsjSl7fZonGc2_4koan8builtins10match_case5testss_44match_general_type_arm_on_untagged_scrutinee
FNDA:1,_RNvNtNtNtCsjSl7fZonGc2_4koan8builtins10match_case5testss_44match_over_union_producer_selects_number_arm
FNDA:1,_RNvNtNtNtCsjSl7fZonGc2_4koan8builtins10match_case5testss_47match_arm_violating_declared_return_type_errors
FNDA:1,_RNvNtNtNtCsjSl7fZonGc2_4koan8builtins10match_case5testss_47multi_statement_match_branch_returns_last_value
FNDA:1,_RNvNtNtNtCsjSl7fZonGc2_4koan8builtins10match_case5testss_54match_bogus_head_over_variant_scrutinee_lists_variants
FNDA:1,_RNvNtNtNtCsjSl7fZonGc2_4koan8builtins10match_case5testss_54match_value_is_admissible_against_declared_return_slot
FNDA:1,_RNvNtNtNtCsjSl7fZonGc2_4koan8builtins10match_case5testss_55match_bogus_head_over_non_variant_scrutinee_stays_short
FNDA:1,_RNvNtNtNtCsjSl7fZonGc2_4koan8builtins10match_case5testss_55match_on_bool_two_admitting_literal_heads_are_ambiguous
FNDA:1,_RNvNtNtNtCsjSl7fZonGc2_4koan8builtins10match_case5testss_59fn_recursion_with_multi_statement_body_via_match_terminates
FNDA:105,_RNvNtNtCsjSl7fZonGc2_4koan8builtins10match_case4body
FNDA:616,_RNvNtNtCsjSl7fZonGc2_4koan8builtins10match_case8register
FNF:25
FNH:25
DA:23,108
DA:24,108
DA:25,108
DA:31,108
DA:32,108
DA:34,0
DA:35,0
DA:36,0
DA:39,108
DA:40,108
DA:41,101
DA:42,108
DA:43,101
DA:45,3
DA:46,3
DA:47,3
DA:48,3
DA:50,4
DA:57,101
DA:58,101
DA:59,9
DA:60,92
DA:61,92
DA:62,87
DA:64,5
DA:66,92
DA:67,0
DA:68,0
DA:69,0
DA:70,0
DA:71,0
DA:73,0
DA:75,0
DA:77,101
DA:78,108
DA:80,676
DA:81,676
DA:82,676
DA:83,676
DA:84,676
DA:85,676
DA:86,676
DA:87,676
DA:88,676
DA:89,676
DA:92,676
DA:93,676
DA:103,16
DA:104,16
DA:105,16
DA:106,16
DA:107,16
DA:108,16
DA:109,16
DA:112,1
DA:113,1
DA:114,1
DA:115,1
DA:116,1
DA:118,1
DA:119,1
DA:122,1
DA:123,1
DA:124,1
DA:125,1
DA:126,1
DA:128,1
DA:129,1
DA:132,1
DA:133,1
DA:134,1
DA:135,1
DA:136,1
DA:138,1
DA:139,1
DA:142,1
DA:143,1
DA:144,1
DA:145,1
DA:146,1
DA:147,1
DA:149,1
DA:150,1
DA:151,1
DA:155,1
DA:156,1
DA:159,1
DA:162,1
DA:163,1
DA:164,1
DA:165,1
DA:166,1
DA:167,1
DA:170,1
DA:171,1
DA:172,1
DA:174,1
DA:175,1
DA:178,1
DA:181,1
DA:184,1
DA:185,1
DA:186,1
DA:187,1
DA:188,1
DA:190,1
DA:191,1
DA:194,1
DA:195,1
DA:196,1
DA:197,1
DA:198,1
DA:200,1
DA:201,1
DA:204,1
DA:205,1
DA:206,1
DA:208,1
DA:209,1
DA:212,1
DA:213,1
DA:214,1
DA:216,1
DA:217,1
DA:220,1
DA:223,1
DA:224,1
DA:225,1
DA:226,1
DA:227,1
DA:228,1
DA:229,1
DA:231,1
DA:232,1
DA:235,1
DA:236,1
DA:237,1
DA:238,1
DA:239,1
DA:240,1
DA:243,1
DA:244,1
DA:247,1
DA:250,1
DA:251,1
DA:252,1
DA:253,1
DA:254,1
DA:255,1
DA:256,1
DA:257,1
DA:259,1
DA:260,1
DA:261,1
DA:262,1
DA:265,1
DA:267,1
DA:268,1
DA:269,1
DA:271,1
DA:272,1
DA:275,1
DA:276,1
DA:277,1
DA:278,1
DA:280,1
DA:281,1
DA:284,1
DA:287,1
DA:288,1
DA:289,1
DA:290,1
DA:293,1
DA:296,1
DA:297,1
DA:299,1
DA:300,1
DA:301,1
DA:303,1
DA:304,1
DA:307,1
DA:309,1
DA:310,1
DA:311,1
DA:312,1
DA:313,1
DA:315,1
DA:316,1
DA:317,1
DA:320,1
DA:323,1
DA:324,1
DA:325,1
DA:326,1
DA:327,1
DA:328,1
DA:332,1
DA:333,1
DA:334,1
DA:336,1
DA:337,1
DA:338,1
DA:341,1
DA:344,1
DA:347,1
DA:348,1
DA:349,1
DA:350,1
DA:351,1
DA:353,1
DA:354,1
DA:355,1
DA:358,1
DA:361,1
DA:364,1
DA:365,1
DA:367,1
DA:368,1
DA:371,1
DA:374,1
DA:375,1
DA:376,1
DA:377,1
DA:378,1
DA:380,1
DA:381,1
DA:382,1
DA:385,1
DA:388,1
DA:389,1
DA:390,1
DA:391,1
DA:392,1
DA:393,1
DA:394,1
DA:395,1
DA:396,1
DA:397,1
DA:398,1
DA:400,1
DA:401,1
DA:402,1
BRF:0
BRH:0
LF:242
LH:232
end_of_record
SF:/var/home/jack/Code/koan/src/builtins/module_def.rs
FN:96,_RNvNtNtCsgF2QWeVDbw9_4koan8builtins10module_def15body_type_named
FN:23,_RNvNtNtCsgF2QWeVDbw9_4koan8builtins10module_def4body
FN:110,_RNvNtNtCsgF2QWeVDbw9_4koan8builtins10module_def8register
FN:43,_RNCNvNtNtCsgF2QWeVDbw9_4koan8builtins10module_def4body0B7_
FN:111,_RNCNvNtNtCsgF2QWeVDbw9_4koan8builtins10module_def8register0B7_
FN:96,_RNvNtNtCsjSl7fZonGc2_4koan8builtins10module_def15body_type_named
FN:23,_RNvNtNtCsjSl7fZonGc2_4koan8builtins10module_def4body
FN:110,_RNvNtNtCsjSl7fZonGc2_4koan8builtins10module_def8register
FN:283,_RNvNtNtNtCsjSl7fZonGc2_4koan8builtins10module_def5testss_28module_unknown_member_errors
FN:251,_RNvNtNtNtCsjSl7fZonGc2_4koan8builtins10module_def5testss_29module_member_access_via_attr
FN:156,_RNvNtNtNtCsjSl7fZonGc2_4koan8builtins10module_def5testss_32binder_name_extracts_module_name
FN:182,_RNvNtNtNtCsjSl7fZonGc2_4koan8builtins10module_def5testss_32module_binds_under_name_in_scope
FN:269,_RNvNtNtNtCsjSl7fZonGc2_4koan8builtins10module_def5testss_33module_member_function_via_let_fn
FN:354,_RNvNtNtNtCsjSl7fZonGc2_4koan8builtins10module_def5testss_36module_body_dispatch_does_not_dangle
FN:307,_RNvNtNtNtCsjSl7fZonGc2_4koan8builtins10module_def5testss_38module_body_parks_on_outer_placeholder
FN:198,_RNvNtNtNtCsjSl7fZonGc2_4koan8builtins10module_def5testss_41bare_module_name_surfaces_as_object_value
FN:317,_RNvNtNtNtCsjSl7fZonGc2_4koan8builtins10module_def5testss_41module_body_error_short_circuits_finalize
FN:260,_RNvNtNtNtCsjSl7fZonGc2_4koan8builtins10module_def5testss_41module_with_multiple_statements_in_parens
FN:296,_RNvNtNtNtCsjSl7fZonGc2_4koan8builtins10module_def5testss_41nested_module_accessible_via_chained_attr
FN:331,_RNvNtNtNtCsjSl7fZonGc2_4koan8builtins10module_def5testss_50module_finalize_short_circuits_on_idempotent_state
FN:166,_RNvNtNtNtCsjSl7fZonGc2_4koan8builtins10module_def5testss_60type_token_module_name_errors_with_the_snake_case_respelling
FN:221,_RNvNtNtNtCsjSl7fZonGc2_4koan8builtins10module_def5testss_62module_in_list_surfaces_as_object_element_memoized_to_self_sig
FN:43,_RNCNvNtNtCsjSl7fZonGc2_4koan8builtins10module_def4body0B7_
FN:111,_RNCNvNtNtCsjSl7fZonGc2_4koan8builtins10module_def8register0B7_
FNDA:0,_RNvNtNtCsgF2QWeVDbw9_4koan8builtins10module_def15body_type_named
FNDA:21,_RNvNtNtCsgF2QWeVDbw9_4koan8builtins10module_def4body
FNDA:60,_RNvNtNtCsgF2QWeVDbw9_4koan8builtins10module_def8register
FNDA:20,_RNCNvNtNtCsgF2QWeVDbw9_4koan8builtins10module_def4body0B7_
FNDA:120,_RNCNvNtNtCsgF2QWeVDbw9_4koan8builtins10module_def8register0B7_
FNDA:1,_RNvNtNtCsjSl7fZonGc2_4koan8builtins10module_def15body_type_named
FNDA:141,_RNvNtNtCsjSl7fZonGc2_4koan8builtins10module_def4body
FNDA:616,_RNvNtNtCsjSl7fZonGc2_4koan8builtins10module_def8register
FNDA:1,_RNvNtNtNtCsjSl7fZonGc2_4koan8builtins10module_def5testss_28module_unknown_member_errors
FNDA:1,_RNvNtNtNtCsjSl7fZonGc2_4koan8builtins10module_def5testss_29module_member_access_via_attr
FNDA:1,_RNvNtNtNtCsjSl7fZonGc2_4koan8builtins10module_def5testss_32binder_name_extracts_module_name
FNDA:1,_RNvNtNtNtCsjSl7fZonGc2_4koan8builtins10module_def5testss_32module_binds_under_name_in_scope
FNDA:1,_RNvNtNtNtCsjSl7fZonGc2_4koan8builtins10module_def5testss_33module_member_function_via_let_fn
FNDA:1,_RNvNtNtNtCsjSl7fZonGc2_4koan8builtins10module_def5testss_36module_body_dispatch_does_not_dangle
FNDA:1,_RNvNtNtNtCsjSl7fZonGc2_4koan8builtins10module_def5testss_38module_body_parks_on_outer_placeholder
FNDA:1,_RNvNtNtNtCsjSl7fZonGc2_4koan8builtins10module_def5testss_41bare_module_name_surfaces_as_object_value
FNDA:1,_RNvNtNtNtCsjSl7fZonGc2_4koan8builtins10module_def5testss_41module_body_error_short_circuits_finalize
FNDA:1,_RNvNtNtNtCsjSl7fZonGc2_4koan8builtins10module_def5testss_41module_with_multiple_statements_in_parens
FNDA:1,_RNvNtNtNtCsjSl7fZonGc2_4koan8builtins10module_def5testss_41nested_module_accessible_via_chained_attr
FNDA:1,_RNvNtNtNtCsjSl7fZonGc2_4koan8builtins10module_def5testss_50module_finalize_short_circuits_on_idempotent_state
FNDA:1,_RNvNtNtNtCsjSl7fZonGc2_4koan8builtins10module_def5testss_60type_token_module_name_errors_with_the_snake_case_respelling
FNDA:1,_RNvNtNtNtCsjSl7fZonGc2_4koan8builtins10module_def5testss_62module_in_list_surfaces_as_object_element_memoized_to_self_sig
FNDA:139,_RNCNvNtNtCsjSl7fZonGc2_4koan8builtins10module_def4body0B7_
FNDA:1232,_RNCNvNtNtCsjSl7fZonGc2_4koan8builtins10module_def8register0B7_
FNF:19
FNH:19
DA:23,162
DA:24,162
DA:25,162
DA:31,162
DA:32,162
DA:33,162
DA:34,162
DA:35,162
DA:36,162
DA:37,162
DA:38,162
DA:39,162
DA:40,162
DA:41,162
DA:42,162
DA:43,159
DA:46,159
DA:47,159
DA:48,159
DA:49,159
DA:51,0
DA:52,0
DA:53,0
DA:54,159
DA:55,159
DA:56,159
DA:57,159
DA:58,159
DA:64,159
DA:65,159
DA:66,53
DA:67,53
DA:71,159
DA:78,159
DA:79,159
DA:80,159
DA:82,159
DA:83,159
DA:84,159
DA:85,0
DA:86,0
DA:87,0
DA:88,0
DA:90,159
DA:92,162
DA:96,1
DA:97,1
DA:98,1
DA:102,1
DA:103,1
DA:104,1
DA:105,1
DA:106,1
DA:107,1
DA:108,1
DA:110,676
DA:111,1352
DA:112,1352
DA:113,1352
DA:114,1352
DA:115,1352
DA:116,1352
DA:117,1352
DA:118,1352
DA:121,1352
DA:122,676
DA:123,676
DA:124,676
DA:125,676
DA:126,676
DA:127,676
DA:128,676
DA:129,676
DA:130,676
DA:131,676
DA:133,676
DA:134,676
DA:135,676
DA:136,676
DA:137,676
DA:138,676
DA:139,676
DA:141,676
DA:156,1
DA:157,1
DA:158,1
DA:159,1
DA:160,1
DA:166,1
DA:167,1
DA:168,1
DA:169,1
DA:170,1
DA:171,1
DA:172,1
DA:175,1
DA:176,1
DA:179,1
DA:182,1
DA:183,1
DA:184,1
DA:185,1
DA:186,1
DA:187,1
DA:188,1
DA:191,1
DA:192,1
DA:195,1
DA:198,1
DA:199,1
DA:200,1
DA:201,1
DA:203,1
DA:204,1
DA:205,0
DA:207,0
DA:211,1
DA:212,1
DA:213,0
DA:215,0
DA:218,1
DA:221,1
DA:223,1
DA:224,1
DA:225,1
DA:226,1
DA:227,1
[...]
FN:279,_RNCNvNtNtCsjSl7fZonGc2_4koan5parse10whitespace16line_delim_delta0B7_
FN:280,_RNCNvNtNtCsjSl7fZonGc2_4koan5parse10whitespace16line_delim_deltas_0B7_
FN:285,_RNCNvNtNtCsjSl7fZonGc2_4koan5parse10whitespace16line_paren_delta0B7_
FN:286,_RNCNvNtNtCsjSl7fZonGc2_4koan5parse10whitespace16line_paren_deltas_0B7_
FN:33,_RNCNvNtNtCsjSl7fZonGc2_4koan5parse10whitespace19collapse_whitespace0B7_
FN:252,_RNCNvNtNtCsjSl7fZonGc2_4koan5parse10whitespace19walk_content_cursor0B7_
FN:253,_RNCNvNtNtCsjSl7fZonGc2_4koan5parse10whitespace19walk_content_cursors_0B7_
FNDA:5164,_RNCNvNtNtCsgF2QWeVDbw9_4koan5parse10whitespace12collapse_str0B7_
FNDA:0,_RNCNvNtNtCsgF2QWeVDbw9_4koan5parse10whitespace12collapse_strs0_0B7_
FNDA:87,_RNCNvNtNtCsgF2QWeVDbw9_4koan5parse10whitespace12collapse_strs_0B7_
FNDA:5077,_RNCNvNtNtCsgF2QWeVDbw9_4koan5parse10whitespace16line_delim_delta0B7_
FNDA:5077,_RNCNvNtNtCsgF2QWeVDbw9_4koan5parse10whitespace16line_delim_deltas_0B7_
FNDA:5077,_RNCNvNtNtCsgF2QWeVDbw9_4koan5parse10whitespace16line_paren_delta0B7_
FNDA:5077,_RNCNvNtNtCsgF2QWeVDbw9_4koan5parse10whitespace16line_paren_deltas_0B7_
FNDA:0,_RNCNvNtNtCsgF2QWeVDbw9_4koan5parse10whitespace19collapse_whitespace0B7_
FNDA:24,_RNCNvNtNtCsgF2QWeVDbw9_4koan5parse10whitespace19walk_content_cursor0B7_
FNDA:0,_RNCNvNtNtCsgF2QWeVDbw9_4koan5parse10whitespace19walk_content_cursors_0B7_
FNDA:60,_RNvNtNtCsgF2QWeVDbw9_4koan5parse10whitespace12collapse_str
FNDA:147,_RNvNtNtCsgF2QWeVDbw9_4koan5parse10whitespace13adjust_parens
FNDA:147,_RNvNtNtCsgF2QWeVDbw9_4koan5parse10whitespace16line_delim_delta
FNDA:147,_RNvNtNtCsgF2QWeVDbw9_4koan5parse10whitespace16line_paren_delta
FNDA:60,_RNvNtNtCsgF2QWeVDbw9_4koan5parse10whitespace19collapse_whitespace
FNDA:147,_RNvNtNtCsgF2QWeVDbw9_4koan5parse10whitespace19walk_content_cursor
FNDA:294,_RNvNtNtCsgF2QWeVDbw9_4koan5parse10whitespace9emit_jump
FNDA:1097,_RNvNtNtCsjSl7fZonGc2_4koan5parse10whitespace12collapse_str
FNDA:1675,_RNvNtNtCsjSl7fZonGc2_4koan5parse10whitespace13adjust_parens
FNDA:1675,_RNvNtNtCsjSl7fZonGc2_4koan5parse10whitespace16line_delim_delta
FNDA:1682,_RNvNtNtCsjSl7fZonGc2_4koan5parse10whitespace16line_paren_delta
FNDA:1097,_RNvNtNtCsjSl7fZonGc2_4koan5parse10whitespace19collapse_whitespace
FNDA:1682,_RNvNtNtCsjSl7fZonGc2_4koan5parse10whitespace19walk_content_cursor
FNDA:3294,_RNvNtNtCsjSl7fZonGc2_4koan5parse10whitespace9emit_jump
FNDA:49059,_RNCNvNtNtCsjSl7fZonGc2_4koan5parse10whitespace12collapse_str0B7_
FNDA:159,_RNCNvNtNtCsjSl7fZonGc2_4koan5parse10whitespace12collapse_strs0_0B7_
FNDA:610,_RNCNvNtNtCsjSl7fZonGc2_4koan5parse10whitespace12collapse_strs_0B7_
FNDA:48135,_RNCNvNtNtCsjSl7fZonGc2_4koan5parse10whitespace16line_delim_delta0B7_
FNDA:48135,_RNCNvNtNtCsjSl7fZonGc2_4koan5parse10whitespace16line_delim_deltas_0B7_
FNDA:48157,_RNCNvNtNtCsjSl7fZonGc2_4koan5parse10whitespace16line_paren_delta0B7_
FNDA:48157,_RNCNvNtNtCsjSl7fZonGc2_4koan5parse10whitespace16line_paren_deltas_0B7_
FNDA:0,_RNCNvNtNtCsjSl7fZonGc2_4koan5parse10whitespace19collapse_whitespace0B7_
FNDA:252,_RNCNvNtNtCsjSl7fZonGc2_4koan5parse10whitespace19walk_content_cursor0B7_
FNDA:0,_RNCNvNtNtCsjSl7fZonGc2_4koan5parse10whitespace19walk_content_cursors_0B7_
FNF:17
FNH:15
DA:31,1157
DA:32,1157
DA:33,1157
DA:34,1157
DA:35,1157
DA:37,1157
DA:38,1157
DA:39,1157
DA:40,1157
DA:41,1157
DA:42,1157
DA:45,1157
DA:47,1157
DA:48,1157
DA:49,1157
DA:50,1157
DA:52,3003
DA:53,1853
DA:54,1853
DA:55,54223
DA:56,1853
DA:57,1853
DA:59,1853
DA:60,1853
DA:61,1853
DA:62,1853
DA:64,1853
DA:66,1853
DA:70,24
DA:71,24
DA:72,24
DA:73,8
DA:75,16
DA:77,24
DA:78,24
DA:79,1829
DA:81,1829
DA:83,1829
DA:84,1829
DA:86,1829
DA:87,1829
DA:89,1829
DA:90,1829
DA:91,1829
DA:92,1829
DA:93,1829
DA:117,1829
DA:118,54
DA:119,54
DA:120,1775
DA:123,1775
DA:124,32
DA:127,12
DA:128,1
DA:129,1
DA:130,1
DA:131,1
DA:132,1
DA:133,11
DA:134,11
DA:135,11
DA:136,20
DA:137,20
DA:140,1
DA:141,1
DA:142,1
DA:143,1
DA:144,1
DA:145,1
DA:146,19
DA:147,1743
DA:149,1762
DA:150,3
DA:151,3
DA:152,3
DA:153,3
DA:154,3
DA:155,3
DA:156,3
DA:157,3
DA:158,1759
DA:159,1759
DA:160,2
DA:161,2
DA:162,2
DA:163,2
DA:164,2
DA:165,2
DA:166,2
DA:167,2
DA:168,1757
DA:170,2331
DA:171,627
DA:172,574
DA:173,574
DA:174,574
DA:175,574
DA:176,53
DA:182,1757
DA:183,602
DA:184,1155
DA:188,1757
DA:189,1757
DA:190,18
DA:191,18
DA:192,18
DA:193,18
DA:194,18
DA:195,1739
DA:196,1739
DA:197,1739
DA:198,1739
DA:199,1739
DA:201,1757
DA:202,1757
DA:203,1757
DA:204,1757
DA:205,1757
DA:207,1757
DA:208,1757
DA:209,657
DA:211,1100
DA:213,1757
DA:216,2324
DA:217,1174
DA:218,1174
DA:219,1174
DA:221,1150
DA:222,1157
DA:224,3588
DA:225,3588
DA:226,3588
DA:227,3588
DA:228,3588
DA:233,1829
DA:234,1829
DA:235,1829
DA:236,53334
DA:237,51505
DA:238,51505
DA:239,276
DA:240,276
DA:241,889
DA:242,613
DA:243,613
DA:244,276
DA:245,0
DA:246,276
DA:247,276
DA:248,0
DA:249,276
DA:250,276
DA:251,276
DA:252,276
DA:253,276
DA:254,276
DA:255,51229
DA:256,276
DA:257,552
DA:258,276
DA:259,276
DA:260,276
DA:261,0
DA:262,276
DA:263,276
DA:264,564
DA:265,288
DA:266,288
DA:267,276
DA:268,50953
DA:269,50953
DA:270,50953
DA:271,50953
DA:273,1829
DA:274,1829
DA:278,1822
DA:279,53212
DA:280,53212
DA:281,1822
DA:282,1822
DA:284,1829
DA:285,53234
DA:286,53234
DA:287,1829
DA:288,1829
DA:291,1822
DA:292,1822
DA:293,15
DA:294,15
DA:295,15
DA:297,1807
DA:298,13
DA:299,13
DA:301,1822
BRF:0
BRH:0
LF:204
LH:199
end_of_record
SF:/var/home/jack/Code/koan/src/source.rs
FN:152,_RNvXININtCsgF2QWeVDbw9_4koan6sources2_0pEINtB5_7SpannedpEINtNtCs27Vx93FoQ6z_4core7convert4FrompE4fromB7_
FN:54,_RNvMNtCsgF2QWeVDbw9_4koan6sourceNtB2_10SourceFile7resolve
FN:117,_RNvMs_NtCsgF2QWeVDbw9_4koan6sourceNtB4_16CurrentFileGuard4push
FN:104,_RNvNtCsgF2QWeVDbw9_4koan6source11set_current
FN:98,_RNvNtCsgF2QWeVDbw9_4koan6source7current
FN:73,_RNvNtCsgF2QWeVDbw9_4koan6source8register
FN:38,_RINvMNtCsgF2QWeVDbw9_4koan6sourceNtB3_10SourceFile3newReEB5_
FN:85,_RINvNtCsgF2QWeVDbw9_4koan6source4withINtNtCs27Vx93FoQ6z_4core6option6OptionTINtNtCsgW8esjfipvk_5alloc2rc2RceEmmEENCNvXs2_NtNtNtB4_7machine4core6kerrorNtB1V_10KErrorKindNtNtBE_3fmt7Display3fmt0EB4_
FN:85,_RINvNtCsgF2QWeVDbw9_4koan6source4withNtB2_9SourceLocNCNCNvNtNtNtB4_7machine4core6kerror18location_from_expr00EB4_
FN:85,_RINvNtCsgF2QWeVDbw9_4koan6source4withTINtNtCs27Vx93FoQ6z_4core6option6OptionNtNtCsgW8esjfipvk_5alloc6string6StringEIBB_mEB1P_ENCNvMs0_NtNtNtB4_7machine4core6kerrorNtB28_10KErrorKind16to_struct_fields0EB4_
FN:85,_RINvNtCsgF2QWeVDbw9_4koan6source4withTINtNtCsgW8esjfipvk_5alloc3vec3VechEINtNtNtNtCs75vJTIYSa2J_3std11collections4hash3map7HashMapjNtNtBF_6string6StringEENCNvNtNtB4_5parse15expression_tree17parse_with_source0EB4_
FN:86,_RNCINvNtCsgF2QWeVDbw9_4koan6source4withINtNtCs27Vx93FoQ6z_4core6option6OptionTINtNtCsgW8esjfipvk_5alloc2rc2RceEmmEENCNvXs2_NtNtNtB6_7machine4core6kerrorNtB1X_10KErrorKindNtNtBG_3fmt7Display3fmt0E0B6_
FN:86,_RNCINvNtCsgF2QWeVDbw9_4koan6source4withNtB4_9SourceLocNCNCNvNtNtNtB6_7machine4core6kerror18location_from_expr00E0B6_
FN:86,_RNCINvNtCsgF2QWeVDbw9_4koan6source4withTINtNtCs27Vx93FoQ6z_4core6option6OptionNtNtCsgW8esjfipvk_5alloc6string6StringEIBD_mEB1R_ENCNvMs0_NtNtNtB6_7machine4core6kerrorNtB2a_10KErrorKind16to_struct_fields0E0B6_
FN:86,_RNCINvNtCsgF2QWeVDbw9_4koan6source4withTINtNtCsgW8esjfipvk_5alloc3vec3VechEINtNtNtNtCs75vJTIYSa2J_3std11collections4hash3map7HashMapjNtNtBH_6string6StringEENCNvNtNtB6_5parse15expression_tree17parse_with_source0E0B6_
FN:105,_RNCNvNtCsgF2QWeVDbw9_4koan6source11set_current0B5_
FN:74,_RNCNvNtCsgF2QWeVDbw9_4koan6source8register0B5_
FN:143,_RNvMs1_NtCsgF2QWeVDbw9_4koan6sourceINtB5_7SpannedNtNtNtNtB7_7machine5model3ast14ExpressionPartE2atB7_
FN:139,_RNvMs1_NtCsgF2QWeVDbw9_4koan6sourceINtB5_7SpannedNtNtNtNtB7_7machine5model3ast14ExpressionPartE4bareB7_
FN:125,_RNvXs0_NtCsgF2QWeVDbw9_4koan6sourceNtB5_16CurrentFileGuardNtNtNtCs27Vx93FoQ6z_4core3ops4drop4Drop4drop
FN:38,_RINvMNtCsjSl7fZonGc2_4koan6sourceNtB3_10SourceFile3newReEB5_
FN:85,_RINvNtCsjSl7fZonGc2_4koan6source4withINtNtCs27Vx93FoQ6z_4core6option6OptionTINtNtCsgW8esjfipvk_5alloc2rc2RceEmmEENCNvXs2_NtNtNtB4_7machine4core6kerrorNtB1V_10KErrorKindNtNtBE_3fmt7Display3fmt0EB4_
FN:85,_RINvNtCsjSl7fZonGc2_4koan6source4withINtNtCsgW8esjfipvk_5alloc2rc2RceENCNvNtB2_5testss_28register_and_with_round_trip0EB4_
FN:85,_RINvNtCsjSl7fZonGc2_4koan6source4withNtB2_9SourceLocNCNCNvNtNtNtB4_7machine4core6kerror18location_from_expr00EB4_
FN:85,_RINvNtCsjSl7fZonGc2_4koan6source4withTINtNtCs27Vx93FoQ6z_4core6option6OptionNtNtCsgW8esjfipvk_5alloc6string6StringEIBB_mEB1P_ENCNvMs0_NtNtNtB4_7machine4core6kerrorNtB28_10KErrorKind16to_struct_fields0EB4_
FN:85,_RINvNtCsjSl7fZonGc2_4koan6source4withTINtNtCsgW8esjfipvk_5alloc3vec3VechEINtNtNtNtCs75vJTIYSa2J_3std11collections4hash3map7HashMapjNtNtBF_6string6StringEENCNvNtNtB4_5parse15expression_tree17parse_with_source0EB4_
FN:85,_RINvNtCsjSl7fZonGc2_4koan6source4withTmmENCNvNtNtNtNtB4_5parse15expression_tree5tests5spanss_63parse_with_path_stamps_file_on_expression_and_resolves_line_col0EB4_
FN:86,_RNCINvNtCsjSl7fZonGc2_4koan6source4withINtNtCs27Vx93FoQ6z_4core6option6OptionTINtNtCsgW8esjfipvk_5alloc2rc2RceEmmEENCNvXs2_NtNtNtB6_7machine4core6kerrorNtB1X_10KErrorKindNtNtBG_3fmt7Display3fmt0E0B6_
FN:86,_RNCINvNtCsjSl7fZonGc2_4koan6source4withINtNtCsgW8esjfipvk_5alloc2rc2RceENCNvNtB4_5testss_28register_and_with_round_trip0E0B6_
FN:86,_RNCINvNtCsjSl7fZonGc2_4koan6source4withNtB4_9SourceLocNCNCNvNtNtNtB6_7machine4core6kerror18location_from_expr00E0B6_
FN:86,_RNCINvNtCsjSl7fZonGc2_4koan6source4withTINtNtCs27Vx93FoQ6z_4core6option6OptionNtNtCsgW8esjfipvk_5alloc6string6StringEIBD_mEB1R_ENCNvMs0_NtNtNtB6_7machine4core6kerrorNtB2a_10KErrorKind16to_struct_fields0E0B6_
FN:86,_RNCINvNtCsjSl7fZonGc2_4koan6source4withTINtNtCsgW8esjfipvk_5alloc3vec3VechEINtNtNtNtCs75vJTIYSa2J_3std11collections4hash3map7HashMapjNtNtBH_6string6StringEENCNvNtNtB6_5parse15expression_tree17parse_with_source0E0B6_
FN:86,_RNCINvNtCsjSl7fZonGc2_4koan6source4withTmmENCNvNtNtNtNtB6_5parse15expression_tree5tests5spanss_63parse_with_path_stamps_file_on_expression_and_resolves_line_col0E0B6_
FN:105,_RNCNvNtCsjSl7fZonGc2_4koan6source11set_current0B5_
FN:74,_RNCNvNtCsjSl7fZonGc2_4koan6source8register0B5_
FN:143,_RNvMs1_NtCsjSl7fZonGc2_4koan6sourceINtB5_7SpannedNtNtNtNtB7_7machine5model3ast14ExpressionPartE2atB7_
FN:139,_RNvMs1_NtCsjSl7fZonGc2_4koan6sourceINtB5_7SpannedNtNtNtNtB7_7machine5model3ast14ExpressionPartE4bareB7_
FN:139,_RNvMs1_NtCsjSl7fZonGc2_4koan6sourceINtB5_7SpannedmE4bareB7_
FN:152,_RNvXs2_NtCsjSl7fZonGc2_4koan6sourceINtB5_7SpannedNtNtNtNtB7_7machine5model3ast14ExpressionPartEINtNtCs27Vx93FoQ6z_4core7convert4FromBL_E4fromB7_
FN:152,_RNvXs2_NtCsjSl7fZonGc2_4koan6sourceINtB5_7SpannedmEINtNtCs27Vx93FoQ6z_4core7convert4FrommE4fromB7_
FN:125,_RNvXs0_NtCsjSl7fZonGc2_4koan6sourceNtB5_16CurrentFileGuardNtNtNtCs27Vx93FoQ6z_4core3ops4drop4Drop4drop
FN:54,_RNvMNtCsjSl7fZonGc2_4koan6sourceNtB2_10SourceFile7resolve
FN:117,_RNvMs_NtCsjSl7fZonGc2_4koan6sourceNtB4_16CurrentFileGuard4push
FN:104,_RNvNtCsjSl7fZonGc2_4koan6source11set_current
FN:98,_RNvNtCsjSl7fZonGc2_4koan6source7current
FN:73,_RNvNtCsjSl7fZonGc2_4koan6source8register
FN:192,_RNCNvNtNtCsjSl7fZonGc2_4koan6source5testss_28register_and_with_round_trip0B7_
FN:162,_RNvNtNtCsjSl7fZonGc2_4koan6source5testss_18resolve_first_line
FN:169,_RNvNtNtCsjSl7fZonGc2_4koan6source5testss_18resolve_multi_line
FN:210,_RNvNtNtCsjSl7fZonGc2_4koan6source5testss_24spanned_bare_has_no_span
FN:190,_RNvNtNtCsjSl7fZonGc2_4koan6source5testss_28register_and_with_round_trip
FN:217,_RNvNtNtCsjSl7fZonGc2_4koan6source5testss_33spanned_from_wraps_with_none_span
FN:197,_RNvNtNtCsjSl7fZonGc2_4koan6source5testss_36guard_restores_previous_current_file
FN:178,_RNvNtNtCsjSl7fZonGc2_4koan6source5testss_48resolve_utf16_columns_count_code_units_not_bytes
FNDA:0,_RNvXININtCsgF2QWeVDbw9_4koan6sources2_0pEINtB5_7SpannedpEINtNtCs27Vx93FoQ6z_4core7convert4FrompE4fromB7_
FNDA:0,_RNvMNtCsgF2QWeVDbw9_4koan6sourceNtB2_10SourceFile7resolve
FNDA:60,_RNvMs_NtCsgF2QWeVDbw9_4koan6sourceNtB4_16CurrentFileGuard4push
FNDA:120,_RNvNtCsgF2QWeVDbw9_4koan6source11set_current
FNDA:403,_RNvNtCsgF2QWeVDbw9_4koan6source7current
FNDA:60,_RNvNtCsgF2QWeVDbw9_4koan6source8register
FNDA:60,_RINvMNtCsgF2QWeVDbw9_4koan6sourceNtB3_10SourceFile3newReEB5_
FNDA:0,_RINvNtCsgF2QWeVDbw9_4koan6source4withINtNtCs27Vx93FoQ6z_4core6option6OptionTINtNtCsgW8esjfipvk_5alloc2rc2RceEmmEENCNvXs2_NtNtNtB4_7machine4core6kerrorNtB1V_10KErrorKindNtNtBE_3fmt7Display3fmt0EB4_
FNDA:0,_RINvNtCsgF2QWeVDbw9_4koan6source4withNtB2_9SourceLocNCNCNvNtNtNtB4_7machine4core6kerror18location_from_expr00EB4_
FNDA:0,_RINvNtCsgF2QWeVDbw9_4koan6source4withTINtNtCs27Vx93FoQ6z_4core6option6OptionNtNtCsgW8esjfipvk_5alloc6string6StringEIBB_mEB1P_ENCNvMs0_NtNtNtB4_7machine4core6kerrorNtB28_10KErrorKind16to_struct_fields0EB4_
FNDA:60,_RINvNtCsgF2QWeVDbw9_4koan6source4withTINtNtCsgW8esjfipvk_5alloc3vec3VechEINtNtNtNtCs75vJTIYSa2J_3std11collections4hash3map7HashMapjNtNtBF_6string6StringEENCNvNtNtB4_5parse15expression_tree17parse_with_source0EB4_
FNDA:0,_RNCINvNtCsgF2QWeVDbw9_4koan6source4withINtNtCs27Vx93FoQ6z_4core6option6OptionTINtNtCsgW8esjfipvk_5alloc2rc2RceEmmEENCNvXs2_NtNtNtB6_7machine4core6kerrorNtB1X_10KErrorKindNtNtBG_3fmt7Display3fmt0E0B6_
FNDA:0,_RNCINvNtCsgF2QWeVDbw9_4koan6source4withNtB4_9SourceLocNCNCNvNtNtNtB6_7machine4core6kerror18location_from_expr00E0B6_
FNDA:0,_RNCINvNtCsgF2QWeVDbw9_4koan6source4withTINtNtCs27Vx93FoQ6z_4core6option6OptionNtNtCsgW8esjfipvk_5alloc6string6StringEIBD_mEB1R_ENCNvMs0_NtNtNtB6_7machine4core6kerrorNtB2a_10KErrorKind16to_struct_fields0E0B6_
FNDA:60,_RNCINvNtCsgF2QWeVDbw9_4koan6source4withTINtNtCsgW8esjfipvk_5alloc3vec3VechEINtNtNtNtCs75vJTIYSa2J_3std11collections4hash3map7HashMapjNtNtBH_6string6StringEENCNvNtNtB6_5parse15expression_tree17parse_with_source0E0B6_
FNDA:120,_RNCNvNtCsgF2QWeVDbw9_4koan6source11set_current0B5_
FNDA:60,_RNCNvNtCsgF2QWeVDbw9_4koan6source8register0B5_
FNDA:1432,_RNvMs1_NtCsgF2QWeVDbw9_4koan6sourceINtB5_7SpannedNtNtNtNtB7_7machine5model3ast14ExpressionPartE2atB7_
FNDA:134,_RNvMs1_NtCsgF2QWeVDbw9_4koan6sourceINtB5_7SpannedNtNtNtNtB7_7machine5model3ast14ExpressionPartE4bareB7_
FNDA:60,_RNvXs0_NtCsgF2QWeVDbw9_4koan6sourceNtB5_16CurrentFileGuardNtNtNtCs27Vx93FoQ6z_4core3ops4drop4Drop4drop
FNDA:1046,_RINvMNtCsjSl7fZonGc2_4koan6sourceNtB3_10SourceFile3newReEB5_
FNDA:2,_RINvNtCsjSl7fZonGc2_4koan6source4withINtNtCs27Vx93FoQ6z_4core6option6OptionTINtNtCsgW8esjfipvk_5alloc2rc2RceEmmEENCNvXs2_NtNtNtB4_7machine4core6kerrorNtB1V_10KErrorKindNtNtBE_3fmt7Display3fmt0EB4_
FNDA:1,_RINvNtCsjSl7fZonGc2_4koan6source4withINtNtCsgW8esjfipvk_5alloc2rc2RceENCNvNtB2_5testss_28register_and_with_round_trip0EB4_
FNDA:4,_RINvNtCsjSl7fZonGc2_4koan6source4withNtB2_9SourceLocNCNCNvNtNtNtB4_7machine4core6kerror18location_from_expr00EB4_
FNDA:0,_RINvNtCsjSl7fZonGc2_4koan6source4withTINtNtCs27Vx93FoQ6z_4core6option6OptionNtNtCsgW8esjfipvk_5alloc6string6StringEIBB_mEB1P_ENCNvMs0_NtNtNtB4_7machine4core6kerrorNtB28_10KErrorKind16to_struct_fields0EB4_
FNDA:1038,_RINvNtCsjSl7fZonGc2_4koan6source4withTINtNtCsgW8esjfipvk_5alloc3vec3VechEINtNtNtNtCs75vJTIYSa2J_3std11collections4hash3map7HashMapjNtNtBF_6string6StringEENCNvNtNtB4_5parse15expression_tree17parse_with_source0EB4_
FNDA:1,_RINvNtCsjSl7fZonGc2_4koan6source4withTmmENCNvNtNtNtNtB4_5parse15expression_tree5tests5spanss_63parse_with_path_stamps_file_on_expression_and_resolves_line_col0EB4_
FNDA:2,_RNCINvNtCsjSl7fZonGc2_4koan6source4withINtNtCs27Vx93FoQ6z_4core6option6OptionTINtNtCsgW8esjfipvk_5alloc2rc2RceEmmEENCNvXs2_NtNtNtB6_7machine4core6kerrorNtB1X_10KErrorKindNtNtBG_3fmt7Display3fmt0E0B6_
FNDA:1,_RNCINvNtCsjSl7fZonGc2_4koan6source4withINtNtCsgW8esjfipvk_5alloc2rc2RceENCNvNtB4_5testss_28register_and_with_round_trip0E0B6_
FNDA:4,_RNCINvNtCsjSl7fZonGc2_4koan6source4withNtB4_9SourceLocNCNCNvNtNtNtB6_7machine4core6kerror18location_from_expr00E0B6_
FNDA:0,_RNCINvNtCsjSl7fZonGc2_4koan6source4withTINtNtCs27Vx93FoQ6z_4core6option6OptionNtNtCsgW8esjfipvk_5alloc6string6StringEIBD_mEB1R_ENCNvMs0_NtNtNtB6_7machine4core6kerrorNtB2a_10KErrorKind16to_struct_fields0E0B6_
FNDA:1038,_RNCINvNtCsjSl7fZonGc2_4koan6source4withTINtNtCsgW8esjfipvk_5alloc3vec3VechEINtNtNtNtCs75vJTIYSa2J_3std11collections4hash3map7HashMapjNtNtBH_6string6StringEENCNvNtNtB6_5parse15expression_tree17parse_with_source0E0B6_
FNDA:1,_RNCINvNtCsjSl7fZonGc2_4koan6source4withTmmENCNvNtNtNtNtB6_5parse15expression_tree5tests5spanss_63parse_with_path_stamps_file_on_expression_and_resolves_line_col0E0B6_
FNDA:2080,_RNCNvNtCsjSl7fZonGc2_4koan6source11set_current0B5_
FNDA:1042,_RNCNvNtCsjSl7fZonGc2_4koan6source8register0B5_
FNDA:14285,_RNvMs1_NtCsjSl7fZonGc2_4koan6sourceINtB5_7SpannedNtNtNtNtB7_7machine5model3ast14ExpressionPartE2atB7_
FNDA:1287,_RNvMs1_NtCsjSl7fZonGc2_4koan6sourceINtB5_7SpannedNtNtNtNtB7_7machine5model3ast14ExpressionPartE4bareB7_
FNDA:2,_RNvMs1_NtCsjSl7fZonGc2_4koan6sourceINtB5_7SpannedmE4bareB7_
FNDA:1,_RNvXs2_NtCsjSl7fZonGc2_4koan6sourceINtB5_7SpannedNtNtNtNtB7_7machine5model3ast14ExpressionPartEINtNtCs27Vx93FoQ6z_4core7convert4FromBL_E4fromB7_
FNDA:1,_RNvXs2_NtCsjSl7fZonGc2_4koan6sourceINtB5_7SpannedmEINtNtCs27Vx93FoQ6z_4core7convert4FrommE4fromB7_
FNDA:1040,_RNvXs0_NtCsjSl7fZonGc2_4koan6sourceNtB5_16CurrentFileGuardNtNtNtCs27Vx93FoQ6z_4core3ops4drop4Drop4drop
FNDA:18,_RNvMNtCsjSl7fZonGc2_4koan6sourceNtB2_10SourceFile7resolve
FNDA:1040,_RNvMs_NtCsjSl7fZonGc2_4koan6sourceNtB4_16CurrentFileGuard4push
FNDA:2080,_RNvNtCsjSl7fZonGc2_4koan6source11set_current
FNDA:4317,_RNvNtCsjSl7fZonGc2_4koan6source7current
FNDA:1042,_RNvNtCsjSl7fZonGc2_4koan6source8register
FNDA:1,_RNCNvNtNtCsjSl7fZonGc2_4koan6source5testss_28register_and_with_round_trip0B7_
FNDA:1,_RNvNtNtCsjSl7fZonGc2_4koan6source5testss_18resolve_first_line
FNDA:1,_RNvNtNtCsjSl7fZonGc2_4koan6source5testss_18resolve_multi_line
FNDA:1,_RNvNtNtCsjSl7fZonGc2_4koan6source5testss_24spanned_bare_has_no_span
FNDA:1,_RNvNtNtCsjSl7fZonGc2_4koan6source5testss_28register_and_with_round_trip
FNDA:1,_RNvNtNtCsjSl7fZonGc2_4koan6source5testss_33spanned_from_wraps_with_none_span
FNDA:1,_RNvNtNtCsjSl7fZonGc2_4koan6source5testss_36guard_restores_previous_current_file
FNDA:1,_RNvNtNtCsjSl7fZonGc2_4koan6source5testss_48resolve_utf16_columns_count_code_units_not_bytes
FNF:22
FNH:22
DA:38,1106
DA:39,1106
DA:40,1106
DA:41,52096
DA:42,52096
DA:43,599
DA:44,51497
DA:46,1106
DA:47,1106
DA:48,1106
DA:49,1106
DA:50,1106
DA:51,1106
DA:54,18
DA:55,18
DA:56,11
DA:57,7
DA:59,18
DA:60,18
DA:61,18
DA:62,18
DA:63,18
DA:73,1102
DA:74,1102
DA:75,1102
DA:76,1102
DA:77,1102
DA:78,1102
DA:79,1102
DA:80,1102
DA:85,1106
DA:86,1106
DA:87,1106
DA:88,1106
DA:89,1106
DA:90,1106
DA:91,1106
DA:92,1106
DA:93,1106
DA:94,1106
DA:95,1106
DA:98,4720
DA:99,4720
DA:100,4720
DA:104,2200
DA:105,2200
DA:106,2200
DA:117,1100
DA:118,1100
DA:119,1100
DA:120,1100
DA:121,1100
DA:125,1100
DA:126,1100
DA:127,1100
DA:139,1423
DA:140,1423
DA:141,1423
DA:143,15717
DA:144,15717
DA:145,15717
DA:146,15717
DA:147,15717
DA:148,15717
DA:152,2
DA:153,2
DA:154,2
DA:162,1
DA:163,1
DA:164,1
DA:165,1
DA:166,1
DA:169,1
DA:170,1
DA:171,1
DA:172,1
DA:173,1
DA:174,1
DA:175,1
DA:178,1
DA:181,1
DA:182,1
DA:184,1
DA:186,1
DA:187,1
DA:190,1
DA:191,1
DA:192,1
DA:193,1
DA:194,1
DA:197,1
DA:198,1
DA:199,1
DA:200,1
DA:201,1
DA:203,1
DA:204,1
DA:206,1
DA:207,1
DA:210,1
DA:211,1
DA:212,1
DA:213,1
DA:214,1
DA:217,1
DA:218,1
DA:219,1
DA:220,1
BRF:0
BRH:0
LF:112
LH:112
end_of_record
SF:/var/home/jack/Code/koan/src/step_fixture.rs
FN:34,_RINvNtCsgF2QWeVDbw9_4koan12step_fixture10drive_stepNCNvCsjCWocLGDDs2_12compile_fails_39step_carrier_consumed_in_brand_compiles0EBR_
FN:34,_RINvNtCsgF2QWeVDbw9_4koan12step_fixture10drive_steppEB4_
FN:34,_RINvNtCsjSl7fZonGc2_4koan12step_fixture10drive_steppEB4_
FNDA:1,_RINvNtCsgF2QWeVDbw9_4koan12step_fixture10drive_stepNCNvCsjCWocLGDDs2_12compile_fails_39step_carrier_consumed_in_brand_compiles0EBR_
FNDA:0,_RINvNtCsgF2QWeVDbw9_4koan12step_fixture10drive_steppEB4_
FNDA:0,_RINvNtCsjSl7fZonGc2_4koan12step_fixture10drive_steppEB4_
FNF:1
FNH:1
DA:34,1
DA:35,1
DA:36,1
DA:37,1
BRF:0
BRH:0
LF:4
LH:4
end_of_record