SF:/var/home/jack/Code/koan/src/builtins.rs
FN:138,_RNvNtCscUx3zdyuqfq_4koan8builtins13default_scope
FN:63,_RNvNtCscUx3zdyuqfq_4koan8builtins16register_builtin
FN:111,_RNvNtCscUx3zdyuqfq_4koan8builtins21register_builtin_full
FN:96,_RNvNtCscUx3zdyuqfq_4koan8builtins23register_nominal_binder
FN:74,_RNvNtCscUx3zdyuqfq_4koan8builtins28register_builtin_with_binder
FN:39,_RNvNtCscUx3zdyuqfq_4koan8builtins2kw
FN:44,_RNvNtCscUx3zdyuqfq_4koan8builtins3arg
FN:34,_RNvNtCscUx3zdyuqfq_4koan8builtins3err
FN:53,_RNvNtCscUx3zdyuqfq_4koan8builtins3sig
FN:138,_RNvNtCseriWsCb5ev6_4koan8builtins13default_scope
FN:63,_RNvNtCseriWsCb5ev6_4koan8builtins16register_builtin
FN:111,_RNvNtCseriWsCb5ev6_4koan8builtins21register_builtin_full
FN:96,_RNvNtCseriWsCb5ev6_4koan8builtins23register_nominal_binder
FN:74,_RNvNtCseriWsCb5ev6_4koan8builtins28register_builtin_with_binder
FN:39,_RNvNtCseriWsCb5ev6_4koan8builtins2kw
FN:44,_RNvNtCseriWsCb5ev6_4koan8builtins3arg
FN:34,_RNvNtCseriWsCb5ev6_4koan8builtins3err
FN:53,_RNvNtCseriWsCb5ev6_4koan8builtins3sig
FNDA:40,_RNvNtCscUx3zdyuqfq_4koan8builtins13default_scope
FNDA:1080,_RNvNtCscUx3zdyuqfq_4koan8builtins16register_builtin
FNDA:1560,_RNvNtCscUx3zdyuqfq_4koan8builtins21register_builtin_full
FNDA:160,_RNvNtCscUx3zdyuqfq_4koan8builtins23register_nominal_binder
FNDA:1240,_RNvNtCscUx3zdyuqfq_4koan8builtins28register_builtin_with_binder
FNDA:2440,_RNvNtCscUx3zdyuqfq_4koan8builtins2kw
FNDA:2960,_RNvNtCscUx3zdyuqfq_4koan8builtins3arg
FNDA:1,_RNvNtCscUx3zdyuqfq_4koan8builtins3err
FNDA:1560,_RNvNtCscUx3zdyuqfq_4koan8builtins3sig
FNDA:475,_RNvNtCseriWsCb5ev6_4koan8builtins13default_scope
FNDA:12843,_RNvNtCseriWsCb5ev6_4koan8builtins16register_builtin
FNDA:18544,_RNvNtCseriWsCb5ev6_4koan8builtins21register_builtin_full
FNDA:1900,_RNvNtCseriWsCb5ev6_4koan8builtins23register_nominal_binder
FNDA:14744,_RNvNtCseriWsCb5ev6_4koan8builtins28register_builtin_with_binder
FNDA:28975,_RNvNtCseriWsCb5ev6_4koan8builtins2kw
FNDA:35150,_RNvNtCseriWsCb5ev6_4koan8builtins3arg
FNDA:51,_RNvNtCseriWsCb5ev6_4koan8builtins3err
FNDA:18525,_RNvNtCseriWsCb5ev6_4koan8builtins3sig
FNF:9
FNH:9
DA:34,52
DA:35,52
DA:36,52
DA:39,31415
DA:40,31415
DA:41,31415
DA:44,38110
DA:45,38110
DA:46,38110
DA:47,38110
DA:48,38110
DA:49,38110
DA:53,20085
DA:54,20085
DA:55,20085
DA:56,20085
DA:57,20085
DA:58,20085
DA:59,20085
DA:60,20085
DA:61,20085
DA:63,13923
DA:64,13923
DA:65,13923
DA:66,13923
DA:67,13923
DA:68,13923
DA:69,13923
DA:70,13923
DA:74,15984
DA:75,15984
DA:76,15984
DA:77,15984
DA:78,15984
DA:79,15984
DA:80,15984
DA:81,15984
DA:82,15984
DA:83,15984
DA:84,15984
DA:85,15984
DA:86,15984
DA:87,15984
DA:91,15984
DA:96,2060
DA:97,2060
DA:98,2060
DA:99,2060
DA:100,2060
DA:101,2060
DA:102,2060
DA:103,2060
DA:104,2060
DA:111,20104
DA:112,20104
DA:113,20104
DA:114,20104
DA:115,20104
DA:116,20104
DA:117,20104
DA:118,20104
DA:119,20104
DA:120,20104
DA:121,20104
DA:122,20104
DA:123,20104
DA:124,20104
DA:125,20104
DA:126,20104
DA:127,20104
DA:128,20104
DA:129,20104
DA:130,20104
DA:131,20104
DA:132,20104
DA:133,20104
DA:138,515
DA:139,515
DA:140,515
DA:141,515
DA:142,515
DA:144,515
DA:145,515
DA:146,515
DA:147,515
DA:148,515
DA:149,515
DA:150,515
DA:153,515
DA:154,515
DA:155,515
DA:158,515
DA:159,515
DA:160,515
DA:163,515
DA:166,515
DA:167,515
DA:168,515
DA:169,515
DA:170,515
DA:173,515
DA:174,515
DA:175,515
DA:176,515
DA:177,515
DA:180,515
DA:181,515
DA:182,515
DA:183,515
DA:186,515
DA:188,515
DA:189,515
DA:190,515
DA:191,515
DA:192,515
DA:193,515
DA:194,515
DA:195,515
DA:196,515
DA:197,515
DA:198,515
DA:199,515
DA:200,515
DA:201,515
DA:202,515
DA:203,515
DA:204,515
DA:205,515
DA:206,515
DA:207,515
DA:208,515
DA:210,515
DA:211,515
BRF:0
BRH:0
LF:133
LH:133
end_of_record
SF:/var/home/jack/Code/koan/src/builtins/ascribe.rs
FN:176,_RNCNvNtNtCscUx3zdyuqfq_4koan8builtins7ascribe21is_abstract_type_name0B7_
FN:15,_RNvNtNtCscUx3zdyuqfq_4koan8builtins7ascribe11body_opaque
FN:116,_RNvNtNtCscUx3zdyuqfq_4koan8builtins7ascribe11shape_check
FN:89,_RNvNtNtCscUx3zdyuqfq_4koan8builtins7ascribe16body_transparent
FN:168,_RNvNtNtCscUx3zdyuqfq_4koan8builtins7ascribe21is_abstract_type_name
FN:154,_RNvNtNtCscUx3zdyuqfq_4koan8builtins7ascribe22abstract_type_names_of
FN:179,_RNvNtNtCscUx3zdyuqfq_4koan8builtins7ascribe28resolve_module_and_signature
FN:193,_RNvNtNtCscUx3zdyuqfq_4koan8builtins7ascribe8register
FN:15,_RNvNtNtCseriWsCb5ev6_4koan8builtins7ascribe11body_opaque
FN:116,_RNvNtNtCseriWsCb5ev6_4koan8builtins7ascribe11shape_check
FN:89,_RNvNtNtCseriWsCb5ev6_4koan8builtins7ascribe16body_transparent
FN:168,_RNvNtNtCseriWsCb5ev6_4koan8builtins7ascribe21is_abstract_type_name
FN:154,_RNvNtNtCseriWsCb5ev6_4koan8builtins7ascribe22abstract_type_names_of
FN:179,_RNvNtNtCseriWsCb5ev6_4koan8builtins7ascribe28resolve_module_and_signature
FN:193,_RNvNtNtCseriWsCb5ev6_4koan8builtins7ascribe8register
FN:176,_RNCNvNtNtCseriWsCb5ev6_4koan8builtins7ascribe21is_abstract_type_name0B7_
FNDA:0,_RNCNvNtNtCscUx3zdyuqfq_4koan8builtins7ascribe21is_abstract_type_name0B7_
FNDA:1,_RNvNtNtCscUx3zdyuqfq_4koan8builtins7ascribe11body_opaque
FNDA:4,_RNvNtNtCscUx3zdyuqfq_4koan8builtins7ascribe11shape_check
FNDA:3,_RNvNtNtCscUx3zdyuqfq_4koan8builtins7ascribe16body_transparent
FNDA:18,_RNvNtNtCscUx3zdyuqfq_4koan8builtins7ascribe21is_abstract_type_name
FNDA:5,_RNvNtNtCscUx3zdyuqfq_4koan8builtins7ascribe22abstract_type_names_of
FNDA:4,_RNvNtNtCscUx3zdyuqfq_4koan8builtins7ascribe28resolve_module_and_signature
FNDA:40,_RNvNtNtCscUx3zdyuqfq_4koan8builtins7ascribe8register
FNDA:19,_RNvNtNtCseriWsCb5ev6_4koan8builtins7ascribe11body_opaque
FNDA:36,_RNvNtNtCseriWsCb5ev6_4koan8builtins7ascribe11shape_check
FNDA:17,_RNvNtNtCseriWsCb5ev6_4koan8builtins7ascribe16body_transparent
FNDA:127,_RNvNtNtCseriWsCb5ev6_4koan8builtins7ascribe21is_abstract_type_name
FNDA:62,_RNvNtNtCseriWsCb5ev6_4koan8builtins7ascribe22abstract_type_names_of
FNDA:36,_RNvNtNtCseriWsCb5ev6_4koan8builtins7ascribe28resolve_module_and_signature
FNDA:475,_RNvNtNtCseriWsCb5ev6_4koan8builtins7ascribe8register
FNDA:9,_RNCNvNtNtCseriWsCb5ev6_4koan8builtins7ascribe21is_abstract_type_name0B7_
FNF:8
FNH:8
DA:15,20
DA:16,20
DA:17,20
DA:18,20
DA:19,20
DA:20,20
DA:21,20
DA:22,0
DA:25,20
DA:26,20
DA:27,20
DA:28,20
DA:31,20
DA:32,20
DA:33,0
DA:34,20
DA:36,20
DA:40,20
DA:42,20
DA:43,20
DA:44,13
DA:48,3
DA:49,3
DA:52,3
DA:53,3
DA:54,3
DA:55,3
DA:56,3
DA:57,3
DA:58,3
DA:59,3
DA:60,10
DA:61,10
DA:62,10
DA:63,10
DA:65,13
DA:68,20
DA:69,13
DA:70,13
DA:71,13
DA:72,13
DA:73,7
DA:75,20
DA:76,2
DA:77,18
DA:79,18
DA:81,18
DA:82,18
DA:83,18
DA:84,18
DA:85,18
DA:86,20
DA:89,20
DA:90,20
DA:91,20
DA:92,20
DA:93,20
DA:94,20
DA:95,20
DA:96,0
DA:98,20
DA:99,0
DA:100,20
DA:102,20
DA:103,20
DA:104,20
DA:105,20
DA:106,20
DA:107,20
DA:108,20
DA:109,20
DA:110,20
DA:111,20
DA:112,20
DA:113,20
DA:116,40
DA:117,40
DA:118,40
DA:119,40
DA:120,40
DA:121,40
DA:122,40
DA:123,40
DA:124,40
DA:125,40
DA:126,40
DA:127,40
DA:128,40
DA:129,40
DA:130,40
DA:131,40
DA:132,40
DA:133,40
DA:134,40
DA:135,40
DA:136,40
DA:137,40
DA:138,37
DA:139,0
DA:140,37
DA:141,37
DA:142,2
DA:143,2
DA:144,2
DA:145,2
DA:146,35
DA:148,38
DA:149,40
DA:154,67
DA:155,67
DA:156,67
DA:157,67
DA:158,67
DA:159,61
DA:160,0
DA:161,61
DA:163,67
DA:164,67
DA:168,145
DA:169,145
DA:170,145
DA:171,0
DA:173,145
DA:174,136
DA:175,9
DA:176,9
DA:177,145
DA:179,40
DA:180,40
DA:181,40
DA:182,40
DA:183,40
DA:184,40
DA:185,40
DA:186,40
DA:187,40
DA:188,40
DA:189,40
DA:190,40
DA:191,40
DA:193,515
DA:197,515
DA:198,515
DA:199,515
DA:200,515
DA:201,515
DA:202,515
DA:203,515
DA:204,515
DA:205,515
DA:208,515
DA:210,515
DA:211,515
DA:212,515
DA:213,515
DA:214,515
DA:215,515
DA:216,515
DA:217,515
DA:218,515
DA:221,515
DA:223,515
BRF:0
BRH:0
LF:163
LH:156
end_of_record
SF:/var/home/jack/Code/koan/src/builtins/attr.rs
FN:120,_RNvNtNtCscUx3zdyuqfq_4koan8builtins4attr11body_module
FN:104,_RNvNtNtCscUx3zdyuqfq_4koan8builtins4attr11body_struct
FN:160,_RNvNtNtCscUx3zdyuqfq_4koan8builtins4attr12access_field
FN:70,_RNvNtNtCscUx3zdyuqfq_4koan8builtins4attr13body_type_lhs
FN:22,_RNvNtNtCscUx3zdyuqfq_4koan8builtins4attr15body_identifier
FN:146,_RNvNtNtCscUx3zdyuqfq_4koan8builtins4attr15read_field_name
FN:211,_RNvNtNtCscUx3zdyuqfq_4koan8builtins4attr20access_module_member
FN:228,_RNvNtNtCscUx3zdyuqfq_4koan8builtins4attr8register
FN:384,_RNvNtNtNtCseriWsCb5ev6_4koan8builtins4attr5testss_24attr_unbound_name_errors
FN:411,_RNvNtNtNtCseriWsCb5ev6_4koan8builtins4attr5testss_25attr_unknown_field_errors
FN:395,_RNvNtNtNtCseriWsCb5ev6_4koan8builtins4attr5testss_31attr_on_non_struct_value_errors
FN:427,_RNvNtNtNtCseriWsCb5ev6_4koan8builtins4attr5testss_33attr_chained_unknown_field_errors
FN:368,_RNvNtNtNtCseriWsCb5ev6_4koan8builtins4attr5testss_34attr_chained_through_nested_struct
FN:344,_RNvNtNtNtCseriWsCb5ev6_4koan8builtins4attr5testss_34attr_reads_field_from_named_struct
FN:356,_RNvNtNtNtCseriWsCb5ev6_4koan8builtins4attr5testss_35attr_reads_each_field_independently
FN:464,_RNvNtNtNtCseriWsCb5ev6_4koan8builtins4attr5testss_39access_field_rejects_wrapped_non_struct
FN:448,_RNvNtNtNtCseriWsCb5ev6_4koan8builtins4attr5testss_41access_field_falls_through_wrapped_struct
FN:486,_RNvNtNtNtCseriWsCb5ev6_4koan8builtins4attr5testss_53access_field_falls_through_wrapped_with_missing_field
FN:120,_RNvNtNtCseriWsCb5ev6_4koan8builtins4attr11body_module
FN:104,_RNvNtNtCseriWsCb5ev6_4koan8builtins4attr11body_struct
FN:160,_RNvNtNtCseriWsCb5ev6_4koan8builtins4attr12access_field
FN:70,_RNvNtNtCseriWsCb5ev6_4koan8builtins4attr13body_type_lhs
FN:22,_RNvNtNtCseriWsCb5ev6_4koan8builtins4attr15body_identifier
FN:146,_RNvNtNtCseriWsCb5ev6_4koan8builtins4attr15read_field_name
FN:211,_RNvNtNtCseriWsCb5ev6_4koan8builtins4attr20access_module_member
FN:228,_RNvNtNtCseriWsCb5ev6_4koan8builtins4attr8register
FNDA:7,_RNvNtNtCscUx3zdyuqfq_4koan8builtins4attr11body_module
FNDA:1,_RNvNtNtCscUx3zdyuqfq_4koan8builtins4attr11body_struct
FNDA:1,_RNvNtNtCscUx3zdyuqfq_4koan8builtins4attr12access_field
FNDA:0,_RNvNtNtCscUx3zdyuqfq_4koan8builtins4attr13body_type_lhs
FNDA:1,_RNvNtNtCscUx3zdyuqfq_4koan8builtins4attr15body_identifier
FNDA:9,_RNvNtNtCscUx3zdyuqfq_4koan8builtins4attr15read_field_name
FNDA:7,_RNvNtNtCscUx3zdyuqfq_4koan8builtins4attr20access_module_member
FNDA:40,_RNvNtNtCscUx3zdyuqfq_4koan8builtins4attr8register
FNDA:1,_RNvNtNtNtCseriWsCb5ev6_4koan8builtins4attr5testss_24attr_unbound_name_errors
FNDA:1,_RNvNtNtNtCseriWsCb5ev6_4koan8builtins4attr5testss_25attr_unknown_field_errors
FNDA:1,_RNvNtNtNtCseriWsCb5ev6_4koan8builtins4attr5testss_31attr_on_non_struct_value_errors
FNDA:1,_RNvNtNtNtCseriWsCb5ev6_4koan8builtins4attr5testss_33attr_chained_unknown_field_errors
FNDA:1,_RNvNtNtNtCseriWsCb5ev6_4koan8builtins4attr5testss_34attr_chained_through_nested_struct
FNDA:1,_RNvNtNtNtCseriWsCb5ev6_4koan8builtins4attr5testss_34attr_reads_field_from_named_struct
FNDA:1,_RNvNtNtNtCseriWsCb5ev6_4koan8builtins4attr5testss_35attr_reads_each_field_independently
FNDA:1,_RNvNtNtNtCseriWsCb5ev6_4koan8builtins4attr5testss_39access_field_rejects_wrapped_non_struct
FNDA:1,_RNvNtNtNtCseriWsCb5ev6_4koan8builtins4attr5testss_41access_field_falls_through_wrapped_struct
FNDA:1,_RNvNtNtNtCseriWsCb5ev6_4koan8builtins4attr5testss_53access_field_falls_through_wrapped_with_missing_field
FNDA:9,_RNvNtNtCseriWsCb5ev6_4koan8builtins4attr11body_module
FNDA:18,_RNvNtNtCseriWsCb5ev6_4koan8builtins4attr11body_struct
FNDA:25,_RNvNtNtCseriWsCb5ev6_4koan8builtins4attr12access_field
FNDA:0,_RNvNtNtCseriWsCb5ev6_4koan8builtins4attr13body_type_lhs
FNDA:7,_RNvNtNtCseriWsCb5ev6_4koan8builtins4attr15body_identifier
FNDA:34,_RNvNtNtCseriWsCb5ev6_4koan8builtins4attr15read_field_name
FNDA:12,_RNvNtNtCseriWsCb5ev6_4koan8builtins4attr20access_module_member
FNDA:475,_RNvNtNtCseriWsCb5ev6_4koan8builtins4attr8register
FNF:18
FNH:17
DA:22,8
DA:23,8
DA:24,8
DA:25,8
DA:26,8
DA:27,8
DA:28,8
DA:29,0
DA:30,0
DA:31,0
DA:32,0
DA:33,0
DA:34,0
DA:36,0
DA:38,8
DA:39,8
DA:40,8
DA:41,0
DA:46,8
DA:47,3
DA:48,5
DA:49,5
DA:50,3
DA:51,3
DA:52,0
DA:53,0
DA:58,0
DA:60,2
DA:61,2
DA:62,8
DA:70,0
DA:71,0
DA:72,0
DA:73,0
DA:74,0
DA:75,0
DA:76,0
DA:77,0
DA:78,0
DA:79,0
DA:80,0
DA:81,0
DA:82,0
DA:83,0
DA:85,0
DA:87,0
DA:88,0
DA:89,0
DA:96,0
DA:97,0
DA:98,0
DA:99,0
DA:101,0
DA:102,0
DA:104,19
DA:105,19
DA:106,19
DA:107,19
DA:108,19
DA:109,19
DA:110,19
DA:111,0
DA:113,19
DA:114,19
DA:115,0
DA:117,19
DA:118,19
DA:120,16
DA:121,16
DA:122,16
DA:123,16
DA:124,16
DA:125,16
DA:126,16
DA:127,0
DA:129,16
DA:130,16
DA:131,0
DA:133,16
DA:134,16
DA:136,0
DA:137,0
DA:138,0
DA:139,0
DA:140,0
DA:143,16
DA:144,16
DA:146,43
DA:147,43
DA:148,38
DA:149,0
DA:150,5
DA:151,0
DA:152,0
DA:153,0
DA:154,0
DA:155,0
DA:156,0
DA:158,43
DA:160,26
DA:161,0
DA:163,18
DA:164,18
DA:166,18
DA:167,15
DA:168,3
DA:169,3
DA:170,3
DA:171,3
DA:173,0
DA:175,0
DA:176,0
DA:177,0
DA:178,0
DA:179,0
DA:180,0
DA:181,0
DA:182,0
DA:183,0
DA:184,0
DA:185,0
DA:186,0
DA:189,0
DA:190,0
DA:195,4
DA:196,4
DA:197,4
DA:198,4
DA:199,4
DA:200,4
DA:202,26
DA:211,19
DA:212,19
DA:213,5
DA:214,14
DA:215,14
DA:216,14
DA:217,13
DA:218,1
DA:219,1
DA:220,0
DA:221,1
DA:222,1
DA:223,1
DA:224,1
DA:225,1
DA:226,19
DA:228,515
DA:229,515
DA:230,515
DA:231,515
DA:232,515
DA:233,515
DA:234,515
DA:235,515
DA:236,515
DA:237,515
DA:239,515
DA:240,515
DA:241,515
DA:242,515
DA:243,515
DA:244,515
DA:245,515
DA:246,515
DA:247,515
DA:250,515
DA:252,515
DA:253,515
DA:254,515
DA:255,515
DA:256,515
DA:257,515
DA:258,515
DA:259,515
DA:260,515
DA:263,515
DA:265,515
DA:266,515
DA:267,515
DA:268,515
DA:269,515
DA:270,515
DA:271,515
DA:272,515
DA:273,515
DA:276,515
DA:282,515
DA:283,515
DA:284,515
DA:285,515
DA:286,515
DA:287,515
DA:288,515
DA:289,515
DA:290,515
DA:293,515
DA:295,515
DA:296,515
DA:297,515
DA:298,515
DA:299,515
DA:300,515
DA:301,515
DA:302,515
DA:303,515
DA:306,515
DA:308,515
DA:309,515
DA:310,515
DA:311,515
DA:312,515
DA:313,515
DA:314,515
DA:315,515
DA:316,515
DA:319,515
DA:322,515
DA:323,515
DA:324,515
DA:325,515
DA:326,515
DA:327,515
DA:328,515
DA:329,515
DA:330,515
DA:333,515
DA:335,515
DA:344,1
DA:345,1
DA:346,1
DA:347,1
DA:348,1
DA:349,1
DA:351,1
DA:352,1
DA:353,1
DA:356,1
DA:357,1
DA:358,1
DA:359,1
DA:360,1
DA:361,1
DA:363,1
DA:364,1
DA:365,1
DA:368,1
DA:369,1
DA:370,1
DA:371,1
DA:372,1
DA:373,1
DA:374,1
DA:375,1
DA:376,1
DA:377,1
DA:379,1
DA:380,1
DA:381,1
DA:384,1
DA:385,1
DA:386,1
DA:387,1
DA:388,1
DA:389,1
DA:392,1
DA:395,1
DA:396,1
DA:397,1
DA:398,1
DA:399,1
DA:400,1
DA:401,1
DA:402,1
DA:403,1
DA:404,1
DA:406,0
DA:408,1
DA:411,1
DA:412,1
DA:413,1
DA:414,1
DA:415,1
DA:416,1
DA:418,1
DA:419,1
DA:420,1
DA:421,1
DA:424,1
DA:427,1
DA:428,1
DA:429,1
DA:430,1
DA:431,1
DA:432,1
DA:433,1
DA:434,1
DA:435,1
DA:436,1
DA:438,1
DA:439,1
DA:440,1
DA:441,1
DA:444,1
DA:448,1
DA:449,1
DA:450,1
DA:451,1
DA:452,1
DA:453,1
DA:454,1
DA:455,1
DA:456,1
DA:458,1
DA:459,1
DA:460,1
DA:464,1
DA:465,1
DA:466,1
DA:467,1
DA:468,1
DA:469,1
DA:470,1
DA:472,1
DA:473,1
DA:474,1
DA:475,1
DA:476,1
DA:477,1
DA:479,0
DA:481,1
DA:486,1
DA:487,1
DA:488,1
DA:489,1
DA:490,1
DA:491,1
DA:492,1
DA:493,1
DA:494,1
DA:496,1
DA:497,1
DA:498,1
DA:499,1
DA:502,1
BRF:0
BRH:0
LF:345
LH:275
end_of_record
SF:/var/home/jack/Code/koan/src/builtins/branch_walk.rs
FN:12,_RNvNtNtCscUx3zdyuqfq_4koan8builtins11branch_walk16find_branch_body
FN:12,_RNvNtNtCseriWsCb5ev6_4koan8builtins11branch_walk16find_branch_body
FNDA:0,_RNvNtNtCscUx3zdyuqfq_4koan8builtins11branch_walk16find_branch_body
FNDA:86,_RNvNtNtCseriWsCb5ev6_4koan8builtins11branch_walk16find_branch_body
FNF:1
FNH:1
DA:12,86
DA:13,86
DA:14,86
DA:15,86
DA:16,86
DA:17,86
DA:18,86
DA:19,0
DA:20,0
DA:21,0
DA:22,0
DA:23,86
DA:24,86
DA:25,86
DA:26,127
DA:27,119
DA:28,119
DA:29,119
DA:30,119
DA:31,106
DA:34,9
DA:35,9
DA:36,6
DA:38,3
DA:42,4
DA:43,0
DA:44,0
DA:45,0
DA:46,0
DA:47,0
DA:50,119
DA:51,119
DA:52,0
DA:53,0
DA:54,0
DA:55,0
DA:56,0
DA:59,119
DA:60,117
DA:61,2
DA:62,2
DA:63,2
DA:64,2
DA:65,2
DA:68,117
DA:69,76
DA:70,41
DA:71,41
DA:72,4
DA:73,37
DA:74,41
DA:76,8
DA:77,86
BRF:0
BRH:0
LF:53
LH:39
end_of_record
SF:/var/home/jack/Code/koan/src/builtins/catch.rs
FN:39,_RNCNvNtNtCscUx3zdyuqfq_4koan8builtins5catch4body0B7_
FN:18,_RNvNtNtCscUx3zdyuqfq_4koan8builtins5catch4body
FN:60,_RNvNtNtCscUx3zdyuqfq_4koan8builtins5catch8register
FN:39,_RNCNvNtNtCseriWsCb5ev6_4koan8builtins5catch4body0B7_
FN:18,_RNvNtNtCseriWsCb5ev6_4koan8builtins5catch4body
FN:60,_RNvNtNtCseriWsCb5ev6_4koan8builtins5catch8register
FNDA:0,_RNCNvNtNtCscUx3zdyuqfq_4koan8builtins5catch4body0B7_
FNDA:0,_RNvNtNtCscUx3zdyuqfq_4koan8builtins5catch4body
FNDA:40,_RNvNtNtCscUx3zdyuqfq_4koan8builtins5catch8register
FNDA:8,_RNCNvNtNtCseriWsCb5ev6_4koan8builtins5catch4body0B7_
FNDA:8,_RNvNtNtCseriWsCb5ev6_4koan8builtins5catch4body
FNDA:475,_RNvNtNtCseriWsCb5ev6_4koan8builtins5catch8register
FNF:3
FNH:3
DA:18,8
DA:19,8
DA:20,8
DA:21,8
DA:22,8
DA:23,8
DA:24,8
DA:26,0
DA:27,0
DA:28,0
DA:34,8
DA:35,8
DA:36,0
DA:38,8
DA:39,8
DA:40,8
DA:41,4
DA:42,4
DA:44,8
DA:45,8
DA:46,8
DA:47,8
DA:48,8
DA:49,8
DA:50,8
DA:51,8
DA:52,8
DA:53,8
DA:54,8
DA:55,8
DA:56,8
DA:57,8
DA:58,8
DA:60,515
DA:61,515
DA:62,515
DA:63,515
DA:64,515
DA:65,515
DA:66,515
DA:67,515
DA:68,515
DA:70,515
DA:72,515
BRF:0
BRH:0
LF:45
LH:41
end_of_record
SF:/var/home/jack/Code/koan/src/builtins/eval.rs
FN:16,_RNvNtNtCscUx3zdyuqfq_4koan8builtins4eval4body
FN:47,_RNvNtNtCscUx3zdyuqfq_4koan8builtins4eval8register
FN:63,_RNvNtNtNtCseriWsCb5ev6_4koan8builtins4eval5tests11run_program
FN:120,_RNvNtNtNtCseriWsCb5ev6_4koan8builtins4eval5testss_21recursive_eval_no_uaf
FN:72,_RNvNtNtNtCseriWsCb5ev6_4koan8builtins4eval5testss_22eval_of_quoted_literal
FN:106,_RNvNtNtNtCseriWsCb5ev6_4koan8builtins4eval5testss_34multiline_sigil_collapse_roundtrip
FN:112,_RNvNtNtNtCseriWsCb5ev6_4koan8builtins4eval5testss_35eval_returns_inner_expression_value
FN:100,_RNvNtNtNtCseriWsCb5ev6_4koan8builtins4eval5testss_37eval_runs_side_effects_in_quoted_body
FN:78,_RNvNtNtNtCseriWsCb5ev6_4koan8builtins4eval5testss_38eval_of_function_returning_kexpression
FN:87,_RNvNtNtNtCseriWsCb5ev6_4koan8builtins4eval5testss_49eval_of_non_kexpression_errors_with_type_mismatch
FN:16,_RNvNtNtCseriWsCb5ev6_4koan8builtins4eval4body
FN:47,_RNvNtNtCseriWsCb5ev6_4koan8builtins4eval8register
FNDA:0,_RNvNtNtCscUx3zdyuqfq_4koan8builtins4eval4body
FNDA:40,_RNvNtNtCscUx3zdyuqfq_4koan8builtins4eval8register
FNDA:6,_RNvNtNtNtCseriWsCb5ev6_4koan8builtins4eval5tests11run_program
FNDA:1,_RNvNtNtNtCseriWsCb5ev6_4koan8builtins4eval5testss_21recursive_eval_no_uaf
FNDA:1,_RNvNtNtNtCseriWsCb5ev6_4koan8builtins4eval5testss_22eval_of_quoted_literal
FNDA:1,_RNvNtNtNtCseriWsCb5ev6_4koan8builtins4eval5testss_34multiline_sigil_collapse_roundtrip
FNDA:1,_RNvNtNtNtCseriWsCb5ev6_4koan8builtins4eval5testss_35eval_returns_inner_expression_value
FNDA:1,_RNvNtNtNtCseriWsCb5ev6_4koan8builtins4eval5testss_37eval_runs_side_effects_in_quoted_body
FNDA:1,_RNvNtNtNtCseriWsCb5ev6_4koan8builtins4eval5testss_38eval_of_function_returning_kexpression
FNDA:1,_RNvNtNtNtCseriWsCb5ev6_4koan8builtins4eval5testss_49eval_of_non_kexpression_errors_with_type_mismatch
FNDA:9,_RNvNtNtCseriWsCb5ev6_4koan8builtins4eval4body
FNDA:475,_RNvNtNtCseriWsCb5ev6_4koan8builtins4eval8register
FNF:10
FNH:10
DA:16,9
DA:17,9
DA:18,9
DA:19,9
DA:20,9
DA:21,9
DA:22,9
DA:23,0
DA:25,9
DA:26,8
DA:27,1
DA:28,1
DA:29,1
DA:30,1
DA:31,1
DA:32,1
DA:37,8
DA:38,8
DA:39,8
DA:40,8
DA:41,8
DA:42,8
DA:43,8
DA:44,8
DA:45,9
DA:47,515
DA:48,515
DA:49,515
DA:50,515
DA:51,515
DA:52,515
DA:54,515
DA:63,6
DA:64,6
DA:65,6
DA:66,6
DA:67,6
DA:68,6
DA:69,6
DA:72,1
DA:73,1
DA:74,1
DA:75,1
DA:78,1
DA:79,1
DA:80,1
DA:81,1
DA:83,1
DA:84,1
DA:87,1
DA:88,1
DA:89,1
DA:90,1
DA:91,1
DA:92,1
DA:93,1
DA:94,1
DA:97,1
DA:100,1
DA:101,1
DA:102,1
DA:103,1
DA:106,1
DA:107,1
DA:108,1
DA:109,1
DA:112,1
DA:115,1
DA:116,1
DA:117,1
DA:120,1
DA:124,1
DA:125,1
DA:126,1
DA:127,1
DA:128,1
DA:129,1
DA:130,1
DA:132,1
DA:133,1
BRF:0
BRH:0
LF:80
LH:79
end_of_record
SF:/var/home/jack/Code/koan/src/builtins/fn_def.rs
FN:83,_RNCNvNtNtCscUx3zdyuqfq_4koan8builtins6fn_def4body0B7_
FN:27,_RNvNtNtCscUx3zdyuqfq_4koan8builtins6fn_def4body
FN:103,_RNvNtNtCscUx3zdyuqfq_4koan8builtins6fn_def8register
FN:83,_RNCNvNtNtCseriWsCb5ev6_4koan8builtins6fn_def4body0B7_
FN:27,_RNvNtNtCseriWsCb5ev6_4koan8builtins6fn_def4body
FN:103,_RNvNtNtCseriWsCb5ev6_4koan8builtins6fn_def8register
FNDA:10,_RNCNvNtNtCscUx3zdyuqfq_4koan8builtins6fn_def4body0B7_
FNDA:10,_RNvNtNtCscUx3zdyuqfq_4koan8builtins6fn_def4body
FNDA:40,_RNvNtNtCscUx3zdyuqfq_4koan8builtins6fn_def8register
FNDA:196,_RNCNvNtNtCseriWsCb5ev6_4koan8builtins6fn_def4body0B7_
FNDA:201,_RNvNtNtCseriWsCb5ev6_4koan8builtins6fn_def4body
FNDA:475,_RNvNtNtCseriWsCb5ev6_4koan8builtins6fn_def8register
FNF:3
FNH:3
DA:27,211
DA:28,211
DA:29,211
DA:30,211
DA:31,211
DA:32,211
DA:33,211
DA:35,0
DA:36,0
DA:37,0
DA:40,211
DA:41,211
DA:42,0
DA:44,211
DA:45,211
DA:47,0
DA:48,0
DA:49,0
DA:55,211
DA:57,211
DA:61,209
DA:62,211
DA:63,209
DA:64,2
DA:67,209
DA:68,143
DA:69,3
DA:71,63
DA:72,63
DA:73,63
DA:74,63
DA:75,63
DA:76,63
DA:81,206
DA:82,206
DA:83,206
DA:84,206
DA:86,206
DA:88,139
DA:89,139
DA:90,139
DA:91,67
DA:92,67
DA:93,67
DA:94,67
DA:95,67
DA:96,67
DA:98,67
DA:101,211
DA:103,515
DA:123,515
DA:124,515
DA:125,515
DA:126,515
DA:127,515
DA:128,515
DA:129,515
DA:130,515
DA:131,515
DA:132,515
DA:133,515
DA:134,515
DA:137,515
DA:138,515
DA:139,515
DA:143,515
DA:144,515
DA:145,515
DA:146,515
DA:147,515
DA:148,515
DA:149,515
DA:150,515
DA:151,515
DA:152,515
DA:153,515
DA:154,515
DA:157,515
DA:158,515
DA:159,515
DA:163,515
BRF:0
BRH:0
LF:82
LH:75
end_of_record
SF:/var/home/jack/Code/koan/src/builtins/fn_def/finalize.rs
FN:291,_RNCNvNtNtNtCscUx3zdyuqfq_4koan8builtins6fn_def8finalize17defer_via_combine0B9_
FN:206,_RNCNvNtNtNtCscUx3zdyuqfq_4koan8builtins6fn_def8finalize21finalize_fn_with_flag0B9_
FN:163,_RNvNtNtNtCscUx3zdyuqfq_4koan8builtins6fn_def8finalize11finalize_fn
FN:258,_RNvNtNtNtCscUx3zdyuqfq_4koan8builtins6fn_def8finalize17defer_via_combine
FN:181,_RNvNtNtNtCscUx3zdyuqfq_4koan8builtins6fn_def8finalize21finalize_fn_with_flag
FN:68,_RNvNtNtNtCscUx3zdyuqfq_4koan8builtins6fn_def8finalize8classify
FN:163,_RNvNtNtNtCseriWsCb5ev6_4koan8builtins6fn_def8finalize11finalize_fn
FN:258,_RNvNtNtNtCseriWsCb5ev6_4koan8builtins6fn_def8finalize17defer_via_combine
FN:181,_RNvNtNtNtCseriWsCb5ev6_4koan8builtins6fn_def8finalize21finalize_fn_with_flag
FN:68,_RNvNtNtNtCseriWsCb5ev6_4koan8builtins6fn_def8finalize8classify
FN:291,_RNCNvNtNtNtCseriWsCb5ev6_4koan8builtins6fn_def8finalize17defer_via_combine0B9_
FN:206,_RNCNvNtNtNtCseriWsCb5ev6_4koan8builtins6fn_def8finalize21finalize_fn_with_flag0B9_
FNDA:7,_RNCNvNtNtNtCscUx3zdyuqfq_4koan8builtins6fn_def8finalize17defer_via_combine0B9_
FNDA:14,_RNCNvNtNtNtCscUx3zdyuqfq_4koan8builtins6fn_def8finalize21finalize_fn_with_flag0B9_
FNDA:7,_RNvNtNtNtCscUx3zdyuqfq_4koan8builtins6fn_def8finalize11finalize_fn
FNDA:7,_RNvNtNtNtCscUx3zdyuqfq_4koan8builtins6fn_def8finalize17defer_via_combine
FNDA:14,_RNvNtNtNtCscUx3zdyuqfq_4koan8builtins6fn_def8finalize21finalize_fn_with_flag
FNDA:14,_RNvNtNtNtCscUx3zdyuqfq_4koan8builtins6fn_def8finalize8classify
FNDA:132,_RNvNtNtNtCseriWsCb5ev6_4koan8builtins6fn_def8finalize11finalize_fn
FNDA:69,_RNvNtNtNtCseriWsCb5ev6_4koan8builtins6fn_def8finalize17defer_via_combine
FNDA:206,_RNvNtNtNtCseriWsCb5ev6_4koan8builtins6fn_def8finalize21finalize_fn_with_flag
FNDA:208,_RNvNtNtNtCseriWsCb5ev6_4koan8builtins6fn_def8finalize8classify
FNDA:69,_RNCNvNtNtNtCseriWsCb5ev6_4koan8builtins6fn_def8finalize17defer_via_combine0B9_
FNDA:212,_RNCNvNtNtNtCseriWsCb5ev6_4koan8builtins6fn_def8finalize21finalize_fn_with_flag0B9_
FNF:6
FNH:6
DA:68,222
DA:69,222
DA:70,137
DA:71,137
DA:72,137
DA:73,137
DA:74,9
DA:75,9
DA:76,9
DA:77,9
DA:78,4
DA:80,4
DA:81,4
DA:82,4
DA:83,4
DA:84,4
DA:85,4
DA:88,70
DA:90,70
DA:91,70
DA:93,70
DA:94,70
DA:95,70
DA:96,70
DA:97,70
DA:98,70
DA:100,1
DA:102,1
DA:103,1
DA:105,1
DA:106,1
DA:107,1
DA:108,1
DA:109,1
DA:110,1
DA:111,1
DA:112,1
DA:114,1
DA:116,1
DA:117,1
DA:122,1
DA:123,1
DA:124,1
DA:125,1
DA:126,1
DA:127,1
DA:128,1
DA:130,0
DA:133,0
DA:134,0
DA:135,0
DA:136,0
DA:137,0
DA:138,0
DA:142,0
DA:143,0
DA:146,0
DA:147,0
DA:150,0
DA:151,0
DA:152,0
DA:153,0
DA:154,0
DA:155,0
DA:156,0
DA:159,222
DA:163,139
DA:164,139
DA:165,139
DA:166,139
DA:167,139
DA:168,139
DA:169,139
DA:170,139
DA:171,139
DA:181,220
DA:182,220
DA:183,220
DA:184,220
DA:185,220
DA:186,220
DA:187,220
DA:188,220
DA:191,220
DA:192,16
DA:193,14
DA:194,0
DA:195,0
DA:196,0
DA:197,0
DA:198,0
DA:199,14
DA:200,2
DA:201,204
DA:206,226
DA:207,219
DA:208,7
DA:209,226
DA:210,220
DA:211,219
DA:213,1
DA:214,1
DA:215,1
DA:216,1
DA:220,219
DA:221,219
DA:222,219
DA:223,219
DA:225,219
DA:229,219
DA:230,219
DA:231,219
DA:232,219
DA:233,219
DA:234,219
DA:235,219
DA:236,219
DA:237,219
DA:240,219
DA:241,219
DA:242,1
DA:243,218
DA:246,218
DA:247,220
DA:258,76
DA:259,76
DA:260,76
DA:261,76
DA:262,76
DA:263,76
DA:264,76
DA:265,76
DA:266,76
DA:268,76
DA:269,76
DA:270,76
DA:271,76
DA:272,76
DA:278,76
DA:279,76
DA:280,76
DA:281,76
DA:282,5
DA:283,71
DA:284,76
DA:285,76
DA:286,56
DA:287,56
DA:288,56
DA:289,56
DA:291,76
DA:292,76
DA:293,76
DA:294,56
DA:298,56
DA:299,1
DA:300,1
DA:301,1
DA:302,1
DA:303,1
DA:304,55
DA:305,55
DA:307,75
DA:313,75
DA:314,75
DA:315,74
DA:316,1
DA:318,74
DA:319,74
DA:320,0
DA:321,0
DA:324,0
DA:325,0
DA:326,0
DA:329,74
DA:330,74
DA:331,74
DA:332,74
DA:333,74
DA:334,74
DA:335,74
DA:337,76
DA:338,76
DA:339,76
DA:340,76
BRF:0
BRH:0
LF:187
LH:158
end_of_record
SF:/var/home/jack/Code/koan/src/builtins/fn_def/param_refs.rs
FN:23,_RNCNvNtNtNtCscUx3zdyuqfq_4koan8builtins6fn_def10param_refs19part_references_any0B9_
FN:30,_RNCNvNtNtNtCscUx3zdyuqfq_4koan8builtins6fn_def10param_refs19part_references_anys0_0B9_
FN:28,_RNCNvNtNtNtCscUx3zdyuqfq_4koan8builtins6fn_def10param_refs19part_references_anys_0B9_
FN:12,_RNCNvNtNtNtCscUx3zdyuqfq_4koan8builtins6fn_def10param_refs24type_expr_references_any0B9_
FN:18,_RNCNvNtNtNtCscUx3zdyuqfq_4koan8builtins6fn_def10param_refs26kexpression_references_any0B9_
FN:21,_RNvNtNtNtCscUx3zdyuqfq_4koan8builtins6fn_def10param_refs19part_references_any
FN:11,_RNvNtNtNtCscUx3zdyuqfq_4koan8builtins6fn_def10param_refs24type_expr_references_any
FN:15,_RNvNtNtNtCscUx3zdyuqfq_4koan8builtins6fn_def10param_refs26kexpression_references_any
FN:23,_RNCNvNtNtNtCseriWsCb5ev6_4koan8builtins6fn_def10param_refs19part_references_any0B9_
FN:30,_RNCNvNtNtNtCseriWsCb5ev6_4koan8builtins6fn_def10param_refs19part_references_anys0_0B9_
FN:28,_RNCNvNtNtNtCseriWsCb5ev6_4koan8builtins6fn_def10param_refs19part_references_anys_0B9_
FN:12,_RNCNvNtNtNtCseriWsCb5ev6_4koan8builtins6fn_def10param_refs24type_expr_references_any0B9_
FN:18,_RNCNvNtNtNtCseriWsCb5ev6_4koan8builtins6fn_def10param_refs26kexpression_references_any0B9_
FN:21,_RNvNtNtNtCseriWsCb5ev6_4koan8builtins6fn_def10param_refs19part_references_any
FN:11,_RNvNtNtNtCseriWsCb5ev6_4koan8builtins6fn_def10param_refs24type_expr_references_any
FN:15,_RNvNtNtNtCseriWsCb5ev6_4koan8builtins6fn_def10param_refs26kexpression_references_any
FNDA:0,_RNCNvNtNtNtCscUx3zdyuqfq_4koan8builtins6fn_def10param_refs19part_references_any0B9_
FNDA:0,_RNCNvNtNtNtCscUx3zdyuqfq_4koan8builtins6fn_def10param_refs19part_references_anys0_0B9_
FNDA:0,_RNCNvNtNtNtCscUx3zdyuqfq_4koan8builtins6fn_def10param_refs19part_references_anys_0B9_
FNDA:1,_RNCNvNtNtNtCscUx3zdyuqfq_4koan8builtins6fn_def10param_refs24type_expr_references_any0B9_
FNDA:0,_RNCNvNtNtNtCscUx3zdyuqfq_4koan8builtins6fn_def10param_refs26kexpression_references_any0B9_
FNDA:0,_RNvNtNtNtCscUx3zdyuqfq_4koan8builtins6fn_def10param_refs19part_references_any
FNDA:1,_RNvNtNtNtCscUx3zdyuqfq_4koan8builtins6fn_def10param_refs24type_expr_references_any
FNDA:0,_RNvNtNtNtCscUx3zdyuqfq_4koan8builtins6fn_def10param_refs26kexpression_references_any
FNDA:4,_RNCNvNtNtNtCseriWsCb5ev6_4koan8builtins6fn_def10param_refs19part_references_any0B9_
FNDA:1,_RNCNvNtNtNtCseriWsCb5ev6_4koan8builtins6fn_def10param_refs19part_references_anys0_0B9_
FNDA:1,_RNCNvNtNtNtCseriWsCb5ev6_4koan8builtins6fn_def10param_refs19part_references_anys_0B9_
FNDA:26,_RNCNvNtNtNtCseriWsCb5ev6_4koan8builtins6fn_def10param_refs24type_expr_references_any0B9_
FNDA:39,_RNCNvNtNtNtCseriWsCb5ev6_4koan8builtins6fn_def10param_refs26kexpression_references_any0B9_
FNDA:42,_RNvNtNtNtCseriWsCb5ev6_4koan8builtins6fn_def10param_refs19part_references_any
FNDA:28,_RNvNtNtNtCseriWsCb5ev6_4koan8builtins6fn_def10param_refs24type_expr_references_any
FNDA:19,_RNvNtNtNtCseriWsCb5ev6_4koan8builtins6fn_def10param_refs26kexpression_references_any
FNF:8
FNH:8
DA:11,29
DA:12,29
DA:13,29
DA:15,19
DA:16,19
DA:17,19
DA:18,39
DA:19,19
DA:21,42
DA:22,42
DA:23,4
DA:24,18
DA:25,7
DA:26,0
DA:27,1
DA:28,1
DA:30,1
DA:31,1
DA:32,1
DA:33,11
DA:35,42
BRF:0
BRH:0
LF:26
LH:25
end_of_record
SF:/var/home/jack/Code/koan/src/builtins/fn_def/return_type.rs
FN:207,_RNCNvNtNtNtCscUx3zdyuqfq_4koan8builtins6fn_def11return_type31verdict_for_deferred_expression0B9_
FN:230,_RNvNtNtNtCscUx3zdyuqfq_4koan8builtins6fn_def11return_type12make_capture
FN:100,_RNvNtNtNtCscUx3zdyuqfq_4koan8builtins6fn_def11return_type20classify_return_type
FN:166,_RNvNtNtNtCscUx3zdyuqfq_4koan8builtins6fn_def11return_type20verdict_for_resolved
FN:57,_RNvNtNtNtCscUx3zdyuqfq_4koan8builtins6fn_def11return_type23extract_return_type_raw
FN:237,_RNvNtNtNtCscUx3zdyuqfq_4koan8builtins6fn_def11return_type25resolve_capture_at_finish
FN:181,_RNvNtNtNtCscUx3zdyuqfq_4koan8builtins6fn_def11return_type30verdict_for_deferred_type_expr
FN:206,_RNvNtNtNtCscUx3zdyuqfq_4koan8builtins6fn_def11return_type31verdict_for_deferred_expression
FN:230,_RNvNtNtNtCseriWsCb5ev6_4koan8builtins6fn_def11return_type12make_capture
FN:100,_RNvNtNtNtCseriWsCb5ev6_4koan8builtins6fn_def11return_type20classify_return_type
FN:166,_RNvNtNtNtCseriWsCb5ev6_4koan8builtins6fn_def11return_type20verdict_for_resolved
FN:57,_RNvNtNtNtCseriWsCb5ev6_4koan8builtins6fn_def11return_type23extract_return_type_raw
FN:237,_RNvNtNtNtCseriWsCb5ev6_4koan8builtins6fn_def11return_type25resolve_capture_at_finish
FN:181,_RNvNtNtNtCseriWsCb5ev6_4koan8builtins6fn_def11return_type30verdict_for_deferred_type_expr
FN:206,_RNvNtNtNtCseriWsCb5ev6_4koan8builtins6fn_def11return_type31verdict_for_deferred_expression
FN:207,_RNCNvNtNtNtCseriWsCb5ev6_4koan8builtins6fn_def11return_type31verdict_for_deferred_expression0B9_
FNDA:0,_RNCNvNtNtNtCscUx3zdyuqfq_4koan8builtins6fn_def11return_type31verdict_for_deferred_expression0B9_
FNDA:0,_RNvNtNtNtCscUx3zdyuqfq_4koan8builtins6fn_def11return_type12make_capture
FNDA:14,_RNvNtNtNtCscUx3zdyuqfq_4koan8builtins6fn_def11return_type20classify_return_type
FNDA:14,_RNvNtNtNtCscUx3zdyuqfq_4koan8builtins6fn_def11return_type20verdict_for_resolved
FNDA:14,_RNvNtNtNtCscUx3zdyuqfq_4koan8builtins6fn_def11return_type23extract_return_type_raw
FNDA:7,_RNvNtNtNtCscUx3zdyuqfq_4koan8builtins6fn_def11return_type25resolve_capture_at_finish
FNDA:0,_RNvNtNtNtCscUx3zdyuqfq_4koan8builtins6fn_def11return_type30verdict_for_deferred_type_expr
FNDA:0,_RNvNtNtNtCscUx3zdyuqfq_4koan8builtins6fn_def11return_type31verdict_for_deferred_expression
FNDA:0,_RNvNtNtNtCseriWsCb5ev6_4koan8builtins6fn_def11return_type12make_capture
FNDA:216,_RNvNtNtNtCseriWsCb5ev6_4koan8builtins6fn_def11return_type20classify_return_type
FNDA:198,_RNvNtNtNtCseriWsCb5ev6_4koan8builtins6fn_def11return_type20verdict_for_resolved
FNDA:216,_RNvNtNtNtCseriWsCb5ev6_4koan8builtins6fn_def11return_type23extract_return_type_raw
FNDA:68,_RNvNtNtNtCseriWsCb5ev6_4koan8builtins6fn_def11return_type25resolve_capture_at_finish
FNDA:2,_RNvNtNtNtCseriWsCb5ev6_4koan8builtins6fn_def11return_type30verdict_for_deferred_type_expr
FNDA:1,_RNvNtNtNtCseriWsCb5ev6_4koan8builtins6fn_def11return_type31verdict_for_deferred_expression
FNDA:1,_RNCNvNtNtNtCseriWsCb5ev6_4koan8builtins6fn_def11return_type31verdict_for_deferred_expression0B9_
FNF:8
FNH:7
DA:57,230
DA:58,230
DA:59,230
DA:60,230
DA:61,207
DA:62,207
DA:63,0
DA:65,11
DA:66,11
DA:67,0
DA:69,12
DA:70,12
DA:71,0
DA:73,0
DA:74,0
DA:75,0
DA:76,0
DA:78,230
DA:100,230
DA:101,230
DA:102,230
DA:103,230
DA:104,230
DA:105,230
DA:106,230
DA:107,207
DA:108,207
DA:109,207
DA:111,11
DA:112,11
DA:113,4
DA:114,2
DA:115,2
DA:117,4
DA:118,4
DA:119,4
DA:120,4
DA:121,7
DA:122,7
DA:123,7
DA:124,5
DA:125,0
DA:126,0
DA:128,2
DA:129,0
DA:131,2
DA:132,2
DA:133,2
DA:137,5
DA:138,5
DA:139,5
DA:141,0
DA:143,5
DA:145,12
DA:146,12
DA:147,7
DA:148,1
DA:149,6
DA:151,7
DA:152,7
DA:153,7
DA:154,7
DA:156,5
DA:157,5
DA:158,5
DA:159,5
DA:163,230
DA:166,212
DA:167,212
DA:168,210
DA:170,2
DA:171,2
DA:172,2
DA:173,2
DA:175,212
DA:181,2
DA:182,2
DA:183,2
DA:184,2
DA:187,2
DA:188,2
DA:189,2
DA:191,0
DA:192,0
DA:193,0
DA:194,0
DA:195,0
DA:196,0
DA:199,0
DA:201,2
DA:206,1
DA:207,1
DA:208,1
DA:209,0
DA:210,1
DA:211,1
DA:212,1
DA:213,1
DA:214,1
DA:215,1
DA:216,1
DA:217,1
DA:218,0
DA:219,0
DA:220,0
DA:221,0
DA:222,0
DA:223,0
DA:224,0
DA:225,0
DA:226,0
DA:228,1
DA:230,0
DA:231,0
DA:232,0
DA:237,75
DA:238,75
DA:239,75
DA:240,75
DA:241,75
DA:242,75
DA:243,69
DA:244,0
DA:245,0
DA:246,0
DA:247,0
DA:248,0
DA:249,0
DA:250,0
DA:251,0
DA:252,0
DA:253,0
DA:254,0
DA:255,0
DA:259,0
DA:260,0
DA:261,0
DA:262,0
DA:263,0
DA:264,0
DA:265,0
DA:266,0
DA:268,1
DA:269,5
DA:270,5
DA:271,5
DA:272,4
DA:273,1
DA:274,1
DA:275,1
DA:276,1
DA:277,1
DA:281,75
BRF:0
BRH:0
LF:154
LH:103
end_of_record
SF:/var/home/jack/Code/koan/src/builtins/fn_def/signature.rs
FN:187,_RNvNtNtNtCscUx3zdyuqfq_4koan8builtins6fn_def9signature13binder_bucket
FN:60,_RNvNtNtNtCscUx3zdyuqfq_4koan8builtins6fn_def9signature19parse_fn_param_list
FN:243,_RNvNtNtNtCscUx3zdyuqfq_4koan8builtins6fn_def9signature19signature_expr_part
FN:11,_RNvNtNtNtCscUx3zdyuqfq_4koan8builtins6fn_def9signature34collect_param_names_from_signature
FN:169,_RNvNtNtNtCscUx3zdyuqfq_4koan8builtins6fn_def9signature11binder_name
FN:202,_RNCNvNtNtNtCscUx3zdyuqfq_4koan8builtins6fn_def9signature13binder_bucket0B9_
FN:219,_RNCNvNtNtNtCscUx3zdyuqfq_4koan8builtins6fn_def9signature13binder_buckets_0B9_
FN:169,_RNvNtNtNtCseriWsCb5ev6_4koan8builtins6fn_def9signature11binder_name
FN:187,_RNvNtNtNtCseriWsCb5ev6_4koan8builtins6fn_def9signature13binder_bucket
FN:60,_RNvNtNtNtCseriWsCb5ev6_4koan8builtins6fn_def9signature19parse_fn_param_list
FN:243,_RNvNtNtNtCseriWsCb5ev6_4koan8builtins6fn_def9signature19signature_expr_part
FN:11,_RNvNtNtNtCseriWsCb5ev6_4koan8builtins6fn_def9signature34collect_param_names_from_signature
FN:202,_RNCNvNtNtNtCseriWsCb5ev6_4koan8builtins6fn_def9signature13binder_bucket0B9_
FN:219,_RNCNvNtNtNtCseriWsCb5ev6_4koan8builtins6fn_def9signature13binder_buckets_0B9_
FNDA:31,_RNvNtNtNtCscUx3zdyuqfq_4koan8builtins6fn_def9signature13binder_bucket
FNDA:21,_RNvNtNtNtCscUx3zdyuqfq_4koan8builtins6fn_def9signature19parse_fn_param_list
FNDA:31,_RNvNtNtNtCscUx3zdyuqfq_4koan8builtins6fn_def9signature19signature_expr_part
FNDA:14,_RNvNtNtNtCscUx3zdyuqfq_4koan8builtins6fn_def9signature34collect_param_names_from_signature
FNDA:0,_RNvNtNtNtCscUx3zdyuqfq_4koan8builtins6fn_def9signature11binder_name
FNDA:23,_RNCNvNtNtNtCscUx3zdyuqfq_4koan8builtins6fn_def9signature13binder_bucket0B9_
FNDA:12,_RNCNvNtNtNtCscUx3zdyuqfq_4koan8builtins6fn_def9signature13binder_buckets_0B9_
FNDA:1,_RNvNtNtNtCseriWsCb5ev6_4koan8builtins6fn_def9signature11binder_name
FNDA:449,_RNvNtNtNtCseriWsCb5ev6_4koan8builtins6fn_def9signature13binder_bucket
FNDA:278,_RNvNtNtNtCseriWsCb5ev6_4koan8builtins6fn_def9signature19parse_fn_param_list
FNDA:450,_RNvNtNtNtCseriWsCb5ev6_4koan8builtins6fn_def9signature19signature_expr_part
FNDA:216,_RNvNtNtNtCseriWsCb5ev6_4koan8builtins6fn_def9signature34collect_param_names_from_signature
FNDA:316,_RNCNvNtNtNtCseriWsCb5ev6_4koan8builtins6fn_def9signature13binder_bucket0B9_
FNDA:48,_RNCNvNtNtNtCseriWsCb5ev6_4koan8builtins6fn_def9signature13binder_buckets_0B9_
FNF:7
FNH:7
DA:11,230
DA:12,230
DA:13,230
DA:14,230
DA:15,658
DA:16,428
DA:17,168
DA:18,28
DA:19,232
DA:21,428
DA:22,196
DA:23,196
DA:24,194
DA:30,196
DA:31,194
DA:32,194
DA:33,194
DA:34,2
DA:35,232
DA:36,234
DA:38,230
DA:39,230
DA:60,299
DA:61,299
DA:62,299
DA:63,299
DA:64,299
DA:65,299
DA:66,299
DA:67,299
DA:68,299
DA:69,299
DA:70,864
DA:73,567
DA:74,228
DA:75,38
DA:76,301
DA:78,567
DA:79,301
DA:80,301
DA:81,301
DA:82,301
DA:83,266
DA:84,266
DA:85,55
DA:86,153
DA:87,153
DA:88,136
DA:89,136
DA:90,136
DA:91,136
DA:92,136
DA:93,136
DA:94,16
DA:95,16
DA:96,16
DA:97,1
DA:98,1
DA:99,1
DA:100,1
DA:101,0
DA:103,153
DA:105,4
DA:106,4
DA:107,4
DA:108,4
DA:109,52
DA:110,52
DA:111,52
DA:112,52
DA:113,52
DA:114,52
DA:115,52
DA:116,52
DA:117,52
DA:118,52
DA:119,55
DA:120,55
DA:121,55
DA:122,55
DA:123,55
DA:124,55
DA:125,55
DA:126,0
DA:127,0
DA:128,0
DA:129,0
DA:130,0
DA:131,0
DA:134,2
DA:135,2
DA:136,2
DA:137,2
DA:141,0
DA:142,0
DA:143,0
DA:144,0
DA:145,0
DA:147,0
DA:148,0
DA:149,0
DA:150,0
DA:151,0
DA:155,297
DA:156,1
DA:157,296
DA:158,296
DA:159,72
DA:160,72
DA:161,72
DA:162,72
DA:163,224
DA:164,224
DA:165,299
DA:169,1
DA:170,1
DA:171,1
DA:172,1
DA:173,1
DA:174,0
DA:176,0
DA:177,1
DA:187,480
DA:188,480
DA:189,480
DA:191,480
DA:192,480
DA:193,480
DA:194,480
DA:195,1367
DA:196,887
DA:197,484
DA:198,484
DA:199,484
DA:200,484
DA:202,343
DA:203,0
DA:204,339
DA:210,339
DA:211,343
DA:212,339
DA:213,339
DA:214,339
DA:215,4
DA:216,4
DA:219,60
DA:220,0
DA:221,60
DA:227,60
DA:228,60
DA:229,60
DA:230,60
DA:231,60
DA:232,0
DA:233,0
DA:235,0
DA:236,0
DA:237,0
DA:240,480
DA:241,480
DA:243,481
DA:244,481
DA:245,481
DA:246,481
DA:247,0
DA:249,481
BRF:0
BRH:0
LF:168
LH:141
end_of_record
SF:/var/home/jack/Code/koan/src/builtins/functor_def.rs
FN:100,_RNCNvNtNtCscUx3zdyuqfq_4koan8builtins11functor_def4body0B7_
FN:127,_RNvNtNtCscUx3zdyuqfq_4koan8builtins11functor_def19collect_param_types
FN:40,_RNvNtNtCscUx3zdyuqfq_4koan8builtins11functor_def4body
FN:158,_RNvNtNtCscUx3zdyuqfq_4koan8builtins11functor_def8register
FN:100,_RNCNvNtNtCseriWsCb5ev6_4koan8builtins11functor_def4body0B7_
FN:127,_RNvNtNtCseriWsCb5ev6_4koan8builtins11functor_def19collect_param_types
FN:40,_RNvNtNtCseriWsCb5ev6_4koan8builtins11functor_def4body
FN:158,_RNvNtNtCseriWsCb5ev6_4koan8builtins11functor_def8register
FNDA:4,_RNCNvNtNtCscUx3zdyuqfq_4koan8builtins11functor_def4body0B7_
FNDA:4,_RNvNtNtCscUx3zdyuqfq_4koan8builtins11functor_def19collect_param_types
FNDA:4,_RNvNtNtCscUx3zdyuqfq_4koan8builtins11functor_def4body
FNDA:40,_RNvNtNtCscUx3zdyuqfq_4koan8builtins11functor_def8register
FNDA:12,_RNCNvNtNtCseriWsCb5ev6_4koan8builtins11functor_def4body0B7_
FNDA:15,_RNvNtNtCseriWsCb5ev6_4koan8builtins11functor_def19collect_param_types
FNDA:15,_RNvNtNtCseriWsCb5ev6_4koan8builtins11functor_def4body
FNDA:475,_RNvNtNtCseriWsCb5ev6_4koan8builtins11functor_def8register
FNF:4
FNH:4
DA:40,19
DA:41,19
DA:42,19
DA:43,19
DA:44,19
DA:45,19
DA:46,19
DA:48,0
DA:49,0
DA:50,0
DA:53,19
DA:54,19
DA:55,0
DA:57,19
DA:58,19
DA:60,0
DA:61,0
DA:62,0
DA:65,19
DA:70,19
DA:72,19
DA:76,19
DA:77,19
DA:78,19
DA:79,0
DA:81,19
DA:82,3
DA:83,16
DA:85,16
DA:86,7
DA:87,0
DA:89,9
DA:90,9
DA:91,9
DA:92,9
DA:93,9
DA:94,9
DA:98,16
DA:99,16
DA:100,16
DA:101,16
DA:103,16
DA:105,7
DA:106,7
DA:107,7
DA:108,9
DA:111,9
DA:112,9
DA:113,9
DA:114,9
DA:115,9
DA:116,9
DA:118,9
DA:122,19
DA:127,19
DA:128,19
DA:129,19
DA:130,19
DA:132,19
DA:133,19
DA:134,19
DA:135,19
DA:136,57
DA:137,38
DA:138,2
DA:139,17
DA:140,19
DA:142,38
DA:143,19
DA:144,19
DA:145,19
DA:146,10
DA:147,10
DA:148,0
DA:149,0
DA:150,19
DA:151,19
DA:152,19
DA:153,19
DA:155,19
DA:156,19
DA:158,515
DA:165,515
DA:166,515
DA:167,515
DA:168,515
DA:169,515
DA:170,515
DA:171,515
DA:172,515
DA:173,515
DA:174,515
DA:175,515
DA:176,515
DA:179,515
DA:180,515
DA:181,515
DA:186,515
DA:187,515
DA:188,515
DA:189,515
DA:190,515
DA:191,515
DA:192,515
DA:193,515
DA:194,515
DA:195,515
DA:196,515
DA:197,515
DA:200,515
DA:201,515
DA:202,515
DA:207,515
BRF:0
BRH:0
LF:114
LH:103
end_of_record
SF:/var/home/jack/Code/koan/src/builtins/let_binding.rs
FN:185,_RNvNtNtCscUx3zdyuqfq_4koan8builtins11let_binding11binder_name
FN:170,_RNvNtNtCscUx3zdyuqfq_4koan8builtins11let_binding21capitalize_identifier
FN:156,_RNvNtNtCscUx3zdyuqfq_4koan8builtins11let_binding28is_admissible_type_class_rhs
FN:12,_RNvNtNtCscUx3zdyuqfq_4koan8builtins11let_binding4body
FN:193,_RNvNtNtCscUx3zdyuqfq_4koan8builtins11let_binding8register
FN:22,_RNCNvNtNtCscUx3zdyuqfq_4koan8builtins11let_binding4body0B7_
FN:22,_RNCNvNtNtCseriWsCb5ev6_4koan8builtins11let_binding4body0B7_
FN:185,_RNvNtNtCseriWsCb5ev6_4koan8builtins11let_binding11binder_name
FN:170,_RNvNtNtCseriWsCb5ev6_4koan8builtins11let_binding21capitalize_identifier
FN:156,_RNvNtNtCseriWsCb5ev6_4koan8builtins11let_binding28is_admissible_type_class_rhs
FN:12,_RNvNtNtCseriWsCb5ev6_4koan8builtins11let_binding4body
FN:193,_RNvNtNtCseriWsCb5ev6_4koan8builtins11let_binding8register
FNDA:139,_RNvNtNtCscUx3zdyuqfq_4koan8builtins11let_binding11binder_name
FNDA:0,_RNvNtNtCscUx3zdyuqfq_4koan8builtins11let_binding21capitalize_identifier
FNDA:16,_RNvNtNtCscUx3zdyuqfq_4koan8builtins11let_binding28is_admissible_type_class_rhs
FNDA:49,_RNvNtNtCscUx3zdyuqfq_4koan8builtins11let_binding4body
FNDA:40,_RNvNtNtCscUx3zdyuqfq_4koan8builtins11let_binding8register
FNDA:49,_RNCNvNtNtCscUx3zdyuqfq_4koan8builtins11let_binding4body0B7_
FNDA:350,_RNCNvNtNtCseriWsCb5ev6_4koan8builtins11let_binding4body0B7_
FNDA:883,_RNvNtNtCseriWsCb5ev6_4koan8builtins11let_binding11binder_name
FNDA:2,_RNvNtNtCseriWsCb5ev6_4koan8builtins11let_binding21capitalize_identifier
FNDA:110,_RNvNtNtCseriWsCb5ev6_4koan8builtins11let_binding28is_admissible_type_class_rhs
FNDA:351,_RNvNtNtCseriWsCb5ev6_4koan8builtins11let_binding4body
FNDA:475,_RNvNtNtCseriWsCb5ev6_4koan8builtins11let_binding8register
FNF:6
FNH:6
DA:12,400
DA:13,400
DA:14,400
DA:15,400
DA:16,400
DA:20,400
DA:21,400
DA:22,400
DA:23,400
DA:24,400
DA:25,400
DA:26,0
DA:32,400
DA:33,400
DA:34,273
DA:38,273
DA:39,1
DA:40,1
DA:41,271
DA:43,273
DA:44,2
DA:45,2
DA:46,2
DA:47,2
DA:48,2
DA:49,2
DA:50,2
DA:51,2
DA:52,271
DA:53,271
DA:55,97
DA:56,97
DA:57,97
DA:58,3
DA:59,3
DA:60,3
DA:61,3
DA:62,94
DA:67,94
DA:68,92
DA:69,92
DA:70,94
DA:73,30
DA:80,1
DA:81,1
DA:82,1
DA:83,1
DA:86,29
DA:87,29
DA:88,0
DA:89,0
DA:90,0
DA:91,0
DA:92,29
DA:97,29
DA:98,29
DA:99,29
DA:100,29
DA:103,0
DA:104,0
DA:105,0
DA:106,0
DA:107,0
DA:108,0
DA:110,0
DA:115,394
DA:116,2
DA:117,2
DA:118,2
DA:119,2
DA:120,392
DA:121,392
DA:122,392
DA:123,392
DA:124,392
DA:125,121
DA:126,121
DA:127,121
DA:128,121
DA:129,121
DA:130,121
DA:131,121
DA:135,271
DA:136,1
DA:137,1
DA:138,1
DA:139,1
DA:140,1
DA:141,270
DA:142,270
DA:143,1
DA:144,269
DA:146,390
DA:147,400
DA:156,126
DA:157,126
DA:158,121
DA:159,5
DA:160,5
DA:161,3
DA:162,2
DA:163,2
DA:164,126
DA:170,2
DA:171,2
DA:172,2
DA:173,2
DA:174,2
DA:175,2
DA:176,2
DA:177,2
DA:179,0
DA:181,2
DA:185,1022
DA:186,1022
DA:187,690
DA:188,329
DA:189,3
DA:191,1022
DA:193,515
DA:194,515
DA:195,515
DA:196,515
DA:197,515
DA:198,515
DA:199,515
DA:200,515
DA:201,515
DA:202,515
DA:203,515
DA:206,515
DA:207,515
DA:209,515
DA:210,515
DA:211,515
DA:212,515
DA:213,515
DA:214,515
DA:215,515
DA:216,515
DA:217,515
DA:218,515
DA:221,515
DA:222,515
DA:224,515
BRF:0
BRH:0
LF:146
LH:133
end_of_record
SF:/var/home/jack/Code/koan/src/builtins/match_case.rs
FN:98,_RNCNvNtNtCscUx3zdyuqfq_4koan8builtins10match_case4body0B7_
FN:24,_RNvNtNtCscUx3zdyuqfq_4koan8builtins10match_case4body
FN:109,_RNvNtNtCscUx3zdyuqfq_4koan8builtins10match_case8register
FN:24,_RNvNtNtCseriWsCb5ev6_4koan8builtins10match_case4body
FN:109,_RNvNtNtCseriWsCb5ev6_4koan8builtins10match_case8register
FN:98,_RNCNvNtNtCseriWsCb5ev6_4koan8builtins10match_case4body0B7_
FN:133,_RNvNtNtNtCseriWsCb5ev6_4koan8builtins10match_case5tests11run_program
FN:172,_RNvNtNtNtCseriWsCb5ev6_4koan8builtins10match_case5testss_25match_inexhaustive_errors
FN:152,_RNvNtNtNtCseriWsCb5ev6_4koan8builtins10match_case5testss_29match_binds_inner_value_to_it
FN:211,_RNvNtNtNtCseriWsCb5ev6_4koan8builtins10match_case5testss_29recursive_tagged_match_no_uaf
FN:226,_RNvNtNtNtCseriWsCb5ev6_4koan8builtins10match_case5testss_33match_on_bool_inexhaustive_errors
FN:197,_RNvNtNtNtCseriWsCb5ev6_4koan8builtins10match_case5testss_36match_on_bool_true_takes_true_branch
FN:162,_RNvNtNtNtCseriWsCb5ev6_4koan8builtins10match_case5testss_37match_does_not_run_unmatched_branches
FN:204,_RNvNtNtNtCseriWsCb5ev6_4koan8builtins10match_case5testss_38match_on_bool_false_takes_false_branch
FN:142,_RNvNtNtNtCseriWsCb5ev6_4koan8builtins10match_case5testss_40match_dispatches_branch_for_matching_tag
FN:187,_RNvNtNtNtCseriWsCb5ev6_4koan8builtins10match_case5testss_40match_other_branch_runs_when_tag_matches
FN:237,_RNvNtNtNtCseriWsCb5ev6_4koan8builtins10match_case5testss_47multi_statement_match_branch_returns_last_value
FN:252,_RNvNtNtNtCseriWsCb5ev6_4koan8builtins10match_case5testss_59fn_recursion_with_multi_statement_body_via_match_terminates
FNDA:0,_RNCNvNtNtCscUx3zdyuqfq_4koan8builtins10match_case4body0B7_
FNDA:0,_RNvNtNtCscUx3zdyuqfq_4koan8builtins10match_case4body
FNDA:40,_RNvNtNtCscUx3zdyuqfq_4koan8builtins10match_case8register
FNDA:69,_RNvNtNtCseriWsCb5ev6_4koan8builtins10match_case4body
FNDA:475,_RNvNtNtCseriWsCb5ev6_4koan8builtins10match_case8register
FNDA:1,_RNCNvNtNtCseriWsCb5ev6_4koan8builtins10match_case4body0B7_
FNDA:9,_RNvNtNtNtCseriWsCb5ev6_4koan8builtins10match_case5tests11run_program
FNDA:1,_RNvNtNtNtCseriWsCb5ev6_4koan8builtins10match_case5testss_25match_inexhaustive_errors
FNDA:1,_RNvNtNtNtCseriWsCb5ev6_4koan8builtins10match_case5testss_29match_binds_inner_value_to_it
FNDA:1,_RNvNtNtNtCseriWsCb5ev6_4koan8builtins10match_case5testss_29recursive_tagged_match_no_uaf
FNDA:1,_RNvNtNtNtCseriWsCb5ev6_4koan8builtins10match_case5testss_33match_on_bool_inexhaustive_errors
FNDA:1,_RNvNtNtNtCseriWsCb5ev6_4koan8builtins10match_case5testss_36match_on_bool_true_takes_true_branch
FNDA:1,_RNvNtNtNtCseriWsCb5ev6_4koan8builtins10match_case5testss_37match_does_not_run_unmatched_branches
FNDA:1,_RNvNtNtNtCseriWsCb5ev6_4koan8builtins10match_case5testss_38match_on_bool_false_takes_false_branch
FNDA:1,_RNvNtNtNtCseriWsCb5ev6_4koan8builtins10match_case5testss_40match_dispatches_branch_for_matching_tag
FNDA:1,_RNvNtNtNtCseriWsCb5ev6_4koan8builtins10match_case5testss_40match_other_branch_runs_when_tag_matches
FNDA:1,_RNvNtNtNtCseriWsCb5ev6_4koan8builtins10match_case5testss_47multi_statement_match_branch_returns_last_value
FNDA:1,_RNvNtNtNtCseriWsCb5ev6_4koan8builtins10match_case5testss_59fn_recursion_with_multi_statement_body_via_match_terminates
FNF:15
FNH:15
DA:24,69
DA:25,69
DA:26,69
DA:27,69
DA:28,69
DA:29,69
DA:30,62
DA:31,7
DA:32,7
DA:33,5
DA:35,2
DA:37,7
DA:39,0
DA:40,0
DA:41,0
DA:42,0
DA:43,0
DA:44,0
DA:46,0
DA:48,69
DA:49,69
DA:51,0
DA:52,0
DA:53,0
DA:56,69
DA:57,66
DA:59,3
DA:60,3
DA:61,3
DA:62,3
DA:64,0
DA:67,66
DA:68,66
DA:69,66
DA:72,66
DA:73,66
DA:74,66
DA:77,66
DA:78,66
DA:79,66
DA:80,66
DA:81,66
DA:82,66
DA:83,66
DA:84,66
DA:87,66
DA:88,66
DA:89,66
DA:90,66
DA:91,1
DA:92,1
DA:93,1
DA:94,1
DA:95,1
DA:96,1
DA:97,1
DA:98,1
DA:99,1
DA:100,1
DA:102,1
DA:104,65
DA:105,65
DA:107,69
DA:109,515
DA:110,515
DA:111,515
DA:112,515
DA:113,515
DA:114,515
DA:115,515
DA:116,515
DA:117,515
DA:118,515
DA:119,515
DA:122,515
DA:124,515
DA:133,9
DA:134,9
DA:135,9
DA:136,9
DA:137,9
DA:138,9
DA:139,9
DA:142,1
DA:143,1
DA:144,1
DA:145,1
DA:146,1
DA:148,1
DA:149,1
DA:152,1
DA:153,1
DA:154,1
DA:155,1
DA:156,1
DA:158,1
DA:159,1
DA:162,1
DA:163,1
DA:164,1
DA:165,1
DA:166,1
DA:168,1
DA:169,1
DA:172,1
DA:173,1
DA:174,1
DA:175,1
DA:176,1
DA:177,1
DA:179,1
DA:180,1
DA:181,1
DA:184,1
DA:187,1
DA:188,1
DA:189,1
DA:190,1
DA:191,1
DA:193,1
DA:194,1
DA:197,1
DA:198,1
DA:199,1
DA:200,1
DA:201,1
DA:204,1
DA:205,1
DA:206,1
DA:207,1
DA:208,1
DA:211,1
DA:214,1
DA:215,1
DA:216,1
DA:217,1
DA:218,1
DA:219,1
DA:220,1
DA:222,1
DA:223,1
DA:226,1
DA:227,1
DA:228,1
DA:229,1
DA:230,1
DA:231,1
DA:234,1
DA:237,1
DA:238,1
DA:239,1
DA:240,1
DA:241,1
DA:242,1
DA:243,1
DA:244,1
DA:246,1
DA:247,1
DA:248,1
DA:249,1
DA:252,1
DA:253,1
DA:254,1
DA:255,1
DA:256,1
DA:257,1
DA:258,1
DA:259,1
DA:260,1
DA:261,1
DA:262,1
DA:264,1
DA:265,1
DA:266,1
BRF:0
BRH:0
LF:175
LH:164
end_of_record
SF:/var/home/jack/Code/koan/src/builtins/module_def.rs
FN:119,_RNvNtNtCscUx3zdyuqfq_4koan8builtins10module_def11binder_name
FN:25,_RNvNtNtCscUx3zdyuqfq_4koan8builtins10module_def4body
FN:123,_RNvNtNtCscUx3zdyuqfq_4koan8builtins10module_def8register
FN:55,_RNCNvNtNtCscUx3zdyuqfq_4koan8builtins10module_def4body0B7_
FN:58,_RNCNvNtNtCscUx3zdyuqfq_4koan8builtins10module_def4bodys_0B7_
FN:150,_RNvNtNtNtCseriWsCb5ev6_4koan8builtins10module_def5tests14resolve_module
FN:212,_RNvNtNtNtCseriWsCb5ev6_4koan8builtins10module_def5testss_28module_unknown_member_errors
FN:180,_RNvNtNtNtCseriWsCb5ev6_4koan8builtins10module_def5testss_29module_member_access_via_attr
FN:158,_RNvNtNtNtCseriWsCb5ev6_4koan8builtins10module_def5testss_32binder_name_extracts_module_name
FN:165,_RNvNtNtNtCseriWsCb5ev6_4koan8builtins10module_def5testss_32module_binds_under_name_in_scope
FN:198,_RNvNtNtNtCseriWsCb5ev6_4koan8builtins10module_def5testss_33module_member_function_via_let_fn
FN:284,_RNvNtNtNtCseriWsCb5ev6_4koan8builtins10module_def5testss_36module_body_dispatch_does_not_dangle
FN:236,_RNvNtNtNtCseriWsCb5ev6_4koan8builtins10module_def5testss_38module_body_parks_on_outer_placeholder
FN:246,_RNvNtNtNtCseriWsCb5ev6_4koan8builtins10module_def5testss_41module_body_error_short_circuits_finalize
FN:189,_RNvNtNtNtCseriWsCb5ev6_4koan8builtins10module_def5testss_41module_with_multiple_statements_in_parens
FN:225,_RNvNtNtNtCseriWsCb5ev6_4koan8builtins10module_def5testss_41nested_module_accessible_via_chained_attr
FN:260,_RNvNtNtNtCseriWsCb5ev6_4koan8builtins10module_def5testss_50module_finalize_short_circuits_on_idempotent_state
FN:119,_RNvNtNtCseriWsCb5ev6_4koan8builtins10module_def11binder_name
FN:25,_RNvNtNtCseriWsCb5ev6_4koan8builtins10module_def4body
FN:123,_RNvNtNtCseriWsCb5ev6_4koan8builtins10module_def8register
FN:55,_RNCNvNtNtCseriWsCb5ev6_4koan8builtins10module_def4body0B7_
FN:58,_RNCNvNtNtCseriWsCb5ev6_4koan8builtins10module_def4bodys_0B7_
FNDA:30,_RNvNtNtCscUx3zdyuqfq_4koan8builtins10module_def11binder_name
FNDA:17,_RNvNtNtCscUx3zdyuqfq_4koan8builtins10module_def4body
FNDA:40,_RNvNtNtCscUx3zdyuqfq_4koan8builtins10module_def8register
FNDA:17,_RNCNvNtNtCscUx3zdyuqfq_4koan8builtins10module_def4body0B7_
FNDA:16,_RNCNvNtNtCscUx3zdyuqfq_4koan8builtins10module_def4bodys_0B7_
FNDA:3,_RNvNtNtNtCseriWsCb5ev6_4koan8builtins10module_def5tests14resolve_module
FNDA:1,_RNvNtNtNtCseriWsCb5ev6_4koan8builtins10module_def5testss_28module_unknown_member_errors
FNDA:1,_RNvNtNtNtCseriWsCb5ev6_4koan8builtins10module_def5testss_29module_member_access_via_attr
FNDA:1,_RNvNtNtNtCseriWsCb5ev6_4koan8builtins10module_def5testss_32binder_name_extracts_module_name
FNDA:1,_RNvNtNtNtCseriWsCb5ev6_4koan8builtins10module_def5testss_32module_binds_under_name_in_scope
FNDA:1,_RNvNtNtNtCseriWsCb5ev6_4koan8builtins10module_def5testss_33module_member_function_via_let_fn
FNDA:1,_RNvNtNtNtCseriWsCb5ev6_4koan8builtins10module_def5testss_36module_body_dispatch_does_not_dangle
FNDA:1,_RNvNtNtNtCseriWsCb5ev6_4koan8builtins10module_def5testss_38module_body_parks_on_outer_placeholder
FNDA:1,_RNvNtNtNtCseriWsCb5ev6_4koan8builtins10module_def5testss_41module_body_error_short_circuits_finalize
FNDA:1,_RNvNtNtNtCseriWsCb5ev6_4koan8builtins10module_def5testss_41module_with_multiple_statements_in_parens
FNDA:1,_RNvNtNtNtCseriWsCb5ev6_4koan8builtins10module_def5testss_41nested_module_accessible_via_chained_attr
FNDA:1,_RNvNtNtNtCseriWsCb5ev6_4koan8builtins10module_def5testss_50module_finalize_short_circuits_on_idempotent_state
FNDA:139,_RNvNtNtCseriWsCb5ev6_4koan8builtins10module_def11binder_name
FNDA:79,_RNvNtNtCseriWsCb5ev6_4koan8builtins10module_def4body
FNDA:475,_RNvNtNtCseriWsCb5ev6_4koan8builtins10module_def8register
FNDA:79,_RNCNvNtNtCseriWsCb5ev6_4koan8builtins10module_def4body0B7_
FNDA:77,_RNCNvNtNtCseriWsCb5ev6_4koan8builtins10module_def4bodys_0B7_
FNF:17
FNH:17
DA:25,96
DA:26,96
DA:27,96
DA:28,96
DA:29,96
DA:31,96
DA:32,96
DA:33,0
DA:35,96
DA:36,96
DA:38,0
DA:39,0
DA:40,0
DA:44,96
DA:45,96
DA:47,96
DA:51,96
DA:53,96
DA:54,96
DA:55,96
DA:56,96
DA:57,96
DA:58,96
DA:62,93
DA:63,93
DA:64,1
DA:65,92
DA:66,92
DA:67,92
DA:68,92
DA:76,92
DA:77,92
DA:78,92
DA:79,92
DA:80,92
DA:81,21
DA:82,0
DA:83,21
DA:84,21
DA:87,92
DA:88,92
DA:89,92
DA:90,92
DA:97,92
DA:98,92
DA:99,92
DA:100,92
DA:101,92
DA:102,92
DA:103,92
DA:104,92
DA:105,92
DA:106,92
DA:107,92
DA:108,0
DA:109,0
DA:110,0
DA:111,0
DA:113,93
DA:114,96
DA:115,96
DA:116,96
DA:119,169
DA:120,169
DA:121,169
DA:123,515
DA:124,515
DA:125,515
DA:126,515
DA:127,515
DA:128,515
DA:129,515
DA:130,515
DA:131,515
DA:132,515
DA:133,515
DA:136,515
DA:137,515
DA:139,515
DA:150,3
DA:151,3
DA:152,3
DA:153,0
DA:155,3
DA:158,1
DA:159,1
DA:160,1
DA:161,1
DA:162,1
DA:165,1
DA:166,1
DA:167,1
DA:168,1
DA:169,1
DA:170,1
DA:173,1
DA:174,1
DA:177,1
DA:180,1
DA:181,1
DA:182,1
DA:183,1
DA:184,1
DA:185,1
DA:186,1
DA:189,1
DA:190,1
DA:191,1
DA:192,1
DA:193,1
DA:194,1
DA:195,1
DA:198,1
DA:201,1
DA:202,1
DA:203,1
DA:204,1
DA:205,1
DA:207,1
DA:208,1
DA:209,1
DA:212,1
DA:213,1
DA:214,1
DA:215,1
DA:216,1
DA:217,1
DA:218,1
DA:219,1
DA:222,1
DA:225,1
DA:226,1
DA:227,1
DA:228,1
DA:229,1
DA:230,1
DA:231,1
DA:236,1
DA:237,1
DA:238,1
DA:239,1
DA:240,1
DA:241,1
DA:242,1
DA:246,1
DA:247,1
DA:248,1
DA:249,1
DA:250,1
DA:251,1
DA:254,1
DA:260,1
DA:261,1
DA:262,1
DA:263,1
DA:264,1
DA:265,1
DA:267,1
DA:268,1
DA:269,1
DA:270,1
DA:271,1
DA:275,1
DA:276,1
DA:277,1
DA:278,1
DA:279,1
DA:284,1
DA:285,1
DA:286,1
DA:287,1
DA:288,1
DA:289,1
DA:290,1
DA:291,1
DA:292,1
BRF:0
BRH:0
LF:178
LH:168
end_of_record
SF:/var/home/jack/Code/koan/src/builtins/newtype_def.rs
FN:131,_RNCNvNtNtCscUx3zdyuqfq_4koan8builtins11newtype_def17newtype_construct0B7_
FN:83,_RNCNvNtNtCscUx3zdyuqfq_4koan8builtins11newtype_def4body0B7_
FN:104,_RNvNtNtCscUx3zdyuqfq_4koan8builtins11newtype_def11binder_name
FN:117,_RNvNtNtCscUx3zdyuqfq_4koan8builtins11newtype_def17newtype_construct
FN:27,_RNvNtNtCscUx3zdyuqfq_4koan8builtins11newtype_def4body
FN:167,_RNvNtNtCscUx3zdyuqfq_4koan8builtins11newtype_def8register
FN:131,_RNCNvNtNtCseriWsCb5ev6_4koan8builtins11newtype_def17newtype_construct0B7_
FN:83,_RNCNvNtNtCseriWsCb5ev6_4koan8builtins11newtype_def4body0B7_
FN:356,_RNvNtNtNtCseriWsCb5ev6_4koan8builtins11newtype_def5testss_28construct_arity_zero_rejects
FN:377,_RNvNtNtNtCseriWsCb5ev6_4koan8builtins11newtype_def5testss_29construct_with_operator_value
FN:198,_RNvNtNtNtCseriWsCb5ev6_4koan8builtins11newtype_def5testss_30declare_mints_newtype_identity
FN:266,_RNvNtNtNtCseriWsCb5ev6_4koan8builtins11newtype_def5testss_30newtype_over_newtype_collapses
FN:337,_RNvNtNtNtCseriWsCb5ev6_4koan8builtins11newtype_def5testss_31construct_with_identifier_value
FN:251,_RNvNtNtNtCseriWsCb5ev6_4koan8builtins11newtype_def5testss_35construct_rejects_non_matching_repr
FN:228,_RNvNtNtNtCseriWsCb5ev6_4koan8builtins11newtype_def5testss_35construct_wraps_repr_matching_value
FN:295,_RNvNtNtNtCseriWsCb5ev6_4koan8builtins11newtype_def5testss_43dispatch_distinguishes_distance_from_number
FN:104,_RNvNtNtCseriWsCb5ev6_4koan8builtins11newtype_def11binder_name
FN:117,_RNvNtNtCseriWsCb5ev6_4koan8builtins11newtype_def17newtype_construct
FN:27,_RNvNtNtCseriWsCb5ev6_4koan8builtins11newtype_def4body
FN:167,_RNvNtNtCseriWsCb5ev6_4koan8builtins11newtype_def8register
FNDA:0,_RNCNvNtNtCscUx3zdyuqfq_4koan8builtins11newtype_def17newtype_construct0B7_
FNDA:0,_RNCNvNtNtCscUx3zdyuqfq_4koan8builtins11newtype_def4body0B7_
FNDA:0,_RNvNtNtCscUx3zdyuqfq_4koan8builtins11newtype_def11binder_name
FNDA:0,_RNvNtNtCscUx3zdyuqfq_4koan8builtins11newtype_def17newtype_construct
FNDA:0,_RNvNtNtCscUx3zdyuqfq_4koan8builtins11newtype_def4body
FNDA:40,_RNvNtNtCscUx3zdyuqfq_4koan8builtins11newtype_def8register
FNDA:11,_RNCNvNtNtCseriWsCb5ev6_4koan8builtins11newtype_def17newtype_construct0B7_
FNDA:12,_RNCNvNtNtCseriWsCb5ev6_4koan8builtins11newtype_def4body0B7_
FNDA:1,_RNvNtNtNtCseriWsCb5ev6_4koan8builtins11newtype_def5testss_28construct_arity_zero_rejects
FNDA:1,_RNvNtNtNtCseriWsCb5ev6_4koan8builtins11newtype_def5testss_29construct_with_operator_value
FNDA:1,_RNvNtNtNtCseriWsCb5ev6_4koan8builtins11newtype_def5testss_30declare_mints_newtype_identity
FNDA:1,_RNvNtNtNtCseriWsCb5ev6_4koan8builtins11newtype_def5testss_30newtype_over_newtype_collapses
FNDA:1,_RNvNtNtNtCseriWsCb5ev6_4koan8builtins11newtype_def5testss_31construct_with_identifier_value
FNDA:1,_RNvNtNtNtCseriWsCb5ev6_4koan8builtins11newtype_def5testss_35construct_rejects_non_matching_repr
FNDA:1,_RNvNtNtNtCseriWsCb5ev6_4koan8builtins11newtype_def5testss_35construct_wraps_repr_matching_value
FNDA:1,_RNvNtNtNtCseriWsCb5ev6_4koan8builtins11newtype_def5testss_43dispatch_distinguishes_distance_from_number
FNDA:24,_RNvNtNtCseriWsCb5ev6_4koan8builtins11newtype_def11binder_name
FNDA:12,_RNvNtNtCseriWsCb5ev6_4koan8builtins11newtype_def17newtype_construct
FNDA:12,_RNvNtNtCseriWsCb5ev6_4koan8builtins11newtype_def4body
FNDA:475,_RNvNtNtCseriWsCb5ev6_4koan8builtins11newtype_def8register
FNF:14
FNH:14
DA:27,12
DA:28,12
DA:29,12
DA:30,12
DA:31,12
DA:32,12
DA:33,12
DA:34,0
DA:39,12
DA:40,9
DA:41,9
DA:42,0
DA:48,3
DA:49,3
DA:50,0
DA:52,3
DA:53,3
DA:55,0
DA:56,0
DA:57,0
DA:58,0
DA:63,0
DA:64,0
DA:65,0
DA:71,12
DA:72,12
DA:73,12
DA:74,12
DA:75,12
DA:76,12
DA:77,12
DA:78,12
DA:79,12
DA:80,12
DA:81,12
DA:82,12
DA:83,12
DA:84,12
DA:85,12
DA:86,12
DA:87,12
DA:90,12
DA:91,12
DA:96,0
DA:97,0
DA:98,0
DA:99,0
DA:101,12
DA:104,24
DA:105,24
DA:106,24
DA:117,12
DA:118,12
DA:119,12
DA:120,12
DA:121,12
DA:122,12
DA:123,12
DA:124,1
DA:125,1
DA:126,1
DA:127,1
DA:128,11
DA:129,11
DA:130,11
DA:131,11
DA:132,11
DA:133,11
DA:137,11
DA:139,11
DA:141,11
DA:143,11
DA:144,0
DA:148,11
DA:149,1
DA:150,1
DA:151,1
DA:152,1
DA:153,1
DA:154,10
DA:157,10
DA:158,10
DA:159,10
DA:160,10
DA:161,10
DA:162,11
DA:163,11
DA:164,11
DA:165,12
DA:167,515
DA:170,515
DA:171,515
DA:172,515
DA:173,515
DA:174,515
DA:175,515
DA:176,515
DA:177,515
DA:178,515
DA:179,515
DA:182,515
DA:183,515
DA:185,515
DA:198,1
DA:199,1
DA:200,1
DA:201,1
DA:202,1
DA:203,1
DA:204,1
DA:205,1
DA:206,1
DA:208,1
DA:209,1
DA:212,1
DA:213,1
DA:215,0
DA:217,1
DA:218,1
DA:219,1
DA:220,1
DA:223,1
DA:228,1
DA:229,1
DA:230,1
DA:231,1
DA:232,1
DA:233,1
DA:234,1
DA:235,1
DA:238,1
DA:240,1
DA:241,0
DA:243,1
DA:245,0
DA:247,1
DA:251,1
DA:252,1
DA:253,1
DA:254,1
DA:255,1
DA:256,1
DA:257,1
DA:258,1
DA:261,1
DA:266,1
DA:267,1
DA:268,1
DA:269,1
DA:270,1
DA:271,1
DA:272,1
DA:273,1
DA:274,1
DA:275,0
DA:278,1
DA:279,1
DA:281,0
DA:284,0
DA:286,1
DA:295,1
DA:296,1
DA:297,1
DA:298,1
DA:299,1
DA:300,1
DA:301,1
DA:302,1
DA:304,1
DA:305,1
DA:306,1
DA:307,0
DA:309,1
DA:310,1
DA:311,1
DA:312,0
DA:314,1
DA:315,1
DA:316,1
DA:317,1
DA:318,1
DA:319,1
DA:320,1
DA:323,1
DA:324,1
DA:325,1
DA:326,1
DA:327,1
DA:328,1
DA:329,1
DA:332,1
DA:337,1
DA:338,1
DA:339,1
DA:340,1
DA:341,1
DA:342,1
DA:343,1
DA:344,1
DA:345,1
DA:346,0
DA:348,1
DA:350,0
DA:352,1
DA:356,1
DA:357,1
DA:358,1
DA:359,1
DA:360,1
DA:361,1
DA:362,0
DA:363,1
DA:371,1
DA:377,1
DA:378,1
DA:379,1
DA:380,1
DA:381,1
DA:382,1
DA:383,1
DA:385,1
DA:386,1
DA:387,1
DA:388,1
DA:389,1
DA:390,0
DA:392,1
DA:394,0
DA:396,1
BRF:0
BRH:0
LF:231
LH:203
end_of_record
SF:/var/home/jack/Code/koan/src/builtins/print.rs
FN:10,_RNvNtNtCscUx3zdyuqfq_4koan8builtins5print4body
FN:24,_RNvNtNtCscUx3zdyuqfq_4koan8builtins5print8register
FN:10,_RNvNtNtCseriWsCb5ev6_4koan8builtins5print4body
FN:24,_RNvNtNtCseriWsCb5ev6_4koan8builtins5print8register
FNDA:6,_RNvNtNtCscUx3zdyuqfq_4koan8builtins5print4body
FNDA:40,_RNvNtNtCscUx3zdyuqfq_4koan8builtins5print8register
FNDA:136,_RNvNtNtCseriWsCb5ev6_4koan8builtins5print4body
FNDA:475,_RNvNtNtCseriWsCb5ev6_4koan8builtins5print8register
FNF:2
FNH:2
DA:10,142
DA:11,142
DA:12,142
DA:13,142
DA:14,142
DA:15,142
DA:16,142
DA:17,0
DA:19,142
DA:20,142
DA:21,142
DA:22,142
DA:24,515
DA:25,515
DA:26,515
DA:27,515
DA:28,515
DA:29,515
DA:31,515
BRF:0
BRH:0
LF:19
LH:18
end_of_record
SF:/var/home/jack/Code/koan/src/builtins/quote.rs
FN:12,_RNvNtNtCscUx3zdyuqfq_4koan8builtins5quote4body
FN:29,_RNvNtNtCscUx3zdyuqfq_4koan8builtins5quote8register
FN:46,_RNvNtNtNtCseriWsCb5ev6_4koan8builtins5quote5tests11run_program
FN:55,_RNvNtNtNtCseriWsCb5ev6_4koan8builtins5quote5testss_26quote_then_eval_round_trip
FN:64,_RNvNtNtNtCseriWsCb5ev6_4koan8builtins5quote5testss_27quote_captures_ast_as_value
FN:12,_RNvNtNtCseriWsCb5ev6_4koan8builtins5quote4body
FN:29,_RNvNtNtCseriWsCb5ev6_4koan8builtins5quote8register
FNDA:0,_RNvNtNtCscUx3zdyuqfq_4koan8builtins5quote4body
FNDA:40,_RNvNtNtCscUx3zdyuqfq_4koan8builtins5quote8register
FNDA:2,_RNvNtNtNtCseriWsCb5ev6_4koan8builtins5quote5tests11run_program
FNDA:1,_RNvNtNtNtCseriWsCb5ev6_4koan8builtins5quote5testss_26quote_then_eval_round_trip
FNDA:1,_RNvNtNtNtCseriWsCb5ev6_4koan8builtins5quote5testss_27quote_captures_ast_as_value
FNDA:9,_RNvNtNtCseriWsCb5ev6_4koan8builtins5quote4body
FNDA:475,_RNvNtNtCseriWsCb5ev6_4koan8builtins5quote8register
FNF:5
FNH:5
DA:12,9
DA:13,9
DA:14,9
DA:15,9
DA:16,9
DA:17,9
DA:18,9
DA:20,0
DA:21,0
DA:22,0
DA:25,9
DA:26,9
DA:27,9
DA:29,515
DA:30,515
DA:31,515
DA:32,515
DA:33,515
DA:34,515
DA:35,515
DA:37,515
DA:39,515
DA:46,2
DA:47,2
DA:48,2
DA:49,2
DA:50,2
DA:51,2
DA:52,2
DA:55,1
DA:56,1
DA:57,1
DA:58,1
DA:60,1
DA:61,1
DA:64,1
DA:65,1
DA:66,1
DA:67,1
BRF:0
BRH:0
LF:39
LH:36
end_of_record
SF:/var/home/jack/Code/koan/src/builtins/result.rs
FN:20,_RNvNtNtCscUx3zdyuqfq_4koan8builtins6result8register
FN:20,_RNvNtNtCseriWsCb5ev6_4koan8builtins6result8register
FNDA:40,_RNvNtNtCscUx3zdyuqfq_4koan8builtins6result8register
FNDA:475,_RNvNtNtCseriWsCb5ev6_4koan8builtins6result8register
FNF:1
FNH:1
DA:20,515
DA:21,515
DA:22,515
DA:23,515
DA:24,515
DA:25,515
DA:26,515
DA:27,515
DA:28,515
DA:29,515
DA:30,515
DA:31,515
DA:32,515
DA:36,515
DA:37,515
BRF:0
BRH:0
LF:15
LH:15
end_of_record
SF:/var/home/jack/Code/koan/src/builtins/sig_def.rs
FN:52,_RNCNvNtNtCscUx3zdyuqfq_4koan8builtins7sig_def4body0B7_
FN:55,_RNCNvNtNtCscUx3zdyuqfq_4koan8builtins7sig_def4bodys_0B7_
FN:84,_RNvNtNtCscUx3zdyuqfq_4koan8builtins7sig_def11binder_name
FN:27,_RNvNtNtCscUx3zdyuqfq_4koan8builtins7sig_def4body
FN:88,_RNvNtNtCscUx3zdyuqfq_4koan8builtins7sig_def8register
FN:52,_RNCNvNtNtCseriWsCb5ev6_4koan8builtins7sig_def4body0B7_
FN:55,_RNCNvNtNtCseriWsCb5ev6_4koan8builtins7sig_def4bodys_0B7_
FN:84,_RNvNtNtCseriWsCb5ev6_4koan8builtins7sig_def11binder_name
FN:27,_RNvNtNtCseriWsCb5ev6_4koan8builtins7sig_def4body
FN:88,_RNvNtNtCseriWsCb5ev6_4koan8builtins7sig_def8register
FN:136,_RNvNtNtNtCseriWsCb5ev6_4koan8builtins7sig_def5testss_21sig_path_records_name
FN:114,_RNvNtNtNtCseriWsCb5ev6_4koan8builtins7sig_def5testss_29binder_name_extracts_sig_name
FN:122,_RNvNtNtNtCseriWsCb5ev6_4koan8builtins7sig_def5testss_29sig_binds_under_name_in_scope
FN:151,_RNvNtNtNtCseriWsCb5ev6_4koan8builtins7sig_def5testss_35sig_body_parks_on_outer_placeholder
FN:172,_RNvNtNtNtCseriWsCb5ev6_4koan8builtins7sig_def5testss_38sig_body_error_short_circuits_finalize
FNDA:13,_RNCNvNtNtCscUx3zdyuqfq_4koan8builtins7sig_def4body0B7_
FNDA:13,_RNCNvNtNtCscUx3zdyuqfq_4koan8builtins7sig_def4bodys_0B7_
FNDA:26,_RNvNtNtCscUx3zdyuqfq_4koan8builtins7sig_def11binder_name
FNDA:13,_RNvNtNtCscUx3zdyuqfq_4koan8builtins7sig_def4body
FNDA:40,_RNvNtNtCscUx3zdyuqfq_4koan8builtins7sig_def8register
FNDA:66,_RNCNvNtNtCseriWsCb5ev6_4koan8builtins7sig_def4body0B7_
FNDA:64,_RNCNvNtNtCseriWsCb5ev6_4koan8builtins7sig_def4bodys_0B7_
FNDA:133,_RNvNtNtCseriWsCb5ev6_4koan8builtins7sig_def11binder_name
FNDA:66,_RNvNtNtCseriWsCb5ev6_4koan8builtins7sig_def4body
FNDA:475,_RNvNtNtCseriWsCb5ev6_4koan8builtins7sig_def8register
FNDA:1,_RNvNtNtNtCseriWsCb5ev6_4koan8builtins7sig_def5testss_21sig_path_records_name
FNDA:1,_RNvNtNtNtCseriWsCb5ev6_4koan8builtins7sig_def5testss_29binder_name_extracts_sig_name
FNDA:1,_RNvNtNtNtCseriWsCb5ev6_4koan8builtins7sig_def5testss_29sig_binds_under_name_in_scope
FNDA:1,_RNvNtNtNtCseriWsCb5ev6_4koan8builtins7sig_def5testss_35sig_body_parks_on_outer_placeholder
FNDA:1,_RNvNtNtNtCseriWsCb5ev6_4koan8builtins7sig_def5testss_38sig_body_error_short_circuits_finalize
FNF:10
FNH:10
DA:27,79
DA:28,79
DA:29,79
DA:30,79
DA:31,79
DA:32,79
DA:33,79
DA:34,0
DA:36,79
DA:37,79
DA:39,0
DA:40,0
DA:41,0
DA:45,79
DA:46,79
DA:48,79
DA:50,79
DA:51,79
DA:52,79
DA:53,79
DA:54,79
DA:55,79
DA:56,77
DA:57,77
DA:58,77
DA:66,77
DA:67,77
DA:68,77
DA:69,77
DA:70,77
DA:71,77
DA:72,0
DA:73,0
DA:74,0
DA:75,0
DA:77,77
DA:78,79
DA:79,79
DA:80,79
DA:84,159
DA:85,159
DA:86,159
DA:88,515
DA:89,515
DA:90,515
DA:91,515
DA:92,515
DA:93,515
DA:94,515
DA:95,515
DA:96,515
DA:97,515
DA:98,515
DA:101,515
DA:102,515
DA:104,515
DA:114,1
DA:115,1
DA:116,1
DA:117,1
DA:118,1
DA:119,1
DA:122,1
DA:124,1
DA:125,1
DA:126,1
DA:128,1
DA:129,1
DA:130,1
DA:133,1
DA:136,1
DA:138,1
DA:139,1
DA:140,1
DA:141,1
DA:142,1
DA:143,0
DA:145,1
DA:146,1
DA:151,1
DA:152,1
DA:153,1
DA:154,1
DA:156,1
DA:157,1
DA:158,0
DA:160,1
DA:161,1
DA:162,1
DA:163,1
DA:165,0
DA:167,1
DA:172,1
DA:173,1
DA:174,1
DA:175,1
DA:176,1
DA:177,1
DA:180,1
BRF:0
BRH:0
LF:101
LH:90
end_of_record
SF:/var/home/jack/Code/koan/src/builtins/struct_def.rs
FN:174,_RNCNvNtNtCscUx3zdyuqfq_4koan8builtins10struct_def24defer_struct_via_combine0B7_
FN:75,_RNCNvNtNtCscUx3zdyuqfq_4koan8builtins10struct_def4body0B7_
FN:224,_RNvNtNtCscUx3zdyuqfq_4koan8builtins10struct_def11binder_name
FN:100,_RNvNtNtCscUx3zdyuqfq_4koan8builtins10struct_def15finalize_struct
FN:152,_RNvNtNtCscUx3zdyuqfq_4koan8builtins10struct_def24defer_struct_via_combine
FN:27,_RNvNtNtCscUx3zdyuqfq_4koan8builtins10struct_def4body
FN:228,_RNvNtNtCscUx3zdyuqfq_4koan8builtins10struct_def8register
FN:224,_RNvNtNtCseriWsCb5ev6_4koan8builtins10struct_def11binder_name
FN:100,_RNvNtNtCseriWsCb5ev6_4koan8builtins10struct_def15finalize_struct
FN:152,_RNvNtNtCseriWsCb5ev6_4koan8builtins10struct_def24defer_struct_via_combine
FN:27,_RNvNtNtCseriWsCb5ev6_4koan8builtins10struct_def4body
FN:228,_RNvNtNtCseriWsCb5ev6_4koan8builtins10struct_def8register
FN:174,_RNCNvNtNtCseriWsCb5ev6_4koan8builtins10struct_def24defer_struct_via_combine0B7_
FN:75,_RNCNvNtNtCseriWsCb5ev6_4koan8builtins10struct_def4body0B7_
FNDA:1,_RNCNvNtNtCscUx3zdyuqfq_4koan8builtins10struct_def24defer_struct_via_combine0B7_
FNDA:4,_RNCNvNtNtCscUx3zdyuqfq_4koan8builtins10struct_def4body0B7_
FNDA:8,_RNvNtNtCscUx3zdyuqfq_4koan8builtins10struct_def11binder_name
FNDA:4,_RNvNtNtCscUx3zdyuqfq_4koan8builtins10struct_def15finalize_struct
FNDA:1,_RNvNtNtCscUx3zdyuqfq_4koan8builtins10struct_def24defer_struct_via_combine
FNDA:4,_RNvNtNtCscUx3zdyuqfq_4koan8builtins10struct_def4body
FNDA:40,_RNvNtNtCscUx3zdyuqfq_4koan8builtins10struct_def8register
FNDA:103,_RNvNtNtCseriWsCb5ev6_4koan8builtins10struct_def11binder_name
FNDA:49,_RNvNtNtCseriWsCb5ev6_4koan8builtins10struct_def15finalize_struct
FNDA:6,_RNvNtNtCseriWsCb5ev6_4koan8builtins10struct_def24defer_struct_via_combine
FNDA:51,_RNvNtNtCseriWsCb5ev6_4koan8builtins10struct_def4body
FNDA:475,_RNvNtNtCseriWsCb5ev6_4koan8builtins10struct_def8register
FNDA:6,_RNCNvNtNtCseriWsCb5ev6_4koan8builtins10struct_def24defer_struct_via_combine0B7_
FNDA:51,_RNCNvNtNtCseriWsCb5ev6_4koan8builtins10struct_def4body0B7_
FNF:7
FNH:7
DA:27,55
DA:28,55
DA:29,55
DA:30,55
DA:31,55
DA:32,55
DA:33,55
DA:34,0
DA:36,55
DA:37,55
DA:39,0
DA:40,0
DA:41,0
DA:48,55
DA:49,55
DA:50,55
DA:51,55
DA:52,55
DA:53,55
DA:54,55
DA:55,55
DA:56,55
DA:61,55
DA:62,55
DA:63,55
DA:64,55
DA:65,55
DA:66,55
DA:67,55
DA:68,55
DA:73,55
DA:74,55
DA:75,55
DA:76,55
DA:77,55
DA:78,44
DA:79,4
DA:81,7
DA:82,7
DA:83,7
DA:84,7
DA:85,7
DA:86,7
DA:87,7
DA:88,7
DA:89,7
DA:90,7
DA:91,7
DA:94,55
DA:100,53
DA:101,53
DA:102,53
DA:103,53
DA:104,53
DA:105,53
DA:110,53
DA:112,10
DA:114,53
DA:116,10
DA:117,1
DA:118,1
DA:119,1
DA:120,9
DA:121,43
DA:122,52
DA:123,1
DA:124,1
DA:125,1
DA:126,51
DA:127,51
DA:128,51
DA:129,51
DA:130,51
DA:131,51
DA:132,51
DA:133,51
DA:134,51
DA:135,51
DA:136,51
DA:137,51
DA:138,51
DA:139,0
DA:141,53
DA:152,7
DA:153,7
DA:154,7
DA:155,7
DA:156,7
DA:157,7
DA:158,7
DA:159,7
DA:160,7
DA:161,7
DA:163,7
DA:166,7
DA:167,7
DA:168,7
DA:169,7
DA:170,2
DA:171,2
DA:172,2
DA:173,2
DA:174,7
DA:176,7
DA:179,7
DA:180,7
DA:181,2
DA:182,2
DA:183,0
DA:184,0
DA:185,0
DA:186,0
DA:187,0
DA:188,2
DA:189,2
DA:191,7
DA:194,7
DA:195,7
DA:196,7
DA:197,7
DA:198,7
DA:199,7
DA:200,7
DA:201,7
DA:202,7
DA:204,0
DA:205,0
DA:206,0
DA:207,0
DA:208,0
DA:209,0
DA:211,0
DA:212,0
DA:213,0
DA:216,7
DA:217,7
DA:218,7
DA:219,7
DA:224,111
DA:225,111
DA:226,111
DA:228,515
DA:229,515
DA:230,515
DA:231,515
DA:232,515
DA:233,515
DA:234,515
DA:235,515
DA:236,515
DA:237,515
DA:238,515
DA:241,515
DA:242,515
DA:244,515
BRF:0
BRH:0
LF:157
LH:138
end_of_record
SF:/var/home/jack/Code/koan/src/builtins/test_support.rs
FN:125,_RNCNCNCNvNtNtCseriWsCb5ev6_4koan8builtins12test_support16fn_is_registered000Bb_
FN:124,_RNCNCNvNtNtCseriWsCb5ev6_4koan8builtins12test_support16fn_is_registered00B9_
FN:123,_RNCNvNtNtCseriWsCb5ev6_4koan8builtins12test_support16fn_is_registered0B7_
FN:100,_RNCNvNtNtCseriWsCb5ev6_4koan8builtins12test_support9lookup_fn0B7_
FN:113,_RNCNvNtNtCseriWsCb5ev6_4koan8builtins12test_support9lookup_fns_0B7_
FN:70,_RNvNtNtCseriWsCb5ev6_4koan8builtins12test_support11run_one_err
FN:140,_RNvNtNtCseriWsCb5ev6_4koan8builtins12test_support12one_slot_sig
FN:48,_RNvNtNtCseriWsCb5ev6_4koan8builtins12test_support13run_root_bare
FN:42,_RNvNtNtCseriWsCb5ev6_4koan8builtins12test_support15run_root_silent
FN:118,_RNvNtNtCseriWsCb5ev6_4koan8builtins12test_support16fn_is_registered
FN:34,_RNvNtNtCseriWsCb5ev6_4koan8builtins12test_support17run_root_with_buf
FN:85,_RNvNtNtCseriWsCb5ev6_4koan8builtins12test_support3run
FN:135,_RNvNtNtCseriWsCb5ev6_4koan8builtins12test_support6marker
FN:62,_RNvNtNtCseriWsCb5ev6_4koan8builtins12test_support7run_one
FN:96,_RNvNtNtCseriWsCb5ev6_4koan8builtins12test_support9lookup_fn
FN:53,_RNvNtNtCseriWsCb5ev6_4koan8builtins12test_support9parse_one
FN:29,_RNvXNtNtCseriWsCb5ev6_4koan8builtins12test_supportNtB2_9SharedBufNtNtCs75vJTIYSa2J_3std2io5Write5flush
FN:25,_RNvXNtNtCseriWsCb5ev6_4koan8builtins12test_supportNtB2_9SharedBufNtNtCs75vJTIYSa2J_3std2io5Write5write
FNDA:322,_RNCNCNCNvNtNtCseriWsCb5ev6_4koan8builtins12test_support16fn_is_registered000Bb_
FNDA:300,_RNCNCNvNtNtCseriWsCb5ev6_4koan8builtins12test_support16fn_is_registered00B9_
FNDA:230,_RNCNvNtNtCseriWsCb5ev6_4koan8builtins12test_support16fn_is_registered0B7_
FNDA:817,_RNCNvNtNtCseriWsCb5ev6_4koan8builtins12test_support9lookup_fn0B7_
FNDA:0,_RNCNvNtNtCseriWsCb5ev6_4koan8builtins12test_support9lookup_fns_0B7_
FNDA:43,_RNvNtNtCseriWsCb5ev6_4koan8builtins12test_support11run_one_err
FNDA:4,_RNvNtNtCseriWsCb5ev6_4koan8builtins12test_support12one_slot_sig
FNDA:62,_RNvNtNtCseriWsCb5ev6_4koan8builtins12test_support13run_root_bare
FNDA:233,_RNvNtNtCseriWsCb5ev6_4koan8builtins12test_support15run_root_silent
FNDA:8,_RNvNtNtCseriWsCb5ev6_4koan8builtins12test_support16fn_is_registered
FNDA:79,_RNvNtNtCseriWsCb5ev6_4koan8builtins12test_support17run_root_with_buf
FNDA:296,_RNvNtNtCseriWsCb5ev6_4koan8builtins12test_support3run
FNDA:2,_RNvNtNtCseriWsCb5ev6_4koan8builtins12test_support6marker
FNDA:232,_RNvNtNtCseriWsCb5ev6_4koan8builtins12test_support7run_one
FNDA:19,_RNvNtNtCseriWsCb5ev6_4koan8builtins12test_support9lookup_fn
FNDA:359,_RNvNtNtCseriWsCb5ev6_4koan8builtins12test_support9parse_one
FNDA:0,_RNvXNtNtCseriWsCb5ev6_4koan8builtins12test_supportNtB2_9SharedBufNtNtCs75vJTIYSa2J_3std2io5Write5flush
FNDA:120,_RNvXNtNtCseriWsCb5ev6_4koan8builtins12test_supportNtB2_9SharedBufNtNtCs75vJTIYSa2J_3std2io5Write5write
FNF:18
FNH:16
DA:25,120
DA:26,120
DA:27,120
DA:28,120
DA:29,0
DA:30,0
DA:31,0
DA:34,79
DA:35,79
DA:36,79
DA:37,79
DA:38,79
DA:39,79
DA:40,79
DA:42,233
DA:43,233
DA:44,233
DA:48,62
DA:49,62
DA:50,62
DA:53,359
DA:54,359
DA:55,359
DA:56,359
DA:57,359
DA:62,232
DA:63,232
DA:64,232
DA:65,232
DA:66,232
DA:67,232
DA:70,43
DA:71,43
DA:72,43
DA:73,43
DA:74,43
DA:75,43
DA:76,43
DA:77,0
DA:78,43
DA:80,43
DA:85,296
DA:86,296
DA:87,296
DA:88,515
DA:89,515
DA:90,515
DA:91,296
DA:92,296
DA:96,19
DA:97,19
DA:98,589
DA:99,760
DA:100,817
DA:101,760
DA:102,57
DA:103,817
DA:104,760
DA:105,19
DA:106,19
DA:109,19
DA:110,741
DA:113,19
DA:114,19
DA:118,8
DA:119,8
DA:120,8
DA:121,8
DA:122,8
DA:123,230
DA:124,300
DA:125,322
DA:126,300
DA:127,22
DA:128,322
DA:129,300
DA:130,230
DA:131,8
DA:135,2
DA:136,2
DA:137,2
DA:140,4
DA:141,4
DA:142,4
DA:143,4
DA:144,4
DA:145,4
DA:146,4
DA:147,4
DA:148,4
BRF:0
BRH:0
LF:96
LH:91
end_of_record
SF:/var/home/jack/Code/koan/src/builtins/try_with.rs
FN:64,_RNvNtNtCscUx3zdyuqfq_4koan8builtins8try_with15dispatch_branch
FN:27,_RNvNtNtCscUx3zdyuqfq_4koan8builtins8try_with4body
FN:141,_RNvNtNtCscUx3zdyuqfq_4koan8builtins8try_with8register
FN:130,_RNCNvNtNtCscUx3zdyuqfq_4koan8builtins8try_with15dispatch_branch0B7_
FN:55,_RNCNvNtNtCscUx3zdyuqfq_4koan8builtins8try_with4body0B7_
FN:64,_RNvNtNtCseriWsCb5ev6_4koan8builtins8try_with15dispatch_branch
FN:27,_RNvNtNtCseriWsCb5ev6_4koan8builtins8try_with4body
FN:141,_RNvNtNtCseriWsCb5ev6_4koan8builtins8try_with8register
FN:130,_RNCNvNtNtCseriWsCb5ev6_4koan8builtins8try_with15dispatch_branch0B7_
FN:55,_RNCNvNtNtCseriWsCb5ev6_4koan8builtins8try_with4body0B7_
FNDA:0,_RNvNtNtCscUx3zdyuqfq_4koan8builtins8try_with15dispatch_branch
FNDA:0,_RNvNtNtCscUx3zdyuqfq_4koan8builtins8try_with4body
FNDA:40,_RNvNtNtCscUx3zdyuqfq_4koan8builtins8try_with8register
FNDA:0,_RNCNvNtNtCscUx3zdyuqfq_4koan8builtins8try_with15dispatch_branch0B7_
FNDA:0,_RNCNvNtNtCscUx3zdyuqfq_4koan8builtins8try_with4body0B7_
FNDA:17,_RNvNtNtCseriWsCb5ev6_4koan8builtins8try_with15dispatch_branch
FNDA:17,_RNvNtNtCseriWsCb5ev6_4koan8builtins8try_with4body
FNDA:475,_RNvNtNtCseriWsCb5ev6_4koan8builtins8try_with8register
FNDA:0,_RNCNvNtNtCseriWsCb5ev6_4koan8builtins8try_with15dispatch_branch0B7_
FNDA:17,_RNCNvNtNtCseriWsCb5ev6_4koan8builtins8try_with4body0B7_
FNF:5
FNH:4
DA:27,17
DA:28,17
DA:29,17
DA:30,17
DA:31,17
DA:32,17
DA:33,17
DA:35,0
DA:36,0
DA:37,0
DA:40,17
DA:41,17
DA:43,0
DA:44,0
DA:45,0
DA:51,17
DA:52,17
DA:53,17
DA:54,17
DA:55,17
DA:56,17
DA:57,17
DA:58,17
DA:59,17
DA:60,17
DA:64,17
DA:65,17
DA:66,17
DA:67,17
DA:68,17
DA:69,17
DA:70,17
DA:73,17
DA:74,8
DA:75,9
DA:76,9
DA:77,9
DA:78,9
DA:79,0
DA:81,9
DA:85,17
DA:86,13
DA:88,2
DA:89,1
DA:90,1
DA:91,1
DA:92,1
DA:95,2
DA:99,13
DA:100,13
DA:101,13
DA:104,13
DA:105,13
DA:106,13
DA:109,13
DA:110,13
DA:111,13
DA:112,13
DA:113,13
DA:114,13
DA:115,13
DA:116,13
DA:119,13
DA:120,13
DA:121,13
DA:122,13
DA:123,0
DA:124,0
DA:125,0
DA:126,0
DA:127,0
DA:128,0
DA:129,0
DA:130,0
DA:131,0
DA:132,0
DA:134,0
DA:136,13
DA:137,13
DA:139,17
DA:141,515
DA:142,515
DA:143,515
DA:144,515
DA:145,515
DA:146,515
DA:147,515
DA:148,515
DA:149,515
DA:150,515
DA:151,515
DA:154,515
DA:156,515
BRF:0
BRH:0
LF:95
LH:76
end_of_record
SF:/var/home/jack/Code/koan/src/builtins/type_constructors.rs
FN:46,_RNvMNtNtCscUx3zdyuqfq_4koan8builtins17type_constructorsNtB2_11CarrierKind15field_name_kind
FN:38,_RNvMNtNtCscUx3zdyuqfq_4koan8builtins17type_constructorsNtB2_11CarrierKind7context
FN:177,_RNvNtNtCscUx3zdyuqfq_4koan8builtins17type_constructors11body_record
FN:158,_RNvNtNtCscUx3zdyuqfq_4koan8builtins17type_constructors12body_functor
FN:54,_RNvNtNtCscUx3zdyuqfq_4koan8builtins17type_constructors12body_list_of
FN:96,_RNvNtNtCscUx3zdyuqfq_4koan8builtins17type_constructors13body_apply_as
FN:193,_RNvNtNtCscUx3zdyuqfq_4koan8builtins17type_constructors13build_carrier
FN:229,_RNvNtNtCscUx3zdyuqfq_4koan8builtins17type_constructors16finalize_carrier
FN:256,_RNvNtNtCscUx3zdyuqfq_4koan8builtins17type_constructors17defer_via_combine
FN:142,_RNvNtNtCscUx3zdyuqfq_4koan8builtins17type_constructors7body_fn
FN:70,_RNvNtNtCscUx3zdyuqfq_4koan8builtins17type_constructors8body_map
FN:316,_RNvNtNtCscUx3zdyuqfq_4koan8builtins17type_constructors8register
FN:277,_RNCNvNtNtCscUx3zdyuqfq_4koan8builtins17type_constructors17defer_via_combine0B7_
FN:556,_RNvNtNtNtCseriWsCb5ev6_4koan8builtins17type_constructors5tests18assert_round_trips
FN:469,_RNvNtNtNtCseriWsCb5ev6_4koan8builtins17type_constructors5testss_22fn_lowers_to_kfunction
FN:588,_RNvNtNtNtCseriWsCb5ev6_4koan8builtins17type_constructors5testss_22fn_nullary_round_trips
FN:572,_RNvNtNtNtCseriWsCb5ev6_4koan8builtins17type_constructors5testss_26fn_multi_param_round_trips
FN:511,_RNvNtNtNtCseriWsCb5ev6_4koan8builtins17type_constructors5testss_26functor_lowers_to_kfunctor
FN:601,_RNvNtNtNtCseriWsCb5ev6_4koan8builtins17type_constructors5testss_27fn_nested_param_round_trips
FN:453,_RNvNtNtNtCseriWsCb5ev6_4koan8builtins17type_constructors5testss_29map_str_number_lowers_to_dict
FN:491,_RNvNtNtNtCseriWsCb5ev6_4koan8builtins17type_constructors5testss_30fn_nullary_lowers_to_kfunction
FN:416,_RNvNtNtNtCseriWsCb5ev6_4koan8builtins17type_constructors5testss_36apply_as_lowers_to_constructor_apply
FN:401,_RNvNtNtNtCseriWsCb5ev6_4koan8builtins17type_constructors5testss_36list_of_number_lowers_to_list_number
FN:532,_RNvNtNtNtCseriWsCb5ev6_4koan8builtins17type_constructors5testss_45fn_with_nested_list_param_lowers_to_kfunction
FN:617,_RNvNtNtNtCseriWsCb5ev6_4koan8builtins17type_constructors5testss_56functor_capitalized_param_round_trips_and_preserves_name
FN:46,_RNvMNtNtCseriWsCb5ev6_4koan8builtins17type_constructorsNtB2_11CarrierKind15field_name_kind
FN:38,_RNvMNtNtCseriWsCb5ev6_4koan8builtins17type_constructorsNtB2_11CarrierKind7context
FN:177,_RNvNtNtCseriWsCb5ev6_4koan8builtins17type_constructors11body_record
FN:158,_RNvNtNtCseriWsCb5ev6_4koan8builtins17type_constructors12body_functor
FN:54,_RNvNtNtCseriWsCb5ev6_4koan8builtins17type_constructors12body_list_of
FN:96,_RNvNtNtCseriWsCb5ev6_4koan8builtins17type_constructors13body_apply_as
FN:193,_RNvNtNtCseriWsCb5ev6_4koan8builtins17type_constructors13build_carrier
FN:229,_RNvNtNtCseriWsCb5ev6_4koan8builtins17type_constructors16finalize_carrier
FN:256,_RNvNtNtCseriWsCb5ev6_4koan8builtins17type_constructors17defer_via_combine
FN:142,_RNvNtNtCseriWsCb5ev6_4koan8builtins17type_constructors7body_fn
FN:70,_RNvNtNtCseriWsCb5ev6_4koan8builtins17type_constructors8body_map
FN:316,_RNvNtNtCseriWsCb5ev6_4koan8builtins17type_constructors8register
FN:277,_RNCNvNtNtCseriWsCb5ev6_4koan8builtins17type_constructors17defer_via_combine0B7_
FNDA:6,_RNvMNtNtCscUx3zdyuqfq_4koan8builtins17type_constructorsNtB2_11CarrierKind15field_name_kind
FNDA:6,_RNvMNtNtCscUx3zdyuqfq_4koan8builtins17type_constructorsNtB2_11CarrierKind7context
FNDA:0,_RNvNtNtCscUx3zdyuqfq_4koan8builtins17type_constructors11body_record
FNDA:3,_RNvNtNtCscUx3zdyuqfq_4koan8builtins17type_constructors12body_functor
FNDA:2,_RNvNtNtCscUx3zdyuqfq_4koan8builtins17type_constructors12body_list_of
FNDA:0,_RNvNtNtCscUx3zdyuqfq_4koan8builtins17type_constructors13body_apply_as
FNDA:5,_RNvNtNtCscUx3zdyuqfq_4koan8builtins17type_constructors13build_carrier
FNDA:5,_RNvNtNtCscUx3zdyuqfq_4koan8builtins17type_constructors16finalize_carrier
FNDA:1,_RNvNtNtCscUx3zdyuqfq_4koan8builtins17type_constructors17defer_via_combine
FNDA:2,_RNvNtNtCscUx3zdyuqfq_4koan8builtins17type_constructors7body_fn
FNDA:2,_RNvNtNtCscUx3zdyuqfq_4koan8builtins17type_constructors8body_map
FNDA:40,_RNvNtNtCscUx3zdyuqfq_4koan8builtins17type_constructors8register
FNDA:1,_RNCNvNtNtCscUx3zdyuqfq_4koan8builtins17type_constructors17defer_via_combine0B7_
FNDA:4,_RNvNtNtNtCseriWsCb5ev6_4koan8builtins17type_constructors5tests18assert_round_trips
FNDA:1,_RNvNtNtNtCseriWsCb5ev6_4koan8builtins17type_constructors5testss_22fn_lowers_to_kfunction
FNDA:1,_RNvNtNtNtCseriWsCb5ev6_4koan8builtins17type_constructors5testss_22fn_nullary_round_trips
FNDA:1,_RNvNtNtNtCseriWsCb5ev6_4koan8builtins17type_constructors5testss_26fn_multi_param_round_trips
FNDA:1,_RNvNtNtNtCseriWsCb5ev6_4koan8builtins17type_constructors5testss_26functor_lowers_to_kfunctor
FNDA:1,_RNvNtNtNtCseriWsCb5ev6_4koan8builtins17type_constructors5testss_27fn_nested_param_round_trips
FNDA:1,_RNvNtNtNtCseriWsCb5ev6_4koan8builtins17type_constructors5testss_29map_str_number_lowers_to_dict
FNDA:1,_RNvNtNtNtCseriWsCb5ev6_4koan8builtins17type_constructors5testss_30fn_nullary_lowers_to_kfunction
FNDA:1,_RNvNtNtNtCseriWsCb5ev6_4koan8builtins17type_constructors5testss_36apply_as_lowers_to_constructor_apply
FNDA:1,_RNvNtNtNtCseriWsCb5ev6_4koan8builtins17type_constructors5testss_36list_of_number_lowers_to_list_number
FNDA:1,_RNvNtNtNtCseriWsCb5ev6_4koan8builtins17type_constructors5testss_45fn_with_nested_list_param_lowers_to_kfunction
FNDA:1,_RNvNtNtNtCseriWsCb5ev6_4koan8builtins17type_constructors5testss_56functor_capitalized_param_round_trips_and_preserves_name
FNDA:39,_RNvMNtNtCseriWsCb5ev6_4koan8builtins17type_constructorsNtB2_11CarrierKind15field_name_kind
[...]
FNDA:38,_RNCNvNtNtNtCseriWsCb5ev6_4koan5parse6tokens5tests8describe0B9_
FNDA:0,_RNCNvNtNtNtCseriWsCb5ev6_4koan5parse6tokens5tests8describes0_0B9_
FNDA:0,_RNCNvNtNtNtCseriWsCb5ev6_4koan5parse6tokens5tests8describes1_0B9_
FNDA:0,_RNCNvNtNtNtCseriWsCb5ev6_4koan5parse6tokens5tests8describes_0B9_
FNDA:1512,_RNCNvNtNtCseriWsCb5ev6_4koan5parse6tokens12is_type_name0B7_
FNDA:8124,_RNCNvNtNtCseriWsCb5ev6_4koan5parse6tokens13classify_atom0B7_
FNDA:3669,_RNCNvNtNtCseriWsCb5ev6_4koan5parse6tokens13classify_atoms0_0B7_
FNDA:1425,_RNCNvNtNtCseriWsCb5ev6_4koan5parse6tokens13classify_atoms_0B7_
FNDA:1,_RNCNvNtNtCseriWsCb5ev6_4koan5parse6tokens5FLOAT0B7_
FNDA:6106,_RNCNvNtNtCseriWsCb5ev6_4koan5parse6tokens9read_atoms_0B7_
FNDA:35,_RNvNtNtNtCseriWsCb5ev6_4koan5parse6tokens5tests8classify
FNDA:65,_RNvNtNtNtCseriWsCb5ev6_4koan5parse6tokens5tests8describe
FNDA:1,_RNvNtNtNtCseriWsCb5ev6_4koan5parse6tokens5testss_10plain_null
FNDA:1,_RNvNtNtNtCseriWsCb5ev6_4koan5parse6tokens5testss_10suffix_try
FNDA:1,_RNvNtNtNtCseriWsCb5ev6_4koan5parse6tokens5testss_11attr_access
FNDA:1,_RNvNtNtNtCseriWsCb5ev6_4koan5parse6tokens5testss_12plain_number
FNDA:1,_RNvNtNtNtCseriWsCb5ev6_4koan5parse6tokens5testss_13plain_boolean
FNDA:1,_RNvNtNtNtCseriWsCb5ev6_4koan5parse6tokens5testss_14chained_suffix
FNDA:1,_RNvNtNtNtCseriWsCb5ev6_4koan5parse6tokens5testss_15double_negation
FNDA:1,_RNvNtNtNtCseriWsCb5ev6_4koan5parse6tokens5testss_16bare_bang_errors
FNDA:1,_RNvNtNtNtCseriWsCb5ev6_4koan5parse6tokens5testss_16plain_identifier
FNDA:1,_RNvNtNtNtCseriWsCb5ev6_4koan5parse6tokens5testss_17suffix_after_attr
FNDA:1,_RNvNtNtNtCseriWsCb5ev6_4koan5parse6tokens5testss_18leading_dot_errors
FNDA:1,_RNvNtNtNtCseriWsCb5ev6_4koan5parse6tokens5testss_18negation_over_attr
FNDA:1,_RNvNtNtNtCseriWsCb5ev6_4koan5parse6tokens5testss_19chained_attr_access
FNDA:1,_RNvNtNtNtCseriWsCb5ev6_4koan5parse6tokens5testss_19dangling_dot_errors
FNDA:1,_RNvNtNtNtCseriWsCb5ev6_4koan5parse6tokens5testss_20negation_over_suffix
FNDA:1,_RNvNtNtNtCseriWsCb5ev6_4koan5parse6tokens5testss_21leading_suffix_errors
FNDA:1,_RNvNtNtNtCseriWsCb5ev6_4koan5parse6tokens5testss_25decimal_number_is_literal
FNDA:1,_RNvNtNtNtCseriWsCb5ev6_4koan5parse6tokens5testss_28pure_symbol_token_is_keyword
FNDA:1,_RNvNtNtNtCseriWsCb5ev6_4koan5parse6tokens5testss_28scientific_number_is_literal
FNDA:1,_RNvNtNtNtCseriWsCb5ev6_4koan5parse6tokens5testss_30attr_wins_when_rhs_not_numeric
FNDA:1,_RNvNtNtNtCseriWsCb5ev6_4koan5parse6tokens5testss_31lowercase_leading_is_identifier
FNDA:1,_RNvNtNtNtCseriWsCb5ev6_4koan5parse6tokens5testss_34keyword_two_uppercase_no_lowercase
FNDA:1,_RNvNtNtNtCseriWsCb5ev6_4koan5parse6tokens5testss_35type_uppercase_first_with_lowercase
FNDA:1,_RNvNtNtNtCseriWsCb5ev6_4koan5parse6tokens5testss_38single_uppercase_letter_is_parse_error
FNDA:1,_RNvNtNtNtCseriWsCb5ev6_4koan5parse6tokens5testss_47ascription_compound_tokens_classify_as_keywords
FNDA:1,_RNvNtNtNtCseriWsCb5ev6_4koan5parse6tokens5testss_49uppercase_with_digits_no_lowercase_is_parse_error
FNDA:1,_RNvNtNtNtCseriWsCb5ev6_4koan5parse6tokens5testss_8negation
FNDA:12792,_RNvNtNtCseriWsCb5ev6_4koan5parse6tokens11try_literal
FNDA:2932,_RNvNtNtCseriWsCb5ev6_4koan5parse6tokens12is_type_name
FNDA:57,_RNvNtNtCseriWsCb5ev6_4koan5parse6tokens12trigger_span
FNDA:6113,_RNvNtNtCseriWsCb5ev6_4koan5parse6tokens13classify_atom
FNDA:6679,_RNvNtNtCseriWsCb5ev6_4koan5parse6tokens14classify_token
FNDA:6072,_RNvNtNtCseriWsCb5ev6_4koan5parse6tokens14parse_compound
FNDA:6117,_RNvNtNtCseriWsCb5ev6_4koan5parse6tokens9read_atom
FNF:48
FNH:45
DA:25,7
DA:30,7310
DA:31,7310
DA:32,7310
DA:33,7310
DA:34,7310
DA:35,7310
DA:36,641
DA:37,6669
DA:38,6669
DA:39,6669
DA:40,6658
DA:41,0
DA:42,0
DA:43,0
DA:44,0
DA:45,6658
DA:46,6658
DA:47,7310
DA:51,14029
DA:52,14029
DA:53,14029
DA:54,13975
DA:55,13958
DA:56,13947
DA:58,13947
DA:59,560
DA:60,560
DA:61,0
DA:62,13387
DA:63,13387
DA:64,14029
DA:73,6719
DA:74,6719
DA:75,1
DA:76,6718
DA:77,6718
DA:78,3508
DA:79,3210
DA:80,3210
DA:81,8997
DA:82,1
DA:83,1
DA:84,1
DA:85,1
DA:86,1
DA:87,1
DA:88,1
DA:89,1666
DA:90,1666
DA:91,1543
DA:92,1543
DA:93,4
DA:94,4
DA:95,4
DA:96,4
DA:97,4
DA:98,4
DA:99,4
DA:100,4
DA:101,1539
DA:102,1539
DA:103,1539
DA:104,3978
DA:106,2
DA:107,2
DA:108,2
DA:109,2
DA:110,2
DA:111,2
DA:112,2
DA:113,1537
DA:114,1537
DA:115,6719
DA:118,3210
DA:119,3210
DA:120,3210
DA:121,0
DA:123,3210
DA:124,1539
DA:125,1671
DA:126,1672
DA:127,3210
DA:132,6669
DA:133,6669
DA:134,6669
DA:135,6669
DA:136,6669
DA:137,6669
DA:138,6676
DA:139,6675
DA:140,7
DA:141,7
DA:142,7
DA:145,6669
DA:147,6717
DA:148,59
DA:149,59
DA:150,59
DA:151,59
DA:152,54
DA:153,54
DA:154,53
DA:156,5
DA:160,6658
DA:161,6
DA:162,6
DA:163,6658
DA:164,6669
DA:166,66
DA:167,66
DA:168,66
DA:169,66
DA:170,66
DA:171,66
DA:172,66
DA:175,6723
DA:176,6723
DA:177,6723
DA:178,6723
DA:179,6723
DA:180,6723
DA:181,6721
DA:183,2
DA:184,2
DA:185,2
DA:186,2
DA:189,6721
DA:190,6721
DA:191,30016
DA:192,23355
DA:193,60
DA:194,23295
DA:195,23295
DA:196,23295
DA:197,23295
DA:199,6721
DA:200,2
DA:201,2
DA:202,2
DA:203,2
DA:204,2
DA:205,6719
DA:206,6719
DA:207,6719
DA:208,6719
DA:209,6719
DA:210,6719
DA:211,6723
DA:218,65
DA:219,7
DA:220,21
DA:221,18
DA:222,3
DA:223,16
DA:224,38
DA:225,16
DA:227,0
DA:228,0
DA:229,0
DA:231,0
DA:232,5
DA:233,1
DA:234,1
DA:235,0
DA:236,0
DA:237,0
DA:238,0
DA:240,0
DA:241,0
DA:242,0
DA:243,0
DA:244,0
DA:245,0
DA:247,0
DA:248,0
DA:249,0
DA:250,0
DA:251,0
DA:252,0
DA:255,65
DA:257,35
DA:258,35
DA:259,35
DA:260,35
DA:261,35
DA:264,1
DA:265,1
DA:266,1
DA:269,1
DA:270,1
DA:271,1
DA:274,1
DA:275,1
DA:276,1
DA:279,1
DA:280,1
DA:281,1
DA:284,1
DA:285,1
DA:286,1
DA:289,1
DA:290,1
DA:291,1
DA:294,1
DA:297,1
DA:298,1
DA:299,1
DA:302,1
DA:303,1
DA:304,1
DA:307,1
DA:308,1
DA:309,1
DA:312,1
DA:315,1
DA:316,1
DA:317,1
DA:320,1
DA:321,1
DA:322,1
DA:323,1
DA:326,1
DA:327,1
DA:328,1
DA:331,1
DA:332,1
DA:333,1
DA:336,1
DA:337,1
DA:338,1
DA:341,1
DA:342,1
DA:343,1
DA:346,1
DA:347,1
DA:348,1
DA:351,1
DA:352,1
DA:353,1
DA:356,1
DA:357,1
DA:358,1
DA:361,1
DA:364,1
DA:365,1
DA:366,1
DA:369,1
DA:370,1
DA:371,1
DA:374,1
DA:375,1
DA:376,1
DA:377,1
DA:378,1
DA:381,1
DA:382,1
DA:383,1
DA:384,1
DA:385,1
DA:388,1
DA:389,1
DA:390,1
DA:391,1
DA:392,1
DA:395,1
DA:396,1
DA:397,1
DA:400,1
DA:401,1
DA:402,1
DA:403,1
DA:406,1
DA:408,1
DA:409,1
DA:410,1
DA:413,1
DA:414,1
DA:415,1
DA:416,1
BRF:0
BRH:0
LF:291
LH:262
end_of_record
SF:/var/home/jack/Code/koan/src/parse/triple_list.rs
FN:76,_RINvNtNtCscUx3zdyuqfq_4koan5parse11triple_list15parse_pair_listNtNtNtNtNtB6_7machine5model5types5ktype5KTypeNCNvNtB13_16typed_field_list37parse_typed_field_list_via_elaborator0EB6_
FN:30,_RINvNtNtCscUx3zdyuqfq_4koan5parse11triple_list25parse_keyword_triple_listNtNtNtNtB6_7machine5model3ast14ExpressionPartNCNvNtNtB1d_6values11named_pairs23parse_named_value_pairss_0EB6_
FN:104,_RNCINvNtNtCscUx3zdyuqfq_4koan5parse11triple_list15parse_pair_listNtNtNtNtNtB8_7machine5model5types5ktype5KTypeNCNvNtB15_16typed_field_list37parse_typed_field_list_via_elaborator0E0B8_
FN:64,_RNCINvNtNtCscUx3zdyuqfq_4koan5parse11triple_list25parse_keyword_triple_listNtNtNtNtB8_7machine5model3ast14ExpressionPartNCNvNtNtB1f_6values11named_pairs23parse_named_value_pairss_0E0B8_
FN:76,_RINvNtNtCseriWsCb5ev6_4koan5parse11triple_list15parse_pair_listNtNtCsgW8esjfipvk_5alloc6string6StringNCNvNtB2_5testss_42identifier_or_type_accepts_type_token_name0EB6_
FN:76,_RINvNtNtCseriWsCb5ev6_4koan5parse11triple_list15parse_pair_listNtNtNtNtNtB6_7machine5model5types5ktype5KTypeNCNvNtB13_16typed_field_list37parse_typed_field_list_via_elaborator0EB6_
FN:76,_RINvNtNtCseriWsCb5ev6_4koan5parse11triple_list15parse_pair_listuNCNvNtB2_5testss_39identifier_only_rejects_type_token_name0EB6_
FN:30,_RINvNtNtCseriWsCb5ev6_4koan5parse11triple_list25parse_keyword_triple_listNtNtNtNtB6_7machine5model3ast14ExpressionPartNCNvNtNtB1d_6values11named_pairs23parse_named_value_pairss_0EB6_
FN:104,_RNCINvNtNtCseriWsCb5ev6_4koan5parse11triple_list15parse_pair_listNtNtCsgW8esjfipvk_5alloc6string6StringNCNvNtB4_5testss_42identifier_or_type_accepts_type_token_name0E0B8_
FN:104,_RNCINvNtNtCseriWsCb5ev6_4koan5parse11triple_list15parse_pair_listNtNtNtNtNtB8_7machine5model5types5ktype5KTypeNCNvNtB15_16typed_field_list37parse_typed_field_list_via_elaborator0E0B8_
FN:104,_RNCINvNtNtCseriWsCb5ev6_4koan5parse11triple_list15parse_pair_listuNCNvNtB4_5testss_39identifier_only_rejects_type_token_name0E0B8_
FN:64,_RNCINvNtNtCseriWsCb5ev6_4koan5parse11triple_list25parse_keyword_triple_listNtNtNtNtB8_7machine5model3ast14ExpressionPartNCNvNtNtB1f_6values11named_pairs23parse_named_value_pairss_0E0B8_
FN:148,_RNCNvNtNtNtCseriWsCb5ev6_4koan5parse11triple_list5testss_39identifier_only_rejects_type_token_name0B9_
FN:136,_RNCNvNtNtNtCseriWsCb5ev6_4koan5parse11triple_list5testss_42identifier_or_type_accepts_type_token_name0B9_
FN:122,_RNvNtNtNtCseriWsCb5ev6_4koan5parse11triple_list5tests15type_named_pair
FN:146,_RNvNtNtNtCseriWsCb5ev6_4koan5parse11triple_list5testss_39identifier_only_rejects_type_token_name
FN:130,_RNvNtNtNtCseriWsCb5ev6_4koan5parse11triple_list5testss_42identifier_or_type_accepts_type_token_name
FNDA:13,_RINvNtNtCscUx3zdyuqfq_4koan5parse11triple_list15parse_pair_listNtNtNtNtNtB6_7machine5model5types5ktype5KTypeNCNvNtB13_16typed_field_list37parse_typed_field_list_via_elaborator0EB6_
FNDA:3,_RINvNtNtCscUx3zdyuqfq_4koan5parse11triple_list25parse_keyword_triple_listNtNtNtNtB6_7machine5model3ast14ExpressionPartNCNvNtNtB1d_6values11named_pairs23parse_named_value_pairss_0EB6_
FNDA:5,_RNCINvNtNtCscUx3zdyuqfq_4koan5parse11triple_list15parse_pair_listNtNtNtNtNtB8_7machine5model5types5ktype5KTypeNCNvNtB15_16typed_field_list37parse_typed_field_list_via_elaborator0E0B8_
FNDA:2,_RNCINvNtNtCscUx3zdyuqfq_4koan5parse11triple_list25parse_keyword_triple_listNtNtNtNtB8_7machine5model3ast14ExpressionPartNCNvNtNtB1f_6values11named_pairs23parse_named_value_pairss_0E0B8_
FNDA:1,_RINvNtNtCseriWsCb5ev6_4koan5parse11triple_list15parse_pair_listNtNtCsgW8esjfipvk_5alloc6string6StringNCNvNtB2_5testss_42identifier_or_type_accepts_type_token_name0EB6_
FNDA:126,_RINvNtNtCseriWsCb5ev6_4koan5parse11triple_list15parse_pair_listNtNtNtNtNtB6_7machine5model5types5ktype5KTypeNCNvNtB13_16typed_field_list37parse_typed_field_list_via_elaborator0EB6_
FNDA:1,_RINvNtNtCseriWsCb5ev6_4koan5parse11triple_list15parse_pair_listuNCNvNtB2_5testss_39identifier_only_rejects_type_token_name0EB6_
FNDA:49,_RINvNtNtCseriWsCb5ev6_4koan5parse11triple_list25parse_keyword_triple_listNtNtNtNtB6_7machine5model3ast14ExpressionPartNCNvNtNtB1d_6values11named_pairs23parse_named_value_pairss_0EB6_
FNDA:0,_RNCINvNtNtCseriWsCb5ev6_4koan5parse11triple_list15parse_pair_listNtNtCsgW8esjfipvk_5alloc6string6StringNCNvNtB4_5testss_42identifier_or_type_accepts_type_token_name0E0B8_
FNDA:68,_RNCINvNtNtCseriWsCb5ev6_4koan5parse11triple_list15parse_pair_listNtNtNtNtNtB8_7machine5model5types5ktype5KTypeNCNvNtB15_16typed_field_list37parse_typed_field_list_via_elaborator0E0B8_
FNDA:0,_RNCINvNtNtCseriWsCb5ev6_4koan5parse11triple_list15parse_pair_listuNCNvNtB4_5testss_39identifier_only_rejects_type_token_name0E0B8_
FNDA:38,_RNCINvNtNtCseriWsCb5ev6_4koan5parse11triple_list25parse_keyword_triple_listNtNtNtNtB8_7machine5model3ast14ExpressionPartNCNvNtNtB1f_6values11named_pairs23parse_named_value_pairss_0E0B8_
FNDA:0,_RNCNvNtNtNtCseriWsCb5ev6_4koan5parse11triple_list5testss_39identifier_only_rejects_type_token_name0B9_
FNDA:1,_RNCNvNtNtNtCseriWsCb5ev6_4koan5parse11triple_list5testss_42identifier_or_type_accepts_type_token_name0B9_
FNDA:2,_RNvNtNtNtCseriWsCb5ev6_4koan5parse11triple_list5tests15type_named_pair
FNDA:1,_RNvNtNtNtCseriWsCb5ev6_4koan5parse11triple_list5testss_39identifier_only_rejects_type_token_name
FNDA:1,_RNvNtNtNtCseriWsCb5ev6_4koan5parse11triple_list5testss_42identifier_or_type_accepts_type_token_name
FNF:9
FNH:8
DA:30,52
DA:31,52
DA:32,52
DA:33,52
DA:34,52
DA:35,52
DA:36,52
DA:37,52
DA:38,3
DA:39,3
DA:40,3
DA:41,3
DA:42,49
DA:43,49
DA:44,49
DA:45,128
DA:46,84
DA:47,83
DA:48,1
DA:49,1
DA:50,1
DA:51,1
DA:52,1
DA:55,83
DA:56,82
DA:57,1
DA:58,1
DA:59,1
DA:60,1
DA:61,1
DA:64,82
DA:65,3
DA:66,79
DA:67,79
DA:68,79
DA:69,79
DA:71,44
DA:72,52
DA:76,141
DA:77,141
DA:78,141
DA:79,141
DA:80,141
DA:81,141
DA:82,141
DA:83,141
DA:84,2
DA:85,2
DA:86,2
DA:87,2
DA:88,139
DA:89,139
DA:90,139
DA:91,338
DA:92,205
DA:93,196
DA:96,8
DA:97,1
DA:98,1
DA:99,1
DA:100,1
DA:101,1
DA:104,204
DA:105,2
DA:106,202
DA:107,202
DA:108,199
DA:109,199
DA:111,133
DA:112,141
DA:122,2
DA:123,2
DA:124,2
DA:125,2
DA:127,2
DA:130,1
DA:131,1
DA:132,1
DA:133,1
DA:134,1
DA:135,1
DA:136,1
DA:137,1
DA:138,0
DA:139,1
DA:141,1
DA:142,1
DA:143,1
DA:146,1
DA:147,1
DA:148,1
DA:149,0
DA:150,0
DA:151,1
DA:152,1
DA:155,1
BRF:0
BRH:0
LF:99
LH:90
end_of_record
SF:/var/home/jack/Code/koan/src/parse/whitespace.rs
FN:37,_RNvNtNtCscUx3zdyuqfq_4koan5parse10whitespace12collapse_str
FN:291,_RNvNtNtCscUx3zdyuqfq_4koan5parse10whitespace13adjust_parens
FN:278,_RNvNtNtCscUx3zdyuqfq_4koan5parse10whitespace16line_delim_delta
FN:284,_RNvNtNtCscUx3zdyuqfq_4koan5parse10whitespace16line_paren_delta
FN:31,_RNvNtNtCscUx3zdyuqfq_4koan5parse10whitespace19collapse_whitespace
FN:233,_RNvNtNtCscUx3zdyuqfq_4koan5parse10whitespace19walk_content_cursor
FN:224,_RNvNtNtCscUx3zdyuqfq_4koan5parse10whitespace9emit_jump
FN:55,_RNCNvNtNtCscUx3zdyuqfq_4koan5parse10whitespace12collapse_str0B7_
FN:149,_RNCNvNtNtCscUx3zdyuqfq_4koan5parse10whitespace12collapse_strs0_0B7_
FN:56,_RNCNvNtNtCscUx3zdyuqfq_4koan5parse10whitespace12collapse_strs_0B7_
FN:279,_RNCNvNtNtCscUx3zdyuqfq_4koan5parse10whitespace16line_delim_delta0B7_
FN:280,_RNCNvNtNtCscUx3zdyuqfq_4koan5parse10whitespace16line_delim_deltas_0B7_
FN:285,_RNCNvNtNtCscUx3zdyuqfq_4koan5parse10whitespace16line_paren_delta0B7_
FN:286,_RNCNvNtNtCscUx3zdyuqfq_4koan5parse10whitespace16line_paren_deltas_0B7_
FN:33,_RNCNvNtNtCscUx3zdyuqfq_4koan5parse10whitespace19collapse_whitespace0B7_
FN:252,_RNCNvNtNtCscUx3zdyuqfq_4koan5parse10whitespace19walk_content_cursor0B7_
FN:253,_RNCNvNtNtCscUx3zdyuqfq_4koan5parse10whitespace19walk_content_cursors_0B7_
FN:37,_RNvNtNtCseriWsCb5ev6_4koan5parse10whitespace12collapse_str
FN:291,_RNvNtNtCseriWsCb5ev6_4koan5parse10whitespace13adjust_parens
FN:278,_RNvNtNtCseriWsCb5ev6_4koan5parse10whitespace16line_delim_delta
FN:284,_RNvNtNtCseriWsCb5ev6_4koan5parse10whitespace16line_paren_delta
FN:31,_RNvNtNtCseriWsCb5ev6_4koan5parse10whitespace19collapse_whitespace
FN:233,_RNvNtNtCseriWsCb5ev6_4koan5parse10whitespace19walk_content_cursor
FN:224,_RNvNtNtCseriWsCb5ev6_4koan5parse10whitespace9emit_jump
FN:55,_RNCNvNtNtCseriWsCb5ev6_4koan5parse10whitespace12collapse_str0B7_
FN:149,_RNCNvNtNtCseriWsCb5ev6_4koan5parse10whitespace12collapse_strs0_0B7_
FN:56,_RNCNvNtNtCseriWsCb5ev6_4koan5parse10whitespace12collapse_strs_0B7_
FN:279,_RNCNvNtNtCseriWsCb5ev6_4koan5parse10whitespace16line_delim_delta0B7_
FN:280,_RNCNvNtNtCseriWsCb5ev6_4koan5parse10whitespace16line_delim_deltas_0B7_
FN:285,_RNCNvNtNtCseriWsCb5ev6_4koan5parse10whitespace16line_paren_delta0B7_
FN:286,_RNCNvNtNtCseriWsCb5ev6_4koan5parse10whitespace16line_paren_deltas_0B7_
FN:33,_RNCNvNtNtCseriWsCb5ev6_4koan5parse10whitespace19collapse_whitespace0B7_
FN:252,_RNCNvNtNtCseriWsCb5ev6_4koan5parse10whitespace19walk_content_cursor0B7_
FN:253,_RNCNvNtNtCseriWsCb5ev6_4koan5parse10whitespace19walk_content_cursors_0B7_
FNDA:40,_RNvNtNtCscUx3zdyuqfq_4koan5parse10whitespace12collapse_str
FNDA:95,_RNvNtNtCscUx3zdyuqfq_4koan5parse10whitespace13adjust_parens
FNDA:95,_RNvNtNtCscUx3zdyuqfq_4koan5parse10whitespace16line_delim_delta
FNDA:95,_RNvNtNtCscUx3zdyuqfq_4koan5parse10whitespace16line_paren_delta
FNDA:40,_RNvNtNtCscUx3zdyuqfq_4koan5parse10whitespace19collapse_whitespace
FNDA:95,_RNvNtNtCscUx3zdyuqfq_4koan5parse10whitespace19walk_content_cursor
FNDA:190,_RNvNtNtCscUx3zdyuqfq_4koan5parse10whitespace9emit_jump
FNDA:3070,_RNCNvNtNtCscUx3zdyuqfq_4koan5parse10whitespace12collapse_str0B7_
FNDA:0,_RNCNvNtNtCscUx3zdyuqfq_4koan5parse10whitespace12collapse_strs0_0B7_
FNDA:55,_RNCNvNtNtCscUx3zdyuqfq_4koan5parse10whitespace12collapse_strs_0B7_
FNDA:3015,_RNCNvNtNtCscUx3zdyuqfq_4koan5parse10whitespace16line_delim_delta0B7_
FNDA:3015,_RNCNvNtNtCscUx3zdyuqfq_4koan5parse10whitespace16line_delim_deltas_0B7_
FNDA:3015,_RNCNvNtNtCscUx3zdyuqfq_4koan5parse10whitespace16line_paren_delta0B7_
FNDA:3015,_RNCNvNtNtCscUx3zdyuqfq_4koan5parse10whitespace16line_paren_deltas_0B7_
FNDA:0,_RNCNvNtNtCscUx3zdyuqfq_4koan5parse10whitespace19collapse_whitespace0B7_
FNDA:1,_RNCNvNtNtCscUx3zdyuqfq_4koan5parse10whitespace19walk_content_cursor0B7_
FNDA:0,_RNCNvNtNtCscUx3zdyuqfq_4koan5parse10whitespace19walk_content_cursors_0B7_
FNDA:871,_RNvNtNtCseriWsCb5ev6_4koan5parse10whitespace12collapse_str
FNDA:1275,_RNvNtNtCseriWsCb5ev6_4koan5parse10whitespace13adjust_parens
FNDA:1275,_RNvNtNtCseriWsCb5ev6_4koan5parse10whitespace16line_delim_delta
FNDA:1282,_RNvNtNtCseriWsCb5ev6_4koan5parse10whitespace16line_paren_delta
FNDA:871,_RNvNtNtCseriWsCb5ev6_4koan5parse10whitespace19collapse_whitespace
FNDA:1282,_RNvNtNtCseriWsCb5ev6_4koan5parse10whitespace19walk_content_cursor
FNDA:2492,_RNvNtNtCseriWsCb5ev6_4koan5parse10whitespace9emit_jump
FNDA:33626,_RNCNvNtNtCseriWsCb5ev6_4koan5parse10whitespace12collapse_str0B7_
FNDA:129,_RNCNvNtNtCseriWsCb5ev6_4koan5parse10whitespace12collapse_strs0_0B7_
FNDA:435,_RNCNvNtNtCseriWsCb5ev6_4koan5parse10whitespace12collapse_strs_0B7_
FNDA:32907,_RNCNvNtNtCseriWsCb5ev6_4koan5parse10whitespace16line_delim_delta0B7_
FNDA:32907,_RNCNvNtNtCseriWsCb5ev6_4koan5parse10whitespace16line_delim_deltas_0B7_
FNDA:32929,_RNCNvNtNtCseriWsCb5ev6_4koan5parse10whitespace16line_paren_delta0B7_
FNDA:32929,_RNCNvNtNtCseriWsCb5ev6_4koan5parse10whitespace16line_paren_deltas_0B7_
FNDA:0,_RNCNvNtNtCseriWsCb5ev6_4koan5parse10whitespace19collapse_whitespace0B7_
FNDA:205,_RNCNvNtNtCseriWsCb5ev6_4koan5parse10whitespace19walk_content_cursor0B7_
FNDA:0,_RNCNvNtNtCseriWsCb5ev6_4koan5parse10whitespace19walk_content_cursors_0B7_
FNF:17
FNH:15
DA:31,911
DA:32,911
DA:33,911
DA:34,911
DA:35,911
DA:37,911
DA:38,911
DA:39,911
DA:40,911
DA:41,911
DA:42,911
DA:45,911
DA:47,911
DA:48,911
DA:49,911
DA:50,911
DA:52,2304
DA:53,1400
DA:54,1400
DA:55,36696
DA:56,1400
DA:57,1400
DA:59,1400
DA:60,1400
DA:61,1400
DA:62,1400
DA:64,1400
DA:66,1400
DA:70,23
DA:71,23
DA:72,23
DA:73,8
DA:75,15
DA:77,23
DA:78,23
DA:79,1377
DA:81,1377
DA:83,1377
DA:84,1377
DA:86,1377
DA:87,1377
DA:89,1377
DA:90,1377
DA:91,1377
DA:92,1377
DA:93,1377
DA:117,1377
DA:118,54
DA:119,54
DA:120,1323
DA:123,1323
DA:124,16
DA:127,7
DA:128,1
DA:129,1
DA:130,1
DA:131,1
DA:132,1
DA:133,6
DA:134,6
DA:135,6
DA:136,9
DA:137,9
DA:140,1
DA:141,1
DA:142,1
DA:143,1
DA:144,1
DA:145,1
DA:146,8
DA:147,1307
DA:149,1315
DA:150,3
DA:151,3
DA:152,3
DA:153,3
DA:154,3
DA:155,3
DA:156,3
DA:157,3
DA:158,1312
DA:159,1312
DA:160,2
DA:161,2
DA:162,2
DA:163,2
DA:164,2
DA:165,2
DA:166,2
DA:167,2
DA:168,1310
DA:170,1690
DA:171,418
DA:172,380
DA:173,380
DA:174,380
DA:175,380
DA:176,38
DA:182,1310
DA:183,401
DA:184,909
DA:188,1310
DA:189,1310
DA:190,11
DA:191,11
DA:192,11
DA:193,11
DA:194,11
DA:195,1299
DA:196,1299
DA:197,1299
DA:198,1299
DA:199,1299
DA:201,1310
DA:202,1310
DA:203,1310
DA:204,1310
DA:205,1310
DA:207,1310
DA:208,1310
DA:209,450
DA:211,860
DA:213,1310
DA:216,1825
DA:217,921
DA:218,921
DA:219,921
DA:221,904
DA:222,911
DA:224,2682
DA:225,2682
DA:226,2682
DA:227,2682
DA:228,2682
DA:233,1377
DA:234,1377
DA:235,1377
DA:236,36031
DA:237,34654
DA:238,34654
DA:239,206
DA:240,206
DA:241,661
DA:242,455
DA:243,455
DA:244,206
DA:245,0
DA:246,206
DA:247,206
DA:248,0
DA:249,206
DA:250,206
DA:251,206
DA:252,206
DA:253,206
DA:254,206
DA:255,34448
DA:256,206
DA:257,412
DA:258,206
DA:259,206
DA:260,206
DA:261,0
DA:262,206
DA:263,206
DA:264,423
DA:265,217
DA:266,217
DA:267,206
DA:268,34242
DA:269,34242
DA:270,34242
DA:271,34242
DA:273,1377
DA:274,1377
DA:278,1370
DA:279,35922
DA:280,35922
DA:281,1370
DA:282,1370
DA:284,1377
DA:285,35944
DA:286,35944
DA:287,1377
DA:288,1377
DA:291,1370
DA:292,1370
DA:293,10
DA:294,10
DA:295,10
DA:297,1360
DA:298,8
DA:299,8
DA:301,1370
BRF:0
BRH:0
LF:204
LH:199
end_of_record