SF:/var/home/jack/Code/koan/src/builtins.rs
FN:157,_RNvNtCscUx3zdyuqfq_4koan8builtins13default_scope
FN:65,_RNvNtCscUx3zdyuqfq_4koan8builtins16register_builtin
FN:100,_RNvNtCscUx3zdyuqfq_4koan8builtins21register_builtin_full
FN:79,_RNvNtCscUx3zdyuqfq_4koan8builtins21type_part_binder_name
FN:87,_RNvNtCscUx3zdyuqfq_4koan8builtins28register_builtin_with_binder
FN:41,_RNvNtCscUx3zdyuqfq_4koan8builtins2kw
FN:46,_RNvNtCscUx3zdyuqfq_4koan8builtins3arg
FN:36,_RNvNtCscUx3zdyuqfq_4koan8builtins3err
FN:55,_RNvNtCscUx3zdyuqfq_4koan8builtins3sig
FN:157,_RNvNtCseriWsCb5ev6_4koan8builtins13default_scope
FN:65,_RNvNtCseriWsCb5ev6_4koan8builtins16register_builtin
FN:127,_RNvNtCseriWsCb5ev6_4koan8builtins20register_overload_at
FN:100,_RNvNtCseriWsCb5ev6_4koan8builtins21register_builtin_full
FN:79,_RNvNtCseriWsCb5ev6_4koan8builtins21type_part_binder_name
FN:87,_RNvNtCseriWsCb5ev6_4koan8builtins28register_builtin_with_binder
FN:41,_RNvNtCseriWsCb5ev6_4koan8builtins2kw
FN:46,_RNvNtCseriWsCb5ev6_4koan8builtins3arg
FN:36,_RNvNtCseriWsCb5ev6_4koan8builtins3err
FN:55,_RNvNtCseriWsCb5ev6_4koan8builtins3sig
FNDA:43,_RNvNtCscUx3zdyuqfq_4koan8builtins13default_scope
FNDA:989,_RNvNtCscUx3zdyuqfq_4koan8builtins16register_builtin
FNDA:1634,_RNvNtCscUx3zdyuqfq_4koan8builtins21register_builtin_full
FNDA:74,_RNvNtCscUx3zdyuqfq_4koan8builtins21type_part_binder_name
FNDA:1419,_RNvNtCscUx3zdyuqfq_4koan8builtins28register_builtin_with_binder
FNDA:2881,_RNvNtCscUx3zdyuqfq_4koan8builtins2kw
FNDA:3311,_RNvNtCscUx3zdyuqfq_4koan8builtins3arg
FNDA:1,_RNvNtCscUx3zdyuqfq_4koan8builtins3err
FNDA:1634,_RNvNtCscUx3zdyuqfq_4koan8builtins3sig
FNDA:497,_RNvNtCseriWsCb5ev6_4koan8builtins13default_scope
FNDA:11451,_RNvNtCseriWsCb5ev6_4koan8builtins16register_builtin
FNDA:3,_RNvNtCseriWsCb5ev6_4koan8builtins20register_overload_at
FNDA:18907,_RNvNtCseriWsCb5ev6_4koan8builtins21register_builtin_full
FNDA:454,_RNvNtCseriWsCb5ev6_4koan8builtins21type_part_binder_name
FNDA:16422,_RNvNtCseriWsCb5ev6_4koan8builtins28register_builtin_with_binder
FNDA:33299,_RNvNtCseriWsCb5ev6_4koan8builtins2kw
FNDA:38269,_RNvNtCseriWsCb5ev6_4koan8builtins3arg
FNDA:55,_RNvNtCseriWsCb5ev6_4koan8builtins3err
FNDA:18886,_RNvNtCseriWsCb5ev6_4koan8builtins3sig
FNF:10
FNH:10
DA:36,56
DA:37,56
DA:38,56
DA:41,36180
DA:42,36180
DA:43,36180
DA:46,41580
DA:47,41580
DA:48,41580
DA:49,41580
DA:50,41580
DA:51,41580
DA:55,20520
DA:56,20520
DA:57,20520
DA:58,20520
DA:59,20520
DA:60,20520
DA:61,20520
DA:62,20520
DA:63,20520
DA:65,12440
DA:66,12440
DA:67,12440
DA:68,12440
DA:69,12440
DA:70,12440
DA:71,12440
DA:72,12440
DA:79,528
DA:80,528
DA:81,528
DA:82,528
DA:83,528
DA:87,17841
DA:88,17841
DA:89,17841
DA:90,17841
DA:91,17841
DA:92,17841
DA:93,17841
DA:94,17841
DA:95,17841
DA:100,20541
DA:101,20541
DA:102,20541
DA:103,20541
DA:104,20541
DA:105,20541
DA:106,20541
DA:107,20541
DA:108,20541
DA:109,20541
DA:110,20541
DA:111,20541
DA:112,20541
DA:113,20541
DA:114,20541
DA:115,20541
DA:116,20541
DA:117,20541
DA:118,20541
DA:119,20541
DA:120,20541
DA:127,3
DA:128,3
DA:129,3
DA:130,3
DA:131,3
DA:132,3
DA:133,3
DA:134,3
DA:135,3
DA:136,3
DA:137,3
DA:138,3
DA:139,3
DA:140,3
DA:141,3
DA:142,3
DA:143,3
DA:144,3
DA:145,3
DA:146,3
DA:147,3
DA:157,540
DA:158,540
DA:159,540
DA:160,540
DA:161,540
DA:163,540
DA:164,540
DA:165,540
DA:166,540
DA:167,540
DA:168,540
DA:169,540
DA:172,540
DA:173,540
DA:174,540
DA:177,540
DA:178,540
DA:179,540
DA:182,540
DA:183,540
DA:184,540
DA:187,540
DA:188,540
DA:189,540
DA:192,540
DA:193,540
DA:194,540
DA:197,540
DA:199,540
DA:200,540
DA:201,540
DA:202,540
DA:203,540
DA:204,540
DA:205,540
DA:206,540
DA:207,540
DA:208,540
DA:209,540
DA:210,540
DA:211,540
DA:212,540
DA:213,540
DA:214,540
DA:215,540
DA:216,540
DA:217,540
DA:218,540
DA:219,540
DA:220,540
DA:222,540
DA:223,540
BRF:0
BRH:0
LF:137
LH:137
end_of_record
SF:/var/home/jack/Code/koan/src/builtins/ascribe.rs
FN:231,_RNCNvNtNtCscUx3zdyuqfq_4koan8builtins7ascribe21is_abstract_type_name0B7_
FN:217,_RNCNvNtNtCscUx3zdyuqfq_4koan8builtins7ascribe22abstract_type_names_ofs_0B7_
FN:17,_RNvNtNtCscUx3zdyuqfq_4koan8builtins7ascribe11body_opaque
FN:168,_RNvNtNtCscUx3zdyuqfq_4koan8builtins7ascribe11shape_check
FN:141,_RNvNtNtCscUx3zdyuqfq_4koan8builtins7ascribe16body_transparent
FN:223,_RNvNtNtCscUx3zdyuqfq_4koan8builtins7ascribe21is_abstract_type_name
FN:211,_RNvNtNtCscUx3zdyuqfq_4koan8builtins7ascribe22abstract_type_names_of
FN:234,_RNvNtNtCscUx3zdyuqfq_4koan8builtins7ascribe28resolve_module_and_signature
FN:248,_RNvNtNtCscUx3zdyuqfq_4koan8builtins7ascribe8register
FN:17,_RNvNtNtCseriWsCb5ev6_4koan8builtins7ascribe11body_opaque
FN:168,_RNvNtNtCseriWsCb5ev6_4koan8builtins7ascribe11shape_check
FN:141,_RNvNtNtCseriWsCb5ev6_4koan8builtins7ascribe16body_transparent
FN:223,_RNvNtNtCseriWsCb5ev6_4koan8builtins7ascribe21is_abstract_type_name
FN:211,_RNvNtNtCseriWsCb5ev6_4koan8builtins7ascribe22abstract_type_names_of
FN:234,_RNvNtNtCseriWsCb5ev6_4koan8builtins7ascribe28resolve_module_and_signature
FN:248,_RNvNtNtCseriWsCb5ev6_4koan8builtins7ascribe8register
FN:231,_RNCNvNtNtCseriWsCb5ev6_4koan8builtins7ascribe21is_abstract_type_name0B7_
FN:217,_RNCNvNtNtCseriWsCb5ev6_4koan8builtins7ascribe22abstract_type_names_ofs_0B7_
FNDA:0,_RNCNvNtNtCscUx3zdyuqfq_4koan8builtins7ascribe21is_abstract_type_name0B7_
FNDA:6,_RNCNvNtNtCscUx3zdyuqfq_4koan8builtins7ascribe22abstract_type_names_ofs_0B7_
FNDA:1,_RNvNtNtCscUx3zdyuqfq_4koan8builtins7ascribe11body_opaque
FNDA:5,_RNvNtNtCscUx3zdyuqfq_4koan8builtins7ascribe11shape_check
FNDA:4,_RNvNtNtCscUx3zdyuqfq_4koan8builtins7ascribe16body_transparent
FNDA:22,_RNvNtNtCscUx3zdyuqfq_4koan8builtins7ascribe21is_abstract_type_name
FNDA:6,_RNvNtNtCscUx3zdyuqfq_4koan8builtins7ascribe22abstract_type_names_of
FNDA:5,_RNvNtNtCscUx3zdyuqfq_4koan8builtins7ascribe28resolve_module_and_signature
FNDA:43,_RNvNtNtCscUx3zdyuqfq_4koan8builtins7ascribe8register
FNDA:19,_RNvNtNtCseriWsCb5ev6_4koan8builtins7ascribe11body_opaque
FNDA:37,_RNvNtNtCseriWsCb5ev6_4koan8builtins7ascribe11shape_check
FNDA:18,_RNvNtNtCseriWsCb5ev6_4koan8builtins7ascribe16body_transparent
FNDA:189,_RNvNtNtCseriWsCb5ev6_4koan8builtins7ascribe21is_abstract_type_name
FNDA:64,_RNvNtNtCseriWsCb5ev6_4koan8builtins7ascribe22abstract_type_names_of
FNDA:37,_RNvNtNtCseriWsCb5ev6_4koan8builtins7ascribe28resolve_module_and_signature
FNDA:497,_RNvNtNtCseriWsCb5ev6_4koan8builtins7ascribe8register
FNDA:52,_RNCNvNtNtCseriWsCb5ev6_4koan8builtins7ascribe21is_abstract_type_name0B7_
FNDA:97,_RNCNvNtNtCseriWsCb5ev6_4koan8builtins7ascribe22abstract_type_names_ofs_0B7_
FNF:9
FNH:9
DA:17,20
DA:18,20
DA:19,20
DA:20,20
DA:21,20
DA:22,20
DA:23,20
DA:24,0
DA:27,20
DA:28,20
DA:29,20
DA:30,20
DA:33,20
DA:34,20
DA:35,0
DA:36,20
DA:38,20
DA:42,20
DA:44,20
DA:45,20
DA:50,13
DA:51,3
DA:52,3
DA:55,3
DA:56,3
DA:57,3
DA:59,0
DA:63,3
DA:64,3
DA:65,3
DA:66,3
DA:68,3
DA:69,3
DA:70,3
DA:71,3
DA:72,3
DA:73,3
DA:74,3
DA:75,3
DA:76,3
DA:78,10
DA:79,10
DA:80,10
DA:81,10
DA:83,13
DA:86,20
DA:87,13
DA:88,13
DA:89,13
DA:90,13
DA:91,7
DA:100,20
DA:101,20
DA:102,30
DA:105,30
DA:106,13
DA:107,17
DA:110,3
DA:111,3
DA:113,3
DA:114,3
DA:115,3
DA:116,14
DA:118,20
DA:119,20
DA:120,3
DA:121,3
DA:122,3
DA:123,3
DA:124,17
DA:127,20
DA:128,2
DA:129,18
DA:131,18
DA:133,18
DA:134,18
DA:135,18
DA:136,18
DA:137,18
DA:138,20
DA:141,22
DA:142,22
DA:143,22
DA:144,22
DA:145,22
DA:146,22
DA:147,22
DA:148,0
DA:150,22
DA:151,0
DA:152,22
DA:154,22
DA:155,22
DA:156,22
DA:157,22
DA:158,22
DA:159,22
DA:160,22
DA:161,22
DA:162,22
DA:163,22
DA:164,22
DA:165,22
DA:168,42
DA:169,42
DA:170,42
DA:171,42
DA:172,42
DA:173,42
DA:174,42
DA:175,42
DA:179,42
DA:180,42
DA:181,42
DA:182,42
DA:183,42
DA:184,42
DA:185,42
DA:186,42
DA:187,42
DA:188,42
DA:189,42
DA:190,42
DA:191,42
DA:192,55
DA:193,55
DA:194,16
DA:195,39
DA:196,39
DA:197,2
DA:198,2
DA:199,2
DA:200,2
DA:201,37
DA:203,40
DA:204,42
DA:211,70
DA:212,70
DA:213,70
DA:214,70
DA:215,70
DA:216,70
DA:217,103
DA:218,70
DA:219,70
DA:223,211
DA:224,211
DA:225,211
DA:226,0
DA:228,211
DA:229,159
DA:230,52
DA:231,52
DA:232,211
DA:234,42
DA:235,42
DA:236,42
DA:237,42
DA:238,42
DA:239,42
DA:240,42
DA:241,42
DA:242,42
DA:243,42
DA:244,42
DA:245,42
DA:246,42
DA:248,540
DA:252,540
DA:253,540
DA:254,540
DA:255,540
DA:256,540
DA:257,540
DA:258,540
DA:259,540
DA:260,540
DA:263,540
DA:265,540
DA:266,540
DA:267,540
DA:268,540
DA:269,540
DA:270,540
DA:271,540
DA:272,540
DA:273,540
DA:276,540
DA:278,540
BRF:0
BRH:0
LF:191
LH:185
end_of_record
SF:/var/home/jack/Code/koan/src/builtins/attr.rs
FN:140,_RNvNtNtCscUx3zdyuqfq_4koan8builtins4attr11body_module
FN:213,_RNvNtNtCscUx3zdyuqfq_4koan8builtins4attr12access_field
FN:124,_RNvNtNtCscUx3zdyuqfq_4koan8builtins4attr12body_newtype
FN:80,_RNvNtNtCscUx3zdyuqfq_4koan8builtins4attr13body_type_lhs
FN:26,_RNvNtNtCscUx3zdyuqfq_4koan8builtins4attr15body_identifier
FN:157,_RNvNtNtCscUx3zdyuqfq_4koan8builtins4attr15read_field_name
FN:182,_RNvNtNtCscUx3zdyuqfq_4koan8builtins4attr18access_type_member
FN:264,_RNvNtNtCscUx3zdyuqfq_4koan8builtins4attr20access_module_member
FN:288,_RNvNtNtCscUx3zdyuqfq_4koan8builtins4attr8register
FN:427,_RNvNtNtNtCseriWsCb5ev6_4koan8builtins4attr5testss_24attr_unbound_name_errors
FN:454,_RNvNtNtNtCseriWsCb5ev6_4koan8builtins4attr5testss_25attr_unknown_field_errors
FN:438,_RNvNtNtNtCseriWsCb5ev6_4koan8builtins4attr5testss_31attr_on_non_struct_value_errors
FN:470,_RNvNtNtNtCseriWsCb5ev6_4koan8builtins4attr5testss_33attr_chained_unknown_field_errors
FN:411,_RNvNtNtNtCseriWsCb5ev6_4koan8builtins4attr5testss_34attr_chained_through_nested_struct
FN:387,_RNvNtNtNtCseriWsCb5ev6_4koan8builtins4attr5testss_34attr_reads_field_from_named_struct
FN:399,_RNvNtNtNtCseriWsCb5ev6_4koan8builtins4attr5testss_35attr_reads_each_field_independently
FN:507,_RNvNtNtNtCseriWsCb5ev6_4koan8builtins4attr5testss_39access_field_rejects_wrapped_non_struct
FN:551,_RNvNtNtNtCseriWsCb5ev6_4koan8builtins4attr5testss_41transparent_view_slot_read_stays_concrete
FN:530,_RNvNtNtNtCseriWsCb5ev6_4koan8builtins4attr5testss_48opaque_view_slot_read_re_tags_with_abstract_type
FN:491,_RNvNtNtNtCseriWsCb5ev6_4koan8builtins4attr5testss_49access_field_falls_through_wrapped_record_newtype
FN:572,_RNvNtNtNtCseriWsCb5ev6_4koan8builtins4attr5testss_53access_field_falls_through_wrapped_with_missing_field
FN:140,_RNvNtNtCseriWsCb5ev6_4koan8builtins4attr11body_module
FN:213,_RNvNtNtCseriWsCb5ev6_4koan8builtins4attr12access_field
FN:124,_RNvNtNtCseriWsCb5ev6_4koan8builtins4attr12body_newtype
FN:80,_RNvNtNtCseriWsCb5ev6_4koan8builtins4attr13body_type_lhs
FN:26,_RNvNtNtCseriWsCb5ev6_4koan8builtins4attr15body_identifier
FN:157,_RNvNtNtCseriWsCb5ev6_4koan8builtins4attr15read_field_name
FN:182,_RNvNtNtCseriWsCb5ev6_4koan8builtins4attr18access_type_member
FN:264,_RNvNtNtCseriWsCb5ev6_4koan8builtins4attr20access_module_member
FN:288,_RNvNtNtCseriWsCb5ev6_4koan8builtins4attr8register
FNDA:7,_RNvNtNtCscUx3zdyuqfq_4koan8builtins4attr11body_module
FNDA:1,_RNvNtNtCscUx3zdyuqfq_4koan8builtins4attr12access_field
FNDA:0,_RNvNtNtCscUx3zdyuqfq_4koan8builtins4attr12body_newtype
FNDA:0,_RNvNtNtCscUx3zdyuqfq_4koan8builtins4attr13body_type_lhs
FNDA:2,_RNvNtNtCscUx3zdyuqfq_4koan8builtins4attr15body_identifier
FNDA:9,_RNvNtNtCscUx3zdyuqfq_4koan8builtins4attr15read_field_name
FNDA:0,_RNvNtNtCscUx3zdyuqfq_4koan8builtins4attr18access_type_member
FNDA:7,_RNvNtNtCscUx3zdyuqfq_4koan8builtins4attr20access_module_member
FNDA:43,_RNvNtNtCscUx3zdyuqfq_4koan8builtins4attr8register
FNDA:1,_RNvNtNtNtCseriWsCb5ev6_4koan8builtins4attr5testss_24attr_unbound_name_errors
FNDA:1,_RNvNtNtNtCseriWsCb5ev6_4koan8builtins4attr5testss_25attr_unknown_field_errors
FNDA:1,_RNvNtNtNtCseriWsCb5ev6_4koan8builtins4attr5testss_31attr_on_non_struct_value_errors
FNDA:1,_RNvNtNtNtCseriWsCb5ev6_4koan8builtins4attr5testss_33attr_chained_unknown_field_errors
FNDA:1,_RNvNtNtNtCseriWsCb5ev6_4koan8builtins4attr5testss_34attr_chained_through_nested_struct
FNDA:1,_RNvNtNtNtCseriWsCb5ev6_4koan8builtins4attr5testss_34attr_reads_field_from_named_struct
FNDA:1,_RNvNtNtNtCseriWsCb5ev6_4koan8builtins4attr5testss_35attr_reads_each_field_independently
FNDA:1,_RNvNtNtNtCseriWsCb5ev6_4koan8builtins4attr5testss_39access_field_rejects_wrapped_non_struct
FNDA:1,_RNvNtNtNtCseriWsCb5ev6_4koan8builtins4attr5testss_41transparent_view_slot_read_stays_concrete
FNDA:1,_RNvNtNtNtCseriWsCb5ev6_4koan8builtins4attr5testss_48opaque_view_slot_read_re_tags_with_abstract_type
FNDA:1,_RNvNtNtNtCseriWsCb5ev6_4koan8builtins4attr5testss_49access_field_falls_through_wrapped_record_newtype
FNDA:1,_RNvNtNtNtCseriWsCb5ev6_4koan8builtins4attr5testss_53access_field_falls_through_wrapped_with_missing_field
FNDA:16,_RNvNtNtCseriWsCb5ev6_4koan8builtins4attr11body_module
FNDA:21,_RNvNtNtCseriWsCb5ev6_4koan8builtins4attr12access_field
FNDA:2,_RNvNtNtCseriWsCb5ev6_4koan8builtins4attr12body_newtype
FNDA:1,_RNvNtNtCseriWsCb5ev6_4koan8builtins4attr13body_type_lhs
FNDA:22,_RNvNtNtCseriWsCb5ev6_4koan8builtins4attr15body_identifier
FNDA:41,_RNvNtNtCseriWsCb5ev6_4koan8builtins4attr15read_field_name
FNDA:0,_RNvNtNtCseriWsCb5ev6_4koan8builtins4attr18access_type_member
FNDA:19,_RNvNtNtCseriWsCb5ev6_4koan8builtins4attr20access_module_member
FNDA:497,_RNvNtNtCseriWsCb5ev6_4koan8builtins4attr8register
FNF:21
FNH:20
DA:26,24
DA:27,24
DA:28,24
DA:29,24
DA:30,24
DA:31,24
DA:32,24
DA:33,0
DA:34,0
DA:35,0
DA:36,0
DA:37,0
DA:38,0
DA:40,0
DA:42,24
DA:43,24
DA:44,24
DA:45,0
DA:50,24
DA:51,19
DA:52,5
DA:53,5
DA:54,0
DA:55,3
DA:57,0
DA:60,0
DA:64,0
DA:68,0
DA:70,2
DA:71,2
DA:72,24
DA:80,1
DA:81,1
DA:82,1
DA:83,1
DA:84,1
DA:85,1
DA:86,1
DA:88,0
DA:89,0
DA:90,0
DA:91,0
DA:92,0
DA:93,0
DA:94,0
DA:98,1
DA:99,1
DA:100,0
DA:108,1
DA:109,1
DA:110,0
DA:111,0
DA:112,1
DA:113,1
DA:114,1
DA:115,1
DA:116,1
DA:117,1
DA:118,1
DA:120,0
DA:122,1
DA:124,2
DA:125,2
DA:126,2
DA:127,2
DA:128,2
DA:129,2
DA:130,2
DA:131,0
DA:133,2
DA:134,2
DA:135,0
DA:137,2
DA:138,2
DA:140,23
DA:141,23
DA:142,23
DA:143,23
DA:144,23
DA:146,23
DA:147,23
DA:148,0
DA:150,23
DA:151,23
DA:152,0
DA:154,23
DA:155,23
DA:157,50
DA:158,50
DA:159,40
DA:160,40
DA:161,0
DA:162,0
DA:163,0
DA:164,0
DA:165,0
DA:167,10
DA:170,10
DA:171,10
DA:172,9
DA:173,1
DA:175,0
DA:176,0
DA:177,50
DA:182,0
DA:183,0
DA:184,0
DA:186,0
DA:187,0
DA:188,0
DA:189,0
DA:190,0
DA:191,0
DA:192,0
DA:193,0
DA:194,0
DA:195,0
DA:196,0
DA:197,0
DA:202,0
DA:204,0
DA:205,0
DA:206,0
DA:207,0
DA:208,0
DA:209,0
DA:211,0
DA:213,22
DA:214,22
DA:221,18
DA:222,17
DA:223,14
DA:224,14
DA:226,0
DA:227,3
DA:228,3
DA:229,3
DA:230,3
DA:231,3
DA:233,1
DA:235,4
DA:236,4
DA:237,4
DA:238,4
DA:239,4
DA:241,22
DA:264,26
DA:265,26
DA:266,26
DA:267,9
DA:268,17
DA:269,17
DA:270,15
DA:271,2
DA:272,2
DA:273,2
DA:274,2
DA:275,2
DA:276,13
DA:277,13
DA:278,2
DA:279,2
DA:280,1
DA:281,1
DA:282,1
DA:283,1
DA:284,1
DA:285,1
DA:286,26
DA:288,540
DA:289,540
DA:291,540
DA:292,540
DA:293,540
DA:294,540
DA:295,540
DA:296,540
DA:297,540
DA:298,540
DA:299,540
DA:302,540
DA:304,540
DA:305,540
DA:306,540
DA:307,540
DA:308,540
DA:309,540
DA:310,540
DA:311,540
DA:312,540
DA:315,540
DA:325,540
DA:326,540
DA:327,540
DA:328,540
DA:329,540
DA:330,540
DA:331,540
DA:332,540
DA:333,540
DA:336,540
DA:338,540
DA:339,540
DA:340,540
DA:341,540
DA:342,540
DA:343,540
DA:344,540
DA:345,540
DA:346,540
DA:349,540
DA:351,540
DA:352,540
DA:353,540
DA:354,540
DA:355,540
DA:356,540
DA:357,540
DA:358,540
DA:359,540
DA:362,540
DA:365,540
DA:366,540
DA:367,540
DA:368,540
DA:369,540
DA:370,540
DA:371,540
DA:372,540
DA:373,540
DA:376,540
DA:378,540
DA:387,1
DA:388,1
DA:389,1
DA:390,1
DA:391,1
DA:392,1
DA:394,1
DA:395,1
DA:396,1
DA:399,1
DA:400,1
DA:401,1
DA:402,1
DA:403,1
DA:404,1
DA:406,1
DA:407,1
DA:408,1
DA:411,1
DA:412,1
DA:413,1
DA:414,1
DA:415,1
DA:416,1
DA:417,1
DA:418,1
DA:419,1
DA:420,1
DA:422,1
DA:423,1
DA:424,1
DA:427,1
DA:428,1
DA:429,1
DA:430,1
DA:431,1
DA:432,1
DA:435,1
DA:438,1
DA:439,1
DA:440,1
DA:441,1
DA:442,1
DA:443,1
DA:444,1
DA:445,1
DA:446,1
DA:447,1
DA:449,0
DA:451,1
DA:454,1
DA:455,1
DA:456,1
DA:457,1
DA:458,1
DA:459,1
DA:461,1
DA:462,1
DA:463,1
DA:464,1
DA:467,1
DA:470,1
DA:471,1
DA:472,1
DA:473,1
DA:474,1
DA:475,1
DA:476,1
DA:477,1
DA:478,1
DA:479,1
DA:481,1
DA:482,1
DA:483,1
DA:484,1
DA:487,1
DA:491,1
DA:492,1
DA:493,1
DA:494,1
DA:495,1
DA:496,1
DA:497,1
DA:498,1
DA:499,1
DA:501,1
DA:502,1
DA:503,1
DA:507,1
DA:508,1
DA:509,1
DA:510,1
DA:511,1
DA:512,1
DA:513,1
DA:515,1
DA:516,1
DA:517,1
DA:518,1
DA:519,1
DA:520,1
DA:522,0
DA:524,1
DA:530,1
DA:531,1
DA:532,1
DA:533,1
DA:534,1
DA:535,1
DA:536,1
DA:537,1
DA:539,1
DA:540,1
DA:541,1
DA:544,0
DA:546,1
DA:551,1
DA:552,1
DA:553,1
DA:554,1
DA:555,1
DA:556,1
DA:557,1
DA:558,1
DA:560,1
DA:561,1
DA:562,1
DA:564,0
DA:566,1
DA:572,1
DA:573,1
DA:574,1
DA:575,1
DA:576,1
DA:577,1
DA:578,1
DA:579,1
DA:580,1
DA:582,1
DA:583,1
DA:584,1
DA:585,1
DA:588,1
BRF:0
BRH:0
LF:375
LH:312
end_of_record
SF:/var/home/jack/Code/koan/src/builtins/branch_walk.rs
FN:33,_RNCNvNtNtCscUx3zdyuqfq_4koan8builtins11branch_walk27resolve_arm_return_contract0B7_
FN:55,_RNvNtNtCscUx3zdyuqfq_4koan8builtins11branch_walk16find_branch_body
FN:22,_RNvNtNtCscUx3zdyuqfq_4koan8builtins11branch_walk27resolve_arm_return_contract
FN:33,_RNCNvNtNtCseriWsCb5ev6_4koan8builtins11branch_walk27resolve_arm_return_contract0B7_
FN:55,_RNvNtNtCseriWsCb5ev6_4koan8builtins11branch_walk16find_branch_body
FN:22,_RNvNtNtCseriWsCb5ev6_4koan8builtins11branch_walk27resolve_arm_return_contract
FNDA:0,_RNCNvNtNtCscUx3zdyuqfq_4koan8builtins11branch_walk27resolve_arm_return_contract0B7_
FNDA:0,_RNvNtNtCscUx3zdyuqfq_4koan8builtins11branch_walk16find_branch_body
FNDA:0,_RNvNtNtCscUx3zdyuqfq_4koan8builtins11branch_walk27resolve_arm_return_contract
FNDA:0,_RNCNvNtNtCseriWsCb5ev6_4koan8builtins11branch_walk27resolve_arm_return_contract0B7_
FNDA:88,_RNvNtNtCseriWsCb5ev6_4koan8builtins11branch_walk16find_branch_body
FNDA:88,_RNvNtNtCseriWsCb5ev6_4koan8builtins11branch_walk27resolve_arm_return_contract
FNF:3
FNH:2
DA:22,88
DA:23,88
DA:24,88
DA:25,88
DA:26,88
DA:27,88
DA:28,88
DA:29,88
DA:31,0
DA:32,0
DA:33,0
DA:34,0
DA:35,0
DA:36,0
DA:37,0
DA:38,0
DA:41,0
DA:42,0
DA:43,0
DA:46,88
DA:47,88
DA:48,88
DA:49,88
DA:50,88
DA:55,88
DA:56,88
DA:57,88
DA:58,88
DA:59,88
DA:60,88
DA:61,88
DA:62,0
DA:63,0
DA:64,0
DA:65,0
DA:66,88
DA:67,88
DA:68,88
DA:69,128
DA:70,120
DA:71,120
DA:72,120
DA:73,120
DA:75,107
DA:78,9
DA:79,9
DA:80,6
DA:82,3
DA:86,4
DA:87,0
DA:88,0
DA:89,0
DA:90,0
DA:91,0
DA:94,120
DA:95,120
DA:96,0
DA:97,0
DA:98,0
DA:99,0
DA:100,0
DA:103,120
DA:104,118
DA:105,2
DA:106,2
DA:107,2
DA:108,2
DA:109,2
DA:112,118
DA:113,78
DA:114,40
DA:115,40
DA:116,4
DA:117,36
DA:118,40
DA:120,8
DA:121,88
BRF:0
BRH:0
LF:79
LH:52
end_of_record
SF:/var/home/jack/Code/koan/src/builtins/catch.rs
FN:32,_RNCNvNtNtCscUx3zdyuqfq_4koan8builtins5catch4body0B7_
FN:15,_RNvNtNtCscUx3zdyuqfq_4koan8builtins5catch4body
FN:53,_RNvNtNtCscUx3zdyuqfq_4koan8builtins5catch8register
FN:15,_RNvNtNtCseriWsCb5ev6_4koan8builtins5catch4body
FN:53,_RNvNtNtCseriWsCb5ev6_4koan8builtins5catch8register
FN:32,_RNCNvNtNtCseriWsCb5ev6_4koan8builtins5catch4body0B7_
FNDA:0,_RNCNvNtNtCscUx3zdyuqfq_4koan8builtins5catch4body0B7_
FNDA:0,_RNvNtNtCscUx3zdyuqfq_4koan8builtins5catch4body
FNDA:43,_RNvNtNtCscUx3zdyuqfq_4koan8builtins5catch8register
FNDA:8,_RNvNtNtCseriWsCb5ev6_4koan8builtins5catch4body
FNDA:497,_RNvNtNtCseriWsCb5ev6_4koan8builtins5catch8register
FNDA:8,_RNCNvNtNtCseriWsCb5ev6_4koan8builtins5catch4body0B7_
FNF:3
FNH:3
DA:15,8
DA:16,8
DA:17,8
DA:18,8
DA:19,8
DA:20,8
DA:21,8
DA:22,0
DA:27,8
DA:28,8
DA:29,0
DA:31,8
DA:32,8
DA:33,8
DA:34,4
DA:35,4
DA:37,8
DA:38,8
DA:39,8
DA:40,8
DA:41,8
DA:42,8
DA:43,8
DA:44,8
DA:45,8
DA:46,8
DA:47,8
DA:48,8
DA:49,8
DA:50,8
DA:51,8
DA:53,540
DA:59,540
DA:60,540
DA:61,0
DA:63,540
DA:64,540
DA:65,540
DA:66,540
DA:67,540
DA:68,540
DA:69,540
DA:70,540
DA:71,540
DA:72,540
DA:74,540
DA:76,540
BRF:0
BRH:0
LF:48
LH:45
end_of_record
SF:/var/home/jack/Code/koan/src/builtins/eval.rs
FN:14,_RNvNtNtCscUx3zdyuqfq_4koan8builtins4eval4body
FN:35,_RNvNtNtCscUx3zdyuqfq_4koan8builtins4eval8register
FN:51,_RNvNtNtNtCseriWsCb5ev6_4koan8builtins4eval5tests11run_program
FN:108,_RNvNtNtNtCseriWsCb5ev6_4koan8builtins4eval5testss_21recursive_eval_no_uaf
FN:60,_RNvNtNtNtCseriWsCb5ev6_4koan8builtins4eval5testss_22eval_of_quoted_literal
FN:94,_RNvNtNtNtCseriWsCb5ev6_4koan8builtins4eval5testss_34multiline_sigil_collapse_roundtrip
FN:100,_RNvNtNtNtCseriWsCb5ev6_4koan8builtins4eval5testss_35eval_returns_inner_expression_value
FN:88,_RNvNtNtNtCseriWsCb5ev6_4koan8builtins4eval5testss_37eval_runs_side_effects_in_quoted_body
FN:66,_RNvNtNtNtCseriWsCb5ev6_4koan8builtins4eval5testss_38eval_of_function_returning_kexpression
FN:75,_RNvNtNtNtCseriWsCb5ev6_4koan8builtins4eval5testss_49eval_of_non_kexpression_errors_with_type_mismatch
FN:14,_RNvNtNtCseriWsCb5ev6_4koan8builtins4eval4body
FN:35,_RNvNtNtCseriWsCb5ev6_4koan8builtins4eval8register
FNDA:0,_RNvNtNtCscUx3zdyuqfq_4koan8builtins4eval4body
FNDA:43,_RNvNtNtCscUx3zdyuqfq_4koan8builtins4eval8register
FNDA:6,_RNvNtNtNtCseriWsCb5ev6_4koan8builtins4eval5tests11run_program
FNDA:1,_RNvNtNtNtCseriWsCb5ev6_4koan8builtins4eval5testss_21recursive_eval_no_uaf
FNDA:1,_RNvNtNtNtCseriWsCb5ev6_4koan8builtins4eval5testss_22eval_of_quoted_literal
FNDA:1,_RNvNtNtNtCseriWsCb5ev6_4koan8builtins4eval5testss_34multiline_sigil_collapse_roundtrip
FNDA:1,_RNvNtNtNtCseriWsCb5ev6_4koan8builtins4eval5testss_35eval_returns_inner_expression_value
FNDA:1,_RNvNtNtNtCseriWsCb5ev6_4koan8builtins4eval5testss_37eval_runs_side_effects_in_quoted_body
FNDA:1,_RNvNtNtNtCseriWsCb5ev6_4koan8builtins4eval5testss_38eval_of_function_returning_kexpression
FNDA:1,_RNvNtNtNtCseriWsCb5ev6_4koan8builtins4eval5testss_49eval_of_non_kexpression_errors_with_type_mismatch
FNDA:9,_RNvNtNtCseriWsCb5ev6_4koan8builtins4eval4body
FNDA:497,_RNvNtNtCseriWsCb5ev6_4koan8builtins4eval8register
FNF:10
FNH:10
DA:14,9
DA:15,9
DA:16,9
DA:17,9
DA:18,9
DA:19,9
DA:20,8
DA:21,1
DA:25,8
DA:26,8
DA:27,8
DA:28,8
DA:29,8
DA:30,8
DA:31,8
DA:32,8
DA:33,9
DA:35,540
DA:36,540
DA:37,540
DA:38,540
DA:39,540
DA:40,540
DA:42,540
DA:51,6
DA:52,6
DA:53,6
DA:54,6
DA:55,6
DA:56,6
DA:57,6
DA:60,1
DA:61,1
DA:62,1
DA:63,1
DA:66,1
DA:67,1
DA:68,1
DA:69,1
DA:71,1
DA:72,1
DA:75,1
DA:76,1
DA:77,1
DA:78,1
DA:79,1
DA:80,1
DA:81,1
DA:82,1
DA:85,1
DA:88,1
DA:89,1
DA:90,1
DA:91,1
DA:94,1
DA:95,1
DA:96,1
DA:97,1
DA:100,1
DA:103,1
DA:104,1
DA:105,1
DA:108,1
DA:112,1
DA:113,1
DA:114,1
DA:115,1
DA:116,1
DA:117,1
DA:118,1
DA:120,1
DA:121,1
BRF:0
BRH:0
LF:72
LH:72
end_of_record
SF:/var/home/jack/Code/koan/src/builtins/fn_def.rs
FN:116,_RNCNvNtNtCscUx3zdyuqfq_4koan8builtins6fn_def13build_fn_like0B7_
FN:200,_RNCNvNtNtCscUx3zdyuqfq_4koan8builtins6fn_def18body_record_schema0B7_
FN:233,_RNCNvNtNtCscUx3zdyuqfq_4koan8builtins6fn_def18body_record_schemas_0B7_
FN:49,_RNvNtNtCscUx3zdyuqfq_4koan8builtins6fn_def13build_fn_like
FN:179,_RNvNtNtCscUx3zdyuqfq_4koan8builtins6fn_def18body_record_schema
FN:139,_RNvNtNtCscUx3zdyuqfq_4koan8builtins6fn_def19collect_param_types
FN:34,_RNvNtNtCscUx3zdyuqfq_4koan8builtins6fn_def4body
FN:267,_RNvNtNtCscUx3zdyuqfq_4koan8builtins6fn_def8register
FN:49,_RNvNtNtCseriWsCb5ev6_4koan8builtins6fn_def13build_fn_like
FN:179,_RNvNtNtCseriWsCb5ev6_4koan8builtins6fn_def18body_record_schema
FN:139,_RNvNtNtCseriWsCb5ev6_4koan8builtins6fn_def19collect_param_types
FN:34,_RNvNtNtCseriWsCb5ev6_4koan8builtins6fn_def4body
FN:267,_RNvNtNtCseriWsCb5ev6_4koan8builtins6fn_def8register
FN:116,_RNCNvNtNtCseriWsCb5ev6_4koan8builtins6fn_def13build_fn_like0B7_
FN:200,_RNCNvNtNtCseriWsCb5ev6_4koan8builtins6fn_def18body_record_schema0B7_
FN:233,_RNCNvNtNtCseriWsCb5ev6_4koan8builtins6fn_def18body_record_schemas_0B7_
FNDA:17,_RNCNvNtNtCscUx3zdyuqfq_4koan8builtins6fn_def13build_fn_like0B7_
FNDA:0,_RNCNvNtNtCscUx3zdyuqfq_4koan8builtins6fn_def18body_record_schema0B7_
FNDA:0,_RNCNvNtNtCscUx3zdyuqfq_4koan8builtins6fn_def18body_record_schemas_0B7_
FNDA:17,_RNvNtNtCscUx3zdyuqfq_4koan8builtins6fn_def13build_fn_like
FNDA:0,_RNvNtNtCscUx3zdyuqfq_4koan8builtins6fn_def18body_record_schema
FNDA:7,_RNvNtNtCscUx3zdyuqfq_4koan8builtins6fn_def19collect_param_types
FNDA:10,_RNvNtNtCscUx3zdyuqfq_4koan8builtins6fn_def4body
FNDA:43,_RNvNtNtCscUx3zdyuqfq_4koan8builtins6fn_def8register
FNDA:229,_RNvNtNtCseriWsCb5ev6_4koan8builtins6fn_def13build_fn_like
FNDA:8,_RNvNtNtCseriWsCb5ev6_4koan8builtins6fn_def18body_record_schema
FNDA:18,_RNvNtNtCseriWsCb5ev6_4koan8builtins6fn_def19collect_param_types
FNDA:211,_RNvNtNtCseriWsCb5ev6_4koan8builtins6fn_def4body
FNDA:497,_RNvNtNtCseriWsCb5ev6_4koan8builtins6fn_def8register
FNDA:220,_RNCNvNtNtCseriWsCb5ev6_4koan8builtins6fn_def13build_fn_like0B7_
FNDA:7,_RNCNvNtNtCseriWsCb5ev6_4koan8builtins6fn_def18body_record_schema0B7_
FNDA:7,_RNCNvNtNtCseriWsCb5ev6_4koan8builtins6fn_def18body_record_schemas_0B7_
FNF:8
FNH:8
DA:34,221
DA:35,221
DA:36,221
DA:37,221
DA:38,221
DA:39,221
DA:40,221
DA:49,246
DA:50,246
DA:51,246
DA:52,246
DA:53,246
DA:54,246
DA:55,246
DA:56,246
DA:57,246
DA:58,0
DA:60,246
DA:61,246
DA:62,0
DA:64,246
DA:65,246
DA:66,0
DA:71,246
DA:76,246
DA:77,25
DA:78,221
DA:83,246
DA:85,246
DA:86,246
DA:87,246
DA:88,246
DA:89,246
DA:90,246
DA:91,246
DA:92,243
DA:93,3
DA:97,243
DA:98,2
DA:99,241
DA:101,241
DA:102,158
DA:103,4
DA:105,79
DA:106,79
DA:107,79
DA:108,79
DA:109,79
DA:110,79
DA:114,237
DA:115,237
DA:116,237
DA:117,237
DA:119,237
DA:121,142
DA:122,142
DA:123,142
DA:124,95
DA:125,95
DA:126,95
DA:127,95
DA:128,95
DA:129,95
DA:130,95
DA:131,95
DA:134,246
DA:139,25
DA:140,25
DA:141,25
DA:142,25
DA:144,25
DA:145,25
DA:146,25
DA:147,25
DA:148,75
DA:149,50
DA:150,7
DA:151,18
DA:152,25
DA:154,50
DA:155,25
DA:156,25
DA:157,25
DA:158,14
DA:159,14
DA:160,0
DA:161,0
DA:162,25
DA:163,25
DA:164,25
DA:165,25
DA:167,25
DA:168,25
DA:179,8
DA:180,8
DA:181,8
DA:182,8
DA:183,8
DA:184,8
DA:185,7
DA:186,1
DA:187,1
DA:188,1
DA:189,1
DA:190,1
DA:193,0
DA:194,0
DA:195,0
DA:198,7
DA:199,7
DA:200,7
DA:201,7
DA:202,7
DA:203,7
DA:204,7
DA:205,7
DA:206,7
DA:207,7
DA:209,7
DA:210,7
DA:211,0
DA:213,7
DA:214,7
DA:215,0
DA:220,7
DA:221,7
DA:222,7
DA:223,7
DA:224,7
DA:225,7
DA:226,7
DA:227,7
DA:228,0
DA:231,7
DA:232,7
DA:233,7
DA:234,7
DA:243,7
DA:244,7
DA:245,7
DA:246,7
DA:247,7
DA:248,7
DA:249,7
DA:250,7
DA:252,0
DA:253,0
DA:254,0
DA:255,0
DA:256,0
DA:257,0
DA:258,0
DA:259,0
DA:260,0
DA:261,0
DA:265,8
DA:267,540
DA:289,540
DA:290,540
DA:291,540
DA:292,540
DA:293,540
DA:294,540
DA:295,540
DA:296,540
DA:297,540
DA:298,540
DA:299,540
DA:300,540
DA:303,540
DA:304,540
DA:305,540
DA:312,540
DA:313,540
DA:314,540
DA:315,540
DA:316,540
DA:317,540
DA:318,540
DA:319,540
DA:320,540
DA:321,540
DA:322,540
DA:323,540
DA:326,540
DA:327,540
DA:328,540
DA:336,540
DA:337,540
DA:338,540
DA:339,540
DA:340,540
DA:341,540
DA:342,540
DA:343,540
DA:344,540
DA:345,540
DA:346,540
DA:347,540
DA:350,540
DA:351,540
DA:352,540
DA:355,540
BRF:0
BRH:0
LF:206
LH:185
end_of_record
SF:/var/home/jack/Code/koan/src/builtins/fn_def/finalize.rs
FN:314,_RNCNvNtNtNtCscUx3zdyuqfq_4koan8builtins6fn_def8finalize17defer_via_combine0B9_
FN:227,_RNCNvNtNtNtCscUx3zdyuqfq_4koan8builtins6fn_def8finalize21finalize_fn_with_kind0B9_
FN:280,_RNvNtNtNtCscUx3zdyuqfq_4koan8builtins6fn_def8finalize17defer_via_combine
FN:200,_RNvNtNtNtCscUx3zdyuqfq_4koan8builtins6fn_def8finalize21finalize_fn_with_kind
FN:91,_RNvNtNtNtCscUx3zdyuqfq_4koan8builtins6fn_def8finalize8classify
FN:280,_RNvNtNtNtCseriWsCb5ev6_4koan8builtins6fn_def8finalize17defer_via_combine
FN:200,_RNvNtNtNtCseriWsCb5ev6_4koan8builtins6fn_def8finalize21finalize_fn_with_kind
FN:91,_RNvNtNtNtCseriWsCb5ev6_4koan8builtins6fn_def8finalize8classify
FN:314,_RNCNvNtNtNtCseriWsCb5ev6_4koan8builtins6fn_def8finalize17defer_via_combine0B9_
FN:227,_RNCNvNtNtNtCseriWsCb5ev6_4koan8builtins6fn_def8finalize21finalize_fn_with_kind0B9_
FNDA:8,_RNCNvNtNtNtCscUx3zdyuqfq_4koan8builtins6fn_def8finalize17defer_via_combine0B9_
FNDA:17,_RNCNvNtNtNtCscUx3zdyuqfq_4koan8builtins6fn_def8finalize21finalize_fn_with_kind0B9_
FNDA:8,_RNvNtNtNtCscUx3zdyuqfq_4koan8builtins6fn_def8finalize17defer_via_combine
FNDA:17,_RNvNtNtNtCscUx3zdyuqfq_4koan8builtins6fn_def8finalize21finalize_fn_with_kind
FNDA:17,_RNvNtNtNtCscUx3zdyuqfq_4koan8builtins6fn_def8finalize8classify
FNDA:87,_RNvNtNtNtCseriWsCb5ev6_4koan8builtins6fn_def8finalize17defer_via_combine
FNDA:225,_RNvNtNtNtCseriWsCb5ev6_4koan8builtins6fn_def8finalize21finalize_fn_with_kind
FNDA:227,_RNvNtNtNtCseriWsCb5ev6_4koan8builtins6fn_def8finalize8classify
FNDA:87,_RNCNvNtNtNtCseriWsCb5ev6_4koan8builtins6fn_def8finalize17defer_via_combine0B9_
FNDA:230,_RNCNvNtNtNtCseriWsCb5ev6_4koan8builtins6fn_def8finalize21finalize_fn_with_kind0B9_
FNF:5
FNH:5
DA:91,244
DA:92,244
DA:93,139
DA:94,139
DA:95,139
DA:96,139
DA:97,10
DA:98,10
DA:99,10
DA:100,10
DA:101,16
DA:103,16
DA:104,16
DA:105,16
DA:106,16
DA:107,16
DA:108,16
DA:109,16
DA:112,73
DA:114,73
DA:115,73
DA:117,73
DA:118,73
DA:119,73
DA:120,73
DA:121,73
DA:122,73
DA:123,73
DA:125,1
DA:127,1
DA:128,1
DA:130,1
DA:131,1
DA:132,1
DA:133,1
DA:134,1
DA:135,1
DA:136,1
DA:137,1
DA:138,1
DA:140,5
DA:142,5
DA:143,5
DA:148,5
DA:149,5
DA:150,5
DA:151,5
DA:152,5
DA:153,5
DA:154,5
DA:155,5
DA:157,0
DA:160,0
DA:161,0
DA:162,0
DA:163,0
DA:164,0
DA:165,0
DA:166,0
DA:170,0
DA:171,0
DA:174,0
DA:175,0
DA:178,0
DA:179,0
DA:180,0
DA:181,0
DA:182,0
DA:183,0
DA:184,0
DA:185,0
DA:188,244
DA:200,242
DA:201,242
DA:202,242
DA:203,242
DA:204,242
DA:205,242
DA:206,242
DA:207,242
DA:208,242
DA:211,242
DA:212,23
DA:213,21
DA:214,1
DA:215,1
DA:216,1
DA:217,1
DA:218,1
DA:219,20
DA:220,2
DA:221,219
DA:227,247
DA:228,233
DA:229,14
DA:230,247
DA:232,241
DA:233,241
DA:234,241
DA:235,241
DA:237,241
DA:238,241
DA:239,241
DA:240,241
DA:241,241
DA:242,241
DA:243,241
DA:244,241
DA:245,241
DA:248,241
DA:252,241
DA:253,234
DA:254,233
DA:256,1
DA:257,1
DA:258,1
DA:259,1
DA:262,233
DA:263,2
DA:264,231
DA:265,7
DA:268,238
DA:269,242
DA:280,95
DA:281,95
DA:282,95
DA:283,95
DA:284,95
DA:285,95
DA:286,95
DA:287,95
DA:288,95
DA:290,95
DA:291,95
DA:292,95
DA:293,95
DA:294,95
DA:295,95
DA:301,95
DA:302,95
DA:303,95
DA:304,95
DA:305,21
DA:306,74
DA:307,95
DA:308,95
DA:309,62
DA:310,62
DA:311,62
DA:312,62
DA:314,95
DA:315,95
DA:316,95
DA:317,62
DA:321,62
DA:322,1
DA:323,1
DA:324,1
DA:325,1
DA:326,1
DA:327,61
DA:328,61
DA:330,94
DA:335,94
DA:336,93
DA:337,1
DA:342,93
DA:343,0
DA:345,93
DA:346,93
DA:347,93
DA:348,0
DA:349,0
DA:352,0
DA:353,0
DA:354,0
DA:359,93
DA:360,93
DA:361,93
DA:362,93
DA:363,93
DA:364,93
DA:365,93
DA:367,95
DA:368,95
DA:369,95
DA:370,95
BRF:0
BRH:0
LF:189
LH:162
end_of_record
SF:/var/home/jack/Code/koan/src/builtins/fn_def/param_refs.rs
FN:23,_RNCNvNtNtNtCscUx3zdyuqfq_4koan8builtins6fn_def10param_refs19part_references_any0B9_
FN:32,_RNCNvNtNtNtCscUx3zdyuqfq_4koan8builtins6fn_def10param_refs19part_references_anys0_0B9_
FN:39,_RNCNvNtNtNtCscUx3zdyuqfq_4koan8builtins6fn_def10param_refs19part_references_anys1_0B9_
FN:30,_RNCNvNtNtNtCscUx3zdyuqfq_4koan8builtins6fn_def10param_refs19part_references_anys_0B9_
FN:12,_RNCNvNtNtNtCscUx3zdyuqfq_4koan8builtins6fn_def10param_refs24type_expr_references_any0B9_
FN:18,_RNCNvNtNtNtCscUx3zdyuqfq_4koan8builtins6fn_def10param_refs26kexpression_references_any0B9_
FN:21,_RNvNtNtNtCscUx3zdyuqfq_4koan8builtins6fn_def10param_refs19part_references_any
FN:11,_RNvNtNtNtCscUx3zdyuqfq_4koan8builtins6fn_def10param_refs24type_expr_references_any
FN:15,_RNvNtNtNtCscUx3zdyuqfq_4koan8builtins6fn_def10param_refs26kexpression_references_any
FN:21,_RNvNtNtNtCseriWsCb5ev6_4koan8builtins6fn_def10param_refs19part_references_any
FN:11,_RNvNtNtNtCseriWsCb5ev6_4koan8builtins6fn_def10param_refs24type_expr_references_any
FN:15,_RNvNtNtNtCseriWsCb5ev6_4koan8builtins6fn_def10param_refs26kexpression_references_any
FN:23,_RNCNvNtNtNtCseriWsCb5ev6_4koan8builtins6fn_def10param_refs19part_references_any0B9_
FN:32,_RNCNvNtNtNtCseriWsCb5ev6_4koan8builtins6fn_def10param_refs19part_references_anys0_0B9_
FN:39,_RNCNvNtNtNtCseriWsCb5ev6_4koan8builtins6fn_def10param_refs19part_references_anys1_0B9_
FN:30,_RNCNvNtNtNtCseriWsCb5ev6_4koan8builtins6fn_def10param_refs19part_references_anys_0B9_
FN:12,_RNCNvNtNtNtCseriWsCb5ev6_4koan8builtins6fn_def10param_refs24type_expr_references_any0B9_
FN:18,_RNCNvNtNtNtCseriWsCb5ev6_4koan8builtins6fn_def10param_refs26kexpression_references_any0B9_
FNDA:0,_RNCNvNtNtNtCscUx3zdyuqfq_4koan8builtins6fn_def10param_refs19part_references_any0B9_
FNDA:0,_RNCNvNtNtNtCscUx3zdyuqfq_4koan8builtins6fn_def10param_refs19part_references_anys0_0B9_
FNDA:0,_RNCNvNtNtNtCscUx3zdyuqfq_4koan8builtins6fn_def10param_refs19part_references_anys1_0B9_
FNDA:0,_RNCNvNtNtNtCscUx3zdyuqfq_4koan8builtins6fn_def10param_refs19part_references_anys_0B9_
FNDA:4,_RNCNvNtNtNtCscUx3zdyuqfq_4koan8builtins6fn_def10param_refs24type_expr_references_any0B9_
FNDA:6,_RNCNvNtNtNtCscUx3zdyuqfq_4koan8builtins6fn_def10param_refs26kexpression_references_any0B9_
FNDA:6,_RNvNtNtNtCscUx3zdyuqfq_4koan8builtins6fn_def10param_refs19part_references_any
FNDA:4,_RNvNtNtNtCscUx3zdyuqfq_4koan8builtins6fn_def10param_refs24type_expr_references_any
FNDA:2,_RNvNtNtNtCscUx3zdyuqfq_4koan8builtins6fn_def10param_refs26kexpression_references_any
FNDA:96,_RNvNtNtNtCseriWsCb5ev6_4koan8builtins6fn_def10param_refs19part_references_any
FNDA:47,_RNvNtNtNtCseriWsCb5ev6_4koan8builtins6fn_def10param_refs24type_expr_references_any
FNDA:34,_RNvNtNtNtCseriWsCb5ev6_4koan8builtins6fn_def10param_refs26kexpression_references_any
FNDA:5,_RNCNvNtNtNtCseriWsCb5ev6_4koan8builtins6fn_def10param_refs19part_references_any0B9_
FNDA:1,_RNCNvNtNtNtCseriWsCb5ev6_4koan8builtins6fn_def10param_refs19part_references_anys0_0B9_
FNDA:5,_RNCNvNtNtNtCseriWsCb5ev6_4koan8builtins6fn_def10param_refs19part_references_anys1_0B9_
FNDA:1,_RNCNvNtNtNtCseriWsCb5ev6_4koan8builtins6fn_def10param_refs19part_references_anys_0B9_
FNDA:33,_RNCNvNtNtNtCseriWsCb5ev6_4koan8builtins6fn_def10param_refs24type_expr_references_any0B9_
FNDA:88,_RNCNvNtNtNtCseriWsCb5ev6_4koan8builtins6fn_def10param_refs26kexpression_references_any0B9_
FNF:9
FNH:9
DA:11,51
DA:12,51
DA:13,51
DA:15,36
DA:16,36
DA:17,36
DA:18,94
DA:19,36
DA:21,102
DA:22,102
DA:23,7
DA:24,38
DA:25,6
DA:26,1
DA:28,0
DA:29,1
DA:30,1
DA:32,1
DA:33,1
DA:34,1
DA:37,4
DA:38,4
DA:39,5
DA:40,44
DA:42,102
BRF:0
BRH:0
LF:31
LH:30
end_of_record
SF:/var/home/jack/Code/koan/src/builtins/fn_def/return_type.rs
FN:211,_RNCNvNtNtNtCscUx3zdyuqfq_4koan8builtins6fn_def11return_type31verdict_for_deferred_expression0B9_
FN:235,_RNvNtNtNtCscUx3zdyuqfq_4koan8builtins6fn_def11return_type12make_capture
FN:100,_RNvNtNtNtCscUx3zdyuqfq_4koan8builtins6fn_def11return_type20classify_return_type
FN:169,_RNvNtNtNtCscUx3zdyuqfq_4koan8builtins6fn_def11return_type20verdict_for_resolved
FN:58,_RNvNtNtNtCscUx3zdyuqfq_4koan8builtins6fn_def11return_type23extract_return_type_raw
FN:242,_RNvNtNtNtCscUx3zdyuqfq_4koan8builtins6fn_def11return_type25resolve_capture_at_finish
FN:184,_RNvNtNtNtCscUx3zdyuqfq_4koan8builtins6fn_def11return_type30verdict_for_deferred_type_expr
FN:210,_RNvNtNtNtCscUx3zdyuqfq_4koan8builtins6fn_def11return_type31verdict_for_deferred_expression
FN:235,_RNvNtNtNtCseriWsCb5ev6_4koan8builtins6fn_def11return_type12make_capture
FN:100,_RNvNtNtNtCseriWsCb5ev6_4koan8builtins6fn_def11return_type20classify_return_type
FN:169,_RNvNtNtNtCseriWsCb5ev6_4koan8builtins6fn_def11return_type20verdict_for_resolved
FN:58,_RNvNtNtNtCseriWsCb5ev6_4koan8builtins6fn_def11return_type23extract_return_type_raw
FN:242,_RNvNtNtNtCseriWsCb5ev6_4koan8builtins6fn_def11return_type25resolve_capture_at_finish
FN:184,_RNvNtNtNtCseriWsCb5ev6_4koan8builtins6fn_def11return_type30verdict_for_deferred_type_expr
FN:210,_RNvNtNtNtCseriWsCb5ev6_4koan8builtins6fn_def11return_type31verdict_for_deferred_expression
FN:211,_RNCNvNtNtNtCseriWsCb5ev6_4koan8builtins6fn_def11return_type31verdict_for_deferred_expression0B9_
FNDA:0,_RNCNvNtNtNtCscUx3zdyuqfq_4koan8builtins6fn_def11return_type31verdict_for_deferred_expression0B9_
FNDA:0,_RNvNtNtNtCscUx3zdyuqfq_4koan8builtins6fn_def11return_type12make_capture
FNDA:17,_RNvNtNtNtCscUx3zdyuqfq_4koan8builtins6fn_def11return_type20classify_return_type
FNDA:16,_RNvNtNtNtCscUx3zdyuqfq_4koan8builtins6fn_def11return_type20verdict_for_resolved
FNDA:17,_RNvNtNtNtCscUx3zdyuqfq_4koan8builtins6fn_def11return_type23extract_return_type_raw
FNDA:8,_RNvNtNtNtCscUx3zdyuqfq_4koan8builtins6fn_def11return_type25resolve_capture_at_finish
FNDA:0,_RNvNtNtNtCscUx3zdyuqfq_4koan8builtins6fn_def11return_type30verdict_for_deferred_type_expr
FNDA:0,_RNvNtNtNtCscUx3zdyuqfq_4koan8builtins6fn_def11return_type31verdict_for_deferred_expression
FNDA:0,_RNvNtNtNtCseriWsCb5ev6_4koan8builtins6fn_def11return_type12make_capture
FNDA:236,_RNvNtNtNtCseriWsCb5ev6_4koan8builtins6fn_def11return_type20classify_return_type
FNDA:201,_RNvNtNtNtCseriWsCb5ev6_4koan8builtins6fn_def11return_type20verdict_for_resolved
FNDA:324,_RNvNtNtNtCseriWsCb5ev6_4koan8builtins6fn_def11return_type23extract_return_type_raw
FNDA:86,_RNvNtNtNtCseriWsCb5ev6_4koan8builtins6fn_def11return_type25resolve_capture_at_finish
FNDA:2,_RNvNtNtNtCseriWsCb5ev6_4koan8builtins6fn_def11return_type30verdict_for_deferred_type_expr
FNDA:1,_RNvNtNtNtCseriWsCb5ev6_4koan8builtins6fn_def11return_type31verdict_for_deferred_expression
FNDA:1,_RNCNvNtNtNtCseriWsCb5ev6_4koan8builtins6fn_def11return_type31verdict_for_deferred_expression0B9_
FNF:8
FNH:7
DA:58,341
DA:59,341
DA:60,341
DA:61,341
DA:62,312
DA:63,13
DA:64,299
DA:65,0
DA:67,29
DA:68,29
DA:69,29
DA:70,0
DA:73,0
DA:74,0
DA:75,0
DA:76,0
DA:78,341
DA:100,253
DA:101,253
DA:102,253
DA:103,253
DA:104,253
DA:105,253
DA:106,253
DA:107,253
DA:108,211
DA:109,211
DA:110,211
DA:112,13
DA:113,13
DA:114,4
DA:115,2
DA:116,2
DA:118,4
DA:119,4
DA:120,4
DA:121,4
DA:122,9
DA:123,9
DA:126,9
DA:127,6
DA:128,0
DA:129,0
DA:131,3
DA:132,0
DA:134,3
DA:135,3
DA:136,3
DA:140,6
DA:141,6
DA:142,6
DA:144,0
DA:146,6
DA:148,29
DA:149,29
DA:150,8
DA:151,1
DA:152,7
DA:154,8
DA:155,8
DA:156,8
DA:157,8
DA:159,21
DA:160,21
DA:161,21
DA:162,21
DA:166,253
DA:169,217
DA:170,217
DA:171,216
DA:173,1
DA:174,1
DA:175,1
DA:176,1
DA:178,217
DA:184,2
DA:185,2
DA:186,2
DA:187,2
DA:190,2
DA:191,2
DA:192,2
DA:194,0
DA:195,0
DA:196,0
DA:197,0
DA:198,0
DA:199,0
DA:202,0
DA:204,2
DA:210,1
DA:211,1
DA:212,1
DA:213,0
DA:214,1
DA:215,1
DA:216,1
DA:217,1
DA:218,1
DA:219,1
DA:220,1
DA:221,1
DA:222,1
DA:223,0
DA:224,0
DA:225,0
DA:226,0
DA:227,0
DA:228,0
DA:229,0
DA:230,0
DA:231,0
DA:233,1
DA:235,0
DA:236,0
DA:237,0
DA:242,94
DA:243,94
DA:244,94
DA:245,94
DA:246,94
DA:247,94
DA:248,72
DA:249,0
DA:250,0
DA:251,0
DA:252,0
DA:253,0
DA:254,0
DA:255,0
DA:256,0
DA:257,0
DA:258,0
DA:259,0
DA:260,0
DA:264,1
DA:265,21
DA:266,20
DA:267,1
DA:268,1
DA:269,1
DA:270,1
DA:271,1
DA:274,94
BRF:0
BRH:0
LF:145
LH:103
end_of_record
SF:/var/home/jack/Code/koan/src/builtins/fn_def/signature.rs
FN:198,_RNvNtNtNtCscUx3zdyuqfq_4koan8builtins6fn_def9signature13binder_bucket
FN:62,_RNvNtNtNtCscUx3zdyuqfq_4koan8builtins6fn_def9signature19parse_fn_param_list
FN:256,_RNvNtNtNtCscUx3zdyuqfq_4koan8builtins6fn_def9signature19signature_expr_part
FN:12,_RNvNtNtNtCscUx3zdyuqfq_4koan8builtins6fn_def9signature34collect_param_names_from_signature
FN:180,_RNvNtNtNtCscUx3zdyuqfq_4koan8builtins6fn_def9signature11binder_name
FN:213,_RNCNvNtNtNtCscUx3zdyuqfq_4koan8builtins6fn_def9signature13binder_bucket0B9_
FN:231,_RNCNvNtNtNtCscUx3zdyuqfq_4koan8builtins6fn_def9signature13binder_buckets_0B9_
FN:180,_RNvNtNtNtCseriWsCb5ev6_4koan8builtins6fn_def9signature11binder_name
FN:198,_RNvNtNtNtCseriWsCb5ev6_4koan8builtins6fn_def9signature13binder_bucket
FN:62,_RNvNtNtNtCseriWsCb5ev6_4koan8builtins6fn_def9signature19parse_fn_param_list
FN:256,_RNvNtNtNtCseriWsCb5ev6_4koan8builtins6fn_def9signature19signature_expr_part
FN:12,_RNvNtNtNtCseriWsCb5ev6_4koan8builtins6fn_def9signature34collect_param_names_from_signature
FN:213,_RNCNvNtNtNtCseriWsCb5ev6_4koan8builtins6fn_def9signature13binder_bucket0B9_
FN:231,_RNCNvNtNtNtCseriWsCb5ev6_4koan8builtins6fn_def9signature13binder_buckets_0B9_
FNDA:36,_RNvNtNtNtCscUx3zdyuqfq_4koan8builtins6fn_def9signature13binder_bucket
FNDA:25,_RNvNtNtNtCscUx3zdyuqfq_4koan8builtins6fn_def9signature19parse_fn_param_list
FNDA:36,_RNvNtNtNtCscUx3zdyuqfq_4koan8builtins6fn_def9signature19signature_expr_part
FNDA:17,_RNvNtNtNtCscUx3zdyuqfq_4koan8builtins6fn_def9signature34collect_param_names_from_signature
FNDA:0,_RNvNtNtNtCscUx3zdyuqfq_4koan8builtins6fn_def9signature11binder_name
FNDA:29,_RNCNvNtNtNtCscUx3zdyuqfq_4koan8builtins6fn_def9signature13binder_bucket0B9_
FNDA:11,_RNCNvNtNtNtCscUx3zdyuqfq_4koan8builtins6fn_def9signature13binder_buckets_0B9_
FNDA:1,_RNvNtNtNtCseriWsCb5ev6_4koan8builtins6fn_def9signature11binder_name
FNDA:475,_RNvNtNtNtCseriWsCb5ev6_4koan8builtins6fn_def9signature13binder_bucket
FNDA:309,_RNvNtNtNtCseriWsCb5ev6_4koan8builtins6fn_def9signature19parse_fn_param_list
FNDA:476,_RNvNtNtNtCseriWsCb5ev6_4koan8builtins6fn_def9signature19signature_expr_part
FNDA:229,_RNvNtNtNtCseriWsCb5ev6_4koan8builtins6fn_def9signature34collect_param_names_from_signature
FNDA:330,_RNCNvNtNtNtCseriWsCb5ev6_4koan8builtins6fn_def9signature13binder_bucket0B9_
FNDA:49,_RNCNvNtNtNtCseriWsCb5ev6_4koan8builtins6fn_def9signature13binder_buckets_0B9_
FNF:7
FNH:7
DA:12,246
DA:13,246
DA:14,246
DA:15,246
DA:16,704
DA:17,458
DA:18,181
DA:19,29
DA:20,248
DA:22,458
DA:23,210
DA:24,210
DA:25,208
DA:32,210
DA:33,208
DA:34,208
DA:35,208
DA:36,2
DA:37,248
DA:38,250
DA:40,246
DA:41,246
DA:62,334
DA:63,334
DA:64,334
DA:65,334
DA:66,334
DA:67,334
DA:68,334
DA:69,334
DA:70,334
DA:71,334
DA:72,957
DA:75,625
DA:76,250
DA:77,39
DA:78,336
DA:80,625
DA:81,336
DA:82,336
DA:83,336
DA:84,336
DA:85,289
DA:86,289
DA:87,61
DA:88,164
DA:89,164
DA:90,145
DA:91,145
DA:92,145
DA:93,145
DA:94,145
DA:95,145
DA:96,17
DA:97,17
DA:98,17
DA:99,2
DA:100,2
DA:101,2
DA:102,2
DA:103,0
DA:105,164
DA:107,1
DA:108,1
DA:109,1
DA:110,1
DA:111,49
DA:112,49
DA:113,49
DA:114,49
DA:115,49
DA:116,49
DA:117,49
DA:118,49
DA:119,49
DA:120,49
DA:121,12
DA:122,12
DA:123,12
DA:124,12
DA:125,12
DA:126,12
DA:127,12
DA:128,12
DA:129,12
DA:130,61
DA:131,61
DA:132,61
DA:133,61
DA:134,61
DA:135,61
DA:136,61
DA:137,0
DA:138,0
DA:139,0
DA:140,0
DA:141,0
DA:142,0
DA:145,2
DA:146,2
DA:147,2
DA:148,2
DA:152,0
DA:153,0
DA:154,0
DA:155,0
DA:156,0
DA:158,0
DA:159,0
DA:160,0
DA:161,0
DA:162,0
DA:166,332
DA:167,2
DA:168,330
DA:169,330
DA:170,79
DA:171,79
DA:172,79
DA:173,79
DA:174,251
DA:175,251
DA:176,334
DA:180,1
DA:181,1
DA:182,1
DA:183,1
DA:184,1
DA:185,0
DA:187,0
DA:188,1
DA:198,511
DA:199,511
DA:200,511
DA:202,511
DA:203,495
DA:204,495
DA:205,495
DA:206,1417
DA:207,922
DA:208,499
DA:209,499
DA:210,499
DA:211,499
DA:213,363
DA:214,0
DA:215,359
DA:222,359
DA:223,363
DA:224,359
DA:225,359
DA:226,359
DA:227,4
DA:228,4
DA:231,60
DA:232,0
DA:233,60
DA:240,60
DA:241,60
DA:242,60
DA:243,60
DA:244,60
DA:245,0
DA:246,0
DA:248,0
DA:249,0
DA:250,0
DA:253,495
DA:254,511
DA:256,512
DA:257,512
DA:258,512
DA:259,496
DA:260,16
DA:262,512
BRF:0
BRH:0
LF:177
LH:151
end_of_record
SF:/var/home/jack/Code/koan/src/builtins/functor_def.rs
FN:33,_RNvNtNtCscUx3zdyuqfq_4koan8builtins11functor_def4body
FN:41,_RNvNtNtCscUx3zdyuqfq_4koan8builtins11functor_def8register
FN:33,_RNvNtNtCseriWsCb5ev6_4koan8builtins11functor_def4body
FN:41,_RNvNtNtCseriWsCb5ev6_4koan8builtins11functor_def8register
FNDA:7,_RNvNtNtCscUx3zdyuqfq_4koan8builtins11functor_def4body
FNDA:43,_RNvNtNtCscUx3zdyuqfq_4koan8builtins11functor_def8register
FNDA:18,_RNvNtNtCseriWsCb5ev6_4koan8builtins11functor_def4body
FNDA:497,_RNvNtNtCseriWsCb5ev6_4koan8builtins11functor_def8register
FNF:2
FNH:2
DA:33,25
DA:34,25
DA:35,25
DA:36,25
DA:37,25
DA:38,25
DA:39,25
DA:41,540
DA:48,540
DA:49,540
DA:50,540
DA:51,540
DA:52,540
DA:53,540
DA:54,540
DA:55,540
DA:56,540
DA:57,540
DA:58,540
DA:59,540
DA:62,540
DA:63,540
DA:64,540
DA:69,540
DA:70,540
DA:71,540
DA:72,540
DA:73,540
DA:74,540
DA:75,540
DA:76,540
DA:77,540
DA:78,540
DA:79,540
DA:80,540
DA:83,540
DA:84,540
DA:85,540
DA:88,540
BRF:0
BRH:0
LF:39
LH:39
end_of_record
SF:/var/home/jack/Code/koan/src/builtins/let_binding.rs
FN:24,_RNCNvNtNtCscUx3zdyuqfq_4koan8builtins11let_binding4body0B7_
FN:209,_RNvNtNtCscUx3zdyuqfq_4koan8builtins11let_binding11binder_name
FN:194,_RNvNtNtCscUx3zdyuqfq_4koan8builtins11let_binding21capitalize_identifier
FN:14,_RNvNtNtCscUx3zdyuqfq_4koan8builtins11let_binding4body
FN:217,_RNvNtNtCscUx3zdyuqfq_4koan8builtins11let_binding8register
FN:209,_RNvNtNtCseriWsCb5ev6_4koan8builtins11let_binding11binder_name
FN:194,_RNvNtNtCseriWsCb5ev6_4koan8builtins11let_binding21capitalize_identifier
FN:14,_RNvNtNtCseriWsCb5ev6_4koan8builtins11let_binding4body
FN:217,_RNvNtNtCseriWsCb5ev6_4koan8builtins11let_binding8register
FN:24,_RNCNvNtNtCseriWsCb5ev6_4koan8builtins11let_binding4body0B7_
FNDA:57,_RNCNvNtNtCscUx3zdyuqfq_4koan8builtins11let_binding4body0B7_
FNDA:161,_RNvNtNtCscUx3zdyuqfq_4koan8builtins11let_binding11binder_name
FNDA:0,_RNvNtNtCscUx3zdyuqfq_4koan8builtins11let_binding21capitalize_identifier
FNDA:57,_RNvNtNtCscUx3zdyuqfq_4koan8builtins11let_binding4body
FNDA:43,_RNvNtNtCscUx3zdyuqfq_4koan8builtins11let_binding8register
FNDA:899,_RNvNtNtCseriWsCb5ev6_4koan8builtins11let_binding11binder_name
FNDA:4,_RNvNtNtCseriWsCb5ev6_4koan8builtins11let_binding21capitalize_identifier
FNDA:355,_RNvNtNtCseriWsCb5ev6_4koan8builtins11let_binding4body
FNDA:497,_RNvNtNtCseriWsCb5ev6_4koan8builtins11let_binding8register
FNDA:354,_RNCNvNtNtCseriWsCb5ev6_4koan8builtins11let_binding4body0B7_
FNF:5
FNH:5
DA:14,412
DA:15,412
DA:16,412
DA:17,412
DA:18,412
DA:22,412
DA:23,412
DA:24,412
DA:25,412
DA:29,412
DA:30,412
DA:31,0
DA:36,412
DA:37,412
DA:42,277
DA:43,277
DA:44,3
DA:45,1
DA:46,1
DA:47,1
DA:49,3
DA:50,3
DA:51,3
DA:52,3
DA:53,3
DA:54,3
DA:55,3
DA:56,3
DA:57,274
DA:58,274
DA:62,135
DA:63,135
DA:64,134
DA:71,1
DA:72,1
DA:73,1
DA:74,1
DA:76,0
DA:85,131
DA:86,125
DA:87,9
DA:88,6
DA:90,3
DA:91,3
DA:92,3
DA:93,3
DA:94,3
DA:97,131
DA:99,0
DA:100,0
DA:101,0
DA:102,0
DA:103,0
DA:104,0
DA:106,0
DA:111,405
DA:112,2
DA:113,2
DA:114,2
DA:115,2
DA:116,403
DA:117,403
DA:118,403
DA:135,131
DA:136,6
DA:137,6
DA:138,6
DA:139,4
DA:141,131
DA:142,27
DA:143,27
DA:144,27
DA:145,27
DA:147,104
DA:149,131
DA:150,131
DA:151,0
DA:152,131
DA:153,131
DA:157,272
DA:158,272
DA:159,272
DA:164,24
DA:165,1
DA:166,1
DA:167,1
DA:168,1
DA:169,1
DA:170,1
DA:171,271
DA:172,271
DA:176,271
DA:177,1
DA:178,1
DA:179,1
DA:180,1
DA:181,1
DA:182,270
DA:183,270
DA:184,1
DA:185,269
DA:186,269
DA:188,412
DA:194,4
DA:195,4
DA:196,4
DA:197,4
DA:198,4
DA:199,4
DA:200,4
DA:201,4
DA:203,0
DA:205,4
DA:209,1060
DA:210,1060
DA:211,705
DA:212,352
DA:213,3
DA:215,1060
DA:217,540
DA:218,540
DA:219,540
DA:220,540
DA:221,540
DA:222,540
DA:223,540
DA:224,540
DA:225,540
DA:226,540
DA:227,540
DA:230,540
DA:231,540
DA:233,540
DA:234,540
DA:235,540
DA:236,540
DA:237,540
DA:238,540
DA:239,540
DA:240,540
DA:241,540
DA:242,540
DA:245,540
DA:246,540
DA:248,540
BRF:0
BRH:0
LF:146
LH:135
end_of_record
SF:/var/home/jack/Code/koan/src/builtins/match_case.rs
FN:26,_RNvNtNtCscUx3zdyuqfq_4koan8builtins10match_case4body
FN:108,_RNvNtNtCscUx3zdyuqfq_4koan8builtins10match_case8register
FN:80,_RNCNvNtNtCscUx3zdyuqfq_4koan8builtins10match_case4body0B7_
FN:97,_RNCNvNtNtCscUx3zdyuqfq_4koan8builtins10match_case4bodys_0B7_
FN:26,_RNvNtNtCseriWsCb5ev6_4koan8builtins10match_case4body
FN:108,_RNvNtNtCseriWsCb5ev6_4koan8builtins10match_case8register
FN:80,_RNCNvNtNtCseriWsCb5ev6_4koan8builtins10match_case4body0B7_
FN:97,_RNCNvNtNtCseriWsCb5ev6_4koan8builtins10match_case4bodys_0B7_
FN:134,_RNvNtNtNtCseriWsCb5ev6_4koan8builtins10match_case5tests11run_program
FN:173,_RNvNtNtNtCseriWsCb5ev6_4koan8builtins10match_case5testss_25match_inexhaustive_errors
FN:153,_RNvNtNtNtCseriWsCb5ev6_4koan8builtins10match_case5testss_29match_binds_inner_value_to_it
FN:249,_RNvNtNtNtCseriWsCb5ev6_4koan8builtins10match_case5testss_29recursive_tagged_match_no_uaf
FN:264,_RNvNtNtNtCseriWsCb5ev6_4koan8builtins10match_case5testss_33match_on_bool_inexhaustive_errors
FN:233,_RNvNtNtNtCseriWsCb5ev6_4koan8builtins10match_case5testss_36match_on_bool_true_takes_true_branch
FN:163,_RNvNtNtNtCseriWsCb5ev6_4koan8builtins10match_case5testss_37match_does_not_run_unmatched_branches
FN:241,_RNvNtNtNtCseriWsCb5ev6_4koan8builtins10match_case5testss_38match_on_bool_false_takes_false_branch
FN:143,_RNvNtNtNtCseriWsCb5ev6_4koan8builtins10match_case5testss_40match_dispatches_branch_for_matching_tag
FN:223,_RNvNtNtNtCseriWsCb5ev6_4koan8builtins10match_case5testss_40match_other_branch_runs_when_tag_matches
FN:191,_RNvNtNtNtCseriWsCb5ev6_4koan8builtins10match_case5testss_47match_arm_violating_declared_return_type_errors
FN:278,_RNvNtNtNtCseriWsCb5ev6_4koan8builtins10match_case5testss_47multi_statement_match_branch_returns_last_value
FN:210,_RNvNtNtNtCseriWsCb5ev6_4koan8builtins10match_case5testss_54match_value_is_admissible_against_declared_return_slot
FN:293,_RNvNtNtNtCseriWsCb5ev6_4koan8builtins10match_case5testss_59fn_recursion_with_multi_statement_body_via_match_terminates
FNDA:0,_RNvNtNtCscUx3zdyuqfq_4koan8builtins10match_case4body
FNDA:43,_RNvNtNtCscUx3zdyuqfq_4koan8builtins10match_case8register
FNDA:0,_RNCNvNtNtCscUx3zdyuqfq_4koan8builtins10match_case4body0B7_
FNDA:0,_RNCNvNtNtCscUx3zdyuqfq_4koan8builtins10match_case4bodys_0B7_
FNDA:70,_RNvNtNtCseriWsCb5ev6_4koan8builtins10match_case4body
FNDA:497,_RNvNtNtCseriWsCb5ev6_4koan8builtins10match_case8register
FNDA:67,_RNCNvNtNtCseriWsCb5ev6_4koan8builtins10match_case4body0B7_
FNDA:1,_RNCNvNtNtCseriWsCb5ev6_4koan8builtins10match_case4bodys_0B7_
FNDA:10,_RNvNtNtNtCseriWsCb5ev6_4koan8builtins10match_case5tests11run_program
FNDA:1,_RNvNtNtNtCseriWsCb5ev6_4koan8builtins10match_case5testss_25match_inexhaustive_errors
FNDA:1,_RNvNtNtNtCseriWsCb5ev6_4koan8builtins10match_case5testss_29match_binds_inner_value_to_it
FNDA:1,_RNvNtNtNtCseriWsCb5ev6_4koan8builtins10match_case5testss_29recursive_tagged_match_no_uaf
FNDA:1,_RNvNtNtNtCseriWsCb5ev6_4koan8builtins10match_case5testss_33match_on_bool_inexhaustive_errors
FNDA:1,_RNvNtNtNtCseriWsCb5ev6_4koan8builtins10match_case5testss_36match_on_bool_true_takes_true_branch
FNDA:1,_RNvNtNtNtCseriWsCb5ev6_4koan8builtins10match_case5testss_37match_does_not_run_unmatched_branches
FNDA:1,_RNvNtNtNtCseriWsCb5ev6_4koan8builtins10match_case5testss_38match_on_bool_false_takes_false_branch
FNDA:1,_RNvNtNtNtCseriWsCb5ev6_4koan8builtins10match_case5testss_40match_dispatches_branch_for_matching_tag
FNDA:1,_RNvNtNtNtCseriWsCb5ev6_4koan8builtins10match_case5testss_40match_other_branch_runs_when_tag_matches
FNDA:1,_RNvNtNtNtCseriWsCb5ev6_4koan8builtins10match_case5testss_47match_arm_violating_declared_return_type_errors
FNDA:1,_RNvNtNtNtCseriWsCb5ev6_4koan8builtins10match_case5testss_47multi_statement_match_branch_returns_last_value
FNDA:1,_RNvNtNtNtCseriWsCb5ev6_4koan8builtins10match_case5testss_54match_value_is_admissible_against_declared_return_slot
FNDA:1,_RNvNtNtNtCseriWsCb5ev6_4koan8builtins10match_case5testss_59fn_recursion_with_multi_statement_body_via_match_terminates
FNF:18
FNH:18
DA:26,70
DA:27,70
DA:28,70
DA:29,70
DA:30,70
DA:31,70
DA:32,63
DA:33,7
DA:34,7
DA:35,5
DA:37,2
DA:39,7
DA:41,0
DA:42,0
DA:43,0
DA:44,0
DA:45,0
DA:46,0
DA:48,0
DA:50,70
DA:51,70
DA:52,70
DA:53,70
DA:54,70
DA:55,70
DA:56,70
DA:57,0
DA:59,70
DA:60,70
DA:61,0
DA:63,70
DA:64,67
DA:66,3
DA:67,3
DA:68,3
DA:69,3
DA:71,0
DA:74,67
DA:80,67
DA:81,67
DA:82,67
DA:83,67
DA:86,67
DA:87,67
DA:88,67
DA:89,67
DA:90,1
DA:91,1
DA:92,1
DA:93,1
DA:94,1
DA:95,1
DA:96,1
DA:97,1
DA:98,1
DA:99,1
DA:101,1
DA:103,66
DA:104,66
DA:106,70
DA:108,540
DA:109,540
DA:110,540
DA:111,540
DA:112,540
DA:113,540
DA:114,540
DA:115,540
DA:116,540
DA:117,540
DA:118,540
DA:119,540
DA:120,540
DA:123,540
DA:125,540
DA:134,10
DA:135,10
DA:136,10
DA:137,10
DA:138,10
DA:139,10
DA:140,10
DA:143,1
DA:144,1
DA:145,1
DA:146,1
DA:147,1
DA:149,1
DA:150,1
DA:153,1
DA:154,1
DA:155,1
DA:156,1
DA:157,1
DA:159,1
DA:160,1
DA:163,1
DA:164,1
DA:165,1
DA:166,1
DA:167,1
DA:169,1
DA:170,1
DA:173,1
DA:174,1
DA:175,1
DA:176,1
DA:177,1
DA:178,1
DA:180,1
DA:181,1
DA:182,1
DA:184,1
DA:185,1
DA:188,1
DA:191,1
DA:192,1
DA:193,1
DA:194,1
DA:195,1
DA:196,1
DA:199,1
DA:200,1
DA:201,1
DA:203,1
DA:204,1
DA:207,1
DA:210,1
DA:213,1
DA:214,1
DA:215,1
DA:216,1
DA:217,1
DA:219,1
DA:220,1
DA:223,1
DA:224,1
DA:225,1
DA:226,1
DA:227,1
DA:229,1
DA:230,1
DA:233,1
DA:234,1
DA:235,1
DA:237,1
DA:238,1
DA:241,1
DA:242,1
DA:243,1
DA:245,1
DA:246,1
DA:249,1
DA:252,1
DA:253,1
DA:254,1
DA:255,1
DA:256,1
DA:257,1
DA:258,1
DA:260,1
DA:261,1
DA:264,1
DA:265,1
DA:266,1
DA:267,1
DA:268,1
DA:269,1
DA:271,1
DA:272,1
DA:275,1
DA:278,1
DA:279,1
DA:280,1
DA:281,1
DA:282,1
DA:283,1
DA:284,1
DA:285,1
DA:287,1
DA:288,1
DA:289,1
DA:290,1
DA:293,1
DA:294,1
DA:295,1
DA:296,1
DA:297,1
DA:298,1
DA:299,1
DA:300,1
DA:301,1
DA:302,1
DA:303,1
DA:305,1
DA:306,1
DA:307,1
BRF:0
BRH:0
LF:199
LH:189
end_of_record
SF:/var/home/jack/Code/koan/src/builtins/module_def.rs
FN:21,_RNvNtNtCscUx3zdyuqfq_4koan8builtins10module_def4body
FN:106,_RNvNtNtCscUx3zdyuqfq_4koan8builtins10module_def8register
FN:47,_RNCNvNtNtCscUx3zdyuqfq_4koan8builtins10module_def4body0B7_
FN:50,_RNCNvNtNtCscUx3zdyuqfq_4koan8builtins10module_def4bodys_0B7_
FN:47,_RNCNvNtNtCseriWsCb5ev6_4koan8builtins10module_def4body0B7_
FN:50,_RNCNvNtNtCseriWsCb5ev6_4koan8builtins10module_def4bodys_0B7_
FN:21,_RNvNtNtCseriWsCb5ev6_4koan8builtins10module_def4body
FN:106,_RNvNtNtCseriWsCb5ev6_4koan8builtins10module_def8register
FN:133,_RNvNtNtNtCseriWsCb5ev6_4koan8builtins10module_def5tests14resolve_module
FN:195,_RNvNtNtNtCseriWsCb5ev6_4koan8builtins10module_def5testss_28module_unknown_member_errors
FN:163,_RNvNtNtNtCseriWsCb5ev6_4koan8builtins10module_def5testss_29module_member_access_via_attr
FN:141,_RNvNtNtNtCseriWsCb5ev6_4koan8builtins10module_def5testss_32binder_name_extracts_module_name
FN:148,_RNvNtNtNtCseriWsCb5ev6_4koan8builtins10module_def5testss_32module_binds_under_name_in_scope
FN:181,_RNvNtNtNtCseriWsCb5ev6_4koan8builtins10module_def5testss_33module_member_function_via_let_fn
FN:267,_RNvNtNtNtCseriWsCb5ev6_4koan8builtins10module_def5testss_36module_body_dispatch_does_not_dangle
FN:219,_RNvNtNtNtCseriWsCb5ev6_4koan8builtins10module_def5testss_38module_body_parks_on_outer_placeholder
FN:229,_RNvNtNtNtCseriWsCb5ev6_4koan8builtins10module_def5testss_41module_body_error_short_circuits_finalize
FN:172,_RNvNtNtNtCseriWsCb5ev6_4koan8builtins10module_def5testss_41module_with_multiple_statements_in_parens
FN:208,_RNvNtNtNtCseriWsCb5ev6_4koan8builtins10module_def5testss_41nested_module_accessible_via_chained_attr
FN:243,_RNvNtNtNtCseriWsCb5ev6_4koan8builtins10module_def5testss_50module_finalize_short_circuits_on_idempotent_state
FNDA:21,_RNvNtNtCscUx3zdyuqfq_4koan8builtins10module_def4body
FNDA:43,_RNvNtNtCscUx3zdyuqfq_4koan8builtins10module_def8register
FNDA:21,_RNCNvNtNtCscUx3zdyuqfq_4koan8builtins10module_def4body0B7_
FNDA:20,_RNCNvNtNtCscUx3zdyuqfq_4koan8builtins10module_def4bodys_0B7_
FNDA:79,_RNCNvNtNtCseriWsCb5ev6_4koan8builtins10module_def4body0B7_
FNDA:77,_RNCNvNtNtCseriWsCb5ev6_4koan8builtins10module_def4bodys_0B7_
FNDA:79,_RNvNtNtCseriWsCb5ev6_4koan8builtins10module_def4body
FNDA:497,_RNvNtNtCseriWsCb5ev6_4koan8builtins10module_def8register
FNDA:3,_RNvNtNtNtCseriWsCb5ev6_4koan8builtins10module_def5tests14resolve_module
FNDA:1,_RNvNtNtNtCseriWsCb5ev6_4koan8builtins10module_def5testss_28module_unknown_member_errors
FNDA:1,_RNvNtNtNtCseriWsCb5ev6_4koan8builtins10module_def5testss_29module_member_access_via_attr
FNDA:1,_RNvNtNtNtCseriWsCb5ev6_4koan8builtins10module_def5testss_32binder_name_extracts_module_name
FNDA:1,_RNvNtNtNtCseriWsCb5ev6_4koan8builtins10module_def5testss_32module_binds_under_name_in_scope
FNDA:1,_RNvNtNtNtCseriWsCb5ev6_4koan8builtins10module_def5testss_33module_member_function_via_let_fn
FNDA:1,_RNvNtNtNtCseriWsCb5ev6_4koan8builtins10module_def5testss_36module_body_dispatch_does_not_dangle
FNDA:1,_RNvNtNtNtCseriWsCb5ev6_4koan8builtins10module_def5testss_38module_body_parks_on_outer_placeholder
FNDA:1,_RNvNtNtNtCseriWsCb5ev6_4koan8builtins10module_def5testss_41module_body_error_short_circuits_finalize
FNDA:1,_RNvNtNtNtCseriWsCb5ev6_4koan8builtins10module_def5testss_41module_with_multiple_statements_in_parens
FNDA:1,_RNvNtNtNtCseriWsCb5ev6_4koan8builtins10module_def5testss_41nested_module_accessible_via_chained_attr
FNDA:1,_RNvNtNtNtCseriWsCb5ev6_4koan8builtins10module_def5testss_50module_finalize_short_circuits_on_idempotent_state
FNF:16
FNH:16
DA:21,100
DA:22,100
DA:23,100
DA:24,100
DA:25,100
DA:27,100
DA:28,100
DA:29,0
DA:31,100
DA:32,100
DA:33,0
DA:36,100
DA:37,100
DA:39,100
DA:43,100
DA:45,100
DA:46,100
DA:47,100
DA:48,100
DA:49,100
DA:50,100
DA:54,97
DA:55,97
DA:56,1
DA:57,96
DA:58,96
DA:59,96
DA:60,96
DA:68,96
DA:69,96
DA:70,96
DA:71,96
DA:72,96
DA:73,20
DA:74,0
DA:75,20
DA:76,20
DA:79,96
DA:80,96
DA:81,96
DA:82,96
DA:89,96
DA:90,96
DA:91,96
DA:92,96
DA:93,96
DA:94,96
DA:95,96
DA:96,0
DA:97,0
DA:98,0
DA:99,0
DA:101,97
DA:102,100
DA:103,100
DA:104,100
DA:106,540
DA:107,540
DA:108,540
DA:109,540
DA:110,540
DA:111,540
DA:112,540
DA:113,540
DA:114,540
DA:115,540
DA:116,540
DA:119,540
DA:120,540
DA:122,540
DA:133,3
DA:134,3
DA:135,3
DA:136,0
DA:138,3
DA:141,1
DA:142,1
DA:143,1
DA:144,1
DA:145,1
DA:148,1
DA:149,1
DA:150,1
DA:151,1
DA:152,1
DA:153,1
DA:156,1
DA:157,1
DA:160,1
DA:163,1
DA:164,1
DA:165,1
DA:166,1
DA:167,1
DA:168,1
DA:169,1
DA:172,1
DA:173,1
DA:174,1
DA:175,1
DA:176,1
DA:177,1
DA:178,1
DA:181,1
DA:184,1
DA:185,1
DA:186,1
DA:187,1
DA:188,1
DA:190,1
DA:191,1
DA:192,1
DA:195,1
DA:196,1
DA:197,1
DA:198,1
DA:199,1
DA:200,1
DA:201,1
DA:202,1
DA:205,1
DA:208,1
DA:209,1
DA:210,1
DA:211,1
DA:212,1
DA:213,1
DA:214,1
DA:219,1
DA:220,1
DA:221,1
DA:222,1
DA:223,1
DA:224,1
DA:225,1
DA:229,1
DA:230,1
DA:231,1
DA:232,1
DA:233,1
DA:234,1
DA:237,1
DA:243,1
DA:244,1
DA:245,1
DA:246,1
DA:247,1
DA:248,1
DA:250,1
DA:251,1
DA:252,1
DA:253,1
DA:254,1
DA:258,1
DA:259,1
DA:260,1
DA:261,1
DA:262,1
DA:267,1
DA:268,1
DA:269,1
DA:270,1
DA:271,1
DA:272,1
DA:273,1
DA:274,1
DA:275,1
BRF:0
BRH:0
LF:169
LH:161
end_of_record
SF:/var/home/jack/Code/koan/src/builtins/newtype_def.rs
FN:273,_RNCNCNvNtNtCscUx3zdyuqfq_4koan8builtins11newtype_def23finalize_record_newtype00B9_
FN:172,_RNCNvNtNtCscUx3zdyuqfq_4koan8builtins11newtype_def16body_record_repr0B7_
FN:308,_RNCNvNtNtCscUx3zdyuqfq_4koan8builtins11newtype_def20defer_resolved_sigil0B7_
FN:239,_RNCNvNtNtCscUx3zdyuqfq_4koan8builtins11newtype_def21elaborate_record_repr0B7_
FN:269,_RNCNvNtNtCscUx3zdyuqfq_4koan8builtins11newtype_def23finalize_record_newtype0B7_
FN:65,_RNCNvNtNtCscUx3zdyuqfq_4koan8builtins11newtype_def4body0B7_
FN:88,_RNCNvNtNtCscUx3zdyuqfq_4koan8builtins11newtype_def4bodys_0B7_
FN:160,_RNvNtNtCscUx3zdyuqfq_4koan8builtins11newtype_def16body_record_repr
FN:129,_RNvNtNtCscUx3zdyuqfq_4koan8builtins11newtype_def16finalize_newtype
FN:297,_RNvNtNtCscUx3zdyuqfq_4koan8builtins11newtype_def20defer_resolved_sigil
FN:190,_RNvNtNtCscUx3zdyuqfq_4koan8builtins11newtype_def21elaborate_record_repr
FN:252,_RNvNtNtCscUx3zdyuqfq_4koan8builtins11newtype_def23finalize_record_newtype
FN:51,_RNvNtNtCscUx3zdyuqfq_4koan8builtins11newtype_def4body
FN:319,_RNvNtNtCscUx3zdyuqfq_4koan8builtins11newtype_def8register
FN:160,_RNvNtNtCseriWsCb5ev6_4koan8builtins11newtype_def16body_record_repr
FN:129,_RNvNtNtCseriWsCb5ev6_4koan8builtins11newtype_def16finalize_newtype
FN:297,_RNvNtNtCseriWsCb5ev6_4koan8builtins11newtype_def20defer_resolved_sigil
FN:190,_RNvNtNtCseriWsCb5ev6_4koan8builtins11newtype_def21elaborate_record_repr
FN:252,_RNvNtNtCseriWsCb5ev6_4koan8builtins11newtype_def23finalize_record_newtype
FN:51,_RNvNtNtCseriWsCb5ev6_4koan8builtins11newtype_def4body
FN:319,_RNvNtNtCseriWsCb5ev6_4koan8builtins11newtype_def8register
FN:402,_RNCNvNtNtNtCseriWsCb5ev6_4koan8builtins11newtype_def5tests13record_fields0B9_
FN:591,_RNCNvNtNtNtCseriWsCb5ev6_4koan8builtins11newtype_def5testss_42nested_record_field_threads_self_reference0B9_
FN:541,_RNCNvNtNtNtCseriWsCb5ev6_4koan8builtins11newtype_def5testss_42record_repr_self_recursion_seals_set_local0B9_
FN:546,_RNCNvNtNtNtCseriWsCb5ev6_4koan8builtins11newtype_def5testss_42record_repr_self_recursion_seals_set_locals0_0B9_
FN:570,_RNCNvNtNtNtCseriWsCb5ev6_4koan8builtins11newtype_def5testss_46record_repr_list_of_self_field_seals_set_local0B9_
FN:390,_RNvNtNtNtCseriWsCb5ev6_4koan8builtins11newtype_def5tests13record_fields
FN:728,_RNvNtNtNtCseriWsCb5ev6_4koan8builtins11newtype_def5testss_28construct_arity_zero_rejects
FN:749,_RNvNtNtNtCseriWsCb5ev6_4koan8builtins11newtype_def5testss_29construct_with_operator_value
FN:417,_RNvNtNtNtCseriWsCb5ev6_4koan8builtins11newtype_def5testss_30declare_mints_newtype_identity
FN:636,_RNvNtNtNtCseriWsCb5ev6_4koan8builtins11newtype_def5testss_30newtype_over_newtype_collapses
FN:707,_RNvNtNtNtCseriWsCb5ev6_4koan8builtins11newtype_def5testss_31construct_with_identifier_value
FN:469,_RNvNtNtNtCseriWsCb5ev6_4koan8builtins11newtype_def5testss_35construct_rejects_non_matching_repr
FN:447,_RNvNtNtNtCseriWsCb5ev6_4koan8builtins11newtype_def5testss_35construct_wraps_repr_matching_value
FN:583,_RNvNtNtNtCseriWsCb5ev6_4koan8builtins11newtype_def5testss_42nested_record_field_threads_self_reference
FN:534,_RNvNtNtNtCseriWsCb5ev6_4koan8builtins11newtype_def5testss_42record_repr_self_recursion_seals_set_local
FN:665,_RNvNtNtNtCseriWsCb5ev6_4koan8builtins11newtype_def5testss_43dispatch_distinguishes_distance_from_number
FN:558,_RNvNtNtNtCseriWsCb5ev6_4koan8builtins11newtype_def5testss_46record_repr_list_of_self_field_seals_set_local
FN:513,_RNvNtNtNtCseriWsCb5ev6_4koan8builtins11newtype_def5testss_47unknown_repr_errors_without_leaking_placeholder
FN:487,_RNvNtNtNtCseriWsCb5ev6_4koan8builtins11newtype_def5testss_49dependent_newtype_parks_on_record_repr_dependency
FN:610,_RNvNtNtNtCseriWsCb5ev6_4koan8builtins11newtype_def5testss_54sigil_repr_non_record_seals_newtype_over_resolved_type
FN:273,_RNCNCNvNtNtCseriWsCb5ev6_4koan8builtins11newtype_def23finalize_record_newtype00B9_
FN:172,_RNCNvNtNtCseriWsCb5ev6_4koan8builtins11newtype_def16body_record_repr0B7_
FN:308,_RNCNvNtNtCseriWsCb5ev6_4koan8builtins11newtype_def20defer_resolved_sigil0B7_
FN:239,_RNCNvNtNtCseriWsCb5ev6_4koan8builtins11newtype_def21elaborate_record_repr0B7_
FN:269,_RNCNvNtNtCseriWsCb5ev6_4koan8builtins11newtype_def23finalize_record_newtype0B7_
FN:65,_RNCNvNtNtCseriWsCb5ev6_4koan8builtins11newtype_def4body0B7_
FN:88,_RNCNvNtNtCseriWsCb5ev6_4koan8builtins11newtype_def4bodys_0B7_
FNDA:5,_RNCNCNvNtNtCscUx3zdyuqfq_4koan8builtins11newtype_def23finalize_record_newtype00B9_
FNDA:3,_RNCNvNtNtCscUx3zdyuqfq_4koan8builtins11newtype_def16body_record_repr0B7_
FNDA:0,_RNCNvNtNtCscUx3zdyuqfq_4koan8builtins11newtype_def20defer_resolved_sigil0B7_
FNDA:1,_RNCNvNtNtCscUx3zdyuqfq_4koan8builtins11newtype_def21elaborate_record_repr0B7_
FNDA:3,_RNCNvNtNtCscUx3zdyuqfq_4koan8builtins11newtype_def23finalize_record_newtype0B7_
FNDA:0,_RNCNvNtNtCscUx3zdyuqfq_4koan8builtins11newtype_def4body0B7_
FNDA:0,_RNCNvNtNtCscUx3zdyuqfq_4koan8builtins11newtype_def4bodys_0B7_
FNDA:3,_RNvNtNtCscUx3zdyuqfq_4koan8builtins11newtype_def16body_record_repr
FNDA:0,_RNvNtNtCscUx3zdyuqfq_4koan8builtins11newtype_def16finalize_newtype
FNDA:0,_RNvNtNtCscUx3zdyuqfq_4koan8builtins11newtype_def20defer_resolved_sigil
FNDA:3,_RNvNtNtCscUx3zdyuqfq_4koan8builtins11newtype_def21elaborate_record_repr
FNDA:3,_RNvNtNtCscUx3zdyuqfq_4koan8builtins11newtype_def23finalize_record_newtype
FNDA:0,_RNvNtNtCscUx3zdyuqfq_4koan8builtins11newtype_def4body
FNDA:43,_RNvNtNtCscUx3zdyuqfq_4koan8builtins11newtype_def8register
FNDA:34,_RNvNtNtCseriWsCb5ev6_4koan8builtins11newtype_def16body_record_repr
FNDA:14,_RNvNtNtCseriWsCb5ev6_4koan8builtins11newtype_def16finalize_newtype
FNDA:1,_RNvNtNtCseriWsCb5ev6_4koan8builtins11newtype_def20defer_resolved_sigil
FNDA:34,_RNvNtNtCseriWsCb5ev6_4koan8builtins11newtype_def21elaborate_record_repr
FNDA:33,_RNvNtNtCseriWsCb5ev6_4koan8builtins11newtype_def23finalize_record_newtype
FNDA:15,_RNvNtNtCseriWsCb5ev6_4koan8builtins11newtype_def4body
FNDA:497,_RNvNtNtCseriWsCb5ev6_4koan8builtins11newtype_def8register
FNDA:4,_RNCNvNtNtNtCseriWsCb5ev6_4koan8builtins11newtype_def5tests13record_fields0B9_
FNDA:1,_RNCNvNtNtNtCseriWsCb5ev6_4koan8builtins11newtype_def5testss_42nested_record_field_threads_self_reference0B9_
FNDA:1,_RNCNvNtNtNtCseriWsCb5ev6_4koan8builtins11newtype_def5testss_42record_repr_self_recursion_seals_set_local0B9_
FNDA:2,_RNCNvNtNtNtCseriWsCb5ev6_4koan8builtins11newtype_def5testss_42record_repr_self_recursion_seals_set_locals0_0B9_
FNDA:1,_RNCNvNtNtNtCseriWsCb5ev6_4koan8builtins11newtype_def5testss_46record_repr_list_of_self_field_seals_set_local0B9_
FNDA:3,_RNvNtNtNtCseriWsCb5ev6_4koan8builtins11newtype_def5tests13record_fields
FNDA:1,_RNvNtNtNtCseriWsCb5ev6_4koan8builtins11newtype_def5testss_28construct_arity_zero_rejects
FNDA:1,_RNvNtNtNtCseriWsCb5ev6_4koan8builtins11newtype_def5testss_29construct_with_operator_value
FNDA:1,_RNvNtNtNtCseriWsCb5ev6_4koan8builtins11newtype_def5testss_30declare_mints_newtype_identity
FNDA:1,_RNvNtNtNtCseriWsCb5ev6_4koan8builtins11newtype_def5testss_30newtype_over_newtype_collapses
FNDA:1,_RNvNtNtNtCseriWsCb5ev6_4koan8builtins11newtype_def5testss_31construct_with_identifier_value
FNDA:1,_RNvNtNtNtCseriWsCb5ev6_4koan8builtins11newtype_def5testss_35construct_rejects_non_matching_repr
FNDA:1,_RNvNtNtNtCseriWsCb5ev6_4koan8builtins11newtype_def5testss_35construct_wraps_repr_matching_value
FNDA:1,_RNvNtNtNtCseriWsCb5ev6_4koan8builtins11newtype_def5testss_42nested_record_field_threads_self_reference
FNDA:1,_RNvNtNtNtCseriWsCb5ev6_4koan8builtins11newtype_def5testss_42record_repr_self_recursion_seals_set_local
FNDA:1,_RNvNtNtNtCseriWsCb5ev6_4koan8builtins11newtype_def5testss_43dispatch_distinguishes_distance_from_number
FNDA:1,_RNvNtNtNtCseriWsCb5ev6_4koan8builtins11newtype_def5testss_46record_repr_list_of_self_field_seals_set_local
FNDA:1,_RNvNtNtNtCseriWsCb5ev6_4koan8builtins11newtype_def5testss_47unknown_repr_errors_without_leaking_placeholder
FNDA:1,_RNvNtNtNtCseriWsCb5ev6_4koan8builtins11newtype_def5testss_49dependent_newtype_parks_on_record_repr_dependency
FNDA:1,_RNvNtNtNtCseriWsCb5ev6_4koan8builtins11newtype_def5testss_54sigil_repr_non_record_seals_newtype_over_resolved_type
FNDA:54,_RNCNCNvNtNtCseriWsCb5ev6_4koan8builtins11newtype_def23finalize_record_newtype00B9_
FNDA:34,_RNCNvNtNtCseriWsCb5ev6_4koan8builtins11newtype_def16body_record_repr0B7_
FNDA:1,_RNCNvNtNtCseriWsCb5ev6_4koan8builtins11newtype_def20defer_resolved_sigil0B7_
FNDA:1,_RNCNvNtNtCseriWsCb5ev6_4koan8builtins11newtype_def21elaborate_record_repr0B7_
FNDA:33,_RNCNvNtNtCseriWsCb5ev6_4koan8builtins11newtype_def23finalize_record_newtype0B7_
FNDA:15,_RNCNvNtNtCseriWsCb5ev6_4koan8builtins11newtype_def4body0B7_
FNDA:0,_RNCNvNtNtCseriWsCb5ev6_4koan8builtins11newtype_def4bodys_0B7_
FNF:34
FNH:33
DA:51,15
DA:52,15
DA:53,15
DA:54,15
DA:55,15
DA:56,15
DA:57,15
DA:58,0
DA:62,15
DA:63,15
DA:64,15
DA:65,15
DA:66,15
DA:71,15
DA:72,14
DA:75,5
DA:76,5
DA:77,4
DA:78,1
DA:85,0
DA:86,1
DA:88,0
DA:89,0
DA:90,0
DA:91,0
DA:92,0
DA:93,0
DA:94,0
DA:96,0
DA:97,0
DA:98,0
DA:99,1
DA:100,1
DA:101,1
DA:102,1
DA:103,1
DA:105,9
DA:106,0
DA:108,1
DA:113,1
DA:114,1
DA:115,0
DA:117,1
DA:119,0
DA:120,0
DA:121,0
DA:123,15
DA:129,14
DA:130,14
DA:131,14
DA:132,14
DA:133,14
DA:134,14
DA:135,14
DA:136,14
DA:137,14
DA:138,14
DA:139,14
DA:140,14
DA:141,14
DA:142,14
DA:143,14
DA:145,14
DA:149,0
DA:150,0
DA:151,0
DA:152,0
DA:154,14
DA:160,37
DA:161,37
DA:162,37
DA:163,37
DA:164,37
DA:165,37
DA:166,37
DA:167,0
DA:169,37
DA:170,37
DA:171,37
DA:172,37
DA:173,37
DA:174,37
DA:175,37
DA:177,0
DA:178,0
DA:179,0
DA:182,37
DA:183,37
DA:190,37
DA:191,37
DA:192,37
DA:193,37
DA:194,37
DA:195,37
DA:196,37
DA:197,37
DA:201,37
DA:202,37
DA:203,37
DA:204,37
DA:205,37
DA:206,37
DA:207,37
DA:209,37
DA:210,37
DA:211,37
DA:212,37
DA:213,37
DA:214,37
DA:215,37
DA:216,37
DA:217,37
DA:219,37
DA:220,34
DA:221,1
DA:223,2
DA:224,2
DA:226,2
DA:227,2
DA:228,2
DA:229,2
DA:230,2
DA:231,2
DA:232,2
DA:234,2
DA:235,2
DA:236,2
DA:237,2
DA:238,2
DA:239,2
DA:240,2
DA:241,2
DA:245,37
DA:252,36
DA:253,36
DA:254,36
DA:255,36
DA:256,36
DA:257,36
DA:258,36
DA:259,0
DA:260,0
DA:261,0
DA:262,36
DA:263,36
DA:264,36
DA:265,36
DA:266,36
DA:267,36
DA:268,36
DA:269,36
DA:270,36
DA:271,36
DA:272,36
DA:273,59
DA:274,36
DA:275,36
DA:276,36
DA:277,0
DA:278,36
DA:279,36
DA:280,36
DA:282,36
DA:283,36
DA:285,36
DA:286,36
DA:287,0
DA:288,0
DA:289,0
DA:290,0
DA:292,36
DA:297,1
DA:298,1
DA:299,1
DA:300,1
DA:301,1
DA:302,1
DA:303,1
DA:304,1
DA:305,1
DA:306,1
DA:307,1
DA:308,1
DA:309,1
DA:310,0
DA:311,0
DA:312,0
DA:313,0
DA:314,1
DA:315,1
DA:316,1
DA:317,1
DA:319,540
DA:325,540
DA:326,540
DA:327,540
DA:328,540
DA:329,540
DA:330,540
DA:331,540
DA:332,540
DA:333,540
DA:334,540
DA:337,540
DA:338,540
DA:343,540
DA:344,540
DA:345,540
DA:346,540
DA:347,540
DA:348,540
DA:349,540
DA:350,540
DA:351,540
DA:352,540
DA:355,540
DA:356,540
DA:361,540
DA:362,540
DA:363,540
DA:364,540
DA:365,540
DA:366,540
DA:367,540
DA:368,540
DA:369,540
DA:370,540
DA:373,540
DA:374,540
DA:376,540
DA:390,3
DA:391,3
DA:392,3
DA:393,3
DA:394,3
DA:395,3
DA:396,3
DA:397,3
DA:398,3
DA:399,3
DA:400,3
DA:401,3
DA:402,4
DA:403,3
DA:405,0
DA:407,0
DA:410,0
DA:412,3
DA:417,1
DA:418,1
DA:419,1
DA:420,1
DA:421,1
DA:422,1
DA:423,1
DA:424,1
DA:425,1
DA:426,1
DA:427,1
DA:428,1
DA:429,1
DA:430,1
DA:431,0
DA:434,0
DA:436,1
DA:437,1
DA:438,1
DA:439,1
DA:442,1
DA:447,1
DA:448,1
DA:449,1
DA:450,1
DA:451,1
DA:452,1
DA:453,1
DA:454,1
DA:455,1
DA:456,1
DA:457,1
DA:459,0
DA:461,1
DA:463,0
DA:465,1
DA:469,1
DA:470,1
DA:471,1
DA:472,1
DA:473,1
DA:474,1
DA:475,1
DA:476,1
DA:479,1
DA:487,1
DA:488,1
DA:489,1
DA:490,1
DA:491,1
DA:492,1
DA:496,1
DA:497,1
DA:499,0
DA:501,1
DA:502,1
DA:503,1
DA:505,0
DA:507,1
DA:513,1
DA:514,1
DA:515,1
DA:516,1
DA:517,1
DA:518,1
DA:520,0
DA:522,1
DA:523,1
DA:524,1
DA:527,1
DA:534,1
DA:535,1
DA:536,1
DA:537,1
DA:538,1
DA:539,1
DA:540,1
DA:541,1
DA:545,1
DA:546,2
DA:547,1
DA:550,1
DA:551,1
DA:558,1
DA:559,1
DA:560,1
DA:561,1
DA:562,1
DA:563,1
DA:564,1
DA:565,1
DA:569,1
DA:570,1
DA:571,1
DA:574,1
DA:575,1
DA:583,1
DA:584,1
DA:585,1
DA:586,1
DA:587,1
DA:588,1
DA:589,1
DA:590,1
DA:591,1
DA:592,1
DA:593,1
DA:594,1
DA:595,1
DA:596,1
DA:597,1
DA:600,0
DA:602,1
DA:603,1
DA:610,1
DA:611,1
DA:612,1
DA:613,1
DA:614,1
DA:615,1
DA:616,1
DA:617,1
DA:618,1
DA:619,1
DA:621,0
DA:623,1
DA:624,1
DA:626,0
DA:629,0
DA:631,1
DA:636,1
DA:637,1
DA:638,1
DA:639,1
DA:640,1
DA:641,1
DA:642,1
DA:643,1
DA:644,1
DA:645,0
DA:648,1
DA:649,1
DA:651,0
DA:654,0
DA:656,1
DA:665,1
DA:666,1
DA:667,1
DA:668,1
DA:669,1
DA:670,1
DA:671,1
DA:672,1
DA:674,1
DA:675,1
DA:676,1
DA:677,0
DA:679,1
DA:680,1
DA:681,1
DA:682,0
DA:684,1
DA:685,1
DA:686,1
DA:687,1
DA:688,1
DA:689,1
DA:690,1
DA:693,1
DA:694,1
DA:695,1
DA:696,1
DA:697,1
DA:698,1
DA:699,1
DA:702,1
DA:707,1
DA:708,1
DA:709,1
DA:710,1
DA:711,1
DA:712,1
DA:713,1
DA:714,1
DA:715,1
DA:716,1
DA:718,0
DA:720,1
DA:722,0
DA:724,1
DA:728,1
DA:729,1
DA:730,1
DA:731,1
DA:732,1
DA:733,1
DA:734,0
DA:735,1
DA:743,1
DA:749,1
DA:750,1
DA:751,1
DA:752,1
DA:753,1
DA:754,1
DA:755,1
DA:757,1
DA:758,1
DA:759,1
DA:760,1
DA:761,1
DA:762,1
DA:764,0
DA:766,1
DA:768,0
DA:770,1
BRF:0
BRH:0
LF:475
LH:413
end_of_record
SF:/var/home/jack/Code/koan/src/builtins/print.rs
FN:11,_RNvNtNtCscUx3zdyuqfq_4koan8builtins5print4body
FN:25,_RNvNtNtCscUx3zdyuqfq_4koan8builtins5print8register
FN:11,_RNvNtNtCseriWsCb5ev6_4koan8builtins5print4body
FN:25,_RNvNtNtCseriWsCb5ev6_4koan8builtins5print8register
FNDA:6,_RNvNtNtCscUx3zdyuqfq_4koan8builtins5print4body
FNDA:43,_RNvNtNtCscUx3zdyuqfq_4koan8builtins5print8register
FNDA:148,_RNvNtNtCseriWsCb5ev6_4koan8builtins5print4body
FNDA:497,_RNvNtNtCseriWsCb5ev6_4koan8builtins5print8register
FNF:2
FNH:2
DA:11,154
DA:12,154
DA:13,154
DA:14,154
DA:15,154
DA:16,154
DA:17,154
DA:18,0
DA:20,154
DA:21,154
DA:22,154
DA:23,154
DA:25,540
DA:26,540
DA:27,540
DA:28,540
DA:29,540
DA:30,540
DA:32,540
BRF:0
BRH:0
LF:19
LH:18
end_of_record
SF:/var/home/jack/Code/koan/src/builtins/quote.rs
FN:12,_RNvNtNtCscUx3zdyuqfq_4koan8builtins5quote4body
FN:29,_RNvNtNtCscUx3zdyuqfq_4koan8builtins5quote8register
FN:12,_RNvNtNtCseriWsCb5ev6_4koan8builtins5quote4body
FN:29,_RNvNtNtCseriWsCb5ev6_4koan8builtins5quote8register
FN:46,_RNvNtNtNtCseriWsCb5ev6_4koan8builtins5quote5tests11run_program
FN:55,_RNvNtNtNtCseriWsCb5ev6_4koan8builtins5quote5testss_26quote_then_eval_round_trip
FN:64,_RNvNtNtNtCseriWsCb5ev6_4koan8builtins5quote5testss_27quote_captures_ast_as_value
FNDA:0,_RNvNtNtCscUx3zdyuqfq_4koan8builtins5quote4body
FNDA:43,_RNvNtNtCscUx3zdyuqfq_4koan8builtins5quote8register
FNDA:9,_RNvNtNtCseriWsCb5ev6_4koan8builtins5quote4body
FNDA:497,_RNvNtNtCseriWsCb5ev6_4koan8builtins5quote8register
FNDA:2,_RNvNtNtNtCseriWsCb5ev6_4koan8builtins5quote5tests11run_program
FNDA:1,_RNvNtNtNtCseriWsCb5ev6_4koan8builtins5quote5testss_26quote_then_eval_round_trip
FNDA:1,_RNvNtNtNtCseriWsCb5ev6_4koan8builtins5quote5testss_27quote_captures_ast_as_value
FNF:5
FNH:5
DA:12,9
DA:13,9
DA:14,9
DA:15,9
DA:16,9
DA:17,9
DA:18,9
DA:20,0
DA:21,0
DA:22,0
DA:25,9
DA:26,9
DA:27,9
DA:29,540
DA:30,540
DA:31,540
DA:32,540
DA:33,540
DA:34,540
DA:35,540
DA:37,540
DA:39,540
DA:46,2
DA:47,2
DA:48,2
DA:49,2
DA:50,2
DA:51,2
DA:52,2
DA:55,1
DA:56,1
DA:57,1
DA:58,1
DA:60,1
DA:61,1
DA:64,1
DA:65,1
DA:66,1
DA:67,1
BRF:0
BRH:0
LF:39
LH:36
end_of_record
SF:/var/home/jack/Code/koan/src/builtins/record_projection.rs
FN:29,_RNvNtNtCscUx3zdyuqfq_4koan8builtins17record_projection4body
FN:93,_RNvNtNtCscUx3zdyuqfq_4koan8builtins17record_projection8register
FN:45,_RNCNvNtNtCscUx3zdyuqfq_4koan8builtins17record_projection4body0B7_
FN:29,_RNvNtNtCseriWsCb5ev6_4koan8builtins17record_projection4body
FN:93,_RNvNtNtCseriWsCb5ev6_4koan8builtins17record_projection8register
FN:179,_RNvNtNtNtCseriWsCb5ev6_4koan8builtins17record_projection5testss_25from_unknown_field_errors
FN:192,_RNvNtNtNtCseriWsCb5ev6_4koan8builtins17record_projection5testss_27from_duplicate_field_errors
FN:146,_RNvNtNtNtCseriWsCb5ev6_4koan8builtins17record_projection5testss_28from_single_field_projection
FN:232,_RNvNtNtNtCseriWsCb5ev6_4koan8builtins17record_projection5testss_41from_breaks_ambiguous_record_dispatch_tie
FN:163,_RNvNtNtNtCseriWsCb5ev6_4koan8builtins17record_projection5testss_41from_empty_field_list_yields_empty_record
FN:211,_RNvNtNtNtCseriWsCb5ev6_4koan8builtins17record_projection5testss_45from_non_record_operand_is_dispatch_non_match
FN:123,_RNvNtNtNtCseriWsCb5ev6_4koan8builtins17record_projection5testss_52from_narrows_carried_type_keeping_all_fields_present
FN:45,_RNCNvNtNtCseriWsCb5ev6_4koan8builtins17record_projection4body0B7_
FNDA:0,_RNvNtNtCscUx3zdyuqfq_4koan8builtins17record_projection4body
FNDA:43,_RNvNtNtCscUx3zdyuqfq_4koan8builtins17record_projection8register
FNDA:0,_RNCNvNtNtCscUx3zdyuqfq_4koan8builtins17record_projection4body0B7_
FNDA:6,_RNvNtNtCseriWsCb5ev6_4koan8builtins17record_projection4body
FNDA:497,_RNvNtNtCseriWsCb5ev6_4koan8builtins17record_projection8register
FNDA:1,_RNvNtNtNtCseriWsCb5ev6_4koan8builtins17record_projection5testss_25from_unknown_field_errors
FNDA:1,_RNvNtNtNtCseriWsCb5ev6_4koan8builtins17record_projection5testss_27from_duplicate_field_errors
FNDA:1,_RNvNtNtNtCseriWsCb5ev6_4koan8builtins17record_projection5testss_28from_single_field_projection
FNDA:1,_RNvNtNtNtCseriWsCb5ev6_4koan8builtins17record_projection5testss_41from_breaks_ambiguous_record_dispatch_tie
FNDA:1,_RNvNtNtNtCseriWsCb5ev6_4koan8builtins17record_projection5testss_41from_empty_field_list_yields_empty_record
FNDA:1,_RNvNtNtNtCseriWsCb5ev6_4koan8builtins17record_projection5testss_45from_non_record_operand_is_dispatch_non_match
FNDA:1,_RNvNtNtNtCseriWsCb5ev6_4koan8builtins17record_projection5testss_52from_narrows_carried_type_keeping_all_fields_present
FNDA:4,_RNCNvNtNtCseriWsCb5ev6_4koan8builtins17record_projection4body0B7_
FNF:10
FNH:10
DA:29,6
DA:30,6
DA:31,6
DA:32,6
DA:33,6
DA:34,6
DA:35,6
DA:36,0
DA:41,6
DA:42,9
DA:43,9
DA:44,9
DA:45,9
DA:46,1
DA:47,1
DA:48,1
DA:49,8
DA:50,8
DA:52,0
DA:53,0
DA:54,0
DA:55,0
DA:56,0
DA:61,5
DA:62,5
DA:65,0
DA:66,0
DA:67,0
DA:68,0
DA:69,0
DA:71,0
DA:76,5
DA:77,7
DA:78,7
DA:79,6
DA:81,1
DA:82,1
DA:83,1
DA:88,4
DA:89,4
DA:90,4
DA:91,6
DA:93,540
DA:99,540
DA:100,540
DA:101,540
DA:102,540
DA:103,540
DA:104,540
DA:105,540
DA:106,540
DA:107,540
DA:110,540
DA:112,540
DA:123,1
DA:124,1
DA:125,1
DA:126,1
DA:127,1
DA:128,1
DA:130,1
DA:131,1
DA:133,1
DA:134,1
DA:135,1
DA:136,1
DA:138,0
DA:140,1
DA:146,1
DA:147,1
DA:148,1
DA:149,1
DA:150,1
DA:151,1
DA:152,1
DA:153,1
DA:154,1
DA:155,1
DA:157,0
DA:159,1
DA:163,1
DA:164,1
DA:165,1
DA:166,1
DA:167,1
DA:168,1
DA:170,1
DA:171,1
DA:173,0
DA:175,1
DA:179,1
DA:180,1
DA:181,1
DA:182,1
DA:183,1
DA:184,1
DA:185,1
DA:188,1
DA:192,1
DA:193,1
DA:194,1
DA:195,1
DA:196,1
DA:197,1
DA:198,1
DA:201,1
DA:211,1
DA:215,1
DA:216,1
DA:217,1
DA:218,1
DA:219,1
DA:220,1
DA:221,1
DA:222,1
DA:223,1
DA:226,1
DA:232,1
DA:236,1
DA:237,1
DA:238,1
DA:239,1
DA:240,1
DA:241,1
DA:242,1
DA:246,1
DA:247,1
DA:248,1
DA:249,1
DA:250,1
DA:251,1
DA:252,1
DA:257,1
DA:258,1
DA:259,1
DA:260,0
DA:262,1
BRF:0
BRH:0
LF:138
LH:122
end_of_record
SF:/var/home/jack/Code/koan/src/builtins/recursive_types.rs
FN:94,_RNCNCNvNtNtCscUx3zdyuqfq_4koan8builtins15recursive_types4bodys0_00B9_
FN:187,_RNCNvNtNtCscUx3zdyuqfq_4koan8builtins15recursive_types15leading_keyword0B7_
FN:139,_RNCNvNtNtCscUx3zdyuqfq_4koan8builtins15recursive_types16discover_members0B7_
FN:170,_RNCNvNtNtCscUx3zdyuqfq_4koan8builtins15recursive_types16discover_memberss0_0B7_
FN:143,_RNCNvNtNtCscUx3zdyuqfq_4koan8builtins15recursive_types16discover_memberss_0B7_
FN:62,_RNCNvNtNtCscUx3zdyuqfq_4koan8builtins15recursive_types4body0B7_
FN:93,_RNCNvNtNtCscUx3zdyuqfq_4koan8builtins15recursive_types4bodys0_0B7_
FN:91,_RNCNvNtNtCscUx3zdyuqfq_4koan8builtins15recursive_types4bodys_0B7_
FN:186,_RNvNtNtCscUx3zdyuqfq_4koan8builtins15recursive_types15leading_keyword
FN:134,_RNvNtNtCscUx3zdyuqfq_4koan8builtins15recursive_types16discover_members
FN:35,_RNvNtNtCscUx3zdyuqfq_4koan8builtins15recursive_types4body
FN:193,_RNvNtNtCscUx3zdyuqfq_4koan8builtins15recursive_types8register
FN:94,_RNCNCNvNtNtCseriWsCb5ev6_4koan8builtins15recursive_types4bodys0_00B9_
FN:187,_RNCNvNtNtCseriWsCb5ev6_4koan8builtins15recursive_types15leading_keyword0B7_
FN:139,_RNCNvNtNtCseriWsCb5ev6_4koan8builtins15recursive_types16discover_members0B7_
FN:170,_RNCNvNtNtCseriWsCb5ev6_4koan8builtins15recursive_types16discover_memberss0_0B7_
FN:143,_RNCNvNtNtCseriWsCb5ev6_4koan8builtins15recursive_types16discover_memberss_0B7_
FN:62,_RNCNvNtNtCseriWsCb5ev6_4koan8builtins15recursive_types4body0B7_
FN:93,_RNCNvNtNtCseriWsCb5ev6_4koan8builtins15recursive_types4bodys0_0B7_
FN:91,_RNCNvNtNtCseriWsCb5ev6_4koan8builtins15recursive_types4bodys_0B7_
FN:186,_RNvNtNtCseriWsCb5ev6_4koan8builtins15recursive_types15leading_keyword
FN:134,_RNvNtNtCseriWsCb5ev6_4koan8builtins15recursive_types16discover_members
FN:35,_RNvNtNtCseriWsCb5ev6_4koan8builtins15recursive_types4body
FN:193,_RNvNtNtCseriWsCb5ev6_4koan8builtins15recursive_types8register
FNDA:0,_RNCNCNvNtNtCscUx3zdyuqfq_4koan8builtins15recursive_types4bodys0_00B9_
FNDA:0,_RNCNvNtNtCscUx3zdyuqfq_4koan8builtins15recursive_types15leading_keyword0B7_
FNDA:0,_RNCNvNtNtCscUx3zdyuqfq_4koan8builtins15recursive_types16discover_members0B7_
FNDA:0,_RNCNvNtNtCscUx3zdyuqfq_4koan8builtins15recursive_types16discover_memberss0_0B7_
FNDA:0,_RNCNvNtNtCscUx3zdyuqfq_4koan8builtins15recursive_types16discover_memberss_0B7_
FNDA:0,_RNCNvNtNtCscUx3zdyuqfq_4koan8builtins15recursive_types4body0B7_
FNDA:0,_RNCNvNtNtCscUx3zdyuqfq_4koan8builtins15recursive_types4bodys0_0B7_
FNDA:0,_RNCNvNtNtCscUx3zdyuqfq_4koan8builtins15recursive_types4bodys_0B7_
FNDA:0,_RNvNtNtCscUx3zdyuqfq_4koan8builtins15recursive_types15leading_keyword
FNDA:0,_RNvNtNtCscUx3zdyuqfq_4koan8builtins15recursive_types16discover_members
FNDA:0,_RNvNtNtCscUx3zdyuqfq_4koan8builtins15recursive_types4body
FNDA:43,_RNvNtNtCscUx3zdyuqfq_4koan8builtins15recursive_types8register
FNDA:0,_RNCNCNvNtNtCseriWsCb5ev6_4koan8builtins15recursive_types4bodys0_00B9_
FNDA:12,_RNCNvNtNtCseriWsCb5ev6_4koan8builtins15recursive_types15leading_keyword0B7_
FNDA:12,_RNCNvNtNtCseriWsCb5ev6_4koan8builtins15recursive_types16discover_members0B7_
FNDA:0,_RNCNvNtNtCseriWsCb5ev6_4koan8builtins15recursive_types16discover_memberss0_0B7_
FNDA:11,_RNCNvNtNtCseriWsCb5ev6_4koan8builtins15recursive_types16discover_memberss_0B7_
FNDA:8,_RNCNvNtNtCseriWsCb5ev6_4koan8builtins15recursive_types4body0B7_
FNDA:3,_RNCNvNtNtCseriWsCb5ev6_4koan8builtins15recursive_types4bodys0_0B7_
[...]
FN:122,_RNvNtNtCseriWsCb5ev6_4koan5parse6tokens12is_type_name
FN:170,_RNvNtNtCseriWsCb5ev6_4koan5parse6tokens12trigger_span
FN:77,_RNvNtNtCseriWsCb5ev6_4koan5parse6tokens13classify_atom
FN:34,_RNvNtNtCseriWsCb5ev6_4koan5parse6tokens14classify_token
FN:136,_RNvNtNtCseriWsCb5ev6_4koan5parse6tokens14parse_compound
FN:179,_RNvNtNtCseriWsCb5ev6_4koan5parse6tokens9read_atom
FNDA:188,_RNCNvNtNtCscUx3zdyuqfq_4koan5parse6tokens12is_type_name0B7_
FNDA:1073,_RNCNvNtNtCscUx3zdyuqfq_4koan5parse6tokens13classify_atom0B7_
FNDA:347,_RNCNvNtNtCscUx3zdyuqfq_4koan5parse6tokens13classify_atoms0_0B7_
FNDA:126,_RNCNvNtNtCscUx3zdyuqfq_4koan5parse6tokens13classify_atoms_0B7_
FNDA:6,_RNCNvNtNtCscUx3zdyuqfq_4koan5parse6tokens5FLOAT0B7_
FNDA:683,_RNCNvNtNtCscUx3zdyuqfq_4koan5parse6tokens9read_atoms_0B7_
FNDA:1394,_RNvNtNtCscUx3zdyuqfq_4koan5parse6tokens11try_literal
FNDA:314,_RNvNtNtCscUx3zdyuqfq_4koan5parse6tokens12is_type_name
FNDA:9,_RNvNtNtCscUx3zdyuqfq_4koan5parse6tokens12trigger_span
FNDA:683,_RNvNtNtCscUx3zdyuqfq_4koan5parse6tokens13classify_atom
FNDA:711,_RNvNtNtCscUx3zdyuqfq_4koan5parse6tokens14classify_token
FNDA:674,_RNvNtNtCscUx3zdyuqfq_4koan5parse6tokens14parse_compound
FNDA:683,_RNvNtNtCscUx3zdyuqfq_4koan5parse6tokens9read_atom
FNDA:1826,_RNCNvNtNtCseriWsCb5ev6_4koan5parse6tokens12is_type_name0B7_
FNDA:9523,_RNCNvNtNtCseriWsCb5ev6_4koan5parse6tokens13classify_atom0B7_
FNDA:2970,_RNCNvNtNtCseriWsCb5ev6_4koan5parse6tokens13classify_atoms0_0B7_
FNDA:1292,_RNCNvNtNtCseriWsCb5ev6_4koan5parse6tokens13classify_atoms_0B7_
FNDA:1,_RNCNvNtNtCseriWsCb5ev6_4koan5parse6tokens5FLOAT0B7_
FNDA:6403,_RNCNvNtNtCseriWsCb5ev6_4koan5parse6tokens9read_atoms_0B7_
FNDA:42,_RNvNtNtNtCseriWsCb5ev6_4koan5parse6tokens5tests8classify
FNDA:75,_RNvNtNtNtCseriWsCb5ev6_4koan5parse6tokens5tests8describe
FNDA:1,_RNvNtNtNtCseriWsCb5ev6_4koan5parse6tokens5testss_10plain_null
FNDA:1,_RNvNtNtNtCseriWsCb5ev6_4koan5parse6tokens5testss_10suffix_try
FNDA:1,_RNvNtNtNtCseriWsCb5ev6_4koan5parse6tokens5testss_11attr_access
FNDA:1,_RNvNtNtNtCseriWsCb5ev6_4koan5parse6tokens5testss_12plain_number
FNDA:1,_RNvNtNtNtCseriWsCb5ev6_4koan5parse6tokens5testss_13plain_boolean
FNDA:1,_RNvNtNtNtCseriWsCb5ev6_4koan5parse6tokens5testss_14chained_suffix
FNDA:1,_RNvNtNtNtCseriWsCb5ev6_4koan5parse6tokens5testss_15double_negation
FNDA:1,_RNvNtNtNtCseriWsCb5ev6_4koan5parse6tokens5testss_16bare_bang_errors
FNDA:1,_RNvNtNtNtCseriWsCb5ev6_4koan5parse6tokens5testss_16plain_identifier
FNDA:1,_RNvNtNtNtCseriWsCb5ev6_4koan5parse6tokens5testss_17suffix_after_attr
FNDA:1,_RNvNtNtNtCseriWsCb5ev6_4koan5parse6tokens5testss_18leading_dot_errors
FNDA:1,_RNvNtNtNtCseriWsCb5ev6_4koan5parse6tokens5testss_18negation_over_attr
FNDA:1,_RNvNtNtNtCseriWsCb5ev6_4koan5parse6tokens5testss_19chained_attr_access
FNDA:1,_RNvNtNtNtCseriWsCb5ev6_4koan5parse6tokens5testss_19dangling_dot_errors
FNDA:1,_RNvNtNtNtCseriWsCb5ev6_4koan5parse6tokens5testss_20negation_over_suffix
FNDA:1,_RNvNtNtNtCseriWsCb5ev6_4koan5parse6tokens5testss_21leading_suffix_errors
FNDA:1,_RNvNtNtNtCseriWsCb5ev6_4koan5parse6tokens5testss_25decimal_number_is_literal
FNDA:1,_RNvNtNtNtCseriWsCb5ev6_4koan5parse6tokens5testss_28pure_symbol_token_is_keyword
FNDA:1,_RNvNtNtNtCseriWsCb5ev6_4koan5parse6tokens5testss_28scientific_number_is_literal
FNDA:1,_RNvNtNtNtCseriWsCb5ev6_4koan5parse6tokens5testss_30attr_wins_when_rhs_not_numeric
FNDA:1,_RNvNtNtNtCseriWsCb5ev6_4koan5parse6tokens5testss_31lowercase_leading_is_identifier
FNDA:1,_RNvNtNtNtCseriWsCb5ev6_4koan5parse6tokens5testss_34keyword_two_uppercase_no_lowercase
FNDA:1,_RNvNtNtNtCseriWsCb5ev6_4koan5parse6tokens5testss_35type_uppercase_first_with_lowercase
FNDA:1,_RNvNtNtNtCseriWsCb5ev6_4koan5parse6tokens5testss_36operator_tokens_classify_as_keywords
FNDA:1,_RNvNtNtNtCseriWsCb5ev6_4koan5parse6tokens5testss_38single_uppercase_letter_is_parse_error
FNDA:1,_RNvNtNtNtCseriWsCb5ev6_4koan5parse6tokens5testss_47ascription_compound_tokens_classify_as_keywords
FNDA:1,_RNvNtNtNtCseriWsCb5ev6_4koan5parse6tokens5testss_49attr_trigger_stays_on_builtin_path_inside_operand
FNDA:1,_RNvNtNtNtCseriWsCb5ev6_4koan5parse6tokens5testss_49uppercase_with_digits_no_lowercase_is_parse_error
FNDA:1,_RNvNtNtNtCseriWsCb5ev6_4koan5parse6tokens5testss_8negation
FNDA:34,_RNCNvNtNtNtCseriWsCb5ev6_4koan5parse6tokens5tests8classify0B9_
FNDA:8,_RNCNvNtNtNtCseriWsCb5ev6_4koan5parse6tokens5tests8classifys_0B9_
FNDA:41,_RNCNvNtNtNtCseriWsCb5ev6_4koan5parse6tokens5tests8describe0B9_
FNDA:0,_RNCNvNtNtNtCseriWsCb5ev6_4koan5parse6tokens5tests8describes0_0B9_
FNDA:0,_RNCNvNtNtNtCseriWsCb5ev6_4koan5parse6tokens5tests8describes1_0B9_
FNDA:0,_RNCNvNtNtNtCseriWsCb5ev6_4koan5parse6tokens5tests8describes2_0B9_
FNDA:0,_RNCNvNtNtNtCseriWsCb5ev6_4koan5parse6tokens5tests8describes_0B9_
FNDA:13397,_RNvNtNtCseriWsCb5ev6_4koan5parse6tokens11try_literal
FNDA:3111,_RNvNtNtCseriWsCb5ev6_4koan5parse6tokens12is_type_name
FNDA:69,_RNvNtNtCseriWsCb5ev6_4koan5parse6tokens12trigger_span
FNDA:6410,_RNvNtNtCseriWsCb5ev6_4koan5parse6tokens13classify_atom
FNDA:6987,_RNvNtNtCseriWsCb5ev6_4koan5parse6tokens14classify_token
FNDA:6357,_RNvNtNtCseriWsCb5ev6_4koan5parse6tokens14parse_compound
FNDA:6414,_RNvNtNtCseriWsCb5ev6_4koan5parse6tokens9read_atom
FNF:51
FNH:47
DA:29,7
DA:34,7698
DA:35,7698
DA:36,7698
DA:37,7698
DA:38,7698
DA:39,7698
DA:40,667
DA:41,7031
DA:42,7031
DA:43,7031
DA:44,7020
DA:45,0
DA:46,0
DA:47,0
DA:48,0
DA:49,7020
DA:50,7020
DA:51,7698
DA:55,14791
DA:56,14791
DA:57,14791
DA:58,14734
DA:59,14717
DA:60,14706
DA:62,14706
DA:63,583
DA:64,583
DA:65,0
DA:66,14123
DA:67,14123
DA:68,14791
DA:77,7093
DA:78,7093
DA:79,1
DA:80,7092
DA:81,7092
DA:82,3667
DA:83,3425
DA:84,3425
DA:85,10596
DA:86,1
DA:87,1
DA:88,1
DA:89,1
DA:90,1
DA:91,1
DA:92,1
DA:93,2006
DA:94,2006
DA:95,1418
DA:96,1418
DA:97,4
DA:98,4
DA:99,4
DA:100,4
DA:101,4
DA:102,4
DA:103,4
DA:104,4
DA:105,1414
DA:106,1414
DA:107,1414
DA:108,3317
DA:110,2
DA:111,2
DA:112,2
DA:113,2
DA:114,2
DA:115,2
DA:116,2
DA:117,1412
DA:118,1412
DA:119,7093
DA:122,3425
DA:123,3425
DA:124,3425
DA:125,0
DA:127,3425
DA:128,1414
DA:129,2011
DA:130,2014
DA:131,3425
DA:136,7031
DA:137,7031
DA:138,7031
DA:139,7031
DA:140,7031
DA:141,7031
DA:142,7038
DA:143,7037
DA:144,7
DA:145,7
DA:146,7
DA:149,7031
DA:151,7091
DA:152,71
DA:153,71
DA:154,71
DA:155,71
DA:156,66
DA:157,66
DA:158,65
DA:160,5
DA:164,7020
DA:165,6
DA:166,6
DA:167,7020
DA:168,7031
DA:170,78
DA:171,78
DA:172,78
DA:173,78
DA:174,78
DA:175,78
DA:176,78
DA:179,7097
DA:180,7097
DA:181,7097
DA:182,7097
DA:183,7097
DA:184,7097
DA:185,7095
DA:187,2
DA:188,2
DA:189,2
DA:190,2
DA:193,7095
DA:194,7095
DA:195,31702
DA:196,24679
DA:197,72
DA:198,24607
DA:199,24607
DA:200,24607
DA:201,24607
DA:203,7095
DA:204,2
DA:205,2
DA:206,2
DA:207,2
DA:208,2
DA:209,7093
DA:210,7093
DA:211,7093
DA:212,7093
DA:213,7093
DA:214,7093
DA:215,7097
DA:222,75
DA:223,7
DA:224,28
DA:225,20
DA:226,3
DA:227,17
DA:228,41
DA:229,17
DA:231,0
DA:232,0
DA:233,0
DA:235,0
DA:236,0
DA:237,0
DA:239,0
DA:240,5
DA:241,1
DA:242,1
DA:243,0
DA:244,0
DA:245,0
DA:246,0
DA:248,0
DA:249,0
DA:250,0
DA:251,0
DA:252,0
DA:253,0
DA:255,0
DA:256,0
DA:257,0
DA:258,0
DA:259,0
DA:260,0
DA:263,75
DA:265,42
DA:266,42
DA:267,42
DA:268,42
DA:269,42
DA:272,1
DA:273,1
DA:274,1
DA:277,1
DA:278,1
DA:279,1
DA:282,1
DA:283,1
DA:284,1
DA:287,1
DA:288,1
DA:289,1
DA:292,1
DA:293,1
DA:294,1
DA:297,1
DA:298,1
DA:299,1
DA:302,1
DA:305,1
DA:306,1
DA:307,1
DA:310,1
DA:311,1
DA:312,1
DA:315,1
DA:316,1
DA:317,1
DA:320,1
DA:323,1
DA:324,1
DA:325,1
DA:328,1
DA:329,1
DA:330,1
DA:331,1
DA:334,1
DA:335,1
DA:336,1
DA:339,1
DA:340,1
DA:341,1
DA:344,1
DA:345,1
DA:346,1
DA:349,1
DA:350,1
DA:351,1
DA:354,1
DA:355,1
DA:356,1
DA:359,1
DA:360,1
DA:361,1
DA:364,1
DA:365,1
DA:366,1
DA:369,1
DA:372,1
DA:373,1
DA:374,1
DA:377,1
DA:378,1
DA:379,1
DA:382,1
DA:383,1
DA:384,1
DA:385,1
DA:386,1
DA:389,1
DA:390,1
DA:391,1
DA:392,1
DA:393,1
DA:396,1
DA:397,1
DA:398,1
DA:399,1
DA:400,1
DA:403,1
DA:404,1
DA:405,1
DA:408,1
DA:409,1
DA:410,1
DA:411,1
DA:414,1
DA:418,1
DA:419,1
DA:420,1
DA:421,1
DA:422,1
DA:423,1
DA:424,1
DA:427,1
DA:431,1
DA:432,1
DA:435,1
DA:437,1
DA:438,1
DA:439,1
DA:442,1
DA:443,1
DA:444,1
DA:445,1
BRF:0
BRH:0
LF:306
LH:273
end_of_record
SF:/var/home/jack/Code/koan/src/parse/triple_list.rs
FN:27,_RINvNtNtCscUx3zdyuqfq_4koan5parse11triple_list15parse_pair_listNtNtNtNtNtB6_7machine5model5types5ktype5KTypeNCNvNtB13_16typed_field_list37parse_typed_field_list_via_elaborator0EB6_
FN:68,_RNCINvNtNtCscUx3zdyuqfq_4koan5parse11triple_list15parse_pair_listNtNtNtNtNtB8_7machine5model5types5ktype5KTypeNCNvNtB15_16typed_field_list37parse_typed_field_list_via_elaborator0E0B8_
FN:27,_RINvNtNtCseriWsCb5ev6_4koan5parse11triple_list15parse_pair_listNtNtCsgW8esjfipvk_5alloc6string6StringNCNvNtB2_5testss_42identifier_or_type_accepts_type_token_name0EB6_
FN:27,_RINvNtNtCseriWsCb5ev6_4koan5parse11triple_list15parse_pair_listNtNtNtNtNtB6_7machine5model5types5ktype5KTypeNCNvNtB13_16typed_field_list37parse_typed_field_list_via_elaborator0EB6_
FN:27,_RINvNtNtCseriWsCb5ev6_4koan5parse11triple_list15parse_pair_listuNCNvNtB2_5testss_39identifier_only_rejects_type_token_name0EB6_
FN:68,_RNCINvNtNtCseriWsCb5ev6_4koan5parse11triple_list15parse_pair_listNtNtCsgW8esjfipvk_5alloc6string6StringNCNvNtB4_5testss_42identifier_or_type_accepts_type_token_name0E0B8_
FN:68,_RNCINvNtNtCseriWsCb5ev6_4koan5parse11triple_list15parse_pair_listNtNtNtNtNtB8_7machine5model5types5ktype5KTypeNCNvNtB15_16typed_field_list37parse_typed_field_list_via_elaborator0E0B8_
FN:68,_RNCINvNtNtCseriWsCb5ev6_4koan5parse11triple_list15parse_pair_listuNCNvNtB4_5testss_39identifier_only_rejects_type_token_name0E0B8_
FN:86,_RNvNtNtNtCseriWsCb5ev6_4koan5parse11triple_list5tests15type_named_pair
FN:110,_RNvNtNtNtCseriWsCb5ev6_4koan5parse11triple_list5testss_39identifier_only_rejects_type_token_name
FN:94,_RNvNtNtNtCseriWsCb5ev6_4koan5parse11triple_list5testss_42identifier_or_type_accepts_type_token_name
FN:112,_RNCNvNtNtNtCseriWsCb5ev6_4koan5parse11triple_list5testss_39identifier_only_rejects_type_token_name0B9_
FN:100,_RNCNvNtNtNtCseriWsCb5ev6_4koan5parse11triple_list5testss_42identifier_or_type_accepts_type_token_name0B9_
FNDA:12,_RINvNtNtCscUx3zdyuqfq_4koan5parse11triple_list15parse_pair_listNtNtNtNtNtB6_7machine5model5types5ktype5KTypeNCNvNtB13_16typed_field_list37parse_typed_field_list_via_elaborator0EB6_
FNDA:5,_RNCINvNtNtCscUx3zdyuqfq_4koan5parse11triple_list15parse_pair_listNtNtNtNtNtB8_7machine5model5types5ktype5KTypeNCNvNtB15_16typed_field_list37parse_typed_field_list_via_elaborator0E0B8_
FNDA:1,_RINvNtNtCseriWsCb5ev6_4koan5parse11triple_list15parse_pair_listNtNtCsgW8esjfipvk_5alloc6string6StringNCNvNtB2_5testss_42identifier_or_type_accepts_type_token_name0EB6_
FNDA:124,_RINvNtNtCseriWsCb5ev6_4koan5parse11triple_list15parse_pair_listNtNtNtNtNtB6_7machine5model5types5ktype5KTypeNCNvNtB13_16typed_field_list37parse_typed_field_list_via_elaborator0EB6_
FNDA:1,_RINvNtNtCseriWsCb5ev6_4koan5parse11triple_list15parse_pair_listuNCNvNtB2_5testss_39identifier_only_rejects_type_token_name0EB6_
FNDA:0,_RNCINvNtNtCseriWsCb5ev6_4koan5parse11triple_list15parse_pair_listNtNtCsgW8esjfipvk_5alloc6string6StringNCNvNtB4_5testss_42identifier_or_type_accepts_type_token_name0E0B8_
FNDA:66,_RNCINvNtNtCseriWsCb5ev6_4koan5parse11triple_list15parse_pair_listNtNtNtNtNtB8_7machine5model5types5ktype5KTypeNCNvNtB15_16typed_field_list37parse_typed_field_list_via_elaborator0E0B8_
FNDA:0,_RNCINvNtNtCseriWsCb5ev6_4koan5parse11triple_list15parse_pair_listuNCNvNtB4_5testss_39identifier_only_rejects_type_token_name0E0B8_
FNDA:2,_RNvNtNtNtCseriWsCb5ev6_4koan5parse11triple_list5tests15type_named_pair
FNDA:1,_RNvNtNtNtCseriWsCb5ev6_4koan5parse11triple_list5testss_39identifier_only_rejects_type_token_name
FNDA:1,_RNvNtNtNtCseriWsCb5ev6_4koan5parse11triple_list5testss_42identifier_or_type_accepts_type_token_name
FNDA:0,_RNCNvNtNtNtCseriWsCb5ev6_4koan5parse11triple_list5testss_39identifier_only_rejects_type_token_name0B9_
FNDA:1,_RNCNvNtNtNtCseriWsCb5ev6_4koan5parse11triple_list5testss_42identifier_or_type_accepts_type_token_name0B9_
FNF:7
FNH:6
DA:27,138
DA:28,138
DA:29,138
DA:30,138
DA:31,138
DA:32,138
DA:33,138
DA:34,138
DA:35,1
DA:36,1
DA:37,1
DA:38,1
DA:39,137
DA:40,137
DA:41,137
DA:42,334
DA:43,202
DA:45,123
DA:47,123
DA:51,77
DA:52,77
DA:55,1
DA:56,1
DA:57,1
DA:58,1
DA:59,1
DA:61,1
DA:62,1
DA:63,1
DA:64,1
DA:65,1
DA:68,200
DA:69,1
DA:70,199
DA:71,199
DA:72,197
DA:73,197
DA:75,132
DA:76,138
DA:86,2
DA:87,2
DA:88,2
DA:89,2
DA:91,2
DA:94,1
DA:95,1
DA:96,1
DA:97,1
DA:98,1
DA:99,1
DA:100,1
DA:101,1
DA:102,0
DA:103,1
DA:105,1
DA:106,1
DA:107,1
DA:110,1
DA:111,1
DA:112,1
DA:113,0
DA:114,0
DA:115,1
DA:116,1
DA:119,1
BRF:0
BRH:0
LF:67
LH:58
end_of_record
SF:/var/home/jack/Code/koan/src/parse/whitespace.rs
FN:37,_RNvNtNtCscUx3zdyuqfq_4koan5parse10whitespace12collapse_str
FN:291,_RNvNtNtCscUx3zdyuqfq_4koan5parse10whitespace13adjust_parens
FN:278,_RNvNtNtCscUx3zdyuqfq_4koan5parse10whitespace16line_delim_delta
FN:284,_RNvNtNtCscUx3zdyuqfq_4koan5parse10whitespace16line_paren_delta
FN:31,_RNvNtNtCscUx3zdyuqfq_4koan5parse10whitespace19collapse_whitespace
FN:233,_RNvNtNtCscUx3zdyuqfq_4koan5parse10whitespace19walk_content_cursor
FN:224,_RNvNtNtCscUx3zdyuqfq_4koan5parse10whitespace9emit_jump
FN:55,_RNCNvNtNtCscUx3zdyuqfq_4koan5parse10whitespace12collapse_str0B7_
FN:149,_RNCNvNtNtCscUx3zdyuqfq_4koan5parse10whitespace12collapse_strs0_0B7_
FN:56,_RNCNvNtNtCscUx3zdyuqfq_4koan5parse10whitespace12collapse_strs_0B7_
FN:279,_RNCNvNtNtCscUx3zdyuqfq_4koan5parse10whitespace16line_delim_delta0B7_
FN:280,_RNCNvNtNtCscUx3zdyuqfq_4koan5parse10whitespace16line_delim_deltas_0B7_
FN:285,_RNCNvNtNtCscUx3zdyuqfq_4koan5parse10whitespace16line_paren_delta0B7_
FN:286,_RNCNvNtNtCscUx3zdyuqfq_4koan5parse10whitespace16line_paren_deltas_0B7_
FN:33,_RNCNvNtNtCscUx3zdyuqfq_4koan5parse10whitespace19collapse_whitespace0B7_
FN:252,_RNCNvNtNtCscUx3zdyuqfq_4koan5parse10whitespace19walk_content_cursor0B7_
FN:253,_RNCNvNtNtCscUx3zdyuqfq_4koan5parse10whitespace19walk_content_cursors_0B7_
FN:55,_RNCNvNtNtCseriWsCb5ev6_4koan5parse10whitespace12collapse_str0B7_
FN:149,_RNCNvNtNtCseriWsCb5ev6_4koan5parse10whitespace12collapse_strs0_0B7_
FN:56,_RNCNvNtNtCseriWsCb5ev6_4koan5parse10whitespace12collapse_strs_0B7_
FN:279,_RNCNvNtNtCseriWsCb5ev6_4koan5parse10whitespace16line_delim_delta0B7_
FN:280,_RNCNvNtNtCseriWsCb5ev6_4koan5parse10whitespace16line_delim_deltas_0B7_
FN:285,_RNCNvNtNtCseriWsCb5ev6_4koan5parse10whitespace16line_paren_delta0B7_
FN:286,_RNCNvNtNtCseriWsCb5ev6_4koan5parse10whitespace16line_paren_deltas_0B7_
FN:33,_RNCNvNtNtCseriWsCb5ev6_4koan5parse10whitespace19collapse_whitespace0B7_
FN:252,_RNCNvNtNtCseriWsCb5ev6_4koan5parse10whitespace19walk_content_cursor0B7_
FN:253,_RNCNvNtNtCseriWsCb5ev6_4koan5parse10whitespace19walk_content_cursors_0B7_
FN:37,_RNvNtNtCseriWsCb5ev6_4koan5parse10whitespace12collapse_str
FN:291,_RNvNtNtCseriWsCb5ev6_4koan5parse10whitespace13adjust_parens
FN:278,_RNvNtNtCseriWsCb5ev6_4koan5parse10whitespace16line_delim_delta
FN:284,_RNvNtNtCseriWsCb5ev6_4koan5parse10whitespace16line_paren_delta
FN:31,_RNvNtNtCseriWsCb5ev6_4koan5parse10whitespace19collapse_whitespace
FN:233,_RNvNtNtCseriWsCb5ev6_4koan5parse10whitespace19walk_content_cursor
FN:224,_RNvNtNtCseriWsCb5ev6_4koan5parse10whitespace9emit_jump
FNDA:43,_RNvNtNtCscUx3zdyuqfq_4koan5parse10whitespace12collapse_str
FNDA:103,_RNvNtNtCscUx3zdyuqfq_4koan5parse10whitespace13adjust_parens
FNDA:103,_RNvNtNtCscUx3zdyuqfq_4koan5parse10whitespace16line_delim_delta
FNDA:103,_RNvNtNtCscUx3zdyuqfq_4koan5parse10whitespace16line_paren_delta
FNDA:43,_RNvNtNtCscUx3zdyuqfq_4koan5parse10whitespace19collapse_whitespace
FNDA:103,_RNvNtNtCscUx3zdyuqfq_4koan5parse10whitespace19walk_content_cursor
FNDA:206,_RNvNtNtCscUx3zdyuqfq_4koan5parse10whitespace9emit_jump
FNDA:3577,_RNCNvNtNtCscUx3zdyuqfq_4koan5parse10whitespace12collapse_str0B7_
FNDA:0,_RNCNvNtNtCscUx3zdyuqfq_4koan5parse10whitespace12collapse_strs0_0B7_
FNDA:60,_RNCNvNtNtCscUx3zdyuqfq_4koan5parse10whitespace12collapse_strs_0B7_
FNDA:3517,_RNCNvNtNtCscUx3zdyuqfq_4koan5parse10whitespace16line_delim_delta0B7_
FNDA:3517,_RNCNvNtNtCscUx3zdyuqfq_4koan5parse10whitespace16line_delim_deltas_0B7_
FNDA:3517,_RNCNvNtNtCscUx3zdyuqfq_4koan5parse10whitespace16line_paren_delta0B7_
FNDA:3517,_RNCNvNtNtCscUx3zdyuqfq_4koan5parse10whitespace16line_paren_deltas_0B7_
FNDA:0,_RNCNvNtNtCscUx3zdyuqfq_4koan5parse10whitespace19collapse_whitespace0B7_
FNDA:1,_RNCNvNtNtCscUx3zdyuqfq_4koan5parse10whitespace19walk_content_cursor0B7_
FNDA:0,_RNCNvNtNtCscUx3zdyuqfq_4koan5parse10whitespace19walk_content_cursors_0B7_
FNDA:35613,_RNCNvNtNtCseriWsCb5ev6_4koan5parse10whitespace12collapse_str0B7_
FNDA:151,_RNCNvNtNtCseriWsCb5ev6_4koan5parse10whitespace12collapse_strs0_0B7_
FNDA:460,_RNCNvNtNtCseriWsCb5ev6_4koan5parse10whitespace12collapse_strs_0B7_
FNDA:34847,_RNCNvNtNtCseriWsCb5ev6_4koan5parse10whitespace16line_delim_delta0B7_
FNDA:34847,_RNCNvNtNtCseriWsCb5ev6_4koan5parse10whitespace16line_delim_deltas_0B7_
FNDA:34869,_RNCNvNtNtCseriWsCb5ev6_4koan5parse10whitespace16line_paren_delta0B7_
FNDA:34869,_RNCNvNtNtCseriWsCb5ev6_4koan5parse10whitespace16line_paren_deltas_0B7_
FNDA:0,_RNCNvNtNtCseriWsCb5ev6_4koan5parse10whitespace19collapse_whitespace0B7_
FNDA:217,_RNCNvNtNtCseriWsCb5ev6_4koan5parse10whitespace19walk_content_cursor0B7_
FNDA:0,_RNCNvNtNtCseriWsCb5ev6_4koan5parse10whitespace19walk_content_cursors_0B7_
FNDA:874,_RNvNtNtCseriWsCb5ev6_4koan5parse10whitespace12collapse_str
FNDA:1303,_RNvNtNtCseriWsCb5ev6_4koan5parse10whitespace13adjust_parens
FNDA:1303,_RNvNtNtCseriWsCb5ev6_4koan5parse10whitespace16line_delim_delta
FNDA:1310,_RNvNtNtCseriWsCb5ev6_4koan5parse10whitespace16line_paren_delta
FNDA:874,_RNvNtNtCseriWsCb5ev6_4koan5parse10whitespace19collapse_whitespace
FNDA:1310,_RNvNtNtCseriWsCb5ev6_4koan5parse10whitespace19walk_content_cursor
FNDA:2543,_RNvNtNtCseriWsCb5ev6_4koan5parse10whitespace9emit_jump
FNF:17
FNH:15
DA:31,917
DA:32,917
DA:33,917
DA:34,917
DA:35,917
DA:37,917
DA:38,917
DA:39,917
DA:40,917
DA:41,917
DA:42,917
DA:45,917
DA:47,917
DA:48,917
DA:49,917
DA:50,917
DA:52,2346
DA:53,1436
DA:54,1436
DA:55,39190
DA:56,1436
DA:57,1436
DA:59,1436
DA:60,1436
DA:61,1436
DA:62,1436
DA:64,1436
DA:66,1436
DA:70,23
DA:71,23
DA:72,23
DA:73,8
DA:75,15
DA:77,23
DA:78,23
DA:79,1413
DA:81,1413
DA:83,1413
DA:84,1413
DA:86,1413
DA:87,1413
DA:89,1413
DA:90,1413
DA:91,1413
DA:92,1413
DA:93,1413
DA:117,1413
DA:118,54
DA:119,54
DA:120,1359
DA:123,1359
DA:124,32
DA:127,12
DA:128,1
DA:129,1
DA:130,1
DA:131,1
DA:132,1
DA:133,11
DA:134,11
DA:135,11
DA:136,20
DA:137,20
DA:140,1
DA:141,1
DA:142,1
DA:143,1
DA:144,1
DA:145,1
DA:146,19
DA:147,1327
DA:149,1346
DA:150,3
DA:151,3
DA:152,3
DA:153,3
DA:154,3
DA:155,3
DA:156,3
DA:157,3
DA:158,1343
DA:159,1343
DA:160,2
DA:161,2
DA:162,2
DA:163,2
DA:164,2
DA:165,2
DA:166,2
DA:167,2
DA:168,1341
DA:170,1741
DA:171,449
DA:172,400
DA:173,400
DA:174,400
DA:175,400
DA:176,49
DA:182,1341
DA:183,426
DA:184,915
DA:188,1341
DA:189,1341
DA:190,11
DA:191,11
DA:192,11
DA:193,11
DA:194,11
DA:195,1330
DA:196,1330
DA:197,1330
DA:198,1330
DA:199,1330
DA:201,1341
DA:202,1341
DA:203,1341
DA:204,1341
DA:205,1341
DA:207,1341
DA:208,1341
DA:209,480
DA:211,861
DA:213,1341
DA:216,1842
DA:217,932
DA:218,932
DA:219,932
DA:221,910
DA:222,917
DA:224,2749
DA:225,2749
DA:226,2749
DA:227,2749
DA:228,2749
DA:233,1413
DA:234,1413
DA:235,1413
DA:236,38434
DA:237,37021
DA:238,37021
DA:239,218
DA:240,218
DA:241,699
DA:242,481
DA:243,481
DA:244,218
DA:245,0
DA:246,218
DA:247,218
DA:248,0
DA:249,218
DA:250,218
DA:251,218
DA:252,218
DA:253,218
DA:254,218
DA:255,36803
DA:256,218
DA:257,436
DA:258,218
DA:259,218
DA:260,218
DA:261,0
DA:262,218
DA:263,218
DA:264,448
DA:265,230
DA:266,230
DA:267,218
DA:268,36585
DA:269,36585
DA:270,36585
DA:271,36585
DA:273,1413
DA:274,1413
DA:278,1406
DA:279,38364
DA:280,38364
DA:281,1406
DA:282,1406
DA:284,1413
DA:285,38386
DA:286,38386
DA:287,1413
DA:288,1413
DA:291,1406
DA:292,1406
DA:293,15
DA:294,15
DA:295,15
DA:297,1391
DA:298,13
DA:299,13
DA:301,1406
BRF:0
BRH:0
LF:204
LH:199
end_of_record