SF:/var/home/jack/Code/koan/src/builtins.rs
FN:154,_RNvNtCsbv2TPaIhNiJ_4koan8builtins13default_scope
FN:108,_RNvNtCsbv2TPaIhNiJ_4koan8builtins16register_builtin
FN:83,_RNvNtCsbv2TPaIhNiJ_4koan8builtins21register_builtin_full
FN:72,_RNvNtCsbv2TPaIhNiJ_4koan8builtins21type_part_binder_name
FN:43,_RNvNtCsbv2TPaIhNiJ_4koan8builtins2kw
FN:48,_RNvNtCsbv2TPaIhNiJ_4koan8builtins3arg
FN:57,_RNvNtCsbv2TPaIhNiJ_4koan8builtins3sig
FN:154,_RNvNtCskWHisZhi9Z4_4koan8builtins13default_scope
FN:108,_RNvNtCskWHisZhi9Z4_4koan8builtins16register_builtin
FN:122,_RNvNtCskWHisZhi9Z4_4koan8builtins20register_overload_at
FN:83,_RNvNtCskWHisZhi9Z4_4koan8builtins21register_builtin_full
FN:72,_RNvNtCskWHisZhi9Z4_4koan8builtins21type_part_binder_name
FN:43,_RNvNtCskWHisZhi9Z4_4koan8builtins2kw
FN:48,_RNvNtCskWHisZhi9Z4_4koan8builtins3arg
FN:57,_RNvNtCskWHisZhi9Z4_4koan8builtins3sig
FNDA:60,_RNvNtCsbv2TPaIhNiJ_4koan8builtins13default_scope
FNDA:2040,_RNvNtCsbv2TPaIhNiJ_4koan8builtins16register_builtin
FNDA:2940,_RNvNtCsbv2TPaIhNiJ_4koan8builtins21register_builtin_full
FNDA:149,_RNvNtCsbv2TPaIhNiJ_4koan8builtins21type_part_binder_name
FNDA:4680,_RNvNtCsbv2TPaIhNiJ_4koan8builtins2kw
FNDA:5881,_RNvNtCsbv2TPaIhNiJ_4koan8builtins3arg
FNDA:2941,_RNvNtCsbv2TPaIhNiJ_4koan8builtins3sig
FNDA:540,_RNvNtCskWHisZhi9Z4_4koan8builtins13default_scope
FNDA:18391,_RNvNtCskWHisZhi9Z4_4koan8builtins16register_builtin
FNDA:3,_RNvNtCskWHisZhi9Z4_4koan8builtins20register_overload_at
FNDA:26492,_RNvNtCskWHisZhi9Z4_4koan8builtins21register_builtin_full
FNDA:776,_RNvNtCskWHisZhi9Z4_4koan8builtins21type_part_binder_name
FNDA:42129,_RNvNtCskWHisZhi9Z4_4koan8builtins2kw
FNDA:53028,_RNvNtCskWHisZhi9Z4_4koan8builtins3arg
FNDA:26559,_RNvNtCskWHisZhi9Z4_4koan8builtins3sig
FNF:8
FNH:8
DA:43,46809
DA:44,46809
DA:45,46809
DA:48,58909
DA:49,58909
DA:50,58909
DA:51,58909
DA:52,58909
DA:53,58909
DA:57,29500
DA:58,29500
DA:59,29500
DA:60,29500
DA:61,29500
DA:62,29500
DA:63,29500
DA:64,29500
DA:65,29500
DA:72,925
DA:73,925
DA:74,925
DA:75,925
DA:76,925
DA:83,29432
DA:84,29432
DA:85,29432
DA:86,29432
DA:87,29432
DA:88,29432
DA:89,29432
DA:90,29432
DA:91,29432
DA:92,29432
DA:93,29432
DA:94,29432
DA:95,29432
DA:96,29432
DA:97,29432
DA:98,29432
DA:99,29432
DA:100,29432
DA:101,29432
DA:102,29432
DA:103,29432
DA:104,29432
DA:105,29432
DA:108,20431
DA:109,20431
DA:110,20431
DA:111,20431
DA:112,20431
DA:113,20431
DA:114,20431
DA:115,20431
DA:122,3
DA:123,3
DA:124,3
DA:125,3
DA:126,3
DA:127,3
DA:128,3
DA:129,3
DA:130,3
DA:131,3
DA:132,3
DA:133,3
DA:134,3
DA:135,3
DA:136,3
DA:137,3
DA:138,3
DA:139,3
DA:140,3
DA:141,3
DA:142,3
DA:143,3
DA:144,3
DA:154,600
DA:155,600
DA:156,600
DA:157,600
DA:158,600
DA:159,600
DA:160,600
DA:162,600
DA:163,600
DA:164,600
DA:166,600
DA:168,600
DA:169,600
DA:170,600
DA:172,600
DA:174,600
DA:175,600
DA:176,600
DA:178,600
DA:180,600
DA:181,600
DA:182,600
DA:184,600
DA:186,600
DA:187,600
DA:188,600
DA:190,600
DA:192,600
DA:193,600
DA:194,600
DA:196,600
DA:198,600
DA:199,600
DA:200,600
DA:202,600
DA:204,600
DA:205,600
DA:206,600
DA:208,600
DA:210,600
DA:211,600
DA:212,600
DA:214,600
DA:216,600
DA:217,600
DA:218,600
DA:220,600
DA:222,600
DA:223,600
DA:224,600
DA:226,600
DA:229,600
DA:230,600
DA:231,600
DA:232,600
DA:233,600
DA:234,600
DA:235,600
DA:236,600
DA:237,600
DA:238,600
DA:239,600
DA:240,600
DA:241,600
DA:242,600
DA:243,600
DA:244,600
DA:245,600
DA:246,600
DA:247,600
DA:248,600
DA:249,600
DA:250,600
DA:251,600
DA:252,600
DA:253,600
DA:255,600
DA:256,600
BRF:0
BRH:0
LF:155
LH:155
end_of_record
SF:/var/home/jack/Code/koan/src/builtins/arithmetic.rs
FN:229,_RNCNvNtNtCsbv2TPaIhNiJ_4koan8builtins10arithmetic32register_builtin_operator_groups0B7_
FN:250,_RNCNvNtNtCsbv2TPaIhNiJ_4koan8builtins10arithmetic32register_builtin_operator_groupss0_0B7_
FN:240,_RNCNvNtNtCsbv2TPaIhNiJ_4koan8builtins10arithmetic32register_builtin_operator_groupss_0B7_
FN:206,_RNCNvNtNtCsbv2TPaIhNiJ_4koan8builtins10arithmetic32register_group_under_all_subsets0B7_
FN:149,_RNCNvNtNtCsbv2TPaIhNiJ_4koan8builtins10arithmetic8register0B7_
FN:159,_RNCNvNtNtCsbv2TPaIhNiJ_4koan8builtins10arithmetic8registers_0B7_
FN:32,_RNvNtNtCsbv2TPaIhNiJ_4koan8builtins10arithmetic10number_arg
FN:63,_RNvNtNtCsbv2TPaIhNiJ_4koan8builtins10arithmetic13bool_operands
FN:45,_RNvNtNtCsbv2TPaIhNiJ_4koan8builtins10arithmetic15number_operands
FN:224,_RNvNtNtCsbv2TPaIhNiJ_4koan8builtins10arithmetic32register_builtin_operator_groups
FN:196,_RNvNtNtCsbv2TPaIhNiJ_4koan8builtins10arithmetic32register_group_under_all_subsets
FN:132,_RNvNtNtCsbv2TPaIhNiJ_4koan8builtins10arithmetic7body_ge
FN:124,_RNvNtNtCsbv2TPaIhNiJ_4koan8builtins10arithmetic7body_gt
FN:116,_RNvNtNtCsbv2TPaIhNiJ_4koan8builtins10arithmetic7body_le
FN:108,_RNvNtNtCsbv2TPaIhNiJ_4koan8builtins10arithmetic7body_lt
FN:67,_RNvNtNtCsbv2TPaIhNiJ_4koan8builtins10arithmetic8body_add
FN:140,_RNvNtNtCsbv2TPaIhNiJ_4koan8builtins10arithmetic8body_and
FN:95,_RNvNtNtCsbv2TPaIhNiJ_4koan8builtins10arithmetic8body_div
FN:83,_RNvNtNtCsbv2TPaIhNiJ_4koan8builtins10arithmetic8body_mul
FN:75,_RNvNtNtCsbv2TPaIhNiJ_4koan8builtins10arithmetic8body_sub
FN:50,_RNvNtNtCsbv2TPaIhNiJ_4koan8builtins10arithmetic8bool_arg
FN:148,_RNvNtNtCsbv2TPaIhNiJ_4koan8builtins10arithmetic8register
FN:32,_RNvNtNtCskWHisZhi9Z4_4koan8builtins10arithmetic10number_arg
FN:63,_RNvNtNtCskWHisZhi9Z4_4koan8builtins10arithmetic13bool_operands
FN:45,_RNvNtNtCskWHisZhi9Z4_4koan8builtins10arithmetic15number_operands
FN:224,_RNvNtNtCskWHisZhi9Z4_4koan8builtins10arithmetic32register_builtin_operator_groups
FN:196,_RNvNtNtCskWHisZhi9Z4_4koan8builtins10arithmetic32register_group_under_all_subsets
FN:132,_RNvNtNtCskWHisZhi9Z4_4koan8builtins10arithmetic7body_ge
FN:124,_RNvNtNtCskWHisZhi9Z4_4koan8builtins10arithmetic7body_gt
FN:116,_RNvNtNtCskWHisZhi9Z4_4koan8builtins10arithmetic7body_le
FN:108,_RNvNtNtCskWHisZhi9Z4_4koan8builtins10arithmetic7body_lt
FN:67,_RNvNtNtCskWHisZhi9Z4_4koan8builtins10arithmetic8body_add
FN:140,_RNvNtNtCskWHisZhi9Z4_4koan8builtins10arithmetic8body_and
FN:95,_RNvNtNtCskWHisZhi9Z4_4koan8builtins10arithmetic8body_div
FN:83,_RNvNtNtCskWHisZhi9Z4_4koan8builtins10arithmetic8body_mul
FN:75,_RNvNtNtCskWHisZhi9Z4_4koan8builtins10arithmetic8body_sub
FN:50,_RNvNtNtCskWHisZhi9Z4_4koan8builtins10arithmetic8bool_arg
FN:148,_RNvNtNtCskWHisZhi9Z4_4koan8builtins10arithmetic8register
FN:229,_RNCNvNtNtCskWHisZhi9Z4_4koan8builtins10arithmetic32register_builtin_operator_groups0B7_
FN:250,_RNCNvNtNtCskWHisZhi9Z4_4koan8builtins10arithmetic32register_builtin_operator_groupss0_0B7_
FN:240,_RNCNvNtNtCskWHisZhi9Z4_4koan8builtins10arithmetic32register_builtin_operator_groupss_0B7_
FN:206,_RNCNvNtNtCskWHisZhi9Z4_4koan8builtins10arithmetic32register_group_under_all_subsets0B7_
FN:149,_RNCNvNtNtCskWHisZhi9Z4_4koan8builtins10arithmetic8register0B7_
FN:159,_RNCNvNtNtCskWHisZhi9Z4_4koan8builtins10arithmetic8registers_0B7_
FNDA:240,_RNCNvNtNtCsbv2TPaIhNiJ_4koan8builtins10arithmetic32register_builtin_operator_groups0B7_
FNDA:120,_RNCNvNtNtCsbv2TPaIhNiJ_4koan8builtins10arithmetic32register_builtin_operator_groupss0_0B7_
FNDA:120,_RNCNvNtNtCsbv2TPaIhNiJ_4koan8builtins10arithmetic32register_builtin_operator_groupss_0B7_
FNDA:4320,_RNCNvNtNtCsbv2TPaIhNiJ_4koan8builtins10arithmetic32register_group_under_all_subsets0B7_
FNDA:240,_RNCNvNtNtCsbv2TPaIhNiJ_4koan8builtins10arithmetic8register0B7_
FNDA:240,_RNCNvNtNtCsbv2TPaIhNiJ_4koan8builtins10arithmetic8registers_0B7_
FNDA:0,_RNvNtNtCsbv2TPaIhNiJ_4koan8builtins10arithmetic10number_arg
FNDA:0,_RNvNtNtCsbv2TPaIhNiJ_4koan8builtins10arithmetic13bool_operands
FNDA:0,_RNvNtNtCsbv2TPaIhNiJ_4koan8builtins10arithmetic15number_operands
FNDA:60,_RNvNtNtCsbv2TPaIhNiJ_4koan8builtins10arithmetic32register_builtin_operator_groups
FNDA:180,_RNvNtNtCsbv2TPaIhNiJ_4koan8builtins10arithmetic32register_group_under_all_subsets
FNDA:0,_RNvNtNtCsbv2TPaIhNiJ_4koan8builtins10arithmetic7body_ge
FNDA:0,_RNvNtNtCsbv2TPaIhNiJ_4koan8builtins10arithmetic7body_gt
FNDA:0,_RNvNtNtCsbv2TPaIhNiJ_4koan8builtins10arithmetic7body_le
FNDA:0,_RNvNtNtCsbv2TPaIhNiJ_4koan8builtins10arithmetic7body_lt
FNDA:0,_RNvNtNtCsbv2TPaIhNiJ_4koan8builtins10arithmetic8body_add
FNDA:0,_RNvNtNtCsbv2TPaIhNiJ_4koan8builtins10arithmetic8body_and
FNDA:0,_RNvNtNtCsbv2TPaIhNiJ_4koan8builtins10arithmetic8body_div
FNDA:0,_RNvNtNtCsbv2TPaIhNiJ_4koan8builtins10arithmetic8body_mul
FNDA:0,_RNvNtNtCsbv2TPaIhNiJ_4koan8builtins10arithmetic8body_sub
FNDA:0,_RNvNtNtCsbv2TPaIhNiJ_4koan8builtins10arithmetic8bool_arg
FNDA:60,_RNvNtNtCsbv2TPaIhNiJ_4koan8builtins10arithmetic8register
FNDA:50,_RNvNtNtCskWHisZhi9Z4_4koan8builtins10arithmetic10number_arg
FNDA:5,_RNvNtNtCskWHisZhi9Z4_4koan8builtins10arithmetic13bool_operands
FNDA:25,_RNvNtNtCskWHisZhi9Z4_4koan8builtins10arithmetic15number_operands
FNDA:540,_RNvNtNtCskWHisZhi9Z4_4koan8builtins10arithmetic32register_builtin_operator_groups
FNDA:1620,_RNvNtNtCskWHisZhi9Z4_4koan8builtins10arithmetic32register_group_under_all_subsets
FNDA:1,_RNvNtNtCskWHisZhi9Z4_4koan8builtins10arithmetic7body_ge
FNDA:1,_RNvNtNtCskWHisZhi9Z4_4koan8builtins10arithmetic7body_gt
FNDA:2,_RNvNtNtCskWHisZhi9Z4_4koan8builtins10arithmetic7body_le
FNDA:8,_RNvNtNtCskWHisZhi9Z4_4koan8builtins10arithmetic7body_lt
FNDA:4,_RNvNtNtCskWHisZhi9Z4_4koan8builtins10arithmetic8body_add
FNDA:5,_RNvNtNtCskWHisZhi9Z4_4koan8builtins10arithmetic8body_and
FNDA:2,_RNvNtNtCskWHisZhi9Z4_4koan8builtins10arithmetic8body_div
FNDA:2,_RNvNtNtCskWHisZhi9Z4_4koan8builtins10arithmetic8body_mul
FNDA:5,_RNvNtNtCskWHisZhi9Z4_4koan8builtins10arithmetic8body_sub
FNDA:10,_RNvNtNtCskWHisZhi9Z4_4koan8builtins10arithmetic8bool_arg
FNDA:541,_RNvNtNtCskWHisZhi9Z4_4koan8builtins10arithmetic8register
FNDA:2160,_RNCNvNtNtCskWHisZhi9Z4_4koan8builtins10arithmetic32register_builtin_operator_groups0B7_
FNDA:1080,_RNCNvNtNtCskWHisZhi9Z4_4koan8builtins10arithmetic32register_builtin_operator_groupss0_0B7_
FNDA:1080,_RNCNvNtNtCskWHisZhi9Z4_4koan8builtins10arithmetic32register_builtin_operator_groupss_0B7_
FNDA:38880,_RNCNvNtNtCskWHisZhi9Z4_4koan8builtins10arithmetic32register_group_under_all_subsets0B7_
FNDA:2164,_RNCNvNtNtCskWHisZhi9Z4_4koan8builtins10arithmetic8register0B7_
FNDA:2164,_RNCNvNtNtCskWHisZhi9Z4_4koan8builtins10arithmetic8registers_0B7_
FNF:22
FNH:22
DA:32,50
DA:33,50
DA:34,50
DA:35,0
DA:36,0
DA:37,0
DA:38,0
DA:39,0
DA:40,0
DA:42,50
DA:45,25
DA:46,25
DA:47,25
DA:50,10
DA:51,10
DA:52,10
DA:53,0
DA:54,0
DA:55,0
DA:56,0
DA:57,0
DA:58,0
DA:60,10
DA:63,5
DA:64,5
DA:65,5
DA:67,4
DA:68,4
DA:69,4
DA:70,4
DA:71,4
DA:72,4
DA:73,4
DA:75,5
DA:76,5
DA:77,5
DA:78,5
DA:79,5
DA:80,5
DA:81,5
DA:83,2
DA:84,2
DA:85,2
DA:86,2
DA:87,2
DA:88,2
DA:89,2
DA:95,2
DA:96,2
DA:97,2
DA:98,1
DA:99,1
DA:100,1
DA:101,1
DA:102,1
DA:103,1
DA:104,1
DA:105,1
DA:106,2
DA:108,8
DA:109,8
DA:110,8
DA:111,8
DA:112,8
DA:113,8
DA:114,8
DA:116,2
DA:117,2
DA:118,2
DA:119,2
DA:120,2
DA:121,2
DA:122,2
DA:124,1
DA:125,1
DA:126,1
DA:127,1
DA:128,1
DA:129,1
DA:130,1
DA:132,1
DA:133,1
DA:134,1
DA:135,1
DA:136,1
DA:137,1
DA:138,1
DA:140,5
DA:141,5
DA:142,5
DA:143,5
DA:144,5
DA:145,5
DA:146,5
DA:148,601
DA:149,2404
DA:150,2404
DA:151,2404
DA:152,2404
DA:153,2404
DA:154,2404
DA:155,2404
DA:158,2404
DA:159,2404
DA:160,2404
DA:161,2404
DA:162,2404
DA:163,2404
DA:164,2404
DA:165,2404
DA:168,2404
DA:170,601
DA:171,601
DA:172,601
DA:173,601
DA:175,601
DA:176,601
DA:177,601
DA:178,601
DA:180,601
DA:181,601
DA:182,601
DA:183,601
DA:184,601
DA:185,601
DA:188,601
DA:189,601
DA:196,1800
DA:197,1800
DA:198,1800
DA:199,1800
DA:200,1800
DA:201,1800
DA:202,12600
DA:203,12600
DA:204,12600
DA:205,12600
DA:206,43200
DA:207,12600
DA:208,12600
DA:209,12600
DA:210,12600
DA:211,12600
DA:212,12600
DA:214,1800
DA:224,600
DA:225,600
DA:227,600
DA:228,600
DA:229,2400
DA:230,600
DA:231,600
DA:232,600
DA:233,600
DA:234,600
DA:236,600
DA:238,600
DA:239,600
DA:240,1200
DA:241,600
DA:242,600
DA:243,600
DA:245,600
DA:247,600
DA:248,600
DA:249,600
DA:250,1200
DA:251,600
DA:252,600
DA:253,600
DA:254,600
DA:256,600
DA:257,600
BRF:0
BRH:0
LF:179
LH:167
end_of_record
SF:/var/home/jack/Code/koan/src/builtins/ascribe.rs
FN:20,_RNvNtNtCsbv2TPaIhNiJ_4koan8builtins7ascribe11body_opaque
FN:221,_RNvNtNtCsbv2TPaIhNiJ_4koan8builtins7ascribe11shape_check
FN:148,_RNvNtNtCsbv2TPaIhNiJ_4koan8builtins7ascribe16body_transparent
FN:264,_RNvNtNtCsbv2TPaIhNiJ_4koan8builtins7ascribe22abstract_type_names_of
FN:183,_RNvNtNtCsbv2TPaIhNiJ_4koan8builtins7ascribe28resolve_module_and_signature
FN:274,_RNvNtNtCsbv2TPaIhNiJ_4koan8builtins7ascribe8register
FN:194,_RNvNvNtNtCsbv2TPaIhNiJ_4koan8builtins7ascribe28resolve_module_and_signature24type_mismatch_or_missing
FN:270,_RNCNvNtNtCsbv2TPaIhNiJ_4koan8builtins7ascribe22abstract_type_names_ofs_0B7_
FN:20,_RNvNtNtCskWHisZhi9Z4_4koan8builtins7ascribe11body_opaque
FN:221,_RNvNtNtCskWHisZhi9Z4_4koan8builtins7ascribe11shape_check
FN:148,_RNvNtNtCskWHisZhi9Z4_4koan8builtins7ascribe16body_transparent
FN:264,_RNvNtNtCskWHisZhi9Z4_4koan8builtins7ascribe22abstract_type_names_of
FN:183,_RNvNtNtCskWHisZhi9Z4_4koan8builtins7ascribe28resolve_module_and_signature
FN:274,_RNvNtNtCskWHisZhi9Z4_4koan8builtins7ascribe8register
FN:194,_RNvNvNtNtCskWHisZhi9Z4_4koan8builtins7ascribe28resolve_module_and_signature24type_mismatch_or_missing
FN:270,_RNCNvNtNtCskWHisZhi9Z4_4koan8builtins7ascribe22abstract_type_names_ofs_0B7_
FNDA:1,_RNvNtNtCsbv2TPaIhNiJ_4koan8builtins7ascribe11body_opaque
FNDA:5,_RNvNtNtCsbv2TPaIhNiJ_4koan8builtins7ascribe11shape_check
FNDA:4,_RNvNtNtCsbv2TPaIhNiJ_4koan8builtins7ascribe16body_transparent
FNDA:6,_RNvNtNtCsbv2TPaIhNiJ_4koan8builtins7ascribe22abstract_type_names_of
FNDA:5,_RNvNtNtCsbv2TPaIhNiJ_4koan8builtins7ascribe28resolve_module_and_signature
FNDA:60,_RNvNtNtCsbv2TPaIhNiJ_4koan8builtins7ascribe8register
FNDA:0,_RNvNvNtNtCsbv2TPaIhNiJ_4koan8builtins7ascribe28resolve_module_and_signature24type_mismatch_or_missing
FNDA:6,_RNCNvNtNtCsbv2TPaIhNiJ_4koan8builtins7ascribe22abstract_type_names_ofs_0B7_
FNDA:21,_RNvNtNtCskWHisZhi9Z4_4koan8builtins7ascribe11body_opaque
FNDA:40,_RNvNtNtCskWHisZhi9Z4_4koan8builtins7ascribe11shape_check
FNDA:19,_RNvNtNtCskWHisZhi9Z4_4koan8builtins7ascribe16body_transparent
FNDA:69,_RNvNtNtCskWHisZhi9Z4_4koan8builtins7ascribe22abstract_type_names_of
FNDA:40,_RNvNtNtCskWHisZhi9Z4_4koan8builtins7ascribe28resolve_module_and_signature
FNDA:540,_RNvNtNtCskWHisZhi9Z4_4koan8builtins7ascribe8register
FNDA:0,_RNvNvNtNtCskWHisZhi9Z4_4koan8builtins7ascribe28resolve_module_and_signature24type_mismatch_or_missing
FNDA:103,_RNCNvNtNtCskWHisZhi9Z4_4koan8builtins7ascribe22abstract_type_names_ofs_0B7_
FNF:8
FNH:7
DA:20,22
DA:21,22
DA:22,22
DA:25,22
DA:27,22
DA:28,22
DA:29,22
DA:30,22
DA:33,22
DA:34,22
DA:35,0
DA:36,22
DA:42,22
DA:44,22
DA:48,22
DA:50,22
DA:51,22
DA:52,13
DA:53,13
DA:54,13
DA:56,3
DA:57,3
DA:60,3
DA:61,3
DA:62,3
DA:64,0
DA:68,3
DA:69,3
DA:70,3
DA:71,3
DA:73,3
DA:74,3
DA:75,3
DA:76,3
DA:77,3
DA:78,3
DA:79,3
DA:80,3
DA:81,3
DA:83,10
DA:84,10
DA:85,10
DA:86,10
DA:88,13
DA:91,22
DA:92,13
DA:93,13
DA:94,13
DA:95,13
DA:96,9
DA:99,22
DA:100,22
DA:101,32
DA:102,32
DA:103,13
DA:104,19
DA:107,3
DA:108,3
DA:110,3
DA:111,3
DA:112,3
DA:113,16
DA:115,22
DA:116,22
DA:117,3
DA:118,3
DA:119,3
DA:120,3
DA:121,19
DA:124,22
DA:125,2
DA:126,20
DA:128,20
DA:133,20
DA:136,20
DA:137,20
DA:141,20
DA:142,22
DA:148,23
DA:149,23
DA:150,23
DA:153,23
DA:154,23
DA:155,0
DA:156,23
DA:161,23
DA:166,23
DA:167,23
DA:168,23
DA:169,23
DA:170,23
DA:171,23
DA:172,23
DA:173,23
DA:174,23
DA:175,23
DA:176,23
DA:177,23
DA:178,23
DA:179,23
DA:183,45
DA:184,45
DA:185,45
DA:186,45
DA:187,45
DA:188,45
DA:189,45
DA:190,45
DA:191,45
DA:194,0
DA:195,0
DA:196,0
DA:197,0
DA:198,0
DA:199,0
DA:200,0
DA:201,0
DA:202,0
DA:203,0
DA:204,0
DA:205,0
DA:207,0
DA:209,45
DA:210,45
DA:211,0
DA:213,45
DA:214,45
DA:215,0
DA:217,45
DA:218,45
DA:221,45
DA:222,45
DA:223,45
DA:224,45
DA:225,45
DA:226,45
DA:227,45
DA:228,45
DA:232,45
DA:233,45
DA:234,45
DA:235,45
DA:236,45
DA:237,45
DA:238,45
DA:239,45
DA:240,45
DA:241,45
DA:242,45
DA:243,45
DA:244,45
DA:245,59
DA:246,59
DA:247,17
DA:248,42
DA:249,42
DA:250,2
DA:251,2
DA:252,2
DA:253,2
DA:254,40
DA:256,43
DA:257,45
DA:264,75
DA:265,75
DA:266,75
DA:267,75
DA:268,75
DA:269,75
DA:270,109
DA:271,75
DA:272,75
DA:274,600
DA:278,600
DA:279,600
DA:280,600
DA:281,600
DA:282,600
DA:283,600
DA:286,600
DA:287,600
DA:288,600
DA:289,600
DA:290,600
DA:291,600
DA:294,600
DA:295,600
DA:296,600
BRF:0
BRH:0
LF:189
LH:171
end_of_record
SF:/var/home/jack/Code/koan/src/builtins/attr.rs
FN:170,_RNvNtNtCsbv2TPaIhNiJ_4koan8builtins4attr11body_module
FN:239,_RNvNtNtCsbv2TPaIhNiJ_4koan8builtins4attr12access_field
FN:153,_RNvNtNtCsbv2TPaIhNiJ_4koan8builtins4attr12body_newtype
FN:112,_RNvNtNtCsbv2TPaIhNiJ_4koan8builtins4attr13body_type_lhs
FN:69,_RNvNtNtCsbv2TPaIhNiJ_4koan8builtins4attr15body_identifier
FN:44,_RNvNtNtCsbv2TPaIhNiJ_4koan8builtins4attr15read_field_name
FN:198,_RNvNtNtCsbv2TPaIhNiJ_4koan8builtins4attr18access_type_member
FN:299,_RNvNtNtCsbv2TPaIhNiJ_4koan8builtins4attr20access_module_member
FN:36,_RNvNtNtCsbv2TPaIhNiJ_4koan8builtins4attr5route
FN:368,_RNvNtNtCsbv2TPaIhNiJ_4koan8builtins4attr8register
FN:343,_RNCNvNtNtCsbv2TPaIhNiJ_4koan8builtins4attr20access_module_member0B7_
FN:369,_RNCNvNtNtCsbv2TPaIhNiJ_4koan8builtins4attr8register0B7_
FN:397,_RNCNvNtNtCsbv2TPaIhNiJ_4koan8builtins4attr8registers0_0B7_
FN:407,_RNCNvNtNtCsbv2TPaIhNiJ_4koan8builtins4attr8registers1_0B7_
FN:417,_RNCNvNtNtCsbv2TPaIhNiJ_4koan8builtins4attr8registers2_0B7_
FN:428,_RNCNvNtNtCsbv2TPaIhNiJ_4koan8builtins4attr8registers3_0B7_
FN:379,_RNCNvNtNtCsbv2TPaIhNiJ_4koan8builtins4attr8registers_0B7_
FN:170,_RNvNtNtCskWHisZhi9Z4_4koan8builtins4attr11body_module
FN:239,_RNvNtNtCskWHisZhi9Z4_4koan8builtins4attr12access_field
FN:153,_RNvNtNtCskWHisZhi9Z4_4koan8builtins4attr12body_newtype
FN:112,_RNvNtNtCskWHisZhi9Z4_4koan8builtins4attr13body_type_lhs
FN:69,_RNvNtNtCskWHisZhi9Z4_4koan8builtins4attr15body_identifier
FN:44,_RNvNtNtCskWHisZhi9Z4_4koan8builtins4attr15read_field_name
FN:198,_RNvNtNtCskWHisZhi9Z4_4koan8builtins4attr18access_type_member
FN:299,_RNvNtNtCskWHisZhi9Z4_4koan8builtins4attr20access_module_member
FN:36,_RNvNtNtCskWHisZhi9Z4_4koan8builtins4attr5route
FN:368,_RNvNtNtCskWHisZhi9Z4_4koan8builtins4attr8register
FN:343,_RNCNvNtNtCskWHisZhi9Z4_4koan8builtins4attr20access_module_member0B7_
FN:369,_RNCNvNtNtCskWHisZhi9Z4_4koan8builtins4attr8register0B7_
FN:397,_RNCNvNtNtCskWHisZhi9Z4_4koan8builtins4attr8registers0_0B7_
FN:407,_RNCNvNtNtCskWHisZhi9Z4_4koan8builtins4attr8registers1_0B7_
FN:417,_RNCNvNtNtCskWHisZhi9Z4_4koan8builtins4attr8registers2_0B7_
FN:428,_RNCNvNtNtCskWHisZhi9Z4_4koan8builtins4attr8registers3_0B7_
FN:379,_RNCNvNtNtCskWHisZhi9Z4_4koan8builtins4attr8registers_0B7_
FN:496,_RNvNtNtNtCskWHisZhi9Z4_4koan8builtins4attr5testss_24attr_unbound_name_errors
FN:523,_RNvNtNtNtCskWHisZhi9Z4_4koan8builtins4attr5testss_25attr_unknown_field_errors
FN:507,_RNvNtNtNtCskWHisZhi9Z4_4koan8builtins4attr5testss_31attr_on_non_struct_value_errors
FN:539,_RNvNtNtNtCskWHisZhi9Z4_4koan8builtins4attr5testss_33attr_chained_unknown_field_errors
FN:480,_RNvNtNtNtCskWHisZhi9Z4_4koan8builtins4attr5testss_34attr_chained_through_nested_struct
FN:456,_RNvNtNtNtCskWHisZhi9Z4_4koan8builtins4attr5testss_34attr_reads_field_from_named_struct
FN:468,_RNvNtNtNtCskWHisZhi9Z4_4koan8builtins4attr5testss_35attr_reads_each_field_independently
FN:576,_RNvNtNtNtCskWHisZhi9Z4_4koan8builtins4attr5testss_39access_field_rejects_wrapped_non_struct
FN:620,_RNvNtNtNtCskWHisZhi9Z4_4koan8builtins4attr5testss_41transparent_view_slot_read_stays_concrete
FN:599,_RNvNtNtNtCskWHisZhi9Z4_4koan8builtins4attr5testss_48opaque_view_slot_read_re_tags_with_abstract_type
FN:560,_RNvNtNtNtCskWHisZhi9Z4_4koan8builtins4attr5testss_49access_field_falls_through_wrapped_record_newtype
FN:641,_RNvNtNtNtCskWHisZhi9Z4_4koan8builtins4attr5testss_53access_field_falls_through_wrapped_with_missing_field
FNDA:7,_RNvNtNtCsbv2TPaIhNiJ_4koan8builtins4attr11body_module
FNDA:1,_RNvNtNtCsbv2TPaIhNiJ_4koan8builtins4attr12access_field
FNDA:0,_RNvNtNtCsbv2TPaIhNiJ_4koan8builtins4attr12body_newtype
FNDA:0,_RNvNtNtCsbv2TPaIhNiJ_4koan8builtins4attr13body_type_lhs
FNDA:2,_RNvNtNtCsbv2TPaIhNiJ_4koan8builtins4attr15body_identifier
FNDA:9,_RNvNtNtCsbv2TPaIhNiJ_4koan8builtins4attr15read_field_name
FNDA:0,_RNvNtNtCsbv2TPaIhNiJ_4koan8builtins4attr18access_type_member
FNDA:7,_RNvNtNtCsbv2TPaIhNiJ_4koan8builtins4attr20access_module_member
FNDA:8,_RNvNtNtCsbv2TPaIhNiJ_4koan8builtins4attr5route
FNDA:60,_RNvNtNtCsbv2TPaIhNiJ_4koan8builtins4attr8register
FNDA:0,_RNCNvNtNtCsbv2TPaIhNiJ_4koan8builtins4attr20access_module_member0B7_
FNDA:60,_RNCNvNtNtCsbv2TPaIhNiJ_4koan8builtins4attr8register0B7_
FNDA:60,_RNCNvNtNtCsbv2TPaIhNiJ_4koan8builtins4attr8registers0_0B7_
FNDA:60,_RNCNvNtNtCsbv2TPaIhNiJ_4koan8builtins4attr8registers1_0B7_
FNDA:60,_RNCNvNtNtCsbv2TPaIhNiJ_4koan8builtins4attr8registers2_0B7_
FNDA:60,_RNCNvNtNtCsbv2TPaIhNiJ_4koan8builtins4attr8registers3_0B7_
FNDA:60,_RNCNvNtNtCsbv2TPaIhNiJ_4koan8builtins4attr8registers_0B7_
FNDA:20,_RNvNtNtCskWHisZhi9Z4_4koan8builtins4attr11body_module
FNDA:21,_RNvNtNtCskWHisZhi9Z4_4koan8builtins4attr12access_field
FNDA:2,_RNvNtNtCskWHisZhi9Z4_4koan8builtins4attr12body_newtype
FNDA:1,_RNvNtNtCskWHisZhi9Z4_4koan8builtins4attr13body_type_lhs
FNDA:22,_RNvNtNtCskWHisZhi9Z4_4koan8builtins4attr15body_identifier
FNDA:45,_RNvNtNtCskWHisZhi9Z4_4koan8builtins4attr15read_field_name
FNDA:0,_RNvNtNtCskWHisZhi9Z4_4koan8builtins4attr18access_type_member
FNDA:23,_RNvNtNtCskWHisZhi9Z4_4koan8builtins4attr20access_module_member
FNDA:43,_RNvNtNtCskWHisZhi9Z4_4koan8builtins4attr5route
FNDA:540,_RNvNtNtCskWHisZhi9Z4_4koan8builtins4attr8register
FNDA:2,_RNCNvNtNtCskWHisZhi9Z4_4koan8builtins4attr20access_module_member0B7_
FNDA:540,_RNCNvNtNtCskWHisZhi9Z4_4koan8builtins4attr8register0B7_
FNDA:540,_RNCNvNtNtCskWHisZhi9Z4_4koan8builtins4attr8registers0_0B7_
FNDA:540,_RNCNvNtNtCskWHisZhi9Z4_4koan8builtins4attr8registers1_0B7_
FNDA:540,_RNCNvNtNtCskWHisZhi9Z4_4koan8builtins4attr8registers2_0B7_
FNDA:540,_RNCNvNtNtCskWHisZhi9Z4_4koan8builtins4attr8registers3_0B7_
FNDA:540,_RNCNvNtNtCskWHisZhi9Z4_4koan8builtins4attr8registers_0B7_
FNDA:1,_RNvNtNtNtCskWHisZhi9Z4_4koan8builtins4attr5testss_24attr_unbound_name_errors
FNDA:1,_RNvNtNtNtCskWHisZhi9Z4_4koan8builtins4attr5testss_25attr_unknown_field_errors
FNDA:1,_RNvNtNtNtCskWHisZhi9Z4_4koan8builtins4attr5testss_31attr_on_non_struct_value_errors
FNDA:1,_RNvNtNtNtCskWHisZhi9Z4_4koan8builtins4attr5testss_33attr_chained_unknown_field_errors
FNDA:1,_RNvNtNtNtCskWHisZhi9Z4_4koan8builtins4attr5testss_34attr_chained_through_nested_struct
FNDA:1,_RNvNtNtNtCskWHisZhi9Z4_4koan8builtins4attr5testss_34attr_reads_field_from_named_struct
FNDA:1,_RNvNtNtNtCskWHisZhi9Z4_4koan8builtins4attr5testss_35attr_reads_each_field_independently
FNDA:1,_RNvNtNtNtCskWHisZhi9Z4_4koan8builtins4attr5testss_39access_field_rejects_wrapped_non_struct
FNDA:1,_RNvNtNtNtCskWHisZhi9Z4_4koan8builtins4attr5testss_41transparent_view_slot_read_stays_concrete
FNDA:1,_RNvNtNtNtCskWHisZhi9Z4_4koan8builtins4attr5testss_48opaque_view_slot_read_re_tags_with_abstract_type
FNDA:1,_RNvNtNtNtCskWHisZhi9Z4_4koan8builtins4attr5testss_49access_field_falls_through_wrapped_record_newtype
FNDA:1,_RNvNtNtNtCskWHisZhi9Z4_4koan8builtins4attr5testss_53access_field_falls_through_wrapped_with_missing_field
FNF:29
FNH:28
DA:36,51
DA:37,51
DA:38,51
DA:39,51
DA:40,51
DA:44,54
DA:46,54
DA:47,42
DA:48,42
DA:49,0
DA:50,0
DA:51,0
DA:52,0
DA:53,0
DA:55,12
DA:56,12
DA:57,12
DA:58,12
DA:59,0
DA:61,0
DA:62,0
DA:63,54
DA:69,24
DA:70,24
DA:71,24
DA:73,24
DA:74,24
DA:75,0
DA:76,0
DA:77,0
DA:78,0
DA:79,0
DA:80,0
DA:82,0
DA:84,24
DA:87,24
DA:88,19
DA:89,5
DA:90,5
DA:91,0
DA:92,3
DA:94,0
DA:97,0
DA:99,0
DA:100,0
DA:102,2
DA:103,2
DA:104,24
DA:112,1
DA:113,1
DA:114,1
DA:116,1
DA:117,1
DA:119,0
DA:120,0
DA:121,0
DA:122,0
DA:123,0
DA:124,0
DA:125,0
DA:129,1
DA:130,1
DA:131,1
DA:134,0
DA:135,0
DA:136,0
DA:138,1
DA:139,1
DA:140,1
DA:141,1
DA:142,1
DA:143,1
DA:144,1
DA:145,1
DA:148,0
DA:150,1
DA:153,2
DA:154,2
DA:155,2
DA:157,2
DA:158,2
DA:159,0
DA:161,2
DA:165,2
DA:166,2
DA:167,2
DA:170,27
DA:171,27
DA:172,27
DA:174,27
DA:175,27
DA:177,0
DA:178,0
DA:179,0
DA:180,0
DA:181,0
DA:182,0
DA:183,0
DA:184,0
DA:185,0
DA:186,0
DA:187,0
DA:191,27
DA:192,27
DA:193,27
DA:198,0
DA:199,0
DA:200,0
DA:201,0
DA:202,0
DA:203,0
DA:206,0
DA:207,0
DA:208,0
DA:210,0
DA:211,0
DA:212,0
DA:213,0
DA:215,0
DA:216,0
DA:217,0
DA:218,0
DA:219,0
DA:220,0
DA:221,0
DA:222,0
DA:228,0
DA:230,0
DA:231,0
DA:232,0
DA:233,0
DA:234,0
DA:235,0
DA:237,0
DA:239,22
DA:240,22
DA:241,22
DA:242,22
DA:243,22
DA:244,22
DA:245,22
DA:255,18
DA:256,17
DA:257,14
DA:261,0
DA:262,3
DA:263,3
DA:264,3
DA:265,3
DA:266,3
DA:268,1
DA:270,4
DA:271,4
DA:272,4
DA:273,4
DA:274,4
DA:276,22
DA:299,30
DA:300,30
DA:301,30
DA:302,30
DA:303,30
DA:304,30
DA:309,10
DA:310,5
DA:311,5
DA:313,5
DA:314,5
DA:315,5
DA:320,20
DA:327,20
DA:329,17
DA:330,17
DA:331,17
DA:333,17
DA:338,2
DA:339,2
DA:341,2
DA:343,2
DA:344,2
DA:345,2
DA:346,2
DA:347,2
DA:348,2
DA:350,0
DA:351,2
DA:353,15
DA:354,15
DA:357,2
DA:358,2
DA:359,2
DA:360,2
DA:361,1
DA:362,1
DA:363,1
DA:364,1
DA:366,30
DA:368,600
DA:369,600
DA:370,600
DA:371,600
DA:372,600
DA:373,600
DA:374,600
DA:375,600
DA:378,600
DA:379,600
DA:380,600
DA:381,600
DA:382,600
DA:383,600
DA:384,600
DA:385,600
DA:388,600
DA:397,600
DA:398,600
DA:399,600
DA:400,600
DA:401,600
DA:402,600
DA:403,600
DA:406,600
DA:407,600
DA:408,600
DA:409,600
DA:410,600
DA:411,600
DA:412,600
DA:413,600
DA:416,600
DA:417,600
DA:418,600
DA:419,600
DA:420,600
DA:421,600
DA:422,600
DA:423,600
DA:426,600
DA:428,600
DA:429,600
DA:430,600
DA:431,600
DA:432,600
DA:433,600
DA:434,600
DA:437,600
DA:440,600
DA:441,600
DA:442,600
DA:443,600
DA:444,600
DA:445,600
DA:446,600
DA:456,1
DA:457,1
DA:458,1
DA:459,1
DA:460,1
DA:461,1
DA:463,1
DA:464,1
DA:465,1
DA:468,1
DA:469,1
DA:470,1
DA:471,1
DA:472,1
DA:473,1
DA:475,1
DA:476,1
DA:477,1
DA:480,1
DA:481,1
DA:482,1
DA:483,1
DA:484,1
DA:485,1
DA:486,1
DA:487,1
DA:488,1
DA:489,1
DA:491,1
DA:492,1
DA:493,1
DA:496,1
DA:497,1
DA:498,1
DA:499,1
DA:500,1
DA:501,1
DA:504,1
DA:507,1
DA:508,1
DA:509,1
DA:510,1
DA:511,1
DA:512,1
DA:513,1
DA:514,1
DA:515,1
DA:516,1
DA:518,0
DA:520,1
DA:523,1
DA:524,1
DA:525,1
DA:526,1
DA:527,1
DA:528,1
DA:530,1
DA:531,1
DA:532,1
DA:533,1
DA:536,1
DA:539,1
DA:540,1
DA:541,1
DA:542,1
DA:543,1
DA:544,1
DA:545,1
DA:546,1
DA:547,1
DA:548,1
DA:550,1
DA:551,1
DA:552,1
DA:553,1
DA:556,1
DA:560,1
DA:561,1
DA:562,1
DA:563,1
DA:564,1
DA:565,1
DA:566,1
DA:567,1
DA:568,1
DA:570,1
DA:571,1
DA:572,1
DA:576,1
DA:577,1
DA:578,1
DA:579,1
DA:580,1
DA:581,1
DA:582,1
DA:584,1
DA:585,1
DA:586,1
DA:587,1
DA:588,1
DA:589,1
DA:591,0
DA:593,1
DA:599,1
DA:600,1
DA:601,1
DA:602,1
DA:603,1
DA:604,1
DA:605,1
DA:606,1
DA:608,1
DA:609,1
DA:610,1
DA:613,0
DA:615,1
DA:620,1
DA:621,1
DA:622,1
DA:623,1
DA:624,1
DA:625,1
DA:626,1
DA:627,1
DA:629,1
DA:630,1
DA:631,1
DA:633,0
DA:635,1
DA:641,1
DA:642,1
DA:643,1
DA:644,1
DA:645,1
DA:646,1
DA:647,1
DA:648,1
DA:649,1
DA:651,1
DA:652,1
DA:653,1
DA:654,1
DA:657,1
BRF:0
BRH:0
LF:403
LH:325
end_of_record
SF:/var/home/jack/Code/koan/src/builtins/await_body.rs
FN:30,_RINvNtNtCsbv2TPaIhNiJ_4koan8builtins10await_body19await_body_in_scopeNCNvNtB4_10module_def4body0EB6_
FN:30,_RINvNtNtCsbv2TPaIhNiJ_4koan8builtins10await_body19await_body_in_scopeNCNvNtB4_15recursive_types4bodys_0EB6_
FN:30,_RINvNtNtCsbv2TPaIhNiJ_4koan8builtins10await_body19await_body_in_scopeNCNvNtB4_7sig_def4body0EB6_
FN:36,_RNCINvNtNtCsbv2TPaIhNiJ_4koan8builtins10await_body19await_body_in_scopeNCNvNtB6_10module_def4body0E0B8_
FN:36,_RNCINvNtNtCsbv2TPaIhNiJ_4koan8builtins10await_body19await_body_in_scopeNCNvNtB6_15recursive_types4bodys_0E0B8_
FN:36,_RNCINvNtNtCsbv2TPaIhNiJ_4koan8builtins10await_body19await_body_in_scopeNCNvNtB6_7sig_def4body0E0B8_
FN:30,_RINvNtNtCskWHisZhi9Z4_4koan8builtins10await_body19await_body_in_scopeNCNvNtB4_10module_def4body0EB6_
FN:30,_RINvNtNtCskWHisZhi9Z4_4koan8builtins10await_body19await_body_in_scopeNCNvNtB4_15recursive_types4bodys_0EB6_
FN:30,_RINvNtNtCskWHisZhi9Z4_4koan8builtins10await_body19await_body_in_scopeNCNvNtB4_7sig_def4body0EB6_
FN:36,_RNCINvNtNtCskWHisZhi9Z4_4koan8builtins10await_body19await_body_in_scopeNCNvNtB6_10module_def4body0E0B8_
FN:36,_RNCINvNtNtCskWHisZhi9Z4_4koan8builtins10await_body19await_body_in_scopeNCNvNtB6_15recursive_types4bodys_0E0B8_
FN:36,_RNCINvNtNtCskWHisZhi9Z4_4koan8builtins10await_body19await_body_in_scopeNCNvNtB6_7sig_def4body0E0B8_
FNDA:21,_RINvNtNtCsbv2TPaIhNiJ_4koan8builtins10await_body19await_body_in_scopeNCNvNtB4_10module_def4body0EB6_
FNDA:0,_RINvNtNtCsbv2TPaIhNiJ_4koan8builtins10await_body19await_body_in_scopeNCNvNtB4_15recursive_types4bodys_0EB6_
FNDA:15,_RINvNtNtCsbv2TPaIhNiJ_4koan8builtins10await_body19await_body_in_scopeNCNvNtB4_7sig_def4body0EB6_
FNDA:20,_RNCINvNtNtCsbv2TPaIhNiJ_4koan8builtins10await_body19await_body_in_scopeNCNvNtB6_10module_def4body0E0B8_
FNDA:0,_RNCINvNtNtCsbv2TPaIhNiJ_4koan8builtins10await_body19await_body_in_scopeNCNvNtB6_15recursive_types4bodys_0E0B8_
FNDA:15,_RNCINvNtNtCsbv2TPaIhNiJ_4koan8builtins10await_body19await_body_in_scopeNCNvNtB6_7sig_def4body0E0B8_
FNDA:84,_RINvNtNtCskWHisZhi9Z4_4koan8builtins10await_body19await_body_in_scopeNCNvNtB4_10module_def4body0EB6_
FNDA:4,_RINvNtNtCskWHisZhi9Z4_4koan8builtins10await_body19await_body_in_scopeNCNvNtB4_15recursive_types4bodys_0EB6_
FNDA:70,_RINvNtNtCskWHisZhi9Z4_4koan8builtins10await_body19await_body_in_scopeNCNvNtB4_7sig_def4body0EB6_
FNDA:82,_RNCINvNtNtCskWHisZhi9Z4_4koan8builtins10await_body19await_body_in_scopeNCNvNtB6_10module_def4body0E0B8_
FNDA:3,_RNCINvNtNtCskWHisZhi9Z4_4koan8builtins10await_body19await_body_in_scopeNCNvNtB6_15recursive_types4bodys_0E0B8_
FNDA:68,_RNCINvNtNtCskWHisZhi9Z4_4koan8builtins10await_body19await_body_in_scopeNCNvNtB6_7sig_def4body0E0B8_
FNF:2
FNH:2
DA:30,194
DA:31,194
DA:32,194
DA:33,194
DA:34,194
DA:35,194
DA:36,194
DA:37,188
DA:38,185
DA:39,185
DA:40,188
DA:41,188
DA:42,194
DA:43,194
DA:44,194
DA:45,194
DA:46,194
DA:47,194
DA:48,194
DA:49,194
BRF:0
BRH:0
LF:21
LH:21
end_of_record
SF:/var/home/jack/Code/koan/src/builtins/block_tail.rs
FN:59,_RNCNvNtNtCsbv2TPaIhNiJ_4koan8builtins10block_tail10block_tail0B7_
FN:42,_RNvNtNtCsbv2TPaIhNiJ_4koan8builtins10block_tail10block_tail
FN:42,_RNvNtNtCskWHisZhi9Z4_4koan8builtins10block_tail10block_tail
FN:59,_RNCNvNtNtCskWHisZhi9Z4_4koan8builtins10block_tail10block_tail0B7_
FNDA:4,_RNCNvNtNtCsbv2TPaIhNiJ_4koan8builtins10block_tail10block_tail0B7_
FNDA:5,_RNvNtNtCsbv2TPaIhNiJ_4koan8builtins10block_tail10block_tail
FNDA:132,_RNvNtNtCskWHisZhi9Z4_4koan8builtins10block_tail10block_tail
FNDA:113,_RNCNvNtNtCskWHisZhi9Z4_4koan8builtins10block_tail10block_tail0B7_
FNF:2
FNH:2
DA:42,137
DA:43,137
DA:44,137
DA:45,137
DA:46,137
DA:47,137
DA:48,137
DA:49,137
DA:51,8
DA:52,8
DA:55,117
DA:56,0
DA:58,117
DA:59,117
DA:60,0
DA:61,117
DA:63,12
DA:64,12
DA:65,12
DA:66,12
DA:67,12
DA:70,137
DA:71,8
DA:72,129
DA:73,129
DA:74,129
DA:75,129
DA:76,129
DA:77,129
DA:80,137
DA:81,137
DA:82,137
DA:83,137
DA:84,137
DA:85,137
DA:86,137
DA:87,137
BRF:0
BRH:0
LF:38
LH:36
end_of_record
SF:/var/home/jack/Code/koan/src/builtins/branch_walk.rs
FN:115,_RNCNCNvNtNtCsbv2TPaIhNiJ_4koan8builtins11branch_walk8arm_tail00B9_
FN:384,_RNCNvNtNtCsbv2TPaIhNiJ_4koan8builtins11branch_walk24find_branch_body_by_type0B7_
FN:462,_RNCNvNtNtCsbv2TPaIhNiJ_4koan8builtins11branch_walk24find_branch_body_by_types0_0B7_
FN:469,_RNCNvNtNtCsbv2TPaIhNiJ_4koan8builtins11branch_walk24find_branch_body_by_types1_0B7_
FN:486,_RNCNvNtNtCsbv2TPaIhNiJ_4koan8builtins11branch_walk24find_branch_body_by_types2_0B7_
FN:440,_RNCNvNtNtCsbv2TPaIhNiJ_4koan8builtins11branch_walk24find_branch_body_by_types_0B7_
FN:97,_RNCNvNtNtCsbv2TPaIhNiJ_4koan8builtins11branch_walk8arm_tail0B7_
FN:240,_RNvNtNtCsbv2TPaIhNiJ_4koan8builtins11branch_walk17resolve_head_type
FN:23,_RNvNtNtCsbv2TPaIhNiJ_4koan8builtins11branch_walk20resolve_arm_contract
FN:145,_RNvNtNtCsbv2TPaIhNiJ_4koan8builtins11branch_walk23find_branch_body_by_tag
FN:269,_RNvNtNtCsbv2TPaIhNiJ_4koan8builtins11branch_walk24find_branch_body_by_type
FN:81,_RNvNtNtCsbv2TPaIhNiJ_4koan8builtins11branch_walk8arm_tail
FN:115,_RNCNCNvNtNtCskWHisZhi9Z4_4koan8builtins11branch_walk8arm_tail00B9_
FN:384,_RNCNvNtNtCskWHisZhi9Z4_4koan8builtins11branch_walk24find_branch_body_by_type0B7_
FN:462,_RNCNvNtNtCskWHisZhi9Z4_4koan8builtins11branch_walk24find_branch_body_by_types0_0B7_
FN:469,_RNCNvNtNtCskWHisZhi9Z4_4koan8builtins11branch_walk24find_branch_body_by_types1_0B7_
FN:486,_RNCNvNtNtCskWHisZhi9Z4_4koan8builtins11branch_walk24find_branch_body_by_types2_0B7_
FN:440,_RNCNvNtNtCskWHisZhi9Z4_4koan8builtins11branch_walk24find_branch_body_by_types_0B7_
FN:97,_RNCNvNtNtCskWHisZhi9Z4_4koan8builtins11branch_walk8arm_tail0B7_
FN:240,_RNvNtNtCskWHisZhi9Z4_4koan8builtins11branch_walk17resolve_head_type
FN:23,_RNvNtNtCskWHisZhi9Z4_4koan8builtins11branch_walk20resolve_arm_contract
FN:145,_RNvNtNtCskWHisZhi9Z4_4koan8builtins11branch_walk23find_branch_body_by_tag
FN:269,_RNvNtNtCskWHisZhi9Z4_4koan8builtins11branch_walk24find_branch_body_by_type
FN:81,_RNvNtNtCskWHisZhi9Z4_4koan8builtins11branch_walk8arm_tail
FNDA:2,_RNCNCNvNtNtCsbv2TPaIhNiJ_4koan8builtins11branch_walk8arm_tail00B9_
FNDA:0,_RNCNvNtNtCsbv2TPaIhNiJ_4koan8builtins11branch_walk24find_branch_body_by_type0B7_
FNDA:2,_RNCNvNtNtCsbv2TPaIhNiJ_4koan8builtins11branch_walk24find_branch_body_by_types0_0B7_
FNDA:1,_RNCNvNtNtCsbv2TPaIhNiJ_4koan8builtins11branch_walk24find_branch_body_by_types1_0B7_
FNDA:0,_RNCNvNtNtCsbv2TPaIhNiJ_4koan8builtins11branch_walk24find_branch_body_by_types2_0B7_
FNDA:0,_RNCNvNtNtCsbv2TPaIhNiJ_4koan8builtins11branch_walk24find_branch_body_by_types_0B7_
FNDA:4,_RNCNvNtNtCsbv2TPaIhNiJ_4koan8builtins11branch_walk8arm_tail0B7_
FNDA:0,_RNvNtNtCsbv2TPaIhNiJ_4koan8builtins11branch_walk17resolve_head_type
FNDA:4,_RNvNtNtCsbv2TPaIhNiJ_4koan8builtins11branch_walk20resolve_arm_contract
FNDA:1,_RNvNtNtCsbv2TPaIhNiJ_4koan8builtins11branch_walk23find_branch_body_by_tag
FNDA:3,_RNvNtNtCsbv2TPaIhNiJ_4koan8builtins11branch_walk24find_branch_body_by_type
FNDA:4,_RNvNtNtCsbv2TPaIhNiJ_4koan8builtins11branch_walk8arm_tail
FNDA:98,_RNCNCNvNtNtCskWHisZhi9Z4_4koan8builtins11branch_walk8arm_tail00B9_
FNDA:2,_RNCNvNtNtCskWHisZhi9Z4_4koan8builtins11branch_walk24find_branch_body_by_type0B7_
FNDA:175,_RNCNvNtNtCskWHisZhi9Z4_4koan8builtins11branch_walk24find_branch_body_by_types0_0B7_
FNDA:90,_RNCNvNtNtCskWHisZhi9Z4_4koan8builtins11branch_walk24find_branch_body_by_types1_0B7_
FNDA:2,_RNCNvNtNtCskWHisZhi9Z4_4koan8builtins11branch_walk24find_branch_body_by_types2_0B7_
FNDA:2,_RNCNvNtNtCskWHisZhi9Z4_4koan8builtins11branch_walk24find_branch_body_by_types_0B7_
FNDA:113,_RNCNvNtNtCskWHisZhi9Z4_4koan8builtins11branch_walk8arm_tail0B7_
FNDA:15,_RNvNtNtCskWHisZhi9Z4_4koan8builtins11branch_walk17resolve_head_type
FNDA:124,_RNvNtNtCskWHisZhi9Z4_4koan8builtins11branch_walk20resolve_arm_contract
FNDA:19,_RNvNtNtCskWHisZhi9Z4_4koan8builtins11branch_walk23find_branch_body_by_tag
FNDA:105,_RNvNtNtCskWHisZhi9Z4_4koan8builtins11branch_walk24find_branch_body_by_type
FNDA:113,_RNvNtNtCskWHisZhi9Z4_4koan8builtins11branch_walk8arm_tail
FNF:12
FNH:12
DA:23,128
DA:24,128
DA:25,128
DA:26,128
DA:28,128
DA:29,0
DA:30,0
DA:31,0
DA:35,0
DA:36,0
DA:37,0
DA:38,0
DA:42,128
DA:44,0
DA:45,0
DA:46,0
DA:50,128
DA:51,128
DA:52,128
DA:54,128
DA:81,117
DA:82,117
DA:83,117
DA:84,117
DA:85,117
DA:86,117
DA:87,117
DA:91,117
DA:97,117
DA:98,117
DA:100,17
DA:101,17
DA:102,17
DA:103,17
DA:104,17
DA:105,17
DA:107,100
DA:114,100
DA:115,100
DA:116,100
DA:117,13
DA:118,87
DA:119,81
DA:120,6
DA:121,0
DA:124,100
DA:125,100
DA:126,100
DA:127,100
DA:128,100
DA:131,117
DA:132,117
DA:133,117
DA:134,117
DA:135,117
DA:136,117
DA:137,117
DA:138,117
DA:140,117
DA:145,20
DA:146,20
DA:147,20
DA:148,20
DA:149,20
DA:150,20
DA:151,20
DA:152,0
DA:153,0
DA:154,0
DA:155,0
DA:156,20
DA:157,20
DA:158,20
DA:159,29
DA:160,24
DA:161,24
DA:162,24
DA:163,24
DA:165,20
DA:168,0
DA:169,0
DA:170,0
DA:172,0
DA:176,4
DA:177,0
DA:178,0
DA:179,0
DA:180,0
DA:181,0
DA:184,24
DA:185,24
DA:186,0
DA:187,0
DA:188,0
DA:189,0
DA:190,0
DA:193,24
DA:194,22
DA:195,2
DA:196,2
DA:197,2
DA:198,2
DA:199,2
DA:202,22
DA:203,13
DA:204,9
DA:205,9
DA:206,4
DA:207,5
DA:208,9
DA:210,5
DA:211,20
DA:240,15
DA:241,15
DA:242,15
DA:243,15
DA:244,15
DA:245,15
DA:246,13
DA:247,2
DA:248,2
DA:249,2
DA:250,2
DA:252,15
DA:269,108
DA:270,108
DA:271,108
DA:272,108
DA:273,108
DA:274,108
DA:275,108
DA:276,108
DA:277,0
DA:278,0
DA:279,0
DA:280,0
DA:281,108
DA:285,108
DA:287,84
DA:289,84
DA:290,84
DA:291,84
DA:292,6
DA:293,6
DA:294,6
DA:295,18
DA:314,108
DA:315,108
DA:317,108
DA:318,316
DA:319,210
DA:320,210
DA:321,210
DA:323,210
DA:324,210
DA:325,0
DA:326,0
DA:327,0
DA:328,0
DA:329,0
DA:332,210
DA:333,210
DA:334,0
DA:335,0
DA:336,0
DA:337,0
DA:338,0
DA:342,20
DA:345,20
DA:346,20
DA:347,10
DA:348,10
DA:349,10
DA:352,10
DA:356,190
DA:357,190
DA:358,190
DA:365,165
DA:366,164
DA:367,164
DA:368,164
DA:369,164
DA:370,164
DA:371,164
DA:372,164
DA:373,164
DA:374,164
DA:375,164
DA:376,164
DA:378,1
DA:379,0
DA:381,1
DA:382,1
DA:383,1
DA:384,2
DA:385,1
DA:386,1
DA:387,1
DA:388,1
DA:389,1
DA:390,1
DA:391,1
DA:394,0
DA:395,0
DA:396,0
DA:397,0
DA:398,0
DA:399,0
DA:405,11
DA:406,11
DA:407,6
DA:408,6
DA:409,6
DA:410,6
DA:411,6
DA:412,6
DA:415,14
DA:416,13
DA:417,13
DA:418,13
DA:419,13
DA:420,13
DA:421,13
DA:425,0
DA:426,0
DA:427,0
DA:428,0
DA:429,0
DA:432,208
DA:437,106
DA:438,1
DA:439,1
DA:440,2
DA:441,1
DA:442,1
DA:443,1
DA:444,1
DA:445,1
DA:446,1
DA:447,105
DA:448,105
DA:449,14
DA:450,14
DA:451,14
DA:452,14
DA:453,91
DA:460,91
DA:461,91
DA:462,177
DA:463,91
DA:464,91
DA:465,3
DA:466,88
DA:467,88
DA:468,88
DA:469,91
DA:470,88
DA:471,88
DA:472,88
DA:473,87
DA:474,87
DA:475,87
DA:476,87
DA:477,87
DA:478,87
DA:479,87
DA:480,87
DA:481,87
DA:484,1
DA:485,1
DA:486,2
DA:487,1
DA:488,1
DA:489,1
DA:490,1
DA:491,1
DA:492,1
DA:495,108
BRF:0
BRH:0
LF:285
LH:230
end_of_record
SF:/var/home/jack/Code/koan/src/builtins/catch.rs
FN:63,_RNvNCNvNtNtCsbv2TPaIhNiJ_4koan8builtins5catch4body012build_result
FN:38,_RNvNtNtCsbv2TPaIhNiJ_4koan8builtins5catch4body
FN:15,_RNvNtNtCsbv2TPaIhNiJ_4koan8builtins5catch8register
FN:93,_RNCNCNvNtNtCsbv2TPaIhNiJ_4koan8builtins5catch4body00B9_
FN:117,_RNCNCNvNtNtCsbv2TPaIhNiJ_4koan8builtins5catch4body0s0_0B9_
FN:105,_RNCNCNvNtNtCsbv2TPaIhNiJ_4koan8builtins5catch4body0s_0B9_
FN:60,_RNCNvNtNtCsbv2TPaIhNiJ_4koan8builtins5catch4body0B7_
FN:93,_RNCNCNvNtNtCskWHisZhi9Z4_4koan8builtins5catch4body00B9_
FN:117,_RNCNCNvNtNtCskWHisZhi9Z4_4koan8builtins5catch4body0s0_0B9_
FN:105,_RNCNCNvNtNtCskWHisZhi9Z4_4koan8builtins5catch4body0s_0B9_
FN:60,_RNCNvNtNtCskWHisZhi9Z4_4koan8builtins5catch4body0B7_
FN:63,_RNvNCNvNtNtCskWHisZhi9Z4_4koan8builtins5catch4body012build_result
FN:38,_RNvNtNtCskWHisZhi9Z4_4koan8builtins5catch4body
FN:15,_RNvNtNtCskWHisZhi9Z4_4koan8builtins5catch8register
FNDA:0,_RNvNCNvNtNtCsbv2TPaIhNiJ_4koan8builtins5catch4body012build_result
FNDA:0,_RNvNtNtCsbv2TPaIhNiJ_4koan8builtins5catch4body
FNDA:60,_RNvNtNtCsbv2TPaIhNiJ_4koan8builtins5catch8register
FNDA:0,_RNCNCNvNtNtCsbv2TPaIhNiJ_4koan8builtins5catch4body00B9_
FNDA:0,_RNCNCNvNtNtCsbv2TPaIhNiJ_4koan8builtins5catch4body0s0_0B9_
FNDA:0,_RNCNCNvNtNtCsbv2TPaIhNiJ_4koan8builtins5catch4body0s_0B9_
FNDA:0,_RNCNvNtNtCsbv2TPaIhNiJ_4koan8builtins5catch4body0B7_
FNDA:3,_RNCNCNvNtNtCskWHisZhi9Z4_4koan8builtins5catch4body00B9_
FNDA:5,_RNCNCNvNtNtCskWHisZhi9Z4_4koan8builtins5catch4body0s0_0B9_
FNDA:5,_RNCNCNvNtNtCskWHisZhi9Z4_4koan8builtins5catch4body0s_0B9_
FNDA:8,_RNCNvNtNtCskWHisZhi9Z4_4koan8builtins5catch4body0B7_
FNDA:8,_RNvNCNvNtNtCskWHisZhi9Z4_4koan8builtins5catch4body012build_result
FNDA:8,_RNvNtNtCskWHisZhi9Z4_4koan8builtins5catch4body
FNDA:540,_RNvNtNtCskWHisZhi9Z4_4koan8builtins5catch8register
FNF:7
FNH:7
DA:15,600
DA:21,600
DA:22,600
DA:23,0
DA:25,600
DA:26,600
DA:27,600
DA:28,600
DA:29,600
DA:30,600
DA:31,600
DA:33,600
DA:34,600
DA:38,8
DA:39,8
DA:40,8
DA:50,8
DA:53,8
DA:54,8
DA:55,0
DA:59,8
DA:60,8
DA:63,8
DA:64,8
DA:65,8
DA:66,0
DA:68,8
DA:69,8
DA:70,8
DA:71,8
DA:72,8
DA:73,8
DA:74,8
DA:75,8
DA:80,8
DA:81,8
DA:82,8
DA:83,8
DA:84,8
DA:85,8
DA:86,8
DA:87,8
DA:90,3
DA:91,3
DA:92,3
DA:93,3
DA:94,3
DA:95,3
DA:96,3
DA:97,3
DA:98,3
DA:99,3
DA:100,3
DA:104,5
DA:105,5
DA:106,5
DA:107,5
DA:108,5
DA:109,5
DA:110,5
DA:111,5
DA:114,5
DA:115,5
DA:116,5
DA:117,5
DA:118,5
DA:119,5
DA:120,5
DA:121,5
DA:122,5
DA:123,5
DA:124,5
DA:128,8
DA:129,8
DA:130,8
DA:131,8
DA:132,8
DA:133,8
DA:134,8
DA:135,8
DA:136,8
DA:137,8
BRF:0
BRH:0
LF:84
LH:81
end_of_record
SF:/var/home/jack/Code/koan/src/builtins/eval.rs
FN:37,_RNCNvNtNtCsbv2TPaIhNiJ_4koan8builtins4eval4body0B7_
FN:15,_RNvNtNtCsbv2TPaIhNiJ_4koan8builtins4eval4body
FN:47,_RNvNtNtCsbv2TPaIhNiJ_4koan8builtins4eval8register
FN:15,_RNvNtNtCskWHisZhi9Z4_4koan8builtins4eval4body
FN:47,_RNvNtNtCskWHisZhi9Z4_4koan8builtins4eval8register
FN:37,_RNCNvNtNtCskWHisZhi9Z4_4koan8builtins4eval4body0B7_
FN:60,_RNvNtNtNtCskWHisZhi9Z4_4koan8builtins4eval5tests11run_program
FN:117,_RNvNtNtNtCskWHisZhi9Z4_4koan8builtins4eval5testss_21recursive_eval_no_uaf
FN:69,_RNvNtNtNtCskWHisZhi9Z4_4koan8builtins4eval5testss_22eval_of_quoted_literal
FN:103,_RNvNtNtNtCskWHisZhi9Z4_4koan8builtins4eval5testss_34multiline_sigil_collapse_roundtrip
FN:109,_RNvNtNtNtCskWHisZhi9Z4_4koan8builtins4eval5testss_35eval_returns_inner_expression_value
FN:97,_RNvNtNtNtCskWHisZhi9Z4_4koan8builtins4eval5testss_37eval_runs_side_effects_in_quoted_body
FN:75,_RNvNtNtNtCskWHisZhi9Z4_4koan8builtins4eval5testss_38eval_of_function_returning_kexpression
FN:84,_RNvNtNtNtCskWHisZhi9Z4_4koan8builtins4eval5testss_49eval_of_non_kexpression_errors_with_type_mismatch
FNDA:0,_RNCNvNtNtCsbv2TPaIhNiJ_4koan8builtins4eval4body0B7_
FNDA:0,_RNvNtNtCsbv2TPaIhNiJ_4koan8builtins4eval4body
FNDA:60,_RNvNtNtCsbv2TPaIhNiJ_4koan8builtins4eval8register
FNDA:9,_RNvNtNtCskWHisZhi9Z4_4koan8builtins4eval4body
FNDA:540,_RNvNtNtCskWHisZhi9Z4_4koan8builtins4eval8register
FNDA:8,_RNCNvNtNtCskWHisZhi9Z4_4koan8builtins4eval4body0B7_
FNDA:6,_RNvNtNtNtCskWHisZhi9Z4_4koan8builtins4eval5tests11run_program
FNDA:1,_RNvNtNtNtCskWHisZhi9Z4_4koan8builtins4eval5testss_21recursive_eval_no_uaf
FNDA:1,_RNvNtNtNtCskWHisZhi9Z4_4koan8builtins4eval5testss_22eval_of_quoted_literal
FNDA:1,_RNvNtNtNtCskWHisZhi9Z4_4koan8builtins4eval5testss_34multiline_sigil_collapse_roundtrip
FNDA:1,_RNvNtNtNtCskWHisZhi9Z4_4koan8builtins4eval5testss_35eval_returns_inner_expression_value
FNDA:1,_RNvNtNtNtCskWHisZhi9Z4_4koan8builtins4eval5testss_37eval_runs_side_effects_in_quoted_body
FNDA:1,_RNvNtNtNtCskWHisZhi9Z4_4koan8builtins4eval5testss_38eval_of_function_returning_kexpression
FNDA:1,_RNvNtNtNtCskWHisZhi9Z4_4koan8builtins4eval5testss_49eval_of_non_kexpression_errors_with_type_mismatch
FNF:11
FNH:11
DA:15,9
DA:16,9
DA:17,9
DA:22,9
DA:23,8
DA:24,1
DA:25,1
DA:26,1
DA:27,1
DA:28,1
DA:29,1
DA:31,0
DA:37,8
DA:38,8
DA:39,8
DA:40,8
DA:41,8
DA:42,8
DA:43,8
DA:45,9
DA:47,600
DA:48,600
DA:49,600
DA:50,600
DA:60,6
DA:61,6
DA:62,6
DA:63,6
DA:64,6
DA:65,6
DA:66,6
DA:69,1
DA:70,1
DA:71,1
DA:72,1
DA:75,1
DA:76,1
DA:77,1
DA:78,1
DA:80,1
DA:81,1
DA:84,1
DA:85,1
DA:86,1
DA:87,1
DA:88,1
DA:89,1
DA:90,1
DA:91,1
DA:94,1
DA:97,1
DA:98,1
DA:99,1
DA:100,1
DA:103,1
DA:104,1
DA:105,1
DA:106,1
DA:109,1
DA:112,1
DA:113,1
DA:114,1
DA:117,1
DA:121,1
DA:122,1
DA:123,1
DA:124,1
DA:125,1
DA:126,1
DA:127,1
DA:129,1
DA:130,1
BRF:0
BRH:0
LF:73
LH:72
end_of_record
SF:/var/home/jack/Code/koan/src/builtins/fn_def.rs
FN:62,_RNvNtNtCsbv2TPaIhNiJ_4koan8builtins6fn_def13build_fn_like
FN:142,_RNvNtNtCsbv2TPaIhNiJ_4koan8builtins6fn_def18body_record_schema
FN:23,_RNvNtNtCsbv2TPaIhNiJ_4koan8builtins6fn_def19collect_param_types
FN:127,_RNvNtNtCsbv2TPaIhNiJ_4koan8builtins6fn_def4body
FN:205,_RNvNtNtCsbv2TPaIhNiJ_4koan8builtins6fn_def8register
FN:165,_RNCNvNtNtCsbv2TPaIhNiJ_4koan8builtins6fn_def18body_record_schema0B7_
FN:228,_RNCNvNtNtCsbv2TPaIhNiJ_4koan8builtins6fn_def8register0B7_
FN:262,_RNCNvNtNtCsbv2TPaIhNiJ_4koan8builtins6fn_def8registers0_0B7_
FN:245,_RNCNvNtNtCsbv2TPaIhNiJ_4koan8builtins6fn_def8registers_0B7_
FN:165,_RNCNvNtNtCskWHisZhi9Z4_4koan8builtins6fn_def18body_record_schema0B7_
FN:228,_RNCNvNtNtCskWHisZhi9Z4_4koan8builtins6fn_def8register0B7_
FN:262,_RNCNvNtNtCskWHisZhi9Z4_4koan8builtins6fn_def8registers0_0B7_
FN:245,_RNCNvNtNtCskWHisZhi9Z4_4koan8builtins6fn_def8registers_0B7_
FN:62,_RNvNtNtCskWHisZhi9Z4_4koan8builtins6fn_def13build_fn_like
FN:142,_RNvNtNtCskWHisZhi9Z4_4koan8builtins6fn_def18body_record_schema
FN:23,_RNvNtNtCskWHisZhi9Z4_4koan8builtins6fn_def19collect_param_types
FN:127,_RNvNtNtCskWHisZhi9Z4_4koan8builtins6fn_def4body
FN:205,_RNvNtNtCskWHisZhi9Z4_4koan8builtins6fn_def8register
FNDA:36,_RNvNtNtCsbv2TPaIhNiJ_4koan8builtins6fn_def13build_fn_like
FNDA:0,_RNvNtNtCsbv2TPaIhNiJ_4koan8builtins6fn_def18body_record_schema
FNDA:7,_RNvNtNtCsbv2TPaIhNiJ_4koan8builtins6fn_def19collect_param_types
FNDA:29,_RNvNtNtCsbv2TPaIhNiJ_4koan8builtins6fn_def4body
FNDA:60,_RNvNtNtCsbv2TPaIhNiJ_4koan8builtins6fn_def8register
FNDA:0,_RNCNvNtNtCsbv2TPaIhNiJ_4koan8builtins6fn_def18body_record_schema0B7_
FNDA:60,_RNCNvNtNtCsbv2TPaIhNiJ_4koan8builtins6fn_def8register0B7_
FNDA:60,_RNCNvNtNtCsbv2TPaIhNiJ_4koan8builtins6fn_def8registers0_0B7_
FNDA:60,_RNCNvNtNtCsbv2TPaIhNiJ_4koan8builtins6fn_def8registers_0B7_
FNDA:7,_RNCNvNtNtCskWHisZhi9Z4_4koan8builtins6fn_def18body_record_schema0B7_
FNDA:540,_RNCNvNtNtCskWHisZhi9Z4_4koan8builtins6fn_def8register0B7_
FNDA:540,_RNCNvNtNtCskWHisZhi9Z4_4koan8builtins6fn_def8registers0_0B7_
FNDA:540,_RNCNvNtNtCskWHisZhi9Z4_4koan8builtins6fn_def8registers_0B7_
FNDA:281,_RNvNtNtCskWHisZhi9Z4_4koan8builtins6fn_def13build_fn_like
FNDA:8,_RNvNtNtCskWHisZhi9Z4_4koan8builtins6fn_def18body_record_schema
FNDA:18,_RNvNtNtCskWHisZhi9Z4_4koan8builtins6fn_def19collect_param_types
FNDA:263,_RNvNtNtCskWHisZhi9Z4_4koan8builtins6fn_def4body
FNDA:540,_RNvNtNtCskWHisZhi9Z4_4koan8builtins6fn_def8register
FNF:9
FNH:9
DA:23,25
DA:24,25
DA:25,25
DA:26,25
DA:28,25
DA:29,25
DA:30,25
DA:31,25
DA:32,75
DA:33,50
DA:34,7
DA:35,18
DA:36,25
DA:38,50
DA:39,25
DA:40,25
DA:41,25
DA:42,25
DA:43,25
DA:44,0
DA:45,0
DA:46,25
DA:47,25
DA:48,25
DA:49,25
DA:51,25
DA:52,25
DA:62,317
DA:63,317
DA:64,317
DA:65,317
DA:66,317
DA:71,317
DA:72,317
DA:73,317
DA:74,317
DA:75,317
DA:76,25
DA:77,292
DA:79,317
DA:80,317
DA:81,317
DA:82,317
DA:83,317
DA:84,317
DA:85,317
DA:86,317
DA:87,314
DA:88,2
DA:89,312
DA:90,312
DA:91,231
DA:92,4
DA:93,4
DA:96,77
DA:97,77
DA:98,77
DA:99,77
DA:100,77
DA:101,77
DA:103,308
DA:104,308
DA:106,202
DA:107,202
DA:108,202
DA:109,202
DA:110,202
DA:111,202
DA:112,202
DA:113,202
DA:114,202
DA:116,106
DA:118,317
DA:127,292
DA:128,292
DA:129,292
DA:130,292
DA:131,292
DA:142,8
DA:143,8
DA:144,8
DA:149,8
DA:150,7
DA:151,1
DA:152,1
DA:153,1
DA:154,1
DA:155,1
DA:158,0
DA:159,0
DA:160,0
DA:163,7
DA:164,7
DA:165,7
DA:166,7
DA:167,7
DA:168,7
DA:169,7
DA:170,7
DA:171,7
DA:172,7
DA:173,7
DA:174,7
DA:175,7
DA:176,7
DA:177,7
DA:178,7
DA:179,7
DA:180,7
DA:181,7
DA:182,7
DA:183,7
DA:184,7
DA:185,7
DA:186,7
DA:187,7
DA:188,7
DA:189,7
DA:190,7
DA:192,0
DA:193,0
DA:194,0
DA:195,0
DA:196,0
DA:197,0
DA:198,0
DA:199,0
DA:203,8
DA:205,600
DA:228,600
DA:229,600
DA:230,600
DA:231,600
DA:232,600
DA:233,600
DA:234,600
DA:235,600
DA:236,600
DA:237,600
DA:240,600
DA:245,600
DA:246,600
DA:247,600
DA:248,600
DA:249,600
DA:250,600
DA:251,600
DA:252,600
DA:253,600
DA:254,600
DA:257,600
DA:262,600
DA:263,600
DA:264,600
DA:265,600
DA:266,600
DA:267,600
DA:268,600
DA:269,600
DA:270,600
DA:271,600
DA:274,600
DA:276,600
DA:277,600
DA:278,600
DA:279,600
DA:280,600
DA:281,600
DA:282,600
DA:285,600
DA:286,600
DA:287,600
DA:288,600
DA:289,600
DA:290,600
DA:291,600
DA:294,600
DA:295,600
DA:296,600
DA:297,600
DA:298,600
DA:299,600
DA:300,600
DA:303,600
BRF:0
BRH:0
LF:188
LH:175
end_of_record
SF:/var/home/jack/Code/koan/src/builtins/fn_def/finalize.rs
FN:192,_RNvNtNtNtCsbv2TPaIhNiJ_4koan8builtins6fn_def8finalize21finalize_fn_with_kind
FN:281,_RNvNtNtNtCsbv2TPaIhNiJ_4koan8builtins6fn_def8finalize5defer
FN:88,_RNvNtNtNtCsbv2TPaIhNiJ_4koan8builtins6fn_def8finalize8classify
FN:266,_RNvNtNtNtCsbv2TPaIhNiJ_4koan8builtins6fn_def8finalize9fn_action
FN:218,_RNCNvNtNtNtCsbv2TPaIhNiJ_4koan8builtins6fn_def8finalize21finalize_fn_with_kind0B9_
FN:323,_RNCNvNtNtNtCsbv2TPaIhNiJ_4koan8builtins6fn_def8finalize5defer0B9_
FN:218,_RNCNvNtNtNtCskWHisZhi9Z4_4koan8builtins6fn_def8finalize21finalize_fn_with_kind0B9_
FN:323,_RNCNvNtNtNtCskWHisZhi9Z4_4koan8builtins6fn_def8finalize5defer0B9_
FN:192,_RNvNtNtNtCskWHisZhi9Z4_4koan8builtins6fn_def8finalize21finalize_fn_with_kind
FN:281,_RNvNtNtNtCskWHisZhi9Z4_4koan8builtins6fn_def8finalize5defer
FN:88,_RNvNtNtNtCskWHisZhi9Z4_4koan8builtins6fn_def8finalize8classify
FN:266,_RNvNtNtNtCskWHisZhi9Z4_4koan8builtins6fn_def8finalize9fn_action
FNDA:36,_RNvNtNtNtCsbv2TPaIhNiJ_4koan8builtins6fn_def8finalize21finalize_fn_with_kind
FNDA:13,_RNvNtNtNtCsbv2TPaIhNiJ_4koan8builtins6fn_def8finalize5defer
FNDA:36,_RNvNtNtNtCsbv2TPaIhNiJ_4koan8builtins6fn_def8finalize8classify
FNDA:36,_RNvNtNtNtCsbv2TPaIhNiJ_4koan8builtins6fn_def8finalize9fn_action
FNDA:36,_RNCNvNtNtNtCsbv2TPaIhNiJ_4koan8builtins6fn_def8finalize21finalize_fn_with_kind0B9_
FNDA:13,_RNCNvNtNtNtCsbv2TPaIhNiJ_4koan8builtins6fn_def8finalize5defer0B9_
FNDA:282,_RNCNvNtNtNtCskWHisZhi9Z4_4koan8builtins6fn_def8finalize21finalize_fn_with_kind0B9_
FNDA:93,_RNCNvNtNtNtCskWHisZhi9Z4_4koan8builtins6fn_def8finalize5defer0B9_
FNDA:277,_RNvNtNtNtCskWHisZhi9Z4_4koan8builtins6fn_def8finalize21finalize_fn_with_kind
FNDA:93,_RNvNtNtNtCskWHisZhi9Z4_4koan8builtins6fn_def8finalize5defer
FNDA:279,_RNvNtNtNtCskWHisZhi9Z4_4koan8builtins6fn_def8finalize8classify
FNDA:277,_RNvNtNtNtCskWHisZhi9Z4_4koan8builtins6fn_def8finalize9fn_action
FNF:6
FNH:6
DA:88,315
DA:89,315
DA:90,191
DA:91,191
DA:92,191
DA:93,191
DA:94,18
DA:95,18
DA:96,18
DA:97,18
DA:98,29
DA:100,29
DA:101,29
DA:102,29
DA:103,29
DA:104,29
DA:105,29
DA:106,29
DA:109,69
DA:111,69
DA:112,69
DA:114,69
DA:115,69
DA:116,69
DA:117,69
DA:118,69
DA:119,69
DA:120,69
DA:122,0
DA:124,0
DA:125,0
DA:127,0
DA:128,0
DA:129,0
DA:130,0
DA:131,0
DA:132,0
DA:133,0
DA:134,0
DA:135,0
DA:137,8
DA:139,8
DA:140,8
DA:145,8
DA:146,8
DA:147,8
DA:148,8
DA:149,8
DA:150,8
DA:151,8
DA:153,0
DA:156,0
DA:157,0
DA:158,0
DA:159,0
DA:160,0
DA:161,0
DA:162,0
DA:166,0
DA:167,0
DA:170,0
DA:171,0
DA:174,0
DA:175,0
DA:176,0
DA:177,0
DA:178,0
DA:179,0
DA:180,0
DA:181,0
DA:184,315
DA:192,313
DA:193,313
DA:194,313
DA:195,313
DA:196,313
DA:197,313
DA:198,313
DA:199,313
DA:200,313
DA:203,313
DA:204,23
DA:205,21
DA:206,1
DA:207,1
DA:208,1
DA:209,1
DA:210,1
DA:211,20
DA:212,2
DA:213,290
DA:218,318
DA:219,304
DA:220,14
DA:221,318
DA:223,312
DA:224,312
DA:225,312
DA:226,312
DA:228,312
DA:229,312
DA:230,312
DA:231,312
DA:232,312
DA:233,312
DA:234,312
DA:235,312
DA:236,312
DA:240,312
DA:241,312
DA:242,312
DA:243,312
DA:244,305
DA:245,304
DA:247,1
DA:248,1
DA:249,1
DA:250,1
DA:253,304
DA:254,7
DA:261,309
DA:262,313
DA:266,313
DA:267,313
DA:268,313
DA:269,313
DA:270,309
DA:271,4
DA:273,313
DA:281,106
DA:282,106
DA:283,106
DA:284,106
DA:285,106
DA:286,106
DA:287,106
DA:292,106
DA:293,106
DA:294,106
DA:295,106
DA:296,106
DA:297,106
DA:301,106
DA:302,106
DA:303,106
DA:304,106
DA:305,106
DA:306,106
DA:307,106
DA:308,37
DA:309,37
DA:310,37
DA:311,37
DA:312,37
DA:313,69
DA:314,106
DA:315,106
DA:316,76
DA:317,76
DA:318,76
DA:319,76
DA:320,76
DA:321,76
DA:322,76
DA:323,106
DA:324,106
DA:325,106
DA:326,76
DA:327,76
DA:328,1
DA:329,1
DA:330,1
DA:331,1
DA:332,1
DA:333,75
DA:340,75
DA:341,75
DA:342,75
DA:344,105
DA:345,104
DA:346,105
DA:347,104
DA:348,0
DA:350,104
DA:351,104
DA:352,104
DA:353,0
DA:354,0
DA:357,0
DA:358,0
DA:359,0
DA:360,0
DA:365,104
DA:366,104
DA:367,104
DA:368,104
DA:369,104
DA:370,104
DA:371,104
DA:373,106
DA:374,106
DA:375,106
BRF:0
BRH:0
LF:204
LH:165
end_of_record
SF:/var/home/jack/Code/koan/src/builtins/fn_def/param_refs.rs
FN:23,_RNCNvNtNtNtCsbv2TPaIhNiJ_4koan8builtins6fn_def10param_refs19part_references_any0B9_
FN:32,_RNCNvNtNtNtCsbv2TPaIhNiJ_4koan8builtins6fn_def10param_refs19part_references_anys0_0B9_
FN:39,_RNCNvNtNtNtCsbv2TPaIhNiJ_4koan8builtins6fn_def10param_refs19part_references_anys1_0B9_
FN:30,_RNCNvNtNtNtCsbv2TPaIhNiJ_4koan8builtins6fn_def10param_refs19part_references_anys_0B9_
FN:12,_RNCNvNtNtNtCsbv2TPaIhNiJ_4koan8builtins6fn_def10param_refs24type_expr_references_any0B9_
FN:18,_RNCNvNtNtNtCsbv2TPaIhNiJ_4koan8builtins6fn_def10param_refs26kexpression_references_any0B9_
FN:21,_RNvNtNtNtCsbv2TPaIhNiJ_4koan8builtins6fn_def10param_refs19part_references_any
FN:11,_RNvNtNtNtCsbv2TPaIhNiJ_4koan8builtins6fn_def10param_refs24type_expr_references_any
FN:15,_RNvNtNtNtCsbv2TPaIhNiJ_4koan8builtins6fn_def10param_refs26kexpression_references_any
FN:21,_RNvNtNtNtCskWHisZhi9Z4_4koan8builtins6fn_def10param_refs19part_references_any
FN:11,_RNvNtNtNtCskWHisZhi9Z4_4koan8builtins6fn_def10param_refs24type_expr_references_any
FN:15,_RNvNtNtNtCskWHisZhi9Z4_4koan8builtins6fn_def10param_refs26kexpression_references_any
FN:23,_RNCNvNtNtNtCskWHisZhi9Z4_4koan8builtins6fn_def10param_refs19part_references_any0B9_
FN:32,_RNCNvNtNtNtCskWHisZhi9Z4_4koan8builtins6fn_def10param_refs19part_references_anys0_0B9_
FN:39,_RNCNvNtNtNtCskWHisZhi9Z4_4koan8builtins6fn_def10param_refs19part_references_anys1_0B9_
FN:30,_RNCNvNtNtNtCskWHisZhi9Z4_4koan8builtins6fn_def10param_refs19part_references_anys_0B9_
FN:12,_RNCNvNtNtNtCskWHisZhi9Z4_4koan8builtins6fn_def10param_refs24type_expr_references_any0B9_
FN:18,_RNCNvNtNtNtCskWHisZhi9Z4_4koan8builtins6fn_def10param_refs26kexpression_references_any0B9_
FNDA:0,_RNCNvNtNtNtCsbv2TPaIhNiJ_4koan8builtins6fn_def10param_refs19part_references_any0B9_
FNDA:0,_RNCNvNtNtNtCsbv2TPaIhNiJ_4koan8builtins6fn_def10param_refs19part_references_anys0_0B9_
FNDA:0,_RNCNvNtNtNtCsbv2TPaIhNiJ_4koan8builtins6fn_def10param_refs19part_references_anys1_0B9_
FNDA:0,_RNCNvNtNtNtCsbv2TPaIhNiJ_4koan8builtins6fn_def10param_refs19part_references_anys_0B9_
FNDA:12,_RNCNvNtNtNtCsbv2TPaIhNiJ_4koan8builtins6fn_def10param_refs24type_expr_references_any0B9_
FNDA:18,_RNCNvNtNtNtCsbv2TPaIhNiJ_4koan8builtins6fn_def10param_refs26kexpression_references_any0B9_
FNDA:18,_RNvNtNtNtCsbv2TPaIhNiJ_4koan8builtins6fn_def10param_refs19part_references_any
FNDA:12,_RNvNtNtNtCsbv2TPaIhNiJ_4koan8builtins6fn_def10param_refs24type_expr_references_any
FNDA:6,_RNvNtNtNtCsbv2TPaIhNiJ_4koan8builtins6fn_def10param_refs26kexpression_references_any
FNDA:151,_RNvNtNtNtCskWHisZhi9Z4_4koan8builtins6fn_def10param_refs19part_references_any
FNDA:71,_RNvNtNtNtCskWHisZhi9Z4_4koan8builtins6fn_def10param_refs24type_expr_references_any
FNDA:54,_RNvNtNtNtCskWHisZhi9Z4_4koan8builtins6fn_def10param_refs26kexpression_references_any
FNDA:8,_RNCNvNtNtNtCskWHisZhi9Z4_4koan8builtins6fn_def10param_refs19part_references_any0B9_
FNDA:1,_RNCNvNtNtNtCskWHisZhi9Z4_4koan8builtins6fn_def10param_refs19part_references_anys0_0B9_
FNDA:5,_RNCNvNtNtNtCskWHisZhi9Z4_4koan8builtins6fn_def10param_refs19part_references_anys1_0B9_
FNDA:1,_RNCNvNtNtNtCskWHisZhi9Z4_4koan8builtins6fn_def10param_refs19part_references_anys_0B9_
FNDA:55,_RNCNvNtNtNtCskWHisZhi9Z4_4koan8builtins6fn_def10param_refs24type_expr_references_any0B9_
FNDA:143,_RNCNvNtNtNtCskWHisZhi9Z4_4koan8builtins6fn_def10param_refs26kexpression_references_any0B9_
FNF:9
FNH:9
DA:11,83
DA:12,83
DA:13,83
DA:15,60
DA:16,60
DA:17,60
DA:18,161
DA:19,60
DA:21,169
DA:22,169
DA:23,10
DA:24,68
DA:25,9
DA:26,1
DA:28,0
DA:29,1
DA:30,1
DA:32,1
DA:33,1
DA:34,1
DA:37,4
DA:38,4
DA:39,5
DA:40,75
DA:42,169
BRF:0
BRH:0
LF:31
LH:30
end_of_record
SF:/var/home/jack/Code/koan/src/builtins/fn_def/return_type.rs
FN:231,_RNCNvNtNtNtCsbv2TPaIhNiJ_4koan8builtins6fn_def11return_type25resolve_capture_at_finish0B9_
FN:191,_RNCNvNtNtNtCsbv2TPaIhNiJ_4koan8builtins6fn_def11return_type31verdict_for_deferred_expression0B9_
FN:215,_RNvNtNtNtCsbv2TPaIhNiJ_4koan8builtins6fn_def11return_type12make_capture
FN:91,_RNvNtNtNtCsbv2TPaIhNiJ_4koan8builtins6fn_def11return_type20classify_return_type
FN:150,_RNvNtNtNtCsbv2TPaIhNiJ_4koan8builtins6fn_def11return_type20verdict_for_resolved
FN:58,_RNvNtNtNtCsbv2TPaIhNiJ_4koan8builtins6fn_def11return_type23extract_return_type_raw
FN:222,_RNvNtNtNtCsbv2TPaIhNiJ_4koan8builtins6fn_def11return_type25resolve_capture_at_finish
FN:165,_RNvNtNtNtCsbv2TPaIhNiJ_4koan8builtins6fn_def11return_type30verdict_for_deferred_type_expr
FN:190,_RNvNtNtNtCsbv2TPaIhNiJ_4koan8builtins6fn_def11return_type31verdict_for_deferred_expression
FN:231,_RNCNvNtNtNtCskWHisZhi9Z4_4koan8builtins6fn_def11return_type25resolve_capture_at_finish0B9_
FN:191,_RNCNvNtNtNtCskWHisZhi9Z4_4koan8builtins6fn_def11return_type31verdict_for_deferred_expression0B9_
FN:215,_RNvNtNtNtCskWHisZhi9Z4_4koan8builtins6fn_def11return_type12make_capture
FN:91,_RNvNtNtNtCskWHisZhi9Z4_4koan8builtins6fn_def11return_type20classify_return_type
FN:150,_RNvNtNtNtCskWHisZhi9Z4_4koan8builtins6fn_def11return_type20verdict_for_resolved
FN:58,_RNvNtNtNtCskWHisZhi9Z4_4koan8builtins6fn_def11return_type23extract_return_type_raw
FN:222,_RNvNtNtNtCskWHisZhi9Z4_4koan8builtins6fn_def11return_type25resolve_capture_at_finish
FN:165,_RNvNtNtNtCskWHisZhi9Z4_4koan8builtins6fn_def11return_type30verdict_for_deferred_type_expr
FN:190,_RNvNtNtNtCskWHisZhi9Z4_4koan8builtins6fn_def11return_type31verdict_for_deferred_expression
FNDA:0,_RNCNvNtNtNtCsbv2TPaIhNiJ_4koan8builtins6fn_def11return_type25resolve_capture_at_finish0B9_
FNDA:0,_RNCNvNtNtNtCsbv2TPaIhNiJ_4koan8builtins6fn_def11return_type31verdict_for_deferred_expression0B9_
FNDA:0,_RNvNtNtNtCsbv2TPaIhNiJ_4koan8builtins6fn_def11return_type12make_capture
FNDA:36,_RNvNtNtNtCsbv2TPaIhNiJ_4koan8builtins6fn_def11return_type20classify_return_type
FNDA:31,_RNvNtNtNtCsbv2TPaIhNiJ_4koan8builtins6fn_def11return_type20verdict_for_resolved
FNDA:36,_RNvNtNtNtCsbv2TPaIhNiJ_4koan8builtins6fn_def11return_type23extract_return_type_raw
FNDA:13,_RNvNtNtNtCsbv2TPaIhNiJ_4koan8builtins6fn_def11return_type25resolve_capture_at_finish
FNDA:0,_RNvNtNtNtCsbv2TPaIhNiJ_4koan8builtins6fn_def11return_type30verdict_for_deferred_type_expr
FNDA:0,_RNvNtNtNtCsbv2TPaIhNiJ_4koan8builtins6fn_def11return_type31verdict_for_deferred_expression
FNDA:0,_RNCNvNtNtNtCskWHisZhi9Z4_4koan8builtins6fn_def11return_type25resolve_capture_at_finish0B9_
FNDA:1,_RNCNvNtNtNtCskWHisZhi9Z4_4koan8builtins6fn_def11return_type31verdict_for_deferred_expression0B9_
FNDA:0,_RNvNtNtNtCskWHisZhi9Z4_4koan8builtins6fn_def11return_type12make_capture
FNDA:288,_RNvNtNtNtCskWHisZhi9Z4_4koan8builtins6fn_def11return_type20classify_return_type
FNDA:234,_RNvNtNtNtCskWHisZhi9Z4_4koan8builtins6fn_def11return_type20verdict_for_resolved
FNDA:288,_RNvNtNtNtCskWHisZhi9Z4_4koan8builtins6fn_def11return_type23extract_return_type_raw
FNDA:92,_RNvNtNtNtCskWHisZhi9Z4_4koan8builtins6fn_def11return_type25resolve_capture_at_finish
FNDA:2,_RNvNtNtNtCskWHisZhi9Z4_4koan8builtins6fn_def11return_type30verdict_for_deferred_type_expr
FNDA:1,_RNvNtNtNtCskWHisZhi9Z4_4koan8builtins6fn_def11return_type31verdict_for_deferred_expression
FNF:9
FNH:7
DA:58,324
DA:60,324
DA:61,274
DA:62,15
DA:63,259
DA:65,50
DA:66,50
DA:68,0
DA:69,0
DA:70,0
DA:71,0
DA:73,324
DA:91,324
DA:92,324
DA:93,324
DA:94,324
DA:95,324
DA:96,324
DA:97,324
DA:98,324
DA:99,259
DA:100,259
DA:101,259
DA:103,15
DA:104,15
DA:105,6
DA:106,2
DA:107,4
DA:109,6
DA:110,9
DA:113,9
DA:114,6
DA:115,0
DA:118,3
DA:119,3
DA:122,6
DA:123,6
DA:124,6
DA:126,0
DA:128,6
DA:130,50
DA:131,50
DA:132,13
DA:133,1
DA:134,12
DA:136,13
DA:137,13
DA:138,13
DA:139,13
DA:141,37
DA:142,37
DA:143,37
DA:144,37
DA:148,324
DA:150,265
DA:151,265
DA:152,264
DA:154,1
DA:155,1
DA:156,1
DA:157,1
DA:159,265
DA:165,2
DA:166,2
DA:167,2
DA:168,2
DA:171,2
DA:172,2
DA:173,2
DA:175,0
DA:176,0
DA:177,0
DA:178,0
DA:179,0
DA:180,0
DA:183,0
DA:185,2
DA:190,1
DA:191,1
DA:192,1
DA:193,0
DA:194,1
DA:195,1
DA:196,1
DA:197,1
DA:198,1
DA:199,1
DA:200,1
DA:201,1
DA:202,1
DA:203,0
DA:204,0
DA:205,0
DA:206,0
DA:207,0
DA:208,0
DA:209,0
DA:210,0
DA:211,0
DA:213,1
DA:215,0
DA:216,0
DA:217,0
DA:222,105
DA:223,105
DA:224,105
DA:225,105
DA:226,105
DA:227,105
DA:228,68
DA:229,0
DA:230,0
DA:231,0
DA:232,0
DA:233,0
DA:234,0
DA:236,0
DA:237,37
DA:238,37
DA:246,36
DA:247,36
DA:250,105
BRF:0
BRH:0
LF:124
LH:90
end_of_record
SF:/var/home/jack/Code/koan/src/builtins/fn_def/signature.rs
FN:209,_RNCNvNtNtNtCsbv2TPaIhNiJ_4koan8builtins6fn_def9signature13binder_bucket0B9_
FN:227,_RNCNvNtNtNtCsbv2TPaIhNiJ_4koan8builtins6fn_def9signature13binder_buckets_0B9_
FN:194,_RNvNtNtNtCsbv2TPaIhNiJ_4koan8builtins6fn_def9signature13binder_bucket
FN:62,_RNvNtNtNtCsbv2TPaIhNiJ_4koan8builtins6fn_def9signature19parse_fn_param_list
FN:252,_RNvNtNtNtCsbv2TPaIhNiJ_4koan8builtins6fn_def9signature19signature_expr_part
FN:12,_RNvNtNtNtCsbv2TPaIhNiJ_4koan8builtins6fn_def9signature34collect_param_names_from_signature
FN:209,_RNCNvNtNtNtCskWHisZhi9Z4_4koan8builtins6fn_def9signature13binder_bucket0B9_
FN:227,_RNCNvNtNtNtCskWHisZhi9Z4_4koan8builtins6fn_def9signature13binder_buckets_0B9_
FN:194,_RNvNtNtNtCskWHisZhi9Z4_4koan8builtins6fn_def9signature13binder_bucket
FN:62,_RNvNtNtNtCskWHisZhi9Z4_4koan8builtins6fn_def9signature19parse_fn_param_list
FN:252,_RNvNtNtNtCskWHisZhi9Z4_4koan8builtins6fn_def9signature19signature_expr_part
FN:12,_RNvNtNtNtCskWHisZhi9Z4_4koan8builtins6fn_def9signature34collect_param_names_from_signature
FNDA:66,_RNCNvNtNtNtCsbv2TPaIhNiJ_4koan8builtins6fn_def9signature13binder_bucket0B9_
FNDA:10,_RNCNvNtNtNtCsbv2TPaIhNiJ_4koan8builtins6fn_def9signature13binder_buckets_0B9_
FNDA:72,_RNvNtNtNtCsbv2TPaIhNiJ_4koan8builtins6fn_def9signature13binder_bucket
FNDA:49,_RNvNtNtNtCsbv2TPaIhNiJ_4koan8builtins6fn_def9signature19parse_fn_param_list
FNDA:72,_RNvNtNtNtCsbv2TPaIhNiJ_4koan8builtins6fn_def9signature19signature_expr_part
FNDA:36,_RNvNtNtNtCsbv2TPaIhNiJ_4koan8builtins6fn_def9signature34collect_param_names_from_signature
FNDA:365,_RNCNvNtNtNtCskWHisZhi9Z4_4koan8builtins6fn_def9signature13binder_bucket0B9_
FNDA:62,_RNCNvNtNtNtCskWHisZhi9Z4_4koan8builtins6fn_def9signature13binder_buckets_0B9_
FNDA:571,_RNvNtNtNtCskWHisZhi9Z4_4koan8builtins6fn_def9signature13binder_bucket
FNDA:367,_RNvNtNtNtCskWHisZhi9Z4_4koan8builtins6fn_def9signature19parse_fn_param_list
FNDA:571,_RNvNtNtNtCskWHisZhi9Z4_4koan8builtins6fn_def9signature19signature_expr_part
FNDA:281,_RNvNtNtNtCskWHisZhi9Z4_4koan8builtins6fn_def9signature34collect_param_names_from_signature
FNF:6
FNH:6
DA:12,317
DA:13,317
DA:14,317
DA:15,317
DA:16,892
DA:17,575
DA:18,220
DA:19,36
DA:20,319
DA:22,575
DA:23,256
DA:24,256
DA:25,254
DA:32,256
DA:33,254
DA:34,254
DA:35,254
DA:36,2
DA:37,319
DA:38,321
DA:40,317
DA:41,317
DA:62,416
DA:63,416
DA:64,416
DA:65,416
DA:66,416
DA:67,416
DA:68,416
DA:69,416
DA:70,416
DA:71,416
DA:72,1176
DA:75,762
DA:76,307
DA:77,37
DA:78,418
DA:80,762
DA:81,418
DA:82,418
DA:83,418
DA:84,418
DA:85,344
DA:86,344
DA:87,342
DA:88,191
DA:89,191
DA:90,188
DA:91,188
DA:92,188
DA:93,188
DA:94,188
DA:95,188
DA:96,1
DA:97,1
DA:98,1
DA:99,2
DA:100,2
DA:101,2
DA:102,2
DA:103,0
DA:105,191
DA:107,1
DA:108,1
DA:109,1
DA:110,1
DA:111,63
DA:112,63
DA:113,63
DA:114,63
DA:115,63
DA:116,63
DA:117,63
DA:118,63
DA:119,63
DA:120,63
DA:121,12
DA:122,12
DA:123,12
DA:124,12
DA:125,12
DA:126,12
DA:127,12
DA:128,12
DA:129,12
DA:130,75
DA:134,75
DA:135,75
DA:136,75
DA:137,75
DA:138,75
DA:139,75
DA:140,75
DA:141,75
DA:142,0
DA:143,0
DA:144,0
DA:145,0
DA:146,0
DA:147,0
DA:148,0
DA:153,2
DA:154,2
DA:155,2
DA:156,2
DA:160,0
DA:161,0
DA:162,0
DA:163,0
DA:164,0
DA:166,0
DA:167,0
DA:168,0
DA:169,0
DA:170,0
DA:174,414
DA:175,2
DA:176,412
DA:177,412
DA:178,77
DA:179,77
DA:180,77
DA:181,77
DA:182,335
DA:183,335
DA:184,416
DA:194,643
DA:195,643
DA:196,643
DA:198,643
DA:199,627
DA:200,627
DA:201,627
DA:202,1765
DA:203,1138
DA:204,631
DA:205,631
DA:206,631
DA:207,631
DA:209,435
DA:210,0
DA:211,431
DA:218,431
DA:219,435
DA:220,431
DA:221,431
DA:222,431
DA:223,4
DA:224,4
DA:227,72
DA:228,0
DA:229,72
DA:236,72
DA:237,72
DA:238,72
DA:239,72
DA:240,72
DA:241,0
DA:242,0
DA:244,0
DA:245,0
DA:246,0
DA:249,627
DA:250,643
DA:252,643
DA:253,643
DA:254,643
DA:255,627
DA:256,16
DA:258,643
BRF:0
BRH:0
LF:172
LH:147
end_of_record
SF:/var/home/jack/Code/koan/src/builtins/functor_def.rs
FN:23,_RNvNtNtCsbv2TPaIhNiJ_4koan8builtins11functor_def4body
FN:29,_RNvNtNtCsbv2TPaIhNiJ_4koan8builtins11functor_def8register
FN:34,_RNCNvNtNtCsbv2TPaIhNiJ_4koan8builtins11functor_def8register0B7_
FN:49,_RNCNvNtNtCsbv2TPaIhNiJ_4koan8builtins11functor_def8registers_0B7_
FN:23,_RNvNtNtCskWHisZhi9Z4_4koan8builtins11functor_def4body
FN:29,_RNvNtNtCskWHisZhi9Z4_4koan8builtins11functor_def8register
FN:34,_RNCNvNtNtCskWHisZhi9Z4_4koan8builtins11functor_def8register0B7_
FN:49,_RNCNvNtNtCskWHisZhi9Z4_4koan8builtins11functor_def8registers_0B7_
FNDA:7,_RNvNtNtCsbv2TPaIhNiJ_4koan8builtins11functor_def4body
FNDA:60,_RNvNtNtCsbv2TPaIhNiJ_4koan8builtins11functor_def8register
FNDA:60,_RNCNvNtNtCsbv2TPaIhNiJ_4koan8builtins11functor_def8register0B7_
FNDA:60,_RNCNvNtNtCsbv2TPaIhNiJ_4koan8builtins11functor_def8registers_0B7_
FNDA:18,_RNvNtNtCskWHisZhi9Z4_4koan8builtins11functor_def4body
FNDA:540,_RNvNtNtCskWHisZhi9Z4_4koan8builtins11functor_def8register
FNDA:540,_RNCNvNtNtCskWHisZhi9Z4_4koan8builtins11functor_def8register0B7_
FNDA:540,_RNCNvNtNtCskWHisZhi9Z4_4koan8builtins11functor_def8registers_0B7_
FNF:4
FNH:4
DA:23,25
DA:24,25
DA:25,25
DA:26,25
DA:27,25
DA:29,600
DA:34,600
DA:35,600
DA:36,600
DA:37,600
DA:38,600
DA:39,600
DA:40,600
DA:41,600
DA:42,600
DA:43,600
DA:46,600
DA:49,600
DA:50,600
DA:51,600
DA:52,600
DA:53,600
DA:54,600
DA:55,600
DA:56,600
DA:57,600
DA:58,600
DA:61,600
DA:63,600
DA:64,600
DA:65,600
DA:66,600
DA:67,600
DA:68,600
DA:69,600
DA:70,600
DA:73,600
DA:74,600
DA:75,600
DA:76,600
DA:77,600
DA:78,600
DA:79,600
DA:82,600
BRF:0
BRH:0
LF:46
LH:46
end_of_record
SF:/var/home/jack/Code/koan/src/builtins/let_binding.rs
FN:206,_RNvNtNtCsbv2TPaIhNiJ_4koan8builtins11let_binding11binder_name
FN:185,_RNvNtNtCsbv2TPaIhNiJ_4koan8builtins11let_binding21capitalize_identifier
FN:14,_RNvNtNtCsbv2TPaIhNiJ_4koan8builtins11let_binding4body
FN:213,_RNvNtNtCsbv2TPaIhNiJ_4koan8builtins11let_binding8register
FN:20,_RNCNvNtNtCsbv2TPaIhNiJ_4koan8builtins11let_binding4body0B7_
FN:151,_RNCNvNtNtCsbv2TPaIhNiJ_4koan8builtins11let_binding4bodys0_0B7_
FN:110,_RNCNvNtNtCsbv2TPaIhNiJ_4koan8builtins11let_binding4bodys_0B7_
FN:214,_RNCNvNtNtCsbv2TPaIhNiJ_4koan8builtins11let_binding8register0B7_
FN:225,_RNCNvNtNtCsbv2TPaIhNiJ_4koan8builtins11let_binding8registers_0B7_
FN:206,_RNvNtNtCskWHisZhi9Z4_4koan8builtins11let_binding11binder_name
FN:185,_RNvNtNtCskWHisZhi9Z4_4koan8builtins11let_binding21capitalize_identifier
FN:14,_RNvNtNtCskWHisZhi9Z4_4koan8builtins11let_binding4body
FN:213,_RNvNtNtCskWHisZhi9Z4_4koan8builtins11let_binding8register
FN:20,_RNCNvNtNtCskWHisZhi9Z4_4koan8builtins11let_binding4body0B7_
FN:151,_RNCNvNtNtCskWHisZhi9Z4_4koan8builtins11let_binding4bodys0_0B7_
FN:110,_RNCNvNtNtCskWHisZhi9Z4_4koan8builtins11let_binding4bodys_0B7_
FN:214,_RNCNvNtNtCskWHisZhi9Z4_4koan8builtins11let_binding8register0B7_
FN:225,_RNCNvNtNtCskWHisZhi9Z4_4koan8builtins11let_binding8registers_0B7_
FNDA:136,_RNvNtNtCsbv2TPaIhNiJ_4koan8builtins11let_binding11binder_name
FNDA:1,_RNvNtNtCsbv2TPaIhNiJ_4koan8builtins11let_binding21capitalize_identifier
FNDA:62,_RNvNtNtCsbv2TPaIhNiJ_4koan8builtins11let_binding4body
FNDA:60,_RNvNtNtCsbv2TPaIhNiJ_4koan8builtins11let_binding8register
FNDA:1,_RNCNvNtNtCsbv2TPaIhNiJ_4koan8builtins11let_binding4body0B7_
FNDA:12,_RNCNvNtNtCsbv2TPaIhNiJ_4koan8builtins11let_binding4bodys0_0B7_
FNDA:22,_RNCNvNtNtCsbv2TPaIhNiJ_4koan8builtins11let_binding4bodys_0B7_
FNDA:60,_RNCNvNtNtCsbv2TPaIhNiJ_4koan8builtins11let_binding8register0B7_
FNDA:60,_RNCNvNtNtCsbv2TPaIhNiJ_4koan8builtins11let_binding8registers_0B7_
FNDA:842,_RNvNtNtCskWHisZhi9Z4_4koan8builtins11let_binding11binder_name
FNDA:4,_RNvNtNtCskWHisZhi9Z4_4koan8builtins11let_binding21capitalize_identifier
FNDA:397,_RNvNtNtCskWHisZhi9Z4_4koan8builtins11let_binding4body
FNDA:540,_RNvNtNtCskWHisZhi9Z4_4koan8builtins11let_binding8register
FNDA:12,_RNCNvNtNtCskWHisZhi9Z4_4koan8builtins11let_binding4body0B7_
FNDA:139,_RNCNvNtNtCskWHisZhi9Z4_4koan8builtins11let_binding4bodys0_0B7_
FNDA:112,_RNCNvNtNtCskWHisZhi9Z4_4koan8builtins11let_binding4bodys_0B7_
FNDA:540,_RNCNvNtNtCskWHisZhi9Z4_4koan8builtins11let_binding8register0B7_
FNDA:540,_RNCNvNtNtCskWHisZhi9Z4_4koan8builtins11let_binding8registers_0B7_
FNF:9
FNH:9
DA:14,459
DA:15,459
DA:16,459
DA:20,459
DA:21,459
DA:22,459
DA:23,459
DA:24,0
DA:26,459
DA:27,459
DA:28,321
DA:29,321
DA:30,4
DA:31,1
DA:32,1
DA:33,2
DA:35,4
DA:36,4
DA:37,4
DA:38,4
DA:39,4
DA:40,4
DA:41,4
DA:42,4
DA:43,317
DA:44,317
DA:46,138
DA:47,138
DA:48,137
DA:55,1
DA:56,1
DA:57,1
DA:58,1
DA:60,0
DA:62,134
DA:63,128
DA:64,9
DA:65,3
DA:66,3
DA:67,3
DA:68,3
DA:69,3
DA:72,134
DA:74,0
DA:75,0
DA:76,0
DA:77,0
DA:78,0
DA:79,0
DA:81,0
DA:83,451
DA:84,2
DA:85,2
DA:86,2
DA:87,2
DA:88,449
DA:89,449
DA:90,134
DA:91,6
DA:92,6
DA:93,6
DA:94,4
DA:96,134
DA:97,28
DA:98,28
DA:99,28
DA:100,28
DA:102,106
DA:108,134
DA:109,134
DA:110,134
DA:111,134
DA:112,134
DA:113,134
DA:114,134
DA:116,0
DA:117,134
DA:120,134
DA:121,134
DA:122,0
DA:124,134
DA:125,134
DA:126,134
DA:127,134
DA:129,315
DA:130,315
DA:131,315
DA:132,25
DA:133,1
DA:134,1
DA:135,1
DA:136,1
DA:137,1
DA:138,1
DA:139,314
DA:149,314
DA:150,314
DA:151,314
DA:152,314
DA:153,314
DA:154,314
DA:155,314
DA:157,314
DA:158,0
DA:160,314
DA:161,1
DA:162,1
DA:163,1
DA:164,1
DA:165,1
DA:166,313
DA:167,313
DA:168,1
DA:169,312
DA:173,312
DA:174,312
DA:175,312
DA:176,312
DA:177,312
DA:179,459
DA:185,5
DA:186,5
DA:187,5
DA:188,5
DA:189,5
DA:190,5
DA:191,5
DA:192,5
DA:194,0
DA:196,5
DA:206,978
DA:207,978
DA:208,834
DA:209,144
DA:211,978
DA:213,600
DA:214,600
DA:215,600
DA:216,600
DA:217,600
DA:218,600
DA:219,600
DA:220,600
DA:221,600
DA:224,600
DA:225,600
DA:226,600
DA:227,600
DA:228,600
DA:229,600
DA:230,600
DA:231,600
DA:232,600
DA:235,600
DA:236,600
DA:237,600
DA:238,600
DA:239,600
DA:240,600
DA:241,600
DA:242,600
DA:245,600
DA:246,600
DA:247,600
DA:248,600
DA:249,600
DA:250,600
DA:251,600
DA:254,600
BRF:0
BRH:0
LF:174
LH:161
end_of_record
SF:/var/home/jack/Code/koan/src/builtins/match_case.rs
FN:79,_RNCNvNtNtCsbv2TPaIhNiJ_4koan8builtins10match_case4body0B7_
FN:23,_RNvNtNtCsbv2TPaIhNiJ_4koan8builtins10match_case4body
FN:86,_RNvNtNtCsbv2TPaIhNiJ_4koan8builtins10match_case8register
FN:79,_RNCNvNtNtCskWHisZhi9Z4_4koan8builtins10match_case4body0B7_
FN:109,_RNvNtNtNtCskWHisZhi9Z4_4koan8builtins10match_case5tests11run_program
FN:148,_RNvNtNtNtCskWHisZhi9Z4_4koan8builtins10match_case5testss_25match_inexhaustive_errors
FN:128,_RNvNtNtNtCskWHisZhi9Z4_4koan8builtins10match_case5testss_29match_binds_inner_value_to_it
FN:226,_RNvNtNtNtCskWHisZhi9Z4_4koan8builtins10match_case5testss_29recursive_tagged_match_no_uaf
FN:241,_RNvNtNtNtCskWHisZhi9Z4_4koan8builtins10match_case5testss_33match_on_bool_inexhaustive_errors
FN:210,_RNvNtNtNtCskWHisZhi9Z4_4koan8builtins10match_case5testss_36match_on_bool_true_takes_true_branch
FN:138,_RNvNtNtNtCskWHisZhi9Z4_4koan8builtins10match_case5testss_37match_does_not_run_unmatched_branches
FN:218,_RNvNtNtNtCskWHisZhi9Z4_4koan8builtins10match_case5testss_38match_on_bool_false_takes_false_branch
FN:118,_RNvNtNtNtCskWHisZhi9Z4_4koan8builtins10match_case5testss_40match_dispatches_branch_for_matching_tag
FN:367,_RNvNtNtNtCskWHisZhi9Z4_4koan8builtins10match_case5testss_40match_on_bool_falls_through_to_typed_arm
FN:200,_RNvNtNtNtCskWHisZhi9Z4_4koan8builtins10match_case5testss_40match_other_branch_runs_when_tag_matches
FN:313,_RNvNtNtNtCskWHisZhi9Z4_4koan8builtins10match_case5testss_41match_f1_ambiguous_arms_error_naming_both
FN:299,_RNvNtNtNtCskWHisZhi9Z4_4koan8builtins10match_case5testss_41match_f1_specific_arm_wins_over_broad_arm
FN:281,_RNvNtNtNtCskWHisZhi9Z4_4koan8builtins10match_case5testss_41match_over_union_producer_selects_str_arm
FN:290,_RNvNtNtNtCskWHisZhi9Z4_4koan8builtins10match_case5testss_44match_general_type_arm_on_untagged_scrutinee
FN:271,_RNvNtNtNtCskWHisZhi9Z4_4koan8builtins10match_case5testss_44match_over_union_producer_selects_number_arm
FN:168,_RNvNtNtNtCskWHisZhi9Z4_4koan8builtins10match_case5testss_47match_arm_violating_declared_return_type_errors
FN:256,_RNvNtNtNtCskWHisZhi9Z4_4koan8builtins10match_case5testss_47multi_statement_match_branch_returns_last_value
FN:329,_RNvNtNtNtCskWHisZhi9Z4_4koan8builtins10match_case5testss_54match_bogus_head_over_variant_scrutinee_lists_variants
FN:187,_RNvNtNtNtCskWHisZhi9Z4_4koan8builtins10match_case5testss_54match_value_is_admissible_against_declared_return_slot
FN:350,_RNvNtNtNtCskWHisZhi9Z4_4koan8builtins10match_case5testss_55match_bogus_head_over_non_variant_scrutinee_stays_short
FN:377,_RNvNtNtNtCskWHisZhi9Z4_4koan8builtins10match_case5testss_55match_on_bool_two_admitting_literal_heads_are_ambiguous
FN:394,_RNvNtNtNtCskWHisZhi9Z4_4koan8builtins10match_case5testss_59fn_recursion_with_multi_statement_body_via_match_terminates
FN:23,_RNvNtNtCskWHisZhi9Z4_4koan8builtins10match_case4body
FN:86,_RNvNtNtCskWHisZhi9Z4_4koan8builtins10match_case8register
FNDA:3,_RNCNvNtNtCsbv2TPaIhNiJ_4koan8builtins10match_case4body0B7_
FNDA:3,_RNvNtNtCsbv2TPaIhNiJ_4koan8builtins10match_case4body
FNDA:60,_RNvNtNtCsbv2TPaIhNiJ_4koan8builtins10match_case8register
FNDA:98,_RNCNvNtNtCskWHisZhi9Z4_4koan8builtins10match_case4body0B7_
FNDA:16,_RNvNtNtNtCskWHisZhi9Z4_4koan8builtins10match_case5tests11run_program
FNDA:1,_RNvNtNtNtCskWHisZhi9Z4_4koan8builtins10match_case5testss_25match_inexhaustive_errors
FNDA:1,_RNvNtNtNtCskWHisZhi9Z4_4koan8builtins10match_case5testss_29match_binds_inner_value_to_it
FNDA:1,_RNvNtNtNtCskWHisZhi9Z4_4koan8builtins10match_case5testss_29recursive_tagged_match_no_uaf
FNDA:1,_RNvNtNtNtCskWHisZhi9Z4_4koan8builtins10match_case5testss_33match_on_bool_inexhaustive_errors
FNDA:1,_RNvNtNtNtCskWHisZhi9Z4_4koan8builtins10match_case5testss_36match_on_bool_true_takes_true_branch
FNDA:1,_RNvNtNtNtCskWHisZhi9Z4_4koan8builtins10match_case5testss_37match_does_not_run_unmatched_branches
FNDA:1,_RNvNtNtNtCskWHisZhi9Z4_4koan8builtins10match_case5testss_38match_on_bool_false_takes_false_branch
FNDA:1,_RNvNtNtNtCskWHisZhi9Z4_4koan8builtins10match_case5testss_40match_dispatches_branch_for_matching_tag
FNDA:1,_RNvNtNtNtCskWHisZhi9Z4_4koan8builtins10match_case5testss_40match_on_bool_falls_through_to_typed_arm
FNDA:1,_RNvNtNtNtCskWHisZhi9Z4_4koan8builtins10match_case5testss_40match_other_branch_runs_when_tag_matches
FNDA:1,_RNvNtNtNtCskWHisZhi9Z4_4koan8builtins10match_case5testss_41match_f1_ambiguous_arms_error_naming_both
FNDA:1,_RNvNtNtNtCskWHisZhi9Z4_4koan8builtins10match_case5testss_41match_f1_specific_arm_wins_over_broad_arm
FNDA:1,_RNvNtNtNtCskWHisZhi9Z4_4koan8builtins10match_case5testss_41match_over_union_producer_selects_str_arm
FNDA:1,_RNvNtNtNtCskWHisZhi9Z4_4koan8builtins10match_case5testss_44match_general_type_arm_on_untagged_scrutinee
FNDA:1,_RNvNtNtNtCskWHisZhi9Z4_4koan8builtins10match_case5testss_44match_over_union_producer_selects_number_arm
FNDA:1,_RNvNtNtNtCskWHisZhi9Z4_4koan8builtins10match_case5testss_47match_arm_violating_declared_return_type_errors
FNDA:1,_RNvNtNtNtCskWHisZhi9Z4_4koan8builtins10match_case5testss_47multi_statement_match_branch_returns_last_value
FNDA:1,_RNvNtNtNtCskWHisZhi9Z4_4koan8builtins10match_case5testss_54match_bogus_head_over_variant_scrutinee_lists_variants
FNDA:1,_RNvNtNtNtCskWHisZhi9Z4_4koan8builtins10match_case5testss_54match_value_is_admissible_against_declared_return_slot
FNDA:1,_RNvNtNtNtCskWHisZhi9Z4_4koan8builtins10match_case5testss_55match_bogus_head_over_non_variant_scrutinee_stays_short
FNDA:1,_RNvNtNtNtCskWHisZhi9Z4_4koan8builtins10match_case5testss_55match_on_bool_two_admitting_literal_heads_are_ambiguous
FNDA:1,_RNvNtNtNtCskWHisZhi9Z4_4koan8builtins10match_case5testss_59fn_recursion_with_multi_statement_body_via_match_terminates
FNDA:105,_RNvNtNtCskWHisZhi9Z4_4koan8builtins10match_case4body
FNDA:540,_RNvNtNtCskWHisZhi9Z4_4koan8builtins10match_case8register
FNF:26
FNH:26
DA:23,108
DA:24,108
DA:25,108
DA:31,108
DA:32,108
DA:34,0
DA:35,0
DA:36,0
DA:39,108
DA:40,108
DA:41,101
DA:42,108
DA:43,101
DA:45,3
DA:46,3
DA:47,3
DA:48,3
DA:50,4
DA:57,101
DA:58,101
DA:59,9
DA:60,92
DA:61,92
DA:62,87
DA:64,5
DA:66,92
DA:67,0
DA:68,0
DA:69,0
DA:70,0
DA:71,0
DA:73,0
DA:75,0
DA:77,101
DA:78,101
DA:79,101
DA:80,101
DA:81,101
DA:82,101
DA:84,108
DA:86,600
DA:87,600
DA:88,600
DA:89,600
DA:90,600
DA:91,600
DA:92,600
DA:93,600
DA:94,600
DA:95,600
DA:98,600
DA:99,600
DA:109,16
DA:110,16
DA:111,16
DA:112,16
DA:113,16
DA:114,16
DA:115,16
DA:118,1
DA:119,1
DA:120,1
DA:121,1
DA:122,1
DA:124,1
DA:125,1
DA:128,1
DA:129,1
DA:130,1
DA:131,1
DA:132,1
DA:134,1
DA:135,1
DA:138,1
DA:139,1
DA:140,1
DA:141,1
DA:142,1
DA:144,1
DA:145,1
DA:148,1
DA:149,1
DA:150,1
DA:151,1
DA:152,1
DA:153,1
DA:155,1
DA:156,1
DA:157,1
DA:161,1
DA:162,1
DA:165,1
DA:168,1
DA:169,1
DA:170,1
DA:171,1
DA:172,1
DA:173,1
DA:176,1
DA:177,1
DA:178,1
DA:180,1
DA:181,1
DA:184,1
DA:187,1
DA:190,1
DA:191,1
DA:192,1
DA:193,1
DA:194,1
DA:196,1
DA:197,1
DA:200,1
DA:201,1
DA:202,1
DA:203,1
DA:204,1
DA:206,1
DA:207,1
DA:210,1
DA:211,1
DA:212,1
DA:214,1
DA:215,1
DA:218,1
DA:219,1
DA:220,1
DA:222,1
DA:223,1
DA:226,1
DA:229,1
DA:230,1
DA:231,1
DA:232,1
DA:233,1
DA:234,1
DA:235,1
DA:237,1
DA:238,1
DA:241,1
DA:242,1
DA:243,1
DA:244,1
DA:245,1
DA:246,1
DA:249,1
DA:250,1
DA:253,1
DA:256,1
DA:257,1
DA:258,1
DA:259,1
DA:260,1
DA:261,1
DA:262,1
DA:263,1
DA:265,1
DA:266,1
DA:267,1
DA:268,1
DA:271,1
DA:273,1
DA:274,1
DA:275,1
DA:277,1
DA:278,1
DA:281,1
DA:282,1
DA:283,1
DA:284,1
DA:286,1
DA:287,1
DA:290,1
DA:293,1
DA:294,1
DA:295,1
DA:296,1
DA:299,1
DA:302,1
DA:303,1
DA:305,1
DA:306,1
DA:307,1
DA:309,1
DA:310,1
DA:313,1
DA:315,1
DA:316,1
DA:317,1
DA:318,1
DA:319,1
DA:321,1
DA:322,1
DA:323,1
DA:326,1
DA:329,1
DA:330,1
DA:331,1
DA:332,1
DA:333,1
DA:334,1
DA:338,1
DA:339,1
DA:340,1
DA:342,1
DA:343,1
DA:344,1
DA:347,1
DA:350,1
DA:353,1
DA:354,1
DA:355,1
DA:356,1
DA:357,1
DA:359,1
DA:360,1
DA:361,1
DA:364,1
DA:367,1
DA:370,1
DA:371,1
DA:373,1
DA:374,1
DA:377,1
DA:380,1
DA:381,1
DA:382,1
DA:383,1
DA:384,1
DA:386,1
DA:387,1
DA:388,1
DA:391,1
DA:394,1
DA:395,1
DA:396,1
DA:397,1
DA:398,1
DA:399,1
DA:400,1
DA:401,1
DA:402,1
DA:403,1
DA:404,1
DA:406,1
DA:407,1
DA:408,1
BRF:0
BRH:0
LF:248
LH:238
end_of_record
SF:/var/home/jack/Code/koan/src/builtins/module_def.rs
FN:42,_RNCNvNtNtCsbv2TPaIhNiJ_4koan8builtins10module_def4body0B7_
FN:22,_RNvNtNtCsbv2TPaIhNiJ_4koan8builtins10module_def4body
FN:101,_RNvNtNtCsbv2TPaIhNiJ_4koan8builtins10module_def8register
FN:22,_RNvNtNtCskWHisZhi9Z4_4koan8builtins10module_def4body
FN:101,_RNvNtNtCskWHisZhi9Z4_4koan8builtins10module_def8register
FN:133,_RNvNtNtNtCskWHisZhi9Z4_4koan8builtins10module_def5tests14resolve_module
FN:195,_RNvNtNtNtCskWHisZhi9Z4_4koan8builtins10module_def5testss_28module_unknown_member_errors
FN:163,_RNvNtNtNtCskWHisZhi9Z4_4koan8builtins10module_def5testss_29module_member_access_via_attr
FN:141,_RNvNtNtNtCskWHisZhi9Z4_4koan8builtins10module_def5testss_32binder_name_extracts_module_name
FN:148,_RNvNtNtNtCskWHisZhi9Z4_4koan8builtins10module_def5testss_32module_binds_under_name_in_scope
FN:181,_RNvNtNtNtCskWHisZhi9Z4_4koan8builtins10module_def5testss_33module_member_function_via_let_fn
FN:273,_RNvNtNtNtCskWHisZhi9Z4_4koan8builtins10module_def5testss_36module_body_dispatch_does_not_dangle
FN:219,_RNvNtNtNtCskWHisZhi9Z4_4koan8builtins10module_def5testss_38module_body_parks_on_outer_placeholder
FN:229,_RNvNtNtNtCskWHisZhi9Z4_4koan8builtins10module_def5testss_41module_body_error_short_circuits_finalize
FN:172,_RNvNtNtNtCskWHisZhi9Z4_4koan8builtins10module_def5testss_41module_with_multiple_statements_in_parens
FN:208,_RNvNtNtNtCskWHisZhi9Z4_4koan8builtins10module_def5testss_41nested_module_accessible_via_chained_attr
FN:243,_RNvNtNtNtCskWHisZhi9Z4_4koan8builtins10module_def5testss_50module_finalize_short_circuits_on_idempotent_state
FN:42,_RNCNvNtNtCskWHisZhi9Z4_4koan8builtins10module_def4body0B7_
FNDA:20,_RNCNvNtNtCsbv2TPaIhNiJ_4koan8builtins10module_def4body0B7_
FNDA:21,_RNvNtNtCsbv2TPaIhNiJ_4koan8builtins10module_def4body
FNDA:60,_RNvNtNtCsbv2TPaIhNiJ_4koan8builtins10module_def8register
FNDA:84,_RNvNtNtCskWHisZhi9Z4_4koan8builtins10module_def4body
FNDA:540,_RNvNtNtCskWHisZhi9Z4_4koan8builtins10module_def8register
FNDA:3,_RNvNtNtNtCskWHisZhi9Z4_4koan8builtins10module_def5tests14resolve_module
FNDA:1,_RNvNtNtNtCskWHisZhi9Z4_4koan8builtins10module_def5testss_28module_unknown_member_errors
[...]
FN:37,_RNvNtNtCskWHisZhi9Z4_4koan5parse10whitespace12collapse_str
FN:291,_RNvNtNtCskWHisZhi9Z4_4koan5parse10whitespace13adjust_parens
FN:278,_RNvNtNtCskWHisZhi9Z4_4koan5parse10whitespace16line_delim_delta
FN:284,_RNvNtNtCskWHisZhi9Z4_4koan5parse10whitespace16line_paren_delta
FN:31,_RNvNtNtCskWHisZhi9Z4_4koan5parse10whitespace19collapse_whitespace
FN:233,_RNvNtNtCskWHisZhi9Z4_4koan5parse10whitespace19walk_content_cursor
FN:224,_RNvNtNtCskWHisZhi9Z4_4koan5parse10whitespace9emit_jump
FN:55,_RNCNvNtNtCskWHisZhi9Z4_4koan5parse10whitespace12collapse_str0B7_
FN:149,_RNCNvNtNtCskWHisZhi9Z4_4koan5parse10whitespace12collapse_strs0_0B7_
FN:56,_RNCNvNtNtCskWHisZhi9Z4_4koan5parse10whitespace12collapse_strs_0B7_
FN:279,_RNCNvNtNtCskWHisZhi9Z4_4koan5parse10whitespace16line_delim_delta0B7_
FN:280,_RNCNvNtNtCskWHisZhi9Z4_4koan5parse10whitespace16line_delim_deltas_0B7_
FN:285,_RNCNvNtNtCskWHisZhi9Z4_4koan5parse10whitespace16line_paren_delta0B7_
FN:286,_RNCNvNtNtCskWHisZhi9Z4_4koan5parse10whitespace16line_paren_deltas_0B7_
FN:33,_RNCNvNtNtCskWHisZhi9Z4_4koan5parse10whitespace19collapse_whitespace0B7_
FN:252,_RNCNvNtNtCskWHisZhi9Z4_4koan5parse10whitespace19walk_content_cursor0B7_
FN:253,_RNCNvNtNtCskWHisZhi9Z4_4koan5parse10whitespace19walk_content_cursors_0B7_
FNDA:5402,_RNCNvNtNtCsbv2TPaIhNiJ_4koan5parse10whitespace12collapse_str0B7_
FNDA:0,_RNCNvNtNtCsbv2TPaIhNiJ_4koan5parse10whitespace12collapse_strs0_0B7_
FNDA:89,_RNCNvNtNtCsbv2TPaIhNiJ_4koan5parse10whitespace12collapse_strs_0B7_
FNDA:5313,_RNCNvNtNtCsbv2TPaIhNiJ_4koan5parse10whitespace16line_delim_delta0B7_
FNDA:5313,_RNCNvNtNtCsbv2TPaIhNiJ_4koan5parse10whitespace16line_delim_deltas_0B7_
FNDA:5313,_RNCNvNtNtCsbv2TPaIhNiJ_4koan5parse10whitespace16line_paren_delta0B7_
FNDA:5313,_RNCNvNtNtCsbv2TPaIhNiJ_4koan5parse10whitespace16line_paren_deltas_0B7_
FNDA:0,_RNCNvNtNtCsbv2TPaIhNiJ_4koan5parse10whitespace19collapse_whitespace0B7_
FNDA:24,_RNCNvNtNtCsbv2TPaIhNiJ_4koan5parse10whitespace19walk_content_cursor0B7_
FNDA:0,_RNCNvNtNtCsbv2TPaIhNiJ_4koan5parse10whitespace19walk_content_cursors_0B7_
FNDA:60,_RNvNtNtCsbv2TPaIhNiJ_4koan5parse10whitespace12collapse_str
FNDA:149,_RNvNtNtCsbv2TPaIhNiJ_4koan5parse10whitespace13adjust_parens
FNDA:149,_RNvNtNtCsbv2TPaIhNiJ_4koan5parse10whitespace16line_delim_delta
FNDA:149,_RNvNtNtCsbv2TPaIhNiJ_4koan5parse10whitespace16line_paren_delta
FNDA:60,_RNvNtNtCsbv2TPaIhNiJ_4koan5parse10whitespace19collapse_whitespace
FNDA:149,_RNvNtNtCsbv2TPaIhNiJ_4koan5parse10whitespace19walk_content_cursor
FNDA:298,_RNvNtNtCsbv2TPaIhNiJ_4koan5parse10whitespace9emit_jump
FNDA:959,_RNvNtNtCskWHisZhi9Z4_4koan5parse10whitespace12collapse_str
FNDA:1451,_RNvNtNtCskWHisZhi9Z4_4koan5parse10whitespace13adjust_parens
FNDA:1451,_RNvNtNtCskWHisZhi9Z4_4koan5parse10whitespace16line_delim_delta
FNDA:1458,_RNvNtNtCskWHisZhi9Z4_4koan5parse10whitespace16line_paren_delta
FNDA:959,_RNvNtNtCskWHisZhi9Z4_4koan5parse10whitespace19collapse_whitespace
FNDA:1458,_RNvNtNtCskWHisZhi9Z4_4koan5parse10whitespace19walk_content_cursor
FNDA:2839,_RNvNtNtCskWHisZhi9Z4_4koan5parse10whitespace9emit_jump
FNDA:41391,_RNCNvNtNtCskWHisZhi9Z4_4koan5parse10whitespace12collapse_str0B7_
FNDA:151,_RNCNvNtNtCskWHisZhi9Z4_4koan5parse10whitespace12collapse_strs0_0B7_
FNDA:524,_RNCNvNtNtCskWHisZhi9Z4_4koan5parse10whitespace12collapse_strs_0B7_
FNDA:40561,_RNCNvNtNtCskWHisZhi9Z4_4koan5parse10whitespace16line_delim_delta0B7_
FNDA:40561,_RNCNvNtNtCskWHisZhi9Z4_4koan5parse10whitespace16line_delim_deltas_0B7_
FNDA:40583,_RNCNvNtNtCskWHisZhi9Z4_4koan5parse10whitespace16line_paren_delta0B7_
FNDA:40583,_RNCNvNtNtCskWHisZhi9Z4_4koan5parse10whitespace16line_paren_deltas_0B7_
FNDA:0,_RNCNvNtNtCskWHisZhi9Z4_4koan5parse10whitespace19collapse_whitespace0B7_
FNDA:246,_RNCNvNtNtCskWHisZhi9Z4_4koan5parse10whitespace19walk_content_cursor0B7_
FNDA:0,_RNCNvNtNtCskWHisZhi9Z4_4koan5parse10whitespace19walk_content_cursors_0B7_
FNF:17
FNH:15
DA:31,1019
DA:32,1019
DA:33,1019
DA:34,1019
DA:35,1019
DA:37,1019
DA:38,1019
DA:39,1019
DA:40,1019
DA:41,1019
DA:42,1019
DA:45,1019
DA:47,1019
DA:48,1019
DA:49,1019
DA:50,1019
DA:52,2643
DA:53,1631
DA:54,1631
DA:55,46793
DA:56,1631
DA:57,1631
DA:59,1631
DA:60,1631
DA:61,1631
DA:62,1631
DA:64,1631
DA:66,1631
DA:70,24
DA:71,24
DA:72,24
DA:73,8
DA:75,16
DA:77,24
DA:78,24
DA:79,1607
DA:81,1607
DA:83,1607
DA:84,1607
DA:86,1607
DA:87,1607
DA:89,1607
DA:90,1607
DA:91,1607
DA:92,1607
DA:93,1607
DA:117,1607
DA:118,54
DA:119,54
DA:120,1553
DA:123,1553
DA:124,32
DA:127,12
DA:128,1
DA:129,1
DA:130,1
DA:131,1
DA:132,1
DA:133,11
DA:134,11
DA:135,11
DA:136,20
DA:137,20
DA:140,1
DA:141,1
DA:142,1
DA:143,1
DA:144,1
DA:145,1
DA:146,19
DA:147,1521
DA:149,1540
DA:150,3
DA:151,3
DA:152,3
DA:153,3
DA:154,3
DA:155,3
DA:156,3
DA:157,3
DA:158,1537
DA:159,1537
DA:160,2
DA:161,2
DA:162,2
DA:163,2
DA:164,2
DA:165,2
DA:166,2
DA:167,2
DA:168,1535
DA:170,2027
DA:171,541
DA:172,492
DA:173,492
DA:174,492
DA:175,492
DA:176,49
DA:182,1535
DA:183,518
DA:184,1017
DA:188,1535
DA:189,1535
DA:190,11
DA:191,11
DA:192,11
DA:193,11
DA:194,11
DA:195,1524
DA:196,1524
DA:197,1524
DA:198,1524
DA:199,1524
DA:201,1535
DA:202,1535
DA:203,1535
DA:204,1535
DA:205,1535
DA:207,1535
DA:208,1535
DA:209,573
DA:211,962
DA:213,1535
DA:216,2046
DA:217,1034
DA:218,1034
DA:219,1034
DA:221,1012
DA:222,1019
DA:224,3137
DA:225,3137
DA:226,3137
DA:227,3137
DA:228,3137
DA:233,1607
DA:234,1607
DA:235,1607
DA:236,45810
DA:237,44203
DA:238,44203
DA:239,270
DA:240,270
DA:241,871
DA:242,601
DA:243,601
DA:244,270
DA:245,0
DA:246,270
DA:247,270
DA:248,0
DA:249,270
DA:250,270
DA:251,270
DA:252,270
DA:253,270
DA:254,270
DA:255,43933
DA:256,270
DA:257,540
DA:258,270
DA:259,270
DA:260,270
DA:261,0
DA:262,270
DA:263,270
DA:264,552
DA:265,282
DA:266,282
DA:267,270
DA:268,43663
DA:269,43663
DA:270,43663
DA:271,43663
DA:273,1607
DA:274,1607
DA:278,1600
DA:279,45874
DA:280,45874
DA:281,1600
DA:282,1600
DA:284,1607
DA:285,45896
DA:286,45896
DA:287,1607
DA:288,1607
DA:291,1600
DA:292,1600
DA:293,15
DA:294,15
DA:295,15
DA:297,1585
DA:298,13
DA:299,13
DA:301,1600
BRF:0
BRH:0
LF:204
LH:199
end_of_record
SF:/var/home/jack/Code/koan/src/source.rs
FN:54,_RNvMNtCsbv2TPaIhNiJ_4koan6sourceNtB2_10SourceFile7resolve
FN:117,_RNvMs_NtCsbv2TPaIhNiJ_4koan6sourceNtB4_16CurrentFileGuard4push
FN:104,_RNvNtCsbv2TPaIhNiJ_4koan6source11set_current
FN:98,_RNvNtCsbv2TPaIhNiJ_4koan6source7current
FN:73,_RNvNtCsbv2TPaIhNiJ_4koan6source8register
FN:152,_RNvXININtCsbv2TPaIhNiJ_4koan6sources2_0pEINtB5_7SpannedpEINtNtCs27Vx93FoQ6z_4core7convert4FrompE4fromB7_
FN:125,_RNvXs0_NtCsbv2TPaIhNiJ_4koan6sourceNtB5_16CurrentFileGuardNtNtNtCs27Vx93FoQ6z_4core3ops4drop4Drop4drop
FN:38,_RINvMNtCsbv2TPaIhNiJ_4koan6sourceNtB3_10SourceFile3newReEB5_
FN:85,_RINvNtCsbv2TPaIhNiJ_4koan6source4withINtNtCs27Vx93FoQ6z_4core6option6OptionTINtNtCsgW8esjfipvk_5alloc2rc2RceEmmEENCNvXs2_NtNtNtB4_7machine4core6kerrorNtB1V_10KErrorKindNtNtBE_3fmt7Display3fmt0EB4_
FN:85,_RINvNtCsbv2TPaIhNiJ_4koan6source4withNtB2_9SourceLocNCNCNvNtNtNtB4_7machine4core6kerror18location_from_expr00EB4_
FN:85,_RINvNtCsbv2TPaIhNiJ_4koan6source4withTINtNtCs27Vx93FoQ6z_4core6option6OptionNtNtCsgW8esjfipvk_5alloc6string6StringEIBB_mEB1P_ENCNvMs0_NtNtNtB4_7machine4core6kerrorNtB28_10KErrorKind16to_struct_fields0EB4_
FN:85,_RINvNtCsbv2TPaIhNiJ_4koan6source4withTINtNtCsgW8esjfipvk_5alloc3vec3VechEINtNtNtNtCs75vJTIYSa2J_3std11collections4hash3map7HashMapjNtNtBF_6string6StringEENCNvNtNtB4_5parse15expression_tree17parse_with_source0EB4_
FN:86,_RNCINvNtCsbv2TPaIhNiJ_4koan6source4withINtNtCs27Vx93FoQ6z_4core6option6OptionTINtNtCsgW8esjfipvk_5alloc2rc2RceEmmEENCNvXs2_NtNtNtB6_7machine4core6kerrorNtB1X_10KErrorKindNtNtBG_3fmt7Display3fmt0E0B6_
FN:86,_RNCINvNtCsbv2TPaIhNiJ_4koan6source4withNtB4_9SourceLocNCNCNvNtNtNtB6_7machine4core6kerror18location_from_expr00E0B6_
FN:86,_RNCINvNtCsbv2TPaIhNiJ_4koan6source4withTINtNtCs27Vx93FoQ6z_4core6option6OptionNtNtCsgW8esjfipvk_5alloc6string6StringEIBD_mEB1R_ENCNvMs0_NtNtNtB6_7machine4core6kerrorNtB2a_10KErrorKind16to_struct_fields0E0B6_
FN:86,_RNCINvNtCsbv2TPaIhNiJ_4koan6source4withTINtNtCsgW8esjfipvk_5alloc3vec3VechEINtNtNtNtCs75vJTIYSa2J_3std11collections4hash3map7HashMapjNtNtBH_6string6StringEENCNvNtNtB6_5parse15expression_tree17parse_with_source0E0B6_
FN:105,_RNCNvNtCsbv2TPaIhNiJ_4koan6source11set_current0B5_
FN:74,_RNCNvNtCsbv2TPaIhNiJ_4koan6source8register0B5_
FN:143,_RNvMs1_NtCsbv2TPaIhNiJ_4koan6sourceINtB5_7SpannedNtNtNtNtB7_7machine5model3ast14ExpressionPartE2atB7_
FN:139,_RNvMs1_NtCsbv2TPaIhNiJ_4koan6sourceINtB5_7SpannedNtNtNtNtB7_7machine5model3ast14ExpressionPartE4bareB7_
FN:38,_RINvMNtCskWHisZhi9Z4_4koan6sourceNtB3_10SourceFile3newReEB5_
FN:85,_RINvNtCskWHisZhi9Z4_4koan6source4withINtNtCs27Vx93FoQ6z_4core6option6OptionTINtNtCsgW8esjfipvk_5alloc2rc2RceEmmEENCNvXs2_NtNtNtB4_7machine4core6kerrorNtB1V_10KErrorKindNtNtBE_3fmt7Display3fmt0EB4_
FN:85,_RINvNtCskWHisZhi9Z4_4koan6source4withINtNtCsgW8esjfipvk_5alloc2rc2RceENCNvNtB2_5testss_28register_and_with_round_trip0EB4_
FN:85,_RINvNtCskWHisZhi9Z4_4koan6source4withNtB2_9SourceLocNCNCNvNtNtNtB4_7machine4core6kerror18location_from_expr00EB4_
FN:85,_RINvNtCskWHisZhi9Z4_4koan6source4withTINtNtCs27Vx93FoQ6z_4core6option6OptionNtNtCsgW8esjfipvk_5alloc6string6StringEIBB_mEB1P_ENCNvMs0_NtNtNtB4_7machine4core6kerrorNtB28_10KErrorKind16to_struct_fields0EB4_
FN:85,_RINvNtCskWHisZhi9Z4_4koan6source4withTINtNtCsgW8esjfipvk_5alloc3vec3VechEINtNtNtNtCs75vJTIYSa2J_3std11collections4hash3map7HashMapjNtNtBF_6string6StringEENCNvNtNtB4_5parse15expression_tree17parse_with_source0EB4_
FN:85,_RINvNtCskWHisZhi9Z4_4koan6source4withTmmENCNvNtNtNtNtB4_5parse15expression_tree5tests5spanss_63parse_with_path_stamps_file_on_expression_and_resolves_line_col0EB4_
FN:86,_RNCINvNtCskWHisZhi9Z4_4koan6source4withINtNtCs27Vx93FoQ6z_4core6option6OptionTINtNtCsgW8esjfipvk_5alloc2rc2RceEmmEENCNvXs2_NtNtNtB6_7machine4core6kerrorNtB1X_10KErrorKindNtNtBG_3fmt7Display3fmt0E0B6_
FN:86,_RNCINvNtCskWHisZhi9Z4_4koan6source4withINtNtCsgW8esjfipvk_5alloc2rc2RceENCNvNtB4_5testss_28register_and_with_round_trip0E0B6_
FN:86,_RNCINvNtCskWHisZhi9Z4_4koan6source4withNtB4_9SourceLocNCNCNvNtNtNtB6_7machine4core6kerror18location_from_expr00E0B6_
FN:86,_RNCINvNtCskWHisZhi9Z4_4koan6source4withTINtNtCs27Vx93FoQ6z_4core6option6OptionNtNtCsgW8esjfipvk_5alloc6string6StringEIBD_mEB1R_ENCNvMs0_NtNtNtB6_7machine4core6kerrorNtB2a_10KErrorKind16to_struct_fields0E0B6_
FN:86,_RNCINvNtCskWHisZhi9Z4_4koan6source4withTINtNtCsgW8esjfipvk_5alloc3vec3VechEINtNtNtNtCs75vJTIYSa2J_3std11collections4hash3map7HashMapjNtNtBH_6string6StringEENCNvNtNtB6_5parse15expression_tree17parse_with_source0E0B6_
FN:86,_RNCINvNtCskWHisZhi9Z4_4koan6source4withTmmENCNvNtNtNtNtB6_5parse15expression_tree5tests5spanss_63parse_with_path_stamps_file_on_expression_and_resolves_line_col0E0B6_
FN:105,_RNCNvNtCskWHisZhi9Z4_4koan6source11set_current0B5_
FN:74,_RNCNvNtCskWHisZhi9Z4_4koan6source8register0B5_
FN:143,_RNvMs1_NtCskWHisZhi9Z4_4koan6sourceINtB5_7SpannedNtNtNtNtB7_7machine5model3ast14ExpressionPartE2atB7_
FN:139,_RNvMs1_NtCskWHisZhi9Z4_4koan6sourceINtB5_7SpannedNtNtNtNtB7_7machine5model3ast14ExpressionPartE4bareB7_
FN:139,_RNvMs1_NtCskWHisZhi9Z4_4koan6sourceINtB5_7SpannedmE4bareB7_
FN:152,_RNvXs2_NtCskWHisZhi9Z4_4koan6sourceINtB5_7SpannedNtNtNtNtB7_7machine5model3ast14ExpressionPartEINtNtCs27Vx93FoQ6z_4core7convert4FromBL_E4fromB7_
FN:152,_RNvXs2_NtCskWHisZhi9Z4_4koan6sourceINtB5_7SpannedmEINtNtCs27Vx93FoQ6z_4core7convert4FrommE4fromB7_
FN:162,_RNvNtNtCskWHisZhi9Z4_4koan6source5testss_18resolve_first_line
FN:169,_RNvNtNtCskWHisZhi9Z4_4koan6source5testss_18resolve_multi_line
FN:210,_RNvNtNtCskWHisZhi9Z4_4koan6source5testss_24spanned_bare_has_no_span
FN:190,_RNvNtNtCskWHisZhi9Z4_4koan6source5testss_28register_and_with_round_trip
FN:217,_RNvNtNtCskWHisZhi9Z4_4koan6source5testss_33spanned_from_wraps_with_none_span
FN:197,_RNvNtNtCskWHisZhi9Z4_4koan6source5testss_36guard_restores_previous_current_file
FN:178,_RNvNtNtCskWHisZhi9Z4_4koan6source5testss_48resolve_utf16_columns_count_code_units_not_bytes
FN:192,_RNCNvNtNtCskWHisZhi9Z4_4koan6source5testss_28register_and_with_round_trip0B7_
FN:54,_RNvMNtCskWHisZhi9Z4_4koan6sourceNtB2_10SourceFile7resolve
FN:117,_RNvMs_NtCskWHisZhi9Z4_4koan6sourceNtB4_16CurrentFileGuard4push
FN:104,_RNvNtCskWHisZhi9Z4_4koan6source11set_current
FN:98,_RNvNtCskWHisZhi9Z4_4koan6source7current
FN:73,_RNvNtCskWHisZhi9Z4_4koan6source8register
FN:125,_RNvXs0_NtCskWHisZhi9Z4_4koan6sourceNtB5_16CurrentFileGuardNtNtNtCs27Vx93FoQ6z_4core3ops4drop4Drop4drop
FNDA:0,_RNvMNtCsbv2TPaIhNiJ_4koan6sourceNtB2_10SourceFile7resolve
FNDA:60,_RNvMs_NtCsbv2TPaIhNiJ_4koan6sourceNtB4_16CurrentFileGuard4push
FNDA:120,_RNvNtCsbv2TPaIhNiJ_4koan6source11set_current
FNDA:414,_RNvNtCsbv2TPaIhNiJ_4koan6source7current
FNDA:60,_RNvNtCsbv2TPaIhNiJ_4koan6source8register
FNDA:0,_RNvXININtCsbv2TPaIhNiJ_4koan6sources2_0pEINtB5_7SpannedpEINtNtCs27Vx93FoQ6z_4core7convert4FrompE4fromB7_
FNDA:60,_RNvXs0_NtCsbv2TPaIhNiJ_4koan6sourceNtB5_16CurrentFileGuardNtNtNtCs27Vx93FoQ6z_4core3ops4drop4Drop4drop
FNDA:60,_RINvMNtCsbv2TPaIhNiJ_4koan6sourceNtB3_10SourceFile3newReEB5_
FNDA:0,_RINvNtCsbv2TPaIhNiJ_4koan6source4withINtNtCs27Vx93FoQ6z_4core6option6OptionTINtNtCsgW8esjfipvk_5alloc2rc2RceEmmEENCNvXs2_NtNtNtB4_7machine4core6kerrorNtB1V_10KErrorKindNtNtBE_3fmt7Display3fmt0EB4_
FNDA:0,_RINvNtCsbv2TPaIhNiJ_4koan6source4withNtB2_9SourceLocNCNCNvNtNtNtB4_7machine4core6kerror18location_from_expr00EB4_
FNDA:0,_RINvNtCsbv2TPaIhNiJ_4koan6source4withTINtNtCs27Vx93FoQ6z_4core6option6OptionNtNtCsgW8esjfipvk_5alloc6string6StringEIBB_mEB1P_ENCNvMs0_NtNtNtB4_7machine4core6kerrorNtB28_10KErrorKind16to_struct_fields0EB4_
FNDA:60,_RINvNtCsbv2TPaIhNiJ_4koan6source4withTINtNtCsgW8esjfipvk_5alloc3vec3VechEINtNtNtNtCs75vJTIYSa2J_3std11collections4hash3map7HashMapjNtNtBF_6string6StringEENCNvNtNtB4_5parse15expression_tree17parse_with_source0EB4_
FNDA:0,_RNCINvNtCsbv2TPaIhNiJ_4koan6source4withINtNtCs27Vx93FoQ6z_4core6option6OptionTINtNtCsgW8esjfipvk_5alloc2rc2RceEmmEENCNvXs2_NtNtNtB6_7machine4core6kerrorNtB1X_10KErrorKindNtNtBG_3fmt7Display3fmt0E0B6_
FNDA:0,_RNCINvNtCsbv2TPaIhNiJ_4koan6source4withNtB4_9SourceLocNCNCNvNtNtNtB6_7machine4core6kerror18location_from_expr00E0B6_
FNDA:0,_RNCINvNtCsbv2TPaIhNiJ_4koan6source4withTINtNtCs27Vx93FoQ6z_4core6option6OptionNtNtCsgW8esjfipvk_5alloc6string6StringEIBD_mEB1R_ENCNvMs0_NtNtNtB6_7machine4core6kerrorNtB2a_10KErrorKind16to_struct_fields0E0B6_
FNDA:60,_RNCINvNtCsbv2TPaIhNiJ_4koan6source4withTINtNtCsgW8esjfipvk_5alloc3vec3VechEINtNtNtNtCs75vJTIYSa2J_3std11collections4hash3map7HashMapjNtNtBH_6string6StringEENCNvNtNtB6_5parse15expression_tree17parse_with_source0E0B6_
FNDA:120,_RNCNvNtCsbv2TPaIhNiJ_4koan6source11set_current0B5_
FNDA:60,_RNCNvNtCsbv2TPaIhNiJ_4koan6source8register0B5_
FNDA:1478,_RNvMs1_NtCsbv2TPaIhNiJ_4koan6sourceINtB5_7SpannedNtNtNtNtB7_7machine5model3ast14ExpressionPartE2atB7_
FNDA:137,_RNvMs1_NtCsbv2TPaIhNiJ_4koan6sourceINtB5_7SpannedNtNtNtNtB7_7machine5model3ast14ExpressionPartE4bareB7_
FNDA:908,_RINvMNtCskWHisZhi9Z4_4koan6sourceNtB3_10SourceFile3newReEB5_
FNDA:2,_RINvNtCskWHisZhi9Z4_4koan6source4withINtNtCs27Vx93FoQ6z_4core6option6OptionTINtNtCsgW8esjfipvk_5alloc2rc2RceEmmEENCNvXs2_NtNtNtB4_7machine4core6kerrorNtB1V_10KErrorKindNtNtBE_3fmt7Display3fmt0EB4_
FNDA:1,_RINvNtCskWHisZhi9Z4_4koan6source4withINtNtCsgW8esjfipvk_5alloc2rc2RceENCNvNtB2_5testss_28register_and_with_round_trip0EB4_
FNDA:4,_RINvNtCskWHisZhi9Z4_4koan6source4withNtB2_9SourceLocNCNCNvNtNtNtB4_7machine4core6kerror18location_from_expr00EB4_
FNDA:0,_RINvNtCskWHisZhi9Z4_4koan6source4withTINtNtCs27Vx93FoQ6z_4core6option6OptionNtNtCsgW8esjfipvk_5alloc6string6StringEIBB_mEB1P_ENCNvMs0_NtNtNtB4_7machine4core6kerrorNtB28_10KErrorKind16to_struct_fields0EB4_
FNDA:900,_RINvNtCskWHisZhi9Z4_4koan6source4withTINtNtCsgW8esjfipvk_5alloc3vec3VechEINtNtNtNtCs75vJTIYSa2J_3std11collections4hash3map7HashMapjNtNtBF_6string6StringEENCNvNtNtB4_5parse15expression_tree17parse_with_source0EB4_
FNDA:1,_RINvNtCskWHisZhi9Z4_4koan6source4withTmmENCNvNtNtNtNtB4_5parse15expression_tree5tests5spanss_63parse_with_path_stamps_file_on_expression_and_resolves_line_col0EB4_
FNDA:2,_RNCINvNtCskWHisZhi9Z4_4koan6source4withINtNtCs27Vx93FoQ6z_4core6option6OptionTINtNtCsgW8esjfipvk_5alloc2rc2RceEmmEENCNvXs2_NtNtNtB6_7machine4core6kerrorNtB1X_10KErrorKindNtNtBG_3fmt7Display3fmt0E0B6_
FNDA:1,_RNCINvNtCskWHisZhi9Z4_4koan6source4withINtNtCsgW8esjfipvk_5alloc2rc2RceENCNvNtB4_5testss_28register_and_with_round_trip0E0B6_
FNDA:4,_RNCINvNtCskWHisZhi9Z4_4koan6source4withNtB4_9SourceLocNCNCNvNtNtNtB6_7machine4core6kerror18location_from_expr00E0B6_
FNDA:0,_RNCINvNtCskWHisZhi9Z4_4koan6source4withTINtNtCs27Vx93FoQ6z_4core6option6OptionNtNtCsgW8esjfipvk_5alloc6string6StringEIBD_mEB1R_ENCNvMs0_NtNtNtB6_7machine4core6kerrorNtB2a_10KErrorKind16to_struct_fields0E0B6_
FNDA:900,_RNCINvNtCskWHisZhi9Z4_4koan6source4withTINtNtCsgW8esjfipvk_5alloc3vec3VechEINtNtNtNtCs75vJTIYSa2J_3std11collections4hash3map7HashMapjNtNtBH_6string6StringEENCNvNtNtB6_5parse15expression_tree17parse_with_source0E0B6_
FNDA:1,_RNCINvNtCskWHisZhi9Z4_4koan6source4withTmmENCNvNtNtNtNtB6_5parse15expression_tree5tests5spanss_63parse_with_path_stamps_file_on_expression_and_resolves_line_col0E0B6_
FNDA:1804,_RNCNvNtCskWHisZhi9Z4_4koan6source11set_current0B5_
FNDA:904,_RNCNvNtCskWHisZhi9Z4_4koan6source8register0B5_
FNDA:12250,_RNvMs1_NtCskWHisZhi9Z4_4koan6sourceINtB5_7SpannedNtNtNtNtB7_7machine5model3ast14ExpressionPartE2atB7_
FNDA:1187,_RNvMs1_NtCskWHisZhi9Z4_4koan6sourceINtB5_7SpannedNtNtNtNtB7_7machine5model3ast14ExpressionPartE4bareB7_
FNDA:2,_RNvMs1_NtCskWHisZhi9Z4_4koan6sourceINtB5_7SpannedmE4bareB7_
FNDA:1,_RNvXs2_NtCskWHisZhi9Z4_4koan6sourceINtB5_7SpannedNtNtNtNtB7_7machine5model3ast14ExpressionPartEINtNtCs27Vx93FoQ6z_4core7convert4FromBL_E4fromB7_
FNDA:1,_RNvXs2_NtCskWHisZhi9Z4_4koan6sourceINtB5_7SpannedmEINtNtCs27Vx93FoQ6z_4core7convert4FrommE4fromB7_
FNDA:1,_RNvNtNtCskWHisZhi9Z4_4koan6source5testss_18resolve_first_line
FNDA:1,_RNvNtNtCskWHisZhi9Z4_4koan6source5testss_18resolve_multi_line
FNDA:1,_RNvNtNtCskWHisZhi9Z4_4koan6source5testss_24spanned_bare_has_no_span
FNDA:1,_RNvNtNtCskWHisZhi9Z4_4koan6source5testss_28register_and_with_round_trip
FNDA:1,_RNvNtNtCskWHisZhi9Z4_4koan6source5testss_33spanned_from_wraps_with_none_span
FNDA:1,_RNvNtNtCskWHisZhi9Z4_4koan6source5testss_36guard_restores_previous_current_file
FNDA:1,_RNvNtNtCskWHisZhi9Z4_4koan6source5testss_48resolve_utf16_columns_count_code_units_not_bytes
FNDA:1,_RNCNvNtNtCskWHisZhi9Z4_4koan6source5testss_28register_and_with_round_trip0B7_
FNDA:18,_RNvMNtCskWHisZhi9Z4_4koan6sourceNtB2_10SourceFile7resolve
FNDA:902,_RNvMs_NtCskWHisZhi9Z4_4koan6sourceNtB4_16CurrentFileGuard4push
FNDA:1804,_RNvNtCskWHisZhi9Z4_4koan6source11set_current
FNDA:3706,_RNvNtCskWHisZhi9Z4_4koan6source7current
FNDA:904,_RNvNtCskWHisZhi9Z4_4koan6source8register
FNDA:902,_RNvXs0_NtCskWHisZhi9Z4_4koan6sourceNtB5_16CurrentFileGuardNtNtNtCs27Vx93FoQ6z_4core3ops4drop4Drop4drop
FNF:22
FNH:22
DA:38,968
DA:39,968
DA:40,968
DA:41,44700
DA:42,44700
DA:43,515
DA:44,44185
DA:46,968
DA:47,968
DA:48,968
DA:49,968
DA:50,968
DA:51,968
DA:54,18
DA:55,18
DA:56,11
DA:57,7
DA:59,18
DA:60,18
DA:61,18
DA:62,18
DA:63,18
DA:73,964
DA:74,964
DA:75,964
DA:76,964
DA:77,964
DA:78,964
DA:79,964
DA:80,964
DA:85,968
DA:86,968
DA:87,968
DA:88,968
DA:89,968
DA:90,968
DA:91,968
DA:92,968
DA:93,968
DA:94,968
DA:95,968
DA:98,4120
DA:99,4120
DA:100,4120
DA:104,1924
DA:105,1924
DA:106,1924
DA:117,962
DA:118,962
DA:119,962
DA:120,962
DA:121,962
DA:125,962
DA:126,962
DA:127,962
DA:139,1326
DA:140,1326
DA:141,1326
DA:143,13728
DA:144,13728
DA:145,13728
DA:146,13728
DA:147,13728
DA:148,13728
DA:152,2
DA:153,2
DA:154,2
DA:162,1
DA:163,1
DA:164,1
DA:165,1
DA:166,1
DA:169,1
DA:170,1
DA:171,1
DA:172,1
DA:173,1
DA:174,1
DA:175,1
DA:178,1
DA:181,1
DA:182,1
DA:184,1
DA:186,1
DA:187,1
DA:190,1
DA:191,1
DA:192,1
DA:193,1
DA:194,1
DA:197,1
DA:198,1
DA:199,1
DA:200,1
DA:201,1
DA:203,1
DA:204,1
DA:206,1
DA:207,1
DA:210,1
DA:211,1
DA:212,1
DA:213,1
DA:214,1
DA:217,1
DA:218,1
DA:219,1
DA:220,1
BRF:0
BRH:0
LF:112
LH:112
end_of_record