SF:/var/home/jack/Code/koan/src/builtins.rs
FN:138,_RNvNtCscUx3zdyuqfq_4koan8builtins13default_scope
FN:63,_RNvNtCscUx3zdyuqfq_4koan8builtins16register_builtin
FN:111,_RNvNtCscUx3zdyuqfq_4koan8builtins21register_builtin_full
FN:96,_RNvNtCscUx3zdyuqfq_4koan8builtins23register_nominal_binder
FN:74,_RNvNtCscUx3zdyuqfq_4koan8builtins28register_builtin_with_binder
FN:39,_RNvNtCscUx3zdyuqfq_4koan8builtins2kw
FN:44,_RNvNtCscUx3zdyuqfq_4koan8builtins3arg
FN:34,_RNvNtCscUx3zdyuqfq_4koan8builtins3err
FN:53,_RNvNtCscUx3zdyuqfq_4koan8builtins3sig
FN:138,_RNvNtCseriWsCb5ev6_4koan8builtins13default_scope
FN:63,_RNvNtCseriWsCb5ev6_4koan8builtins16register_builtin
FN:111,_RNvNtCseriWsCb5ev6_4koan8builtins21register_builtin_full
FN:96,_RNvNtCseriWsCb5ev6_4koan8builtins23register_nominal_binder
FN:74,_RNvNtCseriWsCb5ev6_4koan8builtins28register_builtin_with_binder
FN:39,_RNvNtCseriWsCb5ev6_4koan8builtins2kw
FN:44,_RNvNtCseriWsCb5ev6_4koan8builtins3arg
FN:34,_RNvNtCseriWsCb5ev6_4koan8builtins3err
FN:53,_RNvNtCseriWsCb5ev6_4koan8builtins3sig
FNDA:40,_RNvNtCscUx3zdyuqfq_4koan8builtins13default_scope
FNDA:1040,_RNvNtCscUx3zdyuqfq_4koan8builtins16register_builtin
FNDA:1520,_RNvNtCscUx3zdyuqfq_4koan8builtins21register_builtin_full
FNDA:160,_RNvNtCscUx3zdyuqfq_4koan8builtins23register_nominal_binder
FNDA:1200,_RNvNtCscUx3zdyuqfq_4koan8builtins28register_builtin_with_binder
FNDA:2400,_RNvNtCscUx3zdyuqfq_4koan8builtins2kw
FNDA:2920,_RNvNtCscUx3zdyuqfq_4koan8builtins3arg
FNDA:1,_RNvNtCscUx3zdyuqfq_4koan8builtins3err
FNDA:1520,_RNvNtCscUx3zdyuqfq_4koan8builtins3sig
FNDA:459,_RNvNtCseriWsCb5ev6_4koan8builtins13default_scope
FNDA:11952,_RNvNtCseriWsCb5ev6_4koan8builtins16register_builtin
FNDA:17461,_RNvNtCseriWsCb5ev6_4koan8builtins21register_builtin_full
FNDA:1836,_RNvNtCseriWsCb5ev6_4koan8builtins23register_nominal_binder
FNDA:13789,_RNvNtCseriWsCb5ev6_4koan8builtins28register_builtin_with_binder
FNDA:27540,_RNvNtCseriWsCb5ev6_4koan8builtins2kw
FNDA:33507,_RNvNtCseriWsCb5ev6_4koan8builtins3arg
FNDA:52,_RNvNtCseriWsCb5ev6_4koan8builtins3err
FNDA:17442,_RNvNtCseriWsCb5ev6_4koan8builtins3sig
FNF:9
FNH:9
DA:34,53
DA:35,53
DA:36,53
DA:39,29940
DA:40,29940
DA:41,29940
DA:44,36427
DA:45,36427
DA:46,36427
DA:47,36427
DA:48,36427
DA:49,36427
DA:53,18962
DA:54,18962
DA:55,18962
DA:56,18962
DA:57,18962
DA:58,18962
DA:59,18962
DA:60,18962
DA:61,18962
DA:63,12992
DA:64,12992
DA:65,12992
DA:66,12992
DA:67,12992
DA:68,12992
DA:69,12992
DA:70,12992
DA:74,14989
DA:75,14989
DA:76,14989
DA:77,14989
DA:78,14989
DA:79,14989
DA:80,14989
DA:81,14989
DA:82,14989
DA:83,14989
DA:84,14989
DA:85,14989
DA:86,14989
DA:87,14989
DA:91,14989
DA:96,1996
DA:97,1996
DA:98,1996
DA:99,1996
DA:100,1996
DA:101,1996
DA:102,1996
DA:103,1996
DA:104,1996
DA:111,18981
DA:112,18981
DA:113,18981
DA:114,18981
DA:115,18981
DA:116,18981
DA:117,18981
DA:118,18981
DA:119,18981
DA:120,18981
DA:121,18981
DA:122,18981
DA:123,18981
DA:124,18981
DA:125,18981
DA:126,18981
DA:127,18981
DA:128,18981
DA:129,18981
DA:130,18981
DA:131,18981
DA:132,18981
DA:133,18981
DA:138,499
DA:139,499
DA:140,499
DA:141,499
DA:142,499
DA:144,499
DA:145,499
DA:146,499
DA:147,499
DA:148,499
DA:149,499
DA:150,499
DA:153,499
DA:154,499
DA:155,499
DA:158,499
DA:159,499
DA:160,499
DA:163,499
DA:166,499
DA:167,499
DA:168,499
DA:169,499
DA:170,499
DA:173,499
DA:174,499
DA:175,499
DA:176,499
DA:177,499
DA:180,499
DA:181,499
DA:182,499
DA:183,499
DA:186,499
DA:188,499
DA:189,499
DA:190,499
DA:191,499
DA:192,499
DA:193,499
DA:194,499
DA:195,499
DA:196,499
DA:197,499
DA:198,499
DA:199,499
DA:200,499
DA:201,499
DA:202,499
DA:203,499
DA:204,499
DA:205,499
DA:206,499
DA:207,499
DA:208,499
DA:210,499
DA:211,499
BRF:0
BRH:0
LF:133
LH:133
end_of_record
SF:/var/home/jack/Code/koan/src/builtins/ascribe.rs
FN:176,_RNCNvNtNtCscUx3zdyuqfq_4koan8builtins7ascribe21is_abstract_type_name0B7_
FN:15,_RNvNtNtCscUx3zdyuqfq_4koan8builtins7ascribe11body_opaque
FN:116,_RNvNtNtCscUx3zdyuqfq_4koan8builtins7ascribe11shape_check
FN:89,_RNvNtNtCscUx3zdyuqfq_4koan8builtins7ascribe16body_transparent
FN:168,_RNvNtNtCscUx3zdyuqfq_4koan8builtins7ascribe21is_abstract_type_name
FN:154,_RNvNtNtCscUx3zdyuqfq_4koan8builtins7ascribe22abstract_type_names_of
FN:179,_RNvNtNtCscUx3zdyuqfq_4koan8builtins7ascribe28resolve_module_and_signature
FN:193,_RNvNtNtCscUx3zdyuqfq_4koan8builtins7ascribe8register
FN:176,_RNCNvNtNtCseriWsCb5ev6_4koan8builtins7ascribe21is_abstract_type_name0B7_
FN:15,_RNvNtNtCseriWsCb5ev6_4koan8builtins7ascribe11body_opaque
FN:116,_RNvNtNtCseriWsCb5ev6_4koan8builtins7ascribe11shape_check
FN:89,_RNvNtNtCseriWsCb5ev6_4koan8builtins7ascribe16body_transparent
FN:168,_RNvNtNtCseriWsCb5ev6_4koan8builtins7ascribe21is_abstract_type_name
FN:154,_RNvNtNtCseriWsCb5ev6_4koan8builtins7ascribe22abstract_type_names_of
FN:179,_RNvNtNtCseriWsCb5ev6_4koan8builtins7ascribe28resolve_module_and_signature
FN:193,_RNvNtNtCseriWsCb5ev6_4koan8builtins7ascribe8register
FNDA:0,_RNCNvNtNtCscUx3zdyuqfq_4koan8builtins7ascribe21is_abstract_type_name0B7_
FNDA:1,_RNvNtNtCscUx3zdyuqfq_4koan8builtins7ascribe11body_opaque
FNDA:4,_RNvNtNtCscUx3zdyuqfq_4koan8builtins7ascribe11shape_check
FNDA:3,_RNvNtNtCscUx3zdyuqfq_4koan8builtins7ascribe16body_transparent
FNDA:18,_RNvNtNtCscUx3zdyuqfq_4koan8builtins7ascribe21is_abstract_type_name
FNDA:5,_RNvNtNtCscUx3zdyuqfq_4koan8builtins7ascribe22abstract_type_names_of
FNDA:4,_RNvNtNtCscUx3zdyuqfq_4koan8builtins7ascribe28resolve_module_and_signature
FNDA:40,_RNvNtNtCscUx3zdyuqfq_4koan8builtins7ascribe8register
FNDA:9,_RNCNvNtNtCseriWsCb5ev6_4koan8builtins7ascribe21is_abstract_type_name0B7_
FNDA:19,_RNvNtNtCseriWsCb5ev6_4koan8builtins7ascribe11body_opaque
FNDA:36,_RNvNtNtCseriWsCb5ev6_4koan8builtins7ascribe11shape_check
FNDA:17,_RNvNtNtCseriWsCb5ev6_4koan8builtins7ascribe16body_transparent
FNDA:127,_RNvNtNtCseriWsCb5ev6_4koan8builtins7ascribe21is_abstract_type_name
FNDA:62,_RNvNtNtCseriWsCb5ev6_4koan8builtins7ascribe22abstract_type_names_of
FNDA:36,_RNvNtNtCseriWsCb5ev6_4koan8builtins7ascribe28resolve_module_and_signature
FNDA:459,_RNvNtNtCseriWsCb5ev6_4koan8builtins7ascribe8register
FNF:8
FNH:8
DA:15,20
DA:16,20
DA:17,20
DA:18,20
DA:19,20
DA:20,20
DA:21,20
DA:22,0
DA:25,20
DA:26,20
DA:27,20
DA:28,20
DA:31,20
DA:32,20
DA:33,0
DA:34,20
DA:36,20
DA:40,20
DA:42,20
DA:43,20
DA:44,13
DA:48,3
DA:49,3
DA:52,3
DA:53,3
DA:54,3
DA:55,3
DA:56,3
DA:57,3
DA:58,3
DA:59,3
DA:60,10
DA:61,10
DA:62,10
DA:63,10
DA:65,13
DA:68,20
DA:69,13
DA:70,13
DA:71,13
DA:72,13
DA:73,7
DA:75,20
DA:76,2
DA:77,18
DA:79,18
DA:81,18
DA:82,18
DA:83,18
DA:84,18
DA:85,18
DA:86,20
DA:89,20
DA:90,20
DA:91,20
DA:92,20
DA:93,20
DA:94,20
DA:95,20
DA:96,0
DA:98,20
DA:99,0
DA:100,20
DA:102,20
DA:103,20
DA:104,20
DA:105,20
DA:106,20
DA:107,20
DA:108,20
DA:109,20
DA:110,20
DA:111,20
DA:112,20
DA:113,20
DA:116,40
DA:117,40
DA:118,40
DA:119,40
DA:120,40
DA:121,40
DA:122,40
DA:123,40
DA:124,40
DA:125,40
DA:126,40
DA:127,40
DA:128,40
DA:129,40
DA:130,40
DA:131,40
DA:132,40
DA:133,40
DA:134,40
DA:135,40
DA:136,40
DA:137,40
DA:138,37
DA:139,0
DA:140,37
DA:141,37
DA:142,2
DA:143,2
DA:144,2
DA:145,2
DA:146,35
DA:148,38
DA:149,40
DA:154,67
DA:155,67
DA:156,67
DA:157,67
DA:158,67
DA:159,61
DA:160,0
DA:161,61
DA:163,67
DA:164,67
DA:168,145
DA:169,145
DA:170,145
DA:171,0
DA:173,145
DA:174,136
DA:175,9
DA:176,9
DA:177,145
DA:179,40
DA:180,40
DA:181,40
DA:182,40
DA:183,40
DA:184,40
DA:185,40
DA:186,40
DA:187,40
DA:188,40
DA:189,40
DA:190,40
DA:191,40
DA:193,499
DA:197,499
DA:198,499
DA:199,499
DA:200,499
DA:201,499
DA:202,499
DA:203,499
DA:204,499
DA:205,499
DA:208,499
DA:210,499
DA:211,499
DA:212,499
DA:213,499
DA:214,499
DA:215,499
DA:216,499
DA:217,499
DA:218,499
DA:221,499
DA:223,499
BRF:0
BRH:0
LF:163
LH:156
end_of_record
SF:/var/home/jack/Code/koan/src/builtins/attr.rs
FN:120,_RNvNtNtCscUx3zdyuqfq_4koan8builtins4attr11body_module
FN:104,_RNvNtNtCscUx3zdyuqfq_4koan8builtins4attr11body_struct
FN:160,_RNvNtNtCscUx3zdyuqfq_4koan8builtins4attr12access_field
FN:70,_RNvNtNtCscUx3zdyuqfq_4koan8builtins4attr13body_type_lhs
FN:22,_RNvNtNtCscUx3zdyuqfq_4koan8builtins4attr15body_identifier
FN:146,_RNvNtNtCscUx3zdyuqfq_4koan8builtins4attr15read_field_name
FN:211,_RNvNtNtCscUx3zdyuqfq_4koan8builtins4attr20access_module_member
FN:228,_RNvNtNtCscUx3zdyuqfq_4koan8builtins4attr8register
FN:384,_RNvNtNtNtCseriWsCb5ev6_4koan8builtins4attr5testss_24attr_unbound_name_errors
FN:411,_RNvNtNtNtCseriWsCb5ev6_4koan8builtins4attr5testss_25attr_unknown_field_errors
FN:395,_RNvNtNtNtCseriWsCb5ev6_4koan8builtins4attr5testss_31attr_on_non_struct_value_errors
FN:427,_RNvNtNtNtCseriWsCb5ev6_4koan8builtins4attr5testss_33attr_chained_unknown_field_errors
FN:368,_RNvNtNtNtCseriWsCb5ev6_4koan8builtins4attr5testss_34attr_chained_through_nested_struct
FN:344,_RNvNtNtNtCseriWsCb5ev6_4koan8builtins4attr5testss_34attr_reads_field_from_named_struct
FN:356,_RNvNtNtNtCseriWsCb5ev6_4koan8builtins4attr5testss_35attr_reads_each_field_independently
FN:464,_RNvNtNtNtCseriWsCb5ev6_4koan8builtins4attr5testss_39access_field_rejects_wrapped_non_struct
FN:448,_RNvNtNtNtCseriWsCb5ev6_4koan8builtins4attr5testss_41access_field_falls_through_wrapped_struct
FN:486,_RNvNtNtNtCseriWsCb5ev6_4koan8builtins4attr5testss_53access_field_falls_through_wrapped_with_missing_field
FN:120,_RNvNtNtCseriWsCb5ev6_4koan8builtins4attr11body_module
FN:104,_RNvNtNtCseriWsCb5ev6_4koan8builtins4attr11body_struct
FN:160,_RNvNtNtCseriWsCb5ev6_4koan8builtins4attr12access_field
FN:70,_RNvNtNtCseriWsCb5ev6_4koan8builtins4attr13body_type_lhs
FN:22,_RNvNtNtCseriWsCb5ev6_4koan8builtins4attr15body_identifier
FN:146,_RNvNtNtCseriWsCb5ev6_4koan8builtins4attr15read_field_name
FN:211,_RNvNtNtCseriWsCb5ev6_4koan8builtins4attr20access_module_member
FN:228,_RNvNtNtCseriWsCb5ev6_4koan8builtins4attr8register
FNDA:7,_RNvNtNtCscUx3zdyuqfq_4koan8builtins4attr11body_module
FNDA:1,_RNvNtNtCscUx3zdyuqfq_4koan8builtins4attr11body_struct
FNDA:1,_RNvNtNtCscUx3zdyuqfq_4koan8builtins4attr12access_field
FNDA:0,_RNvNtNtCscUx3zdyuqfq_4koan8builtins4attr13body_type_lhs
FNDA:1,_RNvNtNtCscUx3zdyuqfq_4koan8builtins4attr15body_identifier
FNDA:9,_RNvNtNtCscUx3zdyuqfq_4koan8builtins4attr15read_field_name
FNDA:7,_RNvNtNtCscUx3zdyuqfq_4koan8builtins4attr20access_module_member
FNDA:40,_RNvNtNtCscUx3zdyuqfq_4koan8builtins4attr8register
FNDA:1,_RNvNtNtNtCseriWsCb5ev6_4koan8builtins4attr5testss_24attr_unbound_name_errors
FNDA:1,_RNvNtNtNtCseriWsCb5ev6_4koan8builtins4attr5testss_25attr_unknown_field_errors
FNDA:1,_RNvNtNtNtCseriWsCb5ev6_4koan8builtins4attr5testss_31attr_on_non_struct_value_errors
FNDA:1,_RNvNtNtNtCseriWsCb5ev6_4koan8builtins4attr5testss_33attr_chained_unknown_field_errors
FNDA:1,_RNvNtNtNtCseriWsCb5ev6_4koan8builtins4attr5testss_34attr_chained_through_nested_struct
FNDA:1,_RNvNtNtNtCseriWsCb5ev6_4koan8builtins4attr5testss_34attr_reads_field_from_named_struct
FNDA:1,_RNvNtNtNtCseriWsCb5ev6_4koan8builtins4attr5testss_35attr_reads_each_field_independently
FNDA:1,_RNvNtNtNtCseriWsCb5ev6_4koan8builtins4attr5testss_39access_field_rejects_wrapped_non_struct
FNDA:1,_RNvNtNtNtCseriWsCb5ev6_4koan8builtins4attr5testss_41access_field_falls_through_wrapped_struct
FNDA:1,_RNvNtNtNtCseriWsCb5ev6_4koan8builtins4attr5testss_53access_field_falls_through_wrapped_with_missing_field
FNDA:9,_RNvNtNtCseriWsCb5ev6_4koan8builtins4attr11body_module
FNDA:18,_RNvNtNtCseriWsCb5ev6_4koan8builtins4attr11body_struct
FNDA:25,_RNvNtNtCseriWsCb5ev6_4koan8builtins4attr12access_field
FNDA:0,_RNvNtNtCseriWsCb5ev6_4koan8builtins4attr13body_type_lhs
FNDA:7,_RNvNtNtCseriWsCb5ev6_4koan8builtins4attr15body_identifier
FNDA:34,_RNvNtNtCseriWsCb5ev6_4koan8builtins4attr15read_field_name
FNDA:12,_RNvNtNtCseriWsCb5ev6_4koan8builtins4attr20access_module_member
FNDA:459,_RNvNtNtCseriWsCb5ev6_4koan8builtins4attr8register
FNF:18
FNH:17
DA:22,8
DA:23,8
DA:24,8
DA:25,8
DA:26,8
DA:27,8
DA:28,8
DA:29,0
DA:30,0
DA:31,0
DA:32,0
DA:33,0
DA:34,0
DA:36,0
DA:38,8
DA:39,8
DA:40,8
DA:41,0
DA:46,8
DA:47,3
DA:48,5
DA:49,5
DA:50,3
DA:51,3
DA:52,0
DA:53,0
DA:58,0
DA:60,2
DA:61,2
DA:62,8
DA:70,0
DA:71,0
DA:72,0
DA:73,0
DA:74,0
DA:75,0
DA:76,0
DA:77,0
DA:78,0
DA:79,0
DA:80,0
DA:81,0
DA:82,0
DA:83,0
DA:85,0
DA:87,0
DA:88,0
DA:89,0
DA:96,0
DA:97,0
DA:98,0
DA:99,0
DA:101,0
DA:102,0
DA:104,19
DA:105,19
DA:106,19
DA:107,19
DA:108,19
DA:109,19
DA:110,19
DA:111,0
DA:113,19
DA:114,19
DA:115,0
DA:117,19
DA:118,19
DA:120,16
DA:121,16
DA:122,16
DA:123,16
DA:124,16
DA:125,16
DA:126,16
DA:127,0
DA:129,16
DA:130,16
DA:131,0
DA:133,16
DA:134,16
DA:136,0
DA:137,0
DA:138,0
DA:139,0
DA:140,0
DA:143,16
DA:144,16
DA:146,43
DA:147,43
DA:148,38
DA:149,0
DA:150,5
DA:151,0
DA:152,0
DA:153,0
DA:154,0
DA:155,0
DA:156,0
DA:158,43
DA:160,26
DA:161,0
DA:163,18
DA:164,18
DA:166,18
DA:167,15
DA:168,3
DA:169,3
DA:170,3
DA:171,3
DA:173,0
DA:175,0
DA:176,0
DA:177,0
DA:178,0
DA:179,0
DA:180,0
DA:181,0
DA:182,0
DA:183,0
DA:184,0
DA:185,0
DA:186,0
DA:189,0
DA:190,0
DA:195,4
DA:196,4
DA:197,4
DA:198,4
DA:199,4
DA:200,4
DA:202,26
DA:211,19
DA:212,19
DA:213,5
DA:214,14
DA:215,14
DA:216,14
DA:217,13
DA:218,1
DA:219,1
DA:220,0
DA:221,1
DA:222,1
DA:223,1
DA:224,1
DA:225,1
DA:226,19
DA:228,499
DA:229,499
DA:230,499
DA:231,499
DA:232,499
DA:233,499
DA:234,499
DA:235,499
DA:236,499
DA:237,499
DA:239,499
DA:240,499
DA:241,499
DA:242,499
DA:243,499
DA:244,499
DA:245,499
DA:246,499
DA:247,499
DA:250,499
DA:252,499
DA:253,499
DA:254,499
DA:255,499
DA:256,499
DA:257,499
DA:258,499
DA:259,499
DA:260,499
DA:263,499
DA:265,499
DA:266,499
DA:267,499
DA:268,499
DA:269,499
DA:270,499
DA:271,499
DA:272,499
DA:273,499
DA:276,499
DA:282,499
DA:283,499
DA:284,499
DA:285,499
DA:286,499
DA:287,499
DA:288,499
DA:289,499
DA:290,499
DA:293,499
DA:295,499
DA:296,499
DA:297,499
DA:298,499
DA:299,499
DA:300,499
DA:301,499
DA:302,499
DA:303,499
DA:306,499
DA:308,499
DA:309,499
DA:310,499
DA:311,499
DA:312,499
DA:313,499
DA:314,499
DA:315,499
DA:316,499
DA:319,499
DA:322,499
DA:323,499
DA:324,499
DA:325,499
DA:326,499
DA:327,499
DA:328,499
DA:329,499
DA:330,499
DA:333,499
DA:335,499
DA:344,1
DA:345,1
DA:346,1
DA:347,1
DA:348,1
DA:349,1
DA:351,1
DA:352,1
DA:353,1
DA:356,1
DA:357,1
DA:358,1
DA:359,1
DA:360,1
DA:361,1
DA:363,1
DA:364,1
DA:365,1
DA:368,1
DA:369,1
DA:370,1
DA:371,1
DA:372,1
DA:373,1
DA:374,1
DA:375,1
DA:376,1
DA:377,1
DA:379,1
DA:380,1
DA:381,1
DA:384,1
DA:385,1
DA:386,1
DA:387,1
DA:388,1
DA:389,1
DA:392,1
DA:395,1
DA:396,1
DA:397,1
DA:398,1
DA:399,1
DA:400,1
DA:401,1
DA:402,1
DA:403,1
DA:404,1
DA:406,0
DA:408,1
DA:411,1
DA:412,1
DA:413,1
DA:414,1
DA:415,1
DA:416,1
DA:418,1
DA:419,1
DA:420,1
DA:421,1
DA:424,1
DA:427,1
DA:428,1
DA:429,1
DA:430,1
DA:431,1
DA:432,1
DA:433,1
DA:434,1
DA:435,1
DA:436,1
DA:438,1
DA:439,1
DA:440,1
DA:441,1
DA:444,1
DA:448,1
DA:449,1
DA:450,1
DA:451,1
DA:452,1
DA:453,1
DA:454,1
DA:455,1
DA:456,1
DA:458,1
DA:459,1
DA:460,1
DA:464,1
DA:465,1
DA:466,1
DA:467,1
DA:468,1
DA:469,1
DA:470,1
DA:472,1
DA:473,1
DA:474,1
DA:475,1
DA:476,1
DA:477,1
DA:479,0
DA:481,1
DA:486,1
DA:487,1
DA:488,1
DA:489,1
DA:490,1
DA:491,1
DA:492,1
DA:493,1
DA:494,1
DA:496,1
DA:497,1
DA:498,1
DA:499,1
DA:502,1
BRF:0
BRH:0
LF:345
LH:275
end_of_record
SF:/var/home/jack/Code/koan/src/builtins/branch_walk.rs
FN:12,_RNvNtNtCscUx3zdyuqfq_4koan8builtins11branch_walk16find_branch_body
FN:12,_RNvNtNtCseriWsCb5ev6_4koan8builtins11branch_walk16find_branch_body
FNDA:0,_RNvNtNtCscUx3zdyuqfq_4koan8builtins11branch_walk16find_branch_body
FNDA:86,_RNvNtNtCseriWsCb5ev6_4koan8builtins11branch_walk16find_branch_body
FNF:1
FNH:1
DA:12,86
DA:13,86
DA:14,86
DA:15,86
DA:16,86
DA:17,86
DA:18,86
DA:19,0
DA:20,0
DA:21,0
DA:22,0
DA:23,86
DA:24,86
DA:25,86
DA:26,127
DA:27,119
DA:28,119
DA:29,119
DA:30,119
DA:31,106
DA:34,9
DA:35,9
DA:36,6
DA:38,3
DA:42,4
DA:43,0
DA:44,0
DA:45,0
DA:46,0
DA:47,0
DA:50,119
DA:51,119
DA:52,0
DA:53,0
DA:54,0
DA:55,0
DA:56,0
DA:59,119
DA:60,117
DA:61,2
DA:62,2
DA:63,2
DA:64,2
DA:65,2
DA:68,117
DA:69,76
DA:70,41
DA:71,41
DA:72,4
DA:73,37
DA:74,41
DA:76,8
DA:77,86
BRF:0
BRH:0
LF:53
LH:39
end_of_record
SF:/var/home/jack/Code/koan/src/builtins/catch.rs
FN:39,_RNCNvNtNtCscUx3zdyuqfq_4koan8builtins5catch4body0B7_
FN:18,_RNvNtNtCscUx3zdyuqfq_4koan8builtins5catch4body
FN:60,_RNvNtNtCscUx3zdyuqfq_4koan8builtins5catch8register
FN:39,_RNCNvNtNtCseriWsCb5ev6_4koan8builtins5catch4body0B7_
FN:18,_RNvNtNtCseriWsCb5ev6_4koan8builtins5catch4body
FN:60,_RNvNtNtCseriWsCb5ev6_4koan8builtins5catch8register
FNDA:0,_RNCNvNtNtCscUx3zdyuqfq_4koan8builtins5catch4body0B7_
FNDA:0,_RNvNtNtCscUx3zdyuqfq_4koan8builtins5catch4body
FNDA:40,_RNvNtNtCscUx3zdyuqfq_4koan8builtins5catch8register
FNDA:8,_RNCNvNtNtCseriWsCb5ev6_4koan8builtins5catch4body0B7_
FNDA:8,_RNvNtNtCseriWsCb5ev6_4koan8builtins5catch4body
FNDA:459,_RNvNtNtCseriWsCb5ev6_4koan8builtins5catch8register
FNF:3
FNH:3
DA:18,8
DA:19,8
DA:20,8
DA:21,8
DA:22,8
DA:23,8
DA:24,8
DA:26,0
DA:27,0
DA:28,0
DA:34,8
DA:35,8
DA:36,0
DA:38,8
DA:39,8
DA:40,8
DA:41,4
DA:42,4
DA:44,8
DA:45,8
DA:46,8
DA:47,8
DA:48,8
DA:49,8
DA:50,8
DA:51,8
DA:52,8
DA:53,8
DA:54,8
DA:55,8
DA:56,8
DA:57,8
DA:58,8
DA:60,499
DA:61,499
DA:62,499
DA:63,499
DA:64,499
DA:65,499
DA:66,499
DA:67,499
DA:68,499
DA:70,499
DA:72,499
BRF:0
BRH:0
LF:45
LH:41
end_of_record
SF:/var/home/jack/Code/koan/src/builtins/eval.rs
FN:16,_RNvNtNtCscUx3zdyuqfq_4koan8builtins4eval4body
FN:47,_RNvNtNtCscUx3zdyuqfq_4koan8builtins4eval8register
FN:16,_RNvNtNtCseriWsCb5ev6_4koan8builtins4eval4body
FN:47,_RNvNtNtCseriWsCb5ev6_4koan8builtins4eval8register
FN:63,_RNvNtNtNtCseriWsCb5ev6_4koan8builtins4eval5tests11run_program
FN:120,_RNvNtNtNtCseriWsCb5ev6_4koan8builtins4eval5testss_21recursive_eval_no_uaf
FN:72,_RNvNtNtNtCseriWsCb5ev6_4koan8builtins4eval5testss_22eval_of_quoted_literal
FN:106,_RNvNtNtNtCseriWsCb5ev6_4koan8builtins4eval5testss_34multiline_sigil_collapse_roundtrip
FN:112,_RNvNtNtNtCseriWsCb5ev6_4koan8builtins4eval5testss_35eval_returns_inner_expression_value
FN:100,_RNvNtNtNtCseriWsCb5ev6_4koan8builtins4eval5testss_37eval_runs_side_effects_in_quoted_body
FN:78,_RNvNtNtNtCseriWsCb5ev6_4koan8builtins4eval5testss_38eval_of_function_returning_kexpression
FN:87,_RNvNtNtNtCseriWsCb5ev6_4koan8builtins4eval5testss_49eval_of_non_kexpression_errors_with_type_mismatch
FNDA:0,_RNvNtNtCscUx3zdyuqfq_4koan8builtins4eval4body
FNDA:40,_RNvNtNtCscUx3zdyuqfq_4koan8builtins4eval8register
FNDA:9,_RNvNtNtCseriWsCb5ev6_4koan8builtins4eval4body
FNDA:459,_RNvNtNtCseriWsCb5ev6_4koan8builtins4eval8register
FNDA:6,_RNvNtNtNtCseriWsCb5ev6_4koan8builtins4eval5tests11run_program
FNDA:1,_RNvNtNtNtCseriWsCb5ev6_4koan8builtins4eval5testss_21recursive_eval_no_uaf
FNDA:1,_RNvNtNtNtCseriWsCb5ev6_4koan8builtins4eval5testss_22eval_of_quoted_literal
FNDA:1,_RNvNtNtNtCseriWsCb5ev6_4koan8builtins4eval5testss_34multiline_sigil_collapse_roundtrip
FNDA:1,_RNvNtNtNtCseriWsCb5ev6_4koan8builtins4eval5testss_35eval_returns_inner_expression_value
FNDA:1,_RNvNtNtNtCseriWsCb5ev6_4koan8builtins4eval5testss_37eval_runs_side_effects_in_quoted_body
FNDA:1,_RNvNtNtNtCseriWsCb5ev6_4koan8builtins4eval5testss_38eval_of_function_returning_kexpression
FNDA:1,_RNvNtNtNtCseriWsCb5ev6_4koan8builtins4eval5testss_49eval_of_non_kexpression_errors_with_type_mismatch
FNF:10
FNH:10
DA:16,9
DA:17,9
DA:18,9
DA:19,9
DA:20,9
DA:21,9
DA:22,9
DA:23,0
DA:25,9
DA:26,8
DA:27,1
DA:28,1
DA:29,1
DA:30,1
DA:31,1
DA:32,1
DA:37,8
DA:38,8
DA:39,8
DA:40,8
DA:41,8
DA:42,8
DA:43,8
DA:44,8
DA:45,9
DA:47,499
DA:48,499
DA:49,499
DA:50,499
DA:51,499
DA:52,499
DA:54,499
DA:63,6
DA:64,6
DA:65,6
DA:66,6
DA:67,6
DA:68,6
DA:69,6
DA:72,1
DA:73,1
DA:74,1
DA:75,1
DA:78,1
DA:79,1
DA:80,1
DA:81,1
DA:83,1
DA:84,1
DA:87,1
DA:88,1
DA:89,1
DA:90,1
DA:91,1
DA:92,1
DA:93,1
DA:94,1
DA:97,1
DA:100,1
DA:101,1
DA:102,1
DA:103,1
DA:106,1
DA:107,1
DA:108,1
DA:109,1
DA:112,1
DA:115,1
DA:116,1
DA:117,1
DA:120,1
DA:124,1
DA:125,1
DA:126,1
DA:127,1
DA:128,1
DA:129,1
DA:130,1
DA:132,1
DA:133,1
BRF:0
BRH:0
LF:80
LH:79
end_of_record
SF:/var/home/jack/Code/koan/src/builtins/fn_def.rs
FN:83,_RNCNvNtNtCscUx3zdyuqfq_4koan8builtins6fn_def4body0B7_
FN:27,_RNvNtNtCscUx3zdyuqfq_4koan8builtins6fn_def4body
FN:103,_RNvNtNtCscUx3zdyuqfq_4koan8builtins6fn_def8register
FN:27,_RNvNtNtCseriWsCb5ev6_4koan8builtins6fn_def4body
FN:103,_RNvNtNtCseriWsCb5ev6_4koan8builtins6fn_def8register
FN:83,_RNCNvNtNtCseriWsCb5ev6_4koan8builtins6fn_def4body0B7_
FNDA:10,_RNCNvNtNtCscUx3zdyuqfq_4koan8builtins6fn_def4body0B7_
FNDA:10,_RNvNtNtCscUx3zdyuqfq_4koan8builtins6fn_def4body
FNDA:40,_RNvNtNtCscUx3zdyuqfq_4koan8builtins6fn_def8register
FNDA:173,_RNvNtNtCseriWsCb5ev6_4koan8builtins6fn_def4body
FNDA:459,_RNvNtNtCseriWsCb5ev6_4koan8builtins6fn_def8register
FNDA:168,_RNCNvNtNtCseriWsCb5ev6_4koan8builtins6fn_def4body0B7_
FNF:3
FNH:3
DA:27,183
DA:28,183
DA:29,183
DA:30,183
DA:31,183
DA:32,183
DA:33,183
DA:35,0
DA:36,0
DA:37,0
DA:40,183
DA:41,183
DA:42,0
DA:44,183
DA:45,183
DA:47,0
DA:48,0
DA:49,0
DA:55,183
DA:57,183
DA:61,181
DA:62,183
DA:63,181
DA:64,2
DA:67,181
DA:68,135
DA:69,3
DA:71,43
DA:72,43
DA:73,43
DA:74,43
DA:75,43
DA:76,43
DA:81,178
DA:82,178
DA:83,178
DA:84,178
DA:86,178
DA:88,131
DA:89,131
DA:90,131
DA:91,47
DA:92,47
DA:93,47
DA:94,47
DA:95,47
DA:96,47
DA:98,47
DA:101,183
DA:103,499
DA:123,499
DA:124,499
DA:125,499
DA:126,499
DA:127,499
DA:128,499
DA:129,499
DA:130,499
DA:131,499
DA:132,499
DA:133,499
DA:134,499
DA:137,499
DA:138,499
DA:139,499
DA:143,499
DA:144,499
DA:145,499
DA:146,499
DA:147,499
DA:148,499
DA:149,499
DA:150,499
DA:151,499
DA:152,499
DA:153,499
DA:154,499
DA:157,499
DA:158,499
DA:159,499
DA:163,499
BRF:0
BRH:0
LF:82
LH:75
end_of_record
SF:/var/home/jack/Code/koan/src/builtins/fn_def/finalize.rs
FN:291,_RNCNvNtNtNtCscUx3zdyuqfq_4koan8builtins6fn_def8finalize17defer_via_combine0B9_
FN:206,_RNCNvNtNtNtCscUx3zdyuqfq_4koan8builtins6fn_def8finalize21finalize_fn_with_flag0B9_
FN:163,_RNvNtNtNtCscUx3zdyuqfq_4koan8builtins6fn_def8finalize11finalize_fn
FN:258,_RNvNtNtNtCscUx3zdyuqfq_4koan8builtins6fn_def8finalize17defer_via_combine
FN:181,_RNvNtNtNtCscUx3zdyuqfq_4koan8builtins6fn_def8finalize21finalize_fn_with_flag
FN:68,_RNvNtNtNtCscUx3zdyuqfq_4koan8builtins6fn_def8finalize8classify
FN:291,_RNCNvNtNtNtCseriWsCb5ev6_4koan8builtins6fn_def8finalize17defer_via_combine0B9_
FN:206,_RNCNvNtNtNtCseriWsCb5ev6_4koan8builtins6fn_def8finalize21finalize_fn_with_flag0B9_
FN:163,_RNvNtNtNtCseriWsCb5ev6_4koan8builtins6fn_def8finalize11finalize_fn
FN:258,_RNvNtNtNtCseriWsCb5ev6_4koan8builtins6fn_def8finalize17defer_via_combine
FN:181,_RNvNtNtNtCseriWsCb5ev6_4koan8builtins6fn_def8finalize21finalize_fn_with_flag
FN:68,_RNvNtNtNtCseriWsCb5ev6_4koan8builtins6fn_def8finalize8classify
FNDA:7,_RNCNvNtNtNtCscUx3zdyuqfq_4koan8builtins6fn_def8finalize17defer_via_combine0B9_
FNDA:14,_RNCNvNtNtNtCscUx3zdyuqfq_4koan8builtins6fn_def8finalize21finalize_fn_with_flag0B9_
FNDA:7,_RNvNtNtNtCscUx3zdyuqfq_4koan8builtins6fn_def8finalize11finalize_fn
FNDA:7,_RNvNtNtNtCscUx3zdyuqfq_4koan8builtins6fn_def8finalize17defer_via_combine
FNDA:14,_RNvNtNtNtCscUx3zdyuqfq_4koan8builtins6fn_def8finalize21finalize_fn_with_flag
FNDA:14,_RNvNtNtNtCscUx3zdyuqfq_4koan8builtins6fn_def8finalize8classify
FNDA:49,_RNCNvNtNtNtCseriWsCb5ev6_4koan8builtins6fn_def8finalize17defer_via_combine0B9_
FNDA:184,_RNCNvNtNtNtCseriWsCb5ev6_4koan8builtins6fn_def8finalize21finalize_fn_with_flag0B9_
FNDA:124,_RNvNtNtNtCseriWsCb5ev6_4koan8builtins6fn_def8finalize11finalize_fn
FNDA:49,_RNvNtNtNtCseriWsCb5ev6_4koan8builtins6fn_def8finalize17defer_via_combine
FNDA:178,_RNvNtNtNtCseriWsCb5ev6_4koan8builtins6fn_def8finalize21finalize_fn_with_flag
FNDA:180,_RNvNtNtNtCseriWsCb5ev6_4koan8builtins6fn_def8finalize8classify
FNF:6
FNH:6
DA:68,194
DA:69,194
DA:70,129
DA:71,129
DA:72,129
DA:73,129
DA:74,9
DA:75,9
DA:76,9
DA:77,9
DA:78,4
DA:80,4
DA:81,4
DA:82,4
DA:83,4
DA:84,4
DA:85,4
DA:88,50
DA:90,50
DA:91,50
DA:93,50
DA:94,50
DA:95,50
DA:96,50
DA:97,50
DA:98,50
DA:100,1
DA:102,1
DA:103,1
DA:105,1
DA:106,1
DA:107,1
DA:108,1
DA:109,1
DA:110,1
DA:111,1
DA:112,1
DA:114,1
DA:116,1
DA:117,1
DA:122,1
DA:123,1
DA:124,1
DA:125,1
DA:126,1
DA:127,1
DA:128,1
DA:130,0
DA:133,0
DA:134,0
DA:135,0
DA:136,0
DA:137,0
DA:138,0
DA:142,0
DA:143,0
DA:146,0
DA:147,0
DA:150,0
DA:151,0
DA:152,0
DA:153,0
DA:154,0
DA:155,0
DA:156,0
DA:159,194
DA:163,131
DA:164,131
DA:165,131
DA:166,131
DA:167,131
DA:168,131
DA:169,131
DA:170,131
DA:171,131
DA:181,192
DA:182,192
DA:183,192
DA:184,192
DA:185,192
DA:186,192
DA:187,192
DA:188,192
DA:191,192
DA:192,16
DA:193,14
DA:194,0
DA:195,0
DA:196,0
DA:197,0
DA:198,0
DA:199,14
DA:200,2
DA:201,176
DA:206,198
DA:207,191
DA:208,7
DA:209,198
DA:210,192
DA:211,191
DA:213,1
DA:214,1
DA:215,1
DA:216,1
DA:220,191
DA:221,191
DA:222,191
DA:223,191
DA:225,191
DA:229,191
DA:230,191
DA:231,191
DA:232,191
DA:233,191
DA:234,191
DA:235,191
DA:236,191
DA:237,191
DA:240,191
DA:241,191
DA:242,1
DA:243,190
DA:246,190
DA:247,192
DA:258,56
DA:259,56
DA:260,56
DA:261,56
DA:262,56
DA:263,56
DA:264,56
DA:265,56
DA:266,56
DA:268,56
DA:269,56
DA:270,56
DA:271,56
DA:272,56
DA:278,56
DA:279,56
DA:280,56
DA:281,56
DA:282,5
DA:283,51
DA:284,56
DA:285,56
DA:286,36
DA:287,36
DA:288,36
DA:289,36
DA:291,56
DA:292,56
DA:293,56
DA:294,36
DA:298,36
DA:299,1
DA:300,1
DA:301,1
DA:302,1
DA:303,1
DA:304,35
DA:305,35
DA:307,55
DA:313,55
DA:314,55
DA:315,54
DA:316,1
DA:318,54
DA:319,54
DA:320,0
DA:321,0
DA:324,0
DA:325,0
DA:326,0
DA:329,54
DA:330,54
DA:331,54
DA:332,54
DA:333,54
DA:334,54
DA:335,54
DA:337,56
DA:338,56
DA:339,56
DA:340,56
BRF:0
BRH:0
LF:187
LH:158
end_of_record
SF:/var/home/jack/Code/koan/src/builtins/fn_def/param_refs.rs
FN:23,_RNCNvNtNtNtCscUx3zdyuqfq_4koan8builtins6fn_def10param_refs19part_references_any0B9_
FN:30,_RNCNvNtNtNtCscUx3zdyuqfq_4koan8builtins6fn_def10param_refs19part_references_anys0_0B9_
FN:28,_RNCNvNtNtNtCscUx3zdyuqfq_4koan8builtins6fn_def10param_refs19part_references_anys_0B9_
FN:12,_RNCNvNtNtNtCscUx3zdyuqfq_4koan8builtins6fn_def10param_refs24type_expr_references_any0B9_
FN:18,_RNCNvNtNtNtCscUx3zdyuqfq_4koan8builtins6fn_def10param_refs26kexpression_references_any0B9_
FN:21,_RNvNtNtNtCscUx3zdyuqfq_4koan8builtins6fn_def10param_refs19part_references_any
FN:11,_RNvNtNtNtCscUx3zdyuqfq_4koan8builtins6fn_def10param_refs24type_expr_references_any
FN:15,_RNvNtNtNtCscUx3zdyuqfq_4koan8builtins6fn_def10param_refs26kexpression_references_any
FN:23,_RNCNvNtNtNtCseriWsCb5ev6_4koan8builtins6fn_def10param_refs19part_references_any0B9_
FN:30,_RNCNvNtNtNtCseriWsCb5ev6_4koan8builtins6fn_def10param_refs19part_references_anys0_0B9_
FN:28,_RNCNvNtNtNtCseriWsCb5ev6_4koan8builtins6fn_def10param_refs19part_references_anys_0B9_
FN:12,_RNCNvNtNtNtCseriWsCb5ev6_4koan8builtins6fn_def10param_refs24type_expr_references_any0B9_
FN:18,_RNCNvNtNtNtCseriWsCb5ev6_4koan8builtins6fn_def10param_refs26kexpression_references_any0B9_
FN:21,_RNvNtNtNtCseriWsCb5ev6_4koan8builtins6fn_def10param_refs19part_references_any
FN:11,_RNvNtNtNtCseriWsCb5ev6_4koan8builtins6fn_def10param_refs24type_expr_references_any
FN:15,_RNvNtNtNtCseriWsCb5ev6_4koan8builtins6fn_def10param_refs26kexpression_references_any
FNDA:0,_RNCNvNtNtNtCscUx3zdyuqfq_4koan8builtins6fn_def10param_refs19part_references_any0B9_
FNDA:0,_RNCNvNtNtNtCscUx3zdyuqfq_4koan8builtins6fn_def10param_refs19part_references_anys0_0B9_
FNDA:0,_RNCNvNtNtNtCscUx3zdyuqfq_4koan8builtins6fn_def10param_refs19part_references_anys_0B9_
FNDA:1,_RNCNvNtNtNtCscUx3zdyuqfq_4koan8builtins6fn_def10param_refs24type_expr_references_any0B9_
FNDA:0,_RNCNvNtNtNtCscUx3zdyuqfq_4koan8builtins6fn_def10param_refs26kexpression_references_any0B9_
FNDA:0,_RNvNtNtNtCscUx3zdyuqfq_4koan8builtins6fn_def10param_refs19part_references_any
FNDA:1,_RNvNtNtNtCscUx3zdyuqfq_4koan8builtins6fn_def10param_refs24type_expr_references_any
FNDA:0,_RNvNtNtNtCscUx3zdyuqfq_4koan8builtins6fn_def10param_refs26kexpression_references_any
FNDA:4,_RNCNvNtNtNtCseriWsCb5ev6_4koan8builtins6fn_def10param_refs19part_references_any0B9_
FNDA:1,_RNCNvNtNtNtCseriWsCb5ev6_4koan8builtins6fn_def10param_refs19part_references_anys0_0B9_
FNDA:1,_RNCNvNtNtNtCseriWsCb5ev6_4koan8builtins6fn_def10param_refs19part_references_anys_0B9_
FNDA:26,_RNCNvNtNtNtCseriWsCb5ev6_4koan8builtins6fn_def10param_refs24type_expr_references_any0B9_
FNDA:39,_RNCNvNtNtNtCseriWsCb5ev6_4koan8builtins6fn_def10param_refs26kexpression_references_any0B9_
FNDA:42,_RNvNtNtNtCseriWsCb5ev6_4koan8builtins6fn_def10param_refs19part_references_any
FNDA:28,_RNvNtNtNtCseriWsCb5ev6_4koan8builtins6fn_def10param_refs24type_expr_references_any
FNDA:19,_RNvNtNtNtCseriWsCb5ev6_4koan8builtins6fn_def10param_refs26kexpression_references_any
FNF:8
FNH:8
DA:11,29
DA:12,29
DA:13,29
DA:15,19
DA:16,19
DA:17,19
DA:18,39
DA:19,19
DA:21,42
DA:22,42
DA:23,4
DA:24,18
DA:25,7
DA:26,0
DA:27,1
DA:28,1
DA:30,1
DA:31,1
DA:32,1
DA:33,11
DA:35,42
BRF:0
BRH:0
LF:26
LH:25
end_of_record
SF:/var/home/jack/Code/koan/src/builtins/fn_def/return_type.rs
FN:230,_RNvNtNtNtCscUx3zdyuqfq_4koan8builtins6fn_def11return_type12make_capture
FN:100,_RNvNtNtNtCscUx3zdyuqfq_4koan8builtins6fn_def11return_type20classify_return_type
FN:166,_RNvNtNtNtCscUx3zdyuqfq_4koan8builtins6fn_def11return_type20verdict_for_resolved
FN:57,_RNvNtNtNtCscUx3zdyuqfq_4koan8builtins6fn_def11return_type23extract_return_type_raw
FN:237,_RNvNtNtNtCscUx3zdyuqfq_4koan8builtins6fn_def11return_type25resolve_capture_at_finish
FN:181,_RNvNtNtNtCscUx3zdyuqfq_4koan8builtins6fn_def11return_type30verdict_for_deferred_type_expr
FN:206,_RNvNtNtNtCscUx3zdyuqfq_4koan8builtins6fn_def11return_type31verdict_for_deferred_expression
FN:207,_RNCNvNtNtNtCscUx3zdyuqfq_4koan8builtins6fn_def11return_type31verdict_for_deferred_expression0B9_
FN:207,_RNCNvNtNtNtCseriWsCb5ev6_4koan8builtins6fn_def11return_type31verdict_for_deferred_expression0B9_
FN:230,_RNvNtNtNtCseriWsCb5ev6_4koan8builtins6fn_def11return_type12make_capture
FN:100,_RNvNtNtNtCseriWsCb5ev6_4koan8builtins6fn_def11return_type20classify_return_type
FN:166,_RNvNtNtNtCseriWsCb5ev6_4koan8builtins6fn_def11return_type20verdict_for_resolved
FN:57,_RNvNtNtNtCseriWsCb5ev6_4koan8builtins6fn_def11return_type23extract_return_type_raw
FN:237,_RNvNtNtNtCseriWsCb5ev6_4koan8builtins6fn_def11return_type25resolve_capture_at_finish
FN:181,_RNvNtNtNtCseriWsCb5ev6_4koan8builtins6fn_def11return_type30verdict_for_deferred_type_expr
FN:206,_RNvNtNtNtCseriWsCb5ev6_4koan8builtins6fn_def11return_type31verdict_for_deferred_expression
FNDA:0,_RNvNtNtNtCscUx3zdyuqfq_4koan8builtins6fn_def11return_type12make_capture
FNDA:14,_RNvNtNtNtCscUx3zdyuqfq_4koan8builtins6fn_def11return_type20classify_return_type
FNDA:14,_RNvNtNtNtCscUx3zdyuqfq_4koan8builtins6fn_def11return_type20verdict_for_resolved
FNDA:14,_RNvNtNtNtCscUx3zdyuqfq_4koan8builtins6fn_def11return_type23extract_return_type_raw
FNDA:7,_RNvNtNtNtCscUx3zdyuqfq_4koan8builtins6fn_def11return_type25resolve_capture_at_finish
FNDA:0,_RNvNtNtNtCscUx3zdyuqfq_4koan8builtins6fn_def11return_type30verdict_for_deferred_type_expr
FNDA:0,_RNvNtNtNtCscUx3zdyuqfq_4koan8builtins6fn_def11return_type31verdict_for_deferred_expression
FNDA:0,_RNCNvNtNtNtCscUx3zdyuqfq_4koan8builtins6fn_def11return_type31verdict_for_deferred_expression0B9_
FNDA:1,_RNCNvNtNtNtCseriWsCb5ev6_4koan8builtins6fn_def11return_type31verdict_for_deferred_expression0B9_
FNDA:0,_RNvNtNtNtCseriWsCb5ev6_4koan8builtins6fn_def11return_type12make_capture
FNDA:188,_RNvNtNtNtCseriWsCb5ev6_4koan8builtins6fn_def11return_type20classify_return_type
FNDA:170,_RNvNtNtNtCseriWsCb5ev6_4koan8builtins6fn_def11return_type20verdict_for_resolved
FNDA:188,_RNvNtNtNtCseriWsCb5ev6_4koan8builtins6fn_def11return_type23extract_return_type_raw
FNDA:48,_RNvNtNtNtCseriWsCb5ev6_4koan8builtins6fn_def11return_type25resolve_capture_at_finish
FNDA:2,_RNvNtNtNtCseriWsCb5ev6_4koan8builtins6fn_def11return_type30verdict_for_deferred_type_expr
FNDA:1,_RNvNtNtNtCseriWsCb5ev6_4koan8builtins6fn_def11return_type31verdict_for_deferred_expression
FNF:8
FNH:7
DA:57,202
DA:58,202
DA:59,202
DA:60,202
DA:61,179
DA:62,179
DA:63,0
DA:65,11
DA:66,11
DA:67,0
DA:69,12
DA:70,12
DA:71,0
DA:73,0
DA:74,0
DA:75,0
DA:76,0
DA:78,202
DA:100,202
DA:101,202
DA:102,202
DA:103,202
DA:104,202
DA:105,202
DA:106,202
DA:107,179
DA:108,179
DA:109,179
DA:111,11
DA:112,11
DA:113,4
DA:114,2
DA:115,2
DA:117,4
DA:118,4
DA:119,4
DA:120,4
DA:121,7
DA:122,7
DA:123,7
DA:124,5
DA:125,0
DA:126,0
DA:128,2
DA:129,0
DA:131,2
DA:132,2
DA:133,2
DA:137,5
DA:138,5
DA:139,5
DA:141,0
DA:143,5
DA:145,12
DA:146,12
DA:147,7
DA:148,1
DA:149,6
DA:151,7
DA:152,7
DA:153,7
DA:154,7
DA:156,5
DA:157,5
DA:158,5
DA:159,5
DA:163,202
DA:166,184
DA:167,184
DA:168,182
DA:170,2
DA:171,2
DA:172,2
DA:173,2
DA:175,184
DA:181,2
DA:182,2
DA:183,2
DA:184,2
DA:187,2
DA:188,2
DA:189,2
DA:191,0
DA:192,0
DA:193,0
DA:194,0
DA:195,0
DA:196,0
DA:199,0
DA:201,2
DA:206,1
DA:207,1
DA:208,1
DA:209,0
DA:210,1
DA:211,1
DA:212,1
DA:213,1
DA:214,1
DA:215,1
DA:216,1
DA:217,1
DA:218,0
DA:219,0
DA:220,0
DA:221,0
DA:222,0
DA:223,0
DA:224,0
DA:225,0
DA:226,0
DA:228,1
DA:230,0
DA:231,0
DA:232,0
DA:237,55
DA:238,55
DA:239,55
DA:240,55
DA:241,55
DA:242,55
DA:243,49
DA:244,0
DA:245,0
DA:246,0
DA:247,0
DA:248,0
DA:249,0
DA:250,0
DA:251,0
DA:252,0
DA:253,0
DA:254,0
DA:255,0
DA:259,0
DA:260,0
DA:261,0
DA:262,0
DA:263,0
DA:264,0
DA:265,0
DA:266,0
DA:268,1
DA:269,5
DA:270,5
DA:271,5
DA:272,4
DA:273,1
DA:274,1
DA:275,1
DA:276,1
DA:277,1
DA:281,55
BRF:0
BRH:0
LF:154
LH:103
end_of_record
SF:/var/home/jack/Code/koan/src/builtins/fn_def/signature.rs
FN:169,_RNvNtNtNtCscUx3zdyuqfq_4koan8builtins6fn_def9signature11binder_name
FN:187,_RNvNtNtNtCscUx3zdyuqfq_4koan8builtins6fn_def9signature13binder_bucket
FN:60,_RNvNtNtNtCscUx3zdyuqfq_4koan8builtins6fn_def9signature19parse_fn_param_list
FN:243,_RNvNtNtNtCscUx3zdyuqfq_4koan8builtins6fn_def9signature19signature_expr_part
FN:11,_RNvNtNtNtCscUx3zdyuqfq_4koan8builtins6fn_def9signature34collect_param_names_from_signature
FN:202,_RNCNvNtNtNtCscUx3zdyuqfq_4koan8builtins6fn_def9signature13binder_bucket0B9_
FN:219,_RNCNvNtNtNtCscUx3zdyuqfq_4koan8builtins6fn_def9signature13binder_buckets_0B9_
FN:169,_RNvNtNtNtCseriWsCb5ev6_4koan8builtins6fn_def9signature11binder_name
FN:187,_RNvNtNtNtCseriWsCb5ev6_4koan8builtins6fn_def9signature13binder_bucket
FN:60,_RNvNtNtNtCseriWsCb5ev6_4koan8builtins6fn_def9signature19parse_fn_param_list
FN:243,_RNvNtNtNtCseriWsCb5ev6_4koan8builtins6fn_def9signature19signature_expr_part
FN:11,_RNvNtNtNtCseriWsCb5ev6_4koan8builtins6fn_def9signature34collect_param_names_from_signature
FN:202,_RNCNvNtNtNtCseriWsCb5ev6_4koan8builtins6fn_def9signature13binder_bucket0B9_
FN:219,_RNCNvNtNtNtCseriWsCb5ev6_4koan8builtins6fn_def9signature13binder_buckets_0B9_
FNDA:0,_RNvNtNtNtCscUx3zdyuqfq_4koan8builtins6fn_def9signature11binder_name
FNDA:31,_RNvNtNtNtCscUx3zdyuqfq_4koan8builtins6fn_def9signature13binder_bucket
FNDA:21,_RNvNtNtNtCscUx3zdyuqfq_4koan8builtins6fn_def9signature19parse_fn_param_list
FNDA:31,_RNvNtNtNtCscUx3zdyuqfq_4koan8builtins6fn_def9signature19signature_expr_part
FNDA:14,_RNvNtNtNtCscUx3zdyuqfq_4koan8builtins6fn_def9signature34collect_param_names_from_signature
FNDA:23,_RNCNvNtNtNtCscUx3zdyuqfq_4koan8builtins6fn_def9signature13binder_bucket0B9_
FNDA:12,_RNCNvNtNtNtCscUx3zdyuqfq_4koan8builtins6fn_def9signature13binder_buckets_0B9_
FNDA:1,_RNvNtNtNtCseriWsCb5ev6_4koan8builtins6fn_def9signature11binder_name
FNDA:392,_RNvNtNtNtCseriWsCb5ev6_4koan8builtins6fn_def9signature13binder_bucket
FNDA:230,_RNvNtNtNtCseriWsCb5ev6_4koan8builtins6fn_def9signature19parse_fn_param_list
FNDA:393,_RNvNtNtNtCseriWsCb5ev6_4koan8builtins6fn_def9signature19signature_expr_part
FNDA:188,_RNvNtNtNtCseriWsCb5ev6_4koan8builtins6fn_def9signature34collect_param_names_from_signature
FNDA:260,_RNCNvNtNtNtCseriWsCb5ev6_4koan8builtins6fn_def9signature13binder_bucket0B9_
FNDA:48,_RNCNvNtNtNtCseriWsCb5ev6_4koan8builtins6fn_def9signature13binder_buckets_0B9_
FNF:7
FNH:7
DA:11,202
DA:12,202
DA:13,202
DA:14,202
DA:15,574
DA:16,372
DA:17,140
DA:18,28
DA:19,204
DA:21,372
DA:22,168
DA:23,168
DA:24,166
DA:30,168
DA:31,166
DA:32,166
DA:33,166
DA:34,2
DA:35,204
DA:36,206
DA:38,202
DA:39,202
DA:60,251
DA:61,251
DA:62,251
DA:63,251
DA:64,251
DA:65,251
DA:66,251
DA:67,251
DA:68,251
DA:69,251
DA:70,720
DA:73,471
DA:74,180
DA:75,38
DA:76,253
DA:78,471
DA:79,253
DA:80,253
DA:81,253
DA:82,253
DA:83,218
DA:84,218
DA:85,35
DA:86,145
DA:87,145
DA:88,128
DA:89,128
DA:90,128
DA:91,128
DA:92,128
DA:93,128
DA:94,16
DA:95,16
DA:96,16
DA:97,1
DA:98,1
DA:99,1
DA:100,1
DA:101,0
DA:103,145
DA:105,4
DA:106,4
DA:107,4
DA:108,4
DA:109,32
DA:110,32
DA:111,32
DA:112,32
DA:113,32
DA:114,32
DA:115,32
DA:116,32
DA:117,32
DA:118,32
DA:119,35
DA:120,35
DA:121,35
DA:122,35
DA:123,35
DA:124,35
DA:125,35
DA:126,0
DA:127,0
DA:128,0
DA:129,0
DA:130,0
DA:131,0
DA:134,2
DA:135,2
DA:136,2
DA:137,2
DA:141,0
DA:142,0
DA:143,0
DA:144,0
DA:145,0
DA:147,0
DA:148,0
DA:149,0
DA:150,0
DA:151,0
DA:155,249
DA:156,1
DA:157,248
DA:158,248
DA:159,52
DA:160,52
DA:161,52
DA:162,52
DA:163,196
DA:164,196
DA:165,251
DA:169,1
DA:170,1
DA:171,1
DA:172,1
DA:173,1
DA:174,0
DA:176,0
DA:177,1
DA:187,423
DA:188,423
DA:189,423
DA:191,423
DA:192,423
DA:193,423
DA:194,423
DA:195,1197
DA:196,774
DA:197,427
DA:198,427
DA:199,427
DA:200,427
DA:202,287
DA:203,0
DA:204,283
DA:210,283
DA:211,287
DA:212,283
DA:213,283
DA:214,283
DA:215,4
DA:216,4
DA:219,60
DA:220,0
DA:221,60
DA:227,60
DA:228,60
DA:229,60
DA:230,60
DA:231,60
DA:232,0
DA:233,0
DA:235,0
DA:236,0
DA:237,0
DA:240,423
DA:241,423
DA:243,424
DA:244,424
DA:245,424
DA:246,424
DA:247,0
DA:249,424
BRF:0
BRH:0
LF:168
LH:141
end_of_record
SF:/var/home/jack/Code/koan/src/builtins/functor_def.rs
FN:127,_RNvNtNtCscUx3zdyuqfq_4koan8builtins11functor_def19collect_param_types
FN:40,_RNvNtNtCscUx3zdyuqfq_4koan8builtins11functor_def4body
FN:158,_RNvNtNtCscUx3zdyuqfq_4koan8builtins11functor_def8register
FN:100,_RNCNvNtNtCscUx3zdyuqfq_4koan8builtins11functor_def4body0B7_
FN:100,_RNCNvNtNtCseriWsCb5ev6_4koan8builtins11functor_def4body0B7_
FN:127,_RNvNtNtCseriWsCb5ev6_4koan8builtins11functor_def19collect_param_types
FN:40,_RNvNtNtCseriWsCb5ev6_4koan8builtins11functor_def4body
FN:158,_RNvNtNtCseriWsCb5ev6_4koan8builtins11functor_def8register
FNDA:4,_RNvNtNtCscUx3zdyuqfq_4koan8builtins11functor_def19collect_param_types
FNDA:4,_RNvNtNtCscUx3zdyuqfq_4koan8builtins11functor_def4body
FNDA:40,_RNvNtNtCscUx3zdyuqfq_4koan8builtins11functor_def8register
FNDA:4,_RNCNvNtNtCscUx3zdyuqfq_4koan8builtins11functor_def4body0B7_
FNDA:12,_RNCNvNtNtCseriWsCb5ev6_4koan8builtins11functor_def4body0B7_
FNDA:15,_RNvNtNtCseriWsCb5ev6_4koan8builtins11functor_def19collect_param_types
FNDA:15,_RNvNtNtCseriWsCb5ev6_4koan8builtins11functor_def4body
FNDA:459,_RNvNtNtCseriWsCb5ev6_4koan8builtins11functor_def8register
FNF:4
FNH:4
DA:40,19
DA:41,19
DA:42,19
DA:43,19
DA:44,19
DA:45,19
DA:46,19
DA:48,0
DA:49,0
DA:50,0
DA:53,19
DA:54,19
DA:55,0
DA:57,19
DA:58,19
DA:60,0
DA:61,0
DA:62,0
DA:65,19
DA:70,19
DA:72,19
DA:76,19
DA:77,19
DA:78,19
DA:79,0
DA:81,19
DA:82,3
DA:83,16
DA:85,16
DA:86,7
DA:87,0
DA:89,9
DA:90,9
DA:91,9
DA:92,9
DA:93,9
DA:94,9
DA:98,16
DA:99,16
DA:100,16
DA:101,16
DA:103,16
DA:105,7
DA:106,7
DA:107,7
DA:108,9
DA:111,9
DA:112,9
DA:113,9
DA:114,9
DA:115,9
DA:116,9
DA:118,9
DA:122,19
DA:127,19
DA:128,19
DA:129,19
DA:130,19
DA:132,19
DA:133,19
DA:134,19
DA:135,19
DA:136,57
DA:137,38
DA:138,2
DA:139,17
DA:140,19
DA:142,38
DA:143,19
DA:144,19
DA:145,19
DA:146,10
DA:147,10
DA:148,0
DA:149,0
DA:150,19
DA:151,19
DA:152,19
DA:153,19
DA:155,19
DA:156,19
DA:158,499
DA:165,499
DA:166,499
DA:167,499
DA:168,499
DA:169,499
DA:170,499
DA:171,499
DA:172,499
DA:173,499
DA:174,499
DA:175,499
DA:176,499
DA:179,499
DA:180,499
DA:181,499
DA:186,499
DA:187,499
DA:188,499
DA:189,499
DA:190,499
DA:191,499
DA:192,499
DA:193,499
DA:194,499
DA:195,499
DA:196,499
DA:197,499
DA:200,499
DA:201,499
DA:202,499
DA:207,499
BRF:0
BRH:0
LF:114
LH:103
end_of_record
SF:/var/home/jack/Code/koan/src/builtins/let_binding.rs
FN:185,_RNvNtNtCscUx3zdyuqfq_4koan8builtins11let_binding11binder_name
FN:170,_RNvNtNtCscUx3zdyuqfq_4koan8builtins11let_binding21capitalize_identifier
FN:156,_RNvNtNtCscUx3zdyuqfq_4koan8builtins11let_binding28is_admissible_type_class_rhs
FN:12,_RNvNtNtCscUx3zdyuqfq_4koan8builtins11let_binding4body
FN:193,_RNvNtNtCscUx3zdyuqfq_4koan8builtins11let_binding8register
FN:22,_RNCNvNtNtCscUx3zdyuqfq_4koan8builtins11let_binding4body0B7_
FN:22,_RNCNvNtNtCseriWsCb5ev6_4koan8builtins11let_binding4body0B7_
FN:185,_RNvNtNtCseriWsCb5ev6_4koan8builtins11let_binding11binder_name
FN:170,_RNvNtNtCseriWsCb5ev6_4koan8builtins11let_binding21capitalize_identifier
FN:156,_RNvNtNtCseriWsCb5ev6_4koan8builtins11let_binding28is_admissible_type_class_rhs
FN:12,_RNvNtNtCseriWsCb5ev6_4koan8builtins11let_binding4body
FN:193,_RNvNtNtCseriWsCb5ev6_4koan8builtins11let_binding8register
FNDA:139,_RNvNtNtCscUx3zdyuqfq_4koan8builtins11let_binding11binder_name
FNDA:0,_RNvNtNtCscUx3zdyuqfq_4koan8builtins11let_binding21capitalize_identifier
FNDA:16,_RNvNtNtCscUx3zdyuqfq_4koan8builtins11let_binding28is_admissible_type_class_rhs
FNDA:49,_RNvNtNtCscUx3zdyuqfq_4koan8builtins11let_binding4body
FNDA:40,_RNvNtNtCscUx3zdyuqfq_4koan8builtins11let_binding8register
FNDA:49,_RNCNvNtNtCscUx3zdyuqfq_4koan8builtins11let_binding4body0B7_
FNDA:348,_RNCNvNtNtCseriWsCb5ev6_4koan8builtins11let_binding4body0B7_
FNDA:877,_RNvNtNtCseriWsCb5ev6_4koan8builtins11let_binding11binder_name
FNDA:2,_RNvNtNtCseriWsCb5ev6_4koan8builtins11let_binding21capitalize_identifier
FNDA:110,_RNvNtNtCseriWsCb5ev6_4koan8builtins11let_binding28is_admissible_type_class_rhs
FNDA:349,_RNvNtNtCseriWsCb5ev6_4koan8builtins11let_binding4body
FNDA:459,_RNvNtNtCseriWsCb5ev6_4koan8builtins11let_binding8register
FNF:6
FNH:6
DA:12,398
DA:13,398
DA:14,398
DA:15,398
DA:16,398
DA:20,398
DA:21,398
DA:22,398
DA:23,398
DA:24,398
DA:25,398
DA:26,0
DA:32,398
DA:33,398
DA:34,271
DA:38,271
DA:39,1
DA:40,1
DA:41,269
DA:43,271
DA:44,2
DA:45,2
DA:46,2
DA:47,2
DA:48,2
DA:49,2
DA:50,2
DA:51,2
DA:52,269
DA:53,269
DA:55,97
DA:56,97
DA:57,97
DA:58,3
DA:59,3
DA:60,3
DA:61,3
DA:62,94
DA:67,94
DA:68,92
DA:69,92
DA:70,94
DA:73,30
DA:80,1
DA:81,1
DA:82,1
DA:83,1
DA:86,29
DA:87,29
DA:88,0
DA:89,0
DA:90,0
DA:91,0
DA:92,29
DA:97,29
DA:98,29
DA:99,29
DA:100,29
DA:103,0
DA:104,0
DA:105,0
DA:106,0
DA:107,0
DA:108,0
DA:110,0
DA:115,392
DA:116,2
DA:117,2
DA:118,2
DA:119,2
DA:120,390
DA:121,390
DA:122,390
DA:123,390
DA:124,390
DA:125,121
DA:126,121
DA:127,121
DA:128,121
DA:129,121
DA:130,121
DA:131,121
DA:135,269
DA:136,2
DA:137,2
DA:138,2
DA:139,2
DA:140,2
DA:141,267
DA:142,267
DA:143,1
DA:144,266
DA:146,387
DA:147,398
DA:156,126
DA:157,126
DA:158,121
DA:159,5
DA:160,5
DA:161,3
DA:162,2
DA:163,2
DA:164,126
DA:170,2
DA:171,2
DA:172,2
DA:173,2
DA:174,2
DA:175,2
DA:176,2
DA:177,2
DA:179,0
DA:181,2
DA:185,1016
DA:186,1016
DA:187,684
DA:188,329
DA:189,3
DA:191,1016
DA:193,499
DA:194,499
DA:195,499
DA:196,499
DA:197,499
DA:198,499
DA:199,499
DA:200,499
DA:201,499
DA:202,499
DA:203,499
DA:206,499
DA:207,499
DA:209,499
DA:210,499
DA:211,499
DA:212,499
DA:213,499
DA:214,499
DA:215,499
DA:216,499
DA:217,499
DA:218,499
DA:221,499
DA:222,499
DA:224,499
BRF:0
BRH:0
LF:146
LH:133
end_of_record
SF:/var/home/jack/Code/koan/src/builtins/match_case.rs
FN:98,_RNCNvNtNtCscUx3zdyuqfq_4koan8builtins10match_case4body0B7_
FN:24,_RNvNtNtCscUx3zdyuqfq_4koan8builtins10match_case4body
FN:109,_RNvNtNtCscUx3zdyuqfq_4koan8builtins10match_case8register
FN:24,_RNvNtNtCseriWsCb5ev6_4koan8builtins10match_case4body
FN:109,_RNvNtNtCseriWsCb5ev6_4koan8builtins10match_case8register
FN:133,_RNvNtNtNtCseriWsCb5ev6_4koan8builtins10match_case5tests11run_program
FN:172,_RNvNtNtNtCseriWsCb5ev6_4koan8builtins10match_case5testss_25match_inexhaustive_errors
FN:152,_RNvNtNtNtCseriWsCb5ev6_4koan8builtins10match_case5testss_29match_binds_inner_value_to_it
FN:211,_RNvNtNtNtCseriWsCb5ev6_4koan8builtins10match_case5testss_29recursive_tagged_match_no_uaf
FN:226,_RNvNtNtNtCseriWsCb5ev6_4koan8builtins10match_case5testss_33match_on_bool_inexhaustive_errors
FN:197,_RNvNtNtNtCseriWsCb5ev6_4koan8builtins10match_case5testss_36match_on_bool_true_takes_true_branch
FN:162,_RNvNtNtNtCseriWsCb5ev6_4koan8builtins10match_case5testss_37match_does_not_run_unmatched_branches
FN:204,_RNvNtNtNtCseriWsCb5ev6_4koan8builtins10match_case5testss_38match_on_bool_false_takes_false_branch
FN:142,_RNvNtNtNtCseriWsCb5ev6_4koan8builtins10match_case5testss_40match_dispatches_branch_for_matching_tag
FN:187,_RNvNtNtNtCseriWsCb5ev6_4koan8builtins10match_case5testss_40match_other_branch_runs_when_tag_matches
FN:237,_RNvNtNtNtCseriWsCb5ev6_4koan8builtins10match_case5testss_47multi_statement_match_branch_returns_last_value
FN:252,_RNvNtNtNtCseriWsCb5ev6_4koan8builtins10match_case5testss_59fn_recursion_with_multi_statement_body_via_match_terminates
FN:98,_RNCNvNtNtCseriWsCb5ev6_4koan8builtins10match_case4body0B7_
FNDA:0,_RNCNvNtNtCscUx3zdyuqfq_4koan8builtins10match_case4body0B7_
FNDA:0,_RNvNtNtCscUx3zdyuqfq_4koan8builtins10match_case4body
FNDA:40,_RNvNtNtCscUx3zdyuqfq_4koan8builtins10match_case8register
FNDA:69,_RNvNtNtCseriWsCb5ev6_4koan8builtins10match_case4body
FNDA:459,_RNvNtNtCseriWsCb5ev6_4koan8builtins10match_case8register
FNDA:9,_RNvNtNtNtCseriWsCb5ev6_4koan8builtins10match_case5tests11run_program
FNDA:1,_RNvNtNtNtCseriWsCb5ev6_4koan8builtins10match_case5testss_25match_inexhaustive_errors
FNDA:1,_RNvNtNtNtCseriWsCb5ev6_4koan8builtins10match_case5testss_29match_binds_inner_value_to_it
FNDA:1,_RNvNtNtNtCseriWsCb5ev6_4koan8builtins10match_case5testss_29recursive_tagged_match_no_uaf
FNDA:1,_RNvNtNtNtCseriWsCb5ev6_4koan8builtins10match_case5testss_33match_on_bool_inexhaustive_errors
FNDA:1,_RNvNtNtNtCseriWsCb5ev6_4koan8builtins10match_case5testss_36match_on_bool_true_takes_true_branch
FNDA:1,_RNvNtNtNtCseriWsCb5ev6_4koan8builtins10match_case5testss_37match_does_not_run_unmatched_branches
FNDA:1,_RNvNtNtNtCseriWsCb5ev6_4koan8builtins10match_case5testss_38match_on_bool_false_takes_false_branch
FNDA:1,_RNvNtNtNtCseriWsCb5ev6_4koan8builtins10match_case5testss_40match_dispatches_branch_for_matching_tag
FNDA:1,_RNvNtNtNtCseriWsCb5ev6_4koan8builtins10match_case5testss_40match_other_branch_runs_when_tag_matches
FNDA:1,_RNvNtNtNtCseriWsCb5ev6_4koan8builtins10match_case5testss_47multi_statement_match_branch_returns_last_value
FNDA:1,_RNvNtNtNtCseriWsCb5ev6_4koan8builtins10match_case5testss_59fn_recursion_with_multi_statement_body_via_match_terminates
FNDA:1,_RNCNvNtNtCseriWsCb5ev6_4koan8builtins10match_case4body0B7_
FNF:15
FNH:15
DA:24,69
DA:25,69
DA:26,69
DA:27,69
DA:28,69
DA:29,69
DA:30,62
DA:31,7
DA:32,7
DA:33,5
DA:35,2
DA:37,7
DA:39,0
DA:40,0
DA:41,0
DA:42,0
DA:43,0
DA:44,0
DA:46,0
DA:48,69
DA:49,69
DA:51,0
DA:52,0
DA:53,0
DA:56,69
DA:57,66
DA:59,3
DA:60,3
DA:61,3
DA:62,3
DA:64,0
DA:67,66
DA:68,66
DA:69,66
DA:72,66
DA:73,66
DA:74,66
DA:77,66
DA:78,66
DA:79,66
DA:80,66
DA:81,66
DA:82,66
DA:83,66
DA:84,66
DA:87,66
DA:88,66
DA:89,66
DA:90,66
DA:91,1
DA:92,1
DA:93,1
DA:94,1
DA:95,1
DA:96,1
DA:97,1
DA:98,1
DA:99,1
DA:100,1
DA:102,1
DA:104,65
DA:105,65
DA:107,69
DA:109,499
DA:110,499
DA:111,499
DA:112,499
DA:113,499
DA:114,499
DA:115,499
DA:116,499
DA:117,499
DA:118,499
DA:119,499
DA:122,499
DA:124,499
DA:133,9
DA:134,9
DA:135,9
DA:136,9
DA:137,9
DA:138,9
DA:139,9
DA:142,1
DA:143,1
DA:144,1
DA:145,1
DA:146,1
DA:148,1
DA:149,1
DA:152,1
DA:153,1
DA:154,1
DA:155,1
DA:156,1
DA:158,1
DA:159,1
DA:162,1
DA:163,1
DA:164,1
DA:165,1
DA:166,1
DA:168,1
DA:169,1
DA:172,1
DA:173,1
DA:174,1
DA:175,1
DA:176,1
DA:177,1
DA:179,1
DA:180,1
DA:181,1
DA:184,1
DA:187,1
DA:188,1
DA:189,1
DA:190,1
DA:191,1
DA:193,1
DA:194,1
DA:197,1
DA:198,1
DA:199,1
DA:200,1
DA:201,1
DA:204,1
DA:205,1
DA:206,1
DA:207,1
DA:208,1
DA:211,1
DA:214,1
DA:215,1
DA:216,1
DA:217,1
DA:218,1
DA:219,1
DA:220,1
DA:222,1
DA:223,1
DA:226,1
DA:227,1
DA:228,1
DA:229,1
DA:230,1
DA:231,1
DA:234,1
DA:237,1
DA:238,1
DA:239,1
DA:240,1
DA:241,1
DA:242,1
DA:243,1
DA:244,1
DA:246,1
DA:247,1
DA:248,1
DA:249,1
DA:252,1
DA:253,1
DA:254,1
DA:255,1
DA:256,1
DA:257,1
DA:258,1
DA:259,1
DA:260,1
DA:261,1
DA:262,1
DA:264,1
DA:265,1
DA:266,1
BRF:0
BRH:0
LF:175
LH:164
end_of_record
SF:/var/home/jack/Code/koan/src/builtins/module_def.rs
FN:119,_RNvNtNtCscUx3zdyuqfq_4koan8builtins10module_def11binder_name
FN:25,_RNvNtNtCscUx3zdyuqfq_4koan8builtins10module_def4body
FN:123,_RNvNtNtCscUx3zdyuqfq_4koan8builtins10module_def8register
FN:55,_RNCNvNtNtCscUx3zdyuqfq_4koan8builtins10module_def4body0B7_
FN:58,_RNCNvNtNtCscUx3zdyuqfq_4koan8builtins10module_def4bodys_0B7_
FN:119,_RNvNtNtCseriWsCb5ev6_4koan8builtins10module_def11binder_name
FN:25,_RNvNtNtCseriWsCb5ev6_4koan8builtins10module_def4body
FN:123,_RNvNtNtCseriWsCb5ev6_4koan8builtins10module_def8register
FN:150,_RNvNtNtNtCseriWsCb5ev6_4koan8builtins10module_def5tests14resolve_module
FN:212,_RNvNtNtNtCseriWsCb5ev6_4koan8builtins10module_def5testss_28module_unknown_member_errors
FN:180,_RNvNtNtNtCseriWsCb5ev6_4koan8builtins10module_def5testss_29module_member_access_via_attr
FN:158,_RNvNtNtNtCseriWsCb5ev6_4koan8builtins10module_def5testss_32binder_name_extracts_module_name
FN:165,_RNvNtNtNtCseriWsCb5ev6_4koan8builtins10module_def5testss_32module_binds_under_name_in_scope
FN:198,_RNvNtNtNtCseriWsCb5ev6_4koan8builtins10module_def5testss_33module_member_function_via_let_fn
FN:284,_RNvNtNtNtCseriWsCb5ev6_4koan8builtins10module_def5testss_36module_body_dispatch_does_not_dangle
FN:236,_RNvNtNtNtCseriWsCb5ev6_4koan8builtins10module_def5testss_38module_body_parks_on_outer_placeholder
FN:246,_RNvNtNtNtCseriWsCb5ev6_4koan8builtins10module_def5testss_41module_body_error_short_circuits_finalize
FN:189,_RNvNtNtNtCseriWsCb5ev6_4koan8builtins10module_def5testss_41module_with_multiple_statements_in_parens
FN:225,_RNvNtNtNtCseriWsCb5ev6_4koan8builtins10module_def5testss_41nested_module_accessible_via_chained_attr
FN:260,_RNvNtNtNtCseriWsCb5ev6_4koan8builtins10module_def5testss_50module_finalize_short_circuits_on_idempotent_state
FN:55,_RNCNvNtNtCseriWsCb5ev6_4koan8builtins10module_def4body0B7_
FN:58,_RNCNvNtNtCseriWsCb5ev6_4koan8builtins10module_def4bodys_0B7_
FNDA:30,_RNvNtNtCscUx3zdyuqfq_4koan8builtins10module_def11binder_name
FNDA:17,_RNvNtNtCscUx3zdyuqfq_4koan8builtins10module_def4body
FNDA:40,_RNvNtNtCscUx3zdyuqfq_4koan8builtins10module_def8register
FNDA:17,_RNCNvNtNtCscUx3zdyuqfq_4koan8builtins10module_def4body0B7_
FNDA:16,_RNCNvNtNtCscUx3zdyuqfq_4koan8builtins10module_def4bodys_0B7_
FNDA:139,_RNvNtNtCseriWsCb5ev6_4koan8builtins10module_def11binder_name
FNDA:79,_RNvNtNtCseriWsCb5ev6_4koan8builtins10module_def4body
FNDA:459,_RNvNtNtCseriWsCb5ev6_4koan8builtins10module_def8register
FNDA:3,_RNvNtNtNtCseriWsCb5ev6_4koan8builtins10module_def5tests14resolve_module
FNDA:1,_RNvNtNtNtCseriWsCb5ev6_4koan8builtins10module_def5testss_28module_unknown_member_errors
FNDA:1,_RNvNtNtNtCseriWsCb5ev6_4koan8builtins10module_def5testss_29module_member_access_via_attr
FNDA:1,_RNvNtNtNtCseriWsCb5ev6_4koan8builtins10module_def5testss_32binder_name_extracts_module_name
FNDA:1,_RNvNtNtNtCseriWsCb5ev6_4koan8builtins10module_def5testss_32module_binds_under_name_in_scope
FNDA:1,_RNvNtNtNtCseriWsCb5ev6_4koan8builtins10module_def5testss_33module_member_function_via_let_fn
FNDA:1,_RNvNtNtNtCseriWsCb5ev6_4koan8builtins10module_def5testss_36module_body_dispatch_does_not_dangle
FNDA:1,_RNvNtNtNtCseriWsCb5ev6_4koan8builtins10module_def5testss_38module_body_parks_on_outer_placeholder
FNDA:1,_RNvNtNtNtCseriWsCb5ev6_4koan8builtins10module_def5testss_41module_body_error_short_circuits_finalize
FNDA:1,_RNvNtNtNtCseriWsCb5ev6_4koan8builtins10module_def5testss_41module_with_multiple_statements_in_parens
FNDA:1,_RNvNtNtNtCseriWsCb5ev6_4koan8builtins10module_def5testss_41nested_module_accessible_via_chained_attr
FNDA:1,_RNvNtNtNtCseriWsCb5ev6_4koan8builtins10module_def5testss_50module_finalize_short_circuits_on_idempotent_state
FNDA:79,_RNCNvNtNtCseriWsCb5ev6_4koan8builtins10module_def4body0B7_
FNDA:77,_RNCNvNtNtCseriWsCb5ev6_4koan8builtins10module_def4bodys_0B7_
FNF:17
FNH:17
DA:25,96
DA:26,96
DA:27,96
DA:28,96
DA:29,96
DA:31,96
DA:32,96
DA:33,0
DA:35,96
DA:36,96
DA:38,0
DA:39,0
DA:40,0
DA:44,96
DA:45,96
DA:47,96
DA:51,96
DA:53,96
DA:54,96
DA:55,96
DA:56,96
DA:57,96
DA:58,96
DA:62,93
DA:63,93
DA:64,1
DA:65,92
DA:66,92
DA:67,92
DA:68,92
DA:76,92
DA:77,92
DA:78,92
DA:79,92
DA:80,92
DA:81,21
DA:82,0
DA:83,21
DA:84,21
DA:87,92
DA:88,92
DA:89,92
DA:90,92
DA:97,92
DA:98,92
DA:99,92
DA:100,92
DA:101,92
DA:102,92
DA:103,92
DA:104,92
DA:105,92
DA:106,92
DA:107,92
DA:108,0
DA:109,0
DA:110,0
DA:111,0
DA:113,93
DA:114,96
DA:115,96
DA:116,96
DA:119,169
DA:120,169
DA:121,169
DA:123,499
DA:124,499
DA:125,499
DA:126,499
DA:127,499
DA:128,499
DA:129,499
DA:130,499
DA:131,499
DA:132,499
DA:133,499
DA:136,499
DA:137,499
DA:139,499
DA:150,3
DA:151,3
DA:152,3
DA:153,0
DA:155,3
DA:158,1
DA:159,1
DA:160,1
DA:161,1
DA:162,1
DA:165,1
DA:166,1
DA:167,1
DA:168,1
DA:169,1
DA:170,1
DA:173,1
DA:174,1
DA:177,1
DA:180,1
DA:181,1
DA:182,1
DA:183,1
DA:184,1
DA:185,1
DA:186,1
DA:189,1
DA:190,1
DA:191,1
DA:192,1
DA:193,1
DA:194,1
DA:195,1
DA:198,1
DA:201,1
DA:202,1
DA:203,1
DA:204,1
DA:205,1
DA:207,1
DA:208,1
DA:209,1
DA:212,1
DA:213,1
DA:214,1
DA:215,1
DA:216,1
DA:217,1
DA:218,1
DA:219,1
DA:222,1
DA:225,1
DA:226,1
DA:227,1
DA:228,1
DA:229,1
DA:230,1
DA:231,1
DA:236,1
DA:237,1
DA:238,1
DA:239,1
DA:240,1
DA:241,1
DA:242,1
DA:246,1
DA:247,1
DA:248,1
DA:249,1
DA:250,1
DA:251,1
DA:254,1
DA:260,1
DA:261,1
DA:262,1
DA:263,1
DA:264,1
DA:265,1
DA:267,1
DA:268,1
DA:269,1
DA:270,1
DA:271,1
DA:275,1
DA:276,1
DA:277,1
DA:278,1
DA:279,1
DA:284,1
DA:285,1
DA:286,1
DA:287,1
DA:288,1
DA:289,1
DA:290,1
DA:291,1
DA:292,1
BRF:0
BRH:0
LF:178
LH:168
end_of_record
SF:/var/home/jack/Code/koan/src/builtins/newtype_def.rs
FN:131,_RNCNvNtNtCscUx3zdyuqfq_4koan8builtins11newtype_def17newtype_construct0B7_
FN:83,_RNCNvNtNtCscUx3zdyuqfq_4koan8builtins11newtype_def4body0B7_
FN:104,_RNvNtNtCscUx3zdyuqfq_4koan8builtins11newtype_def11binder_name
FN:117,_RNvNtNtCscUx3zdyuqfq_4koan8builtins11newtype_def17newtype_construct
FN:27,_RNvNtNtCscUx3zdyuqfq_4koan8builtins11newtype_def4body
FN:167,_RNvNtNtCscUx3zdyuqfq_4koan8builtins11newtype_def8register
FN:104,_RNvNtNtCseriWsCb5ev6_4koan8builtins11newtype_def11binder_name
FN:117,_RNvNtNtCseriWsCb5ev6_4koan8builtins11newtype_def17newtype_construct
FN:27,_RNvNtNtCseriWsCb5ev6_4koan8builtins11newtype_def4body
FN:167,_RNvNtNtCseriWsCb5ev6_4koan8builtins11newtype_def8register
FN:131,_RNCNvNtNtCseriWsCb5ev6_4koan8builtins11newtype_def17newtype_construct0B7_
FN:83,_RNCNvNtNtCseriWsCb5ev6_4koan8builtins11newtype_def4body0B7_
FN:356,_RNvNtNtNtCseriWsCb5ev6_4koan8builtins11newtype_def5testss_28construct_arity_zero_rejects
FN:377,_RNvNtNtNtCseriWsCb5ev6_4koan8builtins11newtype_def5testss_29construct_with_operator_value
FN:198,_RNvNtNtNtCseriWsCb5ev6_4koan8builtins11newtype_def5testss_30declare_mints_newtype_identity
FN:266,_RNvNtNtNtCseriWsCb5ev6_4koan8builtins11newtype_def5testss_30newtype_over_newtype_collapses
FN:337,_RNvNtNtNtCseriWsCb5ev6_4koan8builtins11newtype_def5testss_31construct_with_identifier_value
FN:251,_RNvNtNtNtCseriWsCb5ev6_4koan8builtins11newtype_def5testss_35construct_rejects_non_matching_repr
FN:228,_RNvNtNtNtCseriWsCb5ev6_4koan8builtins11newtype_def5testss_35construct_wraps_repr_matching_value
FN:295,_RNvNtNtNtCseriWsCb5ev6_4koan8builtins11newtype_def5testss_43dispatch_distinguishes_distance_from_number
FNDA:0,_RNCNvNtNtCscUx3zdyuqfq_4koan8builtins11newtype_def17newtype_construct0B7_
FNDA:0,_RNCNvNtNtCscUx3zdyuqfq_4koan8builtins11newtype_def4body0B7_
FNDA:0,_RNvNtNtCscUx3zdyuqfq_4koan8builtins11newtype_def11binder_name
FNDA:0,_RNvNtNtCscUx3zdyuqfq_4koan8builtins11newtype_def17newtype_construct
FNDA:0,_RNvNtNtCscUx3zdyuqfq_4koan8builtins11newtype_def4body
FNDA:40,_RNvNtNtCscUx3zdyuqfq_4koan8builtins11newtype_def8register
FNDA:24,_RNvNtNtCseriWsCb5ev6_4koan8builtins11newtype_def11binder_name
FNDA:12,_RNvNtNtCseriWsCb5ev6_4koan8builtins11newtype_def17newtype_construct
FNDA:12,_RNvNtNtCseriWsCb5ev6_4koan8builtins11newtype_def4body
FNDA:459,_RNvNtNtCseriWsCb5ev6_4koan8builtins11newtype_def8register
FNDA:11,_RNCNvNtNtCseriWsCb5ev6_4koan8builtins11newtype_def17newtype_construct0B7_
FNDA:12,_RNCNvNtNtCseriWsCb5ev6_4koan8builtins11newtype_def4body0B7_
FNDA:1,_RNvNtNtNtCseriWsCb5ev6_4koan8builtins11newtype_def5testss_28construct_arity_zero_rejects
FNDA:1,_RNvNtNtNtCseriWsCb5ev6_4koan8builtins11newtype_def5testss_29construct_with_operator_value
FNDA:1,_RNvNtNtNtCseriWsCb5ev6_4koan8builtins11newtype_def5testss_30declare_mints_newtype_identity
FNDA:1,_RNvNtNtNtCseriWsCb5ev6_4koan8builtins11newtype_def5testss_30newtype_over_newtype_collapses
FNDA:1,_RNvNtNtNtCseriWsCb5ev6_4koan8builtins11newtype_def5testss_31construct_with_identifier_value
FNDA:1,_RNvNtNtNtCseriWsCb5ev6_4koan8builtins11newtype_def5testss_35construct_rejects_non_matching_repr
FNDA:1,_RNvNtNtNtCseriWsCb5ev6_4koan8builtins11newtype_def5testss_35construct_wraps_repr_matching_value
FNDA:1,_RNvNtNtNtCseriWsCb5ev6_4koan8builtins11newtype_def5testss_43dispatch_distinguishes_distance_from_number
FNF:14
FNH:14
DA:27,12
DA:28,12
DA:29,12
DA:30,12
DA:31,12
DA:32,12
DA:33,12
DA:34,0
DA:39,12
DA:40,9
DA:41,9
DA:42,0
DA:48,3
DA:49,3
DA:50,0
DA:52,3
DA:53,3
DA:55,0
DA:56,0
DA:57,0
DA:58,0
DA:63,0
DA:64,0
DA:65,0
DA:71,12
DA:72,12
DA:73,12
DA:74,12
DA:75,12
DA:76,12
DA:77,12
DA:78,12
DA:79,12
DA:80,12
DA:81,12
DA:82,12
DA:83,12
DA:84,12
DA:85,12
DA:86,12
DA:87,12
DA:90,12
DA:91,12
DA:96,0
DA:97,0
DA:98,0
DA:99,0
DA:101,12
DA:104,24
DA:105,24
DA:106,24
DA:117,12
DA:118,12
DA:119,12
DA:120,12
DA:121,12
DA:122,12
DA:123,12
DA:124,1
DA:125,1
DA:126,1
DA:127,1
DA:128,11
DA:129,11
DA:130,11
DA:131,11
DA:132,11
DA:133,11
DA:137,11
DA:139,11
DA:141,11
DA:143,11
DA:144,0
DA:148,11
DA:149,1
DA:150,1
DA:151,1
DA:152,1
DA:153,1
DA:154,10
DA:157,10
DA:158,10
DA:159,10
DA:160,10
DA:161,10
DA:162,11
DA:163,11
DA:164,11
DA:165,12
DA:167,499
DA:170,499
DA:171,499
DA:172,499
DA:173,499
DA:174,499
DA:175,499
DA:176,499
DA:177,499
DA:178,499
DA:179,499
DA:182,499
DA:183,499
DA:185,499
DA:198,1
DA:199,1
DA:200,1
DA:201,1
DA:202,1
DA:203,1
DA:204,1
DA:205,1
DA:206,1
DA:208,1
DA:209,1
DA:212,1
DA:213,1
DA:215,0
DA:217,1
DA:218,1
DA:219,1
DA:220,1
DA:223,1
DA:228,1
DA:229,1
DA:230,1
DA:231,1
DA:232,1
DA:233,1
DA:234,1
DA:235,1
DA:238,1
DA:240,1
DA:241,0
DA:243,1
DA:245,0
DA:247,1
DA:251,1
DA:252,1
DA:253,1
DA:254,1
DA:255,1
DA:256,1
DA:257,1
DA:258,1
DA:261,1
DA:266,1
DA:267,1
DA:268,1
DA:269,1
DA:270,1
DA:271,1
DA:272,1
DA:273,1
DA:274,1
DA:275,0
DA:278,1
DA:279,1
DA:281,0
DA:284,0
DA:286,1
DA:295,1
DA:296,1
DA:297,1
DA:298,1
DA:299,1
DA:300,1
DA:301,1
DA:302,1
DA:304,1
DA:305,1
DA:306,1
DA:307,0
DA:309,1
DA:310,1
DA:311,1
DA:312,0
DA:314,1
DA:315,1
DA:316,1
DA:317,1
DA:318,1
DA:319,1
DA:320,1
DA:323,1
DA:324,1
DA:325,1
DA:326,1
DA:327,1
DA:328,1
DA:329,1
DA:332,1
DA:337,1
DA:338,1
DA:339,1
DA:340,1
DA:341,1
DA:342,1
DA:343,1
DA:344,1
DA:345,1
DA:346,0
DA:348,1
DA:350,0
DA:352,1
DA:356,1
DA:357,1
DA:358,1
DA:359,1
DA:360,1
DA:361,1
DA:362,0
DA:363,1
DA:371,1
DA:377,1
DA:378,1
DA:379,1
DA:380,1
DA:381,1
DA:382,1
DA:383,1
DA:385,1
DA:386,1
DA:387,1
DA:388,1
DA:389,1
DA:390,0
DA:392,1
DA:394,0
DA:396,1
BRF:0
BRH:0
LF:231
LH:203
end_of_record
SF:/var/home/jack/Code/koan/src/builtins/print.rs
FN:10,_RNvNtNtCscUx3zdyuqfq_4koan8builtins5print4body
FN:24,_RNvNtNtCscUx3zdyuqfq_4koan8builtins5print8register
FN:10,_RNvNtNtCseriWsCb5ev6_4koan8builtins5print4body
FN:24,_RNvNtNtCseriWsCb5ev6_4koan8builtins5print8register
FNDA:6,_RNvNtNtCscUx3zdyuqfq_4koan8builtins5print4body
FNDA:40,_RNvNtNtCscUx3zdyuqfq_4koan8builtins5print8register
FNDA:126,_RNvNtNtCseriWsCb5ev6_4koan8builtins5print4body
FNDA:459,_RNvNtNtCseriWsCb5ev6_4koan8builtins5print8register
FNF:2
FNH:2
DA:10,132
DA:11,132
DA:12,132
DA:13,132
DA:14,132
DA:15,132
DA:16,132
DA:17,0
DA:19,132
DA:20,132
DA:21,132
DA:22,132
DA:24,499
DA:25,499
DA:26,499
DA:27,499
DA:28,499
DA:29,499
DA:31,499
BRF:0
BRH:0
LF:19
LH:18
end_of_record
SF:/var/home/jack/Code/koan/src/builtins/quote.rs
FN:12,_RNvNtNtCscUx3zdyuqfq_4koan8builtins5quote4body
FN:29,_RNvNtNtCscUx3zdyuqfq_4koan8builtins5quote8register
FN:46,_RNvNtNtNtCseriWsCb5ev6_4koan8builtins5quote5tests11run_program
FN:55,_RNvNtNtNtCseriWsCb5ev6_4koan8builtins5quote5testss_26quote_then_eval_round_trip
FN:64,_RNvNtNtNtCseriWsCb5ev6_4koan8builtins5quote5testss_27quote_captures_ast_as_value
FN:12,_RNvNtNtCseriWsCb5ev6_4koan8builtins5quote4body
FN:29,_RNvNtNtCseriWsCb5ev6_4koan8builtins5quote8register
FNDA:0,_RNvNtNtCscUx3zdyuqfq_4koan8builtins5quote4body
FNDA:40,_RNvNtNtCscUx3zdyuqfq_4koan8builtins5quote8register
FNDA:2,_RNvNtNtNtCseriWsCb5ev6_4koan8builtins5quote5tests11run_program
FNDA:1,_RNvNtNtNtCseriWsCb5ev6_4koan8builtins5quote5testss_26quote_then_eval_round_trip
FNDA:1,_RNvNtNtNtCseriWsCb5ev6_4koan8builtins5quote5testss_27quote_captures_ast_as_value
FNDA:9,_RNvNtNtCseriWsCb5ev6_4koan8builtins5quote4body
FNDA:459,_RNvNtNtCseriWsCb5ev6_4koan8builtins5quote8register
FNF:5
FNH:5
DA:12,9
DA:13,9
DA:14,9
DA:15,9
DA:16,9
DA:17,9
DA:18,9
DA:20,0
DA:21,0
DA:22,0
DA:25,9
DA:26,9
DA:27,9
DA:29,499
DA:30,499
DA:31,499
DA:32,499
DA:33,499
DA:34,499
DA:35,499
DA:37,499
DA:39,499
DA:46,2
DA:47,2
DA:48,2
DA:49,2
DA:50,2
DA:51,2
DA:52,2
DA:55,1
DA:56,1
DA:57,1
DA:58,1
DA:60,1
DA:61,1
DA:64,1
DA:65,1
DA:66,1
DA:67,1
BRF:0
BRH:0
LF:39
LH:36
end_of_record
SF:/var/home/jack/Code/koan/src/builtins/result.rs
FN:20,_RNvNtNtCscUx3zdyuqfq_4koan8builtins6result8register
FN:20,_RNvNtNtCseriWsCb5ev6_4koan8builtins6result8register
FNDA:40,_RNvNtNtCscUx3zdyuqfq_4koan8builtins6result8register
FNDA:459,_RNvNtNtCseriWsCb5ev6_4koan8builtins6result8register
FNF:1
FNH:1
DA:20,499
DA:21,499
DA:22,499
DA:23,499
DA:24,499
DA:25,499
DA:26,499
DA:27,499
DA:28,499
DA:29,499
DA:30,499
DA:31,499
DA:32,499
DA:36,499
DA:37,499
BRF:0
BRH:0
LF:15
LH:15
end_of_record
SF:/var/home/jack/Code/koan/src/builtins/sig_def.rs
FN:52,_RNCNvNtNtCscUx3zdyuqfq_4koan8builtins7sig_def4body0B7_
FN:55,_RNCNvNtNtCscUx3zdyuqfq_4koan8builtins7sig_def4bodys_0B7_
FN:84,_RNvNtNtCscUx3zdyuqfq_4koan8builtins7sig_def11binder_name
FN:27,_RNvNtNtCscUx3zdyuqfq_4koan8builtins7sig_def4body
FN:88,_RNvNtNtCscUx3zdyuqfq_4koan8builtins7sig_def8register
FN:84,_RNvNtNtCseriWsCb5ev6_4koan8builtins7sig_def11binder_name
FN:27,_RNvNtNtCseriWsCb5ev6_4koan8builtins7sig_def4body
FN:88,_RNvNtNtCseriWsCb5ev6_4koan8builtins7sig_def8register
FN:52,_RNCNvNtNtCseriWsCb5ev6_4koan8builtins7sig_def4body0B7_
FN:55,_RNCNvNtNtCseriWsCb5ev6_4koan8builtins7sig_def4bodys_0B7_
FN:136,_RNvNtNtNtCseriWsCb5ev6_4koan8builtins7sig_def5testss_21sig_path_records_name
FN:114,_RNvNtNtNtCseriWsCb5ev6_4koan8builtins7sig_def5testss_29binder_name_extracts_sig_name
FN:122,_RNvNtNtNtCseriWsCb5ev6_4koan8builtins7sig_def5testss_29sig_binds_under_name_in_scope
FN:151,_RNvNtNtNtCseriWsCb5ev6_4koan8builtins7sig_def5testss_35sig_body_parks_on_outer_placeholder
FN:172,_RNvNtNtNtCseriWsCb5ev6_4koan8builtins7sig_def5testss_38sig_body_error_short_circuits_finalize
FNDA:13,_RNCNvNtNtCscUx3zdyuqfq_4koan8builtins7sig_def4body0B7_
FNDA:13,_RNCNvNtNtCscUx3zdyuqfq_4koan8builtins7sig_def4bodys_0B7_
FNDA:26,_RNvNtNtCscUx3zdyuqfq_4koan8builtins7sig_def11binder_name
FNDA:13,_RNvNtNtCscUx3zdyuqfq_4koan8builtins7sig_def4body
FNDA:40,_RNvNtNtCscUx3zdyuqfq_4koan8builtins7sig_def8register
FNDA:133,_RNvNtNtCseriWsCb5ev6_4koan8builtins7sig_def11binder_name
FNDA:66,_RNvNtNtCseriWsCb5ev6_4koan8builtins7sig_def4body
FNDA:459,_RNvNtNtCseriWsCb5ev6_4koan8builtins7sig_def8register
FNDA:66,_RNCNvNtNtCseriWsCb5ev6_4koan8builtins7sig_def4body0B7_
FNDA:64,_RNCNvNtNtCseriWsCb5ev6_4koan8builtins7sig_def4bodys_0B7_
FNDA:1,_RNvNtNtNtCseriWsCb5ev6_4koan8builtins7sig_def5testss_21sig_path_records_name
FNDA:1,_RNvNtNtNtCseriWsCb5ev6_4koan8builtins7sig_def5testss_29binder_name_extracts_sig_name
FNDA:1,_RNvNtNtNtCseriWsCb5ev6_4koan8builtins7sig_def5testss_29sig_binds_under_name_in_scope
FNDA:1,_RNvNtNtNtCseriWsCb5ev6_4koan8builtins7sig_def5testss_35sig_body_parks_on_outer_placeholder
FNDA:1,_RNvNtNtNtCseriWsCb5ev6_4koan8builtins7sig_def5testss_38sig_body_error_short_circuits_finalize
FNF:10
FNH:10
DA:27,79
DA:28,79
DA:29,79
DA:30,79
DA:31,79
DA:32,79
DA:33,79
DA:34,0
DA:36,79
DA:37,79
DA:39,0
DA:40,0
DA:41,0
DA:45,79
DA:46,79
DA:48,79
DA:50,79
DA:51,79
DA:52,79
DA:53,79
DA:54,79
DA:55,79
DA:56,77
DA:57,77
DA:58,77
DA:66,77
DA:67,77
DA:68,77
DA:69,77
DA:70,77
DA:71,77
DA:72,0
DA:73,0
DA:74,0
DA:75,0
DA:77,77
DA:78,79
DA:79,79
DA:80,79
DA:84,159
DA:85,159
DA:86,159
DA:88,499
DA:89,499
DA:90,499
DA:91,499
DA:92,499
DA:93,499
DA:94,499
DA:95,499
DA:96,499
DA:97,499
DA:98,499
DA:101,499
DA:102,499
DA:104,499
DA:114,1
DA:115,1
DA:116,1
DA:117,1
DA:118,1
DA:119,1
DA:122,1
DA:124,1
DA:125,1
DA:126,1
DA:128,1
DA:129,1
DA:130,1
DA:133,1
DA:136,1
DA:138,1
DA:139,1
DA:140,1
DA:141,1
DA:142,1
DA:143,0
DA:145,1
DA:146,1
DA:151,1
DA:152,1
DA:153,1
DA:154,1
DA:156,1
DA:157,1
DA:158,0
DA:160,1
DA:161,1
DA:162,1
DA:163,1
DA:165,0
DA:167,1
DA:172,1
DA:173,1
DA:174,1
DA:175,1
DA:176,1
DA:177,1
DA:180,1
BRF:0
BRH:0
LF:101
LH:90
end_of_record
SF:/var/home/jack/Code/koan/src/builtins/struct_def.rs
FN:174,_RNCNvNtNtCscUx3zdyuqfq_4koan8builtins10struct_def24defer_struct_via_combine0B7_
FN:75,_RNCNvNtNtCscUx3zdyuqfq_4koan8builtins10struct_def4body0B7_
FN:224,_RNvNtNtCscUx3zdyuqfq_4koan8builtins10struct_def11binder_name
FN:100,_RNvNtNtCscUx3zdyuqfq_4koan8builtins10struct_def15finalize_struct
FN:152,_RNvNtNtCscUx3zdyuqfq_4koan8builtins10struct_def24defer_struct_via_combine
FN:27,_RNvNtNtCscUx3zdyuqfq_4koan8builtins10struct_def4body
FN:228,_RNvNtNtCscUx3zdyuqfq_4koan8builtins10struct_def8register
FN:224,_RNvNtNtCseriWsCb5ev6_4koan8builtins10struct_def11binder_name
FN:100,_RNvNtNtCseriWsCb5ev6_4koan8builtins10struct_def15finalize_struct
FN:152,_RNvNtNtCseriWsCb5ev6_4koan8builtins10struct_def24defer_struct_via_combine
FN:27,_RNvNtNtCseriWsCb5ev6_4koan8builtins10struct_def4body
FN:228,_RNvNtNtCseriWsCb5ev6_4koan8builtins10struct_def8register
FN:174,_RNCNvNtNtCseriWsCb5ev6_4koan8builtins10struct_def24defer_struct_via_combine0B7_
FN:75,_RNCNvNtNtCseriWsCb5ev6_4koan8builtins10struct_def4body0B7_
FNDA:1,_RNCNvNtNtCscUx3zdyuqfq_4koan8builtins10struct_def24defer_struct_via_combine0B7_
FNDA:4,_RNCNvNtNtCscUx3zdyuqfq_4koan8builtins10struct_def4body0B7_
FNDA:8,_RNvNtNtCscUx3zdyuqfq_4koan8builtins10struct_def11binder_name
FNDA:4,_RNvNtNtCscUx3zdyuqfq_4koan8builtins10struct_def15finalize_struct
FNDA:1,_RNvNtNtCscUx3zdyuqfq_4koan8builtins10struct_def24defer_struct_via_combine
FNDA:4,_RNvNtNtCscUx3zdyuqfq_4koan8builtins10struct_def4body
FNDA:40,_RNvNtNtCscUx3zdyuqfq_4koan8builtins10struct_def8register
FNDA:103,_RNvNtNtCseriWsCb5ev6_4koan8builtins10struct_def11binder_name
FNDA:49,_RNvNtNtCseriWsCb5ev6_4koan8builtins10struct_def15finalize_struct
FNDA:6,_RNvNtNtCseriWsCb5ev6_4koan8builtins10struct_def24defer_struct_via_combine
FNDA:51,_RNvNtNtCseriWsCb5ev6_4koan8builtins10struct_def4body
FNDA:459,_RNvNtNtCseriWsCb5ev6_4koan8builtins10struct_def8register
FNDA:6,_RNCNvNtNtCseriWsCb5ev6_4koan8builtins10struct_def24defer_struct_via_combine0B7_
FNDA:51,_RNCNvNtNtCseriWsCb5ev6_4koan8builtins10struct_def4body0B7_
FNF:7
FNH:7
DA:27,55
DA:28,55
DA:29,55
DA:30,55
DA:31,55
DA:32,55
DA:33,55
DA:34,0
DA:36,55
DA:37,55
DA:39,0
DA:40,0
DA:41,0
DA:48,55
DA:49,55
DA:50,55
DA:51,55
DA:52,55
DA:53,55
DA:54,55
DA:55,55
DA:56,55
DA:61,55
DA:62,55
DA:63,55
DA:64,55
DA:65,55
DA:66,55
DA:67,55
DA:68,55
DA:73,55
DA:74,55
DA:75,55
DA:76,55
DA:77,55
DA:78,44
DA:79,4
DA:81,7
DA:82,7
DA:83,7
DA:84,7
DA:85,7
DA:86,7
DA:87,7
DA:88,7
DA:89,7
DA:90,7
DA:91,7
DA:94,55
DA:100,53
DA:101,53
DA:102,53
DA:103,53
DA:104,53
DA:105,53
DA:110,53
DA:112,10
DA:114,53
DA:116,10
DA:117,1
DA:118,1
DA:119,1
DA:120,9
DA:121,43
DA:122,52
DA:123,1
DA:124,1
DA:125,1
DA:126,51
DA:127,51
DA:128,51
DA:129,51
DA:130,51
DA:131,51
DA:132,51
DA:133,51
DA:134,51
DA:135,51
DA:136,51
DA:137,51
DA:138,51
DA:139,0
DA:141,53
DA:152,7
DA:153,7
DA:154,7
DA:155,7
DA:156,7
DA:157,7
DA:158,7
DA:159,7
DA:160,7
DA:161,7
DA:163,7
DA:166,7
DA:167,7
DA:168,7
DA:169,7
DA:170,2
DA:171,2
DA:172,2
DA:173,2
DA:174,7
DA:176,7
DA:179,7
DA:180,7
DA:181,2
DA:182,2
DA:183,0
DA:184,0
DA:185,0
DA:186,0
DA:187,0
DA:188,2
DA:189,2
DA:191,7
DA:194,7
DA:195,7
DA:196,7
DA:197,7
DA:198,7
DA:199,7
DA:200,7
DA:201,7
DA:202,7
DA:204,0
DA:205,0
DA:206,0
DA:207,0
DA:208,0
DA:209,0
DA:211,0
DA:212,0
DA:213,0
DA:216,7
DA:217,7
DA:218,7
DA:219,7
DA:224,111
DA:225,111
DA:226,111
DA:228,499
DA:229,499
DA:230,499
DA:231,499
DA:232,499
DA:233,499
DA:234,499
DA:235,499
DA:236,499
DA:237,499
DA:238,499
DA:241,499
DA:242,499
DA:244,499
BRF:0
BRH:0
LF:157
LH:138
end_of_record
SF:/var/home/jack/Code/koan/src/builtins/test_support.rs
FN:125,_RNCNCNCNvNtNtCseriWsCb5ev6_4koan8builtins12test_support16fn_is_registered000Bb_
FN:124,_RNCNCNvNtNtCseriWsCb5ev6_4koan8builtins12test_support16fn_is_registered00B9_
FN:123,_RNCNvNtNtCseriWsCb5ev6_4koan8builtins12test_support16fn_is_registered0B7_
FN:100,_RNCNvNtNtCseriWsCb5ev6_4koan8builtins12test_support9lookup_fn0B7_
FN:113,_RNCNvNtNtCseriWsCb5ev6_4koan8builtins12test_support9lookup_fns_0B7_
FN:70,_RNvNtNtCseriWsCb5ev6_4koan8builtins12test_support11run_one_err
FN:140,_RNvNtNtCseriWsCb5ev6_4koan8builtins12test_support12one_slot_sig
FN:48,_RNvNtNtCseriWsCb5ev6_4koan8builtins12test_support13run_root_bare
FN:42,_RNvNtNtCseriWsCb5ev6_4koan8builtins12test_support15run_root_silent
FN:118,_RNvNtNtCseriWsCb5ev6_4koan8builtins12test_support16fn_is_registered
FN:34,_RNvNtNtCseriWsCb5ev6_4koan8builtins12test_support17run_root_with_buf
FN:85,_RNvNtNtCseriWsCb5ev6_4koan8builtins12test_support3run
FN:135,_RNvNtNtCseriWsCb5ev6_4koan8builtins12test_support6marker
FN:62,_RNvNtNtCseriWsCb5ev6_4koan8builtins12test_support7run_one
FN:96,_RNvNtNtCseriWsCb5ev6_4koan8builtins12test_support9lookup_fn
FN:53,_RNvNtNtCseriWsCb5ev6_4koan8builtins12test_support9parse_one
FN:29,_RNvXNtNtCseriWsCb5ev6_4koan8builtins12test_supportNtB2_9SharedBufNtNtCs75vJTIYSa2J_3std2io5Write5flush
FN:25,_RNvXNtNtCseriWsCb5ev6_4koan8builtins12test_supportNtB2_9SharedBufNtNtCs75vJTIYSa2J_3std2io5Write5write
FNDA:326,_RNCNCNCNvNtNtCseriWsCb5ev6_4koan8builtins12test_support16fn_is_registered000Bb_
FNDA:303,_RNCNCNvNtNtCseriWsCb5ev6_4koan8builtins12test_support16fn_is_registered00B9_
FNDA:231,_RNCNvNtNtCseriWsCb5ev6_4koan8builtins12test_support16fn_is_registered0B7_
FNDA:798,_RNCNvNtNtCseriWsCb5ev6_4koan8builtins12test_support9lookup_fn0B7_
FNDA:0,_RNCNvNtNtCseriWsCb5ev6_4koan8builtins12test_support9lookup_fns_0B7_
FNDA:44,_RNvNtNtCseriWsCb5ev6_4koan8builtins12test_support11run_one_err
FNDA:4,_RNvNtNtCseriWsCb5ev6_4koan8builtins12test_support12one_slot_sig
FNDA:62,_RNvNtNtCseriWsCb5ev6_4koan8builtins12test_support13run_root_bare
FNDA:227,_RNvNtNtCseriWsCb5ev6_4koan8builtins12test_support15run_root_silent
FNDA:8,_RNvNtNtCseriWsCb5ev6_4koan8builtins12test_support16fn_is_registered
FNDA:69,_RNvNtNtCseriWsCb5ev6_4koan8builtins12test_support17run_root_with_buf
FNDA:277,_RNvNtNtCseriWsCb5ev6_4koan8builtins12test_support3run
FNDA:2,_RNvNtNtCseriWsCb5ev6_4koan8builtins12test_support6marker
FNDA:230,_RNvNtNtCseriWsCb5ev6_4koan8builtins12test_support7run_one
FNDA:19,_RNvNtNtCseriWsCb5ev6_4koan8builtins12test_support9lookup_fn
FNDA:353,_RNvNtNtCseriWsCb5ev6_4koan8builtins12test_support9parse_one
FNDA:0,_RNvXNtNtCseriWsCb5ev6_4koan8builtins12test_supportNtB2_9SharedBufNtNtCs75vJTIYSa2J_3std2io5Write5flush
FNDA:110,_RNvXNtNtCseriWsCb5ev6_4koan8builtins12test_supportNtB2_9SharedBufNtNtCs75vJTIYSa2J_3std2io5Write5write
FNF:18
FNH:16
DA:25,110
DA:26,110
DA:27,110
DA:28,110
DA:29,0
DA:30,0
DA:31,0
DA:34,69
DA:35,69
DA:36,69
DA:37,69
DA:38,69
DA:39,69
DA:40,69
DA:42,227
DA:43,227
DA:44,227
DA:48,62
DA:49,62
DA:50,62
DA:53,353
DA:54,353
DA:55,353
DA:56,353
DA:57,353
DA:62,230
DA:63,230
DA:64,230
DA:65,230
DA:66,230
DA:67,230
DA:70,44
DA:71,44
DA:72,44
DA:73,44
DA:74,44
DA:75,44
DA:76,44
DA:77,0
DA:78,44
DA:80,44
DA:85,277
DA:86,277
DA:87,277
DA:88,482
DA:89,482
DA:90,482
DA:91,277
DA:92,277
DA:96,19
DA:97,19
DA:98,570
DA:99,741
DA:100,798
DA:101,741
DA:102,57
DA:103,798
DA:104,741
DA:105,19
DA:106,19
DA:109,19
DA:110,722
DA:113,19
DA:114,19
DA:118,8
DA:119,8
DA:120,8
DA:121,8
DA:122,8
DA:123,231
DA:124,303
DA:125,326
DA:126,303
DA:127,23
DA:128,326
DA:129,303
DA:130,231
DA:131,8
DA:135,2
DA:136,2
DA:137,2
DA:140,4
DA:141,4
DA:142,4
DA:143,4
DA:144,4
DA:145,4
DA:146,4
DA:147,4
DA:148,4
BRF:0
BRH:0
LF:96
LH:91
end_of_record
SF:/var/home/jack/Code/koan/src/builtins/try_with.rs
FN:64,_RNvNtNtCscUx3zdyuqfq_4koan8builtins8try_with15dispatch_branch
FN:27,_RNvNtNtCscUx3zdyuqfq_4koan8builtins8try_with4body
FN:141,_RNvNtNtCscUx3zdyuqfq_4koan8builtins8try_with8register
FN:130,_RNCNvNtNtCscUx3zdyuqfq_4koan8builtins8try_with15dispatch_branch0B7_
FN:55,_RNCNvNtNtCscUx3zdyuqfq_4koan8builtins8try_with4body0B7_
FN:64,_RNvNtNtCseriWsCb5ev6_4koan8builtins8try_with15dispatch_branch
FN:27,_RNvNtNtCseriWsCb5ev6_4koan8builtins8try_with4body
FN:141,_RNvNtNtCseriWsCb5ev6_4koan8builtins8try_with8register
FN:130,_RNCNvNtNtCseriWsCb5ev6_4koan8builtins8try_with15dispatch_branch0B7_
FN:55,_RNCNvNtNtCseriWsCb5ev6_4koan8builtins8try_with4body0B7_
FNDA:0,_RNvNtNtCscUx3zdyuqfq_4koan8builtins8try_with15dispatch_branch
FNDA:0,_RNvNtNtCscUx3zdyuqfq_4koan8builtins8try_with4body
FNDA:40,_RNvNtNtCscUx3zdyuqfq_4koan8builtins8try_with8register
FNDA:0,_RNCNvNtNtCscUx3zdyuqfq_4koan8builtins8try_with15dispatch_branch0B7_
FNDA:0,_RNCNvNtNtCscUx3zdyuqfq_4koan8builtins8try_with4body0B7_
FNDA:17,_RNvNtNtCseriWsCb5ev6_4koan8builtins8try_with15dispatch_branch
FNDA:17,_RNvNtNtCseriWsCb5ev6_4koan8builtins8try_with4body
FNDA:459,_RNvNtNtCseriWsCb5ev6_4koan8builtins8try_with8register
FNDA:0,_RNCNvNtNtCseriWsCb5ev6_4koan8builtins8try_with15dispatch_branch0B7_
FNDA:17,_RNCNvNtNtCseriWsCb5ev6_4koan8builtins8try_with4body0B7_
FNF:5
FNH:4
DA:27,17
DA:28,17
DA:29,17
DA:30,17
DA:31,17
DA:32,17
DA:33,17
DA:35,0
DA:36,0
DA:37,0
DA:40,17
DA:41,17
DA:43,0
DA:44,0
DA:45,0
DA:51,17
DA:52,17
DA:53,17
DA:54,17
DA:55,17
DA:56,17
DA:57,17
DA:58,17
DA:59,17
DA:60,17
DA:64,17
DA:65,17
DA:66,17
DA:67,17
DA:68,17
DA:69,17
DA:70,17
DA:73,17
DA:74,8
DA:75,9
DA:76,9
DA:77,9
DA:78,9
DA:79,0
DA:81,9
DA:85,17
DA:86,13
DA:88,2
DA:89,1
DA:90,1
DA:91,1
DA:92,1
DA:95,2
DA:99,13
DA:100,13
DA:101,13
DA:104,13
DA:105,13
DA:106,13
DA:109,13
DA:110,13
DA:111,13
DA:112,13
DA:113,13
DA:114,13
DA:115,13
DA:116,13
DA:119,13
DA:120,13
DA:121,13
DA:122,13
DA:123,0
DA:124,0
DA:125,0
DA:126,0
DA:127,0
DA:128,0
DA:129,0
DA:130,0
DA:131,0
DA:132,0
DA:134,0
DA:136,13
DA:137,13
DA:139,17
DA:141,499
DA:142,499
DA:143,499
DA:144,499
DA:145,499
DA:146,499
DA:147,499
DA:148,499
DA:149,499
DA:150,499
DA:151,499
DA:154,499
DA:156,499
BRF:0
BRH:0
LF:95
LH:76
end_of_record
SF:/var/home/jack/Code/koan/src/builtins/type_constructors.rs
FN:130,_RNvNtNtCscUx3zdyuqfq_4koan8builtins17type_constructors12body_functor
FN:26,_RNvNtNtCscUx3zdyuqfq_4koan8builtins17type_constructors12body_list_of
FN:68,_RNvNtNtCscUx3zdyuqfq_4koan8builtins17type_constructors13body_apply_as
FN:191,_RNvNtNtCscUx3zdyuqfq_4koan8builtins17type_constructors16finalize_carrier
FN:218,_RNvNtNtCscUx3zdyuqfq_4koan8builtins17type_constructors17defer_via_combine
FN:150,_RNvNtNtCscUx3zdyuqfq_4koan8builtins17type_constructors23build_kfunction_carrier
FN:114,_RNvNtNtCscUx3zdyuqfq_4koan8builtins17type_constructors7body_fn
FN:42,_RNvNtNtCscUx3zdyuqfq_4koan8builtins17type_constructors8body_map
FN:282,_RNvNtNtCscUx3zdyuqfq_4koan8builtins17type_constructors8register
FN:243,_RNCNvNtNtCscUx3zdyuqfq_4koan8builtins17type_constructors17defer_via_combine0B7_
FN:511,_RNvNtNtNtCseriWsCb5ev6_4koan8builtins17type_constructors5tests18assert_round_trips
FN:424,_RNvNtNtNtCseriWsCb5ev6_4koan8builtins17type_constructors5testss_22fn_lowers_to_kfunction
FN:543,_RNvNtNtNtCseriWsCb5ev6_4koan8builtins17type_constructors5testss_22fn_nullary_round_trips
FN:527,_RNvNtNtNtCseriWsCb5ev6_4koan8builtins17type_constructors5testss_26fn_multi_param_round_trips
FN:466,_RNvNtNtNtCseriWsCb5ev6_4koan8builtins17type_constructors5testss_26functor_lowers_to_kfunctor
FN:556,_RNvNtNtNtCseriWsCb5ev6_4koan8builtins17type_constructors5testss_27fn_nested_param_round_trips
FN:408,_RNvNtNtNtCseriWsCb5ev6_4koan8builtins17type_constructors5testss_29map_str_number_lowers_to_dict
FN:446,_RNvNtNtNtCseriWsCb5ev6_4koan8builtins17type_constructors5testss_30fn_nullary_lowers_to_kfunction
FN:371,_RNvNtNtNtCseriWsCb5ev6_4koan8builtins17type_constructors5testss_36apply_as_lowers_to_constructor_apply
FN:356,_RNvNtNtNtCseriWsCb5ev6_4koan8builtins17type_constructors5testss_36list_of_number_lowers_to_list_number
FN:487,_RNvNtNtNtCseriWsCb5ev6_4koan8builtins17type_constructors5testss_45fn_with_nested_list_param_lowers_to_kfunction
FN:572,_RNvNtNtNtCseriWsCb5ev6_4koan8builtins17type_constructors5testss_56functor_capitalized_param_round_trips_and_preserves_name
FN:130,_RNvNtNtCseriWsCb5ev6_4koan8builtins17type_constructors12body_functor
FN:26,_RNvNtNtCseriWsCb5ev6_4koan8builtins17type_constructors12body_list_of
FN:68,_RNvNtNtCseriWsCb5ev6_4koan8builtins17type_constructors13body_apply_as
FN:191,_RNvNtNtCseriWsCb5ev6_4koan8builtins17type_constructors16finalize_carrier
FN:218,_RNvNtNtCseriWsCb5ev6_4koan8builtins17type_constructors17defer_via_combine
FN:150,_RNvNtNtCseriWsCb5ev6_4koan8builtins17type_constructors23build_kfunction_carrier
FN:114,_RNvNtNtCseriWsCb5ev6_4koan8builtins17type_constructors7body_fn
FN:42,_RNvNtNtCseriWsCb5ev6_4koan8builtins17type_constructors8body_map
FN:282,_RNvNtNtCseriWsCb5ev6_4koan8builtins17type_constructors8register
FN:243,_RNCNvNtNtCseriWsCb5ev6_4koan8builtins17type_constructors17defer_via_combine0B7_
FNDA:3,_RNvNtNtCscUx3zdyuqfq_4koan8builtins17type_constructors12body_functor
FNDA:2,_RNvNtNtCscUx3zdyuqfq_4koan8builtins17type_constructors12body_list_of
FNDA:0,_RNvNtNtCscUx3zdyuqfq_4koan8builtins17type_constructors13body_apply_as
FNDA:5,_RNvNtNtCscUx3zdyuqfq_4koan8builtins17type_constructors16finalize_carrier
FNDA:1,_RNvNtNtCscUx3zdyuqfq_4koan8builtins17type_constructors17defer_via_combine
FNDA:5,_RNvNtNtCscUx3zdyuqfq_4koan8builtins17type_constructors23build_kfunction_carrier
FNDA:2,_RNvNtNtCscUx3zdyuqfq_4koan8builtins17type_constructors7body_fn
FNDA:2,_RNvNtNtCscUx3zdyuqfq_4koan8builtins17type_constructors8body_map
FNDA:40,_RNvNtNtCscUx3zdyuqfq_4koan8builtins17type_constructors8register
FNDA:1,_RNCNvNtNtCscUx3zdyuqfq_4koan8builtins17type_constructors17defer_via_combine0B7_
FNDA:4,_RNvNtNtNtCseriWsCb5ev6_4koan8builtins17type_constructors5tests18assert_round_trips
FNDA:1,_RNvNtNtNtCseriWsCb5ev6_4koan8builtins17type_constructors5testss_22fn_lowers_to_kfunction
FNDA:1,_RNvNtNtNtCseriWsCb5ev6_4koan8builtins17type_constructors5testss_22fn_nullary_round_trips
FNDA:1,_RNvNtNtNtCseriWsCb5ev6_4koan8builtins17type_constructors5testss_26fn_multi_param_round_trips
FNDA:1,_RNvNtNtNtCseriWsCb5ev6_4koan8builtins17type_constructors5testss_26functor_lowers_to_kfunctor
FNDA:1,_RNvNtNtNtCseriWsCb5ev6_4koan8builtins17type_constructors5testss_27fn_nested_param_round_trips
FNDA:1,_RNvNtNtNtCseriWsCb5ev6_4koan8builtins17type_constructors5testss_29map_str_number_lowers_to_dict
FNDA:1,_RNvNtNtNtCseriWsCb5ev6_4koan8builtins17type_constructors5testss_30fn_nullary_lowers_to_kfunction
FNDA:1,_RNvNtNtNtCseriWsCb5ev6_4koan8builtins17type_constructors5testss_36apply_as_lowers_to_constructor_apply
FNDA:1,_RNvNtNtNtCseriWsCb5ev6_4koan8builtins17type_constructors5testss_36list_of_number_lowers_to_list_number
FNDA:1,_RNvNtNtNtCseriWsCb5ev6_4koan8builtins17type_constructors5testss_45fn_with_nested_list_param_lowers_to_kfunction
FNDA:1,_RNvNtNtNtCseriWsCb5ev6_4koan8builtins17type_constructors5testss_56functor_capitalized_param_round_trips_and_preserves_name
FNDA:3,_RNvNtNtCseriWsCb5ev6_4koan8builtins17type_constructors12body_functor
FNDA:43,_RNvNtNtCseriWsCb5ev6_4koan8builtins17type_constructors12body_list_of
FNDA:3,_RNvNtNtCseriWsCb5ev6_4koan8builtins17type_constructors13body_apply_as
FNDA:16,_RNvNtNtCseriWsCb5ev6_4koan8builtins17type_constructors16finalize_carrier
FNDA:2,_RNvNtNtCseriWsCb5ev6_4koan8builtins17type_constructors17defer_via_combine
FNDA:16,_RNvNtNtCseriWsCb5ev6_4koan8builtins17type_constructors23build_kfunction_carrier
FNDA:13,_RNvNtNtCseriWsCb5ev6_4koan8builtins17type_constructors7body_fn
FNDA:2,_RNvNtNtCseriWsCb5ev6_4koan8builtins17type_constructors8body_map
FNDA:459,_RNvNtNtCseriWsCb5ev6_4koan8builtins17type_constructors8register
FNDA:2,_RNCNvNtNtCseriWsCb5ev6_4koan8builtins17type_constructors17defer_via_combine0B7_
FNF:22
FNH:22
DA:26,45
DA:27,45
DA:28,45
DA:29,45
DA:30,45
DA:31,45
DA:32,45
DA:33,0
DA:35,45
DA:36,45
[...]
FNDA:1434,_RNCNvNtNtCseriWsCb5ev6_4koan5parse6tokens12is_type_name0B7_
FNDA:7811,_RNCNvNtNtCseriWsCb5ev6_4koan5parse6tokens13classify_atom0B7_
FNDA:3568,_RNCNvNtNtCseriWsCb5ev6_4koan5parse6tokens13classify_atoms0_0B7_
FNDA:1324,_RNCNvNtNtCseriWsCb5ev6_4koan5parse6tokens13classify_atoms_0B7_
FNDA:1,_RNCNvNtNtCseriWsCb5ev6_4koan5parse6tokens5FLOAT0B7_
FNDA:5765,_RNCNvNtNtCseriWsCb5ev6_4koan5parse6tokens9read_atoms_0B7_
FNDA:35,_RNvNtNtNtCseriWsCb5ev6_4koan5parse6tokens5tests8classify
FNDA:65,_RNvNtNtNtCseriWsCb5ev6_4koan5parse6tokens5tests8describe
FNDA:1,_RNvNtNtNtCseriWsCb5ev6_4koan5parse6tokens5testss_10plain_null
FNDA:1,_RNvNtNtNtCseriWsCb5ev6_4koan5parse6tokens5testss_10suffix_try
FNDA:1,_RNvNtNtNtCseriWsCb5ev6_4koan5parse6tokens5testss_11attr_access
FNDA:1,_RNvNtNtNtCseriWsCb5ev6_4koan5parse6tokens5testss_12plain_number
FNDA:1,_RNvNtNtNtCseriWsCb5ev6_4koan5parse6tokens5testss_13plain_boolean
FNDA:1,_RNvNtNtNtCseriWsCb5ev6_4koan5parse6tokens5testss_14chained_suffix
FNDA:1,_RNvNtNtNtCseriWsCb5ev6_4koan5parse6tokens5testss_15double_negation
FNDA:1,_RNvNtNtNtCseriWsCb5ev6_4koan5parse6tokens5testss_16bare_bang_errors
FNDA:1,_RNvNtNtNtCseriWsCb5ev6_4koan5parse6tokens5testss_16plain_identifier
FNDA:1,_RNvNtNtNtCseriWsCb5ev6_4koan5parse6tokens5testss_17suffix_after_attr
FNDA:1,_RNvNtNtNtCseriWsCb5ev6_4koan5parse6tokens5testss_18leading_dot_errors
FNDA:1,_RNvNtNtNtCseriWsCb5ev6_4koan5parse6tokens5testss_18negation_over_attr
FNDA:1,_RNvNtNtNtCseriWsCb5ev6_4koan5parse6tokens5testss_19chained_attr_access
FNDA:1,_RNvNtNtNtCseriWsCb5ev6_4koan5parse6tokens5testss_19dangling_dot_errors
FNDA:1,_RNvNtNtNtCseriWsCb5ev6_4koan5parse6tokens5testss_20negation_over_suffix
FNDA:1,_RNvNtNtNtCseriWsCb5ev6_4koan5parse6tokens5testss_21leading_suffix_errors
FNDA:1,_RNvNtNtNtCseriWsCb5ev6_4koan5parse6tokens5testss_25decimal_number_is_literal
FNDA:1,_RNvNtNtNtCseriWsCb5ev6_4koan5parse6tokens5testss_28pure_symbol_token_is_keyword
FNDA:1,_RNvNtNtNtCseriWsCb5ev6_4koan5parse6tokens5testss_28scientific_number_is_literal
FNDA:1,_RNvNtNtNtCseriWsCb5ev6_4koan5parse6tokens5testss_30attr_wins_when_rhs_not_numeric
FNDA:1,_RNvNtNtNtCseriWsCb5ev6_4koan5parse6tokens5testss_31lowercase_leading_is_identifier
FNDA:1,_RNvNtNtNtCseriWsCb5ev6_4koan5parse6tokens5testss_34keyword_two_uppercase_no_lowercase
FNDA:1,_RNvNtNtNtCseriWsCb5ev6_4koan5parse6tokens5testss_35type_uppercase_first_with_lowercase
FNDA:1,_RNvNtNtNtCseriWsCb5ev6_4koan5parse6tokens5testss_38single_uppercase_letter_is_parse_error
FNDA:1,_RNvNtNtNtCseriWsCb5ev6_4koan5parse6tokens5testss_47ascription_compound_tokens_classify_as_keywords
FNDA:1,_RNvNtNtNtCseriWsCb5ev6_4koan5parse6tokens5testss_49uppercase_with_digits_no_lowercase_is_parse_error
FNDA:1,_RNvNtNtNtCseriWsCb5ev6_4koan5parse6tokens5testss_8negation
FNDA:12086,_RNvNtNtCseriWsCb5ev6_4koan5parse6tokens11try_literal
FNDA:2753,_RNvNtNtCseriWsCb5ev6_4koan5parse6tokens12is_type_name
FNDA:57,_RNvNtNtCseriWsCb5ev6_4koan5parse6tokens12trigger_span
FNDA:5772,_RNvNtNtCseriWsCb5ev6_4koan5parse6tokens13classify_atom
FNDA:6314,_RNvNtNtCseriWsCb5ev6_4koan5parse6tokens14classify_token
FNDA:5731,_RNvNtNtCseriWsCb5ev6_4koan5parse6tokens14parse_compound
FNDA:5776,_RNvNtNtCseriWsCb5ev6_4koan5parse6tokens9read_atom
FNDA:27,_RNCNvNtNtNtCseriWsCb5ev6_4koan5parse6tokens5tests8classify0B9_
FNDA:8,_RNCNvNtNtNtCseriWsCb5ev6_4koan5parse6tokens5tests8classifys_0B9_
FNDA:38,_RNCNvNtNtNtCseriWsCb5ev6_4koan5parse6tokens5tests8describe0B9_
FNDA:0,_RNCNvNtNtNtCseriWsCb5ev6_4koan5parse6tokens5tests8describes0_0B9_
FNDA:0,_RNCNvNtNtNtCseriWsCb5ev6_4koan5parse6tokens5tests8describes_0B9_
FNF:47
FNH:45
DA:25,7
DA:30,6945
DA:31,6945
DA:32,6945
DA:33,6945
DA:34,6945
DA:35,6945
DA:36,617
DA:37,6328
DA:38,6328
DA:39,6328
DA:40,6317
DA:41,0
DA:42,0
DA:43,0
DA:44,0
DA:45,6317
DA:46,6317
DA:47,6945
DA:51,13323
DA:52,13323
DA:53,13323
DA:54,13269
DA:55,13252
DA:56,13241
DA:58,13241
DA:59,536
DA:60,536
DA:61,0
DA:62,12705
DA:63,12705
DA:64,13323
DA:73,6378
DA:74,6378
DA:75,1
DA:76,6377
DA:77,6377
DA:78,3346
DA:79,3031
DA:80,3031
DA:81,8684
DA:82,1
DA:83,1
DA:84,1
DA:85,1
DA:86,1
DA:87,1
DA:88,1
DA:89,1588
DA:90,1588
DA:91,1442
DA:92,1442
DA:93,4
DA:94,4
DA:95,4
DA:96,4
DA:97,4
DA:98,4
DA:99,4
DA:100,4
DA:101,1438
DA:102,1438
DA:103,1438
DA:104,3877
DA:106,2
DA:107,2
DA:108,2
DA:109,2
DA:110,2
DA:111,2
DA:112,2
DA:113,1436
DA:114,1436
DA:115,6378
DA:118,3031
DA:119,3031
DA:120,3031
DA:121,0
DA:123,3031
DA:124,1438
DA:125,1593
DA:126,1594
DA:127,3031
DA:132,6328
DA:133,6328
DA:134,6328
DA:135,6328
DA:136,6328
DA:137,6328
DA:138,6335
DA:139,6334
DA:140,7
DA:141,7
DA:142,7
DA:145,6328
DA:147,6376
DA:148,59
DA:149,59
DA:150,59
DA:151,59
DA:152,54
DA:153,54
DA:154,53
DA:156,5
DA:160,6317
DA:161,6
DA:162,6
DA:163,6317
DA:164,6328
DA:166,66
DA:167,66
DA:168,66
DA:169,66
DA:170,66
DA:171,66
DA:172,66
DA:175,6382
DA:176,6382
DA:177,6382
DA:178,6382
DA:179,6382
DA:180,6382
DA:181,6380
DA:183,2
DA:184,2
DA:185,2
DA:186,2
DA:189,6380
DA:190,6380
DA:191,28881
DA:192,22561
DA:193,60
DA:194,22501
DA:195,22501
DA:196,22501
DA:197,22501
DA:199,6380
DA:200,2
DA:201,2
DA:202,2
DA:203,2
DA:204,2
DA:205,6378
DA:206,6378
DA:207,6378
DA:208,6378
DA:209,6378
DA:210,6378
DA:211,6382
DA:218,65
DA:219,7
DA:220,21
DA:221,18
DA:222,3
DA:223,16
DA:224,38
DA:225,16
DA:227,0
DA:228,0
DA:229,0
DA:231,0
DA:232,5
DA:233,1
DA:234,1
DA:235,0
DA:236,0
DA:237,0
DA:238,0
DA:240,0
DA:241,0
DA:242,0
DA:243,0
DA:244,0
DA:245,0
DA:248,65
DA:250,35
DA:251,35
DA:252,35
DA:253,35
DA:254,35
DA:257,1
DA:258,1
DA:259,1
DA:262,1
DA:263,1
DA:264,1
DA:267,1
DA:268,1
DA:269,1
DA:272,1
DA:273,1
DA:274,1
DA:277,1
DA:278,1
DA:279,1
DA:282,1
DA:283,1
DA:284,1
DA:287,1
DA:290,1
DA:291,1
DA:292,1
DA:295,1
DA:296,1
DA:297,1
DA:300,1
DA:301,1
DA:302,1
DA:305,1
DA:308,1
DA:309,1
DA:310,1
DA:313,1
DA:314,1
DA:315,1
DA:316,1
DA:319,1
DA:320,1
DA:321,1
DA:324,1
DA:325,1
DA:326,1
DA:329,1
DA:330,1
DA:331,1
DA:334,1
DA:335,1
DA:336,1
DA:339,1
DA:340,1
DA:341,1
DA:344,1
DA:345,1
DA:346,1
DA:349,1
DA:350,1
DA:351,1
DA:354,1
DA:357,1
DA:358,1
DA:359,1
DA:362,1
DA:363,1
DA:364,1
DA:367,1
DA:368,1
DA:369,1
DA:370,1
DA:371,1
DA:374,1
DA:375,1
DA:376,1
DA:377,1
DA:378,1
DA:381,1
DA:382,1
DA:383,1
DA:384,1
DA:385,1
DA:388,1
DA:389,1
DA:390,1
DA:393,1
DA:394,1
DA:395,1
DA:396,1
DA:399,1
DA:401,1
DA:402,1
DA:403,1
DA:406,1
DA:407,1
DA:408,1
DA:409,1
BRF:0
BRH:0
LF:284
LH:262
end_of_record
SF:/var/home/jack/Code/koan/src/parse/triple_list.rs
FN:76,_RINvNtNtCscUx3zdyuqfq_4koan5parse11triple_list15parse_pair_listNtNtNtNtNtB6_7machine5model5types5ktype5KTypeNCNvNtB13_16typed_field_list37parse_typed_field_list_via_elaborator0EB6_
FN:30,_RINvNtNtCscUx3zdyuqfq_4koan5parse11triple_list25parse_keyword_triple_listNtNtNtNtB6_7machine5model3ast14ExpressionPartNCNvNtNtB1d_6values11named_pairs23parse_named_value_pairss_0EB6_
FN:104,_RNCINvNtNtCscUx3zdyuqfq_4koan5parse11triple_list15parse_pair_listNtNtNtNtNtB8_7machine5model5types5ktype5KTypeNCNvNtB15_16typed_field_list37parse_typed_field_list_via_elaborator0E0B8_
FN:64,_RNCINvNtNtCscUx3zdyuqfq_4koan5parse11triple_list25parse_keyword_triple_listNtNtNtNtB8_7machine5model3ast14ExpressionPartNCNvNtNtB1f_6values11named_pairs23parse_named_value_pairss_0E0B8_
FN:76,_RINvNtNtCseriWsCb5ev6_4koan5parse11triple_list15parse_pair_listNtNtCsgW8esjfipvk_5alloc6string6StringNCNvNtB2_5testss_42identifier_or_type_accepts_type_token_name0EB6_
FN:76,_RINvNtNtCseriWsCb5ev6_4koan5parse11triple_list15parse_pair_listNtNtNtNtNtB6_7machine5model5types5ktype5KTypeNCNvNtB13_16typed_field_list37parse_typed_field_list_via_elaborator0EB6_
FN:76,_RINvNtNtCseriWsCb5ev6_4koan5parse11triple_list15parse_pair_listuNCNvNtB2_5testss_39identifier_only_rejects_type_token_name0EB6_
FN:30,_RINvNtNtCseriWsCb5ev6_4koan5parse11triple_list25parse_keyword_triple_listNtNtNtNtB6_7machine5model3ast14ExpressionPartNCNvNtNtB1d_6values11named_pairs23parse_named_value_pairss_0EB6_
FN:104,_RNCINvNtNtCseriWsCb5ev6_4koan5parse11triple_list15parse_pair_listNtNtCsgW8esjfipvk_5alloc6string6StringNCNvNtB4_5testss_42identifier_or_type_accepts_type_token_name0E0B8_
FN:104,_RNCINvNtNtCseriWsCb5ev6_4koan5parse11triple_list15parse_pair_listNtNtNtNtNtB8_7machine5model5types5ktype5KTypeNCNvNtB15_16typed_field_list37parse_typed_field_list_via_elaborator0E0B8_
FN:104,_RNCINvNtNtCseriWsCb5ev6_4koan5parse11triple_list15parse_pair_listuNCNvNtB4_5testss_39identifier_only_rejects_type_token_name0E0B8_
FN:64,_RNCINvNtNtCseriWsCb5ev6_4koan5parse11triple_list25parse_keyword_triple_listNtNtNtNtB8_7machine5model3ast14ExpressionPartNCNvNtNtB1f_6values11named_pairs23parse_named_value_pairss_0E0B8_
FN:122,_RNvNtNtNtCseriWsCb5ev6_4koan5parse11triple_list5tests15type_named_pair
FN:143,_RNvNtNtNtCseriWsCb5ev6_4koan5parse11triple_list5testss_39identifier_only_rejects_type_token_name
FN:130,_RNvNtNtNtCseriWsCb5ev6_4koan5parse11triple_list5testss_42identifier_or_type_accepts_type_token_name
FN:145,_RNCNvNtNtNtCseriWsCb5ev6_4koan5parse11triple_list5testss_39identifier_only_rejects_type_token_name0B9_
FN:132,_RNCNvNtNtNtCseriWsCb5ev6_4koan5parse11triple_list5testss_42identifier_or_type_accepts_type_token_name0B9_
FNDA:13,_RINvNtNtCscUx3zdyuqfq_4koan5parse11triple_list15parse_pair_listNtNtNtNtNtB6_7machine5model5types5ktype5KTypeNCNvNtB13_16typed_field_list37parse_typed_field_list_via_elaborator0EB6_
FNDA:3,_RINvNtNtCscUx3zdyuqfq_4koan5parse11triple_list25parse_keyword_triple_listNtNtNtNtB6_7machine5model3ast14ExpressionPartNCNvNtNtB1d_6values11named_pairs23parse_named_value_pairss_0EB6_
FNDA:5,_RNCINvNtNtCscUx3zdyuqfq_4koan5parse11triple_list15parse_pair_listNtNtNtNtNtB8_7machine5model5types5ktype5KTypeNCNvNtB15_16typed_field_list37parse_typed_field_list_via_elaborator0E0B8_
FNDA:2,_RNCINvNtNtCscUx3zdyuqfq_4koan5parse11triple_list25parse_keyword_triple_listNtNtNtNtB8_7machine5model3ast14ExpressionPartNCNvNtNtB1f_6values11named_pairs23parse_named_value_pairss_0E0B8_
FNDA:1,_RINvNtNtCseriWsCb5ev6_4koan5parse11triple_list15parse_pair_listNtNtCsgW8esjfipvk_5alloc6string6StringNCNvNtB2_5testss_42identifier_or_type_accepts_type_token_name0EB6_
FNDA:105,_RINvNtNtCseriWsCb5ev6_4koan5parse11triple_list15parse_pair_listNtNtNtNtNtB6_7machine5model5types5ktype5KTypeNCNvNtB13_16typed_field_list37parse_typed_field_list_via_elaborator0EB6_
FNDA:1,_RINvNtNtCseriWsCb5ev6_4koan5parse11triple_list15parse_pair_listuNCNvNtB2_5testss_39identifier_only_rejects_type_token_name0EB6_
FNDA:49,_RINvNtNtCseriWsCb5ev6_4koan5parse11triple_list25parse_keyword_triple_listNtNtNtNtB6_7machine5model3ast14ExpressionPartNCNvNtNtB1d_6values11named_pairs23parse_named_value_pairss_0EB6_
FNDA:0,_RNCINvNtNtCseriWsCb5ev6_4koan5parse11triple_list15parse_pair_listNtNtCsgW8esjfipvk_5alloc6string6StringNCNvNtB4_5testss_42identifier_or_type_accepts_type_token_name0E0B8_
FNDA:61,_RNCINvNtNtCseriWsCb5ev6_4koan5parse11triple_list15parse_pair_listNtNtNtNtNtB8_7machine5model5types5ktype5KTypeNCNvNtB15_16typed_field_list37parse_typed_field_list_via_elaborator0E0B8_
FNDA:0,_RNCINvNtNtCseriWsCb5ev6_4koan5parse11triple_list15parse_pair_listuNCNvNtB4_5testss_39identifier_only_rejects_type_token_name0E0B8_
FNDA:38,_RNCINvNtNtCseriWsCb5ev6_4koan5parse11triple_list25parse_keyword_triple_listNtNtNtNtB8_7machine5model3ast14ExpressionPartNCNvNtNtB1f_6values11named_pairs23parse_named_value_pairss_0E0B8_
FNDA:2,_RNvNtNtNtCseriWsCb5ev6_4koan5parse11triple_list5tests15type_named_pair
FNDA:1,_RNvNtNtNtCseriWsCb5ev6_4koan5parse11triple_list5testss_39identifier_only_rejects_type_token_name
FNDA:1,_RNvNtNtNtCseriWsCb5ev6_4koan5parse11triple_list5testss_42identifier_or_type_accepts_type_token_name
FNDA:0,_RNCNvNtNtNtCseriWsCb5ev6_4koan5parse11triple_list5testss_39identifier_only_rejects_type_token_name0B9_
FNDA:1,_RNCNvNtNtNtCseriWsCb5ev6_4koan5parse11triple_list5testss_42identifier_or_type_accepts_type_token_name0B9_
FNF:9
FNH:8
DA:30,52
DA:31,52
DA:32,52
DA:33,52
DA:34,52
DA:35,52
DA:36,52
DA:37,52
DA:38,3
DA:39,3
DA:40,3
DA:41,3
DA:42,49
DA:43,49
DA:44,49
DA:45,128
DA:46,84
DA:47,83
DA:48,1
DA:49,1
DA:50,1
DA:51,1
DA:52,1
DA:55,83
DA:56,82
DA:57,1
DA:58,1
DA:59,1
DA:60,1
DA:61,1
DA:64,82
DA:65,3
DA:66,79
DA:67,79
DA:68,79
DA:69,79
DA:71,44
DA:72,52
DA:76,120
DA:77,120
DA:78,120
DA:79,120
DA:80,120
DA:81,120
DA:82,120
DA:83,120
DA:84,2
DA:85,2
DA:86,2
DA:87,2
DA:88,118
DA:89,118
DA:90,118
DA:91,289
DA:92,177
DA:93,168
DA:96,8
DA:97,1
DA:98,1
DA:99,1
DA:100,1
DA:101,1
DA:104,176
DA:105,2
DA:106,174
DA:107,174
DA:108,171
DA:109,171
DA:111,112
DA:112,120
DA:122,2
DA:123,2
DA:124,2
DA:125,2
DA:127,2
DA:130,1
DA:131,1
DA:132,1
DA:133,1
DA:134,1
DA:135,0
DA:137,1
DA:138,1
DA:139,1
DA:140,1
DA:143,1
DA:144,1
DA:145,1
DA:146,0
DA:147,0
DA:148,1
DA:149,1
DA:152,1
BRF:0
BRH:0
LF:97
LH:88
end_of_record
SF:/var/home/jack/Code/koan/src/parse/whitespace.rs
FN:37,_RNvNtNtCscUx3zdyuqfq_4koan5parse10whitespace12collapse_str
FN:291,_RNvNtNtCscUx3zdyuqfq_4koan5parse10whitespace13adjust_parens
FN:278,_RNvNtNtCscUx3zdyuqfq_4koan5parse10whitespace16line_delim_delta
FN:284,_RNvNtNtCscUx3zdyuqfq_4koan5parse10whitespace16line_paren_delta
FN:31,_RNvNtNtCscUx3zdyuqfq_4koan5parse10whitespace19collapse_whitespace
FN:233,_RNvNtNtCscUx3zdyuqfq_4koan5parse10whitespace19walk_content_cursor
FN:224,_RNvNtNtCscUx3zdyuqfq_4koan5parse10whitespace9emit_jump
FN:55,_RNCNvNtNtCscUx3zdyuqfq_4koan5parse10whitespace12collapse_str0B7_
FN:149,_RNCNvNtNtCscUx3zdyuqfq_4koan5parse10whitespace12collapse_strs0_0B7_
FN:56,_RNCNvNtNtCscUx3zdyuqfq_4koan5parse10whitespace12collapse_strs_0B7_
FN:279,_RNCNvNtNtCscUx3zdyuqfq_4koan5parse10whitespace16line_delim_delta0B7_
FN:280,_RNCNvNtNtCscUx3zdyuqfq_4koan5parse10whitespace16line_delim_deltas_0B7_
FN:285,_RNCNvNtNtCscUx3zdyuqfq_4koan5parse10whitespace16line_paren_delta0B7_
FN:286,_RNCNvNtNtCscUx3zdyuqfq_4koan5parse10whitespace16line_paren_deltas_0B7_
FN:33,_RNCNvNtNtCscUx3zdyuqfq_4koan5parse10whitespace19collapse_whitespace0B7_
FN:252,_RNCNvNtNtCscUx3zdyuqfq_4koan5parse10whitespace19walk_content_cursor0B7_
FN:253,_RNCNvNtNtCscUx3zdyuqfq_4koan5parse10whitespace19walk_content_cursors_0B7_
FN:37,_RNvNtNtCseriWsCb5ev6_4koan5parse10whitespace12collapse_str
FN:291,_RNvNtNtCseriWsCb5ev6_4koan5parse10whitespace13adjust_parens
FN:278,_RNvNtNtCseriWsCb5ev6_4koan5parse10whitespace16line_delim_delta
FN:284,_RNvNtNtCseriWsCb5ev6_4koan5parse10whitespace16line_paren_delta
FN:31,_RNvNtNtCseriWsCb5ev6_4koan5parse10whitespace19collapse_whitespace
FN:233,_RNvNtNtCseriWsCb5ev6_4koan5parse10whitespace19walk_content_cursor
FN:224,_RNvNtNtCseriWsCb5ev6_4koan5parse10whitespace9emit_jump
FN:55,_RNCNvNtNtCseriWsCb5ev6_4koan5parse10whitespace12collapse_str0B7_
FN:149,_RNCNvNtNtCseriWsCb5ev6_4koan5parse10whitespace12collapse_strs0_0B7_
FN:56,_RNCNvNtNtCseriWsCb5ev6_4koan5parse10whitespace12collapse_strs_0B7_
FN:279,_RNCNvNtNtCseriWsCb5ev6_4koan5parse10whitespace16line_delim_delta0B7_
FN:280,_RNCNvNtNtCseriWsCb5ev6_4koan5parse10whitespace16line_delim_deltas_0B7_
FN:285,_RNCNvNtNtCseriWsCb5ev6_4koan5parse10whitespace16line_paren_delta0B7_
FN:286,_RNCNvNtNtCseriWsCb5ev6_4koan5parse10whitespace16line_paren_deltas_0B7_
FN:33,_RNCNvNtNtCseriWsCb5ev6_4koan5parse10whitespace19collapse_whitespace0B7_
FN:252,_RNCNvNtNtCseriWsCb5ev6_4koan5parse10whitespace19walk_content_cursor0B7_
FN:253,_RNCNvNtNtCseriWsCb5ev6_4koan5parse10whitespace19walk_content_cursors_0B7_
FNDA:40,_RNvNtNtCscUx3zdyuqfq_4koan5parse10whitespace12collapse_str
FNDA:95,_RNvNtNtCscUx3zdyuqfq_4koan5parse10whitespace13adjust_parens
FNDA:95,_RNvNtNtCscUx3zdyuqfq_4koan5parse10whitespace16line_delim_delta
FNDA:95,_RNvNtNtCscUx3zdyuqfq_4koan5parse10whitespace16line_paren_delta
FNDA:40,_RNvNtNtCscUx3zdyuqfq_4koan5parse10whitespace19collapse_whitespace
FNDA:95,_RNvNtNtCscUx3zdyuqfq_4koan5parse10whitespace19walk_content_cursor
FNDA:190,_RNvNtNtCscUx3zdyuqfq_4koan5parse10whitespace9emit_jump
FNDA:3070,_RNCNvNtNtCscUx3zdyuqfq_4koan5parse10whitespace12collapse_str0B7_
FNDA:0,_RNCNvNtNtCscUx3zdyuqfq_4koan5parse10whitespace12collapse_strs0_0B7_
FNDA:55,_RNCNvNtNtCscUx3zdyuqfq_4koan5parse10whitespace12collapse_strs_0B7_
FNDA:3015,_RNCNvNtNtCscUx3zdyuqfq_4koan5parse10whitespace16line_delim_delta0B7_
FNDA:3015,_RNCNvNtNtCscUx3zdyuqfq_4koan5parse10whitespace16line_delim_deltas_0B7_
FNDA:3015,_RNCNvNtNtCscUx3zdyuqfq_4koan5parse10whitespace16line_paren_delta0B7_
FNDA:3015,_RNCNvNtNtCscUx3zdyuqfq_4koan5parse10whitespace16line_paren_deltas_0B7_
FNDA:0,_RNCNvNtNtCscUx3zdyuqfq_4koan5parse10whitespace19collapse_whitespace0B7_
FNDA:1,_RNCNvNtNtCscUx3zdyuqfq_4koan5parse10whitespace19walk_content_cursor0B7_
FNDA:0,_RNCNvNtNtCscUx3zdyuqfq_4koan5parse10whitespace19walk_content_cursors_0B7_
FNDA:846,_RNvNtNtCseriWsCb5ev6_4koan5parse10whitespace12collapse_str
FNDA:1236,_RNvNtNtCseriWsCb5ev6_4koan5parse10whitespace13adjust_parens
FNDA:1236,_RNvNtNtCseriWsCb5ev6_4koan5parse10whitespace16line_delim_delta
FNDA:1243,_RNvNtNtCseriWsCb5ev6_4koan5parse10whitespace16line_paren_delta
FNDA:846,_RNvNtNtCseriWsCb5ev6_4koan5parse10whitespace19collapse_whitespace
FNDA:1243,_RNvNtNtCseriWsCb5ev6_4koan5parse10whitespace19walk_content_cursor
FNDA:2414,_RNvNtNtCseriWsCb5ev6_4koan5parse10whitespace9emit_jump
FNDA:31875,_RNCNvNtNtCseriWsCb5ev6_4koan5parse10whitespace12collapse_str0B7_
FNDA:129,_RNCNvNtNtCseriWsCb5ev6_4koan5parse10whitespace12collapse_strs0_0B7_
FNDA:422,_RNCNvNtNtCseriWsCb5ev6_4koan5parse10whitespace12collapse_strs_0B7_
FNDA:31169,_RNCNvNtNtCseriWsCb5ev6_4koan5parse10whitespace16line_delim_delta0B7_
FNDA:31169,_RNCNvNtNtCseriWsCb5ev6_4koan5parse10whitespace16line_delim_deltas_0B7_
FNDA:31191,_RNCNvNtNtCseriWsCb5ev6_4koan5parse10whitespace16line_paren_delta0B7_
FNDA:31191,_RNCNvNtNtCseriWsCb5ev6_4koan5parse10whitespace16line_paren_deltas_0B7_
FNDA:0,_RNCNvNtNtCseriWsCb5ev6_4koan5parse10whitespace19collapse_whitespace0B7_
FNDA:171,_RNCNvNtNtCseriWsCb5ev6_4koan5parse10whitespace19walk_content_cursor0B7_
FNDA:0,_RNCNvNtNtCseriWsCb5ev6_4koan5parse10whitespace19walk_content_cursors_0B7_
FNF:17
FNH:15
DA:31,886
DA:32,886
DA:33,886
DA:34,886
DA:35,886
DA:37,886
DA:38,886
DA:39,886
DA:40,886
DA:41,886
DA:42,886
DA:45,886
DA:47,886
DA:48,886
DA:49,886
DA:50,886
DA:52,2241
DA:53,1362
DA:54,1362
DA:55,34945
DA:56,1362
DA:57,1362
DA:59,1362
DA:60,1362
DA:61,1362
DA:62,1362
DA:64,1362
DA:66,1362
DA:70,24
DA:71,24
DA:72,24
DA:73,8
DA:75,16
DA:77,24
DA:78,24
DA:79,1338
DA:81,1338
DA:83,1338
DA:84,1338
DA:86,1338
DA:87,1338
DA:89,1338
DA:90,1338
DA:91,1338
DA:92,1338
DA:93,1338
DA:117,1338
DA:118,54
DA:119,54
DA:120,1284
DA:123,1284
DA:124,16
DA:127,7
DA:128,1
DA:129,1
DA:130,1
DA:131,1
DA:132,1
DA:133,6
DA:134,6
DA:135,6
DA:136,9
DA:137,9
DA:140,1
DA:141,1
DA:142,1
DA:143,1
DA:144,1
DA:145,1
DA:146,8
DA:147,1268
DA:149,1276
DA:150,3
DA:151,3
DA:152,3
DA:153,3
DA:154,3
DA:155,3
DA:156,3
DA:157,3
DA:158,1273
DA:159,1273
DA:160,2
DA:161,2
DA:162,2
DA:163,2
DA:164,2
DA:165,2
DA:166,2
DA:167,2
DA:168,1271
DA:170,1637
DA:171,404
DA:172,366
DA:173,366
DA:174,366
DA:175,366
DA:176,38
DA:182,1271
DA:183,387
DA:184,884
DA:188,1271
DA:189,1271
DA:190,11
DA:191,11
DA:192,11
DA:193,11
DA:194,11
DA:195,1260
DA:196,1260
DA:197,1260
DA:198,1260
DA:199,1260
DA:201,1271
DA:202,1271
DA:203,1271
DA:204,1271
DA:205,1271
DA:207,1271
DA:208,1271
DA:209,437
DA:211,834
DA:213,1271
DA:216,1775
DA:217,896
DA:218,896
DA:219,896
DA:221,879
DA:222,886
DA:224,2604
DA:225,2604
DA:226,2604
DA:227,2604
DA:228,2604
DA:233,1338
DA:234,1338
DA:235,1338
DA:236,34464
DA:237,33126
DA:238,33126
DA:239,172
DA:240,172
DA:241,553
DA:242,381
DA:243,381
DA:244,172
DA:245,0
DA:246,172
DA:247,172
DA:248,0
DA:249,172
DA:250,172
DA:251,172
DA:252,172
DA:253,172
DA:254,172
DA:255,32954
DA:256,172
DA:257,344
DA:258,172
DA:259,172
DA:260,172
DA:261,0
DA:262,172
DA:263,172
DA:264,355
DA:265,183
DA:266,183
DA:267,172
DA:268,32782
DA:269,32782
DA:270,32782
DA:271,32782
DA:273,1338
DA:274,1338
DA:278,1331
DA:279,34184
DA:280,34184
DA:281,1331
DA:282,1331
DA:284,1338
DA:285,34206
DA:286,34206
DA:287,1338
DA:288,1338
DA:291,1331
DA:292,1331
DA:293,10
DA:294,10
DA:295,10
DA:297,1321
DA:298,8
DA:299,8
DA:301,1331
BRF:0
BRH:0
LF:204
LH:199
end_of_record