SF:/var/home/jack/Code/koan/src/builtins.rs
FN:145,_RNvNtCsbkxZCYEF3rm_4koan8builtins13default_scope
FN:101,_RNvNtCsbkxZCYEF3rm_4koan8builtins16register_builtin
FN:78,_RNvNtCsbkxZCYEF3rm_4koan8builtins21register_builtin_full
FN:67,_RNvNtCsbkxZCYEF3rm_4koan8builtins21type_part_binder_name
FN:38,_RNvNtCsbkxZCYEF3rm_4koan8builtins2kw
FN:43,_RNvNtCsbkxZCYEF3rm_4koan8builtins3arg
FN:52,_RNvNtCsbkxZCYEF3rm_4koan8builtins3sig
FN:145,_RNvNtCsSCJAO8sSnz_4koan8builtins13default_scope
FN:101,_RNvNtCsSCJAO8sSnz_4koan8builtins16register_builtin
FN:115,_RNvNtCsSCJAO8sSnz_4koan8builtins20register_overload_at
FN:78,_RNvNtCsSCJAO8sSnz_4koan8builtins21register_builtin_full
FN:67,_RNvNtCsSCJAO8sSnz_4koan8builtins21type_part_binder_name
FN:38,_RNvNtCsSCJAO8sSnz_4koan8builtins2kw
FN:43,_RNvNtCsSCJAO8sSnz_4koan8builtins3arg
FN:52,_RNvNtCsSCJAO8sSnz_4koan8builtins3sig
FNDA:43,_RNvNtCsbkxZCYEF3rm_4koan8builtins13default_scope
FNDA:989,_RNvNtCsbkxZCYEF3rm_4koan8builtins16register_builtin
FNDA:1634,_RNvNtCsbkxZCYEF3rm_4koan8builtins21register_builtin_full
FNDA:74,_RNvNtCsbkxZCYEF3rm_4koan8builtins21type_part_binder_name
FNDA:2881,_RNvNtCsbkxZCYEF3rm_4koan8builtins2kw
FNDA:3311,_RNvNtCsbkxZCYEF3rm_4koan8builtins3arg
FNDA:1634,_RNvNtCsbkxZCYEF3rm_4koan8builtins3sig
FNDA:475,_RNvNtCsSCJAO8sSnz_4koan8builtins13default_scope
FNDA:10945,_RNvNtCsSCJAO8sSnz_4koan8builtins16register_builtin
FNDA:3,_RNvNtCsSCJAO8sSnz_4koan8builtins20register_overload_at
FNDA:18071,_RNvNtCsSCJAO8sSnz_4koan8builtins21register_builtin_full
FNDA:470,_RNvNtCsSCJAO8sSnz_4koan8builtins21type_part_binder_name
FNDA:31825,_RNvNtCsSCJAO8sSnz_4koan8builtins2kw
FNDA:36575,_RNvNtCsSCJAO8sSnz_4koan8builtins3arg
FNDA:18050,_RNvNtCsSCJAO8sSnz_4koan8builtins3sig
FNF:8
FNH:8
DA:38,34706
DA:39,34706
DA:40,34706
DA:43,39886
DA:44,39886
DA:45,39886
DA:46,39886
DA:47,39886
DA:48,39886
DA:52,19684
DA:53,19684
DA:54,19684
DA:55,19684
DA:56,19684
DA:57,19684
DA:58,19684
DA:59,19684
DA:60,19684
DA:67,544
DA:68,544
DA:69,544
DA:70,544
DA:71,544
DA:78,19705
DA:79,19705
DA:80,19705
DA:81,19705
DA:82,19705
DA:83,19705
DA:84,19705
DA:85,19705
DA:86,19705
DA:87,19705
DA:88,19705
DA:89,19705
DA:90,19705
DA:91,19705
DA:92,19705
DA:93,19705
DA:94,19705
DA:95,19705
DA:96,19705
DA:97,19705
DA:98,19705
DA:101,11934
DA:102,11934
DA:103,11934
DA:104,11934
DA:105,11934
DA:106,11934
DA:107,11934
DA:108,11934
DA:115,3
DA:116,3
DA:117,3
DA:118,3
DA:119,3
DA:120,3
DA:121,3
DA:122,3
DA:123,3
DA:124,3
DA:125,3
DA:126,3
DA:127,3
DA:128,3
DA:129,3
DA:130,3
DA:131,3
DA:132,3
DA:133,3
DA:134,3
DA:135,3
DA:145,518
DA:146,518
DA:147,518
DA:148,518
DA:149,518
DA:150,518
DA:151,518
DA:153,518
DA:154,518
DA:155,518
DA:156,518
DA:157,518
DA:158,518
DA:159,518
DA:162,518
DA:163,518
DA:164,518
DA:167,518
DA:168,518
DA:169,518
DA:172,518
DA:173,518
DA:174,518
DA:177,518
DA:178,518
DA:179,518
DA:182,518
DA:183,518
DA:184,518
DA:187,518
DA:189,518
DA:190,518
DA:191,518
DA:192,518
DA:193,518
DA:194,518
DA:195,518
DA:196,518
DA:197,518
DA:198,518
DA:199,518
DA:200,518
DA:201,518
DA:202,518
DA:203,518
DA:204,518
DA:205,518
DA:206,518
DA:207,518
DA:208,518
DA:209,518
DA:210,518
DA:212,518
DA:213,518
BRF:0
BRH:0
LF:127
LH:127
end_of_record
SF:/var/home/jack/Code/koan/src/builtins/ascribe.rs
FN:19,_RNvNtNtCsbkxZCYEF3rm_4koan8builtins7ascribe11body_opaque
FN:193,_RNvNtNtCsbkxZCYEF3rm_4koan8builtins7ascribe11shape_check
FN:133,_RNvNtNtCsbkxZCYEF3rm_4koan8builtins7ascribe16body_transparent
FN:248,_RNvNtNtCsbkxZCYEF3rm_4koan8builtins7ascribe21is_abstract_type_name
FN:236,_RNvNtNtCsbkxZCYEF3rm_4koan8builtins7ascribe22abstract_type_names_of
FN:155,_RNvNtNtCsbkxZCYEF3rm_4koan8builtins7ascribe28resolve_module_and_signature
FN:259,_RNvNtNtCsbkxZCYEF3rm_4koan8builtins7ascribe8register
FN:166,_RNvNvNtNtCsbkxZCYEF3rm_4koan8builtins7ascribe28resolve_module_and_signature24type_mismatch_or_missing
FN:256,_RNCNvNtNtCsbkxZCYEF3rm_4koan8builtins7ascribe21is_abstract_type_name0B7_
FN:242,_RNCNvNtNtCsbkxZCYEF3rm_4koan8builtins7ascribe22abstract_type_names_ofs_0B7_
FN:19,_RNvNtNtCsSCJAO8sSnz_4koan8builtins7ascribe11body_opaque
FN:193,_RNvNtNtCsSCJAO8sSnz_4koan8builtins7ascribe11shape_check
FN:133,_RNvNtNtCsSCJAO8sSnz_4koan8builtins7ascribe16body_transparent
FN:248,_RNvNtNtCsSCJAO8sSnz_4koan8builtins7ascribe21is_abstract_type_name
FN:236,_RNvNtNtCsSCJAO8sSnz_4koan8builtins7ascribe22abstract_type_names_of
FN:155,_RNvNtNtCsSCJAO8sSnz_4koan8builtins7ascribe28resolve_module_and_signature
FN:259,_RNvNtNtCsSCJAO8sSnz_4koan8builtins7ascribe8register
FN:166,_RNvNvNtNtCsSCJAO8sSnz_4koan8builtins7ascribe28resolve_module_and_signature24type_mismatch_or_missing
FN:256,_RNCNvNtNtCsSCJAO8sSnz_4koan8builtins7ascribe21is_abstract_type_name0B7_
FN:242,_RNCNvNtNtCsSCJAO8sSnz_4koan8builtins7ascribe22abstract_type_names_ofs_0B7_
FNDA:1,_RNvNtNtCsbkxZCYEF3rm_4koan8builtins7ascribe11body_opaque
FNDA:5,_RNvNtNtCsbkxZCYEF3rm_4koan8builtins7ascribe11shape_check
FNDA:4,_RNvNtNtCsbkxZCYEF3rm_4koan8builtins7ascribe16body_transparent
FNDA:22,_RNvNtNtCsbkxZCYEF3rm_4koan8builtins7ascribe21is_abstract_type_name
FNDA:6,_RNvNtNtCsbkxZCYEF3rm_4koan8builtins7ascribe22abstract_type_names_of
FNDA:5,_RNvNtNtCsbkxZCYEF3rm_4koan8builtins7ascribe28resolve_module_and_signature
FNDA:43,_RNvNtNtCsbkxZCYEF3rm_4koan8builtins7ascribe8register
FNDA:0,_RNvNvNtNtCsbkxZCYEF3rm_4koan8builtins7ascribe28resolve_module_and_signature24type_mismatch_or_missing
FNDA:0,_RNCNvNtNtCsbkxZCYEF3rm_4koan8builtins7ascribe21is_abstract_type_name0B7_
FNDA:6,_RNCNvNtNtCsbkxZCYEF3rm_4koan8builtins7ascribe22abstract_type_names_ofs_0B7_
FNDA:21,_RNvNtNtCsSCJAO8sSnz_4koan8builtins7ascribe11body_opaque
FNDA:40,_RNvNtNtCsSCJAO8sSnz_4koan8builtins7ascribe11shape_check
FNDA:19,_RNvNtNtCsSCJAO8sSnz_4koan8builtins7ascribe16body_transparent
FNDA:200,_RNvNtNtCsSCJAO8sSnz_4koan8builtins7ascribe21is_abstract_type_name
FNDA:69,_RNvNtNtCsSCJAO8sSnz_4koan8builtins7ascribe22abstract_type_names_of
FNDA:40,_RNvNtNtCsSCJAO8sSnz_4koan8builtins7ascribe28resolve_module_and_signature
FNDA:475,_RNvNtNtCsSCJAO8sSnz_4koan8builtins7ascribe8register
FNDA:0,_RNvNvNtNtCsSCJAO8sSnz_4koan8builtins7ascribe28resolve_module_and_signature24type_mismatch_or_missing
FNDA:53,_RNCNvNtNtCsSCJAO8sSnz_4koan8builtins7ascribe21is_abstract_type_name0B7_
FNDA:103,_RNCNvNtNtCsSCJAO8sSnz_4koan8builtins7ascribe22abstract_type_names_ofs_0B7_
FNF:10
FNH:9
DA:19,22
DA:20,22
DA:21,22
DA:25,22
DA:27,22
DA:28,22
DA:29,22
DA:30,22
DA:33,22
DA:34,22
DA:35,0
DA:36,22
DA:42,22
DA:44,22
DA:48,22
DA:50,22
DA:51,22
DA:52,13
DA:53,3
DA:54,3
DA:57,3
DA:58,3
DA:59,3
DA:61,0
DA:65,3
DA:66,3
DA:67,3
DA:68,3
DA:70,3
DA:71,3
DA:72,3
DA:73,3
DA:74,3
DA:75,3
DA:76,3
DA:77,3
DA:78,3
DA:80,10
DA:81,10
DA:82,10
DA:83,10
DA:85,13
DA:88,22
DA:89,13
DA:90,13
DA:91,13
DA:92,13
DA:93,9
DA:96,22
DA:97,22
DA:98,32
DA:99,32
DA:100,13
DA:101,19
DA:104,3
DA:105,3
DA:107,3
DA:108,3
DA:109,3
DA:110,16
DA:112,22
DA:113,22
DA:114,3
DA:115,3
DA:116,3
DA:117,3
DA:118,19
DA:121,22
DA:122,2
DA:123,20
DA:125,20
DA:127,20
DA:128,20
DA:129,22
DA:133,23
DA:134,23
DA:135,23
DA:139,23
DA:140,23
DA:141,0
DA:142,23
DA:143,23
DA:144,23
DA:145,23
DA:146,23
DA:147,23
DA:148,23
DA:149,23
DA:150,23
DA:151,23
DA:155,45
DA:156,45
DA:157,45
DA:158,45
DA:159,45
DA:160,45
DA:161,45
DA:162,45
DA:163,45
DA:166,0
DA:167,0
DA:168,0
DA:169,0
DA:170,0
DA:171,0
DA:172,0
DA:173,0
DA:174,0
DA:175,0
DA:176,0
DA:177,0
DA:179,0
DA:181,45
DA:182,45
DA:183,0
DA:185,45
DA:186,45
DA:187,0
DA:189,45
DA:190,45
DA:193,45
DA:194,45
DA:195,45
DA:196,45
DA:197,45
DA:198,45
DA:199,45
DA:200,45
DA:204,45
DA:205,45
DA:206,45
DA:207,45
DA:208,45
DA:209,45
DA:210,45
DA:211,45
DA:212,45
DA:213,45
DA:214,45
DA:215,45
DA:216,45
DA:217,59
DA:218,59
DA:219,17
DA:220,42
DA:221,42
DA:222,2
DA:223,2
DA:224,2
DA:225,2
DA:226,40
DA:228,43
DA:229,45
DA:236,75
DA:237,75
DA:238,75
DA:239,75
DA:240,75
DA:241,75
DA:242,109
DA:243,75
DA:244,75
DA:248,222
DA:249,222
DA:250,222
DA:251,0
DA:253,222
DA:254,169
DA:255,53
DA:256,53
DA:257,222
DA:259,518
DA:263,518
DA:264,518
DA:265,518
DA:266,518
DA:267,518
DA:268,518
DA:271,518
DA:272,518
DA:273,518
DA:274,518
DA:275,518
DA:276,518
DA:279,518
DA:280,518
DA:281,518
BRF:0
BRH:0
LF:189
LH:170
end_of_record
SF:/var/home/jack/Code/koan/src/builtins/attr.rs
FN:180,_RNvNtNtCsbkxZCYEF3rm_4koan8builtins4attr11body_module
FN:244,_RNvNtNtCsbkxZCYEF3rm_4koan8builtins4attr12access_field
FN:159,_RNvNtNtCsbkxZCYEF3rm_4koan8builtins4attr12body_newtype
FN:120,_RNvNtNtCsbkxZCYEF3rm_4koan8builtins4attr13body_type_lhs
FN:77,_RNvNtNtCsbkxZCYEF3rm_4koan8builtins4attr15body_identifier
FN:52,_RNvNtNtCsbkxZCYEF3rm_4koan8builtins4attr15read_field_name
FN:208,_RNvNtNtCsbkxZCYEF3rm_4koan8builtins4attr18access_type_member
FN:306,_RNvNtNtCsbkxZCYEF3rm_4koan8builtins4attr20access_module_member
FN:38,_RNvNtNtCsbkxZCYEF3rm_4koan8builtins4attr5route
FN:338,_RNvNtNtCsbkxZCYEF3rm_4koan8builtins4attr8register
FN:339,_RNCNvNtNtCsbkxZCYEF3rm_4koan8builtins4attr8register0B7_
FN:367,_RNCNvNtNtCsbkxZCYEF3rm_4koan8builtins4attr8registers0_0B7_
FN:377,_RNCNvNtNtCsbkxZCYEF3rm_4koan8builtins4attr8registers1_0B7_
FN:387,_RNCNvNtNtCsbkxZCYEF3rm_4koan8builtins4attr8registers2_0B7_
FN:398,_RNCNvNtNtCsbkxZCYEF3rm_4koan8builtins4attr8registers3_0B7_
FN:349,_RNCNvNtNtCsbkxZCYEF3rm_4koan8builtins4attr8registers_0B7_
FN:339,_RNCNvNtNtCsSCJAO8sSnz_4koan8builtins4attr8register0B7_
FN:367,_RNCNvNtNtCsSCJAO8sSnz_4koan8builtins4attr8registers0_0B7_
FN:377,_RNCNvNtNtCsSCJAO8sSnz_4koan8builtins4attr8registers1_0B7_
FN:387,_RNCNvNtNtCsSCJAO8sSnz_4koan8builtins4attr8registers2_0B7_
FN:398,_RNCNvNtNtCsSCJAO8sSnz_4koan8builtins4attr8registers3_0B7_
FN:349,_RNCNvNtNtCsSCJAO8sSnz_4koan8builtins4attr8registers_0B7_
FN:466,_RNvNtNtNtCsSCJAO8sSnz_4koan8builtins4attr5testss_24attr_unbound_name_errors
FN:493,_RNvNtNtNtCsSCJAO8sSnz_4koan8builtins4attr5testss_25attr_unknown_field_errors
FN:477,_RNvNtNtNtCsSCJAO8sSnz_4koan8builtins4attr5testss_31attr_on_non_struct_value_errors
FN:509,_RNvNtNtNtCsSCJAO8sSnz_4koan8builtins4attr5testss_33attr_chained_unknown_field_errors
FN:450,_RNvNtNtNtCsSCJAO8sSnz_4koan8builtins4attr5testss_34attr_chained_through_nested_struct
FN:426,_RNvNtNtNtCsSCJAO8sSnz_4koan8builtins4attr5testss_34attr_reads_field_from_named_struct
FN:438,_RNvNtNtNtCsSCJAO8sSnz_4koan8builtins4attr5testss_35attr_reads_each_field_independently
FN:546,_RNvNtNtNtCsSCJAO8sSnz_4koan8builtins4attr5testss_39access_field_rejects_wrapped_non_struct
FN:590,_RNvNtNtNtCsSCJAO8sSnz_4koan8builtins4attr5testss_41transparent_view_slot_read_stays_concrete
FN:569,_RNvNtNtNtCsSCJAO8sSnz_4koan8builtins4attr5testss_48opaque_view_slot_read_re_tags_with_abstract_type
FN:530,_RNvNtNtNtCsSCJAO8sSnz_4koan8builtins4attr5testss_49access_field_falls_through_wrapped_record_newtype
FN:611,_RNvNtNtNtCsSCJAO8sSnz_4koan8builtins4attr5testss_53access_field_falls_through_wrapped_with_missing_field
FN:180,_RNvNtNtCsSCJAO8sSnz_4koan8builtins4attr11body_module
FN:244,_RNvNtNtCsSCJAO8sSnz_4koan8builtins4attr12access_field
FN:159,_RNvNtNtCsSCJAO8sSnz_4koan8builtins4attr12body_newtype
FN:120,_RNvNtNtCsSCJAO8sSnz_4koan8builtins4attr13body_type_lhs
FN:77,_RNvNtNtCsSCJAO8sSnz_4koan8builtins4attr15body_identifier
FN:52,_RNvNtNtCsSCJAO8sSnz_4koan8builtins4attr15read_field_name
FN:208,_RNvNtNtCsSCJAO8sSnz_4koan8builtins4attr18access_type_member
FN:306,_RNvNtNtCsSCJAO8sSnz_4koan8builtins4attr20access_module_member
FN:38,_RNvNtNtCsSCJAO8sSnz_4koan8builtins4attr5route
FN:338,_RNvNtNtCsSCJAO8sSnz_4koan8builtins4attr8register
FNDA:7,_RNvNtNtCsbkxZCYEF3rm_4koan8builtins4attr11body_module
FNDA:1,_RNvNtNtCsbkxZCYEF3rm_4koan8builtins4attr12access_field
FNDA:0,_RNvNtNtCsbkxZCYEF3rm_4koan8builtins4attr12body_newtype
FNDA:0,_RNvNtNtCsbkxZCYEF3rm_4koan8builtins4attr13body_type_lhs
FNDA:2,_RNvNtNtCsbkxZCYEF3rm_4koan8builtins4attr15body_identifier
FNDA:9,_RNvNtNtCsbkxZCYEF3rm_4koan8builtins4attr15read_field_name
FNDA:0,_RNvNtNtCsbkxZCYEF3rm_4koan8builtins4attr18access_type_member
FNDA:7,_RNvNtNtCsbkxZCYEF3rm_4koan8builtins4attr20access_module_member
FNDA:8,_RNvNtNtCsbkxZCYEF3rm_4koan8builtins4attr5route
FNDA:43,_RNvNtNtCsbkxZCYEF3rm_4koan8builtins4attr8register
FNDA:43,_RNCNvNtNtCsbkxZCYEF3rm_4koan8builtins4attr8register0B7_
FNDA:43,_RNCNvNtNtCsbkxZCYEF3rm_4koan8builtins4attr8registers0_0B7_
FNDA:43,_RNCNvNtNtCsbkxZCYEF3rm_4koan8builtins4attr8registers1_0B7_
FNDA:43,_RNCNvNtNtCsbkxZCYEF3rm_4koan8builtins4attr8registers2_0B7_
FNDA:43,_RNCNvNtNtCsbkxZCYEF3rm_4koan8builtins4attr8registers3_0B7_
FNDA:43,_RNCNvNtNtCsbkxZCYEF3rm_4koan8builtins4attr8registers_0B7_
FNDA:475,_RNCNvNtNtCsSCJAO8sSnz_4koan8builtins4attr8register0B7_
FNDA:475,_RNCNvNtNtCsSCJAO8sSnz_4koan8builtins4attr8registers0_0B7_
FNDA:475,_RNCNvNtNtCsSCJAO8sSnz_4koan8builtins4attr8registers1_0B7_
FNDA:475,_RNCNvNtNtCsSCJAO8sSnz_4koan8builtins4attr8registers2_0B7_
FNDA:475,_RNCNvNtNtCsSCJAO8sSnz_4koan8builtins4attr8registers3_0B7_
FNDA:475,_RNCNvNtNtCsSCJAO8sSnz_4koan8builtins4attr8registers_0B7_
FNDA:1,_RNvNtNtNtCsSCJAO8sSnz_4koan8builtins4attr5testss_24attr_unbound_name_errors
FNDA:1,_RNvNtNtNtCsSCJAO8sSnz_4koan8builtins4attr5testss_25attr_unknown_field_errors
FNDA:1,_RNvNtNtNtCsSCJAO8sSnz_4koan8builtins4attr5testss_31attr_on_non_struct_value_errors
FNDA:1,_RNvNtNtNtCsSCJAO8sSnz_4koan8builtins4attr5testss_33attr_chained_unknown_field_errors
FNDA:1,_RNvNtNtNtCsSCJAO8sSnz_4koan8builtins4attr5testss_34attr_chained_through_nested_struct
FNDA:1,_RNvNtNtNtCsSCJAO8sSnz_4koan8builtins4attr5testss_34attr_reads_field_from_named_struct
FNDA:1,_RNvNtNtNtCsSCJAO8sSnz_4koan8builtins4attr5testss_35attr_reads_each_field_independently
FNDA:1,_RNvNtNtNtCsSCJAO8sSnz_4koan8builtins4attr5testss_39access_field_rejects_wrapped_non_struct
FNDA:1,_RNvNtNtNtCsSCJAO8sSnz_4koan8builtins4attr5testss_41transparent_view_slot_read_stays_concrete
FNDA:1,_RNvNtNtNtCsSCJAO8sSnz_4koan8builtins4attr5testss_48opaque_view_slot_read_re_tags_with_abstract_type
FNDA:1,_RNvNtNtNtCsSCJAO8sSnz_4koan8builtins4attr5testss_49access_field_falls_through_wrapped_record_newtype
FNDA:1,_RNvNtNtNtCsSCJAO8sSnz_4koan8builtins4attr5testss_53access_field_falls_through_wrapped_with_missing_field
FNDA:20,_RNvNtNtCsSCJAO8sSnz_4koan8builtins4attr11body_module
FNDA:21,_RNvNtNtCsSCJAO8sSnz_4koan8builtins4attr12access_field
FNDA:2,_RNvNtNtCsSCJAO8sSnz_4koan8builtins4attr12body_newtype
FNDA:1,_RNvNtNtCsSCJAO8sSnz_4koan8builtins4attr13body_type_lhs
FNDA:22,_RNvNtNtCsSCJAO8sSnz_4koan8builtins4attr15body_identifier
FNDA:45,_RNvNtNtCsSCJAO8sSnz_4koan8builtins4attr15read_field_name
FNDA:0,_RNvNtNtCsSCJAO8sSnz_4koan8builtins4attr18access_type_member
FNDA:23,_RNvNtNtCsSCJAO8sSnz_4koan8builtins4attr20access_module_member
FNDA:43,_RNvNtNtCsSCJAO8sSnz_4koan8builtins4attr5route
FNDA:475,_RNvNtNtCsSCJAO8sSnz_4koan8builtins4attr8register
FNF:28
FNH:27
DA:38,51
DA:39,51
DA:40,51
DA:42,43
DA:43,31
DA:44,12
DA:45,8
DA:47,51
DA:52,54
DA:54,54
DA:55,42
DA:56,42
DA:57,0
DA:58,0
DA:59,0
DA:60,0
DA:61,0
DA:63,12
DA:64,12
DA:65,12
DA:66,11
DA:67,1
DA:69,0
DA:70,0
DA:71,54
DA:77,24
DA:78,24
DA:79,24
DA:81,24
DA:82,24
DA:83,0
DA:84,0
DA:85,0
DA:86,0
DA:87,0
DA:88,0
DA:90,0
DA:92,24
DA:95,24
DA:96,19
DA:97,5
DA:98,5
DA:99,0
DA:100,3
DA:102,0
DA:105,0
DA:107,0
DA:108,0
DA:110,2
DA:111,2
DA:112,24
DA:120,1
DA:121,1
DA:122,1
DA:124,1
DA:125,1
DA:127,0
DA:128,0
DA:129,0
DA:130,0
DA:131,0
DA:132,0
DA:133,0
DA:137,1
DA:138,1
DA:139,1
DA:140,0
DA:141,0
DA:142,0
DA:144,1
DA:145,1
DA:146,1
DA:147,1
DA:148,1
DA:149,1
DA:150,1
DA:151,1
DA:154,0
DA:156,1
DA:159,2
DA:160,2
DA:161,2
DA:163,2
DA:164,2
DA:165,0
DA:167,2
DA:171,2
DA:172,2
DA:173,2
DA:174,2
DA:175,2
DA:177,2
DA:180,27
DA:181,27
DA:182,27
DA:184,27
DA:185,27
DA:187,0
DA:188,0
DA:189,0
DA:190,0
DA:191,0
DA:192,0
DA:193,0
DA:194,0
DA:195,0
DA:196,0
DA:197,0
DA:201,27
DA:202,27
DA:203,27
DA:208,0
DA:209,0
DA:210,0
DA:211,0
DA:212,0
DA:213,0
DA:214,0
DA:217,0
DA:218,0
DA:219,0
DA:220,0
DA:221,0
DA:222,0
DA:223,0
DA:224,0
DA:225,0
DA:226,0
DA:227,0
DA:228,0
DA:233,0
DA:235,0
DA:236,0
DA:237,0
DA:238,0
DA:239,0
DA:240,0
DA:242,0
DA:244,22
DA:245,22
DA:246,22
DA:247,22
DA:248,22
DA:249,22
DA:250,22
DA:260,18
DA:261,17
DA:262,14
DA:263,14
DA:264,14
DA:265,14
DA:266,0
DA:267,0
DA:269,3
DA:270,3
DA:271,3
DA:272,3
DA:273,3
DA:275,1
DA:277,4
DA:278,4
DA:279,4
DA:280,4
DA:281,4
DA:283,22
DA:306,30
DA:307,30
DA:308,30
DA:309,9
DA:310,21
DA:314,21
DA:315,17
DA:316,2
DA:317,2
DA:318,2
DA:319,2
DA:320,2
DA:321,2
DA:322,2
DA:323,2
DA:324,15
DA:325,15
DA:326,15
DA:327,15
DA:328,4
DA:329,4
DA:330,3
DA:331,1
DA:332,1
DA:333,1
DA:334,1
DA:335,1
DA:336,30
DA:338,518
DA:339,518
DA:340,518
DA:341,518
DA:342,518
DA:343,518
DA:344,518
DA:345,518
DA:348,518
DA:349,518
DA:350,518
DA:351,518
DA:352,518
DA:353,518
DA:354,518
DA:355,518
DA:358,518
DA:367,518
DA:368,518
DA:369,518
DA:370,518
DA:371,518
DA:372,518
DA:373,518
DA:376,518
DA:377,518
DA:378,518
DA:379,518
DA:380,518
DA:381,518
DA:382,518
DA:383,518
DA:386,518
DA:387,518
DA:388,518
DA:389,518
DA:390,518
DA:391,518
DA:392,518
DA:393,518
DA:396,518
DA:398,518
DA:399,518
DA:400,518
DA:401,518
DA:402,518
DA:403,518
DA:404,518
DA:407,518
DA:410,518
DA:411,518
DA:412,518
DA:413,518
DA:414,518
DA:415,518
DA:416,518
DA:426,1
DA:427,1
DA:428,1
DA:429,1
DA:430,1
DA:431,1
DA:433,1
DA:434,1
DA:435,1
DA:438,1
DA:439,1
DA:440,1
DA:441,1
DA:442,1
DA:443,1
DA:445,1
DA:446,1
DA:447,1
DA:450,1
DA:451,1
DA:452,1
DA:453,1
DA:454,1
DA:455,1
DA:456,1
DA:457,1
DA:458,1
DA:459,1
DA:461,1
DA:462,1
DA:463,1
DA:466,1
DA:467,1
DA:468,1
DA:469,1
DA:470,1
DA:471,1
DA:474,1
DA:477,1
DA:478,1
DA:479,1
DA:480,1
DA:481,1
DA:482,1
DA:483,1
DA:484,1
DA:485,1
DA:486,1
DA:488,0
DA:490,1
DA:493,1
DA:494,1
DA:495,1
DA:496,1
DA:497,1
DA:498,1
DA:500,1
DA:501,1
DA:502,1
DA:503,1
DA:506,1
DA:509,1
DA:510,1
DA:511,1
DA:512,1
DA:513,1
DA:514,1
DA:515,1
DA:516,1
DA:517,1
DA:518,1
DA:520,1
DA:521,1
DA:522,1
DA:523,1
DA:526,1
DA:530,1
DA:531,1
DA:532,1
DA:533,1
DA:534,1
DA:535,1
DA:536,1
DA:537,1
DA:538,1
DA:540,1
DA:541,1
DA:542,1
DA:546,1
DA:547,1
DA:548,1
DA:549,1
DA:550,1
DA:551,1
DA:552,1
DA:554,1
DA:555,1
DA:556,1
DA:557,1
DA:558,1
DA:559,1
DA:561,0
DA:563,1
DA:569,1
DA:570,1
DA:571,1
DA:572,1
DA:573,1
DA:574,1
DA:575,1
DA:576,1
DA:578,1
DA:579,1
DA:580,1
DA:583,0
DA:585,1
DA:590,1
DA:591,1
DA:592,1
DA:593,1
DA:594,1
DA:595,1
DA:596,1
DA:597,1
DA:599,1
DA:600,1
DA:601,1
DA:603,0
DA:605,1
DA:611,1
DA:612,1
DA:613,1
DA:614,1
DA:615,1
DA:616,1
DA:617,1
DA:618,1
DA:619,1
DA:621,1
DA:622,1
DA:623,1
DA:624,1
DA:627,1
BRF:0
BRH:0
LF:398
LH:323
end_of_record
SF:/var/home/jack/Code/koan/src/builtins/branch_walk.rs
FN:84,_RNvNtNtCsbkxZCYEF3rm_4koan8builtins11branch_walk16find_branch_body
FN:17,_RNvNtNtCsbkxZCYEF3rm_4koan8builtins11branch_walk20resolve_arm_contract
FN:52,_RNvNtNtCsbkxZCYEF3rm_4koan8builtins11branch_walk8arm_tail
FN:26,_RNCNvNtNtCsbkxZCYEF3rm_4koan8builtins11branch_walk20resolve_arm_contract0B7_
FN:63,_RNCNvNtNtCsbkxZCYEF3rm_4koan8builtins11branch_walk8arm_tail0B7_
FN:26,_RNCNvNtNtCsSCJAO8sSnz_4koan8builtins11branch_walk20resolve_arm_contract0B7_
FN:63,_RNCNvNtNtCsSCJAO8sSnz_4koan8builtins11branch_walk8arm_tail0B7_
FN:84,_RNvNtNtCsSCJAO8sSnz_4koan8builtins11branch_walk16find_branch_body
FN:17,_RNvNtNtCsSCJAO8sSnz_4koan8builtins11branch_walk20resolve_arm_contract
FN:52,_RNvNtNtCsSCJAO8sSnz_4koan8builtins11branch_walk8arm_tail
FNDA:0,_RNvNtNtCsbkxZCYEF3rm_4koan8builtins11branch_walk16find_branch_body
FNDA:0,_RNvNtNtCsbkxZCYEF3rm_4koan8builtins11branch_walk20resolve_arm_contract
FNDA:0,_RNvNtNtCsbkxZCYEF3rm_4koan8builtins11branch_walk8arm_tail
FNDA:0,_RNCNvNtNtCsbkxZCYEF3rm_4koan8builtins11branch_walk20resolve_arm_contract0B7_
FNDA:0,_RNCNvNtNtCsbkxZCYEF3rm_4koan8builtins11branch_walk8arm_tail0B7_
FNDA:0,_RNCNvNtNtCsSCJAO8sSnz_4koan8builtins11branch_walk20resolve_arm_contract0B7_
FNDA:84,_RNCNvNtNtCsSCJAO8sSnz_4koan8builtins11branch_walk8arm_tail0B7_
FNDA:91,_RNvNtNtCsSCJAO8sSnz_4koan8builtins11branch_walk16find_branch_body
FNDA:91,_RNvNtNtCsSCJAO8sSnz_4koan8builtins11branch_walk20resolve_arm_contract
FNDA:84,_RNvNtNtCsSCJAO8sSnz_4koan8builtins11branch_walk8arm_tail
FNF:5
FNH:4
DA:17,91
DA:18,91
DA:19,91
DA:20,91
DA:22,91
DA:23,0
DA:24,0
DA:25,0
DA:26,0
DA:27,0
DA:28,0
DA:29,0
DA:30,0
DA:31,0
DA:34,91
DA:36,0
DA:37,0
DA:38,0
DA:41,91
DA:42,91
DA:43,91
DA:44,91
DA:45,91
DA:46,91
DA:52,84
DA:53,84
DA:54,84
DA:55,84
DA:56,84
DA:57,84
DA:58,84
DA:62,84
DA:63,84
DA:64,84
DA:65,84
DA:66,84
DA:67,84
DA:68,84
DA:69,84
DA:70,84
DA:71,84
DA:72,84
DA:73,84
DA:74,84
DA:75,84
DA:76,84
DA:77,84
DA:78,84
DA:79,84
DA:84,91
DA:85,91
DA:86,91
DA:87,91
DA:88,91
DA:89,91
DA:90,91
DA:91,0
DA:92,0
DA:93,0
DA:94,0
DA:95,91
DA:96,91
DA:97,91
DA:98,133
DA:99,125
DA:100,125
DA:101,125
DA:102,125
DA:104,112
DA:107,9
DA:108,9
DA:109,6
DA:111,3
DA:115,4
DA:116,0
DA:117,0
DA:118,0
DA:119,0
DA:120,0
DA:123,125
DA:124,125
DA:125,0
DA:126,0
DA:127,0
DA:128,0
DA:129,0
DA:132,125
DA:133,123
DA:134,2
DA:135,2
DA:136,2
DA:137,2
DA:138,2
DA:141,123
DA:142,81
DA:143,42
DA:144,42
DA:145,4
DA:146,38
DA:147,42
DA:149,8
DA:150,91
BRF:0
BRH:0
LF:105
LH:77
end_of_record
SF:/var/home/jack/Code/koan/src/builtins/catch.rs
FN:91,_RNCNCNvNtNtCsbkxZCYEF3rm_4koan8builtins5catch4body00B9_
FN:110,_RNCNCNvNtNtCsbkxZCYEF3rm_4koan8builtins5catch4body0s0_0B9_
FN:105,_RNCNCNvNtNtCsbkxZCYEF3rm_4koan8builtins5catch4body0s_0B9_
FN:55,_RNCNvNtNtCsbkxZCYEF3rm_4koan8builtins5catch4body0B7_
FN:58,_RNvNCNvNtNtCsbkxZCYEF3rm_4koan8builtins5catch4body012build_result
FN:38,_RNvNtNtCsbkxZCYEF3rm_4koan8builtins5catch4body
FN:15,_RNvNtNtCsbkxZCYEF3rm_4koan8builtins5catch8register
FN:58,_RNvNCNvNtNtCsSCJAO8sSnz_4koan8builtins5catch4body012build_result
FN:38,_RNvNtNtCsSCJAO8sSnz_4koan8builtins5catch4body
FN:15,_RNvNtNtCsSCJAO8sSnz_4koan8builtins5catch8register
FN:91,_RNCNCNvNtNtCsSCJAO8sSnz_4koan8builtins5catch4body00B9_
FN:110,_RNCNCNvNtNtCsSCJAO8sSnz_4koan8builtins5catch4body0s0_0B9_
FN:105,_RNCNCNvNtNtCsSCJAO8sSnz_4koan8builtins5catch4body0s_0B9_
FN:55,_RNCNvNtNtCsSCJAO8sSnz_4koan8builtins5catch4body0B7_
FNDA:0,_RNCNCNvNtNtCsbkxZCYEF3rm_4koan8builtins5catch4body00B9_
FNDA:0,_RNCNCNvNtNtCsbkxZCYEF3rm_4koan8builtins5catch4body0s0_0B9_
FNDA:0,_RNCNCNvNtNtCsbkxZCYEF3rm_4koan8builtins5catch4body0s_0B9_
FNDA:0,_RNCNvNtNtCsbkxZCYEF3rm_4koan8builtins5catch4body0B7_
FNDA:0,_RNvNCNvNtNtCsbkxZCYEF3rm_4koan8builtins5catch4body012build_result
FNDA:0,_RNvNtNtCsbkxZCYEF3rm_4koan8builtins5catch4body
FNDA:43,_RNvNtNtCsbkxZCYEF3rm_4koan8builtins5catch8register
FNDA:8,_RNvNCNvNtNtCsSCJAO8sSnz_4koan8builtins5catch4body012build_result
FNDA:8,_RNvNtNtCsSCJAO8sSnz_4koan8builtins5catch4body
FNDA:475,_RNvNtNtCsSCJAO8sSnz_4koan8builtins5catch8register
FNDA:3,_RNCNCNvNtNtCsSCJAO8sSnz_4koan8builtins5catch4body00B9_
FNDA:5,_RNCNCNvNtNtCsSCJAO8sSnz_4koan8builtins5catch4body0s0_0B9_
FNDA:5,_RNCNCNvNtNtCsSCJAO8sSnz_4koan8builtins5catch4body0s_0B9_
FNDA:8,_RNCNvNtNtCsSCJAO8sSnz_4koan8builtins5catch4body0B7_
FNF:7
FNH:7
DA:15,518
DA:21,518
DA:22,518
DA:23,0
DA:25,518
DA:26,518
DA:27,518
DA:28,518
DA:29,518
DA:30,518
DA:31,518
DA:33,518
DA:34,518
DA:38,8
DA:39,8
DA:40,8
DA:48,8
DA:51,8
DA:52,8
DA:53,0
DA:55,8
DA:58,8
DA:59,8
DA:60,8
DA:61,0
DA:63,8
DA:64,8
DA:65,8
DA:66,8
DA:67,8
DA:68,8
DA:69,8
DA:70,8
DA:74,8
DA:75,8
DA:76,8
DA:77,8
DA:78,8
DA:79,8
DA:80,8
DA:81,8
DA:82,8
DA:84,8
DA:87,3
DA:88,3
DA:89,3
DA:90,3
DA:91,3
DA:92,3
DA:93,3
DA:94,3
DA:95,3
DA:96,3
DA:97,3
DA:99,3
DA:102,5
DA:103,5
DA:104,5
DA:105,5
DA:107,5
DA:108,5
DA:109,5
DA:110,5
DA:111,5
DA:112,5
DA:113,5
DA:114,5
DA:115,5
DA:116,5
DA:118,5
DA:121,8
DA:122,8
DA:123,8
DA:124,8
DA:125,8
DA:126,8
DA:127,8
DA:128,8
DA:129,8
DA:130,8
BRF:0
BRH:0
LF:81
LH:78
end_of_record
SF:/var/home/jack/Code/koan/src/builtins/eval.rs
FN:34,_RNCNvNtNtCsbkxZCYEF3rm_4koan8builtins4eval4body0B7_
FN:15,_RNvNtNtCsbkxZCYEF3rm_4koan8builtins4eval4body
FN:44,_RNvNtNtCsbkxZCYEF3rm_4koan8builtins4eval8register
FN:34,_RNCNvNtNtCsSCJAO8sSnz_4koan8builtins4eval4body0B7_
FN:15,_RNvNtNtCsSCJAO8sSnz_4koan8builtins4eval4body
FN:44,_RNvNtNtCsSCJAO8sSnz_4koan8builtins4eval8register
FN:57,_RNvNtNtNtCsSCJAO8sSnz_4koan8builtins4eval5tests11run_program
FN:114,_RNvNtNtNtCsSCJAO8sSnz_4koan8builtins4eval5testss_21recursive_eval_no_uaf
FN:66,_RNvNtNtNtCsSCJAO8sSnz_4koan8builtins4eval5testss_22eval_of_quoted_literal
FN:100,_RNvNtNtNtCsSCJAO8sSnz_4koan8builtins4eval5testss_34multiline_sigil_collapse_roundtrip
FN:106,_RNvNtNtNtCsSCJAO8sSnz_4koan8builtins4eval5testss_35eval_returns_inner_expression_value
FN:94,_RNvNtNtNtCsSCJAO8sSnz_4koan8builtins4eval5testss_37eval_runs_side_effects_in_quoted_body
FN:72,_RNvNtNtNtCsSCJAO8sSnz_4koan8builtins4eval5testss_38eval_of_function_returning_kexpression
FN:81,_RNvNtNtNtCsSCJAO8sSnz_4koan8builtins4eval5testss_49eval_of_non_kexpression_errors_with_type_mismatch
FNDA:0,_RNCNvNtNtCsbkxZCYEF3rm_4koan8builtins4eval4body0B7_
FNDA:0,_RNvNtNtCsbkxZCYEF3rm_4koan8builtins4eval4body
FNDA:43,_RNvNtNtCsbkxZCYEF3rm_4koan8builtins4eval8register
FNDA:8,_RNCNvNtNtCsSCJAO8sSnz_4koan8builtins4eval4body0B7_
FNDA:9,_RNvNtNtCsSCJAO8sSnz_4koan8builtins4eval4body
FNDA:475,_RNvNtNtCsSCJAO8sSnz_4koan8builtins4eval8register
FNDA:6,_RNvNtNtNtCsSCJAO8sSnz_4koan8builtins4eval5tests11run_program
FNDA:1,_RNvNtNtNtCsSCJAO8sSnz_4koan8builtins4eval5testss_21recursive_eval_no_uaf
FNDA:1,_RNvNtNtNtCsSCJAO8sSnz_4koan8builtins4eval5testss_22eval_of_quoted_literal
FNDA:1,_RNvNtNtNtCsSCJAO8sSnz_4koan8builtins4eval5testss_34multiline_sigil_collapse_roundtrip
FNDA:1,_RNvNtNtNtCsSCJAO8sSnz_4koan8builtins4eval5testss_35eval_returns_inner_expression_value
FNDA:1,_RNvNtNtNtCsSCJAO8sSnz_4koan8builtins4eval5testss_37eval_runs_side_effects_in_quoted_body
FNDA:1,_RNvNtNtNtCsSCJAO8sSnz_4koan8builtins4eval5testss_38eval_of_function_returning_kexpression
FNDA:1,_RNvNtNtNtCsSCJAO8sSnz_4koan8builtins4eval5testss_49eval_of_non_kexpression_errors_with_type_mismatch
FNF:11
FNH:11
DA:15,9
DA:16,9
DA:17,9
DA:21,9
DA:22,8
DA:23,1
DA:24,1
DA:25,1
DA:26,1
DA:27,1
DA:28,1
DA:30,0
DA:34,8
DA:35,8
DA:36,8
DA:37,8
DA:38,8
DA:39,8
DA:40,8
DA:41,8
DA:42,9
DA:44,518
DA:45,518
DA:46,518
DA:47,518
DA:57,6
DA:58,6
DA:59,6
DA:60,6
DA:61,6
DA:62,6
DA:63,6
DA:66,1
DA:67,1
DA:68,1
DA:69,1
DA:72,1
DA:73,1
DA:74,1
DA:75,1
DA:77,1
DA:78,1
DA:81,1
DA:82,1
DA:83,1
DA:84,1
DA:85,1
DA:86,1
DA:87,1
DA:88,1
DA:91,1
DA:94,1
DA:95,1
DA:96,1
DA:97,1
DA:100,1
DA:101,1
DA:102,1
DA:103,1
DA:106,1
DA:109,1
DA:110,1
DA:111,1
DA:114,1
DA:118,1
DA:119,1
DA:120,1
DA:121,1
DA:122,1
DA:123,1
DA:124,1
DA:126,1
DA:127,1
BRF:0
BRH:0
LF:74
LH:73
end_of_record
SF:/var/home/jack/Code/koan/src/builtins/fn_def.rs
FN:62,_RNvNtNtCsbkxZCYEF3rm_4koan8builtins6fn_def13build_fn_like
FN:142,_RNvNtNtCsbkxZCYEF3rm_4koan8builtins6fn_def18body_record_schema
FN:23,_RNvNtNtCsbkxZCYEF3rm_4koan8builtins6fn_def19collect_param_types
FN:127,_RNvNtNtCsbkxZCYEF3rm_4koan8builtins6fn_def4body
FN:205,_RNvNtNtCsbkxZCYEF3rm_4koan8builtins6fn_def8register
FN:165,_RNCNvNtNtCsbkxZCYEF3rm_4koan8builtins6fn_def18body_record_schema0B7_
FN:228,_RNCNvNtNtCsbkxZCYEF3rm_4koan8builtins6fn_def8register0B7_
FN:262,_RNCNvNtNtCsbkxZCYEF3rm_4koan8builtins6fn_def8registers0_0B7_
FN:245,_RNCNvNtNtCsbkxZCYEF3rm_4koan8builtins6fn_def8registers_0B7_
FN:165,_RNCNvNtNtCsSCJAO8sSnz_4koan8builtins6fn_def18body_record_schema0B7_
FN:228,_RNCNvNtNtCsSCJAO8sSnz_4koan8builtins6fn_def8register0B7_
FN:262,_RNCNvNtNtCsSCJAO8sSnz_4koan8builtins6fn_def8registers0_0B7_
FN:245,_RNCNvNtNtCsSCJAO8sSnz_4koan8builtins6fn_def8registers_0B7_
FN:62,_RNvNtNtCsSCJAO8sSnz_4koan8builtins6fn_def13build_fn_like
FN:142,_RNvNtNtCsSCJAO8sSnz_4koan8builtins6fn_def18body_record_schema
FN:23,_RNvNtNtCsSCJAO8sSnz_4koan8builtins6fn_def19collect_param_types
FN:127,_RNvNtNtCsSCJAO8sSnz_4koan8builtins6fn_def4body
FN:205,_RNvNtNtCsSCJAO8sSnz_4koan8builtins6fn_def8register
FNDA:18,_RNvNtNtCsbkxZCYEF3rm_4koan8builtins6fn_def13build_fn_like
FNDA:0,_RNvNtNtCsbkxZCYEF3rm_4koan8builtins6fn_def18body_record_schema
FNDA:7,_RNvNtNtCsbkxZCYEF3rm_4koan8builtins6fn_def19collect_param_types
FNDA:11,_RNvNtNtCsbkxZCYEF3rm_4koan8builtins6fn_def4body
FNDA:43,_RNvNtNtCsbkxZCYEF3rm_4koan8builtins6fn_def8register
FNDA:0,_RNCNvNtNtCsbkxZCYEF3rm_4koan8builtins6fn_def18body_record_schema0B7_
FNDA:43,_RNCNvNtNtCsbkxZCYEF3rm_4koan8builtins6fn_def8register0B7_
FNDA:43,_RNCNvNtNtCsbkxZCYEF3rm_4koan8builtins6fn_def8registers0_0B7_
FNDA:43,_RNCNvNtNtCsbkxZCYEF3rm_4koan8builtins6fn_def8registers_0B7_
FNDA:7,_RNCNvNtNtCsSCJAO8sSnz_4koan8builtins6fn_def18body_record_schema0B7_
FNDA:475,_RNCNvNtNtCsSCJAO8sSnz_4koan8builtins6fn_def8register0B7_
FNDA:475,_RNCNvNtNtCsSCJAO8sSnz_4koan8builtins6fn_def8registers0_0B7_
FNDA:475,_RNCNvNtNtCsSCJAO8sSnz_4koan8builtins6fn_def8registers_0B7_
FNDA:251,_RNvNtNtCsSCJAO8sSnz_4koan8builtins6fn_def13build_fn_like
FNDA:8,_RNvNtNtCsSCJAO8sSnz_4koan8builtins6fn_def18body_record_schema
FNDA:18,_RNvNtNtCsSCJAO8sSnz_4koan8builtins6fn_def19collect_param_types
FNDA:233,_RNvNtNtCsSCJAO8sSnz_4koan8builtins6fn_def4body
FNDA:475,_RNvNtNtCsSCJAO8sSnz_4koan8builtins6fn_def8register
FNF:9
FNH:9
DA:23,25
DA:24,25
DA:25,25
DA:26,25
DA:28,25
DA:29,25
DA:30,25
DA:31,25
DA:32,75
DA:33,50
DA:34,7
DA:35,18
DA:36,25
DA:38,50
DA:39,25
DA:40,25
DA:41,25
DA:42,25
DA:43,25
DA:44,0
DA:45,0
DA:46,25
DA:47,25
DA:48,25
DA:49,25
DA:51,25
DA:52,25
DA:62,269
DA:63,269
DA:64,269
DA:65,269
DA:66,269
DA:71,269
DA:72,269
DA:73,269
DA:74,269
DA:75,269
DA:76,25
DA:77,244
DA:79,269
DA:80,269
DA:81,269
DA:82,269
DA:83,269
DA:84,269
DA:85,269
DA:86,269
DA:87,266
DA:88,2
DA:89,264
DA:90,264
DA:91,197
DA:92,4
DA:93,4
DA:96,63
DA:97,63
DA:98,63
DA:99,63
DA:100,63
DA:101,63
DA:103,260
DA:104,260
DA:106,177
DA:107,177
DA:108,177
DA:109,177
DA:110,177
DA:111,177
DA:112,177
DA:113,177
DA:114,177
DA:116,83
DA:118,269
DA:127,244
DA:128,244
DA:129,244
DA:130,244
DA:131,244
DA:142,8
DA:143,8
DA:144,8
DA:149,8
DA:150,7
DA:151,1
DA:152,1
DA:153,1
DA:154,1
DA:155,1
DA:158,0
DA:159,0
DA:160,0
DA:163,7
DA:164,7
DA:165,7
DA:166,7
DA:167,7
DA:168,7
DA:169,7
DA:170,7
DA:171,7
DA:172,7
DA:173,7
DA:174,7
DA:175,7
DA:176,7
DA:177,7
DA:178,7
DA:179,7
DA:180,7
DA:181,7
DA:182,7
DA:183,7
DA:184,7
DA:185,7
DA:186,7
DA:187,7
DA:188,7
DA:189,7
DA:190,7
DA:192,0
DA:193,0
DA:194,0
DA:195,0
DA:196,0
DA:197,0
DA:198,0
DA:199,0
DA:203,8
DA:205,518
DA:228,518
DA:229,518
DA:230,518
DA:231,518
DA:232,518
DA:233,518
DA:234,518
DA:235,518
DA:236,518
DA:237,518
DA:240,518
DA:245,518
DA:246,518
DA:247,518
DA:248,518
DA:249,518
DA:250,518
DA:251,518
DA:252,518
DA:253,518
DA:254,518
DA:257,518
DA:262,518
DA:263,518
DA:264,518
DA:265,518
DA:266,518
DA:267,518
DA:268,518
DA:269,518
DA:270,518
DA:271,518
DA:274,518
DA:276,518
DA:277,518
DA:278,518
DA:279,518
DA:280,518
DA:281,518
DA:282,518
DA:285,518
DA:286,518
DA:287,518
DA:288,518
DA:289,518
DA:290,518
DA:291,518
DA:294,518
DA:295,518
DA:296,518
DA:297,518
DA:298,518
DA:299,518
DA:300,518
DA:303,518
BRF:0
BRH:0
LF:188
LH:175
end_of_record
SF:/var/home/jack/Code/koan/src/builtins/fn_def/finalize.rs
FN:200,_RNvNtNtNtCsbkxZCYEF3rm_4koan8builtins6fn_def8finalize21finalize_fn_with_kind
FN:299,_RNvNtNtNtCsbkxZCYEF3rm_4koan8builtins6fn_def8finalize5defer
FN:91,_RNvNtNtNtCsbkxZCYEF3rm_4koan8builtins6fn_def8finalize8classify
FN:279,_RNvNtNtNtCsbkxZCYEF3rm_4koan8builtins6fn_def8finalize9fn_action
FN:227,_RNCNvNtNtNtCsbkxZCYEF3rm_4koan8builtins6fn_def8finalize21finalize_fn_with_kind0B9_
FN:273,_RNCNvNtNtNtCsbkxZCYEF3rm_4koan8builtins6fn_def8finalize21finalize_fn_with_kinds_0B9_
FN:333,_RNCNvNtNtNtCsbkxZCYEF3rm_4koan8builtins6fn_def8finalize5defer0B9_
FN:200,_RNvNtNtNtCsSCJAO8sSnz_4koan8builtins6fn_def8finalize21finalize_fn_with_kind
FN:299,_RNvNtNtNtCsSCJAO8sSnz_4koan8builtins6fn_def8finalize5defer
FN:91,_RNvNtNtNtCsSCJAO8sSnz_4koan8builtins6fn_def8finalize8classify
FN:279,_RNvNtNtNtCsSCJAO8sSnz_4koan8builtins6fn_def8finalize9fn_action
FN:227,_RNCNvNtNtNtCsSCJAO8sSnz_4koan8builtins6fn_def8finalize21finalize_fn_with_kind0B9_
FN:273,_RNCNvNtNtNtCsSCJAO8sSnz_4koan8builtins6fn_def8finalize21finalize_fn_with_kinds_0B9_
FN:333,_RNCNvNtNtNtCsSCJAO8sSnz_4koan8builtins6fn_def8finalize5defer0B9_
FNDA:18,_RNvNtNtNtCsbkxZCYEF3rm_4koan8builtins6fn_def8finalize21finalize_fn_with_kind
FNDA:1,_RNvNtNtNtCsbkxZCYEF3rm_4koan8builtins6fn_def8finalize5defer
FNDA:18,_RNvNtNtNtCsbkxZCYEF3rm_4koan8builtins6fn_def8finalize8classify
FNDA:18,_RNvNtNtNtCsbkxZCYEF3rm_4koan8builtins6fn_def8finalize9fn_action
FNDA:18,_RNCNvNtNtNtCsbkxZCYEF3rm_4koan8builtins6fn_def8finalize21finalize_fn_with_kind0B9_
FNDA:16,_RNCNvNtNtNtCsbkxZCYEF3rm_4koan8builtins6fn_def8finalize21finalize_fn_with_kinds_0B9_
FNDA:1,_RNCNvNtNtNtCsbkxZCYEF3rm_4koan8builtins6fn_def8finalize5defer0B9_
FNDA:247,_RNvNtNtNtCsSCJAO8sSnz_4koan8builtins6fn_def8finalize21finalize_fn_with_kind
FNDA:82,_RNvNtNtNtCsSCJAO8sSnz_4koan8builtins6fn_def8finalize5defer
FNDA:249,_RNvNtNtNtCsSCJAO8sSnz_4koan8builtins6fn_def8finalize8classify
FNDA:247,_RNvNtNtNtCsSCJAO8sSnz_4koan8builtins6fn_def8finalize9fn_action
FNDA:252,_RNCNvNtNtNtCsSCJAO8sSnz_4koan8builtins6fn_def8finalize21finalize_fn_with_kind0B9_
FNDA:245,_RNCNvNtNtNtCsSCJAO8sSnz_4koan8builtins6fn_def8finalize21finalize_fn_with_kinds_0B9_
FNDA:82,_RNCNvNtNtNtCsSCJAO8sSnz_4koan8builtins6fn_def8finalize5defer0B9_
FNF:7
FNH:7
DA:91,267
DA:92,267
DA:93,166
DA:94,166
DA:95,166
DA:96,166
DA:97,18
DA:98,18
DA:99,18
DA:100,18
DA:101,20
DA:103,20
DA:104,20
DA:105,20
DA:106,20
DA:107,20
DA:108,20
DA:109,20
DA:112,60
DA:114,60
DA:115,60
DA:117,60
DA:118,60
DA:119,60
DA:120,60
DA:121,60
DA:122,60
DA:123,60
DA:125,0
DA:127,0
DA:128,0
DA:130,0
DA:131,0
DA:132,0
DA:133,0
DA:134,0
DA:135,0
DA:136,0
DA:137,0
DA:138,0
DA:140,3
DA:142,3
DA:143,3
DA:148,3
DA:149,3
DA:150,3
DA:151,3
DA:152,3
DA:153,3
DA:154,3
DA:155,3
DA:157,0
DA:160,0
DA:161,0
DA:162,0
DA:163,0
DA:164,0
DA:165,0
DA:166,0
DA:170,0
DA:171,0
DA:174,0
DA:175,0
DA:178,0
DA:179,0
DA:180,0
DA:181,0
DA:182,0
DA:183,0
DA:184,0
DA:185,0
DA:188,267
DA:200,265
DA:201,265
DA:202,265
DA:203,265
DA:204,265
DA:205,265
DA:206,265
DA:207,265
DA:208,265
DA:211,265
DA:212,23
DA:213,21
DA:214,1
DA:215,1
DA:216,1
DA:217,1
DA:218,1
DA:219,20
DA:220,2
DA:221,242
DA:227,270
DA:228,256
DA:229,14
DA:230,270
DA:232,264
DA:233,264
DA:234,264
DA:235,264
DA:237,264
DA:238,264
DA:239,264
DA:240,264
DA:241,264
DA:242,264
DA:243,264
DA:244,264
DA:245,264
DA:248,264
DA:252,264
DA:253,257
DA:254,256
DA:256,1
DA:257,1
DA:258,1
DA:259,1
DA:262,256
DA:263,7
DA:270,261
DA:271,261
DA:272,261
DA:273,261
DA:275,265
DA:279,265
DA:280,265
DA:281,261
DA:282,4
DA:284,265
DA:299,83
DA:300,83
DA:301,83
DA:302,83
DA:303,83
DA:304,83
DA:305,83
DA:308,83
DA:309,83
DA:310,83
DA:311,83
DA:312,83
DA:313,83
DA:314,83
DA:315,83
DA:316,83
DA:317,83
DA:318,23
DA:319,23
DA:320,23
DA:321,23
DA:322,23
DA:323,60
DA:324,83
DA:325,83
DA:326,62
DA:327,62
DA:328,62
DA:329,62
DA:330,62
DA:331,62
DA:332,62
DA:333,83
DA:334,83
DA:335,83
DA:336,62
DA:337,62
DA:338,1
DA:339,1
DA:340,1
DA:341,1
DA:342,1
DA:343,61
DA:344,61
DA:346,82
DA:347,81
DA:348,82
DA:349,81
DA:350,0
DA:352,81
DA:353,81
DA:354,81
DA:355,0
DA:356,0
DA:359,0
DA:360,0
DA:361,0
DA:362,0
DA:367,81
DA:368,81
DA:369,81
DA:370,81
DA:371,81
DA:372,81
DA:373,81
DA:375,83
DA:376,83
DA:377,83
BRF:0
BRH:0
LF:199
LH:160
end_of_record
SF:/var/home/jack/Code/koan/src/builtins/fn_def/param_refs.rs
FN:23,_RNCNvNtNtNtCsbkxZCYEF3rm_4koan8builtins6fn_def10param_refs19part_references_any0B9_
FN:32,_RNCNvNtNtNtCsbkxZCYEF3rm_4koan8builtins6fn_def10param_refs19part_references_anys0_0B9_
FN:39,_RNCNvNtNtNtCsbkxZCYEF3rm_4koan8builtins6fn_def10param_refs19part_references_anys1_0B9_
FN:30,_RNCNvNtNtNtCsbkxZCYEF3rm_4koan8builtins6fn_def10param_refs19part_references_anys_0B9_
FN:12,_RNCNvNtNtNtCsbkxZCYEF3rm_4koan8builtins6fn_def10param_refs24type_expr_references_any0B9_
FN:18,_RNCNvNtNtNtCsbkxZCYEF3rm_4koan8builtins6fn_def10param_refs26kexpression_references_any0B9_
FN:21,_RNvNtNtNtCsbkxZCYEF3rm_4koan8builtins6fn_def10param_refs19part_references_any
FN:11,_RNvNtNtNtCsbkxZCYEF3rm_4koan8builtins6fn_def10param_refs24type_expr_references_any
FN:15,_RNvNtNtNtCsbkxZCYEF3rm_4koan8builtins6fn_def10param_refs26kexpression_references_any
FN:21,_RNvNtNtNtCsSCJAO8sSnz_4koan8builtins6fn_def10param_refs19part_references_any
FN:11,_RNvNtNtNtCsSCJAO8sSnz_4koan8builtins6fn_def10param_refs24type_expr_references_any
FN:15,_RNvNtNtNtCsSCJAO8sSnz_4koan8builtins6fn_def10param_refs26kexpression_references_any
FN:23,_RNCNvNtNtNtCsSCJAO8sSnz_4koan8builtins6fn_def10param_refs19part_references_any0B9_
FN:32,_RNCNvNtNtNtCsSCJAO8sSnz_4koan8builtins6fn_def10param_refs19part_references_anys0_0B9_
FN:39,_RNCNvNtNtNtCsSCJAO8sSnz_4koan8builtins6fn_def10param_refs19part_references_anys1_0B9_
FN:30,_RNCNvNtNtNtCsSCJAO8sSnz_4koan8builtins6fn_def10param_refs19part_references_anys_0B9_
FN:12,_RNCNvNtNtNtCsSCJAO8sSnz_4koan8builtins6fn_def10param_refs24type_expr_references_any0B9_
FN:18,_RNCNvNtNtNtCsSCJAO8sSnz_4koan8builtins6fn_def10param_refs26kexpression_references_any0B9_
FNDA:0,_RNCNvNtNtNtCsbkxZCYEF3rm_4koan8builtins6fn_def10param_refs19part_references_any0B9_
FNDA:0,_RNCNvNtNtNtCsbkxZCYEF3rm_4koan8builtins6fn_def10param_refs19part_references_anys0_0B9_
FNDA:0,_RNCNvNtNtNtCsbkxZCYEF3rm_4koan8builtins6fn_def10param_refs19part_references_anys1_0B9_
FNDA:0,_RNCNvNtNtNtCsbkxZCYEF3rm_4koan8builtins6fn_def10param_refs19part_references_anys_0B9_
FNDA:4,_RNCNvNtNtNtCsbkxZCYEF3rm_4koan8builtins6fn_def10param_refs24type_expr_references_any0B9_
FNDA:6,_RNCNvNtNtNtCsbkxZCYEF3rm_4koan8builtins6fn_def10param_refs26kexpression_references_any0B9_
FNDA:6,_RNvNtNtNtCsbkxZCYEF3rm_4koan8builtins6fn_def10param_refs19part_references_any
FNDA:4,_RNvNtNtNtCsbkxZCYEF3rm_4koan8builtins6fn_def10param_refs24type_expr_references_any
FNDA:2,_RNvNtNtNtCsbkxZCYEF3rm_4koan8builtins6fn_def10param_refs26kexpression_references_any
FNDA:112,_RNvNtNtNtCsSCJAO8sSnz_4koan8builtins6fn_def10param_refs19part_references_any
FNDA:56,_RNvNtNtNtCsSCJAO8sSnz_4koan8builtins6fn_def10param_refs24type_expr_references_any
FNDA:41,_RNvNtNtNtCsSCJAO8sSnz_4koan8builtins6fn_def10param_refs26kexpression_references_any
FNDA:5,_RNCNvNtNtNtCsSCJAO8sSnz_4koan8builtins6fn_def10param_refs19part_references_any0B9_
FNDA:1,_RNCNvNtNtNtCsSCJAO8sSnz_4koan8builtins6fn_def10param_refs19part_references_anys0_0B9_
FNDA:5,_RNCNvNtNtNtCsSCJAO8sSnz_4koan8builtins6fn_def10param_refs19part_references_anys1_0B9_
FNDA:1,_RNCNvNtNtNtCsSCJAO8sSnz_4koan8builtins6fn_def10param_refs19part_references_anys_0B9_
FNDA:40,_RNCNvNtNtNtCsSCJAO8sSnz_4koan8builtins6fn_def10param_refs24type_expr_references_any0B9_
FNDA:104,_RNCNvNtNtNtCsSCJAO8sSnz_4koan8builtins6fn_def10param_refs26kexpression_references_any0B9_
FNF:9
FNH:9
DA:11,60
DA:12,60
DA:13,60
DA:15,43
DA:16,43
DA:17,43
DA:18,110
DA:19,43
DA:21,118
DA:22,118
DA:23,7
DA:24,45
DA:25,6
DA:26,1
DA:28,0
DA:29,1
DA:30,1
DA:32,1
DA:33,1
DA:34,1
DA:37,4
DA:38,4
DA:39,5
DA:40,53
DA:42,118
BRF:0
BRH:0
LF:31
LH:30
end_of_record
SF:/var/home/jack/Code/koan/src/builtins/fn_def/return_type.rs
FN:201,_RNCNvNtNtNtCsbkxZCYEF3rm_4koan8builtins6fn_def11return_type31verdict_for_deferred_expression0B9_
FN:225,_RNvNtNtNtCsbkxZCYEF3rm_4koan8builtins6fn_def11return_type12make_capture
FN:93,_RNvNtNtNtCsbkxZCYEF3rm_4koan8builtins6fn_def11return_type20classify_return_type
FN:159,_RNvNtNtNtCsbkxZCYEF3rm_4koan8builtins6fn_def11return_type20verdict_for_resolved
FN:56,_RNvNtNtNtCsbkxZCYEF3rm_4koan8builtins6fn_def11return_type23extract_return_type_raw
FN:232,_RNvNtNtNtCsbkxZCYEF3rm_4koan8builtins6fn_def11return_type25resolve_capture_at_finish
FN:174,_RNvNtNtNtCsbkxZCYEF3rm_4koan8builtins6fn_def11return_type30verdict_for_deferred_type_expr
FN:200,_RNvNtNtNtCsbkxZCYEF3rm_4koan8builtins6fn_def11return_type31verdict_for_deferred_expression
FN:225,_RNvNtNtNtCsSCJAO8sSnz_4koan8builtins6fn_def11return_type12make_capture
FN:93,_RNvNtNtNtCsSCJAO8sSnz_4koan8builtins6fn_def11return_type20classify_return_type
FN:159,_RNvNtNtNtCsSCJAO8sSnz_4koan8builtins6fn_def11return_type20verdict_for_resolved
FN:56,_RNvNtNtNtCsSCJAO8sSnz_4koan8builtins6fn_def11return_type23extract_return_type_raw
FN:232,_RNvNtNtNtCsSCJAO8sSnz_4koan8builtins6fn_def11return_type25resolve_capture_at_finish
FN:174,_RNvNtNtNtCsSCJAO8sSnz_4koan8builtins6fn_def11return_type30verdict_for_deferred_type_expr
FN:200,_RNvNtNtNtCsSCJAO8sSnz_4koan8builtins6fn_def11return_type31verdict_for_deferred_expression
FN:201,_RNCNvNtNtNtCsSCJAO8sSnz_4koan8builtins6fn_def11return_type31verdict_for_deferred_expression0B9_
FNDA:0,_RNCNvNtNtNtCsbkxZCYEF3rm_4koan8builtins6fn_def11return_type31verdict_for_deferred_expression0B9_
FNDA:0,_RNvNtNtNtCsbkxZCYEF3rm_4koan8builtins6fn_def11return_type12make_capture
FNDA:18,_RNvNtNtNtCsbkxZCYEF3rm_4koan8builtins6fn_def11return_type20classify_return_type
FNDA:17,_RNvNtNtNtCsbkxZCYEF3rm_4koan8builtins6fn_def11return_type20verdict_for_resolved
FNDA:18,_RNvNtNtNtCsbkxZCYEF3rm_4koan8builtins6fn_def11return_type23extract_return_type_raw
FNDA:1,_RNvNtNtNtCsbkxZCYEF3rm_4koan8builtins6fn_def11return_type25resolve_capture_at_finish
FNDA:0,_RNvNtNtNtCsbkxZCYEF3rm_4koan8builtins6fn_def11return_type30verdict_for_deferred_type_expr
FNDA:0,_RNvNtNtNtCsbkxZCYEF3rm_4koan8builtins6fn_def11return_type31verdict_for_deferred_expression
FNDA:0,_RNvNtNtNtCsSCJAO8sSnz_4koan8builtins6fn_def11return_type12make_capture
FNDA:258,_RNvNtNtNtCsSCJAO8sSnz_4koan8builtins6fn_def11return_type20classify_return_type
FNDA:214,_RNvNtNtNtCsSCJAO8sSnz_4koan8builtins6fn_def11return_type20verdict_for_resolved
FNDA:258,_RNvNtNtNtCsSCJAO8sSnz_4koan8builtins6fn_def11return_type23extract_return_type_raw
FNDA:81,_RNvNtNtNtCsSCJAO8sSnz_4koan8builtins6fn_def11return_type25resolve_capture_at_finish
FNDA:2,_RNvNtNtNtCsSCJAO8sSnz_4koan8builtins6fn_def11return_type30verdict_for_deferred_type_expr
FNDA:1,_RNvNtNtNtCsSCJAO8sSnz_4koan8builtins6fn_def11return_type31verdict_for_deferred_expression
FNDA:1,_RNCNvNtNtNtCsSCJAO8sSnz_4koan8builtins6fn_def11return_type31verdict_for_deferred_expression0B9_
FNF:8
FNH:7
DA:56,276
DA:58,276
DA:59,240
DA:60,15
DA:61,225
DA:63,36
DA:64,36
DA:66,0
DA:67,0
DA:68,0
DA:69,0
DA:71,276
DA:93,276
DA:94,276
DA:95,276
DA:96,276
DA:97,276
DA:98,276
DA:99,276
DA:100,276
DA:101,225
DA:102,225
DA:103,225
DA:105,15
DA:106,15
DA:107,6
DA:108,2
DA:109,4
DA:111,6
DA:112,9
DA:113,9
DA:116,9
DA:117,6
DA:118,0
DA:119,0
DA:121,3
DA:122,0
DA:124,3
DA:125,3
DA:126,3
DA:130,6
DA:131,6
DA:132,6
DA:134,0
DA:136,6
DA:138,36
DA:139,36
DA:140,13
DA:141,1
DA:142,12
DA:144,13
DA:145,13
DA:146,13
DA:147,13
DA:149,23
DA:150,23
DA:151,23
DA:152,23
DA:156,276
DA:159,231
DA:160,231
DA:161,230
DA:163,1
DA:164,1
DA:165,1
DA:166,1
DA:168,231
DA:174,2
DA:175,2
DA:176,2
DA:177,2
DA:180,2
DA:181,2
DA:182,2
DA:184,0
DA:185,0
DA:186,0
DA:187,0
DA:188,0
DA:189,0
DA:192,0
DA:194,2
DA:200,1
DA:201,1
DA:202,1
DA:203,0
DA:204,1
DA:205,1
DA:206,1
DA:207,1
DA:208,1
DA:209,1
DA:210,1
DA:211,1
DA:212,1
DA:213,0
DA:214,0
DA:215,0
DA:216,0
DA:217,0
DA:218,0
DA:219,0
DA:220,0
DA:221,0
DA:223,1
DA:225,0
DA:226,0
DA:227,0
DA:232,82
DA:233,82
DA:234,82
DA:235,82
DA:236,82
DA:237,82
DA:238,59
DA:239,0
DA:240,0
DA:241,0
DA:242,0
DA:243,0
DA:244,0
DA:245,0
DA:246,0
DA:247,0
DA:248,0
DA:249,0
DA:250,0
DA:254,0
DA:255,23
DA:256,22
DA:257,1
DA:258,1
DA:259,1
DA:260,1
DA:261,1
DA:264,82
BRF:0
BRH:0
LF:137
LH:96
end_of_record
SF:/var/home/jack/Code/koan/src/builtins/fn_def/signature.rs
FN:186,_RNvNtNtNtCsbkxZCYEF3rm_4koan8builtins6fn_def9signature13binder_bucket
FN:62,_RNvNtNtNtCsbkxZCYEF3rm_4koan8builtins6fn_def9signature19parse_fn_param_list
FN:244,_RNvNtNtNtCsbkxZCYEF3rm_4koan8builtins6fn_def9signature19signature_expr_part
FN:12,_RNvNtNtNtCsbkxZCYEF3rm_4koan8builtins6fn_def9signature34collect_param_names_from_signature
FN:201,_RNCNvNtNtNtCsbkxZCYEF3rm_4koan8builtins6fn_def9signature13binder_bucket0B9_
FN:219,_RNCNvNtNtNtCsbkxZCYEF3rm_4koan8builtins6fn_def9signature13binder_buckets_0B9_
FN:201,_RNCNvNtNtNtCsSCJAO8sSnz_4koan8builtins6fn_def9signature13binder_bucket0B9_
FN:219,_RNCNvNtNtNtCsSCJAO8sSnz_4koan8builtins6fn_def9signature13binder_buckets_0B9_
FN:186,_RNvNtNtNtCsSCJAO8sSnz_4koan8builtins6fn_def9signature13binder_bucket
FN:62,_RNvNtNtNtCsSCJAO8sSnz_4koan8builtins6fn_def9signature19parse_fn_param_list
FN:244,_RNvNtNtNtCsSCJAO8sSnz_4koan8builtins6fn_def9signature19signature_expr_part
FN:12,_RNvNtNtNtCsSCJAO8sSnz_4koan8builtins6fn_def9signature34collect_param_names_from_signature
FNDA:36,_RNvNtNtNtCsbkxZCYEF3rm_4koan8builtins6fn_def9signature13binder_bucket
FNDA:19,_RNvNtNtNtCsbkxZCYEF3rm_4koan8builtins6fn_def9signature19parse_fn_param_list
FNDA:36,_RNvNtNtNtCsbkxZCYEF3rm_4koan8builtins6fn_def9signature19signature_expr_part
FNDA:18,_RNvNtNtNtCsbkxZCYEF3rm_4koan8builtins6fn_def9signature34collect_param_names_from_signature
FNDA:30,_RNCNvNtNtNtCsbkxZCYEF3rm_4koan8builtins6fn_def9signature13binder_bucket0B9_
FNDA:10,_RNCNvNtNtNtCsbkxZCYEF3rm_4koan8builtins6fn_def9signature13binder_buckets_0B9_
FNDA:335,_RNCNvNtNtNtCsSCJAO8sSnz_4koan8builtins6fn_def9signature13binder_bucket0B9_
FNDA:62,_RNCNvNtNtNtCsSCJAO8sSnz_4koan8builtins6fn_def9signature13binder_buckets_0B9_
FNDA:517,_RNvNtNtNtCsSCJAO8sSnz_4koan8builtins6fn_def9signature13binder_bucket
FNDA:326,_RNvNtNtNtCsSCJAO8sSnz_4koan8builtins6fn_def9signature19parse_fn_param_list
FNDA:517,_RNvNtNtNtCsSCJAO8sSnz_4koan8builtins6fn_def9signature19signature_expr_part
FNDA:251,_RNvNtNtNtCsSCJAO8sSnz_4koan8builtins6fn_def9signature34collect_param_names_from_signature
FNF:6
FNH:6
DA:12,269
DA:13,269
DA:14,269
DA:15,269
DA:16,761
DA:17,492
DA:18,185
DA:19,36
DA:20,271
DA:22,492
DA:23,221
DA:24,221
DA:25,219
DA:32,221
DA:33,219
DA:34,219
DA:35,219
DA:36,2
DA:37,271
DA:38,273
DA:40,269
DA:41,269
DA:62,345
DA:63,345
DA:64,345
DA:65,345
DA:66,345
DA:67,345
DA:68,345
DA:69,345
DA:70,345
DA:71,345
DA:72,976
DA:75,633
DA:76,249
DA:77,37
DA:78,347
DA:80,633
DA:81,347
DA:82,347
DA:83,347
DA:84,347
DA:85,286
DA:86,286
DA:87,61
DA:88,161
DA:89,161
DA:90,158
DA:91,158
DA:92,158
DA:93,158
DA:94,158
DA:95,158
DA:96,1
DA:97,1
DA:98,1
DA:99,2
DA:100,2
DA:101,2
DA:102,2
DA:103,0
DA:105,161
DA:107,1
DA:108,1
DA:109,1
DA:110,1
DA:111,49
DA:112,49
DA:113,49
DA:114,49
DA:115,49
DA:116,49
DA:117,49
DA:118,49
DA:119,49
DA:120,49
DA:121,12
DA:122,12
DA:123,12
DA:124,12
DA:125,12
DA:126,12
DA:127,12
DA:128,12
DA:129,12
DA:130,61
DA:131,61
DA:132,61
DA:133,61
DA:134,61
DA:135,61
DA:136,61
DA:137,0
DA:138,0
DA:139,0
DA:140,0
DA:141,0
DA:142,0
DA:145,2
DA:146,2
DA:147,2
DA:148,2
DA:152,0
DA:153,0
DA:154,0
DA:155,0
DA:156,0
DA:158,0
DA:159,0
DA:160,0
DA:161,0
DA:162,0
DA:166,343
DA:167,2
DA:168,341
DA:169,341
DA:170,63
DA:171,63
DA:172,63
DA:173,63
DA:174,278
DA:175,278
DA:176,345
DA:186,553
DA:187,553
DA:188,553
DA:190,553
DA:191,537
DA:192,537
DA:193,537
DA:194,1519
DA:195,982
DA:196,541
DA:197,541
DA:198,541
DA:199,541
DA:201,369
DA:202,0
DA:203,365
DA:210,365
DA:211,369
DA:212,365
DA:213,365
DA:214,365
DA:215,4
DA:216,4
DA:219,72
DA:220,0
DA:221,72
DA:228,72
DA:229,72
DA:230,72
DA:231,72
DA:232,72
DA:233,0
DA:234,0
DA:236,0
DA:237,0
DA:238,0
DA:241,537
DA:242,553
DA:244,553
DA:245,553
DA:246,553
DA:247,537
DA:248,16
DA:250,553
BRF:0
BRH:0
LF:169
LH:145
end_of_record
SF:/var/home/jack/Code/koan/src/builtins/functor_def.rs
FN:32,_RNvNtNtCsbkxZCYEF3rm_4koan8builtins11functor_def4body
FN:38,_RNvNtNtCsbkxZCYEF3rm_4koan8builtins11functor_def8register
FN:45,_RNCNvNtNtCsbkxZCYEF3rm_4koan8builtins11functor_def8register0B7_
FN:60,_RNCNvNtNtCsbkxZCYEF3rm_4koan8builtins11functor_def8registers_0B7_
FN:45,_RNCNvNtNtCsSCJAO8sSnz_4koan8builtins11functor_def8register0B7_
FN:60,_RNCNvNtNtCsSCJAO8sSnz_4koan8builtins11functor_def8registers_0B7_
FN:32,_RNvNtNtCsSCJAO8sSnz_4koan8builtins11functor_def4body
FN:38,_RNvNtNtCsSCJAO8sSnz_4koan8builtins11functor_def8register
FNDA:7,_RNvNtNtCsbkxZCYEF3rm_4koan8builtins11functor_def4body
FNDA:43,_RNvNtNtCsbkxZCYEF3rm_4koan8builtins11functor_def8register
FNDA:43,_RNCNvNtNtCsbkxZCYEF3rm_4koan8builtins11functor_def8register0B7_
FNDA:43,_RNCNvNtNtCsbkxZCYEF3rm_4koan8builtins11functor_def8registers_0B7_
FNDA:475,_RNCNvNtNtCsSCJAO8sSnz_4koan8builtins11functor_def8register0B7_
FNDA:475,_RNCNvNtNtCsSCJAO8sSnz_4koan8builtins11functor_def8registers_0B7_
FNDA:18,_RNvNtNtCsSCJAO8sSnz_4koan8builtins11functor_def4body
FNDA:475,_RNvNtNtCsSCJAO8sSnz_4koan8builtins11functor_def8register
FNF:4
FNH:4
DA:32,25
DA:33,25
DA:34,25
DA:35,25
DA:36,25
DA:38,518
DA:45,518
DA:46,518
DA:47,518
DA:48,518
DA:49,518
DA:50,518
DA:51,518
DA:52,518
DA:53,518
DA:54,518
DA:57,518
DA:60,518
DA:61,518
DA:62,518
DA:63,518
DA:64,518
DA:65,518
DA:66,518
DA:67,518
DA:68,518
DA:69,518
DA:72,518
DA:74,518
DA:75,518
DA:76,518
DA:77,518
DA:78,518
DA:79,518
DA:80,518
DA:81,518
DA:84,518
DA:85,518
DA:86,518
DA:87,518
DA:88,518
DA:89,518
DA:90,518
DA:93,518
BRF:0
BRH:0
LF:46
LH:46
end_of_record
SF:/var/home/jack/Code/koan/src/builtins/let_binding.rs
FN:166,_RNvNtNtCsbkxZCYEF3rm_4koan8builtins11let_binding11binder_name
FN:151,_RNvNtNtCsbkxZCYEF3rm_4koan8builtins11let_binding21capitalize_identifier
FN:14,_RNvNtNtCsbkxZCYEF3rm_4koan8builtins11let_binding4body
FN:174,_RNvNtNtCsbkxZCYEF3rm_4koan8builtins11let_binding8register
FN:21,_RNCNvNtNtCsbkxZCYEF3rm_4koan8builtins11let_binding4body0B7_
FN:175,_RNCNvNtNtCsbkxZCYEF3rm_4koan8builtins11let_binding8register0B7_
FN:186,_RNCNvNtNtCsbkxZCYEF3rm_4koan8builtins11let_binding8registers_0B7_
FN:21,_RNCNvNtNtCsSCJAO8sSnz_4koan8builtins11let_binding4body0B7_
FN:175,_RNCNvNtNtCsSCJAO8sSnz_4koan8builtins11let_binding8register0B7_
FN:186,_RNCNvNtNtCsSCJAO8sSnz_4koan8builtins11let_binding8registers_0B7_
FN:166,_RNvNtNtCsSCJAO8sSnz_4koan8builtins11let_binding11binder_name
FN:151,_RNvNtNtCsSCJAO8sSnz_4koan8builtins11let_binding21capitalize_identifier
FN:14,_RNvNtNtCsSCJAO8sSnz_4koan8builtins11let_binding4body
FN:174,_RNvNtNtCsSCJAO8sSnz_4koan8builtins11let_binding8register
FNDA:166,_RNvNtNtCsbkxZCYEF3rm_4koan8builtins11let_binding11binder_name
FNDA:0,_RNvNtNtCsbkxZCYEF3rm_4koan8builtins11let_binding21capitalize_identifier
FNDA:59,_RNvNtNtCsbkxZCYEF3rm_4koan8builtins11let_binding4body
FNDA:43,_RNvNtNtCsbkxZCYEF3rm_4koan8builtins11let_binding8register
FNDA:0,_RNCNvNtNtCsbkxZCYEF3rm_4koan8builtins11let_binding4body0B7_
FNDA:43,_RNCNvNtNtCsbkxZCYEF3rm_4koan8builtins11let_binding8register0B7_
FNDA:43,_RNCNvNtNtCsbkxZCYEF3rm_4koan8builtins11let_binding8registers_0B7_
FNDA:12,_RNCNvNtNtCsSCJAO8sSnz_4koan8builtins11let_binding4body0B7_
FNDA:475,_RNCNvNtNtCsSCJAO8sSnz_4koan8builtins11let_binding8register0B7_
FNDA:475,_RNCNvNtNtCsSCJAO8sSnz_4koan8builtins11let_binding8registers_0B7_
FNDA:920,_RNvNtNtCsSCJAO8sSnz_4koan8builtins11let_binding11binder_name
FNDA:4,_RNvNtNtCsSCJAO8sSnz_4koan8builtins11let_binding21capitalize_identifier
FNDA:362,_RNvNtNtCsSCJAO8sSnz_4koan8builtins11let_binding4body
FNDA:475,_RNvNtNtCsSCJAO8sSnz_4koan8builtins11let_binding8register
FNF:7
FNH:7
DA:14,421
DA:15,421
DA:16,421
DA:21,421
DA:22,421
DA:23,421
DA:24,421
DA:25,0
DA:27,421
DA:28,421
DA:29,283
DA:30,283
DA:31,3
DA:32,1
DA:33,1
DA:34,1
DA:36,3
DA:37,3
DA:38,3
DA:39,3
DA:40,3
DA:41,3
DA:42,3
DA:43,3
DA:44,280
DA:45,280
DA:47,138
DA:48,138
DA:49,137
DA:56,1
DA:57,1
DA:58,1
DA:59,1
DA:61,0
DA:63,134
DA:64,128
DA:65,9
DA:66,3
DA:67,3
DA:68,3
DA:69,3
DA:70,3
DA:73,134
DA:75,0
DA:76,0
DA:77,0
DA:78,0
DA:79,0
DA:80,0
DA:82,0
DA:84,414
DA:85,2
DA:86,2
DA:87,2
DA:88,2
DA:89,412
DA:90,412
DA:91,412
DA:92,134
DA:93,6
DA:94,6
DA:95,6
DA:96,4
DA:98,134
DA:99,28
DA:100,28
DA:101,28
DA:102,28
DA:104,106
DA:106,134
DA:107,134
DA:108,0
DA:109,134
DA:110,134
DA:112,278
DA:113,278
DA:114,278
DA:115,24
DA:116,1
DA:117,1
DA:118,1
DA:119,1
DA:120,1
DA:121,1
DA:122,277
DA:123,277
DA:124,277
DA:125,1
DA:126,1
DA:127,1
DA:128,1
DA:129,1
DA:130,276
DA:131,276
DA:132,1
DA:133,275
DA:140,275
DA:141,117
DA:142,158
DA:143,275
DA:145,421
DA:151,4
DA:152,4
DA:153,4
DA:154,4
DA:155,4
DA:156,4
DA:157,4
DA:158,4
DA:160,0
DA:162,4
DA:166,1086
DA:167,1086
DA:168,724
DA:169,359
DA:170,3
DA:172,1086
DA:174,518
DA:175,518
DA:176,518
DA:177,518
DA:178,518
DA:179,518
DA:180,518
DA:181,518
DA:182,518
DA:185,518
DA:186,518
DA:187,518
DA:188,518
DA:189,518
DA:190,518
DA:191,518
DA:192,518
DA:193,518
DA:196,518
DA:197,518
DA:198,518
DA:199,518
DA:200,518
DA:201,518
DA:202,518
DA:203,518
DA:206,518
DA:207,518
DA:208,518
DA:209,518
DA:210,518
DA:211,518
DA:212,518
DA:215,518
BRF:0
BRH:0
LF:154
LH:143
end_of_record
SF:/var/home/jack/Code/koan/src/builtins/match_case.rs
FN:61,_RNCNvNtNtCsbkxZCYEF3rm_4koan8builtins10match_case4body0B7_
FN:22,_RNvNtNtCsbkxZCYEF3rm_4koan8builtins10match_case4body
FN:68,_RNvNtNtCsbkxZCYEF3rm_4koan8builtins10match_case8register
FN:61,_RNCNvNtNtCsSCJAO8sSnz_4koan8builtins10match_case4body0B7_
FN:22,_RNvNtNtCsSCJAO8sSnz_4koan8builtins10match_case4body
FN:68,_RNvNtNtCsSCJAO8sSnz_4koan8builtins10match_case8register
FN:91,_RNvNtNtNtCsSCJAO8sSnz_4koan8builtins10match_case5tests11run_program
FN:130,_RNvNtNtNtCsSCJAO8sSnz_4koan8builtins10match_case5testss_25match_inexhaustive_errors
FN:110,_RNvNtNtNtCsSCJAO8sSnz_4koan8builtins10match_case5testss_29match_binds_inner_value_to_it
FN:206,_RNvNtNtNtCsSCJAO8sSnz_4koan8builtins10match_case5testss_29recursive_tagged_match_no_uaf
FN:221,_RNvNtNtNtCsSCJAO8sSnz_4koan8builtins10match_case5testss_33match_on_bool_inexhaustive_errors
FN:190,_RNvNtNtNtCsSCJAO8sSnz_4koan8builtins10match_case5testss_36match_on_bool_true_takes_true_branch
FN:120,_RNvNtNtNtCsSCJAO8sSnz_4koan8builtins10match_case5testss_37match_does_not_run_unmatched_branches
FN:198,_RNvNtNtNtCsSCJAO8sSnz_4koan8builtins10match_case5testss_38match_on_bool_false_takes_false_branch
FN:100,_RNvNtNtNtCsSCJAO8sSnz_4koan8builtins10match_case5testss_40match_dispatches_branch_for_matching_tag
FN:180,_RNvNtNtNtCsSCJAO8sSnz_4koan8builtins10match_case5testss_40match_other_branch_runs_when_tag_matches
FN:148,_RNvNtNtNtCsSCJAO8sSnz_4koan8builtins10match_case5testss_47match_arm_violating_declared_return_type_errors
FN:235,_RNvNtNtNtCsSCJAO8sSnz_4koan8builtins10match_case5testss_47multi_statement_match_branch_returns_last_value
FN:167,_RNvNtNtNtCsSCJAO8sSnz_4koan8builtins10match_case5testss_54match_value_is_admissible_against_declared_return_slot
FN:250,_RNvNtNtNtCsSCJAO8sSnz_4koan8builtins10match_case5testss_59fn_recursion_with_multi_statement_body_via_match_terminates
FNDA:0,_RNCNvNtNtCsbkxZCYEF3rm_4koan8builtins10match_case4body0B7_
FNDA:0,_RNvNtNtCsbkxZCYEF3rm_4koan8builtins10match_case4body
FNDA:43,_RNvNtNtCsbkxZCYEF3rm_4koan8builtins10match_case8register
FNDA:69,_RNCNvNtNtCsSCJAO8sSnz_4koan8builtins10match_case4body0B7_
FNDA:72,_RNvNtNtCsSCJAO8sSnz_4koan8builtins10match_case4body
FNDA:475,_RNvNtNtCsSCJAO8sSnz_4koan8builtins10match_case8register
FNDA:10,_RNvNtNtNtCsSCJAO8sSnz_4koan8builtins10match_case5tests11run_program
FNDA:1,_RNvNtNtNtCsSCJAO8sSnz_4koan8builtins10match_case5testss_25match_inexhaustive_errors
FNDA:1,_RNvNtNtNtCsSCJAO8sSnz_4koan8builtins10match_case5testss_29match_binds_inner_value_to_it
FNDA:1,_RNvNtNtNtCsSCJAO8sSnz_4koan8builtins10match_case5testss_29recursive_tagged_match_no_uaf
FNDA:1,_RNvNtNtNtCsSCJAO8sSnz_4koan8builtins10match_case5testss_33match_on_bool_inexhaustive_errors
FNDA:1,_RNvNtNtNtCsSCJAO8sSnz_4koan8builtins10match_case5testss_36match_on_bool_true_takes_true_branch
FNDA:1,_RNvNtNtNtCsSCJAO8sSnz_4koan8builtins10match_case5testss_37match_does_not_run_unmatched_branches
FNDA:1,_RNvNtNtNtCsSCJAO8sSnz_4koan8builtins10match_case5testss_38match_on_bool_false_takes_false_branch
FNDA:1,_RNvNtNtNtCsSCJAO8sSnz_4koan8builtins10match_case5testss_40match_dispatches_branch_for_matching_tag
FNDA:1,_RNvNtNtNtCsSCJAO8sSnz_4koan8builtins10match_case5testss_40match_other_branch_runs_when_tag_matches
FNDA:1,_RNvNtNtNtCsSCJAO8sSnz_4koan8builtins10match_case5testss_47match_arm_violating_declared_return_type_errors
FNDA:1,_RNvNtNtNtCsSCJAO8sSnz_4koan8builtins10match_case5testss_47multi_statement_match_branch_returns_last_value
FNDA:1,_RNvNtNtNtCsSCJAO8sSnz_4koan8builtins10match_case5testss_54match_value_is_admissible_against_declared_return_slot
FNDA:1,_RNvNtNtNtCsSCJAO8sSnz_4koan8builtins10match_case5testss_59fn_recursion_with_multi_statement_body_via_match_terminates
FNF:17
FNH:17
DA:22,72
DA:23,72
DA:24,72
DA:28,72
DA:29,65
DA:30,7
DA:31,7
DA:32,7
DA:34,0
DA:35,0
DA:36,0
DA:37,0
DA:38,0
DA:39,0
DA:42,0
DA:43,0
DA:44,0
DA:47,72
DA:48,72
DA:49,72
DA:50,69
DA:52,3
DA:53,3
DA:54,3
DA:55,3
DA:57,0
DA:59,69
DA:60,69
DA:61,69
DA:62,69
DA:63,69
DA:64,69
DA:66,72
DA:68,518
DA:69,518
DA:70,518
DA:71,518
DA:72,518
DA:73,518
DA:74,518
DA:75,518
DA:76,518
DA:77,518
DA:80,518
DA:81,518
DA:91,10
DA:92,10
DA:93,10
DA:94,10
DA:95,10
DA:96,10
DA:97,10
DA:100,1
DA:101,1
DA:102,1
DA:103,1
DA:104,1
DA:106,1
DA:107,1
DA:110,1
DA:111,1
DA:112,1
DA:113,1
DA:114,1
DA:116,1
DA:117,1
DA:120,1
DA:121,1
DA:122,1
DA:123,1
DA:124,1
DA:126,1
DA:127,1
DA:130,1
DA:131,1
DA:132,1
DA:133,1
DA:134,1
DA:135,1
DA:137,1
DA:138,1
DA:139,1
DA:141,1
DA:142,1
DA:145,1
DA:148,1
DA:149,1
DA:150,1
DA:151,1
DA:152,1
DA:153,1
DA:156,1
DA:157,1
DA:158,1
DA:160,1
DA:161,1
DA:164,1
DA:167,1
DA:170,1
DA:171,1
DA:172,1
DA:173,1
DA:174,1
DA:176,1
DA:177,1
DA:180,1
DA:181,1
DA:182,1
DA:183,1
DA:184,1
DA:186,1
DA:187,1
DA:190,1
DA:191,1
DA:192,1
DA:194,1
DA:195,1
DA:198,1
DA:199,1
DA:200,1
DA:202,1
DA:203,1
DA:206,1
DA:209,1
DA:210,1
DA:211,1
DA:212,1
DA:213,1
DA:214,1
DA:215,1
DA:217,1
DA:218,1
DA:221,1
DA:222,1
DA:223,1
DA:224,1
DA:225,1
DA:226,1
DA:228,1
DA:229,1
DA:232,1
DA:235,1
DA:236,1
DA:237,1
DA:238,1
DA:239,1
DA:240,1
DA:241,1
DA:242,1
DA:244,1
DA:245,1
DA:246,1
DA:247,1
DA:250,1
DA:251,1
DA:252,1
DA:253,1
DA:254,1
DA:255,1
DA:256,1
DA:257,1
DA:258,1
DA:259,1
DA:260,1
DA:262,1
DA:263,1
DA:264,1
BRF:0
BRH:0
LF:168
LH:158
end_of_record
SF:/var/home/jack/Code/koan/src/builtins/module_def.rs
FN:21,_RNvNtNtCsbkxZCYEF3rm_4koan8builtins10module_def4body
FN:87,_RNvNtNtCsbkxZCYEF3rm_4koan8builtins10module_def8register
FN:37,_RNCNvNtNtCsbkxZCYEF3rm_4koan8builtins10module_def4body0B7_
FN:37,_RNCNvNtNtCsSCJAO8sSnz_4koan8builtins10module_def4body0B7_
FN:118,_RNvNtNtNtCsSCJAO8sSnz_4koan8builtins10module_def5tests14resolve_module
FN:180,_RNvNtNtNtCsSCJAO8sSnz_4koan8builtins10module_def5testss_28module_unknown_member_errors
FN:148,_RNvNtNtNtCsSCJAO8sSnz_4koan8builtins10module_def5testss_29module_member_access_via_attr
FN:126,_RNvNtNtNtCsSCJAO8sSnz_4koan8builtins10module_def5testss_32binder_name_extracts_module_name
FN:133,_RNvNtNtNtCsSCJAO8sSnz_4koan8builtins10module_def5testss_32module_binds_under_name_in_scope
FN:166,_RNvNtNtNtCsSCJAO8sSnz_4koan8builtins10module_def5testss_33module_member_function_via_let_fn
FN:253,_RNvNtNtNtCsSCJAO8sSnz_4koan8builtins10module_def5testss_36module_body_dispatch_does_not_dangle
FN:204,_RNvNtNtNtCsSCJAO8sSnz_4koan8builtins10module_def5testss_38module_body_parks_on_outer_placeholder
FN:214,_RNvNtNtNtCsSCJAO8sSnz_4koan8builtins10module_def5testss_41module_body_error_short_circuits_finalize
FN:157,_RNvNtNtNtCsSCJAO8sSnz_4koan8builtins10module_def5testss_41module_with_multiple_statements_in_parens
FN:193,_RNvNtNtNtCsSCJAO8sSnz_4koan8builtins10module_def5testss_41nested_module_accessible_via_chained_attr
FN:228,_RNvNtNtNtCsSCJAO8sSnz_4koan8builtins10module_def5testss_50module_finalize_short_circuits_on_idempotent_state
FN:21,_RNvNtNtCsSCJAO8sSnz_4koan8builtins10module_def4body
FN:87,_RNvNtNtCsSCJAO8sSnz_4koan8builtins10module_def8register
FNDA:21,_RNvNtNtCsbkxZCYEF3rm_4koan8builtins10module_def4body
FNDA:43,_RNvNtNtCsbkxZCYEF3rm_4koan8builtins10module_def8register
FNDA:20,_RNCNvNtNtCsbkxZCYEF3rm_4koan8builtins10module_def4body0B7_
FNDA:81,_RNCNvNtNtCsSCJAO8sSnz_4koan8builtins10module_def4body0B7_
FNDA:3,_RNvNtNtNtCsSCJAO8sSnz_4koan8builtins10module_def5tests14resolve_module
FNDA:1,_RNvNtNtNtCsSCJAO8sSnz_4koan8builtins10module_def5testss_28module_unknown_member_errors
FNDA:1,_RNvNtNtNtCsSCJAO8sSnz_4koan8builtins10module_def5testss_29module_member_access_via_attr
FNDA:1,_RNvNtNtNtCsSCJAO8sSnz_4koan8builtins10module_def5testss_32binder_name_extracts_module_name
FNDA:1,_RNvNtNtNtCsSCJAO8sSnz_4koan8builtins10module_def5testss_32module_binds_under_name_in_scope
FNDA:1,_RNvNtNtNtCsSCJAO8sSnz_4koan8builtins10module_def5testss_33module_member_function_via_let_fn
FNDA:1,_RNvNtNtNtCsSCJAO8sSnz_4koan8builtins10module_def5testss_36module_body_dispatch_does_not_dangle
FNDA:1,_RNvNtNtNtCsSCJAO8sSnz_4koan8builtins10module_def5testss_38module_body_parks_on_outer_placeholder
FNDA:1,_RNvNtNtNtCsSCJAO8sSnz_4koan8builtins10module_def5testss_41module_body_error_short_circuits_finalize
FNDA:1,_RNvNtNtNtCsSCJAO8sSnz_4koan8builtins10module_def5testss_41module_with_multiple_statements_in_parens
FNDA:1,_RNvNtNtNtCsSCJAO8sSnz_4koan8builtins10module_def5testss_41nested_module_accessible_via_chained_attr
FNDA:1,_RNvNtNtNtCsSCJAO8sSnz_4koan8builtins10module_def5testss_50module_finalize_short_circuits_on_idempotent_state
FNDA:83,_RNvNtNtCsSCJAO8sSnz_4koan8builtins10module_def4body
FNDA:475,_RNvNtNtCsSCJAO8sSnz_4koan8builtins10module_def8register
FNF:15
FNH:15
DA:21,104
DA:22,104
DA:23,104
DA:29,104
DA:30,104
DA:31,104
DA:32,104
DA:33,104
DA:34,104
DA:35,104
DA:36,104
DA:37,104
DA:42,101
DA:44,101
DA:45,1
DA:46,100
DA:47,100
DA:48,100
DA:49,100
DA:50,100
DA:53,100
DA:54,100
DA:55,100
DA:56,100
DA:57,100
DA:58,21
DA:59,0
DA:60,21
DA:61,21
DA:64,100
DA:65,100
DA:66,100
DA:67,100
DA:69,100
DA:70,100
DA:71,100
DA:72,0
DA:73,0
DA:74,0
DA:75,0
DA:77,101
DA:78,104
DA:79,104
DA:80,104
DA:81,104
DA:82,104
DA:83,104
DA:84,104
DA:85,104
DA:87,518
DA:88,518
DA:89,518
DA:90,518
DA:91,518
DA:92,518
DA:93,518
DA:94,518
DA:97,518
DA:98,518
DA:99,518
DA:100,518
DA:101,518
DA:102,518
DA:103,518
DA:106,518
DA:118,3
DA:119,3
DA:120,3
DA:121,0
DA:123,3
DA:126,1
DA:127,1
DA:128,1
DA:129,1
DA:130,1
DA:133,1
DA:134,1
DA:135,1
DA:136,1
DA:137,1
DA:138,1
DA:141,1
DA:142,1
DA:145,1
DA:148,1
DA:149,1
DA:150,1
DA:151,1
DA:152,1
DA:153,1
DA:154,1
DA:157,1
DA:158,1
DA:159,1
DA:160,1
DA:161,1
DA:162,1
DA:163,1
DA:166,1
DA:169,1
DA:170,1
DA:171,1
DA:172,1
DA:173,1
DA:175,1
DA:176,1
DA:177,1
DA:180,1
DA:181,1
DA:182,1
DA:183,1
DA:184,1
DA:185,1
DA:186,1
DA:187,1
DA:190,1
DA:193,1
DA:194,1
DA:195,1
DA:196,1
DA:197,1
DA:198,1
DA:199,1
DA:204,1
DA:205,1
DA:206,1
DA:207,1
DA:208,1
DA:209,1
DA:210,1
DA:214,1
DA:215,1
DA:216,1
DA:217,1
DA:218,1
DA:219,1
DA:222,1
DA:228,1
DA:229,1
DA:230,1
DA:231,1
DA:232,1
DA:233,1
DA:234,1
DA:235,1
DA:237,1
DA:238,1
DA:239,1
DA:240,1
DA:244,1
DA:245,1
DA:246,1
DA:247,1
DA:248,1
DA:253,1
DA:254,1
DA:255,1
DA:256,1
DA:257,1
DA:258,1
DA:259,1
DA:260,1
DA:261,1
BRF:0
BRH:0
LF:164
LH:158
end_of_record
SF:/var/home/jack/Code/koan/src/builtins/newtype_def.rs
FN:92,_RNCNCNvNtNtCsbkxZCYEF3rm_4koan8builtins11newtype_def23finalize_record_newtype00B9_
FN:191,_RNCNvNtNtCsbkxZCYEF3rm_4koan8builtins11newtype_def20defer_resolved_sigil0B7_
FN:88,_RNCNvNtNtCsbkxZCYEF3rm_4koan8builtins11newtype_def23finalize_record_newtype0B7_
FN:143,_RNCNvNtNtCsbkxZCYEF3rm_4koan8builtins11newtype_def4body0B7_
FN:243,_RNCNvNtNtCsbkxZCYEF3rm_4koan8builtins11newtype_def8register0B7_
FN:265,_RNCNvNtNtCsbkxZCYEF3rm_4koan8builtins11newtype_def8registers0_0B7_
FN:254,_RNCNvNtNtCsbkxZCYEF3rm_4koan8builtins11newtype_def8registers_0B7_
FN:212,_RNvNtNtCsbkxZCYEF3rm_4koan8builtins11newtype_def16body_record_repr
FN:39,_RNvNtNtCsbkxZCYEF3rm_4koan8builtins11newtype_def16finalize_newtype
FN:182,_RNvNtNtCsbkxZCYEF3rm_4koan8builtins11newtype_def20defer_resolved_sigil
FN:71,_RNvNtNtCsbkxZCYEF3rm_4koan8builtins11newtype_def23finalize_record_newtype
FN:116,_RNvNtNtCsbkxZCYEF3rm_4koan8builtins11newtype_def4body
FN:240,_RNvNtNtCsbkxZCYEF3rm_4koan8builtins11newtype_def8register
FN:92,_RNCNCNvNtNtCsSCJAO8sSnz_4koan8builtins11newtype_def23finalize_record_newtype00B9_
FN:191,_RNCNvNtNtCsSCJAO8sSnz_4koan8builtins11newtype_def20defer_resolved_sigil0B7_
FN:88,_RNCNvNtNtCsSCJAO8sSnz_4koan8builtins11newtype_def23finalize_record_newtype0B7_
FN:143,_RNCNvNtNtCsSCJAO8sSnz_4koan8builtins11newtype_def4body0B7_
FN:243,_RNCNvNtNtCsSCJAO8sSnz_4koan8builtins11newtype_def8register0B7_
FN:265,_RNCNvNtNtCsSCJAO8sSnz_4koan8builtins11newtype_def8registers0_0B7_
FN:254,_RNCNvNtNtCsSCJAO8sSnz_4koan8builtins11newtype_def8registers_0B7_
FN:334,_RNCNvNtNtNtCsSCJAO8sSnz_4koan8builtins11newtype_def5tests13record_fields0B9_
FN:523,_RNCNvNtNtNtCsSCJAO8sSnz_4koan8builtins11newtype_def5testss_42nested_record_field_threads_self_reference0B9_
FN:473,_RNCNvNtNtNtCsSCJAO8sSnz_4koan8builtins11newtype_def5testss_42record_repr_self_recursion_seals_set_local0B9_
FN:478,_RNCNvNtNtNtCsSCJAO8sSnz_4koan8builtins11newtype_def5testss_42record_repr_self_recursion_seals_set_locals0_0B9_
FN:502,_RNCNvNtNtNtCsSCJAO8sSnz_4koan8builtins11newtype_def5testss_46record_repr_list_of_self_field_seals_set_local0B9_
FN:212,_RNvNtNtCsSCJAO8sSnz_4koan8builtins11newtype_def16body_record_repr
FN:39,_RNvNtNtCsSCJAO8sSnz_4koan8builtins11newtype_def16finalize_newtype
FN:182,_RNvNtNtCsSCJAO8sSnz_4koan8builtins11newtype_def20defer_resolved_sigil
FN:71,_RNvNtNtCsSCJAO8sSnz_4koan8builtins11newtype_def23finalize_record_newtype
FN:116,_RNvNtNtCsSCJAO8sSnz_4koan8builtins11newtype_def4body
FN:240,_RNvNtNtCsSCJAO8sSnz_4koan8builtins11newtype_def8register
FN:322,_RNvNtNtNtCsSCJAO8sSnz_4koan8builtins11newtype_def5tests13record_fields
FN:668,_RNvNtNtNtCsSCJAO8sSnz_4koan8builtins11newtype_def5testss_28construct_arity_zero_rejects
FN:689,_RNvNtNtNtCsSCJAO8sSnz_4koan8builtins11newtype_def5testss_29construct_with_operator_value
FN:349,_RNvNtNtNtCsSCJAO8sSnz_4koan8builtins11newtype_def5testss_30declare_mints_newtype_identity
FN:568,_RNvNtNtNtCsSCJAO8sSnz_4koan8builtins11newtype_def5testss_30newtype_over_newtype_collapses
FN:647,_RNvNtNtNtCsSCJAO8sSnz_4koan8builtins11newtype_def5testss_31construct_with_identifier_value
FN:401,_RNvNtNtNtCsSCJAO8sSnz_4koan8builtins11newtype_def5testss_35construct_rejects_non_matching_repr
FN:379,_RNvNtNtNtCsSCJAO8sSnz_4koan8builtins11newtype_def5testss_35construct_wraps_repr_matching_value
FN:515,_RNvNtNtNtCsSCJAO8sSnz_4koan8builtins11newtype_def5testss_42nested_record_field_threads_self_reference
FN:466,_RNvNtNtNtCsSCJAO8sSnz_4koan8builtins11newtype_def5testss_42record_repr_self_recursion_seals_set_local
FN:597,_RNvNtNtNtCsSCJAO8sSnz_4koan8builtins11newtype_def5testss_43dispatch_distinguishes_distance_from_number
FN:490,_RNvNtNtNtCsSCJAO8sSnz_4koan8builtins11newtype_def5testss_46record_repr_list_of_self_field_seals_set_local
FN:445,_RNvNtNtNtCsSCJAO8sSnz_4koan8builtins11newtype_def5testss_47unknown_repr_errors_without_leaking_placeholder
FN:419,_RNvNtNtNtCsSCJAO8sSnz_4koan8builtins11newtype_def5testss_49dependent_newtype_parks_on_record_repr_dependency
FN:542,_RNvNtNtNtCsSCJAO8sSnz_4koan8builtins11newtype_def5testss_54sigil_repr_non_record_seals_newtype_over_resolved_type
FNDA:5,_RNCNCNvNtNtCsbkxZCYEF3rm_4koan8builtins11newtype_def23finalize_record_newtype00B9_
FNDA:0,_RNCNvNtNtCsbkxZCYEF3rm_4koan8builtins11newtype_def20defer_resolved_sigil0B7_
FNDA:3,_RNCNvNtNtCsbkxZCYEF3rm_4koan8builtins11newtype_def23finalize_record_newtype0B7_
FNDA:0,_RNCNvNtNtCsbkxZCYEF3rm_4koan8builtins11newtype_def4body0B7_
FNDA:43,_RNCNvNtNtCsbkxZCYEF3rm_4koan8builtins11newtype_def8register0B7_
FNDA:43,_RNCNvNtNtCsbkxZCYEF3rm_4koan8builtins11newtype_def8registers0_0B7_
FNDA:43,_RNCNvNtNtCsbkxZCYEF3rm_4koan8builtins11newtype_def8registers_0B7_
FNDA:3,_RNvNtNtCsbkxZCYEF3rm_4koan8builtins11newtype_def16body_record_repr
FNDA:0,_RNvNtNtCsbkxZCYEF3rm_4koan8builtins11newtype_def16finalize_newtype
FNDA:0,_RNvNtNtCsbkxZCYEF3rm_4koan8builtins11newtype_def20defer_resolved_sigil
FNDA:3,_RNvNtNtCsbkxZCYEF3rm_4koan8builtins11newtype_def23finalize_record_newtype
FNDA:0,_RNvNtNtCsbkxZCYEF3rm_4koan8builtins11newtype_def4body
FNDA:43,_RNvNtNtCsbkxZCYEF3rm_4koan8builtins11newtype_def8register
FNDA:54,_RNCNCNvNtNtCsSCJAO8sSnz_4koan8builtins11newtype_def23finalize_record_newtype00B9_
FNDA:1,_RNCNvNtNtCsSCJAO8sSnz_4koan8builtins11newtype_def20defer_resolved_sigil0B7_
FNDA:33,_RNCNvNtNtCsSCJAO8sSnz_4koan8builtins11newtype_def23finalize_record_newtype0B7_
FNDA:0,_RNCNvNtNtCsSCJAO8sSnz_4koan8builtins11newtype_def4body0B7_
FNDA:475,_RNCNvNtNtCsSCJAO8sSnz_4koan8builtins11newtype_def8register0B7_
FNDA:475,_RNCNvNtNtCsSCJAO8sSnz_4koan8builtins11newtype_def8registers0_0B7_
FNDA:475,_RNCNvNtNtCsSCJAO8sSnz_4koan8builtins11newtype_def8registers_0B7_
FNDA:4,_RNCNvNtNtNtCsSCJAO8sSnz_4koan8builtins11newtype_def5tests13record_fields0B9_
FNDA:1,_RNCNvNtNtNtCsSCJAO8sSnz_4koan8builtins11newtype_def5testss_42nested_record_field_threads_self_reference0B9_
FNDA:1,_RNCNvNtNtNtCsSCJAO8sSnz_4koan8builtins11newtype_def5testss_42record_repr_self_recursion_seals_set_local0B9_
FNDA:2,_RNCNvNtNtNtCsSCJAO8sSnz_4koan8builtins11newtype_def5testss_42record_repr_self_recursion_seals_set_locals0_0B9_
FNDA:1,_RNCNvNtNtNtCsSCJAO8sSnz_4koan8builtins11newtype_def5testss_46record_repr_list_of_self_field_seals_set_local0B9_
FNDA:34,_RNvNtNtCsSCJAO8sSnz_4koan8builtins11newtype_def16body_record_repr
FNDA:14,_RNvNtNtCsSCJAO8sSnz_4koan8builtins11newtype_def16finalize_newtype
FNDA:1,_RNvNtNtCsSCJAO8sSnz_4koan8builtins11newtype_def20defer_resolved_sigil
FNDA:33,_RNvNtNtCsSCJAO8sSnz_4koan8builtins11newtype_def23finalize_record_newtype
FNDA:15,_RNvNtNtCsSCJAO8sSnz_4koan8builtins11newtype_def4body
FNDA:475,_RNvNtNtCsSCJAO8sSnz_4koan8builtins11newtype_def8register
FNDA:3,_RNvNtNtNtCsSCJAO8sSnz_4koan8builtins11newtype_def5tests13record_fields
FNDA:1,_RNvNtNtNtCsSCJAO8sSnz_4koan8builtins11newtype_def5testss_28construct_arity_zero_rejects
FNDA:1,_RNvNtNtNtCsSCJAO8sSnz_4koan8builtins11newtype_def5testss_29construct_with_operator_value
FNDA:1,_RNvNtNtNtCsSCJAO8sSnz_4koan8builtins11newtype_def5testss_30declare_mints_newtype_identity
FNDA:1,_RNvNtNtNtCsSCJAO8sSnz_4koan8builtins11newtype_def5testss_30newtype_over_newtype_collapses
FNDA:1,_RNvNtNtNtCsSCJAO8sSnz_4koan8builtins11newtype_def5testss_31construct_with_identifier_value
FNDA:1,_RNvNtNtNtCsSCJAO8sSnz_4koan8builtins11newtype_def5testss_35construct_rejects_non_matching_repr
FNDA:1,_RNvNtNtNtCsSCJAO8sSnz_4koan8builtins11newtype_def5testss_35construct_wraps_repr_matching_value
FNDA:1,_RNvNtNtNtCsSCJAO8sSnz_4koan8builtins11newtype_def5testss_42nested_record_field_threads_self_reference
FNDA:1,_RNvNtNtNtCsSCJAO8sSnz_4koan8builtins11newtype_def5testss_42record_repr_self_recursion_seals_set_local
FNDA:1,_RNvNtNtNtCsSCJAO8sSnz_4koan8builtins11newtype_def5testss_43dispatch_distinguishes_distance_from_number
FNDA:1,_RNvNtNtNtCsSCJAO8sSnz_4koan8builtins11newtype_def5testss_46record_repr_list_of_self_field_seals_set_local
FNDA:1,_RNvNtNtNtCsSCJAO8sSnz_4koan8builtins11newtype_def5testss_47unknown_repr_errors_without_leaking_placeholder
FNDA:1,_RNvNtNtNtCsSCJAO8sSnz_4koan8builtins11newtype_def5testss_49dependent_newtype_parks_on_record_repr_dependency
FNDA:1,_RNvNtNtNtCsSCJAO8sSnz_4koan8builtins11newtype_def5testss_54sigil_repr_non_record_seals_newtype_over_resolved_type
FNF:33
FNH:32
DA:39,14
DA:40,14
DA:41,14
DA:42,14
DA:43,14
DA:44,14
DA:45,14
DA:46,14
DA:47,14
DA:48,14
DA:49,14
DA:50,14
DA:51,14
DA:52,14
DA:53,14
DA:55,14
DA:59,0
DA:60,0
DA:61,0
DA:62,0
DA:64,14
DA:71,36
DA:72,36
DA:73,36
DA:74,36
DA:75,36
DA:76,36
DA:77,36
DA:78,0
DA:79,0
DA:80,0
DA:81,36
DA:82,36
DA:83,36
DA:84,36
DA:85,36
DA:86,36
DA:87,36
DA:88,36
DA:89,36
DA:90,36
DA:91,36
DA:92,59
DA:93,36
DA:94,36
DA:95,36
DA:96,0
DA:97,36
DA:98,36
DA:99,36
DA:101,36
DA:102,36
DA:104,36
DA:105,36
DA:106,0
DA:107,0
DA:108,0
DA:109,0
DA:111,36
DA:116,15
DA:117,15
DA:118,15
DA:123,15
DA:124,15
DA:125,15
DA:126,15
DA:127,14
DA:128,5
DA:129,5
DA:130,5
DA:131,5
DA:132,5
DA:134,4
DA:135,1
DA:139,0
DA:140,1
DA:142,0
DA:143,0
DA:144,0
DA:145,0
DA:146,0
DA:148,0
DA:149,0
DA:150,0
DA:151,0
DA:152,0
DA:153,0
DA:154,0
DA:155,0
DA:156,0
DA:158,0
DA:159,0
DA:160,0
DA:161,0
DA:162,0
DA:163,1
DA:164,1
DA:165,1
DA:166,1
DA:167,1
DA:169,9
DA:171,1
DA:172,1
DA:174,0
DA:175,0
DA:176,0
DA:178,15
DA:182,1
DA:183,1
DA:184,1
DA:185,1
DA:186,1
DA:188,1
DA:189,1
DA:190,1
DA:191,1
DA:192,1
DA:193,1
DA:195,0
DA:196,0
DA:197,0
DA:198,0
DA:199,1
DA:200,1
DA:201,1
DA:202,1
DA:203,1
DA:204,1
DA:205,1
DA:206,1
DA:207,1
DA:212,37
DA:213,37
DA:214,37
DA:218,37
DA:219,37
DA:220,37
DA:222,0
DA:223,0
DA:224,0
DA:227,37
DA:228,37
DA:229,37
DA:230,37
DA:231,37
DA:232,37
DA:234,37
DA:235,37
DA:236,37
DA:238,37
DA:240,518
DA:243,518
DA:244,518
DA:245,518
DA:246,518
DA:247,518
DA:248,518
DA:249,518
DA:250,518
DA:253,518
DA:254,518
DA:255,518
DA:256,518
DA:257,518
DA:258,518
DA:259,518
DA:260,518
DA:261,518
DA:264,518
DA:265,518
DA:266,518
DA:267,518
DA:268,518
DA:269,518
DA:270,518
DA:271,518
DA:272,518
DA:275,518
DA:277,518
DA:280,518
DA:281,518
DA:282,518
DA:283,518
DA:284,518
DA:285,518
DA:286,518
DA:289,518
DA:290,518
DA:291,518
DA:292,518
DA:293,518
DA:294,518
DA:295,518
DA:298,518
DA:299,518
DA:300,518
DA:301,518
DA:302,518
DA:303,518
DA:304,518
DA:307,518
DA:322,3
DA:323,3
DA:324,3
DA:325,3
DA:326,3
DA:327,3
DA:328,3
DA:329,3
DA:330,3
DA:331,3
DA:332,3
DA:333,3
DA:334,4
DA:335,3
DA:337,0
DA:339,0
DA:342,0
DA:344,3
DA:349,1
DA:350,1
DA:351,1
DA:352,1
DA:353,1
DA:354,1
DA:355,1
DA:356,1
DA:357,1
DA:358,1
DA:359,1
DA:360,1
DA:361,1
DA:362,1
DA:363,0
DA:366,0
DA:368,1
DA:369,1
DA:370,1
DA:371,1
DA:374,1
DA:379,1
DA:380,1
DA:381,1
DA:382,1
DA:383,1
DA:384,1
DA:385,1
DA:386,1
DA:387,1
DA:388,1
DA:389,1
DA:391,0
DA:393,1
DA:395,0
DA:397,1
DA:401,1
DA:402,1
DA:403,1
DA:404,1
DA:405,1
DA:406,1
DA:407,1
DA:408,1
DA:411,1
DA:419,1
DA:420,1
DA:421,1
DA:422,1
DA:423,1
DA:424,1
DA:428,1
DA:429,1
DA:431,0
DA:433,1
DA:434,1
DA:435,1
DA:437,0
DA:439,1
DA:445,1
DA:446,1
DA:447,1
DA:448,1
DA:449,1
DA:450,1
DA:452,0
DA:454,1
DA:455,1
DA:456,1
DA:459,1
DA:466,1
DA:467,1
DA:468,1
DA:469,1
DA:470,1
DA:471,1
DA:472,1
DA:473,1
DA:477,1
DA:478,2
DA:479,1
DA:482,1
DA:483,1
DA:490,1
DA:491,1
DA:492,1
DA:493,1
DA:494,1
DA:495,1
DA:496,1
DA:497,1
DA:501,1
DA:502,1
DA:503,1
DA:506,1
DA:507,1
DA:515,1
DA:516,1
DA:517,1
DA:518,1
DA:519,1
DA:520,1
DA:521,1
DA:522,1
DA:523,1
DA:524,1
DA:525,1
DA:526,1
DA:527,1
DA:528,1
DA:529,1
DA:532,0
DA:534,1
DA:535,1
DA:542,1
DA:543,1
DA:544,1
DA:545,1
DA:546,1
DA:547,1
DA:548,1
DA:549,1
DA:550,1
DA:551,1
DA:553,0
DA:555,1
DA:556,1
DA:558,0
DA:561,0
DA:563,1
DA:568,1
DA:569,1
DA:570,1
DA:571,1
DA:572,1
DA:573,1
DA:574,1
DA:575,1
DA:576,1
DA:577,0
DA:580,1
DA:581,1
DA:583,0
DA:586,0
DA:588,1
DA:597,1
DA:598,1
DA:599,1
DA:600,1
DA:601,1
DA:602,1
DA:603,1
DA:604,1
DA:606,1
DA:607,1
DA:608,1
DA:609,0
DA:611,1
DA:612,1
DA:613,1
DA:614,0
DA:616,1
DA:617,1
DA:618,1
DA:619,1
DA:620,1
DA:621,1
DA:622,1
DA:623,1
DA:624,1
DA:625,1
DA:626,1
DA:629,1
DA:630,1
DA:631,1
DA:632,1
DA:633,1
DA:634,1
DA:635,1
DA:636,1
DA:637,1
DA:638,1
DA:639,1
DA:642,1
DA:647,1
DA:648,1
DA:649,1
DA:650,1
DA:651,1
DA:652,1
DA:653,1
DA:654,1
DA:655,1
DA:656,1
DA:658,0
DA:660,1
DA:662,0
DA:664,1
DA:668,1
DA:669,1
DA:670,1
DA:671,1
DA:672,1
DA:673,1
DA:674,0
DA:675,1
DA:683,1
DA:689,1
DA:690,1
DA:691,1
DA:692,1
DA:693,1
DA:694,1
DA:695,1
DA:697,1
DA:698,1
DA:699,1
DA:700,1
DA:701,1
DA:702,1
DA:704,0
DA:706,1
DA:708,0
DA:710,1
BRF:0
BRH:0
LF:454
LH:387
end_of_record
SF:/var/home/jack/Code/koan/src/builtins/nominal_schema.rs
FN:84,_RNCNvNtNtCsbkxZCYEF3rm_4koan8builtins14nominal_schema21nominal_schema_action0B7_
FN:30,_RNvNtNtCsbkxZCYEF3rm_4koan8builtins14nominal_schema21nominal_schema_action
FN:84,_RNCNvNtNtCsSCJAO8sSnz_4koan8builtins14nominal_schema21nominal_schema_action0B7_
FN:30,_RNvNtNtCsSCJAO8sSnz_4koan8builtins14nominal_schema21nominal_schema_action
FNDA:2,_RNCNvNtNtCsbkxZCYEF3rm_4koan8builtins14nominal_schema21nominal_schema_action0B7_
FNDA:4,_RNvNtNtCsbkxZCYEF3rm_4koan8builtins14nominal_schema21nominal_schema_action
FNDA:1,_RNCNvNtNtCsSCJAO8sSnz_4koan8builtins14nominal_schema21nominal_schema_action0B7_
FNDA:71,_RNvNtNtCsSCJAO8sSnz_4koan8builtins14nominal_schema21nominal_schema_action
FNF:2
FNH:2
DA:30,75
DA:31,75
DA:32,75
DA:33,75
DA:34,75
DA:35,75
DA:36,75
DA:37,75
DA:38,75
DA:39,75
DA:40,75
DA:41,75
DA:45,75
DA:46,75
DA:47,75
DA:48,75
DA:49,75
DA:50,75
DA:51,75
DA:55,75
DA:56,75
DA:57,75
DA:58,75
DA:59,75
DA:60,75
DA:61,75
DA:62,75
DA:63,75
DA:64,75
DA:65,67
DA:66,67
DA:68,5
DA:70,3
DA:71,3
DA:73,3
DA:74,3
DA:75,3
DA:76,3
DA:77,3
DA:78,3
DA:79,3
DA:80,3
DA:81,3
DA:82,3
DA:83,3
DA:84,3
DA:88,75
BRF:0
BRH:0
LF:48
LH:48
end_of_record
SF:/var/home/jack/Code/koan/src/builtins/parameterized_types.rs
FN:44,_RNvMNtNtCsbkxZCYEF3rm_4koan8builtins19parameterized_typesNtB2_11CarrierKind15field_name_kind
FN:37,_RNvMNtNtCsbkxZCYEF3rm_4koan8builtins19parameterized_typesNtB2_11CarrierKind7context
FN:152,_RNvNtNtCsbkxZCYEF3rm_4koan8builtins19parameterized_types13build_carrier
FN:54,_RNvNtNtCsbkxZCYEF3rm_4koan8builtins19parameterized_types16finalize_carrier
FN:194,_RNvNtNtCsbkxZCYEF3rm_4koan8builtins19parameterized_types8register
FN:143,_RNvNtNtNtCsbkxZCYEF3rm_4koan8builtins19parameterized_types13action_bodies12body_functor
FN:88,_RNvNtNtNtCsbkxZCYEF3rm_4koan8builtins19parameterized_types13action_bodies12body_list_of
FN:105,_RNvNtNtNtCsbkxZCYEF3rm_4koan8builtins19parameterized_types13action_bodies13body_apply_as
FN:139,_RNvNtNtNtCsbkxZCYEF3rm_4koan8builtins19parameterized_types13action_bodies7body_fn
FN:95,_RNvNtNtNtCsbkxZCYEF3rm_4koan8builtins19parameterized_types13action_bodies8body_map
FN:187,_RNCNvNtNtCsbkxZCYEF3rm_4koan8builtins19parameterized_types13build_carrier0B7_
FN:44,_RNvMNtNtCsSCJAO8sSnz_4koan8builtins19parameterized_typesNtB2_11CarrierKind15field_name_kind
FN:37,_RNvMNtNtCsSCJAO8sSnz_4koan8builtins19parameterized_typesNtB2_11CarrierKind7context
FN:152,_RNvNtNtCsSCJAO8sSnz_4koan8builtins19parameterized_types13build_carrier
FN:54,_RNvNtNtCsSCJAO8sSnz_4koan8builtins19parameterized_types16finalize_carrier
FN:194,_RNvNtNtCsSCJAO8sSnz_4koan8builtins19parameterized_types8register
FN:187,_RNCNvNtNtCsSCJAO8sSnz_4koan8builtins19parameterized_types13build_carrier0B7_
FN:143,_RNvNtNtNtCsSCJAO8sSnz_4koan8builtins19parameterized_types13action_bodies12body_functor
FN:88,_RNvNtNtNtCsSCJAO8sSnz_4koan8builtins19parameterized_types13action_bodies12body_list_of
FN:105,_RNvNtNtNtCsSCJAO8sSnz_4koan8builtins19parameterized_types13action_bodies13body_apply_as
FN:139,_RNvNtNtNtCsSCJAO8sSnz_4koan8builtins19parameterized_types13action_bodies7body_fn
FN:95,_RNvNtNtNtCsSCJAO8sSnz_4koan8builtins19parameterized_types13action_bodies8body_map
FN:400,_RNvNtNtNtCsSCJAO8sSnz_4koan8builtins19parameterized_types5tests18assert_round_trips
FN:332,_RNvNtNtNtCsSCJAO8sSnz_4koan8builtins19parameterized_types5testss_22fn_lowers_to_kfunction
FN:426,_RNvNtNtNtCsSCJAO8sSnz_4koan8builtins19parameterized_types5testss_22fn_nullary_round_trips
FN:410,_RNvNtNtNtCsSCJAO8sSnz_4koan8builtins19parameterized_types5testss_26fn_multi_param_round_trips
FN:364,_RNvNtNtNtCsSCJAO8sSnz_4koan8builtins19parameterized_types5testss_26functor_lowers_to_kfunctor
FN:439,_RNvNtNtNtCsSCJAO8sSnz_4koan8builtins19parameterized_types5testss_27fn_nested_param_round_trips
FN:321,_RNvNtNtNtCsSCJAO8sSnz_4koan8builtins19parameterized_types5testss_29map_str_number_lowers_to_dict
FN:349,_RNvNtNtNtCsSCJAO8sSnz_4koan8builtins19parameterized_types5testss_30fn_nullary_lowers_to_kfunction
FN:284,_RNvNtNtNtCsSCJAO8sSnz_4koan8builtins19parameterized_types5testss_36apply_as_lowers_to_constructor_apply
FN:274,_RNvNtNtNtCsSCJAO8sSnz_4koan8builtins19parameterized_types5testss_36list_of_number_lowers_to_list_number
FN:381,_RNvNtNtNtCsSCJAO8sSnz_4koan8builtins19parameterized_types5testss_45fn_with_nested_list_param_lowers_to_kfunction
FN:455,_RNvNtNtNtCsSCJAO8sSnz_4koan8builtins19parameterized_types5testss_56functor_capitalized_param_round_trips_and_preserves_name
FNDA:6,_RNvMNtNtCsbkxZCYEF3rm_4koan8builtins19parameterized_typesNtB2_11CarrierKind15field_name_kind
FNDA:6,_RNvMNtNtCsbkxZCYEF3rm_4koan8builtins19parameterized_typesNtB2_11CarrierKind7context
FNDA:5,_RNvNtNtCsbkxZCYEF3rm_4koan8builtins19parameterized_types13build_carrier
FNDA:5,_RNvNtNtCsbkxZCYEF3rm_4koan8builtins19parameterized_types16finalize_carrier
FNDA:43,_RNvNtNtCsbkxZCYEF3rm_4koan8builtins19parameterized_types8register
FNDA:3,_RNvNtNtNtCsbkxZCYEF3rm_4koan8builtins19parameterized_types13action_bodies12body_functor
FNDA:3,_RNvNtNtNtCsbkxZCYEF3rm_4koan8builtins19parameterized_types13action_bodies12body_list_of
FNDA:0,_RNvNtNtNtCsbkxZCYEF3rm_4koan8builtins19parameterized_types13action_bodies13body_apply_as
FNDA:2,_RNvNtNtNtCsbkxZCYEF3rm_4koan8builtins19parameterized_types13action_bodies7body_fn
FNDA:2,_RNvNtNtNtCsbkxZCYEF3rm_4koan8builtins19parameterized_types13action_bodies8body_map
FNDA:1,_RNCNvNtNtCsbkxZCYEF3rm_4koan8builtins19parameterized_types13build_carrier0B7_
[...]
FNDA:2,_RNvMs3_NtCsSCJAO8sSnz_4koan9witnessedINtB5_9WitnessedNtNtB5_5tests9RefFamilyINtNtCsgW8esjfipvk_5alloc2rc2RcINtNtB1h_3vec3VecmEEE4readB7_
FNDA:4,_RNvMs3_NtCsSCJAO8sSnz_4koan9witnessedINtB5_9WitnessedNtNtB5_5tests9RefFamilyINtNtCsgW8esjfipvk_5alloc2rc2RcNtBR_8TestCartEE11from_erasedB7_
FNDA:108,_RNvMs3_NtCsSCJAO8sSnz_4koan9witnessedINtB5_9WitnessedNtNtNtNtB7_7machine4core5arena16RegionTypeFamilyNtBR_8FrameSetE11from_erasedB7_
FNDA:108,_RNvMs3_NtCsSCJAO8sSnz_4koan9witnessedINtB5_9WitnessedNtNtNtNtB7_7machine4core5arena16RegionTypeFamilyNtBR_8FrameSetE3newB7_
FNDA:286,_RNvMs3_NtCsSCJAO8sSnz_4koan9witnessedINtB5_9WitnessedNtNtNtNtB7_7machine7execute8finalize18ContractHomeFamilyNtNtNtBV_4core5arena8FrameSetE11from_erasedB7_
FNDA:286,_RNvMs3_NtCsSCJAO8sSnz_4koan9witnessedINtB5_9WitnessedNtNtNtNtB7_7machine7execute8finalize18ContractHomeFamilyNtNtNtBV_4core5arena8FrameSetE3newB7_
FNDA:4,_RNvMs3_NtCsSCJAO8sSnz_4koan9witnessedINtB5_9WitnessedNtNtNtNtB7_7machine7execute8run_loop15RegionRefFamilyNtNtNtBV_4core5arena8FrameSetE11from_erasedB7_
FNDA:4,_RNvMs3_NtCsSCJAO8sSnz_4koan9witnessedINtB5_9WitnessedNtNtNtNtB7_7machine7execute8run_loop15RegionRefFamilyNtNtNtBV_4core5arena8FrameSetE3newB7_
FNDA:1,_RNvMs3_NtCsSCJAO8sSnz_4koan9witnessedINtB5_9WitnessedNtNtNtNtNtB7_7machine4core5arena5tests14AggBuildFamilyNtBT_8FrameSetE11from_erasedB7_
FNDA:1966,_RNvMs3_NtCsSCJAO8sSnz_4koan9witnessedINtB5_9WitnessedNtNtNtNtNtB7_7machine5model6values7carried13CarriedFamilyNtNtNtBX_4core5arena8FrameSetE11from_erasedB7_
FNDA:924,_RNvMs3_NtCsSCJAO8sSnz_4koan9witnessedINtB5_9WitnessedNtNtNtNtNtB7_7machine5model6values7carried13CarriedFamilyNtNtNtBX_4core5arena8FrameSetE3newB7_
FNDA:1250,_RNvMs3_NtCsSCJAO8sSnz_4koan9witnessedINtB5_9WitnessedNtNtNtNtNtB7_7machine5model6values7carried13CarriedFamilyNtNtNtBX_4core5arena8FrameSetE4readB7_
FNDA:1381,_RNvMs3_NtCsSCJAO8sSnz_4koan9witnessedINtB5_9WitnessedNtNtNtNtNtB7_7machine5model6values7carried13CarriedFamilyNtNtNtBX_4core5arena8FrameSetE7witnessB7_
FNDA:1673,_RNvMs3_NtCsSCJAO8sSnz_4koan9witnessedINtB5_9WitnessedNtNtNtNtNtB7_7machine5model6values7carried13CarriedFamilyNtNtNtBX_4core5arena8FrameSetE9duplicateB7_
FNDA:19,_RNvMs3_NtCsSCJAO8sSnz_4koan9witnessedINtB5_9WitnessedNtNtNtNtNtB7_7machine7execute8dispatch12constructors18RecordFieldsFamilyNtNtNtBX_4core5arena8FrameSetE11from_erasedB7_
FNDA:72,_RNvMs3_NtCsSCJAO8sSnz_4koan9witnessedINtB5_9WitnessedNtNtNtNtNtB7_7machine7execute8dispatch7literal14AggBuildFamilyNtNtNtBX_4core5arena8FrameSetE11from_erasedB7_
FNDA:1250,_RNvMs4_NtCsSCJAO8sSnz_4koan9witnessedINtB5_6SealedNtNtNtNtNtB7_7machine5model6values7carried13CarriedFamilyNtNtNtBU_4core5arena8FrameSetE4readB7_
FNDA:2122,_RNvMs4_NtCsSCJAO8sSnz_4koan9witnessedINtB5_6SealedNtNtNtNtNtB7_7machine5model6values7carried13CarriedFamilyNtNtNtBU_4core5arena8FrameSetE4sealB7_
FNDA:1095,_RNvMs4_NtCsSCJAO8sSnz_4koan9witnessedINtB5_6SealedNtNtNtNtNtB7_7machine5model6values7carried13CarriedFamilyNtNtNtBU_4core5arena8FrameSetE7witnessB7_
FNDA:1407,_RNvMs4_NtCsSCJAO8sSnz_4koan9witnessedINtB5_6SealedNtNtNtNtNtB7_7machine5model6values7carried13CarriedFamilyNtNtNtBU_4core5arena8FrameSetE9duplicateB7_
FNDA:2,_RNvMs5_NtCsSCJAO8sSnz_4koan9witnessedINtB5_12SealedExternNtNtB5_5tests9BoxFamilyE5eraseB7_
FNDA:1,_RNvMs5_NtCsSCJAO8sSnz_4koan9witnessedINtB5_12SealedExternNtNtB5_5tests9InvFamilyE5eraseB7_
FNDA:1,_RNvMs5_NtCsSCJAO8sSnz_4koan9witnessedINtB5_12SealedExternNtNtB5_5tests9RefFamilyE4sealB7_
FNDA:1,_RNvMs5_NtCsSCJAO8sSnz_4koan9witnessedINtB5_12SealedExternNtNtB5_5tests9RefFamilyE5eraseB7_
FNDA:22547,_RNvMs5_NtCsSCJAO8sSnz_4koan9witnessedINtB5_12SealedExternNtNtNtNtB7_7machine4core9scope_ptr14ScopeRefFamilyE14static_carrierB7_
FNDA:1198,_RNvMs5_NtCsSCJAO8sSnz_4koan9witnessedINtB5_12SealedExternNtNtNtNtB7_7machine4core9scope_ptr14ScopeRefFamilyE5eraseB7_
FNDA:5663,_RNvMs5_NtCsSCJAO8sSnz_4koan9witnessedINtB5_12SealedExternNtNtNtNtB7_7machine7execute7outcome18ContinuationFamilyE4sealB7_
FNDA:5662,_RNvMs5_NtCsSCJAO8sSnz_4koan9witnessedINtB5_12SealedExternNtNtNtNtB7_7machine7execute8run_loop15RegionRefFamilyE5eraseB7_
FNDA:5662,_RNvMs5_NtCsSCJAO8sSnz_4koan9witnessedINtB5_12SealedExternNtNtNtNtB7_7machine7execute8run_loop16DepResultsFamilyE5eraseB7_
FNF:32
FNH:27
DA:83,213607
DA:85,213607
DA:88,213607
DA:89,213607
DA:97,82017
DA:100,82017
DA:101,82017
DA:116,23620
DA:117,23620
DA:118,23620
DA:119,23620
DA:120,23620
DA:131,6202
DA:133,6202
DA:134,6202
DA:141,0
DA:142,0
DA:143,0
DA:144,0
DA:145,0
DA:168,0
DA:169,0
DA:170,0
DA:171,0
DA:238,1486
DA:239,1486
DA:240,1486
DA:246,2672
DA:247,2672
DA:248,2672
DA:288,1178
DA:289,1178
DA:290,1178
DA:291,1178
DA:297,1178
DA:298,1178
DA:299,1178
DA:329,12
DA:334,12
DA:335,12
DA:336,12
DA:337,12
DA:372,75
DA:373,75
DA:374,75
DA:375,75
DA:376,75
DA:381,75
DA:382,75
DA:383,75
DA:384,75
DA:385,75
DA:386,75
DA:387,75
DA:433,598
DA:434,598
DA:435,598
DA:436,598
DA:437,598
DA:438,598
DA:439,598
DA:444,598
DA:446,597
DA:447,597
DA:448,597
DA:450,597
DA:451,597
DA:452,597
DA:458,597
DA:459,597
DA:460,597
DA:463,597
DA:464,597
DA:465,597
DA:466,597
DA:467,597
DA:468,597
DA:469,598
DA:481,1390
DA:482,1390
DA:483,1390
DA:489,1390
DA:490,1390
DA:495,1819
DA:496,1819
DA:497,1819
DA:498,1819
DA:500,1819
DA:501,1819
DA:502,1819
DA:503,1819
DA:504,1819
DA:509,1514
DA:510,1514
DA:511,1514
DA:529,2324
DA:530,2324
DA:531,2324
DA:564,0
DA:565,0
DA:566,0
DA:571,0
DA:572,0
DA:579,1388
DA:580,1388
DA:581,1388
DA:583,1388
DA:584,1388
DA:600,281
DA:601,281
DA:602,281
DA:603,281
DA:604,281
DA:605,281
DA:606,281
DA:607,281
DA:609,281
DA:610,281
DA:617,1538
DA:618,1538
DA:619,1538
DA:620,1538
DA:622,1538
DA:623,1538
DA:624,1538
DA:625,1538
DA:631,1226
DA:632,1226
DA:633,1226
DA:655,6198
DA:656,6198
DA:657,6198
DA:662,13646
DA:663,13646
DA:664,13646
DA:665,13646
DA:666,13646
DA:676,24451
DA:677,24451
DA:678,24451
DA:680,24451
DA:681,24451
DA:719,6201
DA:725,6201
DA:726,6201
DA:727,6201
DA:734,18591
DA:735,18591
DA:736,18591
DA:737,18591
DA:738,18591
DA:739,18591
DA:740,18591
DA:747,0
DA:748,0
DA:749,0
DA:750,0
DA:751,0
DA:764,6198
DA:767,6198
DA:770,6198
DA:804,2433
DA:805,2433
DA:806,2433
DA:807,2433
DA:808,2433
DA:809,2433
DA:814,2433
DA:815,2433
DA:816,2433
DA:828,83788
DA:829,83788
DA:830,83788
DA:831,83788
DA:835,83788
DA:836,83788
DA:847,36496
DA:848,36496
DA:849,36496
DA:851,36496
DA:852,36496
BRF:0
BRH:0
LF:181
LH:162
end_of_record
SF:/var/home/jack/Code/koan/src/witnessed/region.rs
FN:48,_RNvYNtNtNtNtCsbkxZCYEF3rm_4koan7machine5model9operators13OperatorGroupINtNtNtBa_9witnessed6region6StoredNtNtNtB8_4core5arena18KoanStorageProfileE12record_localBa_
FN:48,_RNvYNtNtNtNtNtCsbkxZCYEF3rm_4koan7machine5model6values6module15ModuleSignatureINtNtNtBc_9witnessed6region6StoredNtNtNtBa_4core5arena18KoanStorageProfileE12record_localBc_
FN:48,_RNvYNtNtNtNtNtCsbkxZCYEF3rm_4koan7machine5model6values6module6ModuleINtNtNtBc_9witnessed6region6StoredNtNtNtBa_4core5arena18KoanStorageProfileE12record_localBc_
FN:48,_RNvYNtNtNtNtNtCsbkxZCYEF3rm_4koan7machine5model5types5ktype5KTypeINtNtNtBc_9witnessed6region6StoredNtNtNtBa_4core5arena18KoanStorageProfileE12record_localBc_
FN:75,_RINvMNtNtCsbkxZCYEF3rm_4koan9witnessed6regionINtB3_6RegionNtNtNtNtB7_7machine4core5arena18KoanStorageProfileE10family_lenNtNtBY_9kfunction9KFunctionEB7_
FN:97,_RINvMNtNtCsbkxZCYEF3rm_4koan9witnessed6regionINtB3_6RegionNtNtNtNtB7_7machine4core5arena18KoanStorageProfileE5allocNtNtBY_5scope5ScopeEB7_
FN:97,_RINvMNtNtCsbkxZCYEF3rm_4koan9witnessed6regionINtB3_6RegionNtNtNtNtB7_7machine4core5arena18KoanStorageProfileE5allocNtNtBY_9kfunction9KFunctionEB7_
FN:97,_RINvMNtNtCsbkxZCYEF3rm_4koan9witnessed6regionINtB3_6RegionNtNtNtNtB7_7machine4core5arena18KoanStorageProfileE5allocNtNtNtB10_5model9operators13OperatorGroupEB7_
FN:97,_RINvMNtNtCsbkxZCYEF3rm_4koan9witnessed6regionINtB3_6RegionNtNtNtNtB7_7machine4core5arena18KoanStorageProfileE5allocNtNtNtNtB10_5model5types5ktype5KTypeEB7_
FN:97,_RINvMNtNtCsbkxZCYEF3rm_4koan9witnessed6regionINtB3_6RegionNtNtNtNtB7_7machine4core5arena18KoanStorageProfileE5allocNtNtNtNtB10_5model6values6module15ModuleSignatureEB7_
FN:97,_RINvMNtNtCsbkxZCYEF3rm_4koan9witnessed6regionINtB3_6RegionNtNtNtNtB7_7machine4core5arena18KoanStorageProfileE5allocNtNtNtNtB10_5model6values6module6ModuleEB7_
FN:97,_RINvMNtNtCsbkxZCYEF3rm_4koan9witnessed6regionINtB3_6RegionNtNtNtNtB7_7machine4core5arena18KoanStorageProfileE5allocNtNtNtNtB10_5model6values7kobject7KObjectEB7_
FN:86,_RNvMNtNtCsbkxZCYEF3rm_4koan9witnessed6regionINtB2_6RegionNtNtNtNtB6_7machine4core5arena18KoanStorageProfileE11record_addrB6_
FN:66,_RNvMNtNtCsbkxZCYEF3rm_4koan9witnessed6regionINtB2_6RegionNtNtNtNtB6_7machine4core5arena18KoanStorageProfileE3newB6_
FN:80,_RNvMNtNtCsbkxZCYEF3rm_4koan9witnessed6regionINtB2_6RegionNtNtNtNtB6_7machine4core5arena18KoanStorageProfileE9owns_addrB6_
FN:112,_RNvXININtNtCsbkxZCYEF3rm_4koan9witnessed6regions_0pEINtB5_6RegionpENtNtCs27Vx93FoQ6z_4core7default7Default7defaultB9_
FN:48,_RNvYNtNtNtNtCsbkxZCYEF3rm_4koan7machine4core9kfunction9KFunctionINtNtNtBa_9witnessed6region6StoredNtNtB6_5arena18KoanStorageProfileE12record_localBa_
FN:48,_RNvYNtNtNtNtCsbkxZCYEF3rm_4koan7machine4core5scope5ScopeINtNtNtBa_9witnessed6region6StoredNtNtB6_5arena18KoanStorageProfileE12record_localBa_
FN:48,_RNvYNtNtNtNtCsSCJAO8sSnz_4koan7machine5model9operators13OperatorGroupINtNtNtBa_9witnessed6region6StoredNtNtNtB8_4core5arena18KoanStorageProfileE12record_localBa_
FN:48,_RNvYNtNtNtNtCsSCJAO8sSnz_4koan7machine4core9kfunction9KFunctionINtNtNtBa_9witnessed6region6StoredNtNtB6_5arena18KoanStorageProfileE12record_localBa_
FN:48,_RNvYNtNtNtNtNtCsSCJAO8sSnz_4koan7machine5model5types5ktype5KTypeINtNtNtBc_9witnessed6region6StoredNtNtNtBa_4core5arena18KoanStorageProfileE12record_localBc_
FN:75,_RINvMNtNtCsSCJAO8sSnz_4koan9witnessed6regionINtB3_6RegionNtNtNtNtB7_7machine4core5arena18KoanStorageProfileE10family_lenNtNtBX_5scope5ScopeEB7_
FN:75,_RINvMNtNtCsSCJAO8sSnz_4koan9witnessed6regionINtB3_6RegionNtNtNtNtB7_7machine4core5arena18KoanStorageProfileE10family_lenNtNtBX_9kfunction9KFunctionEB7_
FN:75,_RINvMNtNtCsSCJAO8sSnz_4koan9witnessed6regionINtB3_6RegionNtNtNtNtB7_7machine4core5arena18KoanStorageProfileE10family_lenNtNtNtBZ_5model9operators13OperatorGroupEB7_
FN:75,_RINvMNtNtCsSCJAO8sSnz_4koan9witnessed6regionINtB3_6RegionNtNtNtNtB7_7machine4core5arena18KoanStorageProfileE10family_lenNtNtNtNtBZ_5model5types5ktype5KTypeEB7_
FN:75,_RINvMNtNtCsSCJAO8sSnz_4koan9witnessed6regionINtB3_6RegionNtNtNtNtB7_7machine4core5arena18KoanStorageProfileE10family_lenNtNtNtNtBZ_5model6values6module15ModuleSignatureEB7_
FN:75,_RINvMNtNtCsSCJAO8sSnz_4koan9witnessed6regionINtB3_6RegionNtNtNtNtB7_7machine4core5arena18KoanStorageProfileE10family_lenNtNtNtNtBZ_5model6values6module6ModuleEB7_
FN:75,_RINvMNtNtCsSCJAO8sSnz_4koan9witnessed6regionINtB3_6RegionNtNtNtNtB7_7machine4core5arena18KoanStorageProfileE10family_lenNtNtNtNtBZ_5model6values7kobject7KObjectEB7_
FN:97,_RINvMNtNtCsSCJAO8sSnz_4koan9witnessed6regionINtB3_6RegionNtNtNtNtB7_7machine4core5arena18KoanStorageProfileE5allocNtNtBX_5scope5ScopeEB7_
FN:97,_RINvMNtNtCsSCJAO8sSnz_4koan9witnessed6regionINtB3_6RegionNtNtNtNtB7_7machine4core5arena18KoanStorageProfileE5allocNtNtBX_9kfunction9KFunctionEB7_
FN:97,_RINvMNtNtCsSCJAO8sSnz_4koan9witnessed6regionINtB3_6RegionNtNtNtNtB7_7machine4core5arena18KoanStorageProfileE5allocNtNtNtBZ_5model9operators13OperatorGroupEB7_
FN:97,_RINvMNtNtCsSCJAO8sSnz_4koan9witnessed6regionINtB3_6RegionNtNtNtNtB7_7machine4core5arena18KoanStorageProfileE5allocNtNtNtNtBZ_5model5types5ktype5KTypeEB7_
FN:97,_RINvMNtNtCsSCJAO8sSnz_4koan9witnessed6regionINtB3_6RegionNtNtNtNtB7_7machine4core5arena18KoanStorageProfileE5allocNtNtNtNtBZ_5model6values6module15ModuleSignatureEB7_
FN:97,_RINvMNtNtCsSCJAO8sSnz_4koan9witnessed6regionINtB3_6RegionNtNtNtNtB7_7machine4core5arena18KoanStorageProfileE5allocNtNtNtNtBZ_5model6values6module6ModuleEB7_
FN:97,_RINvMNtNtCsSCJAO8sSnz_4koan9witnessed6regionINtB3_6RegionNtNtNtNtB7_7machine4core5arena18KoanStorageProfileE5allocNtNtNtNtBZ_5model6values7kobject7KObjectEB7_
FN:86,_RNvMNtNtCsSCJAO8sSnz_4koan9witnessed6regionINtB2_6RegionNtNtNtNtB6_7machine4core5arena18KoanStorageProfileE11record_addrB6_
FN:66,_RNvMNtNtCsSCJAO8sSnz_4koan9witnessed6regionINtB2_6RegionNtNtNtNtB6_7machine4core5arena18KoanStorageProfileE3newB6_
FN:80,_RNvMNtNtCsSCJAO8sSnz_4koan9witnessed6regionINtB2_6RegionNtNtNtNtB6_7machine4core5arena18KoanStorageProfileE9owns_addrB6_
FN:112,_RNvXININtNtCsSCJAO8sSnz_4koan9witnessed6regions_0pEINtB5_6RegionpENtNtCs27Vx93FoQ6z_4core7default7Default7defaultB9_
FN:48,_RNvYNtNtNtNtNtCsSCJAO8sSnz_4koan7machine5model6values6module15ModuleSignatureINtNtNtBc_9witnessed6region6StoredNtNtNtBa_4core5arena18KoanStorageProfileE12record_localBc_
FN:48,_RNvYNtNtNtNtNtCsSCJAO8sSnz_4koan7machine5model6values6module6ModuleINtNtNtBc_9witnessed6region6StoredNtNtNtBa_4core5arena18KoanStorageProfileE12record_localBc_
FN:48,_RNvYNtNtNtNtCsSCJAO8sSnz_4koan7machine4core5scope5ScopeINtNtNtBa_9witnessed6region6StoredNtNtB6_5arena18KoanStorageProfileE12record_localBa_
FNDA:0,_RNvYNtNtNtNtCsbkxZCYEF3rm_4koan7machine5model9operators13OperatorGroupINtNtNtBa_9witnessed6region6StoredNtNtNtB8_4core5arena18KoanStorageProfileE12record_localBa_
FNDA:15,_RNvYNtNtNtNtNtCsbkxZCYEF3rm_4koan7machine5model6values6module15ModuleSignatureINtNtNtBc_9witnessed6region6StoredNtNtNtBa_4core5arena18KoanStorageProfileE12record_localBc_
FNDA:25,_RNvYNtNtNtNtNtCsbkxZCYEF3rm_4koan7machine5model6values6module6ModuleINtNtNtBc_9witnessed6region6StoredNtNtNtBa_4core5arena18KoanStorageProfileE12record_localBc_
FNDA:888,_RNvYNtNtNtNtNtCsbkxZCYEF3rm_4koan7machine5model5types5ktype5KTypeINtNtNtBc_9witnessed6region6StoredNtNtNtBa_4core5arena18KoanStorageProfileE12record_localBc_
FNDA:0,_RINvMNtNtCsbkxZCYEF3rm_4koan9witnessed6regionINtB3_6RegionNtNtNtNtB7_7machine4core5arena18KoanStorageProfileE10family_lenNtNtBY_9kfunction9KFunctionEB7_
FNDA:133,_RINvMNtNtCsbkxZCYEF3rm_4koan9witnessed6regionINtB3_6RegionNtNtNtNtB7_7machine4core5arena18KoanStorageProfileE5allocNtNtBY_5scope5ScopeEB7_
FNDA:1652,_RINvMNtNtCsbkxZCYEF3rm_4koan9witnessed6regionINtB3_6RegionNtNtNtNtB7_7machine4core5arena18KoanStorageProfileE5allocNtNtBY_9kfunction9KFunctionEB7_
FNDA:0,_RINvMNtNtCsbkxZCYEF3rm_4koan9witnessed6regionINtB3_6RegionNtNtNtNtB7_7machine4core5arena18KoanStorageProfileE5allocNtNtNtB10_5model9operators13OperatorGroupEB7_
FNDA:888,_RINvMNtNtCsbkxZCYEF3rm_4koan9witnessed6regionINtB3_6RegionNtNtNtNtB7_7machine4core5arena18KoanStorageProfileE5allocNtNtNtNtB10_5model5types5ktype5KTypeEB7_
FNDA:15,_RINvMNtNtCsbkxZCYEF3rm_4koan9witnessed6regionINtB3_6RegionNtNtNtNtB7_7machine4core5arena18KoanStorageProfileE5allocNtNtNtNtB10_5model6values6module15ModuleSignatureEB7_
FNDA:25,_RINvMNtNtCsbkxZCYEF3rm_4koan9witnessed6regionINtB3_6RegionNtNtNtNtB7_7machine4core5arena18KoanStorageProfileE5allocNtNtNtNtB10_5model6values6module6ModuleEB7_
FNDA:1919,_RINvMNtNtCsbkxZCYEF3rm_4koan9witnessed6regionINtB3_6RegionNtNtNtNtB7_7machine4core5arena18KoanStorageProfileE5allocNtNtNtNtB10_5model6values7kobject7KObjectEB7_
FNDA:1919,_RNvMNtNtCsbkxZCYEF3rm_4koan9witnessed6regionINtB2_6RegionNtNtNtNtB6_7machine4core5arena18KoanStorageProfileE11record_addrB6_
FNDA:52,_RNvMNtNtCsbkxZCYEF3rm_4koan9witnessed6regionINtB2_6RegionNtNtNtNtB6_7machine4core5arena18KoanStorageProfileE3newB6_
FNDA:0,_RNvMNtNtCsbkxZCYEF3rm_4koan9witnessed6regionINtB2_6RegionNtNtNtNtB6_7machine4core5arena18KoanStorageProfileE9owns_addrB6_
FNDA:0,_RNvXININtNtCsbkxZCYEF3rm_4koan9witnessed6regions_0pEINtB5_6RegionpENtNtCs27Vx93FoQ6z_4core7default7Default7defaultB9_
FNDA:1652,_RNvYNtNtNtNtCsbkxZCYEF3rm_4koan7machine4core9kfunction9KFunctionINtNtNtBa_9witnessed6region6StoredNtNtB6_5arena18KoanStorageProfileE12record_localBa_
FNDA:133,_RNvYNtNtNtNtCsbkxZCYEF3rm_4koan7machine4core5scope5ScopeINtNtNtBa_9witnessed6region6StoredNtNtB6_5arena18KoanStorageProfileE12record_localBa_
FNDA:7,_RNvYNtNtNtNtCsSCJAO8sSnz_4koan7machine5model9operators13OperatorGroupINtNtNtBa_9witnessed6region6StoredNtNtNtB8_4core5arena18KoanStorageProfileE12record_localBa_
FNDA:18348,_RNvYNtNtNtNtCsSCJAO8sSnz_4koan7machine4core9kfunction9KFunctionINtNtNtBa_9witnessed6region6StoredNtNtB6_5arena18KoanStorageProfileE12record_localBa_
FNDA:8734,_RNvYNtNtNtNtNtCsSCJAO8sSnz_4koan7machine5model5types5ktype5KTypeINtNtNtBc_9witnessed6region6StoredNtNtNtBa_4core5arena18KoanStorageProfileE12record_localBc_
FNDA:8,_RINvMNtNtCsSCJAO8sSnz_4koan9witnessed6regionINtB3_6RegionNtNtNtNtB7_7machine4core5arena18KoanStorageProfileE10family_lenNtNtBX_5scope5ScopeEB7_
FNDA:8,_RINvMNtNtCsSCJAO8sSnz_4koan9witnessed6regionINtB3_6RegionNtNtNtNtB7_7machine4core5arena18KoanStorageProfileE10family_lenNtNtBX_9kfunction9KFunctionEB7_
FNDA:8,_RINvMNtNtCsSCJAO8sSnz_4koan9witnessed6regionINtB3_6RegionNtNtNtNtB7_7machine4core5arena18KoanStorageProfileE10family_lenNtNtNtBZ_5model9operators13OperatorGroupEB7_
FNDA:8,_RINvMNtNtCsSCJAO8sSnz_4koan9witnessed6regionINtB3_6RegionNtNtNtNtB7_7machine4core5arena18KoanStorageProfileE10family_lenNtNtNtNtBZ_5model5types5ktype5KTypeEB7_
FNDA:8,_RINvMNtNtCsSCJAO8sSnz_4koan9witnessed6regionINtB3_6RegionNtNtNtNtB7_7machine4core5arena18KoanStorageProfileE10family_lenNtNtNtNtBZ_5model6values6module15ModuleSignatureEB7_
FNDA:8,_RINvMNtNtCsSCJAO8sSnz_4koan9witnessed6regionINtB3_6RegionNtNtNtNtB7_7machine4core5arena18KoanStorageProfileE10family_lenNtNtNtNtBZ_5model6values6module6ModuleEB7_
FNDA:8,_RINvMNtNtCsSCJAO8sSnz_4koan9witnessed6regionINtB3_6RegionNtNtNtNtB7_7machine4core5arena18KoanStorageProfileE10family_lenNtNtNtNtBZ_5model6values7kobject7KObjectEB7_
FNDA:1683,_RINvMNtNtCsSCJAO8sSnz_4koan9witnessed6regionINtB3_6RegionNtNtNtNtB7_7machine4core5arena18KoanStorageProfileE5allocNtNtBX_5scope5ScopeEB7_
FNDA:18348,_RINvMNtNtCsSCJAO8sSnz_4koan9witnessed6regionINtB3_6RegionNtNtNtNtB7_7machine4core5arena18KoanStorageProfileE5allocNtNtBX_9kfunction9KFunctionEB7_
FNDA:7,_RINvMNtNtCsSCJAO8sSnz_4koan9witnessed6regionINtB3_6RegionNtNtNtNtB7_7machine4core5arena18KoanStorageProfileE5allocNtNtNtBZ_5model9operators13OperatorGroupEB7_
FNDA:8734,_RINvMNtNtCsSCJAO8sSnz_4koan9witnessed6regionINtB3_6RegionNtNtNtNtB7_7machine4core5arena18KoanStorageProfileE5allocNtNtNtNtBZ_5model5types5ktype5KTypeEB7_
FNDA:74,_RINvMNtNtCsSCJAO8sSnz_4koan9witnessed6regionINtB3_6RegionNtNtNtNtB7_7machine4core5arena18KoanStorageProfileE5allocNtNtNtNtBZ_5model6values6module15ModuleSignatureEB7_
FNDA:129,_RINvMNtNtCsSCJAO8sSnz_4koan9witnessed6regionINtB3_6RegionNtNtNtNtB7_7machine4core5arena18KoanStorageProfileE5allocNtNtNtNtBZ_5model6values6module6ModuleEB7_
FNDA:22075,_RINvMNtNtCsSCJAO8sSnz_4koan9witnessed6regionINtB3_6RegionNtNtNtNtB7_7machine4core5arena18KoanStorageProfileE5allocNtNtNtNtBZ_5model6values7kobject7KObjectEB7_
FNDA:22075,_RNvMNtNtCsSCJAO8sSnz_4koan9witnessed6regionINtB2_6RegionNtNtNtNtB6_7machine4core5arena18KoanStorageProfileE11record_addrB6_
FNDA:1008,_RNvMNtNtCsSCJAO8sSnz_4koan9witnessed6regionINtB2_6RegionNtNtNtNtB6_7machine4core5arena18KoanStorageProfileE3newB6_
FNDA:6,_RNvMNtNtCsSCJAO8sSnz_4koan9witnessed6regionINtB2_6RegionNtNtNtNtB6_7machine4core5arena18KoanStorageProfileE9owns_addrB6_
FNDA:0,_RNvXININtNtCsSCJAO8sSnz_4koan9witnessed6regions_0pEINtB5_6RegionpENtNtCs27Vx93FoQ6z_4core7default7Default7defaultB9_
FNDA:74,_RNvYNtNtNtNtNtCsSCJAO8sSnz_4koan7machine5model6values6module15ModuleSignatureINtNtNtBc_9witnessed6region6StoredNtNtNtBa_4core5arena18KoanStorageProfileE12record_localBc_
FNDA:129,_RNvYNtNtNtNtNtCsSCJAO8sSnz_4koan7machine5model6values6module6ModuleINtNtNtBc_9witnessed6region6StoredNtNtNtBa_4core5arena18KoanStorageProfileE12record_localBc_
FNDA:1683,_RNvYNtNtNtNtCsSCJAO8sSnz_4koan7machine4core5scope5ScopeINtNtNtBa_9witnessed6region6StoredNtNtB6_5arena18KoanStorageProfileE12record_localBa_
FNF:7
FNH:6
DA:48,31688
DA:66,1060
DA:67,1060
DA:68,1060
DA:69,1060
DA:70,1060
DA:71,1060
DA:75,56
DA:76,56
DA:77,56
DA:80,6
DA:81,6
DA:82,6
DA:86,23994
DA:87,23994
DA:88,23994
DA:97,55682
DA:98,55682
DA:99,55682
DA:102,55682
DA:107,55682
DA:108,55682
DA:112,0
DA:113,0
DA:114,0
BRF:0
BRH:0
LF:25
LH:22
end_of_record