SF:/var/home/jack/Code/koan/src/builtins.rs
FN:138,_RNvNtCscUx3zdyuqfq_4koan8builtins13default_scope
FN:63,_RNvNtCscUx3zdyuqfq_4koan8builtins16register_builtin
FN:111,_RNvNtCscUx3zdyuqfq_4koan8builtins21register_builtin_full
FN:96,_RNvNtCscUx3zdyuqfq_4koan8builtins23register_nominal_binder
FN:74,_RNvNtCscUx3zdyuqfq_4koan8builtins28register_builtin_with_binder
FN:39,_RNvNtCscUx3zdyuqfq_4koan8builtins2kw
FN:44,_RNvNtCscUx3zdyuqfq_4koan8builtins3arg
FN:34,_RNvNtCscUx3zdyuqfq_4koan8builtins3err
FN:53,_RNvNtCscUx3zdyuqfq_4koan8builtins3sig
FN:138,_RNvNtCseriWsCb5ev6_4koan8builtins13default_scope
FN:63,_RNvNtCseriWsCb5ev6_4koan8builtins16register_builtin
FN:111,_RNvNtCseriWsCb5ev6_4koan8builtins21register_builtin_full
FN:96,_RNvNtCseriWsCb5ev6_4koan8builtins23register_nominal_binder
FN:74,_RNvNtCseriWsCb5ev6_4koan8builtins28register_builtin_with_binder
FN:39,_RNvNtCseriWsCb5ev6_4koan8builtins2kw
FN:44,_RNvNtCseriWsCb5ev6_4koan8builtins3arg
FN:34,_RNvNtCseriWsCb5ev6_4koan8builtins3err
FN:53,_RNvNtCseriWsCb5ev6_4koan8builtins3sig
FNDA:40,_RNvNtCscUx3zdyuqfq_4koan8builtins13default_scope
FNDA:1040,_RNvNtCscUx3zdyuqfq_4koan8builtins16register_builtin
FNDA:1520,_RNvNtCscUx3zdyuqfq_4koan8builtins21register_builtin_full
FNDA:160,_RNvNtCscUx3zdyuqfq_4koan8builtins23register_nominal_binder
FNDA:1200,_RNvNtCscUx3zdyuqfq_4koan8builtins28register_builtin_with_binder
FNDA:2400,_RNvNtCscUx3zdyuqfq_4koan8builtins2kw
FNDA:2920,_RNvNtCscUx3zdyuqfq_4koan8builtins3arg
FNDA:1,_RNvNtCscUx3zdyuqfq_4koan8builtins3err
FNDA:1520,_RNvNtCscUx3zdyuqfq_4koan8builtins3sig
FNDA:466,_RNvNtCseriWsCb5ev6_4koan8builtins13default_scope
FNDA:12134,_RNvNtCseriWsCb5ev6_4koan8builtins16register_builtin
FNDA:17727,_RNvNtCseriWsCb5ev6_4koan8builtins21register_builtin_full
FNDA:1864,_RNvNtCseriWsCb5ev6_4koan8builtins23register_nominal_binder
FNDA:13999,_RNvNtCseriWsCb5ev6_4koan8builtins28register_builtin_with_binder
FNDA:27960,_RNvNtCseriWsCb5ev6_4koan8builtins2kw
FNDA:34018,_RNvNtCseriWsCb5ev6_4koan8builtins3arg
FNDA:52,_RNvNtCseriWsCb5ev6_4koan8builtins3err
FNDA:17708,_RNvNtCseriWsCb5ev6_4koan8builtins3sig
FNF:9
FNH:9
DA:34,53
DA:35,53
DA:36,53
DA:39,30360
DA:40,30360
DA:41,30360
DA:44,36938
DA:45,36938
DA:46,36938
DA:47,36938
DA:48,36938
DA:49,36938
DA:53,19228
DA:54,19228
DA:55,19228
DA:56,19228
DA:57,19228
DA:58,19228
DA:59,19228
DA:60,19228
DA:61,19228
DA:63,13174
DA:64,13174
DA:65,13174
DA:66,13174
DA:67,13174
DA:68,13174
DA:69,13174
DA:70,13174
DA:74,15199
DA:75,15199
DA:76,15199
DA:77,15199
DA:78,15199
DA:79,15199
DA:80,15199
DA:81,15199
DA:82,15199
DA:83,15199
DA:84,15199
DA:85,15199
DA:86,15199
DA:87,15199
DA:91,15199
DA:96,2024
DA:97,2024
DA:98,2024
DA:99,2024
DA:100,2024
DA:101,2024
DA:102,2024
DA:103,2024
DA:104,2024
DA:111,19247
DA:112,19247
DA:113,19247
DA:114,19247
DA:115,19247
DA:116,19247
DA:117,19247
DA:118,19247
DA:119,19247
DA:120,19247
DA:121,19247
DA:122,19247
DA:123,19247
DA:124,19247
DA:125,19247
DA:126,19247
DA:127,19247
DA:128,19247
DA:129,19247
DA:130,19247
DA:131,19247
DA:132,19247
DA:133,19247
DA:138,506
DA:139,506
DA:140,506
DA:141,506
DA:142,506
DA:144,506
DA:145,506
DA:146,506
DA:147,506
DA:148,506
DA:149,506
DA:150,506
DA:153,506
DA:154,506
DA:155,506
DA:158,506
DA:159,506
DA:160,506
DA:163,506
DA:166,506
DA:167,506
DA:168,506
DA:169,506
DA:170,506
DA:173,506
DA:174,506
DA:175,506
DA:176,506
DA:177,506
DA:180,506
DA:181,506
DA:182,506
DA:183,506
DA:186,506
DA:188,506
DA:189,506
DA:190,506
DA:191,506
DA:192,506
DA:193,506
DA:194,506
DA:195,506
DA:196,506
DA:197,506
DA:198,506
DA:199,506
DA:200,506
DA:201,506
DA:202,506
DA:203,506
DA:204,506
DA:205,506
DA:206,506
DA:207,506
DA:208,506
DA:210,506
DA:211,506
BRF:0
BRH:0
LF:133
LH:133
end_of_record
SF:/var/home/jack/Code/koan/src/builtins/ascribe.rs
FN:176,_RNCNvNtNtCscUx3zdyuqfq_4koan8builtins7ascribe21is_abstract_type_name0B7_
FN:15,_RNvNtNtCscUx3zdyuqfq_4koan8builtins7ascribe11body_opaque
FN:116,_RNvNtNtCscUx3zdyuqfq_4koan8builtins7ascribe11shape_check
FN:89,_RNvNtNtCscUx3zdyuqfq_4koan8builtins7ascribe16body_transparent
FN:168,_RNvNtNtCscUx3zdyuqfq_4koan8builtins7ascribe21is_abstract_type_name
FN:154,_RNvNtNtCscUx3zdyuqfq_4koan8builtins7ascribe22abstract_type_names_of
FN:179,_RNvNtNtCscUx3zdyuqfq_4koan8builtins7ascribe28resolve_module_and_signature
FN:193,_RNvNtNtCscUx3zdyuqfq_4koan8builtins7ascribe8register
FN:15,_RNvNtNtCseriWsCb5ev6_4koan8builtins7ascribe11body_opaque
FN:116,_RNvNtNtCseriWsCb5ev6_4koan8builtins7ascribe11shape_check
FN:89,_RNvNtNtCseriWsCb5ev6_4koan8builtins7ascribe16body_transparent
FN:168,_RNvNtNtCseriWsCb5ev6_4koan8builtins7ascribe21is_abstract_type_name
FN:154,_RNvNtNtCseriWsCb5ev6_4koan8builtins7ascribe22abstract_type_names_of
FN:179,_RNvNtNtCseriWsCb5ev6_4koan8builtins7ascribe28resolve_module_and_signature
FN:193,_RNvNtNtCseriWsCb5ev6_4koan8builtins7ascribe8register
FN:176,_RNCNvNtNtCseriWsCb5ev6_4koan8builtins7ascribe21is_abstract_type_name0B7_
FNDA:0,_RNCNvNtNtCscUx3zdyuqfq_4koan8builtins7ascribe21is_abstract_type_name0B7_
FNDA:1,_RNvNtNtCscUx3zdyuqfq_4koan8builtins7ascribe11body_opaque
FNDA:4,_RNvNtNtCscUx3zdyuqfq_4koan8builtins7ascribe11shape_check
FNDA:3,_RNvNtNtCscUx3zdyuqfq_4koan8builtins7ascribe16body_transparent
FNDA:18,_RNvNtNtCscUx3zdyuqfq_4koan8builtins7ascribe21is_abstract_type_name
FNDA:5,_RNvNtNtCscUx3zdyuqfq_4koan8builtins7ascribe22abstract_type_names_of
FNDA:4,_RNvNtNtCscUx3zdyuqfq_4koan8builtins7ascribe28resolve_module_and_signature
FNDA:40,_RNvNtNtCscUx3zdyuqfq_4koan8builtins7ascribe8register
FNDA:19,_RNvNtNtCseriWsCb5ev6_4koan8builtins7ascribe11body_opaque
FNDA:36,_RNvNtNtCseriWsCb5ev6_4koan8builtins7ascribe11shape_check
FNDA:17,_RNvNtNtCseriWsCb5ev6_4koan8builtins7ascribe16body_transparent
FNDA:127,_RNvNtNtCseriWsCb5ev6_4koan8builtins7ascribe21is_abstract_type_name
FNDA:62,_RNvNtNtCseriWsCb5ev6_4koan8builtins7ascribe22abstract_type_names_of
FNDA:36,_RNvNtNtCseriWsCb5ev6_4koan8builtins7ascribe28resolve_module_and_signature
FNDA:466,_RNvNtNtCseriWsCb5ev6_4koan8builtins7ascribe8register
FNDA:9,_RNCNvNtNtCseriWsCb5ev6_4koan8builtins7ascribe21is_abstract_type_name0B7_
FNF:8
FNH:8
DA:15,20
DA:16,20
DA:17,20
DA:18,20
DA:19,20
DA:20,20
DA:21,20
DA:22,0
DA:25,20
DA:26,20
DA:27,20
DA:28,20
DA:31,20
DA:32,20
DA:33,0
DA:34,20
DA:36,20
DA:40,20
DA:42,20
DA:43,20
DA:44,13
DA:48,3
DA:49,3
DA:52,3
DA:53,3
DA:54,3
DA:55,3
DA:56,3
DA:57,3
DA:58,3
DA:59,3
DA:60,10
DA:61,10
DA:62,10
DA:63,10
DA:65,13
DA:68,20
DA:69,13
DA:70,13
DA:71,13
DA:72,13
DA:73,7
DA:75,20
DA:76,2
DA:77,18
DA:79,18
DA:81,18
DA:82,18
DA:83,18
DA:84,18
DA:85,18
DA:86,20
DA:89,20
DA:90,20
DA:91,20
DA:92,20
DA:93,20
DA:94,20
DA:95,20
DA:96,0
DA:98,20
DA:99,0
DA:100,20
DA:102,20
DA:103,20
DA:104,20
DA:105,20
DA:106,20
DA:107,20
DA:108,20
DA:109,20
DA:110,20
DA:111,20
DA:112,20
DA:113,20
DA:116,40
DA:117,40
DA:118,40
DA:119,40
DA:120,40
DA:121,40
DA:122,40
DA:123,40
DA:124,40
DA:125,40
DA:126,40
DA:127,40
DA:128,40
DA:129,40
DA:130,40
DA:131,40
DA:132,40
DA:133,40
DA:134,40
DA:135,40
DA:136,40
DA:137,40
DA:138,37
DA:139,0
DA:140,37
DA:141,37
DA:142,2
DA:143,2
DA:144,2
DA:145,2
DA:146,35
DA:148,38
DA:149,40
DA:154,67
DA:155,67
DA:156,67
DA:157,67
DA:158,67
DA:159,61
DA:160,0
DA:161,61
DA:163,67
DA:164,67
DA:168,145
DA:169,145
DA:170,145
DA:171,0
DA:173,145
DA:174,136
DA:175,9
DA:176,9
DA:177,145
DA:179,40
DA:180,40
DA:181,40
DA:182,40
DA:183,40
DA:184,40
DA:185,40
DA:186,40
DA:187,40
DA:188,40
DA:189,40
DA:190,40
DA:191,40
DA:193,506
DA:197,506
DA:198,506
DA:199,506
DA:200,506
DA:201,506
DA:202,506
DA:203,506
DA:204,506
DA:205,506
DA:208,506
DA:210,506
DA:211,506
DA:212,506
DA:213,506
DA:214,506
DA:215,506
DA:216,506
DA:217,506
DA:218,506
DA:221,506
DA:223,506
BRF:0
BRH:0
LF:163
LH:156
end_of_record
SF:/var/home/jack/Code/koan/src/builtins/attr.rs
FN:120,_RNvNtNtCscUx3zdyuqfq_4koan8builtins4attr11body_module
FN:104,_RNvNtNtCscUx3zdyuqfq_4koan8builtins4attr11body_struct
FN:160,_RNvNtNtCscUx3zdyuqfq_4koan8builtins4attr12access_field
FN:70,_RNvNtNtCscUx3zdyuqfq_4koan8builtins4attr13body_type_lhs
FN:22,_RNvNtNtCscUx3zdyuqfq_4koan8builtins4attr15body_identifier
FN:146,_RNvNtNtCscUx3zdyuqfq_4koan8builtins4attr15read_field_name
FN:211,_RNvNtNtCscUx3zdyuqfq_4koan8builtins4attr20access_module_member
FN:228,_RNvNtNtCscUx3zdyuqfq_4koan8builtins4attr8register
FN:384,_RNvNtNtNtCseriWsCb5ev6_4koan8builtins4attr5testss_24attr_unbound_name_errors
FN:411,_RNvNtNtNtCseriWsCb5ev6_4koan8builtins4attr5testss_25attr_unknown_field_errors
FN:395,_RNvNtNtNtCseriWsCb5ev6_4koan8builtins4attr5testss_31attr_on_non_struct_value_errors
FN:427,_RNvNtNtNtCseriWsCb5ev6_4koan8builtins4attr5testss_33attr_chained_unknown_field_errors
FN:368,_RNvNtNtNtCseriWsCb5ev6_4koan8builtins4attr5testss_34attr_chained_through_nested_struct
FN:344,_RNvNtNtNtCseriWsCb5ev6_4koan8builtins4attr5testss_34attr_reads_field_from_named_struct
FN:356,_RNvNtNtNtCseriWsCb5ev6_4koan8builtins4attr5testss_35attr_reads_each_field_independently
FN:464,_RNvNtNtNtCseriWsCb5ev6_4koan8builtins4attr5testss_39access_field_rejects_wrapped_non_struct
FN:448,_RNvNtNtNtCseriWsCb5ev6_4koan8builtins4attr5testss_41access_field_falls_through_wrapped_struct
FN:486,_RNvNtNtNtCseriWsCb5ev6_4koan8builtins4attr5testss_53access_field_falls_through_wrapped_with_missing_field
FN:120,_RNvNtNtCseriWsCb5ev6_4koan8builtins4attr11body_module
FN:104,_RNvNtNtCseriWsCb5ev6_4koan8builtins4attr11body_struct
FN:160,_RNvNtNtCseriWsCb5ev6_4koan8builtins4attr12access_field
FN:70,_RNvNtNtCseriWsCb5ev6_4koan8builtins4attr13body_type_lhs
FN:22,_RNvNtNtCseriWsCb5ev6_4koan8builtins4attr15body_identifier
FN:146,_RNvNtNtCseriWsCb5ev6_4koan8builtins4attr15read_field_name
FN:211,_RNvNtNtCseriWsCb5ev6_4koan8builtins4attr20access_module_member
FN:228,_RNvNtNtCseriWsCb5ev6_4koan8builtins4attr8register
FNDA:7,_RNvNtNtCscUx3zdyuqfq_4koan8builtins4attr11body_module
FNDA:1,_RNvNtNtCscUx3zdyuqfq_4koan8builtins4attr11body_struct
FNDA:1,_RNvNtNtCscUx3zdyuqfq_4koan8builtins4attr12access_field
FNDA:0,_RNvNtNtCscUx3zdyuqfq_4koan8builtins4attr13body_type_lhs
FNDA:1,_RNvNtNtCscUx3zdyuqfq_4koan8builtins4attr15body_identifier
FNDA:9,_RNvNtNtCscUx3zdyuqfq_4koan8builtins4attr15read_field_name
FNDA:7,_RNvNtNtCscUx3zdyuqfq_4koan8builtins4attr20access_module_member
FNDA:40,_RNvNtNtCscUx3zdyuqfq_4koan8builtins4attr8register
FNDA:1,_RNvNtNtNtCseriWsCb5ev6_4koan8builtins4attr5testss_24attr_unbound_name_errors
FNDA:1,_RNvNtNtNtCseriWsCb5ev6_4koan8builtins4attr5testss_25attr_unknown_field_errors
FNDA:1,_RNvNtNtNtCseriWsCb5ev6_4koan8builtins4attr5testss_31attr_on_non_struct_value_errors
FNDA:1,_RNvNtNtNtCseriWsCb5ev6_4koan8builtins4attr5testss_33attr_chained_unknown_field_errors
FNDA:1,_RNvNtNtNtCseriWsCb5ev6_4koan8builtins4attr5testss_34attr_chained_through_nested_struct
FNDA:1,_RNvNtNtNtCseriWsCb5ev6_4koan8builtins4attr5testss_34attr_reads_field_from_named_struct
FNDA:1,_RNvNtNtNtCseriWsCb5ev6_4koan8builtins4attr5testss_35attr_reads_each_field_independently
FNDA:1,_RNvNtNtNtCseriWsCb5ev6_4koan8builtins4attr5testss_39access_field_rejects_wrapped_non_struct
FNDA:1,_RNvNtNtNtCseriWsCb5ev6_4koan8builtins4attr5testss_41access_field_falls_through_wrapped_struct
FNDA:1,_RNvNtNtNtCseriWsCb5ev6_4koan8builtins4attr5testss_53access_field_falls_through_wrapped_with_missing_field
FNDA:9,_RNvNtNtCseriWsCb5ev6_4koan8builtins4attr11body_module
FNDA:18,_RNvNtNtCseriWsCb5ev6_4koan8builtins4attr11body_struct
FNDA:25,_RNvNtNtCseriWsCb5ev6_4koan8builtins4attr12access_field
FNDA:0,_RNvNtNtCseriWsCb5ev6_4koan8builtins4attr13body_type_lhs
FNDA:7,_RNvNtNtCseriWsCb5ev6_4koan8builtins4attr15body_identifier
FNDA:34,_RNvNtNtCseriWsCb5ev6_4koan8builtins4attr15read_field_name
FNDA:12,_RNvNtNtCseriWsCb5ev6_4koan8builtins4attr20access_module_member
FNDA:466,_RNvNtNtCseriWsCb5ev6_4koan8builtins4attr8register
FNF:18
FNH:17
DA:22,8
DA:23,8
DA:24,8
DA:25,8
DA:26,8
DA:27,8
DA:28,8
DA:29,0
DA:30,0
DA:31,0
DA:32,0
DA:33,0
DA:34,0
DA:36,0
DA:38,8
DA:39,8
DA:40,8
DA:41,0
DA:46,8
DA:47,3
DA:48,5
DA:49,5
DA:50,3
DA:51,3
DA:52,0
DA:53,0
DA:58,0
DA:60,2
DA:61,2
DA:62,8
DA:70,0
DA:71,0
DA:72,0
DA:73,0
DA:74,0
DA:75,0
DA:76,0
DA:77,0
DA:78,0
DA:79,0
DA:80,0
DA:81,0
DA:82,0
DA:83,0
DA:85,0
DA:87,0
DA:88,0
DA:89,0
DA:96,0
DA:97,0
DA:98,0
DA:99,0
DA:101,0
DA:102,0
DA:104,19
DA:105,19
DA:106,19
DA:107,19
DA:108,19
DA:109,19
DA:110,19
DA:111,0
DA:113,19
DA:114,19
DA:115,0
DA:117,19
DA:118,19
DA:120,16
DA:121,16
DA:122,16
DA:123,16
DA:124,16
DA:125,16
DA:126,16
DA:127,0
DA:129,16
DA:130,16
DA:131,0
DA:133,16
DA:134,16
DA:136,0
DA:137,0
DA:138,0
DA:139,0
DA:140,0
DA:143,16
DA:144,16
DA:146,43
DA:147,43
DA:148,38
DA:149,0
DA:150,5
DA:151,0
DA:152,0
DA:153,0
DA:154,0
DA:155,0
DA:156,0
DA:158,43
DA:160,26
DA:161,0
DA:163,18
DA:164,18
DA:166,18
DA:167,15
DA:168,3
DA:169,3
DA:170,3
DA:171,3
DA:173,0
DA:175,0
DA:176,0
DA:177,0
DA:178,0
DA:179,0
DA:180,0
DA:181,0
DA:182,0
DA:183,0
DA:184,0
DA:185,0
DA:186,0
DA:189,0
DA:190,0
DA:195,4
DA:196,4
DA:197,4
DA:198,4
DA:199,4
DA:200,4
DA:202,26
DA:211,19
DA:212,19
DA:213,5
DA:214,14
DA:215,14
DA:216,14
DA:217,13
DA:218,1
DA:219,1
DA:220,0
DA:221,1
DA:222,1
DA:223,1
DA:224,1
DA:225,1
DA:226,19
DA:228,506
DA:229,506
DA:230,506
DA:231,506
DA:232,506
DA:233,506
DA:234,506
DA:235,506
DA:236,506
DA:237,506
DA:239,506
DA:240,506
DA:241,506
DA:242,506
DA:243,506
DA:244,506
DA:245,506
DA:246,506
DA:247,506
DA:250,506
DA:252,506
DA:253,506
DA:254,506
DA:255,506
DA:256,506
DA:257,506
DA:258,506
DA:259,506
DA:260,506
DA:263,506
DA:265,506
DA:266,506
DA:267,506
DA:268,506
DA:269,506
DA:270,506
DA:271,506
DA:272,506
DA:273,506
DA:276,506
DA:282,506
DA:283,506
DA:284,506
DA:285,506
DA:286,506
DA:287,506
DA:288,506
DA:289,506
DA:290,506
DA:293,506
DA:295,506
DA:296,506
DA:297,506
DA:298,506
DA:299,506
DA:300,506
DA:301,506
DA:302,506
DA:303,506
DA:306,506
DA:308,506
DA:309,506
DA:310,506
DA:311,506
DA:312,506
DA:313,506
DA:314,506
DA:315,506
DA:316,506
DA:319,506
DA:322,506
DA:323,506
DA:324,506
DA:325,506
DA:326,506
DA:327,506
DA:328,506
DA:329,506
DA:330,506
DA:333,506
DA:335,506
DA:344,1
DA:345,1
DA:346,1
DA:347,1
DA:348,1
DA:349,1
DA:351,1
DA:352,1
DA:353,1
DA:356,1
DA:357,1
DA:358,1
DA:359,1
DA:360,1
DA:361,1
DA:363,1
DA:364,1
DA:365,1
DA:368,1
DA:369,1
DA:370,1
DA:371,1
DA:372,1
DA:373,1
DA:374,1
DA:375,1
DA:376,1
DA:377,1
DA:379,1
DA:380,1
DA:381,1
DA:384,1
DA:385,1
DA:386,1
DA:387,1
DA:388,1
DA:389,1
DA:392,1
DA:395,1
DA:396,1
DA:397,1
DA:398,1
DA:399,1
DA:400,1
DA:401,1
DA:402,1
DA:403,1
DA:404,1
DA:406,0
DA:408,1
DA:411,1
DA:412,1
DA:413,1
DA:414,1
DA:415,1
DA:416,1
DA:418,1
DA:419,1
DA:420,1
DA:421,1
DA:424,1
DA:427,1
DA:428,1
DA:429,1
DA:430,1
DA:431,1
DA:432,1
DA:433,1
DA:434,1
DA:435,1
DA:436,1
DA:438,1
DA:439,1
DA:440,1
DA:441,1
DA:444,1
DA:448,1
DA:449,1
DA:450,1
DA:451,1
DA:452,1
DA:453,1
DA:454,1
DA:455,1
DA:456,1
DA:458,1
DA:459,1
DA:460,1
DA:464,1
DA:465,1
DA:466,1
DA:467,1
DA:468,1
DA:469,1
DA:470,1
DA:472,1
DA:473,1
DA:474,1
DA:475,1
DA:476,1
DA:477,1
DA:479,0
DA:481,1
DA:486,1
DA:487,1
DA:488,1
DA:489,1
DA:490,1
DA:491,1
DA:492,1
DA:493,1
DA:494,1
DA:496,1
DA:497,1
DA:498,1
DA:499,1
DA:502,1
BRF:0
BRH:0
LF:345
LH:275
end_of_record
SF:/var/home/jack/Code/koan/src/builtins/branch_walk.rs
FN:12,_RNvNtNtCscUx3zdyuqfq_4koan8builtins11branch_walk16find_branch_body
FN:12,_RNvNtNtCseriWsCb5ev6_4koan8builtins11branch_walk16find_branch_body
FNDA:0,_RNvNtNtCscUx3zdyuqfq_4koan8builtins11branch_walk16find_branch_body
FNDA:86,_RNvNtNtCseriWsCb5ev6_4koan8builtins11branch_walk16find_branch_body
FNF:1
FNH:1
DA:12,86
DA:13,86
DA:14,86
DA:15,86
DA:16,86
DA:17,86
DA:18,86
DA:19,0
DA:20,0
DA:21,0
DA:22,0
DA:23,86
DA:24,86
DA:25,86
DA:26,127
DA:27,119
DA:28,119
DA:29,119
DA:30,119
DA:31,106
DA:34,9
DA:35,9
DA:36,6
DA:38,3
DA:42,4
DA:43,0
DA:44,0
DA:45,0
DA:46,0
DA:47,0
DA:50,119
DA:51,119
DA:52,0
DA:53,0
DA:54,0
DA:55,0
DA:56,0
DA:59,119
DA:60,117
DA:61,2
DA:62,2
DA:63,2
DA:64,2
DA:65,2
DA:68,117
DA:69,76
DA:70,41
DA:71,41
DA:72,4
DA:73,37
DA:74,41
DA:76,8
DA:77,86
BRF:0
BRH:0
LF:53
LH:39
end_of_record
SF:/var/home/jack/Code/koan/src/builtins/catch.rs
FN:39,_RNCNvNtNtCscUx3zdyuqfq_4koan8builtins5catch4body0B7_
FN:18,_RNvNtNtCscUx3zdyuqfq_4koan8builtins5catch4body
FN:60,_RNvNtNtCscUx3zdyuqfq_4koan8builtins5catch8register
FN:39,_RNCNvNtNtCseriWsCb5ev6_4koan8builtins5catch4body0B7_
FN:18,_RNvNtNtCseriWsCb5ev6_4koan8builtins5catch4body
FN:60,_RNvNtNtCseriWsCb5ev6_4koan8builtins5catch8register
FNDA:0,_RNCNvNtNtCscUx3zdyuqfq_4koan8builtins5catch4body0B7_
FNDA:0,_RNvNtNtCscUx3zdyuqfq_4koan8builtins5catch4body
FNDA:40,_RNvNtNtCscUx3zdyuqfq_4koan8builtins5catch8register
FNDA:8,_RNCNvNtNtCseriWsCb5ev6_4koan8builtins5catch4body0B7_
FNDA:8,_RNvNtNtCseriWsCb5ev6_4koan8builtins5catch4body
FNDA:466,_RNvNtNtCseriWsCb5ev6_4koan8builtins5catch8register
FNF:3
FNH:3
DA:18,8
DA:19,8
DA:20,8
DA:21,8
DA:22,8
DA:23,8
DA:24,8
DA:26,0
DA:27,0
DA:28,0
DA:34,8
DA:35,8
DA:36,0
DA:38,8
DA:39,8
DA:40,8
DA:41,4
DA:42,4
DA:44,8
DA:45,8
DA:46,8
DA:47,8
DA:48,8
DA:49,8
DA:50,8
DA:51,8
DA:52,8
DA:53,8
DA:54,8
DA:55,8
DA:56,8
DA:57,8
DA:58,8
DA:60,506
DA:61,506
DA:62,506
DA:63,506
DA:64,506
DA:65,506
DA:66,506
DA:67,506
DA:68,506
DA:70,506
DA:72,506
BRF:0
BRH:0
LF:45
LH:41
end_of_record
SF:/var/home/jack/Code/koan/src/builtins/eval.rs
FN:16,_RNvNtNtCscUx3zdyuqfq_4koan8builtins4eval4body
FN:47,_RNvNtNtCscUx3zdyuqfq_4koan8builtins4eval8register
FN:16,_RNvNtNtCseriWsCb5ev6_4koan8builtins4eval4body
FN:47,_RNvNtNtCseriWsCb5ev6_4koan8builtins4eval8register
FN:63,_RNvNtNtNtCseriWsCb5ev6_4koan8builtins4eval5tests11run_program
FN:120,_RNvNtNtNtCseriWsCb5ev6_4koan8builtins4eval5testss_21recursive_eval_no_uaf
FN:72,_RNvNtNtNtCseriWsCb5ev6_4koan8builtins4eval5testss_22eval_of_quoted_literal
FN:106,_RNvNtNtNtCseriWsCb5ev6_4koan8builtins4eval5testss_34multiline_sigil_collapse_roundtrip
FN:112,_RNvNtNtNtCseriWsCb5ev6_4koan8builtins4eval5testss_35eval_returns_inner_expression_value
FN:100,_RNvNtNtNtCseriWsCb5ev6_4koan8builtins4eval5testss_37eval_runs_side_effects_in_quoted_body
FN:78,_RNvNtNtNtCseriWsCb5ev6_4koan8builtins4eval5testss_38eval_of_function_returning_kexpression
FN:87,_RNvNtNtNtCseriWsCb5ev6_4koan8builtins4eval5testss_49eval_of_non_kexpression_errors_with_type_mismatch
FNDA:0,_RNvNtNtCscUx3zdyuqfq_4koan8builtins4eval4body
FNDA:40,_RNvNtNtCscUx3zdyuqfq_4koan8builtins4eval8register
FNDA:9,_RNvNtNtCseriWsCb5ev6_4koan8builtins4eval4body
FNDA:466,_RNvNtNtCseriWsCb5ev6_4koan8builtins4eval8register
FNDA:6,_RNvNtNtNtCseriWsCb5ev6_4koan8builtins4eval5tests11run_program
FNDA:1,_RNvNtNtNtCseriWsCb5ev6_4koan8builtins4eval5testss_21recursive_eval_no_uaf
FNDA:1,_RNvNtNtNtCseriWsCb5ev6_4koan8builtins4eval5testss_22eval_of_quoted_literal
FNDA:1,_RNvNtNtNtCseriWsCb5ev6_4koan8builtins4eval5testss_34multiline_sigil_collapse_roundtrip
FNDA:1,_RNvNtNtNtCseriWsCb5ev6_4koan8builtins4eval5testss_35eval_returns_inner_expression_value
FNDA:1,_RNvNtNtNtCseriWsCb5ev6_4koan8builtins4eval5testss_37eval_runs_side_effects_in_quoted_body
FNDA:1,_RNvNtNtNtCseriWsCb5ev6_4koan8builtins4eval5testss_38eval_of_function_returning_kexpression
FNDA:1,_RNvNtNtNtCseriWsCb5ev6_4koan8builtins4eval5testss_49eval_of_non_kexpression_errors_with_type_mismatch
FNF:10
FNH:10
DA:16,9
DA:17,9
DA:18,9
DA:19,9
DA:20,9
DA:21,9
DA:22,9
DA:23,0
DA:25,9
DA:26,8
DA:27,1
DA:28,1
DA:29,1
DA:30,1
DA:31,1
DA:32,1
DA:37,8
DA:38,8
DA:39,8
DA:40,8
DA:41,8
DA:42,8
DA:43,8
DA:44,8
DA:45,9
DA:47,506
DA:48,506
DA:49,506
DA:50,506
DA:51,506
DA:52,506
DA:54,506
DA:63,6
DA:64,6
DA:65,6
DA:66,6
DA:67,6
DA:68,6
DA:69,6
DA:72,1
DA:73,1
DA:74,1
DA:75,1
DA:78,1
DA:79,1
DA:80,1
DA:81,1
DA:83,1
DA:84,1
DA:87,1
DA:88,1
DA:89,1
DA:90,1
DA:91,1
DA:92,1
DA:93,1
DA:94,1
DA:97,1
DA:100,1
DA:101,1
DA:102,1
DA:103,1
DA:106,1
DA:107,1
DA:108,1
DA:109,1
DA:112,1
DA:115,1
DA:116,1
DA:117,1
DA:120,1
DA:124,1
DA:125,1
DA:126,1
DA:127,1
DA:128,1
DA:129,1
DA:130,1
DA:132,1
DA:133,1
BRF:0
BRH:0
LF:80
LH:79
end_of_record
SF:/var/home/jack/Code/koan/src/builtins/fn_def.rs
FN:83,_RNCNvNtNtCscUx3zdyuqfq_4koan8builtins6fn_def4body0B7_
FN:27,_RNvNtNtCscUx3zdyuqfq_4koan8builtins6fn_def4body
FN:103,_RNvNtNtCscUx3zdyuqfq_4koan8builtins6fn_def8register
FN:27,_RNvNtNtCseriWsCb5ev6_4koan8builtins6fn_def4body
FN:103,_RNvNtNtCseriWsCb5ev6_4koan8builtins6fn_def8register
FN:83,_RNCNvNtNtCseriWsCb5ev6_4koan8builtins6fn_def4body0B7_
FNDA:10,_RNCNvNtNtCscUx3zdyuqfq_4koan8builtins6fn_def4body0B7_
FNDA:10,_RNvNtNtCscUx3zdyuqfq_4koan8builtins6fn_def4body
FNDA:40,_RNvNtNtCscUx3zdyuqfq_4koan8builtins6fn_def8register
FNDA:190,_RNvNtNtCseriWsCb5ev6_4koan8builtins6fn_def4body
FNDA:466,_RNvNtNtCseriWsCb5ev6_4koan8builtins6fn_def8register
FNDA:185,_RNCNvNtNtCseriWsCb5ev6_4koan8builtins6fn_def4body0B7_
FNF:3
FNH:3
DA:27,200
DA:28,200
DA:29,200
DA:30,200
DA:31,200
DA:32,200
DA:33,200
DA:35,0
DA:36,0
DA:37,0
DA:40,200
DA:41,200
DA:42,0
DA:44,200
DA:45,200
DA:47,0
DA:48,0
DA:49,0
DA:55,200
DA:57,200
DA:61,198
DA:62,200
DA:63,198
DA:64,2
DA:67,198
DA:68,142
DA:69,3
DA:71,53
DA:72,53
DA:73,53
DA:74,53
DA:75,53
DA:76,53
DA:81,195
DA:82,195
DA:83,195
DA:84,195
DA:86,195
DA:88,138
DA:89,138
DA:90,138
DA:91,57
DA:92,57
DA:93,57
DA:94,57
DA:95,57
DA:96,57
DA:98,57
DA:101,200
DA:103,506
DA:123,506
DA:124,506
DA:125,506
DA:126,506
DA:127,506
DA:128,506
DA:129,506
DA:130,506
DA:131,506
DA:132,506
DA:133,506
DA:134,506
DA:137,506
DA:138,506
DA:139,506
DA:143,506
DA:144,506
DA:145,506
DA:146,506
DA:147,506
DA:148,506
DA:149,506
DA:150,506
DA:151,506
DA:152,506
DA:153,506
DA:154,506
DA:157,506
DA:158,506
DA:159,506
DA:163,506
BRF:0
BRH:0
LF:82
LH:75
end_of_record
SF:/var/home/jack/Code/koan/src/builtins/fn_def/finalize.rs
FN:291,_RNCNvNtNtNtCscUx3zdyuqfq_4koan8builtins6fn_def8finalize17defer_via_combine0B9_
FN:206,_RNCNvNtNtNtCscUx3zdyuqfq_4koan8builtins6fn_def8finalize21finalize_fn_with_flag0B9_
FN:163,_RNvNtNtNtCscUx3zdyuqfq_4koan8builtins6fn_def8finalize11finalize_fn
FN:258,_RNvNtNtNtCscUx3zdyuqfq_4koan8builtins6fn_def8finalize17defer_via_combine
FN:181,_RNvNtNtNtCscUx3zdyuqfq_4koan8builtins6fn_def8finalize21finalize_fn_with_flag
FN:68,_RNvNtNtNtCscUx3zdyuqfq_4koan8builtins6fn_def8finalize8classify
FN:291,_RNCNvNtNtNtCseriWsCb5ev6_4koan8builtins6fn_def8finalize17defer_via_combine0B9_
FN:206,_RNCNvNtNtNtCseriWsCb5ev6_4koan8builtins6fn_def8finalize21finalize_fn_with_flag0B9_
FN:163,_RNvNtNtNtCseriWsCb5ev6_4koan8builtins6fn_def8finalize11finalize_fn
FN:258,_RNvNtNtNtCseriWsCb5ev6_4koan8builtins6fn_def8finalize17defer_via_combine
FN:181,_RNvNtNtNtCseriWsCb5ev6_4koan8builtins6fn_def8finalize21finalize_fn_with_flag
FN:68,_RNvNtNtNtCseriWsCb5ev6_4koan8builtins6fn_def8finalize8classify
FNDA:7,_RNCNvNtNtNtCscUx3zdyuqfq_4koan8builtins6fn_def8finalize17defer_via_combine0B9_
FNDA:14,_RNCNvNtNtNtCscUx3zdyuqfq_4koan8builtins6fn_def8finalize21finalize_fn_with_flag0B9_
FNDA:7,_RNvNtNtNtCscUx3zdyuqfq_4koan8builtins6fn_def8finalize11finalize_fn
FNDA:7,_RNvNtNtNtCscUx3zdyuqfq_4koan8builtins6fn_def8finalize17defer_via_combine
FNDA:14,_RNvNtNtNtCscUx3zdyuqfq_4koan8builtins6fn_def8finalize21finalize_fn_with_flag
FNDA:14,_RNvNtNtNtCscUx3zdyuqfq_4koan8builtins6fn_def8finalize8classify
FNDA:59,_RNCNvNtNtNtCseriWsCb5ev6_4koan8builtins6fn_def8finalize17defer_via_combine0B9_
FNDA:201,_RNCNvNtNtNtCseriWsCb5ev6_4koan8builtins6fn_def8finalize21finalize_fn_with_flag0B9_
FNDA:131,_RNvNtNtNtCseriWsCb5ev6_4koan8builtins6fn_def8finalize11finalize_fn
FNDA:59,_RNvNtNtNtCseriWsCb5ev6_4koan8builtins6fn_def8finalize17defer_via_combine
FNDA:195,_RNvNtNtNtCseriWsCb5ev6_4koan8builtins6fn_def8finalize21finalize_fn_with_flag
FNDA:197,_RNvNtNtNtCseriWsCb5ev6_4koan8builtins6fn_def8finalize8classify
FNF:6
FNH:6
DA:68,211
DA:69,211
DA:70,136
DA:71,136
DA:72,136
DA:73,136
DA:74,9
DA:75,9
DA:76,9
DA:77,9
DA:78,4
DA:80,4
DA:81,4
DA:82,4
DA:83,4
DA:84,4
DA:85,4
DA:88,60
DA:90,60
DA:91,60
DA:93,60
DA:94,60
DA:95,60
DA:96,60
DA:97,60
DA:98,60
DA:100,1
DA:102,1
DA:103,1
DA:105,1
DA:106,1
DA:107,1
DA:108,1
DA:109,1
DA:110,1
DA:111,1
DA:112,1
DA:114,1
DA:116,1
DA:117,1
DA:122,1
DA:123,1
DA:124,1
DA:125,1
DA:126,1
DA:127,1
DA:128,1
DA:130,0
DA:133,0
DA:134,0
DA:135,0
DA:136,0
DA:137,0
DA:138,0
DA:142,0
DA:143,0
DA:146,0
DA:147,0
DA:150,0
DA:151,0
DA:152,0
DA:153,0
DA:154,0
DA:155,0
DA:156,0
DA:159,211
DA:163,138
DA:164,138
DA:165,138
DA:166,138
DA:167,138
DA:168,138
DA:169,138
DA:170,138
DA:171,138
DA:181,209
DA:182,209
DA:183,209
DA:184,209
DA:185,209
DA:186,209
DA:187,209
DA:188,209
DA:191,209
DA:192,16
DA:193,14
DA:194,0
DA:195,0
DA:196,0
DA:197,0
DA:198,0
DA:199,14
DA:200,2
DA:201,193
DA:206,215
DA:207,208
DA:208,7
DA:209,215
DA:210,209
DA:211,208
DA:213,1
DA:214,1
DA:215,1
DA:216,1
DA:220,208
DA:221,208
DA:222,208
DA:223,208
DA:225,208
DA:229,208
DA:230,208
DA:231,208
DA:232,208
DA:233,208
DA:234,208
DA:235,208
DA:236,208
DA:237,208
DA:240,208
DA:241,208
DA:242,1
DA:243,207
DA:246,207
DA:247,209
DA:258,66
DA:259,66
DA:260,66
DA:261,66
DA:262,66
DA:263,66
DA:264,66
DA:265,66
DA:266,66
DA:268,66
DA:269,66
DA:270,66
DA:271,66
DA:272,66
DA:278,66
DA:279,66
DA:280,66
DA:281,66
DA:282,5
DA:283,61
DA:284,66
DA:285,66
DA:286,46
DA:287,46
DA:288,46
DA:289,46
DA:291,66
DA:292,66
DA:293,66
DA:294,46
DA:298,46
DA:299,1
DA:300,1
DA:301,1
DA:302,1
DA:303,1
DA:304,45
DA:305,45
DA:307,65
DA:313,65
DA:314,65
DA:315,64
DA:316,1
DA:318,64
DA:319,64
DA:320,0
DA:321,0
DA:324,0
DA:325,0
DA:326,0
DA:329,64
DA:330,64
DA:331,64
DA:332,64
DA:333,64
DA:334,64
DA:335,64
DA:337,66
DA:338,66
DA:339,66
DA:340,66
BRF:0
BRH:0
LF:187
LH:158
end_of_record
SF:/var/home/jack/Code/koan/src/builtins/fn_def/param_refs.rs
FN:23,_RNCNvNtNtNtCscUx3zdyuqfq_4koan8builtins6fn_def10param_refs19part_references_any0B9_
FN:30,_RNCNvNtNtNtCscUx3zdyuqfq_4koan8builtins6fn_def10param_refs19part_references_anys0_0B9_
FN:28,_RNCNvNtNtNtCscUx3zdyuqfq_4koan8builtins6fn_def10param_refs19part_references_anys_0B9_
FN:12,_RNCNvNtNtNtCscUx3zdyuqfq_4koan8builtins6fn_def10param_refs24type_expr_references_any0B9_
FN:18,_RNCNvNtNtNtCscUx3zdyuqfq_4koan8builtins6fn_def10param_refs26kexpression_references_any0B9_
FN:21,_RNvNtNtNtCscUx3zdyuqfq_4koan8builtins6fn_def10param_refs19part_references_any
FN:11,_RNvNtNtNtCscUx3zdyuqfq_4koan8builtins6fn_def10param_refs24type_expr_references_any
FN:15,_RNvNtNtNtCscUx3zdyuqfq_4koan8builtins6fn_def10param_refs26kexpression_references_any
FN:23,_RNCNvNtNtNtCseriWsCb5ev6_4koan8builtins6fn_def10param_refs19part_references_any0B9_
FN:30,_RNCNvNtNtNtCseriWsCb5ev6_4koan8builtins6fn_def10param_refs19part_references_anys0_0B9_
FN:28,_RNCNvNtNtNtCseriWsCb5ev6_4koan8builtins6fn_def10param_refs19part_references_anys_0B9_
FN:12,_RNCNvNtNtNtCseriWsCb5ev6_4koan8builtins6fn_def10param_refs24type_expr_references_any0B9_
FN:18,_RNCNvNtNtNtCseriWsCb5ev6_4koan8builtins6fn_def10param_refs26kexpression_references_any0B9_
FN:21,_RNvNtNtNtCseriWsCb5ev6_4koan8builtins6fn_def10param_refs19part_references_any
FN:11,_RNvNtNtNtCseriWsCb5ev6_4koan8builtins6fn_def10param_refs24type_expr_references_any
FN:15,_RNvNtNtNtCseriWsCb5ev6_4koan8builtins6fn_def10param_refs26kexpression_references_any
FNDA:0,_RNCNvNtNtNtCscUx3zdyuqfq_4koan8builtins6fn_def10param_refs19part_references_any0B9_
FNDA:0,_RNCNvNtNtNtCscUx3zdyuqfq_4koan8builtins6fn_def10param_refs19part_references_anys0_0B9_
FNDA:0,_RNCNvNtNtNtCscUx3zdyuqfq_4koan8builtins6fn_def10param_refs19part_references_anys_0B9_
FNDA:1,_RNCNvNtNtNtCscUx3zdyuqfq_4koan8builtins6fn_def10param_refs24type_expr_references_any0B9_
FNDA:0,_RNCNvNtNtNtCscUx3zdyuqfq_4koan8builtins6fn_def10param_refs26kexpression_references_any0B9_
FNDA:0,_RNvNtNtNtCscUx3zdyuqfq_4koan8builtins6fn_def10param_refs19part_references_any
FNDA:1,_RNvNtNtNtCscUx3zdyuqfq_4koan8builtins6fn_def10param_refs24type_expr_references_any
FNDA:0,_RNvNtNtNtCscUx3zdyuqfq_4koan8builtins6fn_def10param_refs26kexpression_references_any
FNDA:4,_RNCNvNtNtNtCseriWsCb5ev6_4koan8builtins6fn_def10param_refs19part_references_any0B9_
FNDA:1,_RNCNvNtNtNtCseriWsCb5ev6_4koan8builtins6fn_def10param_refs19part_references_anys0_0B9_
FNDA:1,_RNCNvNtNtNtCseriWsCb5ev6_4koan8builtins6fn_def10param_refs19part_references_anys_0B9_
FNDA:26,_RNCNvNtNtNtCseriWsCb5ev6_4koan8builtins6fn_def10param_refs24type_expr_references_any0B9_
FNDA:39,_RNCNvNtNtNtCseriWsCb5ev6_4koan8builtins6fn_def10param_refs26kexpression_references_any0B9_
FNDA:42,_RNvNtNtNtCseriWsCb5ev6_4koan8builtins6fn_def10param_refs19part_references_any
FNDA:28,_RNvNtNtNtCseriWsCb5ev6_4koan8builtins6fn_def10param_refs24type_expr_references_any
FNDA:19,_RNvNtNtNtCseriWsCb5ev6_4koan8builtins6fn_def10param_refs26kexpression_references_any
FNF:8
FNH:8
DA:11,29
DA:12,29
DA:13,29
DA:15,19
DA:16,19
DA:17,19
DA:18,39
DA:19,19
DA:21,42
DA:22,42
DA:23,4
DA:24,18
DA:25,7
DA:26,0
DA:27,1
DA:28,1
DA:30,1
DA:31,1
DA:32,1
DA:33,11
DA:35,42
BRF:0
BRH:0
LF:26
LH:25
end_of_record
SF:/var/home/jack/Code/koan/src/builtins/fn_def/return_type.rs
FN:230,_RNvNtNtNtCscUx3zdyuqfq_4koan8builtins6fn_def11return_type12make_capture
FN:100,_RNvNtNtNtCscUx3zdyuqfq_4koan8builtins6fn_def11return_type20classify_return_type
FN:166,_RNvNtNtNtCscUx3zdyuqfq_4koan8builtins6fn_def11return_type20verdict_for_resolved
FN:57,_RNvNtNtNtCscUx3zdyuqfq_4koan8builtins6fn_def11return_type23extract_return_type_raw
FN:237,_RNvNtNtNtCscUx3zdyuqfq_4koan8builtins6fn_def11return_type25resolve_capture_at_finish
FN:181,_RNvNtNtNtCscUx3zdyuqfq_4koan8builtins6fn_def11return_type30verdict_for_deferred_type_expr
FN:206,_RNvNtNtNtCscUx3zdyuqfq_4koan8builtins6fn_def11return_type31verdict_for_deferred_expression
FN:207,_RNCNvNtNtNtCscUx3zdyuqfq_4koan8builtins6fn_def11return_type31verdict_for_deferred_expression0B9_
FN:230,_RNvNtNtNtCseriWsCb5ev6_4koan8builtins6fn_def11return_type12make_capture
FN:100,_RNvNtNtNtCseriWsCb5ev6_4koan8builtins6fn_def11return_type20classify_return_type
FN:166,_RNvNtNtNtCseriWsCb5ev6_4koan8builtins6fn_def11return_type20verdict_for_resolved
FN:57,_RNvNtNtNtCseriWsCb5ev6_4koan8builtins6fn_def11return_type23extract_return_type_raw
FN:237,_RNvNtNtNtCseriWsCb5ev6_4koan8builtins6fn_def11return_type25resolve_capture_at_finish
FN:181,_RNvNtNtNtCseriWsCb5ev6_4koan8builtins6fn_def11return_type30verdict_for_deferred_type_expr
FN:206,_RNvNtNtNtCseriWsCb5ev6_4koan8builtins6fn_def11return_type31verdict_for_deferred_expression
FN:207,_RNCNvNtNtNtCseriWsCb5ev6_4koan8builtins6fn_def11return_type31verdict_for_deferred_expression0B9_
FNDA:0,_RNvNtNtNtCscUx3zdyuqfq_4koan8builtins6fn_def11return_type12make_capture
FNDA:14,_RNvNtNtNtCscUx3zdyuqfq_4koan8builtins6fn_def11return_type20classify_return_type
FNDA:14,_RNvNtNtNtCscUx3zdyuqfq_4koan8builtins6fn_def11return_type20verdict_for_resolved
FNDA:14,_RNvNtNtNtCscUx3zdyuqfq_4koan8builtins6fn_def11return_type23extract_return_type_raw
FNDA:7,_RNvNtNtNtCscUx3zdyuqfq_4koan8builtins6fn_def11return_type25resolve_capture_at_finish
FNDA:0,_RNvNtNtNtCscUx3zdyuqfq_4koan8builtins6fn_def11return_type30verdict_for_deferred_type_expr
FNDA:0,_RNvNtNtNtCscUx3zdyuqfq_4koan8builtins6fn_def11return_type31verdict_for_deferred_expression
FNDA:0,_RNCNvNtNtNtCscUx3zdyuqfq_4koan8builtins6fn_def11return_type31verdict_for_deferred_expression0B9_
FNDA:0,_RNvNtNtNtCseriWsCb5ev6_4koan8builtins6fn_def11return_type12make_capture
FNDA:205,_RNvNtNtNtCseriWsCb5ev6_4koan8builtins6fn_def11return_type20classify_return_type
FNDA:187,_RNvNtNtNtCseriWsCb5ev6_4koan8builtins6fn_def11return_type20verdict_for_resolved
FNDA:205,_RNvNtNtNtCseriWsCb5ev6_4koan8builtins6fn_def11return_type23extract_return_type_raw
FNDA:58,_RNvNtNtNtCseriWsCb5ev6_4koan8builtins6fn_def11return_type25resolve_capture_at_finish
FNDA:2,_RNvNtNtNtCseriWsCb5ev6_4koan8builtins6fn_def11return_type30verdict_for_deferred_type_expr
FNDA:1,_RNvNtNtNtCseriWsCb5ev6_4koan8builtins6fn_def11return_type31verdict_for_deferred_expression
FNDA:1,_RNCNvNtNtNtCseriWsCb5ev6_4koan8builtins6fn_def11return_type31verdict_for_deferred_expression0B9_
FNF:8
FNH:7
DA:57,219
DA:58,219
DA:59,219
DA:60,219
DA:61,196
DA:62,196
DA:63,0
DA:65,11
DA:66,11
DA:67,0
DA:69,12
DA:70,12
DA:71,0
DA:73,0
DA:74,0
DA:75,0
DA:76,0
DA:78,219
DA:100,219
DA:101,219
DA:102,219
DA:103,219
DA:104,219
DA:105,219
DA:106,219
DA:107,196
DA:108,196
DA:109,196
DA:111,11
DA:112,11
DA:113,4
DA:114,2
DA:115,2
DA:117,4
DA:118,4
DA:119,4
DA:120,4
DA:121,7
DA:122,7
DA:123,7
DA:124,5
DA:125,0
DA:126,0
DA:128,2
DA:129,0
DA:131,2
DA:132,2
DA:133,2
DA:137,5
DA:138,5
DA:139,5
DA:141,0
DA:143,5
DA:145,12
DA:146,12
DA:147,7
DA:148,1
DA:149,6
DA:151,7
DA:152,7
DA:153,7
DA:154,7
DA:156,5
DA:157,5
DA:158,5
DA:159,5
DA:163,219
DA:166,201
DA:167,201
DA:168,199
DA:170,2
DA:171,2
DA:172,2
DA:173,2
DA:175,201
DA:181,2
DA:182,2
DA:183,2
DA:184,2
DA:187,2
DA:188,2
DA:189,2
DA:191,0
DA:192,0
DA:193,0
DA:194,0
DA:195,0
DA:196,0
DA:199,0
DA:201,2
DA:206,1
DA:207,1
DA:208,1
DA:209,0
DA:210,1
DA:211,1
DA:212,1
DA:213,1
DA:214,1
DA:215,1
DA:216,1
DA:217,1
DA:218,0
DA:219,0
DA:220,0
DA:221,0
DA:222,0
DA:223,0
DA:224,0
DA:225,0
DA:226,0
DA:228,1
DA:230,0
DA:231,0
DA:232,0
DA:237,65
DA:238,65
DA:239,65
DA:240,65
DA:241,65
DA:242,65
DA:243,59
DA:244,0
DA:245,0
DA:246,0
DA:247,0
DA:248,0
DA:249,0
DA:250,0
DA:251,0
DA:252,0
DA:253,0
DA:254,0
DA:255,0
DA:259,0
DA:260,0
DA:261,0
DA:262,0
DA:263,0
DA:264,0
DA:265,0
DA:266,0
DA:268,1
DA:269,5
DA:270,5
DA:271,5
DA:272,4
DA:273,1
DA:274,1
DA:275,1
DA:276,1
DA:277,1
DA:281,65
BRF:0
BRH:0
LF:154
LH:103
end_of_record
SF:/var/home/jack/Code/koan/src/builtins/fn_def/signature.rs
FN:169,_RNvNtNtNtCscUx3zdyuqfq_4koan8builtins6fn_def9signature11binder_name
FN:187,_RNvNtNtNtCscUx3zdyuqfq_4koan8builtins6fn_def9signature13binder_bucket
FN:60,_RNvNtNtNtCscUx3zdyuqfq_4koan8builtins6fn_def9signature19parse_fn_param_list
FN:243,_RNvNtNtNtCscUx3zdyuqfq_4koan8builtins6fn_def9signature19signature_expr_part
FN:11,_RNvNtNtNtCscUx3zdyuqfq_4koan8builtins6fn_def9signature34collect_param_names_from_signature
FN:202,_RNCNvNtNtNtCscUx3zdyuqfq_4koan8builtins6fn_def9signature13binder_bucket0B9_
FN:219,_RNCNvNtNtNtCscUx3zdyuqfq_4koan8builtins6fn_def9signature13binder_buckets_0B9_
FN:169,_RNvNtNtNtCseriWsCb5ev6_4koan8builtins6fn_def9signature11binder_name
FN:187,_RNvNtNtNtCseriWsCb5ev6_4koan8builtins6fn_def9signature13binder_bucket
FN:60,_RNvNtNtNtCseriWsCb5ev6_4koan8builtins6fn_def9signature19parse_fn_param_list
FN:243,_RNvNtNtNtCseriWsCb5ev6_4koan8builtins6fn_def9signature19signature_expr_part
FN:11,_RNvNtNtNtCseriWsCb5ev6_4koan8builtins6fn_def9signature34collect_param_names_from_signature
FN:202,_RNCNvNtNtNtCseriWsCb5ev6_4koan8builtins6fn_def9signature13binder_bucket0B9_
FN:219,_RNCNvNtNtNtCseriWsCb5ev6_4koan8builtins6fn_def9signature13binder_buckets_0B9_
FNDA:0,_RNvNtNtNtCscUx3zdyuqfq_4koan8builtins6fn_def9signature11binder_name
FNDA:31,_RNvNtNtNtCscUx3zdyuqfq_4koan8builtins6fn_def9signature13binder_bucket
FNDA:21,_RNvNtNtNtCscUx3zdyuqfq_4koan8builtins6fn_def9signature19parse_fn_param_list
FNDA:31,_RNvNtNtNtCscUx3zdyuqfq_4koan8builtins6fn_def9signature19signature_expr_part
FNDA:14,_RNvNtNtNtCscUx3zdyuqfq_4koan8builtins6fn_def9signature34collect_param_names_from_signature
FNDA:23,_RNCNvNtNtNtCscUx3zdyuqfq_4koan8builtins6fn_def9signature13binder_bucket0B9_
FNDA:12,_RNCNvNtNtNtCscUx3zdyuqfq_4koan8builtins6fn_def9signature13binder_buckets_0B9_
FNDA:1,_RNvNtNtNtCseriWsCb5ev6_4koan8builtins6fn_def9signature11binder_name
FNDA:426,_RNvNtNtNtCseriWsCb5ev6_4koan8builtins6fn_def9signature13binder_bucket
FNDA:257,_RNvNtNtNtCseriWsCb5ev6_4koan8builtins6fn_def9signature19parse_fn_param_list
FNDA:427,_RNvNtNtNtCseriWsCb5ev6_4koan8builtins6fn_def9signature19signature_expr_part
FNDA:205,_RNvNtNtNtCseriWsCb5ev6_4koan8builtins6fn_def9signature34collect_param_names_from_signature
FNDA:296,_RNCNvNtNtNtCseriWsCb5ev6_4koan8builtins6fn_def9signature13binder_bucket0B9_
FNDA:48,_RNCNvNtNtNtCseriWsCb5ev6_4koan8builtins6fn_def9signature13binder_buckets_0B9_
FNF:7
FNH:7
DA:11,219
DA:12,219
DA:13,219
DA:14,219
DA:15,626
DA:16,407
DA:17,158
DA:18,28
DA:19,221
DA:21,407
DA:22,186
DA:23,186
DA:24,184
DA:30,186
DA:31,184
DA:32,184
DA:33,184
DA:34,2
DA:35,221
DA:36,223
DA:38,219
DA:39,219
DA:60,278
DA:61,278
DA:62,278
DA:63,278
DA:64,278
DA:65,278
DA:66,278
DA:67,278
DA:68,278
DA:69,278
DA:70,802
DA:73,526
DA:74,208
DA:75,38
DA:76,280
DA:78,526
DA:79,280
DA:80,280
DA:81,280
DA:82,280
DA:83,246
DA:84,246
DA:85,45
DA:86,153
DA:87,153
DA:88,136
DA:89,136
DA:90,136
DA:91,136
DA:92,136
DA:93,136
DA:94,16
DA:95,16
DA:96,16
DA:97,1
DA:98,1
DA:99,1
DA:100,1
DA:101,0
DA:103,153
DA:105,4
DA:106,4
DA:107,4
DA:108,4
DA:109,42
DA:110,42
DA:111,42
DA:112,42
DA:113,42
DA:114,42
DA:115,42
DA:116,42
DA:117,42
DA:118,42
DA:119,45
DA:120,45
DA:121,45
DA:122,45
DA:123,45
DA:124,45
DA:125,45
DA:126,0
DA:127,0
DA:128,0
DA:129,0
DA:130,0
DA:131,0
DA:134,2
DA:135,2
DA:136,2
DA:137,2
DA:141,0
DA:142,0
DA:143,0
DA:144,0
DA:145,0
DA:147,0
DA:148,0
DA:149,0
DA:150,0
DA:151,0
DA:155,276
DA:156,1
DA:157,275
DA:158,275
DA:159,62
DA:160,62
DA:161,62
DA:162,62
DA:163,213
DA:164,213
DA:165,278
DA:169,1
DA:170,1
DA:171,1
DA:172,1
DA:173,1
DA:174,0
DA:176,0
DA:177,1
DA:187,457
DA:188,457
DA:189,457
DA:191,457
DA:192,457
DA:193,457
DA:194,457
DA:195,1301
DA:196,844
DA:197,461
DA:198,461
DA:199,461
DA:200,461
DA:202,323
DA:203,0
DA:204,319
DA:210,319
DA:211,323
DA:212,319
DA:213,319
DA:214,319
DA:215,4
DA:216,4
DA:219,60
DA:220,0
DA:221,60
DA:227,60
DA:228,60
DA:229,60
DA:230,60
DA:231,60
DA:232,0
DA:233,0
DA:235,0
DA:236,0
DA:237,0
DA:240,457
DA:241,457
DA:243,458
DA:244,458
DA:245,458
DA:246,458
DA:247,0
DA:249,458
BRF:0
BRH:0
LF:168
LH:141
end_of_record
SF:/var/home/jack/Code/koan/src/builtins/functor_def.rs
FN:127,_RNvNtNtCscUx3zdyuqfq_4koan8builtins11functor_def19collect_param_types
FN:40,_RNvNtNtCscUx3zdyuqfq_4koan8builtins11functor_def4body
FN:158,_RNvNtNtCscUx3zdyuqfq_4koan8builtins11functor_def8register
FN:100,_RNCNvNtNtCscUx3zdyuqfq_4koan8builtins11functor_def4body0B7_
FN:100,_RNCNvNtNtCseriWsCb5ev6_4koan8builtins11functor_def4body0B7_
FN:127,_RNvNtNtCseriWsCb5ev6_4koan8builtins11functor_def19collect_param_types
FN:40,_RNvNtNtCseriWsCb5ev6_4koan8builtins11functor_def4body
FN:158,_RNvNtNtCseriWsCb5ev6_4koan8builtins11functor_def8register
FNDA:4,_RNvNtNtCscUx3zdyuqfq_4koan8builtins11functor_def19collect_param_types
FNDA:4,_RNvNtNtCscUx3zdyuqfq_4koan8builtins11functor_def4body
FNDA:40,_RNvNtNtCscUx3zdyuqfq_4koan8builtins11functor_def8register
FNDA:4,_RNCNvNtNtCscUx3zdyuqfq_4koan8builtins11functor_def4body0B7_
FNDA:12,_RNCNvNtNtCseriWsCb5ev6_4koan8builtins11functor_def4body0B7_
FNDA:15,_RNvNtNtCseriWsCb5ev6_4koan8builtins11functor_def19collect_param_types
FNDA:15,_RNvNtNtCseriWsCb5ev6_4koan8builtins11functor_def4body
FNDA:466,_RNvNtNtCseriWsCb5ev6_4koan8builtins11functor_def8register
FNF:4
FNH:4
DA:40,19
DA:41,19
DA:42,19
DA:43,19
DA:44,19
DA:45,19
DA:46,19
DA:48,0
DA:49,0
DA:50,0
DA:53,19
DA:54,19
DA:55,0
DA:57,19
DA:58,19
DA:60,0
DA:61,0
DA:62,0
DA:65,19
DA:70,19
DA:72,19
DA:76,19
DA:77,19
DA:78,19
DA:79,0
DA:81,19
DA:82,3
DA:83,16
DA:85,16
DA:86,7
DA:87,0
DA:89,9
DA:90,9
DA:91,9
DA:92,9
DA:93,9
DA:94,9
DA:98,16
DA:99,16
DA:100,16
DA:101,16
DA:103,16
DA:105,7
DA:106,7
DA:107,7
DA:108,9
DA:111,9
DA:112,9
DA:113,9
DA:114,9
DA:115,9
DA:116,9
DA:118,9
DA:122,19
DA:127,19
DA:128,19
DA:129,19
DA:130,19
DA:132,19
DA:133,19
DA:134,19
DA:135,19
DA:136,57
DA:137,38
DA:138,2
DA:139,17
DA:140,19
DA:142,38
DA:143,19
DA:144,19
DA:145,19
DA:146,10
DA:147,10
DA:148,0
DA:149,0
DA:150,19
DA:151,19
DA:152,19
DA:153,19
DA:155,19
DA:156,19
DA:158,506
DA:165,506
DA:166,506
DA:167,506
DA:168,506
DA:169,506
DA:170,506
DA:171,506
DA:172,506
DA:173,506
DA:174,506
DA:175,506
DA:176,506
DA:179,506
DA:180,506
DA:181,506
DA:186,506
DA:187,506
DA:188,506
DA:189,506
DA:190,506
DA:191,506
DA:192,506
DA:193,506
DA:194,506
DA:195,506
DA:196,506
DA:197,506
DA:200,506
DA:201,506
DA:202,506
DA:207,506
BRF:0
BRH:0
LF:114
LH:103
end_of_record
SF:/var/home/jack/Code/koan/src/builtins/let_binding.rs
FN:185,_RNvNtNtCscUx3zdyuqfq_4koan8builtins11let_binding11binder_name
FN:170,_RNvNtNtCscUx3zdyuqfq_4koan8builtins11let_binding21capitalize_identifier
FN:156,_RNvNtNtCscUx3zdyuqfq_4koan8builtins11let_binding28is_admissible_type_class_rhs
FN:12,_RNvNtNtCscUx3zdyuqfq_4koan8builtins11let_binding4body
FN:193,_RNvNtNtCscUx3zdyuqfq_4koan8builtins11let_binding8register
FN:22,_RNCNvNtNtCscUx3zdyuqfq_4koan8builtins11let_binding4body0B7_
FN:22,_RNCNvNtNtCseriWsCb5ev6_4koan8builtins11let_binding4body0B7_
FN:185,_RNvNtNtCseriWsCb5ev6_4koan8builtins11let_binding11binder_name
FN:170,_RNvNtNtCseriWsCb5ev6_4koan8builtins11let_binding21capitalize_identifier
FN:156,_RNvNtNtCseriWsCb5ev6_4koan8builtins11let_binding28is_admissible_type_class_rhs
FN:12,_RNvNtNtCseriWsCb5ev6_4koan8builtins11let_binding4body
FN:193,_RNvNtNtCseriWsCb5ev6_4koan8builtins11let_binding8register
FNDA:139,_RNvNtNtCscUx3zdyuqfq_4koan8builtins11let_binding11binder_name
FNDA:0,_RNvNtNtCscUx3zdyuqfq_4koan8builtins11let_binding21capitalize_identifier
FNDA:16,_RNvNtNtCscUx3zdyuqfq_4koan8builtins11let_binding28is_admissible_type_class_rhs
FNDA:49,_RNvNtNtCscUx3zdyuqfq_4koan8builtins11let_binding4body
FNDA:40,_RNvNtNtCscUx3zdyuqfq_4koan8builtins11let_binding8register
FNDA:49,_RNCNvNtNtCscUx3zdyuqfq_4koan8builtins11let_binding4body0B7_
FNDA:348,_RNCNvNtNtCseriWsCb5ev6_4koan8builtins11let_binding4body0B7_
FNDA:877,_RNvNtNtCseriWsCb5ev6_4koan8builtins11let_binding11binder_name
FNDA:2,_RNvNtNtCseriWsCb5ev6_4koan8builtins11let_binding21capitalize_identifier
FNDA:110,_RNvNtNtCseriWsCb5ev6_4koan8builtins11let_binding28is_admissible_type_class_rhs
FNDA:349,_RNvNtNtCseriWsCb5ev6_4koan8builtins11let_binding4body
FNDA:466,_RNvNtNtCseriWsCb5ev6_4koan8builtins11let_binding8register
FNF:6
FNH:6
DA:12,398
DA:13,398
DA:14,398
DA:15,398
DA:16,398
DA:20,398
DA:21,398
DA:22,398
DA:23,398
DA:24,398
DA:25,398
DA:26,0
DA:32,398
DA:33,398
DA:34,271
DA:38,271
DA:39,1
DA:40,1
DA:41,269
DA:43,271
DA:44,2
DA:45,2
DA:46,2
DA:47,2
DA:48,2
DA:49,2
DA:50,2
DA:51,2
DA:52,269
DA:53,269
DA:55,97
DA:56,97
DA:57,97
DA:58,3
DA:59,3
DA:60,3
DA:61,3
DA:62,94
DA:67,94
DA:68,92
DA:69,92
DA:70,94
DA:73,30
DA:80,1
DA:81,1
DA:82,1
DA:83,1
DA:86,29
DA:87,29
DA:88,0
DA:89,0
DA:90,0
DA:91,0
DA:92,29
DA:97,29
DA:98,29
DA:99,29
DA:100,29
DA:103,0
DA:104,0
DA:105,0
DA:106,0
DA:107,0
DA:108,0
DA:110,0
DA:115,392
DA:116,2
DA:117,2
DA:118,2
DA:119,2
DA:120,390
DA:121,390
DA:122,390
DA:123,390
DA:124,390
DA:125,121
DA:126,121
DA:127,121
DA:128,121
DA:129,121
DA:130,121
DA:131,121
DA:135,269
DA:136,2
DA:137,2
DA:138,2
DA:139,2
DA:140,2
DA:141,267
DA:142,267
DA:143,1
DA:144,266
DA:146,387
DA:147,398
DA:156,126
DA:157,126
DA:158,121
DA:159,5
DA:160,5
DA:161,3
DA:162,2
DA:163,2
DA:164,126
DA:170,2
DA:171,2
DA:172,2
DA:173,2
DA:174,2
DA:175,2
DA:176,2
DA:177,2
DA:179,0
DA:181,2
DA:185,1016
DA:186,1016
DA:187,684
DA:188,329
DA:189,3
DA:191,1016
DA:193,506
DA:194,506
DA:195,506
DA:196,506
DA:197,506
DA:198,506
DA:199,506
DA:200,506
DA:201,506
DA:202,506
DA:203,506
DA:206,506
DA:207,506
DA:209,506
DA:210,506
DA:211,506
DA:212,506
DA:213,506
DA:214,506
DA:215,506
DA:216,506
DA:217,506
DA:218,506
DA:221,506
DA:222,506
DA:224,506
BRF:0
BRH:0
LF:146
LH:133
end_of_record
SF:/var/home/jack/Code/koan/src/builtins/match_case.rs
FN:98,_RNCNvNtNtCscUx3zdyuqfq_4koan8builtins10match_case4body0B7_
FN:24,_RNvNtNtCscUx3zdyuqfq_4koan8builtins10match_case4body
FN:109,_RNvNtNtCscUx3zdyuqfq_4koan8builtins10match_case8register
FN:98,_RNCNvNtNtCseriWsCb5ev6_4koan8builtins10match_case4body0B7_
FN:24,_RNvNtNtCseriWsCb5ev6_4koan8builtins10match_case4body
FN:109,_RNvNtNtCseriWsCb5ev6_4koan8builtins10match_case8register
FN:133,_RNvNtNtNtCseriWsCb5ev6_4koan8builtins10match_case5tests11run_program
FN:172,_RNvNtNtNtCseriWsCb5ev6_4koan8builtins10match_case5testss_25match_inexhaustive_errors
FN:152,_RNvNtNtNtCseriWsCb5ev6_4koan8builtins10match_case5testss_29match_binds_inner_value_to_it
FN:211,_RNvNtNtNtCseriWsCb5ev6_4koan8builtins10match_case5testss_29recursive_tagged_match_no_uaf
FN:226,_RNvNtNtNtCseriWsCb5ev6_4koan8builtins10match_case5testss_33match_on_bool_inexhaustive_errors
FN:197,_RNvNtNtNtCseriWsCb5ev6_4koan8builtins10match_case5testss_36match_on_bool_true_takes_true_branch
FN:162,_RNvNtNtNtCseriWsCb5ev6_4koan8builtins10match_case5testss_37match_does_not_run_unmatched_branches
FN:204,_RNvNtNtNtCseriWsCb5ev6_4koan8builtins10match_case5testss_38match_on_bool_false_takes_false_branch
FN:142,_RNvNtNtNtCseriWsCb5ev6_4koan8builtins10match_case5testss_40match_dispatches_branch_for_matching_tag
FN:187,_RNvNtNtNtCseriWsCb5ev6_4koan8builtins10match_case5testss_40match_other_branch_runs_when_tag_matches
FN:237,_RNvNtNtNtCseriWsCb5ev6_4koan8builtins10match_case5testss_47multi_statement_match_branch_returns_last_value
FN:252,_RNvNtNtNtCseriWsCb5ev6_4koan8builtins10match_case5testss_59fn_recursion_with_multi_statement_body_via_match_terminates
FNDA:0,_RNCNvNtNtCscUx3zdyuqfq_4koan8builtins10match_case4body0B7_
FNDA:0,_RNvNtNtCscUx3zdyuqfq_4koan8builtins10match_case4body
FNDA:40,_RNvNtNtCscUx3zdyuqfq_4koan8builtins10match_case8register
FNDA:1,_RNCNvNtNtCseriWsCb5ev6_4koan8builtins10match_case4body0B7_
FNDA:69,_RNvNtNtCseriWsCb5ev6_4koan8builtins10match_case4body
FNDA:466,_RNvNtNtCseriWsCb5ev6_4koan8builtins10match_case8register
FNDA:9,_RNvNtNtNtCseriWsCb5ev6_4koan8builtins10match_case5tests11run_program
FNDA:1,_RNvNtNtNtCseriWsCb5ev6_4koan8builtins10match_case5testss_25match_inexhaustive_errors
FNDA:1,_RNvNtNtNtCseriWsCb5ev6_4koan8builtins10match_case5testss_29match_binds_inner_value_to_it
FNDA:1,_RNvNtNtNtCseriWsCb5ev6_4koan8builtins10match_case5testss_29recursive_tagged_match_no_uaf
FNDA:1,_RNvNtNtNtCseriWsCb5ev6_4koan8builtins10match_case5testss_33match_on_bool_inexhaustive_errors
FNDA:1,_RNvNtNtNtCseriWsCb5ev6_4koan8builtins10match_case5testss_36match_on_bool_true_takes_true_branch
FNDA:1,_RNvNtNtNtCseriWsCb5ev6_4koan8builtins10match_case5testss_37match_does_not_run_unmatched_branches
FNDA:1,_RNvNtNtNtCseriWsCb5ev6_4koan8builtins10match_case5testss_38match_on_bool_false_takes_false_branch
FNDA:1,_RNvNtNtNtCseriWsCb5ev6_4koan8builtins10match_case5testss_40match_dispatches_branch_for_matching_tag
FNDA:1,_RNvNtNtNtCseriWsCb5ev6_4koan8builtins10match_case5testss_40match_other_branch_runs_when_tag_matches
FNDA:1,_RNvNtNtNtCseriWsCb5ev6_4koan8builtins10match_case5testss_47multi_statement_match_branch_returns_last_value
FNDA:1,_RNvNtNtNtCseriWsCb5ev6_4koan8builtins10match_case5testss_59fn_recursion_with_multi_statement_body_via_match_terminates
FNF:15
FNH:15
DA:24,69
DA:25,69
DA:26,69
DA:27,69
DA:28,69
DA:29,69
DA:30,62
DA:31,7
DA:32,7
DA:33,5
DA:35,2
DA:37,7
DA:39,0
DA:40,0
DA:41,0
DA:42,0
DA:43,0
DA:44,0
DA:46,0
DA:48,69
DA:49,69
DA:51,0
DA:52,0
DA:53,0
DA:56,69
DA:57,66
DA:59,3
DA:60,3
DA:61,3
DA:62,3
DA:64,0
DA:67,66
DA:68,66
DA:69,66
DA:72,66
DA:73,66
DA:74,66
DA:77,66
DA:78,66
DA:79,66
DA:80,66
DA:81,66
DA:82,66
DA:83,66
DA:84,66
DA:87,66
DA:88,66
DA:89,66
DA:90,66
DA:91,1
DA:92,1
DA:93,1
DA:94,1
DA:95,1
DA:96,1
DA:97,1
DA:98,1
DA:99,1
DA:100,1
DA:102,1
DA:104,65
DA:105,65
DA:107,69
DA:109,506
DA:110,506
DA:111,506
DA:112,506
DA:113,506
DA:114,506
DA:115,506
DA:116,506
DA:117,506
DA:118,506
DA:119,506
DA:122,506
DA:124,506
DA:133,9
DA:134,9
DA:135,9
DA:136,9
DA:137,9
DA:138,9
DA:139,9
DA:142,1
DA:143,1
DA:144,1
DA:145,1
DA:146,1
DA:148,1
DA:149,1
DA:152,1
DA:153,1
DA:154,1
DA:155,1
DA:156,1
DA:158,1
DA:159,1
DA:162,1
DA:163,1
DA:164,1
DA:165,1
DA:166,1
DA:168,1
DA:169,1
DA:172,1
DA:173,1
DA:174,1
DA:175,1
DA:176,1
DA:177,1
DA:179,1
DA:180,1
DA:181,1
DA:184,1
DA:187,1
DA:188,1
DA:189,1
DA:190,1
DA:191,1
DA:193,1
DA:194,1
DA:197,1
DA:198,1
DA:199,1
DA:200,1
DA:201,1
DA:204,1
DA:205,1
DA:206,1
DA:207,1
DA:208,1
DA:211,1
DA:214,1
DA:215,1
DA:216,1
DA:217,1
DA:218,1
DA:219,1
DA:220,1
DA:222,1
DA:223,1
DA:226,1
DA:227,1
DA:228,1
DA:229,1
DA:230,1
DA:231,1
DA:234,1
DA:237,1
DA:238,1
DA:239,1
DA:240,1
DA:241,1
DA:242,1
DA:243,1
DA:244,1
DA:246,1
DA:247,1
DA:248,1
DA:249,1
DA:252,1
DA:253,1
DA:254,1
DA:255,1
DA:256,1
DA:257,1
DA:258,1
DA:259,1
DA:260,1
DA:261,1
DA:262,1
DA:264,1
DA:265,1
DA:266,1
BRF:0
BRH:0
LF:175
LH:164
end_of_record
SF:/var/home/jack/Code/koan/src/builtins/module_def.rs
FN:119,_RNvNtNtCscUx3zdyuqfq_4koan8builtins10module_def11binder_name
FN:25,_RNvNtNtCscUx3zdyuqfq_4koan8builtins10module_def4body
FN:123,_RNvNtNtCscUx3zdyuqfq_4koan8builtins10module_def8register
FN:55,_RNCNvNtNtCscUx3zdyuqfq_4koan8builtins10module_def4body0B7_
FN:58,_RNCNvNtNtCscUx3zdyuqfq_4koan8builtins10module_def4bodys_0B7_
FN:119,_RNvNtNtCseriWsCb5ev6_4koan8builtins10module_def11binder_name
FN:25,_RNvNtNtCseriWsCb5ev6_4koan8builtins10module_def4body
FN:123,_RNvNtNtCseriWsCb5ev6_4koan8builtins10module_def8register
FN:55,_RNCNvNtNtCseriWsCb5ev6_4koan8builtins10module_def4body0B7_
FN:58,_RNCNvNtNtCseriWsCb5ev6_4koan8builtins10module_def4bodys_0B7_
FN:150,_RNvNtNtNtCseriWsCb5ev6_4koan8builtins10module_def5tests14resolve_module
FN:212,_RNvNtNtNtCseriWsCb5ev6_4koan8builtins10module_def5testss_28module_unknown_member_errors
FN:180,_RNvNtNtNtCseriWsCb5ev6_4koan8builtins10module_def5testss_29module_member_access_via_attr
FN:158,_RNvNtNtNtCseriWsCb5ev6_4koan8builtins10module_def5testss_32binder_name_extracts_module_name
FN:165,_RNvNtNtNtCseriWsCb5ev6_4koan8builtins10module_def5testss_32module_binds_under_name_in_scope
FN:198,_RNvNtNtNtCseriWsCb5ev6_4koan8builtins10module_def5testss_33module_member_function_via_let_fn
FN:284,_RNvNtNtNtCseriWsCb5ev6_4koan8builtins10module_def5testss_36module_body_dispatch_does_not_dangle
FN:236,_RNvNtNtNtCseriWsCb5ev6_4koan8builtins10module_def5testss_38module_body_parks_on_outer_placeholder
FN:246,_RNvNtNtNtCseriWsCb5ev6_4koan8builtins10module_def5testss_41module_body_error_short_circuits_finalize
FN:189,_RNvNtNtNtCseriWsCb5ev6_4koan8builtins10module_def5testss_41module_with_multiple_statements_in_parens
FN:225,_RNvNtNtNtCseriWsCb5ev6_4koan8builtins10module_def5testss_41nested_module_accessible_via_chained_attr
FN:260,_RNvNtNtNtCseriWsCb5ev6_4koan8builtins10module_def5testss_50module_finalize_short_circuits_on_idempotent_state
FNDA:30,_RNvNtNtCscUx3zdyuqfq_4koan8builtins10module_def11binder_name
FNDA:17,_RNvNtNtCscUx3zdyuqfq_4koan8builtins10module_def4body
FNDA:40,_RNvNtNtCscUx3zdyuqfq_4koan8builtins10module_def8register
FNDA:17,_RNCNvNtNtCscUx3zdyuqfq_4koan8builtins10module_def4body0B7_
FNDA:16,_RNCNvNtNtCscUx3zdyuqfq_4koan8builtins10module_def4bodys_0B7_
FNDA:139,_RNvNtNtCseriWsCb5ev6_4koan8builtins10module_def11binder_name
FNDA:79,_RNvNtNtCseriWsCb5ev6_4koan8builtins10module_def4body
FNDA:466,_RNvNtNtCseriWsCb5ev6_4koan8builtins10module_def8register
FNDA:79,_RNCNvNtNtCseriWsCb5ev6_4koan8builtins10module_def4body0B7_
FNDA:77,_RNCNvNtNtCseriWsCb5ev6_4koan8builtins10module_def4bodys_0B7_
FNDA:3,_RNvNtNtNtCseriWsCb5ev6_4koan8builtins10module_def5tests14resolve_module
FNDA:1,_RNvNtNtNtCseriWsCb5ev6_4koan8builtins10module_def5testss_28module_unknown_member_errors
FNDA:1,_RNvNtNtNtCseriWsCb5ev6_4koan8builtins10module_def5testss_29module_member_access_via_attr
FNDA:1,_RNvNtNtNtCseriWsCb5ev6_4koan8builtins10module_def5testss_32binder_name_extracts_module_name
FNDA:1,_RNvNtNtNtCseriWsCb5ev6_4koan8builtins10module_def5testss_32module_binds_under_name_in_scope
FNDA:1,_RNvNtNtNtCseriWsCb5ev6_4koan8builtins10module_def5testss_33module_member_function_via_let_fn
FNDA:1,_RNvNtNtNtCseriWsCb5ev6_4koan8builtins10module_def5testss_36module_body_dispatch_does_not_dangle
FNDA:1,_RNvNtNtNtCseriWsCb5ev6_4koan8builtins10module_def5testss_38module_body_parks_on_outer_placeholder
FNDA:1,_RNvNtNtNtCseriWsCb5ev6_4koan8builtins10module_def5testss_41module_body_error_short_circuits_finalize
FNDA:1,_RNvNtNtNtCseriWsCb5ev6_4koan8builtins10module_def5testss_41module_with_multiple_statements_in_parens
FNDA:1,_RNvNtNtNtCseriWsCb5ev6_4koan8builtins10module_def5testss_41nested_module_accessible_via_chained_attr
FNDA:1,_RNvNtNtNtCseriWsCb5ev6_4koan8builtins10module_def5testss_50module_finalize_short_circuits_on_idempotent_state
FNF:17
FNH:17
DA:25,96
DA:26,96
DA:27,96
DA:28,96
DA:29,96
DA:31,96
DA:32,96
DA:33,0
DA:35,96
DA:36,96
DA:38,0
DA:39,0
DA:40,0
DA:44,96
DA:45,96
DA:47,96
DA:51,96
DA:53,96
DA:54,96
DA:55,96
DA:56,96
DA:57,96
DA:58,96
DA:62,93
DA:63,93
DA:64,1
DA:65,92
DA:66,92
DA:67,92
DA:68,92
DA:76,92
DA:77,92
DA:78,92
DA:79,92
DA:80,92
DA:81,21
DA:82,0
DA:83,21
DA:84,21
DA:87,92
DA:88,92
DA:89,92
DA:90,92
DA:97,92
DA:98,92
DA:99,92
DA:100,92
DA:101,92
DA:102,92
DA:103,92
DA:104,92
DA:105,92
DA:106,92
DA:107,92
DA:108,0
DA:109,0
DA:110,0
DA:111,0
DA:113,93
DA:114,96
DA:115,96
DA:116,96
DA:119,169
DA:120,169
DA:121,169
DA:123,506
DA:124,506
DA:125,506
DA:126,506
DA:127,506
DA:128,506
DA:129,506
DA:130,506
DA:131,506
DA:132,506
DA:133,506
DA:136,506
DA:137,506
DA:139,506
DA:150,3
DA:151,3
DA:152,3
DA:153,0
DA:155,3
DA:158,1
DA:159,1
DA:160,1
DA:161,1
DA:162,1
DA:165,1
DA:166,1
DA:167,1
DA:168,1
DA:169,1
DA:170,1
DA:173,1
DA:174,1
DA:177,1
DA:180,1
DA:181,1
DA:182,1
DA:183,1
DA:184,1
DA:185,1
DA:186,1
DA:189,1
DA:190,1
DA:191,1
DA:192,1
DA:193,1
DA:194,1
DA:195,1
DA:198,1
DA:201,1
DA:202,1
DA:203,1
DA:204,1
DA:205,1
DA:207,1
DA:208,1
DA:209,1
DA:212,1
DA:213,1
DA:214,1
DA:215,1
DA:216,1
DA:217,1
DA:218,1
DA:219,1
DA:222,1
DA:225,1
DA:226,1
DA:227,1
DA:228,1
DA:229,1
DA:230,1
DA:231,1
DA:236,1
DA:237,1
DA:238,1
DA:239,1
DA:240,1
DA:241,1
DA:242,1
DA:246,1
DA:247,1
DA:248,1
DA:249,1
DA:250,1
DA:251,1
DA:254,1
DA:260,1
DA:261,1
DA:262,1
DA:263,1
DA:264,1
DA:265,1
DA:267,1
DA:268,1
DA:269,1
DA:270,1
DA:271,1
DA:275,1
DA:276,1
DA:277,1
DA:278,1
DA:279,1
DA:284,1
DA:285,1
DA:286,1
DA:287,1
DA:288,1
DA:289,1
DA:290,1
DA:291,1
DA:292,1
BRF:0
BRH:0
LF:178
LH:168
end_of_record
SF:/var/home/jack/Code/koan/src/builtins/newtype_def.rs
FN:131,_RNCNvNtNtCscUx3zdyuqfq_4koan8builtins11newtype_def17newtype_construct0B7_
FN:83,_RNCNvNtNtCscUx3zdyuqfq_4koan8builtins11newtype_def4body0B7_
FN:104,_RNvNtNtCscUx3zdyuqfq_4koan8builtins11newtype_def11binder_name
FN:117,_RNvNtNtCscUx3zdyuqfq_4koan8builtins11newtype_def17newtype_construct
FN:27,_RNvNtNtCscUx3zdyuqfq_4koan8builtins11newtype_def4body
FN:167,_RNvNtNtCscUx3zdyuqfq_4koan8builtins11newtype_def8register
FN:104,_RNvNtNtCseriWsCb5ev6_4koan8builtins11newtype_def11binder_name
FN:117,_RNvNtNtCseriWsCb5ev6_4koan8builtins11newtype_def17newtype_construct
FN:27,_RNvNtNtCseriWsCb5ev6_4koan8builtins11newtype_def4body
FN:167,_RNvNtNtCseriWsCb5ev6_4koan8builtins11newtype_def8register
FN:131,_RNCNvNtNtCseriWsCb5ev6_4koan8builtins11newtype_def17newtype_construct0B7_
FN:83,_RNCNvNtNtCseriWsCb5ev6_4koan8builtins11newtype_def4body0B7_
FN:356,_RNvNtNtNtCseriWsCb5ev6_4koan8builtins11newtype_def5testss_28construct_arity_zero_rejects
FN:377,_RNvNtNtNtCseriWsCb5ev6_4koan8builtins11newtype_def5testss_29construct_with_operator_value
FN:198,_RNvNtNtNtCseriWsCb5ev6_4koan8builtins11newtype_def5testss_30declare_mints_newtype_identity
FN:266,_RNvNtNtNtCseriWsCb5ev6_4koan8builtins11newtype_def5testss_30newtype_over_newtype_collapses
FN:337,_RNvNtNtNtCseriWsCb5ev6_4koan8builtins11newtype_def5testss_31construct_with_identifier_value
FN:251,_RNvNtNtNtCseriWsCb5ev6_4koan8builtins11newtype_def5testss_35construct_rejects_non_matching_repr
FN:228,_RNvNtNtNtCseriWsCb5ev6_4koan8builtins11newtype_def5testss_35construct_wraps_repr_matching_value
FN:295,_RNvNtNtNtCseriWsCb5ev6_4koan8builtins11newtype_def5testss_43dispatch_distinguishes_distance_from_number
FNDA:0,_RNCNvNtNtCscUx3zdyuqfq_4koan8builtins11newtype_def17newtype_construct0B7_
FNDA:0,_RNCNvNtNtCscUx3zdyuqfq_4koan8builtins11newtype_def4body0B7_
FNDA:0,_RNvNtNtCscUx3zdyuqfq_4koan8builtins11newtype_def11binder_name
FNDA:0,_RNvNtNtCscUx3zdyuqfq_4koan8builtins11newtype_def17newtype_construct
FNDA:0,_RNvNtNtCscUx3zdyuqfq_4koan8builtins11newtype_def4body
FNDA:40,_RNvNtNtCscUx3zdyuqfq_4koan8builtins11newtype_def8register
FNDA:24,_RNvNtNtCseriWsCb5ev6_4koan8builtins11newtype_def11binder_name
FNDA:12,_RNvNtNtCseriWsCb5ev6_4koan8builtins11newtype_def17newtype_construct
FNDA:12,_RNvNtNtCseriWsCb5ev6_4koan8builtins11newtype_def4body
FNDA:466,_RNvNtNtCseriWsCb5ev6_4koan8builtins11newtype_def8register
FNDA:11,_RNCNvNtNtCseriWsCb5ev6_4koan8builtins11newtype_def17newtype_construct0B7_
FNDA:12,_RNCNvNtNtCseriWsCb5ev6_4koan8builtins11newtype_def4body0B7_
FNDA:1,_RNvNtNtNtCseriWsCb5ev6_4koan8builtins11newtype_def5testss_28construct_arity_zero_rejects
FNDA:1,_RNvNtNtNtCseriWsCb5ev6_4koan8builtins11newtype_def5testss_29construct_with_operator_value
FNDA:1,_RNvNtNtNtCseriWsCb5ev6_4koan8builtins11newtype_def5testss_30declare_mints_newtype_identity
FNDA:1,_RNvNtNtNtCseriWsCb5ev6_4koan8builtins11newtype_def5testss_30newtype_over_newtype_collapses
FNDA:1,_RNvNtNtNtCseriWsCb5ev6_4koan8builtins11newtype_def5testss_31construct_with_identifier_value
FNDA:1,_RNvNtNtNtCseriWsCb5ev6_4koan8builtins11newtype_def5testss_35construct_rejects_non_matching_repr
FNDA:1,_RNvNtNtNtCseriWsCb5ev6_4koan8builtins11newtype_def5testss_35construct_wraps_repr_matching_value
FNDA:1,_RNvNtNtNtCseriWsCb5ev6_4koan8builtins11newtype_def5testss_43dispatch_distinguishes_distance_from_number
FNF:14
FNH:14
DA:27,12
DA:28,12
DA:29,12
DA:30,12
DA:31,12
DA:32,12
DA:33,12
DA:34,0
DA:39,12
DA:40,9
DA:41,9
DA:42,0
DA:48,3
DA:49,3
DA:50,0
DA:52,3
DA:53,3
DA:55,0
DA:56,0
DA:57,0
DA:58,0
DA:63,0
DA:64,0
DA:65,0
DA:71,12
DA:72,12
DA:73,12
DA:74,12
DA:75,12
DA:76,12
DA:77,12
DA:78,12
DA:79,12
DA:80,12
DA:81,12
DA:82,12
DA:83,12
DA:84,12
DA:85,12
DA:86,12
DA:87,12
DA:90,12
DA:91,12
DA:96,0
DA:97,0
DA:98,0
DA:99,0
DA:101,12
DA:104,24
DA:105,24
DA:106,24
DA:117,12
DA:118,12
DA:119,12
DA:120,12
DA:121,12
DA:122,12
DA:123,12
DA:124,1
DA:125,1
DA:126,1
DA:127,1
DA:128,11
DA:129,11
DA:130,11
DA:131,11
DA:132,11
DA:133,11
DA:137,11
DA:139,11
DA:141,11
DA:143,11
DA:144,0
DA:148,11
DA:149,1
DA:150,1
DA:151,1
DA:152,1
DA:153,1
DA:154,10
DA:157,10
DA:158,10
DA:159,10
DA:160,10
DA:161,10
DA:162,11
DA:163,11
DA:164,11
DA:165,12
DA:167,506
DA:170,506
DA:171,506
DA:172,506
DA:173,506
DA:174,506
DA:175,506
DA:176,506
DA:177,506
DA:178,506
DA:179,506
DA:182,506
DA:183,506
DA:185,506
DA:198,1
DA:199,1
DA:200,1
DA:201,1
DA:202,1
DA:203,1
DA:204,1
DA:205,1
DA:206,1
DA:208,1
DA:209,1
DA:212,1
DA:213,1
DA:215,0
DA:217,1
DA:218,1
DA:219,1
DA:220,1
DA:223,1
DA:228,1
DA:229,1
DA:230,1
DA:231,1
DA:232,1
DA:233,1
DA:234,1
DA:235,1
DA:238,1
DA:240,1
DA:241,0
DA:243,1
DA:245,0
DA:247,1
DA:251,1
DA:252,1
DA:253,1
DA:254,1
DA:255,1
DA:256,1
DA:257,1
DA:258,1
DA:261,1
DA:266,1
DA:267,1
DA:268,1
DA:269,1
DA:270,1
DA:271,1
DA:272,1
DA:273,1
DA:274,1
DA:275,0
DA:278,1
DA:279,1
DA:281,0
DA:284,0
DA:286,1
DA:295,1
DA:296,1
DA:297,1
DA:298,1
DA:299,1
DA:300,1
DA:301,1
DA:302,1
DA:304,1
DA:305,1
DA:306,1
DA:307,0
DA:309,1
DA:310,1
DA:311,1
DA:312,0
DA:314,1
DA:315,1
DA:316,1
DA:317,1
DA:318,1
DA:319,1
DA:320,1
DA:323,1
DA:324,1
DA:325,1
DA:326,1
DA:327,1
DA:328,1
DA:329,1
DA:332,1
DA:337,1
DA:338,1
DA:339,1
DA:340,1
DA:341,1
DA:342,1
DA:343,1
DA:344,1
DA:345,1
DA:346,0
DA:348,1
DA:350,0
DA:352,1
DA:356,1
DA:357,1
DA:358,1
DA:359,1
DA:360,1
DA:361,1
DA:362,0
DA:363,1
DA:371,1
DA:377,1
DA:378,1
DA:379,1
DA:380,1
DA:381,1
DA:382,1
DA:383,1
DA:385,1
DA:386,1
DA:387,1
DA:388,1
DA:389,1
DA:390,0
DA:392,1
DA:394,0
DA:396,1
BRF:0
BRH:0
LF:231
LH:203
end_of_record
SF:/var/home/jack/Code/koan/src/builtins/print.rs
FN:10,_RNvNtNtCscUx3zdyuqfq_4koan8builtins5print4body
FN:24,_RNvNtNtCscUx3zdyuqfq_4koan8builtins5print8register
FN:10,_RNvNtNtCseriWsCb5ev6_4koan8builtins5print4body
FN:24,_RNvNtNtCseriWsCb5ev6_4koan8builtins5print8register
FNDA:6,_RNvNtNtCscUx3zdyuqfq_4koan8builtins5print4body
FNDA:40,_RNvNtNtCscUx3zdyuqfq_4koan8builtins5print8register
FNDA:131,_RNvNtNtCseriWsCb5ev6_4koan8builtins5print4body
FNDA:466,_RNvNtNtCseriWsCb5ev6_4koan8builtins5print8register
FNF:2
FNH:2
DA:10,137
DA:11,137
DA:12,137
DA:13,137
DA:14,137
DA:15,137
DA:16,137
DA:17,0
DA:19,137
DA:20,137
DA:21,137
DA:22,137
DA:24,506
DA:25,506
DA:26,506
DA:27,506
DA:28,506
DA:29,506
DA:31,506
BRF:0
BRH:0
LF:19
LH:18
end_of_record
SF:/var/home/jack/Code/koan/src/builtins/quote.rs
FN:12,_RNvNtNtCscUx3zdyuqfq_4koan8builtins5quote4body
FN:29,_RNvNtNtCscUx3zdyuqfq_4koan8builtins5quote8register
FN:46,_RNvNtNtNtCseriWsCb5ev6_4koan8builtins5quote5tests11run_program
FN:55,_RNvNtNtNtCseriWsCb5ev6_4koan8builtins5quote5testss_26quote_then_eval_round_trip
FN:64,_RNvNtNtNtCseriWsCb5ev6_4koan8builtins5quote5testss_27quote_captures_ast_as_value
FN:12,_RNvNtNtCseriWsCb5ev6_4koan8builtins5quote4body
FN:29,_RNvNtNtCseriWsCb5ev6_4koan8builtins5quote8register
FNDA:0,_RNvNtNtCscUx3zdyuqfq_4koan8builtins5quote4body
FNDA:40,_RNvNtNtCscUx3zdyuqfq_4koan8builtins5quote8register
FNDA:2,_RNvNtNtNtCseriWsCb5ev6_4koan8builtins5quote5tests11run_program
FNDA:1,_RNvNtNtNtCseriWsCb5ev6_4koan8builtins5quote5testss_26quote_then_eval_round_trip
FNDA:1,_RNvNtNtNtCseriWsCb5ev6_4koan8builtins5quote5testss_27quote_captures_ast_as_value
FNDA:9,_RNvNtNtCseriWsCb5ev6_4koan8builtins5quote4body
FNDA:466,_RNvNtNtCseriWsCb5ev6_4koan8builtins5quote8register
FNF:5
FNH:5
DA:12,9
DA:13,9
DA:14,9
DA:15,9
DA:16,9
DA:17,9
DA:18,9
DA:20,0
DA:21,0
DA:22,0
DA:25,9
DA:26,9
DA:27,9
DA:29,506
DA:30,506
DA:31,506
DA:32,506
DA:33,506
DA:34,506
DA:35,506
DA:37,506
DA:39,506
DA:46,2
DA:47,2
DA:48,2
DA:49,2
DA:50,2
DA:51,2
DA:52,2
DA:55,1
DA:56,1
DA:57,1
DA:58,1
DA:60,1
DA:61,1
DA:64,1
DA:65,1
DA:66,1
DA:67,1
BRF:0
BRH:0
LF:39
LH:36
end_of_record
SF:/var/home/jack/Code/koan/src/builtins/result.rs
FN:20,_RNvNtNtCscUx3zdyuqfq_4koan8builtins6result8register
FN:20,_RNvNtNtCseriWsCb5ev6_4koan8builtins6result8register
FNDA:40,_RNvNtNtCscUx3zdyuqfq_4koan8builtins6result8register
FNDA:466,_RNvNtNtCseriWsCb5ev6_4koan8builtins6result8register
FNF:1
FNH:1
DA:20,506
DA:21,506
DA:22,506
DA:23,506
DA:24,506
DA:25,506
DA:26,506
DA:27,506
DA:28,506
DA:29,506
DA:30,506
DA:31,506
DA:32,506
DA:36,506
DA:37,506
BRF:0
BRH:0
LF:15
LH:15
end_of_record
SF:/var/home/jack/Code/koan/src/builtins/sig_def.rs
FN:52,_RNCNvNtNtCscUx3zdyuqfq_4koan8builtins7sig_def4body0B7_
FN:55,_RNCNvNtNtCscUx3zdyuqfq_4koan8builtins7sig_def4bodys_0B7_
FN:84,_RNvNtNtCscUx3zdyuqfq_4koan8builtins7sig_def11binder_name
FN:27,_RNvNtNtCscUx3zdyuqfq_4koan8builtins7sig_def4body
FN:88,_RNvNtNtCscUx3zdyuqfq_4koan8builtins7sig_def8register
FN:84,_RNvNtNtCseriWsCb5ev6_4koan8builtins7sig_def11binder_name
FN:27,_RNvNtNtCseriWsCb5ev6_4koan8builtins7sig_def4body
FN:88,_RNvNtNtCseriWsCb5ev6_4koan8builtins7sig_def8register
FN:52,_RNCNvNtNtCseriWsCb5ev6_4koan8builtins7sig_def4body0B7_
FN:55,_RNCNvNtNtCseriWsCb5ev6_4koan8builtins7sig_def4bodys_0B7_
FN:136,_RNvNtNtNtCseriWsCb5ev6_4koan8builtins7sig_def5testss_21sig_path_records_name
FN:114,_RNvNtNtNtCseriWsCb5ev6_4koan8builtins7sig_def5testss_29binder_name_extracts_sig_name
FN:122,_RNvNtNtNtCseriWsCb5ev6_4koan8builtins7sig_def5testss_29sig_binds_under_name_in_scope
FN:151,_RNvNtNtNtCseriWsCb5ev6_4koan8builtins7sig_def5testss_35sig_body_parks_on_outer_placeholder
FN:172,_RNvNtNtNtCseriWsCb5ev6_4koan8builtins7sig_def5testss_38sig_body_error_short_circuits_finalize
FNDA:13,_RNCNvNtNtCscUx3zdyuqfq_4koan8builtins7sig_def4body0B7_
FNDA:13,_RNCNvNtNtCscUx3zdyuqfq_4koan8builtins7sig_def4bodys_0B7_
FNDA:26,_RNvNtNtCscUx3zdyuqfq_4koan8builtins7sig_def11binder_name
FNDA:13,_RNvNtNtCscUx3zdyuqfq_4koan8builtins7sig_def4body
FNDA:40,_RNvNtNtCscUx3zdyuqfq_4koan8builtins7sig_def8register
FNDA:133,_RNvNtNtCseriWsCb5ev6_4koan8builtins7sig_def11binder_name
FNDA:66,_RNvNtNtCseriWsCb5ev6_4koan8builtins7sig_def4body
FNDA:466,_RNvNtNtCseriWsCb5ev6_4koan8builtins7sig_def8register
FNDA:66,_RNCNvNtNtCseriWsCb5ev6_4koan8builtins7sig_def4body0B7_
FNDA:64,_RNCNvNtNtCseriWsCb5ev6_4koan8builtins7sig_def4bodys_0B7_
FNDA:1,_RNvNtNtNtCseriWsCb5ev6_4koan8builtins7sig_def5testss_21sig_path_records_name
FNDA:1,_RNvNtNtNtCseriWsCb5ev6_4koan8builtins7sig_def5testss_29binder_name_extracts_sig_name
FNDA:1,_RNvNtNtNtCseriWsCb5ev6_4koan8builtins7sig_def5testss_29sig_binds_under_name_in_scope
FNDA:1,_RNvNtNtNtCseriWsCb5ev6_4koan8builtins7sig_def5testss_35sig_body_parks_on_outer_placeholder
FNDA:1,_RNvNtNtNtCseriWsCb5ev6_4koan8builtins7sig_def5testss_38sig_body_error_short_circuits_finalize
FNF:10
FNH:10
DA:27,79
DA:28,79
DA:29,79
DA:30,79
DA:31,79
DA:32,79
DA:33,79
DA:34,0
DA:36,79
DA:37,79
DA:39,0
DA:40,0
DA:41,0
DA:45,79
DA:46,79
DA:48,79
DA:50,79
DA:51,79
DA:52,79
DA:53,79
DA:54,79
DA:55,79
DA:56,77
DA:57,77
DA:58,77
DA:66,77
DA:67,77
DA:68,77
DA:69,77
DA:70,77
DA:71,77
DA:72,0
DA:73,0
DA:74,0
DA:75,0
DA:77,77
DA:78,79
DA:79,79
DA:80,79
DA:84,159
DA:85,159
DA:86,159
DA:88,506
DA:89,506
DA:90,506
DA:91,506
DA:92,506
DA:93,506
DA:94,506
DA:95,506
DA:96,506
DA:97,506
DA:98,506
DA:101,506
DA:102,506
DA:104,506
DA:114,1
DA:115,1
DA:116,1
DA:117,1
DA:118,1
DA:119,1
DA:122,1
DA:124,1
DA:125,1
DA:126,1
DA:128,1
DA:129,1
DA:130,1
DA:133,1
DA:136,1
DA:138,1
DA:139,1
DA:140,1
DA:141,1
DA:142,1
DA:143,0
DA:145,1
DA:146,1
DA:151,1
DA:152,1
DA:153,1
DA:154,1
DA:156,1
DA:157,1
DA:158,0
DA:160,1
DA:161,1
DA:162,1
DA:163,1
DA:165,0
DA:167,1
DA:172,1
DA:173,1
DA:174,1
DA:175,1
DA:176,1
DA:177,1
DA:180,1
BRF:0
BRH:0
LF:101
LH:90
end_of_record
SF:/var/home/jack/Code/koan/src/builtins/struct_def.rs
FN:174,_RNCNvNtNtCscUx3zdyuqfq_4koan8builtins10struct_def24defer_struct_via_combine0B7_
FN:75,_RNCNvNtNtCscUx3zdyuqfq_4koan8builtins10struct_def4body0B7_
FN:224,_RNvNtNtCscUx3zdyuqfq_4koan8builtins10struct_def11binder_name
FN:100,_RNvNtNtCscUx3zdyuqfq_4koan8builtins10struct_def15finalize_struct
FN:152,_RNvNtNtCscUx3zdyuqfq_4koan8builtins10struct_def24defer_struct_via_combine
FN:27,_RNvNtNtCscUx3zdyuqfq_4koan8builtins10struct_def4body
FN:228,_RNvNtNtCscUx3zdyuqfq_4koan8builtins10struct_def8register
FN:224,_RNvNtNtCseriWsCb5ev6_4koan8builtins10struct_def11binder_name
FN:100,_RNvNtNtCseriWsCb5ev6_4koan8builtins10struct_def15finalize_struct
FN:152,_RNvNtNtCseriWsCb5ev6_4koan8builtins10struct_def24defer_struct_via_combine
FN:27,_RNvNtNtCseriWsCb5ev6_4koan8builtins10struct_def4body
FN:228,_RNvNtNtCseriWsCb5ev6_4koan8builtins10struct_def8register
FN:174,_RNCNvNtNtCseriWsCb5ev6_4koan8builtins10struct_def24defer_struct_via_combine0B7_
FN:75,_RNCNvNtNtCseriWsCb5ev6_4koan8builtins10struct_def4body0B7_
FNDA:1,_RNCNvNtNtCscUx3zdyuqfq_4koan8builtins10struct_def24defer_struct_via_combine0B7_
FNDA:4,_RNCNvNtNtCscUx3zdyuqfq_4koan8builtins10struct_def4body0B7_
FNDA:8,_RNvNtNtCscUx3zdyuqfq_4koan8builtins10struct_def11binder_name
FNDA:4,_RNvNtNtCscUx3zdyuqfq_4koan8builtins10struct_def15finalize_struct
FNDA:1,_RNvNtNtCscUx3zdyuqfq_4koan8builtins10struct_def24defer_struct_via_combine
FNDA:4,_RNvNtNtCscUx3zdyuqfq_4koan8builtins10struct_def4body
FNDA:40,_RNvNtNtCscUx3zdyuqfq_4koan8builtins10struct_def8register
FNDA:103,_RNvNtNtCseriWsCb5ev6_4koan8builtins10struct_def11binder_name
FNDA:49,_RNvNtNtCseriWsCb5ev6_4koan8builtins10struct_def15finalize_struct
FNDA:6,_RNvNtNtCseriWsCb5ev6_4koan8builtins10struct_def24defer_struct_via_combine
FNDA:51,_RNvNtNtCseriWsCb5ev6_4koan8builtins10struct_def4body
FNDA:466,_RNvNtNtCseriWsCb5ev6_4koan8builtins10struct_def8register
FNDA:6,_RNCNvNtNtCseriWsCb5ev6_4koan8builtins10struct_def24defer_struct_via_combine0B7_
FNDA:51,_RNCNvNtNtCseriWsCb5ev6_4koan8builtins10struct_def4body0B7_
FNF:7
FNH:7
DA:27,55
DA:28,55
DA:29,55
DA:30,55
DA:31,55
DA:32,55
DA:33,55
DA:34,0
DA:36,55
DA:37,55
DA:39,0
DA:40,0
DA:41,0
DA:48,55
DA:49,55
DA:50,55
DA:51,55
DA:52,55
DA:53,55
DA:54,55
DA:55,55
DA:56,55
DA:61,55
DA:62,55
DA:63,55
DA:64,55
DA:65,55
DA:66,55
DA:67,55
DA:68,55
DA:73,55
DA:74,55
DA:75,55
DA:76,55
DA:77,55
DA:78,44
DA:79,4
DA:81,7
DA:82,7
DA:83,7
DA:84,7
DA:85,7
DA:86,7
DA:87,7
DA:88,7
DA:89,7
DA:90,7
DA:91,7
DA:94,55
DA:100,53
DA:101,53
DA:102,53
DA:103,53
DA:104,53
DA:105,53
DA:110,53
DA:112,10
DA:114,53
DA:116,10
DA:117,1
DA:118,1
DA:119,1
DA:120,9
DA:121,43
DA:122,52
DA:123,1
DA:124,1
DA:125,1
DA:126,51
DA:127,51
DA:128,51
DA:129,51
DA:130,51
DA:131,51
DA:132,51
DA:133,51
DA:134,51
DA:135,51
DA:136,51
DA:137,51
DA:138,51
DA:139,0
DA:141,53
DA:152,7
DA:153,7
DA:154,7
DA:155,7
DA:156,7
DA:157,7
DA:158,7
DA:159,7
DA:160,7
DA:161,7
DA:163,7
DA:166,7
DA:167,7
DA:168,7
DA:169,7
DA:170,2
DA:171,2
DA:172,2
DA:173,2
DA:174,7
DA:176,7
DA:179,7
DA:180,7
DA:181,2
DA:182,2
DA:183,0
DA:184,0
DA:185,0
DA:186,0
DA:187,0
DA:188,2
DA:189,2
DA:191,7
DA:194,7
DA:195,7
DA:196,7
DA:197,7
DA:198,7
DA:199,7
DA:200,7
DA:201,7
DA:202,7
DA:204,0
DA:205,0
DA:206,0
DA:207,0
DA:208,0
DA:209,0
DA:211,0
DA:212,0
DA:213,0
DA:216,7
DA:217,7
DA:218,7
DA:219,7
DA:224,111
DA:225,111
DA:226,111
DA:228,506
DA:229,506
DA:230,506
DA:231,506
DA:232,506
DA:233,506
DA:234,506
DA:235,506
DA:236,506
DA:237,506
DA:238,506
DA:241,506
DA:242,506
DA:244,506
BRF:0
BRH:0
LF:157
LH:138
end_of_record
SF:/var/home/jack/Code/koan/src/builtins/test_support.rs
FN:70,_RNvNtNtCseriWsCb5ev6_4koan8builtins12test_support11run_one_err
FN:140,_RNvNtNtCseriWsCb5ev6_4koan8builtins12test_support12one_slot_sig
FN:48,_RNvNtNtCseriWsCb5ev6_4koan8builtins12test_support13run_root_bare
FN:42,_RNvNtNtCseriWsCb5ev6_4koan8builtins12test_support15run_root_silent
FN:118,_RNvNtNtCseriWsCb5ev6_4koan8builtins12test_support16fn_is_registered
FN:34,_RNvNtNtCseriWsCb5ev6_4koan8builtins12test_support17run_root_with_buf
FN:85,_RNvNtNtCseriWsCb5ev6_4koan8builtins12test_support3run
FN:135,_RNvNtNtCseriWsCb5ev6_4koan8builtins12test_support6marker
FN:62,_RNvNtNtCseriWsCb5ev6_4koan8builtins12test_support7run_one
FN:96,_RNvNtNtCseriWsCb5ev6_4koan8builtins12test_support9lookup_fn
FN:53,_RNvNtNtCseriWsCb5ev6_4koan8builtins12test_support9parse_one
FN:29,_RNvXNtNtCseriWsCb5ev6_4koan8builtins12test_supportNtB2_9SharedBufNtNtCs75vJTIYSa2J_3std2io5Write5flush
FN:25,_RNvXNtNtCseriWsCb5ev6_4koan8builtins12test_supportNtB2_9SharedBufNtNtCs75vJTIYSa2J_3std2io5Write5write
FN:125,_RNCNCNCNvNtNtCseriWsCb5ev6_4koan8builtins12test_support16fn_is_registered000Bb_
FN:124,_RNCNCNvNtNtCseriWsCb5ev6_4koan8builtins12test_support16fn_is_registered00B9_
FN:123,_RNCNvNtNtCseriWsCb5ev6_4koan8builtins12test_support16fn_is_registered0B7_
FN:100,_RNCNvNtNtCseriWsCb5ev6_4koan8builtins12test_support9lookup_fn0B7_
FN:113,_RNCNvNtNtCseriWsCb5ev6_4koan8builtins12test_support9lookup_fns_0B7_
FNDA:43,_RNvNtNtCseriWsCb5ev6_4koan8builtins12test_support11run_one_err
FNDA:4,_RNvNtNtCseriWsCb5ev6_4koan8builtins12test_support12one_slot_sig
FNDA:62,_RNvNtNtCseriWsCb5ev6_4koan8builtins12test_support13run_root_bare
FNDA:229,_RNvNtNtCseriWsCb5ev6_4koan8builtins12test_support15run_root_silent
FNDA:8,_RNvNtNtCseriWsCb5ev6_4koan8builtins12test_support16fn_is_registered
FNDA:74,_RNvNtNtCseriWsCb5ev6_4koan8builtins12test_support17run_root_with_buf
FNDA:285,_RNvNtNtCseriWsCb5ev6_4koan8builtins12test_support3run
FNDA:2,_RNvNtNtCseriWsCb5ev6_4koan8builtins12test_support6marker
FNDA:231,_RNvNtNtCseriWsCb5ev6_4koan8builtins12test_support7run_one
FNDA:19,_RNvNtNtCseriWsCb5ev6_4koan8builtins12test_support9lookup_fn
FNDA:355,_RNvNtNtCseriWsCb5ev6_4koan8builtins12test_support9parse_one
FNDA:0,_RNvXNtNtCseriWsCb5ev6_4koan8builtins12test_supportNtB2_9SharedBufNtNtCs75vJTIYSa2J_3std2io5Write5flush
FNDA:115,_RNvXNtNtCseriWsCb5ev6_4koan8builtins12test_supportNtB2_9SharedBufNtNtCs75vJTIYSa2J_3std2io5Write5write
FNDA:320,_RNCNCNCNvNtNtCseriWsCb5ev6_4koan8builtins12test_support16fn_is_registered000Bb_
FNDA:297,_RNCNCNvNtNtCseriWsCb5ev6_4koan8builtins12test_support16fn_is_registered00B9_
FNDA:225,_RNCNvNtNtCseriWsCb5ev6_4koan8builtins12test_support16fn_is_registered0B7_
FNDA:798,_RNCNvNtNtCseriWsCb5ev6_4koan8builtins12test_support9lookup_fn0B7_
FNDA:0,_RNCNvNtNtCseriWsCb5ev6_4koan8builtins12test_support9lookup_fns_0B7_
FNF:18
FNH:16
DA:25,115
DA:26,115
DA:27,115
DA:28,115
DA:29,0
DA:30,0
DA:31,0
DA:34,74
DA:35,74
DA:36,74
DA:37,74
DA:38,74
DA:39,74
DA:40,74
DA:42,229
DA:43,229
DA:44,229
DA:48,62
DA:49,62
DA:50,62
DA:53,355
DA:54,355
DA:55,355
DA:56,355
DA:57,355
DA:62,231
DA:63,231
DA:64,231
DA:65,231
DA:66,231
DA:67,231
DA:70,43
DA:71,43
DA:72,43
DA:73,43
DA:74,43
DA:75,43
DA:76,43
DA:77,0
DA:78,43
DA:80,43
DA:85,285
DA:86,285
DA:87,285
DA:88,497
DA:89,497
DA:90,497
DA:91,285
DA:92,285
DA:96,19
DA:97,19
DA:98,570
DA:99,741
DA:100,798
DA:101,741
DA:102,57
DA:103,798
DA:104,741
DA:105,19
DA:106,19
DA:109,19
DA:110,722
DA:113,19
DA:114,19
DA:118,8
DA:119,8
DA:120,8
DA:121,8
DA:122,8
DA:123,225
DA:124,297
DA:125,320
DA:126,297
DA:127,23
DA:128,320
DA:129,297
DA:130,225
DA:131,8
DA:135,2
DA:136,2
DA:137,2
DA:140,4
DA:141,4
DA:142,4
DA:143,4
DA:144,4
DA:145,4
DA:146,4
DA:147,4
DA:148,4
BRF:0
BRH:0
LF:96
LH:91
end_of_record
SF:/var/home/jack/Code/koan/src/builtins/try_with.rs
FN:64,_RNvNtNtCscUx3zdyuqfq_4koan8builtins8try_with15dispatch_branch
FN:27,_RNvNtNtCscUx3zdyuqfq_4koan8builtins8try_with4body
FN:141,_RNvNtNtCscUx3zdyuqfq_4koan8builtins8try_with8register
FN:130,_RNCNvNtNtCscUx3zdyuqfq_4koan8builtins8try_with15dispatch_branch0B7_
FN:55,_RNCNvNtNtCscUx3zdyuqfq_4koan8builtins8try_with4body0B7_
FN:64,_RNvNtNtCseriWsCb5ev6_4koan8builtins8try_with15dispatch_branch
FN:27,_RNvNtNtCseriWsCb5ev6_4koan8builtins8try_with4body
FN:141,_RNvNtNtCseriWsCb5ev6_4koan8builtins8try_with8register
FN:130,_RNCNvNtNtCseriWsCb5ev6_4koan8builtins8try_with15dispatch_branch0B7_
FN:55,_RNCNvNtNtCseriWsCb5ev6_4koan8builtins8try_with4body0B7_
FNDA:0,_RNvNtNtCscUx3zdyuqfq_4koan8builtins8try_with15dispatch_branch
FNDA:0,_RNvNtNtCscUx3zdyuqfq_4koan8builtins8try_with4body
FNDA:40,_RNvNtNtCscUx3zdyuqfq_4koan8builtins8try_with8register
FNDA:0,_RNCNvNtNtCscUx3zdyuqfq_4koan8builtins8try_with15dispatch_branch0B7_
FNDA:0,_RNCNvNtNtCscUx3zdyuqfq_4koan8builtins8try_with4body0B7_
FNDA:17,_RNvNtNtCseriWsCb5ev6_4koan8builtins8try_with15dispatch_branch
FNDA:17,_RNvNtNtCseriWsCb5ev6_4koan8builtins8try_with4body
FNDA:466,_RNvNtNtCseriWsCb5ev6_4koan8builtins8try_with8register
FNDA:0,_RNCNvNtNtCseriWsCb5ev6_4koan8builtins8try_with15dispatch_branch0B7_
FNDA:17,_RNCNvNtNtCseriWsCb5ev6_4koan8builtins8try_with4body0B7_
FNF:5
FNH:4
DA:27,17
DA:28,17
DA:29,17
DA:30,17
DA:31,17
DA:32,17
DA:33,17
DA:35,0
DA:36,0
DA:37,0
DA:40,17
DA:41,17
DA:43,0
DA:44,0
DA:45,0
DA:51,17
DA:52,17
DA:53,17
DA:54,17
DA:55,17
DA:56,17
DA:57,17
DA:58,17
DA:59,17
DA:60,17
DA:64,17
DA:65,17
DA:66,17
DA:67,17
DA:68,17
DA:69,17
DA:70,17
DA:73,17
DA:74,8
DA:75,9
DA:76,9
DA:77,9
DA:78,9
DA:79,0
DA:81,9
DA:85,17
DA:86,13
DA:88,2
DA:89,1
DA:90,1
DA:91,1
DA:92,1
DA:95,2
DA:99,13
DA:100,13
DA:101,13
DA:104,13
DA:105,13
DA:106,13
DA:109,13
DA:110,13
DA:111,13
DA:112,13
DA:113,13
DA:114,13
DA:115,13
DA:116,13
DA:119,13
DA:120,13
DA:121,13
DA:122,13
DA:123,0
DA:124,0
DA:125,0
DA:126,0
DA:127,0
DA:128,0
DA:129,0
DA:130,0
DA:131,0
DA:132,0
DA:134,0
DA:136,13
DA:137,13
DA:139,17
DA:141,506
DA:142,506
DA:143,506
DA:144,506
DA:145,506
DA:146,506
DA:147,506
DA:148,506
DA:149,506
DA:150,506
DA:151,506
DA:154,506
DA:156,506
BRF:0
BRH:0
LF:95
LH:76
end_of_record
SF:/var/home/jack/Code/koan/src/builtins/type_constructors.rs
FN:130,_RNvNtNtCscUx3zdyuqfq_4koan8builtins17type_constructors12body_functor
FN:26,_RNvNtNtCscUx3zdyuqfq_4koan8builtins17type_constructors12body_list_of
FN:68,_RNvNtNtCscUx3zdyuqfq_4koan8builtins17type_constructors13body_apply_as
FN:191,_RNvNtNtCscUx3zdyuqfq_4koan8builtins17type_constructors16finalize_carrier
FN:218,_RNvNtNtCscUx3zdyuqfq_4koan8builtins17type_constructors17defer_via_combine
FN:150,_RNvNtNtCscUx3zdyuqfq_4koan8builtins17type_constructors23build_kfunction_carrier
FN:114,_RNvNtNtCscUx3zdyuqfq_4koan8builtins17type_constructors7body_fn
FN:42,_RNvNtNtCscUx3zdyuqfq_4koan8builtins17type_constructors8body_map
FN:282,_RNvNtNtCscUx3zdyuqfq_4koan8builtins17type_constructors8register
FN:243,_RNCNvNtNtCscUx3zdyuqfq_4koan8builtins17type_constructors17defer_via_combine0B7_
FN:511,_RNvNtNtNtCseriWsCb5ev6_4koan8builtins17type_constructors5tests18assert_round_trips
FN:424,_RNvNtNtNtCseriWsCb5ev6_4koan8builtins17type_constructors5testss_22fn_lowers_to_kfunction
FN:543,_RNvNtNtNtCseriWsCb5ev6_4koan8builtins17type_constructors5testss_22fn_nullary_round_trips
FN:527,_RNvNtNtNtCseriWsCb5ev6_4koan8builtins17type_constructors5testss_26fn_multi_param_round_trips
FN:466,_RNvNtNtNtCseriWsCb5ev6_4koan8builtins17type_constructors5testss_26functor_lowers_to_kfunctor
FN:556,_RNvNtNtNtCseriWsCb5ev6_4koan8builtins17type_constructors5testss_27fn_nested_param_round_trips
FN:408,_RNvNtNtNtCseriWsCb5ev6_4koan8builtins17type_constructors5testss_29map_str_number_lowers_to_dict
FN:446,_RNvNtNtNtCseriWsCb5ev6_4koan8builtins17type_constructors5testss_30fn_nullary_lowers_to_kfunction
FN:371,_RNvNtNtNtCseriWsCb5ev6_4koan8builtins17type_constructors5testss_36apply_as_lowers_to_constructor_apply
FN:356,_RNvNtNtNtCseriWsCb5ev6_4koan8builtins17type_constructors5testss_36list_of_number_lowers_to_list_number
FN:487,_RNvNtNtNtCseriWsCb5ev6_4koan8builtins17type_constructors5testss_45fn_with_nested_list_param_lowers_to_kfunction
FN:572,_RNvNtNtNtCseriWsCb5ev6_4koan8builtins17type_constructors5testss_56functor_capitalized_param_round_trips_and_preserves_name
FN:130,_RNvNtNtCseriWsCb5ev6_4koan8builtins17type_constructors12body_functor
FN:26,_RNvNtNtCseriWsCb5ev6_4koan8builtins17type_constructors12body_list_of
FN:68,_RNvNtNtCseriWsCb5ev6_4koan8builtins17type_constructors13body_apply_as
FN:191,_RNvNtNtCseriWsCb5ev6_4koan8builtins17type_constructors16finalize_carrier
FN:218,_RNvNtNtCseriWsCb5ev6_4koan8builtins17type_constructors17defer_via_combine
FN:150,_RNvNtNtCseriWsCb5ev6_4koan8builtins17type_constructors23build_kfunction_carrier
FN:114,_RNvNtNtCseriWsCb5ev6_4koan8builtins17type_constructors7body_fn
FN:42,_RNvNtNtCseriWsCb5ev6_4koan8builtins17type_constructors8body_map
FN:282,_RNvNtNtCseriWsCb5ev6_4koan8builtins17type_constructors8register
FN:243,_RNCNvNtNtCseriWsCb5ev6_4koan8builtins17type_constructors17defer_via_combine0B7_
FNDA:3,_RNvNtNtCscUx3zdyuqfq_4koan8builtins17type_constructors12body_functor
FNDA:2,_RNvNtNtCscUx3zdyuqfq_4koan8builtins17type_constructors12body_list_of
FNDA:0,_RNvNtNtCscUx3zdyuqfq_4koan8builtins17type_constructors13body_apply_as
FNDA:5,_RNvNtNtCscUx3zdyuqfq_4koan8builtins17type_constructors16finalize_carrier
FNDA:1,_RNvNtNtCscUx3zdyuqfq_4koan8builtins17type_constructors17defer_via_combine
FNDA:5,_RNvNtNtCscUx3zdyuqfq_4koan8builtins17type_constructors23build_kfunction_carrier
FNDA:2,_RNvNtNtCscUx3zdyuqfq_4koan8builtins17type_constructors7body_fn
FNDA:2,_RNvNtNtCscUx3zdyuqfq_4koan8builtins17type_constructors8body_map
FNDA:40,_RNvNtNtCscUx3zdyuqfq_4koan8builtins17type_constructors8register
FNDA:1,_RNCNvNtNtCscUx3zdyuqfq_4koan8builtins17type_constructors17defer_via_combine0B7_
FNDA:4,_RNvNtNtNtCseriWsCb5ev6_4koan8builtins17type_constructors5tests18assert_round_trips
FNDA:1,_RNvNtNtNtCseriWsCb5ev6_4koan8builtins17type_constructors5testss_22fn_lowers_to_kfunction
FNDA:1,_RNvNtNtNtCseriWsCb5ev6_4koan8builtins17type_constructors5testss_22fn_nullary_round_trips
FNDA:1,_RNvNtNtNtCseriWsCb5ev6_4koan8builtins17type_constructors5testss_26fn_multi_param_round_trips
FNDA:1,_RNvNtNtNtCseriWsCb5ev6_4koan8builtins17type_constructors5testss_26functor_lowers_to_kfunctor
FNDA:1,_RNvNtNtNtCseriWsCb5ev6_4koan8builtins17type_constructors5testss_27fn_nested_param_round_trips
FNDA:1,_RNvNtNtNtCseriWsCb5ev6_4koan8builtins17type_constructors5testss_29map_str_number_lowers_to_dict
FNDA:1,_RNvNtNtNtCseriWsCb5ev6_4koan8builtins17type_constructors5testss_30fn_nullary_lowers_to_kfunction
FNDA:1,_RNvNtNtNtCseriWsCb5ev6_4koan8builtins17type_constructors5testss_36apply_as_lowers_to_constructor_apply
FNDA:1,_RNvNtNtNtCseriWsCb5ev6_4koan8builtins17type_constructors5testss_36list_of_number_lowers_to_list_number
FNDA:1,_RNvNtNtNtCseriWsCb5ev6_4koan8builtins17type_constructors5testss_45fn_with_nested_list_param_lowers_to_kfunction
FNDA:1,_RNvNtNtNtCseriWsCb5ev6_4koan8builtins17type_constructors5testss_56functor_capitalized_param_round_trips_and_preserves_name
FNDA:3,_RNvNtNtCseriWsCb5ev6_4koan8builtins17type_constructors12body_functor
FNDA:43,_RNvNtNtCseriWsCb5ev6_4koan8builtins17type_constructors12body_list_of
FNDA:3,_RNvNtNtCseriWsCb5ev6_4koan8builtins17type_constructors13body_apply_as
FNDA:26,_RNvNtNtCseriWsCb5ev6_4koan8builtins17type_constructors16finalize_carrier
FNDA:2,_RNvNtNtCseriWsCb5ev6_4koan8builtins17type_constructors17defer_via_combine
FNDA:26,_RNvNtNtCseriWsCb5ev6_4koan8builtins17type_constructors23build_kfunction_carrier
FNDA:23,_RNvNtNtCseriWsCb5ev6_4koan8builtins17type_constructors7body_fn
FNDA:2,_RNvNtNtCseriWsCb5ev6_4koan8builtins17type_constructors8body_map
FNDA:466,_RNvNtNtCseriWsCb5ev6_4koan8builtins17type_constructors8register
FNDA:2,_RNCNvNtNtCseriWsCb5ev6_4koan8builtins17type_constructors17defer_via_combine0B7_
FNF:22
FNH:22
DA:26,45
DA:27,45
DA:28,45
DA:29,45
DA:30,45
DA:31,45
DA:32,45
DA:33,0
DA:35,45
DA:36,45
[...]
FNDA:1480,_RNCNvNtNtCseriWsCb5ev6_4koan5parse6tokens12is_type_name0B7_
FNDA:7985,_RNCNvNtNtCseriWsCb5ev6_4koan5parse6tokens13classify_atom0B7_
FNDA:3597,_RNCNvNtNtCseriWsCb5ev6_4koan5parse6tokens13classify_atoms0_0B7_
FNDA:1353,_RNCNvNtNtCseriWsCb5ev6_4koan5parse6tokens13classify_atoms_0B7_
FNDA:1,_RNCNvNtNtCseriWsCb5ev6_4koan5parse6tokens5FLOAT0B7_
FNDA:5940,_RNCNvNtNtCseriWsCb5ev6_4koan5parse6tokens9read_atoms_0B7_
FNDA:35,_RNvNtNtNtCseriWsCb5ev6_4koan5parse6tokens5tests8classify
FNDA:65,_RNvNtNtNtCseriWsCb5ev6_4koan5parse6tokens5tests8describe
FNDA:1,_RNvNtNtNtCseriWsCb5ev6_4koan5parse6tokens5testss_10plain_null
FNDA:1,_RNvNtNtNtCseriWsCb5ev6_4koan5parse6tokens5testss_10suffix_try
FNDA:1,_RNvNtNtNtCseriWsCb5ev6_4koan5parse6tokens5testss_11attr_access
FNDA:1,_RNvNtNtNtCseriWsCb5ev6_4koan5parse6tokens5testss_12plain_number
FNDA:1,_RNvNtNtNtCseriWsCb5ev6_4koan5parse6tokens5testss_13plain_boolean
FNDA:1,_RNvNtNtNtCseriWsCb5ev6_4koan5parse6tokens5testss_14chained_suffix
FNDA:1,_RNvNtNtNtCseriWsCb5ev6_4koan5parse6tokens5testss_15double_negation
FNDA:1,_RNvNtNtNtCseriWsCb5ev6_4koan5parse6tokens5testss_16bare_bang_errors
FNDA:1,_RNvNtNtNtCseriWsCb5ev6_4koan5parse6tokens5testss_16plain_identifier
FNDA:1,_RNvNtNtNtCseriWsCb5ev6_4koan5parse6tokens5testss_17suffix_after_attr
FNDA:1,_RNvNtNtNtCseriWsCb5ev6_4koan5parse6tokens5testss_18leading_dot_errors
FNDA:1,_RNvNtNtNtCseriWsCb5ev6_4koan5parse6tokens5testss_18negation_over_attr
FNDA:1,_RNvNtNtNtCseriWsCb5ev6_4koan5parse6tokens5testss_19chained_attr_access
FNDA:1,_RNvNtNtNtCseriWsCb5ev6_4koan5parse6tokens5testss_19dangling_dot_errors
FNDA:1,_RNvNtNtNtCseriWsCb5ev6_4koan5parse6tokens5testss_20negation_over_suffix
FNDA:1,_RNvNtNtNtCseriWsCb5ev6_4koan5parse6tokens5testss_21leading_suffix_errors
FNDA:1,_RNvNtNtNtCseriWsCb5ev6_4koan5parse6tokens5testss_25decimal_number_is_literal
FNDA:1,_RNvNtNtNtCseriWsCb5ev6_4koan5parse6tokens5testss_28pure_symbol_token_is_keyword
FNDA:1,_RNvNtNtNtCseriWsCb5ev6_4koan5parse6tokens5testss_28scientific_number_is_literal
FNDA:1,_RNvNtNtNtCseriWsCb5ev6_4koan5parse6tokens5testss_30attr_wins_when_rhs_not_numeric
FNDA:1,_RNvNtNtNtCseriWsCb5ev6_4koan5parse6tokens5testss_31lowercase_leading_is_identifier
FNDA:1,_RNvNtNtNtCseriWsCb5ev6_4koan5parse6tokens5testss_34keyword_two_uppercase_no_lowercase
FNDA:1,_RNvNtNtNtCseriWsCb5ev6_4koan5parse6tokens5testss_35type_uppercase_first_with_lowercase
FNDA:1,_RNvNtNtNtCseriWsCb5ev6_4koan5parse6tokens5testss_38single_uppercase_letter_is_parse_error
FNDA:1,_RNvNtNtNtCseriWsCb5ev6_4koan5parse6tokens5testss_47ascription_compound_tokens_classify_as_keywords
FNDA:1,_RNvNtNtNtCseriWsCb5ev6_4koan5parse6tokens5testss_49uppercase_with_digits_no_lowercase_is_parse_error
FNDA:1,_RNvNtNtNtCseriWsCb5ev6_4koan5parse6tokens5testss_8negation
FNDA:12437,_RNvNtNtCseriWsCb5ev6_4koan5parse6tokens11try_literal
FNDA:2828,_RNvNtNtCseriWsCb5ev6_4koan5parse6tokens12is_type_name
FNDA:57,_RNvNtNtCseriWsCb5ev6_4koan5parse6tokens12trigger_span
FNDA:5947,_RNvNtNtCseriWsCb5ev6_4koan5parse6tokens13classify_atom
FNDA:6490,_RNvNtNtCseriWsCb5ev6_4koan5parse6tokens14classify_token
FNDA:5906,_RNvNtNtCseriWsCb5ev6_4koan5parse6tokens14parse_compound
FNDA:5951,_RNvNtNtCseriWsCb5ev6_4koan5parse6tokens9read_atom
FNDA:27,_RNCNvNtNtNtCseriWsCb5ev6_4koan5parse6tokens5tests8classify0B9_
FNDA:8,_RNCNvNtNtNtCseriWsCb5ev6_4koan5parse6tokens5tests8classifys_0B9_
FNDA:38,_RNCNvNtNtNtCseriWsCb5ev6_4koan5parse6tokens5tests8describe0B9_
FNDA:0,_RNCNvNtNtNtCseriWsCb5ev6_4koan5parse6tokens5tests8describes0_0B9_
FNDA:0,_RNCNvNtNtNtCseriWsCb5ev6_4koan5parse6tokens5tests8describes_0B9_
FNF:47
FNH:45
DA:25,7
DA:30,7121
DA:31,7121
DA:32,7121
DA:33,7121
DA:34,7121
DA:35,7121
DA:36,618
DA:37,6503
DA:38,6503
DA:39,6503
DA:40,6492
DA:41,0
DA:42,0
DA:43,0
DA:44,0
DA:45,6492
DA:46,6492
DA:47,7121
DA:51,13674
DA:52,13674
DA:53,13674
DA:54,13620
DA:55,13603
DA:56,13592
DA:58,13592
DA:59,537
DA:60,537
DA:61,0
DA:62,13055
DA:63,13055
DA:64,13674
DA:73,6553
DA:74,6553
DA:75,1
DA:76,6552
DA:77,6552
DA:78,3446
DA:79,3106
DA:80,3106
DA:81,8858
DA:82,1
DA:83,1
DA:84,1
DA:85,1
DA:86,1
DA:87,1
DA:88,1
DA:89,1634
DA:90,1634
DA:91,1471
DA:92,1471
DA:93,4
DA:94,4
DA:95,4
DA:96,4
DA:97,4
DA:98,4
DA:99,4
DA:100,4
DA:101,1467
DA:102,1467
DA:103,1467
DA:104,3906
DA:106,2
DA:107,2
DA:108,2
DA:109,2
DA:110,2
DA:111,2
DA:112,2
DA:113,1465
DA:114,1465
DA:115,6553
DA:118,3106
DA:119,3106
DA:120,3106
DA:121,0
DA:123,3106
DA:124,1467
DA:125,1639
DA:126,1640
DA:127,3106
DA:132,6503
DA:133,6503
DA:134,6503
DA:135,6503
DA:136,6503
DA:137,6503
DA:138,6510
DA:139,6509
DA:140,7
DA:141,7
DA:142,7
DA:145,6503
DA:147,6551
DA:148,59
DA:149,59
DA:150,59
DA:151,59
DA:152,54
DA:153,54
DA:154,53
DA:156,5
DA:160,6492
DA:161,6
DA:162,6
DA:163,6492
DA:164,6503
DA:166,66
DA:167,66
DA:168,66
DA:169,66
DA:170,66
DA:171,66
DA:172,66
DA:175,6557
DA:176,6557
DA:177,6557
DA:178,6557
DA:179,6557
DA:180,6557
DA:181,6555
DA:183,2
DA:184,2
DA:185,2
DA:186,2
DA:189,6555
DA:190,6555
DA:191,29485
DA:192,22990
DA:193,60
DA:194,22930
DA:195,22930
DA:196,22930
DA:197,22930
DA:199,6555
DA:200,2
DA:201,2
DA:202,2
DA:203,2
DA:204,2
DA:205,6553
DA:206,6553
DA:207,6553
DA:208,6553
DA:209,6553
DA:210,6553
DA:211,6557
DA:218,65
DA:219,7
DA:220,21
DA:221,18
DA:222,3
DA:223,16
DA:224,38
DA:225,16
DA:227,0
DA:228,0
DA:229,0
DA:231,0
DA:232,5
DA:233,1
DA:234,1
DA:235,0
DA:236,0
DA:237,0
DA:238,0
DA:240,0
DA:241,0
DA:242,0
DA:243,0
DA:244,0
DA:245,0
DA:248,65
DA:250,35
DA:251,35
DA:252,35
DA:253,35
DA:254,35
DA:257,1
DA:258,1
DA:259,1
DA:262,1
DA:263,1
DA:264,1
DA:267,1
DA:268,1
DA:269,1
DA:272,1
DA:273,1
DA:274,1
DA:277,1
DA:278,1
DA:279,1
DA:282,1
DA:283,1
DA:284,1
DA:287,1
DA:290,1
DA:291,1
DA:292,1
DA:295,1
DA:296,1
DA:297,1
DA:300,1
DA:301,1
DA:302,1
DA:305,1
DA:308,1
DA:309,1
DA:310,1
DA:313,1
DA:314,1
DA:315,1
DA:316,1
DA:319,1
DA:320,1
DA:321,1
DA:324,1
DA:325,1
DA:326,1
DA:329,1
DA:330,1
DA:331,1
DA:334,1
DA:335,1
DA:336,1
DA:339,1
DA:340,1
DA:341,1
DA:344,1
DA:345,1
DA:346,1
DA:349,1
DA:350,1
DA:351,1
DA:354,1
DA:357,1
DA:358,1
DA:359,1
DA:362,1
DA:363,1
DA:364,1
DA:367,1
DA:368,1
DA:369,1
DA:370,1
DA:371,1
DA:374,1
DA:375,1
DA:376,1
DA:377,1
DA:378,1
DA:381,1
DA:382,1
DA:383,1
DA:384,1
DA:385,1
DA:388,1
DA:389,1
DA:390,1
DA:393,1
DA:394,1
DA:395,1
DA:396,1
DA:399,1
DA:401,1
DA:402,1
DA:403,1
DA:406,1
DA:407,1
DA:408,1
DA:409,1
BRF:0
BRH:0
LF:284
LH:262
end_of_record
SF:/var/home/jack/Code/koan/src/parse/triple_list.rs
FN:76,_RINvNtNtCscUx3zdyuqfq_4koan5parse11triple_list15parse_pair_listNtNtNtNtNtB6_7machine5model5types5ktype5KTypeNCNvNtB13_16typed_field_list37parse_typed_field_list_via_elaborator0EB6_
FN:30,_RINvNtNtCscUx3zdyuqfq_4koan5parse11triple_list25parse_keyword_triple_listNtNtNtNtB6_7machine5model3ast14ExpressionPartNCNvNtNtB1d_6values11named_pairs23parse_named_value_pairss_0EB6_
FN:104,_RNCINvNtNtCscUx3zdyuqfq_4koan5parse11triple_list15parse_pair_listNtNtNtNtNtB8_7machine5model5types5ktype5KTypeNCNvNtB15_16typed_field_list37parse_typed_field_list_via_elaborator0E0B8_
FN:64,_RNCINvNtNtCscUx3zdyuqfq_4koan5parse11triple_list25parse_keyword_triple_listNtNtNtNtB8_7machine5model3ast14ExpressionPartNCNvNtNtB1f_6values11named_pairs23parse_named_value_pairss_0E0B8_
FN:76,_RINvNtNtCseriWsCb5ev6_4koan5parse11triple_list15parse_pair_listNtNtCsgW8esjfipvk_5alloc6string6StringNCNvNtB2_5testss_42identifier_or_type_accepts_type_token_name0EB6_
FN:76,_RINvNtNtCseriWsCb5ev6_4koan5parse11triple_list15parse_pair_listNtNtNtNtNtB6_7machine5model5types5ktype5KTypeNCNvNtB13_16typed_field_list37parse_typed_field_list_via_elaborator0EB6_
FN:76,_RINvNtNtCseriWsCb5ev6_4koan5parse11triple_list15parse_pair_listuNCNvNtB2_5testss_39identifier_only_rejects_type_token_name0EB6_
FN:30,_RINvNtNtCseriWsCb5ev6_4koan5parse11triple_list25parse_keyword_triple_listNtNtNtNtB6_7machine5model3ast14ExpressionPartNCNvNtNtB1d_6values11named_pairs23parse_named_value_pairss_0EB6_
FN:104,_RNCINvNtNtCseriWsCb5ev6_4koan5parse11triple_list15parse_pair_listNtNtCsgW8esjfipvk_5alloc6string6StringNCNvNtB4_5testss_42identifier_or_type_accepts_type_token_name0E0B8_
FN:104,_RNCINvNtNtCseriWsCb5ev6_4koan5parse11triple_list15parse_pair_listNtNtNtNtNtB8_7machine5model5types5ktype5KTypeNCNvNtB15_16typed_field_list37parse_typed_field_list_via_elaborator0E0B8_
FN:104,_RNCINvNtNtCseriWsCb5ev6_4koan5parse11triple_list15parse_pair_listuNCNvNtB4_5testss_39identifier_only_rejects_type_token_name0E0B8_
FN:64,_RNCINvNtNtCseriWsCb5ev6_4koan5parse11triple_list25parse_keyword_triple_listNtNtNtNtB8_7machine5model3ast14ExpressionPartNCNvNtNtB1f_6values11named_pairs23parse_named_value_pairss_0E0B8_
FN:145,_RNCNvNtNtNtCseriWsCb5ev6_4koan5parse11triple_list5testss_39identifier_only_rejects_type_token_name0B9_
FN:132,_RNCNvNtNtNtCseriWsCb5ev6_4koan5parse11triple_list5testss_42identifier_or_type_accepts_type_token_name0B9_
FN:122,_RNvNtNtNtCseriWsCb5ev6_4koan5parse11triple_list5tests15type_named_pair
FN:143,_RNvNtNtNtCseriWsCb5ev6_4koan5parse11triple_list5testss_39identifier_only_rejects_type_token_name
FN:130,_RNvNtNtNtCseriWsCb5ev6_4koan5parse11triple_list5testss_42identifier_or_type_accepts_type_token_name
FNDA:13,_RINvNtNtCscUx3zdyuqfq_4koan5parse11triple_list15parse_pair_listNtNtNtNtNtB6_7machine5model5types5ktype5KTypeNCNvNtB13_16typed_field_list37parse_typed_field_list_via_elaborator0EB6_
FNDA:3,_RINvNtNtCscUx3zdyuqfq_4koan5parse11triple_list25parse_keyword_triple_listNtNtNtNtB6_7machine5model3ast14ExpressionPartNCNvNtNtB1d_6values11named_pairs23parse_named_value_pairss_0EB6_
FNDA:5,_RNCINvNtNtCscUx3zdyuqfq_4koan5parse11triple_list15parse_pair_listNtNtNtNtNtB8_7machine5model5types5ktype5KTypeNCNvNtB15_16typed_field_list37parse_typed_field_list_via_elaborator0E0B8_
FNDA:2,_RNCINvNtNtCscUx3zdyuqfq_4koan5parse11triple_list25parse_keyword_triple_listNtNtNtNtB8_7machine5model3ast14ExpressionPartNCNvNtNtB1f_6values11named_pairs23parse_named_value_pairss_0E0B8_
FNDA:1,_RINvNtNtCseriWsCb5ev6_4koan5parse11triple_list15parse_pair_listNtNtCsgW8esjfipvk_5alloc6string6StringNCNvNtB2_5testss_42identifier_or_type_accepts_type_token_name0EB6_
FNDA:115,_RINvNtNtCseriWsCb5ev6_4koan5parse11triple_list15parse_pair_listNtNtNtNtNtB6_7machine5model5types5ktype5KTypeNCNvNtB13_16typed_field_list37parse_typed_field_list_via_elaborator0EB6_
FNDA:1,_RINvNtNtCseriWsCb5ev6_4koan5parse11triple_list15parse_pair_listuNCNvNtB2_5testss_39identifier_only_rejects_type_token_name0EB6_
FNDA:49,_RINvNtNtCseriWsCb5ev6_4koan5parse11triple_list25parse_keyword_triple_listNtNtNtNtB6_7machine5model3ast14ExpressionPartNCNvNtNtB1d_6values11named_pairs23parse_named_value_pairss_0EB6_
FNDA:0,_RNCINvNtNtCseriWsCb5ev6_4koan5parse11triple_list15parse_pair_listNtNtCsgW8esjfipvk_5alloc6string6StringNCNvNtB4_5testss_42identifier_or_type_accepts_type_token_name0E0B8_
FNDA:62,_RNCINvNtNtCseriWsCb5ev6_4koan5parse11triple_list15parse_pair_listNtNtNtNtNtB8_7machine5model5types5ktype5KTypeNCNvNtB15_16typed_field_list37parse_typed_field_list_via_elaborator0E0B8_
FNDA:0,_RNCINvNtNtCseriWsCb5ev6_4koan5parse11triple_list15parse_pair_listuNCNvNtB4_5testss_39identifier_only_rejects_type_token_name0E0B8_
FNDA:38,_RNCINvNtNtCseriWsCb5ev6_4koan5parse11triple_list25parse_keyword_triple_listNtNtNtNtB8_7machine5model3ast14ExpressionPartNCNvNtNtB1f_6values11named_pairs23parse_named_value_pairss_0E0B8_
FNDA:0,_RNCNvNtNtNtCseriWsCb5ev6_4koan5parse11triple_list5testss_39identifier_only_rejects_type_token_name0B9_
FNDA:1,_RNCNvNtNtNtCseriWsCb5ev6_4koan5parse11triple_list5testss_42identifier_or_type_accepts_type_token_name0B9_
FNDA:2,_RNvNtNtNtCseriWsCb5ev6_4koan5parse11triple_list5tests15type_named_pair
FNDA:1,_RNvNtNtNtCseriWsCb5ev6_4koan5parse11triple_list5testss_39identifier_only_rejects_type_token_name
FNDA:1,_RNvNtNtNtCseriWsCb5ev6_4koan5parse11triple_list5testss_42identifier_or_type_accepts_type_token_name
FNF:9
FNH:8
DA:30,52
DA:31,52
DA:32,52
DA:33,52
DA:34,52
DA:35,52
DA:36,52
DA:37,52
DA:38,3
DA:39,3
DA:40,3
DA:41,3
DA:42,49
DA:43,49
DA:44,49
DA:45,128
DA:46,84
DA:47,83
DA:48,1
DA:49,1
DA:50,1
DA:51,1
DA:52,1
DA:55,83
DA:56,82
DA:57,1
DA:58,1
DA:59,1
DA:60,1
DA:61,1
DA:64,82
DA:65,3
DA:66,79
DA:67,79
DA:68,79
DA:69,79
DA:71,44
DA:72,52
DA:76,130
DA:77,130
DA:78,130
DA:79,130
DA:80,130
DA:81,130
DA:82,130
DA:83,130
DA:84,2
DA:85,2
DA:86,2
DA:87,2
DA:88,128
DA:89,128
DA:90,128
DA:91,310
DA:92,188
DA:93,179
DA:96,8
DA:97,1
DA:98,1
DA:99,1
DA:100,1
DA:101,1
DA:104,187
DA:105,2
DA:106,185
DA:107,185
DA:108,182
DA:109,182
DA:111,122
DA:112,130
DA:122,2
DA:123,2
DA:124,2
DA:125,2
DA:127,2
DA:130,1
DA:131,1
DA:132,1
DA:133,1
DA:134,1
DA:135,0
DA:137,1
DA:138,1
DA:139,1
DA:140,1
DA:143,1
DA:144,1
DA:145,1
DA:146,0
DA:147,0
DA:148,1
DA:149,1
DA:152,1
BRF:0
BRH:0
LF:97
LH:88
end_of_record
SF:/var/home/jack/Code/koan/src/parse/whitespace.rs
FN:37,_RNvNtNtCscUx3zdyuqfq_4koan5parse10whitespace12collapse_str
FN:291,_RNvNtNtCscUx3zdyuqfq_4koan5parse10whitespace13adjust_parens
FN:278,_RNvNtNtCscUx3zdyuqfq_4koan5parse10whitespace16line_delim_delta
FN:284,_RNvNtNtCscUx3zdyuqfq_4koan5parse10whitespace16line_paren_delta
FN:31,_RNvNtNtCscUx3zdyuqfq_4koan5parse10whitespace19collapse_whitespace
FN:233,_RNvNtNtCscUx3zdyuqfq_4koan5parse10whitespace19walk_content_cursor
FN:224,_RNvNtNtCscUx3zdyuqfq_4koan5parse10whitespace9emit_jump
FN:55,_RNCNvNtNtCscUx3zdyuqfq_4koan5parse10whitespace12collapse_str0B7_
FN:149,_RNCNvNtNtCscUx3zdyuqfq_4koan5parse10whitespace12collapse_strs0_0B7_
FN:56,_RNCNvNtNtCscUx3zdyuqfq_4koan5parse10whitespace12collapse_strs_0B7_
FN:279,_RNCNvNtNtCscUx3zdyuqfq_4koan5parse10whitespace16line_delim_delta0B7_
FN:280,_RNCNvNtNtCscUx3zdyuqfq_4koan5parse10whitespace16line_delim_deltas_0B7_
FN:285,_RNCNvNtNtCscUx3zdyuqfq_4koan5parse10whitespace16line_paren_delta0B7_
FN:286,_RNCNvNtNtCscUx3zdyuqfq_4koan5parse10whitespace16line_paren_deltas_0B7_
FN:33,_RNCNvNtNtCscUx3zdyuqfq_4koan5parse10whitespace19collapse_whitespace0B7_
FN:252,_RNCNvNtNtCscUx3zdyuqfq_4koan5parse10whitespace19walk_content_cursor0B7_
FN:253,_RNCNvNtNtCscUx3zdyuqfq_4koan5parse10whitespace19walk_content_cursors_0B7_
FN:55,_RNCNvNtNtCseriWsCb5ev6_4koan5parse10whitespace12collapse_str0B7_
FN:149,_RNCNvNtNtCseriWsCb5ev6_4koan5parse10whitespace12collapse_strs0_0B7_
FN:56,_RNCNvNtNtCseriWsCb5ev6_4koan5parse10whitespace12collapse_strs_0B7_
FN:279,_RNCNvNtNtCseriWsCb5ev6_4koan5parse10whitespace16line_delim_delta0B7_
FN:280,_RNCNvNtNtCseriWsCb5ev6_4koan5parse10whitespace16line_delim_deltas_0B7_
FN:285,_RNCNvNtNtCseriWsCb5ev6_4koan5parse10whitespace16line_paren_delta0B7_
FN:286,_RNCNvNtNtCseriWsCb5ev6_4koan5parse10whitespace16line_paren_deltas_0B7_
FN:33,_RNCNvNtNtCseriWsCb5ev6_4koan5parse10whitespace19collapse_whitespace0B7_
FN:252,_RNCNvNtNtCseriWsCb5ev6_4koan5parse10whitespace19walk_content_cursor0B7_
FN:253,_RNCNvNtNtCseriWsCb5ev6_4koan5parse10whitespace19walk_content_cursors_0B7_
FN:37,_RNvNtNtCseriWsCb5ev6_4koan5parse10whitespace12collapse_str
FN:291,_RNvNtNtCseriWsCb5ev6_4koan5parse10whitespace13adjust_parens
FN:278,_RNvNtNtCseriWsCb5ev6_4koan5parse10whitespace16line_delim_delta
FN:284,_RNvNtNtCseriWsCb5ev6_4koan5parse10whitespace16line_paren_delta
FN:31,_RNvNtNtCseriWsCb5ev6_4koan5parse10whitespace19collapse_whitespace
FN:233,_RNvNtNtCseriWsCb5ev6_4koan5parse10whitespace19walk_content_cursor
FN:224,_RNvNtNtCseriWsCb5ev6_4koan5parse10whitespace9emit_jump
FNDA:40,_RNvNtNtCscUx3zdyuqfq_4koan5parse10whitespace12collapse_str
FNDA:95,_RNvNtNtCscUx3zdyuqfq_4koan5parse10whitespace13adjust_parens
FNDA:95,_RNvNtNtCscUx3zdyuqfq_4koan5parse10whitespace16line_delim_delta
FNDA:95,_RNvNtNtCscUx3zdyuqfq_4koan5parse10whitespace16line_paren_delta
FNDA:40,_RNvNtNtCscUx3zdyuqfq_4koan5parse10whitespace19collapse_whitespace
FNDA:95,_RNvNtNtCscUx3zdyuqfq_4koan5parse10whitespace19walk_content_cursor
FNDA:190,_RNvNtNtCscUx3zdyuqfq_4koan5parse10whitespace9emit_jump
FNDA:3070,_RNCNvNtNtCscUx3zdyuqfq_4koan5parse10whitespace12collapse_str0B7_
FNDA:0,_RNCNvNtNtCscUx3zdyuqfq_4koan5parse10whitespace12collapse_strs0_0B7_
FNDA:55,_RNCNvNtNtCscUx3zdyuqfq_4koan5parse10whitespace12collapse_strs_0B7_
FNDA:3015,_RNCNvNtNtCscUx3zdyuqfq_4koan5parse10whitespace16line_delim_delta0B7_
FNDA:3015,_RNCNvNtNtCscUx3zdyuqfq_4koan5parse10whitespace16line_delim_deltas_0B7_
FNDA:3015,_RNCNvNtNtCscUx3zdyuqfq_4koan5parse10whitespace16line_paren_delta0B7_
FNDA:3015,_RNCNvNtNtCscUx3zdyuqfq_4koan5parse10whitespace16line_paren_deltas_0B7_
FNDA:0,_RNCNvNtNtCscUx3zdyuqfq_4koan5parse10whitespace19collapse_whitespace0B7_
FNDA:1,_RNCNvNtNtCscUx3zdyuqfq_4koan5parse10whitespace19walk_content_cursor0B7_
FNDA:0,_RNCNvNtNtCscUx3zdyuqfq_4koan5parse10whitespace19walk_content_cursors_0B7_
FNDA:32815,_RNCNvNtNtCseriWsCb5ev6_4koan5parse10whitespace12collapse_str0B7_
FNDA:129,_RNCNvNtNtCseriWsCb5ev6_4koan5parse10whitespace12collapse_strs0_0B7_
FNDA:429,_RNCNvNtNtCseriWsCb5ev6_4koan5parse10whitespace12collapse_strs_0B7_
FNDA:32102,_RNCNvNtNtCseriWsCb5ev6_4koan5parse10whitespace16line_delim_delta0B7_
FNDA:32102,_RNCNvNtNtCseriWsCb5ev6_4koan5parse10whitespace16line_delim_deltas_0B7_
FNDA:32124,_RNCNvNtNtCseriWsCb5ev6_4koan5parse10whitespace16line_paren_delta0B7_
FNDA:32124,_RNCNvNtNtCseriWsCb5ev6_4koan5parse10whitespace16line_paren_deltas_0B7_
FNDA:0,_RNCNvNtNtCseriWsCb5ev6_4koan5parse10whitespace19collapse_whitespace0B7_
FNDA:187,_RNCNvNtNtCseriWsCb5ev6_4koan5parse10whitespace19walk_content_cursor0B7_
FNDA:0,_RNCNvNtNtCseriWsCb5ev6_4koan5parse10whitespace19walk_content_cursors_0B7_
FNDA:856,_RNvNtNtCseriWsCb5ev6_4koan5parse10whitespace12collapse_str
FNDA:1253,_RNvNtNtCseriWsCb5ev6_4koan5parse10whitespace13adjust_parens
FNDA:1253,_RNvNtNtCseriWsCb5ev6_4koan5parse10whitespace16line_delim_delta
FNDA:1260,_RNvNtNtCseriWsCb5ev6_4koan5parse10whitespace16line_paren_delta
FNDA:856,_RNvNtNtCseriWsCb5ev6_4koan5parse10whitespace19collapse_whitespace
FNDA:1260,_RNvNtNtCseriWsCb5ev6_4koan5parse10whitespace19walk_content_cursor
FNDA:2448,_RNvNtNtCseriWsCb5ev6_4koan5parse10whitespace9emit_jump
FNF:17
FNH:15
DA:31,896
DA:32,896
DA:33,896
DA:34,896
DA:35,896
DA:37,896
DA:38,896
DA:39,896
DA:40,896
DA:41,896
DA:42,896
DA:45,896
DA:47,896
DA:48,896
DA:49,896
DA:50,896
DA:52,2268
DA:53,1379
DA:54,1379
DA:55,35885
DA:56,1379
DA:57,1379
DA:59,1379
DA:60,1379
DA:61,1379
DA:62,1379
DA:64,1379
DA:66,1379
DA:70,24
DA:71,24
DA:72,24
DA:73,8
DA:75,16
DA:77,24
DA:78,24
DA:79,1355
DA:81,1355
DA:83,1355
DA:84,1355
DA:86,1355
DA:87,1355
DA:89,1355
DA:90,1355
DA:91,1355
DA:92,1355
DA:93,1355
DA:117,1355
DA:118,54
DA:119,54
DA:120,1301
DA:123,1301
DA:124,16
DA:127,7
DA:128,1
DA:129,1
DA:130,1
DA:131,1
DA:132,1
DA:133,6
DA:134,6
DA:135,6
DA:136,9
DA:137,9
DA:140,1
DA:141,1
DA:142,1
DA:143,1
DA:144,1
DA:145,1
DA:146,8
DA:147,1285
DA:149,1293
DA:150,3
DA:151,3
DA:152,3
DA:153,3
DA:154,3
DA:155,3
DA:156,3
DA:157,3
DA:158,1290
DA:159,1290
DA:160,2
DA:161,2
DA:162,2
DA:163,2
DA:164,2
DA:165,2
DA:166,2
DA:167,2
DA:168,1288
DA:170,1661
DA:171,411
DA:172,373
DA:173,373
DA:174,373
DA:175,373
DA:176,38
DA:182,1288
DA:183,394
DA:184,894
DA:188,1288
DA:189,1288
DA:190,11
DA:191,11
DA:192,11
DA:193,11
DA:194,11
DA:195,1277
DA:196,1277
DA:197,1277
DA:198,1277
DA:199,1277
DA:201,1288
DA:202,1288
DA:203,1288
DA:204,1288
DA:205,1288
DA:207,1288
DA:208,1288
DA:209,444
DA:211,844
DA:213,1288
DA:216,1795
DA:217,906
DA:218,906
DA:219,906
DA:221,889
DA:222,896
DA:224,2638
DA:225,2638
DA:226,2638
DA:227,2638
DA:228,2638
DA:233,1355
DA:234,1355
DA:235,1355
DA:236,35313
DA:237,33958
DA:238,33958
DA:239,188
DA:240,188
DA:241,606
DA:242,418
DA:243,418
DA:244,188
DA:245,0
DA:246,188
DA:247,188
DA:248,0
DA:249,188
DA:250,188
DA:251,188
DA:252,188
DA:253,188
DA:254,188
DA:255,33770
DA:256,188
DA:257,376
DA:258,188
DA:259,188
DA:260,188
DA:261,0
DA:262,188
DA:263,188
DA:264,387
DA:265,199
DA:266,199
DA:267,188
DA:268,33582
DA:269,33582
DA:270,33582
DA:271,33582
DA:273,1355
DA:274,1355
DA:278,1348
DA:279,35117
DA:280,35117
DA:281,1348
DA:282,1348
DA:284,1355
DA:285,35139
DA:286,35139
DA:287,1355
DA:288,1355
DA:291,1348
DA:292,1348
DA:293,10
DA:294,10
DA:295,10
DA:297,1338
DA:298,8
DA:299,8
DA:301,1348
BRF:0
BRH:0
LF:204
LH:199
end_of_record