SF:/var/home/jack/Code/koan/src/builtins.rs
FN:149,_RNvNtCsbv2TPaIhNiJ_4koan8builtins13default_scope
FN:105,_RNvNtCsbv2TPaIhNiJ_4koan8builtins16register_builtin
FN:82,_RNvNtCsbv2TPaIhNiJ_4koan8builtins21register_builtin_full
FN:71,_RNvNtCsbv2TPaIhNiJ_4koan8builtins21type_part_binder_name
FN:42,_RNvNtCsbv2TPaIhNiJ_4koan8builtins2kw
FN:47,_RNvNtCsbv2TPaIhNiJ_4koan8builtins3arg
FN:56,_RNvNtCsbv2TPaIhNiJ_4koan8builtins3sig
FN:149,_RNvNtCskWHisZhi9Z4_4koan8builtins13default_scope
FN:105,_RNvNtCskWHisZhi9Z4_4koan8builtins16register_builtin
FN:119,_RNvNtCskWHisZhi9Z4_4koan8builtins20register_overload_at
FN:82,_RNvNtCskWHisZhi9Z4_4koan8builtins21register_builtin_full
FN:71,_RNvNtCskWHisZhi9Z4_4koan8builtins21type_part_binder_name
FN:42,_RNvNtCskWHisZhi9Z4_4koan8builtins2kw
FN:47,_RNvNtCskWHisZhi9Z4_4koan8builtins3arg
FN:56,_RNvNtCskWHisZhi9Z4_4koan8builtins3sig
FNDA:43,_RNvNtCsbv2TPaIhNiJ_4koan8builtins13default_scope
FNDA:989,_RNvNtCsbv2TPaIhNiJ_4koan8builtins16register_builtin
FNDA:1634,_RNvNtCsbv2TPaIhNiJ_4koan8builtins21register_builtin_full
FNDA:139,_RNvNtCsbv2TPaIhNiJ_4koan8builtins21type_part_binder_name
FNDA:2881,_RNvNtCsbv2TPaIhNiJ_4koan8builtins2kw
FNDA:3311,_RNvNtCsbv2TPaIhNiJ_4koan8builtins3arg
FNDA:1634,_RNvNtCsbv2TPaIhNiJ_4koan8builtins3sig
FNDA:484,_RNvNtCskWHisZhi9Z4_4koan8builtins13default_scope
FNDA:11152,_RNvNtCskWHisZhi9Z4_4koan8builtins16register_builtin
FNDA:3,_RNvNtCskWHisZhi9Z4_4koan8builtins20register_overload_at
FNDA:18413,_RNvNtCskWHisZhi9Z4_4koan8builtins21register_builtin_full
FNDA:766,_RNvNtCskWHisZhi9Z4_4koan8builtins21type_part_binder_name
FNDA:32428,_RNvNtCskWHisZhi9Z4_4koan8builtins2kw
FNDA:37268,_RNvNtCskWHisZhi9Z4_4koan8builtins3arg
FNDA:18392,_RNvNtCskWHisZhi9Z4_4koan8builtins3sig
FNF:8
FNH:8
DA:42,35309
DA:43,35309
DA:44,35309
DA:47,40579
DA:48,40579
DA:49,40579
DA:50,40579
DA:51,40579
DA:52,40579
DA:56,20026
DA:57,20026
DA:58,20026
DA:59,20026
DA:60,20026
DA:61,20026
DA:62,20026
DA:63,20026
DA:64,20026
DA:71,905
DA:72,905
DA:73,905
DA:74,905
DA:75,905
DA:82,20047
DA:83,20047
DA:84,20047
DA:85,20047
DA:86,20047
DA:87,20047
DA:88,20047
DA:89,20047
DA:90,20047
DA:91,20047
DA:92,20047
DA:93,20047
DA:94,20047
DA:95,20047
DA:96,20047
DA:97,20047
DA:98,20047
DA:99,20047
DA:100,20047
DA:101,20047
DA:102,20047
DA:105,12141
DA:106,12141
DA:107,12141
DA:108,12141
DA:109,12141
DA:110,12141
DA:111,12141
DA:112,12141
DA:119,3
DA:120,3
DA:121,3
DA:122,3
DA:123,3
DA:124,3
DA:125,3
DA:126,3
DA:127,3
DA:128,3
DA:129,3
DA:130,3
DA:131,3
DA:132,3
DA:133,3
DA:134,3
DA:135,3
DA:136,3
DA:137,3
DA:138,3
DA:139,3
DA:149,527
DA:150,527
DA:151,527
DA:152,527
DA:153,527
DA:154,527
DA:155,527
DA:157,527
DA:158,527
DA:159,527
DA:161,527
DA:163,527
DA:164,527
DA:165,527
DA:167,527
DA:169,527
DA:170,527
DA:171,527
DA:173,527
DA:175,527
DA:176,527
DA:177,527
DA:179,527
DA:181,527
DA:182,527
DA:183,527
DA:185,527
DA:187,527
DA:188,527
DA:189,527
DA:191,527
DA:193,527
DA:194,527
DA:195,527
DA:197,527
DA:199,527
DA:200,527
DA:201,527
DA:203,527
DA:205,527
DA:206,527
DA:207,527
DA:209,527
DA:211,527
DA:212,527
DA:213,527
DA:215,527
DA:217,527
DA:218,527
DA:219,527
DA:221,527
DA:224,527
DA:225,527
DA:226,527
DA:227,527
DA:228,527
DA:229,527
DA:230,527
DA:231,527
DA:232,527
DA:233,527
DA:234,527
DA:235,527
DA:236,527
DA:237,527
DA:238,527
DA:239,527
DA:240,527
DA:241,527
DA:242,527
DA:243,527
DA:244,527
DA:245,527
DA:247,527
DA:248,527
BRF:0
BRH:0
LF:148
LH:148
end_of_record
SF:/var/home/jack/Code/koan/src/builtins/ascribe.rs
FN:20,_RNvNtNtCsbv2TPaIhNiJ_4koan8builtins7ascribe11body_opaque
FN:210,_RNvNtNtCsbv2TPaIhNiJ_4koan8builtins7ascribe11shape_check
FN:145,_RNvNtNtCsbv2TPaIhNiJ_4koan8builtins7ascribe16body_transparent
FN:253,_RNvNtNtCsbv2TPaIhNiJ_4koan8builtins7ascribe22abstract_type_names_of
FN:172,_RNvNtNtCsbv2TPaIhNiJ_4koan8builtins7ascribe28resolve_module_and_signature
FN:263,_RNvNtNtCsbv2TPaIhNiJ_4koan8builtins7ascribe8register
FN:183,_RNvNvNtNtCsbv2TPaIhNiJ_4koan8builtins7ascribe28resolve_module_and_signature24type_mismatch_or_missing
FN:259,_RNCNvNtNtCsbv2TPaIhNiJ_4koan8builtins7ascribe22abstract_type_names_ofs_0B7_
FN:20,_RNvNtNtCskWHisZhi9Z4_4koan8builtins7ascribe11body_opaque
FN:210,_RNvNtNtCskWHisZhi9Z4_4koan8builtins7ascribe11shape_check
FN:145,_RNvNtNtCskWHisZhi9Z4_4koan8builtins7ascribe16body_transparent
FN:253,_RNvNtNtCskWHisZhi9Z4_4koan8builtins7ascribe22abstract_type_names_of
FN:172,_RNvNtNtCskWHisZhi9Z4_4koan8builtins7ascribe28resolve_module_and_signature
FN:263,_RNvNtNtCskWHisZhi9Z4_4koan8builtins7ascribe8register
FN:183,_RNvNvNtNtCskWHisZhi9Z4_4koan8builtins7ascribe28resolve_module_and_signature24type_mismatch_or_missing
FN:259,_RNCNvNtNtCskWHisZhi9Z4_4koan8builtins7ascribe22abstract_type_names_ofs_0B7_
FNDA:1,_RNvNtNtCsbv2TPaIhNiJ_4koan8builtins7ascribe11body_opaque
FNDA:5,_RNvNtNtCsbv2TPaIhNiJ_4koan8builtins7ascribe11shape_check
FNDA:4,_RNvNtNtCsbv2TPaIhNiJ_4koan8builtins7ascribe16body_transparent
FNDA:6,_RNvNtNtCsbv2TPaIhNiJ_4koan8builtins7ascribe22abstract_type_names_of
FNDA:5,_RNvNtNtCsbv2TPaIhNiJ_4koan8builtins7ascribe28resolve_module_and_signature
FNDA:43,_RNvNtNtCsbv2TPaIhNiJ_4koan8builtins7ascribe8register
FNDA:0,_RNvNvNtNtCsbv2TPaIhNiJ_4koan8builtins7ascribe28resolve_module_and_signature24type_mismatch_or_missing
FNDA:6,_RNCNvNtNtCsbv2TPaIhNiJ_4koan8builtins7ascribe22abstract_type_names_ofs_0B7_
FNDA:21,_RNvNtNtCskWHisZhi9Z4_4koan8builtins7ascribe11body_opaque
FNDA:40,_RNvNtNtCskWHisZhi9Z4_4koan8builtins7ascribe11shape_check
FNDA:19,_RNvNtNtCskWHisZhi9Z4_4koan8builtins7ascribe16body_transparent
FNDA:69,_RNvNtNtCskWHisZhi9Z4_4koan8builtins7ascribe22abstract_type_names_of
FNDA:40,_RNvNtNtCskWHisZhi9Z4_4koan8builtins7ascribe28resolve_module_and_signature
FNDA:484,_RNvNtNtCskWHisZhi9Z4_4koan8builtins7ascribe8register
FNDA:0,_RNvNvNtNtCskWHisZhi9Z4_4koan8builtins7ascribe28resolve_module_and_signature24type_mismatch_or_missing
FNDA:103,_RNCNvNtNtCskWHisZhi9Z4_4koan8builtins7ascribe22abstract_type_names_ofs_0B7_
FNF:8
FNH:7
DA:20,22
DA:21,22
DA:22,22
DA:25,22
DA:27,22
DA:28,22
DA:29,22
DA:30,22
DA:33,22
DA:34,22
DA:35,0
DA:36,22
DA:42,22
DA:44,22
DA:48,22
DA:50,22
DA:51,22
DA:52,13
DA:53,13
DA:54,13
DA:56,3
DA:57,3
DA:60,3
DA:61,3
DA:62,3
DA:64,0
DA:68,3
DA:69,3
DA:70,3
DA:71,3
DA:73,3
DA:74,3
DA:75,3
DA:76,3
DA:77,3
DA:78,3
DA:79,3
DA:80,3
DA:81,3
DA:83,10
DA:84,10
DA:85,10
DA:86,10
DA:88,13
DA:91,22
DA:92,13
DA:93,13
DA:94,13
DA:95,13
DA:96,9
DA:99,22
DA:100,22
DA:101,32
DA:102,32
DA:103,13
DA:104,19
DA:107,3
DA:108,3
DA:110,3
DA:111,3
DA:112,3
DA:113,16
DA:115,22
DA:116,22
DA:117,3
DA:118,3
DA:119,3
DA:120,3
DA:121,19
DA:124,22
DA:125,2
DA:126,20
DA:128,20
DA:133,20
DA:134,20
DA:138,20
DA:139,22
DA:145,23
DA:146,23
DA:147,23
DA:150,23
DA:151,23
DA:152,0
DA:153,23
DA:154,23
DA:155,23
DA:156,23
DA:157,23
DA:158,23
DA:159,23
DA:162,23
DA:163,23
DA:167,23
DA:168,23
DA:172,45
DA:173,45
DA:174,45
DA:175,45
DA:176,45
DA:177,45
DA:178,45
DA:179,45
DA:180,45
DA:183,0
DA:184,0
DA:185,0
DA:186,0
DA:187,0
DA:188,0
DA:189,0
DA:190,0
DA:191,0
DA:192,0
DA:193,0
DA:194,0
DA:196,0
DA:198,45
DA:199,45
DA:200,0
DA:202,45
DA:203,45
DA:204,0
DA:206,45
DA:207,45
DA:210,45
DA:211,45
DA:212,45
DA:213,45
DA:214,45
DA:215,45
DA:216,45
DA:217,45
DA:221,45
DA:222,45
DA:223,45
DA:224,45
DA:225,45
DA:226,45
DA:227,45
DA:228,45
DA:229,45
DA:230,45
DA:231,45
DA:232,45
DA:233,45
DA:234,59
DA:235,59
DA:236,17
DA:237,42
DA:238,42
DA:239,2
DA:240,2
DA:241,2
DA:242,2
DA:243,40
DA:245,43
DA:246,45
DA:253,75
DA:254,75
DA:255,75
DA:256,75
DA:257,75
DA:258,75
DA:259,109
DA:260,75
DA:261,75
DA:263,527
DA:267,527
DA:268,527
DA:269,527
DA:270,527
DA:271,527
DA:272,527
DA:275,527
DA:276,527
DA:277,527
DA:278,527
DA:279,527
DA:280,527
DA:283,527
DA:284,527
DA:285,527
BRF:0
BRH:0
LF:183
LH:165
end_of_record
SF:/var/home/jack/Code/koan/src/builtins/attr.rs
FN:169,_RNvNtNtCsbv2TPaIhNiJ_4koan8builtins4attr11body_module
FN:238,_RNvNtNtCsbv2TPaIhNiJ_4koan8builtins4attr12access_field
FN:152,_RNvNtNtCsbv2TPaIhNiJ_4koan8builtins4attr12body_newtype
FN:111,_RNvNtNtCsbv2TPaIhNiJ_4koan8builtins4attr13body_type_lhs
FN:68,_RNvNtNtCsbv2TPaIhNiJ_4koan8builtins4attr15body_identifier
FN:43,_RNvNtNtCsbv2TPaIhNiJ_4koan8builtins4attr15read_field_name
FN:197,_RNvNtNtCsbv2TPaIhNiJ_4koan8builtins4attr18access_type_member
FN:298,_RNvNtNtCsbv2TPaIhNiJ_4koan8builtins4attr20access_module_member
FN:35,_RNvNtNtCsbv2TPaIhNiJ_4koan8builtins4attr5route
FN:367,_RNvNtNtCsbv2TPaIhNiJ_4koan8builtins4attr8register
FN:344,_RNCNvNtNtCsbv2TPaIhNiJ_4koan8builtins4attr20access_module_member0B7_
FN:368,_RNCNvNtNtCsbv2TPaIhNiJ_4koan8builtins4attr8register0B7_
FN:396,_RNCNvNtNtCsbv2TPaIhNiJ_4koan8builtins4attr8registers0_0B7_
FN:406,_RNCNvNtNtCsbv2TPaIhNiJ_4koan8builtins4attr8registers1_0B7_
FN:416,_RNCNvNtNtCsbv2TPaIhNiJ_4koan8builtins4attr8registers2_0B7_
FN:427,_RNCNvNtNtCsbv2TPaIhNiJ_4koan8builtins4attr8registers3_0B7_
FN:378,_RNCNvNtNtCsbv2TPaIhNiJ_4koan8builtins4attr8registers_0B7_
FN:169,_RNvNtNtCskWHisZhi9Z4_4koan8builtins4attr11body_module
FN:238,_RNvNtNtCskWHisZhi9Z4_4koan8builtins4attr12access_field
FN:152,_RNvNtNtCskWHisZhi9Z4_4koan8builtins4attr12body_newtype
FN:111,_RNvNtNtCskWHisZhi9Z4_4koan8builtins4attr13body_type_lhs
FN:68,_RNvNtNtCskWHisZhi9Z4_4koan8builtins4attr15body_identifier
FN:43,_RNvNtNtCskWHisZhi9Z4_4koan8builtins4attr15read_field_name
FN:197,_RNvNtNtCskWHisZhi9Z4_4koan8builtins4attr18access_type_member
FN:298,_RNvNtNtCskWHisZhi9Z4_4koan8builtins4attr20access_module_member
FN:35,_RNvNtNtCskWHisZhi9Z4_4koan8builtins4attr5route
FN:367,_RNvNtNtCskWHisZhi9Z4_4koan8builtins4attr8register
FN:344,_RNCNvNtNtCskWHisZhi9Z4_4koan8builtins4attr20access_module_member0B7_
FN:368,_RNCNvNtNtCskWHisZhi9Z4_4koan8builtins4attr8register0B7_
FN:396,_RNCNvNtNtCskWHisZhi9Z4_4koan8builtins4attr8registers0_0B7_
FN:406,_RNCNvNtNtCskWHisZhi9Z4_4koan8builtins4attr8registers1_0B7_
FN:416,_RNCNvNtNtCskWHisZhi9Z4_4koan8builtins4attr8registers2_0B7_
FN:427,_RNCNvNtNtCskWHisZhi9Z4_4koan8builtins4attr8registers3_0B7_
FN:378,_RNCNvNtNtCskWHisZhi9Z4_4koan8builtins4attr8registers_0B7_
FN:495,_RNvNtNtNtCskWHisZhi9Z4_4koan8builtins4attr5testss_24attr_unbound_name_errors
FN:522,_RNvNtNtNtCskWHisZhi9Z4_4koan8builtins4attr5testss_25attr_unknown_field_errors
FN:506,_RNvNtNtNtCskWHisZhi9Z4_4koan8builtins4attr5testss_31attr_on_non_struct_value_errors
FN:538,_RNvNtNtNtCskWHisZhi9Z4_4koan8builtins4attr5testss_33attr_chained_unknown_field_errors
FN:479,_RNvNtNtNtCskWHisZhi9Z4_4koan8builtins4attr5testss_34attr_chained_through_nested_struct
FN:455,_RNvNtNtNtCskWHisZhi9Z4_4koan8builtins4attr5testss_34attr_reads_field_from_named_struct
FN:467,_RNvNtNtNtCskWHisZhi9Z4_4koan8builtins4attr5testss_35attr_reads_each_field_independently
FN:575,_RNvNtNtNtCskWHisZhi9Z4_4koan8builtins4attr5testss_39access_field_rejects_wrapped_non_struct
FN:619,_RNvNtNtNtCskWHisZhi9Z4_4koan8builtins4attr5testss_41transparent_view_slot_read_stays_concrete
FN:598,_RNvNtNtNtCskWHisZhi9Z4_4koan8builtins4attr5testss_48opaque_view_slot_read_re_tags_with_abstract_type
FN:559,_RNvNtNtNtCskWHisZhi9Z4_4koan8builtins4attr5testss_49access_field_falls_through_wrapped_record_newtype
FN:640,_RNvNtNtNtCskWHisZhi9Z4_4koan8builtins4attr5testss_53access_field_falls_through_wrapped_with_missing_field
FNDA:7,_RNvNtNtCsbv2TPaIhNiJ_4koan8builtins4attr11body_module
FNDA:1,_RNvNtNtCsbv2TPaIhNiJ_4koan8builtins4attr12access_field
FNDA:0,_RNvNtNtCsbv2TPaIhNiJ_4koan8builtins4attr12body_newtype
FNDA:0,_RNvNtNtCsbv2TPaIhNiJ_4koan8builtins4attr13body_type_lhs
FNDA:2,_RNvNtNtCsbv2TPaIhNiJ_4koan8builtins4attr15body_identifier
FNDA:9,_RNvNtNtCsbv2TPaIhNiJ_4koan8builtins4attr15read_field_name
FNDA:0,_RNvNtNtCsbv2TPaIhNiJ_4koan8builtins4attr18access_type_member
FNDA:7,_RNvNtNtCsbv2TPaIhNiJ_4koan8builtins4attr20access_module_member
FNDA:8,_RNvNtNtCsbv2TPaIhNiJ_4koan8builtins4attr5route
FNDA:43,_RNvNtNtCsbv2TPaIhNiJ_4koan8builtins4attr8register
FNDA:0,_RNCNvNtNtCsbv2TPaIhNiJ_4koan8builtins4attr20access_module_member0B7_
FNDA:43,_RNCNvNtNtCsbv2TPaIhNiJ_4koan8builtins4attr8register0B7_
FNDA:43,_RNCNvNtNtCsbv2TPaIhNiJ_4koan8builtins4attr8registers0_0B7_
FNDA:43,_RNCNvNtNtCsbv2TPaIhNiJ_4koan8builtins4attr8registers1_0B7_
FNDA:43,_RNCNvNtNtCsbv2TPaIhNiJ_4koan8builtins4attr8registers2_0B7_
FNDA:43,_RNCNvNtNtCsbv2TPaIhNiJ_4koan8builtins4attr8registers3_0B7_
FNDA:43,_RNCNvNtNtCsbv2TPaIhNiJ_4koan8builtins4attr8registers_0B7_
FNDA:20,_RNvNtNtCskWHisZhi9Z4_4koan8builtins4attr11body_module
FNDA:21,_RNvNtNtCskWHisZhi9Z4_4koan8builtins4attr12access_field
FNDA:2,_RNvNtNtCskWHisZhi9Z4_4koan8builtins4attr12body_newtype
FNDA:1,_RNvNtNtCskWHisZhi9Z4_4koan8builtins4attr13body_type_lhs
FNDA:22,_RNvNtNtCskWHisZhi9Z4_4koan8builtins4attr15body_identifier
FNDA:45,_RNvNtNtCskWHisZhi9Z4_4koan8builtins4attr15read_field_name
FNDA:0,_RNvNtNtCskWHisZhi9Z4_4koan8builtins4attr18access_type_member
FNDA:23,_RNvNtNtCskWHisZhi9Z4_4koan8builtins4attr20access_module_member
FNDA:43,_RNvNtNtCskWHisZhi9Z4_4koan8builtins4attr5route
FNDA:484,_RNvNtNtCskWHisZhi9Z4_4koan8builtins4attr8register
FNDA:2,_RNCNvNtNtCskWHisZhi9Z4_4koan8builtins4attr20access_module_member0B7_
FNDA:484,_RNCNvNtNtCskWHisZhi9Z4_4koan8builtins4attr8register0B7_
FNDA:484,_RNCNvNtNtCskWHisZhi9Z4_4koan8builtins4attr8registers0_0B7_
FNDA:484,_RNCNvNtNtCskWHisZhi9Z4_4koan8builtins4attr8registers1_0B7_
FNDA:484,_RNCNvNtNtCskWHisZhi9Z4_4koan8builtins4attr8registers2_0B7_
FNDA:484,_RNCNvNtNtCskWHisZhi9Z4_4koan8builtins4attr8registers3_0B7_
FNDA:484,_RNCNvNtNtCskWHisZhi9Z4_4koan8builtins4attr8registers_0B7_
FNDA:1,_RNvNtNtNtCskWHisZhi9Z4_4koan8builtins4attr5testss_24attr_unbound_name_errors
FNDA:1,_RNvNtNtNtCskWHisZhi9Z4_4koan8builtins4attr5testss_25attr_unknown_field_errors
FNDA:1,_RNvNtNtNtCskWHisZhi9Z4_4koan8builtins4attr5testss_31attr_on_non_struct_value_errors
FNDA:1,_RNvNtNtNtCskWHisZhi9Z4_4koan8builtins4attr5testss_33attr_chained_unknown_field_errors
FNDA:1,_RNvNtNtNtCskWHisZhi9Z4_4koan8builtins4attr5testss_34attr_chained_through_nested_struct
FNDA:1,_RNvNtNtNtCskWHisZhi9Z4_4koan8builtins4attr5testss_34attr_reads_field_from_named_struct
FNDA:1,_RNvNtNtNtCskWHisZhi9Z4_4koan8builtins4attr5testss_35attr_reads_each_field_independently
FNDA:1,_RNvNtNtNtCskWHisZhi9Z4_4koan8builtins4attr5testss_39access_field_rejects_wrapped_non_struct
FNDA:1,_RNvNtNtNtCskWHisZhi9Z4_4koan8builtins4attr5testss_41transparent_view_slot_read_stays_concrete
FNDA:1,_RNvNtNtNtCskWHisZhi9Z4_4koan8builtins4attr5testss_48opaque_view_slot_read_re_tags_with_abstract_type
FNDA:1,_RNvNtNtNtCskWHisZhi9Z4_4koan8builtins4attr5testss_49access_field_falls_through_wrapped_record_newtype
FNDA:1,_RNvNtNtNtCskWHisZhi9Z4_4koan8builtins4attr5testss_53access_field_falls_through_wrapped_with_missing_field
FNF:29
FNH:28
DA:35,51
DA:36,51
DA:37,51
DA:38,51
DA:39,51
DA:43,54
DA:45,54
DA:46,42
DA:47,42
DA:48,0
DA:49,0
DA:50,0
DA:51,0
DA:52,0
DA:54,12
DA:55,12
DA:56,12
DA:57,12
DA:58,0
DA:60,0
DA:61,0
DA:62,54
DA:68,24
DA:69,24
DA:70,24
DA:72,24
DA:73,24
DA:74,0
DA:75,0
DA:76,0
DA:77,0
DA:78,0
DA:79,0
DA:81,0
DA:83,24
DA:86,24
DA:87,19
DA:88,5
DA:89,5
DA:90,0
DA:91,3
DA:93,0
DA:96,0
DA:98,0
DA:99,0
DA:101,2
DA:102,2
DA:103,24
DA:111,1
DA:112,1
DA:113,1
DA:115,1
DA:116,1
DA:118,0
DA:119,0
DA:120,0
DA:121,0
DA:122,0
DA:123,0
DA:124,0
DA:128,1
DA:129,1
DA:130,1
DA:133,0
DA:134,0
DA:135,0
DA:137,1
DA:138,1
DA:139,1
DA:140,1
DA:141,1
DA:142,1
DA:143,1
DA:144,1
DA:147,0
DA:149,1
DA:152,2
DA:153,2
DA:154,2
DA:156,2
DA:157,2
DA:158,0
DA:160,2
DA:164,2
DA:165,2
DA:166,2
DA:169,27
DA:170,27
DA:171,27
DA:173,27
DA:174,27
DA:176,0
DA:177,0
DA:178,0
DA:179,0
DA:180,0
DA:181,0
DA:182,0
DA:183,0
DA:184,0
DA:185,0
DA:186,0
DA:190,27
DA:191,27
DA:192,27
DA:197,0
DA:198,0
DA:199,0
DA:200,0
DA:201,0
DA:202,0
DA:205,0
DA:206,0
DA:207,0
DA:209,0
DA:210,0
DA:211,0
DA:212,0
DA:214,0
DA:215,0
DA:216,0
DA:217,0
DA:218,0
DA:219,0
DA:220,0
DA:221,0
DA:227,0
DA:229,0
DA:230,0
DA:231,0
DA:232,0
DA:233,0
DA:234,0
DA:236,0
DA:238,22
DA:239,22
DA:240,22
DA:241,22
DA:242,22
DA:243,22
DA:244,22
DA:254,18
DA:255,17
DA:256,14
DA:260,0
DA:261,3
DA:262,3
DA:263,3
DA:264,3
DA:265,3
DA:267,1
DA:269,4
DA:270,4
DA:271,4
DA:272,4
DA:273,4
DA:275,22
DA:298,30
DA:299,30
DA:300,30
DA:301,30
DA:302,30
DA:303,30
DA:308,10
DA:309,5
DA:310,5
DA:312,5
DA:313,5
DA:314,5
DA:319,20
DA:326,20
DA:328,17
DA:329,17
DA:330,17
DA:332,17
DA:337,2
DA:338,2
DA:339,2
DA:340,2
DA:342,2
DA:344,2
DA:345,2
DA:346,2
DA:347,2
DA:348,2
DA:349,0
DA:350,2
DA:352,15
DA:353,15
DA:356,2
DA:357,2
DA:358,2
DA:359,2
DA:360,1
DA:361,1
DA:362,1
DA:363,1
DA:365,30
DA:367,527
DA:368,527
DA:369,527
DA:370,527
DA:371,527
DA:372,527
DA:373,527
DA:374,527
DA:377,527
DA:378,527
DA:379,527
DA:380,527
DA:381,527
DA:382,527
DA:383,527
DA:384,527
DA:387,527
DA:396,527
DA:397,527
DA:398,527
DA:399,527
DA:400,527
DA:401,527
DA:402,527
DA:405,527
DA:406,527
DA:407,527
DA:408,527
DA:409,527
DA:410,527
DA:411,527
DA:412,527
DA:415,527
DA:416,527
DA:417,527
DA:418,527
DA:419,527
DA:420,527
DA:421,527
DA:422,527
DA:425,527
DA:427,527
DA:428,527
DA:429,527
DA:430,527
DA:431,527
DA:432,527
DA:433,527
DA:436,527
DA:439,527
DA:440,527
DA:441,527
DA:442,527
DA:443,527
DA:444,527
DA:445,527
DA:455,1
DA:456,1
DA:457,1
DA:458,1
DA:459,1
DA:460,1
DA:462,1
DA:463,1
DA:464,1
DA:467,1
DA:468,1
DA:469,1
DA:470,1
DA:471,1
DA:472,1
DA:474,1
DA:475,1
DA:476,1
DA:479,1
DA:480,1
DA:481,1
DA:482,1
DA:483,1
DA:484,1
DA:485,1
DA:486,1
DA:487,1
DA:488,1
DA:490,1
DA:491,1
DA:492,1
DA:495,1
DA:496,1
DA:497,1
DA:498,1
DA:499,1
DA:500,1
DA:503,1
DA:506,1
DA:507,1
DA:508,1
DA:509,1
DA:510,1
DA:511,1
DA:512,1
DA:513,1
DA:514,1
DA:515,1
DA:517,0
DA:519,1
DA:522,1
DA:523,1
DA:524,1
DA:525,1
DA:526,1
DA:527,1
DA:529,1
DA:530,1
DA:531,1
DA:532,1
DA:535,1
DA:538,1
DA:539,1
DA:540,1
DA:541,1
DA:542,1
DA:543,1
DA:544,1
DA:545,1
DA:546,1
DA:547,1
DA:549,1
DA:550,1
DA:551,1
DA:552,1
DA:555,1
DA:559,1
DA:560,1
DA:561,1
DA:562,1
DA:563,1
DA:564,1
DA:565,1
DA:566,1
DA:567,1
DA:569,1
DA:570,1
DA:571,1
DA:575,1
DA:576,1
DA:577,1
DA:578,1
DA:579,1
DA:580,1
DA:581,1
DA:583,1
DA:584,1
DA:585,1
DA:586,1
DA:587,1
DA:588,1
DA:590,0
DA:592,1
DA:598,1
DA:599,1
DA:600,1
DA:601,1
DA:602,1
DA:603,1
DA:604,1
DA:605,1
DA:607,1
DA:608,1
DA:609,1
DA:612,0
DA:614,1
DA:619,1
DA:620,1
DA:621,1
DA:622,1
DA:623,1
DA:624,1
DA:625,1
DA:626,1
DA:628,1
DA:629,1
DA:630,1
DA:632,0
DA:634,1
DA:640,1
DA:641,1
DA:642,1
DA:643,1
DA:644,1
DA:645,1
DA:646,1
DA:647,1
DA:648,1
DA:650,1
DA:651,1
DA:652,1
DA:653,1
DA:656,1
BRF:0
BRH:0
LF:404
LH:326
end_of_record
SF:/var/home/jack/Code/koan/src/builtins/await_body.rs
FN:30,_RINvNtNtCsbv2TPaIhNiJ_4koan8builtins10await_body19await_body_in_scopeNCNvNtB4_10module_def4body0EB6_
FN:30,_RINvNtNtCsbv2TPaIhNiJ_4koan8builtins10await_body19await_body_in_scopeNCNvNtB4_15recursive_types4bodys_0EB6_
FN:30,_RINvNtNtCsbv2TPaIhNiJ_4koan8builtins10await_body19await_body_in_scopeNCNvNtB4_7sig_def4body0EB6_
FN:36,_RNCINvNtNtCsbv2TPaIhNiJ_4koan8builtins10await_body19await_body_in_scopeNCNvNtB6_10module_def4body0E0B8_
FN:36,_RNCINvNtNtCsbv2TPaIhNiJ_4koan8builtins10await_body19await_body_in_scopeNCNvNtB6_15recursive_types4bodys_0E0B8_
FN:36,_RNCINvNtNtCsbv2TPaIhNiJ_4koan8builtins10await_body19await_body_in_scopeNCNvNtB6_7sig_def4body0E0B8_
FN:30,_RINvNtNtCskWHisZhi9Z4_4koan8builtins10await_body19await_body_in_scopeNCNvNtB4_10module_def4body0EB6_
FN:30,_RINvNtNtCskWHisZhi9Z4_4koan8builtins10await_body19await_body_in_scopeNCNvNtB4_15recursive_types4bodys_0EB6_
FN:30,_RINvNtNtCskWHisZhi9Z4_4koan8builtins10await_body19await_body_in_scopeNCNvNtB4_7sig_def4body0EB6_
FN:36,_RNCINvNtNtCskWHisZhi9Z4_4koan8builtins10await_body19await_body_in_scopeNCNvNtB6_10module_def4body0E0B8_
FN:36,_RNCINvNtNtCskWHisZhi9Z4_4koan8builtins10await_body19await_body_in_scopeNCNvNtB6_15recursive_types4bodys_0E0B8_
FN:36,_RNCINvNtNtCskWHisZhi9Z4_4koan8builtins10await_body19await_body_in_scopeNCNvNtB6_7sig_def4body0E0B8_
FNDA:21,_RINvNtNtCsbv2TPaIhNiJ_4koan8builtins10await_body19await_body_in_scopeNCNvNtB4_10module_def4body0EB6_
FNDA:0,_RINvNtNtCsbv2TPaIhNiJ_4koan8builtins10await_body19await_body_in_scopeNCNvNtB4_15recursive_types4bodys_0EB6_
FNDA:15,_RINvNtNtCsbv2TPaIhNiJ_4koan8builtins10await_body19await_body_in_scopeNCNvNtB4_7sig_def4body0EB6_
FNDA:20,_RNCINvNtNtCsbv2TPaIhNiJ_4koan8builtins10await_body19await_body_in_scopeNCNvNtB6_10module_def4body0E0B8_
FNDA:0,_RNCINvNtNtCsbv2TPaIhNiJ_4koan8builtins10await_body19await_body_in_scopeNCNvNtB6_15recursive_types4bodys_0E0B8_
FNDA:15,_RNCINvNtNtCsbv2TPaIhNiJ_4koan8builtins10await_body19await_body_in_scopeNCNvNtB6_7sig_def4body0E0B8_
FNDA:83,_RINvNtNtCskWHisZhi9Z4_4koan8builtins10await_body19await_body_in_scopeNCNvNtB4_10module_def4body0EB6_
FNDA:4,_RINvNtNtCskWHisZhi9Z4_4koan8builtins10await_body19await_body_in_scopeNCNvNtB4_15recursive_types4bodys_0EB6_
FNDA:70,_RINvNtNtCskWHisZhi9Z4_4koan8builtins10await_body19await_body_in_scopeNCNvNtB4_7sig_def4body0EB6_
FNDA:81,_RNCINvNtNtCskWHisZhi9Z4_4koan8builtins10await_body19await_body_in_scopeNCNvNtB6_10module_def4body0E0B8_
FNDA:3,_RNCINvNtNtCskWHisZhi9Z4_4koan8builtins10await_body19await_body_in_scopeNCNvNtB6_15recursive_types4bodys_0E0B8_
FNDA:68,_RNCINvNtNtCskWHisZhi9Z4_4koan8builtins10await_body19await_body_in_scopeNCNvNtB6_7sig_def4body0E0B8_
FNF:2
FNH:2
DA:30,193
DA:31,193
DA:32,193
DA:33,193
DA:34,193
DA:35,193
DA:36,193
DA:37,187
DA:38,184
DA:39,184
DA:40,187
DA:41,187
DA:42,193
DA:43,193
DA:44,193
DA:45,193
DA:46,193
DA:47,193
DA:48,193
DA:49,193
BRF:0
BRH:0
LF:21
LH:21
end_of_record
SF:/var/home/jack/Code/koan/src/builtins/block_tail.rs
FN:42,_RNvNtNtCsbv2TPaIhNiJ_4koan8builtins10block_tail10block_tail
FN:59,_RNCNvNtNtCsbv2TPaIhNiJ_4koan8builtins10block_tail10block_tail0B7_
FN:59,_RNCNvNtNtCskWHisZhi9Z4_4koan8builtins10block_tail10block_tail0B7_
FN:42,_RNvNtNtCskWHisZhi9Z4_4koan8builtins10block_tail10block_tail
FNDA:1,_RNvNtNtCsbv2TPaIhNiJ_4koan8builtins10block_tail10block_tail
FNDA:0,_RNCNvNtNtCsbv2TPaIhNiJ_4koan8builtins10block_tail10block_tail0B7_
FNDA:84,_RNCNvNtNtCskWHisZhi9Z4_4koan8builtins10block_tail10block_tail0B7_
FNDA:102,_RNvNtNtCskWHisZhi9Z4_4koan8builtins10block_tail10block_tail
FNF:2
FNH:2
DA:42,103
DA:43,103
DA:44,103
DA:45,103
DA:46,103
DA:47,103
DA:48,103
DA:49,103
DA:51,8
DA:52,8
DA:55,84
DA:56,0
DA:58,84
DA:59,84
DA:60,0
DA:61,84
DA:63,11
DA:64,11
DA:65,11
DA:66,11
DA:67,11
DA:70,103
DA:71,8
DA:72,95
DA:73,95
DA:74,95
DA:75,95
DA:76,95
DA:77,95
DA:80,103
DA:81,103
DA:82,103
DA:83,103
DA:84,103
DA:85,103
DA:86,103
DA:87,103
BRF:0
BRH:0
LF:38
LH:36
end_of_record
SF:/var/home/jack/Code/koan/src/builtins/branch_walk.rs
FN:97,_RNCNCNvNtNtCsbv2TPaIhNiJ_4koan8builtins11branch_walk8arm_tail00B9_
FN:88,_RNCNvNtNtCsbv2TPaIhNiJ_4koan8builtins11branch_walk8arm_tail0B7_
FN:115,_RNvNtNtCsbv2TPaIhNiJ_4koan8builtins11branch_walk16find_branch_body
FN:18,_RNvNtNtCsbv2TPaIhNiJ_4koan8builtins11branch_walk20resolve_arm_contract
FN:74,_RNvNtNtCsbv2TPaIhNiJ_4koan8builtins11branch_walk8arm_tail
FN:97,_RNCNCNvNtNtCskWHisZhi9Z4_4koan8builtins11branch_walk8arm_tail00B9_
FN:88,_RNCNvNtNtCskWHisZhi9Z4_4koan8builtins11branch_walk8arm_tail0B7_
FN:115,_RNvNtNtCskWHisZhi9Z4_4koan8builtins11branch_walk16find_branch_body
FN:18,_RNvNtNtCskWHisZhi9Z4_4koan8builtins11branch_walk20resolve_arm_contract
FN:74,_RNvNtNtCskWHisZhi9Z4_4koan8builtins11branch_walk8arm_tail
FNDA:0,_RNCNCNvNtNtCsbv2TPaIhNiJ_4koan8builtins11branch_walk8arm_tail00B9_
FNDA:0,_RNCNvNtNtCsbv2TPaIhNiJ_4koan8builtins11branch_walk8arm_tail0B7_
FNDA:0,_RNvNtNtCsbv2TPaIhNiJ_4koan8builtins11branch_walk16find_branch_body
FNDA:0,_RNvNtNtCsbv2TPaIhNiJ_4koan8builtins11branch_walk20resolve_arm_contract
FNDA:0,_RNvNtNtCsbv2TPaIhNiJ_4koan8builtins11branch_walk8arm_tail
FNDA:7,_RNCNCNvNtNtCskWHisZhi9Z4_4koan8builtins11branch_walk8arm_tail00B9_
FNDA:84,_RNCNvNtNtCskWHisZhi9Z4_4koan8builtins11branch_walk8arm_tail0B7_
FNDA:91,_RNvNtNtCskWHisZhi9Z4_4koan8builtins11branch_walk16find_branch_body
FNDA:91,_RNvNtNtCskWHisZhi9Z4_4koan8builtins11branch_walk20resolve_arm_contract
FNDA:84,_RNvNtNtCskWHisZhi9Z4_4koan8builtins11branch_walk8arm_tail
FNF:5
FNH:5
DA:18,91
DA:19,91
DA:20,91
DA:21,91
DA:23,91
DA:24,0
DA:25,0
DA:26,0
DA:30,0
DA:31,0
DA:32,0
DA:33,0
DA:37,91
DA:39,0
DA:40,0
DA:41,0
DA:44,91
DA:45,91
DA:46,91
DA:47,91
DA:48,91
DA:49,91
DA:74,84
DA:75,84
DA:76,84
DA:77,84
DA:78,84
DA:79,84
DA:80,84
DA:84,84
DA:88,84
DA:89,84
DA:90,77
DA:91,77
DA:92,77
DA:93,77
DA:94,7
DA:97,7
DA:98,7
DA:101,84
DA:102,84
DA:103,84
DA:104,84
DA:105,84
DA:106,84
DA:107,84
DA:108,84
DA:110,84
DA:115,91
DA:116,91
DA:117,91
DA:118,91
DA:119,91
DA:120,91
DA:121,91
DA:122,0
DA:123,0
DA:124,0
DA:125,0
DA:126,91
DA:127,91
DA:128,91
DA:129,133
DA:130,125
DA:131,125
DA:132,125
DA:133,125
DA:135,112
DA:138,9
DA:139,9
DA:140,6
DA:142,3
DA:146,4
DA:147,0
DA:148,0
DA:149,0
DA:150,0
DA:151,0
DA:154,125
DA:155,125
DA:156,0
DA:157,0
DA:158,0
DA:159,0
DA:160,0
DA:163,125
DA:164,123
DA:165,2
DA:166,2
DA:167,2
DA:168,2
DA:169,2
DA:172,123
DA:173,81
DA:174,42
DA:175,42
DA:176,4
DA:177,38
DA:178,42
DA:180,8
DA:181,91
BRF:0
BRH:0
LF:103
LH:79
end_of_record
SF:/var/home/jack/Code/koan/src/builtins/catch.rs
FN:90,_RNCNCNvNtNtCsbv2TPaIhNiJ_4koan8builtins5catch4body00B9_
FN:106,_RNCNCNvNtNtCsbv2TPaIhNiJ_4koan8builtins5catch4body0s0_0B9_
FN:101,_RNCNCNvNtNtCsbv2TPaIhNiJ_4koan8builtins5catch4body0s_0B9_
FN:58,_RNCNvNtNtCsbv2TPaIhNiJ_4koan8builtins5catch4body0B7_
FN:61,_RNvNCNvNtNtCsbv2TPaIhNiJ_4koan8builtins5catch4body012build_result
FN:38,_RNvNtNtCsbv2TPaIhNiJ_4koan8builtins5catch4body
FN:15,_RNvNtNtCsbv2TPaIhNiJ_4koan8builtins5catch8register
FN:61,_RNvNCNvNtNtCskWHisZhi9Z4_4koan8builtins5catch4body012build_result
FN:38,_RNvNtNtCskWHisZhi9Z4_4koan8builtins5catch4body
FN:15,_RNvNtNtCskWHisZhi9Z4_4koan8builtins5catch8register
FN:90,_RNCNCNvNtNtCskWHisZhi9Z4_4koan8builtins5catch4body00B9_
FN:106,_RNCNCNvNtNtCskWHisZhi9Z4_4koan8builtins5catch4body0s0_0B9_
FN:101,_RNCNCNvNtNtCskWHisZhi9Z4_4koan8builtins5catch4body0s_0B9_
FN:58,_RNCNvNtNtCskWHisZhi9Z4_4koan8builtins5catch4body0B7_
FNDA:0,_RNCNCNvNtNtCsbv2TPaIhNiJ_4koan8builtins5catch4body00B9_
FNDA:0,_RNCNCNvNtNtCsbv2TPaIhNiJ_4koan8builtins5catch4body0s0_0B9_
FNDA:0,_RNCNCNvNtNtCsbv2TPaIhNiJ_4koan8builtins5catch4body0s_0B9_
FNDA:0,_RNCNvNtNtCsbv2TPaIhNiJ_4koan8builtins5catch4body0B7_
FNDA:0,_RNvNCNvNtNtCsbv2TPaIhNiJ_4koan8builtins5catch4body012build_result
FNDA:0,_RNvNtNtCsbv2TPaIhNiJ_4koan8builtins5catch4body
FNDA:43,_RNvNtNtCsbv2TPaIhNiJ_4koan8builtins5catch8register
FNDA:8,_RNvNCNvNtNtCskWHisZhi9Z4_4koan8builtins5catch4body012build_result
FNDA:8,_RNvNtNtCskWHisZhi9Z4_4koan8builtins5catch4body
FNDA:484,_RNvNtNtCskWHisZhi9Z4_4koan8builtins5catch8register
FNDA:3,_RNCNCNvNtNtCskWHisZhi9Z4_4koan8builtins5catch4body00B9_
FNDA:5,_RNCNCNvNtNtCskWHisZhi9Z4_4koan8builtins5catch4body0s0_0B9_
FNDA:5,_RNCNCNvNtNtCskWHisZhi9Z4_4koan8builtins5catch4body0s_0B9_
FNDA:8,_RNCNvNtNtCskWHisZhi9Z4_4koan8builtins5catch4body0B7_
FNF:7
FNH:7
DA:15,527
DA:21,527
DA:22,527
DA:23,0
DA:25,527
DA:26,527
DA:27,527
DA:28,527
DA:29,527
DA:30,527
DA:31,527
DA:33,527
DA:34,527
DA:38,8
DA:39,8
DA:40,8
DA:48,8
DA:51,8
DA:52,8
DA:53,0
DA:57,8
DA:58,8
DA:61,8
DA:62,8
DA:63,8
DA:64,0
DA:66,8
DA:67,8
DA:68,8
DA:69,8
DA:70,8
DA:71,8
DA:72,8
DA:73,8
DA:78,8
DA:79,8
DA:80,8
DA:81,8
DA:82,8
DA:83,8
DA:84,8
DA:85,8
DA:88,3
DA:89,3
DA:90,3
DA:91,3
DA:92,3
DA:93,3
DA:94,3
DA:95,3
DA:96,3
DA:100,5
DA:101,5
DA:102,5
DA:103,5
DA:104,5
DA:105,5
DA:106,5
DA:107,5
DA:108,5
DA:109,5
DA:110,5
DA:111,5
DA:112,5
DA:116,8
DA:117,8
DA:118,8
DA:119,8
DA:120,8
DA:121,8
DA:122,8
DA:123,8
DA:124,8
DA:125,8
BRF:0
BRH:0
LF:76
LH:73
end_of_record
SF:/var/home/jack/Code/koan/src/builtins/eval.rs
FN:37,_RNCNvNtNtCsbv2TPaIhNiJ_4koan8builtins4eval4body0B7_
FN:15,_RNvNtNtCsbv2TPaIhNiJ_4koan8builtins4eval4body
FN:47,_RNvNtNtCsbv2TPaIhNiJ_4koan8builtins4eval8register
FN:60,_RNvNtNtNtCskWHisZhi9Z4_4koan8builtins4eval5tests11run_program
FN:117,_RNvNtNtNtCskWHisZhi9Z4_4koan8builtins4eval5testss_21recursive_eval_no_uaf
FN:69,_RNvNtNtNtCskWHisZhi9Z4_4koan8builtins4eval5testss_22eval_of_quoted_literal
FN:103,_RNvNtNtNtCskWHisZhi9Z4_4koan8builtins4eval5testss_34multiline_sigil_collapse_roundtrip
FN:109,_RNvNtNtNtCskWHisZhi9Z4_4koan8builtins4eval5testss_35eval_returns_inner_expression_value
FN:97,_RNvNtNtNtCskWHisZhi9Z4_4koan8builtins4eval5testss_37eval_runs_side_effects_in_quoted_body
FN:75,_RNvNtNtNtCskWHisZhi9Z4_4koan8builtins4eval5testss_38eval_of_function_returning_kexpression
FN:84,_RNvNtNtNtCskWHisZhi9Z4_4koan8builtins4eval5testss_49eval_of_non_kexpression_errors_with_type_mismatch
FN:37,_RNCNvNtNtCskWHisZhi9Z4_4koan8builtins4eval4body0B7_
FN:15,_RNvNtNtCskWHisZhi9Z4_4koan8builtins4eval4body
FN:47,_RNvNtNtCskWHisZhi9Z4_4koan8builtins4eval8register
FNDA:0,_RNCNvNtNtCsbv2TPaIhNiJ_4koan8builtins4eval4body0B7_
FNDA:0,_RNvNtNtCsbv2TPaIhNiJ_4koan8builtins4eval4body
FNDA:43,_RNvNtNtCsbv2TPaIhNiJ_4koan8builtins4eval8register
FNDA:6,_RNvNtNtNtCskWHisZhi9Z4_4koan8builtins4eval5tests11run_program
FNDA:1,_RNvNtNtNtCskWHisZhi9Z4_4koan8builtins4eval5testss_21recursive_eval_no_uaf
FNDA:1,_RNvNtNtNtCskWHisZhi9Z4_4koan8builtins4eval5testss_22eval_of_quoted_literal
FNDA:1,_RNvNtNtNtCskWHisZhi9Z4_4koan8builtins4eval5testss_34multiline_sigil_collapse_roundtrip
FNDA:1,_RNvNtNtNtCskWHisZhi9Z4_4koan8builtins4eval5testss_35eval_returns_inner_expression_value
FNDA:1,_RNvNtNtNtCskWHisZhi9Z4_4koan8builtins4eval5testss_37eval_runs_side_effects_in_quoted_body
FNDA:1,_RNvNtNtNtCskWHisZhi9Z4_4koan8builtins4eval5testss_38eval_of_function_returning_kexpression
FNDA:1,_RNvNtNtNtCskWHisZhi9Z4_4koan8builtins4eval5testss_49eval_of_non_kexpression_errors_with_type_mismatch
FNDA:8,_RNCNvNtNtCskWHisZhi9Z4_4koan8builtins4eval4body0B7_
FNDA:9,_RNvNtNtCskWHisZhi9Z4_4koan8builtins4eval4body
FNDA:484,_RNvNtNtCskWHisZhi9Z4_4koan8builtins4eval8register
FNF:11
FNH:11
DA:15,9
DA:16,9
DA:17,9
DA:22,9
DA:23,8
DA:24,1
DA:25,1
DA:26,1
DA:27,1
DA:28,1
DA:29,1
DA:31,0
DA:37,8
DA:38,8
DA:39,8
DA:40,8
DA:41,8
DA:42,8
DA:43,8
DA:45,9
DA:47,527
DA:48,527
DA:49,527
DA:50,527
DA:60,6
DA:61,6
DA:62,6
DA:63,6
DA:64,6
DA:65,6
DA:66,6
DA:69,1
DA:70,1
DA:71,1
DA:72,1
DA:75,1
DA:76,1
DA:77,1
DA:78,1
DA:80,1
DA:81,1
DA:84,1
DA:85,1
DA:86,1
DA:87,1
DA:88,1
DA:89,1
DA:90,1
DA:91,1
DA:94,1
DA:97,1
DA:98,1
DA:99,1
DA:100,1
DA:103,1
DA:104,1
DA:105,1
DA:106,1
DA:109,1
DA:112,1
DA:113,1
DA:114,1
DA:117,1
DA:121,1
DA:122,1
DA:123,1
DA:124,1
DA:125,1
DA:126,1
DA:127,1
DA:129,1
DA:130,1
BRF:0
BRH:0
LF:73
LH:72
end_of_record
SF:/var/home/jack/Code/koan/src/builtins/fn_def.rs
FN:62,_RNvNtNtCsbv2TPaIhNiJ_4koan8builtins6fn_def13build_fn_like
FN:142,_RNvNtNtCsbv2TPaIhNiJ_4koan8builtins6fn_def18body_record_schema
FN:23,_RNvNtNtCsbv2TPaIhNiJ_4koan8builtins6fn_def19collect_param_types
FN:127,_RNvNtNtCsbv2TPaIhNiJ_4koan8builtins6fn_def4body
FN:205,_RNvNtNtCsbv2TPaIhNiJ_4koan8builtins6fn_def8register
FN:165,_RNCNvNtNtCsbv2TPaIhNiJ_4koan8builtins6fn_def18body_record_schema0B7_
FN:228,_RNCNvNtNtCsbv2TPaIhNiJ_4koan8builtins6fn_def8register0B7_
FN:262,_RNCNvNtNtCsbv2TPaIhNiJ_4koan8builtins6fn_def8registers0_0B7_
FN:245,_RNCNvNtNtCsbv2TPaIhNiJ_4koan8builtins6fn_def8registers_0B7_
FN:165,_RNCNvNtNtCskWHisZhi9Z4_4koan8builtins6fn_def18body_record_schema0B7_
FN:228,_RNCNvNtNtCskWHisZhi9Z4_4koan8builtins6fn_def8register0B7_
FN:262,_RNCNvNtNtCskWHisZhi9Z4_4koan8builtins6fn_def8registers0_0B7_
FN:245,_RNCNvNtNtCskWHisZhi9Z4_4koan8builtins6fn_def8registers_0B7_
FN:62,_RNvNtNtCskWHisZhi9Z4_4koan8builtins6fn_def13build_fn_like
FN:142,_RNvNtNtCskWHisZhi9Z4_4koan8builtins6fn_def18body_record_schema
FN:23,_RNvNtNtCskWHisZhi9Z4_4koan8builtins6fn_def19collect_param_types
FN:127,_RNvNtNtCskWHisZhi9Z4_4koan8builtins6fn_def4body
FN:205,_RNvNtNtCskWHisZhi9Z4_4koan8builtins6fn_def8register
FNDA:18,_RNvNtNtCsbv2TPaIhNiJ_4koan8builtins6fn_def13build_fn_like
FNDA:0,_RNvNtNtCsbv2TPaIhNiJ_4koan8builtins6fn_def18body_record_schema
FNDA:7,_RNvNtNtCsbv2TPaIhNiJ_4koan8builtins6fn_def19collect_param_types
FNDA:11,_RNvNtNtCsbv2TPaIhNiJ_4koan8builtins6fn_def4body
FNDA:43,_RNvNtNtCsbv2TPaIhNiJ_4koan8builtins6fn_def8register
FNDA:0,_RNCNvNtNtCsbv2TPaIhNiJ_4koan8builtins6fn_def18body_record_schema0B7_
FNDA:43,_RNCNvNtNtCsbv2TPaIhNiJ_4koan8builtins6fn_def8register0B7_
FNDA:43,_RNCNvNtNtCsbv2TPaIhNiJ_4koan8builtins6fn_def8registers0_0B7_
FNDA:43,_RNCNvNtNtCsbv2TPaIhNiJ_4koan8builtins6fn_def8registers_0B7_
FNDA:7,_RNCNvNtNtCskWHisZhi9Z4_4koan8builtins6fn_def18body_record_schema0B7_
FNDA:484,_RNCNvNtNtCskWHisZhi9Z4_4koan8builtins6fn_def8register0B7_
FNDA:484,_RNCNvNtNtCskWHisZhi9Z4_4koan8builtins6fn_def8registers0_0B7_
FNDA:484,_RNCNvNtNtCskWHisZhi9Z4_4koan8builtins6fn_def8registers_0B7_
FNDA:259,_RNvNtNtCskWHisZhi9Z4_4koan8builtins6fn_def13build_fn_like
FNDA:8,_RNvNtNtCskWHisZhi9Z4_4koan8builtins6fn_def18body_record_schema
FNDA:18,_RNvNtNtCskWHisZhi9Z4_4koan8builtins6fn_def19collect_param_types
FNDA:241,_RNvNtNtCskWHisZhi9Z4_4koan8builtins6fn_def4body
FNDA:484,_RNvNtNtCskWHisZhi9Z4_4koan8builtins6fn_def8register
FNF:9
FNH:9
DA:23,25
DA:24,25
DA:25,25
DA:26,25
DA:28,25
DA:29,25
DA:30,25
DA:31,25
DA:32,75
DA:33,50
DA:34,7
DA:35,18
DA:36,25
DA:38,50
DA:39,25
DA:40,25
DA:41,25
DA:42,25
DA:43,25
DA:44,0
DA:45,0
DA:46,25
DA:47,25
DA:48,25
DA:49,25
DA:51,25
DA:52,25
DA:62,277
DA:63,277
DA:64,277
DA:65,277
DA:66,277
DA:71,277
DA:72,277
DA:73,277
DA:74,277
DA:75,277
DA:76,25
DA:77,252
DA:79,277
DA:80,277
DA:81,277
DA:82,277
DA:83,277
DA:84,277
DA:85,277
DA:86,277
DA:87,274
DA:88,2
DA:89,272
DA:90,272
DA:91,204
DA:92,4
DA:93,4
DA:96,64
DA:97,64
DA:98,64
DA:99,64
DA:100,64
DA:101,64
DA:103,268
DA:104,268
DA:106,181
DA:107,181
DA:108,181
DA:109,181
DA:110,181
DA:111,181
DA:112,181
DA:113,181
DA:114,181
DA:116,87
DA:118,277
DA:127,252
DA:128,252
DA:129,252
DA:130,252
DA:131,252
DA:142,8
DA:143,8
DA:144,8
DA:149,8
DA:150,7
DA:151,1
DA:152,1
DA:153,1
DA:154,1
DA:155,1
DA:158,0
DA:159,0
DA:160,0
DA:163,7
DA:164,7
DA:165,7
DA:166,7
DA:167,7
DA:168,7
DA:169,7
DA:170,7
DA:171,7
DA:172,7
DA:173,7
DA:174,7
DA:175,7
DA:176,7
DA:177,7
DA:178,7
DA:179,7
DA:180,7
DA:181,7
DA:182,7
DA:183,7
DA:184,7
DA:185,7
DA:186,7
DA:187,7
DA:188,7
DA:189,7
DA:190,7
DA:192,0
DA:193,0
DA:194,0
DA:195,0
DA:196,0
DA:197,0
DA:198,0
DA:199,0
DA:203,8
DA:205,527
DA:228,527
DA:229,527
DA:230,527
DA:231,527
DA:232,527
DA:233,527
DA:234,527
DA:235,527
DA:236,527
DA:237,527
DA:240,527
DA:245,527
DA:246,527
DA:247,527
DA:248,527
DA:249,527
DA:250,527
DA:251,527
DA:252,527
DA:253,527
DA:254,527
DA:257,527
DA:262,527
DA:263,527
DA:264,527
DA:265,527
DA:266,527
DA:267,527
DA:268,527
DA:269,527
DA:270,527
DA:271,527
DA:274,527
DA:276,527
DA:277,527
DA:278,527
DA:279,527
DA:280,527
DA:281,527
DA:282,527
DA:285,527
DA:286,527
DA:287,527
DA:288,527
DA:289,527
DA:290,527
DA:291,527
DA:294,527
DA:295,527
DA:296,527
DA:297,527
DA:298,527
DA:299,527
DA:300,527
DA:303,527
BRF:0
BRH:0
LF:188
LH:175
end_of_record
SF:/var/home/jack/Code/koan/src/builtins/fn_def/finalize.rs
FN:194,_RNvNtNtNtCsbv2TPaIhNiJ_4koan8builtins6fn_def8finalize21finalize_fn_with_kind
FN:280,_RNvNtNtNtCsbv2TPaIhNiJ_4koan8builtins6fn_def8finalize5defer
FN:90,_RNvNtNtNtCsbv2TPaIhNiJ_4koan8builtins6fn_def8finalize8classify
FN:265,_RNvNtNtNtCsbv2TPaIhNiJ_4koan8builtins6fn_def8finalize9fn_action
FN:220,_RNCNvNtNtNtCsbv2TPaIhNiJ_4koan8builtins6fn_def8finalize21finalize_fn_with_kind0B9_
FN:322,_RNCNvNtNtNtCsbv2TPaIhNiJ_4koan8builtins6fn_def8finalize5defer0B9_
FN:220,_RNCNvNtNtNtCskWHisZhi9Z4_4koan8builtins6fn_def8finalize21finalize_fn_with_kind0B9_
FN:322,_RNCNvNtNtNtCskWHisZhi9Z4_4koan8builtins6fn_def8finalize5defer0B9_
FN:194,_RNvNtNtNtCskWHisZhi9Z4_4koan8builtins6fn_def8finalize21finalize_fn_with_kind
FN:280,_RNvNtNtNtCskWHisZhi9Z4_4koan8builtins6fn_def8finalize5defer
FN:90,_RNvNtNtNtCskWHisZhi9Z4_4koan8builtins6fn_def8finalize8classify
FN:265,_RNvNtNtNtCskWHisZhi9Z4_4koan8builtins6fn_def8finalize9fn_action
FNDA:18,_RNvNtNtNtCsbv2TPaIhNiJ_4koan8builtins6fn_def8finalize21finalize_fn_with_kind
FNDA:1,_RNvNtNtNtCsbv2TPaIhNiJ_4koan8builtins6fn_def8finalize5defer
FNDA:18,_RNvNtNtNtCsbv2TPaIhNiJ_4koan8builtins6fn_def8finalize8classify
FNDA:18,_RNvNtNtNtCsbv2TPaIhNiJ_4koan8builtins6fn_def8finalize9fn_action
FNDA:18,_RNCNvNtNtNtCsbv2TPaIhNiJ_4koan8builtins6fn_def8finalize21finalize_fn_with_kind0B9_
FNDA:1,_RNCNvNtNtNtCsbv2TPaIhNiJ_4koan8builtins6fn_def8finalize5defer0B9_
FNDA:260,_RNCNvNtNtNtCskWHisZhi9Z4_4koan8builtins6fn_def8finalize21finalize_fn_with_kind0B9_
FNDA:86,_RNCNvNtNtNtCskWHisZhi9Z4_4koan8builtins6fn_def8finalize5defer0B9_
FNDA:255,_RNvNtNtNtCskWHisZhi9Z4_4koan8builtins6fn_def8finalize21finalize_fn_with_kind
FNDA:86,_RNvNtNtNtCskWHisZhi9Z4_4koan8builtins6fn_def8finalize5defer
FNDA:257,_RNvNtNtNtCskWHisZhi9Z4_4koan8builtins6fn_def8finalize8classify
FNDA:255,_RNvNtNtNtCskWHisZhi9Z4_4koan8builtins6fn_def8finalize9fn_action
FNF:6
FNH:6
DA:90,275
DA:91,275
DA:92,170
DA:93,170
DA:94,170
DA:95,170
DA:96,18
DA:97,18
DA:98,18
DA:99,18
DA:100,23
DA:102,23
DA:103,23
DA:104,23
DA:105,23
DA:106,23
DA:107,23
DA:108,23
DA:111,61
DA:113,61
DA:114,61
DA:116,61
DA:117,61
DA:118,61
DA:119,61
DA:120,61
DA:121,61
DA:122,61
DA:124,0
DA:126,0
DA:127,0
DA:129,0
DA:130,0
DA:131,0
DA:132,0
DA:133,0
DA:134,0
DA:135,0
DA:136,0
DA:137,0
DA:139,3
DA:141,3
DA:142,3
DA:147,3
DA:148,3
DA:149,3
DA:150,3
DA:151,3
DA:152,3
DA:153,3
DA:155,0
DA:158,0
DA:159,0
DA:160,0
DA:161,0
DA:162,0
DA:163,0
DA:164,0
DA:168,0
DA:169,0
DA:172,0
DA:173,0
DA:176,0
DA:177,0
DA:178,0
DA:179,0
DA:180,0
DA:181,0
DA:182,0
DA:183,0
DA:186,275
DA:194,273
DA:195,273
DA:196,273
DA:197,273
DA:198,273
DA:199,273
DA:200,273
DA:201,273
DA:202,273
DA:205,273
DA:206,23
DA:207,21
DA:208,1
DA:209,1
DA:210,1
DA:211,1
DA:212,1
DA:213,20
DA:214,2
DA:215,250
DA:220,278
DA:221,264
DA:222,14
DA:223,278
DA:225,272
DA:226,272
DA:227,272
DA:228,272
DA:230,272
DA:231,272
DA:232,272
DA:233,272
DA:234,272
DA:235,272
DA:236,272
DA:237,272
DA:238,272
DA:241,272
DA:242,272
DA:243,265
DA:244,264
DA:246,1
DA:247,1
DA:248,1
DA:249,1
DA:252,264
DA:253,7
DA:260,269
DA:261,273
DA:265,273
DA:266,273
DA:267,273
DA:268,273
DA:269,269
DA:270,4
DA:272,273
DA:280,87
DA:281,87
DA:282,87
DA:283,87
DA:284,87
DA:285,87
DA:286,87
DA:291,87
DA:292,87
DA:293,87
DA:294,87
DA:295,87
DA:296,87
DA:300,87
DA:301,87
DA:302,87
DA:303,87
DA:304,87
DA:305,87
DA:306,87
DA:307,26
DA:308,26
DA:309,26
DA:310,26
DA:311,26
DA:312,61
DA:313,87
DA:314,87
DA:315,63
DA:316,63
DA:317,63
DA:318,63
DA:319,63
DA:320,63
DA:321,63
DA:322,87
DA:323,87
DA:324,87
DA:325,63
DA:326,63
DA:327,1
DA:328,1
DA:329,1
DA:330,1
DA:331,1
DA:332,62
DA:337,62
DA:339,86
DA:340,85
DA:341,86
DA:342,85
DA:343,0
DA:345,85
DA:346,85
DA:347,85
DA:348,0
DA:349,0
DA:352,0
DA:353,0
DA:354,0
DA:355,0
DA:360,85
DA:361,85
DA:362,85
DA:363,85
DA:364,85
DA:365,85
DA:366,85
DA:368,87
DA:369,87
DA:370,87
BRF:0
BRH:0
LF:200
LH:161
end_of_record
SF:/var/home/jack/Code/koan/src/builtins/fn_def/param_refs.rs
FN:23,_RNCNvNtNtNtCsbv2TPaIhNiJ_4koan8builtins6fn_def10param_refs19part_references_any0B9_
FN:32,_RNCNvNtNtNtCsbv2TPaIhNiJ_4koan8builtins6fn_def10param_refs19part_references_anys0_0B9_
FN:39,_RNCNvNtNtNtCsbv2TPaIhNiJ_4koan8builtins6fn_def10param_refs19part_references_anys1_0B9_
FN:30,_RNCNvNtNtNtCsbv2TPaIhNiJ_4koan8builtins6fn_def10param_refs19part_references_anys_0B9_
FN:12,_RNCNvNtNtNtCsbv2TPaIhNiJ_4koan8builtins6fn_def10param_refs24type_expr_references_any0B9_
FN:18,_RNCNvNtNtNtCsbv2TPaIhNiJ_4koan8builtins6fn_def10param_refs26kexpression_references_any0B9_
FN:21,_RNvNtNtNtCsbv2TPaIhNiJ_4koan8builtins6fn_def10param_refs19part_references_any
FN:11,_RNvNtNtNtCsbv2TPaIhNiJ_4koan8builtins6fn_def10param_refs24type_expr_references_any
FN:15,_RNvNtNtNtCsbv2TPaIhNiJ_4koan8builtins6fn_def10param_refs26kexpression_references_any
FN:23,_RNCNvNtNtNtCskWHisZhi9Z4_4koan8builtins6fn_def10param_refs19part_references_any0B9_
FN:32,_RNCNvNtNtNtCskWHisZhi9Z4_4koan8builtins6fn_def10param_refs19part_references_anys0_0B9_
FN:39,_RNCNvNtNtNtCskWHisZhi9Z4_4koan8builtins6fn_def10param_refs19part_references_anys1_0B9_
FN:30,_RNCNvNtNtNtCskWHisZhi9Z4_4koan8builtins6fn_def10param_refs19part_references_anys_0B9_
FN:12,_RNCNvNtNtNtCskWHisZhi9Z4_4koan8builtins6fn_def10param_refs24type_expr_references_any0B9_
FN:18,_RNCNvNtNtNtCskWHisZhi9Z4_4koan8builtins6fn_def10param_refs26kexpression_references_any0B9_
FN:21,_RNvNtNtNtCskWHisZhi9Z4_4koan8builtins6fn_def10param_refs19part_references_any
FN:11,_RNvNtNtNtCskWHisZhi9Z4_4koan8builtins6fn_def10param_refs24type_expr_references_any
FN:15,_RNvNtNtNtCskWHisZhi9Z4_4koan8builtins6fn_def10param_refs26kexpression_references_any
FNDA:0,_RNCNvNtNtNtCsbv2TPaIhNiJ_4koan8builtins6fn_def10param_refs19part_references_any0B9_
FNDA:0,_RNCNvNtNtNtCsbv2TPaIhNiJ_4koan8builtins6fn_def10param_refs19part_references_anys0_0B9_
FNDA:0,_RNCNvNtNtNtCsbv2TPaIhNiJ_4koan8builtins6fn_def10param_refs19part_references_anys1_0B9_
FNDA:0,_RNCNvNtNtNtCsbv2TPaIhNiJ_4koan8builtins6fn_def10param_refs19part_references_anys_0B9_
FNDA:4,_RNCNvNtNtNtCsbv2TPaIhNiJ_4koan8builtins6fn_def10param_refs24type_expr_references_any0B9_
FNDA:6,_RNCNvNtNtNtCsbv2TPaIhNiJ_4koan8builtins6fn_def10param_refs26kexpression_references_any0B9_
FNDA:6,_RNvNtNtNtCsbv2TPaIhNiJ_4koan8builtins6fn_def10param_refs19part_references_any
FNDA:4,_RNvNtNtNtCsbv2TPaIhNiJ_4koan8builtins6fn_def10param_refs24type_expr_references_any
FNDA:2,_RNvNtNtNtCsbv2TPaIhNiJ_4koan8builtins6fn_def10param_refs26kexpression_references_any
FNDA:8,_RNCNvNtNtNtCskWHisZhi9Z4_4koan8builtins6fn_def10param_refs19part_references_any0B9_
FNDA:1,_RNCNvNtNtNtCskWHisZhi9Z4_4koan8builtins6fn_def10param_refs19part_references_anys0_0B9_
FNDA:5,_RNCNvNtNtNtCskWHisZhi9Z4_4koan8builtins6fn_def10param_refs19part_references_anys1_0B9_
FNDA:1,_RNCNvNtNtNtCskWHisZhi9Z4_4koan8builtins6fn_def10param_refs19part_references_anys_0B9_
FNDA:46,_RNCNvNtNtNtCskWHisZhi9Z4_4koan8builtins6fn_def10param_refs24type_expr_references_any0B9_
FNDA:122,_RNCNvNtNtNtCskWHisZhi9Z4_4koan8builtins6fn_def10param_refs26kexpression_references_any0B9_
FNDA:130,_RNvNtNtNtCskWHisZhi9Z4_4koan8builtins6fn_def10param_refs19part_references_any
FNDA:62,_RNvNtNtNtCskWHisZhi9Z4_4koan8builtins6fn_def10param_refs24type_expr_references_any
FNDA:47,_RNvNtNtNtCskWHisZhi9Z4_4koan8builtins6fn_def10param_refs26kexpression_references_any
FNF:9
FNH:9
DA:11,66
DA:12,66
DA:13,66
DA:15,49
DA:16,49
DA:17,49
DA:18,128
DA:19,49
DA:21,136
DA:22,136
DA:23,10
DA:24,51
DA:25,9
DA:26,1
DA:28,0
DA:29,1
DA:30,1
DA:32,1
DA:33,1
DA:34,1
DA:37,4
DA:38,4
DA:39,5
DA:40,59
DA:42,136
BRF:0
BRH:0
LF:31
LH:30
end_of_record
SF:/var/home/jack/Code/koan/src/builtins/fn_def/return_type.rs
FN:215,_RNvNtNtNtCsbv2TPaIhNiJ_4koan8builtins6fn_def11return_type12make_capture
FN:91,_RNvNtNtNtCsbv2TPaIhNiJ_4koan8builtins6fn_def11return_type20classify_return_type
FN:150,_RNvNtNtNtCsbv2TPaIhNiJ_4koan8builtins6fn_def11return_type20verdict_for_resolved
FN:58,_RNvNtNtNtCsbv2TPaIhNiJ_4koan8builtins6fn_def11return_type23extract_return_type_raw
FN:222,_RNvNtNtNtCsbv2TPaIhNiJ_4koan8builtins6fn_def11return_type25resolve_capture_at_finish
FN:165,_RNvNtNtNtCsbv2TPaIhNiJ_4koan8builtins6fn_def11return_type30verdict_for_deferred_type_expr
FN:190,_RNvNtNtNtCsbv2TPaIhNiJ_4koan8builtins6fn_def11return_type31verdict_for_deferred_expression
FN:231,_RNCNvNtNtNtCsbv2TPaIhNiJ_4koan8builtins6fn_def11return_type25resolve_capture_at_finish0B9_
FN:191,_RNCNvNtNtNtCsbv2TPaIhNiJ_4koan8builtins6fn_def11return_type31verdict_for_deferred_expression0B9_
FN:215,_RNvNtNtNtCskWHisZhi9Z4_4koan8builtins6fn_def11return_type12make_capture
FN:91,_RNvNtNtNtCskWHisZhi9Z4_4koan8builtins6fn_def11return_type20classify_return_type
FN:150,_RNvNtNtNtCskWHisZhi9Z4_4koan8builtins6fn_def11return_type20verdict_for_resolved
FN:58,_RNvNtNtNtCskWHisZhi9Z4_4koan8builtins6fn_def11return_type23extract_return_type_raw
FN:222,_RNvNtNtNtCskWHisZhi9Z4_4koan8builtins6fn_def11return_type25resolve_capture_at_finish
FN:165,_RNvNtNtNtCskWHisZhi9Z4_4koan8builtins6fn_def11return_type30verdict_for_deferred_type_expr
FN:190,_RNvNtNtNtCskWHisZhi9Z4_4koan8builtins6fn_def11return_type31verdict_for_deferred_expression
FN:231,_RNCNvNtNtNtCskWHisZhi9Z4_4koan8builtins6fn_def11return_type25resolve_capture_at_finish0B9_
FN:191,_RNCNvNtNtNtCskWHisZhi9Z4_4koan8builtins6fn_def11return_type31verdict_for_deferred_expression0B9_
FNDA:0,_RNvNtNtNtCsbv2TPaIhNiJ_4koan8builtins6fn_def11return_type12make_capture
FNDA:18,_RNvNtNtNtCsbv2TPaIhNiJ_4koan8builtins6fn_def11return_type20classify_return_type
FNDA:17,_RNvNtNtNtCsbv2TPaIhNiJ_4koan8builtins6fn_def11return_type20verdict_for_resolved
FNDA:18,_RNvNtNtNtCsbv2TPaIhNiJ_4koan8builtins6fn_def11return_type23extract_return_type_raw
FNDA:1,_RNvNtNtNtCsbv2TPaIhNiJ_4koan8builtins6fn_def11return_type25resolve_capture_at_finish
FNDA:0,_RNvNtNtNtCsbv2TPaIhNiJ_4koan8builtins6fn_def11return_type30verdict_for_deferred_type_expr
FNDA:0,_RNvNtNtNtCsbv2TPaIhNiJ_4koan8builtins6fn_def11return_type31verdict_for_deferred_expression
FNDA:0,_RNCNvNtNtNtCsbv2TPaIhNiJ_4koan8builtins6fn_def11return_type25resolve_capture_at_finish0B9_
FNDA:0,_RNCNvNtNtNtCsbv2TPaIhNiJ_4koan8builtins6fn_def11return_type31verdict_for_deferred_expression0B9_
FNDA:0,_RNvNtNtNtCskWHisZhi9Z4_4koan8builtins6fn_def11return_type12make_capture
FNDA:266,_RNvNtNtNtCskWHisZhi9Z4_4koan8builtins6fn_def11return_type20classify_return_type
FNDA:219,_RNvNtNtNtCskWHisZhi9Z4_4koan8builtins6fn_def11return_type20verdict_for_resolved
FNDA:266,_RNvNtNtNtCskWHisZhi9Z4_4koan8builtins6fn_def11return_type23extract_return_type_raw
FNDA:85,_RNvNtNtNtCskWHisZhi9Z4_4koan8builtins6fn_def11return_type25resolve_capture_at_finish
FNDA:2,_RNvNtNtNtCskWHisZhi9Z4_4koan8builtins6fn_def11return_type30verdict_for_deferred_type_expr
FNDA:1,_RNvNtNtNtCskWHisZhi9Z4_4koan8builtins6fn_def11return_type31verdict_for_deferred_expression
FNDA:0,_RNCNvNtNtNtCskWHisZhi9Z4_4koan8builtins6fn_def11return_type25resolve_capture_at_finish0B9_
FNDA:1,_RNCNvNtNtNtCskWHisZhi9Z4_4koan8builtins6fn_def11return_type31verdict_for_deferred_expression0B9_
FNF:9
FNH:7
DA:58,284
DA:60,284
DA:61,245
DA:62,15
DA:63,230
DA:65,39
DA:66,39
DA:68,0
DA:69,0
DA:70,0
DA:71,0
DA:73,284
DA:91,284
DA:92,284
DA:93,284
DA:94,284
DA:95,284
DA:96,284
DA:97,284
DA:98,284
DA:99,230
DA:100,230
DA:101,230
DA:103,15
DA:104,15
DA:105,6
DA:106,2
DA:107,4
DA:109,6
DA:110,9
DA:113,9
DA:114,6
DA:115,0
DA:118,3
DA:119,3
DA:122,6
DA:123,6
DA:124,6
DA:126,0
DA:128,6
DA:130,39
DA:131,39
DA:132,13
DA:133,1
DA:134,12
DA:136,13
DA:137,13
DA:138,13
DA:139,13
DA:141,26
DA:142,26
DA:143,26
DA:144,26
DA:148,284
DA:150,236
DA:151,236
DA:152,235
DA:154,1
DA:155,1
DA:156,1
DA:157,1
DA:159,236
DA:165,2
DA:166,2
DA:167,2
DA:168,2
DA:171,2
DA:172,2
DA:173,2
DA:175,0
DA:176,0
DA:177,0
DA:178,0
DA:179,0
DA:180,0
DA:183,0
DA:185,2
DA:190,1
DA:191,1
DA:192,1
DA:193,0
DA:194,1
DA:195,1
DA:196,1
DA:197,1
DA:198,1
DA:199,1
DA:200,1
DA:201,1
DA:202,1
DA:203,0
DA:204,0
DA:205,0
DA:206,0
DA:207,0
DA:208,0
DA:209,0
DA:210,0
DA:211,0
DA:213,1
DA:215,0
DA:216,0
DA:217,0
DA:222,86
DA:223,86
DA:224,86
DA:225,86
DA:226,86
DA:227,86
DA:228,60
DA:229,0
DA:230,0
DA:231,0
DA:232,0
DA:233,0
DA:234,0
DA:236,0
DA:237,26
DA:238,26
DA:246,25
DA:247,25
DA:250,86
BRF:0
BRH:0
LF:124
LH:90
end_of_record
SF:/var/home/jack/Code/koan/src/builtins/fn_def/signature.rs
FN:209,_RNCNvNtNtNtCsbv2TPaIhNiJ_4koan8builtins6fn_def9signature13binder_bucket0B9_
FN:227,_RNCNvNtNtNtCsbv2TPaIhNiJ_4koan8builtins6fn_def9signature13binder_buckets_0B9_
FN:194,_RNvNtNtNtCsbv2TPaIhNiJ_4koan8builtins6fn_def9signature13binder_bucket
FN:62,_RNvNtNtNtCsbv2TPaIhNiJ_4koan8builtins6fn_def9signature19parse_fn_param_list
FN:252,_RNvNtNtNtCsbv2TPaIhNiJ_4koan8builtins6fn_def9signature19signature_expr_part
FN:12,_RNvNtNtNtCsbv2TPaIhNiJ_4koan8builtins6fn_def9signature34collect_param_names_from_signature
FN:209,_RNCNvNtNtNtCskWHisZhi9Z4_4koan8builtins6fn_def9signature13binder_bucket0B9_
FN:227,_RNCNvNtNtNtCskWHisZhi9Z4_4koan8builtins6fn_def9signature13binder_buckets_0B9_
FN:194,_RNvNtNtNtCskWHisZhi9Z4_4koan8builtins6fn_def9signature13binder_bucket
FN:62,_RNvNtNtNtCskWHisZhi9Z4_4koan8builtins6fn_def9signature19parse_fn_param_list
FN:252,_RNvNtNtNtCskWHisZhi9Z4_4koan8builtins6fn_def9signature19signature_expr_part
FN:12,_RNvNtNtNtCskWHisZhi9Z4_4koan8builtins6fn_def9signature34collect_param_names_from_signature
FNDA:30,_RNCNvNtNtNtCsbv2TPaIhNiJ_4koan8builtins6fn_def9signature13binder_bucket0B9_
FNDA:10,_RNCNvNtNtNtCsbv2TPaIhNiJ_4koan8builtins6fn_def9signature13binder_buckets_0B9_
FNDA:36,_RNvNtNtNtCsbv2TPaIhNiJ_4koan8builtins6fn_def9signature13binder_bucket
FNDA:19,_RNvNtNtNtCsbv2TPaIhNiJ_4koan8builtins6fn_def9signature19parse_fn_param_list
FNDA:36,_RNvNtNtNtCsbv2TPaIhNiJ_4koan8builtins6fn_def9signature19signature_expr_part
FNDA:18,_RNvNtNtNtCsbv2TPaIhNiJ_4koan8builtins6fn_def9signature34collect_param_names_from_signature
FNDA:347,_RNCNvNtNtNtCskWHisZhi9Z4_4koan8builtins6fn_def9signature13binder_bucket0B9_
FNDA:62,_RNCNvNtNtNtCskWHisZhi9Z4_4koan8builtins6fn_def9signature13binder_buckets_0B9_
FNDA:527,_RNvNtNtNtCskWHisZhi9Z4_4koan8builtins6fn_def9signature13binder_bucket
FNDA:338,_RNvNtNtNtCskWHisZhi9Z4_4koan8builtins6fn_def9signature19parse_fn_param_list
FNDA:527,_RNvNtNtNtCskWHisZhi9Z4_4koan8builtins6fn_def9signature19signature_expr_part
FNDA:259,_RNvNtNtNtCskWHisZhi9Z4_4koan8builtins6fn_def9signature34collect_param_names_from_signature
FNF:6
FNH:6
DA:12,277
DA:13,277
DA:14,277
DA:15,277
DA:16,785
DA:17,508
DA:18,193
DA:19,36
DA:20,279
DA:22,508
DA:23,229
DA:24,229
DA:25,227
DA:32,229
DA:33,227
DA:34,227
DA:35,227
DA:36,2
DA:37,279
DA:38,281
DA:40,277
DA:41,277
DA:62,357
DA:63,357
DA:64,357
DA:65,357
DA:66,357
DA:67,357
DA:68,357
DA:69,357
DA:70,357
DA:71,357
DA:72,1012
DA:75,657
DA:76,261
DA:77,37
DA:78,359
DA:80,657
DA:81,359
DA:82,359
DA:83,359
DA:84,359
DA:85,298
DA:86,298
DA:87,296
DA:88,171
DA:89,171
DA:90,168
DA:91,168
DA:92,168
DA:93,168
DA:94,168
DA:95,168
DA:96,1
DA:97,1
DA:98,1
DA:99,2
DA:100,2
DA:101,2
DA:102,2
DA:103,0
DA:105,171
DA:107,1
DA:108,1
DA:109,1
DA:110,1
DA:111,50
DA:112,50
DA:113,50
DA:114,50
DA:115,50
DA:116,50
DA:117,50
DA:118,50
DA:119,50
DA:120,50
DA:121,12
DA:122,12
DA:123,12
DA:124,12
DA:125,12
DA:126,12
DA:127,12
DA:128,12
DA:129,12
DA:130,62
DA:134,62
DA:135,62
DA:136,62
DA:137,62
DA:138,62
DA:139,62
DA:140,62
DA:141,62
DA:142,0
DA:143,0
DA:144,0
DA:145,0
DA:146,0
DA:147,0
DA:148,0
DA:153,2
DA:154,2
DA:155,2
DA:156,2
DA:160,0
DA:161,0
DA:162,0
DA:163,0
DA:164,0
DA:166,0
DA:167,0
DA:168,0
DA:169,0
DA:170,0
DA:174,355
DA:175,2
DA:176,353
DA:177,353
DA:178,64
DA:179,64
DA:180,64
DA:181,64
DA:182,289
DA:183,289
DA:184,357
DA:194,563
DA:195,563
DA:196,563
DA:198,563
DA:199,547
DA:200,547
DA:201,547
DA:202,1551
DA:203,1004
DA:204,551
DA:205,551
DA:206,551
DA:207,551
DA:209,381
DA:210,0
DA:211,377
DA:218,377
DA:219,381
DA:220,377
DA:221,377
DA:222,377
DA:223,4
DA:224,4
DA:227,72
DA:228,0
DA:229,72
DA:236,72
DA:237,72
DA:238,72
DA:239,72
DA:240,72
DA:241,0
DA:242,0
DA:244,0
DA:245,0
DA:246,0
DA:249,547
DA:250,563
DA:252,563
DA:253,563
DA:254,563
DA:255,547
DA:256,16
DA:258,563
BRF:0
BRH:0
LF:172
LH:147
end_of_record
SF:/var/home/jack/Code/koan/src/builtins/functor_def.rs
FN:23,_RNvNtNtCsbv2TPaIhNiJ_4koan8builtins11functor_def4body
FN:29,_RNvNtNtCsbv2TPaIhNiJ_4koan8builtins11functor_def8register
FN:34,_RNCNvNtNtCsbv2TPaIhNiJ_4koan8builtins11functor_def8register0B7_
FN:49,_RNCNvNtNtCsbv2TPaIhNiJ_4koan8builtins11functor_def8registers_0B7_
FN:34,_RNCNvNtNtCskWHisZhi9Z4_4koan8builtins11functor_def8register0B7_
FN:49,_RNCNvNtNtCskWHisZhi9Z4_4koan8builtins11functor_def8registers_0B7_
FN:23,_RNvNtNtCskWHisZhi9Z4_4koan8builtins11functor_def4body
FN:29,_RNvNtNtCskWHisZhi9Z4_4koan8builtins11functor_def8register
FNDA:7,_RNvNtNtCsbv2TPaIhNiJ_4koan8builtins11functor_def4body
FNDA:43,_RNvNtNtCsbv2TPaIhNiJ_4koan8builtins11functor_def8register
FNDA:43,_RNCNvNtNtCsbv2TPaIhNiJ_4koan8builtins11functor_def8register0B7_
FNDA:43,_RNCNvNtNtCsbv2TPaIhNiJ_4koan8builtins11functor_def8registers_0B7_
FNDA:484,_RNCNvNtNtCskWHisZhi9Z4_4koan8builtins11functor_def8register0B7_
FNDA:484,_RNCNvNtNtCskWHisZhi9Z4_4koan8builtins11functor_def8registers_0B7_
FNDA:18,_RNvNtNtCskWHisZhi9Z4_4koan8builtins11functor_def4body
FNDA:484,_RNvNtNtCskWHisZhi9Z4_4koan8builtins11functor_def8register
FNF:4
FNH:4
DA:23,25
DA:24,25
DA:25,25
DA:26,25
DA:27,25
DA:29,527
DA:34,527
DA:35,527
DA:36,527
DA:37,527
DA:38,527
DA:39,527
DA:40,527
DA:41,527
DA:42,527
DA:43,527
DA:46,527
DA:49,527
DA:50,527
DA:51,527
DA:52,527
DA:53,527
DA:54,527
DA:55,527
DA:56,527
DA:57,527
DA:58,527
DA:61,527
DA:63,527
DA:64,527
DA:65,527
DA:66,527
DA:67,527
DA:68,527
DA:69,527
DA:70,527
DA:73,527
DA:74,527
DA:75,527
DA:76,527
DA:77,527
DA:78,527
DA:79,527
DA:82,527
BRF:0
BRH:0
LF:46
LH:46
end_of_record
SF:/var/home/jack/Code/koan/src/builtins/let_binding.rs
FN:229,_RNvNtNtCsbv2TPaIhNiJ_4koan8builtins11let_binding11binder_name
FN:208,_RNvNtNtCsbv2TPaIhNiJ_4koan8builtins11let_binding21capitalize_identifier
FN:15,_RNvNtNtCsbv2TPaIhNiJ_4koan8builtins11let_binding4body
FN:236,_RNvNtNtCsbv2TPaIhNiJ_4koan8builtins11let_binding8register
FN:21,_RNCNvNtNtCsbv2TPaIhNiJ_4koan8builtins11let_binding4body0B7_
FN:118,_RNCNvNtNtCsbv2TPaIhNiJ_4koan8builtins11let_binding4bodys0_0B7_
FN:167,_RNCNvNtNtCsbv2TPaIhNiJ_4koan8builtins11let_binding4bodys1_0B7_
FN:173,_RNCNvNtNtCsbv2TPaIhNiJ_4koan8builtins11let_binding4bodys2_0B7_
FN:111,_RNCNvNtNtCsbv2TPaIhNiJ_4koan8builtins11let_binding4bodys_0B7_
FN:237,_RNCNvNtNtCsbv2TPaIhNiJ_4koan8builtins11let_binding8register0B7_
FN:248,_RNCNvNtNtCsbv2TPaIhNiJ_4koan8builtins11let_binding8registers_0B7_
FN:229,_RNvNtNtCskWHisZhi9Z4_4koan8builtins11let_binding11binder_name
FN:208,_RNvNtNtCskWHisZhi9Z4_4koan8builtins11let_binding21capitalize_identifier
FN:15,_RNvNtNtCskWHisZhi9Z4_4koan8builtins11let_binding4body
FN:236,_RNvNtNtCskWHisZhi9Z4_4koan8builtins11let_binding8register
FN:21,_RNCNvNtNtCskWHisZhi9Z4_4koan8builtins11let_binding4body0B7_
FN:118,_RNCNvNtNtCskWHisZhi9Z4_4koan8builtins11let_binding4bodys0_0B7_
FN:167,_RNCNvNtNtCskWHisZhi9Z4_4koan8builtins11let_binding4bodys1_0B7_
FN:173,_RNCNvNtNtCskWHisZhi9Z4_4koan8builtins11let_binding4bodys2_0B7_
FN:111,_RNCNvNtNtCskWHisZhi9Z4_4koan8builtins11let_binding4bodys_0B7_
FN:237,_RNCNvNtNtCskWHisZhi9Z4_4koan8builtins11let_binding8register0B7_
FN:248,_RNCNvNtNtCskWHisZhi9Z4_4koan8builtins11let_binding8registers_0B7_
FNDA:126,_RNvNtNtCsbv2TPaIhNiJ_4koan8builtins11let_binding11binder_name
FNDA:0,_RNvNtNtCsbv2TPaIhNiJ_4koan8builtins11let_binding21capitalize_identifier
FNDA:59,_RNvNtNtCsbv2TPaIhNiJ_4koan8builtins11let_binding4body
FNDA:43,_RNvNtNtCsbv2TPaIhNiJ_4koan8builtins11let_binding8register
FNDA:0,_RNCNvNtNtCsbv2TPaIhNiJ_4koan8builtins11let_binding4body0B7_
FNDA:22,_RNCNvNtNtCsbv2TPaIhNiJ_4koan8builtins11let_binding4bodys0_0B7_
FNDA:10,_RNCNvNtNtCsbv2TPaIhNiJ_4koan8builtins11let_binding4bodys1_0B7_
FNDA:10,_RNCNvNtNtCsbv2TPaIhNiJ_4koan8builtins11let_binding4bodys2_0B7_
FNDA:22,_RNCNvNtNtCsbv2TPaIhNiJ_4koan8builtins11let_binding4bodys_0B7_
FNDA:43,_RNCNvNtNtCsbv2TPaIhNiJ_4koan8builtins11let_binding8register0B7_
FNDA:43,_RNCNvNtNtCsbv2TPaIhNiJ_4koan8builtins11let_binding8registers_0B7_
FNDA:748,_RNvNtNtCskWHisZhi9Z4_4koan8builtins11let_binding11binder_name
FNDA:4,_RNvNtNtCskWHisZhi9Z4_4koan8builtins11let_binding21capitalize_identifier
FNDA:365,_RNvNtNtCskWHisZhi9Z4_4koan8builtins11let_binding4body
FNDA:484,_RNvNtNtCskWHisZhi9Z4_4koan8builtins11let_binding8register
FNDA:12,_RNCNvNtNtCskWHisZhi9Z4_4koan8builtins11let_binding4body0B7_
FNDA:112,_RNCNvNtNtCskWHisZhi9Z4_4koan8builtins11let_binding4bodys0_0B7_
FNDA:110,_RNCNvNtNtCskWHisZhi9Z4_4koan8builtins11let_binding4bodys1_0B7_
FNDA:110,_RNCNvNtNtCskWHisZhi9Z4_4koan8builtins11let_binding4bodys2_0B7_
FNDA:112,_RNCNvNtNtCskWHisZhi9Z4_4koan8builtins11let_binding4bodys_0B7_
FNDA:484,_RNCNvNtNtCskWHisZhi9Z4_4koan8builtins11let_binding8register0B7_
FNDA:484,_RNCNvNtNtCskWHisZhi9Z4_4koan8builtins11let_binding8registers_0B7_
FNF:11
FNH:11
DA:15,424
DA:16,424
DA:17,424
DA:21,424
DA:22,424
DA:23,424
DA:24,424
DA:25,0
DA:27,424
DA:28,424
DA:29,286
DA:30,286
DA:31,3
DA:32,1
DA:33,1
DA:34,1
DA:36,3
DA:37,3
DA:38,3
DA:39,3
DA:40,3
DA:41,3
DA:42,3
DA:43,3
DA:44,283
DA:45,283
DA:47,138
DA:48,138
DA:49,137
DA:56,1
DA:57,1
DA:58,1
DA:59,1
DA:61,0
DA:63,134
DA:64,128
DA:65,9
DA:66,3
DA:67,3
DA:68,3
DA:69,3
DA:70,3
DA:73,134
DA:75,0
DA:76,0
DA:77,0
DA:78,0
DA:79,0
DA:80,0
DA:82,0
DA:84,417
DA:85,2
DA:86,2
DA:87,2
DA:88,2
DA:89,415
DA:90,415
DA:91,415
DA:92,134
DA:93,6
DA:94,6
DA:95,6
DA:96,4
DA:98,134
DA:99,28
DA:100,28
DA:101,28
DA:102,28
DA:104,106
DA:109,134
DA:110,134
DA:111,134
DA:112,134
DA:116,134
DA:117,134
DA:118,134
DA:119,134
DA:120,134
DA:121,134
DA:122,134
DA:123,134
DA:124,134
DA:125,134
DA:126,134
DA:127,134
DA:128,0
DA:129,134
DA:133,134
DA:134,134
DA:135,134
DA:137,134
DA:138,134
DA:139,134
DA:140,134
DA:142,281
DA:143,281
DA:144,281
DA:145,25
DA:146,1
DA:147,1
DA:148,1
DA:149,1
DA:150,1
DA:151,1
DA:152,280
DA:153,280
DA:154,280
DA:155,1
DA:156,1
DA:157,1
DA:158,1
DA:159,1
DA:160,279
DA:165,279
DA:166,279
DA:167,279
DA:168,279
DA:171,279
DA:172,279
DA:173,279
DA:174,279
DA:175,279
DA:176,279
DA:177,279
DA:178,279
DA:179,279
DA:180,279
DA:181,279
DA:182,279
DA:183,1
DA:184,278
DA:190,278
DA:191,120
DA:192,158
DA:196,278
DA:197,278
DA:198,278
DA:199,278
DA:200,278
DA:202,424
DA:208,4
DA:209,4
DA:210,4
DA:211,4
DA:212,4
DA:213,4
DA:214,4
DA:215,4
DA:217,0
DA:219,4
DA:229,874
DA:230,874
DA:231,731
DA:232,143
DA:234,874
DA:236,527
DA:237,527
DA:238,527
DA:239,527
DA:240,527
DA:241,527
DA:242,527
DA:243,527
DA:244,527
DA:247,527
DA:248,527
DA:249,527
DA:250,527
DA:251,527
DA:252,527
DA:253,527
DA:254,527
DA:255,527
DA:258,527
DA:259,527
DA:260,527
DA:261,527
DA:262,527
DA:263,527
DA:264,527
DA:265,527
DA:268,527
DA:269,527
DA:270,527
DA:271,527
DA:272,527
DA:273,527
DA:274,527
DA:277,527
BRF:0
BRH:0
LF:196
LH:185
end_of_record
SF:/var/home/jack/Code/koan/src/builtins/match_case.rs
FN:63,_RNCNvNtNtCsbv2TPaIhNiJ_4koan8builtins10match_case4body0B7_
FN:67,_RNCNvNtNtCsbv2TPaIhNiJ_4koan8builtins10match_case4bodys_0B7_
FN:22,_RNvNtNtCsbv2TPaIhNiJ_4koan8builtins10match_case4body
FN:77,_RNvNtNtCsbv2TPaIhNiJ_4koan8builtins10match_case8register
FN:63,_RNCNvNtNtCskWHisZhi9Z4_4koan8builtins10match_case4body0B7_
FN:67,_RNCNvNtNtCskWHisZhi9Z4_4koan8builtins10match_case4bodys_0B7_
FN:100,_RNvNtNtNtCskWHisZhi9Z4_4koan8builtins10match_case5tests11run_program
FN:139,_RNvNtNtNtCskWHisZhi9Z4_4koan8builtins10match_case5testss_25match_inexhaustive_errors
FN:119,_RNvNtNtNtCskWHisZhi9Z4_4koan8builtins10match_case5testss_29match_binds_inner_value_to_it
FN:215,_RNvNtNtNtCskWHisZhi9Z4_4koan8builtins10match_case5testss_29recursive_tagged_match_no_uaf
FN:230,_RNvNtNtNtCskWHisZhi9Z4_4koan8builtins10match_case5testss_33match_on_bool_inexhaustive_errors
FN:199,_RNvNtNtNtCskWHisZhi9Z4_4koan8builtins10match_case5testss_36match_on_bool_true_takes_true_branch
FN:129,_RNvNtNtNtCskWHisZhi9Z4_4koan8builtins10match_case5testss_37match_does_not_run_unmatched_branches
FN:207,_RNvNtNtNtCskWHisZhi9Z4_4koan8builtins10match_case5testss_38match_on_bool_false_takes_false_branch
FN:109,_RNvNtNtNtCskWHisZhi9Z4_4koan8builtins10match_case5testss_40match_dispatches_branch_for_matching_tag
FN:189,_RNvNtNtNtCskWHisZhi9Z4_4koan8builtins10match_case5testss_40match_other_branch_runs_when_tag_matches
FN:157,_RNvNtNtNtCskWHisZhi9Z4_4koan8builtins10match_case5testss_47match_arm_violating_declared_return_type_errors
FN:244,_RNvNtNtNtCskWHisZhi9Z4_4koan8builtins10match_case5testss_47multi_statement_match_branch_returns_last_value
FN:176,_RNvNtNtNtCskWHisZhi9Z4_4koan8builtins10match_case5testss_54match_value_is_admissible_against_declared_return_slot
FN:259,_RNvNtNtNtCskWHisZhi9Z4_4koan8builtins10match_case5testss_59fn_recursion_with_multi_statement_body_via_match_terminates
FN:22,_RNvNtNtCskWHisZhi9Z4_4koan8builtins10match_case4body
FN:77,_RNvNtNtCskWHisZhi9Z4_4koan8builtins10match_case8register
FNDA:0,_RNCNvNtNtCsbv2TPaIhNiJ_4koan8builtins10match_case4body0B7_
FNDA:0,_RNCNvNtNtCsbv2TPaIhNiJ_4koan8builtins10match_case4bodys_0B7_
FNDA:0,_RNvNtNtCsbv2TPaIhNiJ_4koan8builtins10match_case4body
FNDA:43,_RNvNtNtCsbv2TPaIhNiJ_4koan8builtins10match_case8register
FNDA:63,_RNCNvNtNtCskWHisZhi9Z4_4koan8builtins10match_case4body0B7_
FNDA:69,_RNCNvNtNtCskWHisZhi9Z4_4koan8builtins10match_case4bodys_0B7_
FNDA:10,_RNvNtNtNtCskWHisZhi9Z4_4koan8builtins10match_case5tests11run_program
FNDA:1,_RNvNtNtNtCskWHisZhi9Z4_4koan8builtins10match_case5testss_25match_inexhaustive_errors
FNDA:1,_RNvNtNtNtCskWHisZhi9Z4_4koan8builtins10match_case5testss_29match_binds_inner_value_to_it
FNDA:1,_RNvNtNtNtCskWHisZhi9Z4_4koan8builtins10match_case5testss_29recursive_tagged_match_no_uaf
FNDA:1,_RNvNtNtNtCskWHisZhi9Z4_4koan8builtins10match_case5testss_33match_on_bool_inexhaustive_errors
FNDA:1,_RNvNtNtNtCskWHisZhi9Z4_4koan8builtins10match_case5testss_36match_on_bool_true_takes_true_branch
FNDA:1,_RNvNtNtNtCskWHisZhi9Z4_4koan8builtins10match_case5testss_37match_does_not_run_unmatched_branches
FNDA:1,_RNvNtNtNtCskWHisZhi9Z4_4koan8builtins10match_case5testss_38match_on_bool_false_takes_false_branch
FNDA:1,_RNvNtNtNtCskWHisZhi9Z4_4koan8builtins10match_case5testss_40match_dispatches_branch_for_matching_tag
FNDA:1,_RNvNtNtNtCskWHisZhi9Z4_4koan8builtins10match_case5testss_40match_other_branch_runs_when_tag_matches
FNDA:1,_RNvNtNtNtCskWHisZhi9Z4_4koan8builtins10match_case5testss_47match_arm_violating_declared_return_type_errors
FNDA:1,_RNvNtNtNtCskWHisZhi9Z4_4koan8builtins10match_case5testss_47multi_statement_match_branch_returns_last_value
FNDA:1,_RNvNtNtNtCskWHisZhi9Z4_4koan8builtins10match_case5testss_54match_value_is_admissible_against_declared_return_slot
FNDA:1,_RNvNtNtNtCskWHisZhi9Z4_4koan8builtins10match_case5testss_59fn_recursion_with_multi_statement_body_via_match_terminates
FNDA:72,_RNvNtNtCskWHisZhi9Z4_4koan8builtins10match_case4body
FNDA:484,_RNvNtNtCskWHisZhi9Z4_4koan8builtins10match_case8register
FNF:18
FNH:18
DA:22,72
DA:23,72
DA:24,72
DA:28,72
DA:29,65
DA:30,7
DA:31,7
DA:32,7
DA:34,0
DA:35,0
DA:36,0
DA:37,0
DA:38,0
DA:39,0
DA:42,0
DA:43,0
DA:44,0
DA:47,72
DA:48,72
DA:49,72
DA:50,69
DA:52,3
DA:53,3
DA:54,3
DA:55,3
DA:57,0
DA:61,69
DA:62,69
DA:63,69
DA:64,69
DA:65,69
DA:66,69
DA:67,69
DA:68,69
DA:69,69
DA:70,69
DA:71,69
DA:72,69
DA:73,69
DA:75,72
DA:77,527
DA:78,527
DA:79,527
DA:80,527
DA:81,527
DA:82,527
DA:83,527
DA:84,527
DA:85,527
DA:86,527
DA:89,527
DA:90,527
DA:100,10
DA:101,10
DA:102,10
DA:103,10
DA:104,10
DA:105,10
DA:106,10
DA:109,1
DA:110,1
DA:111,1
DA:112,1
DA:113,1
DA:115,1
DA:116,1
DA:119,1
DA:120,1
DA:121,1
DA:122,1
DA:123,1
DA:125,1
DA:126,1
DA:129,1
DA:130,1
DA:131,1
DA:132,1
DA:133,1
DA:135,1
DA:136,1
DA:139,1
DA:140,1
DA:141,1
DA:142,1
DA:143,1
DA:144,1
DA:146,1
DA:147,1
DA:148,1
DA:150,1
DA:151,1
DA:154,1
DA:157,1
DA:158,1
DA:159,1
DA:160,1
DA:161,1
DA:162,1
DA:165,1
DA:166,1
DA:167,1
DA:169,1
DA:170,1
DA:173,1
DA:176,1
DA:179,1
DA:180,1
DA:181,1
DA:182,1
DA:183,1
DA:185,1
DA:186,1
DA:189,1
DA:190,1
DA:191,1
DA:192,1
DA:193,1
DA:195,1
DA:196,1
DA:199,1
DA:200,1
DA:201,1
DA:203,1
DA:204,1
DA:207,1
DA:208,1
DA:209,1
DA:211,1
DA:212,1
DA:215,1
DA:218,1
DA:219,1
DA:220,1
DA:221,1
DA:222,1
DA:223,1
DA:224,1
DA:226,1
DA:227,1
DA:230,1
DA:231,1
DA:232,1
DA:233,1
DA:234,1
DA:235,1
DA:237,1
DA:238,1
DA:241,1
DA:244,1
DA:245,1
DA:246,1
DA:247,1
DA:248,1
DA:249,1
DA:250,1
DA:251,1
DA:253,1
DA:254,1
DA:255,1
DA:256,1
DA:259,1
DA:260,1
DA:261,1
DA:262,1
DA:263,1
DA:264,1
DA:265,1
DA:266,1
DA:267,1
DA:268,1
DA:269,1
DA:271,1
DA:272,1
DA:273,1
BRF:0
BRH:0
LF:176
LH:166
end_of_record
SF:/var/home/jack/Code/koan/src/builtins/module_def.rs
FN:22,_RNvNtNtCsbv2TPaIhNiJ_4koan8builtins10module_def4body
FN:100,_RNvNtNtCsbv2TPaIhNiJ_4koan8builtins10module_def8register
FN:42,_RNCNvNtNtCsbv2TPaIhNiJ_4koan8builtins10module_def4body0B7_
FN:22,_RNvNtNtCskWHisZhi9Z4_4koan8builtins10module_def4body
FN:100,_RNvNtNtCskWHisZhi9Z4_4koan8builtins10module_def8register
FN:42,_RNCNvNtNtCskWHisZhi9Z4_4koan8builtins10module_def4body0B7_
FN:131,_RNvNtNtNtCskWHisZhi9Z4_4koan8builtins10module_def5tests14resolve_module
FN:193,_RNvNtNtNtCskWHisZhi9Z4_4koan8builtins10module_def5testss_28module_unknown_member_errors
FN:161,_RNvNtNtNtCskWHisZhi9Z4_4koan8builtins10module_def5testss_29module_member_access_via_attr
FN:139,_RNvNtNtNtCskWHisZhi9Z4_4koan8builtins10module_def5testss_32binder_name_extracts_module_name
FN:146,_RNvNtNtNtCskWHisZhi9Z4_4koan8builtins10module_def5testss_32module_binds_under_name_in_scope
FN:179,_RNvNtNtNtCskWHisZhi9Z4_4koan8builtins10module_def5testss_33module_member_function_via_let_fn
FN:271,_RNvNtNtNtCskWHisZhi9Z4_4koan8builtins10module_def5testss_36module_body_dispatch_does_not_dangle
FN:217,_RNvNtNtNtCskWHisZhi9Z4_4koan8builtins10module_def5testss_38module_body_parks_on_outer_placeholder
FN:227,_RNvNtNtNtCskWHisZhi9Z4_4koan8builtins10module_def5testss_41module_body_error_short_circuits_finalize
FN:170,_RNvNtNtNtCskWHisZhi9Z4_4koan8builtins10module_def5testss_41module_with_multiple_statements_in_parens
FN:206,_RNvNtNtNtCskWHisZhi9Z4_4koan8builtins10module_def5testss_41nested_module_accessible_via_chained_attr
FN:241,_RNvNtNtNtCskWHisZhi9Z4_4koan8builtins10module_def5testss_50module_finalize_short_circuits_on_idempotent_state
FNDA:21,_RNvNtNtCsbv2TPaIhNiJ_4koan8builtins10module_def4body
FNDA:43,_RNvNtNtCsbv2TPaIhNiJ_4koan8builtins10module_def8register
FNDA:20,_RNCNvNtNtCsbv2TPaIhNiJ_4koan8builtins10module_def4body0B7_
FNDA:83,_RNvNtNtCskWHisZhi9Z4_4koan8builtins10module_def4body
FNDA:484,_RNvNtNtCskWHisZhi9Z4_4koan8builtins10module_def8register
FNDA:81,_RNCNvNtNtCskWHisZhi9Z4_4koan8builtins10module_def4body0B7_
FNDA:3,_RNvNtNtNtCskWHisZhi9Z4_4koan8builtins10module_def5tests14resolve_module
FNDA:1,_RNvNtNtNtCskWHisZhi9Z4_4koan8builtins10module_def5testss_28module_unknown_member_errors
FNDA:1,_RNvNtNtNtCskWHisZhi9Z4_4koan8builtins10module_def5testss_29module_member_access_via_attr
FNDA:1,_RNvNtNtNtCskWHisZhi9Z4_4koan8builtins10module_def5testss_32binder_name_extracts_module_name
FNDA:1,_RNvNtNtNtCskWHisZhi9Z4_4koan8builtins10module_def5testss_32module_binds_under_name_in_scope
FNDA:1,_RNvNtNtNtCskWHisZhi9Z4_4koan8builtins10module_def5testss_33module_member_function_via_let_fn
FNDA:1,_RNvNtNtNtCskWHisZhi9Z4_4koan8builtins10module_def5testss_36module_body_dispatch_does_not_dangle
FNDA:1,_RNvNtNtNtCskWHisZhi9Z4_4koan8builtins10module_def5testss_38module_body_parks_on_outer_placeholder
FNDA:1,_RNvNtNtNtCskWHisZhi9Z4_4koan8builtins10module_def5testss_41module_body_error_short_circuits_finalize
FNDA:1,_RNvNtNtNtCskWHisZhi9Z4_4koan8builtins10module_def5testss_41module_with_multiple_statements_in_parens
FNDA:1,_RNvNtNtNtCskWHisZhi9Z4_4koan8builtins10module_def5testss_41nested_module_accessible_via_chained_attr
FNDA:1,_RNvNtNtNtCskWHisZhi9Z4_4koan8builtins10module_def5testss_50module_finalize_short_circuits_on_idempotent_state
FNF:15
FNH:15
DA:22,104
DA:23,104
DA:24,104
DA:30,104
DA:31,104
DA:32,104
DA:33,104
DA:34,104
DA:35,104
DA:36,104
DA:37,104
DA:38,104
DA:39,104
DA:40,104
DA:41,104
DA:42,101
DA:45,101
DA:46,101
DA:47,101
DA:48,101
DA:50,1
DA:51,1
DA:52,1
DA:53,1
DA:54,1
DA:55,100
DA:59,100
DA:60,100
DA:61,100
DA:62,100
DA:63,100
DA:68,100
DA:69,100
DA:70,21
DA:71,21
DA:73,100
DA:77,100
DA:78,100
DA:79,100
DA:80,100
DA:81,100
DA:82,100
DA:83,100
DA:84,100
DA:85,100
DA:86,100
DA:89,100
DA:91,0
DA:92,0
DA:93,0
DA:94,0
DA:96,101
DA:98,104
DA:100,527
DA:101,527
DA:102,527
DA:103,527
DA:104,527
DA:105,527
DA:106,527
DA:107,527
DA:110,527
DA:111,527
DA:112,527
DA:113,527
DA:114,527
DA:115,527
DA:116,527
DA:119,527
DA:131,3
DA:132,3
DA:133,3
DA:134,0
DA:136,3
DA:139,1
DA:140,1
DA:141,1
DA:142,1
DA:143,1
DA:146,1
DA:147,1
DA:148,1
DA:149,1
DA:150,1
DA:151,1
DA:154,1
DA:155,1
DA:158,1
DA:161,1
DA:162,1
DA:163,1
DA:164,1
DA:165,1
DA:166,1
DA:167,1
DA:170,1
DA:171,1
DA:172,1
DA:173,1
DA:174,1
DA:175,1
DA:176,1
DA:179,1
DA:182,1
DA:183,1
DA:184,1
DA:185,1
DA:186,1
DA:188,1
DA:189,1
DA:190,1
DA:193,1
DA:194,1
DA:195,1
DA:196,1
DA:197,1
DA:198,1
DA:199,1
DA:200,1
DA:203,1
DA:206,1
DA:207,1
DA:208,1
DA:209,1
DA:210,1
DA:211,1
DA:212,1
DA:217,1
DA:218,1
DA:219,1
DA:220,1
DA:221,1
DA:222,1
DA:223,1
DA:227,1
DA:228,1
DA:229,1
DA:230,1
DA:231,1
DA:232,1
DA:235,1
DA:241,1
DA:242,1
DA:243,1
DA:244,1
DA:245,1
DA:246,1
DA:247,1
DA:248,1
DA:250,1
DA:251,1
DA:252,1
DA:253,1
DA:257,1
DA:258,1
DA:259,1
DA:260,1
DA:261,1
DA:263,1
DA:264,1
DA:265,1
DA:266,1
DA:271,1
DA:272,1
DA:273,1
DA:274,1
DA:275,1
DA:276,1
DA:277,1
DA:278,1
DA:280,1
DA:281,1
DA:283,1
BRF:0
BRH:0
LF:173
LH:168
end_of_record
SF:/var/home/jack/Code/koan/src/builtins/newtype_def.rs
FN:113,_RNCNCNvNtNtCsbv2TPaIhNiJ_4koan8builtins11newtype_def23finalize_record_newtype00B9_
FN:62,_RNCNvNtNtCsbv2TPaIhNiJ_4koan8builtins11newtype_def16finalize_newtype0B7_
FN:199,_RNCNvNtNtCsbv2TPaIhNiJ_4koan8builtins11newtype_def20defer_resolved_sigil0B7_
FN:109,_RNCNvNtNtCsbv2TPaIhNiJ_4koan8builtins11newtype_def23finalize_record_newtype0B7_
FN:155,_RNCNvNtNtCsbv2TPaIhNiJ_4koan8builtins11newtype_def4body0B7_
FN:163,_RNCNvNtNtCsbv2TPaIhNiJ_4koan8builtins11newtype_def4bodys_0B7_
FN:238,_RNCNvNtNtCsbv2TPaIhNiJ_4koan8builtins11newtype_def8register0B7_
FN:260,_RNCNvNtNtCsbv2TPaIhNiJ_4koan8builtins11newtype_def8registers0_0B7_
FN:249,_RNCNvNtNtCsbv2TPaIhNiJ_4koan8builtins11newtype_def8registers_0B7_
FN:207,_RNvNtNtCsbv2TPaIhNiJ_4koan8builtins11newtype_def16body_record_repr
FN:47,_RNvNtNtCsbv2TPaIhNiJ_4koan8builtins11newtype_def16finalize_newtype
FN:189,_RNvNtNtCsbv2TPaIhNiJ_4koan8builtins11newtype_def20defer_resolved_sigil
FN:90,_RNvNtNtCsbv2TPaIhNiJ_4koan8builtins11newtype_def23finalize_record_newtype
FN:137,_RNvNtNtCsbv2TPaIhNiJ_4koan8builtins11newtype_def4body
FN:235,_RNvNtNtCsbv2TPaIhNiJ_4koan8builtins11newtype_def8register
FN:330,_RNCNvNtNtNtCskWHisZhi9Z4_4koan8builtins11newtype_def5tests13record_fields0B9_
FN:519,_RNCNvNtNtNtCskWHisZhi9Z4_4koan8builtins11newtype_def5testss_42nested_record_field_threads_self_reference0B9_
FN:469,_RNCNvNtNtNtCskWHisZhi9Z4_4koan8builtins11newtype_def5testss_42record_repr_self_recursion_seals_set_local0B9_
FN:474,_RNCNvNtNtNtCskWHisZhi9Z4_4koan8builtins11newtype_def5testss_42record_repr_self_recursion_seals_set_locals0_0B9_
FN:498,_RNCNvNtNtNtCskWHisZhi9Z4_4koan8builtins11newtype_def5testss_46record_repr_list_of_self_field_seals_set_local0B9_
FN:318,_RNvNtNtNtCskWHisZhi9Z4_4koan8builtins11newtype_def5tests13record_fields
FN:662,_RNvNtNtNtCskWHisZhi9Z4_4koan8builtins11newtype_def5testss_28construct_arity_zero_rejects
FN:683,_RNvNtNtNtCskWHisZhi9Z4_4koan8builtins11newtype_def5testss_29construct_with_operator_value
FN:345,_RNvNtNtNtCskWHisZhi9Z4_4koan8builtins11newtype_def5testss_30declare_mints_newtype_identity
FN:564,_RNvNtNtNtCskWHisZhi9Z4_4koan8builtins11newtype_def5testss_30newtype_over_newtype_collapses
FN:641,_RNvNtNtNtCskWHisZhi9Z4_4koan8builtins11newtype_def5testss_31construct_with_identifier_value
FN:397,_RNvNtNtNtCskWHisZhi9Z4_4koan8builtins11newtype_def5testss_35construct_rejects_non_matching_repr
FN:375,_RNvNtNtNtCskWHisZhi9Z4_4koan8builtins11newtype_def5testss_35construct_wraps_repr_matching_value
FN:511,_RNvNtNtNtCskWHisZhi9Z4_4koan8builtins11newtype_def5testss_42nested_record_field_threads_self_reference
FN:462,_RNvNtNtNtCskWHisZhi9Z4_4koan8builtins11newtype_def5testss_42record_repr_self_recursion_seals_set_local
FN:593,_RNvNtNtNtCskWHisZhi9Z4_4koan8builtins11newtype_def5testss_43dispatch_distinguishes_distance_from_number
FN:486,_RNvNtNtNtCskWHisZhi9Z4_4koan8builtins11newtype_def5testss_46record_repr_list_of_self_field_seals_set_local
FN:441,_RNvNtNtNtCskWHisZhi9Z4_4koan8builtins11newtype_def5testss_47unknown_repr_errors_without_leaking_placeholder
FN:415,_RNvNtNtNtCskWHisZhi9Z4_4koan8builtins11newtype_def5testss_49dependent_newtype_parks_on_record_repr_dependency
FN:538,_RNvNtNtNtCskWHisZhi9Z4_4koan8builtins11newtype_def5testss_54sigil_repr_non_record_seals_newtype_over_resolved_type
FN:113,_RNCNCNvNtNtCskWHisZhi9Z4_4koan8builtins11newtype_def23finalize_record_newtype00B9_
FN:62,_RNCNvNtNtCskWHisZhi9Z4_4koan8builtins11newtype_def16finalize_newtype0B7_
FN:199,_RNCNvNtNtCskWHisZhi9Z4_4koan8builtins11newtype_def20defer_resolved_sigil0B7_
FN:109,_RNCNvNtNtCskWHisZhi9Z4_4koan8builtins11newtype_def23finalize_record_newtype0B7_
FN:155,_RNCNvNtNtCskWHisZhi9Z4_4koan8builtins11newtype_def4body0B7_
FN:163,_RNCNvNtNtCskWHisZhi9Z4_4koan8builtins11newtype_def4bodys_0B7_
FN:238,_RNCNvNtNtCskWHisZhi9Z4_4koan8builtins11newtype_def8register0B7_
FN:260,_RNCNvNtNtCskWHisZhi9Z4_4koan8builtins11newtype_def8registers0_0B7_
FN:249,_RNCNvNtNtCskWHisZhi9Z4_4koan8builtins11newtype_def8registers_0B7_
FN:207,_RNvNtNtCskWHisZhi9Z4_4koan8builtins11newtype_def16body_record_repr
FN:47,_RNvNtNtCskWHisZhi9Z4_4koan8builtins11newtype_def16finalize_newtype
FN:189,_RNvNtNtCskWHisZhi9Z4_4koan8builtins11newtype_def20defer_resolved_sigil
FN:90,_RNvNtNtCskWHisZhi9Z4_4koan8builtins11newtype_def23finalize_record_newtype
FN:137,_RNvNtNtCskWHisZhi9Z4_4koan8builtins11newtype_def4body
FN:235,_RNvNtNtCskWHisZhi9Z4_4koan8builtins11newtype_def8register
FNDA:5,_RNCNCNvNtNtCsbv2TPaIhNiJ_4koan8builtins11newtype_def23finalize_record_newtype00B9_
FNDA:0,_RNCNvNtNtCsbv2TPaIhNiJ_4koan8builtins11newtype_def16finalize_newtype0B7_
FNDA:0,_RNCNvNtNtCsbv2TPaIhNiJ_4koan8builtins11newtype_def20defer_resolved_sigil0B7_
FNDA:3,_RNCNvNtNtCsbv2TPaIhNiJ_4koan8builtins11newtype_def23finalize_record_newtype0B7_
FNDA:0,_RNCNvNtNtCsbv2TPaIhNiJ_4koan8builtins11newtype_def4body0B7_
FNDA:0,_RNCNvNtNtCsbv2TPaIhNiJ_4koan8builtins11newtype_def4bodys_0B7_
FNDA:43,_RNCNvNtNtCsbv2TPaIhNiJ_4koan8builtins11newtype_def8register0B7_
FNDA:43,_RNCNvNtNtCsbv2TPaIhNiJ_4koan8builtins11newtype_def8registers0_0B7_
FNDA:43,_RNCNvNtNtCsbv2TPaIhNiJ_4koan8builtins11newtype_def8registers_0B7_
FNDA:3,_RNvNtNtCsbv2TPaIhNiJ_4koan8builtins11newtype_def16body_record_repr
FNDA:0,_RNvNtNtCsbv2TPaIhNiJ_4koan8builtins11newtype_def16finalize_newtype
FNDA:0,_RNvNtNtCsbv2TPaIhNiJ_4koan8builtins11newtype_def20defer_resolved_sigil
FNDA:3,_RNvNtNtCsbv2TPaIhNiJ_4koan8builtins11newtype_def23finalize_record_newtype
FNDA:0,_RNvNtNtCsbv2TPaIhNiJ_4koan8builtins11newtype_def4body
FNDA:43,_RNvNtNtCsbv2TPaIhNiJ_4koan8builtins11newtype_def8register
FNDA:4,_RNCNvNtNtNtCskWHisZhi9Z4_4koan8builtins11newtype_def5tests13record_fields0B9_
FNDA:1,_RNCNvNtNtNtCskWHisZhi9Z4_4koan8builtins11newtype_def5testss_42nested_record_field_threads_self_reference0B9_
FNDA:1,_RNCNvNtNtNtCskWHisZhi9Z4_4koan8builtins11newtype_def5testss_42record_repr_self_recursion_seals_set_local0B9_
FNDA:2,_RNCNvNtNtNtCskWHisZhi9Z4_4koan8builtins11newtype_def5testss_42record_repr_self_recursion_seals_set_locals0_0B9_
FNDA:1,_RNCNvNtNtNtCskWHisZhi9Z4_4koan8builtins11newtype_def5testss_46record_repr_list_of_self_field_seals_set_local0B9_
FNDA:3,_RNvNtNtNtCskWHisZhi9Z4_4koan8builtins11newtype_def5tests13record_fields
FNDA:1,_RNvNtNtNtCskWHisZhi9Z4_4koan8builtins11newtype_def5testss_28construct_arity_zero_rejects
FNDA:1,_RNvNtNtNtCskWHisZhi9Z4_4koan8builtins11newtype_def5testss_29construct_with_operator_value
FNDA:1,_RNvNtNtNtCskWHisZhi9Z4_4koan8builtins11newtype_def5testss_30declare_mints_newtype_identity
FNDA:1,_RNvNtNtNtCskWHisZhi9Z4_4koan8builtins11newtype_def5testss_30newtype_over_newtype_collapses
FNDA:1,_RNvNtNtNtCskWHisZhi9Z4_4koan8builtins11newtype_def5testss_31construct_with_identifier_value
FNDA:1,_RNvNtNtNtCskWHisZhi9Z4_4koan8builtins11newtype_def5testss_35construct_rejects_non_matching_repr
FNDA:1,_RNvNtNtNtCskWHisZhi9Z4_4koan8builtins11newtype_def5testss_35construct_wraps_repr_matching_value
FNDA:1,_RNvNtNtNtCskWHisZhi9Z4_4koan8builtins11newtype_def5testss_42nested_record_field_threads_self_reference
FNDA:1,_RNvNtNtNtCskWHisZhi9Z4_4koan8builtins11newtype_def5testss_42record_repr_self_recursion_seals_set_local
FNDA:1,_RNvNtNtNtCskWHisZhi9Z4_4koan8builtins11newtype_def5testss_43dispatch_distinguishes_distance_from_number
FNDA:1,_RNvNtNtNtCskWHisZhi9Z4_4koan8builtins11newtype_def5testss_46record_repr_list_of_self_field_seals_set_local
FNDA:1,_RNvNtNtNtCskWHisZhi9Z4_4koan8builtins11newtype_def5testss_47unknown_repr_errors_without_leaking_placeholder
FNDA:1,_RNvNtNtNtCskWHisZhi9Z4_4koan8builtins11newtype_def5testss_49dependent_newtype_parks_on_record_repr_dependency
FNDA:1,_RNvNtNtNtCskWHisZhi9Z4_4koan8builtins11newtype_def5testss_54sigil_repr_non_record_seals_newtype_over_resolved_type
FNDA:54,_RNCNCNvNtNtCskWHisZhi9Z4_4koan8builtins11newtype_def23finalize_record_newtype00B9_
FNDA:1,_RNCNvNtNtCskWHisZhi9Z4_4koan8builtins11newtype_def16finalize_newtype0B7_
FNDA:1,_RNCNvNtNtCskWHisZhi9Z4_4koan8builtins11newtype_def20defer_resolved_sigil0B7_
FNDA:33,_RNCNvNtNtCskWHisZhi9Z4_4koan8builtins11newtype_def23finalize_record_newtype0B7_
FNDA:5,_RNCNvNtNtCskWHisZhi9Z4_4koan8builtins11newtype_def4body0B7_
FNDA:4,_RNCNvNtNtCskWHisZhi9Z4_4koan8builtins11newtype_def4bodys_0B7_
FNDA:484,_RNCNvNtNtCskWHisZhi9Z4_4koan8builtins11newtype_def8register0B7_
FNDA:484,_RNCNvNtNtCskWHisZhi9Z4_4koan8builtins11newtype_def8registers0_0B7_
FNDA:484,_RNCNvNtNtCskWHisZhi9Z4_4koan8builtins11newtype_def8registers_0B7_
FNDA:34,_RNvNtNtCskWHisZhi9Z4_4koan8builtins11newtype_def16body_record_repr
FNDA:14,_RNvNtNtCskWHisZhi9Z4_4koan8builtins11newtype_def16finalize_newtype
FNDA:1,_RNvNtNtCskWHisZhi9Z4_4koan8builtins11newtype_def20defer_resolved_sigil
FNDA:33,_RNvNtNtCskWHisZhi9Z4_4koan8builtins11newtype_def23finalize_record_newtype
FNDA:15,_RNvNtNtCskWHisZhi9Z4_4koan8builtins11newtype_def4body
FNDA:484,_RNvNtNtCskWHisZhi9Z4_4koan8builtins11newtype_def8register
FNF:35
FNH:35
DA:47,14
DA:48,14
DA:49,14
DA:50,14
DA:51,14
DA:52,14
DA:53,14
DA:54,14
DA:55,14
DA:56,14
DA:57,14
DA:58,14
DA:59,14
DA:60,14
DA:61,14
DA:62,14
DA:63,14
DA:64,14
DA:65,14
DA:66,14
DA:69,14
DA:70,1
DA:71,13
DA:73,14
DA:78,0
DA:79,0
DA:80,0
DA:81,0
DA:83,14
DA:90,36
DA:91,36
DA:92,36
DA:93,36
DA:94,36
DA:95,36
DA:96,36
DA:97,36
DA:98,0
DA:99,0
DA:100,0
DA:101,36
DA:102,36
DA:103,36
DA:104,36
DA:105,36
DA:106,36
DA:107,36
DA:108,36
DA:109,36
DA:110,36
DA:111,36
DA:112,36
DA:113,59
DA:114,36
DA:115,36
DA:116,36
DA:117,0
DA:118,36
DA:119,36
DA:120,36
DA:122,36
DA:123,36
DA:125,36
DA:126,36
DA:127,0
DA:128,0
DA:129,0
DA:130,0
DA:132,36
DA:137,15
DA:138,15
DA:139,15
DA:145,15
DA:146,15
DA:147,15
DA:148,15
DA:149,14
DA:150,5
DA:151,5
DA:152,5
DA:153,5
DA:155,5
DA:156,5
DA:157,5
DA:158,5
DA:160,5
DA:163,4
DA:164,4
DA:165,4
DA:170,9
DA:171,9
DA:172,9
DA:173,9
DA:174,9
DA:175,9
DA:176,9
DA:178,1
DA:179,1
DA:181,0
DA:182,0
DA:183,0
DA:185,15
DA:189,1
DA:190,1
DA:191,1
DA:192,1
DA:193,1
DA:196,1
DA:197,1
DA:198,1
DA:199,1
DA:200,1
DA:201,1
DA:202,1
DA:207,37
DA:208,37
DA:209,37
DA:213,37
DA:214,37
DA:215,37
DA:217,0
DA:218,0
DA:219,0
DA:222,37
DA:223,37
DA:224,37
DA:225,37
DA:226,37
DA:227,37
DA:229,37
DA:230,37
DA:231,37
DA:233,37
DA:235,527
DA:238,527
DA:239,527
DA:240,527
DA:241,527
DA:242,527
DA:243,527
DA:244,527
DA:245,527
DA:248,527
DA:249,527
DA:250,527
DA:251,527
DA:252,527
DA:253,527
DA:254,527
DA:255,527
DA:256,527
DA:259,527
DA:260,527
DA:261,527
DA:262,527
DA:263,527
DA:264,527
DA:265,527
DA:266,527
DA:267,527
DA:270,527
DA:272,527
DA:273,527
DA:276,527
DA:277,527
DA:278,527
DA:279,527
DA:280,527
DA:281,527
DA:282,527
DA:285,527
DA:286,527
DA:287,527
DA:288,527
DA:289,527
DA:290,527
DA:291,527
DA:294,527
DA:295,527
DA:296,527
DA:297,527
DA:298,527
DA:299,527
DA:300,527
DA:303,527
DA:318,3
DA:319,3
DA:320,3
DA:321,3
DA:322,3
DA:323,3
DA:324,3
DA:325,3
DA:326,3
DA:327,3
DA:328,3
DA:329,3
DA:330,4
DA:331,3
DA:333,0
DA:335,0
DA:338,0
DA:340,3
DA:345,1
DA:346,1
DA:347,1
DA:348,1
DA:349,1
DA:350,1
DA:351,1
DA:352,1
DA:353,1
DA:354,1
DA:355,1
DA:356,1
DA:357,1
DA:358,1
DA:359,0
DA:362,0
DA:364,1
DA:365,1
DA:366,1
DA:367,1
DA:370,1
DA:375,1
DA:376,1
DA:377,1
DA:378,1
DA:379,1
DA:380,1
DA:381,1
DA:382,1
DA:383,1
DA:384,1
DA:385,1
DA:387,0
DA:389,1
DA:391,0
DA:393,1
DA:397,1
DA:398,1
DA:399,1
DA:400,1
DA:401,1
DA:402,1
DA:403,1
DA:404,1
DA:407,1
DA:415,1
DA:416,1
DA:417,1
DA:418,1
DA:419,1
DA:420,1
DA:424,1
DA:425,1
DA:427,0
DA:429,1
DA:430,1
DA:431,1
DA:433,0
DA:435,1
DA:441,1
DA:442,1
DA:443,1
DA:444,1
DA:445,1
DA:446,1
DA:448,0
DA:450,1
DA:451,1
DA:452,1
DA:455,1
DA:462,1
DA:463,1
DA:464,1
DA:465,1
DA:466,1
DA:467,1
DA:468,1
DA:469,1
DA:473,1
DA:474,2
DA:475,1
DA:478,1
DA:479,1
DA:486,1
DA:487,1
DA:488,1
DA:489,1
DA:490,1
DA:491,1
DA:492,1
DA:493,1
DA:497,1
DA:498,1
DA:499,1
DA:502,1
DA:503,1
DA:511,1
DA:512,1
DA:513,1
DA:514,1
DA:515,1
DA:516,1
DA:517,1
DA:518,1
DA:519,1
DA:520,1
DA:521,1
DA:522,1
DA:523,1
[...]
FN:284,_RNvNtNtCsbv2TPaIhNiJ_4koan5parse10whitespace16line_paren_delta
FN:31,_RNvNtNtCsbv2TPaIhNiJ_4koan5parse10whitespace19collapse_whitespace
FN:233,_RNvNtNtCsbv2TPaIhNiJ_4koan5parse10whitespace19walk_content_cursor
FN:224,_RNvNtNtCsbv2TPaIhNiJ_4koan5parse10whitespace9emit_jump
FN:37,_RNvNtNtCskWHisZhi9Z4_4koan5parse10whitespace12collapse_str
FN:291,_RNvNtNtCskWHisZhi9Z4_4koan5parse10whitespace13adjust_parens
FN:278,_RNvNtNtCskWHisZhi9Z4_4koan5parse10whitespace16line_delim_delta
FN:284,_RNvNtNtCskWHisZhi9Z4_4koan5parse10whitespace16line_paren_delta
FN:31,_RNvNtNtCskWHisZhi9Z4_4koan5parse10whitespace19collapse_whitespace
FN:233,_RNvNtNtCskWHisZhi9Z4_4koan5parse10whitespace19walk_content_cursor
FN:224,_RNvNtNtCskWHisZhi9Z4_4koan5parse10whitespace9emit_jump
FN:55,_RNCNvNtNtCskWHisZhi9Z4_4koan5parse10whitespace12collapse_str0B7_
FN:149,_RNCNvNtNtCskWHisZhi9Z4_4koan5parse10whitespace12collapse_strs0_0B7_
FN:56,_RNCNvNtNtCskWHisZhi9Z4_4koan5parse10whitespace12collapse_strs_0B7_
FN:279,_RNCNvNtNtCskWHisZhi9Z4_4koan5parse10whitespace16line_delim_delta0B7_
FN:280,_RNCNvNtNtCskWHisZhi9Z4_4koan5parse10whitespace16line_delim_deltas_0B7_
FN:285,_RNCNvNtNtCskWHisZhi9Z4_4koan5parse10whitespace16line_paren_delta0B7_
FN:286,_RNCNvNtNtCskWHisZhi9Z4_4koan5parse10whitespace16line_paren_deltas_0B7_
FN:33,_RNCNvNtNtCskWHisZhi9Z4_4koan5parse10whitespace19collapse_whitespace0B7_
FN:252,_RNCNvNtNtCskWHisZhi9Z4_4koan5parse10whitespace19walk_content_cursor0B7_
FN:253,_RNCNvNtNtCskWHisZhi9Z4_4koan5parse10whitespace19walk_content_cursors_0B7_
FNDA:3577,_RNCNvNtNtCsbv2TPaIhNiJ_4koan5parse10whitespace12collapse_str0B7_
FNDA:0,_RNCNvNtNtCsbv2TPaIhNiJ_4koan5parse10whitespace12collapse_strs0_0B7_
FNDA:60,_RNCNvNtNtCsbv2TPaIhNiJ_4koan5parse10whitespace12collapse_strs_0B7_
FNDA:3517,_RNCNvNtNtCsbv2TPaIhNiJ_4koan5parse10whitespace16line_delim_delta0B7_
FNDA:3517,_RNCNvNtNtCsbv2TPaIhNiJ_4koan5parse10whitespace16line_delim_deltas_0B7_
FNDA:3517,_RNCNvNtNtCsbv2TPaIhNiJ_4koan5parse10whitespace16line_paren_delta0B7_
FNDA:3517,_RNCNvNtNtCsbv2TPaIhNiJ_4koan5parse10whitespace16line_paren_deltas_0B7_
FNDA:0,_RNCNvNtNtCsbv2TPaIhNiJ_4koan5parse10whitespace19collapse_whitespace0B7_
FNDA:1,_RNCNvNtNtCsbv2TPaIhNiJ_4koan5parse10whitespace19walk_content_cursor0B7_
FNDA:0,_RNCNvNtNtCsbv2TPaIhNiJ_4koan5parse10whitespace19walk_content_cursors_0B7_
FNDA:43,_RNvNtNtCsbv2TPaIhNiJ_4koan5parse10whitespace12collapse_str
FNDA:103,_RNvNtNtCsbv2TPaIhNiJ_4koan5parse10whitespace13adjust_parens
FNDA:103,_RNvNtNtCsbv2TPaIhNiJ_4koan5parse10whitespace16line_delim_delta
FNDA:103,_RNvNtNtCsbv2TPaIhNiJ_4koan5parse10whitespace16line_paren_delta
FNDA:43,_RNvNtNtCsbv2TPaIhNiJ_4koan5parse10whitespace19collapse_whitespace
FNDA:103,_RNvNtNtCsbv2TPaIhNiJ_4koan5parse10whitespace19walk_content_cursor
FNDA:206,_RNvNtNtCsbv2TPaIhNiJ_4koan5parse10whitespace9emit_jump
FNDA:896,_RNvNtNtCskWHisZhi9Z4_4koan5parse10whitespace12collapse_str
FNDA:1346,_RNvNtNtCskWHisZhi9Z4_4koan5parse10whitespace13adjust_parens
FNDA:1346,_RNvNtNtCskWHisZhi9Z4_4koan5parse10whitespace16line_delim_delta
FNDA:1353,_RNvNtNtCskWHisZhi9Z4_4koan5parse10whitespace16line_paren_delta
FNDA:896,_RNvNtNtCskWHisZhi9Z4_4koan5parse10whitespace19collapse_whitespace
FNDA:1353,_RNvNtNtCskWHisZhi9Z4_4koan5parse10whitespace19walk_content_cursor
FNDA:2629,_RNvNtNtCskWHisZhi9Z4_4koan5parse10whitespace9emit_jump
FNDA:37469,_RNCNvNtNtCskWHisZhi9Z4_4koan5parse10whitespace12collapse_str0B7_
FNDA:151,_RNCNvNtNtCskWHisZhi9Z4_4koan5parse10whitespace12collapse_strs0_0B7_
FNDA:481,_RNCNvNtNtCskWHisZhi9Z4_4koan5parse10whitespace12collapse_strs_0B7_
FNDA:36682,_RNCNvNtNtCskWHisZhi9Z4_4koan5parse10whitespace16line_delim_delta0B7_
FNDA:36682,_RNCNvNtNtCskWHisZhi9Z4_4koan5parse10whitespace16line_delim_deltas_0B7_
FNDA:36704,_RNCNvNtNtCskWHisZhi9Z4_4koan5parse10whitespace16line_paren_delta0B7_
FNDA:36704,_RNCNvNtNtCskWHisZhi9Z4_4koan5parse10whitespace16line_paren_deltas_0B7_
FNDA:0,_RNCNvNtNtCskWHisZhi9Z4_4koan5parse10whitespace19collapse_whitespace0B7_
FNDA:222,_RNCNvNtNtCskWHisZhi9Z4_4koan5parse10whitespace19walk_content_cursor0B7_
FNDA:0,_RNCNvNtNtCskWHisZhi9Z4_4koan5parse10whitespace19walk_content_cursors_0B7_
FNF:17
FNH:15
DA:31,939
DA:32,939
DA:33,939
DA:34,939
DA:35,939
DA:37,939
DA:38,939
DA:39,939
DA:40,939
DA:41,939
DA:42,939
DA:45,939
DA:47,939
DA:48,939
DA:49,939
DA:50,939
DA:52,2411
DA:53,1479
DA:54,1479
DA:55,41046
DA:56,1479
DA:57,1479
DA:59,1479
DA:60,1479
DA:61,1479
DA:62,1479
DA:64,1479
DA:66,1479
DA:70,23
DA:71,23
DA:72,23
DA:73,8
DA:75,15
DA:77,23
DA:78,23
DA:79,1456
DA:81,1456
DA:83,1456
DA:84,1456
DA:86,1456
DA:87,1456
DA:89,1456
DA:90,1456
DA:91,1456
DA:92,1456
DA:93,1456
DA:117,1456
DA:118,54
DA:119,54
DA:120,1402
DA:123,1402
DA:124,32
DA:127,12
DA:128,1
DA:129,1
DA:130,1
DA:131,1
DA:132,1
DA:133,11
DA:134,11
DA:135,11
DA:136,20
DA:137,20
DA:140,1
DA:141,1
DA:142,1
DA:143,1
DA:144,1
DA:145,1
DA:146,19
DA:147,1370
DA:149,1389
DA:150,3
DA:151,3
DA:152,3
DA:153,3
DA:154,3
DA:155,3
DA:156,3
DA:157,3
DA:158,1386
DA:159,1386
DA:160,2
DA:161,2
DA:162,2
DA:163,2
DA:164,2
DA:165,2
DA:166,2
DA:167,2
DA:168,1384
DA:170,1805
DA:171,470
DA:172,421
DA:173,421
DA:174,421
DA:175,421
DA:176,49
DA:182,1384
DA:183,447
DA:184,937
DA:188,1384
DA:189,1384
DA:190,11
DA:191,11
DA:192,11
DA:193,11
DA:194,11
DA:195,1373
DA:196,1373
DA:197,1373
DA:198,1373
DA:199,1373
DA:201,1384
DA:202,1384
DA:203,1384
DA:204,1384
DA:205,1384
DA:207,1384
DA:208,1384
DA:209,501
DA:211,883
DA:213,1384
DA:216,1886
DA:217,954
DA:218,954
DA:219,954
DA:221,932
DA:222,939
DA:224,2835
DA:225,2835
DA:226,2835
DA:227,2835
DA:228,2835
DA:233,1456
DA:234,1456
DA:235,1456
DA:236,40275
DA:237,38819
DA:238,38819
DA:239,223
DA:240,223
DA:241,721
DA:242,498
DA:243,498
DA:244,223
DA:245,0
DA:246,223
DA:247,223
DA:248,0
DA:249,223
DA:250,223
DA:251,223
DA:252,223
DA:253,223
DA:254,223
DA:255,38596
DA:256,223
DA:257,446
DA:258,223
DA:259,223
DA:260,223
DA:261,0
DA:262,223
DA:263,223
DA:264,458
DA:265,235
DA:266,235
DA:267,223
DA:268,38373
DA:269,38373
DA:270,38373
DA:271,38373
DA:273,1456
DA:274,1456
DA:278,1449
DA:279,40199
DA:280,40199
DA:281,1449
DA:282,1449
DA:284,1456
DA:285,40221
DA:286,40221
DA:287,1456
DA:288,1456
DA:291,1449
DA:292,1449
DA:293,15
DA:294,15
DA:295,15
DA:297,1434
DA:298,13
DA:299,13
DA:301,1449
BRF:0
BRH:0
LF:204
LH:199
end_of_record
SF:/var/home/jack/Code/koan/src/source.rs
FN:152,_RNvXININtCsbv2TPaIhNiJ_4koan6sources2_0pEINtB5_7SpannedpEINtNtCs27Vx93FoQ6z_4core7convert4FrompE4fromB7_
FN:54,_RNvMNtCsbv2TPaIhNiJ_4koan6sourceNtB2_10SourceFile7resolve
FN:117,_RNvMs_NtCsbv2TPaIhNiJ_4koan6sourceNtB4_16CurrentFileGuard4push
FN:104,_RNvNtCsbv2TPaIhNiJ_4koan6source11set_current
FN:98,_RNvNtCsbv2TPaIhNiJ_4koan6source7current
FN:73,_RNvNtCsbv2TPaIhNiJ_4koan6source8register
FN:125,_RNvXs0_NtCsbv2TPaIhNiJ_4koan6sourceNtB5_16CurrentFileGuardNtNtNtCs27Vx93FoQ6z_4core3ops4drop4Drop4drop
FN:38,_RINvMNtCsbv2TPaIhNiJ_4koan6sourceNtB3_10SourceFile3newReEB5_
FN:85,_RINvNtCsbv2TPaIhNiJ_4koan6source4withINtNtCs27Vx93FoQ6z_4core6option6OptionTINtNtCsgW8esjfipvk_5alloc2rc2RceEmmEENCNvXs2_NtNtNtB4_7machine4core6kerrorNtB1V_10KErrorKindNtNtBE_3fmt7Display3fmt0EB4_
FN:85,_RINvNtCsbv2TPaIhNiJ_4koan6source4withNtB2_9SourceLocNCNCNvNtNtNtB4_7machine4core6kerror18location_from_expr00EB4_
FN:85,_RINvNtCsbv2TPaIhNiJ_4koan6source4withTINtNtCs27Vx93FoQ6z_4core6option6OptionNtNtCsgW8esjfipvk_5alloc6string6StringEIBB_mEB1P_ENCNvMs0_NtNtNtB4_7machine4core6kerrorNtB28_10KErrorKind16to_struct_fields0EB4_
FN:85,_RINvNtCsbv2TPaIhNiJ_4koan6source4withTINtNtCsgW8esjfipvk_5alloc3vec3VechEINtNtNtNtCs75vJTIYSa2J_3std11collections4hash3map7HashMapjNtNtBF_6string6StringEENCNvNtNtB4_5parse15expression_tree17parse_with_source0EB4_
FN:86,_RNCINvNtCsbv2TPaIhNiJ_4koan6source4withINtNtCs27Vx93FoQ6z_4core6option6OptionTINtNtCsgW8esjfipvk_5alloc2rc2RceEmmEENCNvXs2_NtNtNtB6_7machine4core6kerrorNtB1X_10KErrorKindNtNtBG_3fmt7Display3fmt0E0B6_
FN:86,_RNCINvNtCsbv2TPaIhNiJ_4koan6source4withNtB4_9SourceLocNCNCNvNtNtNtB6_7machine4core6kerror18location_from_expr00E0B6_
FN:86,_RNCINvNtCsbv2TPaIhNiJ_4koan6source4withTINtNtCs27Vx93FoQ6z_4core6option6OptionNtNtCsgW8esjfipvk_5alloc6string6StringEIBD_mEB1R_ENCNvMs0_NtNtNtB6_7machine4core6kerrorNtB2a_10KErrorKind16to_struct_fields0E0B6_
FN:86,_RNCINvNtCsbv2TPaIhNiJ_4koan6source4withTINtNtCsgW8esjfipvk_5alloc3vec3VechEINtNtNtNtCs75vJTIYSa2J_3std11collections4hash3map7HashMapjNtNtBH_6string6StringEENCNvNtNtB6_5parse15expression_tree17parse_with_source0E0B6_
FN:105,_RNCNvNtCsbv2TPaIhNiJ_4koan6source11set_current0B5_
FN:74,_RNCNvNtCsbv2TPaIhNiJ_4koan6source8register0B5_
FN:143,_RNvMs1_NtCsbv2TPaIhNiJ_4koan6sourceINtB5_7SpannedNtNtNtNtB7_7machine5model3ast14ExpressionPartE2atB7_
FN:139,_RNvMs1_NtCsbv2TPaIhNiJ_4koan6sourceINtB5_7SpannedNtNtNtNtB7_7machine5model3ast14ExpressionPartE4bareB7_
FN:38,_RINvMNtCskWHisZhi9Z4_4koan6sourceNtB3_10SourceFile3newReEB5_
FN:85,_RINvNtCskWHisZhi9Z4_4koan6source4withINtNtCs27Vx93FoQ6z_4core6option6OptionTINtNtCsgW8esjfipvk_5alloc2rc2RceEmmEENCNvXs2_NtNtNtB4_7machine4core6kerrorNtB1V_10KErrorKindNtNtBE_3fmt7Display3fmt0EB4_
FN:85,_RINvNtCskWHisZhi9Z4_4koan6source4withINtNtCsgW8esjfipvk_5alloc2rc2RceENCNvNtB2_5testss_28register_and_with_round_trip0EB4_
FN:85,_RINvNtCskWHisZhi9Z4_4koan6source4withNtB2_9SourceLocNCNCNvNtNtNtB4_7machine4core6kerror18location_from_expr00EB4_
FN:85,_RINvNtCskWHisZhi9Z4_4koan6source4withTINtNtCs27Vx93FoQ6z_4core6option6OptionNtNtCsgW8esjfipvk_5alloc6string6StringEIBB_mEB1P_ENCNvMs0_NtNtNtB4_7machine4core6kerrorNtB28_10KErrorKind16to_struct_fields0EB4_
FN:85,_RINvNtCskWHisZhi9Z4_4koan6source4withTINtNtCsgW8esjfipvk_5alloc3vec3VechEINtNtNtNtCs75vJTIYSa2J_3std11collections4hash3map7HashMapjNtNtBF_6string6StringEENCNvNtNtB4_5parse15expression_tree17parse_with_source0EB4_
FN:85,_RINvNtCskWHisZhi9Z4_4koan6source4withTmmENCNvNtNtNtNtB4_5parse15expression_tree5tests5spanss_63parse_with_path_stamps_file_on_expression_and_resolves_line_col0EB4_
FN:86,_RNCINvNtCskWHisZhi9Z4_4koan6source4withINtNtCs27Vx93FoQ6z_4core6option6OptionTINtNtCsgW8esjfipvk_5alloc2rc2RceEmmEENCNvXs2_NtNtNtB6_7machine4core6kerrorNtB1X_10KErrorKindNtNtBG_3fmt7Display3fmt0E0B6_
FN:86,_RNCINvNtCskWHisZhi9Z4_4koan6source4withINtNtCsgW8esjfipvk_5alloc2rc2RceENCNvNtB4_5testss_28register_and_with_round_trip0E0B6_
FN:86,_RNCINvNtCskWHisZhi9Z4_4koan6source4withNtB4_9SourceLocNCNCNvNtNtNtB6_7machine4core6kerror18location_from_expr00E0B6_
FN:86,_RNCINvNtCskWHisZhi9Z4_4koan6source4withTINtNtCs27Vx93FoQ6z_4core6option6OptionNtNtCsgW8esjfipvk_5alloc6string6StringEIBD_mEB1R_ENCNvMs0_NtNtNtB6_7machine4core6kerrorNtB2a_10KErrorKind16to_struct_fields0E0B6_
FN:86,_RNCINvNtCskWHisZhi9Z4_4koan6source4withTINtNtCsgW8esjfipvk_5alloc3vec3VechEINtNtNtNtCs75vJTIYSa2J_3std11collections4hash3map7HashMapjNtNtBH_6string6StringEENCNvNtNtB6_5parse15expression_tree17parse_with_source0E0B6_
FN:86,_RNCINvNtCskWHisZhi9Z4_4koan6source4withTmmENCNvNtNtNtNtB6_5parse15expression_tree5tests5spanss_63parse_with_path_stamps_file_on_expression_and_resolves_line_col0E0B6_
FN:105,_RNCNvNtCskWHisZhi9Z4_4koan6source11set_current0B5_
FN:74,_RNCNvNtCskWHisZhi9Z4_4koan6source8register0B5_
FN:143,_RNvMs1_NtCskWHisZhi9Z4_4koan6sourceINtB5_7SpannedNtNtNtNtB7_7machine5model3ast14ExpressionPartE2atB7_
FN:139,_RNvMs1_NtCskWHisZhi9Z4_4koan6sourceINtB5_7SpannedNtNtNtNtB7_7machine5model3ast14ExpressionPartE4bareB7_
FN:139,_RNvMs1_NtCskWHisZhi9Z4_4koan6sourceINtB5_7SpannedmE4bareB7_
FN:152,_RNvXs2_NtCskWHisZhi9Z4_4koan6sourceINtB5_7SpannedmEINtNtCs27Vx93FoQ6z_4core7convert4FrommE4fromB7_
FN:192,_RNCNvNtNtCskWHisZhi9Z4_4koan6source5testss_28register_and_with_round_trip0B7_
FN:54,_RNvMNtCskWHisZhi9Z4_4koan6sourceNtB2_10SourceFile7resolve
FN:117,_RNvMs_NtCskWHisZhi9Z4_4koan6sourceNtB4_16CurrentFileGuard4push
FN:104,_RNvNtCskWHisZhi9Z4_4koan6source11set_current
FN:98,_RNvNtCskWHisZhi9Z4_4koan6source7current
FN:73,_RNvNtCskWHisZhi9Z4_4koan6source8register
FN:162,_RNvNtNtCskWHisZhi9Z4_4koan6source5testss_18resolve_first_line
FN:169,_RNvNtNtCskWHisZhi9Z4_4koan6source5testss_18resolve_multi_line
FN:210,_RNvNtNtCskWHisZhi9Z4_4koan6source5testss_24spanned_bare_has_no_span
FN:190,_RNvNtNtCskWHisZhi9Z4_4koan6source5testss_28register_and_with_round_trip
FN:217,_RNvNtNtCskWHisZhi9Z4_4koan6source5testss_33spanned_from_wraps_with_none_span
FN:197,_RNvNtNtCskWHisZhi9Z4_4koan6source5testss_36guard_restores_previous_current_file
FN:178,_RNvNtNtCskWHisZhi9Z4_4koan6source5testss_48resolve_utf16_columns_count_code_units_not_bytes
FN:125,_RNvXs0_NtCskWHisZhi9Z4_4koan6sourceNtB5_16CurrentFileGuardNtNtNtCs27Vx93FoQ6z_4core3ops4drop4Drop4drop
FNDA:0,_RNvXININtCsbv2TPaIhNiJ_4koan6sources2_0pEINtB5_7SpannedpEINtNtCs27Vx93FoQ6z_4core7convert4FrompE4fromB7_
FNDA:0,_RNvMNtCsbv2TPaIhNiJ_4koan6sourceNtB2_10SourceFile7resolve
FNDA:43,_RNvMs_NtCsbv2TPaIhNiJ_4koan6sourceNtB4_16CurrentFileGuard4push
FNDA:86,_RNvNtCsbv2TPaIhNiJ_4koan6source11set_current
FNDA:267,_RNvNtCsbv2TPaIhNiJ_4koan6source7current
FNDA:43,_RNvNtCsbv2TPaIhNiJ_4koan6source8register
FNDA:43,_RNvXs0_NtCsbv2TPaIhNiJ_4koan6sourceNtB5_16CurrentFileGuardNtNtNtCs27Vx93FoQ6z_4core3ops4drop4Drop4drop
FNDA:43,_RINvMNtCsbv2TPaIhNiJ_4koan6sourceNtB3_10SourceFile3newReEB5_
FNDA:0,_RINvNtCsbv2TPaIhNiJ_4koan6source4withINtNtCs27Vx93FoQ6z_4core6option6OptionTINtNtCsgW8esjfipvk_5alloc2rc2RceEmmEENCNvXs2_NtNtNtB4_7machine4core6kerrorNtB1V_10KErrorKindNtNtBE_3fmt7Display3fmt0EB4_
FNDA:0,_RINvNtCsbv2TPaIhNiJ_4koan6source4withNtB2_9SourceLocNCNCNvNtNtNtB4_7machine4core6kerror18location_from_expr00EB4_
FNDA:0,_RINvNtCsbv2TPaIhNiJ_4koan6source4withTINtNtCs27Vx93FoQ6z_4core6option6OptionNtNtCsgW8esjfipvk_5alloc6string6StringEIBB_mEB1P_ENCNvMs0_NtNtNtB4_7machine4core6kerrorNtB28_10KErrorKind16to_struct_fields0EB4_
FNDA:43,_RINvNtCsbv2TPaIhNiJ_4koan6source4withTINtNtCsgW8esjfipvk_5alloc3vec3VechEINtNtNtNtCs75vJTIYSa2J_3std11collections4hash3map7HashMapjNtNtBF_6string6StringEENCNvNtNtB4_5parse15expression_tree17parse_with_source0EB4_
FNDA:0,_RNCINvNtCsbv2TPaIhNiJ_4koan6source4withINtNtCs27Vx93FoQ6z_4core6option6OptionTINtNtCsgW8esjfipvk_5alloc2rc2RceEmmEENCNvXs2_NtNtNtB6_7machine4core6kerrorNtB1X_10KErrorKindNtNtBG_3fmt7Display3fmt0E0B6_
FNDA:0,_RNCINvNtCsbv2TPaIhNiJ_4koan6source4withNtB4_9SourceLocNCNCNvNtNtNtB6_7machine4core6kerror18location_from_expr00E0B6_
FNDA:0,_RNCINvNtCsbv2TPaIhNiJ_4koan6source4withTINtNtCs27Vx93FoQ6z_4core6option6OptionNtNtCsgW8esjfipvk_5alloc6string6StringEIBD_mEB1R_ENCNvMs0_NtNtNtB6_7machine4core6kerrorNtB2a_10KErrorKind16to_struct_fields0E0B6_
FNDA:43,_RNCINvNtCsbv2TPaIhNiJ_4koan6source4withTINtNtCsgW8esjfipvk_5alloc3vec3VechEINtNtNtNtCs75vJTIYSa2J_3std11collections4hash3map7HashMapjNtNtBH_6string6StringEENCNvNtNtB6_5parse15expression_tree17parse_with_source0E0B6_
FNDA:86,_RNCNvNtCsbv2TPaIhNiJ_4koan6source11set_current0B5_
FNDA:43,_RNCNvNtCsbv2TPaIhNiJ_4koan6source8register0B5_
FNDA:1002,_RNvMs1_NtCsbv2TPaIhNiJ_4koan6sourceINtB5_7SpannedNtNtNtNtB7_7machine5model3ast14ExpressionPartE2atB7_
FNDA:81,_RNvMs1_NtCsbv2TPaIhNiJ_4koan6sourceINtB5_7SpannedNtNtNtNtB7_7machine5model3ast14ExpressionPartE4bareB7_
FNDA:845,_RINvMNtCskWHisZhi9Z4_4koan6sourceNtB3_10SourceFile3newReEB5_
FNDA:2,_RINvNtCskWHisZhi9Z4_4koan6source4withINtNtCs27Vx93FoQ6z_4core6option6OptionTINtNtCsgW8esjfipvk_5alloc2rc2RceEmmEENCNvXs2_NtNtNtB4_7machine4core6kerrorNtB1V_10KErrorKindNtNtBE_3fmt7Display3fmt0EB4_
FNDA:1,_RINvNtCskWHisZhi9Z4_4koan6source4withINtNtCsgW8esjfipvk_5alloc2rc2RceENCNvNtB2_5testss_28register_and_with_round_trip0EB4_
FNDA:0,_RINvNtCskWHisZhi9Z4_4koan6source4withNtB2_9SourceLocNCNCNvNtNtNtB4_7machine4core6kerror18location_from_expr00EB4_
FNDA:0,_RINvNtCskWHisZhi9Z4_4koan6source4withTINtNtCs27Vx93FoQ6z_4core6option6OptionNtNtCsgW8esjfipvk_5alloc6string6StringEIBB_mEB1P_ENCNvMs0_NtNtNtB4_7machine4core6kerrorNtB28_10KErrorKind16to_struct_fields0EB4_
FNDA:837,_RINvNtCskWHisZhi9Z4_4koan6source4withTINtNtCsgW8esjfipvk_5alloc3vec3VechEINtNtNtNtCs75vJTIYSa2J_3std11collections4hash3map7HashMapjNtNtBF_6string6StringEENCNvNtNtB4_5parse15expression_tree17parse_with_source0EB4_
FNDA:1,_RINvNtCskWHisZhi9Z4_4koan6source4withTmmENCNvNtNtNtNtB4_5parse15expression_tree5tests5spanss_63parse_with_path_stamps_file_on_expression_and_resolves_line_col0EB4_
FNDA:2,_RNCINvNtCskWHisZhi9Z4_4koan6source4withINtNtCs27Vx93FoQ6z_4core6option6OptionTINtNtCsgW8esjfipvk_5alloc2rc2RceEmmEENCNvXs2_NtNtNtB6_7machine4core6kerrorNtB1X_10KErrorKindNtNtBG_3fmt7Display3fmt0E0B6_
FNDA:1,_RNCINvNtCskWHisZhi9Z4_4koan6source4withINtNtCsgW8esjfipvk_5alloc2rc2RceENCNvNtB4_5testss_28register_and_with_round_trip0E0B6_
FNDA:0,_RNCINvNtCskWHisZhi9Z4_4koan6source4withNtB4_9SourceLocNCNCNvNtNtNtB6_7machine4core6kerror18location_from_expr00E0B6_
FNDA:0,_RNCINvNtCskWHisZhi9Z4_4koan6source4withTINtNtCs27Vx93FoQ6z_4core6option6OptionNtNtCsgW8esjfipvk_5alloc6string6StringEIBD_mEB1R_ENCNvMs0_NtNtNtB6_7machine4core6kerrorNtB2a_10KErrorKind16to_struct_fields0E0B6_
FNDA:837,_RNCINvNtCskWHisZhi9Z4_4koan6source4withTINtNtCsgW8esjfipvk_5alloc3vec3VechEINtNtNtNtCs75vJTIYSa2J_3std11collections4hash3map7HashMapjNtNtBH_6string6StringEENCNvNtNtB6_5parse15expression_tree17parse_with_source0E0B6_
FNDA:1,_RNCINvNtCskWHisZhi9Z4_4koan6source4withTmmENCNvNtNtNtNtB6_5parse15expression_tree5tests5spanss_63parse_with_path_stamps_file_on_expression_and_resolves_line_col0E0B6_
FNDA:1678,_RNCNvNtCskWHisZhi9Z4_4koan6source11set_current0B5_
FNDA:841,_RNCNvNtCskWHisZhi9Z4_4koan6source8register0B5_
FNDA:11081,_RNvMs1_NtCskWHisZhi9Z4_4koan6sourceINtB5_7SpannedNtNtNtNtB7_7machine5model3ast14ExpressionPartE2atB7_
FNDA:983,_RNvMs1_NtCskWHisZhi9Z4_4koan6sourceINtB5_7SpannedNtNtNtNtB7_7machine5model3ast14ExpressionPartE4bareB7_
FNDA:2,_RNvMs1_NtCskWHisZhi9Z4_4koan6sourceINtB5_7SpannedmE4bareB7_
FNDA:1,_RNvXs2_NtCskWHisZhi9Z4_4koan6sourceINtB5_7SpannedmEINtNtCs27Vx93FoQ6z_4core7convert4FrommE4fromB7_
FNDA:1,_RNCNvNtNtCskWHisZhi9Z4_4koan6source5testss_28register_and_with_round_trip0B7_
FNDA:14,_RNvMNtCskWHisZhi9Z4_4koan6sourceNtB2_10SourceFile7resolve
FNDA:839,_RNvMs_NtCskWHisZhi9Z4_4koan6sourceNtB4_16CurrentFileGuard4push
FNDA:1678,_RNvNtCskWHisZhi9Z4_4koan6source11set_current
FNDA:3315,_RNvNtCskWHisZhi9Z4_4koan6source7current
FNDA:841,_RNvNtCskWHisZhi9Z4_4koan6source8register
FNDA:1,_RNvNtNtCskWHisZhi9Z4_4koan6source5testss_18resolve_first_line
FNDA:1,_RNvNtNtCskWHisZhi9Z4_4koan6source5testss_18resolve_multi_line
FNDA:1,_RNvNtNtCskWHisZhi9Z4_4koan6source5testss_24spanned_bare_has_no_span
FNDA:1,_RNvNtNtCskWHisZhi9Z4_4koan6source5testss_28register_and_with_round_trip
FNDA:1,_RNvNtNtCskWHisZhi9Z4_4koan6source5testss_33spanned_from_wraps_with_none_span
FNDA:1,_RNvNtNtCskWHisZhi9Z4_4koan6source5testss_36guard_restores_previous_current_file
FNDA:1,_RNvNtNtCskWHisZhi9Z4_4koan6source5testss_48resolve_utf16_columns_count_code_units_not_bytes
FNDA:839,_RNvXs0_NtCskWHisZhi9Z4_4koan6sourceNtB5_16CurrentFileGuardNtNtNtCs27Vx93FoQ6z_4core3ops4drop4Drop4drop
FNF:22
FNH:22
DA:38,888
DA:39,888
DA:40,888
DA:41,39209
DA:42,39209
DA:43,443
DA:44,38766
DA:46,888
DA:47,888
DA:48,888
DA:49,888
DA:50,888
DA:51,888
DA:54,14
DA:55,14
DA:56,7
DA:57,7
DA:59,14
DA:60,14
DA:61,14
DA:62,14
DA:63,14
DA:73,884
DA:74,884
DA:75,884
DA:76,884
DA:77,884
DA:78,884
DA:79,884
DA:80,884
DA:85,884
DA:86,884
DA:87,884
DA:88,884
DA:89,884
DA:90,884
DA:91,884
DA:92,884
DA:93,884
DA:94,884
DA:95,884
DA:98,3582
DA:99,3582
DA:100,3582
DA:104,1764
DA:105,1764
DA:106,1764
DA:117,882
DA:118,882
DA:119,882
DA:120,882
DA:121,882
DA:125,882
DA:126,882
DA:127,882
DA:139,1066
DA:140,1066
DA:141,1066
DA:143,12083
DA:144,12083
DA:145,12083
DA:146,12083
DA:147,12083
DA:148,12083
DA:152,1
DA:153,1
DA:154,1
DA:162,1
DA:163,1
DA:164,1
DA:165,1
DA:166,1
DA:169,1
DA:170,1
DA:171,1
DA:172,1
DA:173,1
DA:174,1
DA:175,1
DA:178,1
DA:181,1
DA:182,1
DA:184,1
DA:186,1
DA:187,1
DA:190,1
DA:191,1
DA:192,1
DA:193,1
DA:194,1
DA:197,1
DA:198,1
DA:199,1
DA:200,1
DA:201,1
DA:203,1
DA:204,1
DA:206,1
DA:207,1
DA:210,1
DA:211,1
DA:212,1
DA:213,1
DA:214,1
DA:217,1
DA:218,1
DA:219,1
DA:220,1
BRF:0
BRH:0
LF:112
LH:112
end_of_record