SF:/var/home/jack/Code/koan/src/builtins.rs
FN:105,_RNvNtCs3yqXWJWMNss_4koan8builtins13default_scope
FN:71,_RNvNtCs3yqXWJWMNss_4koan8builtins16register_builtin
FN:36,_RNvNtCs3yqXWJWMNss_4koan8builtins20dispatch_constructor
FN:82,_RNvNtCs3yqXWJWMNss_4koan8builtins29register_builtin_with_pre_run
FN:55,_RNvNtCs3yqXWJWMNss_4koan8builtins2kw
FN:60,_RNvNtCs3yqXWJWMNss_4koan8builtins3arg
FN:50,_RNvNtCs3yqXWJWMNss_4koan8builtins3err
FN:67,_RNvNtCs3yqXWJWMNss_4koan8builtins3sig
FN:105,_RNvNtCs8h7e9k1J8CD_4koan8builtins13default_scope
FN:71,_RNvNtCs8h7e9k1J8CD_4koan8builtins16register_builtin
FN:36,_RNvNtCs8h7e9k1J8CD_4koan8builtins20dispatch_constructor
FN:82,_RNvNtCs8h7e9k1J8CD_4koan8builtins29register_builtin_with_pre_run
FN:55,_RNvNtCs8h7e9k1J8CD_4koan8builtins2kw
FN:60,_RNvNtCs8h7e9k1J8CD_4koan8builtins3arg
FN:50,_RNvNtCs8h7e9k1J8CD_4koan8builtins3err
FN:67,_RNvNtCs8h7e9k1J8CD_4koan8builtins3sig
FNDA:15,_RNvNtCs3yqXWJWMNss_4koan8builtins13default_scope
FNDA:405,_RNvNtCs3yqXWJWMNss_4koan8builtins16register_builtin
FNDA:1,_RNvNtCs3yqXWJWMNss_4koan8builtins20dispatch_constructor
FNDA:555,_RNvNtCs3yqXWJWMNss_4koan8builtins29register_builtin_with_pre_run
FNDA:645,_RNvNtCs3yqXWJWMNss_4koan8builtins2kw
FNDA:960,_RNvNtCs3yqXWJWMNss_4koan8builtins3arg
FNDA:0,_RNvNtCs3yqXWJWMNss_4koan8builtins3err
FNDA:525,_RNvNtCs3yqXWJWMNss_4koan8builtins3sig
FNDA:348,_RNvNtCs8h7e9k1J8CD_4koan8builtins13default_scope
FNDA:9416,_RNvNtCs8h7e9k1J8CD_4koan8builtins16register_builtin
FNDA:79,_RNvNtCs8h7e9k1J8CD_4koan8builtins20dispatch_constructor
FNDA:12897,_RNvNtCs8h7e9k1J8CD_4koan8builtins29register_builtin_with_pre_run
FNDA:14964,_RNvNtCs8h7e9k1J8CD_4koan8builtins2kw
FNDA:22272,_RNvNtCs8h7e9k1J8CD_4koan8builtins3arg
FNDA:52,_RNvNtCs8h7e9k1J8CD_4koan8builtins3err
FNDA:12180,_RNvNtCs8h7e9k1J8CD_4koan8builtins3sig
FNF:8
FNH:8
DA:36,80
DA:37,80
DA:38,80
DA:39,80
DA:40,80
DA:41,51
DA:42,28
DA:43,1
DA:45,80
DA:50,52
DA:51,52
DA:52,52
DA:55,15609
DA:56,15609
DA:57,15609
DA:60,23232
DA:61,23232
DA:62,23232
DA:67,12705
DA:68,12705
DA:69,12705
DA:71,9821
DA:72,9821
DA:73,9821
DA:74,9821
DA:75,9821
DA:76,9821
DA:77,9821
DA:78,9821
DA:82,13452
DA:83,13452
DA:84,13452
DA:85,13452
DA:86,13452
DA:87,13452
DA:88,13452
DA:89,13452
DA:92,13452
DA:93,13452
DA:94,13452
DA:95,13452
DA:96,13452
DA:105,363
DA:106,363
DA:107,363
DA:108,363
DA:109,363
DA:115,363
DA:116,363
DA:117,363
DA:118,363
DA:119,363
DA:120,363
DA:121,363
DA:122,363
DA:124,363
DA:125,363
DA:130,363
DA:131,363
DA:132,363
DA:133,363
DA:134,363
DA:136,363
DA:137,363
DA:138,363
DA:139,363
DA:140,363
DA:141,363
DA:142,363
DA:143,363
DA:144,363
DA:145,363
DA:146,363
DA:147,363
DA:148,363
DA:149,363
DA:150,363
DA:151,363
DA:152,363
DA:153,363
DA:154,363
DA:155,363
DA:156,363
DA:157,363
DA:159,363
DA:160,363
BRF:0
BRH:0
LF:86
LH:86
end_of_record
SF:/var/home/jack/Code/koan/src/builtins/ascribe.rs
FN:16,_RNvNtNtCs3yqXWJWMNss_4koan8builtins7ascribe11body_opaque
FN:127,_RNvNtNtCs3yqXWJWMNss_4koan8builtins7ascribe11shape_check
FN:100,_RNvNtNtCs3yqXWJWMNss_4koan8builtins7ascribe16body_transparent
FN:177,_RNvNtNtCs3yqXWJWMNss_4koan8builtins7ascribe21is_abstract_type_name
FN:160,_RNvNtNtCs3yqXWJWMNss_4koan8builtins7ascribe22abstract_type_names_of
FN:189,_RNvNtNtCs3yqXWJWMNss_4koan8builtins7ascribe28resolve_module_and_signature
FN:197,_RNvNtNtCs3yqXWJWMNss_4koan8builtins7ascribe8register
FN:183,_RNCNvNtNtCs3yqXWJWMNss_4koan8builtins7ascribe21is_abstract_type_name0B7_
FN:183,_RNCNvNtNtCs8h7e9k1J8CD_4koan8builtins7ascribe21is_abstract_type_name0B7_
FN:16,_RNvNtNtCs8h7e9k1J8CD_4koan8builtins7ascribe11body_opaque
FN:127,_RNvNtNtCs8h7e9k1J8CD_4koan8builtins7ascribe11shape_check
FN:100,_RNvNtNtCs8h7e9k1J8CD_4koan8builtins7ascribe16body_transparent
FN:177,_RNvNtNtCs8h7e9k1J8CD_4koan8builtins7ascribe21is_abstract_type_name
FN:160,_RNvNtNtCs8h7e9k1J8CD_4koan8builtins7ascribe22abstract_type_names_of
FN:189,_RNvNtNtCs8h7e9k1J8CD_4koan8builtins7ascribe28resolve_module_and_signature
FN:197,_RNvNtNtCs8h7e9k1J8CD_4koan8builtins7ascribe8register
FNDA:0,_RNvNtNtCs3yqXWJWMNss_4koan8builtins7ascribe11body_opaque
FNDA:0,_RNvNtNtCs3yqXWJWMNss_4koan8builtins7ascribe11shape_check
FNDA:0,_RNvNtNtCs3yqXWJWMNss_4koan8builtins7ascribe16body_transparent
FNDA:0,_RNvNtNtCs3yqXWJWMNss_4koan8builtins7ascribe21is_abstract_type_name
FNDA:0,_RNvNtNtCs3yqXWJWMNss_4koan8builtins7ascribe22abstract_type_names_of
FNDA:0,_RNvNtNtCs3yqXWJWMNss_4koan8builtins7ascribe28resolve_module_and_signature
FNDA:15,_RNvNtNtCs3yqXWJWMNss_4koan8builtins7ascribe8register
FNDA:0,_RNCNvNtNtCs3yqXWJWMNss_4koan8builtins7ascribe21is_abstract_type_name0B7_
FNDA:9,_RNCNvNtNtCs8h7e9k1J8CD_4koan8builtins7ascribe21is_abstract_type_name0B7_
FNDA:20,_RNvNtNtCs8h7e9k1J8CD_4koan8builtins7ascribe11body_opaque
FNDA:35,_RNvNtNtCs8h7e9k1J8CD_4koan8builtins7ascribe11shape_check
FNDA:15,_RNvNtNtCs8h7e9k1J8CD_4koan8builtins7ascribe16body_transparent
FNDA:120,_RNvNtNtCs8h7e9k1J8CD_4koan8builtins7ascribe21is_abstract_type_name
FNDA:62,_RNvNtNtCs8h7e9k1J8CD_4koan8builtins7ascribe22abstract_type_names_of
FNDA:35,_RNvNtNtCs8h7e9k1J8CD_4koan8builtins7ascribe28resolve_module_and_signature
FNDA:348,_RNvNtNtCs8h7e9k1J8CD_4koan8builtins7ascribe8register
FNF:8
FNH:8
DA:16,20
DA:17,20
DA:18,20
DA:19,20
DA:20,20
DA:21,20
DA:22,20
DA:23,0
DA:26,20
DA:27,20
DA:28,20
DA:29,20
DA:37,20
DA:38,20
DA:39,0
DA:40,20
DA:42,20
DA:56,20
DA:57,20
DA:59,20
DA:60,20
DA:61,13
DA:62,3
DA:63,3
DA:65,10
DA:67,13
DA:68,13
DA:69,13
DA:70,13
DA:71,13
DA:72,13
DA:73,13
DA:74,13
DA:77,20
DA:78,13
DA:79,13
DA:80,13
DA:81,13
DA:82,7
DA:84,20
DA:85,2
DA:86,18
DA:91,18
DA:95,18
DA:96,18
DA:97,20
DA:100,15
DA:101,15
DA:102,15
DA:103,15
DA:104,15
DA:105,15
DA:106,15
DA:107,0
DA:109,15
DA:110,0
DA:111,15
DA:113,15
DA:114,15
DA:115,15
DA:116,15
DA:117,15
DA:120,15
DA:121,15
DA:122,15
DA:123,15
DA:127,35
DA:128,35
DA:129,35
DA:130,35
DA:133,35
DA:134,35
DA:135,35
DA:136,35
DA:137,35
DA:138,32
DA:139,0
DA:140,32
DA:141,32
DA:142,2
DA:143,2
DA:144,2
DA:145,2
DA:146,30
DA:148,33
DA:149,35
DA:160,62
DA:161,62
DA:162,62
DA:163,62
DA:164,62
DA:165,62
DA:166,62
DA:167,62
DA:168,56
DA:169,0
DA:170,56
DA:172,62
DA:173,62
DA:177,120
DA:178,120
DA:179,120
DA:180,120
DA:181,111
DA:182,9
DA:183,9
DA:184,120
DA:189,35
DA:190,35
DA:191,35
DA:192,35
DA:193,35
DA:194,35
DA:195,35
DA:197,363
DA:203,363
DA:204,363
DA:205,363
DA:206,363
DA:207,363
DA:208,363
DA:209,363
DA:210,363
DA:212,363
DA:214,363
DA:215,363
DA:216,363
DA:217,363
DA:218,363
DA:219,363
DA:220,363
DA:222,363
DA:224,363
BRF:0
BRH:0
LF:134
LH:128
end_of_record
SF:/var/home/jack/Code/koan/src/builtins/attr.rs
FN:128,_RNvNtNtCs3yqXWJWMNss_4koan8builtins4attr11body_module
FN:110,_RNvNtNtCs3yqXWJWMNss_4koan8builtins4attr11body_struct
FN:164,_RNvNtNtCs3yqXWJWMNss_4koan8builtins4attr12access_field
FN:69,_RNvNtNtCs3yqXWJWMNss_4koan8builtins4attr13body_type_lhs
FN:31,_RNvNtNtCs3yqXWJWMNss_4koan8builtins4attr15body_identifier
FN:144,_RNvNtNtCs3yqXWJWMNss_4koan8builtins4attr15read_field_name
FN:216,_RNvNtNtCs3yqXWJWMNss_4koan8builtins4attr20access_module_member
FN:244,_RNvNtNtCs3yqXWJWMNss_4koan8builtins4attr8register
FN:128,_RNvNtNtCs8h7e9k1J8CD_4koan8builtins4attr11body_module
FN:110,_RNvNtNtCs8h7e9k1J8CD_4koan8builtins4attr11body_struct
FN:164,_RNvNtNtCs8h7e9k1J8CD_4koan8builtins4attr12access_field
FN:69,_RNvNtNtCs8h7e9k1J8CD_4koan8builtins4attr13body_type_lhs
FN:31,_RNvNtNtCs8h7e9k1J8CD_4koan8builtins4attr15body_identifier
FN:144,_RNvNtNtCs8h7e9k1J8CD_4koan8builtins4attr15read_field_name
FN:216,_RNvNtNtCs8h7e9k1J8CD_4koan8builtins4attr20access_module_member
FN:244,_RNvNtNtCs8h7e9k1J8CD_4koan8builtins4attr8register
FN:330,_RNvNtNtNtCs8h7e9k1J8CD_4koan8builtins4attr5testss_24attr_unbound_name_errors
FN:357,_RNvNtNtNtCs8h7e9k1J8CD_4koan8builtins4attr5testss_25attr_unknown_field_errors
FN:341,_RNvNtNtNtCs8h7e9k1J8CD_4koan8builtins4attr5testss_31attr_on_non_struct_value_errors
FN:373,_RNvNtNtNtCs8h7e9k1J8CD_4koan8builtins4attr5testss_33attr_chained_unknown_field_errors
FN:314,_RNvNtNtNtCs8h7e9k1J8CD_4koan8builtins4attr5testss_34attr_chained_through_nested_struct
FN:290,_RNvNtNtNtCs8h7e9k1J8CD_4koan8builtins4attr5testss_34attr_reads_field_from_named_struct
FN:302,_RNvNtNtNtCs8h7e9k1J8CD_4koan8builtins4attr5testss_35attr_reads_each_field_independently
FN:416,_RNvNtNtNtCs8h7e9k1J8CD_4koan8builtins4attr5testss_39access_field_rejects_wrapped_non_struct
FN:397,_RNvNtNtNtCs8h7e9k1J8CD_4koan8builtins4attr5testss_41access_field_falls_through_wrapped_struct
FN:440,_RNvNtNtNtCs8h7e9k1J8CD_4koan8builtins4attr5testss_53access_field_falls_through_wrapped_with_missing_field
FNDA:1,_RNvNtNtCs3yqXWJWMNss_4koan8builtins4attr11body_module
FNDA:0,_RNvNtNtCs3yqXWJWMNss_4koan8builtins4attr11body_struct
FNDA:6,_RNvNtNtCs3yqXWJWMNss_4koan8builtins4attr12access_field
FNDA:5,_RNvNtNtCs3yqXWJWMNss_4koan8builtins4attr13body_type_lhs
FNDA:1,_RNvNtNtCs3yqXWJWMNss_4koan8builtins4attr15body_identifier
FNDA:7,_RNvNtNtCs3yqXWJWMNss_4koan8builtins4attr15read_field_name
FNDA:6,_RNvNtNtCs3yqXWJWMNss_4koan8builtins4attr20access_module_member
FNDA:15,_RNvNtNtCs3yqXWJWMNss_4koan8builtins4attr8register
FNDA:4,_RNvNtNtCs8h7e9k1J8CD_4koan8builtins4attr11body_module
FNDA:2,_RNvNtNtCs8h7e9k1J8CD_4koan8builtins4attr11body_struct
FNDA:23,_RNvNtNtCs8h7e9k1J8CD_4koan8builtins4attr12access_field
FNDA:6,_RNvNtNtCs8h7e9k1J8CD_4koan8builtins4attr13body_type_lhs
FNDA:12,_RNvNtNtCs8h7e9k1J8CD_4koan8builtins4attr15body_identifier
FNDA:24,_RNvNtNtCs8h7e9k1J8CD_4koan8builtins4attr15read_field_name
FNDA:10,_RNvNtNtCs8h7e9k1J8CD_4koan8builtins4attr20access_module_member
FNDA:348,_RNvNtNtCs8h7e9k1J8CD_4koan8builtins4attr8register
FNDA:1,_RNvNtNtNtCs8h7e9k1J8CD_4koan8builtins4attr5testss_24attr_unbound_name_errors
FNDA:1,_RNvNtNtNtCs8h7e9k1J8CD_4koan8builtins4attr5testss_25attr_unknown_field_errors
FNDA:1,_RNvNtNtNtCs8h7e9k1J8CD_4koan8builtins4attr5testss_31attr_on_non_struct_value_errors
FNDA:1,_RNvNtNtNtCs8h7e9k1J8CD_4koan8builtins4attr5testss_33attr_chained_unknown_field_errors
FNDA:1,_RNvNtNtNtCs8h7e9k1J8CD_4koan8builtins4attr5testss_34attr_chained_through_nested_struct
FNDA:1,_RNvNtNtNtCs8h7e9k1J8CD_4koan8builtins4attr5testss_34attr_reads_field_from_named_struct
FNDA:1,_RNvNtNtNtCs8h7e9k1J8CD_4koan8builtins4attr5testss_35attr_reads_each_field_independently
FNDA:1,_RNvNtNtNtCs8h7e9k1J8CD_4koan8builtins4attr5testss_39access_field_rejects_wrapped_non_struct
FNDA:1,_RNvNtNtNtCs8h7e9k1J8CD_4koan8builtins4attr5testss_41access_field_falls_through_wrapped_struct
FNDA:1,_RNvNtNtNtCs8h7e9k1J8CD_4koan8builtins4attr5testss_53access_field_falls_through_wrapped_with_missing_field
FNF:18
FNH:18
DA:31,13
DA:32,13
DA:33,13
DA:34,13
DA:35,13
DA:36,13
DA:37,13
DA:38,0
DA:39,0
DA:40,0
DA:41,0
DA:42,0
DA:43,0
DA:45,0
DA:47,13
DA:48,13
DA:49,13
DA:50,0
DA:52,13
DA:53,12
DA:54,1
DA:56,12
DA:57,13
DA:69,11
DA:70,11
DA:71,11
DA:72,11
DA:73,11
DA:74,11
DA:79,0
DA:84,11
DA:85,0
DA:86,0
DA:87,0
DA:88,0
DA:89,0
DA:90,0
DA:92,0
DA:94,11
DA:95,11
DA:96,0
DA:103,11
DA:104,11
DA:105,0
DA:107,11
DA:108,11
DA:110,2
DA:111,2
DA:112,2
DA:113,2
DA:114,2
DA:115,2
DA:116,2
DA:117,0
DA:119,2
DA:120,2
DA:121,0
DA:123,2
DA:124,2
DA:128,5
DA:129,5
DA:130,5
DA:131,5
DA:132,5
DA:133,5
DA:134,5
DA:135,0
DA:137,5
DA:138,5
DA:139,0
DA:141,5
DA:142,5
DA:144,31
DA:145,31
DA:146,24
DA:150,0
DA:154,7
DA:155,0
DA:156,0
DA:157,0
DA:158,0
DA:159,0
DA:160,0
DA:162,31
DA:164,29
DA:165,29
DA:166,29
DA:167,29
DA:168,29
DA:169,29
DA:170,12
DA:171,9
DA:172,3
DA:173,3
DA:174,3
DA:175,3
DA:179,11
DA:188,4
DA:189,2
DA:190,2
DA:191,2
DA:192,2
DA:193,2
DA:195,29
DA:216,16
DA:217,16
DA:218,0
DA:219,0
DA:220,0
DA:221,0
DA:222,0
DA:224,16
DA:225,5
DA:226,5
DA:227,5
DA:228,11
DA:229,11
DA:230,11
DA:231,10
DA:232,1
DA:233,1
DA:234,0
DA:235,0
DA:236,0
DA:237,1
DA:238,1
DA:239,1
DA:240,1
DA:241,1
DA:242,16
DA:244,363
DA:245,363
DA:246,363
DA:247,363
DA:248,363
DA:249,363
DA:251,363
DA:252,363
DA:253,363
DA:254,363
DA:255,363
DA:256,363
DA:257,363
DA:258,363
DA:259,363
DA:267,363
DA:268,363
DA:269,363
DA:270,363
DA:271,363
DA:272,363
DA:273,363
DA:274,363
DA:275,363
DA:278,363
DA:279,363
DA:280,363
DA:281,363
DA:290,1
DA:291,1
DA:292,1
DA:293,1
DA:294,1
DA:295,1
DA:297,1
DA:298,1
DA:299,1
DA:302,1
DA:303,1
DA:304,1
DA:305,1
DA:306,1
DA:307,1
DA:309,1
DA:310,1
DA:311,1
DA:314,1
DA:315,1
DA:316,1
DA:317,1
DA:318,1
DA:319,1
DA:320,1
DA:321,1
DA:322,1
DA:323,1
DA:325,1
DA:326,1
DA:327,1
DA:330,1
DA:331,1
DA:332,1
DA:333,1
DA:334,1
DA:335,1
DA:338,1
DA:341,1
DA:342,1
DA:343,1
DA:344,1
DA:345,1
DA:346,1
DA:347,1
DA:348,1
DA:349,1
DA:350,1
DA:352,0
DA:354,1
DA:357,1
DA:358,1
DA:359,1
DA:360,1
DA:361,1
DA:362,1
DA:364,1
DA:365,1
DA:366,1
DA:367,1
DA:370,1
DA:373,1
DA:374,1
DA:375,1
DA:376,1
DA:377,1
DA:378,1
DA:379,1
DA:380,1
DA:381,1
DA:382,1
DA:384,1
DA:385,1
DA:386,1
DA:387,1
DA:390,1
DA:397,1
DA:398,1
DA:399,1
DA:400,1
DA:401,1
DA:402,1
DA:403,1
DA:404,1
DA:405,1
DA:407,1
DA:408,1
DA:409,1
DA:416,1
DA:417,1
DA:418,1
DA:419,1
DA:420,1
DA:421,1
DA:422,1
DA:424,1
DA:425,1
DA:426,1
DA:427,1
DA:428,1
DA:429,1
DA:431,0
DA:433,1
DA:440,1
DA:441,1
DA:442,1
DA:443,1
DA:444,1
DA:445,1
DA:446,1
DA:447,1
DA:448,1
DA:450,1
DA:451,1
DA:452,1
DA:453,1
DA:456,1
BRF:0
BRH:0
LF:275
LH:233
end_of_record
SF:/var/home/jack/Code/koan/src/builtins/call_by_name.rs
FN:10,_RNvNtNtCs3yqXWJWMNss_4koan8builtins12call_by_name4body
FN:59,_RNvNtNtCs3yqXWJWMNss_4koan8builtins12call_by_name8register
FN:10,_RNvNtNtCs8h7e9k1J8CD_4koan8builtins12call_by_name4body
FN:59,_RNvNtNtCs8h7e9k1J8CD_4koan8builtins12call_by_name8register
FN:132,_RNvNtNtNtCs8h7e9k1J8CD_4koan8builtins12call_by_name5testss_26call_by_name_missing_colon
FN:78,_RNvNtNtNtCs8h7e9k1J8CD_4koan8builtins12call_by_name5testss_28fn_callable_via_call_by_name
FN:106,_RNvNtNtNtCs8h7e9k1J8CD_4koan8builtins12call_by_name5testss_30call_by_name_missing_named_arg
FN:120,_RNvNtNtNtCs8h7e9k1J8CD_4koan8builtins12call_by_name5testss_30call_by_name_unknown_named_arg
FN:144,_RNvNtNtNtCs8h7e9k1J8CD_4koan8builtins12call_by_name5testss_32call_by_name_duplicate_named_arg
FN:207,_RNvNtNtNtCs8h7e9k1J8CD_4koan8builtins12call_by_name5testss_34call_by_name_unbound_returns_error
FN:88,_RNvNtNtNtCs8h7e9k1J8CD_4koan8builtins12call_by_name5testss_36call_by_name_weaves_internal_keyword
FN:191,_RNvNtNtNtCs8h7e9k1J8CD_4koan8builtins12call_by_name5testss_38call_by_name_on_struct_type_constructs
FN:174,_RNvNtNtNtCs8h7e9k1J8CD_4koan8builtins12call_by_name5testss_39call_by_name_on_tagged_union_constructs
FN:97,_RNvNtNtNtCs8h7e9k1J8CD_4koan8builtins12call_by_name5testss_41call_by_name_named_args_order_independent
FN:158,_RNvNtNtNtCs8h7e9k1J8CD_4koan8builtins12call_by_name5testss_42call_by_name_on_non_function_returns_error
FN:238,_RNvNtNtNtCs8h7e9k1J8CD_4koan8builtins12call_by_name5testss_45escaped_closure_with_param_returns_body_value
FN:221,_RNvNtNtNtCs8h7e9k1J8CD_4koan8builtins12call_by_name5testss_48closure_escapes_outer_call_and_remains_invocable
FN:255,_RNvNtNtNtCs8h7e9k1J8CD_4koan8builtins12call_by_name5testss_52list_of_closures_escapes_outer_call_with_rc_attached
FNDA:0,_RNvNtNtCs3yqXWJWMNss_4koan8builtins12call_by_name4body
FNDA:15,_RNvNtNtCs3yqXWJWMNss_4koan8builtins12call_by_name8register
FNDA:14,_RNvNtNtCs8h7e9k1J8CD_4koan8builtins12call_by_name4body
FNDA:348,_RNvNtNtCs8h7e9k1J8CD_4koan8builtins12call_by_name8register
FNDA:1,_RNvNtNtNtCs8h7e9k1J8CD_4koan8builtins12call_by_name5testss_26call_by_name_missing_colon
FNDA:1,_RNvNtNtNtCs8h7e9k1J8CD_4koan8builtins12call_by_name5testss_28fn_callable_via_call_by_name
FNDA:1,_RNvNtNtNtCs8h7e9k1J8CD_4koan8builtins12call_by_name5testss_30call_by_name_missing_named_arg
FNDA:1,_RNvNtNtNtCs8h7e9k1J8CD_4koan8builtins12call_by_name5testss_30call_by_name_unknown_named_arg
FNDA:1,_RNvNtNtNtCs8h7e9k1J8CD_4koan8builtins12call_by_name5testss_32call_by_name_duplicate_named_arg
FNDA:1,_RNvNtNtNtCs8h7e9k1J8CD_4koan8builtins12call_by_name5testss_34call_by_name_unbound_returns_error
FNDA:1,_RNvNtNtNtCs8h7e9k1J8CD_4koan8builtins12call_by_name5testss_36call_by_name_weaves_internal_keyword
FNDA:1,_RNvNtNtNtCs8h7e9k1J8CD_4koan8builtins12call_by_name5testss_38call_by_name_on_struct_type_constructs
FNDA:1,_RNvNtNtNtCs8h7e9k1J8CD_4koan8builtins12call_by_name5testss_39call_by_name_on_tagged_union_constructs
FNDA:1,_RNvNtNtNtCs8h7e9k1J8CD_4koan8builtins12call_by_name5testss_41call_by_name_named_args_order_independent
FNDA:1,_RNvNtNtNtCs8h7e9k1J8CD_4koan8builtins12call_by_name5testss_42call_by_name_on_non_function_returns_error
FNDA:1,_RNvNtNtNtCs8h7e9k1J8CD_4koan8builtins12call_by_name5testss_45escaped_closure_with_param_returns_body_value
FNDA:1,_RNvNtNtNtCs8h7e9k1J8CD_4koan8builtins12call_by_name5testss_48closure_escapes_outer_call_and_remains_invocable
FNDA:1,_RNvNtNtNtCs8h7e9k1J8CD_4koan8builtins12call_by_name5testss_52list_of_closures_escapes_outer_call_with_rc_attached
FNF:16
FNH:16
DA:10,14
DA:11,14
DA:12,14
DA:13,14
DA:14,14
DA:16,14
DA:17,14
DA:18,0
DA:19,0
DA:20,0
DA:21,0
DA:22,0
DA:23,0
DA:26,0
DA:31,14
DA:32,14
DA:33,14
DA:34,0
DA:35,0
DA:36,0
DA:37,0
DA:39,0
DA:41,14
DA:42,9
DA:44,5
DA:45,1
DA:46,4
DA:47,3
DA:48,1
DA:49,1
DA:50,1
DA:51,1
DA:52,1
DA:57,14
DA:59,363
DA:60,363
DA:61,363
DA:62,363
DA:63,363
DA:64,363
DA:65,363
DA:67,363
DA:69,363
DA:78,1
DA:79,1
DA:80,1
DA:81,1
DA:82,1
DA:83,1
DA:84,1
DA:88,1
DA:89,1
DA:90,1
DA:91,1
DA:92,1
DA:93,1
DA:94,1
DA:97,1
DA:98,1
DA:99,1
DA:100,1
DA:101,1
DA:102,1
DA:103,1
DA:106,1
DA:107,1
DA:108,1
DA:109,1
DA:110,1
DA:111,1
DA:112,1
DA:115,1
DA:120,1
DA:121,1
DA:122,1
DA:123,1
DA:124,1
DA:125,1
DA:126,1
DA:129,1
DA:132,1
DA:133,1
DA:134,1
DA:135,1
DA:136,1
DA:137,1
DA:138,1
DA:141,1
DA:144,1
DA:145,1
DA:146,1
DA:147,1
DA:148,1
DA:149,1
DA:150,1
DA:153,1
DA:158,1
DA:159,1
DA:160,1
DA:161,1
DA:162,1
DA:163,1
DA:164,1
DA:165,1
DA:166,1
DA:167,1
DA:171,1
DA:174,1
DA:175,1
DA:176,1
DA:177,1
DA:178,1
DA:179,1
DA:180,1
DA:181,1
DA:182,1
DA:184,0
DA:186,1
DA:191,1
DA:192,1
DA:193,1
DA:194,1
DA:195,1
DA:196,1
DA:197,1
DA:198,1
DA:199,1
DA:200,1
DA:202,0
DA:204,1
DA:207,1
DA:208,1
DA:209,1
DA:210,1
DA:211,1
DA:212,1
DA:215,1
DA:221,1
DA:222,1
DA:223,1
DA:224,1
DA:225,1
DA:226,1
DA:227,1
DA:229,1
DA:230,1
DA:231,1
DA:232,0
DA:234,1
DA:238,1
DA:239,1
DA:240,1
DA:241,1
DA:242,1
DA:243,1
DA:244,1
DA:246,1
DA:247,1
DA:248,1
DA:255,1
DA:256,1
DA:257,1
DA:258,1
DA:259,1
DA:260,1
DA:261,1
DA:262,0
DA:264,1
DA:265,1
DA:266,1
DA:267,1
DA:271,0
DA:273,1
BRF:0
BRH:0
LF:173
LH:156
end_of_record
SF:/var/home/jack/Code/koan/src/builtins/cons.rs
FN:69,_RNvNtNtCs3yqXWJWMNss_4koan8builtins4cons20fold_multi_statement
FN:30,_RNvNtNtCs3yqXWJWMNss_4koan8builtins4cons4body
FN:89,_RNvNtNtCs3yqXWJWMNss_4koan8builtins4cons8register
FN:108,_RNvNtNtNtCs8h7e9k1J8CD_4koan8builtins4cons5tests7capture
FN:189,_RNvNtNtNtCs8h7e9k1J8CD_4koan8builtins4cons5testss_31single_statement_body_unchanged
FN:176,_RNvNtNtNtCs8h7e9k1J8CD_4koan8builtins4cons5testss_42backward_reference_across_statements_works
FN:117,_RNvNtNtNtCs8h7e9k1J8CD_4koan8builtins4cons5testss_42multi_statement_fn_body_returns_last_value
FN:129,_RNvNtNtNtCs8h7e9k1J8CD_4koan8builtins4cons5testss_43multi_statement_fn_body_runs_each_statement
FN:140,_RNvNtNtNtCs8h7e9k1J8CD_4koan8builtins4cons5testss_47multi_statement_match_branch_returns_last_value
FN:156,_RNvNtNtNtCs8h7e9k1J8CD_4koan8builtins4cons5testss_59fn_recursion_with_multi_statement_body_via_match_terminates
FN:69,_RNvNtNtCs8h7e9k1J8CD_4koan8builtins4cons20fold_multi_statement
FN:30,_RNvNtNtCs8h7e9k1J8CD_4koan8builtins4cons4body
FN:89,_RNvNtNtCs8h7e9k1J8CD_4koan8builtins4cons8register
FN:134,_RNCNvNtNtNtCs8h7e9k1J8CD_4koan8builtins4cons5testss_43multi_statement_fn_body_runs_each_statement0B9_
FN:136,_RNCNvNtNtNtCs8h7e9k1J8CD_4koan8builtins4cons5testss_43multi_statement_fn_body_runs_each_statements0_0B9_
FN:135,_RNCNvNtNtNtCs8h7e9k1J8CD_4koan8builtins4cons5testss_43multi_statement_fn_body_runs_each_statements_0B9_
FNDA:5,_RNvNtNtCs3yqXWJWMNss_4koan8builtins4cons20fold_multi_statement
FNDA:0,_RNvNtNtCs3yqXWJWMNss_4koan8builtins4cons4body
FNDA:15,_RNvNtNtCs3yqXWJWMNss_4koan8builtins4cons8register
FNDA:3,_RNvNtNtNtCs8h7e9k1J8CD_4koan8builtins4cons5tests7capture
FNDA:1,_RNvNtNtNtCs8h7e9k1J8CD_4koan8builtins4cons5testss_31single_statement_body_unchanged
FNDA:1,_RNvNtNtNtCs8h7e9k1J8CD_4koan8builtins4cons5testss_42backward_reference_across_statements_works
FNDA:1,_RNvNtNtNtCs8h7e9k1J8CD_4koan8builtins4cons5testss_42multi_statement_fn_body_returns_last_value
FNDA:1,_RNvNtNtNtCs8h7e9k1J8CD_4koan8builtins4cons5testss_43multi_statement_fn_body_runs_each_statement
FNDA:1,_RNvNtNtNtCs8h7e9k1J8CD_4koan8builtins4cons5testss_47multi_statement_match_branch_returns_last_value
FNDA:1,_RNvNtNtNtCs8h7e9k1J8CD_4koan8builtins4cons5testss_59fn_recursion_with_multi_statement_body_via_match_terminates
FNDA:171,_RNvNtNtCs8h7e9k1J8CD_4koan8builtins4cons20fold_multi_statement
FNDA:9,_RNvNtNtCs8h7e9k1J8CD_4koan8builtins4cons4body
FNDA:348,_RNvNtNtCs8h7e9k1J8CD_4koan8builtins4cons8register
FNDA:3,_RNCNvNtNtNtCs8h7e9k1J8CD_4koan8builtins4cons5testss_43multi_statement_fn_body_runs_each_statement0B9_
FNDA:1,_RNCNvNtNtNtCs8h7e9k1J8CD_4koan8builtins4cons5testss_43multi_statement_fn_body_runs_each_statements0_0B9_
FNDA:5,_RNCNvNtNtNtCs8h7e9k1J8CD_4koan8builtins4cons5testss_43multi_statement_fn_body_runs_each_statements_0B9_
FNF:13
FNH:13
DA:30,9
DA:31,9
DA:32,9
DA:33,9
DA:34,9
DA:35,9
DA:36,9
DA:38,0
DA:39,0
DA:40,0
DA:43,9
DA:44,9
DA:46,0
DA:47,0
DA:48,0
DA:53,9
DA:54,9
DA:55,9
DA:69,176
DA:70,176
DA:71,85
DA:72,91
DA:73,91
DA:74,5
DA:75,86
DA:77,13
DA:78,8
DA:79,8
DA:80,8
DA:81,8
DA:82,8
DA:83,8
DA:84,8
DA:85,8
DA:86,5
DA:87,176
DA:89,363
DA:90,363
DA:91,363
DA:92,363
DA:93,363
DA:94,363
DA:95,363
DA:96,363
DA:98,363
DA:100,363
DA:108,3
DA:109,3
DA:110,3
DA:111,3
DA:112,3
DA:113,3
DA:114,3
DA:117,1
DA:118,1
DA:119,1
DA:120,1
DA:121,1
DA:122,1
DA:124,1
DA:125,1
DA:126,1
DA:129,1
DA:130,1
DA:131,1
DA:134,3
DA:135,5
DA:136,1
DA:137,1
DA:140,1
DA:141,1
DA:142,1
DA:143,1
DA:144,1
DA:145,1
DA:146,1
DA:147,1
DA:150,1
DA:151,1
DA:152,1
DA:153,1
DA:156,1
DA:160,1
DA:161,1
DA:162,1
DA:163,1
DA:164,1
DA:165,1
DA:166,1
DA:167,1
DA:168,1
DA:169,1
DA:171,1
DA:172,1
DA:173,1
DA:176,1
DA:178,1
DA:179,1
DA:180,1
DA:181,1
DA:182,1
DA:184,1
DA:185,1
DA:186,1
DA:189,1
DA:191,1
DA:192,1
DA:193,1
DA:194,1
DA:195,1
DA:196,1
BRF:0
BRH:0
LF:114
LH:108
end_of_record
SF:/var/home/jack/Code/koan/src/builtins/eval.rs
FN:21,_RNvNtNtCs3yqXWJWMNss_4koan8builtins4eval4body
FN:50,_RNvNtNtCs3yqXWJWMNss_4koan8builtins4eval8register
FN:21,_RNvNtNtCs8h7e9k1J8CD_4koan8builtins4eval4body
FN:50,_RNvNtNtCs8h7e9k1J8CD_4koan8builtins4eval8register
FN:64,_RNvNtNtNtCs8h7e9k1J8CD_4koan8builtins4eval5tests11run_program
FN:128,_RNvNtNtNtCs8h7e9k1J8CD_4koan8builtins4eval5testss_21recursive_eval_no_uaf
FN:73,_RNvNtNtNtCs8h7e9k1J8CD_4koan8builtins4eval5testss_22eval_of_quoted_literal
FN:109,_RNvNtNtNtCs8h7e9k1J8CD_4koan8builtins4eval5testss_34multiline_sigil_collapse_roundtrip
FN:119,_RNvNtNtNtCs8h7e9k1J8CD_4koan8builtins4eval5testss_35eval_returns_inner_expression_value
FN:102,_RNvNtNtNtCs8h7e9k1J8CD_4koan8builtins4eval5testss_37eval_runs_side_effects_in_quoted_body
FN:79,_RNvNtNtNtCs8h7e9k1J8CD_4koan8builtins4eval5testss_38eval_of_function_returning_kexpression
FN:89,_RNvNtNtNtCs8h7e9k1J8CD_4koan8builtins4eval5testss_49eval_of_non_kexpression_errors_with_type_mismatch
FNDA:0,_RNvNtNtCs3yqXWJWMNss_4koan8builtins4eval4body
FNDA:15,_RNvNtNtCs3yqXWJWMNss_4koan8builtins4eval8register
FNDA:8,_RNvNtNtCs8h7e9k1J8CD_4koan8builtins4eval4body
FNDA:348,_RNvNtNtCs8h7e9k1J8CD_4koan8builtins4eval8register
FNDA:6,_RNvNtNtNtCs8h7e9k1J8CD_4koan8builtins4eval5tests11run_program
FNDA:1,_RNvNtNtNtCs8h7e9k1J8CD_4koan8builtins4eval5testss_21recursive_eval_no_uaf
FNDA:1,_RNvNtNtNtCs8h7e9k1J8CD_4koan8builtins4eval5testss_22eval_of_quoted_literal
FNDA:1,_RNvNtNtNtCs8h7e9k1J8CD_4koan8builtins4eval5testss_34multiline_sigil_collapse_roundtrip
FNDA:1,_RNvNtNtNtCs8h7e9k1J8CD_4koan8builtins4eval5testss_35eval_returns_inner_expression_value
FNDA:1,_RNvNtNtNtCs8h7e9k1J8CD_4koan8builtins4eval5testss_37eval_runs_side_effects_in_quoted_body
FNDA:1,_RNvNtNtNtCs8h7e9k1J8CD_4koan8builtins4eval5testss_38eval_of_function_returning_kexpression
FNDA:1,_RNvNtNtNtCs8h7e9k1J8CD_4koan8builtins4eval5testss_49eval_of_non_kexpression_errors_with_type_mismatch
FNF:10
FNH:10
DA:21,8
DA:22,8
DA:23,8
DA:24,8
DA:25,8
DA:26,8
DA:27,8
DA:28,0
DA:30,8
DA:31,7
DA:32,1
DA:33,1
DA:34,1
DA:35,1
DA:36,1
DA:37,1
DA:46,7
DA:47,7
DA:48,8
DA:50,363
DA:51,363
DA:52,363
DA:53,363
DA:54,363
DA:55,363
DA:57,363
DA:64,6
DA:65,6
DA:66,6
DA:67,6
DA:68,6
DA:69,6
DA:70,6
DA:73,1
DA:74,1
DA:75,1
DA:76,1
DA:79,1
DA:81,1
DA:82,1
DA:83,1
DA:85,1
DA:86,1
DA:89,1
DA:90,1
DA:91,1
DA:92,1
DA:93,1
DA:94,1
DA:95,1
DA:96,1
DA:99,1
DA:102,1
DA:104,1
DA:105,1
DA:106,1
DA:109,1
DA:112,1
DA:113,1
DA:115,1
DA:116,1
DA:119,1
DA:123,1
DA:124,1
DA:125,1
DA:128,1
DA:133,1
DA:134,1
DA:135,1
DA:136,1
DA:137,1
DA:138,1
DA:139,1
DA:141,1
DA:142,1
BRF:0
BRH:0
LF:75
LH:74
end_of_record
SF:/var/home/jack/Code/koan/src/builtins/fn_def.rs
FN:29,_RNvNtNtCs3yqXWJWMNss_4koan8builtins6fn_def4body
FN:90,_RNvNtNtCs3yqXWJWMNss_4koan8builtins6fn_def8register
FN:29,_RNvNtNtCs8h7e9k1J8CD_4koan8builtins6fn_def4body
FN:90,_RNvNtNtCs8h7e9k1J8CD_4koan8builtins6fn_def8register
FNDA:5,_RNvNtNtCs3yqXWJWMNss_4koan8builtins6fn_def4body
FNDA:15,_RNvNtNtCs3yqXWJWMNss_4koan8builtins6fn_def8register
FNDA:120,_RNvNtNtCs8h7e9k1J8CD_4koan8builtins6fn_def4body
FNDA:348,_RNvNtNtCs8h7e9k1J8CD_4koan8builtins6fn_def8register
FNF:2
FNH:2
DA:29,125
DA:30,125
DA:31,125
DA:32,125
DA:33,125
DA:34,125
DA:35,125
DA:37,0
DA:38,0
DA:39,0
DA:42,125
DA:43,125
DA:44,0
DA:46,125
DA:47,125
DA:49,0
DA:50,0
DA:51,0
DA:57,125
DA:63,125
DA:65,125
DA:67,125
DA:68,123
DA:69,2
DA:72,123
DA:73,107
DA:74,4
DA:75,12
DA:76,12
DA:80,119
DA:81,101
DA:82,101
DA:84,18
DA:85,18
DA:88,125
DA:90,363
DA:101,363
DA:102,363
DA:103,363
DA:104,363
DA:105,363
DA:106,363
DA:107,363
DA:108,363
DA:109,363
DA:110,363
DA:112,363
DA:113,363
DA:115,363
DA:116,363
DA:117,363
DA:118,363
DA:119,363
DA:120,363
DA:121,363
DA:122,363
DA:123,363
DA:124,363
DA:126,363
DA:127,363
DA:129,363
BRF:0
BRH:0
LF:61
LH:54
end_of_record
SF:/var/home/jack/Code/koan/src/builtins/fn_def/finalize.rs
FN:162,_RNCNvNtNtNtCs3yqXWJWMNss_4koan8builtins6fn_def8finalize11finalize_fn0B9_
FN:232,_RNCNvNtNtNtCs3yqXWJWMNss_4koan8builtins6fn_def8finalize17defer_via_combine0B9_
FN:151,_RNvNtNtNtCs3yqXWJWMNss_4koan8builtins6fn_def8finalize11finalize_fn
FN:210,_RNvNtNtNtCs3yqXWJWMNss_4koan8builtins6fn_def8finalize17defer_via_combine
FN:66,_RNvNtNtNtCs3yqXWJWMNss_4koan8builtins6fn_def8finalize8classify
FN:151,_RNvNtNtNtCs8h7e9k1J8CD_4koan8builtins6fn_def8finalize11finalize_fn
FN:210,_RNvNtNtNtCs8h7e9k1J8CD_4koan8builtins6fn_def8finalize17defer_via_combine
FN:66,_RNvNtNtNtCs8h7e9k1J8CD_4koan8builtins6fn_def8finalize8classify
FN:162,_RNCNvNtNtNtCs8h7e9k1J8CD_4koan8builtins6fn_def8finalize11finalize_fn0B9_
FN:232,_RNCNvNtNtNtCs8h7e9k1J8CD_4koan8builtins6fn_def8finalize17defer_via_combine0B9_
FNDA:5,_RNCNvNtNtNtCs3yqXWJWMNss_4koan8builtins6fn_def8finalize11finalize_fn0B9_
FNDA:1,_RNCNvNtNtNtCs3yqXWJWMNss_4koan8builtins6fn_def8finalize17defer_via_combine0B9_
FNDA:5,_RNvNtNtNtCs3yqXWJWMNss_4koan8builtins6fn_def8finalize11finalize_fn
FNDA:1,_RNvNtNtNtCs3yqXWJWMNss_4koan8builtins6fn_def8finalize17defer_via_combine
FNDA:5,_RNvNtNtNtCs3yqXWJWMNss_4koan8builtins6fn_def8finalize8classify
FNDA:112,_RNvNtNtNtCs8h7e9k1J8CD_4koan8builtins6fn_def8finalize11finalize_fn
FNDA:17,_RNvNtNtNtCs8h7e9k1J8CD_4koan8builtins6fn_def8finalize17defer_via_combine
FNDA:114,_RNvNtNtNtCs8h7e9k1J8CD_4koan8builtins6fn_def8finalize8classify
FNDA:117,_RNCNvNtNtNtCs8h7e9k1J8CD_4koan8builtins6fn_def8finalize11finalize_fn0B9_
FNDA:17,_RNCNvNtNtNtCs8h7e9k1J8CD_4koan8builtins6fn_def8finalize17defer_via_combine0B9_
FNF:5
FNH:5
DA:66,119
DA:67,119
DA:68,119
DA:69,119
DA:70,119
DA:71,94
DA:72,94
DA:73,94
DA:74,94
DA:75,7
DA:76,7
DA:77,7
DA:78,7
DA:79,4
DA:82,4
DA:83,4
DA:84,4
DA:85,4
DA:86,4
DA:89,6
DA:90,6
DA:91,6
DA:92,6
DA:93,6
DA:94,6
DA:95,6
DA:97,2
DA:98,2
DA:99,2
DA:100,2
DA:101,2
DA:102,2
DA:103,2
DA:104,2
DA:105,2
DA:106,2
DA:108,2
DA:109,2
DA:116,2
DA:117,2
DA:118,2
DA:119,2
DA:120,2
DA:121,2
DA:122,2
DA:124,2
DA:129,2
DA:130,2
DA:131,2
DA:132,2
DA:133,2
DA:136,2
DA:137,2
DA:139,2
DA:140,2
DA:141,2
DA:142,2
DA:143,2
DA:144,2
DA:147,119
DA:151,117
DA:152,117
DA:153,117
DA:154,117
DA:155,117
DA:156,117
DA:162,122
DA:163,116
DA:164,6
DA:165,122
DA:166,117
DA:167,116
DA:169,1
DA:170,1
DA:171,1
DA:172,1
DA:176,116
DA:178,116
DA:179,116
DA:180,116
DA:181,116
DA:182,116
DA:183,116
DA:187,116
DA:188,116
DA:189,1
DA:190,115
DA:194,115
DA:195,117
DA:210,18
DA:211,18
DA:212,18
DA:213,18
DA:214,18
DA:215,18
DA:216,18
DA:217,18
DA:224,18
DA:225,18
DA:226,18
DA:227,5
DA:228,5
DA:229,5
DA:230,5
DA:232,18
DA:237,18
DA:238,18
DA:239,5
DA:243,5
DA:244,1
DA:245,1
DA:246,1
DA:247,1
DA:248,1
DA:249,4
DA:250,4
DA:252,17
DA:259,17
DA:260,17
DA:261,16
DA:262,1
DA:264,16
DA:265,16
DA:266,0
DA:267,0
DA:270,0
DA:271,0
DA:272,0
DA:275,16
DA:276,18
DA:277,18
DA:278,18
DA:279,18
BRF:0
BRH:0
LF:135
LH:129
end_of_record
SF:/var/home/jack/Code/koan/src/builtins/fn_def/param_refs.rs
FN:46,_RNCNvNtNtNtCs3yqXWJWMNss_4koan8builtins6fn_def10param_refs19part_references_any0B9_
FN:52,_RNCNvNtNtNtCs3yqXWJWMNss_4koan8builtins6fn_def10param_refs19part_references_anys0_0B9_
FN:50,_RNCNvNtNtNtCs3yqXWJWMNss_4koan8builtins6fn_def10param_refs19part_references_anys_0B9_
FN:21,_RNCNvNtNtNtCs3yqXWJWMNss_4koan8builtins6fn_def10param_refs24type_expr_references_any0B9_
FN:28,_RNCNvNtNtNtCs3yqXWJWMNss_4koan8builtins6fn_def10param_refs24type_expr_references_anys0_0B9_
FN:26,_RNCNvNtNtNtCs3yqXWJWMNss_4koan8builtins6fn_def10param_refs24type_expr_references_anys_0B9_
FN:41,_RNCNvNtNtNtCs3yqXWJWMNss_4koan8builtins6fn_def10param_refs26kexpression_references_any0B9_
FN:44,_RNvNtNtNtCs3yqXWJWMNss_4koan8builtins6fn_def10param_refs19part_references_any
FN:20,_RNvNtNtNtCs3yqXWJWMNss_4koan8builtins6fn_def10param_refs24type_expr_references_any
FN:37,_RNvNtNtNtCs3yqXWJWMNss_4koan8builtins6fn_def10param_refs26kexpression_references_any
FN:46,_RNCNvNtNtNtCs8h7e9k1J8CD_4koan8builtins6fn_def10param_refs19part_references_any0B9_
FN:52,_RNCNvNtNtNtCs8h7e9k1J8CD_4koan8builtins6fn_def10param_refs19part_references_anys0_0B9_
FN:50,_RNCNvNtNtNtCs8h7e9k1J8CD_4koan8builtins6fn_def10param_refs19part_references_anys_0B9_
FN:21,_RNCNvNtNtNtCs8h7e9k1J8CD_4koan8builtins6fn_def10param_refs24type_expr_references_any0B9_
FN:28,_RNCNvNtNtNtCs8h7e9k1J8CD_4koan8builtins6fn_def10param_refs24type_expr_references_anys0_0B9_
FN:26,_RNCNvNtNtNtCs8h7e9k1J8CD_4koan8builtins6fn_def10param_refs24type_expr_references_anys_0B9_
FN:41,_RNCNvNtNtNtCs8h7e9k1J8CD_4koan8builtins6fn_def10param_refs26kexpression_references_any0B9_
FN:44,_RNvNtNtNtCs8h7e9k1J8CD_4koan8builtins6fn_def10param_refs19part_references_any
FN:20,_RNvNtNtNtCs8h7e9k1J8CD_4koan8builtins6fn_def10param_refs24type_expr_references_any
FN:37,_RNvNtNtNtCs8h7e9k1J8CD_4koan8builtins6fn_def10param_refs26kexpression_references_any
FNDA:0,_RNCNvNtNtNtCs3yqXWJWMNss_4koan8builtins6fn_def10param_refs19part_references_any0B9_
FNDA:0,_RNCNvNtNtNtCs3yqXWJWMNss_4koan8builtins6fn_def10param_refs19part_references_anys0_0B9_
FNDA:0,_RNCNvNtNtNtCs3yqXWJWMNss_4koan8builtins6fn_def10param_refs19part_references_anys_0B9_
FNDA:2,_RNCNvNtNtNtCs3yqXWJWMNss_4koan8builtins6fn_def10param_refs24type_expr_references_any0B9_
FNDA:0,_RNCNvNtNtNtCs3yqXWJWMNss_4koan8builtins6fn_def10param_refs24type_expr_references_anys0_0B9_
FNDA:0,_RNCNvNtNtNtCs3yqXWJWMNss_4koan8builtins6fn_def10param_refs24type_expr_references_anys_0B9_
FNDA:3,_RNCNvNtNtNtCs3yqXWJWMNss_4koan8builtins6fn_def10param_refs26kexpression_references_any0B9_
FNDA:3,_RNvNtNtNtCs3yqXWJWMNss_4koan8builtins6fn_def10param_refs19part_references_any
FNDA:2,_RNvNtNtNtCs3yqXWJWMNss_4koan8builtins6fn_def10param_refs24type_expr_references_any
FNDA:1,_RNvNtNtNtCs3yqXWJWMNss_4koan8builtins6fn_def10param_refs26kexpression_references_any
FNDA:4,_RNCNvNtNtNtCs8h7e9k1J8CD_4koan8builtins6fn_def10param_refs19part_references_any0B9_
FNDA:1,_RNCNvNtNtNtCs8h7e9k1J8CD_4koan8builtins6fn_def10param_refs19part_references_anys0_0B9_
FNDA:1,_RNCNvNtNtNtCs8h7e9k1J8CD_4koan8builtins6fn_def10param_refs19part_references_anys_0B9_
FNDA:27,_RNCNvNtNtNtCs8h7e9k1J8CD_4koan8builtins6fn_def10param_refs24type_expr_references_any0B9_
FNDA:1,_RNCNvNtNtNtCs8h7e9k1J8CD_4koan8builtins6fn_def10param_refs24type_expr_references_anys0_0B9_
FNDA:2,_RNCNvNtNtNtCs8h7e9k1J8CD_4koan8builtins6fn_def10param_refs24type_expr_references_anys_0B9_
FNDA:37,_RNCNvNtNtNtCs8h7e9k1J8CD_4koan8builtins6fn_def10param_refs26kexpression_references_any0B9_
FNDA:40,_RNvNtNtNtCs8h7e9k1J8CD_4koan8builtins6fn_def10param_refs19part_references_any
FNDA:31,_RNvNtNtNtCs8h7e9k1J8CD_4koan8builtins6fn_def10param_refs24type_expr_references_any
FNDA:18,_RNvNtNtNtCs8h7e9k1J8CD_4koan8builtins6fn_def10param_refs26kexpression_references_any
FNF:10
FNH:10
DA:20,33
DA:21,33
DA:22,6
DA:23,27
DA:24,27
DA:25,24
DA:26,2
DA:27,1
DA:28,1
DA:29,1
DA:32,33
DA:37,19
DA:38,19
DA:39,19
DA:40,19
DA:41,40
DA:42,19
DA:44,43
DA:45,43
DA:46,4
DA:47,19
DA:48,7
DA:49,1
DA:50,1
DA:52,1
DA:53,1
DA:54,1
DA:55,11
DA:57,43
BRF:0
BRH:0
LF:36
LH:36
end_of_record
SF:/var/home/jack/Code/koan/src/builtins/fn_def/return_type.rs
FN:123,_RNvNtNtNtCs3yqXWJWMNss_4koan8builtins6fn_def11return_type12make_capture
FN:84,_RNvNtNtNtCs3yqXWJWMNss_4koan8builtins6fn_def11return_type20classify_return_type
FN:59,_RNvNtNtNtCs3yqXWJWMNss_4koan8builtins6fn_def11return_type23extract_return_type_raw
FN:133,_RNvNtNtNtCs3yqXWJWMNss_4koan8builtins6fn_def11return_type25resolve_capture_at_finish
FN:123,_RNvNtNtNtCs8h7e9k1J8CD_4koan8builtins6fn_def11return_type12make_capture
FN:84,_RNvNtNtNtCs8h7e9k1J8CD_4koan8builtins6fn_def11return_type20classify_return_type
FN:59,_RNvNtNtNtCs8h7e9k1J8CD_4koan8builtins6fn_def11return_type23extract_return_type_raw
FN:133,_RNvNtNtNtCs8h7e9k1J8CD_4koan8builtins6fn_def11return_type25resolve_capture_at_finish
FNDA:0,_RNvNtNtNtCs3yqXWJWMNss_4koan8builtins6fn_def11return_type12make_capture
FNDA:5,_RNvNtNtNtCs3yqXWJWMNss_4koan8builtins6fn_def11return_type20classify_return_type
FNDA:5,_RNvNtNtNtCs3yqXWJWMNss_4koan8builtins6fn_def11return_type23extract_return_type_raw
FNDA:1,_RNvNtNtNtCs3yqXWJWMNss_4koan8builtins6fn_def11return_type25resolve_capture_at_finish
FNDA:4,_RNvNtNtNtCs8h7e9k1J8CD_4koan8builtins6fn_def11return_type12make_capture
FNDA:120,_RNvNtNtNtCs8h7e9k1J8CD_4koan8builtins6fn_def11return_type20classify_return_type
FNDA:120,_RNvNtNtNtCs8h7e9k1J8CD_4koan8builtins6fn_def11return_type23extract_return_type_raw
FNDA:16,_RNvNtNtNtCs8h7e9k1J8CD_4koan8builtins6fn_def11return_type25resolve_capture_at_finish
FNF:4
FNH:4
DA:59,125
DA:60,125
DA:61,125
DA:62,125
DA:63,103
DA:64,103
DA:65,0
DA:67,10
DA:68,10
DA:69,0
DA:71,12
DA:72,12
DA:73,0
DA:75,0
DA:76,0
DA:77,0
DA:78,0
DA:80,125
DA:84,125
DA:85,125
DA:86,125
DA:87,125
DA:88,125
DA:89,125
DA:90,125
DA:91,103
DA:92,10
DA:93,10
DA:94,3
DA:95,7
DA:96,7
DA:97,7
DA:98,1
DA:99,4
DA:100,4
DA:102,2
DA:103,0
DA:105,2
DA:106,2
DA:107,2
DA:112,12
DA:113,12
DA:114,6
DA:116,6
DA:117,6
DA:121,125
DA:123,4
DA:124,4
DA:125,3
DA:126,1
DA:128,4
DA:133,17
DA:134,17
DA:135,17
DA:136,17
DA:137,17
DA:138,17
DA:139,5
DA:140,3
DA:141,3
DA:142,3
DA:143,3
DA:144,0
DA:145,0
DA:146,0
DA:147,0
DA:148,0
DA:149,0
DA:150,0
DA:151,0
DA:155,1
DA:156,1
DA:157,0
DA:158,0
DA:159,0
DA:160,0
DA:161,0
DA:162,0
DA:164,2
DA:165,6
DA:166,6
DA:167,6
DA:168,5
DA:169,1
DA:170,1
DA:171,1
DA:172,1
DA:173,1
DA:177,17
BRF:0
BRH:0
LF:89
LH:67
end_of_record
SF:/var/home/jack/Code/koan/src/builtins/fn_def/signature.rs
FN:75,_RNvNtNtNtCs3yqXWJWMNss_4koan8builtins6fn_def9signature19parse_fn_param_list
FN:18,_RNvNtNtNtCs3yqXWJWMNss_4koan8builtins6fn_def9signature34collect_param_names_from_signature
FN:182,_RNvNtNtNtCs3yqXWJWMNss_4koan8builtins6fn_def9signature7pre_run
FN:75,_RNvNtNtNtCs8h7e9k1J8CD_4koan8builtins6fn_def9signature19parse_fn_param_list
FN:18,_RNvNtNtNtCs8h7e9k1J8CD_4koan8builtins6fn_def9signature34collect_param_names_from_signature
FN:182,_RNvNtNtNtCs8h7e9k1J8CD_4koan8builtins6fn_def9signature7pre_run
FNDA:6,_RNvNtNtNtCs3yqXWJWMNss_4koan8builtins6fn_def9signature19parse_fn_param_list
FNDA:5,_RNvNtNtNtCs3yqXWJWMNss_4koan8builtins6fn_def9signature34collect_param_names_from_signature
FNDA:10,_RNvNtNtNtCs3yqXWJWMNss_4koan8builtins6fn_def9signature7pre_run
FNDA:133,_RNvNtNtNtCs8h7e9k1J8CD_4koan8builtins6fn_def9signature19parse_fn_param_list
FNDA:120,_RNvNtNtNtCs8h7e9k1J8CD_4koan8builtins6fn_def9signature34collect_param_names_from_signature
FNDA:240,_RNvNtNtNtCs8h7e9k1J8CD_4koan8builtins6fn_def9signature7pre_run
FNF:3
FNH:3
DA:18,125
DA:19,125
DA:20,125
DA:21,125
DA:22,352
DA:23,227
DA:24,91
DA:25,10
DA:26,10
DA:28,126
DA:30,227
DA:31,101
DA:32,101
DA:33,99
DA:38,101
DA:39,99
DA:40,99
DA:41,99
DA:42,2
DA:43,126
DA:44,128
DA:46,125
DA:47,125
DA:75,139
DA:76,139
DA:77,139
DA:78,139
DA:79,139
DA:80,139
DA:81,139
DA:82,139
DA:83,139
DA:84,139
DA:85,391
DA:89,254
DA:90,101
DA:91,13
DA:92,13
DA:94,140
DA:96,254
DA:97,140
DA:98,140
DA:99,140
DA:100,140
DA:101,114
DA:102,114
DA:103,4
DA:104,103
DA:105,103
DA:106,94
DA:107,94
DA:108,94
DA:109,94
DA:110,94
DA:111,94
DA:112,7
DA:113,7
DA:114,7
DA:115,2
DA:116,2
DA:117,2
DA:118,2
DA:119,2
DA:120,0
DA:122,103
DA:124,5
DA:125,5
DA:126,5
DA:127,5
DA:128,5
DA:129,5
DA:130,4
DA:131,4
DA:132,4
DA:133,4
DA:134,4
DA:135,4
DA:136,4
DA:137,0
DA:138,0
DA:139,0
DA:140,0
DA:141,0
DA:142,0
DA:145,2
DA:146,2
DA:147,2
DA:148,2
DA:152,0
DA:153,0
DA:154,0
DA:155,0
DA:156,0
DA:158,0
DA:159,0
DA:160,0
DA:161,0
DA:162,0
DA:166,137
DA:167,2
DA:168,135
DA:169,135
DA:170,12
DA:171,12
DA:172,12
DA:173,12
DA:174,123
DA:175,123
DA:176,139
DA:182,250
DA:183,250
DA:184,250
DA:185,250
DA:186,0
DA:188,273
DA:189,273
DA:190,244
DA:191,29
DA:193,6
DA:194,250
BRF:0
BRH:0
LF:120
LH:102
end_of_record
SF:/var/home/jack/Code/koan/src/builtins/let_binding.rs
FN:169,_RNvNtNtCs3yqXWJWMNss_4koan8builtins11let_binding23derive_nominal_identity
FN:17,_RNvNtNtCs3yqXWJWMNss_4koan8builtins11let_binding4body
FN:200,_RNvNtNtCs3yqXWJWMNss_4koan8builtins11let_binding7pre_run
FN:208,_RNvNtNtCs3yqXWJWMNss_4koan8builtins11let_binding8register
FN:169,_RNvNtNtCs8h7e9k1J8CD_4koan8builtins11let_binding23derive_nominal_identity
FN:17,_RNvNtNtCs8h7e9k1J8CD_4koan8builtins11let_binding4body
FN:200,_RNvNtNtCs8h7e9k1J8CD_4koan8builtins11let_binding7pre_run
FN:208,_RNvNtNtCs8h7e9k1J8CD_4koan8builtins11let_binding8register
FNDA:0,_RNvNtNtCs3yqXWJWMNss_4koan8builtins11let_binding23derive_nominal_identity
FNDA:24,_RNvNtNtCs3yqXWJWMNss_4koan8builtins11let_binding4body
FNDA:72,_RNvNtNtCs3yqXWJWMNss_4koan8builtins11let_binding7pre_run
FNDA:15,_RNvNtNtCs3yqXWJWMNss_4koan8builtins11let_binding8register
FNDA:16,_RNvNtNtCs8h7e9k1J8CD_4koan8builtins11let_binding23derive_nominal_identity
FNDA:280,_RNvNtNtCs8h7e9k1J8CD_4koan8builtins11let_binding4body
FNDA:755,_RNvNtNtCs8h7e9k1J8CD_4koan8builtins11let_binding7pre_run
FNDA:348,_RNvNtNtCs8h7e9k1J8CD_4koan8builtins11let_binding8register
FNF:4
FNH:4
DA:17,304
DA:18,304
DA:19,304
DA:20,304
DA:21,304
DA:22,304
DA:23,304
DA:24,0
DA:33,304
DA:34,304
DA:35,304
DA:36,221
DA:42,54
DA:44,0
DA:45,0
DA:46,0
DA:47,0
DA:50,54
DA:51,52
DA:52,54
DA:56,2
DA:57,2
DA:58,2
DA:59,2
DA:60,52
DA:61,52
DA:62,36
DA:63,36
DA:64,16
DA:65,16
DA:66,52
DA:72,29
DA:78,1
DA:79,1
DA:80,1
DA:81,1
DA:91,28
DA:92,28
DA:93,28
DA:97,0
DA:98,0
DA:99,0
DA:100,0
DA:101,28
DA:106,28
DA:107,28
DA:108,28
DA:109,0
DA:110,0
DA:111,28
DA:114,0
DA:115,0
DA:116,0
DA:117,0
DA:118,0
DA:119,0
DA:121,0
DA:128,301
DA:129,2
DA:130,2
DA:131,2
DA:132,2
DA:133,299
DA:134,299
DA:135,299
DA:136,299
DA:137,299
DA:138,64
DA:139,64
DA:140,64
DA:141,64
DA:142,64
DA:143,64
DA:144,64
DA:145,235
DA:151,16
DA:152,0
DA:153,16
DA:154,219
DA:155,0
DA:156,219
DA:157,299
DA:158,304
DA:169,16
DA:170,16
DA:171,15
DA:172,15
DA:173,15
DA:174,15
DA:175,15
DA:176,0
DA:177,0
DA:178,0
DA:179,0
DA:180,0
DA:181,0
DA:182,1
DA:183,1
DA:184,1
DA:185,1
DA:186,1
DA:187,0
DA:188,0
DA:189,0
DA:190,0
DA:191,0
DA:192,0
DA:194,16
DA:200,827
DA:201,827
DA:202,579
DA:203,248
DA:204,0
DA:206,827
DA:208,363
DA:209,363
DA:210,363
DA:211,363
DA:212,363
DA:213,363
DA:214,363
DA:215,363
DA:216,363
DA:218,363
DA:219,363
DA:221,363
DA:222,363
DA:223,363
DA:224,363
DA:225,363
DA:226,363
DA:227,363
DA:228,363
DA:230,363
DA:231,363
DA:233,363
BRF:0
BRH:0
LF:136
LH:103
end_of_record
SF:/var/home/jack/Code/koan/src/builtins/match_case.rs
FN:103,_RNvNtNtCs3yqXWJWMNss_4koan8builtins10match_case16find_branch_body
FN:34,_RNvNtNtCs3yqXWJWMNss_4koan8builtins10match_case4body
FN:163,_RNvNtNtCs3yqXWJWMNss_4koan8builtins10match_case8register
FN:103,_RNvNtNtCs8h7e9k1J8CD_4koan8builtins10match_case16find_branch_body
FN:34,_RNvNtNtCs8h7e9k1J8CD_4koan8builtins10match_case4body
FN:163,_RNvNtNtCs8h7e9k1J8CD_4koan8builtins10match_case8register
FN:182,_RNvNtNtNtCs8h7e9k1J8CD_4koan8builtins10match_case5tests11run_program
FN:225,_RNvNtNtNtCs8h7e9k1J8CD_4koan8builtins10match_case5testss_25match_inexhaustive_errors
FN:201,_RNvNtNtNtCs8h7e9k1J8CD_4koan8builtins10match_case5testss_29match_binds_inner_value_to_it
FN:266,_RNvNtNtNtCs8h7e9k1J8CD_4koan8builtins10match_case5testss_29recursive_tagged_match_no_uaf
FN:287,_RNvNtNtNtCs8h7e9k1J8CD_4koan8builtins10match_case5testss_33match_on_bool_inexhaustive_errors
FN:250,_RNvNtNtNtCs8h7e9k1J8CD_4koan8builtins10match_case5testss_36match_on_bool_true_takes_true_branch
FN:214,_RNvNtNtNtCs8h7e9k1J8CD_4koan8builtins10match_case5testss_37match_does_not_run_unmatched_branches
FN:258,_RNvNtNtNtCs8h7e9k1J8CD_4koan8builtins10match_case5testss_38match_on_bool_false_takes_false_branch
FN:191,_RNvNtNtNtCs8h7e9k1J8CD_4koan8builtins10match_case5testss_40match_dispatches_branch_for_matching_tag
FN:240,_RNvNtNtNtCs8h7e9k1J8CD_4koan8builtins10match_case5testss_40match_other_branch_runs_when_tag_matches
FNDA:0,_RNvNtNtCs3yqXWJWMNss_4koan8builtins10match_case16find_branch_body
FNDA:0,_RNvNtNtCs3yqXWJWMNss_4koan8builtins10match_case4body
FNDA:15,_RNvNtNtCs3yqXWJWMNss_4koan8builtins10match_case8register
FNDA:53,_RNvNtNtCs8h7e9k1J8CD_4koan8builtins10match_case16find_branch_body
FNDA:53,_RNvNtNtCs8h7e9k1J8CD_4koan8builtins10match_case4body
FNDA:348,_RNvNtNtCs8h7e9k1J8CD_4koan8builtins10match_case8register
FNDA:7,_RNvNtNtNtCs8h7e9k1J8CD_4koan8builtins10match_case5tests11run_program
FNDA:1,_RNvNtNtNtCs8h7e9k1J8CD_4koan8builtins10match_case5testss_25match_inexhaustive_errors
FNDA:1,_RNvNtNtNtCs8h7e9k1J8CD_4koan8builtins10match_case5testss_29match_binds_inner_value_to_it
FNDA:1,_RNvNtNtNtCs8h7e9k1J8CD_4koan8builtins10match_case5testss_29recursive_tagged_match_no_uaf
FNDA:1,_RNvNtNtNtCs8h7e9k1J8CD_4koan8builtins10match_case5testss_33match_on_bool_inexhaustive_errors
FNDA:1,_RNvNtNtNtCs8h7e9k1J8CD_4koan8builtins10match_case5testss_36match_on_bool_true_takes_true_branch
FNDA:1,_RNvNtNtNtCs8h7e9k1J8CD_4koan8builtins10match_case5testss_37match_does_not_run_unmatched_branches
FNDA:1,_RNvNtNtNtCs8h7e9k1J8CD_4koan8builtins10match_case5testss_38match_on_bool_false_takes_false_branch
FNDA:1,_RNvNtNtNtCs8h7e9k1J8CD_4koan8builtins10match_case5testss_40match_dispatches_branch_for_matching_tag
FNDA:1,_RNvNtNtNtCs8h7e9k1J8CD_4koan8builtins10match_case5testss_40match_other_branch_runs_when_tag_matches
FNF:13
FNH:13
DA:34,53
DA:35,53
DA:36,53
DA:37,53
DA:38,53
DA:39,53
DA:40,46
DA:41,7
DA:42,7
DA:43,7
DA:45,0
DA:46,0
DA:47,0
DA:48,0
DA:49,0
DA:50,0
DA:52,0
DA:54,53
DA:55,53
DA:57,0
DA:58,0
DA:59,0
DA:62,53
DA:63,51
DA:65,2
DA:66,2
DA:67,2
DA:68,2
DA:70,0
DA:80,51
DA:81,51
DA:82,51
DA:85,51
DA:86,51
DA:87,51
DA:90,51
DA:91,51
DA:92,51
DA:93,51
DA:97,51
DA:98,53
DA:103,53
DA:104,53
DA:105,53
DA:106,53
DA:107,53
DA:108,53
DA:109,0
DA:110,0
DA:111,0
DA:112,0
DA:113,53
DA:114,53
DA:115,78
DA:116,76
DA:117,76
DA:118,76
DA:119,76
DA:120,67
DA:124,9
DA:125,9
DA:127,0
DA:128,0
DA:129,0
DA:130,0
DA:131,0
DA:134,76
DA:135,76
DA:136,0
DA:137,0
DA:138,0
DA:139,0
DA:140,0
DA:143,76
DA:144,76
DA:145,0
DA:146,0
DA:147,0
DA:148,0
DA:149,0
DA:152,76
DA:156,51
DA:157,25
DA:158,25
DA:160,2
DA:161,53
DA:163,363
DA:164,363
DA:165,363
DA:166,363
DA:167,363
DA:168,363
DA:169,363
DA:170,363
DA:171,363
DA:173,363
DA:175,363
DA:182,7
DA:183,7
DA:184,7
DA:185,7
DA:186,7
DA:187,7
DA:188,7
DA:191,1
DA:192,1
DA:193,1
DA:194,1
DA:195,1
DA:197,1
DA:198,1
DA:201,1
DA:205,1
DA:206,1
DA:207,1
DA:208,1
DA:210,1
DA:211,1
DA:214,1
DA:216,1
DA:217,1
DA:218,1
DA:219,1
DA:221,1
DA:222,1
DA:225,1
DA:226,1
DA:227,1
DA:228,1
DA:229,1
DA:230,1
DA:232,1
DA:233,1
DA:234,1
DA:237,1
DA:240,1
DA:241,1
DA:242,1
DA:243,1
DA:244,1
DA:246,1
DA:247,1
DA:250,1
DA:251,1
DA:252,1
DA:254,1
DA:255,1
DA:258,1
DA:259,1
DA:260,1
DA:262,1
DA:263,1
DA:266,1
DA:275,1
DA:276,1
DA:277,1
DA:278,1
DA:279,1
DA:280,1
DA:281,1
DA:283,1
DA:284,1
DA:287,1
DA:288,1
DA:289,1
DA:290,1
DA:291,1
DA:292,1
DA:295,1
BRF:0
BRH:0
LF:169
LH:139
end_of_record
SF:/var/home/jack/Code/koan/src/builtins/module_def.rs
FN:30,_RNvNtNtCs3yqXWJWMNss_4koan8builtins10module_def4body
FN:139,_RNvNtNtCs3yqXWJWMNss_4koan8builtins10module_def7pre_run
FN:143,_RNvNtNtCs3yqXWJWMNss_4koan8builtins10module_def8register
FN:70,_RNCNvNtNtCs3yqXWJWMNss_4koan8builtins10module_def4body0B7_
FN:228,_RNvNtNtNtCs8h7e9k1J8CD_4koan8builtins10module_def5testss_28module_unknown_member_errors
FN:167,_RNvNtNtNtCs8h7e9k1J8CD_4koan8builtins10module_def5testss_28pre_run_extracts_module_name
FN:183,_RNvNtNtNtCs8h7e9k1J8CD_4koan8builtins10module_def5testss_29module_member_access_via_attr
FN:174,_RNvNtNtNtCs8h7e9k1J8CD_4koan8builtins10module_def5testss_32module_binds_under_name_in_scope
FN:208,_RNvNtNtNtCs8h7e9k1J8CD_4koan8builtins10module_def5testss_33module_member_function_via_let_fn
FN:330,_RNvNtNtNtCs8h7e9k1J8CD_4koan8builtins10module_def5testss_36module_body_dispatch_does_not_dangle
FN:259,_RNvNtNtNtCs8h7e9k1J8CD_4koan8builtins10module_def5testss_38module_body_parks_on_outer_placeholder
FN:271,_RNvNtNtNtCs8h7e9k1J8CD_4koan8builtins10module_def5testss_41module_body_error_short_circuits_finalize
FN:192,_RNvNtNtNtCs8h7e9k1J8CD_4koan8builtins10module_def5testss_41module_with_multiple_statements_in_parens
FN:241,_RNvNtNtNtCs8h7e9k1J8CD_4koan8builtins10module_def5testss_41nested_module_accessible_via_chained_attr
FN:292,_RNvNtNtNtCs8h7e9k1J8CD_4koan8builtins10module_def5testss_50module_finalize_short_circuits_on_idempotent_state
FN:70,_RNCNvNtNtCs8h7e9k1J8CD_4koan8builtins10module_def4body0B7_
FN:30,_RNvNtNtCs8h7e9k1J8CD_4koan8builtins10module_def4body
FN:139,_RNvNtNtCs8h7e9k1J8CD_4koan8builtins10module_def7pre_run
FN:143,_RNvNtNtCs8h7e9k1J8CD_4koan8builtins10module_def8register
FNDA:7,_RNvNtNtCs3yqXWJWMNss_4koan8builtins10module_def4body
FNDA:14,_RNvNtNtCs3yqXWJWMNss_4koan8builtins10module_def7pre_run
FNDA:15,_RNvNtNtCs3yqXWJWMNss_4koan8builtins10module_def8register
FNDA:7,_RNCNvNtNtCs3yqXWJWMNss_4koan8builtins10module_def4body0B7_
FNDA:1,_RNvNtNtNtCs8h7e9k1J8CD_4koan8builtins10module_def5testss_28module_unknown_member_errors
FNDA:1,_RNvNtNtNtCs8h7e9k1J8CD_4koan8builtins10module_def5testss_28pre_run_extracts_module_name
FNDA:1,_RNvNtNtNtCs8h7e9k1J8CD_4koan8builtins10module_def5testss_29module_member_access_via_attr
FNDA:1,_RNvNtNtNtCs8h7e9k1J8CD_4koan8builtins10module_def5testss_32module_binds_under_name_in_scope
FNDA:1,_RNvNtNtNtCs8h7e9k1J8CD_4koan8builtins10module_def5testss_33module_member_function_via_let_fn
FNDA:1,_RNvNtNtNtCs8h7e9k1J8CD_4koan8builtins10module_def5testss_36module_body_dispatch_does_not_dangle
FNDA:1,_RNvNtNtNtCs8h7e9k1J8CD_4koan8builtins10module_def5testss_38module_body_parks_on_outer_placeholder
FNDA:1,_RNvNtNtNtCs8h7e9k1J8CD_4koan8builtins10module_def5testss_41module_body_error_short_circuits_finalize
FNDA:1,_RNvNtNtNtCs8h7e9k1J8CD_4koan8builtins10module_def5testss_41module_with_multiple_statements_in_parens
FNDA:1,_RNvNtNtNtCs8h7e9k1J8CD_4koan8builtins10module_def5testss_41nested_module_accessible_via_chained_attr
FNDA:1,_RNvNtNtNtCs8h7e9k1J8CD_4koan8builtins10module_def5testss_50module_finalize_short_circuits_on_idempotent_state
FNDA:56,_RNCNvNtNtCs8h7e9k1J8CD_4koan8builtins10module_def4body0B7_
FNDA:58,_RNvNtNtCs8h7e9k1J8CD_4koan8builtins10module_def4body
FNDA:106,_RNvNtNtCs8h7e9k1J8CD_4koan8builtins10module_def7pre_run
FNDA:348,_RNvNtNtCs8h7e9k1J8CD_4koan8builtins10module_def8register
FNF:15
FNH:15
DA:30,65
DA:31,65
DA:32,65
DA:33,65
DA:34,65
DA:39,65
DA:40,65
DA:41,0
DA:43,65
DA:44,65
DA:46,0
DA:47,0
DA:48,0
DA:52,65
DA:53,65
DA:58,65
DA:68,65
DA:69,65
DA:70,65
DA:76,63
DA:77,63
DA:78,0
DA:79,0
DA:80,0
DA:81,63
DA:82,63
DA:83,63
DA:84,63
DA:104,63
DA:105,63
DA:106,63
DA:107,63
DA:108,21
DA:109,2
DA:110,19
DA:111,19
DA:114,63
DA:115,63
DA:120,63
DA:121,63
DA:122,63
DA:123,63
DA:124,63
DA:125,63
DA:126,63
DA:127,0
DA:128,0
DA:129,0
DA:130,0
DA:132,63
DA:133,65
DA:134,65
DA:135,65
DA:139,120
DA:140,120
DA:141,120
DA:143,363
DA:144,363
DA:145,363
DA:146,363
DA:147,363
DA:148,363
DA:149,363
DA:150,363
DA:151,363
DA:153,363
DA:154,363
DA:156,363
DA:167,1
DA:168,1
DA:169,1
DA:170,1
DA:171,1
DA:174,1
DA:175,1
DA:176,1
DA:177,1
DA:178,1
DA:179,1
DA:180,1
DA:183,1
DA:184,1
DA:185,1
DA:186,1
DA:187,1
DA:188,1
DA:189,1
DA:192,1
DA:197,1
DA:198,1
DA:199,1
DA:200,1
DA:201,1
DA:203,1
DA:204,1
DA:205,1
DA:208,1
DA:213,1
DA:214,1
DA:215,1
DA:216,1
DA:217,1
DA:219,1
DA:220,1
DA:221,1
DA:222,0
DA:224,1
DA:225,1
DA:228,1
DA:229,1
DA:230,1
DA:231,1
DA:232,1
DA:233,1
DA:234,1
DA:235,1
DA:238,1
DA:241,1
DA:242,1
DA:243,1
DA:244,1
DA:245,1
DA:246,1
DA:248,1
DA:249,1
DA:250,1
DA:259,1
DA:260,1
DA:261,1
DA:262,1
DA:263,1
DA:264,1
DA:265,1
DA:271,1
DA:272,1
DA:273,1
DA:274,1
DA:275,1
DA:276,1
DA:279,1
DA:292,1
DA:295,1
DA:296,1
DA:297,1
DA:298,1
DA:299,1
DA:301,1
DA:302,1
DA:303,1
DA:304,1
DA:305,1
DA:306,1
DA:307,1
DA:308,1
DA:309,1
DA:310,1
DA:315,1
DA:318,1
DA:319,1
DA:320,1
DA:321,1
DA:330,1
DA:331,1
DA:332,1
DA:333,1
DA:334,1
DA:335,1
DA:336,1
DA:337,0
DA:339,1
DA:340,1
DA:341,1
DA:342,1
BRF:0
BRH:0
LF:174
LH:161
end_of_record
SF:/var/home/jack/Code/koan/src/builtins/newtype_def.rs
FN:160,_RNvNtNtCs3yqXWJWMNss_4koan8builtins11newtype_def17newtype_construct
FN:51,_RNvNtNtCs3yqXWJWMNss_4koan8builtins11newtype_def4body
FN:137,_RNvNtNtCs3yqXWJWMNss_4koan8builtins11newtype_def7pre_run
FN:208,_RNvNtNtCs3yqXWJWMNss_4koan8builtins11newtype_def8register
FN:175,_RNCNvNtNtCs3yqXWJWMNss_4koan8builtins11newtype_def17newtype_construct0B7_
FN:160,_RNvNtNtCs8h7e9k1J8CD_4koan8builtins11newtype_def17newtype_construct
FN:51,_RNvNtNtCs8h7e9k1J8CD_4koan8builtins11newtype_def4body
FN:137,_RNvNtNtCs8h7e9k1J8CD_4koan8builtins11newtype_def7pre_run
FN:208,_RNvNtNtCs8h7e9k1J8CD_4koan8builtins11newtype_def8register
FN:414,_RNvNtNtNtCs8h7e9k1J8CD_4koan8builtins11newtype_def5testss_28construct_arity_zero_rejects
FN:432,_RNvNtNtNtCs8h7e9k1J8CD_4koan8builtins11newtype_def5testss_29construct_with_operator_value
FN:241,_RNvNtNtNtCs8h7e9k1J8CD_4koan8builtins11newtype_def5testss_30declare_mints_newtype_identity
FN:312,_RNvNtNtNtCs8h7e9k1J8CD_4koan8builtins11newtype_def5testss_30newtype_over_newtype_collapses
FN:394,_RNvNtNtNtCs8h7e9k1J8CD_4koan8builtins11newtype_def5testss_31construct_with_identifier_value
FN:296,_RNvNtNtNtCs8h7e9k1J8CD_4koan8builtins11newtype_def5testss_35construct_rejects_non_matching_repr
FN:272,_RNvNtNtNtCs8h7e9k1J8CD_4koan8builtins11newtype_def5testss_35construct_wraps_repr_matching_value
FN:345,_RNvNtNtNtCs8h7e9k1J8CD_4koan8builtins11newtype_def5testss_43dispatch_distinguishes_distance_from_number
FN:175,_RNCNvNtNtCs8h7e9k1J8CD_4koan8builtins11newtype_def17newtype_construct0B7_
FNDA:0,_RNvNtNtCs3yqXWJWMNss_4koan8builtins11newtype_def17newtype_construct
FNDA:0,_RNvNtNtCs3yqXWJWMNss_4koan8builtins11newtype_def4body
FNDA:0,_RNvNtNtCs3yqXWJWMNss_4koan8builtins11newtype_def7pre_run
FNDA:15,_RNvNtNtCs3yqXWJWMNss_4koan8builtins11newtype_def8register
FNDA:0,_RNCNvNtNtCs3yqXWJWMNss_4koan8builtins11newtype_def17newtype_construct0B7_
FNDA:12,_RNvNtNtCs8h7e9k1J8CD_4koan8builtins11newtype_def17newtype_construct
FNDA:12,_RNvNtNtCs8h7e9k1J8CD_4koan8builtins11newtype_def4body
FNDA:24,_RNvNtNtCs8h7e9k1J8CD_4koan8builtins11newtype_def7pre_run
FNDA:348,_RNvNtNtCs8h7e9k1J8CD_4koan8builtins11newtype_def8register
FNDA:1,_RNvNtNtNtCs8h7e9k1J8CD_4koan8builtins11newtype_def5testss_28construct_arity_zero_rejects
FNDA:1,_RNvNtNtNtCs8h7e9k1J8CD_4koan8builtins11newtype_def5testss_29construct_with_operator_value
FNDA:1,_RNvNtNtNtCs8h7e9k1J8CD_4koan8builtins11newtype_def5testss_30declare_mints_newtype_identity
FNDA:1,_RNvNtNtNtCs8h7e9k1J8CD_4koan8builtins11newtype_def5testss_30newtype_over_newtype_collapses
FNDA:1,_RNvNtNtNtCs8h7e9k1J8CD_4koan8builtins11newtype_def5testss_31construct_with_identifier_value
FNDA:1,_RNvNtNtNtCs8h7e9k1J8CD_4koan8builtins11newtype_def5testss_35construct_rejects_non_matching_repr
FNDA:1,_RNvNtNtNtCs8h7e9k1J8CD_4koan8builtins11newtype_def5testss_35construct_wraps_repr_matching_value
FNDA:1,_RNvNtNtNtCs8h7e9k1J8CD_4koan8builtins11newtype_def5testss_43dispatch_distinguishes_distance_from_number
FNDA:11,_RNCNvNtNtCs8h7e9k1J8CD_4koan8builtins11newtype_def17newtype_construct0B7_
FNF:13
FNH:13
DA:51,12
DA:52,12
DA:53,12
DA:54,12
DA:55,12
DA:58,12
DA:59,12
DA:60,0
DA:66,12
DA:67,9
DA:68,9
DA:69,0
DA:76,3
DA:77,3
DA:78,0
DA:80,3
DA:81,0
DA:82,0
DA:83,0
DA:84,0
DA:85,3
DA:86,3
DA:87,3
DA:89,0
DA:90,0
DA:91,0
DA:92,0
DA:97,0
DA:98,0
DA:99,0
DA:107,12
DA:108,12
DA:109,12
DA:110,12
DA:111,12
DA:112,12
DA:113,12
DA:114,12
DA:115,12
DA:121,12
DA:122,12
DA:128,0
DA:129,0
DA:130,0
DA:131,0
DA:133,12
DA:137,24
DA:138,24
DA:139,24
DA:160,12
DA:161,12
DA:162,12
DA:163,12
DA:164,12
DA:165,12
DA:166,12
DA:167,1
DA:168,11
DA:173,11
DA:174,11
DA:175,11
DA:176,11
DA:177,11
DA:182,11
DA:183,11
DA:184,0
DA:186,11
DA:187,1
DA:188,1
DA:189,1
DA:190,1
DA:191,1
DA:192,10
DA:198,10
DA:199,10
DA:200,10
DA:201,10
DA:202,10
DA:203,11
DA:204,11
DA:205,11
DA:206,12
DA:208,363
DA:213,363
DA:214,363
DA:215,363
DA:216,363
DA:217,363
DA:218,363
DA:219,363
DA:220,363
DA:222,363
DA:223,363
DA:225,363
DA:241,1
DA:242,1
DA:243,1
DA:244,1
DA:245,1
DA:246,1
DA:247,1
DA:248,1
DA:249,1
DA:251,1
DA:252,1
DA:255,1
DA:256,1
DA:258,0
DA:260,1
DA:261,1
DA:262,1
DA:263,1
DA:266,1
DA:272,1
DA:273,1
DA:274,1
DA:275,1
DA:276,1
DA:277,1
DA:278,1
DA:279,1
DA:282,1
DA:284,1
DA:285,0
DA:287,1
DA:289,0
DA:291,1
DA:296,1
DA:297,1
DA:298,1
DA:299,1
DA:300,1
DA:301,1
DA:302,1
DA:303,1
DA:306,1
DA:312,1
DA:313,1
DA:314,1
DA:315,1
DA:316,1
DA:317,1
DA:318,1
DA:319,1
DA:320,1
DA:321,0
DA:324,1
DA:325,1
DA:327,0
DA:330,0
DA:332,1
DA:345,1
DA:346,1
DA:347,1
DA:348,1
DA:349,1
DA:350,1
DA:351,1
DA:352,1
DA:355,1
DA:356,1
DA:357,1
DA:358,0
DA:361,1
DA:362,1
DA:363,1
DA:364,0
DA:368,1
DA:369,1
DA:370,1
DA:371,1
DA:372,1
DA:373,1
DA:374,1
DA:378,1
DA:379,1
DA:380,1
DA:381,1
DA:382,1
DA:383,1
DA:384,1
DA:387,1
DA:394,1
DA:395,1
DA:396,1
DA:397,1
DA:398,1
DA:399,1
DA:400,1
DA:401,1
DA:402,1
DA:403,0
DA:405,1
DA:407,0
DA:409,1
DA:414,1
DA:415,1
DA:416,1
DA:417,1
DA:418,1
DA:419,1
DA:420,1
DA:423,1
DA:432,1
DA:433,1
DA:434,1
DA:435,1
DA:436,1
DA:437,1
DA:438,1
DA:440,1
DA:441,1
DA:442,1
DA:443,1
DA:444,1
DA:445,0
DA:447,1
DA:449,0
DA:451,1
BRF:0
BRH:0
LF:220
LH:189
end_of_record
SF:/var/home/jack/Code/koan/src/builtins/print.rs
FN:10,_RNvNtNtCs3yqXWJWMNss_4koan8builtins5print4body
FN:24,_RNvNtNtCs3yqXWJWMNss_4koan8builtins5print8register
FN:10,_RNvNtNtCs8h7e9k1J8CD_4koan8builtins5print4body
FN:24,_RNvNtNtCs8h7e9k1J8CD_4koan8builtins5print8register
FNDA:0,_RNvNtNtCs3yqXWJWMNss_4koan8builtins5print4body
FNDA:15,_RNvNtNtCs3yqXWJWMNss_4koan8builtins5print8register
FNDA:91,_RNvNtNtCs8h7e9k1J8CD_4koan8builtins5print4body
FNDA:348,_RNvNtNtCs8h7e9k1J8CD_4koan8builtins5print8register
FNF:2
FNH:2
DA:10,91
DA:11,91
DA:12,91
DA:13,91
DA:14,91
DA:15,91
DA:16,91
DA:17,0
DA:19,91
DA:20,91
DA:21,91
DA:22,91
DA:24,363
DA:25,363
DA:26,363
DA:27,363
DA:28,363
DA:29,363
DA:31,363
BRF:0
BRH:0
LF:19
LH:18
end_of_record
SF:/var/home/jack/Code/koan/src/builtins/quote.rs
FN:14,_RNvNtNtCs3yqXWJWMNss_4koan8builtins5quote4body
FN:31,_RNvNtNtCs3yqXWJWMNss_4koan8builtins5quote8register
FN:45,_RNvNtNtNtCs8h7e9k1J8CD_4koan8builtins5quote5tests11run_program
FN:54,_RNvNtNtNtCs8h7e9k1J8CD_4koan8builtins5quote5testss_26quote_then_eval_round_trip
FN:68,_RNvNtNtNtCs8h7e9k1J8CD_4koan8builtins5quote5testss_27quote_captures_ast_as_value
FN:14,_RNvNtNtCs8h7e9k1J8CD_4koan8builtins5quote4body
FN:31,_RNvNtNtCs8h7e9k1J8CD_4koan8builtins5quote8register
FNDA:0,_RNvNtNtCs3yqXWJWMNss_4koan8builtins5quote4body
FNDA:15,_RNvNtNtCs3yqXWJWMNss_4koan8builtins5quote8register
FNDA:2,_RNvNtNtNtCs8h7e9k1J8CD_4koan8builtins5quote5tests11run_program
FNDA:1,_RNvNtNtNtCs8h7e9k1J8CD_4koan8builtins5quote5testss_26quote_then_eval_round_trip
FNDA:1,_RNvNtNtNtCs8h7e9k1J8CD_4koan8builtins5quote5testss_27quote_captures_ast_as_value
FNDA:8,_RNvNtNtCs8h7e9k1J8CD_4koan8builtins5quote4body
FNDA:348,_RNvNtNtCs8h7e9k1J8CD_4koan8builtins5quote8register
FNF:5
FNH:5
DA:14,8
DA:15,8
DA:16,8
DA:17,8
DA:18,8
DA:19,8
DA:20,8
DA:22,0
DA:23,0
DA:24,0
DA:27,8
DA:28,8
DA:29,8
DA:31,363
DA:32,363
DA:33,363
DA:34,363
DA:35,363
DA:36,363
DA:38,363
DA:45,2
DA:46,2
DA:47,2
DA:48,2
DA:49,2
DA:50,2
DA:51,2
DA:54,1
DA:60,1
DA:61,1
DA:62,1
DA:64,1
DA:65,1
DA:68,1
DA:71,1
DA:72,1
DA:73,1
BRF:0
BRH:0
LF:37
LH:34
end_of_record
SF:/var/home/jack/Code/koan/src/builtins/sig_def.rs
FN:25,_RNvNtNtCs3yqXWJWMNss_4koan8builtins7sig_def4body
FN:77,_RNvNtNtCs3yqXWJWMNss_4koan8builtins7sig_def7pre_run
FN:81,_RNvNtNtCs3yqXWJWMNss_4koan8builtins7sig_def8register
FN:49,_RNCNvNtNtCs3yqXWJWMNss_4koan8builtins7sig_def4body0B7_
FN:49,_RNCNvNtNtCs8h7e9k1J8CD_4koan8builtins7sig_def4body0B7_
FN:123,_RNvNtNtNtCs8h7e9k1J8CD_4koan8builtins7sig_def5testss_21sig_path_records_name
FN:106,_RNvNtNtNtCs8h7e9k1J8CD_4koan8builtins7sig_def5testss_25pre_run_extracts_sig_name
FN:114,_RNvNtNtNtCs8h7e9k1J8CD_4koan8builtins7sig_def5testss_29sig_binds_under_name_in_scope
FN:180,_RNvNtNtNtCs8h7e9k1J8CD_4koan8builtins7sig_def5testss_33sig_dual_writes_to_types_and_data
FN:142,_RNvNtNtNtCs8h7e9k1J8CD_4koan8builtins7sig_def5testss_35sig_body_parks_on_outer_placeholder
FN:165,_RNvNtNtNtCs8h7e9k1J8CD_4koan8builtins7sig_def5testss_38sig_body_error_short_circuits_finalize
FN:25,_RNvNtNtCs8h7e9k1J8CD_4koan8builtins7sig_def4body
FN:77,_RNvNtNtCs8h7e9k1J8CD_4koan8builtins7sig_def7pre_run
FN:81,_RNvNtNtCs8h7e9k1J8CD_4koan8builtins7sig_def8register
FNDA:0,_RNvNtNtCs3yqXWJWMNss_4koan8builtins7sig_def4body
FNDA:0,_RNvNtNtCs3yqXWJWMNss_4koan8builtins7sig_def7pre_run
FNDA:15,_RNvNtNtCs3yqXWJWMNss_4koan8builtins7sig_def8register
FNDA:0,_RNCNvNtNtCs3yqXWJWMNss_4koan8builtins7sig_def4body0B7_
FNDA:57,_RNCNvNtNtCs8h7e9k1J8CD_4koan8builtins7sig_def4body0B7_
FNDA:1,_RNvNtNtNtCs8h7e9k1J8CD_4koan8builtins7sig_def5testss_21sig_path_records_name
FNDA:1,_RNvNtNtNtCs8h7e9k1J8CD_4koan8builtins7sig_def5testss_25pre_run_extracts_sig_name
FNDA:1,_RNvNtNtNtCs8h7e9k1J8CD_4koan8builtins7sig_def5testss_29sig_binds_under_name_in_scope
FNDA:1,_RNvNtNtNtCs8h7e9k1J8CD_4koan8builtins7sig_def5testss_33sig_dual_writes_to_types_and_data
FNDA:1,_RNvNtNtNtCs8h7e9k1J8CD_4koan8builtins7sig_def5testss_35sig_body_parks_on_outer_placeholder
FNDA:1,_RNvNtNtNtCs8h7e9k1J8CD_4koan8builtins7sig_def5testss_38sig_body_error_short_circuits_finalize
FNDA:59,_RNvNtNtCs8h7e9k1J8CD_4koan8builtins7sig_def4body
FNDA:119,_RNvNtNtCs8h7e9k1J8CD_4koan8builtins7sig_def7pre_run
FNDA:348,_RNvNtNtCs8h7e9k1J8CD_4koan8builtins7sig_def8register
FNF:10
FNH:10
DA:25,59
DA:26,59
DA:27,59
DA:28,59
DA:29,59
DA:30,59
DA:31,59
DA:32,0
DA:34,59
DA:35,59
DA:37,0
DA:38,0
DA:39,0
DA:43,59
DA:44,59
DA:46,59
DA:48,59
DA:49,59
DA:50,57
DA:51,57
DA:52,57
DA:53,57
DA:57,57
DA:58,57
DA:59,57
DA:60,57
DA:61,57
DA:62,57
DA:63,57
DA:64,57
DA:65,0
DA:66,0
DA:67,0
DA:68,0
DA:70,57
DA:71,59
DA:72,59
DA:73,59
DA:77,119
DA:78,119
DA:79,119
DA:81,363
DA:82,363
DA:83,363
DA:84,363
DA:85,363
DA:86,363
DA:87,363
DA:88,363
DA:89,363
DA:91,363
DA:92,363
DA:94,363
DA:106,1
DA:107,1
DA:108,1
DA:109,1
DA:110,1
DA:111,1
DA:114,1
DA:115,1
DA:116,1
DA:117,1
DA:118,1
DA:119,1
DA:120,1
DA:123,1
DA:124,1
DA:125,1
DA:126,1
DA:127,1
DA:128,1
DA:129,1
DA:130,0
DA:132,1
DA:133,1
DA:142,1
DA:143,1
DA:144,1
DA:145,1
DA:146,1
DA:147,1
DA:148,1
DA:149,0
DA:151,1
DA:152,1
DA:153,1
DA:154,1
DA:156,0
DA:158,1
DA:165,1
DA:166,1
DA:167,1
DA:168,1
DA:169,1
DA:170,1
DA:173,1
DA:180,1
DA:182,1
DA:183,1
DA:184,1
DA:185,1
DA:186,1
DA:187,1
DA:188,1
DA:189,1
DA:190,1
DA:191,1
DA:193,1
DA:194,1
DA:195,1
DA:196,1
DA:197,1
DA:198,1
DA:199,1
BRF:0
BRH:0
LF:116
LH:105
end_of_record
SF:/var/home/jack/Code/koan/src/builtins/struct_def.rs
FN:102,_RNvNtNtCs3yqXWJWMNss_4koan8builtins10struct_def15finalize_struct
FN:157,_RNvNtNtCs3yqXWJWMNss_4koan8builtins10struct_def24defer_struct_via_combine
FN:37,_RNvNtNtCs3yqXWJWMNss_4koan8builtins10struct_def4body
FN:203,_RNvNtNtCs3yqXWJWMNss_4koan8builtins10struct_def7pre_run
FN:207,_RNvNtNtCs3yqXWJWMNss_4koan8builtins10struct_def8register
FN:166,_RNCNvNtNtCs3yqXWJWMNss_4koan8builtins10struct_def24defer_struct_via_combine0B7_
FN:166,_RNCNvNtNtCs8h7e9k1J8CD_4koan8builtins10struct_def24defer_struct_via_combine0B7_
FN:102,_RNvNtNtCs8h7e9k1J8CD_4koan8builtins10struct_def15finalize_struct
FN:157,_RNvNtNtCs8h7e9k1J8CD_4koan8builtins10struct_def24defer_struct_via_combine
FN:37,_RNvNtNtCs8h7e9k1J8CD_4koan8builtins10struct_def4body
FN:203,_RNvNtNtCs8h7e9k1J8CD_4koan8builtins10struct_def7pre_run
FN:207,_RNvNtNtCs8h7e9k1J8CD_4koan8builtins10struct_def8register
FNDA:1,_RNvNtNtCs3yqXWJWMNss_4koan8builtins10struct_def15finalize_struct
FNDA:0,_RNvNtNtCs3yqXWJWMNss_4koan8builtins10struct_def24defer_struct_via_combine
FNDA:1,_RNvNtNtCs3yqXWJWMNss_4koan8builtins10struct_def4body
FNDA:2,_RNvNtNtCs3yqXWJWMNss_4koan8builtins10struct_def7pre_run
FNDA:15,_RNvNtNtCs3yqXWJWMNss_4koan8builtins10struct_def8register
FNDA:0,_RNCNvNtNtCs3yqXWJWMNss_4koan8builtins10struct_def24defer_struct_via_combine0B7_
FNDA:4,_RNCNvNtNtCs8h7e9k1J8CD_4koan8builtins10struct_def24defer_struct_via_combine0B7_
FNDA:44,_RNvNtNtCs8h7e9k1J8CD_4koan8builtins10struct_def15finalize_struct
FNDA:4,_RNvNtNtCs8h7e9k1J8CD_4koan8builtins10struct_def24defer_struct_via_combine
FNDA:47,_RNvNtNtCs8h7e9k1J8CD_4koan8builtins10struct_def4body
FNDA:95,_RNvNtNtCs8h7e9k1J8CD_4koan8builtins10struct_def7pre_run
FNDA:348,_RNvNtNtCs8h7e9k1J8CD_4koan8builtins10struct_def8register
FNF:6
FNH:6
DA:37,48
DA:38,48
DA:39,48
DA:40,48
DA:41,48
DA:46,48
DA:47,48
DA:48,0
DA:50,48
DA:51,48
DA:53,0
DA:54,0
DA:55,0
DA:64,48
DA:65,48
DA:66,48
DA:67,48
DA:68,48
DA:69,48
DA:70,48
DA:71,48
DA:72,48
DA:78,48
DA:79,48
DA:80,48
DA:81,48
DA:82,48
DA:83,48
DA:84,48
DA:86,48
DA:87,40
DA:88,4
DA:89,4
DA:90,4
DA:91,4
DA:92,4
DA:93,4
DA:94,4
DA:95,4
DA:98,48
DA:102,45
DA:103,45
DA:104,45
DA:105,45
DA:106,45
DA:118,45
DA:119,45
DA:120,7
DA:121,1
DA:122,6
DA:123,38
DA:124,44
DA:125,1
DA:126,1
DA:127,1
DA:128,43
DA:129,43
DA:136,43
DA:137,43
DA:138,43
DA:139,43
DA:140,43
DA:141,43
DA:142,43
DA:143,43
DA:144,43
DA:145,43
DA:146,43
DA:147,43
DA:148,43
DA:149,0
DA:151,45
DA:157,4
DA:158,4
DA:159,4
DA:160,4
DA:161,4
DA:162,4
DA:163,4
DA:164,4
DA:165,4
DA:166,4
DA:169,4
DA:176,4
DA:177,4
DA:178,4
DA:179,4
DA:180,4
DA:181,4
DA:182,4
DA:183,4
DA:185,0
DA:186,0
DA:187,0
DA:188,0
DA:189,0
DA:190,0
DA:191,0
DA:192,0
DA:193,0
DA:195,4
DA:196,4
DA:197,4
DA:198,4
DA:203,97
DA:204,97
DA:205,97
DA:207,363
DA:208,363
DA:209,363
DA:210,363
DA:211,363
DA:212,363
DA:213,363
DA:214,363
DA:215,363
DA:217,363
DA:218,363
DA:220,363
BRF:0
BRH:0
LF:120
LH:106
end_of_record
SF:/var/home/jack/Code/koan/src/builtins/struct_value.rs
FN:128,_RNvNtNtCs3yqXWJWMNss_4koan8builtins12struct_value14primitive_body
FN:48,_RNvNtNtCs3yqXWJWMNss_4koan8builtins12struct_value5apply
FN:175,_RNvNtNtCs3yqXWJWMNss_4koan8builtins12struct_value8register
FN:92,_RNvNtNtCs3yqXWJWMNss_4koan8builtins12struct_value9construct
FN:128,_RNvNtNtCs8h7e9k1J8CD_4koan8builtins12struct_value14primitive_body
FN:48,_RNvNtNtCs8h7e9k1J8CD_4koan8builtins12struct_value5apply
FN:175,_RNvNtNtCs8h7e9k1J8CD_4koan8builtins12struct_value8register
FN:92,_RNvNtNtCs8h7e9k1J8CD_4koan8builtins12struct_value9construct
FNDA:1,_RNvNtNtCs3yqXWJWMNss_4koan8builtins12struct_value14primitive_body
FNDA:1,_RNvNtNtCs3yqXWJWMNss_4koan8builtins12struct_value5apply
FNDA:15,_RNvNtNtCs3yqXWJWMNss_4koan8builtins12struct_value8register
FNDA:1,_RNvNtNtCs3yqXWJWMNss_4koan8builtins12struct_value9construct
FNDA:23,_RNvNtNtCs8h7e9k1J8CD_4koan8builtins12struct_value14primitive_body
FNDA:27,_RNvNtNtCs8h7e9k1J8CD_4koan8builtins12struct_value5apply
FNDA:348,_RNvNtNtCs8h7e9k1J8CD_4koan8builtins12struct_value8register
FNDA:23,_RNvNtNtCs8h7e9k1J8CD_4koan8builtins12struct_value9construct
FNF:4
FNH:4
DA:48,28
DA:49,28
DA:50,28
DA:51,28
DA:52,28
DA:53,28
DA:55,0
DA:56,0
DA:57,0
DA:58,0
DA:61,28
DA:62,28
DA:63,26
DA:64,2
DA:68,26
DA:69,49
DA:70,49
DA:71,48
DA:73,1
DA:77,25
DA:78,1
DA:79,1
DA:80,1
DA:81,24
DA:82,24
DA:83,24
DA:84,24
DA:86,24
DA:87,28
DA:92,24
DA:93,24
DA:94,24
DA:95,24
DA:96,24
DA:97,24
DA:98,24
DA:99,0
DA:100,0
DA:101,0
DA:102,0
DA:103,24
DA:106,24
DA:107,45
DA:108,45
DA:109,1
DA:110,1
DA:111,1
DA:112,1
DA:113,1
DA:114,44
DA:115,44
DA:119,23
DA:120,23
DA:121,23
DA:122,23
DA:123,23
DA:124,24
DA:128,24
DA:129,24
DA:130,24
DA:131,24
DA:132,24
DA:136,24
DA:137,24
DA:138,24
DA:140,0
DA:141,0
DA:142,0
DA:143,0
DA:144,0
DA:145,0
DA:148,0
DA:151,24
DA:152,24
DA:153,0
DA:154,0
DA:155,0
DA:156,0
DA:157,0
DA:158,0
DA:161,0
DA:164,24
DA:165,23
DA:166,1
DA:168,24
DA:175,363
DA:176,363
DA:177,363
DA:178,363
DA:179,363
DA:180,363
DA:181,363
DA:182,363
DA:183,363
DA:184,363
DA:185,363
DA:186,363
DA:188,363
BRF:0
BRH:0
LF:98
LH:76
end_of_record
SF:/var/home/jack/Code/koan/src/builtins/tagged_union.rs
FN:113,_RNvNtNtCs3yqXWJWMNss_4koan8builtins12tagged_union14primitive_body
FN:42,_RNvNtNtCs3yqXWJWMNss_4koan8builtins12tagged_union5apply
FN:165,_RNvNtNtCs3yqXWJWMNss_4koan8builtins12tagged_union8register
FN:76,_RNvNtNtCs3yqXWJWMNss_4koan8builtins12tagged_union9construct
FN:113,_RNvNtNtCs8h7e9k1J8CD_4koan8builtins12tagged_union14primitive_body
FN:42,_RNvNtNtCs8h7e9k1J8CD_4koan8builtins12tagged_union5apply
FN:165,_RNvNtNtCs8h7e9k1J8CD_4koan8builtins12tagged_union8register
FN:76,_RNvNtNtCs8h7e9k1J8CD_4koan8builtins12tagged_union9construct
FN:203,_RNvNtNtNtCs8h7e9k1J8CD_4koan8builtins12tagged_union5tests11build_scope
FN:229,_RNvNtNtNtCs8h7e9k1J8CD_4koan8builtins12tagged_union5tests11run_one_err
FN:213,_RNvNtNtNtCs8h7e9k1J8CD_4koan8builtins12tagged_union5tests3run
FN:222,_RNvNtNtNtCs8h7e9k1J8CD_4koan8builtins12tagged_union5tests7run_one
FN:207,_RNvNtNtNtCs8h7e9k1J8CD_4koan8builtins12tagged_union5tests9parse_one
FN:263,_RNvNtNtNtCs8h7e9k1J8CD_4koan8builtins12tagged_union5testss_29primitive_rejects_unknown_tag
FN:247,_RNvNtNtNtCs8h7e9k1J8CD_4koan8builtins12tagged_union5testss_33primitive_constructs_tagged_value
FN:276,_RNvNtNtNtCs8h7e9k1J8CD_4koan8builtins12tagged_union5testss_37primitive_rejects_value_of_wrong_type
FN:200,_RNvXNtNtNtCs8h7e9k1J8CD_4koan8builtins12tagged_union5testsNtB2_9SharedBufNtNtCsjrHSEGnQ3l9_3std2io5Write5flush
FN:196,_RNvXNtNtNtCs8h7e9k1J8CD_4koan8builtins12tagged_union5testsNtB2_9SharedBufNtNtCsjrHSEGnQ3l9_3std2io5Write5write
FNDA:0,_RNvNtNtCs3yqXWJWMNss_4koan8builtins12tagged_union14primitive_body
FNDA:0,_RNvNtNtCs3yqXWJWMNss_4koan8builtins12tagged_union5apply
FNDA:15,_RNvNtNtCs3yqXWJWMNss_4koan8builtins12tagged_union8register
FNDA:0,_RNvNtNtCs3yqXWJWMNss_4koan8builtins12tagged_union9construct
FNDA:54,_RNvNtNtCs8h7e9k1J8CD_4koan8builtins12tagged_union14primitive_body
FNDA:51,_RNvNtNtCs8h7e9k1J8CD_4koan8builtins12tagged_union5apply
FNDA:348,_RNvNtNtCs8h7e9k1J8CD_4koan8builtins12tagged_union8register
FNDA:54,_RNvNtNtCs8h7e9k1J8CD_4koan8builtins12tagged_union9construct
FNDA:3,_RNvNtNtNtCs8h7e9k1J8CD_4koan8builtins12tagged_union5tests11build_scope
FNDA:2,_RNvNtNtNtCs8h7e9k1J8CD_4koan8builtins12tagged_union5tests11run_one_err
FNDA:3,_RNvNtNtNtCs8h7e9k1J8CD_4koan8builtins12tagged_union5tests3run
FNDA:1,_RNvNtNtNtCs8h7e9k1J8CD_4koan8builtins12tagged_union5tests7run_one
FNDA:3,_RNvNtNtNtCs8h7e9k1J8CD_4koan8builtins12tagged_union5tests9parse_one
FNDA:1,_RNvNtNtNtCs8h7e9k1J8CD_4koan8builtins12tagged_union5testss_29primitive_rejects_unknown_tag
FNDA:1,_RNvNtNtNtCs8h7e9k1J8CD_4koan8builtins12tagged_union5testss_33primitive_constructs_tagged_value
FNDA:1,_RNvNtNtNtCs8h7e9k1J8CD_4koan8builtins12tagged_union5testss_37primitive_rejects_value_of_wrong_type
FNDA:0,_RNvXNtNtNtCs8h7e9k1J8CD_4koan8builtins12tagged_union5testsNtB2_9SharedBufNtNtCsjrHSEGnQ3l9_3std2io5Write5flush
FNDA:0,_RNvXNtNtNtCs8h7e9k1J8CD_4koan8builtins12tagged_union5testsNtB2_9SharedBufNtNtCsjrHSEGnQ3l9_3std2io5Write5write
FNF:14
FNH:12
DA:42,51
DA:43,51
DA:44,51
DA:45,51
DA:46,51
DA:47,51
DA:50,51
DA:51,0
DA:52,0
DA:53,0
DA:54,0
DA:55,51
DA:56,51
DA:57,51
DA:58,51
DA:59,51
DA:60,0
DA:61,0
DA:62,0
DA:63,0
DA:64,51
DA:65,51
DA:66,51
DA:67,51
DA:68,51
DA:70,51
DA:71,51
DA:76,54
DA:77,54
DA:78,54
DA:79,54
DA:80,54
DA:81,54
DA:82,54
DA:83,54
DA:84,52
DA:86,2
DA:87,2
DA:88,2
DA:89,2
DA:90,2
DA:93,52
DA:94,1
DA:95,1
DA:96,1
DA:97,1
DA:98,1
DA:99,51
DA:102,51
DA:103,51
DA:104,51
DA:105,51
DA:106,51
DA:107,51
DA:108,54
DA:113,54
DA:114,54
DA:115,54
DA:116,54
DA:117,54
DA:120,54
DA:121,54
DA:122,54
DA:124,0
DA:125,0
DA:126,0
DA:127,0
DA:128,0
DA:129,0
DA:132,0
DA:139,54
DA:140,54
DA:141,0
DA:142,0
DA:143,0
DA:144,0
DA:145,0
DA:146,0
DA:148,0
DA:150,54
DA:151,54
DA:153,0
DA:156,54
DA:157,51
DA:158,3
DA:160,54
DA:165,363
DA:166,363
DA:167,363
DA:168,363
DA:169,363
DA:170,363
DA:171,363
DA:172,363
DA:173,363
DA:174,363
DA:175,363
DA:176,363
DA:177,363
DA:179,363
DA:196,0
DA:197,0
DA:198,0
DA:199,0
DA:200,0
DA:203,3
DA:204,3
DA:205,3
DA:207,3
DA:208,3
DA:209,3
DA:210,3
DA:211,3
DA:213,3
DA:214,3
DA:215,3
DA:216,6
DA:217,6
DA:218,6
DA:219,3
DA:220,3
DA:222,1
DA:223,1
DA:224,1
DA:225,1
DA:226,1
DA:227,1
DA:229,2
DA:230,2
DA:231,2
DA:232,2
DA:233,2
DA:234,2
DA:235,2
DA:236,2
DA:237,0
DA:238,2
DA:240,2
DA:247,1
DA:248,1
DA:249,1
DA:250,1
DA:251,1
DA:252,1
DA:253,1
DA:254,1
DA:255,1
DA:256,1
DA:258,0
DA:260,1
DA:263,1
DA:264,1
DA:265,1
DA:266,1
DA:267,1
DA:268,1
DA:269,1
DA:270,1
DA:273,1
DA:276,1
DA:277,1
DA:278,1
DA:279,1
DA:280,1
DA:281,1
DA:282,1
DA:283,1
DA:284,1
DA:285,1
DA:286,1
DA:288,0
DA:290,1
BRF:0
BRH:0
LF:172
LH:141
end_of_record
SF:/var/home/jack/Code/koan/src/builtins/test_support.rs
FN:72,_RNvNtNtCs8h7e9k1J8CD_4koan8builtins12test_support11run_one_err
FN:100,_RNvNtNtCs8h7e9k1J8CD_4koan8builtins12test_support12one_slot_sig
FN:49,_RNvNtNtCs8h7e9k1J8CD_4koan8builtins12test_support13run_root_bare
FN:43,_RNvNtNtCs8h7e9k1J8CD_4koan8builtins12test_support15run_root_silent
FN:35,_RNvNtNtCs8h7e9k1J8CD_4koan8builtins12test_support17run_root_with_buf
FN:82,_RNvNtNtCs8h7e9k1J8CD_4koan8builtins12test_support3run
FN:94,_RNvNtNtCs8h7e9k1J8CD_4koan8builtins12test_support6marker
FN:63,_RNvNtNtCs8h7e9k1J8CD_4koan8builtins12test_support7run_one
FN:55,_RNvNtNtCs8h7e9k1J8CD_4koan8builtins12test_support9parse_one
FN:30,_RNvXNtNtCs8h7e9k1J8CD_4koan8builtins12test_supportNtB2_9SharedBufNtNtCsjrHSEGnQ3l9_3std2io5Write5flush
FN:26,_RNvXNtNtCs8h7e9k1J8CD_4koan8builtins12test_supportNtB2_9SharedBufNtNtCsjrHSEGnQ3l9_3std2io5Write5write
FNDA:35,_RNvNtNtCs8h7e9k1J8CD_4koan8builtins12test_support11run_one_err
FNDA:7,_RNvNtNtCs8h7e9k1J8CD_4koan8builtins12test_support12one_slot_sig
FNDA:44,_RNvNtNtCs8h7e9k1J8CD_4koan8builtins12test_support13run_root_bare
FNDA:181,_RNvNtNtCs8h7e9k1J8CD_4koan8builtins12test_support15run_root_silent
FNDA:40,_RNvNtNtCs8h7e9k1J8CD_4koan8builtins12test_support17run_root_with_buf
FNDA:208,_RNvNtNtCs8h7e9k1J8CD_4koan8builtins12test_support3run
FNDA:3,_RNvNtNtCs8h7e9k1J8CD_4koan8builtins12test_support6marker
FNDA:182,_RNvNtNtCs8h7e9k1J8CD_4koan8builtins12test_support7run_one
FNDA:275,_RNvNtNtCs8h7e9k1J8CD_4koan8builtins12test_support9parse_one
FNDA:0,_RNvXNtNtCs8h7e9k1J8CD_4koan8builtins12test_supportNtB2_9SharedBufNtNtCsjrHSEGnQ3l9_3std2io5Write5flush
FNDA:78,_RNvXNtNtCs8h7e9k1J8CD_4koan8builtins12test_supportNtB2_9SharedBufNtNtCsjrHSEGnQ3l9_3std2io5Write5write
FNF:11
FNH:10
DA:26,78
DA:27,78
DA:28,78
DA:29,78
DA:30,0
DA:31,0
DA:32,0
DA:35,40
DA:36,40
DA:37,40
DA:38,40
DA:39,40
DA:40,40
DA:41,40
DA:43,181
DA:44,181
DA:45,181
DA:49,44
DA:50,44
DA:51,44
DA:55,275
DA:56,275
DA:57,275
DA:58,275
DA:59,275
DA:63,182
DA:64,182
DA:65,182
DA:66,182
DA:67,182
DA:68,182
DA:72,35
DA:73,35
DA:74,35
DA:75,35
DA:76,35
DA:77,0
DA:78,35
DA:80,35
DA:82,208
DA:83,208
DA:84,208
DA:85,364
DA:86,364
DA:87,364
DA:88,208
DA:89,208
DA:94,3
DA:95,3
DA:96,3
DA:100,7
DA:101,7
DA:102,7
DA:103,7
DA:104,7
DA:105,7
DA:106,7
DA:107,7
DA:108,7
BRF:0
BRH:0
LF:59
LH:55
end_of_record
SF:/var/home/jack/Code/koan/src/builtins/type_call.rs
FN:33,_RNvNtNtCs3yqXWJWMNss_4koan8builtins9type_call4body
FN:115,_RNvNtNtCs3yqXWJWMNss_4koan8builtins9type_call8register
FN:33,_RNvNtNtCs8h7e9k1J8CD_4koan8builtins9type_call4body
FN:115,_RNvNtNtCs8h7e9k1J8CD_4koan8builtins9type_call8register
FN:149,_RNvNtNtNtCs8h7e9k1J8CD_4koan8builtins9type_call5testss_29type_call_unbound_type_errors
FN:215,_RNvNtNtNtCs8h7e9k1J8CD_4koan8builtins9type_call5testss_33union_dual_write_path_still_works
FN:195,_RNvNtNtNtCs8h7e9k1J8CD_4koan8builtins9type_call5testss_34struct_dual_write_path_still_works
FN:173,_RNvNtNtNtCs8h7e9k1J8CD_4koan8builtins9type_call5testss_35type_call_with_sub_expression_value
FN:134,_RNvNtNtNtCs8h7e9k1J8CD_4koan8builtins9type_call5testss_39type_token_calls_construct_tagged_value
FN:160,_RNvNtNtNtCs8h7e9k1J8CD_4koan8builtins9type_call5testss_41type_call_propagates_tag_validation_error
FNDA:1,_RNvNtNtCs3yqXWJWMNss_4koan8builtins9type_call4body
FNDA:15,_RNvNtNtCs3yqXWJWMNss_4koan8builtins9type_call8register
FNDA:89,_RNvNtNtCs8h7e9k1J8CD_4koan8builtins9type_call4body
FNDA:348,_RNvNtNtCs8h7e9k1J8CD_4koan8builtins9type_call8register
FNDA:1,_RNvNtNtNtCs8h7e9k1J8CD_4koan8builtins9type_call5testss_29type_call_unbound_type_errors
FNDA:1,_RNvNtNtNtCs8h7e9k1J8CD_4koan8builtins9type_call5testss_33union_dual_write_path_still_works
FNDA:1,_RNvNtNtNtCs8h7e9k1J8CD_4koan8builtins9type_call5testss_34struct_dual_write_path_still_works
FNDA:1,_RNvNtNtNtCs8h7e9k1J8CD_4koan8builtins9type_call5testss_35type_call_with_sub_expression_value
FNDA:1,_RNvNtNtNtCs8h7e9k1J8CD_4koan8builtins9type_call5testss_39type_token_calls_construct_tagged_value
FNDA:1,_RNvNtNtNtCs8h7e9k1J8CD_4koan8builtins9type_call5testss_41type_call_propagates_tag_validation_error
FNF:8
FNH:8
DA:33,90
DA:34,90
DA:35,90
DA:36,90
DA:37,90
DA:43,90
DA:44,90
DA:45,0
DA:47,90
DA:48,90
DA:50,0
DA:51,0
DA:52,0
DA:60,90
DA:61,88
DA:62,2
DA:64,88
DA:76,76
DA:77,76
DA:79,0
DA:80,0
DA:84,0
DA:87,76
DA:88,76
DA:89,0
DA:90,0
DA:91,0
DA:92,0
DA:93,0
DA:97,12
DA:102,0
DA:103,0
DA:104,0
DA:105,0
DA:106,0
DA:107,0
DA:108,0
DA:109,0
DA:110,0
DA:111,0
DA:113,90
DA:115,363
DA:116,363
DA:117,363
DA:118,363
DA:119,363
DA:120,363
DA:121,363
DA:123,363
DA:125,363
DA:134,1
DA:135,1
DA:136,1
DA:137,1
DA:138,1
DA:139,1
DA:140,1
DA:141,1
DA:142,1
DA:144,0
DA:146,1
DA:149,1
DA:150,1
DA:151,1
DA:152,1
DA:153,1
DA:154,1
DA:157,1
DA:160,1
DA:162,1
DA:163,1
DA:164,1
DA:165,1
DA:166,1
DA:167,1
DA:170,1
DA:173,1
DA:176,1
DA:177,1
DA:178,1
DA:179,1
DA:180,1
DA:181,1
DA:182,1
DA:183,1
DA:185,0
DA:187,1
DA:195,1
DA:196,1
DA:197,1
DA:198,1
DA:199,1
DA:200,1
DA:201,1
DA:202,1
DA:203,1
DA:204,1
DA:205,1
DA:207,0
DA:209,1
DA:215,1
DA:216,1
DA:217,1
DA:218,1
DA:219,1
DA:220,1
DA:221,1
DA:222,1
DA:223,1
DA:225,0
DA:227,1
BRF:0
BRH:0
LF:111
LH:85
end_of_record
SF:/var/home/jack/Code/koan/src/builtins/type_ops.rs
FN:33,_RNvNtNtCs3yqXWJWMNss_4koan8builtins8type_ops8register
FN:33,_RNvNtNtCs8h7e9k1J8CD_4koan8builtins8type_ops8register
FNDA:15,_RNvNtNtCs3yqXWJWMNss_4koan8builtins8type_ops8register
FNDA:348,_RNvNtNtCs8h7e9k1J8CD_4koan8builtins8type_ops8register
FNF:1
FNH:1
DA:33,363
DA:34,363
DA:35,363
DA:36,363
DA:37,363
DA:38,363
DA:40,363
DA:41,363
DA:42,363
DA:43,363
DA:44,363
DA:45,363
DA:46,363
DA:48,363
DA:50,363
DA:51,363
DA:52,363
DA:53,363
DA:54,363
DA:55,363
DA:56,363
DA:57,363
DA:59,363
DA:66,363
DA:67,363
DA:68,363
DA:69,363
DA:70,363
DA:71,363
DA:72,363
DA:74,363
DA:81,363
DA:82,363
DA:83,363
DA:84,363
DA:85,363
DA:86,363
DA:88,363
DA:95,363
DA:96,363
DA:97,363
DA:98,363
DA:99,363
DA:100,363
DA:101,363
DA:103,363
DA:105,363
BRF:0
BRH:0
LF:47
LH:47
end_of_record
SF:/var/home/jack/Code/koan/src/builtins/type_ops/dict_of.rs
FN:8,_RNvNtNtNtCs3yqXWJWMNss_4koan8builtins8type_ops7dict_of4body
FN:36,_RNvNtNtNtNtCs8h7e9k1J8CD_4koan8builtins8type_ops7dict_of5testss_33dict_of_str_number_lowers_to_dict
FN:8,_RNvNtNtNtCs8h7e9k1J8CD_4koan8builtins8type_ops7dict_of4body
FNDA:0,_RNvNtNtNtCs3yqXWJWMNss_4koan8builtins8type_ops7dict_of4body
FNDA:1,_RNvNtNtNtNtCs8h7e9k1J8CD_4koan8builtins8type_ops7dict_of5testss_33dict_of_str_number_lowers_to_dict
FNDA:2,_RNvNtNtNtCs8h7e9k1J8CD_4koan8builtins8type_ops7dict_of4body
FNF:2
FNH:2
DA:8,2
DA:9,2
DA:10,2
DA:11,2
DA:12,2
DA:13,2
DA:14,2
DA:15,0
DA:17,2
DA:18,2
DA:19,0
DA:21,2
DA:22,2
DA:23,2
DA:24,2
DA:25,2
DA:26,2
DA:36,1
DA:37,1
DA:38,1
DA:39,1
DA:40,1
DA:41,1
DA:42,1
DA:44,1
DA:47,0
DA:49,1
BRF:0
BRH:0
LF:27
LH:24
end_of_record
SF:/var/home/jack/Code/koan/src/builtins/type_ops/function_of.rs
FN:13,_RNvNtNtNtCs3yqXWJWMNss_4koan8builtins8type_ops11function_of4body
FN:63,_RNvNtNtNtNtCs8h7e9k1J8CD_4koan8builtins8type_ops11function_of5testss_37function_of_unary_lowers_to_kfunction
FN:83,_RNvNtNtNtNtCs8h7e9k1J8CD_4koan8builtins8type_ops11function_of5testss_39function_of_nullary_lowers_to_kfunction
FN:104,_RNvNtNtNtNtCs8h7e9k1J8CD_4koan8builtins8type_ops11function_of5testss_41function_of_multi_arg_lowers_to_kfunction
FN:13,_RNvNtNtNtCs8h7e9k1J8CD_4koan8builtins8type_ops11function_of4body
FNDA:0,_RNvNtNtNtCs3yqXWJWMNss_4koan8builtins8type_ops11function_of4body
FNDA:1,_RNvNtNtNtNtCs8h7e9k1J8CD_4koan8builtins8type_ops11function_of5testss_37function_of_unary_lowers_to_kfunction
FNDA:1,_RNvNtNtNtNtCs8h7e9k1J8CD_4koan8builtins8type_ops11function_of5testss_39function_of_nullary_lowers_to_kfunction
FNDA:1,_RNvNtNtNtNtCs8h7e9k1J8CD_4koan8builtins8type_ops11function_of5testss_41function_of_multi_arg_lowers_to_kfunction
FNDA:3,_RNvNtNtNtCs8h7e9k1J8CD_4koan8builtins8type_ops11function_of4body
FNF:4
FNH:4
DA:13,3
DA:14,3
DA:15,3
DA:16,3
DA:17,3
DA:18,3
DA:19,3
DA:20,0
DA:22,3
DA:23,3
DA:24,0
DA:26,3
DA:27,3
DA:28,0
DA:29,3
DA:30,3
DA:31,0
DA:32,0
DA:33,0
DA:34,0
DA:37,0
DA:38,0
DA:39,0
DA:40,0
DA:41,0
DA:42,0
DA:46,3
DA:47,3
DA:48,3
DA:49,3
DA:50,3
DA:51,3
DA:52,3
DA:63,1
DA:64,1
DA:65,1
DA:66,1
DA:67,1
DA:68,1
DA:69,1
DA:71,1
DA:72,1
DA:73,1
DA:74,1
DA:77,0
DA:79,1
DA:83,1
DA:84,1
DA:85,1
DA:86,1
DA:87,1
DA:88,1
DA:89,1
DA:91,1
DA:92,1
DA:93,1
DA:94,1
DA:97,0
DA:99,1
DA:104,1
DA:105,1
DA:106,1
DA:107,1
DA:108,1
DA:109,1
DA:110,1
DA:112,1
DA:113,1
DA:114,1
DA:115,1
DA:118,0
DA:120,1
BRF:0
BRH:0
LF:72
LH:56
end_of_record
SF:/var/home/jack/Code/koan/src/builtins/type_ops/list_of.rs
FN:7,_RNvNtNtNtCs3yqXWJWMNss_4koan8builtins8type_ops7list_of4body
FN:7,_RNvNtNtNtCs8h7e9k1J8CD_4koan8builtins8type_ops7list_of4body
FN:32,_RNvNtNtNtNtCs8h7e9k1J8CD_4koan8builtins8type_ops7list_of5testss_36list_of_number_lowers_to_list_number
FN:48,_RNvNtNtNtNtCs8h7e9k1J8CD_4koan8builtins8type_ops7list_of5testss_43nested_list_of_dispatches_through_scheduler
FNDA:1,_RNvNtNtNtCs3yqXWJWMNss_4koan8builtins8type_ops7list_of4body
FNDA:10,_RNvNtNtNtCs8h7e9k1J8CD_4koan8builtins8type_ops7list_of4body
FNDA:1,_RNvNtNtNtNtCs8h7e9k1J8CD_4koan8builtins8type_ops7list_of5testss_36list_of_number_lowers_to_list_number
FNDA:1,_RNvNtNtNtNtCs8h7e9k1J8CD_4koan8builtins8type_ops7list_of5testss_43nested_list_of_dispatches_through_scheduler
FNF:3
FNH:3
DA:7,11
DA:8,11
DA:9,11
DA:10,11
DA:11,11
DA:12,11
DA:13,11
DA:14,0
DA:16,11
DA:17,11
DA:18,11
DA:19,11
DA:20,11
DA:21,11
DA:32,1
DA:33,1
DA:34,1
DA:35,1
DA:36,1
DA:37,1
DA:38,1
DA:40,0
DA:42,1
DA:48,1
DA:49,1
DA:50,1
DA:51,1
DA:52,1
DA:53,1
DA:54,1
DA:56,1
DA:59,0
DA:61,1
BRF:0
BRH:0
LF:33
LH:30
end_of_record
SF:/var/home/jack/Code/koan/src/builtins/type_ops/module_type_of.rs
FN:13,_RNvNtNtNtCs3yqXWJWMNss_4koan8builtins8type_ops14module_type_of4body
FN:13,_RNvNtNtNtCs8h7e9k1J8CD_4koan8builtins8type_ops14module_type_of4body
FN:115,_RNvNtNtNtNtCs8h7e9k1J8CD_4koan8builtins8type_ops14module_type_of5testss_32type_op_dispatch_does_not_dangle
FN:85,_RNvNtNtNtNtCs8h7e9k1J8CD_4koan8builtins8type_ops14module_type_of5testss_36module_type_of_unknown_member_errors
[...]
FN:125,_RNvNtNtCs3yqXWJWMNss_4koan5parse6tokens14parse_compound
FN:155,_RNvNtNtCs3yqXWJWMNss_4koan5parse6tokens9read_atom
FN:204,_RNCNvNtNtNtCs8h7e9k1J8CD_4koan5parse6tokens5tests8classify0B9_
FN:196,_RNCNvNtNtNtCs8h7e9k1J8CD_4koan5parse6tokens5tests8describe0B9_
FN:118,_RNCNvNtNtCs8h7e9k1J8CD_4koan5parse6tokens12is_type_name0B7_
FN:80,_RNCNvNtNtCs8h7e9k1J8CD_4koan5parse6tokens13classify_atom0B7_
FN:99,_RNCNvNtNtCs8h7e9k1J8CD_4koan5parse6tokens13classify_atoms0_0B7_
FN:92,_RNCNvNtNtCs8h7e9k1J8CD_4koan5parse6tokens13classify_atoms_0B7_
FN:19,_RNCNvNtNtCs8h7e9k1J8CD_4koan5parse6tokens5FLOAT0B7_
FN:42,_RNvNtNtCs8h7e9k1J8CD_4koan5parse6tokens11try_literal
FN:112,_RNvNtNtCs8h7e9k1J8CD_4koan5parse6tokens12is_type_name
FN:72,_RNvNtNtCs8h7e9k1J8CD_4koan5parse6tokens13classify_atom
FN:27,_RNvNtNtCs8h7e9k1J8CD_4koan5parse6tokens14classify_token
FN:125,_RNvNtNtCs8h7e9k1J8CD_4koan5parse6tokens14parse_compound
FN:155,_RNvNtNtCs8h7e9k1J8CD_4koan5parse6tokens9read_atom
FN:203,_RNvNtNtNtCs8h7e9k1J8CD_4koan5parse6tokens5tests8classify
FN:175,_RNvNtNtNtCs8h7e9k1J8CD_4koan5parse6tokens5tests8describe
FN:223,_RNvNtNtNtCs8h7e9k1J8CD_4koan5parse6tokens5testss_10plain_null
FN:294,_RNvNtNtNtCs8h7e9k1J8CD_4koan5parse6tokens5testss_10suffix_try
FN:228,_RNvNtNtNtCs8h7e9k1J8CD_4koan5parse6tokens5testss_11attr_access
FN:213,_RNvNtNtNtCs8h7e9k1J8CD_4koan5parse6tokens5testss_12plain_number
FN:218,_RNvNtNtNtCs8h7e9k1J8CD_4koan5parse6tokens5testss_13plain_boolean
FN:299,_RNvNtNtNtCs8h7e9k1J8CD_4koan5parse6tokens5testss_14chained_suffix
FN:247,_RNvNtNtNtCs8h7e9k1J8CD_4koan5parse6tokens5testss_15double_negation
FN:289,_RNvNtNtNtCs8h7e9k1J8CD_4koan5parse6tokens5testss_16bare_bang_errors
FN:208,_RNvNtNtNtCs8h7e9k1J8CD_4koan5parse6tokens5testss_16plain_identifier
FN:304,_RNvNtNtNtCs8h7e9k1J8CD_4koan5parse6tokens5testss_17suffix_after_attr
FN:284,_RNvNtNtNtCs8h7e9k1J8CD_4koan5parse6tokens5testss_18leading_dot_errors
FN:255,_RNvNtNtNtCs8h7e9k1J8CD_4koan5parse6tokens5testss_18negation_over_attr
FN:233,_RNvNtNtNtCs8h7e9k1J8CD_4koan5parse6tokens5testss_19chained_attr_access
FN:279,_RNvNtNtNtCs8h7e9k1J8CD_4koan5parse6tokens5testss_19dangling_dot_errors
FN:312,_RNvNtNtNtCs8h7e9k1J8CD_4koan5parse6tokens5testss_20negation_over_suffix
FN:317,_RNvNtNtNtCs8h7e9k1J8CD_4koan5parse6tokens5testss_21leading_suffix_errors
FN:263,_RNvNtNtNtCs8h7e9k1J8CD_4koan5parse6tokens5testss_25decimal_number_is_literal
FN:356,_RNvNtNtNtCs8h7e9k1J8CD_4koan5parse6tokens5testss_28pure_symbol_token_is_keyword
FN:268,_RNvNtNtNtCs8h7e9k1J8CD_4koan5parse6tokens5testss_28scientific_number_is_literal
FN:274,_RNvNtNtNtCs8h7e9k1J8CD_4koan5parse6tokens5testss_30attr_wins_when_rhs_not_numeric
FN:373,_RNvNtNtNtCs8h7e9k1J8CD_4koan5parse6tokens5testss_31lowercase_leading_is_identifier
FN:324,_RNvNtNtNtCs8h7e9k1J8CD_4koan5parse6tokens5testss_34keyword_two_uppercase_no_lowercase
FN:332,_RNvNtNtNtCs8h7e9k1J8CD_4koan5parse6tokens5testss_35type_uppercase_first_with_lowercase
FN:340,_RNvNtNtNtCs8h7e9k1J8CD_4koan5parse6tokens5testss_38single_uppercase_letter_is_parse_error
FN:366,_RNvNtNtNtCs8h7e9k1J8CD_4koan5parse6tokens5testss_47ascription_compound_tokens_classify_as_keywords
FN:348,_RNvNtNtNtCs8h7e9k1J8CD_4koan5parse6tokens5testss_49uppercase_with_digits_no_lowercase_is_parse_error
FN:242,_RNvNtNtNtCs8h7e9k1J8CD_4koan5parse6tokens5testss_8negation
FNDA:48,_RNCNvNtNtCs3yqXWJWMNss_4koan5parse6tokens12is_type_name0B7_
FNDA:188,_RNCNvNtNtCs3yqXWJWMNss_4koan5parse6tokens13classify_atom0B7_
FNDA:51,_RNCNvNtNtCs3yqXWJWMNss_4koan5parse6tokens13classify_atoms0_0B7_
FNDA:43,_RNCNvNtNtCs3yqXWJWMNss_4koan5parse6tokens13classify_atoms_0B7_
FNDA:2,_RNCNvNtNtCs3yqXWJWMNss_4koan5parse6tokens5FLOAT0B7_
FNDA:398,_RNvNtNtCs3yqXWJWMNss_4koan5parse6tokens11try_literal
FNDA:91,_RNvNtNtCs3yqXWJWMNss_4koan5parse6tokens12is_type_name
FNDA:196,_RNvNtNtCs3yqXWJWMNss_4koan5parse6tokens13classify_atom
FNDA:202,_RNvNtNtCs3yqXWJWMNss_4koan5parse6tokens14classify_token
FNDA:189,_RNvNtNtCs3yqXWJWMNss_4koan5parse6tokens14parse_compound
FNDA:196,_RNvNtNtCs3yqXWJWMNss_4koan5parse6tokens9read_atom
FNDA:27,_RNCNvNtNtNtCs8h7e9k1J8CD_4koan5parse6tokens5tests8classify0B9_
FNDA:0,_RNCNvNtNtNtCs8h7e9k1J8CD_4koan5parse6tokens5tests8describe0B9_
FNDA:1149,_RNCNvNtNtCs8h7e9k1J8CD_4koan5parse6tokens12is_type_name0B7_
FNDA:6303,_RNCNvNtNtCs8h7e9k1J8CD_4koan5parse6tokens13classify_atom0B7_
FNDA:3036,_RNCNvNtNtCs8h7e9k1J8CD_4koan5parse6tokens13classify_atoms0_0B7_
FNDA:1054,_RNCNvNtNtCs8h7e9k1J8CD_4koan5parse6tokens13classify_atoms_0B7_
FNDA:1,_RNCNvNtNtCs8h7e9k1J8CD_4koan5parse6tokens5FLOAT0B7_
FNDA:9082,_RNvNtNtCs8h7e9k1J8CD_4koan5parse6tokens11try_literal
FNDA:2199,_RNvNtNtCs8h7e9k1J8CD_4koan5parse6tokens12is_type_name
FNDA:4320,_RNvNtNtCs8h7e9k1J8CD_4koan5parse6tokens13classify_atom
FNDA:4762,_RNvNtNtCs8h7e9k1J8CD_4koan5parse6tokens14classify_token
FNDA:4292,_RNvNtNtCs8h7e9k1J8CD_4koan5parse6tokens14parse_compound
FNDA:4324,_RNvNtNtCs8h7e9k1J8CD_4koan5parse6tokens9read_atom
FNDA:35,_RNvNtNtNtCs8h7e9k1J8CD_4koan5parse6tokens5tests8classify
FNDA:65,_RNvNtNtNtCs8h7e9k1J8CD_4koan5parse6tokens5tests8describe
FNDA:1,_RNvNtNtNtCs8h7e9k1J8CD_4koan5parse6tokens5testss_10plain_null
FNDA:1,_RNvNtNtNtCs8h7e9k1J8CD_4koan5parse6tokens5testss_10suffix_try
FNDA:1,_RNvNtNtNtCs8h7e9k1J8CD_4koan5parse6tokens5testss_11attr_access
FNDA:1,_RNvNtNtNtCs8h7e9k1J8CD_4koan5parse6tokens5testss_12plain_number
FNDA:1,_RNvNtNtNtCs8h7e9k1J8CD_4koan5parse6tokens5testss_13plain_boolean
FNDA:1,_RNvNtNtNtCs8h7e9k1J8CD_4koan5parse6tokens5testss_14chained_suffix
FNDA:1,_RNvNtNtNtCs8h7e9k1J8CD_4koan5parse6tokens5testss_15double_negation
FNDA:1,_RNvNtNtNtCs8h7e9k1J8CD_4koan5parse6tokens5testss_16bare_bang_errors
FNDA:1,_RNvNtNtNtCs8h7e9k1J8CD_4koan5parse6tokens5testss_16plain_identifier
FNDA:1,_RNvNtNtNtCs8h7e9k1J8CD_4koan5parse6tokens5testss_17suffix_after_attr
FNDA:1,_RNvNtNtNtCs8h7e9k1J8CD_4koan5parse6tokens5testss_18leading_dot_errors
FNDA:1,_RNvNtNtNtCs8h7e9k1J8CD_4koan5parse6tokens5testss_18negation_over_attr
FNDA:1,_RNvNtNtNtCs8h7e9k1J8CD_4koan5parse6tokens5testss_19chained_attr_access
FNDA:1,_RNvNtNtNtCs8h7e9k1J8CD_4koan5parse6tokens5testss_19dangling_dot_errors
FNDA:1,_RNvNtNtNtCs8h7e9k1J8CD_4koan5parse6tokens5testss_20negation_over_suffix
FNDA:1,_RNvNtNtNtCs8h7e9k1J8CD_4koan5parse6tokens5testss_21leading_suffix_errors
FNDA:1,_RNvNtNtNtCs8h7e9k1J8CD_4koan5parse6tokens5testss_25decimal_number_is_literal
FNDA:1,_RNvNtNtNtCs8h7e9k1J8CD_4koan5parse6tokens5testss_28pure_symbol_token_is_keyword
FNDA:1,_RNvNtNtNtCs8h7e9k1J8CD_4koan5parse6tokens5testss_28scientific_number_is_literal
FNDA:1,_RNvNtNtNtCs8h7e9k1J8CD_4koan5parse6tokens5testss_30attr_wins_when_rhs_not_numeric
FNDA:1,_RNvNtNtNtCs8h7e9k1J8CD_4koan5parse6tokens5testss_31lowercase_leading_is_identifier
FNDA:1,_RNvNtNtNtCs8h7e9k1J8CD_4koan5parse6tokens5testss_34keyword_two_uppercase_no_lowercase
FNDA:1,_RNvNtNtNtCs8h7e9k1J8CD_4koan5parse6tokens5testss_35type_uppercase_first_with_lowercase
FNDA:1,_RNvNtNtNtCs8h7e9k1J8CD_4koan5parse6tokens5testss_38single_uppercase_letter_is_parse_error
FNDA:1,_RNvNtNtNtCs8h7e9k1J8CD_4koan5parse6tokens5testss_47ascription_compound_tokens_classify_as_keywords
FNDA:1,_RNvNtNtNtCs8h7e9k1J8CD_4koan5parse6tokens5testss_49uppercase_with_digits_no_lowercase_is_parse_error
FNDA:1,_RNvNtNtNtCs8h7e9k1J8CD_4koan5parse6tokens5testss_8negation
FNF:42
FNH:41
DA:19,3
DA:20,3
DA:21,3
DA:27,4964
DA:28,4964
DA:29,483
DA:30,4481
DA:31,4481
DA:32,4481
DA:33,4470
DA:34,0
DA:35,4470
DA:36,4470
DA:37,4964
DA:42,9480
DA:43,9480
DA:44,9480
DA:45,9437
DA:46,9420
DA:47,9409
DA:49,9409
DA:50,413
DA:51,413
DA:52,0
DA:53,8996
DA:54,8996
DA:55,9480
DA:72,4516
DA:73,4516
DA:74,1
DA:75,4515
DA:76,4515
DA:77,2225
DA:78,2290
DA:79,2290
DA:80,6491
DA:81,1
DA:82,1
DA:83,1
DA:84,1
DA:85,1192
DA:86,1192
DA:87,1097
DA:92,1097
DA:93,4
DA:94,4
DA:95,4
DA:96,4
DA:97,4
DA:98,1093
DA:99,3087
DA:100,2
DA:101,2
DA:102,2
DA:103,2
DA:104,1091
DA:105,1091
DA:106,4516
DA:112,2290
DA:113,2290
DA:114,2290
DA:115,2290
DA:116,1093
DA:117,1197
DA:118,1197
DA:119,2290
DA:125,4481
DA:126,4481
DA:127,4487
DA:128,4486
DA:129,6
DA:130,6
DA:133,4481
DA:135,4514
DA:136,44
DA:137,44
DA:138,44
DA:139,39
DA:140,39
DA:141,38
DA:143,5
DA:147,4470
DA:148,5
DA:149,5
DA:150,4470
DA:151,4481
DA:155,4520
DA:156,4520
DA:157,20636
DA:158,16161
DA:159,45
DA:160,16116
DA:161,16116
DA:162,16116
DA:164,4520
DA:165,4
DA:166,4516
DA:167,4516
DA:168,4520
DA:175,65
DA:176,7
DA:177,21
DA:178,18
DA:179,3
DA:180,16
DA:181,16
DA:182,16
DA:184,0
DA:185,5
DA:186,1
DA:187,1
DA:188,0
DA:189,0
DA:190,0
DA:191,0
DA:193,0
DA:194,0
DA:195,0
DA:196,0
DA:197,0
DA:198,0
DA:201,65
DA:203,35
DA:204,35
DA:205,35
DA:208,1
DA:209,1
DA:210,1
DA:213,1
DA:214,1
DA:215,1
DA:218,1
DA:219,1
DA:220,1
DA:223,1
DA:224,1
DA:225,1
DA:228,1
DA:229,1
DA:230,1
DA:233,1
DA:234,1
DA:235,1
DA:238,1
DA:242,1
DA:243,1
DA:244,1
DA:247,1
DA:248,1
DA:249,1
DA:252,1
DA:255,1
DA:256,1
DA:257,1
DA:260,1
DA:263,1
DA:264,1
DA:265,1
DA:268,1
DA:269,1
DA:270,1
DA:271,1
DA:274,1
DA:275,1
DA:276,1
DA:279,1
DA:280,1
DA:281,1
DA:284,1
DA:285,1
DA:286,1
DA:289,1
DA:290,1
DA:291,1
DA:294,1
DA:295,1
DA:296,1
DA:299,1
DA:300,1
DA:301,1
DA:304,1
DA:305,1
DA:306,1
DA:309,1
DA:312,1
DA:313,1
DA:314,1
DA:317,1
DA:318,1
DA:319,1
DA:324,1
DA:326,1
DA:327,1
DA:328,1
DA:329,1
DA:332,1
DA:334,1
DA:335,1
DA:336,1
DA:337,1
DA:340,1
DA:342,1
DA:343,1
DA:344,1
DA:345,1
DA:348,1
DA:352,1
DA:353,1
DA:356,1
DA:361,1
DA:362,1
DA:363,1
DA:366,1
DA:368,1
DA:369,1
DA:370,1
DA:373,1
DA:374,1
DA:375,1
DA:376,1
BRF:0
BRH:0
LF:226
LH:212
end_of_record
SF:/var/home/jack/Code/koan/src/parse/triple_list.rs
FN:72,_RINvNtNtCs3yqXWJWMNss_4koan5parse11triple_list15parse_pair_listNtNtNtNtNtB6_7machine5model5types5ktype5KTypeNCNvNtB13_16typed_field_list37parse_typed_field_list_via_elaborator0EB6_
FN:22,_RINvNtNtCs3yqXWJWMNss_4koan5parse11triple_list25parse_keyword_triple_listNtNtNtNtB6_7machine5model3ast14ExpressionPartNCNvNtNtB1d_6values11named_pairs23parse_named_value_pairss_0EB6_
FN:96,_RNCINvNtNtCs3yqXWJWMNss_4koan5parse11triple_list15parse_pair_listNtNtNtNtNtB8_7machine5model5types5ktype5KTypeNCNvNtB15_16typed_field_list37parse_typed_field_list_via_elaborator0E0B8_
FN:56,_RNCINvNtNtCs3yqXWJWMNss_4koan5parse11triple_list25parse_keyword_triple_listNtNtNtNtB8_7machine5model3ast14ExpressionPartNCNvNtNtB1f_6values11named_pairs23parse_named_value_pairss_0E0B8_
FN:72,_RINvNtNtCs8h7e9k1J8CD_4koan5parse11triple_list15parse_pair_listNtNtNtNtNtB6_7machine5model5types5ktype5KTypeNCNvNtB13_16typed_field_list37parse_typed_field_list_via_elaborator0EB6_
FN:22,_RINvNtNtCs8h7e9k1J8CD_4koan5parse11triple_list25parse_keyword_triple_listNtNtNtNtB6_7machine5model3ast14ExpressionPartNCNvNtNtB1d_6values11named_pairs23parse_named_value_pairss_0EB6_
FN:96,_RNCINvNtNtCs8h7e9k1J8CD_4koan5parse11triple_list15parse_pair_listNtNtNtNtNtB8_7machine5model5types5ktype5KTypeNCNvNtB15_16typed_field_list37parse_typed_field_list_via_elaborator0E0B8_
FN:56,_RNCINvNtNtCs8h7e9k1J8CD_4koan5parse11triple_list25parse_keyword_triple_listNtNtNtNtB8_7machine5model3ast14ExpressionPartNCNvNtNtB1f_6values11named_pairs23parse_named_value_pairss_0E0B8_
FNDA:1,_RINvNtNtCs3yqXWJWMNss_4koan5parse11triple_list15parse_pair_listNtNtNtNtNtB6_7machine5model5types5ktype5KTypeNCNvNtB13_16typed_field_list37parse_typed_field_list_via_elaborator0EB6_
FNDA:1,_RINvNtNtCs3yqXWJWMNss_4koan5parse11triple_list25parse_keyword_triple_listNtNtNtNtB6_7machine5model3ast14ExpressionPartNCNvNtNtB1d_6values11named_pairs23parse_named_value_pairss_0EB6_
FNDA:1,_RNCINvNtNtCs3yqXWJWMNss_4koan5parse11triple_list15parse_pair_listNtNtNtNtNtB8_7machine5model5types5ktype5KTypeNCNvNtB15_16typed_field_list37parse_typed_field_list_via_elaborator0E0B8_
FNDA:1,_RNCINvNtNtCs3yqXWJWMNss_4koan5parse11triple_list25parse_keyword_triple_listNtNtNtNtB8_7machine5model3ast14ExpressionPartNCNvNtNtB1f_6values11named_pairs23parse_named_value_pairss_0E0B8_
FNDA:78,_RINvNtNtCs8h7e9k1J8CD_4koan5parse11triple_list15parse_pair_listNtNtNtNtNtB6_7machine5model5types5ktype5KTypeNCNvNtB13_16typed_field_list37parse_typed_field_list_via_elaborator0EB6_
FNDA:45,_RINvNtNtCs8h7e9k1J8CD_4koan5parse11triple_list25parse_keyword_triple_listNtNtNtNtB6_7machine5model3ast14ExpressionPartNCNvNtNtB1d_6values11named_pairs23parse_named_value_pairss_0EB6_
FNDA:54,_RNCINvNtNtCs8h7e9k1J8CD_4koan5parse11triple_list15parse_pair_listNtNtNtNtNtB8_7machine5model5types5ktype5KTypeNCNvNtB15_16typed_field_list37parse_typed_field_list_via_elaborator0E0B8_
FNDA:35,_RNCINvNtNtCs8h7e9k1J8CD_4koan5parse11triple_list25parse_keyword_triple_listNtNtNtNtB8_7machine5model3ast14ExpressionPartNCNvNtNtB1f_6values11named_pairs23parse_named_value_pairss_0E0B8_
FNF:4
FNH:4
DA:22,46
DA:23,46
DA:24,46
DA:25,46
DA:26,46
DA:27,46
DA:28,46
DA:29,46
DA:30,3
DA:31,3
DA:32,3
DA:33,3
DA:34,43
DA:35,43
DA:36,43
DA:37,112
DA:38,74
DA:39,73
DA:40,1
DA:41,1
DA:42,1
DA:43,1
DA:44,1
DA:47,73
DA:48,72
DA:49,1
DA:50,1
DA:51,1
DA:52,1
DA:53,1
DA:56,72
DA:57,3
DA:58,69
DA:59,69
DA:60,69
DA:61,69
DA:63,38
DA:64,46
DA:72,79
DA:73,79
DA:74,79
DA:75,79
DA:76,79
DA:77,79
DA:78,79
DA:79,2
DA:80,2
DA:81,2
DA:82,2
DA:83,77
DA:84,77
DA:85,77
DA:86,201
DA:87,129
DA:88,129
DA:89,0
DA:90,0
DA:91,0
DA:92,0
DA:93,0
DA:96,129
DA:97,2
DA:98,127
DA:99,127
DA:100,124
DA:101,124
DA:103,72
DA:104,79
BRF:0
BRH:0
LF:70
LH:65
end_of_record
SF:/var/home/jack/Code/koan/src/parse/type_expr_frame.rs
FN:18,_RNvMNtNtCs3yqXWJWMNss_4koan5parse15type_expr_frameNtB2_13TypeExprFrame3new
FN:22,_RNvMNtNtCs3yqXWJWMNss_4koan5parse15type_expr_frameNtB2_13TypeExprFrame5build
FN:67,_RNvNtNtCs3yqXWJWMNss_4koan5parse15type_expr_frame10find_arrow
FN:91,_RNvNtNtCs3yqXWJWMNss_4koan5parse15type_expr_frame17build_list_params
FN:119,_RNvNtNtCs3yqXWJWMNss_4koan5parse15type_expr_frame21build_function_params
FN:141,_RNvNtNtCs3yqXWJWMNss_4koan5parse15type_expr_frame21extract_function_args
FN:174,_RNvNtNtCs3yqXWJWMNss_4koan5parse15type_expr_frame23extract_function_return
FN:111,_RNvNtNtCs3yqXWJWMNss_4koan5parse15type_expr_frame9lift_part
FN:149,_RNCNvNtNtCs3yqXWJWMNss_4koan5parse15type_expr_frame21extract_function_args0B7_
FN:156,_RNCNvNtNtCs3yqXWJWMNss_4koan5parse15type_expr_frame21extract_function_argss_0B7_
FN:177,_RNCNvNtNtCs3yqXWJWMNss_4koan5parse15type_expr_frame23extract_function_return0B7_
FN:149,_RNCNvNtNtCs8h7e9k1J8CD_4koan5parse15type_expr_frame21extract_function_args0B7_
FN:156,_RNCNvNtNtCs8h7e9k1J8CD_4koan5parse15type_expr_frame21extract_function_argss_0B7_
FN:177,_RNCNvNtNtCs8h7e9k1J8CD_4koan5parse15type_expr_frame23extract_function_return0B7_
FN:18,_RNvMNtNtCs8h7e9k1J8CD_4koan5parse15type_expr_frameNtB2_13TypeExprFrame3new
FN:22,_RNvMNtNtCs8h7e9k1J8CD_4koan5parse15type_expr_frameNtB2_13TypeExprFrame5build
FN:67,_RNvNtNtCs8h7e9k1J8CD_4koan5parse15type_expr_frame10find_arrow
FN:91,_RNvNtNtCs8h7e9k1J8CD_4koan5parse15type_expr_frame17build_list_params
FN:119,_RNvNtNtCs8h7e9k1J8CD_4koan5parse15type_expr_frame21build_function_params
FN:141,_RNvNtNtCs8h7e9k1J8CD_4koan5parse15type_expr_frame21extract_function_args
FN:174,_RNvNtNtCs8h7e9k1J8CD_4koan5parse15type_expr_frame23extract_function_return
FN:111,_RNvNtNtCs8h7e9k1J8CD_4koan5parse15type_expr_frame9lift_part
FNDA:0,_RNvMNtNtCs3yqXWJWMNss_4koan5parse15type_expr_frameNtB2_13TypeExprFrame3new
FNDA:0,_RNvMNtNtCs3yqXWJWMNss_4koan5parse15type_expr_frameNtB2_13TypeExprFrame5build
FNDA:0,_RNvNtNtCs3yqXWJWMNss_4koan5parse15type_expr_frame10find_arrow
FNDA:0,_RNvNtNtCs3yqXWJWMNss_4koan5parse15type_expr_frame17build_list_params
FNDA:0,_RNvNtNtCs3yqXWJWMNss_4koan5parse15type_expr_frame21build_function_params
FNDA:0,_RNvNtNtCs3yqXWJWMNss_4koan5parse15type_expr_frame21extract_function_args
FNDA:0,_RNvNtNtCs3yqXWJWMNss_4koan5parse15type_expr_frame23extract_function_return
FNDA:0,_RNvNtNtCs3yqXWJWMNss_4koan5parse15type_expr_frame9lift_part
FNDA:0,_RNCNvNtNtCs3yqXWJWMNss_4koan5parse15type_expr_frame21extract_function_args0B7_
FNDA:0,_RNCNvNtNtCs3yqXWJWMNss_4koan5parse15type_expr_frame21extract_function_argss_0B7_
FNDA:0,_RNCNvNtNtCs3yqXWJWMNss_4koan5parse15type_expr_frame23extract_function_return0B7_
FNDA:2,_RNCNvNtNtCs8h7e9k1J8CD_4koan5parse15type_expr_frame21extract_function_args0B7_
FNDA:21,_RNCNvNtNtCs8h7e9k1J8CD_4koan5parse15type_expr_frame21extract_function_argss_0B7_
FNDA:1,_RNCNvNtNtCs8h7e9k1J8CD_4koan5parse15type_expr_frame23extract_function_return0B7_
FNDA:57,_RNvMNtNtCs8h7e9k1J8CD_4koan5parse15type_expr_frameNtB2_13TypeExprFrame3new
FNDA:59,_RNvMNtNtCs8h7e9k1J8CD_4koan5parse15type_expr_frameNtB2_13TypeExprFrame5build
FNDA:56,_RNvNtNtCs8h7e9k1J8CD_4koan5parse15type_expr_frame10find_arrow
FNDA:30,_RNvNtNtCs8h7e9k1J8CD_4koan5parse15type_expr_frame17build_list_params
FNDA:22,_RNvNtNtCs8h7e9k1J8CD_4koan5parse15type_expr_frame21build_function_params
FNDA:22,_RNvNtNtCs8h7e9k1J8CD_4koan5parse15type_expr_frame21extract_function_args
FNDA:18,_RNvNtNtCs8h7e9k1J8CD_4koan5parse15type_expr_frame23extract_function_return
FNDA:53,_RNvNtNtCs8h7e9k1J8CD_4koan5parse15type_expr_frame9lift_part
FNF:11
FNH:11
DA:18,57
DA:19,57
DA:20,57
DA:22,59
DA:23,59
DA:24,59
DA:25,1
DA:26,1
DA:27,1
DA:28,1
DA:29,58
DA:30,58
DA:31,57
DA:32,1
DA:33,1
DA:34,1
DA:35,1
DA:36,1
DA:38,1
DA:39,1
DA:40,1
DA:41,1
DA:42,1
DA:45,56
DA:46,56
DA:47,54
DA:49,54
DA:50,1
DA:51,1
DA:52,1
DA:53,1
DA:54,1
DA:55,1
DA:56,1
DA:57,1
DA:58,1
DA:59,30
DA:60,22
DA:62,59
DA:67,56
DA:68,56
DA:69,112
DA:70,25
DA:71,86
DA:72,25
DA:73,25
DA:74,1
DA:75,1
DA:76,1
DA:77,24
DA:78,24
DA:80,1
DA:81,1
DA:82,1
DA:83,1
DA:84,1
DA:88,54
DA:89,56
DA:91,30
DA:92,30
DA:93,30
DA:94,30
DA:95,30
DA:96,1
DA:97,29
DA:98,29
DA:99,29
DA:100,29
DA:101,29
DA:102,29
DA:103,30
DA:111,53
DA:112,53
DA:113,51
DA:114,2
DA:115,0
DA:117,53
DA:119,22
DA:120,22
DA:121,22
DA:122,22
DA:123,22
DA:124,22
DA:125,22
DA:126,22
DA:127,22
DA:129,22
DA:130,18
DA:131,17
DA:132,17
DA:133,17
DA:134,17
DA:135,17
DA:136,17
DA:137,17
DA:138,17
DA:139,22
DA:141,22
DA:142,22
DA:143,22
DA:148,22
DA:149,22
DA:150,20
DA:151,19
DA:152,1
DA:154,19
DA:155,19
DA:156,21
DA:157,19
DA:162,1
DA:163,1
DA:164,1
DA:166,1
DA:167,1
DA:168,1
DA:169,1
DA:170,21
DA:171,19
DA:172,22
DA:174,18
DA:175,18
DA:176,18
DA:177,18
DA:179,1
DA:180,1
DA:183,17
DA:184,18
BRF:0
BRH:0
LF:130
LH:129
end_of_record
SF:/var/home/jack/Code/koan/src/parse/whitespace.rs
FN:90,_RNvNtNtCs3yqXWJWMNss_4koan5parse10whitespace16line_delim_delta
FN:21,_RNvNtNtCs3yqXWJWMNss_4koan5parse10whitespace19collapse_whitespace
FN:91,_RNCNvNtNtCs3yqXWJWMNss_4koan5parse10whitespace16line_delim_delta0B7_
FN:92,_RNCNvNtNtCs3yqXWJWMNss_4koan5parse10whitespace16line_delim_deltas_0B7_
FN:91,_RNCNvNtNtCs8h7e9k1J8CD_4koan5parse10whitespace16line_delim_delta0B7_
FN:92,_RNCNvNtNtCs8h7e9k1J8CD_4koan5parse10whitespace16line_delim_deltas_0B7_
FN:90,_RNvNtNtCs8h7e9k1J8CD_4koan5parse10whitespace16line_delim_delta
FN:21,_RNvNtNtCs8h7e9k1J8CD_4koan5parse10whitespace19collapse_whitespace
FNDA:33,_RNvNtNtCs3yqXWJWMNss_4koan5parse10whitespace16line_delim_delta
FNDA:15,_RNvNtNtCs3yqXWJWMNss_4koan5parse10whitespace19collapse_whitespace
FNDA:774,_RNCNvNtNtCs3yqXWJWMNss_4koan5parse10whitespace16line_delim_delta0B7_
FNDA:774,_RNCNvNtNtCs3yqXWJWMNss_4koan5parse10whitespace16line_delim_deltas_0B7_
FNDA:22057,_RNCNvNtNtCs8h7e9k1J8CD_4koan5parse10whitespace16line_delim_delta0B7_
FNDA:22057,_RNCNvNtNtCs8h7e9k1J8CD_4koan5parse10whitespace16line_delim_deltas_0B7_
FNDA:936,_RNvNtNtCs8h7e9k1J8CD_4koan5parse10whitespace16line_delim_delta
FNDA:644,_RNvNtNtCs8h7e9k1J8CD_4koan5parse10whitespace19collapse_whitespace
FNF:4
FNH:4
DA:21,659
DA:22,659
DA:23,659
DA:24,659
DA:25,659
DA:27,980
DA:28,980
DA:29,980
DA:30,980
DA:32,980
DA:33,7
DA:34,973
DA:36,973
DA:37,50
DA:38,50
DA:39,50
DA:40,50
DA:41,50
DA:42,923
DA:44,923
DA:45,2
DA:46,921
DA:47,921
DA:48,2
DA:49,2
DA:50,2
DA:51,2
DA:52,919
DA:54,1170
DA:55,277
DA:56,251
DA:57,251
DA:58,251
DA:59,26
DA:63,919
DA:64,262
DA:65,657
DA:68,919
DA:69,8
DA:70,911
DA:72,919
DA:73,919
DA:74,919
DA:75,919
DA:76,919
DA:77,919
DA:80,1319
DA:81,664
DA:82,664
DA:84,655
DA:85,659
DA:90,969
DA:91,22831
DA:92,22831
DA:93,969
DA:94,969
BRF:0
BRH:0
LF:58
LH:58
end_of_record