SF:/var/home/jack/Code/koan/src/builtins.rs
FN:157,_RNvNtCsjkUEORhOIHz_4koan8builtins13default_scope
FN:80,_RNvNtCsjkUEORhOIHz_4koan8builtins16register_builtin
FN:45,_RNvNtCsjkUEORhOIHz_4koan8builtins20dispatch_constructor
FN:126,_RNvNtCsjkUEORhOIHz_4koan8builtins21register_builtin_full
FN:107,_RNvNtCsjkUEORhOIHz_4koan8builtins23register_nominal_binder
FN:91,_RNvNtCsjkUEORhOIHz_4koan8builtins28register_builtin_with_binder
FN:64,_RNvNtCsjkUEORhOIHz_4koan8builtins2kw
FN:69,_RNvNtCsjkUEORhOIHz_4koan8builtins3arg
FN:59,_RNvNtCsjkUEORhOIHz_4koan8builtins3err
FN:76,_RNvNtCsjkUEORhOIHz_4koan8builtins3sig
FN:157,_RNvNtCs17lX60Qr81G_4koan8builtins13default_scope
FN:80,_RNvNtCs17lX60Qr81G_4koan8builtins16register_builtin
FN:45,_RNvNtCs17lX60Qr81G_4koan8builtins20dispatch_constructor
FN:126,_RNvNtCs17lX60Qr81G_4koan8builtins21register_builtin_full
FN:107,_RNvNtCs17lX60Qr81G_4koan8builtins23register_nominal_binder
FN:91,_RNvNtCs17lX60Qr81G_4koan8builtins28register_builtin_with_binder
FN:64,_RNvNtCs17lX60Qr81G_4koan8builtins2kw
FN:69,_RNvNtCs17lX60Qr81G_4koan8builtins3arg
FN:59,_RNvNtCs17lX60Qr81G_4koan8builtins3err
FN:76,_RNvNtCs17lX60Qr81G_4koan8builtins3sig
FNDA:40,_RNvNtCsjkUEORhOIHz_4koan8builtins13default_scope
FNDA:1280,_RNvNtCsjkUEORhOIHz_4koan8builtins16register_builtin
FNDA:0,_RNvNtCsjkUEORhOIHz_4koan8builtins20dispatch_constructor
FNDA:1760,_RNvNtCsjkUEORhOIHz_4koan8builtins21register_builtin_full
FNDA:160,_RNvNtCsjkUEORhOIHz_4koan8builtins23register_nominal_binder
FNDA:1440,_RNvNtCsjkUEORhOIHz_4koan8builtins28register_builtin_with_binder
FNDA:2440,_RNvNtCsjkUEORhOIHz_4koan8builtins2kw
FNDA:3120,_RNvNtCsjkUEORhOIHz_4koan8builtins3arg
FNDA:1,_RNvNtCsjkUEORhOIHz_4koan8builtins3err
FNDA:1680,_RNvNtCsjkUEORhOIHz_4koan8builtins3sig
FNDA:460,_RNvNtCs17lX60Qr81G_4koan8builtins13default_scope
FNDA:14741,_RNvNtCs17lX60Qr81G_4koan8builtins16register_builtin
FNDA:5,_RNvNtCs17lX60Qr81G_4koan8builtins20dispatch_constructor
FNDA:20262,_RNvNtCs17lX60Qr81G_4koan8builtins21register_builtin_full
FNDA:1840,_RNvNtCs17lX60Qr81G_4koan8builtins23register_nominal_binder
FNDA:16582,_RNvNtCs17lX60Qr81G_4koan8builtins28register_builtin_with_binder
FNDA:28060,_RNvNtCs17lX60Qr81G_4koan8builtins2kw
FNDA:35880,_RNvNtCs17lX60Qr81G_4koan8builtins3arg
FNDA:54,_RNvNtCs17lX60Qr81G_4koan8builtins3err
FNDA:19320,_RNvNtCs17lX60Qr81G_4koan8builtins3sig
FNF:10
FNH:10
DA:45,5
DA:46,5
DA:47,5
DA:48,5
DA:49,5
DA:50,5
DA:51,0
DA:52,0
DA:54,5
DA:59,55
DA:60,55
DA:61,55
DA:64,30500
DA:65,30500
DA:66,30500
DA:69,39000
DA:70,39000
DA:71,39000
DA:76,21000
DA:77,21000
DA:78,21000
DA:80,16021
DA:81,16021
DA:82,16021
DA:83,16021
DA:84,16021
DA:85,16021
DA:86,16021
DA:87,16021
DA:91,18022
DA:92,18022
DA:93,18022
DA:94,18022
DA:95,18022
DA:96,18022
DA:97,18022
DA:98,18022
DA:99,18022
DA:107,2000
DA:108,2000
DA:109,2000
DA:110,2000
DA:111,2000
DA:112,2000
DA:113,2000
DA:114,2000
DA:115,2000
DA:126,22022
DA:127,22022
DA:128,22022
DA:129,22022
DA:130,22022
DA:131,22022
DA:132,22022
DA:133,22022
DA:134,22022
DA:135,22022
DA:136,22022
DA:137,22022
DA:138,22022
DA:139,22022
DA:140,22022
DA:141,22022
DA:142,22022
DA:143,22022
DA:144,22022
DA:145,22022
DA:146,22022
DA:147,22022
DA:148,22022
DA:157,500
DA:158,500
DA:159,500
DA:160,500
DA:161,500
DA:167,500
DA:168,500
DA:169,500
DA:170,500
DA:171,500
DA:172,500
DA:173,500
DA:174,500
DA:177,500
DA:178,500
DA:183,500
DA:184,500
DA:185,500
DA:188,500
DA:189,500
DA:190,500
DA:195,500
DA:196,500
DA:197,500
DA:199,500
DA:200,500
DA:201,500
DA:202,500
DA:203,500
DA:204,500
DA:205,500
DA:206,500
DA:207,500
DA:208,500
DA:209,500
DA:210,500
DA:211,500
DA:212,500
DA:213,500
DA:214,500
DA:215,500
DA:216,500
DA:217,500
DA:218,500
DA:219,500
DA:220,500
DA:221,500
DA:222,500
DA:223,500
DA:224,500
DA:226,500
DA:227,500
BRF:0
BRH:0
LF:122
LH:120
end_of_record
SF:/var/home/jack/Code/koan/src/builtins/ascribe.rs
FN:16,_RNvNtNtCsjkUEORhOIHz_4koan8builtins7ascribe11body_opaque
FN:129,_RNvNtNtCsjkUEORhOIHz_4koan8builtins7ascribe11shape_check
FN:100,_RNvNtNtCsjkUEORhOIHz_4koan8builtins7ascribe16body_transparent
FN:185,_RNvNtNtCsjkUEORhOIHz_4koan8builtins7ascribe21is_abstract_type_name
FN:171,_RNvNtNtCsjkUEORhOIHz_4koan8builtins7ascribe22abstract_type_names_of
FN:197,_RNvNtNtCsjkUEORhOIHz_4koan8builtins7ascribe28resolve_module_and_signature
FN:205,_RNvNtNtCsjkUEORhOIHz_4koan8builtins7ascribe8register
FN:191,_RNCNvNtNtCsjkUEORhOIHz_4koan8builtins7ascribe21is_abstract_type_name0B7_
FN:191,_RNCNvNtNtCs17lX60Qr81G_4koan8builtins7ascribe21is_abstract_type_name0B7_
FN:16,_RNvNtNtCs17lX60Qr81G_4koan8builtins7ascribe11body_opaque
FN:129,_RNvNtNtCs17lX60Qr81G_4koan8builtins7ascribe11shape_check
FN:100,_RNvNtNtCs17lX60Qr81G_4koan8builtins7ascribe16body_transparent
FN:185,_RNvNtNtCs17lX60Qr81G_4koan8builtins7ascribe21is_abstract_type_name
FN:171,_RNvNtNtCs17lX60Qr81G_4koan8builtins7ascribe22abstract_type_names_of
FN:197,_RNvNtNtCs17lX60Qr81G_4koan8builtins7ascribe28resolve_module_and_signature
FN:205,_RNvNtNtCs17lX60Qr81G_4koan8builtins7ascribe8register
FNDA:1,_RNvNtNtCsjkUEORhOIHz_4koan8builtins7ascribe11body_opaque
FNDA:4,_RNvNtNtCsjkUEORhOIHz_4koan8builtins7ascribe11shape_check
FNDA:3,_RNvNtNtCsjkUEORhOIHz_4koan8builtins7ascribe16body_transparent
FNDA:18,_RNvNtNtCsjkUEORhOIHz_4koan8builtins7ascribe21is_abstract_type_name
FNDA:5,_RNvNtNtCsjkUEORhOIHz_4koan8builtins7ascribe22abstract_type_names_of
FNDA:4,_RNvNtNtCsjkUEORhOIHz_4koan8builtins7ascribe28resolve_module_and_signature
FNDA:40,_RNvNtNtCsjkUEORhOIHz_4koan8builtins7ascribe8register
FNDA:0,_RNCNvNtNtCsjkUEORhOIHz_4koan8builtins7ascribe21is_abstract_type_name0B7_
FNDA:9,_RNCNvNtNtCs17lX60Qr81G_4koan8builtins7ascribe21is_abstract_type_name0B7_
FNDA:19,_RNvNtNtCs17lX60Qr81G_4koan8builtins7ascribe11body_opaque
FNDA:36,_RNvNtNtCs17lX60Qr81G_4koan8builtins7ascribe11shape_check
FNDA:17,_RNvNtNtCs17lX60Qr81G_4koan8builtins7ascribe16body_transparent
FNDA:125,_RNvNtNtCs17lX60Qr81G_4koan8builtins7ascribe21is_abstract_type_name
FNDA:62,_RNvNtNtCs17lX60Qr81G_4koan8builtins7ascribe22abstract_type_names_of
FNDA:36,_RNvNtNtCs17lX60Qr81G_4koan8builtins7ascribe28resolve_module_and_signature
FNDA:460,_RNvNtNtCs17lX60Qr81G_4koan8builtins7ascribe8register
FNF:8
FNH:8
DA:16,20
DA:17,20
DA:18,20
DA:19,20
DA:20,20
DA:21,20
DA:22,20
DA:23,0
DA:26,20
DA:27,20
DA:28,20
DA:29,20
DA:37,20
DA:38,20
DA:39,0
DA:40,20
DA:42,20
DA:55,20
DA:57,20
DA:58,20
DA:59,13
DA:60,3
DA:61,3
DA:62,3
DA:63,3
DA:64,3
DA:65,3
DA:67,10
DA:68,10
DA:69,10
DA:70,10
DA:72,13
DA:75,20
DA:76,13
DA:77,13
DA:78,13
DA:79,13
DA:80,7
DA:82,20
DA:83,2
DA:84,18
DA:89,18
DA:93,18
DA:94,18
DA:95,18
DA:96,18
DA:97,20
DA:100,20
DA:101,20
DA:102,20
DA:103,20
DA:104,20
DA:105,20
DA:106,20
DA:107,0
DA:109,20
DA:110,0
DA:111,20
DA:113,20
DA:114,20
DA:115,20
DA:116,20
DA:117,20
DA:120,20
DA:121,20
DA:122,20
DA:123,20
DA:124,20
DA:125,20
DA:129,40
DA:130,40
DA:131,40
DA:132,40
DA:133,40
DA:134,40
DA:135,40
DA:136,40
DA:137,40
DA:138,40
DA:139,40
DA:140,40
DA:141,40
DA:142,40
DA:143,40
DA:144,40
DA:145,40
DA:146,40
DA:147,40
DA:148,40
DA:149,37
DA:150,0
DA:151,37
DA:152,37
DA:153,2
DA:154,2
DA:155,2
DA:156,2
DA:157,35
DA:159,38
DA:160,40
DA:171,67
DA:172,67
DA:173,67
DA:174,67
DA:175,67
DA:176,61
DA:177,0
DA:178,61
DA:180,67
DA:181,67
DA:185,143
DA:186,143
DA:187,143
DA:188,143
DA:189,134
DA:190,9
DA:191,9
DA:192,143
DA:197,40
DA:198,40
DA:199,40
DA:200,40
DA:201,40
DA:202,40
DA:203,40
DA:205,500
DA:212,500
DA:213,500
DA:214,500
DA:215,500
DA:216,500
DA:217,500
DA:218,500
DA:220,500
DA:222,500
DA:223,500
DA:224,500
DA:225,500
DA:226,500
DA:227,500
DA:228,500
DA:230,500
DA:232,500
BRF:0
BRH:0
LF:144
LH:138
end_of_record
SF:/var/home/jack/Code/koan/src/builtins/attr.rs
FN:148,_RNvNtNtCsjkUEORhOIHz_4koan8builtins4attr11body_module
FN:129,_RNvNtNtCsjkUEORhOIHz_4koan8builtins4attr11body_struct
FN:192,_RNvNtNtCsjkUEORhOIHz_4koan8builtins4attr12access_field
FN:88,_RNvNtNtCsjkUEORhOIHz_4koan8builtins4attr13body_type_lhs
FN:34,_RNvNtNtCsjkUEORhOIHz_4koan8builtins4attr15body_identifier
FN:172,_RNvNtNtCsjkUEORhOIHz_4koan8builtins4attr15read_field_name
FN:267,_RNvNtNtCsjkUEORhOIHz_4koan8builtins4attr20access_module_member
FN:288,_RNvNtNtCsjkUEORhOIHz_4koan8builtins4attr8register
FN:376,_RNvNtNtNtCs17lX60Qr81G_4koan8builtins4attr5testss_24attr_unbound_name_errors
FN:403,_RNvNtNtNtCs17lX60Qr81G_4koan8builtins4attr5testss_25attr_unknown_field_errors
FN:387,_RNvNtNtNtCs17lX60Qr81G_4koan8builtins4attr5testss_31attr_on_non_struct_value_errors
FN:419,_RNvNtNtNtCs17lX60Qr81G_4koan8builtins4attr5testss_33attr_chained_unknown_field_errors
FN:360,_RNvNtNtNtCs17lX60Qr81G_4koan8builtins4attr5testss_34attr_chained_through_nested_struct
FN:336,_RNvNtNtNtCs17lX60Qr81G_4koan8builtins4attr5testss_34attr_reads_field_from_named_struct
FN:348,_RNvNtNtNtCs17lX60Qr81G_4koan8builtins4attr5testss_35attr_reads_each_field_independently
FN:462,_RNvNtNtNtCs17lX60Qr81G_4koan8builtins4attr5testss_39access_field_rejects_wrapped_non_struct
FN:443,_RNvNtNtNtCs17lX60Qr81G_4koan8builtins4attr5testss_41access_field_falls_through_wrapped_struct
FN:486,_RNvNtNtNtCs17lX60Qr81G_4koan8builtins4attr5testss_53access_field_falls_through_wrapped_with_missing_field
FN:148,_RNvNtNtCs17lX60Qr81G_4koan8builtins4attr11body_module
FN:129,_RNvNtNtCs17lX60Qr81G_4koan8builtins4attr11body_struct
FN:192,_RNvNtNtCs17lX60Qr81G_4koan8builtins4attr12access_field
FN:88,_RNvNtNtCs17lX60Qr81G_4koan8builtins4attr13body_type_lhs
FN:34,_RNvNtNtCs17lX60Qr81G_4koan8builtins4attr15body_identifier
FN:172,_RNvNtNtCs17lX60Qr81G_4koan8builtins4attr15read_field_name
FN:267,_RNvNtNtCs17lX60Qr81G_4koan8builtins4attr20access_module_member
FN:288,_RNvNtNtCs17lX60Qr81G_4koan8builtins4attr8register
FNDA:7,_RNvNtNtCsjkUEORhOIHz_4koan8builtins4attr11body_module
FNDA:1,_RNvNtNtCsjkUEORhOIHz_4koan8builtins4attr11body_struct
FNDA:1,_RNvNtNtCsjkUEORhOIHz_4koan8builtins4attr12access_field
FNDA:0,_RNvNtNtCsjkUEORhOIHz_4koan8builtins4attr13body_type_lhs
FNDA:1,_RNvNtNtCsjkUEORhOIHz_4koan8builtins4attr15body_identifier
FNDA:9,_RNvNtNtCsjkUEORhOIHz_4koan8builtins4attr15read_field_name
FNDA:7,_RNvNtNtCsjkUEORhOIHz_4koan8builtins4attr20access_module_member
FNDA:40,_RNvNtNtCsjkUEORhOIHz_4koan8builtins4attr8register
FNDA:1,_RNvNtNtNtCs17lX60Qr81G_4koan8builtins4attr5testss_24attr_unbound_name_errors
FNDA:1,_RNvNtNtNtCs17lX60Qr81G_4koan8builtins4attr5testss_25attr_unknown_field_errors
FNDA:1,_RNvNtNtNtCs17lX60Qr81G_4koan8builtins4attr5testss_31attr_on_non_struct_value_errors
FNDA:1,_RNvNtNtNtCs17lX60Qr81G_4koan8builtins4attr5testss_33attr_chained_unknown_field_errors
FNDA:1,_RNvNtNtNtCs17lX60Qr81G_4koan8builtins4attr5testss_34attr_chained_through_nested_struct
FNDA:1,_RNvNtNtNtCs17lX60Qr81G_4koan8builtins4attr5testss_34attr_reads_field_from_named_struct
FNDA:1,_RNvNtNtNtCs17lX60Qr81G_4koan8builtins4attr5testss_35attr_reads_each_field_independently
FNDA:1,_RNvNtNtNtCs17lX60Qr81G_4koan8builtins4attr5testss_39access_field_rejects_wrapped_non_struct
FNDA:1,_RNvNtNtNtCs17lX60Qr81G_4koan8builtins4attr5testss_41access_field_falls_through_wrapped_struct
FNDA:1,_RNvNtNtNtCs17lX60Qr81G_4koan8builtins4attr5testss_53access_field_falls_through_wrapped_with_missing_field
FNDA:9,_RNvNtNtCs17lX60Qr81G_4koan8builtins4attr11body_module
FNDA:18,_RNvNtNtCs17lX60Qr81G_4koan8builtins4attr11body_struct
FNDA:25,_RNvNtNtCs17lX60Qr81G_4koan8builtins4attr12access_field
FNDA:0,_RNvNtNtCs17lX60Qr81G_4koan8builtins4attr13body_type_lhs
FNDA:7,_RNvNtNtCs17lX60Qr81G_4koan8builtins4attr15body_identifier
FNDA:34,_RNvNtNtCs17lX60Qr81G_4koan8builtins4attr15read_field_name
FNDA:12,_RNvNtNtCs17lX60Qr81G_4koan8builtins4attr20access_module_member
FNDA:460,_RNvNtNtCs17lX60Qr81G_4koan8builtins4attr8register
FNF:18
FNH:17
DA:34,8
DA:35,8
DA:36,8
DA:37,8
DA:38,8
DA:39,8
DA:40,8
DA:41,0
DA:42,0
DA:43,0
DA:44,0
DA:45,0
DA:46,0
DA:48,0
DA:50,8
DA:51,8
DA:52,8
DA:53,0
DA:60,8
DA:61,3
DA:62,5
DA:63,5
DA:64,3
DA:65,3
DA:66,0
DA:67,0
DA:72,0
DA:74,2
DA:75,2
DA:76,8
DA:88,0
DA:89,0
DA:90,0
DA:91,0
DA:92,0
DA:93,0
DA:98,0
DA:103,0
DA:104,0
DA:105,0
DA:106,0
DA:107,0
DA:108,0
DA:109,0
DA:111,0
DA:113,0
DA:114,0
DA:115,0
DA:122,0
DA:123,0
DA:124,0
DA:126,0
DA:127,0
DA:129,19
DA:130,19
DA:131,19
DA:132,19
DA:133,19
DA:134,19
DA:135,19
DA:136,0
DA:138,19
DA:139,19
DA:140,0
DA:142,19
DA:143,19
DA:148,16
DA:149,16
DA:150,16
DA:151,16
DA:152,16
DA:153,16
DA:154,16
DA:155,0
DA:157,16
DA:158,16
DA:159,0
DA:161,16
DA:162,16
DA:163,0
DA:164,0
DA:165,0
DA:166,0
DA:167,0
DA:169,16
DA:170,16
DA:172,43
DA:173,43
DA:174,38
DA:178,0
DA:182,5
DA:183,0
DA:184,0
DA:185,0
DA:186,0
DA:187,0
DA:188,0
DA:190,43
DA:192,26
DA:193,26
DA:194,26
DA:195,26
DA:196,26
DA:197,0
DA:198,18
DA:199,15
DA:200,3
DA:201,3
DA:202,3
DA:203,3
DA:207,0
DA:209,0
DA:210,0
DA:211,0
DA:212,0
DA:213,0
DA:214,0
DA:215,0
DA:216,0
DA:217,0
DA:218,0
DA:219,0
DA:220,0
DA:221,0
DA:222,0
DA:225,0
DA:226,0
DA:237,4
DA:238,4
DA:239,4
DA:240,4
DA:241,4
DA:242,4
DA:244,26
DA:267,19
DA:268,19
DA:269,3
DA:270,3
DA:271,3
DA:272,16
DA:273,16
DA:274,16
DA:275,15
DA:276,1
DA:277,1
DA:278,0
DA:279,0
DA:280,0
DA:281,1
DA:282,1
DA:283,1
DA:284,1
DA:285,1
DA:286,19
DA:288,500
DA:289,500
DA:290,500
DA:291,500
DA:292,500
DA:293,500
DA:295,500
DA:296,500
DA:297,500
DA:298,500
DA:299,500
DA:300,500
DA:301,500
DA:302,500
DA:303,500
DA:311,500
DA:312,500
DA:313,500
DA:314,500
DA:315,500
DA:316,500
DA:317,500
DA:318,500
DA:319,500
DA:322,500
DA:323,500
DA:324,500
DA:325,500
DA:336,1
DA:337,1
DA:338,1
DA:339,1
DA:340,1
DA:341,1
DA:343,1
DA:344,1
DA:345,1
DA:348,1
DA:349,1
DA:350,1
DA:351,1
DA:352,1
DA:353,1
DA:355,1
DA:356,1
DA:357,1
DA:360,1
DA:361,1
DA:362,1
DA:363,1
DA:364,1
DA:365,1
DA:366,1
DA:367,1
DA:368,1
DA:369,1
DA:371,1
DA:372,1
DA:373,1
DA:376,1
DA:377,1
DA:378,1
DA:379,1
DA:380,1
DA:381,1
DA:384,1
DA:387,1
DA:388,1
DA:389,1
DA:390,1
DA:391,1
DA:392,1
DA:393,1
DA:394,1
DA:395,1
DA:396,1
DA:398,0
DA:400,1
DA:403,1
DA:404,1
DA:405,1
DA:406,1
DA:407,1
DA:408,1
DA:410,1
DA:411,1
DA:412,1
DA:413,1
DA:416,1
DA:419,1
DA:420,1
DA:421,1
DA:422,1
DA:423,1
DA:424,1
DA:425,1
DA:426,1
DA:427,1
DA:428,1
DA:430,1
DA:431,1
DA:432,1
DA:433,1
DA:436,1
DA:443,1
DA:444,1
DA:445,1
DA:446,1
DA:447,1
DA:448,1
DA:449,1
DA:450,1
DA:451,1
DA:453,1
DA:454,1
DA:455,1
DA:462,1
DA:463,1
DA:464,1
DA:465,1
DA:466,1
DA:467,1
DA:468,1
DA:470,1
DA:471,1
DA:472,1
DA:473,1
DA:474,1
DA:475,1
DA:477,0
DA:479,1
DA:486,1
DA:487,1
DA:488,1
DA:489,1
DA:490,1
DA:491,1
DA:492,1
DA:493,1
DA:494,1
DA:496,1
DA:497,1
DA:498,1
DA:499,1
DA:502,1
BRF:0
BRH:0
LF:299
LH:223
end_of_record
SF:/var/home/jack/Code/koan/src/builtins/branch_walk.rs
FN:20,_RNvNtNtCsjkUEORhOIHz_4koan8builtins11branch_walk16find_branch_body
FN:20,_RNvNtNtCs17lX60Qr81G_4koan8builtins11branch_walk16find_branch_body
FNDA:0,_RNvNtNtCsjkUEORhOIHz_4koan8builtins11branch_walk16find_branch_body
FNDA:86,_RNvNtNtCs17lX60Qr81G_4koan8builtins11branch_walk16find_branch_body
FNF:1
FNH:1
DA:20,86
DA:21,86
DA:22,86
DA:23,86
DA:24,86
DA:25,86
DA:26,86
DA:27,0
DA:28,0
DA:29,0
DA:30,0
DA:31,86
DA:32,86
DA:33,86
DA:34,127
DA:35,119
DA:36,119
DA:37,119
DA:38,119
DA:39,106
DA:43,9
DA:44,9
DA:49,4
DA:50,0
DA:51,0
DA:52,0
DA:53,0
DA:54,0
DA:57,119
DA:58,119
DA:59,0
DA:60,0
DA:61,0
DA:62,0
DA:63,0
DA:66,119
DA:67,117
DA:68,2
DA:69,2
DA:70,2
DA:71,2
DA:72,2
DA:79,117
DA:80,76
DA:81,41
DA:82,41
DA:83,4
DA:84,37
DA:85,41
DA:87,8
DA:88,86
BRF:0
BRH:0
LF:51
LH:37
end_of_record
SF:/var/home/jack/Code/koan/src/builtins/catch.rs
FN:46,_RNCNvNtNtCsjkUEORhOIHz_4koan8builtins5catch4body0B7_
FN:22,_RNvNtNtCsjkUEORhOIHz_4koan8builtins5catch4body
FN:68,_RNvNtNtCsjkUEORhOIHz_4koan8builtins5catch8register
FN:46,_RNCNvNtNtCs17lX60Qr81G_4koan8builtins5catch4body0B7_
FN:22,_RNvNtNtCs17lX60Qr81G_4koan8builtins5catch4body
FN:68,_RNvNtNtCs17lX60Qr81G_4koan8builtins5catch8register
FNDA:0,_RNCNvNtNtCsjkUEORhOIHz_4koan8builtins5catch4body0B7_
FNDA:0,_RNvNtNtCsjkUEORhOIHz_4koan8builtins5catch4body
FNDA:40,_RNvNtNtCsjkUEORhOIHz_4koan8builtins5catch8register
FNDA:8,_RNCNvNtNtCs17lX60Qr81G_4koan8builtins5catch4body0B7_
FNDA:8,_RNvNtNtCs17lX60Qr81G_4koan8builtins5catch4body
FNDA:460,_RNvNtNtCs17lX60Qr81G_4koan8builtins5catch8register
FNF:3
FNH:3
DA:22,8
DA:23,8
DA:24,8
DA:25,8
DA:26,8
DA:27,8
DA:28,8
DA:30,0
DA:31,0
DA:32,0
DA:41,8
DA:42,8
DA:43,0
DA:45,8
DA:46,8
DA:47,8
DA:48,4
DA:49,4
DA:51,8
DA:52,8
DA:53,8
DA:54,8
DA:55,8
DA:56,8
DA:57,8
DA:58,8
DA:59,8
DA:60,8
DA:61,8
DA:62,8
DA:63,8
DA:64,8
DA:65,8
DA:66,8
DA:68,500
DA:69,500
DA:70,500
DA:71,500
DA:72,500
DA:73,500
DA:74,500
DA:76,500
DA:78,500
BRF:0
BRH:0
LF:44
LH:40
end_of_record
SF:/var/home/jack/Code/koan/src/builtins/eval.rs
FN:21,_RNvNtNtCsjkUEORhOIHz_4koan8builtins4eval4body
FN:56,_RNvNtNtCsjkUEORhOIHz_4koan8builtins4eval8register
FN:21,_RNvNtNtCs17lX60Qr81G_4koan8builtins4eval4body
FN:56,_RNvNtNtCs17lX60Qr81G_4koan8builtins4eval8register
FN:70,_RNvNtNtNtCs17lX60Qr81G_4koan8builtins4eval5tests11run_program
FN:134,_RNvNtNtNtCs17lX60Qr81G_4koan8builtins4eval5testss_21recursive_eval_no_uaf
FN:79,_RNvNtNtNtCs17lX60Qr81G_4koan8builtins4eval5testss_22eval_of_quoted_literal
FN:115,_RNvNtNtNtCs17lX60Qr81G_4koan8builtins4eval5testss_34multiline_sigil_collapse_roundtrip
FN:125,_RNvNtNtNtCs17lX60Qr81G_4koan8builtins4eval5testss_35eval_returns_inner_expression_value
FN:108,_RNvNtNtNtCs17lX60Qr81G_4koan8builtins4eval5testss_37eval_runs_side_effects_in_quoted_body
FN:85,_RNvNtNtNtCs17lX60Qr81G_4koan8builtins4eval5testss_38eval_of_function_returning_kexpression
FN:95,_RNvNtNtNtCs17lX60Qr81G_4koan8builtins4eval5testss_49eval_of_non_kexpression_errors_with_type_mismatch
FNDA:0,_RNvNtNtCsjkUEORhOIHz_4koan8builtins4eval4body
FNDA:40,_RNvNtNtCsjkUEORhOIHz_4koan8builtins4eval8register
FNDA:9,_RNvNtNtCs17lX60Qr81G_4koan8builtins4eval4body
FNDA:460,_RNvNtNtCs17lX60Qr81G_4koan8builtins4eval8register
FNDA:6,_RNvNtNtNtCs17lX60Qr81G_4koan8builtins4eval5tests11run_program
FNDA:1,_RNvNtNtNtCs17lX60Qr81G_4koan8builtins4eval5testss_21recursive_eval_no_uaf
FNDA:1,_RNvNtNtNtCs17lX60Qr81G_4koan8builtins4eval5testss_22eval_of_quoted_literal
FNDA:1,_RNvNtNtNtCs17lX60Qr81G_4koan8builtins4eval5testss_34multiline_sigil_collapse_roundtrip
FNDA:1,_RNvNtNtNtCs17lX60Qr81G_4koan8builtins4eval5testss_35eval_returns_inner_expression_value
FNDA:1,_RNvNtNtNtCs17lX60Qr81G_4koan8builtins4eval5testss_37eval_runs_side_effects_in_quoted_body
FNDA:1,_RNvNtNtNtCs17lX60Qr81G_4koan8builtins4eval5testss_38eval_of_function_returning_kexpression
FNDA:1,_RNvNtNtNtCs17lX60Qr81G_4koan8builtins4eval5testss_49eval_of_non_kexpression_errors_with_type_mismatch
FNF:10
FNH:10
DA:21,9
DA:22,9
DA:23,9
DA:24,9
DA:25,9
DA:26,9
DA:27,9
DA:28,0
DA:30,9
DA:31,8
DA:32,1
DA:33,1
DA:34,1
DA:35,1
DA:36,1
DA:37,1
DA:46,8
DA:47,8
DA:48,8
DA:49,8
DA:50,8
DA:51,8
DA:52,8
DA:53,8
DA:54,9
DA:56,500
DA:57,500
DA:58,500
DA:59,500
DA:60,500
DA:61,500
DA:63,500
DA:70,6
DA:71,6
DA:72,6
DA:73,6
DA:74,6
DA:75,6
DA:76,6
DA:79,1
DA:80,1
DA:81,1
DA:82,1
DA:85,1
DA:87,1
DA:88,1
DA:89,1
DA:91,1
DA:92,1
DA:95,1
DA:96,1
DA:97,1
DA:98,1
DA:99,1
DA:100,1
DA:101,1
DA:102,1
DA:105,1
DA:108,1
DA:110,1
DA:111,1
DA:112,1
DA:115,1
DA:118,1
DA:119,1
DA:121,1
DA:122,1
DA:125,1
DA:129,1
DA:130,1
DA:131,1
DA:134,1
DA:139,1
DA:140,1
DA:141,1
DA:142,1
DA:143,1
DA:144,1
DA:145,1
DA:147,1
DA:148,1
BRF:0
BRH:0
LF:81
LH:80
end_of_record
SF:/var/home/jack/Code/koan/src/builtins/fn_def.rs
FN:97,_RNCNvNtNtCsjkUEORhOIHz_4koan8builtins6fn_def4body0B7_
FN:36,_RNvNtNtCsjkUEORhOIHz_4koan8builtins6fn_def4body
FN:110,_RNvNtNtCsjkUEORhOIHz_4koan8builtins6fn_def8register
FN:36,_RNvNtNtCs17lX60Qr81G_4koan8builtins6fn_def4body
FN:110,_RNvNtNtCs17lX60Qr81G_4koan8builtins6fn_def8register
FN:97,_RNCNvNtNtCs17lX60Qr81G_4koan8builtins6fn_def4body0B7_
FNDA:10,_RNCNvNtNtCsjkUEORhOIHz_4koan8builtins6fn_def4body0B7_
FNDA:10,_RNvNtNtCsjkUEORhOIHz_4koan8builtins6fn_def4body
FNDA:40,_RNvNtNtCsjkUEORhOIHz_4koan8builtins6fn_def8register
FNDA:170,_RNvNtNtCs17lX60Qr81G_4koan8builtins6fn_def4body
FNDA:460,_RNvNtNtCs17lX60Qr81G_4koan8builtins6fn_def8register
FNDA:165,_RNCNvNtNtCs17lX60Qr81G_4koan8builtins6fn_def4body0B7_
FNF:3
FNH:3
DA:36,180
DA:37,180
DA:38,180
DA:39,180
DA:40,180
DA:41,180
DA:42,180
DA:44,0
DA:45,0
DA:46,0
DA:49,180
DA:50,180
DA:51,0
DA:53,180
DA:54,180
DA:56,0
DA:57,0
DA:58,0
DA:70,180
DA:72,180
DA:78,178
DA:79,180
DA:80,178
DA:81,2
DA:84,178
DA:85,133
DA:86,3
DA:87,42
DA:88,42
DA:95,175
DA:96,175
DA:97,175
DA:98,175
DA:100,175
DA:101,129
DA:102,129
DA:104,46
DA:105,46
DA:108,180
DA:110,500
DA:150,500
DA:151,500
DA:152,500
DA:153,500
DA:154,500
DA:155,500
DA:156,500
DA:157,500
DA:158,500
DA:159,500
DA:161,500
DA:162,500
DA:163,500
DA:168,500
DA:169,500
DA:170,500
DA:171,500
DA:172,500
DA:173,500
DA:174,500
DA:175,500
DA:176,500
DA:177,500
DA:179,500
DA:180,500
DA:181,500
DA:186,500
BRF:0
BRH:0
LF:68
LH:61
end_of_record
SF:/var/home/jack/Code/koan/src/builtins/fn_def/finalize.rs
FN:330,_RNCNvNtNtNtCsjkUEORhOIHz_4koan8builtins6fn_def8finalize17defer_via_combine0B9_
FN:230,_RNCNvNtNtNtCsjkUEORhOIHz_4koan8builtins6fn_def8finalize21finalize_fn_with_flag0B9_
FN:180,_RNvNtNtNtCsjkUEORhOIHz_4koan8builtins6fn_def8finalize11finalize_fn
FN:296,_RNvNtNtNtCsjkUEORhOIHz_4koan8builtins6fn_def8finalize17defer_via_combine
FN:201,_RNvNtNtNtCsjkUEORhOIHz_4koan8builtins6fn_def8finalize21finalize_fn_with_flag
FN:88,_RNvNtNtNtCsjkUEORhOIHz_4koan8builtins6fn_def8finalize8classify
FN:180,_RNvNtNtNtCs17lX60Qr81G_4koan8builtins6fn_def8finalize11finalize_fn
FN:296,_RNvNtNtNtCs17lX60Qr81G_4koan8builtins6fn_def8finalize17defer_via_combine
FN:201,_RNvNtNtNtCs17lX60Qr81G_4koan8builtins6fn_def8finalize21finalize_fn_with_flag
FN:88,_RNvNtNtNtCs17lX60Qr81G_4koan8builtins6fn_def8finalize8classify
FN:330,_RNCNvNtNtNtCs17lX60Qr81G_4koan8builtins6fn_def8finalize17defer_via_combine0B9_
FN:230,_RNCNvNtNtNtCs17lX60Qr81G_4koan8builtins6fn_def8finalize21finalize_fn_with_flag0B9_
FNDA:7,_RNCNvNtNtNtCsjkUEORhOIHz_4koan8builtins6fn_def8finalize17defer_via_combine0B9_
FNDA:14,_RNCNvNtNtNtCsjkUEORhOIHz_4koan8builtins6fn_def8finalize21finalize_fn_with_flag0B9_
FNDA:7,_RNvNtNtNtCsjkUEORhOIHz_4koan8builtins6fn_def8finalize11finalize_fn
FNDA:7,_RNvNtNtNtCsjkUEORhOIHz_4koan8builtins6fn_def8finalize17defer_via_combine
FNDA:14,_RNvNtNtNtCsjkUEORhOIHz_4koan8builtins6fn_def8finalize21finalize_fn_with_flag
FNDA:14,_RNvNtNtNtCsjkUEORhOIHz_4koan8builtins6fn_def8finalize8classify
FNDA:122,_RNvNtNtNtCs17lX60Qr81G_4koan8builtins6fn_def8finalize11finalize_fn
FNDA:48,_RNvNtNtNtCs17lX60Qr81G_4koan8builtins6fn_def8finalize17defer_via_combine
FNDA:175,_RNvNtNtNtCs17lX60Qr81G_4koan8builtins6fn_def8finalize21finalize_fn_with_flag
FNDA:177,_RNvNtNtNtCs17lX60Qr81G_4koan8builtins6fn_def8finalize8classify
FNDA:48,_RNCNvNtNtNtCs17lX60Qr81G_4koan8builtins6fn_def8finalize17defer_via_combine0B9_
FNDA:181,_RNCNvNtNtNtCs17lX60Qr81G_4koan8builtins6fn_def8finalize21finalize_fn_with_flag0B9_
FNF:6
FNH:6
DA:88,191
DA:89,191
DA:90,191
DA:91,191
DA:92,191
DA:93,127
DA:94,127
DA:95,127
DA:96,127
DA:97,9
DA:98,9
DA:99,9
DA:100,9
DA:101,4
DA:105,4
DA:106,4
DA:107,4
DA:108,4
DA:109,4
DA:110,4
DA:113,49
DA:114,49
DA:115,49
DA:116,49
DA:117,49
DA:118,49
DA:119,49
DA:120,49
DA:122,1
DA:123,1
DA:124,1
DA:125,1
DA:126,1
DA:127,1
DA:128,1
DA:129,1
DA:130,1
DA:131,1
DA:132,1
DA:134,1
DA:135,1
DA:141,1
DA:142,1
DA:143,1
DA:144,1
DA:145,1
DA:146,1
DA:147,1
DA:149,0
DA:154,0
DA:155,0
DA:156,0
DA:157,0
DA:158,0
DA:159,0
DA:162,0
DA:163,0
DA:165,0
DA:166,0
DA:167,0
DA:168,0
DA:169,0
DA:170,0
DA:171,0
DA:174,191
DA:180,129
DA:181,129
DA:182,129
DA:183,129
DA:184,129
DA:185,129
DA:186,129
DA:187,129
DA:188,129
DA:201,189
DA:202,189
DA:203,189
DA:204,189
DA:205,189
DA:206,189
DA:207,189
DA:208,189
DA:214,189
DA:215,16
DA:216,14
DA:217,0
DA:218,0
DA:219,0
DA:220,0
DA:221,0
DA:222,14
DA:223,2
DA:224,173
DA:230,195
DA:231,188
DA:232,7
DA:233,195
DA:234,189
DA:235,188
DA:237,1
DA:238,1
DA:239,1
DA:240,1
DA:244,188
DA:246,188
DA:250,188
DA:251,188
DA:252,188
DA:253,188
DA:254,188
DA:255,188
DA:256,188
DA:257,188
DA:258,188
DA:262,188
DA:268,188
DA:269,1
DA:270,187
DA:274,187
DA:275,189
DA:296,55
DA:297,55
DA:298,55
DA:299,55
DA:300,55
DA:301,55
DA:302,55
DA:303,55
DA:304,55
DA:305,55
DA:317,55
DA:318,55
DA:319,55
DA:320,55
DA:321,5
DA:322,50
DA:323,55
DA:324,55
DA:325,35
DA:326,35
DA:327,35
DA:328,35
DA:330,55
DA:335,55
DA:336,55
DA:337,35
DA:341,35
DA:342,1
DA:343,1
DA:344,1
DA:345,1
DA:346,1
DA:347,34
DA:348,34
DA:350,54
DA:357,54
DA:358,54
DA:359,53
DA:360,1
DA:362,53
DA:363,53
DA:364,0
DA:365,0
DA:368,0
DA:369,0
DA:370,0
DA:376,53
DA:377,53
DA:378,53
DA:379,53
DA:380,53
DA:381,53
DA:382,53
DA:384,55
DA:385,55
DA:386,55
DA:387,55
BRF:0
BRH:0
LF:179
LH:152
end_of_record
SF:/var/home/jack/Code/koan/src/builtins/fn_def/param_refs.rs
FN:44,_RNvNtNtNtCsjkUEORhOIHz_4koan8builtins6fn_def10param_refs19part_references_any
FN:20,_RNvNtNtNtCsjkUEORhOIHz_4koan8builtins6fn_def10param_refs24type_expr_references_any
FN:37,_RNvNtNtNtCsjkUEORhOIHz_4koan8builtins6fn_def10param_refs26kexpression_references_any
FN:46,_RNCNvNtNtNtCsjkUEORhOIHz_4koan8builtins6fn_def10param_refs19part_references_any0B9_
FN:56,_RNCNvNtNtNtCsjkUEORhOIHz_4koan8builtins6fn_def10param_refs19part_references_anys0_0B9_
FN:54,_RNCNvNtNtNtCsjkUEORhOIHz_4koan8builtins6fn_def10param_refs19part_references_anys_0B9_
FN:21,_RNCNvNtNtNtCsjkUEORhOIHz_4koan8builtins6fn_def10param_refs24type_expr_references_any0B9_
FN:28,_RNCNvNtNtNtCsjkUEORhOIHz_4koan8builtins6fn_def10param_refs24type_expr_references_anys0_0B9_
FN:26,_RNCNvNtNtNtCsjkUEORhOIHz_4koan8builtins6fn_def10param_refs24type_expr_references_anys_0B9_
FN:41,_RNCNvNtNtNtCsjkUEORhOIHz_4koan8builtins6fn_def10param_refs26kexpression_references_any0B9_
FN:46,_RNCNvNtNtNtCs17lX60Qr81G_4koan8builtins6fn_def10param_refs19part_references_any0B9_
FN:56,_RNCNvNtNtNtCs17lX60Qr81G_4koan8builtins6fn_def10param_refs19part_references_anys0_0B9_
FN:54,_RNCNvNtNtNtCs17lX60Qr81G_4koan8builtins6fn_def10param_refs19part_references_anys_0B9_
FN:21,_RNCNvNtNtNtCs17lX60Qr81G_4koan8builtins6fn_def10param_refs24type_expr_references_any0B9_
FN:28,_RNCNvNtNtNtCs17lX60Qr81G_4koan8builtins6fn_def10param_refs24type_expr_references_anys0_0B9_
FN:26,_RNCNvNtNtNtCs17lX60Qr81G_4koan8builtins6fn_def10param_refs24type_expr_references_anys_0B9_
FN:41,_RNCNvNtNtNtCs17lX60Qr81G_4koan8builtins6fn_def10param_refs26kexpression_references_any0B9_
FN:44,_RNvNtNtNtCs17lX60Qr81G_4koan8builtins6fn_def10param_refs19part_references_any
FN:20,_RNvNtNtNtCs17lX60Qr81G_4koan8builtins6fn_def10param_refs24type_expr_references_any
FN:37,_RNvNtNtNtCs17lX60Qr81G_4koan8builtins6fn_def10param_refs26kexpression_references_any
FNDA:0,_RNvNtNtNtCsjkUEORhOIHz_4koan8builtins6fn_def10param_refs19part_references_any
FNDA:1,_RNvNtNtNtCsjkUEORhOIHz_4koan8builtins6fn_def10param_refs24type_expr_references_any
FNDA:0,_RNvNtNtNtCsjkUEORhOIHz_4koan8builtins6fn_def10param_refs26kexpression_references_any
FNDA:0,_RNCNvNtNtNtCsjkUEORhOIHz_4koan8builtins6fn_def10param_refs19part_references_any0B9_
FNDA:0,_RNCNvNtNtNtCsjkUEORhOIHz_4koan8builtins6fn_def10param_refs19part_references_anys0_0B9_
FNDA:0,_RNCNvNtNtNtCsjkUEORhOIHz_4koan8builtins6fn_def10param_refs19part_references_anys_0B9_
FNDA:1,_RNCNvNtNtNtCsjkUEORhOIHz_4koan8builtins6fn_def10param_refs24type_expr_references_any0B9_
FNDA:0,_RNCNvNtNtNtCsjkUEORhOIHz_4koan8builtins6fn_def10param_refs24type_expr_references_anys0_0B9_
FNDA:0,_RNCNvNtNtNtCsjkUEORhOIHz_4koan8builtins6fn_def10param_refs24type_expr_references_anys_0B9_
FNDA:0,_RNCNvNtNtNtCsjkUEORhOIHz_4koan8builtins6fn_def10param_refs26kexpression_references_any0B9_
FNDA:4,_RNCNvNtNtNtCs17lX60Qr81G_4koan8builtins6fn_def10param_refs19part_references_any0B9_
FNDA:1,_RNCNvNtNtNtCs17lX60Qr81G_4koan8builtins6fn_def10param_refs19part_references_anys0_0B9_
FNDA:1,_RNCNvNtNtNtCs17lX60Qr81G_4koan8builtins6fn_def10param_refs19part_references_anys_0B9_
FNDA:26,_RNCNvNtNtNtCs17lX60Qr81G_4koan8builtins6fn_def10param_refs24type_expr_references_any0B9_
FNDA:0,_RNCNvNtNtNtCs17lX60Qr81G_4koan8builtins6fn_def10param_refs24type_expr_references_anys0_0B9_
FNDA:0,_RNCNvNtNtNtCs17lX60Qr81G_4koan8builtins6fn_def10param_refs24type_expr_references_anys_0B9_
FNDA:39,_RNCNvNtNtNtCs17lX60Qr81G_4koan8builtins6fn_def10param_refs26kexpression_references_any0B9_
FNDA:42,_RNvNtNtNtCs17lX60Qr81G_4koan8builtins6fn_def10param_refs19part_references_any
FNDA:28,_RNvNtNtNtCs17lX60Qr81G_4koan8builtins6fn_def10param_refs24type_expr_references_any
FNDA:19,_RNvNtNtNtCs17lX60Qr81G_4koan8builtins6fn_def10param_refs26kexpression_references_any
FNF:10
FNH:8
DA:20,29
DA:21,29
DA:22,8
DA:23,21
DA:24,21
DA:25,21
DA:26,0
DA:27,0
DA:28,0
DA:29,0
DA:32,29
DA:37,19
DA:38,19
DA:39,19
DA:40,19
DA:41,39
DA:42,19
DA:44,42
DA:45,42
DA:46,4
DA:47,18
DA:48,7
DA:52,0
DA:53,1
DA:54,1
DA:56,1
DA:57,1
DA:58,1
DA:59,11
DA:61,42
BRF:0
BRH:0
LF:37
LH:30
end_of_record
SF:/var/home/jack/Code/koan/src/builtins/fn_def/return_type.rs
FN:264,_RNvNtNtNtCsjkUEORhOIHz_4koan8builtins6fn_def11return_type12make_capture
FN:125,_RNvNtNtNtCsjkUEORhOIHz_4koan8builtins6fn_def11return_type20classify_return_type
FN:184,_RNvNtNtNtCsjkUEORhOIHz_4koan8builtins6fn_def11return_type20verdict_for_resolved
FN:68,_RNvNtNtNtCsjkUEORhOIHz_4koan8builtins6fn_def11return_type23extract_return_type_raw
FN:274,_RNvNtNtNtCsjkUEORhOIHz_4koan8builtins6fn_def11return_type25resolve_capture_at_finish
FN:200,_RNvNtNtNtCsjkUEORhOIHz_4koan8builtins6fn_def11return_type30verdict_for_deferred_type_expr
FN:240,_RNvNtNtNtCsjkUEORhOIHz_4koan8builtins6fn_def11return_type31verdict_for_deferred_expression
FN:241,_RNCNvNtNtNtCsjkUEORhOIHz_4koan8builtins6fn_def11return_type31verdict_for_deferred_expression0B9_
FN:241,_RNCNvNtNtNtCs17lX60Qr81G_4koan8builtins6fn_def11return_type31verdict_for_deferred_expression0B9_
FN:264,_RNvNtNtNtCs17lX60Qr81G_4koan8builtins6fn_def11return_type12make_capture
FN:125,_RNvNtNtNtCs17lX60Qr81G_4koan8builtins6fn_def11return_type20classify_return_type
FN:184,_RNvNtNtNtCs17lX60Qr81G_4koan8builtins6fn_def11return_type20verdict_for_resolved
FN:68,_RNvNtNtNtCs17lX60Qr81G_4koan8builtins6fn_def11return_type23extract_return_type_raw
FN:274,_RNvNtNtNtCs17lX60Qr81G_4koan8builtins6fn_def11return_type25resolve_capture_at_finish
FN:200,_RNvNtNtNtCs17lX60Qr81G_4koan8builtins6fn_def11return_type30verdict_for_deferred_type_expr
FN:240,_RNvNtNtNtCs17lX60Qr81G_4koan8builtins6fn_def11return_type31verdict_for_deferred_expression
FNDA:0,_RNvNtNtNtCsjkUEORhOIHz_4koan8builtins6fn_def11return_type12make_capture
FNDA:14,_RNvNtNtNtCsjkUEORhOIHz_4koan8builtins6fn_def11return_type20classify_return_type
FNDA:14,_RNvNtNtNtCsjkUEORhOIHz_4koan8builtins6fn_def11return_type20verdict_for_resolved
FNDA:14,_RNvNtNtNtCsjkUEORhOIHz_4koan8builtins6fn_def11return_type23extract_return_type_raw
FNDA:7,_RNvNtNtNtCsjkUEORhOIHz_4koan8builtins6fn_def11return_type25resolve_capture_at_finish
FNDA:0,_RNvNtNtNtCsjkUEORhOIHz_4koan8builtins6fn_def11return_type30verdict_for_deferred_type_expr
FNDA:0,_RNvNtNtNtCsjkUEORhOIHz_4koan8builtins6fn_def11return_type31verdict_for_deferred_expression
FNDA:0,_RNCNvNtNtNtCsjkUEORhOIHz_4koan8builtins6fn_def11return_type31verdict_for_deferred_expression0B9_
FNDA:1,_RNCNvNtNtNtCs17lX60Qr81G_4koan8builtins6fn_def11return_type31verdict_for_deferred_expression0B9_
FNDA:0,_RNvNtNtNtCs17lX60Qr81G_4koan8builtins6fn_def11return_type12make_capture
FNDA:185,_RNvNtNtNtCs17lX60Qr81G_4koan8builtins6fn_def11return_type20classify_return_type
FNDA:167,_RNvNtNtNtCs17lX60Qr81G_4koan8builtins6fn_def11return_type20verdict_for_resolved
FNDA:185,_RNvNtNtNtCs17lX60Qr81G_4koan8builtins6fn_def11return_type23extract_return_type_raw
FNDA:47,_RNvNtNtNtCs17lX60Qr81G_4koan8builtins6fn_def11return_type25resolve_capture_at_finish
FNDA:2,_RNvNtNtNtCs17lX60Qr81G_4koan8builtins6fn_def11return_type30verdict_for_deferred_type_expr
FNDA:1,_RNvNtNtNtCs17lX60Qr81G_4koan8builtins6fn_def11return_type31verdict_for_deferred_expression
FNF:8
FNH:7
DA:68,199
DA:69,199
DA:70,199
DA:71,199
DA:72,176
DA:73,176
DA:74,0
DA:76,11
DA:77,11
DA:78,0
DA:80,12
DA:81,12
DA:82,0
DA:84,0
DA:85,0
DA:86,0
DA:87,0
DA:89,199
DA:125,199
DA:126,199
DA:127,199
DA:128,199
DA:129,199
DA:130,199
DA:131,199
DA:132,176
DA:133,176
DA:134,176
DA:136,11
DA:137,11
DA:138,4
DA:139,2
DA:140,2
DA:142,4
DA:143,7
DA:144,7
DA:145,7
DA:146,5
DA:147,0
DA:148,0
DA:150,2
DA:151,0
DA:153,2
DA:154,2
DA:155,2
DA:159,5
DA:160,5
DA:161,5
DA:163,0
DA:165,5
DA:167,12
DA:168,12
DA:169,7
DA:170,1
DA:171,6
DA:173,7
DA:175,5
DA:179,199
DA:184,181
DA:185,181
DA:186,179
DA:188,2
DA:189,2
DA:190,2
DA:191,2
DA:193,181
DA:200,2
DA:201,2
DA:202,2
DA:203,2
DA:204,0
DA:211,2
DA:212,2
DA:213,2
DA:215,0
DA:216,0
DA:217,0
DA:218,0
DA:219,0
DA:220,0
DA:223,0
DA:226,0
DA:228,0
DA:229,0
DA:230,0
DA:231,0
DA:234,2
DA:240,1
DA:241,1
DA:242,1
DA:243,0
DA:244,1
DA:245,1
DA:246,1
DA:247,1
DA:248,1
DA:249,1
DA:250,1
DA:251,1
DA:252,0
DA:253,0
DA:254,0
DA:255,0
DA:256,0
DA:257,0
DA:258,0
DA:259,0
DA:260,0
DA:262,1
DA:264,0
DA:265,0
DA:266,0
DA:267,0
DA:269,0
DA:274,54
DA:275,54
DA:276,54
DA:277,54
DA:278,54
DA:279,54
DA:280,48
DA:281,0
DA:282,0
DA:283,0
DA:284,0
DA:285,0
DA:286,0
DA:287,0
DA:288,0
DA:289,0
DA:290,0
DA:291,0
DA:292,0
DA:296,0
DA:297,0
DA:298,0
DA:299,0
DA:300,0
DA:301,0
DA:302,0
DA:303,0
DA:305,1
DA:306,5
DA:307,5
DA:308,5
DA:309,4
DA:310,1
DA:311,1
DA:312,1
DA:313,1
DA:314,1
DA:318,54
BRF:0
BRH:0
LF:153
LH:94
end_of_record
SF:/var/home/jack/Code/koan/src/builtins/fn_def/signature.rs
FN:240,_RNCNvNtNtNtCsjkUEORhOIHz_4koan8builtins6fn_def9signature13binder_bucket0B9_
FN:257,_RNCNvNtNtNtCsjkUEORhOIHz_4koan8builtins6fn_def9signature13binder_buckets_0B9_
FN:225,_RNvNtNtNtCsjkUEORhOIHz_4koan8builtins6fn_def9signature13binder_bucket
FN:77,_RNvNtNtNtCsjkUEORhOIHz_4koan8builtins6fn_def9signature19parse_fn_param_list
FN:284,_RNvNtNtNtCsjkUEORhOIHz_4koan8builtins6fn_def9signature19signature_expr_part
FN:19,_RNvNtNtNtCsjkUEORhOIHz_4koan8builtins6fn_def9signature34collect_param_names_from_signature
FN:201,_RNvNtNtNtCsjkUEORhOIHz_4koan8builtins6fn_def9signature11binder_name
FN:201,_RNvNtNtNtCs17lX60Qr81G_4koan8builtins6fn_def9signature11binder_name
FN:225,_RNvNtNtNtCs17lX60Qr81G_4koan8builtins6fn_def9signature13binder_bucket
FN:77,_RNvNtNtNtCs17lX60Qr81G_4koan8builtins6fn_def9signature19parse_fn_param_list
FN:284,_RNvNtNtNtCs17lX60Qr81G_4koan8builtins6fn_def9signature19signature_expr_part
FN:19,_RNvNtNtNtCs17lX60Qr81G_4koan8builtins6fn_def9signature34collect_param_names_from_signature
FN:240,_RNCNvNtNtNtCs17lX60Qr81G_4koan8builtins6fn_def9signature13binder_bucket0B9_
FN:257,_RNCNvNtNtNtCs17lX60Qr81G_4koan8builtins6fn_def9signature13binder_buckets_0B9_
FNDA:23,_RNCNvNtNtNtCsjkUEORhOIHz_4koan8builtins6fn_def9signature13binder_bucket0B9_
FNDA:12,_RNCNvNtNtNtCsjkUEORhOIHz_4koan8builtins6fn_def9signature13binder_buckets_0B9_
FNDA:31,_RNvNtNtNtCsjkUEORhOIHz_4koan8builtins6fn_def9signature13binder_bucket
FNDA:21,_RNvNtNtNtCsjkUEORhOIHz_4koan8builtins6fn_def9signature19parse_fn_param_list
FNDA:31,_RNvNtNtNtCsjkUEORhOIHz_4koan8builtins6fn_def9signature19signature_expr_part
FNDA:14,_RNvNtNtNtCsjkUEORhOIHz_4koan8builtins6fn_def9signature34collect_param_names_from_signature
FNDA:0,_RNvNtNtNtCsjkUEORhOIHz_4koan8builtins6fn_def9signature11binder_name
FNDA:1,_RNvNtNtNtCs17lX60Qr81G_4koan8builtins6fn_def9signature11binder_name
FNDA:385,_RNvNtNtNtCs17lX60Qr81G_4koan8builtins6fn_def9signature13binder_bucket
FNDA:226,_RNvNtNtNtCs17lX60Qr81G_4koan8builtins6fn_def9signature19parse_fn_param_list
FNDA:386,_RNvNtNtNtCs17lX60Qr81G_4koan8builtins6fn_def9signature19signature_expr_part
FNDA:185,_RNvNtNtNtCs17lX60Qr81G_4koan8builtins6fn_def9signature34collect_param_names_from_signature
FNDA:253,_RNCNvNtNtNtCs17lX60Qr81G_4koan8builtins6fn_def9signature13binder_bucket0B9_
FNDA:48,_RNCNvNtNtNtCs17lX60Qr81G_4koan8builtins6fn_def9signature13binder_buckets_0B9_
FNF:7
FNH:7
DA:19,199
DA:20,199
DA:21,199
DA:22,199
DA:23,565
DA:24,366
DA:25,137
DA:26,28
DA:27,28
DA:29,201
DA:31,366
DA:32,165
DA:33,165
DA:34,163
DA:40,165
DA:41,163
DA:42,163
DA:43,163
DA:44,2
DA:45,201
DA:46,203
DA:48,199
DA:49,199
DA:77,247
DA:78,247
DA:79,247
DA:80,247
DA:81,247
DA:82,247
DA:83,247
DA:84,247
DA:85,247
DA:86,247
DA:87,708
DA:91,463
DA:92,176
DA:93,38
DA:94,38
DA:96,249
DA:98,463
DA:99,249
DA:100,249
DA:101,249
DA:102,249
DA:103,214
DA:104,214
DA:105,34
DA:106,143
DA:107,143
DA:108,126
DA:109,126
DA:110,126
DA:111,126
DA:112,126
DA:113,126
DA:114,16
DA:115,16
DA:116,16
DA:117,1
DA:118,1
DA:119,1
DA:120,1
DA:121,1
DA:122,0
DA:124,143
DA:126,4
DA:127,4
DA:128,4
DA:129,4
DA:130,4
DA:131,4
DA:132,31
DA:133,31
DA:134,31
DA:135,31
DA:136,31
DA:137,31
DA:138,31
DA:139,31
DA:140,31
DA:141,31
DA:142,31
DA:143,31
DA:144,31
DA:145,31
DA:146,31
DA:147,31
DA:148,31
DA:149,34
DA:150,34
DA:151,34
DA:152,34
DA:153,34
DA:154,34
DA:155,34
DA:156,0
DA:157,0
DA:158,0
DA:159,0
DA:160,0
DA:161,0
DA:164,2
DA:165,2
DA:166,2
DA:167,2
DA:171,0
DA:172,0
DA:173,0
DA:174,0
DA:175,0
DA:177,0
DA:178,0
DA:179,0
DA:180,0
DA:181,0
DA:185,245
DA:186,1
DA:187,244
DA:188,244
DA:189,51
DA:190,51
DA:191,51
DA:192,51
DA:193,193
DA:194,193
DA:195,247
DA:201,1
DA:202,1
DA:203,1
DA:204,1
DA:205,1
DA:206,0
DA:208,0
DA:209,1
DA:225,416
DA:226,416
DA:227,416
DA:229,416
DA:230,416
DA:231,416
DA:232,416
DA:233,1176
DA:234,760
DA:235,420
DA:236,420
DA:237,420
DA:238,420
DA:240,280
DA:241,0
DA:242,276
DA:248,276
DA:249,280
DA:250,276
DA:251,276
DA:252,276
DA:253,4
DA:254,4
DA:256,60
DA:257,60
DA:258,0
DA:259,60
DA:265,60
DA:266,60
DA:267,60
DA:268,60
DA:269,60
DA:270,0
DA:271,0
DA:273,0
DA:274,0
DA:275,0
DA:278,416
DA:279,416
DA:284,417
DA:285,417
DA:286,417
DA:287,417
DA:288,0
DA:290,417
BRF:0
BRH:0
LF:181
LH:154
end_of_record
SF:/var/home/jack/Code/koan/src/builtins/functor_def.rs
FN:128,_RNCNvNtNtCsjkUEORhOIHz_4koan8builtins11functor_def4body0B7_
FN:163,_RNvNtNtCsjkUEORhOIHz_4koan8builtins11functor_def19collect_param_types
FN:58,_RNvNtNtCsjkUEORhOIHz_4koan8builtins11functor_def4body
FN:196,_RNvNtNtCsjkUEORhOIHz_4koan8builtins11functor_def8register
FN:163,_RNvNtNtCs17lX60Qr81G_4koan8builtins11functor_def19collect_param_types
FN:58,_RNvNtNtCs17lX60Qr81G_4koan8builtins11functor_def4body
FN:196,_RNvNtNtCs17lX60Qr81G_4koan8builtins11functor_def8register
FN:128,_RNCNvNtNtCs17lX60Qr81G_4koan8builtins11functor_def4body0B7_
FNDA:4,_RNCNvNtNtCsjkUEORhOIHz_4koan8builtins11functor_def4body0B7_
FNDA:4,_RNvNtNtCsjkUEORhOIHz_4koan8builtins11functor_def19collect_param_types
FNDA:4,_RNvNtNtCsjkUEORhOIHz_4koan8builtins11functor_def4body
FNDA:40,_RNvNtNtCsjkUEORhOIHz_4koan8builtins11functor_def8register
FNDA:15,_RNvNtNtCs17lX60Qr81G_4koan8builtins11functor_def19collect_param_types
FNDA:15,_RNvNtNtCs17lX60Qr81G_4koan8builtins11functor_def4body
FNDA:460,_RNvNtNtCs17lX60Qr81G_4koan8builtins11functor_def8register
FNDA:12,_RNCNvNtNtCs17lX60Qr81G_4koan8builtins11functor_def4body0B7_
FNF:4
FNH:4
DA:58,19
DA:59,19
DA:60,19
DA:61,19
DA:62,19
DA:63,19
DA:64,19
DA:66,0
DA:67,0
DA:68,0
DA:71,19
DA:72,19
DA:73,0
DA:75,19
DA:76,19
DA:78,0
DA:79,0
DA:80,0
DA:86,19
DA:98,19
DA:100,19
DA:106,19
DA:107,19
DA:108,19
DA:109,0
DA:111,19
DA:112,3
DA:113,16
DA:115,16
DA:116,7
DA:117,0
DA:118,9
DA:119,9
DA:126,16
DA:127,16
DA:128,16
DA:129,16
DA:131,16
DA:132,7
DA:133,7
DA:135,9
DA:140,9
DA:141,9
DA:142,9
DA:143,9
DA:144,9
DA:145,9
DA:147,9
DA:151,19
DA:163,19
DA:164,19
DA:165,19
DA:166,19
DA:168,19
DA:169,19
DA:170,19
DA:171,19
DA:172,57
DA:173,38
DA:174,2
DA:175,17
DA:176,17
DA:178,19
DA:180,38
DA:181,19
DA:182,19
DA:183,19
DA:184,10
DA:185,10
DA:186,0
DA:187,0
DA:188,19
DA:189,19
DA:190,19
DA:191,19
DA:193,19
DA:194,19
DA:196,500
DA:216,500
DA:217,500
DA:218,500
DA:219,500
DA:220,500
DA:221,500
DA:222,500
DA:223,500
DA:224,500
DA:225,500
DA:227,500
DA:228,500
DA:229,500
DA:237,500
DA:238,500
DA:239,500
DA:240,500
DA:241,500
DA:242,500
DA:243,500
DA:244,500
DA:245,500
DA:246,500
DA:248,500
DA:249,500
DA:250,500
DA:255,500
BRF:0
BRH:0
LF:106
LH:95
end_of_record
SF:/var/home/jack/Code/koan/src/builtins/let_binding.rs
FN:30,_RNCNvNtNtCsjkUEORhOIHz_4koan8builtins11let_binding4body0B7_
FN:332,_RNvNtNtCsjkUEORhOIHz_4koan8builtins11let_binding11binder_name
FN:315,_RNvNtNtCsjkUEORhOIHz_4koan8builtins11let_binding21capitalize_identifier
FN:248,_RNvNtNtCsjkUEORhOIHz_4koan8builtins11let_binding23derive_nominal_identity
FN:296,_RNvNtNtCsjkUEORhOIHz_4koan8builtins11let_binding28is_admissible_type_class_rhs
FN:17,_RNvNtNtCsjkUEORhOIHz_4koan8builtins11let_binding4body
FN:340,_RNvNtNtCsjkUEORhOIHz_4koan8builtins11let_binding8register
FN:332,_RNvNtNtCs17lX60Qr81G_4koan8builtins11let_binding11binder_name
FN:315,_RNvNtNtCs17lX60Qr81G_4koan8builtins11let_binding21capitalize_identifier
FN:248,_RNvNtNtCs17lX60Qr81G_4koan8builtins11let_binding23derive_nominal_identity
FN:296,_RNvNtNtCs17lX60Qr81G_4koan8builtins11let_binding28is_admissible_type_class_rhs
FN:17,_RNvNtNtCs17lX60Qr81G_4koan8builtins11let_binding4body
FN:340,_RNvNtNtCs17lX60Qr81G_4koan8builtins11let_binding8register
FN:30,_RNCNvNtNtCs17lX60Qr81G_4koan8builtins11let_binding4body0B7_
FNDA:49,_RNCNvNtNtCsjkUEORhOIHz_4koan8builtins11let_binding4body0B7_
FNDA:139,_RNvNtNtCsjkUEORhOIHz_4koan8builtins11let_binding11binder_name
FNDA:0,_RNvNtNtCsjkUEORhOIHz_4koan8builtins11let_binding21capitalize_identifier
FNDA:7,_RNvNtNtCsjkUEORhOIHz_4koan8builtins11let_binding23derive_nominal_identity
FNDA:16,_RNvNtNtCsjkUEORhOIHz_4koan8builtins11let_binding28is_admissible_type_class_rhs
FNDA:49,_RNvNtNtCsjkUEORhOIHz_4koan8builtins11let_binding4body
FNDA:40,_RNvNtNtCsjkUEORhOIHz_4koan8builtins11let_binding8register
FNDA:875,_RNvNtNtCs17lX60Qr81G_4koan8builtins11let_binding11binder_name
FNDA:2,_RNvNtNtCs17lX60Qr81G_4koan8builtins11let_binding21capitalize_identifier
FNDA:56,_RNvNtNtCs17lX60Qr81G_4koan8builtins11let_binding23derive_nominal_identity
FNDA:108,_RNvNtNtCs17lX60Qr81G_4koan8builtins11let_binding28is_admissible_type_class_rhs
FNDA:348,_RNvNtNtCs17lX60Qr81G_4koan8builtins11let_binding4body
FNDA:460,_RNvNtNtCs17lX60Qr81G_4koan8builtins11let_binding8register
FNDA:347,_RNCNvNtNtCs17lX60Qr81G_4koan8builtins11let_binding4body0B7_
FNF:7
FNH:7
DA:17,397
DA:18,397
DA:19,397
DA:20,397
DA:21,397
DA:28,397
DA:29,397
DA:30,397
DA:31,397
DA:32,397
DA:33,397
DA:34,0
DA:43,397
DA:44,397
DA:45,397
DA:46,272
DA:54,272
DA:55,1
DA:56,1
DA:57,270
DA:59,272
DA:60,2
DA:61,2
DA:62,2
DA:63,2
DA:64,2
DA:65,2
DA:66,2
DA:67,2
DA:68,270
DA:69,270
DA:76,95
DA:78,0
DA:79,0
DA:80,0
DA:81,0
DA:84,95
DA:93,95
DA:94,3
DA:95,3
DA:96,3
DA:97,3
DA:98,92
DA:105,89
DA:106,54
DA:107,54
DA:108,54
DA:109,35
DA:110,35
DA:111,35
DA:112,3
DA:113,3
DA:114,3
DA:116,92
DA:122,30
DA:129,1
DA:130,1
DA:131,1
DA:132,1
DA:139,29
DA:140,29
DA:141,0
DA:142,0
DA:143,0
DA:144,0
DA:145,29
DA:155,29
DA:156,0
DA:157,0
DA:158,0
DA:159,29
DA:160,29
DA:161,29
DA:162,0
DA:163,0
DA:164,0
DA:166,29
DA:169,0
DA:170,0
DA:171,0
DA:172,0
DA:173,0
DA:174,0
DA:176,0
DA:183,391
DA:184,2
DA:185,2
DA:186,2
DA:187,2
DA:188,389
DA:189,389
DA:190,389
DA:191,389
DA:192,389
DA:193,64
DA:194,64
DA:195,64
DA:196,64
DA:197,64
DA:198,64
DA:199,64
DA:200,64
DA:201,64
DA:202,325
DA:215,55
DA:216,0
DA:217,55
DA:225,270
DA:226,2
DA:227,2
DA:228,2
DA:229,2
DA:230,2
DA:231,268
DA:232,268
DA:233,1
DA:234,267
DA:236,386
DA:237,397
DA:248,63
DA:249,54
DA:253,54
DA:259,0
DA:260,0
DA:261,0
DA:262,0
DA:263,0
DA:264,2
DA:265,2
DA:266,2
DA:267,2
DA:268,2
DA:269,0
DA:270,0
DA:271,0
DA:272,0
DA:273,0
DA:274,7
DA:276,63
DA:296,124
DA:297,124
DA:298,118
DA:299,6
DA:300,6
DA:301,1
DA:302,5
DA:303,5
DA:304,3
DA:305,2
DA:306,2
DA:307,124
DA:315,2
DA:316,2
DA:317,2
DA:318,2
DA:319,2
DA:320,2
DA:321,2
DA:322,2
DA:324,0
DA:326,2
DA:332,1014
DA:333,1014
DA:334,688
DA:335,323
DA:336,3
DA:338,1014
DA:340,500
DA:341,500
DA:342,500
DA:343,500
DA:344,500
DA:345,500
DA:346,500
DA:347,500
DA:348,500
DA:350,500
DA:351,500
DA:353,500
DA:354,500
DA:355,500
DA:356,500
DA:357,500
DA:358,500
DA:359,500
DA:360,500
DA:362,500
DA:363,500
DA:365,500
BRF:0
BRH:0
LF:190
LH:156
end_of_record
SF:/var/home/jack/Code/koan/src/builtins/match_case.rs
FN:125,_RNCNvNtNtCsjkUEORhOIHz_4koan8builtins10match_case4body0B7_
FN:36,_RNvNtNtCsjkUEORhOIHz_4koan8builtins10match_case4body
FN:136,_RNvNtNtCsjkUEORhOIHz_4koan8builtins10match_case8register
FN:125,_RNCNvNtNtCs17lX60Qr81G_4koan8builtins10match_case4body0B7_
FN:36,_RNvNtNtCs17lX60Qr81G_4koan8builtins10match_case4body
FN:136,_RNvNtNtCs17lX60Qr81G_4koan8builtins10match_case8register
FN:155,_RNvNtNtNtCs17lX60Qr81G_4koan8builtins10match_case5tests11run_program
FN:197,_RNvNtNtNtCs17lX60Qr81G_4koan8builtins10match_case5testss_25match_inexhaustive_errors
FN:174,_RNvNtNtNtCs17lX60Qr81G_4koan8builtins10match_case5testss_29match_binds_inner_value_to_it
FN:238,_RNvNtNtNtCs17lX60Qr81G_4koan8builtins10match_case5testss_29recursive_tagged_match_no_uaf
FN:259,_RNvNtNtNtCs17lX60Qr81G_4koan8builtins10match_case5testss_33match_on_bool_inexhaustive_errors
FN:222,_RNvNtNtNtCs17lX60Qr81G_4koan8builtins10match_case5testss_36match_on_bool_true_takes_true_branch
FN:186,_RNvNtNtNtCs17lX60Qr81G_4koan8builtins10match_case5testss_37match_does_not_run_unmatched_branches
FN:230,_RNvNtNtNtCs17lX60Qr81G_4koan8builtins10match_case5testss_38match_on_bool_false_takes_false_branch
FN:164,_RNvNtNtNtCs17lX60Qr81G_4koan8builtins10match_case5testss_40match_dispatches_branch_for_matching_tag
FN:212,_RNvNtNtNtCs17lX60Qr81G_4koan8builtins10match_case5testss_40match_other_branch_runs_when_tag_matches
FN:273,_RNvNtNtNtCs17lX60Qr81G_4koan8builtins10match_case5testss_47multi_statement_match_branch_returns_last_value
FN:291,_RNvNtNtNtCs17lX60Qr81G_4koan8builtins10match_case5testss_59fn_recursion_with_multi_statement_body_via_match_terminates
FNDA:0,_RNCNvNtNtCsjkUEORhOIHz_4koan8builtins10match_case4body0B7_
FNDA:0,_RNvNtNtCsjkUEORhOIHz_4koan8builtins10match_case4body
FNDA:40,_RNvNtNtCsjkUEORhOIHz_4koan8builtins10match_case8register
FNDA:1,_RNCNvNtNtCs17lX60Qr81G_4koan8builtins10match_case4body0B7_
FNDA:69,_RNvNtNtCs17lX60Qr81G_4koan8builtins10match_case4body
FNDA:460,_RNvNtNtCs17lX60Qr81G_4koan8builtins10match_case8register
FNDA:9,_RNvNtNtNtCs17lX60Qr81G_4koan8builtins10match_case5tests11run_program
FNDA:1,_RNvNtNtNtCs17lX60Qr81G_4koan8builtins10match_case5testss_25match_inexhaustive_errors
FNDA:1,_RNvNtNtNtCs17lX60Qr81G_4koan8builtins10match_case5testss_29match_binds_inner_value_to_it
FNDA:1,_RNvNtNtNtCs17lX60Qr81G_4koan8builtins10match_case5testss_29recursive_tagged_match_no_uaf
FNDA:1,_RNvNtNtNtCs17lX60Qr81G_4koan8builtins10match_case5testss_33match_on_bool_inexhaustive_errors
FNDA:1,_RNvNtNtNtCs17lX60Qr81G_4koan8builtins10match_case5testss_36match_on_bool_true_takes_true_branch
FNDA:1,_RNvNtNtNtCs17lX60Qr81G_4koan8builtins10match_case5testss_37match_does_not_run_unmatched_branches
FNDA:1,_RNvNtNtNtCs17lX60Qr81G_4koan8builtins10match_case5testss_38match_on_bool_false_takes_false_branch
FNDA:1,_RNvNtNtNtCs17lX60Qr81G_4koan8builtins10match_case5testss_40match_dispatches_branch_for_matching_tag
FNDA:1,_RNvNtNtNtCs17lX60Qr81G_4koan8builtins10match_case5testss_40match_other_branch_runs_when_tag_matches
FNDA:1,_RNvNtNtNtCs17lX60Qr81G_4koan8builtins10match_case5testss_47multi_statement_match_branch_returns_last_value
FNDA:1,_RNvNtNtNtCs17lX60Qr81G_4koan8builtins10match_case5testss_59fn_recursion_with_multi_statement_body_via_match_terminates
FNF:15
FNH:15
DA:36,69
DA:37,69
DA:38,69
DA:39,69
DA:40,69
DA:41,69
DA:42,62
DA:43,7
DA:44,7
DA:45,7
DA:47,0
DA:48,0
DA:49,0
DA:50,0
DA:51,0
DA:52,0
DA:54,0
DA:56,69
DA:57,69
DA:59,0
DA:60,0
DA:61,0
DA:64,69
DA:65,66
DA:67,3
DA:68,3
DA:69,3
DA:70,3
DA:72,0
DA:82,66
DA:83,66
DA:84,66
DA:87,66
DA:88,66
DA:89,66
DA:99,66
DA:100,66
DA:101,66
DA:102,66
DA:103,66
DA:110,66
DA:111,66
DA:112,66
DA:113,66
DA:114,1
DA:115,1
DA:116,1
DA:117,1
DA:118,1
DA:119,1
DA:120,1
DA:121,1
DA:122,1
DA:123,1
DA:125,1
DA:126,1
DA:127,1
DA:129,1
DA:131,65
DA:132,65
DA:134,69
DA:136,500
DA:137,500
DA:138,500
DA:139,500
DA:140,500
DA:141,500
DA:142,500
DA:143,500
DA:144,500
DA:146,500
DA:148,500
DA:155,9
DA:156,9
DA:157,9
DA:158,9
DA:159,9
DA:160,9
DA:161,9
DA:164,1
DA:165,1
DA:166,1
DA:167,1
DA:168,1
DA:170,1
DA:171,1
DA:174,1
DA:177,1
DA:178,1
DA:179,1
DA:180,1
DA:182,1
DA:183,1
DA:186,1
DA:188,1
DA:189,1
DA:190,1
DA:191,1
DA:193,1
DA:194,1
DA:197,1
DA:198,1
DA:199,1
DA:200,1
DA:201,1
DA:202,1
DA:204,1
DA:205,1
DA:206,1
DA:209,1
DA:212,1
DA:213,1
DA:214,1
DA:215,1
DA:216,1
DA:218,1
DA:219,1
DA:222,1
DA:223,1
DA:224,1
DA:226,1
DA:227,1
DA:230,1
DA:231,1
DA:232,1
DA:234,1
DA:235,1
DA:238,1
DA:247,1
DA:248,1
DA:249,1
DA:250,1
DA:251,1
DA:252,1
DA:253,1
DA:255,1
DA:256,1
DA:259,1
DA:260,1
DA:261,1
DA:262,1
DA:263,1
DA:264,1
DA:267,1
DA:273,1
DA:274,1
DA:275,1
DA:276,1
DA:277,1
DA:278,1
DA:279,1
DA:280,1
DA:282,1
DA:283,1
DA:284,1
DA:285,1
DA:291,1
DA:292,1
DA:293,1
DA:294,1
DA:295,1
DA:296,1
DA:297,1
DA:298,1
DA:299,1
DA:300,1
DA:301,1
DA:303,1
DA:304,1
DA:305,1
BRF:0
BRH:0
LF:171
LH:160
end_of_record
SF:/var/home/jack/Code/koan/src/builtins/module_def.rs
FN:77,_RNCNvNtNtCsjkUEORhOIHz_4koan8builtins10module_def4body0B7_
FN:80,_RNCNvNtNtCsjkUEORhOIHz_4koan8builtins10module_def4bodys_0B7_
FN:155,_RNvNtNtCsjkUEORhOIHz_4koan8builtins10module_def11binder_name
FN:32,_RNvNtNtCsjkUEORhOIHz_4koan8builtins10module_def4body
FN:159,_RNvNtNtCsjkUEORhOIHz_4koan8builtins10module_def8register
FN:247,_RNvNtNtNtCs17lX60Qr81G_4koan8builtins10module_def5testss_28module_unknown_member_errors
FN:202,_RNvNtNtNtCs17lX60Qr81G_4koan8builtins10module_def5testss_29module_member_access_via_attr
FN:183,_RNvNtNtNtCs17lX60Qr81G_4koan8builtins10module_def5testss_32binder_name_extracts_module_name
FN:190,_RNvNtNtNtCs17lX60Qr81G_4koan8builtins10module_def5testss_32module_binds_under_name_in_scope
FN:227,_RNvNtNtNtCs17lX60Qr81G_4koan8builtins10module_def5testss_33module_member_function_via_let_fn
FN:345,_RNvNtNtNtCs17lX60Qr81G_4koan8builtins10module_def5testss_36module_body_dispatch_does_not_dangle
FN:278,_RNvNtNtNtCs17lX60Qr81G_4koan8builtins10module_def5testss_38module_body_parks_on_outer_placeholder
FN:290,_RNvNtNtNtCs17lX60Qr81G_4koan8builtins10module_def5testss_41module_body_error_short_circuits_finalize
FN:211,_RNvNtNtNtCs17lX60Qr81G_4koan8builtins10module_def5testss_41module_with_multiple_statements_in_parens
FN:260,_RNvNtNtNtCs17lX60Qr81G_4koan8builtins10module_def5testss_41nested_module_accessible_via_chained_attr
FN:311,_RNvNtNtNtCs17lX60Qr81G_4koan8builtins10module_def5testss_50module_finalize_short_circuits_on_idempotent_state
FN:155,_RNvNtNtCs17lX60Qr81G_4koan8builtins10module_def11binder_name
FN:32,_RNvNtNtCs17lX60Qr81G_4koan8builtins10module_def4body
FN:159,_RNvNtNtCs17lX60Qr81G_4koan8builtins10module_def8register
FN:77,_RNCNvNtNtCs17lX60Qr81G_4koan8builtins10module_def4body0B7_
FN:80,_RNCNvNtNtCs17lX60Qr81G_4koan8builtins10module_def4bodys_0B7_
FNDA:17,_RNCNvNtNtCsjkUEORhOIHz_4koan8builtins10module_def4body0B7_
FNDA:16,_RNCNvNtNtCsjkUEORhOIHz_4koan8builtins10module_def4bodys_0B7_
FNDA:30,_RNvNtNtCsjkUEORhOIHz_4koan8builtins10module_def11binder_name
FNDA:17,_RNvNtNtCsjkUEORhOIHz_4koan8builtins10module_def4body
FNDA:40,_RNvNtNtCsjkUEORhOIHz_4koan8builtins10module_def8register
FNDA:1,_RNvNtNtNtCs17lX60Qr81G_4koan8builtins10module_def5testss_28module_unknown_member_errors
FNDA:1,_RNvNtNtNtCs17lX60Qr81G_4koan8builtins10module_def5testss_29module_member_access_via_attr
FNDA:1,_RNvNtNtNtCs17lX60Qr81G_4koan8builtins10module_def5testss_32binder_name_extracts_module_name
FNDA:1,_RNvNtNtNtCs17lX60Qr81G_4koan8builtins10module_def5testss_32module_binds_under_name_in_scope
FNDA:1,_RNvNtNtNtCs17lX60Qr81G_4koan8builtins10module_def5testss_33module_member_function_via_let_fn
FNDA:1,_RNvNtNtNtCs17lX60Qr81G_4koan8builtins10module_def5testss_36module_body_dispatch_does_not_dangle
FNDA:1,_RNvNtNtNtCs17lX60Qr81G_4koan8builtins10module_def5testss_38module_body_parks_on_outer_placeholder
FNDA:1,_RNvNtNtNtCs17lX60Qr81G_4koan8builtins10module_def5testss_41module_body_error_short_circuits_finalize
FNDA:1,_RNvNtNtNtCs17lX60Qr81G_4koan8builtins10module_def5testss_41module_with_multiple_statements_in_parens
FNDA:1,_RNvNtNtNtCs17lX60Qr81G_4koan8builtins10module_def5testss_41nested_module_accessible_via_chained_attr
FNDA:1,_RNvNtNtNtCs17lX60Qr81G_4koan8builtins10module_def5testss_50module_finalize_short_circuits_on_idempotent_state
FNDA:139,_RNvNtNtCs17lX60Qr81G_4koan8builtins10module_def11binder_name
FNDA:78,_RNvNtNtCs17lX60Qr81G_4koan8builtins10module_def4body
FNDA:460,_RNvNtNtCs17lX60Qr81G_4koan8builtins10module_def8register
FNDA:78,_RNCNvNtNtCs17lX60Qr81G_4koan8builtins10module_def4body0B7_
FNDA:76,_RNCNvNtNtCs17lX60Qr81G_4koan8builtins10module_def4bodys_0B7_
FNF:16
FNH:16
DA:32,95
DA:33,95
DA:34,95
DA:35,95
DA:36,95
DA:41,95
DA:42,95
DA:43,0
DA:45,95
DA:46,95
DA:48,0
DA:49,0
DA:50,0
DA:54,95
DA:55,95
DA:60,95
DA:70,95
DA:75,95
DA:76,95
DA:77,95
DA:78,95
DA:79,95
DA:80,95
DA:86,92
DA:87,92
DA:88,0
DA:89,0
DA:91,0
DA:92,0
DA:93,92
DA:94,92
DA:95,92
DA:96,92
DA:116,92
DA:117,92
DA:118,92
DA:119,92
DA:120,92
DA:121,21
DA:122,2
DA:123,19
DA:124,19
DA:131,92
DA:132,92
DA:133,92
DA:134,92
DA:135,92
DA:136,92
DA:137,92
DA:138,92
DA:139,92
DA:140,92
DA:141,92
DA:142,92
DA:143,92
DA:144,0
DA:145,0
DA:146,0
DA:148,92
DA:149,95
DA:150,95
DA:151,95
DA:155,169
DA:156,169
DA:157,169
DA:159,500
DA:160,500
DA:161,500
DA:162,500
DA:163,500
DA:164,500
DA:165,500
DA:166,500
DA:167,500
DA:169,500
DA:170,500
DA:172,500
DA:183,1
DA:184,1
DA:185,1
DA:186,1
DA:187,1
DA:190,1
DA:191,1
DA:192,1
DA:193,1
DA:194,1
DA:195,1
DA:196,1
DA:199,1
DA:202,1
DA:203,1
DA:204,1
DA:205,1
DA:206,1
DA:207,1
DA:208,1
DA:211,1
DA:216,1
DA:217,1
DA:218,1
DA:219,1
DA:220,1
DA:222,1
DA:223,1
DA:224,1
DA:227,1
DA:232,1
DA:233,1
DA:234,1
DA:235,1
DA:236,1
DA:238,1
DA:239,1
DA:240,1
DA:241,0
DA:243,1
DA:244,1
DA:247,1
DA:248,1
DA:249,1
DA:250,1
DA:251,1
DA:252,1
DA:253,1
DA:254,1
DA:257,1
DA:260,1
DA:261,1
DA:262,1
DA:263,1
DA:264,1
DA:265,1
DA:267,1
DA:268,1
DA:269,1
DA:278,1
DA:279,1
DA:280,1
DA:281,1
DA:282,1
DA:283,1
DA:284,1
DA:290,1
DA:291,1
DA:292,1
DA:293,1
DA:294,1
DA:295,1
DA:298,1
DA:311,1
DA:314,1
DA:315,1
DA:316,1
DA:317,1
DA:318,1
DA:320,1
DA:321,1
DA:322,1
DA:323,1
DA:324,1
DA:325,1
DA:330,1
DA:333,1
DA:334,1
DA:335,1
DA:336,1
DA:345,1
DA:346,1
DA:347,1
DA:348,1
DA:349,1
DA:350,1
DA:351,1
DA:352,0
DA:354,1
DA:355,1
DA:356,1
DA:357,1
BRF:0
BRH:0
LF:181
LH:168
end_of_record
SF:/var/home/jack/Code/koan/src/builtins/newtype_def.rs
FN:188,_RNCNvNtNtCsjkUEORhOIHz_4koan8builtins11newtype_def17newtype_construct0B7_
FN:126,_RNCNvNtNtCsjkUEORhOIHz_4koan8builtins11newtype_def4body0B7_
FN:150,_RNvNtNtCsjkUEORhOIHz_4koan8builtins11newtype_def11binder_name
FN:173,_RNvNtNtCsjkUEORhOIHz_4koan8builtins11newtype_def17newtype_construct
FN:56,_RNvNtNtCsjkUEORhOIHz_4koan8builtins11newtype_def4body
FN:221,_RNvNtNtCsjkUEORhOIHz_4koan8builtins11newtype_def8register
FN:429,_RNvNtNtNtCs17lX60Qr81G_4koan8builtins11newtype_def5testss_28construct_arity_zero_rejects
FN:447,_RNvNtNtNtCs17lX60Qr81G_4koan8builtins11newtype_def5testss_29construct_with_operator_value
FN:255,_RNvNtNtNtCs17lX60Qr81G_4koan8builtins11newtype_def5testss_30declare_mints_newtype_identity
FN:327,_RNvNtNtNtCs17lX60Qr81G_4koan8builtins11newtype_def5testss_30newtype_over_newtype_collapses
FN:409,_RNvNtNtNtCs17lX60Qr81G_4koan8builtins11newtype_def5testss_31construct_with_identifier_value
FN:311,_RNvNtNtNtCs17lX60Qr81G_4koan8builtins11newtype_def5testss_35construct_rejects_non_matching_repr
FN:287,_RNvNtNtNtCs17lX60Qr81G_4koan8builtins11newtype_def5testss_35construct_wraps_repr_matching_value
FN:360,_RNvNtNtNtCs17lX60Qr81G_4koan8builtins11newtype_def5testss_43dispatch_distinguishes_distance_from_number
FN:188,_RNCNvNtNtCs17lX60Qr81G_4koan8builtins11newtype_def17newtype_construct0B7_
FN:126,_RNCNvNtNtCs17lX60Qr81G_4koan8builtins11newtype_def4body0B7_
FN:150,_RNvNtNtCs17lX60Qr81G_4koan8builtins11newtype_def11binder_name
FN:173,_RNvNtNtCs17lX60Qr81G_4koan8builtins11newtype_def17newtype_construct
FN:56,_RNvNtNtCs17lX60Qr81G_4koan8builtins11newtype_def4body
FN:221,_RNvNtNtCs17lX60Qr81G_4koan8builtins11newtype_def8register
FNDA:0,_RNCNvNtNtCsjkUEORhOIHz_4koan8builtins11newtype_def17newtype_construct0B7_
FNDA:0,_RNCNvNtNtCsjkUEORhOIHz_4koan8builtins11newtype_def4body0B7_
FNDA:0,_RNvNtNtCsjkUEORhOIHz_4koan8builtins11newtype_def11binder_name
FNDA:0,_RNvNtNtCsjkUEORhOIHz_4koan8builtins11newtype_def17newtype_construct
FNDA:0,_RNvNtNtCsjkUEORhOIHz_4koan8builtins11newtype_def4body
FNDA:40,_RNvNtNtCsjkUEORhOIHz_4koan8builtins11newtype_def8register
FNDA:1,_RNvNtNtNtCs17lX60Qr81G_4koan8builtins11newtype_def5testss_28construct_arity_zero_rejects
FNDA:1,_RNvNtNtNtCs17lX60Qr81G_4koan8builtins11newtype_def5testss_29construct_with_operator_value
FNDA:1,_RNvNtNtNtCs17lX60Qr81G_4koan8builtins11newtype_def5testss_30declare_mints_newtype_identity
FNDA:1,_RNvNtNtNtCs17lX60Qr81G_4koan8builtins11newtype_def5testss_30newtype_over_newtype_collapses
FNDA:1,_RNvNtNtNtCs17lX60Qr81G_4koan8builtins11newtype_def5testss_31construct_with_identifier_value
FNDA:1,_RNvNtNtNtCs17lX60Qr81G_4koan8builtins11newtype_def5testss_35construct_rejects_non_matching_repr
FNDA:1,_RNvNtNtNtCs17lX60Qr81G_4koan8builtins11newtype_def5testss_35construct_wraps_repr_matching_value
FNDA:1,_RNvNtNtNtCs17lX60Qr81G_4koan8builtins11newtype_def5testss_43dispatch_distinguishes_distance_from_number
FNDA:11,_RNCNvNtNtCs17lX60Qr81G_4koan8builtins11newtype_def17newtype_construct0B7_
FNDA:12,_RNCNvNtNtCs17lX60Qr81G_4koan8builtins11newtype_def4body0B7_
FNDA:24,_RNvNtNtCs17lX60Qr81G_4koan8builtins11newtype_def11binder_name
FNDA:12,_RNvNtNtCs17lX60Qr81G_4koan8builtins11newtype_def17newtype_construct
FNDA:12,_RNvNtNtCs17lX60Qr81G_4koan8builtins11newtype_def4body
FNDA:460,_RNvNtNtCs17lX60Qr81G_4koan8builtins11newtype_def8register
FNF:14
FNH:14
DA:56,12
DA:57,12
DA:58,12
DA:59,12
DA:60,12
DA:63,12
DA:64,12
DA:65,0
DA:71,12
DA:72,9
DA:73,9
DA:74,0
DA:81,3
DA:82,3
DA:83,0
DA:85,3
DA:86,0
DA:87,0
DA:88,0
DA:89,0
DA:90,3
DA:91,3
DA:92,3
DA:94,0
DA:95,0
DA:96,0
DA:97,0
DA:102,0
DA:103,0
DA:104,0
DA:112,12
DA:113,12
DA:114,12
DA:115,12
DA:116,12
DA:117,12
DA:118,12
DA:119,12
DA:124,12
DA:125,12
DA:126,12
DA:127,12
DA:128,12
DA:134,12
DA:135,12
DA:141,0
DA:142,0
DA:143,0
DA:144,0
DA:146,12
DA:150,24
DA:151,24
DA:152,24
DA:173,12
DA:174,12
DA:175,12
DA:176,12
DA:177,12
DA:178,12
DA:179,12
DA:180,1
DA:181,11
DA:186,11
DA:187,11
DA:188,11
DA:189,11
DA:190,11
DA:195,11
DA:196,11
DA:197,0
DA:199,11
DA:200,1
DA:201,1
DA:202,1
DA:203,1
DA:204,1
DA:205,10
DA:211,10
DA:212,10
DA:213,10
DA:214,10
DA:215,10
DA:216,11
DA:217,11
DA:218,11
DA:219,12
DA:221,500
DA:226,500
DA:227,500
DA:228,500
DA:229,500
DA:230,500
DA:231,500
DA:232,500
DA:233,500
DA:235,500
DA:236,500
DA:238,500
DA:255,1
DA:256,1
DA:257,1
DA:258,1
DA:259,1
DA:260,1
DA:261,1
DA:262,1
DA:263,1
DA:265,1
DA:266,1
DA:269,1
DA:270,1
DA:272,0
DA:274,1
DA:275,1
DA:276,1
DA:277,1
DA:280,1
DA:287,1
DA:288,1
DA:289,1
DA:290,1
DA:291,1
DA:292,1
DA:293,1
DA:294,1
DA:297,1
DA:299,1
DA:300,0
DA:302,1
DA:304,0
DA:306,1
DA:311,1
DA:312,1
DA:313,1
DA:314,1
DA:315,1
DA:316,1
DA:317,1
DA:318,1
DA:321,1
DA:327,1
DA:328,1
DA:329,1
DA:330,1
DA:331,1
DA:332,1
DA:333,1
DA:334,1
DA:335,1
DA:336,0
DA:339,1
DA:340,1
DA:342,0
DA:345,0
DA:347,1
DA:360,1
DA:361,1
DA:362,1
DA:363,1
DA:364,1
DA:365,1
DA:366,1
DA:367,1
DA:370,1
DA:371,1
DA:372,1
DA:373,0
DA:376,1
DA:377,1
DA:378,1
DA:379,0
DA:383,1
DA:384,1
DA:385,1
DA:386,1
DA:387,1
DA:388,1
DA:389,1
DA:393,1
DA:394,1
DA:395,1
DA:396,1
DA:397,1
DA:398,1
DA:399,1
DA:402,1
DA:409,1
DA:410,1
DA:411,1
DA:412,1
DA:413,1
DA:414,1
DA:415,1
DA:416,1
DA:417,1
DA:418,0
DA:420,1
DA:422,0
DA:424,1
DA:429,1
DA:430,1
DA:431,1
DA:432,1
DA:433,1
DA:434,1
DA:435,1
DA:438,1
DA:447,1
DA:448,1
DA:449,1
DA:450,1
DA:451,1
DA:452,1
DA:453,1
DA:455,1
DA:456,1
DA:457,1
DA:458,1
DA:459,1
DA:460,0
DA:462,1
DA:464,0
DA:466,1
BRF:0
BRH:0
LF:225
LH:194
end_of_record
SF:/var/home/jack/Code/koan/src/builtins/print.rs
FN:10,_RNvNtNtCsjkUEORhOIHz_4koan8builtins5print4body
FN:24,_RNvNtNtCsjkUEORhOIHz_4koan8builtins5print8register
FN:10,_RNvNtNtCs17lX60Qr81G_4koan8builtins5print4body
FN:24,_RNvNtNtCs17lX60Qr81G_4koan8builtins5print8register
FNDA:6,_RNvNtNtCsjkUEORhOIHz_4koan8builtins5print4body
FNDA:40,_RNvNtNtCsjkUEORhOIHz_4koan8builtins5print8register
FNDA:126,_RNvNtNtCs17lX60Qr81G_4koan8builtins5print4body
FNDA:460,_RNvNtNtCs17lX60Qr81G_4koan8builtins5print8register
FNF:2
FNH:2
DA:10,132
DA:11,132
DA:12,132
DA:13,132
DA:14,132
DA:15,132
DA:16,132
DA:17,0
DA:19,132
DA:20,132
DA:21,132
DA:22,132
DA:24,500
DA:25,500
DA:26,500
DA:27,500
DA:28,500
DA:29,500
DA:31,500
BRF:0
BRH:0
LF:19
LH:18
end_of_record
SF:/var/home/jack/Code/koan/src/builtins/quote.rs
FN:14,_RNvNtNtCsjkUEORhOIHz_4koan8builtins5quote4body
FN:31,_RNvNtNtCsjkUEORhOIHz_4koan8builtins5quote8register
FN:45,_RNvNtNtNtCs17lX60Qr81G_4koan8builtins5quote5tests11run_program
FN:54,_RNvNtNtNtCs17lX60Qr81G_4koan8builtins5quote5testss_26quote_then_eval_round_trip
FN:68,_RNvNtNtNtCs17lX60Qr81G_4koan8builtins5quote5testss_27quote_captures_ast_as_value
FN:14,_RNvNtNtCs17lX60Qr81G_4koan8builtins5quote4body
FN:31,_RNvNtNtCs17lX60Qr81G_4koan8builtins5quote8register
FNDA:0,_RNvNtNtCsjkUEORhOIHz_4koan8builtins5quote4body
FNDA:40,_RNvNtNtCsjkUEORhOIHz_4koan8builtins5quote8register
FNDA:2,_RNvNtNtNtCs17lX60Qr81G_4koan8builtins5quote5tests11run_program
FNDA:1,_RNvNtNtNtCs17lX60Qr81G_4koan8builtins5quote5testss_26quote_then_eval_round_trip
FNDA:1,_RNvNtNtNtCs17lX60Qr81G_4koan8builtins5quote5testss_27quote_captures_ast_as_value
FNDA:9,_RNvNtNtCs17lX60Qr81G_4koan8builtins5quote4body
FNDA:460,_RNvNtNtCs17lX60Qr81G_4koan8builtins5quote8register
FNF:5
FNH:5
DA:14,9
DA:15,9
DA:16,9
DA:17,9
DA:18,9
DA:19,9
DA:20,9
DA:22,0
DA:23,0
DA:24,0
DA:27,9
DA:28,9
DA:29,9
DA:31,500
DA:32,500
DA:33,500
DA:34,500
DA:35,500
DA:36,500
DA:38,500
DA:45,2
DA:46,2
DA:47,2
DA:48,2
DA:49,2
DA:50,2
DA:51,2
DA:54,1
DA:60,1
DA:61,1
DA:62,1
DA:64,1
DA:65,1
DA:68,1
DA:71,1
DA:72,1
DA:73,1
BRF:0
BRH:0
LF:37
LH:34
end_of_record
SF:/var/home/jack/Code/koan/src/builtins/result.rs
FN:24,_RNvNtNtCsjkUEORhOIHz_4koan8builtins6result8register
FN:24,_RNvNtNtCs17lX60Qr81G_4koan8builtins6result8register
FNDA:40,_RNvNtNtCsjkUEORhOIHz_4koan8builtins6result8register
FNDA:460,_RNvNtNtCs17lX60Qr81G_4koan8builtins6result8register
FNF:1
FNH:1
DA:24,500
DA:25,500
DA:26,500
DA:27,500
DA:28,500
DA:29,500
DA:30,500
DA:31,500
DA:32,500
DA:33,500
DA:34,500
DA:35,500
DA:36,500
DA:37,500
DA:38,500
DA:39,500
DA:42,500
DA:43,500
BRF:0
BRH:0
LF:18
LH:18
end_of_record
SF:/var/home/jack/Code/koan/src/builtins/sig_def.rs
FN:54,_RNCNvNtNtCsjkUEORhOIHz_4koan8builtins7sig_def4body0B7_
FN:57,_RNCNvNtNtCsjkUEORhOIHz_4koan8builtins7sig_def4bodys_0B7_
FN:88,_RNvNtNtCsjkUEORhOIHz_4koan8builtins7sig_def11binder_name
FN:28,_RNvNtNtCsjkUEORhOIHz_4koan8builtins7sig_def4body
FN:92,_RNvNtNtCsjkUEORhOIHz_4koan8builtins7sig_def8register
FN:138,_RNvNtNtNtCs17lX60Qr81G_4koan8builtins7sig_def5testss_21sig_path_records_name
FN:117,_RNvNtNtNtCs17lX60Qr81G_4koan8builtins7sig_def5testss_29binder_name_extracts_sig_name
FN:125,_RNvNtNtNtCs17lX60Qr81G_4koan8builtins7sig_def5testss_29sig_binds_under_name_in_scope
FN:158,_RNvNtNtNtCs17lX60Qr81G_4koan8builtins7sig_def5testss_35sig_body_parks_on_outer_placeholder
FN:182,_RNvNtNtNtCs17lX60Qr81G_4koan8builtins7sig_def5testss_38sig_body_error_short_circuits_finalize
FN:54,_RNCNvNtNtCs17lX60Qr81G_4koan8builtins7sig_def4body0B7_
FN:57,_RNCNvNtNtCs17lX60Qr81G_4koan8builtins7sig_def4bodys_0B7_
FN:88,_RNvNtNtCs17lX60Qr81G_4koan8builtins7sig_def11binder_name
FN:28,_RNvNtNtCs17lX60Qr81G_4koan8builtins7sig_def4body
FN:92,_RNvNtNtCs17lX60Qr81G_4koan8builtins7sig_def8register
FNDA:13,_RNCNvNtNtCsjkUEORhOIHz_4koan8builtins7sig_def4body0B7_
FNDA:13,_RNCNvNtNtCsjkUEORhOIHz_4koan8builtins7sig_def4bodys_0B7_
FNDA:26,_RNvNtNtCsjkUEORhOIHz_4koan8builtins7sig_def11binder_name
FNDA:13,_RNvNtNtCsjkUEORhOIHz_4koan8builtins7sig_def4body
FNDA:40,_RNvNtNtCsjkUEORhOIHz_4koan8builtins7sig_def8register
FNDA:1,_RNvNtNtNtCs17lX60Qr81G_4koan8builtins7sig_def5testss_21sig_path_records_name
FNDA:1,_RNvNtNtNtCs17lX60Qr81G_4koan8builtins7sig_def5testss_29binder_name_extracts_sig_name
FNDA:1,_RNvNtNtNtCs17lX60Qr81G_4koan8builtins7sig_def5testss_29sig_binds_under_name_in_scope
FNDA:1,_RNvNtNtNtCs17lX60Qr81G_4koan8builtins7sig_def5testss_35sig_body_parks_on_outer_placeholder
FNDA:1,_RNvNtNtNtCs17lX60Qr81G_4koan8builtins7sig_def5testss_38sig_body_error_short_circuits_finalize
FNDA:64,_RNCNvNtNtCs17lX60Qr81G_4koan8builtins7sig_def4body0B7_
FNDA:62,_RNCNvNtNtCs17lX60Qr81G_4koan8builtins7sig_def4bodys_0B7_
FNDA:129,_RNvNtNtCs17lX60Qr81G_4koan8builtins7sig_def11binder_name
FNDA:64,_RNvNtNtCs17lX60Qr81G_4koan8builtins7sig_def4body
FNDA:460,_RNvNtNtCs17lX60Qr81G_4koan8builtins7sig_def8register
FNF:10
FNH:10
DA:28,77
DA:29,77
DA:30,77
DA:31,77
DA:32,77
DA:33,77
DA:34,77
DA:35,0
DA:37,77
DA:38,77
DA:40,0
DA:41,0
DA:42,0
DA:46,77
DA:47,77
DA:49,77
DA:52,77
DA:53,77
DA:54,77
DA:55,77
DA:56,77
DA:57,77
DA:58,75
DA:59,75
DA:60,75
DA:68,75
DA:69,75
DA:70,75
DA:71,75
DA:72,75
DA:73,75
DA:74,75
DA:76,75
DA:77,0
DA:78,0
DA:79,0
DA:81,75
DA:82,77
DA:83,77
DA:84,77
DA:88,155
DA:89,155
DA:90,155
DA:92,500
DA:93,500
DA:94,500
DA:95,500
DA:96,500
DA:97,500
DA:98,500
DA:99,500
DA:100,500
DA:102,500
DA:103,500
DA:105,500
DA:117,1
DA:118,1
DA:119,1
DA:120,1
DA:121,1
DA:122,1
DA:125,1
DA:127,1
DA:128,1
DA:129,1
DA:130,1
DA:131,1
DA:132,1
DA:135,1
DA:138,1
DA:140,1
DA:141,1
DA:142,1
DA:143,1
DA:144,1
DA:145,1
DA:146,0
DA:148,1
DA:149,1
DA:158,1
DA:159,1
DA:160,1
DA:161,1
DA:162,1
DA:164,1
DA:165,1
DA:166,0
DA:168,1
DA:169,1
DA:170,1
DA:171,1
DA:173,0
DA:175,1
DA:182,1
DA:183,1
DA:184,1
DA:185,1
DA:186,1
DA:187,1
DA:190,1
BRF:0
BRH:0
LF:102
LH:92
end_of_record
SF:/var/home/jack/Code/koan/src/builtins/struct_def.rs
FN:200,_RNCNvNtNtCsjkUEORhOIHz_4koan8builtins10struct_def24defer_struct_via_combine0B7_
FN:92,_RNCNvNtNtCsjkUEORhOIHz_4koan8builtins10struct_def4body0B7_
FN:250,_RNvNtNtCsjkUEORhOIHz_4koan8builtins10struct_def11binder_name
FN:112,_RNvNtNtCsjkUEORhOIHz_4koan8builtins10struct_def15finalize_struct
FN:178,_RNvNtNtCsjkUEORhOIHz_4koan8builtins10struct_def24defer_struct_via_combine
FN:37,_RNvNtNtCsjkUEORhOIHz_4koan8builtins10struct_def4body
FN:254,_RNvNtNtCsjkUEORhOIHz_4koan8builtins10struct_def8register
FN:200,_RNCNvNtNtCs17lX60Qr81G_4koan8builtins10struct_def24defer_struct_via_combine0B7_
FN:92,_RNCNvNtNtCs17lX60Qr81G_4koan8builtins10struct_def4body0B7_
FN:250,_RNvNtNtCs17lX60Qr81G_4koan8builtins10struct_def11binder_name
FN:112,_RNvNtNtCs17lX60Qr81G_4koan8builtins10struct_def15finalize_struct
FN:178,_RNvNtNtCs17lX60Qr81G_4koan8builtins10struct_def24defer_struct_via_combine
FN:37,_RNvNtNtCs17lX60Qr81G_4koan8builtins10struct_def4body
FN:254,_RNvNtNtCs17lX60Qr81G_4koan8builtins10struct_def8register
FNDA:1,_RNCNvNtNtCsjkUEORhOIHz_4koan8builtins10struct_def24defer_struct_via_combine0B7_
FNDA:4,_RNCNvNtNtCsjkUEORhOIHz_4koan8builtins10struct_def4body0B7_
FNDA:8,_RNvNtNtCsjkUEORhOIHz_4koan8builtins10struct_def11binder_name
FNDA:4,_RNvNtNtCsjkUEORhOIHz_4koan8builtins10struct_def15finalize_struct
FNDA:1,_RNvNtNtCsjkUEORhOIHz_4koan8builtins10struct_def24defer_struct_via_combine
FNDA:4,_RNvNtNtCsjkUEORhOIHz_4koan8builtins10struct_def4body
FNDA:40,_RNvNtNtCsjkUEORhOIHz_4koan8builtins10struct_def8register
FNDA:5,_RNCNvNtNtCs17lX60Qr81G_4koan8builtins10struct_def24defer_struct_via_combine0B7_
FNDA:51,_RNCNvNtNtCs17lX60Qr81G_4koan8builtins10struct_def4body0B7_
FNDA:103,_RNvNtNtCs17lX60Qr81G_4koan8builtins10struct_def11binder_name
FNDA:48,_RNvNtNtCs17lX60Qr81G_4koan8builtins10struct_def15finalize_struct
FNDA:5,_RNvNtNtCs17lX60Qr81G_4koan8builtins10struct_def24defer_struct_via_combine
FNDA:51,_RNvNtNtCs17lX60Qr81G_4koan8builtins10struct_def4body
FNDA:460,_RNvNtNtCs17lX60Qr81G_4koan8builtins10struct_def8register
FNF:7
FNH:7
DA:37,55
DA:38,55
DA:39,55
DA:40,55
DA:41,55
DA:46,55
DA:47,55
DA:48,0
DA:50,55
DA:51,55
DA:53,0
DA:54,0
DA:55,0
DA:64,55
DA:65,55
DA:66,55
DA:67,55
DA:68,55
DA:69,55
DA:70,55
DA:71,55
DA:72,55
DA:78,55
DA:79,55
DA:80,55
DA:81,55
DA:82,55
DA:83,55
DA:84,55
DA:90,55
DA:91,55
DA:92,55
DA:93,55
DA:94,55
DA:95,45
DA:96,4
DA:97,6
DA:98,6
DA:99,6
DA:100,6
DA:101,6
DA:102,6
DA:103,6
DA:104,6
DA:105,6
DA:108,55
DA:112,52
DA:113,52
DA:114,52
DA:115,52
DA:116,52
DA:117,52
DA:129,52
DA:130,52
DA:131,9
DA:132,1
DA:133,8
DA:134,43
DA:135,51
DA:136,1
DA:137,1
DA:138,1
DA:139,50
DA:140,50
DA:147,50
DA:148,50
DA:149,50
DA:150,50
DA:151,50
DA:152,50
DA:153,50
DA:154,50
DA:155,50
DA:156,50
DA:157,50
DA:158,50
DA:159,50
DA:160,0
DA:162,52
DA:178,6
DA:179,6
DA:180,6
DA:181,6
DA:182,6
DA:183,6
DA:184,6
DA:185,6
DA:186,6
DA:187,6
DA:189,6
DA:192,6
DA:193,6
DA:194,6
DA:195,6
DA:196,1
DA:197,1
DA:198,1
DA:199,1
DA:200,6
DA:203,6
DA:206,6
DA:207,6
DA:208,1
DA:209,1
DA:210,0
DA:211,0
DA:212,0
DA:213,0
DA:214,0
DA:215,1
DA:216,1
DA:218,6
DA:225,6
DA:226,6
DA:227,6
DA:228,6
DA:229,6
DA:230,6
DA:231,6
DA:232,6
DA:234,0
DA:235,0
DA:236,0
DA:237,0
DA:238,0
DA:239,0
DA:240,0
DA:242,6
DA:243,6
DA:244,6
DA:245,6
DA:250,111
DA:251,111
DA:252,111
DA:254,500
DA:255,500
DA:256,500
DA:257,500
DA:258,500
DA:259,500
DA:260,500
DA:261,500
DA:262,500
DA:264,500
DA:265,500
DA:267,500
BRF:0
BRH:0
LF:148
LH:131
end_of_record
SF:/var/home/jack/Code/koan/src/builtins/struct_value.rs
FN:130,_RNvNtNtCsjkUEORhOIHz_4koan8builtins12struct_value14primitive_body
FN:50,_RNvNtNtCsjkUEORhOIHz_4koan8builtins12struct_value5apply
FN:177,_RNvNtNtCsjkUEORhOIHz_4koan8builtins12struct_value8register
FN:94,_RNvNtNtCsjkUEORhOIHz_4koan8builtins12struct_value9construct
FN:130,_RNvNtNtCs17lX60Qr81G_4koan8builtins12struct_value14primitive_body
FN:50,_RNvNtNtCs17lX60Qr81G_4koan8builtins12struct_value5apply
FN:177,_RNvNtNtCs17lX60Qr81G_4koan8builtins12struct_value8register
FN:94,_RNvNtNtCs17lX60Qr81G_4koan8builtins12struct_value9construct
FNDA:3,_RNvNtNtCsjkUEORhOIHz_4koan8builtins12struct_value14primitive_body
FNDA:3,_RNvNtNtCsjkUEORhOIHz_4koan8builtins12struct_value5apply
FNDA:40,_RNvNtNtCsjkUEORhOIHz_4koan8builtins12struct_value8register
FNDA:3,_RNvNtNtCsjkUEORhOIHz_4koan8builtins12struct_value9construct
FNDA:26,_RNvNtNtCs17lX60Qr81G_4koan8builtins12struct_value14primitive_body
FNDA:30,_RNvNtNtCs17lX60Qr81G_4koan8builtins12struct_value5apply
FNDA:460,_RNvNtNtCs17lX60Qr81G_4koan8builtins12struct_value8register
FNDA:26,_RNvNtNtCs17lX60Qr81G_4koan8builtins12struct_value9construct
FNF:4
FNH:4
DA:50,33
DA:51,33
DA:52,33
DA:53,33
DA:54,33
DA:55,33
DA:57,0
DA:58,0
DA:59,0
DA:60,0
DA:63,33
DA:64,33
DA:65,31
DA:66,2
DA:70,31
DA:71,58
DA:72,58
DA:73,57
DA:75,1
DA:79,30
DA:80,1
DA:81,1
DA:82,1
DA:83,29
DA:84,29
DA:85,29
DA:86,29
DA:88,29
DA:89,33
DA:94,29
DA:95,29
DA:96,29
DA:97,29
DA:98,29
DA:99,29
DA:100,29
DA:101,0
DA:102,0
DA:103,0
DA:104,0
DA:105,29
DA:108,29
DA:109,52
DA:110,52
DA:111,3
DA:112,3
DA:113,3
DA:114,3
DA:115,3
DA:116,49
DA:117,49
DA:121,26
DA:122,26
DA:123,26
DA:124,26
DA:125,26
DA:126,29
DA:130,29
DA:131,29
DA:132,29
DA:133,29
DA:134,29
DA:138,29
DA:139,29
DA:140,29
DA:142,0
DA:143,0
DA:144,0
DA:145,0
DA:146,0
DA:147,0
DA:150,0
DA:153,29
DA:154,29
DA:155,0
DA:156,0
DA:157,0
DA:158,0
DA:159,0
DA:160,0
DA:163,0
DA:166,29
DA:167,26
DA:168,3
DA:170,29
DA:177,500
DA:178,500
DA:179,500
DA:180,500
DA:181,500
DA:182,500
DA:183,500
DA:184,500
DA:185,500
DA:186,500
DA:187,500
DA:188,500
DA:190,500
BRF:0
BRH:0
LF:98
LH:76
end_of_record
SF:/var/home/jack/Code/koan/src/builtins/tagged_union.rs
FN:117,_RNvNtNtCsjkUEORhOIHz_4koan8builtins12tagged_union14primitive_body
FN:43,_RNvNtNtCsjkUEORhOIHz_4koan8builtins12tagged_union5apply
FN:169,_RNvNtNtCsjkUEORhOIHz_4koan8builtins12tagged_union8register
FN:77,_RNvNtNtCsjkUEORhOIHz_4koan8builtins12tagged_union9construct
FN:117,_RNvNtNtCs17lX60Qr81G_4koan8builtins12tagged_union14primitive_body
FN:43,_RNvNtNtCs17lX60Qr81G_4koan8builtins12tagged_union5apply
FN:169,_RNvNtNtCs17lX60Qr81G_4koan8builtins12tagged_union8register
FN:77,_RNvNtNtCs17lX60Qr81G_4koan8builtins12tagged_union9construct
FN:207,_RNvNtNtNtCs17lX60Qr81G_4koan8builtins12tagged_union5tests11build_scope
FN:233,_RNvNtNtNtCs17lX60Qr81G_4koan8builtins12tagged_union5tests11run_one_err
FN:217,_RNvNtNtNtCs17lX60Qr81G_4koan8builtins12tagged_union5tests3run
FN:226,_RNvNtNtNtCs17lX60Qr81G_4koan8builtins12tagged_union5tests7run_one
FN:211,_RNvNtNtNtCs17lX60Qr81G_4koan8builtins12tagged_union5tests9parse_one
FN:267,_RNvNtNtNtCs17lX60Qr81G_4koan8builtins12tagged_union5testss_29primitive_rejects_unknown_tag
FN:251,_RNvNtNtNtCs17lX60Qr81G_4koan8builtins12tagged_union5testss_33primitive_constructs_tagged_value
FN:280,_RNvNtNtNtCs17lX60Qr81G_4koan8builtins12tagged_union5testss_37primitive_rejects_value_of_wrong_type
FN:204,_RNvXNtNtNtCs17lX60Qr81G_4koan8builtins12tagged_union5testsNtB2_9SharedBufNtNtCsjrHSEGnQ3l9_3std2io5Write5flush
FN:200,_RNvXNtNtNtCs17lX60Qr81G_4koan8builtins12tagged_union5testsNtB2_9SharedBufNtNtCsjrHSEGnQ3l9_3std2io5Write5write
FNDA:0,_RNvNtNtCsjkUEORhOIHz_4koan8builtins12tagged_union14primitive_body
FNDA:0,_RNvNtNtCsjkUEORhOIHz_4koan8builtins12tagged_union5apply
FNDA:40,_RNvNtNtCsjkUEORhOIHz_4koan8builtins12tagged_union8register
FNDA:0,_RNvNtNtCsjkUEORhOIHz_4koan8builtins12tagged_union9construct
FNDA:69,_RNvNtNtCs17lX60Qr81G_4koan8builtins12tagged_union14primitive_body
FNDA:66,_RNvNtNtCs17lX60Qr81G_4koan8builtins12tagged_union5apply
FNDA:460,_RNvNtNtCs17lX60Qr81G_4koan8builtins12tagged_union8register
FNDA:69,_RNvNtNtCs17lX60Qr81G_4koan8builtins12tagged_union9construct
FNDA:3,_RNvNtNtNtCs17lX60Qr81G_4koan8builtins12tagged_union5tests11build_scope
FNDA:2,_RNvNtNtNtCs17lX60Qr81G_4koan8builtins12tagged_union5tests11run_one_err
FNDA:3,_RNvNtNtNtCs17lX60Qr81G_4koan8builtins12tagged_union5tests3run
FNDA:1,_RNvNtNtNtCs17lX60Qr81G_4koan8builtins12tagged_union5tests7run_one
FNDA:3,_RNvNtNtNtCs17lX60Qr81G_4koan8builtins12tagged_union5tests9parse_one
FNDA:1,_RNvNtNtNtCs17lX60Qr81G_4koan8builtins12tagged_union5testss_29primitive_rejects_unknown_tag
FNDA:1,_RNvNtNtNtCs17lX60Qr81G_4koan8builtins12tagged_union5testss_33primitive_constructs_tagged_value
FNDA:1,_RNvNtNtNtCs17lX60Qr81G_4koan8builtins12tagged_union5testss_37primitive_rejects_value_of_wrong_type
FNDA:0,_RNvXNtNtNtCs17lX60Qr81G_4koan8builtins12tagged_union5testsNtB2_9SharedBufNtNtCsjrHSEGnQ3l9_3std2io5Write5flush
FNDA:0,_RNvXNtNtNtCs17lX60Qr81G_4koan8builtins12tagged_union5testsNtB2_9SharedBufNtNtCsjrHSEGnQ3l9_3std2io5Write5write
FNF:14
FNH:12
DA:43,66
DA:44,66
DA:45,66
DA:46,66
DA:47,66
DA:48,66
DA:51,66
DA:52,0
DA:53,0
DA:54,0
DA:55,0
DA:56,66
DA:57,66
DA:58,66
DA:59,66
DA:60,66
DA:61,0
DA:62,0
DA:63,0
DA:64,0
DA:65,66
DA:66,66
DA:67,66
DA:68,66
DA:69,66
DA:71,66
DA:72,66
DA:77,69
DA:78,69
DA:79,69
DA:80,69
DA:81,69
DA:82,69
DA:83,69
DA:84,69
DA:85,66
DA:87,3
DA:88,3
DA:89,3
DA:90,3
DA:91,3
DA:94,66
DA:95,1
DA:96,1
DA:97,1
DA:98,1
DA:99,1
DA:100,65
DA:103,65
DA:104,65
DA:105,65
DA:106,65
DA:107,65
DA:108,65
DA:109,65
DA:110,65
DA:111,65
DA:112,69
DA:117,69
DA:118,69
DA:119,69
DA:120,69
DA:121,69
DA:124,69
DA:125,69
DA:126,69
DA:128,0
DA:129,0
DA:130,0
DA:131,0
DA:132,0
DA:133,0
DA:136,0
DA:143,69
DA:144,69
DA:145,0
DA:146,0
DA:147,0
DA:148,0
DA:149,0
DA:150,0
DA:152,0
DA:154,69
DA:155,69
DA:157,0
DA:160,69
DA:161,65
DA:162,4
DA:164,69
DA:169,500
DA:170,500
DA:171,500
DA:172,500
DA:173,500
DA:174,500
DA:175,500
DA:176,500
DA:177,500
DA:178,500
DA:179,500
DA:180,500
DA:181,500
DA:183,500
DA:200,0
DA:201,0
DA:202,0
DA:203,0
DA:204,0
DA:207,3
DA:208,3
DA:209,3
DA:211,3
DA:212,3
DA:213,3
DA:214,3
DA:215,3
DA:217,3
DA:218,3
DA:219,3
DA:220,6
DA:221,6
DA:222,6
DA:223,3
DA:224,3
DA:226,1
DA:227,1
DA:228,1
DA:229,1
DA:230,1
DA:231,1
DA:233,2
DA:234,2
DA:235,2
DA:236,2
DA:237,2
DA:238,2
DA:239,2
DA:240,2
DA:241,0
DA:242,2
DA:244,2
DA:251,1
DA:252,1
DA:253,1
DA:254,1
DA:255,1
DA:256,1
DA:257,1
DA:258,1
DA:259,1
DA:260,1
DA:262,0
DA:264,1
DA:267,1
DA:268,1
DA:269,1
DA:270,1
DA:271,1
DA:272,1
DA:273,1
DA:274,1
DA:277,1
DA:280,1
DA:281,1
DA:282,1
DA:283,1
DA:284,1
DA:285,1
DA:286,1
DA:287,1
DA:288,1
DA:289,1
DA:290,1
DA:292,0
DA:294,1
BRF:0
BRH:0
LF:175
LH:144
end_of_record
SF:/var/home/jack/Code/koan/src/builtins/test_support.rs
FN:78,_RNvNtNtCs17lX60Qr81G_4koan8builtins12test_support11run_one_err
FN:150,_RNvNtNtCs17lX60Qr81G_4koan8builtins12test_support12one_slot_sig
FN:50,_RNvNtNtCs17lX60Qr81G_4koan8builtins12test_support13run_root_bare
FN:44,_RNvNtNtCs17lX60Qr81G_4koan8builtins12test_support15run_root_silent
FN:130,_RNvNtNtCs17lX60Qr81G_4koan8builtins12test_support16fn_is_registered
FN:36,_RNvNtNtCs17lX60Qr81G_4koan8builtins12test_support17run_root_with_buf
FN:95,_RNvNtNtCs17lX60Qr81G_4koan8builtins12test_support3run
FN:144,_RNvNtNtCs17lX60Qr81G_4koan8builtins12test_support6marker
FN:69,_RNvNtNtCs17lX60Qr81G_4koan8builtins12test_support7run_one
FN:109,_RNvNtNtCs17lX60Qr81G_4koan8builtins12test_support9lookup_fn
FN:56,_RNvNtNtCs17lX60Qr81G_4koan8builtins12test_support9parse_one
FN:31,_RNvXNtNtCs17lX60Qr81G_4koan8builtins12test_supportNtB2_9SharedBufNtNtCsjrHSEGnQ3l9_3std2io5Write5flush
FN:27,_RNvXNtNtCs17lX60Qr81G_4koan8builtins12test_supportNtB2_9SharedBufNtNtCsjrHSEGnQ3l9_3std2io5Write5write
FN:133,_RNCNCNCNvNtNtCs17lX60Qr81G_4koan8builtins12test_support16fn_is_registered000Bb_
FN:132,_RNCNCNvNtNtCs17lX60Qr81G_4koan8builtins12test_support16fn_is_registered00B9_
FN:131,_RNCNvNtNtCs17lX60Qr81G_4koan8builtins12test_support16fn_is_registered0B7_
FN:113,_RNCNvNtNtCs17lX60Qr81G_4koan8builtins12test_support9lookup_fn0B7_
FN:123,_RNCNvNtNtCs17lX60Qr81G_4koan8builtins12test_support9lookup_fns_0B7_
FNDA:46,_RNvNtNtCs17lX60Qr81G_4koan8builtins12test_support11run_one_err
FNDA:7,_RNvNtNtCs17lX60Qr81G_4koan8builtins12test_support12one_slot_sig
FNDA:73,_RNvNtNtCs17lX60Qr81G_4koan8builtins12test_support13run_root_bare
FNDA:229,_RNvNtNtCs17lX60Qr81G_4koan8builtins12test_support15run_root_silent
FNDA:8,_RNvNtNtCs17lX60Qr81G_4koan8builtins12test_support16fn_is_registered
FNDA:69,_RNvNtNtCs17lX60Qr81G_4koan8builtins12test_support17run_root_with_buf
FNDA:280,_RNvNtNtCs17lX60Qr81G_4koan8builtins12test_support3run
FNDA:2,_RNvNtNtCs17lX60Qr81G_4koan8builtins12test_support6marker
FNDA:228,_RNvNtNtCs17lX60Qr81G_4koan8builtins12test_support7run_one
FNDA:19,_RNvNtNtCs17lX60Qr81G_4koan8builtins12test_support9lookup_fn
FNDA:353,_RNvNtNtCs17lX60Qr81G_4koan8builtins12test_support9parse_one
FNDA:0,_RNvXNtNtCs17lX60Qr81G_4koan8builtins12test_supportNtB2_9SharedBufNtNtCsjrHSEGnQ3l9_3std2io5Write5flush
FNDA:110,_RNvXNtNtCs17lX60Qr81G_4koan8builtins12test_supportNtB2_9SharedBufNtNtCsjrHSEGnQ3l9_3std2io5Write5write
FNDA:400,_RNCNCNCNvNtNtCs17lX60Qr81G_4koan8builtins12test_support16fn_is_registered000Bb_
FNDA:352,_RNCNCNvNtNtCs17lX60Qr81G_4koan8builtins12test_support16fn_is_registered00B9_
FNDA:256,_RNCNvNtNtCs17lX60Qr81G_4koan8builtins12test_support16fn_is_registered0B7_
FNDA:969,_RNCNvNtNtCs17lX60Qr81G_4koan8builtins12test_support9lookup_fn0B7_
FNDA:0,_RNCNvNtNtCs17lX60Qr81G_4koan8builtins12test_support9lookup_fns_0B7_
FNF:18
FNH:16
DA:27,110
DA:28,110
DA:29,110
DA:30,110
DA:31,0
DA:32,0
DA:33,0
DA:36,69
DA:37,69
DA:38,69
DA:39,69
DA:40,69
DA:41,69
DA:42,69
DA:44,229
DA:45,229
DA:46,229
DA:50,73
DA:51,73
DA:52,73
DA:56,353
DA:57,353
DA:58,353
DA:59,353
DA:60,353
DA:69,228
DA:70,228
DA:71,228
DA:72,228
DA:73,228
DA:74,228
DA:78,46
DA:79,46
DA:80,46
DA:81,46
DA:82,46
DA:83,0
DA:84,46
DA:86,46
DA:95,280
DA:96,280
DA:97,280
DA:98,485
DA:99,485
DA:100,485
DA:101,280
DA:102,280
DA:109,19
DA:110,19
DA:111,627
DA:112,855
DA:113,969
DA:114,741
DA:115,228
DA:116,969
DA:117,855
DA:118,19
DA:119,19
DA:120,836
DA:123,19
DA:124,19
DA:130,8
DA:131,256
DA:132,352
DA:133,400
DA:134,304
DA:135,96
DA:136,400
DA:137,352
DA:138,256
DA:139,8
DA:144,2
DA:145,2
DA:146,2
DA:150,7
DA:151,7
DA:152,7
DA:153,7
DA:154,7
DA:155,7
DA:156,7
DA:157,7
DA:158,7
BRF:0
BRH:0
LF:89
LH:84
end_of_record
SF:/var/home/jack/Code/koan/src/builtins/try_with.rs
FN:153,_RNCNvNtNtCsjkUEORhOIHz_4koan8builtins8try_with15dispatch_branch0B7_
FN:64,_RNCNvNtNtCsjkUEORhOIHz_4koan8builtins8try_with4body0B7_
FN:76,_RNvNtNtCsjkUEORhOIHz_4koan8builtins8try_with15dispatch_branch
FN:33,_RNvNtNtCsjkUEORhOIHz_4koan8builtins8try_with4body
FN:164,_RNvNtNtCsjkUEORhOIHz_4koan8builtins8try_with8register
FN:76,_RNvNtNtCs17lX60Qr81G_4koan8builtins8try_with15dispatch_branch
FN:33,_RNvNtNtCs17lX60Qr81G_4koan8builtins8try_with4body
FN:164,_RNvNtNtCs17lX60Qr81G_4koan8builtins8try_with8register
FN:153,_RNCNvNtNtCs17lX60Qr81G_4koan8builtins8try_with15dispatch_branch0B7_
FN:64,_RNCNvNtNtCs17lX60Qr81G_4koan8builtins8try_with4body0B7_
[...]
FN:423,_RNvNtNtNtCs17lX60Qr81G_4koan5parse6tokens5testss_28pure_symbol_token_is_keyword
FN:335,_RNvNtNtNtCs17lX60Qr81G_4koan5parse6tokens5testss_28scientific_number_is_literal
FN:341,_RNvNtNtNtCs17lX60Qr81G_4koan5parse6tokens5testss_30attr_wins_when_rhs_not_numeric
FN:440,_RNvNtNtNtCs17lX60Qr81G_4koan5parse6tokens5testss_31lowercase_leading_is_identifier
FN:391,_RNvNtNtNtCs17lX60Qr81G_4koan5parse6tokens5testss_34keyword_two_uppercase_no_lowercase
FN:399,_RNvNtNtNtCs17lX60Qr81G_4koan5parse6tokens5testss_35type_uppercase_first_with_lowercase
FN:407,_RNvNtNtNtCs17lX60Qr81G_4koan5parse6tokens5testss_38single_uppercase_letter_is_parse_error
FN:433,_RNvNtNtNtCs17lX60Qr81G_4koan5parse6tokens5testss_47ascription_compound_tokens_classify_as_keywords
FN:415,_RNvNtNtNtCs17lX60Qr81G_4koan5parse6tokens5testss_49uppercase_with_digits_no_lowercase_is_parse_error
FN:309,_RNvNtNtNtCs17lX60Qr81G_4koan5parse6tokens5testss_8negation
FN:57,_RNvNtNtCs17lX60Qr81G_4koan5parse6tokens11try_literal
FN:136,_RNvNtNtCs17lX60Qr81G_4koan5parse6tokens12is_type_name
FN:185,_RNvNtNtCs17lX60Qr81G_4koan5parse6tokens12trigger_span
FN:87,_RNvNtNtCs17lX60Qr81G_4koan5parse6tokens13classify_atom
FN:38,_RNvNtNtCs17lX60Qr81G_4koan5parse6tokens14classify_token
FN:151,_RNvNtNtCs17lX60Qr81G_4koan5parse6tokens14parse_compound
FN:193,_RNvNtNtCs17lX60Qr81G_4koan5parse6tokens9read_atom
FN:142,_RNCNvNtNtCs17lX60Qr81G_4koan5parse6tokens12is_type_name0B7_
FN:95,_RNCNvNtNtCs17lX60Qr81G_4koan5parse6tokens13classify_atom0B7_
FN:120,_RNCNvNtNtCs17lX60Qr81G_4koan5parse6tokens13classify_atoms0_0B7_
FN:110,_RNCNvNtNtCs17lX60Qr81G_4koan5parse6tokens13classify_atoms_0B7_
FN:28,_RNCNvNtNtCs17lX60Qr81G_4koan5parse6tokens5FLOAT0B7_
FN:228,_RNCNvNtNtCs17lX60Qr81G_4koan5parse6tokens9read_atoms_0B7_
FNDA:160,_RNCNvNtNtCsjkUEORhOIHz_4koan5parse6tokens12is_type_name0B7_
FNDA:873,_RNCNvNtNtCsjkUEORhOIHz_4koan5parse6tokens13classify_atom0B7_
FNDA:309,_RNCNvNtNtCsjkUEORhOIHz_4koan5parse6tokens13classify_atoms0_0B7_
FNDA:118,_RNCNvNtNtCsjkUEORhOIHz_4koan5parse6tokens13classify_atoms_0B7_
FNDA:6,_RNCNvNtNtCsjkUEORhOIHz_4koan5parse6tokens5FLOAT0B7_
FNDA:606,_RNCNvNtNtCsjkUEORhOIHz_4koan5parse6tokens9read_atoms_0B7_
FNDA:1237,_RNvNtNtCsjkUEORhOIHz_4koan5parse6tokens11try_literal
FNDA:278,_RNvNtNtCsjkUEORhOIHz_4koan5parse6tokens12is_type_name
FNDA:9,_RNvNtNtCsjkUEORhOIHz_4koan5parse6tokens12trigger_span
FNDA:606,_RNvNtNtCsjkUEORhOIHz_4koan5parse6tokens13classify_atom
FNDA:631,_RNvNtNtCsjkUEORhOIHz_4koan5parse6tokens14classify_token
FNDA:597,_RNvNtNtCsjkUEORhOIHz_4koan5parse6tokens14parse_compound
FNDA:606,_RNvNtNtCsjkUEORhOIHz_4koan5parse6tokens9read_atom
FNDA:27,_RNCNvNtNtNtCs17lX60Qr81G_4koan5parse6tokens5tests8classify0B9_
FNDA:8,_RNCNvNtNtNtCs17lX60Qr81G_4koan5parse6tokens5tests8classifys_0B9_
FNDA:38,_RNCNvNtNtNtCs17lX60Qr81G_4koan5parse6tokens5tests8describe0B9_
FNDA:0,_RNCNvNtNtNtCs17lX60Qr81G_4koan5parse6tokens5tests8describes0_0B9_
FNDA:0,_RNCNvNtNtNtCs17lX60Qr81G_4koan5parse6tokens5tests8describes_0B9_
FNDA:35,_RNvNtNtNtCs17lX60Qr81G_4koan5parse6tokens5tests8classify
FNDA:65,_RNvNtNtNtCs17lX60Qr81G_4koan5parse6tokens5tests8describe
FNDA:1,_RNvNtNtNtCs17lX60Qr81G_4koan5parse6tokens5testss_10plain_null
FNDA:1,_RNvNtNtNtCs17lX60Qr81G_4koan5parse6tokens5testss_10suffix_try
FNDA:1,_RNvNtNtNtCs17lX60Qr81G_4koan5parse6tokens5testss_11attr_access
FNDA:1,_RNvNtNtNtCs17lX60Qr81G_4koan5parse6tokens5testss_12plain_number
FNDA:1,_RNvNtNtNtCs17lX60Qr81G_4koan5parse6tokens5testss_13plain_boolean
FNDA:1,_RNvNtNtNtCs17lX60Qr81G_4koan5parse6tokens5testss_14chained_suffix
FNDA:1,_RNvNtNtNtCs17lX60Qr81G_4koan5parse6tokens5testss_15double_negation
FNDA:1,_RNvNtNtNtCs17lX60Qr81G_4koan5parse6tokens5testss_16bare_bang_errors
FNDA:1,_RNvNtNtNtCs17lX60Qr81G_4koan5parse6tokens5testss_16plain_identifier
FNDA:1,_RNvNtNtNtCs17lX60Qr81G_4koan5parse6tokens5testss_17suffix_after_attr
FNDA:1,_RNvNtNtNtCs17lX60Qr81G_4koan5parse6tokens5testss_18leading_dot_errors
FNDA:1,_RNvNtNtNtCs17lX60Qr81G_4koan5parse6tokens5testss_18negation_over_attr
FNDA:1,_RNvNtNtNtCs17lX60Qr81G_4koan5parse6tokens5testss_19chained_attr_access
FNDA:1,_RNvNtNtNtCs17lX60Qr81G_4koan5parse6tokens5testss_19dangling_dot_errors
FNDA:1,_RNvNtNtNtCs17lX60Qr81G_4koan5parse6tokens5testss_20negation_over_suffix
FNDA:1,_RNvNtNtNtCs17lX60Qr81G_4koan5parse6tokens5testss_21leading_suffix_errors
FNDA:1,_RNvNtNtNtCs17lX60Qr81G_4koan5parse6tokens5testss_25decimal_number_is_literal
FNDA:1,_RNvNtNtNtCs17lX60Qr81G_4koan5parse6tokens5testss_28pure_symbol_token_is_keyword
FNDA:1,_RNvNtNtNtCs17lX60Qr81G_4koan5parse6tokens5testss_28scientific_number_is_literal
FNDA:1,_RNvNtNtNtCs17lX60Qr81G_4koan5parse6tokens5testss_30attr_wins_when_rhs_not_numeric
FNDA:1,_RNvNtNtNtCs17lX60Qr81G_4koan5parse6tokens5testss_31lowercase_leading_is_identifier
FNDA:1,_RNvNtNtNtCs17lX60Qr81G_4koan5parse6tokens5testss_34keyword_two_uppercase_no_lowercase
FNDA:1,_RNvNtNtNtCs17lX60Qr81G_4koan5parse6tokens5testss_35type_uppercase_first_with_lowercase
FNDA:1,_RNvNtNtNtCs17lX60Qr81G_4koan5parse6tokens5testss_38single_uppercase_letter_is_parse_error
FNDA:1,_RNvNtNtNtCs17lX60Qr81G_4koan5parse6tokens5testss_47ascription_compound_tokens_classify_as_keywords
FNDA:1,_RNvNtNtNtCs17lX60Qr81G_4koan5parse6tokens5testss_49uppercase_with_digits_no_lowercase_is_parse_error
FNDA:1,_RNvNtNtNtCs17lX60Qr81G_4koan5parse6tokens5testss_8negation
FNDA:12056,_RNvNtNtCs17lX60Qr81G_4koan5parse6tokens11try_literal
FNDA:2759,_RNvNtNtCs17lX60Qr81G_4koan5parse6tokens12is_type_name
FNDA:57,_RNvNtNtCs17lX60Qr81G_4koan5parse6tokens12trigger_span
FNDA:5755,_RNvNtNtCs17lX60Qr81G_4koan5parse6tokens13classify_atom
FNDA:6301,_RNvNtNtCs17lX60Qr81G_4koan5parse6tokens14classify_token
FNDA:5714,_RNvNtNtCs17lX60Qr81G_4koan5parse6tokens14parse_compound
FNDA:5759,_RNvNtNtCs17lX60Qr81G_4koan5parse6tokens9read_atom
FNDA:1428,_RNCNvNtNtCs17lX60Qr81G_4koan5parse6tokens12is_type_name0B7_
FNDA:7784,_RNCNvNtNtCs17lX60Qr81G_4koan5parse6tokens13classify_atom0B7_
FNDA:3652,_RNCNvNtNtCs17lX60Qr81G_4koan5parse6tokens13classify_atoms0_0B7_
FNDA:1336,_RNCNvNtNtCs17lX60Qr81G_4koan5parse6tokens13classify_atoms_0B7_
FNDA:1,_RNCNvNtNtCs17lX60Qr81G_4koan5parse6tokens5FLOAT0B7_
FNDA:5748,_RNCNvNtNtCs17lX60Qr81G_4koan5parse6tokens9read_atoms_0B7_
FNF:47
FNH:45
DA:28,7
DA:29,7
DA:30,7
DA:38,6932
DA:39,6932
DA:40,6932
DA:41,621
DA:42,6311
DA:43,6311
DA:44,6311
DA:45,6300
DA:46,0
DA:47,0
DA:48,0
DA:49,0
DA:50,6300
DA:51,6300
DA:52,6932
DA:57,13293
DA:58,13293
DA:59,13293
DA:60,13239
DA:61,13222
DA:62,13211
DA:64,13211
DA:65,540
DA:66,540
DA:67,0
DA:68,12671
DA:69,12671
DA:70,13293
DA:87,6361
DA:88,6361
DA:89,1
DA:90,6360
DA:91,6360
DA:92,3323
DA:93,3037
DA:94,3037
DA:95,8657
DA:96,1
DA:97,1
DA:98,1
DA:99,1
DA:100,1
DA:101,1
DA:102,1
DA:103,1582
DA:104,1582
DA:105,1454
DA:110,1454
DA:111,4
DA:112,4
DA:113,4
DA:114,4
DA:115,4
DA:116,4
DA:117,4
DA:118,4
DA:119,1450
DA:120,3961
DA:121,2
DA:122,2
DA:123,2
DA:124,2
DA:125,2
DA:126,2
DA:127,2
DA:128,1448
DA:129,1448
DA:130,6361
DA:136,3037
DA:137,3037
DA:138,3037
DA:139,3037
DA:140,1450
DA:141,1587
DA:142,1588
DA:143,3037
DA:151,6311
DA:152,6311
DA:153,6311
DA:154,6311
DA:155,6311
DA:156,6311
DA:157,6318
DA:158,6317
DA:159,7
DA:160,7
DA:161,7
DA:164,6311
DA:166,6359
DA:167,59
DA:168,59
DA:169,59
DA:170,59
DA:171,54
DA:172,54
DA:173,53
DA:175,5
DA:179,6300
DA:180,6
DA:181,6
DA:182,6300
DA:183,6311
DA:185,66
DA:186,66
DA:187,66
DA:188,66
DA:193,6365
DA:194,6365
DA:195,6365
DA:196,6365
DA:197,6365
DA:198,6365
DA:199,6363
DA:201,2
DA:202,2
DA:203,2
DA:204,2
DA:207,6363
DA:208,6363
DA:209,28918
DA:210,22615
DA:211,60
DA:212,22555
DA:213,22555
DA:214,22555
DA:215,22555
DA:217,6363
DA:218,2
DA:219,2
DA:220,2
DA:221,2
DA:222,2
DA:223,6361
DA:224,6361
DA:225,6361
DA:226,6361
DA:227,6361
DA:228,6361
DA:229,6365
DA:236,65
DA:237,7
DA:238,21
DA:239,18
DA:240,3
DA:241,16
DA:242,38
DA:243,16
DA:245,0
DA:246,0
DA:247,0
DA:249,0
DA:250,5
DA:251,1
DA:252,1
DA:253,0
DA:254,0
DA:255,0
DA:256,0
DA:258,0
DA:259,0
DA:260,0
DA:261,0
DA:262,0
DA:263,0
DA:266,65
DA:268,35
DA:269,35
DA:270,35
DA:271,35
DA:272,35
DA:275,1
DA:276,1
DA:277,1
DA:280,1
DA:281,1
DA:282,1
DA:285,1
DA:286,1
DA:287,1
DA:290,1
DA:291,1
DA:292,1
DA:295,1
DA:296,1
DA:297,1
DA:300,1
DA:301,1
DA:302,1
DA:305,1
DA:309,1
DA:310,1
DA:311,1
DA:314,1
DA:315,1
DA:316,1
DA:319,1
DA:322,1
DA:323,1
DA:324,1
DA:327,1
DA:330,1
DA:331,1
DA:332,1
DA:335,1
DA:336,1
DA:337,1
DA:338,1
DA:341,1
DA:342,1
DA:343,1
DA:346,1
DA:347,1
DA:348,1
DA:351,1
DA:352,1
DA:353,1
DA:356,1
DA:357,1
DA:358,1
DA:361,1
DA:362,1
DA:363,1
DA:366,1
DA:367,1
DA:368,1
DA:371,1
DA:372,1
DA:373,1
DA:376,1
DA:379,1
DA:380,1
DA:381,1
DA:384,1
DA:385,1
DA:386,1
DA:391,1
DA:393,1
DA:394,1
DA:395,1
DA:396,1
DA:399,1
DA:401,1
DA:402,1
DA:403,1
DA:404,1
DA:407,1
DA:409,1
DA:410,1
DA:411,1
DA:412,1
DA:415,1
DA:419,1
DA:420,1
DA:423,1
DA:428,1
DA:429,1
DA:430,1
DA:433,1
DA:435,1
DA:436,1
DA:437,1
DA:440,1
DA:441,1
DA:442,1
DA:443,1
BRF:0
BRH:0
LF:278
LH:257
end_of_record
SF:/var/home/jack/Code/koan/src/parse/triple_list.rs
FN:72,_RINvNtNtCsjkUEORhOIHz_4koan5parse11triple_list15parse_pair_listNtNtNtNtNtB6_7machine5model5types5ktype5KTypeNCNvNtB13_16typed_field_list37parse_typed_field_list_via_elaborator0EB6_
FN:22,_RINvNtNtCsjkUEORhOIHz_4koan5parse11triple_list25parse_keyword_triple_listNtNtNtNtB6_7machine5model3ast14ExpressionPartNCNvNtNtB1d_6values11named_pairs23parse_named_value_pairss_0EB6_
FN:96,_RNCINvNtNtCsjkUEORhOIHz_4koan5parse11triple_list15parse_pair_listNtNtNtNtNtB8_7machine5model5types5ktype5KTypeNCNvNtB15_16typed_field_list37parse_typed_field_list_via_elaborator0E0B8_
FN:56,_RNCINvNtNtCsjkUEORhOIHz_4koan5parse11triple_list25parse_keyword_triple_listNtNtNtNtB8_7machine5model3ast14ExpressionPartNCNvNtNtB1f_6values11named_pairs23parse_named_value_pairss_0E0B8_
FN:72,_RINvNtNtCs17lX60Qr81G_4koan5parse11triple_list15parse_pair_listNtNtNtNtNtB6_7machine5model5types5ktype5KTypeNCNvNtB13_16typed_field_list37parse_typed_field_list_via_elaborator0EB6_
FN:22,_RINvNtNtCs17lX60Qr81G_4koan5parse11triple_list25parse_keyword_triple_listNtNtNtNtB6_7machine5model3ast14ExpressionPartNCNvNtNtB1d_6values11named_pairs23parse_named_value_pairss_0EB6_
FN:96,_RNCINvNtNtCs17lX60Qr81G_4koan5parse11triple_list15parse_pair_listNtNtNtNtNtB8_7machine5model5types5ktype5KTypeNCNvNtB15_16typed_field_list37parse_typed_field_list_via_elaborator0E0B8_
FN:56,_RNCINvNtNtCs17lX60Qr81G_4koan5parse11triple_list25parse_keyword_triple_listNtNtNtNtB8_7machine5model3ast14ExpressionPartNCNvNtNtB1f_6values11named_pairs23parse_named_value_pairss_0E0B8_
FNDA:7,_RINvNtNtCsjkUEORhOIHz_4koan5parse11triple_list15parse_pair_listNtNtNtNtNtB6_7machine5model5types5ktype5KTypeNCNvNtB13_16typed_field_list37parse_typed_field_list_via_elaborator0EB6_
FNDA:3,_RINvNtNtCsjkUEORhOIHz_4koan5parse11triple_list25parse_keyword_triple_listNtNtNtNtB6_7machine5model3ast14ExpressionPartNCNvNtNtB1d_6values11named_pairs23parse_named_value_pairss_0EB6_
FNDA:4,_RNCINvNtNtCsjkUEORhOIHz_4koan5parse11triple_list15parse_pair_listNtNtNtNtNtB8_7machine5model5types5ktype5KTypeNCNvNtB15_16typed_field_list37parse_typed_field_list_via_elaborator0E0B8_
FNDA:2,_RNCINvNtNtCsjkUEORhOIHz_4koan5parse11triple_list25parse_keyword_triple_listNtNtNtNtB8_7machine5model3ast14ExpressionPartNCNvNtNtB1f_6values11named_pairs23parse_named_value_pairss_0E0B8_
FNDA:89,_RINvNtNtCs17lX60Qr81G_4koan5parse11triple_list15parse_pair_listNtNtNtNtNtB6_7machine5model5types5ktype5KTypeNCNvNtB13_16typed_field_list37parse_typed_field_list_via_elaborator0EB6_
FNDA:50,_RINvNtNtCs17lX60Qr81G_4koan5parse11triple_list25parse_keyword_triple_listNtNtNtNtB6_7machine5model3ast14ExpressionPartNCNvNtNtB1d_6values11named_pairs23parse_named_value_pairss_0EB6_
FNDA:62,_RNCINvNtNtCs17lX60Qr81G_4koan5parse11triple_list15parse_pair_listNtNtNtNtNtB8_7machine5model5types5ktype5KTypeNCNvNtB15_16typed_field_list37parse_typed_field_list_via_elaborator0E0B8_
FNDA:39,_RNCINvNtNtCs17lX60Qr81G_4koan5parse11triple_list25parse_keyword_triple_listNtNtNtNtB8_7machine5model3ast14ExpressionPartNCNvNtNtB1f_6values11named_pairs23parse_named_value_pairss_0E0B8_
FNF:4
FNH:4
DA:22,53
DA:23,53
DA:24,53
DA:25,53
DA:26,53
DA:27,53
DA:28,53
DA:29,53
DA:30,3
DA:31,3
DA:32,3
DA:33,3
DA:34,50
DA:35,50
DA:36,50
DA:37,131
DA:38,86
DA:39,85
DA:40,1
DA:41,1
DA:42,1
DA:43,1
DA:44,1
DA:47,85
DA:48,84
DA:49,1
DA:50,1
DA:51,1
DA:52,1
DA:53,1
DA:56,84
DA:57,3
DA:58,81
DA:59,81
DA:60,81
DA:61,81
DA:63,45
DA:64,53
DA:72,96
DA:73,96
DA:74,96
DA:75,96
DA:76,96
DA:77,96
DA:78,96
DA:79,2
DA:80,2
DA:81,2
DA:82,2
DA:83,94
DA:84,94
DA:85,94
DA:86,246
DA:87,157
DA:88,157
DA:89,0
DA:90,0
DA:91,0
DA:92,0
DA:93,0
DA:96,157
DA:97,2
DA:98,155
DA:99,155
DA:100,152
DA:101,152
DA:103,89
DA:104,96
BRF:0
BRH:0
LF:70
LH:65
end_of_record
SF:/var/home/jack/Code/koan/src/parse/whitespace.rs
FN:74,_RNCNvNtNtCsjkUEORhOIHz_4koan5parse10whitespace12collapse_str0B7_
FN:167,_RNCNvNtNtCsjkUEORhOIHz_4koan5parse10whitespace12collapse_strs0_0B7_
FN:75,_RNCNvNtNtCsjkUEORhOIHz_4koan5parse10whitespace12collapse_strs_0B7_
FN:295,_RNCNvNtNtCsjkUEORhOIHz_4koan5parse10whitespace16line_delim_delta0B7_
FN:296,_RNCNvNtNtCsjkUEORhOIHz_4koan5parse10whitespace16line_delim_deltas_0B7_
FN:304,_RNCNvNtNtCsjkUEORhOIHz_4koan5parse10whitespace16line_paren_delta0B7_
FN:305,_RNCNvNtNtCsjkUEORhOIHz_4koan5parse10whitespace16line_paren_deltas_0B7_
FN:52,_RNCNvNtNtCsjkUEORhOIHz_4koan5parse10whitespace19collapse_whitespace0B7_
FN:267,_RNCNvNtNtCsjkUEORhOIHz_4koan5parse10whitespace19walk_content_cursor0B7_
FN:268,_RNCNvNtNtCsjkUEORhOIHz_4koan5parse10whitespace19walk_content_cursors_0B7_
FN:56,_RNvNtNtCsjkUEORhOIHz_4koan5parse10whitespace12collapse_str
FN:313,_RNvNtNtCsjkUEORhOIHz_4koan5parse10whitespace13adjust_parens
FN:294,_RNvNtNtCsjkUEORhOIHz_4koan5parse10whitespace16line_delim_delta
FN:303,_RNvNtNtCsjkUEORhOIHz_4koan5parse10whitespace16line_paren_delta
FN:50,_RNvNtNtCsjkUEORhOIHz_4koan5parse10whitespace19collapse_whitespace
FN:248,_RNvNtNtCsjkUEORhOIHz_4koan5parse10whitespace19walk_content_cursor
FN:238,_RNvNtNtCsjkUEORhOIHz_4koan5parse10whitespace9emit_jump
FN:74,_RNCNvNtNtCs17lX60Qr81G_4koan5parse10whitespace12collapse_str0B7_
FN:167,_RNCNvNtNtCs17lX60Qr81G_4koan5parse10whitespace12collapse_strs0_0B7_
FN:75,_RNCNvNtNtCs17lX60Qr81G_4koan5parse10whitespace12collapse_strs_0B7_
FN:295,_RNCNvNtNtCs17lX60Qr81G_4koan5parse10whitespace16line_delim_delta0B7_
FN:296,_RNCNvNtNtCs17lX60Qr81G_4koan5parse10whitespace16line_delim_deltas_0B7_
FN:304,_RNCNvNtNtCs17lX60Qr81G_4koan5parse10whitespace16line_paren_delta0B7_
FN:305,_RNCNvNtNtCs17lX60Qr81G_4koan5parse10whitespace16line_paren_deltas_0B7_
FN:52,_RNCNvNtNtCs17lX60Qr81G_4koan5parse10whitespace19collapse_whitespace0B7_
FN:267,_RNCNvNtNtCs17lX60Qr81G_4koan5parse10whitespace19walk_content_cursor0B7_
FN:268,_RNCNvNtNtCs17lX60Qr81G_4koan5parse10whitespace19walk_content_cursors_0B7_
FN:56,_RNvNtNtCs17lX60Qr81G_4koan5parse10whitespace12collapse_str
FN:313,_RNvNtNtCs17lX60Qr81G_4koan5parse10whitespace13adjust_parens
FN:294,_RNvNtNtCs17lX60Qr81G_4koan5parse10whitespace16line_delim_delta
FN:303,_RNvNtNtCs17lX60Qr81G_4koan5parse10whitespace16line_paren_delta
FN:50,_RNvNtNtCs17lX60Qr81G_4koan5parse10whitespace19collapse_whitespace
FN:248,_RNvNtNtCs17lX60Qr81G_4koan5parse10whitespace19walk_content_cursor
FN:238,_RNvNtNtCs17lX60Qr81G_4koan5parse10whitespace9emit_jump
FNDA:3070,_RNCNvNtNtCsjkUEORhOIHz_4koan5parse10whitespace12collapse_str0B7_
FNDA:0,_RNCNvNtNtCsjkUEORhOIHz_4koan5parse10whitespace12collapse_strs0_0B7_
FNDA:55,_RNCNvNtNtCsjkUEORhOIHz_4koan5parse10whitespace12collapse_strs_0B7_
FNDA:3015,_RNCNvNtNtCsjkUEORhOIHz_4koan5parse10whitespace16line_delim_delta0B7_
FNDA:3015,_RNCNvNtNtCsjkUEORhOIHz_4koan5parse10whitespace16line_delim_deltas_0B7_
FNDA:3015,_RNCNvNtNtCsjkUEORhOIHz_4koan5parse10whitespace16line_paren_delta0B7_
FNDA:3015,_RNCNvNtNtCsjkUEORhOIHz_4koan5parse10whitespace16line_paren_deltas_0B7_
FNDA:0,_RNCNvNtNtCsjkUEORhOIHz_4koan5parse10whitespace19collapse_whitespace0B7_
FNDA:1,_RNCNvNtNtCsjkUEORhOIHz_4koan5parse10whitespace19walk_content_cursor0B7_
FNDA:0,_RNCNvNtNtCsjkUEORhOIHz_4koan5parse10whitespace19walk_content_cursors_0B7_
FNDA:40,_RNvNtNtCsjkUEORhOIHz_4koan5parse10whitespace12collapse_str
FNDA:95,_RNvNtNtCsjkUEORhOIHz_4koan5parse10whitespace13adjust_parens
FNDA:95,_RNvNtNtCsjkUEORhOIHz_4koan5parse10whitespace16line_delim_delta
FNDA:95,_RNvNtNtCsjkUEORhOIHz_4koan5parse10whitespace16line_paren_delta
FNDA:40,_RNvNtNtCsjkUEORhOIHz_4koan5parse10whitespace19collapse_whitespace
FNDA:95,_RNvNtNtCsjkUEORhOIHz_4koan5parse10whitespace19walk_content_cursor
FNDA:190,_RNvNtNtCsjkUEORhOIHz_4koan5parse10whitespace9emit_jump
FNDA:31845,_RNCNvNtNtCs17lX60Qr81G_4koan5parse10whitespace12collapse_str0B7_
FNDA:129,_RNCNvNtNtCs17lX60Qr81G_4koan5parse10whitespace12collapse_strs0_0B7_
FNDA:424,_RNCNvNtNtCs17lX60Qr81G_4koan5parse10whitespace12collapse_strs_0B7_
FNDA:31137,_RNCNvNtNtCs17lX60Qr81G_4koan5parse10whitespace16line_delim_delta0B7_
FNDA:31137,_RNCNvNtNtCs17lX60Qr81G_4koan5parse10whitespace16line_delim_deltas_0B7_
FNDA:31159,_RNCNvNtNtCs17lX60Qr81G_4koan5parse10whitespace16line_paren_delta0B7_
FNDA:31159,_RNCNvNtNtCs17lX60Qr81G_4koan5parse10whitespace16line_paren_deltas_0B7_
FNDA:0,_RNCNvNtNtCs17lX60Qr81G_4koan5parse10whitespace19collapse_whitespace0B7_
FNDA:169,_RNCNvNtNtCs17lX60Qr81G_4koan5parse10whitespace19walk_content_cursor0B7_
FNDA:0,_RNCNvNtNtCs17lX60Qr81G_4koan5parse10whitespace19walk_content_cursors_0B7_
FNDA:848,_RNvNtNtCs17lX60Qr81G_4koan5parse10whitespace12collapse_str
FNDA:1240,_RNvNtNtCs17lX60Qr81G_4koan5parse10whitespace13adjust_parens
FNDA:1240,_RNvNtNtCs17lX60Qr81G_4koan5parse10whitespace16line_delim_delta
FNDA:1247,_RNvNtNtCs17lX60Qr81G_4koan5parse10whitespace16line_paren_delta
FNDA:848,_RNvNtNtCs17lX60Qr81G_4koan5parse10whitespace19collapse_whitespace
FNDA:1247,_RNvNtNtCs17lX60Qr81G_4koan5parse10whitespace19walk_content_cursor
FNDA:2422,_RNvNtNtCs17lX60Qr81G_4koan5parse10whitespace9emit_jump
FNF:17
FNH:15
DA:50,888
DA:51,888
DA:52,888
DA:53,888
DA:54,888
DA:56,888
DA:57,888
DA:58,888
DA:59,888
DA:60,888
DA:61,888
DA:64,888
DA:66,888
DA:67,888
DA:68,888
DA:69,888
DA:71,2247
DA:72,1366
DA:73,1366
DA:74,34915
DA:75,1366
DA:76,1366
DA:78,1366
DA:79,1366
DA:80,1366
DA:81,1366
DA:83,1366
DA:85,1366
DA:89,24
DA:90,24
DA:91,24
DA:92,8
DA:94,16
DA:96,24
DA:97,24
DA:98,1342
DA:100,1342
DA:102,1342
DA:103,1342
DA:105,1342
DA:106,1342
DA:108,1342
DA:109,1342
DA:131,1342
DA:132,54
DA:133,54
DA:134,1288
DA:137,1288
DA:138,16
DA:142,7
DA:143,1
DA:144,1
DA:145,1
DA:146,1
DA:147,1
DA:148,6
DA:149,6
DA:150,6
DA:151,9
DA:152,9
DA:156,1
DA:157,1
DA:158,1
DA:159,1
DA:160,1
DA:161,1
DA:162,8
DA:165,1272
DA:167,1280
DA:168,3
DA:169,3
DA:170,3
DA:171,3
DA:172,3
DA:173,1277
DA:174,1277
DA:175,2
DA:176,2
DA:177,2
DA:178,2
DA:179,2
DA:180,1275
DA:182,1643
DA:183,406
DA:184,368
DA:185,368
DA:186,368
DA:187,368
DA:188,38
DA:194,1275
DA:195,389
DA:196,886
DA:202,1275
DA:203,1275
DA:204,11
DA:205,11
DA:206,11
DA:207,11
DA:208,11
DA:209,1264
DA:210,1264
DA:211,1264
DA:212,1264
DA:213,1264
DA:215,1275
DA:216,1275
DA:217,1275
DA:218,1275
DA:219,1275
DA:221,1275
DA:222,1275
DA:223,439
DA:225,836
DA:227,1275
DA:230,1779
DA:231,898
DA:232,898
DA:233,898
DA:235,881
DA:236,888
DA:238,2612
DA:239,2612
DA:240,2612
DA:241,2612
DA:242,2612
DA:248,1342
DA:249,1342
DA:250,1342
DA:251,34448
DA:252,33106
DA:253,33106
DA:254,170
DA:255,170
DA:256,547
DA:257,377
DA:258,377
DA:259,170
DA:260,0
DA:261,170
DA:262,170
DA:263,0
DA:264,170
DA:265,170
DA:266,170
DA:267,170
DA:268,170
DA:269,170
DA:270,32936
DA:271,170
DA:272,340
DA:273,170
DA:274,170
DA:275,170
DA:276,0
DA:277,170
DA:278,170
DA:279,351
DA:280,181
DA:281,181
DA:282,170
DA:283,32766
DA:284,32766
DA:285,32766
DA:286,32766
DA:288,1342
DA:289,1342
DA:294,1335
DA:295,34152
DA:296,34152
DA:297,1335
DA:298,1335
DA:303,1342
DA:304,34174
DA:305,34174
DA:306,1342
DA:307,1342
DA:313,1335
DA:314,1335
DA:315,10
DA:316,10
DA:317,10
DA:319,1325
DA:320,8
DA:321,8
DA:323,1335
BRF:0
BRH:0
LF:195
LH:190
end_of_record