SF:/var/home/jack/Code/koan/src/builtins.rs
FN:113,_RNvNtCscUx3zdyuqfq_4koan8builtins13default_scope
FN:64,_RNvNtCscUx3zdyuqfq_4koan8builtins16register_builtin
FN:88,_RNvNtCscUx3zdyuqfq_4koan8builtins21register_builtin_full
FN:75,_RNvNtCscUx3zdyuqfq_4koan8builtins28register_builtin_with_binder
FN:40,_RNvNtCscUx3zdyuqfq_4koan8builtins2kw
FN:45,_RNvNtCscUx3zdyuqfq_4koan8builtins3arg
FN:35,_RNvNtCscUx3zdyuqfq_4koan8builtins3err
FN:54,_RNvNtCscUx3zdyuqfq_4koan8builtins3sig
FN:113,_RNvNtCseriWsCb5ev6_4koan8builtins13default_scope
FN:64,_RNvNtCseriWsCb5ev6_4koan8builtins16register_builtin
FN:88,_RNvNtCseriWsCb5ev6_4koan8builtins21register_builtin_full
FN:75,_RNvNtCseriWsCb5ev6_4koan8builtins28register_builtin_with_binder
FN:40,_RNvNtCseriWsCb5ev6_4koan8builtins2kw
FN:45,_RNvNtCseriWsCb5ev6_4koan8builtins3arg
FN:35,_RNvNtCseriWsCb5ev6_4koan8builtins3err
FN:54,_RNvNtCseriWsCb5ev6_4koan8builtins3sig
FNDA:42,_RNvNtCscUx3zdyuqfq_4koan8builtins13default_scope
FNDA:1008,_RNvNtCscUx3zdyuqfq_4koan8builtins16register_builtin
FNDA:1638,_RNvNtCscUx3zdyuqfq_4koan8builtins21register_builtin_full
FNDA:1428,_RNvNtCscUx3zdyuqfq_4koan8builtins28register_builtin_with_binder
FNDA:2856,_RNvNtCscUx3zdyuqfq_4koan8builtins2kw
FNDA:3276,_RNvNtCscUx3zdyuqfq_4koan8builtins3arg
FNDA:1,_RNvNtCscUx3zdyuqfq_4koan8builtins3err
FNDA:1638,_RNvNtCscUx3zdyuqfq_4koan8builtins3sig
FNDA:492,_RNvNtCseriWsCb5ev6_4koan8builtins13default_scope
FNDA:11832,_RNvNtCseriWsCb5ev6_4koan8builtins16register_builtin
FNDA:19213,_RNvNtCseriWsCb5ev6_4koan8builtins21register_builtin_full
FNDA:16753,_RNvNtCseriWsCb5ev6_4koan8builtins28register_builtin_with_binder
FNDA:33456,_RNvNtCseriWsCb5ev6_4koan8builtins2kw
FNDA:38376,_RNvNtCseriWsCb5ev6_4koan8builtins3arg
FNDA:54,_RNvNtCseriWsCb5ev6_4koan8builtins3err
FNDA:19188,_RNvNtCseriWsCb5ev6_4koan8builtins3sig
FNF:8
FNH:8
DA:35,55
DA:36,55
DA:37,55
DA:40,36312
DA:41,36312
DA:42,36312
DA:45,41652
DA:46,41652
DA:47,41652
DA:48,41652
DA:49,41652
DA:50,41652
DA:54,20826
DA:55,20826
DA:56,20826
DA:57,20826
DA:58,20826
DA:59,20826
DA:60,20826
DA:61,20826
DA:62,20826
DA:64,12840
DA:65,12840
DA:66,12840
DA:67,12840
DA:68,12840
DA:69,12840
DA:70,12840
DA:71,12840
DA:75,18181
DA:76,18181
DA:77,18181
DA:78,18181
DA:79,18181
DA:80,18181
DA:81,18181
DA:82,18181
DA:83,18181
DA:88,20851
DA:89,20851
DA:90,20851
DA:91,20851
DA:92,20851
DA:93,20851
DA:94,20851
DA:95,20851
DA:96,20851
DA:97,20851
DA:98,20851
DA:99,20851
DA:100,20851
DA:101,20851
DA:102,20851
DA:103,20851
DA:104,20851
DA:105,20851
DA:106,20851
DA:107,20851
DA:108,20851
DA:113,534
DA:114,534
DA:115,534
DA:116,534
DA:117,534
DA:119,534
DA:120,534
DA:121,534
DA:122,534
DA:123,534
DA:124,534
DA:125,534
DA:128,534
DA:129,534
DA:130,534
DA:133,534
DA:134,534
DA:135,534
DA:138,534
DA:141,534
DA:142,534
DA:143,534
DA:144,534
DA:145,534
DA:148,534
DA:149,534
DA:150,534
DA:151,534
DA:154,534
DA:156,534
DA:157,534
DA:158,534
DA:159,534
DA:160,534
DA:161,534
DA:162,534
DA:163,534
DA:164,534
DA:165,534
DA:166,534
DA:167,534
DA:168,534
DA:169,534
DA:170,534
DA:171,534
DA:172,534
DA:173,534
DA:174,534
DA:175,534
DA:176,534
DA:177,534
DA:179,534
DA:180,534
BRF:0
BRH:0
LF:112
LH:112
end_of_record
SF:/var/home/jack/Code/koan/src/builtins/ascribe.rs
FN:17,_RNvNtNtCscUx3zdyuqfq_4koan8builtins7ascribe11body_opaque
FN:163,_RNvNtNtCscUx3zdyuqfq_4koan8builtins7ascribe11shape_check
FN:136,_RNvNtNtCscUx3zdyuqfq_4koan8builtins7ascribe16body_transparent
FN:215,_RNvNtNtCscUx3zdyuqfq_4koan8builtins7ascribe21is_abstract_type_name
FN:201,_RNvNtNtCscUx3zdyuqfq_4koan8builtins7ascribe22abstract_type_names_of
FN:226,_RNvNtNtCscUx3zdyuqfq_4koan8builtins7ascribe28resolve_module_and_signature
FN:240,_RNvNtNtCscUx3zdyuqfq_4koan8builtins7ascribe8register
FN:223,_RNCNvNtNtCscUx3zdyuqfq_4koan8builtins7ascribe21is_abstract_type_name0B7_
FN:223,_RNCNvNtNtCseriWsCb5ev6_4koan8builtins7ascribe21is_abstract_type_name0B7_
FN:17,_RNvNtNtCseriWsCb5ev6_4koan8builtins7ascribe11body_opaque
FN:163,_RNvNtNtCseriWsCb5ev6_4koan8builtins7ascribe11shape_check
FN:136,_RNvNtNtCseriWsCb5ev6_4koan8builtins7ascribe16body_transparent
FN:215,_RNvNtNtCseriWsCb5ev6_4koan8builtins7ascribe21is_abstract_type_name
FN:201,_RNvNtNtCseriWsCb5ev6_4koan8builtins7ascribe22abstract_type_names_of
FN:226,_RNvNtNtCseriWsCb5ev6_4koan8builtins7ascribe28resolve_module_and_signature
FN:240,_RNvNtNtCseriWsCb5ev6_4koan8builtins7ascribe8register
FNDA:1,_RNvNtNtCscUx3zdyuqfq_4koan8builtins7ascribe11body_opaque
FNDA:5,_RNvNtNtCscUx3zdyuqfq_4koan8builtins7ascribe11shape_check
FNDA:4,_RNvNtNtCscUx3zdyuqfq_4koan8builtins7ascribe16body_transparent
FNDA:21,_RNvNtNtCscUx3zdyuqfq_4koan8builtins7ascribe21is_abstract_type_name
FNDA:6,_RNvNtNtCscUx3zdyuqfq_4koan8builtins7ascribe22abstract_type_names_of
FNDA:5,_RNvNtNtCscUx3zdyuqfq_4koan8builtins7ascribe28resolve_module_and_signature
FNDA:42,_RNvNtNtCscUx3zdyuqfq_4koan8builtins7ascribe8register
FNDA:0,_RNCNvNtNtCscUx3zdyuqfq_4koan8builtins7ascribe21is_abstract_type_name0B7_
FNDA:0,_RNCNvNtNtCseriWsCb5ev6_4koan8builtins7ascribe21is_abstract_type_name0B7_
FNDA:19,_RNvNtNtCseriWsCb5ev6_4koan8builtins7ascribe11body_opaque
FNDA:37,_RNvNtNtCseriWsCb5ev6_4koan8builtins7ascribe11shape_check
FNDA:18,_RNvNtNtCseriWsCb5ev6_4koan8builtins7ascribe16body_transparent
FNDA:121,_RNvNtNtCseriWsCb5ev6_4koan8builtins7ascribe21is_abstract_type_name
FNDA:64,_RNvNtNtCseriWsCb5ev6_4koan8builtins7ascribe22abstract_type_names_of
FNDA:37,_RNvNtNtCseriWsCb5ev6_4koan8builtins7ascribe28resolve_module_and_signature
FNDA:492,_RNvNtNtCseriWsCb5ev6_4koan8builtins7ascribe8register
FNF:8
FNH:7
DA:17,20
DA:18,20
DA:19,20
DA:20,20
DA:21,20
DA:22,20
DA:23,20
DA:24,0
DA:27,20
DA:28,20
DA:29,20
DA:30,20
DA:33,20
DA:34,20
DA:35,0
DA:36,20
DA:38,20
DA:42,20
DA:44,20
DA:45,20
DA:50,13
DA:51,3
DA:52,3
DA:55,3
DA:56,3
DA:57,3
DA:59,0
DA:63,3
DA:64,3
DA:65,3
DA:66,3
DA:68,3
DA:69,3
DA:70,3
DA:71,3
DA:72,3
DA:73,3
DA:74,3
DA:75,3
DA:76,3
DA:78,10
DA:79,10
DA:80,10
DA:81,10
DA:83,13
DA:86,20
DA:87,13
DA:88,13
DA:89,13
DA:90,13
DA:91,7
DA:100,20
DA:101,20
DA:102,20
DA:105,3
DA:106,3
DA:108,3
DA:109,3
DA:110,3
DA:111,14
DA:113,20
DA:114,20
DA:115,3
DA:116,3
DA:117,3
DA:118,3
DA:119,17
DA:122,20
DA:123,2
DA:124,18
DA:126,18
DA:128,18
DA:129,18
DA:130,18
DA:131,18
DA:132,18
DA:133,20
DA:136,22
DA:137,22
DA:138,22
DA:139,22
DA:140,22
DA:141,22
DA:142,22
DA:143,0
DA:145,22
DA:146,0
DA:147,22
DA:149,22
DA:150,22
DA:151,22
DA:152,22
DA:153,22
DA:154,22
DA:155,22
DA:156,22
DA:157,22
DA:158,22
DA:159,22
DA:160,22
DA:163,42
DA:164,42
DA:165,42
DA:166,42
DA:167,42
DA:168,42
DA:169,42
DA:170,42
DA:171,42
DA:172,42
DA:173,42
DA:174,42
DA:175,42
DA:176,42
DA:177,42
DA:178,42
DA:179,42
DA:180,42
DA:181,42
DA:182,42
DA:183,42
DA:184,42
DA:185,39
DA:186,0
DA:187,39
DA:188,39
DA:189,2
DA:190,2
DA:191,2
DA:192,2
DA:193,37
DA:195,40
DA:196,42
DA:201,70
DA:202,70
DA:203,70
DA:204,70
DA:205,70
DA:206,64
DA:207,0
DA:208,64
DA:210,70
DA:211,70
DA:215,142
DA:216,142
DA:217,142
DA:218,0
DA:220,142
DA:221,142
DA:222,0
DA:223,0
DA:224,142
DA:226,42
DA:227,42
DA:228,42
DA:229,42
DA:230,42
DA:231,42
DA:232,42
DA:233,42
DA:234,42
DA:235,42
DA:236,42
DA:237,42
DA:238,42
DA:240,534
DA:244,534
DA:245,534
DA:246,534
DA:247,534
DA:248,534
DA:249,534
DA:250,534
DA:251,534
DA:252,534
DA:255,534
DA:257,534
DA:258,534
DA:259,534
DA:260,534
DA:261,534
DA:262,534
DA:263,534
DA:264,534
DA:265,534
DA:268,534
DA:270,534
BRF:0
BRH:0
LF:188
LH:177
end_of_record
SF:/var/home/jack/Code/koan/src/builtins/attr.rs
FN:136,_RNvNtNtCscUx3zdyuqfq_4koan8builtins4attr11body_module
FN:176,_RNvNtNtCscUx3zdyuqfq_4koan8builtins4attr12access_field
FN:120,_RNvNtNtCscUx3zdyuqfq_4koan8builtins4attr12body_newtype
FN:76,_RNvNtNtCscUx3zdyuqfq_4koan8builtins4attr13body_type_lhs
FN:22,_RNvNtNtCscUx3zdyuqfq_4koan8builtins4attr15body_identifier
FN:162,_RNvNtNtCscUx3zdyuqfq_4koan8builtins4attr15read_field_name
FN:248,_RNvNtNtCscUx3zdyuqfq_4koan8builtins4attr20access_module_member
FN:276,_RNvNtNtCscUx3zdyuqfq_4koan8builtins4attr8register
FN:414,_RNvNtNtNtCseriWsCb5ev6_4koan8builtins4attr5testss_24attr_unbound_name_errors
FN:441,_RNvNtNtNtCseriWsCb5ev6_4koan8builtins4attr5testss_25attr_unknown_field_errors
FN:425,_RNvNtNtNtCseriWsCb5ev6_4koan8builtins4attr5testss_31attr_on_non_struct_value_errors
FN:457,_RNvNtNtNtCseriWsCb5ev6_4koan8builtins4attr5testss_33attr_chained_unknown_field_errors
FN:398,_RNvNtNtNtCseriWsCb5ev6_4koan8builtins4attr5testss_34attr_chained_through_nested_struct
FN:374,_RNvNtNtNtCseriWsCb5ev6_4koan8builtins4attr5testss_34attr_reads_field_from_named_struct
FN:386,_RNvNtNtNtCseriWsCb5ev6_4koan8builtins4attr5testss_35attr_reads_each_field_independently
FN:494,_RNvNtNtNtCseriWsCb5ev6_4koan8builtins4attr5testss_39access_field_rejects_wrapped_non_struct
FN:538,_RNvNtNtNtCseriWsCb5ev6_4koan8builtins4attr5testss_41transparent_view_slot_read_stays_concrete
FN:517,_RNvNtNtNtCseriWsCb5ev6_4koan8builtins4attr5testss_48opaque_view_slot_read_re_tags_with_abstract_type
FN:478,_RNvNtNtNtCseriWsCb5ev6_4koan8builtins4attr5testss_49access_field_falls_through_wrapped_record_newtype
FN:559,_RNvNtNtNtCseriWsCb5ev6_4koan8builtins4attr5testss_53access_field_falls_through_wrapped_with_missing_field
FN:136,_RNvNtNtCseriWsCb5ev6_4koan8builtins4attr11body_module
FN:176,_RNvNtNtCseriWsCb5ev6_4koan8builtins4attr12access_field
FN:120,_RNvNtNtCseriWsCb5ev6_4koan8builtins4attr12body_newtype
FN:76,_RNvNtNtCseriWsCb5ev6_4koan8builtins4attr13body_type_lhs
FN:22,_RNvNtNtCseriWsCb5ev6_4koan8builtins4attr15body_identifier
FN:162,_RNvNtNtCseriWsCb5ev6_4koan8builtins4attr15read_field_name
FN:248,_RNvNtNtCseriWsCb5ev6_4koan8builtins4attr20access_module_member
FN:276,_RNvNtNtCseriWsCb5ev6_4koan8builtins4attr8register
FNDA:7,_RNvNtNtCscUx3zdyuqfq_4koan8builtins4attr11body_module
FNDA:1,_RNvNtNtCscUx3zdyuqfq_4koan8builtins4attr12access_field
FNDA:1,_RNvNtNtCscUx3zdyuqfq_4koan8builtins4attr12body_newtype
FNDA:0,_RNvNtNtCscUx3zdyuqfq_4koan8builtins4attr13body_type_lhs
FNDA:1,_RNvNtNtCscUx3zdyuqfq_4koan8builtins4attr15body_identifier
FNDA:9,_RNvNtNtCscUx3zdyuqfq_4koan8builtins4attr15read_field_name
FNDA:7,_RNvNtNtCscUx3zdyuqfq_4koan8builtins4attr20access_module_member
FNDA:42,_RNvNtNtCscUx3zdyuqfq_4koan8builtins4attr8register
FNDA:1,_RNvNtNtNtCseriWsCb5ev6_4koan8builtins4attr5testss_24attr_unbound_name_errors
FNDA:1,_RNvNtNtNtCseriWsCb5ev6_4koan8builtins4attr5testss_25attr_unknown_field_errors
FNDA:1,_RNvNtNtNtCseriWsCb5ev6_4koan8builtins4attr5testss_31attr_on_non_struct_value_errors
FNDA:1,_RNvNtNtNtCseriWsCb5ev6_4koan8builtins4attr5testss_33attr_chained_unknown_field_errors
FNDA:1,_RNvNtNtNtCseriWsCb5ev6_4koan8builtins4attr5testss_34attr_chained_through_nested_struct
FNDA:1,_RNvNtNtNtCseriWsCb5ev6_4koan8builtins4attr5testss_34attr_reads_field_from_named_struct
FNDA:1,_RNvNtNtNtCseriWsCb5ev6_4koan8builtins4attr5testss_35attr_reads_each_field_independently
FNDA:1,_RNvNtNtNtCseriWsCb5ev6_4koan8builtins4attr5testss_39access_field_rejects_wrapped_non_struct
FNDA:1,_RNvNtNtNtCseriWsCb5ev6_4koan8builtins4attr5testss_41transparent_view_slot_read_stays_concrete
FNDA:1,_RNvNtNtNtCseriWsCb5ev6_4koan8builtins4attr5testss_48opaque_view_slot_read_re_tags_with_abstract_type
FNDA:1,_RNvNtNtNtCseriWsCb5ev6_4koan8builtins4attr5testss_49access_field_falls_through_wrapped_record_newtype
FNDA:1,_RNvNtNtNtCseriWsCb5ev6_4koan8builtins4attr5testss_53access_field_falls_through_wrapped_with_missing_field
FNDA:16,_RNvNtNtCseriWsCb5ev6_4koan8builtins4attr11body_module
FNDA:21,_RNvNtNtCseriWsCb5ev6_4koan8builtins4attr12access_field
FNDA:17,_RNvNtNtCseriWsCb5ev6_4koan8builtins4attr12body_newtype
FNDA:1,_RNvNtNtCseriWsCb5ev6_4koan8builtins4attr13body_type_lhs
FNDA:7,_RNvNtNtCseriWsCb5ev6_4koan8builtins4attr15body_identifier
FNDA:41,_RNvNtNtCseriWsCb5ev6_4koan8builtins4attr15read_field_name
FNDA:19,_RNvNtNtCseriWsCb5ev6_4koan8builtins4attr20access_module_member
FNDA:492,_RNvNtNtCseriWsCb5ev6_4koan8builtins4attr8register
FNF:20
FNH:20
DA:22,8
DA:23,8
DA:24,8
DA:25,8
DA:26,8
DA:27,8
DA:28,8
DA:29,0
DA:30,0
DA:31,0
DA:32,0
DA:33,0
DA:34,0
DA:36,0
DA:38,8
DA:39,8
DA:40,8
DA:41,0
DA:46,8
DA:47,3
DA:48,5
DA:49,5
DA:50,0
DA:51,3
DA:53,0
DA:56,0
DA:60,0
DA:64,0
DA:66,2
DA:67,2
DA:68,8
DA:76,1
DA:77,1
DA:78,1
DA:79,1
DA:80,1
DA:81,1
DA:82,0
DA:83,1
DA:84,0
DA:85,0
DA:86,0
DA:87,0
DA:88,0
DA:89,0
DA:91,0
DA:93,1
DA:94,1
DA:95,0
DA:103,1
DA:104,1
DA:105,0
DA:106,0
DA:107,1
DA:108,1
DA:109,1
DA:110,1
DA:111,1
DA:112,1
DA:113,1
DA:114,1
DA:117,0
DA:118,1
DA:120,18
DA:121,18
DA:122,18
DA:123,18
DA:124,18
DA:125,18
DA:126,18
DA:127,0
DA:129,18
DA:130,18
DA:131,0
DA:133,18
DA:134,18
DA:136,23
DA:137,23
DA:138,23
DA:139,23
DA:140,23
DA:141,23
DA:142,23
DA:143,0
DA:145,23
DA:146,23
DA:147,0
DA:149,23
DA:150,23
DA:152,0
DA:153,0
DA:154,0
DA:155,0
DA:156,0
DA:159,23
DA:160,23
DA:162,50
DA:163,50
DA:164,40
DA:165,5
DA:166,5
DA:167,0
DA:168,0
DA:169,0
DA:170,0
DA:171,0
DA:172,0
DA:174,50
DA:176,22
DA:177,0
DA:178,0
DA:180,0
DA:181,0
DA:182,0
DA:183,0
DA:184,0
DA:185,0
DA:186,0
DA:187,0
DA:188,0
DA:189,0
DA:190,0
DA:191,0
DA:192,0
DA:193,0
DA:199,0
DA:201,0
DA:208,18
DA:209,17
DA:210,14
DA:211,3
DA:212,3
DA:213,3
DA:214,3
DA:215,3
DA:217,1
DA:219,4
DA:220,4
DA:221,4
DA:222,4
DA:223,4
DA:225,22
DA:248,26
DA:249,26
DA:250,26
DA:251,10
DA:252,16
DA:253,16
DA:254,15
DA:255,2
DA:256,2
DA:257,2
DA:258,2
DA:259,2
DA:260,13
DA:261,13
DA:262,1
DA:263,1
DA:264,0
DA:265,0
DA:266,0
DA:267,0
DA:268,0
DA:269,1
DA:270,1
DA:271,1
DA:272,1
DA:273,1
DA:274,26
DA:276,534
DA:277,534
DA:278,534
DA:279,534
DA:280,534
DA:282,534
DA:283,534
DA:284,534
DA:285,534
DA:286,534
DA:287,534
DA:288,534
DA:289,534
DA:290,534
DA:293,534
DA:295,534
DA:296,534
DA:297,534
DA:298,534
DA:299,534
DA:300,534
DA:301,534
DA:302,534
DA:303,534
DA:306,534
DA:312,534
DA:313,534
DA:314,534
DA:315,534
DA:316,534
DA:317,534
DA:318,534
DA:319,534
DA:320,534
DA:323,534
DA:325,534
DA:326,534
DA:327,534
DA:328,534
DA:329,534
DA:330,534
DA:331,534
DA:332,534
DA:333,534
DA:336,534
DA:338,534
DA:339,534
DA:340,534
DA:341,534
DA:342,534
DA:343,534
DA:344,534
DA:345,534
DA:346,534
DA:349,534
DA:352,534
DA:353,534
DA:354,534
DA:355,534
DA:356,534
DA:357,534
DA:358,534
DA:359,534
DA:360,534
DA:363,534
DA:365,534
DA:374,1
DA:375,1
DA:376,1
DA:377,1
DA:378,1
DA:379,1
DA:381,1
DA:382,1
DA:383,1
DA:386,1
DA:387,1
DA:388,1
DA:389,1
DA:390,1
DA:391,1
DA:393,1
DA:394,1
DA:395,1
DA:398,1
DA:399,1
DA:400,1
DA:401,1
DA:402,1
DA:403,1
DA:404,1
DA:405,1
DA:406,1
DA:407,1
DA:409,1
DA:410,1
DA:411,1
DA:414,1
DA:415,1
DA:416,1
DA:417,1
DA:418,1
DA:419,1
DA:422,1
DA:425,1
DA:426,1
DA:427,1
DA:428,1
DA:429,1
DA:430,1
DA:431,1
DA:432,1
DA:433,1
DA:434,1
DA:436,0
DA:438,1
DA:441,1
DA:442,1
DA:443,1
DA:444,1
DA:445,1
DA:446,1
DA:448,1
DA:449,1
DA:450,1
DA:451,1
DA:454,1
DA:457,1
DA:458,1
DA:459,1
DA:460,1
DA:461,1
DA:462,1
DA:463,1
DA:464,1
DA:465,1
DA:466,1
DA:468,1
DA:469,1
DA:470,1
DA:471,1
DA:474,1
DA:478,1
DA:479,1
DA:480,1
DA:481,1
DA:482,1
DA:483,1
DA:484,1
DA:485,1
DA:486,1
DA:488,1
DA:489,1
DA:490,1
DA:494,1
DA:495,1
DA:496,1
DA:497,1
DA:498,1
DA:499,1
DA:500,1
DA:502,1
DA:503,1
DA:504,1
DA:505,1
DA:506,1
DA:507,1
DA:509,0
DA:511,1
DA:517,1
DA:518,1
DA:519,1
DA:520,1
DA:521,1
DA:522,1
DA:523,1
DA:524,1
DA:526,1
DA:527,1
DA:528,1
DA:531,0
DA:533,1
DA:538,1
DA:539,1
DA:540,1
DA:541,1
DA:542,1
DA:543,1
DA:544,1
DA:545,1
DA:547,1
DA:548,1
DA:549,1
DA:551,0
DA:553,1
DA:559,1
DA:560,1
DA:561,1
DA:562,1
DA:563,1
DA:564,1
DA:565,1
DA:566,1
DA:567,1
DA:569,1
DA:570,1
DA:571,1
DA:572,1
DA:575,1
BRF:0
BRH:0
LF:378
LH:311
end_of_record
SF:/var/home/jack/Code/koan/src/builtins/branch_walk.rs
FN:55,_RNvNtNtCscUx3zdyuqfq_4koan8builtins11branch_walk16find_branch_body
FN:22,_RNvNtNtCscUx3zdyuqfq_4koan8builtins11branch_walk27resolve_arm_return_contract
FN:33,_RNCNvNtNtCscUx3zdyuqfq_4koan8builtins11branch_walk27resolve_arm_return_contract0B7_
FN:33,_RNCNvNtNtCseriWsCb5ev6_4koan8builtins11branch_walk27resolve_arm_return_contract0B7_
FN:55,_RNvNtNtCseriWsCb5ev6_4koan8builtins11branch_walk16find_branch_body
FN:22,_RNvNtNtCseriWsCb5ev6_4koan8builtins11branch_walk27resolve_arm_return_contract
FNDA:0,_RNvNtNtCscUx3zdyuqfq_4koan8builtins11branch_walk16find_branch_body
FNDA:0,_RNvNtNtCscUx3zdyuqfq_4koan8builtins11branch_walk27resolve_arm_return_contract
FNDA:0,_RNCNvNtNtCscUx3zdyuqfq_4koan8builtins11branch_walk27resolve_arm_return_contract0B7_
FNDA:0,_RNCNvNtNtCseriWsCb5ev6_4koan8builtins11branch_walk27resolve_arm_return_contract0B7_
FNDA:89,_RNvNtNtCseriWsCb5ev6_4koan8builtins11branch_walk16find_branch_body
FNDA:89,_RNvNtNtCseriWsCb5ev6_4koan8builtins11branch_walk27resolve_arm_return_contract
FNF:3
FNH:2
DA:22,89
DA:23,89
DA:24,89
DA:25,89
DA:26,89
DA:27,89
DA:28,89
DA:29,89
DA:31,0
DA:32,0
DA:33,0
DA:34,0
DA:35,0
DA:36,0
DA:37,0
DA:38,0
DA:41,0
DA:42,0
DA:43,0
DA:46,89
DA:47,89
DA:48,89
DA:49,89
DA:50,89
DA:55,89
DA:56,89
DA:57,89
DA:58,89
DA:59,89
DA:60,89
DA:61,89
DA:62,0
DA:63,0
DA:64,0
DA:65,0
DA:66,89
DA:67,89
DA:68,89
DA:69,130
DA:70,122
DA:71,122
DA:72,122
DA:73,122
DA:74,109
DA:77,9
DA:78,9
DA:79,6
DA:81,3
DA:85,4
DA:86,0
DA:87,0
DA:88,0
DA:89,0
DA:90,0
DA:93,122
DA:94,122
DA:95,0
DA:96,0
DA:97,0
DA:98,0
DA:99,0
DA:102,122
DA:103,120
DA:104,2
DA:105,2
DA:106,2
DA:107,2
DA:108,2
DA:111,120
DA:112,79
DA:113,41
DA:114,41
DA:115,4
DA:116,37
DA:117,41
DA:119,8
DA:120,89
BRF:0
BRH:0
LF:79
LH:52
end_of_record
SF:/var/home/jack/Code/koan/src/builtins/catch.rs
FN:39,_RNCNvNtNtCscUx3zdyuqfq_4koan8builtins5catch4body0B7_
FN:18,_RNvNtNtCscUx3zdyuqfq_4koan8builtins5catch4body
FN:60,_RNvNtNtCscUx3zdyuqfq_4koan8builtins5catch8register
FN:39,_RNCNvNtNtCseriWsCb5ev6_4koan8builtins5catch4body0B7_
FN:18,_RNvNtNtCseriWsCb5ev6_4koan8builtins5catch4body
FN:60,_RNvNtNtCseriWsCb5ev6_4koan8builtins5catch8register
FNDA:0,_RNCNvNtNtCscUx3zdyuqfq_4koan8builtins5catch4body0B7_
FNDA:0,_RNvNtNtCscUx3zdyuqfq_4koan8builtins5catch4body
FNDA:42,_RNvNtNtCscUx3zdyuqfq_4koan8builtins5catch8register
FNDA:8,_RNCNvNtNtCseriWsCb5ev6_4koan8builtins5catch4body0B7_
FNDA:8,_RNvNtNtCseriWsCb5ev6_4koan8builtins5catch4body
FNDA:492,_RNvNtNtCseriWsCb5ev6_4koan8builtins5catch8register
FNF:3
FNH:3
DA:18,8
DA:19,8
DA:20,8
DA:21,8
DA:22,8
DA:23,8
DA:24,8
DA:26,0
DA:27,0
DA:28,0
DA:34,8
DA:35,8
DA:36,0
DA:38,8
DA:39,8
DA:40,8
DA:41,4
DA:42,4
DA:44,8
DA:45,8
DA:46,8
DA:47,8
DA:48,8
DA:49,8
DA:50,8
DA:51,8
DA:52,8
DA:53,8
DA:54,8
DA:55,8
DA:56,8
DA:57,8
DA:58,8
DA:60,534
DA:61,534
DA:62,534
DA:63,534
DA:64,534
DA:65,534
DA:66,534
DA:67,534
DA:68,534
DA:70,534
DA:72,534
BRF:0
BRH:0
LF:45
LH:41
end_of_record
SF:/var/home/jack/Code/koan/src/builtins/eval.rs
FN:16,_RNvNtNtCscUx3zdyuqfq_4koan8builtins4eval4body
FN:47,_RNvNtNtCscUx3zdyuqfq_4koan8builtins4eval8register
FN:63,_RNvNtNtNtCseriWsCb5ev6_4koan8builtins4eval5tests11run_program
FN:120,_RNvNtNtNtCseriWsCb5ev6_4koan8builtins4eval5testss_21recursive_eval_no_uaf
FN:72,_RNvNtNtNtCseriWsCb5ev6_4koan8builtins4eval5testss_22eval_of_quoted_literal
FN:106,_RNvNtNtNtCseriWsCb5ev6_4koan8builtins4eval5testss_34multiline_sigil_collapse_roundtrip
FN:112,_RNvNtNtNtCseriWsCb5ev6_4koan8builtins4eval5testss_35eval_returns_inner_expression_value
FN:100,_RNvNtNtNtCseriWsCb5ev6_4koan8builtins4eval5testss_37eval_runs_side_effects_in_quoted_body
FN:78,_RNvNtNtNtCseriWsCb5ev6_4koan8builtins4eval5testss_38eval_of_function_returning_kexpression
FN:87,_RNvNtNtNtCseriWsCb5ev6_4koan8builtins4eval5testss_49eval_of_non_kexpression_errors_with_type_mismatch
FN:16,_RNvNtNtCseriWsCb5ev6_4koan8builtins4eval4body
FN:47,_RNvNtNtCseriWsCb5ev6_4koan8builtins4eval8register
FNDA:0,_RNvNtNtCscUx3zdyuqfq_4koan8builtins4eval4body
FNDA:42,_RNvNtNtCscUx3zdyuqfq_4koan8builtins4eval8register
FNDA:6,_RNvNtNtNtCseriWsCb5ev6_4koan8builtins4eval5tests11run_program
FNDA:1,_RNvNtNtNtCseriWsCb5ev6_4koan8builtins4eval5testss_21recursive_eval_no_uaf
FNDA:1,_RNvNtNtNtCseriWsCb5ev6_4koan8builtins4eval5testss_22eval_of_quoted_literal
FNDA:1,_RNvNtNtNtCseriWsCb5ev6_4koan8builtins4eval5testss_34multiline_sigil_collapse_roundtrip
FNDA:1,_RNvNtNtNtCseriWsCb5ev6_4koan8builtins4eval5testss_35eval_returns_inner_expression_value
FNDA:1,_RNvNtNtNtCseriWsCb5ev6_4koan8builtins4eval5testss_37eval_runs_side_effects_in_quoted_body
FNDA:1,_RNvNtNtNtCseriWsCb5ev6_4koan8builtins4eval5testss_38eval_of_function_returning_kexpression
FNDA:1,_RNvNtNtNtCseriWsCb5ev6_4koan8builtins4eval5testss_49eval_of_non_kexpression_errors_with_type_mismatch
FNDA:9,_RNvNtNtCseriWsCb5ev6_4koan8builtins4eval4body
FNDA:492,_RNvNtNtCseriWsCb5ev6_4koan8builtins4eval8register
FNF:10
FNH:10
DA:16,9
DA:17,9
DA:18,9
DA:19,9
DA:20,9
DA:21,9
DA:22,9
DA:23,0
DA:25,9
DA:26,8
DA:27,1
DA:28,1
DA:29,1
DA:30,1
DA:31,1
DA:32,1
DA:37,8
DA:38,8
DA:39,8
DA:40,8
DA:41,8
DA:42,8
DA:43,8
DA:44,8
DA:45,9
DA:47,534
DA:48,534
DA:49,534
DA:50,534
DA:51,534
DA:52,534
DA:54,534
DA:63,6
DA:64,6
DA:65,6
DA:66,6
DA:67,6
DA:68,6
DA:69,6
DA:72,1
DA:73,1
DA:74,1
DA:75,1
DA:78,1
DA:79,1
DA:80,1
DA:81,1
DA:83,1
DA:84,1
DA:87,1
DA:88,1
DA:89,1
DA:90,1
DA:91,1
DA:92,1
DA:93,1
DA:94,1
DA:97,1
DA:100,1
DA:101,1
DA:102,1
DA:103,1
DA:106,1
DA:107,1
DA:108,1
DA:109,1
DA:112,1
DA:115,1
DA:116,1
DA:117,1
DA:120,1
DA:124,1
DA:125,1
DA:126,1
DA:127,1
DA:128,1
DA:129,1
DA:130,1
DA:132,1
DA:133,1
BRF:0
BRH:0
LF:80
LH:79
end_of_record
SF:/var/home/jack/Code/koan/src/builtins/fn_def.rs
FN:144,_RNCNvNtNtCscUx3zdyuqfq_4koan8builtins6fn_def18body_record_schema0B7_
FN:181,_RNCNvNtNtCscUx3zdyuqfq_4koan8builtins6fn_def18body_record_schemas_0B7_
FN:95,_RNCNvNtNtCscUx3zdyuqfq_4koan8builtins6fn_def4body0B7_
FN:123,_RNvNtNtCscUx3zdyuqfq_4koan8builtins6fn_def18body_record_schema
FN:33,_RNvNtNtCscUx3zdyuqfq_4koan8builtins6fn_def4body
FN:215,_RNvNtNtCscUx3zdyuqfq_4koan8builtins6fn_def8register
FN:144,_RNCNvNtNtCseriWsCb5ev6_4koan8builtins6fn_def18body_record_schema0B7_
FN:181,_RNCNvNtNtCseriWsCb5ev6_4koan8builtins6fn_def18body_record_schemas_0B7_
FN:95,_RNCNvNtNtCseriWsCb5ev6_4koan8builtins6fn_def4body0B7_
FN:123,_RNvNtNtCseriWsCb5ev6_4koan8builtins6fn_def18body_record_schema
FN:33,_RNvNtNtCseriWsCb5ev6_4koan8builtins6fn_def4body
FN:215,_RNvNtNtCseriWsCb5ev6_4koan8builtins6fn_def8register
FNDA:0,_RNCNvNtNtCscUx3zdyuqfq_4koan8builtins6fn_def18body_record_schema0B7_
FNDA:0,_RNCNvNtNtCscUx3zdyuqfq_4koan8builtins6fn_def18body_record_schemas_0B7_
FNDA:9,_RNCNvNtNtCscUx3zdyuqfq_4koan8builtins6fn_def4body0B7_
FNDA:0,_RNvNtNtCscUx3zdyuqfq_4koan8builtins6fn_def18body_record_schema
FNDA:9,_RNvNtNtCscUx3zdyuqfq_4koan8builtins6fn_def4body
FNDA:42,_RNvNtNtCscUx3zdyuqfq_4koan8builtins6fn_def8register
FNDA:7,_RNCNvNtNtCseriWsCb5ev6_4koan8builtins6fn_def18body_record_schema0B7_
FNDA:7,_RNCNvNtNtCseriWsCb5ev6_4koan8builtins6fn_def18body_record_schemas_0B7_
FNDA:200,_RNCNvNtNtCseriWsCb5ev6_4koan8builtins6fn_def4body0B7_
FNDA:8,_RNvNtNtCseriWsCb5ev6_4koan8builtins6fn_def18body_record_schema
FNDA:207,_RNvNtNtCseriWsCb5ev6_4koan8builtins6fn_def4body
FNDA:492,_RNvNtNtCseriWsCb5ev6_4koan8builtins6fn_def8register
FNF:6
FNH:6
DA:33,216
DA:34,216
DA:35,216
DA:36,216
DA:37,216
DA:38,216
DA:39,216
DA:41,0
DA:42,0
DA:43,0
DA:46,216
DA:47,216
DA:48,0
DA:50,216
DA:51,216
DA:53,0
DA:54,0
DA:55,0
DA:61,216
DA:65,216
DA:69,216
DA:70,216
DA:71,216
DA:72,216
DA:73,216
DA:74,216
DA:75,216
DA:76,213
DA:77,3
DA:80,213
DA:81,144
DA:82,4
DA:84,65
DA:85,65
DA:86,65
DA:87,65
DA:88,65
DA:89,65
DA:93,209
DA:94,209
DA:95,209
DA:96,209
DA:98,209
DA:100,129
DA:101,129
DA:102,129
DA:103,80
DA:104,80
DA:105,80
DA:106,80
DA:107,80
DA:108,80
DA:109,80
DA:110,80
DA:113,216
DA:123,8
DA:124,8
DA:125,8
DA:126,8
DA:127,8
DA:128,8
DA:129,7
DA:130,1
DA:131,1
DA:132,1
DA:133,1
DA:134,1
DA:137,0
DA:138,0
DA:139,0
DA:142,7
DA:143,7
DA:144,7
DA:145,7
DA:146,7
DA:147,7
DA:148,7
DA:149,7
DA:150,7
DA:151,7
DA:153,7
DA:154,7
DA:155,0
DA:157,7
DA:158,7
DA:160,0
DA:161,0
DA:162,0
DA:168,7
DA:169,7
DA:170,7
DA:171,7
DA:172,7
DA:173,7
DA:174,7
DA:175,7
DA:176,0
DA:179,7
DA:180,7
DA:181,7
DA:182,7
DA:191,7
DA:192,7
DA:193,7
DA:194,7
DA:195,7
DA:196,7
DA:197,7
DA:198,7
DA:200,0
DA:201,0
DA:202,0
DA:203,0
DA:204,0
DA:205,0
DA:206,0
DA:207,0
DA:208,0
DA:209,0
DA:213,8
DA:215,534
DA:237,534
DA:238,534
DA:239,534
DA:240,534
DA:241,534
DA:242,534
DA:243,534
DA:244,534
DA:245,534
DA:246,534
DA:247,534
DA:248,534
DA:251,534
DA:252,534
DA:253,534
DA:260,534
DA:261,534
DA:262,534
DA:263,534
DA:264,534
DA:265,534
DA:266,534
DA:267,534
DA:268,534
DA:269,534
DA:270,534
DA:271,534
DA:274,534
DA:275,534
DA:276,534
DA:284,534
DA:285,534
DA:286,534
DA:287,534
DA:288,534
DA:289,534
DA:290,534
DA:291,534
DA:292,534
DA:293,534
DA:294,534
DA:295,534
DA:298,534
DA:299,534
DA:300,534
DA:303,534
BRF:0
BRH:0
LF:170
LH:145
end_of_record
SF:/var/home/jack/Code/koan/src/builtins/fn_def/finalize.rs
FN:332,_RNCNvNtNtNtCscUx3zdyuqfq_4koan8builtins6fn_def8finalize17defer_via_combine0B9_
FN:245,_RNCNvNtNtNtCscUx3zdyuqfq_4koan8builtins6fn_def8finalize21finalize_fn_with_kind0B9_
FN:191,_RNvNtNtNtCscUx3zdyuqfq_4koan8builtins6fn_def8finalize11finalize_fn
FN:298,_RNvNtNtNtCscUx3zdyuqfq_4koan8builtins6fn_def8finalize17defer_via_combine
FN:218,_RNvNtNtNtCscUx3zdyuqfq_4koan8builtins6fn_def8finalize21finalize_fn_with_kind
FN:90,_RNvNtNtNtCscUx3zdyuqfq_4koan8builtins6fn_def8finalize8classify
FN:191,_RNvNtNtNtCseriWsCb5ev6_4koan8builtins6fn_def8finalize11finalize_fn
FN:298,_RNvNtNtNtCseriWsCb5ev6_4koan8builtins6fn_def8finalize17defer_via_combine
FN:218,_RNvNtNtNtCseriWsCb5ev6_4koan8builtins6fn_def8finalize21finalize_fn_with_kind
FN:90,_RNvNtNtNtCseriWsCb5ev6_4koan8builtins6fn_def8finalize8classify
FN:332,_RNCNvNtNtNtCseriWsCb5ev6_4koan8builtins6fn_def8finalize17defer_via_combine0B9_
FN:245,_RNCNvNtNtNtCseriWsCb5ev6_4koan8builtins6fn_def8finalize21finalize_fn_with_kind0B9_
FNDA:8,_RNCNvNtNtNtCscUx3zdyuqfq_4koan8builtins6fn_def8finalize17defer_via_combine0B9_
FNDA:16,_RNCNvNtNtNtCscUx3zdyuqfq_4koan8builtins6fn_def8finalize21finalize_fn_with_kind0B9_
FNDA:7,_RNvNtNtNtCscUx3zdyuqfq_4koan8builtins6fn_def8finalize11finalize_fn
FNDA:8,_RNvNtNtNtCscUx3zdyuqfq_4koan8builtins6fn_def8finalize17defer_via_combine
FNDA:16,_RNvNtNtNtCscUx3zdyuqfq_4koan8builtins6fn_def8finalize21finalize_fn_with_kind
FNDA:16,_RNvNtNtNtCscUx3zdyuqfq_4koan8builtins6fn_def8finalize8classify
FNDA:122,_RNvNtNtNtCseriWsCb5ev6_4koan8builtins6fn_def8finalize11finalize_fn
FNDA:84,_RNvNtNtNtCseriWsCb5ev6_4koan8builtins6fn_def8finalize17defer_via_combine
FNDA:221,_RNvNtNtNtCseriWsCb5ev6_4koan8builtins6fn_def8finalize21finalize_fn_with_kind
FNDA:223,_RNvNtNtNtCseriWsCb5ev6_4koan8builtins6fn_def8finalize8classify
FNDA:84,_RNCNvNtNtNtCseriWsCb5ev6_4koan8builtins6fn_def8finalize17defer_via_combine0B9_
FNDA:226,_RNCNvNtNtNtCseriWsCb5ev6_4koan8builtins6fn_def8finalize21finalize_fn_with_kind0B9_
FNF:6
FNH:6
DA:90,239
DA:91,239
DA:92,137
DA:93,137
DA:94,137
DA:95,137
DA:96,10
DA:97,10
DA:98,10
DA:99,10
DA:100,16
DA:102,16
DA:103,16
DA:104,16
DA:105,16
DA:106,16
DA:107,16
DA:108,16
DA:111,70
DA:113,70
DA:114,70
DA:116,70
DA:117,70
DA:118,70
DA:119,70
DA:120,70
DA:121,70
DA:122,70
DA:124,1
DA:126,1
DA:127,1
DA:129,1
DA:130,1
DA:131,1
DA:132,1
DA:133,1
DA:134,1
DA:135,1
DA:136,1
DA:137,1
DA:139,5
DA:141,5
DA:142,5
DA:147,5
DA:148,5
DA:149,5
DA:150,5
DA:151,5
DA:152,5
DA:153,5
DA:154,5
DA:156,0
DA:159,0
DA:160,0
DA:161,0
DA:162,0
DA:163,0
DA:164,0
DA:165,0
DA:169,0
DA:170,0
DA:173,0
DA:174,0
DA:177,0
DA:178,0
DA:179,0
DA:180,0
DA:181,0
DA:182,0
DA:183,0
DA:184,0
DA:187,239
DA:191,129
DA:192,129
DA:193,129
DA:194,129
DA:195,129
DA:196,129
DA:197,129
DA:198,129
DA:199,129
DA:200,129
DA:201,129
DA:202,129
DA:203,129
DA:204,129
DA:206,129
DA:218,237
DA:219,237
DA:220,237
DA:221,237
DA:222,237
DA:223,237
DA:224,237
DA:225,237
DA:226,237
DA:229,237
DA:230,23
DA:231,21
DA:232,1
DA:233,1
DA:234,1
DA:235,1
DA:236,1
DA:237,20
DA:238,2
DA:239,214
DA:245,242
DA:246,228
DA:247,14
DA:248,242
DA:250,236
DA:251,236
DA:252,236
DA:253,236
DA:255,236
DA:256,236
DA:257,236
DA:258,236
DA:259,236
DA:260,236
DA:261,236
DA:262,236
DA:263,236
DA:266,236
DA:270,236
DA:271,229
DA:272,228
DA:274,1
DA:275,1
DA:276,1
DA:277,1
DA:280,228
DA:281,1
DA:282,227
DA:283,7
DA:286,234
DA:287,237
DA:298,92
DA:299,92
DA:300,92
DA:301,92
DA:302,92
DA:303,92
DA:304,92
DA:305,92
DA:306,92
DA:308,92
DA:309,92
DA:310,92
DA:311,92
DA:312,92
DA:313,92
DA:319,92
DA:320,92
DA:321,92
DA:322,92
DA:323,21
DA:324,71
DA:325,92
DA:326,92
DA:327,59
DA:328,59
DA:329,59
DA:330,59
DA:332,92
DA:333,92
DA:334,92
DA:335,59
DA:339,59
DA:340,1
DA:341,1
DA:342,1
DA:343,1
DA:344,1
DA:345,58
DA:346,58
DA:348,91
DA:353,91
DA:354,90
DA:355,1
DA:360,90
DA:361,0
DA:363,90
DA:364,90
DA:365,90
DA:366,0
DA:367,0
DA:370,0
DA:371,0
DA:372,0
DA:377,90
DA:378,90
DA:379,90
DA:380,90
DA:381,90
DA:382,90
DA:383,90
DA:385,92
DA:386,92
DA:387,92
DA:388,92
BRF:0
BRH:0
LF:204
LH:177
end_of_record
SF:/var/home/jack/Code/koan/src/builtins/fn_def/param_refs.rs
FN:23,_RNCNvNtNtNtCscUx3zdyuqfq_4koan8builtins6fn_def10param_refs19part_references_any0B9_
FN:32,_RNCNvNtNtNtCscUx3zdyuqfq_4koan8builtins6fn_def10param_refs19part_references_anys0_0B9_
FN:39,_RNCNvNtNtNtCscUx3zdyuqfq_4koan8builtins6fn_def10param_refs19part_references_anys1_0B9_
FN:30,_RNCNvNtNtNtCscUx3zdyuqfq_4koan8builtins6fn_def10param_refs19part_references_anys_0B9_
FN:12,_RNCNvNtNtNtCscUx3zdyuqfq_4koan8builtins6fn_def10param_refs24type_expr_references_any0B9_
FN:18,_RNCNvNtNtNtCscUx3zdyuqfq_4koan8builtins6fn_def10param_refs26kexpression_references_any0B9_
FN:21,_RNvNtNtNtCscUx3zdyuqfq_4koan8builtins6fn_def10param_refs19part_references_any
FN:11,_RNvNtNtNtCscUx3zdyuqfq_4koan8builtins6fn_def10param_refs24type_expr_references_any
FN:15,_RNvNtNtNtCscUx3zdyuqfq_4koan8builtins6fn_def10param_refs26kexpression_references_any
FN:21,_RNvNtNtNtCseriWsCb5ev6_4koan8builtins6fn_def10param_refs19part_references_any
FN:11,_RNvNtNtNtCseriWsCb5ev6_4koan8builtins6fn_def10param_refs24type_expr_references_any
FN:15,_RNvNtNtNtCseriWsCb5ev6_4koan8builtins6fn_def10param_refs26kexpression_references_any
FN:23,_RNCNvNtNtNtCseriWsCb5ev6_4koan8builtins6fn_def10param_refs19part_references_any0B9_
FN:32,_RNCNvNtNtNtCseriWsCb5ev6_4koan8builtins6fn_def10param_refs19part_references_anys0_0B9_
FN:39,_RNCNvNtNtNtCseriWsCb5ev6_4koan8builtins6fn_def10param_refs19part_references_anys1_0B9_
FN:30,_RNCNvNtNtNtCseriWsCb5ev6_4koan8builtins6fn_def10param_refs19part_references_anys_0B9_
FN:12,_RNCNvNtNtNtCseriWsCb5ev6_4koan8builtins6fn_def10param_refs24type_expr_references_any0B9_
FN:18,_RNCNvNtNtNtCseriWsCb5ev6_4koan8builtins6fn_def10param_refs26kexpression_references_any0B9_
FNDA:0,_RNCNvNtNtNtCscUx3zdyuqfq_4koan8builtins6fn_def10param_refs19part_references_any0B9_
FNDA:0,_RNCNvNtNtNtCscUx3zdyuqfq_4koan8builtins6fn_def10param_refs19part_references_anys0_0B9_
FNDA:0,_RNCNvNtNtNtCscUx3zdyuqfq_4koan8builtins6fn_def10param_refs19part_references_anys1_0B9_
FNDA:0,_RNCNvNtNtNtCscUx3zdyuqfq_4koan8builtins6fn_def10param_refs19part_references_anys_0B9_
FNDA:4,_RNCNvNtNtNtCscUx3zdyuqfq_4koan8builtins6fn_def10param_refs24type_expr_references_any0B9_
FNDA:6,_RNCNvNtNtNtCscUx3zdyuqfq_4koan8builtins6fn_def10param_refs26kexpression_references_any0B9_
FNDA:6,_RNvNtNtNtCscUx3zdyuqfq_4koan8builtins6fn_def10param_refs19part_references_any
FNDA:4,_RNvNtNtNtCscUx3zdyuqfq_4koan8builtins6fn_def10param_refs24type_expr_references_any
FNDA:2,_RNvNtNtNtCscUx3zdyuqfq_4koan8builtins6fn_def10param_refs26kexpression_references_any
FNDA:96,_RNvNtNtNtCseriWsCb5ev6_4koan8builtins6fn_def10param_refs19part_references_any
FNDA:47,_RNvNtNtNtCseriWsCb5ev6_4koan8builtins6fn_def10param_refs24type_expr_references_any
FNDA:34,_RNvNtNtNtCseriWsCb5ev6_4koan8builtins6fn_def10param_refs26kexpression_references_any
FNDA:5,_RNCNvNtNtNtCseriWsCb5ev6_4koan8builtins6fn_def10param_refs19part_references_any0B9_
FNDA:1,_RNCNvNtNtNtCseriWsCb5ev6_4koan8builtins6fn_def10param_refs19part_references_anys0_0B9_
FNDA:5,_RNCNvNtNtNtCseriWsCb5ev6_4koan8builtins6fn_def10param_refs19part_references_anys1_0B9_
FNDA:1,_RNCNvNtNtNtCseriWsCb5ev6_4koan8builtins6fn_def10param_refs19part_references_anys_0B9_
FNDA:33,_RNCNvNtNtNtCseriWsCb5ev6_4koan8builtins6fn_def10param_refs24type_expr_references_any0B9_
FNDA:88,_RNCNvNtNtNtCseriWsCb5ev6_4koan8builtins6fn_def10param_refs26kexpression_references_any0B9_
FNF:9
FNH:9
DA:11,51
DA:12,51
DA:13,51
DA:15,36
DA:16,36
DA:17,36
DA:18,94
DA:19,36
DA:21,102
DA:22,102
DA:23,7
DA:24,38
DA:25,6
DA:26,1
DA:28,0
DA:29,1
DA:30,1
DA:32,1
DA:33,1
DA:34,1
DA:37,4
DA:38,4
DA:39,5
DA:40,44
DA:42,102
BRF:0
BRH:0
LF:31
LH:30
end_of_record
SF:/var/home/jack/Code/koan/src/builtins/fn_def/return_type.rs
FN:215,_RNCNvNtNtNtCscUx3zdyuqfq_4koan8builtins6fn_def11return_type31verdict_for_deferred_expression0B9_
FN:239,_RNvNtNtNtCscUx3zdyuqfq_4koan8builtins6fn_def11return_type12make_capture
FN:104,_RNvNtNtNtCscUx3zdyuqfq_4koan8builtins6fn_def11return_type20classify_return_type
FN:173,_RNvNtNtNtCscUx3zdyuqfq_4koan8builtins6fn_def11return_type20verdict_for_resolved
FN:61,_RNvNtNtNtCscUx3zdyuqfq_4koan8builtins6fn_def11return_type23extract_return_type_raw
FN:246,_RNvNtNtNtCscUx3zdyuqfq_4koan8builtins6fn_def11return_type25resolve_capture_at_finish
FN:188,_RNvNtNtNtCscUx3zdyuqfq_4koan8builtins6fn_def11return_type30verdict_for_deferred_type_expr
FN:214,_RNvNtNtNtCscUx3zdyuqfq_4koan8builtins6fn_def11return_type31verdict_for_deferred_expression
FN:239,_RNvNtNtNtCseriWsCb5ev6_4koan8builtins6fn_def11return_type12make_capture
FN:104,_RNvNtNtNtCseriWsCb5ev6_4koan8builtins6fn_def11return_type20classify_return_type
FN:173,_RNvNtNtNtCseriWsCb5ev6_4koan8builtins6fn_def11return_type20verdict_for_resolved
FN:61,_RNvNtNtNtCseriWsCb5ev6_4koan8builtins6fn_def11return_type23extract_return_type_raw
FN:246,_RNvNtNtNtCseriWsCb5ev6_4koan8builtins6fn_def11return_type25resolve_capture_at_finish
FN:188,_RNvNtNtNtCseriWsCb5ev6_4koan8builtins6fn_def11return_type30verdict_for_deferred_type_expr
FN:214,_RNvNtNtNtCseriWsCb5ev6_4koan8builtins6fn_def11return_type31verdict_for_deferred_expression
FN:215,_RNCNvNtNtNtCseriWsCb5ev6_4koan8builtins6fn_def11return_type31verdict_for_deferred_expression0B9_
FNDA:0,_RNCNvNtNtNtCscUx3zdyuqfq_4koan8builtins6fn_def11return_type31verdict_for_deferred_expression0B9_
FNDA:0,_RNvNtNtNtCscUx3zdyuqfq_4koan8builtins6fn_def11return_type12make_capture
FNDA:16,_RNvNtNtNtCscUx3zdyuqfq_4koan8builtins6fn_def11return_type20classify_return_type
FNDA:15,_RNvNtNtNtCscUx3zdyuqfq_4koan8builtins6fn_def11return_type20verdict_for_resolved
FNDA:16,_RNvNtNtNtCscUx3zdyuqfq_4koan8builtins6fn_def11return_type23extract_return_type_raw
FNDA:8,_RNvNtNtNtCscUx3zdyuqfq_4koan8builtins6fn_def11return_type25resolve_capture_at_finish
FNDA:0,_RNvNtNtNtCscUx3zdyuqfq_4koan8builtins6fn_def11return_type30verdict_for_deferred_type_expr
FNDA:0,_RNvNtNtNtCscUx3zdyuqfq_4koan8builtins6fn_def11return_type31verdict_for_deferred_expression
FNDA:0,_RNvNtNtNtCseriWsCb5ev6_4koan8builtins6fn_def11return_type12make_capture
FNDA:232,_RNvNtNtNtCseriWsCb5ev6_4koan8builtins6fn_def11return_type20classify_return_type
FNDA:197,_RNvNtNtNtCseriWsCb5ev6_4koan8builtins6fn_def11return_type20verdict_for_resolved
FNDA:321,_RNvNtNtNtCseriWsCb5ev6_4koan8builtins6fn_def11return_type23extract_return_type_raw
FNDA:83,_RNvNtNtNtCseriWsCb5ev6_4koan8builtins6fn_def11return_type25resolve_capture_at_finish
FNDA:2,_RNvNtNtNtCseriWsCb5ev6_4koan8builtins6fn_def11return_type30verdict_for_deferred_type_expr
FNDA:1,_RNvNtNtNtCseriWsCb5ev6_4koan8builtins6fn_def11return_type31verdict_for_deferred_expression
FNDA:1,_RNCNvNtNtNtCseriWsCb5ev6_4koan8builtins6fn_def11return_type31verdict_for_deferred_expression0B9_
FNF:8
FNH:7
DA:61,337
DA:62,337
DA:63,337
DA:64,337
DA:65,295
DA:66,295
DA:67,0
DA:69,13
DA:70,13
DA:71,0
DA:73,29
DA:74,29
DA:75,0
DA:77,0
DA:78,0
DA:79,0
DA:80,0
DA:82,337
DA:104,248
DA:105,248
DA:106,248
DA:107,248
DA:108,248
DA:109,248
DA:110,248
DA:111,248
DA:112,206
DA:113,206
DA:114,206
DA:116,13
DA:117,13
DA:118,4
DA:119,2
DA:120,2
DA:122,4
DA:123,4
DA:124,4
DA:125,4
DA:126,9
DA:127,9
DA:130,9
DA:131,6
DA:132,0
DA:133,0
DA:135,3
DA:136,0
DA:138,3
DA:139,3
DA:140,3
DA:144,6
DA:145,6
DA:146,6
DA:148,0
DA:150,6
DA:152,29
DA:153,29
DA:154,8
DA:155,1
DA:156,7
DA:158,8
DA:159,8
DA:160,8
DA:161,8
DA:163,21
DA:164,21
DA:165,21
DA:166,21
DA:170,248
DA:173,212
DA:174,212
DA:175,211
DA:177,1
DA:178,1
DA:179,1
DA:180,1
DA:182,212
DA:188,2
DA:189,2
DA:190,2
DA:191,2
DA:194,2
DA:195,2
DA:196,2
DA:198,0
DA:199,0
DA:200,0
DA:201,0
DA:202,0
DA:203,0
DA:206,0
DA:208,2
DA:214,1
DA:215,1
DA:216,1
DA:217,0
DA:218,1
DA:219,1
DA:220,1
DA:221,1
DA:222,1
DA:223,1
DA:224,1
DA:225,1
DA:226,1
DA:227,0
DA:228,0
DA:229,0
DA:230,0
DA:231,0
DA:232,0
DA:233,0
DA:234,0
DA:235,0
DA:237,1
DA:239,0
DA:240,0
DA:241,0
DA:246,91
DA:247,91
DA:248,91
DA:249,91
DA:250,91
DA:251,91
DA:252,69
DA:253,0
DA:254,0
DA:255,0
DA:256,0
DA:257,0
DA:258,0
DA:259,0
DA:260,0
DA:261,0
DA:262,0
DA:263,0
DA:264,0
DA:268,0
DA:269,0
DA:270,0
DA:271,0
DA:272,0
DA:273,0
DA:274,0
DA:275,0
DA:277,1
DA:278,21
DA:279,21
DA:280,21
DA:281,20
DA:282,1
DA:283,1
DA:284,1
DA:285,1
DA:286,1
DA:290,91
BRF:0
BRH:0
LF:156
LH:105
end_of_record
SF:/var/home/jack/Code/koan/src/builtins/fn_def/signature.rs
FN:197,_RNvNtNtNtCscUx3zdyuqfq_4koan8builtins6fn_def9signature13binder_bucket
FN:61,_RNvNtNtNtCscUx3zdyuqfq_4koan8builtins6fn_def9signature19parse_fn_param_list
FN:255,_RNvNtNtNtCscUx3zdyuqfq_4koan8builtins6fn_def9signature19signature_expr_part
FN:11,_RNvNtNtNtCscUx3zdyuqfq_4koan8builtins6fn_def9signature34collect_param_names_from_signature
FN:179,_RNvNtNtNtCscUx3zdyuqfq_4koan8builtins6fn_def9signature11binder_name
FN:212,_RNCNvNtNtNtCscUx3zdyuqfq_4koan8builtins6fn_def9signature13binder_bucket0B9_
FN:230,_RNCNvNtNtNtCscUx3zdyuqfq_4koan8builtins6fn_def9signature13binder_buckets_0B9_
FN:179,_RNvNtNtNtCseriWsCb5ev6_4koan8builtins6fn_def9signature11binder_name
FN:197,_RNvNtNtNtCseriWsCb5ev6_4koan8builtins6fn_def9signature13binder_bucket
FN:61,_RNvNtNtNtCseriWsCb5ev6_4koan8builtins6fn_def9signature19parse_fn_param_list
FN:255,_RNvNtNtNtCseriWsCb5ev6_4koan8builtins6fn_def9signature19signature_expr_part
FN:11,_RNvNtNtNtCseriWsCb5ev6_4koan8builtins6fn_def9signature34collect_param_names_from_signature
FN:212,_RNCNvNtNtNtCseriWsCb5ev6_4koan8builtins6fn_def9signature13binder_bucket0B9_
FN:230,_RNCNvNtNtNtCseriWsCb5ev6_4koan8builtins6fn_def9signature13binder_buckets_0B9_
FNDA:34,_RNvNtNtNtCscUx3zdyuqfq_4koan8builtins6fn_def9signature13binder_bucket
FNDA:24,_RNvNtNtNtCscUx3zdyuqfq_4koan8builtins6fn_def9signature19parse_fn_param_list
FNDA:34,_RNvNtNtNtCscUx3zdyuqfq_4koan8builtins6fn_def9signature19signature_expr_part
FNDA:16,_RNvNtNtNtCscUx3zdyuqfq_4koan8builtins6fn_def9signature34collect_param_names_from_signature
FNDA:0,_RNvNtNtNtCscUx3zdyuqfq_4koan8builtins6fn_def9signature11binder_name
FNDA:27,_RNCNvNtNtNtCscUx3zdyuqfq_4koan8builtins6fn_def9signature13binder_bucket0B9_
FNDA:11,_RNCNvNtNtNtCscUx3zdyuqfq_4koan8builtins6fn_def9signature13binder_buckets_0B9_
FNDA:1,_RNvNtNtNtCseriWsCb5ev6_4koan8builtins6fn_def9signature11binder_name
FNDA:467,_RNvNtNtNtCseriWsCb5ev6_4koan8builtins6fn_def9signature13binder_bucket
FNDA:302,_RNvNtNtNtCseriWsCb5ev6_4koan8builtins6fn_def9signature19parse_fn_param_list
FNDA:468,_RNvNtNtNtCseriWsCb5ev6_4koan8builtins6fn_def9signature19signature_expr_part
FNDA:225,_RNvNtNtNtCseriWsCb5ev6_4koan8builtins6fn_def9signature34collect_param_names_from_signature
FNDA:322,_RNCNvNtNtNtCseriWsCb5ev6_4koan8builtins6fn_def9signature13binder_bucket0B9_
FNDA:49,_RNCNvNtNtNtCseriWsCb5ev6_4koan8builtins6fn_def9signature13binder_buckets_0B9_
FNF:7
FNH:7
DA:11,241
DA:12,241
DA:13,241
DA:14,241
DA:15,689
DA:16,448
DA:17,176
DA:18,29
DA:19,243
DA:21,448
DA:22,205
DA:23,205
DA:24,203
DA:31,205
DA:32,203
DA:33,203
DA:34,203
DA:35,2
DA:36,243
DA:37,245
DA:39,241
DA:40,241
DA:61,326
DA:62,326
DA:63,326
DA:64,326
DA:65,326
DA:66,326
DA:67,326
DA:68,326
DA:69,326
DA:70,326
DA:71,933
DA:74,609
DA:75,242
DA:76,39
DA:77,328
DA:79,609
DA:80,328
DA:81,328
DA:82,328
DA:83,328
DA:84,281
DA:85,281
DA:86,58
DA:87,162
DA:88,162
DA:89,143
DA:90,143
DA:91,143
DA:92,143
DA:93,143
DA:94,143
DA:95,17
DA:96,17
DA:97,17
DA:98,2
DA:99,2
DA:100,2
DA:101,2
DA:102,0
DA:104,162
DA:106,1
DA:107,1
DA:108,1
DA:109,1
DA:110,46
DA:111,46
DA:112,46
DA:113,46
DA:114,46
DA:115,46
DA:116,46
DA:117,46
DA:118,46
DA:119,46
DA:120,12
DA:121,12
DA:122,12
DA:123,12
DA:124,12
DA:125,12
DA:126,12
DA:127,12
DA:128,12
DA:129,58
DA:130,58
DA:131,58
DA:132,58
DA:133,58
DA:134,58
DA:135,58
DA:136,0
DA:137,0
DA:138,0
DA:139,0
DA:140,0
DA:141,0
DA:144,2
DA:145,2
DA:146,2
DA:147,2
DA:151,0
DA:152,0
DA:153,0
DA:154,0
DA:155,0
DA:157,0
DA:158,0
DA:159,0
DA:160,0
DA:161,0
DA:165,324
DA:166,2
DA:167,322
DA:168,322
DA:169,76
DA:170,76
DA:171,76
DA:172,76
DA:173,246
DA:174,246
DA:175,326
DA:179,1
DA:180,1
DA:181,1
DA:182,1
DA:183,1
DA:184,0
DA:186,0
DA:187,1
DA:197,501
DA:198,501
DA:199,501
DA:201,501
DA:202,485
DA:203,485
DA:204,485
DA:205,1387
DA:206,902
DA:207,489
DA:208,489
DA:209,489
DA:210,489
DA:212,353
DA:213,0
DA:214,349
DA:221,349
DA:222,353
DA:223,349
DA:224,349
DA:225,349
DA:226,4
DA:227,4
DA:230,60
DA:231,0
DA:232,60
DA:239,60
DA:240,60
DA:241,60
DA:242,60
DA:243,60
DA:244,0
DA:245,0
DA:247,0
DA:248,0
DA:249,0
DA:252,485
DA:253,501
DA:255,502
DA:256,502
DA:257,502
DA:258,486
DA:259,16
DA:261,502
BRF:0
BRH:0
LF:177
LH:151
end_of_record
SF:/var/home/jack/Code/koan/src/builtins/functor_def.rs
FN:106,_RNCNvNtNtCscUx3zdyuqfq_4koan8builtins11functor_def4body0B7_
FN:140,_RNvNtNtCscUx3zdyuqfq_4koan8builtins11functor_def19collect_param_types
FN:40,_RNvNtNtCscUx3zdyuqfq_4koan8builtins11functor_def4body
FN:171,_RNvNtNtCscUx3zdyuqfq_4koan8builtins11functor_def8register
FN:106,_RNCNvNtNtCseriWsCb5ev6_4koan8builtins11functor_def4body0B7_
FN:140,_RNvNtNtCseriWsCb5ev6_4koan8builtins11functor_def19collect_param_types
FN:40,_RNvNtNtCseriWsCb5ev6_4koan8builtins11functor_def4body
FN:171,_RNvNtNtCseriWsCb5ev6_4koan8builtins11functor_def8register
FNDA:7,_RNCNvNtNtCscUx3zdyuqfq_4koan8builtins11functor_def4body0B7_
FNDA:7,_RNvNtNtCscUx3zdyuqfq_4koan8builtins11functor_def19collect_param_types
FNDA:7,_RNvNtNtCscUx3zdyuqfq_4koan8builtins11functor_def4body
FNDA:42,_RNvNtNtCscUx3zdyuqfq_4koan8builtins11functor_def8register
FNDA:16,_RNCNvNtNtCseriWsCb5ev6_4koan8builtins11functor_def4body0B7_
FNDA:18,_RNvNtNtCseriWsCb5ev6_4koan8builtins11functor_def19collect_param_types
FNDA:18,_RNvNtNtCseriWsCb5ev6_4koan8builtins11functor_def4body
FNDA:492,_RNvNtNtCseriWsCb5ev6_4koan8builtins11functor_def8register
FNF:4
FNH:4
DA:40,25
DA:41,25
DA:42,25
DA:43,25
DA:44,25
DA:45,25
DA:46,25
DA:48,0
DA:49,0
DA:50,0
DA:53,25
DA:54,25
DA:55,0
DA:57,25
DA:58,25
DA:60,0
DA:61,0
DA:62,0
DA:65,25
DA:70,25
DA:73,25
DA:77,25
DA:78,25
DA:79,25
DA:80,25
DA:81,25
DA:82,25
DA:83,25
DA:84,25
DA:85,0
DA:87,25
DA:88,2
DA:89,23
DA:91,23
DA:92,12
DA:93,0
DA:95,11
DA:96,11
DA:97,11
DA:98,11
DA:99,11
DA:100,11
DA:104,23
DA:105,23
DA:106,23
DA:107,23
DA:109,23
DA:111,11
DA:112,11
DA:113,11
DA:114,11
DA:115,11
DA:116,11
DA:117,11
DA:118,11
DA:119,11
DA:121,12
DA:124,12
DA:125,12
DA:126,12
DA:127,12
DA:128,12
DA:129,12
DA:130,12
DA:131,12
DA:135,25
DA:140,25
DA:141,25
DA:142,25
DA:143,25
DA:145,25
DA:146,25
DA:147,25
DA:148,25
DA:149,75
DA:150,50
DA:151,7
DA:152,18
DA:153,25
DA:155,50
DA:156,25
DA:157,25
DA:158,25
DA:159,14
DA:160,14
DA:161,0
DA:162,0
DA:163,25
DA:164,25
DA:165,25
DA:166,25
DA:168,25
DA:169,25
DA:171,534
DA:178,534
DA:179,534
DA:180,534
DA:181,534
DA:182,534
DA:183,534
DA:184,534
DA:185,534
DA:186,534
DA:187,534
DA:188,534
DA:189,534
DA:192,534
DA:193,534
DA:194,534
DA:199,534
DA:200,534
DA:201,534
DA:202,534
DA:203,534
DA:204,534
DA:205,534
DA:206,534
DA:207,534
DA:208,534
DA:209,534
DA:210,534
DA:213,534
DA:214,534
DA:215,534
DA:218,534
BRF:0
BRH:0
LF:126
LH:115
end_of_record
SF:/var/home/jack/Code/koan/src/builtins/let_binding.rs
FN:242,_RNvNtNtCscUx3zdyuqfq_4koan8builtins11let_binding11binder_name
FN:215,_RNvNtNtCscUx3zdyuqfq_4koan8builtins11let_binding18type_side_identity
FN:227,_RNvNtNtCscUx3zdyuqfq_4koan8builtins11let_binding21capitalize_identifier
FN:196,_RNvNtNtCscUx3zdyuqfq_4koan8builtins11let_binding28is_admissible_type_class_rhs
FN:13,_RNvNtNtCscUx3zdyuqfq_4koan8builtins11let_binding4body
FN:250,_RNvNtNtCscUx3zdyuqfq_4koan8builtins11let_binding8register
FN:23,_RNCNvNtNtCscUx3zdyuqfq_4koan8builtins11let_binding4body0B7_
FN:23,_RNCNvNtNtCseriWsCb5ev6_4koan8builtins11let_binding4body0B7_
FN:242,_RNvNtNtCseriWsCb5ev6_4koan8builtins11let_binding11binder_name
FN:215,_RNvNtNtCseriWsCb5ev6_4koan8builtins11let_binding18type_side_identity
FN:227,_RNvNtNtCseriWsCb5ev6_4koan8builtins11let_binding21capitalize_identifier
FN:196,_RNvNtNtCseriWsCb5ev6_4koan8builtins11let_binding28is_admissible_type_class_rhs
FN:13,_RNvNtNtCseriWsCb5ev6_4koan8builtins11let_binding4body
FN:250,_RNvNtNtCseriWsCb5ev6_4koan8builtins11let_binding8register
FNDA:161,_RNvNtNtCscUx3zdyuqfq_4koan8builtins11let_binding11binder_name
FNDA:22,_RNvNtNtCscUx3zdyuqfq_4koan8builtins11let_binding18type_side_identity
FNDA:0,_RNvNtNtCscUx3zdyuqfq_4koan8builtins11let_binding21capitalize_identifier
FNDA:22,_RNvNtNtCscUx3zdyuqfq_4koan8builtins11let_binding28is_admissible_type_class_rhs
FNDA:57,_RNvNtNtCscUx3zdyuqfq_4koan8builtins11let_binding4body
FNDA:42,_RNvNtNtCscUx3zdyuqfq_4koan8builtins11let_binding8register
FNDA:57,_RNCNvNtNtCscUx3zdyuqfq_4koan8builtins11let_binding4body0B7_
FNDA:354,_RNCNvNtNtCseriWsCb5ev6_4koan8builtins11let_binding4body0B7_
FNDA:899,_RNvNtNtCseriWsCb5ev6_4koan8builtins11let_binding11binder_name
FNDA:109,_RNvNtNtCseriWsCb5ev6_4koan8builtins11let_binding18type_side_identity
FNDA:4,_RNvNtNtCseriWsCb5ev6_4koan8builtins11let_binding21capitalize_identifier
FNDA:112,_RNvNtNtCseriWsCb5ev6_4koan8builtins11let_binding28is_admissible_type_class_rhs
FNDA:355,_RNvNtNtCseriWsCb5ev6_4koan8builtins11let_binding4body
FNDA:492,_RNvNtNtCseriWsCb5ev6_4koan8builtins11let_binding8register
FNF:7
FNH:7
DA:13,412
DA:14,412
DA:15,412
DA:16,412
DA:17,412
DA:21,412
DA:22,412
DA:23,412
DA:24,412
DA:25,412
DA:26,412
DA:27,0
DA:33,412
DA:34,412
DA:35,277
DA:40,277
DA:41,1
DA:42,1
DA:43,1
DA:44,274
DA:46,277
DA:47,3
DA:48,3
DA:49,3
DA:50,3
DA:51,3
DA:52,3
DA:53,3
DA:54,3
DA:55,274
DA:56,274
DA:58,104
DA:59,104
DA:60,104
DA:61,3
DA:62,3
DA:63,3
DA:64,3
DA:65,101
DA:71,101
DA:72,101
DA:75,31
DA:82,1
DA:83,1
DA:84,1
DA:85,1
DA:88,30
DA:89,30
DA:90,0
DA:91,0
DA:92,0
DA:93,0
DA:94,30
DA:100,30
DA:101,30
DA:104,0
DA:105,0
DA:106,0
DA:107,0
DA:108,0
DA:109,0
DA:111,0
DA:116,405
DA:117,2
DA:118,2
DA:119,2
DA:120,2
DA:121,403
DA:122,403
DA:123,403
DA:124,403
DA:125,403
DA:142,131
DA:143,6
DA:144,6
DA:145,6
DA:146,4
DA:148,131
DA:149,27
DA:150,27
DA:151,27
DA:152,27
DA:154,104
DA:156,131
DA:164,24
DA:165,1
DA:166,1
DA:167,1
DA:168,1
DA:169,1
DA:170,1
DA:171,271
DA:175,271
DA:176,1
DA:177,1
DA:178,1
DA:179,1
DA:180,1
DA:181,270
DA:182,270
DA:183,1
DA:184,269
DA:186,400
DA:187,412
DA:196,134
DA:197,134
DA:198,125
DA:199,9
DA:200,9
DA:201,7
DA:202,2
DA:203,2
DA:204,134
DA:215,131
DA:216,6
DA:217,125
DA:218,6
DA:219,0
DA:221,131
DA:227,4
DA:228,4
DA:229,4
DA:230,4
DA:231,4
DA:232,4
DA:233,4
DA:234,4
DA:236,0
DA:238,4
DA:242,1060
DA:243,1060
DA:244,705
DA:245,352
DA:246,3
DA:248,1060
DA:250,534
DA:251,534
DA:252,534
DA:253,534
DA:254,534
DA:255,534
DA:256,534
DA:257,534
DA:258,534
DA:259,534
DA:260,534
DA:263,534
DA:264,534
DA:266,534
DA:267,534
DA:268,534
DA:269,534
DA:270,534
DA:271,534
DA:272,534
DA:273,534
DA:274,534
DA:275,534
DA:278,534
DA:279,534
DA:281,534
BRF:0
BRH:0
LF:162
LH:148
end_of_record
SF:/var/home/jack/Code/koan/src/builtins/match_case.rs
FN:98,_RNCNvNtNtCscUx3zdyuqfq_4koan8builtins10match_case4body0B7_
FN:27,_RNvNtNtCscUx3zdyuqfq_4koan8builtins10match_case4body
FN:109,_RNvNtNtCscUx3zdyuqfq_4koan8builtins10match_case8register
FN:27,_RNvNtNtCseriWsCb5ev6_4koan8builtins10match_case4body
FN:109,_RNvNtNtCseriWsCb5ev6_4koan8builtins10match_case8register
FN:135,_RNvNtNtNtCseriWsCb5ev6_4koan8builtins10match_case5tests11run_program
FN:174,_RNvNtNtNtCseriWsCb5ev6_4koan8builtins10match_case5testss_25match_inexhaustive_errors
FN:154,_RNvNtNtNtCseriWsCb5ev6_4koan8builtins10match_case5testss_29match_binds_inner_value_to_it
FN:250,_RNvNtNtNtCseriWsCb5ev6_4koan8builtins10match_case5testss_29recursive_tagged_match_no_uaf
FN:265,_RNvNtNtNtCseriWsCb5ev6_4koan8builtins10match_case5testss_33match_on_bool_inexhaustive_errors
FN:234,_RNvNtNtNtCseriWsCb5ev6_4koan8builtins10match_case5testss_36match_on_bool_true_takes_true_branch
FN:164,_RNvNtNtNtCseriWsCb5ev6_4koan8builtins10match_case5testss_37match_does_not_run_unmatched_branches
FN:242,_RNvNtNtNtCseriWsCb5ev6_4koan8builtins10match_case5testss_38match_on_bool_false_takes_false_branch
FN:144,_RNvNtNtNtCseriWsCb5ev6_4koan8builtins10match_case5testss_40match_dispatches_branch_for_matching_tag
FN:224,_RNvNtNtNtCseriWsCb5ev6_4koan8builtins10match_case5testss_40match_other_branch_runs_when_tag_matches
FN:192,_RNvNtNtNtCseriWsCb5ev6_4koan8builtins10match_case5testss_47match_arm_violating_declared_return_type_errors
FN:279,_RNvNtNtNtCseriWsCb5ev6_4koan8builtins10match_case5testss_47multi_statement_match_branch_returns_last_value
FN:211,_RNvNtNtNtCseriWsCb5ev6_4koan8builtins10match_case5testss_54match_value_is_admissible_against_declared_return_slot
FN:294,_RNvNtNtNtCseriWsCb5ev6_4koan8builtins10match_case5testss_59fn_recursion_with_multi_statement_body_via_match_terminates
FN:98,_RNCNvNtNtCseriWsCb5ev6_4koan8builtins10match_case4body0B7_
FNDA:0,_RNCNvNtNtCscUx3zdyuqfq_4koan8builtins10match_case4body0B7_
FNDA:0,_RNvNtNtCscUx3zdyuqfq_4koan8builtins10match_case4body
FNDA:42,_RNvNtNtCscUx3zdyuqfq_4koan8builtins10match_case8register
FNDA:71,_RNvNtNtCseriWsCb5ev6_4koan8builtins10match_case4body
FNDA:492,_RNvNtNtCseriWsCb5ev6_4koan8builtins10match_case8register
FNDA:10,_RNvNtNtNtCseriWsCb5ev6_4koan8builtins10match_case5tests11run_program
FNDA:1,_RNvNtNtNtCseriWsCb5ev6_4koan8builtins10match_case5testss_25match_inexhaustive_errors
FNDA:1,_RNvNtNtNtCseriWsCb5ev6_4koan8builtins10match_case5testss_29match_binds_inner_value_to_it
FNDA:1,_RNvNtNtNtCseriWsCb5ev6_4koan8builtins10match_case5testss_29recursive_tagged_match_no_uaf
FNDA:1,_RNvNtNtNtCseriWsCb5ev6_4koan8builtins10match_case5testss_33match_on_bool_inexhaustive_errors
FNDA:1,_RNvNtNtNtCseriWsCb5ev6_4koan8builtins10match_case5testss_36match_on_bool_true_takes_true_branch
FNDA:1,_RNvNtNtNtCseriWsCb5ev6_4koan8builtins10match_case5testss_37match_does_not_run_unmatched_branches
FNDA:1,_RNvNtNtNtCseriWsCb5ev6_4koan8builtins10match_case5testss_38match_on_bool_false_takes_false_branch
FNDA:1,_RNvNtNtNtCseriWsCb5ev6_4koan8builtins10match_case5testss_40match_dispatches_branch_for_matching_tag
FNDA:1,_RNvNtNtNtCseriWsCb5ev6_4koan8builtins10match_case5testss_40match_other_branch_runs_when_tag_matches
FNDA:1,_RNvNtNtNtCseriWsCb5ev6_4koan8builtins10match_case5testss_47match_arm_violating_declared_return_type_errors
FNDA:1,_RNvNtNtNtCseriWsCb5ev6_4koan8builtins10match_case5testss_47multi_statement_match_branch_returns_last_value
FNDA:1,_RNvNtNtNtCseriWsCb5ev6_4koan8builtins10match_case5testss_54match_value_is_admissible_against_declared_return_slot
FNDA:1,_RNvNtNtNtCseriWsCb5ev6_4koan8builtins10match_case5testss_59fn_recursion_with_multi_statement_body_via_match_terminates
FNDA:1,_RNCNvNtNtCseriWsCb5ev6_4koan8builtins10match_case4body0B7_
FNF:17
FNH:17
DA:27,71
DA:28,71
DA:29,71
DA:30,71
DA:31,71
DA:32,71
DA:33,64
DA:34,7
DA:35,7
DA:36,5
DA:38,2
DA:40,7
DA:42,0
DA:43,0
DA:44,0
DA:45,0
DA:46,0
DA:47,0
DA:49,0
DA:51,71
DA:52,71
DA:53,71
DA:54,71
DA:55,71
DA:56,71
DA:57,71
DA:58,0
DA:60,71
DA:61,71
DA:63,0
DA:64,0
DA:65,0
DA:68,71
DA:69,68
DA:71,3
DA:72,3
DA:73,3
DA:74,3
DA:76,0
DA:79,68
DA:80,68
DA:81,68
DA:84,68
DA:87,68
DA:88,68
DA:89,68
DA:90,68
DA:91,1
DA:92,1
DA:93,1
DA:94,1
DA:95,1
DA:96,1
DA:97,1
DA:98,1
DA:99,1
DA:100,1
DA:102,1
DA:104,67
DA:105,67
DA:107,71
DA:109,534
DA:110,534
DA:111,534
DA:112,534
DA:113,534
DA:114,534
DA:115,534
DA:116,534
DA:117,534
DA:118,534
DA:119,534
DA:120,534
DA:121,534
DA:124,534
DA:126,534
DA:135,10
DA:136,10
DA:137,10
DA:138,10
DA:139,10
DA:140,10
DA:141,10
DA:144,1
DA:145,1
DA:146,1
DA:147,1
DA:148,1
DA:150,1
DA:151,1
DA:154,1
DA:155,1
DA:156,1
DA:157,1
DA:158,1
DA:160,1
DA:161,1
DA:164,1
DA:165,1
DA:166,1
DA:167,1
DA:168,1
DA:170,1
DA:171,1
DA:174,1
DA:175,1
DA:176,1
DA:177,1
DA:178,1
DA:179,1
DA:181,1
DA:182,1
DA:183,1
DA:185,1
DA:186,1
DA:189,1
DA:192,1
DA:193,1
DA:194,1
DA:195,1
DA:196,1
DA:197,1
DA:200,1
DA:201,1
DA:202,1
DA:204,1
DA:205,1
DA:208,1
DA:211,1
DA:214,1
DA:215,1
DA:216,1
DA:217,1
DA:218,1
DA:220,1
DA:221,1
DA:224,1
DA:225,1
DA:226,1
DA:227,1
DA:228,1
DA:230,1
DA:231,1
DA:234,1
DA:235,1
DA:236,1
DA:238,1
DA:239,1
DA:242,1
DA:243,1
DA:244,1
DA:246,1
DA:247,1
DA:250,1
DA:253,1
DA:254,1
DA:255,1
DA:256,1
DA:257,1
DA:258,1
DA:259,1
DA:261,1
DA:262,1
DA:265,1
DA:266,1
DA:267,1
DA:268,1
DA:269,1
DA:270,1
DA:272,1
DA:273,1
DA:276,1
DA:279,1
DA:280,1
DA:281,1
DA:282,1
DA:283,1
DA:284,1
DA:285,1
DA:286,1
DA:288,1
DA:289,1
DA:290,1
DA:291,1
DA:294,1
DA:295,1
DA:296,1
DA:297,1
DA:298,1
DA:299,1
DA:300,1
DA:301,1
DA:302,1
DA:303,1
DA:304,1
DA:306,1
DA:307,1
DA:308,1
BRF:0
BRH:0
LF:199
LH:187
end_of_record
SF:/var/home/jack/Code/koan/src/builtins/module_def.rs
FN:123,_RNvNtNtCscUx3zdyuqfq_4koan8builtins10module_def11binder_name
FN:25,_RNvNtNtCscUx3zdyuqfq_4koan8builtins10module_def4body
FN:127,_RNvNtNtCscUx3zdyuqfq_4koan8builtins10module_def8register
FN:55,_RNCNvNtNtCscUx3zdyuqfq_4koan8builtins10module_def4body0B7_
FN:58,_RNCNvNtNtCscUx3zdyuqfq_4koan8builtins10module_def4bodys_0B7_
FN:123,_RNvNtNtCseriWsCb5ev6_4koan8builtins10module_def11binder_name
FN:25,_RNvNtNtCseriWsCb5ev6_4koan8builtins10module_def4body
FN:127,_RNvNtNtCseriWsCb5ev6_4koan8builtins10module_def8register
FN:55,_RNCNvNtNtCseriWsCb5ev6_4koan8builtins10module_def4body0B7_
FN:58,_RNCNvNtNtCseriWsCb5ev6_4koan8builtins10module_def4bodys_0B7_
FN:154,_RNvNtNtNtCseriWsCb5ev6_4koan8builtins10module_def5tests14resolve_module
FN:216,_RNvNtNtNtCseriWsCb5ev6_4koan8builtins10module_def5testss_28module_unknown_member_errors
FN:184,_RNvNtNtNtCseriWsCb5ev6_4koan8builtins10module_def5testss_29module_member_access_via_attr
FN:162,_RNvNtNtNtCseriWsCb5ev6_4koan8builtins10module_def5testss_32binder_name_extracts_module_name
FN:169,_RNvNtNtNtCseriWsCb5ev6_4koan8builtins10module_def5testss_32module_binds_under_name_in_scope
FN:202,_RNvNtNtNtCseriWsCb5ev6_4koan8builtins10module_def5testss_33module_member_function_via_let_fn
FN:288,_RNvNtNtNtCseriWsCb5ev6_4koan8builtins10module_def5testss_36module_body_dispatch_does_not_dangle
FN:240,_RNvNtNtNtCseriWsCb5ev6_4koan8builtins10module_def5testss_38module_body_parks_on_outer_placeholder
FN:250,_RNvNtNtNtCseriWsCb5ev6_4koan8builtins10module_def5testss_41module_body_error_short_circuits_finalize
FN:193,_RNvNtNtNtCseriWsCb5ev6_4koan8builtins10module_def5testss_41module_with_multiple_statements_in_parens
FN:229,_RNvNtNtNtCseriWsCb5ev6_4koan8builtins10module_def5testss_41nested_module_accessible_via_chained_attr
FN:264,_RNvNtNtNtCseriWsCb5ev6_4koan8builtins10module_def5testss_50module_finalize_short_circuits_on_idempotent_state
FNDA:36,_RNvNtNtCscUx3zdyuqfq_4koan8builtins10module_def11binder_name
FNDA:21,_RNvNtNtCscUx3zdyuqfq_4koan8builtins10module_def4body
FNDA:42,_RNvNtNtCscUx3zdyuqfq_4koan8builtins10module_def8register
FNDA:21,_RNCNvNtNtCscUx3zdyuqfq_4koan8builtins10module_def4body0B7_
FNDA:20,_RNCNvNtNtCscUx3zdyuqfq_4koan8builtins10module_def4bodys_0B7_
FNDA:139,_RNvNtNtCseriWsCb5ev6_4koan8builtins10module_def11binder_name
FNDA:79,_RNvNtNtCseriWsCb5ev6_4koan8builtins10module_def4body
FNDA:492,_RNvNtNtCseriWsCb5ev6_4koan8builtins10module_def8register
FNDA:79,_RNCNvNtNtCseriWsCb5ev6_4koan8builtins10module_def4body0B7_
FNDA:77,_RNCNvNtNtCseriWsCb5ev6_4koan8builtins10module_def4bodys_0B7_
FNDA:3,_RNvNtNtNtCseriWsCb5ev6_4koan8builtins10module_def5tests14resolve_module
FNDA:1,_RNvNtNtNtCseriWsCb5ev6_4koan8builtins10module_def5testss_28module_unknown_member_errors
FNDA:1,_RNvNtNtNtCseriWsCb5ev6_4koan8builtins10module_def5testss_29module_member_access_via_attr
FNDA:1,_RNvNtNtNtCseriWsCb5ev6_4koan8builtins10module_def5testss_32binder_name_extracts_module_name
FNDA:1,_RNvNtNtNtCseriWsCb5ev6_4koan8builtins10module_def5testss_32module_binds_under_name_in_scope
FNDA:1,_RNvNtNtNtCseriWsCb5ev6_4koan8builtins10module_def5testss_33module_member_function_via_let_fn
FNDA:1,_RNvNtNtNtCseriWsCb5ev6_4koan8builtins10module_def5testss_36module_body_dispatch_does_not_dangle
FNDA:1,_RNvNtNtNtCseriWsCb5ev6_4koan8builtins10module_def5testss_38module_body_parks_on_outer_placeholder
FNDA:1,_RNvNtNtNtCseriWsCb5ev6_4koan8builtins10module_def5testss_41module_body_error_short_circuits_finalize
FNDA:1,_RNvNtNtNtCseriWsCb5ev6_4koan8builtins10module_def5testss_41module_with_multiple_statements_in_parens
FNDA:1,_RNvNtNtNtCseriWsCb5ev6_4koan8builtins10module_def5testss_41nested_module_accessible_via_chained_attr
FNDA:1,_RNvNtNtNtCseriWsCb5ev6_4koan8builtins10module_def5testss_50module_finalize_short_circuits_on_idempotent_state
FNF:17
FNH:17
DA:25,100
DA:26,100
DA:27,100
DA:28,100
DA:29,100
DA:31,100
DA:32,100
DA:33,0
DA:35,100
DA:36,100
DA:38,0
DA:39,0
DA:40,0
DA:44,100
DA:45,100
DA:47,100
DA:51,100
DA:53,100
DA:54,100
DA:55,100
DA:56,100
DA:57,100
DA:58,100
DA:62,97
DA:63,97
DA:64,1
DA:65,1
DA:66,1
DA:67,1
DA:68,1
DA:69,96
DA:70,96
DA:71,96
DA:72,96
DA:80,96
DA:81,96
DA:82,96
DA:83,96
DA:84,96
DA:85,20
DA:86,0
DA:87,20
DA:88,20
DA:91,96
DA:92,96
DA:93,96
DA:94,96
DA:101,96
DA:102,96
DA:103,96
DA:104,96
DA:105,96
DA:106,96
DA:107,96
DA:108,96
DA:109,96
DA:110,96
DA:111,96
DA:112,0
DA:113,0
DA:114,0
DA:115,0
DA:117,97
DA:118,100
DA:119,100
DA:120,100
DA:123,175
DA:124,175
DA:125,175
DA:127,534
DA:128,534
DA:129,534
DA:130,534
DA:131,534
DA:132,534
DA:133,534
DA:134,534
DA:135,534
DA:136,534
DA:137,534
DA:140,534
DA:141,534
DA:143,534
DA:154,3
DA:155,3
DA:156,3
DA:157,0
DA:159,3
DA:162,1
DA:163,1
DA:164,1
DA:165,1
DA:166,1
DA:169,1
DA:170,1
DA:171,1
DA:172,1
DA:173,1
DA:174,1
DA:177,1
DA:178,1
DA:181,1
DA:184,1
DA:185,1
DA:186,1
DA:187,1
DA:188,1
DA:189,1
DA:190,1
DA:193,1
DA:194,1
DA:195,1
DA:196,1
DA:197,1
DA:198,1
DA:199,1
DA:202,1
DA:205,1
DA:206,1
DA:207,1
DA:208,1
DA:209,1
DA:211,1
DA:212,1
DA:213,1
DA:216,1
DA:217,1
DA:218,1
DA:219,1
DA:220,1
DA:221,1
DA:222,1
DA:223,1
DA:226,1
DA:229,1
DA:230,1
DA:231,1
DA:232,1
DA:233,1
DA:234,1
DA:235,1
DA:240,1
DA:241,1
DA:242,1
DA:243,1
DA:244,1
DA:245,1
DA:246,1
DA:250,1
DA:251,1
DA:252,1
DA:253,1
DA:254,1
DA:255,1
DA:258,1
DA:264,1
DA:265,1
DA:266,1
DA:267,1
DA:268,1
DA:269,1
DA:271,1
DA:272,1
DA:273,1
DA:274,1
DA:275,1
DA:279,1
DA:280,1
DA:281,1
DA:282,1
DA:283,1
DA:288,1
DA:289,1
DA:290,1
DA:291,1
DA:292,1
DA:293,1
DA:294,1
DA:295,1
DA:296,1
BRF:0
BRH:0
LF:182
LH:172
end_of_record
SF:/var/home/jack/Code/koan/src/builtins/newtype_def.rs
FN:277,_RNCNCNvNtNtCscUx3zdyuqfq_4koan8builtins11newtype_def23finalize_record_newtype00B9_
FN:176,_RNCNvNtNtCscUx3zdyuqfq_4koan8builtins11newtype_def16body_record_repr0B7_
FN:317,_RNCNvNtNtCscUx3zdyuqfq_4koan8builtins11newtype_def20defer_resolved_sigil0B7_
FN:243,_RNCNvNtNtCscUx3zdyuqfq_4koan8builtins11newtype_def21elaborate_record_repr0B7_
FN:273,_RNCNvNtNtCscUx3zdyuqfq_4koan8builtins11newtype_def23finalize_record_newtype0B7_
FN:61,_RNCNvNtNtCscUx3zdyuqfq_4koan8builtins11newtype_def4body0B7_
FN:93,_RNCNvNtNtCscUx3zdyuqfq_4koan8builtins11newtype_def4bodys_0B7_
FN:329,_RNvNtNtCscUx3zdyuqfq_4koan8builtins11newtype_def11binder_name
FN:164,_RNvNtNtCscUx3zdyuqfq_4koan8builtins11newtype_def16body_record_repr
FN:131,_RNvNtNtCscUx3zdyuqfq_4koan8builtins11newtype_def16finalize_newtype
FN:306,_RNvNtNtCscUx3zdyuqfq_4koan8builtins11newtype_def20defer_resolved_sigil
FN:194,_RNvNtNtCscUx3zdyuqfq_4koan8builtins11newtype_def21elaborate_record_repr
FN:256,_RNvNtNtCscUx3zdyuqfq_4koan8builtins11newtype_def23finalize_record_newtype
FN:47,_RNvNtNtCscUx3zdyuqfq_4koan8builtins11newtype_def4body
FN:333,_RNvNtNtCscUx3zdyuqfq_4koan8builtins11newtype_def8register
FN:277,_RNCNCNvNtNtCseriWsCb5ev6_4koan8builtins11newtype_def23finalize_record_newtype00B9_
FN:176,_RNCNvNtNtCseriWsCb5ev6_4koan8builtins11newtype_def16body_record_repr0B7_
FN:317,_RNCNvNtNtCseriWsCb5ev6_4koan8builtins11newtype_def20defer_resolved_sigil0B7_
FN:243,_RNCNvNtNtCseriWsCb5ev6_4koan8builtins11newtype_def21elaborate_record_repr0B7_
FN:273,_RNCNvNtNtCseriWsCb5ev6_4koan8builtins11newtype_def23finalize_record_newtype0B7_
FN:61,_RNCNvNtNtCseriWsCb5ev6_4koan8builtins11newtype_def4body0B7_
FN:93,_RNCNvNtNtCseriWsCb5ev6_4koan8builtins11newtype_def4bodys_0B7_
FN:329,_RNvNtNtCseriWsCb5ev6_4koan8builtins11newtype_def11binder_name
FN:164,_RNvNtNtCseriWsCb5ev6_4koan8builtins11newtype_def16body_record_repr
FN:131,_RNvNtNtCseriWsCb5ev6_4koan8builtins11newtype_def16finalize_newtype
FN:306,_RNvNtNtCseriWsCb5ev6_4koan8builtins11newtype_def20defer_resolved_sigil
FN:194,_RNvNtNtCseriWsCb5ev6_4koan8builtins11newtype_def21elaborate_record_repr
FN:256,_RNvNtNtCseriWsCb5ev6_4koan8builtins11newtype_def23finalize_record_newtype
FN:47,_RNvNtNtCseriWsCb5ev6_4koan8builtins11newtype_def4body
FN:333,_RNvNtNtCseriWsCb5ev6_4koan8builtins11newtype_def8register
FN:404,_RNvNtNtNtCseriWsCb5ev6_4koan8builtins11newtype_def5tests13record_fields
FN:738,_RNvNtNtNtCseriWsCb5ev6_4koan8builtins11newtype_def5testss_28construct_arity_zero_rejects
FN:759,_RNvNtNtNtCseriWsCb5ev6_4koan8builtins11newtype_def5testss_29construct_with_operator_value
FN:431,_RNvNtNtNtCseriWsCb5ev6_4koan8builtins11newtype_def5testss_30declare_mints_newtype_identity
FN:646,_RNvNtNtNtCseriWsCb5ev6_4koan8builtins11newtype_def5testss_30newtype_over_newtype_collapses
FN:717,_RNvNtNtNtCseriWsCb5ev6_4koan8builtins11newtype_def5testss_31construct_with_identifier_value
FN:483,_RNvNtNtNtCseriWsCb5ev6_4koan8builtins11newtype_def5testss_35construct_rejects_non_matching_repr
FN:461,_RNvNtNtNtCseriWsCb5ev6_4koan8builtins11newtype_def5testss_35construct_wraps_repr_matching_value
FN:593,_RNvNtNtNtCseriWsCb5ev6_4koan8builtins11newtype_def5testss_42nested_record_field_threads_self_reference
FN:548,_RNvNtNtNtCseriWsCb5ev6_4koan8builtins11newtype_def5testss_42record_repr_self_recursion_seals_set_local
FN:675,_RNvNtNtNtCseriWsCb5ev6_4koan8builtins11newtype_def5testss_43dispatch_distinguishes_distance_from_number
FN:572,_RNvNtNtNtCseriWsCb5ev6_4koan8builtins11newtype_def5testss_46record_repr_list_of_self_field_seals_set_local
FN:527,_RNvNtNtNtCseriWsCb5ev6_4koan8builtins11newtype_def5testss_47unknown_repr_errors_without_leaking_placeholder
FN:501,_RNvNtNtNtCseriWsCb5ev6_4koan8builtins11newtype_def5testss_49dependent_newtype_parks_on_record_repr_dependency
FN:620,_RNvNtNtNtCseriWsCb5ev6_4koan8builtins11newtype_def5testss_54sigil_repr_non_record_seals_newtype_over_resolved_type
FN:416,_RNCNvNtNtNtCseriWsCb5ev6_4koan8builtins11newtype_def5tests13record_fields0B9_
FN:601,_RNCNvNtNtNtCseriWsCb5ev6_4koan8builtins11newtype_def5testss_42nested_record_field_threads_self_reference0B9_
FN:555,_RNCNvNtNtNtCseriWsCb5ev6_4koan8builtins11newtype_def5testss_42record_repr_self_recursion_seals_set_local0B9_
FN:560,_RNCNvNtNtNtCseriWsCb5ev6_4koan8builtins11newtype_def5testss_42record_repr_self_recursion_seals_set_locals0_0B9_
FN:580,_RNCNvNtNtNtCseriWsCb5ev6_4koan8builtins11newtype_def5testss_46record_repr_list_of_self_field_seals_set_local0B9_
FNDA:5,_RNCNCNvNtNtCscUx3zdyuqfq_4koan8builtins11newtype_def23finalize_record_newtype00B9_
FNDA:3,_RNCNvNtNtCscUx3zdyuqfq_4koan8builtins11newtype_def16body_record_repr0B7_
FNDA:0,_RNCNvNtNtCscUx3zdyuqfq_4koan8builtins11newtype_def20defer_resolved_sigil0B7_
FNDA:1,_RNCNvNtNtCscUx3zdyuqfq_4koan8builtins11newtype_def21elaborate_record_repr0B7_
FNDA:3,_RNCNvNtNtCscUx3zdyuqfq_4koan8builtins11newtype_def23finalize_record_newtype0B7_
FNDA:0,_RNCNvNtNtCscUx3zdyuqfq_4koan8builtins11newtype_def4body0B7_
FNDA:0,_RNCNvNtNtCscUx3zdyuqfq_4koan8builtins11newtype_def4bodys_0B7_
FNDA:6,_RNvNtNtCscUx3zdyuqfq_4koan8builtins11newtype_def11binder_name
FNDA:3,_RNvNtNtCscUx3zdyuqfq_4koan8builtins11newtype_def16body_record_repr
FNDA:0,_RNvNtNtCscUx3zdyuqfq_4koan8builtins11newtype_def16finalize_newtype
FNDA:0,_RNvNtNtCscUx3zdyuqfq_4koan8builtins11newtype_def20defer_resolved_sigil
FNDA:3,_RNvNtNtCscUx3zdyuqfq_4koan8builtins11newtype_def21elaborate_record_repr
FNDA:3,_RNvNtNtCscUx3zdyuqfq_4koan8builtins11newtype_def23finalize_record_newtype
FNDA:0,_RNvNtNtCscUx3zdyuqfq_4koan8builtins11newtype_def4body
FNDA:42,_RNvNtNtCscUx3zdyuqfq_4koan8builtins11newtype_def8register
FNDA:54,_RNCNCNvNtNtCseriWsCb5ev6_4koan8builtins11newtype_def23finalize_record_newtype00B9_
FNDA:34,_RNCNvNtNtCseriWsCb5ev6_4koan8builtins11newtype_def16body_record_repr0B7_
FNDA:1,_RNCNvNtNtCseriWsCb5ev6_4koan8builtins11newtype_def20defer_resolved_sigil0B7_
FNDA:1,_RNCNvNtNtCseriWsCb5ev6_4koan8builtins11newtype_def21elaborate_record_repr0B7_
FNDA:33,_RNCNvNtNtCseriWsCb5ev6_4koan8builtins11newtype_def23finalize_record_newtype0B7_
FNDA:15,_RNCNvNtNtCseriWsCb5ev6_4koan8builtins11newtype_def4body0B7_
FNDA:0,_RNCNvNtNtCseriWsCb5ev6_4koan8builtins11newtype_def4bodys_0B7_
FNDA:98,_RNvNtNtCseriWsCb5ev6_4koan8builtins11newtype_def11binder_name
FNDA:34,_RNvNtNtCseriWsCb5ev6_4koan8builtins11newtype_def16body_record_repr
FNDA:14,_RNvNtNtCseriWsCb5ev6_4koan8builtins11newtype_def16finalize_newtype
FNDA:1,_RNvNtNtCseriWsCb5ev6_4koan8builtins11newtype_def20defer_resolved_sigil
FNDA:34,_RNvNtNtCseriWsCb5ev6_4koan8builtins11newtype_def21elaborate_record_repr
FNDA:33,_RNvNtNtCseriWsCb5ev6_4koan8builtins11newtype_def23finalize_record_newtype
FNDA:15,_RNvNtNtCseriWsCb5ev6_4koan8builtins11newtype_def4body
FNDA:492,_RNvNtNtCseriWsCb5ev6_4koan8builtins11newtype_def8register
FNDA:3,_RNvNtNtNtCseriWsCb5ev6_4koan8builtins11newtype_def5tests13record_fields
FNDA:1,_RNvNtNtNtCseriWsCb5ev6_4koan8builtins11newtype_def5testss_28construct_arity_zero_rejects
FNDA:1,_RNvNtNtNtCseriWsCb5ev6_4koan8builtins11newtype_def5testss_29construct_with_operator_value
FNDA:1,_RNvNtNtNtCseriWsCb5ev6_4koan8builtins11newtype_def5testss_30declare_mints_newtype_identity
FNDA:1,_RNvNtNtNtCseriWsCb5ev6_4koan8builtins11newtype_def5testss_30newtype_over_newtype_collapses
FNDA:1,_RNvNtNtNtCseriWsCb5ev6_4koan8builtins11newtype_def5testss_31construct_with_identifier_value
FNDA:1,_RNvNtNtNtCseriWsCb5ev6_4koan8builtins11newtype_def5testss_35construct_rejects_non_matching_repr
FNDA:1,_RNvNtNtNtCseriWsCb5ev6_4koan8builtins11newtype_def5testss_35construct_wraps_repr_matching_value
FNDA:1,_RNvNtNtNtCseriWsCb5ev6_4koan8builtins11newtype_def5testss_42nested_record_field_threads_self_reference
FNDA:1,_RNvNtNtNtCseriWsCb5ev6_4koan8builtins11newtype_def5testss_42record_repr_self_recursion_seals_set_local
FNDA:1,_RNvNtNtNtCseriWsCb5ev6_4koan8builtins11newtype_def5testss_43dispatch_distinguishes_distance_from_number
FNDA:1,_RNvNtNtNtCseriWsCb5ev6_4koan8builtins11newtype_def5testss_46record_repr_list_of_self_field_seals_set_local
FNDA:1,_RNvNtNtNtCseriWsCb5ev6_4koan8builtins11newtype_def5testss_47unknown_repr_errors_without_leaking_placeholder
FNDA:1,_RNvNtNtNtCseriWsCb5ev6_4koan8builtins11newtype_def5testss_49dependent_newtype_parks_on_record_repr_dependency
FNDA:1,_RNvNtNtNtCseriWsCb5ev6_4koan8builtins11newtype_def5testss_54sigil_repr_non_record_seals_newtype_over_resolved_type
FNDA:4,_RNCNvNtNtNtCseriWsCb5ev6_4koan8builtins11newtype_def5tests13record_fields0B9_
FNDA:1,_RNCNvNtNtNtCseriWsCb5ev6_4koan8builtins11newtype_def5testss_42nested_record_field_threads_self_reference0B9_
FNDA:1,_RNCNvNtNtNtCseriWsCb5ev6_4koan8builtins11newtype_def5testss_42record_repr_self_recursion_seals_set_local0B9_
FNDA:2,_RNCNvNtNtNtCseriWsCb5ev6_4koan8builtins11newtype_def5testss_42record_repr_self_recursion_seals_set_locals0_0B9_
FNDA:1,_RNCNvNtNtNtCseriWsCb5ev6_4koan8builtins11newtype_def5testss_46record_repr_list_of_self_field_seals_set_local0B9_
FNF:35
FNH:34
DA:47,15
DA:48,15
DA:49,15
DA:50,15
DA:51,15
DA:52,15
DA:53,15
DA:54,0
DA:58,15
DA:59,15
DA:60,15
DA:61,15
DA:62,15
DA:66,15
DA:68,9
DA:69,9
DA:70,0
DA:72,9
DA:77,5
DA:78,5
DA:79,0
DA:81,5
DA:82,4
DA:83,1
DA:90,0
DA:91,1
DA:93,0
DA:94,0
DA:95,0
DA:96,0
DA:97,0
DA:98,0
DA:99,0
DA:101,0
DA:102,0
DA:103,0
DA:104,1
DA:105,1
DA:106,1
DA:107,1
DA:108,1
DA:115,1
DA:116,1
DA:117,0
DA:119,1
DA:121,0
DA:122,0
DA:123,0
DA:125,15
DA:131,14
DA:132,14
DA:133,14
DA:134,14
DA:135,14
DA:136,14
DA:137,14
DA:138,14
DA:139,14
DA:140,14
DA:141,14
DA:142,14
DA:143,14
DA:144,14
DA:145,14
DA:148,14
DA:153,0
DA:154,0
DA:155,0
DA:156,0
DA:158,14
DA:164,37
DA:165,37
DA:166,37
DA:167,37
DA:168,37
DA:169,37
DA:170,37
DA:171,0
DA:173,37
DA:174,37
DA:175,37
DA:176,37
DA:177,37
DA:178,37
DA:179,37
DA:181,0
DA:182,0
DA:183,0
DA:186,37
DA:187,37
DA:194,37
DA:195,37
DA:196,37
DA:197,37
DA:198,37
DA:199,37
DA:200,37
DA:201,37
DA:205,37
DA:206,37
DA:207,37
DA:208,37
DA:209,37
DA:210,37
DA:211,37
DA:213,37
DA:214,37
DA:215,37
DA:216,37
DA:217,37
DA:218,37
DA:219,37
DA:220,37
DA:221,37
DA:223,37
DA:224,34
DA:225,1
DA:227,2
DA:228,2
DA:230,2
DA:231,2
DA:232,2
DA:233,2
DA:234,2
DA:235,2
DA:236,2
DA:238,2
DA:239,2
DA:240,2
DA:241,2
DA:242,2
DA:243,2
DA:244,2
DA:245,2
DA:249,37
DA:256,36
DA:257,36
DA:258,36
DA:259,36
DA:260,36
DA:261,36
DA:262,36
DA:263,0
DA:264,0
DA:265,0
DA:266,36
DA:267,36
DA:268,36
DA:269,36
DA:270,36
DA:271,36
DA:272,36
DA:273,36
DA:274,36
DA:275,36
DA:276,36
DA:277,59
DA:278,36
DA:279,36
DA:280,36
DA:281,0
DA:283,36
DA:284,36
DA:285,36
DA:288,36
DA:289,36
DA:291,36
DA:292,36
DA:293,36
DA:295,0
DA:296,0
DA:297,0
DA:298,0
DA:300,36
DA:306,1
DA:307,1
DA:308,1
DA:309,1
DA:310,1
DA:311,1
DA:312,1
DA:313,1
DA:314,1
DA:315,1
DA:316,1
DA:317,1
DA:318,1
DA:319,0
DA:320,0
DA:321,0
DA:322,0
DA:323,1
DA:324,1
DA:325,1
DA:326,1
DA:329,104
DA:330,104
DA:331,104
DA:333,534
DA:339,534
DA:340,534
DA:341,534
DA:342,534
DA:343,534
DA:344,534
DA:345,534
DA:346,534
DA:347,534
DA:348,534
DA:351,534
DA:352,534
DA:357,534
DA:358,534
DA:359,534
DA:360,534
DA:361,534
DA:362,534
DA:363,534
DA:364,534
DA:365,534
DA:366,534
DA:369,534
DA:370,534
DA:375,534
DA:376,534
DA:377,534
DA:378,534
DA:379,534
DA:380,534
DA:381,534
DA:382,534
DA:383,534
DA:384,534
DA:387,534
DA:388,534
DA:390,534
DA:404,3
DA:405,3
DA:406,3
DA:407,3
DA:408,3
DA:409,3
DA:410,3
DA:411,3
DA:412,3
DA:413,3
DA:414,3
DA:415,3
DA:416,4
DA:417,3
DA:419,0
DA:421,0
DA:424,0
DA:426,3
DA:431,1
DA:432,1
DA:433,1
DA:434,1
DA:435,1
DA:436,1
DA:437,1
DA:438,1
DA:439,1
DA:440,1
DA:441,1
DA:442,1
DA:443,1
DA:444,1
DA:445,0
DA:448,0
DA:450,1
DA:451,1
DA:452,1
DA:453,1
DA:456,1
DA:461,1
DA:462,1
DA:463,1
DA:464,1
DA:465,1
DA:466,1
DA:467,1
DA:468,1
DA:469,1
DA:470,1
DA:471,1
DA:473,0
DA:475,1
DA:477,0
DA:479,1
DA:483,1
DA:484,1
DA:485,1
DA:486,1
DA:487,1
DA:488,1
DA:489,1
DA:490,1
DA:493,1
DA:501,1
DA:502,1
DA:503,1
DA:504,1
DA:505,1
DA:506,1
DA:510,1
DA:511,1
DA:513,0
DA:515,1
DA:516,1
DA:517,1
DA:519,0
DA:521,1
DA:527,1
DA:528,1
DA:529,1
DA:530,1
DA:531,1
DA:532,1
DA:534,0
DA:536,1
DA:537,1
DA:538,1
DA:541,1
DA:548,1
DA:549,1
DA:550,1
DA:551,1
DA:552,1
DA:553,1
DA:554,1
DA:555,1
DA:559,1
DA:560,2
DA:561,1
DA:564,1
DA:565,1
DA:572,1
DA:573,1
DA:574,1
DA:575,1
DA:576,1
DA:577,1
DA:578,1
DA:579,1
DA:580,1
DA:581,1
DA:584,1
DA:585,1
DA:593,1
DA:594,1
DA:595,1
DA:596,1
DA:597,1
DA:598,1
DA:599,1
DA:600,1
DA:601,1
DA:602,1
DA:603,1
DA:604,1
DA:605,1
DA:606,1
DA:607,1
DA:610,0
DA:612,1
DA:613,1
DA:620,1
DA:621,1
DA:622,1
DA:623,1
DA:624,1
DA:625,1
DA:626,1
DA:627,1
DA:628,1
DA:629,1
DA:631,0
DA:633,1
DA:634,1
DA:636,0
DA:639,0
DA:641,1
DA:646,1
DA:647,1
DA:648,1
DA:649,1
DA:650,1
DA:651,1
DA:652,1
DA:653,1
DA:654,1
DA:655,0
DA:658,1
DA:659,1
DA:661,0
DA:664,0
DA:666,1
DA:675,1
DA:676,1
DA:677,1
DA:678,1
DA:679,1
DA:680,1
DA:681,1
DA:682,1
DA:684,1
DA:685,1
DA:686,1
DA:687,0
DA:689,1
DA:690,1
DA:691,1
DA:692,0
DA:694,1
DA:695,1
DA:696,1
DA:697,1
DA:698,1
DA:699,1
DA:700,1
DA:703,1
DA:704,1
DA:705,1
DA:706,1
DA:707,1
DA:708,1
DA:709,1
DA:712,1
DA:717,1
DA:718,1
DA:719,1
DA:720,1
DA:721,1
DA:722,1
DA:723,1
DA:724,1
DA:725,1
DA:726,1
DA:728,0
DA:730,1
DA:732,0
DA:734,1
DA:738,1
DA:739,1
DA:740,1
DA:741,1
DA:742,1
DA:743,1
DA:744,0
DA:745,1
DA:753,1
DA:759,1
DA:760,1
DA:761,1
DA:762,1
DA:763,1
DA:764,1
DA:765,1
DA:767,1
DA:768,1
DA:769,1
DA:770,1
DA:771,1
DA:772,1
DA:774,0
DA:776,1
DA:778,0
DA:780,1
BRF:0
BRH:0
LF:480
LH:417
end_of_record
SF:/var/home/jack/Code/koan/src/builtins/print.rs
FN:10,_RNvNtNtCscUx3zdyuqfq_4koan8builtins5print4body
FN:24,_RNvNtNtCscUx3zdyuqfq_4koan8builtins5print8register
FN:10,_RNvNtNtCseriWsCb5ev6_4koan8builtins5print4body
FN:24,_RNvNtNtCseriWsCb5ev6_4koan8builtins5print8register
FNDA:6,_RNvNtNtCscUx3zdyuqfq_4koan8builtins5print4body
FNDA:42,_RNvNtNtCscUx3zdyuqfq_4koan8builtins5print8register
FNDA:144,_RNvNtNtCseriWsCb5ev6_4koan8builtins5print4body
FNDA:492,_RNvNtNtCseriWsCb5ev6_4koan8builtins5print8register
FNF:2
FNH:2
DA:10,150
DA:11,150
DA:12,150
DA:13,150
DA:14,150
DA:15,150
DA:16,150
DA:17,0
DA:19,150
DA:20,150
DA:21,150
DA:22,150
DA:24,534
DA:25,534
DA:26,534
DA:27,534
DA:28,534
DA:29,534
DA:31,534
BRF:0
BRH:0
LF:19
LH:18
end_of_record
SF:/var/home/jack/Code/koan/src/builtins/quote.rs
FN:12,_RNvNtNtCscUx3zdyuqfq_4koan8builtins5quote4body
FN:29,_RNvNtNtCscUx3zdyuqfq_4koan8builtins5quote8register
FN:12,_RNvNtNtCseriWsCb5ev6_4koan8builtins5quote4body
FN:29,_RNvNtNtCseriWsCb5ev6_4koan8builtins5quote8register
FN:46,_RNvNtNtNtCseriWsCb5ev6_4koan8builtins5quote5tests11run_program
FN:55,_RNvNtNtNtCseriWsCb5ev6_4koan8builtins5quote5testss_26quote_then_eval_round_trip
FN:64,_RNvNtNtNtCseriWsCb5ev6_4koan8builtins5quote5testss_27quote_captures_ast_as_value
FNDA:0,_RNvNtNtCscUx3zdyuqfq_4koan8builtins5quote4body
FNDA:42,_RNvNtNtCscUx3zdyuqfq_4koan8builtins5quote8register
FNDA:9,_RNvNtNtCseriWsCb5ev6_4koan8builtins5quote4body
FNDA:492,_RNvNtNtCseriWsCb5ev6_4koan8builtins5quote8register
FNDA:2,_RNvNtNtNtCseriWsCb5ev6_4koan8builtins5quote5tests11run_program
FNDA:1,_RNvNtNtNtCseriWsCb5ev6_4koan8builtins5quote5testss_26quote_then_eval_round_trip
FNDA:1,_RNvNtNtNtCseriWsCb5ev6_4koan8builtins5quote5testss_27quote_captures_ast_as_value
FNF:5
FNH:5
DA:12,9
DA:13,9
DA:14,9
DA:15,9
DA:16,9
DA:17,9
DA:18,9
DA:20,0
DA:21,0
DA:22,0
DA:25,9
DA:26,9
DA:27,9
DA:29,534
DA:30,534
DA:31,534
DA:32,534
DA:33,534
DA:34,534
DA:35,534
DA:37,534
DA:39,534
DA:46,2
DA:47,2
DA:48,2
DA:49,2
DA:50,2
DA:51,2
DA:52,2
DA:55,1
DA:56,1
DA:57,1
DA:58,1
DA:60,1
DA:61,1
DA:64,1
DA:65,1
DA:66,1
DA:67,1
BRF:0
BRH:0
LF:39
LH:36
end_of_record
SF:/var/home/jack/Code/koan/src/builtins/record_projection.rs
FN:29,_RNvNtNtCscUx3zdyuqfq_4koan8builtins17record_projection4body
FN:93,_RNvNtNtCscUx3zdyuqfq_4koan8builtins17record_projection8register
FN:45,_RNCNvNtNtCscUx3zdyuqfq_4koan8builtins17record_projection4body0B7_
FN:179,_RNvNtNtNtCseriWsCb5ev6_4koan8builtins17record_projection5testss_25from_unknown_field_errors
FN:192,_RNvNtNtNtCseriWsCb5ev6_4koan8builtins17record_projection5testss_27from_duplicate_field_errors
FN:146,_RNvNtNtNtCseriWsCb5ev6_4koan8builtins17record_projection5testss_28from_single_field_projection
FN:232,_RNvNtNtNtCseriWsCb5ev6_4koan8builtins17record_projection5testss_41from_breaks_ambiguous_record_dispatch_tie
FN:163,_RNvNtNtNtCseriWsCb5ev6_4koan8builtins17record_projection5testss_41from_empty_field_list_yields_empty_record
FN:211,_RNvNtNtNtCseriWsCb5ev6_4koan8builtins17record_projection5testss_45from_non_record_operand_is_dispatch_non_match
FN:123,_RNvNtNtNtCseriWsCb5ev6_4koan8builtins17record_projection5testss_52from_narrows_carried_type_keeping_all_fields_present
FN:29,_RNvNtNtCseriWsCb5ev6_4koan8builtins17record_projection4body
FN:93,_RNvNtNtCseriWsCb5ev6_4koan8builtins17record_projection8register
FN:45,_RNCNvNtNtCseriWsCb5ev6_4koan8builtins17record_projection4body0B7_
FNDA:0,_RNvNtNtCscUx3zdyuqfq_4koan8builtins17record_projection4body
FNDA:42,_RNvNtNtCscUx3zdyuqfq_4koan8builtins17record_projection8register
FNDA:0,_RNCNvNtNtCscUx3zdyuqfq_4koan8builtins17record_projection4body0B7_
FNDA:1,_RNvNtNtNtCseriWsCb5ev6_4koan8builtins17record_projection5testss_25from_unknown_field_errors
FNDA:1,_RNvNtNtNtCseriWsCb5ev6_4koan8builtins17record_projection5testss_27from_duplicate_field_errors
FNDA:1,_RNvNtNtNtCseriWsCb5ev6_4koan8builtins17record_projection5testss_28from_single_field_projection
FNDA:1,_RNvNtNtNtCseriWsCb5ev6_4koan8builtins17record_projection5testss_41from_breaks_ambiguous_record_dispatch_tie
FNDA:1,_RNvNtNtNtCseriWsCb5ev6_4koan8builtins17record_projection5testss_41from_empty_field_list_yields_empty_record
FNDA:1,_RNvNtNtNtCseriWsCb5ev6_4koan8builtins17record_projection5testss_45from_non_record_operand_is_dispatch_non_match
FNDA:1,_RNvNtNtNtCseriWsCb5ev6_4koan8builtins17record_projection5testss_52from_narrows_carried_type_keeping_all_fields_present
FNDA:6,_RNvNtNtCseriWsCb5ev6_4koan8builtins17record_projection4body
FNDA:492,_RNvNtNtCseriWsCb5ev6_4koan8builtins17record_projection8register
FNDA:4,_RNCNvNtNtCseriWsCb5ev6_4koan8builtins17record_projection4body0B7_
FNF:10
FNH:10
DA:29,6
DA:30,6
DA:31,6
DA:32,6
DA:33,6
DA:34,6
DA:35,6
DA:36,0
DA:41,6
DA:42,9
DA:43,9
DA:44,9
DA:45,9
DA:46,1
DA:47,1
DA:48,1
DA:49,8
DA:50,8
DA:52,0
DA:53,0
DA:54,0
DA:55,0
DA:56,0
DA:61,5
DA:62,5
DA:65,0
DA:66,0
DA:67,0
DA:68,0
DA:69,0
DA:71,0
DA:76,5
DA:77,7
DA:78,7
DA:79,6
DA:81,1
DA:82,1
DA:83,1
DA:88,4
DA:89,4
DA:90,4
DA:91,6
DA:93,534
DA:99,534
DA:100,534
DA:101,534
DA:102,534
DA:103,534
DA:104,534
DA:105,534
DA:106,534
DA:107,534
DA:110,534
DA:112,534
DA:123,1
DA:124,1
DA:125,1
DA:126,1
DA:127,1
DA:128,1
DA:130,1
DA:131,1
DA:133,1
DA:134,1
DA:135,1
DA:136,1
DA:138,0
DA:140,1
DA:146,1
DA:147,1
DA:148,1
DA:149,1
DA:150,1
DA:151,1
DA:152,1
DA:153,1
DA:154,1
DA:155,1
DA:157,0
DA:159,1
DA:163,1
DA:164,1
DA:165,1
DA:166,1
DA:167,1
DA:168,1
DA:170,1
DA:171,1
DA:173,0
DA:175,1
DA:179,1
DA:180,1
DA:181,1
DA:182,1
DA:183,1
DA:184,1
DA:185,1
DA:188,1
DA:192,1
DA:193,1
DA:194,1
DA:195,1
DA:196,1
DA:197,1
DA:198,1
DA:201,1
DA:211,1
DA:215,1
DA:216,1
DA:217,1
DA:218,1
DA:219,1
DA:220,1
DA:221,1
DA:222,1
DA:223,1
DA:226,1
DA:232,1
DA:236,1
DA:237,1
DA:238,1
DA:239,1
DA:240,1
DA:241,1
DA:242,1
DA:246,1
DA:247,1
DA:248,1
DA:249,1
DA:250,1
DA:251,1
DA:252,1
DA:257,1
DA:258,1
DA:259,1
DA:260,0
DA:262,1
BRF:0
BRH:0
LF:138
LH:122
end_of_record
SF:/var/home/jack/Code/koan/src/builtins/recursive_types.rs
FN:99,_RNCNCNvNtNtCscUx3zdyuqfq_4koan8builtins15recursive_types4bodys0_00B9_
FN:196,_RNCNvNtNtCscUx3zdyuqfq_4koan8builtins15recursive_types15leading_keyword0B7_
FN:148,_RNCNvNtNtCscUx3zdyuqfq_4koan8builtins15recursive_types16discover_members0B7_
FN:179,_RNCNvNtNtCscUx3zdyuqfq_4koan8builtins15recursive_types16discover_memberss0_0B7_
FN:152,_RNCNvNtNtCscUx3zdyuqfq_4koan8builtins15recursive_types16discover_memberss_0B7_
FN:67,_RNCNvNtNtCscUx3zdyuqfq_4koan8builtins15recursive_types4body0B7_
FN:98,_RNCNvNtNtCscUx3zdyuqfq_4koan8builtins15recursive_types4bodys0_0B7_
FN:96,_RNCNvNtNtCscUx3zdyuqfq_4koan8builtins15recursive_types4bodys_0B7_
FN:203,_RNvNtNtCscUx3zdyuqfq_4koan8builtins15recursive_types11binder_name
FN:195,_RNvNtNtCscUx3zdyuqfq_4koan8builtins15recursive_types15leading_keyword
FN:143,_RNvNtNtCscUx3zdyuqfq_4koan8builtins15recursive_types16discover_members
FN:36,_RNvNtNtCscUx3zdyuqfq_4koan8builtins15recursive_types4body
FN:207,_RNvNtNtCscUx3zdyuqfq_4koan8builtins15recursive_types8register
FN:99,_RNCNCNvNtNtCseriWsCb5ev6_4koan8builtins15recursive_types4bodys0_00B9_
FN:196,_RNCNvNtNtCseriWsCb5ev6_4koan8builtins15recursive_types15leading_keyword0B7_
FN:148,_RNCNvNtNtCseriWsCb5ev6_4koan8builtins15recursive_types16discover_members0B7_
FN:179,_RNCNvNtNtCseriWsCb5ev6_4koan8builtins15recursive_types16discover_memberss0_0B7_
FN:152,_RNCNvNtNtCseriWsCb5ev6_4koan8builtins15recursive_types16discover_memberss_0B7_
FN:67,_RNCNvNtNtCseriWsCb5ev6_4koan8builtins15recursive_types4body0B7_
FN:98,_RNCNvNtNtCseriWsCb5ev6_4koan8builtins15recursive_types4bodys0_0B7_
FN:96,_RNCNvNtNtCseriWsCb5ev6_4koan8builtins15recursive_types4bodys_0B7_
FN:203,_RNvNtNtCseriWsCb5ev6_4koan8builtins15recursive_types11binder_name
FN:195,_RNvNtNtCseriWsCb5ev6_4koan8builtins15recursive_types15leading_keyword
FN:143,_RNvNtNtCseriWsCb5ev6_4koan8builtins15recursive_types16discover_members
FN:36,_RNvNtNtCseriWsCb5ev6_4koan8builtins15recursive_types4body
FN:207,_RNvNtNtCseriWsCb5ev6_4koan8builtins15recursive_types8register
FNDA:0,_RNCNCNvNtNtCscUx3zdyuqfq_4koan8builtins15recursive_types4bodys0_00B9_
FNDA:0,_RNCNvNtNtCscUx3zdyuqfq_4koan8builtins15recursive_types15leading_keyword0B7_
FNDA:0,_RNCNvNtNtCscUx3zdyuqfq_4koan8builtins15recursive_types16discover_members0B7_
[...]
FN:268,_RNCNvNtNtNtCseriWsCb5ev6_4koan5parse6tokens5tests8classifys_0B9_
FN:228,_RNCNvNtNtNtCseriWsCb5ev6_4koan5parse6tokens5tests8describe0B9_
FN:236,_RNCNvNtNtNtCseriWsCb5ev6_4koan5parse6tokens5tests8describes0_0B9_
FN:251,_RNCNvNtNtNtCseriWsCb5ev6_4koan5parse6tokens5tests8describes1_0B9_
FN:258,_RNCNvNtNtNtCseriWsCb5ev6_4koan5parse6tokens5tests8describes2_0B9_
FN:232,_RNCNvNtNtNtCseriWsCb5ev6_4koan5parse6tokens5tests8describes_0B9_
FNDA:184,_RNCNvNtNtCscUx3zdyuqfq_4koan5parse6tokens12is_type_name0B7_
FNDA:1043,_RNCNvNtNtCscUx3zdyuqfq_4koan5parse6tokens13classify_atom0B7_
FNDA:353,_RNCNvNtNtCscUx3zdyuqfq_4koan5parse6tokens13classify_atoms0_0B7_
FNDA:126,_RNCNvNtNtCscUx3zdyuqfq_4koan5parse6tokens13classify_atoms_0B7_
FNDA:6,_RNCNvNtNtCscUx3zdyuqfq_4koan5parse6tokens5FLOAT0B7_
FNDA:675,_RNCNvNtNtCscUx3zdyuqfq_4koan5parse6tokens9read_atoms_0B7_
FNDA:1378,_RNvNtNtCscUx3zdyuqfq_4koan5parse6tokens11try_literal
FNDA:310,_RNvNtNtCscUx3zdyuqfq_4koan5parse6tokens12is_type_name
FNDA:9,_RNvNtNtCscUx3zdyuqfq_4koan5parse6tokens12trigger_span
FNDA:675,_RNvNtNtCscUx3zdyuqfq_4koan5parse6tokens13classify_atom
FNDA:703,_RNvNtNtCscUx3zdyuqfq_4koan5parse6tokens14classify_token
FNDA:666,_RNvNtNtCscUx3zdyuqfq_4koan5parse6tokens14parse_compound
FNDA:675,_RNvNtNtCscUx3zdyuqfq_4koan5parse6tokens9read_atom
FNDA:1582,_RNCNvNtNtCseriWsCb5ev6_4koan5parse6tokens12is_type_name0B7_
FNDA:8373,_RNCNvNtNtCseriWsCb5ev6_4koan5parse6tokens13classify_atom0B7_
FNDA:3747,_RNCNvNtNtCseriWsCb5ev6_4koan5parse6tokens13classify_atoms0_0B7_
FNDA:1484,_RNCNvNtNtCseriWsCb5ev6_4koan5parse6tokens13classify_atoms_0B7_
FNDA:1,_RNCNvNtNtCseriWsCb5ev6_4koan5parse6tokens5FLOAT0B7_
FNDA:6316,_RNCNvNtNtCseriWsCb5ev6_4koan5parse6tokens9read_atoms_0B7_
FNDA:42,_RNvNtNtNtCseriWsCb5ev6_4koan5parse6tokens5tests8classify
FNDA:75,_RNvNtNtNtCseriWsCb5ev6_4koan5parse6tokens5tests8describe
FNDA:1,_RNvNtNtNtCseriWsCb5ev6_4koan5parse6tokens5testss_10plain_null
FNDA:1,_RNvNtNtNtCseriWsCb5ev6_4koan5parse6tokens5testss_10suffix_try
FNDA:1,_RNvNtNtNtCseriWsCb5ev6_4koan5parse6tokens5testss_11attr_access
FNDA:1,_RNvNtNtNtCseriWsCb5ev6_4koan5parse6tokens5testss_12plain_number
FNDA:1,_RNvNtNtNtCseriWsCb5ev6_4koan5parse6tokens5testss_13plain_boolean
FNDA:1,_RNvNtNtNtCseriWsCb5ev6_4koan5parse6tokens5testss_14chained_suffix
FNDA:1,_RNvNtNtNtCseriWsCb5ev6_4koan5parse6tokens5testss_15double_negation
FNDA:1,_RNvNtNtNtCseriWsCb5ev6_4koan5parse6tokens5testss_16bare_bang_errors
FNDA:1,_RNvNtNtNtCseriWsCb5ev6_4koan5parse6tokens5testss_16plain_identifier
FNDA:1,_RNvNtNtNtCseriWsCb5ev6_4koan5parse6tokens5testss_17suffix_after_attr
FNDA:1,_RNvNtNtNtCseriWsCb5ev6_4koan5parse6tokens5testss_18leading_dot_errors
FNDA:1,_RNvNtNtNtCseriWsCb5ev6_4koan5parse6tokens5testss_18negation_over_attr
FNDA:1,_RNvNtNtNtCseriWsCb5ev6_4koan5parse6tokens5testss_19chained_attr_access
FNDA:1,_RNvNtNtNtCseriWsCb5ev6_4koan5parse6tokens5testss_19dangling_dot_errors
FNDA:1,_RNvNtNtNtCseriWsCb5ev6_4koan5parse6tokens5testss_20negation_over_suffix
FNDA:1,_RNvNtNtNtCseriWsCb5ev6_4koan5parse6tokens5testss_21leading_suffix_errors
FNDA:1,_RNvNtNtNtCseriWsCb5ev6_4koan5parse6tokens5testss_25decimal_number_is_literal
FNDA:1,_RNvNtNtNtCseriWsCb5ev6_4koan5parse6tokens5testss_28pure_symbol_token_is_keyword
FNDA:1,_RNvNtNtNtCseriWsCb5ev6_4koan5parse6tokens5testss_28scientific_number_is_literal
FNDA:1,_RNvNtNtNtCseriWsCb5ev6_4koan5parse6tokens5testss_30attr_wins_when_rhs_not_numeric
FNDA:1,_RNvNtNtNtCseriWsCb5ev6_4koan5parse6tokens5testss_31lowercase_leading_is_identifier
FNDA:1,_RNvNtNtNtCseriWsCb5ev6_4koan5parse6tokens5testss_34keyword_two_uppercase_no_lowercase
FNDA:1,_RNvNtNtNtCseriWsCb5ev6_4koan5parse6tokens5testss_35type_uppercase_first_with_lowercase
FNDA:1,_RNvNtNtNtCseriWsCb5ev6_4koan5parse6tokens5testss_36operator_tokens_classify_as_keywords
FNDA:1,_RNvNtNtNtCseriWsCb5ev6_4koan5parse6tokens5testss_38single_uppercase_letter_is_parse_error
FNDA:1,_RNvNtNtNtCseriWsCb5ev6_4koan5parse6tokens5testss_47ascription_compound_tokens_classify_as_keywords
FNDA:1,_RNvNtNtNtCseriWsCb5ev6_4koan5parse6tokens5testss_49attr_trigger_stays_on_builtin_path_inside_operand
FNDA:1,_RNvNtNtNtCseriWsCb5ev6_4koan5parse6tokens5testss_49uppercase_with_digits_no_lowercase_is_parse_error
FNDA:1,_RNvNtNtNtCseriWsCb5ev6_4koan5parse6tokens5testss_8negation
FNDA:13219,_RNvNtNtCseriWsCb5ev6_4koan5parse6tokens11try_literal
FNDA:3059,_RNvNtNtCseriWsCb5ev6_4koan5parse6tokens12is_type_name
FNDA:69,_RNvNtNtCseriWsCb5ev6_4koan5parse6tokens12trigger_span
FNDA:6323,_RNvNtNtCseriWsCb5ev6_4koan5parse6tokens13classify_atom
FNDA:6896,_RNvNtNtCseriWsCb5ev6_4koan5parse6tokens14classify_token
FNDA:6270,_RNvNtNtCseriWsCb5ev6_4koan5parse6tokens14parse_compound
FNDA:6327,_RNvNtNtCseriWsCb5ev6_4koan5parse6tokens9read_atom
FNDA:34,_RNCNvNtNtNtCseriWsCb5ev6_4koan5parse6tokens5tests8classify0B9_
FNDA:8,_RNCNvNtNtNtCseriWsCb5ev6_4koan5parse6tokens5tests8classifys_0B9_
FNDA:41,_RNCNvNtNtNtCseriWsCb5ev6_4koan5parse6tokens5tests8describe0B9_
FNDA:0,_RNCNvNtNtNtCseriWsCb5ev6_4koan5parse6tokens5tests8describes0_0B9_
FNDA:0,_RNCNvNtNtNtCseriWsCb5ev6_4koan5parse6tokens5tests8describes1_0B9_
FNDA:0,_RNCNvNtNtNtCseriWsCb5ev6_4koan5parse6tokens5tests8describes2_0B9_
FNDA:0,_RNCNvNtNtNtCseriWsCb5ev6_4koan5parse6tokens5tests8describes_0B9_
FNF:51
FNH:47
DA:29,7
DA:34,7599
DA:35,7599
DA:36,7599
DA:37,7599
DA:38,7599
DA:39,7599
DA:40,663
DA:41,6936
DA:42,6936
DA:43,6936
DA:44,6925
DA:45,0
DA:46,0
DA:47,0
DA:48,0
DA:49,6925
DA:50,6925
DA:51,7599
DA:55,14597
DA:56,14597
DA:57,14597
DA:58,14543
DA:59,14526
DA:60,14515
DA:62,14515
DA:63,582
DA:64,582
DA:65,0
DA:66,13933
DA:67,13933
DA:68,14597
DA:77,6998
DA:78,6998
DA:79,1
DA:80,6997
DA:81,6997
DA:82,3628
DA:83,3369
DA:84,3369
DA:85,9416
DA:86,1
DA:87,1
DA:88,1
DA:89,1
DA:90,1
DA:91,1
DA:92,1
DA:93,1758
DA:94,1758
DA:95,1610
DA:96,1610
DA:97,4
DA:98,4
DA:99,4
DA:100,4
DA:101,4
DA:102,4
DA:103,4
DA:104,4
DA:105,1606
DA:106,1606
DA:107,1606
DA:108,4100
DA:110,2
DA:111,2
DA:112,2
DA:113,2
DA:114,2
DA:115,2
DA:116,2
DA:117,1604
DA:118,1604
DA:119,6998
DA:122,3369
DA:123,3369
DA:124,3369
DA:125,0
DA:127,3369
DA:128,1606
DA:129,1763
DA:130,1766
DA:131,3369
DA:136,6936
DA:137,6936
DA:138,6936
DA:139,6936
DA:140,6936
DA:141,6936
DA:142,6943
DA:143,6942
DA:144,7
DA:145,7
DA:146,7
DA:149,6936
DA:151,6996
DA:152,71
DA:153,71
DA:154,71
DA:155,71
DA:156,66
DA:157,66
DA:158,65
DA:160,5
DA:164,6925
DA:165,6
DA:166,6
DA:167,6925
DA:168,6936
DA:170,78
DA:171,78
DA:172,78
DA:173,78
DA:174,78
DA:175,78
DA:176,78
DA:179,7002
DA:180,7002
DA:181,7002
DA:182,7002
DA:183,7002
DA:184,7002
DA:185,7000
DA:187,2
DA:188,2
DA:189,2
DA:190,2
DA:193,7000
DA:194,7000
DA:195,31087
DA:196,24159
DA:197,72
DA:198,24087
DA:199,24087
DA:200,24087
DA:201,24087
DA:203,7000
DA:204,2
DA:205,2
DA:206,2
DA:207,2
DA:208,2
DA:209,6998
DA:210,6998
DA:211,6998
DA:212,6998
DA:213,6998
DA:214,6998
DA:215,7002
DA:222,75
DA:223,7
DA:224,28
DA:225,20
DA:226,3
DA:227,17
DA:228,41
DA:229,17
DA:231,0
DA:232,0
DA:233,0
DA:235,0
DA:236,0
DA:237,0
DA:239,0
DA:240,5
DA:241,1
DA:242,1
DA:243,0
DA:244,0
DA:245,0
DA:246,0
DA:248,0
DA:249,0
DA:250,0
DA:251,0
DA:252,0
DA:253,0
DA:255,0
DA:256,0
DA:257,0
DA:258,0
DA:259,0
DA:260,0
DA:263,75
DA:265,42
DA:266,42
DA:267,42
DA:268,42
DA:269,42
DA:272,1
DA:273,1
DA:274,1
DA:277,1
DA:278,1
DA:279,1
DA:282,1
DA:283,1
DA:284,1
DA:287,1
DA:288,1
DA:289,1
DA:292,1
DA:293,1
DA:294,1
DA:297,1
DA:298,1
DA:299,1
DA:302,1
DA:305,1
DA:306,1
DA:307,1
DA:310,1
DA:311,1
DA:312,1
DA:315,1
DA:316,1
DA:317,1
DA:320,1
DA:323,1
DA:324,1
DA:325,1
DA:328,1
DA:329,1
DA:330,1
DA:331,1
DA:334,1
DA:335,1
DA:336,1
DA:339,1
DA:340,1
DA:341,1
DA:344,1
DA:345,1
DA:346,1
DA:349,1
DA:350,1
DA:351,1
DA:354,1
DA:355,1
DA:356,1
DA:359,1
DA:360,1
DA:361,1
DA:364,1
DA:365,1
DA:366,1
DA:369,1
DA:372,1
DA:373,1
DA:374,1
DA:377,1
DA:378,1
DA:379,1
DA:382,1
DA:383,1
DA:384,1
DA:385,1
DA:386,1
DA:389,1
DA:390,1
DA:391,1
DA:392,1
DA:393,1
DA:396,1
DA:397,1
DA:398,1
DA:399,1
DA:400,1
DA:403,1
DA:404,1
DA:405,1
DA:408,1
DA:409,1
DA:410,1
DA:411,1
DA:414,1
DA:418,1
DA:419,1
DA:420,1
DA:421,1
DA:422,1
DA:423,1
DA:424,1
DA:427,1
DA:431,1
DA:432,1
DA:435,1
DA:437,1
DA:438,1
DA:439,1
DA:442,1
DA:443,1
DA:444,1
DA:445,1
BRF:0
BRH:0
LF:306
LH:273
end_of_record
SF:/var/home/jack/Code/koan/src/parse/triple_list.rs
FN:25,_RINvNtNtCscUx3zdyuqfq_4koan5parse11triple_list15parse_pair_listNtNtNtNtNtB6_7machine5model5types5ktype5KTypeNCNvNtB13_16typed_field_list37parse_typed_field_list_via_elaborator0EB6_
FN:53,_RNCINvNtNtCscUx3zdyuqfq_4koan5parse11triple_list15parse_pair_listNtNtNtNtNtB8_7machine5model5types5ktype5KTypeNCNvNtB15_16typed_field_list37parse_typed_field_list_via_elaborator0E0B8_
FN:97,_RNCNvNtNtNtCseriWsCb5ev6_4koan5parse11triple_list5testss_39identifier_only_rejects_type_token_name0B9_
FN:85,_RNCNvNtNtNtCseriWsCb5ev6_4koan5parse11triple_list5testss_42identifier_or_type_accepts_type_token_name0B9_
FN:25,_RINvNtNtCseriWsCb5ev6_4koan5parse11triple_list15parse_pair_listNtNtCsgW8esjfipvk_5alloc6string6StringNCNvNtB2_5testss_42identifier_or_type_accepts_type_token_name0EB6_
FN:25,_RINvNtNtCseriWsCb5ev6_4koan5parse11triple_list15parse_pair_listNtNtNtNtNtB6_7machine5model5types5ktype5KTypeNCNvNtB13_16typed_field_list37parse_typed_field_list_via_elaborator0EB6_
FN:25,_RINvNtNtCseriWsCb5ev6_4koan5parse11triple_list15parse_pair_listuNCNvNtB2_5testss_39identifier_only_rejects_type_token_name0EB6_
FN:53,_RNCINvNtNtCseriWsCb5ev6_4koan5parse11triple_list15parse_pair_listNtNtCsgW8esjfipvk_5alloc6string6StringNCNvNtB4_5testss_42identifier_or_type_accepts_type_token_name0E0B8_
FN:53,_RNCINvNtNtCseriWsCb5ev6_4koan5parse11triple_list15parse_pair_listNtNtNtNtNtB8_7machine5model5types5ktype5KTypeNCNvNtB15_16typed_field_list37parse_typed_field_list_via_elaborator0E0B8_
FN:53,_RNCINvNtNtCseriWsCb5ev6_4koan5parse11triple_list15parse_pair_listuNCNvNtB4_5testss_39identifier_only_rejects_type_token_name0E0B8_
FN:71,_RNvNtNtNtCseriWsCb5ev6_4koan5parse11triple_list5tests15type_named_pair
FN:95,_RNvNtNtNtCseriWsCb5ev6_4koan5parse11triple_list5testss_39identifier_only_rejects_type_token_name
FN:79,_RNvNtNtNtCseriWsCb5ev6_4koan5parse11triple_list5testss_42identifier_or_type_accepts_type_token_name
FNDA:12,_RINvNtNtCscUx3zdyuqfq_4koan5parse11triple_list15parse_pair_listNtNtNtNtNtB6_7machine5model5types5ktype5KTypeNCNvNtB13_16typed_field_list37parse_typed_field_list_via_elaborator0EB6_
FNDA:5,_RNCINvNtNtCscUx3zdyuqfq_4koan5parse11triple_list15parse_pair_listNtNtNtNtNtB8_7machine5model5types5ktype5KTypeNCNvNtB15_16typed_field_list37parse_typed_field_list_via_elaborator0E0B8_
FNDA:0,_RNCNvNtNtNtCseriWsCb5ev6_4koan5parse11triple_list5testss_39identifier_only_rejects_type_token_name0B9_
FNDA:1,_RNCNvNtNtNtCseriWsCb5ev6_4koan5parse11triple_list5testss_42identifier_or_type_accepts_type_token_name0B9_
FNDA:1,_RINvNtNtCseriWsCb5ev6_4koan5parse11triple_list15parse_pair_listNtNtCsgW8esjfipvk_5alloc6string6StringNCNvNtB2_5testss_42identifier_or_type_accepts_type_token_name0EB6_
FNDA:119,_RINvNtNtCseriWsCb5ev6_4koan5parse11triple_list15parse_pair_listNtNtNtNtNtB6_7machine5model5types5ktype5KTypeNCNvNtB13_16typed_field_list37parse_typed_field_list_via_elaborator0EB6_
FNDA:1,_RINvNtNtCseriWsCb5ev6_4koan5parse11triple_list15parse_pair_listuNCNvNtB2_5testss_39identifier_only_rejects_type_token_name0EB6_
FNDA:0,_RNCINvNtNtCseriWsCb5ev6_4koan5parse11triple_list15parse_pair_listNtNtCsgW8esjfipvk_5alloc6string6StringNCNvNtB4_5testss_42identifier_or_type_accepts_type_token_name0E0B8_
FNDA:62,_RNCINvNtNtCseriWsCb5ev6_4koan5parse11triple_list15parse_pair_listNtNtNtNtNtB8_7machine5model5types5ktype5KTypeNCNvNtB15_16typed_field_list37parse_typed_field_list_via_elaborator0E0B8_
FNDA:0,_RNCINvNtNtCseriWsCb5ev6_4koan5parse11triple_list15parse_pair_listuNCNvNtB4_5testss_39identifier_only_rejects_type_token_name0E0B8_
FNDA:2,_RNvNtNtNtCseriWsCb5ev6_4koan5parse11triple_list5tests15type_named_pair
FNDA:1,_RNvNtNtNtCseriWsCb5ev6_4koan5parse11triple_list5testss_39identifier_only_rejects_type_token_name
FNDA:1,_RNvNtNtNtCseriWsCb5ev6_4koan5parse11triple_list5testss_42identifier_or_type_accepts_type_token_name
FNF:7
FNH:6
DA:25,133
DA:26,133
DA:27,133
DA:28,133
DA:29,133
DA:30,133
DA:31,133
DA:32,133
DA:33,1
DA:34,1
DA:35,1
DA:36,1
DA:37,132
DA:38,132
DA:39,132
DA:40,321
DA:41,193
DA:42,184
DA:45,8
DA:46,1
DA:47,1
DA:48,1
DA:49,1
DA:50,1
DA:53,192
DA:54,1
DA:55,191
DA:56,191
DA:57,189
DA:58,189
DA:60,128
DA:61,133
DA:71,2
DA:72,2
DA:73,2
DA:74,2
DA:76,2
DA:79,1
DA:80,1
DA:81,1
DA:82,1
DA:83,1
DA:84,1
DA:85,1
DA:86,1
DA:87,0
DA:88,1
DA:90,1
DA:91,1
DA:92,1
DA:95,1
DA:96,1
DA:97,1
DA:98,0
DA:99,0
DA:100,1
DA:101,1
DA:104,1
BRF:0
BRH:0
LF:60
LH:51
end_of_record
SF:/var/home/jack/Code/koan/src/parse/whitespace.rs
FN:37,_RNvNtNtCscUx3zdyuqfq_4koan5parse10whitespace12collapse_str
FN:291,_RNvNtNtCscUx3zdyuqfq_4koan5parse10whitespace13adjust_parens
FN:278,_RNvNtNtCscUx3zdyuqfq_4koan5parse10whitespace16line_delim_delta
FN:284,_RNvNtNtCscUx3zdyuqfq_4koan5parse10whitespace16line_paren_delta
FN:31,_RNvNtNtCscUx3zdyuqfq_4koan5parse10whitespace19collapse_whitespace
FN:233,_RNvNtNtCscUx3zdyuqfq_4koan5parse10whitespace19walk_content_cursor
FN:224,_RNvNtNtCscUx3zdyuqfq_4koan5parse10whitespace9emit_jump
FN:55,_RNCNvNtNtCscUx3zdyuqfq_4koan5parse10whitespace12collapse_str0B7_
FN:149,_RNCNvNtNtCscUx3zdyuqfq_4koan5parse10whitespace12collapse_strs0_0B7_
FN:56,_RNCNvNtNtCscUx3zdyuqfq_4koan5parse10whitespace12collapse_strs_0B7_
FN:279,_RNCNvNtNtCscUx3zdyuqfq_4koan5parse10whitespace16line_delim_delta0B7_
FN:280,_RNCNvNtNtCscUx3zdyuqfq_4koan5parse10whitespace16line_delim_deltas_0B7_
FN:285,_RNCNvNtNtCscUx3zdyuqfq_4koan5parse10whitespace16line_paren_delta0B7_
FN:286,_RNCNvNtNtCscUx3zdyuqfq_4koan5parse10whitespace16line_paren_deltas_0B7_
FN:33,_RNCNvNtNtCscUx3zdyuqfq_4koan5parse10whitespace19collapse_whitespace0B7_
FN:252,_RNCNvNtNtCscUx3zdyuqfq_4koan5parse10whitespace19walk_content_cursor0B7_
FN:253,_RNCNvNtNtCscUx3zdyuqfq_4koan5parse10whitespace19walk_content_cursors_0B7_
FN:37,_RNvNtNtCseriWsCb5ev6_4koan5parse10whitespace12collapse_str
FN:291,_RNvNtNtCseriWsCb5ev6_4koan5parse10whitespace13adjust_parens
FN:278,_RNvNtNtCseriWsCb5ev6_4koan5parse10whitespace16line_delim_delta
FN:284,_RNvNtNtCseriWsCb5ev6_4koan5parse10whitespace16line_paren_delta
FN:31,_RNvNtNtCseriWsCb5ev6_4koan5parse10whitespace19collapse_whitespace
FN:233,_RNvNtNtCseriWsCb5ev6_4koan5parse10whitespace19walk_content_cursor
FN:224,_RNvNtNtCseriWsCb5ev6_4koan5parse10whitespace9emit_jump
FN:55,_RNCNvNtNtCseriWsCb5ev6_4koan5parse10whitespace12collapse_str0B7_
FN:149,_RNCNvNtNtCseriWsCb5ev6_4koan5parse10whitespace12collapse_strs0_0B7_
FN:56,_RNCNvNtNtCseriWsCb5ev6_4koan5parse10whitespace12collapse_strs_0B7_
FN:279,_RNCNvNtNtCseriWsCb5ev6_4koan5parse10whitespace16line_delim_delta0B7_
FN:280,_RNCNvNtNtCseriWsCb5ev6_4koan5parse10whitespace16line_delim_deltas_0B7_
FN:285,_RNCNvNtNtCseriWsCb5ev6_4koan5parse10whitespace16line_paren_delta0B7_
FN:286,_RNCNvNtNtCseriWsCb5ev6_4koan5parse10whitespace16line_paren_deltas_0B7_
FN:33,_RNCNvNtNtCseriWsCb5ev6_4koan5parse10whitespace19collapse_whitespace0B7_
FN:252,_RNCNvNtNtCseriWsCb5ev6_4koan5parse10whitespace19walk_content_cursor0B7_
FN:253,_RNCNvNtNtCseriWsCb5ev6_4koan5parse10whitespace19walk_content_cursors_0B7_
FNDA:42,_RNvNtNtCscUx3zdyuqfq_4koan5parse10whitespace12collapse_str
FNDA:102,_RNvNtNtCscUx3zdyuqfq_4koan5parse10whitespace13adjust_parens
FNDA:102,_RNvNtNtCscUx3zdyuqfq_4koan5parse10whitespace16line_delim_delta
FNDA:102,_RNvNtNtCscUx3zdyuqfq_4koan5parse10whitespace16line_paren_delta
FNDA:42,_RNvNtNtCscUx3zdyuqfq_4koan5parse10whitespace19collapse_whitespace
FNDA:102,_RNvNtNtCscUx3zdyuqfq_4koan5parse10whitespace19walk_content_cursor
FNDA:204,_RNvNtNtCscUx3zdyuqfq_4koan5parse10whitespace9emit_jump
FNDA:3531,_RNCNvNtNtCscUx3zdyuqfq_4koan5parse10whitespace12collapse_str0B7_
FNDA:0,_RNCNvNtNtCscUx3zdyuqfq_4koan5parse10whitespace12collapse_strs0_0B7_
FNDA:60,_RNCNvNtNtCscUx3zdyuqfq_4koan5parse10whitespace12collapse_strs_0B7_
FNDA:3471,_RNCNvNtNtCscUx3zdyuqfq_4koan5parse10whitespace16line_delim_delta0B7_
FNDA:3471,_RNCNvNtNtCscUx3zdyuqfq_4koan5parse10whitespace16line_delim_deltas_0B7_
FNDA:3471,_RNCNvNtNtCscUx3zdyuqfq_4koan5parse10whitespace16line_paren_delta0B7_
FNDA:3471,_RNCNvNtNtCscUx3zdyuqfq_4koan5parse10whitespace16line_paren_deltas_0B7_
FNDA:0,_RNCNvNtNtCscUx3zdyuqfq_4koan5parse10whitespace19collapse_whitespace0B7_
FNDA:1,_RNCNvNtNtCscUx3zdyuqfq_4koan5parse10whitespace19walk_content_cursor0B7_
FNDA:0,_RNCNvNtNtCscUx3zdyuqfq_4koan5parse10whitespace19walk_content_cursors_0B7_
FNDA:869,_RNvNtNtCseriWsCb5ev6_4koan5parse10whitespace12collapse_str
FNDA:1288,_RNvNtNtCseriWsCb5ev6_4koan5parse10whitespace13adjust_parens
FNDA:1288,_RNvNtNtCseriWsCb5ev6_4koan5parse10whitespace16line_delim_delta
FNDA:1295,_RNvNtNtCseriWsCb5ev6_4koan5parse10whitespace16line_paren_delta
FNDA:869,_RNvNtNtCseriWsCb5ev6_4koan5parse10whitespace19collapse_whitespace
FNDA:1295,_RNvNtNtCseriWsCb5ev6_4koan5parse10whitespace19walk_content_cursor
FNDA:2513,_RNvNtNtCseriWsCb5ev6_4koan5parse10whitespace9emit_jump
FNDA:34904,_RNCNvNtNtCseriWsCb5ev6_4koan5parse10whitespace12collapse_str0B7_
FNDA:151,_RNCNvNtNtCseriWsCb5ev6_4koan5parse10whitespace12collapse_strs0_0B7_
FNDA:450,_RNCNvNtNtCseriWsCb5ev6_4koan5parse10whitespace12collapse_strs_0B7_
FNDA:34148,_RNCNvNtNtCseriWsCb5ev6_4koan5parse10whitespace16line_delim_delta0B7_
FNDA:34148,_RNCNvNtNtCseriWsCb5ev6_4koan5parse10whitespace16line_delim_deltas_0B7_
FNDA:34170,_RNCNvNtNtCseriWsCb5ev6_4koan5parse10whitespace16line_paren_delta0B7_
FNDA:34170,_RNCNvNtNtCseriWsCb5ev6_4koan5parse10whitespace16line_paren_deltas_0B7_
FNDA:0,_RNCNvNtNtCseriWsCb5ev6_4koan5parse10whitespace19collapse_whitespace0B7_
FNDA:213,_RNCNvNtNtCseriWsCb5ev6_4koan5parse10whitespace19walk_content_cursor0B7_
FNDA:0,_RNCNvNtNtCseriWsCb5ev6_4koan5parse10whitespace19walk_content_cursors_0B7_
FNF:17
FNH:15
DA:31,911
DA:32,911
DA:33,911
DA:34,911
DA:35,911
DA:37,911
DA:38,911
DA:39,911
DA:40,911
DA:41,911
DA:42,911
DA:45,911
DA:47,911
DA:48,911
DA:49,911
DA:50,911
DA:52,2324
DA:53,1420
DA:54,1420
DA:55,38435
DA:56,1420
DA:57,1420
DA:59,1420
DA:60,1420
DA:61,1420
DA:62,1420
DA:64,1420
DA:66,1420
DA:70,23
DA:71,23
DA:72,23
DA:73,8
DA:75,15
DA:77,23
DA:78,23
DA:79,1397
DA:81,1397
DA:83,1397
DA:84,1397
DA:86,1397
DA:87,1397
DA:89,1397
DA:90,1397
DA:91,1397
DA:92,1397
DA:93,1397
DA:117,1397
DA:118,54
DA:119,54
DA:120,1343
DA:123,1343
DA:124,32
DA:127,12
DA:128,1
DA:129,1
DA:130,1
DA:131,1
DA:132,1
DA:133,11
DA:134,11
DA:135,11
DA:136,20
DA:137,20
DA:140,1
DA:141,1
DA:142,1
DA:143,1
DA:144,1
DA:145,1
DA:146,19
DA:147,1311
DA:149,1330
DA:150,3
DA:151,3
DA:152,3
DA:153,3
DA:154,3
DA:155,3
DA:156,3
DA:157,3
DA:158,1327
DA:159,1327
DA:160,2
DA:161,2
DA:162,2
DA:163,2
DA:164,2
DA:165,2
DA:166,2
DA:167,2
DA:168,1325
DA:170,1715
DA:171,439
DA:172,390
DA:173,390
DA:174,390
DA:175,390
DA:176,49
DA:182,1325
DA:183,416
DA:184,909
DA:188,1325
DA:189,1325
DA:190,11
DA:191,11
DA:192,11
DA:193,11
DA:194,11
DA:195,1314
DA:196,1314
DA:197,1314
DA:198,1314
DA:199,1314
DA:201,1325
DA:202,1325
DA:203,1325
DA:204,1325
DA:205,1325
DA:207,1325
DA:208,1325
DA:209,470
DA:211,855
DA:213,1325
DA:216,1830
DA:217,926
DA:218,926
DA:219,926
DA:221,904
DA:222,911
DA:224,2717
DA:225,2717
DA:226,2717
DA:227,2717
DA:228,2717
DA:233,1397
DA:234,1397
DA:235,1397
DA:236,37699
DA:237,36302
DA:238,36302
DA:239,214
DA:240,214
DA:241,686
DA:242,472
DA:243,472
DA:244,214
DA:245,0
DA:246,214
DA:247,214
DA:248,0
DA:249,214
DA:250,214
DA:251,214
DA:252,214
DA:253,214
DA:254,214
DA:255,36088
DA:256,214
DA:257,428
DA:258,214
DA:259,214
DA:260,214
DA:261,0
DA:262,214
DA:263,214
DA:264,439
DA:265,225
DA:266,225
DA:267,214
DA:268,35874
DA:269,35874
DA:270,35874
DA:271,35874
DA:273,1397
DA:274,1397
DA:278,1390
DA:279,37619
DA:280,37619
DA:281,1390
DA:282,1390
DA:284,1397
DA:285,37641
DA:286,37641
DA:287,1397
DA:288,1397
DA:291,1390
DA:292,1390
DA:293,15
DA:294,15
DA:295,15
DA:297,1375
DA:298,13
DA:299,13
DA:301,1390
BRF:0
BRH:0
LF:204
LH:199
end_of_record