SF:/var/home/jack/Code/koan/src/builtins.rs
FN:155,_RNvNtCs3yqXWJWMNss_4koan8builtins13default_scope
FN:78,_RNvNtCs3yqXWJWMNss_4koan8builtins16register_builtin
FN:43,_RNvNtCs3yqXWJWMNss_4koan8builtins20dispatch_constructor
FN:124,_RNvNtCs3yqXWJWMNss_4koan8builtins21register_builtin_full
FN:89,_RNvNtCs3yqXWJWMNss_4koan8builtins29register_builtin_with_pre_run
FN:62,_RNvNtCs3yqXWJWMNss_4koan8builtins2kw
FN:105,_RNvNtCs3yqXWJWMNss_4koan8builtins36register_nominal_binder_with_pre_run
FN:67,_RNvNtCs3yqXWJWMNss_4koan8builtins3arg
FN:57,_RNvNtCs3yqXWJWMNss_4koan8builtins3err
FN:74,_RNvNtCs3yqXWJWMNss_4koan8builtins3sig
FN:155,_RNvNtCs8h7e9k1J8CD_4koan8builtins13default_scope
FN:78,_RNvNtCs8h7e9k1J8CD_4koan8builtins16register_builtin
FN:43,_RNvNtCs8h7e9k1J8CD_4koan8builtins20dispatch_constructor
FN:124,_RNvNtCs8h7e9k1J8CD_4koan8builtins21register_builtin_full
FN:89,_RNvNtCs8h7e9k1J8CD_4koan8builtins29register_builtin_with_pre_run
FN:62,_RNvNtCs8h7e9k1J8CD_4koan8builtins2kw
FN:105,_RNvNtCs8h7e9k1J8CD_4koan8builtins36register_nominal_binder_with_pre_run
FN:67,_RNvNtCs8h7e9k1J8CD_4koan8builtins3arg
FN:57,_RNvNtCs8h7e9k1J8CD_4koan8builtins3err
FN:74,_RNvNtCs8h7e9k1J8CD_4koan8builtins3sig
FNDA:30,_RNvNtCs3yqXWJWMNss_4koan8builtins13default_scope
FNDA:900,_RNvNtCs3yqXWJWMNss_4koan8builtins16register_builtin
FNDA:3,_RNvNtCs3yqXWJWMNss_4koan8builtins20dispatch_constructor
FNDA:1260,_RNvNtCs3yqXWJWMNss_4koan8builtins21register_builtin_full
FNDA:1020,_RNvNtCs3yqXWJWMNss_4koan8builtins29register_builtin_with_pre_run
FNDA:1620,_RNvNtCs3yqXWJWMNss_4koan8builtins2kw
FNDA:120,_RNvNtCs3yqXWJWMNss_4koan8builtins36register_nominal_binder_with_pre_run
FNDA:2250,_RNvNtCs3yqXWJWMNss_4koan8builtins3arg
FNDA:1,_RNvNtCs3yqXWJWMNss_4koan8builtins3err
FNDA:1200,_RNvNtCs3yqXWJWMNss_4koan8builtins3sig
FNDA:452,_RNvNtCs8h7e9k1J8CD_4koan8builtins13default_scope
FNDA:13580,_RNvNtCs8h7e9k1J8CD_4koan8builtins16register_builtin
FNDA:97,_RNvNtCs8h7e9k1J8CD_4koan8builtins20dispatch_constructor
FNDA:19005,_RNvNtCs8h7e9k1J8CD_4koan8builtins21register_builtin_full
FNDA:15389,_RNvNtCs8h7e9k1J8CD_4koan8builtins29register_builtin_with_pre_run
FNDA:24408,_RNvNtCs8h7e9k1J8CD_4koan8builtins2kw
FNDA:1808,_RNvNtCs8h7e9k1J8CD_4koan8builtins36register_nominal_binder_with_pre_run
FNDA:33900,_RNvNtCs8h7e9k1J8CD_4koan8builtins3arg
FNDA:76,_RNvNtCs8h7e9k1J8CD_4koan8builtins3err
FNDA:18080,_RNvNtCs8h7e9k1J8CD_4koan8builtins3sig
FNF:10
FNH:10
DA:43,100
DA:44,100
DA:45,100
DA:46,100
DA:47,100
DA:48,66
DA:49,33
DA:50,1
DA:52,100
DA:57,77
DA:58,77
DA:59,77
DA:62,26028
DA:63,26028
DA:64,26028
DA:67,36150
DA:68,36150
DA:69,36150
DA:74,19280
DA:75,19280
DA:76,19280
DA:78,14480
DA:79,14480
DA:80,14480
DA:81,14480
DA:82,14480
DA:83,14480
DA:84,14480
DA:85,14480
DA:89,16409
DA:90,16409
DA:91,16409
DA:92,16409
DA:93,16409
DA:94,16409
DA:95,16409
DA:96,16409
DA:97,16409
DA:105,1928
DA:106,1928
DA:107,1928
DA:108,1928
DA:109,1928
DA:110,1928
DA:111,1928
DA:112,1928
DA:113,1928
DA:124,20265
DA:125,20265
DA:126,20265
DA:127,20265
DA:128,20265
DA:129,20265
DA:130,20265
DA:131,20265
DA:132,20265
DA:133,20265
DA:134,20265
DA:135,20265
DA:136,20265
DA:137,20265
DA:138,20265
DA:139,20265
DA:140,20265
DA:141,20265
DA:142,20265
DA:143,20265
DA:144,20265
DA:145,20265
DA:146,20265
DA:155,482
DA:156,482
DA:157,482
DA:158,482
DA:159,482
DA:165,482
DA:166,482
DA:167,482
DA:168,482
DA:169,482
DA:170,482
DA:171,482
DA:172,482
DA:175,482
DA:176,482
DA:181,482
DA:182,482
DA:183,482
DA:186,482
DA:187,482
DA:188,482
DA:193,482
DA:194,482
DA:195,482
DA:197,482
DA:198,482
DA:199,482
DA:200,482
DA:201,482
DA:202,482
DA:203,482
DA:204,482
DA:205,482
DA:206,482
DA:207,482
DA:208,482
DA:209,482
DA:210,482
DA:211,482
DA:212,482
DA:213,482
DA:214,482
DA:215,482
DA:216,482
DA:217,482
DA:218,482
DA:219,482
DA:220,482
DA:221,482
DA:222,482
DA:223,482
DA:225,482
DA:226,482
BRF:0
BRH:0
LF:123
LH:123
end_of_record
SF:/var/home/jack/Code/koan/src/builtins/ascribe.rs
FN:16,_RNvNtNtCs3yqXWJWMNss_4koan8builtins7ascribe11body_opaque
FN:129,_RNvNtNtCs3yqXWJWMNss_4koan8builtins7ascribe11shape_check
FN:100,_RNvNtNtCs3yqXWJWMNss_4koan8builtins7ascribe16body_transparent
FN:179,_RNvNtNtCs3yqXWJWMNss_4koan8builtins7ascribe21is_abstract_type_name
FN:162,_RNvNtNtCs3yqXWJWMNss_4koan8builtins7ascribe22abstract_type_names_of
FN:191,_RNvNtNtCs3yqXWJWMNss_4koan8builtins7ascribe28resolve_module_and_signature
FN:199,_RNvNtNtCs3yqXWJWMNss_4koan8builtins7ascribe8register
FN:185,_RNCNvNtNtCs3yqXWJWMNss_4koan8builtins7ascribe21is_abstract_type_name0B7_
FN:16,_RNvNtNtCs8h7e9k1J8CD_4koan8builtins7ascribe11body_opaque
FN:129,_RNvNtNtCs8h7e9k1J8CD_4koan8builtins7ascribe11shape_check
FN:100,_RNvNtNtCs8h7e9k1J8CD_4koan8builtins7ascribe16body_transparent
FN:179,_RNvNtNtCs8h7e9k1J8CD_4koan8builtins7ascribe21is_abstract_type_name
FN:162,_RNvNtNtCs8h7e9k1J8CD_4koan8builtins7ascribe22abstract_type_names_of
FN:191,_RNvNtNtCs8h7e9k1J8CD_4koan8builtins7ascribe28resolve_module_and_signature
FN:199,_RNvNtNtCs8h7e9k1J8CD_4koan8builtins7ascribe8register
FN:185,_RNCNvNtNtCs8h7e9k1J8CD_4koan8builtins7ascribe21is_abstract_type_name0B7_
FNDA:1,_RNvNtNtCs3yqXWJWMNss_4koan8builtins7ascribe11body_opaque
FNDA:3,_RNvNtNtCs3yqXWJWMNss_4koan8builtins7ascribe11shape_check
FNDA:2,_RNvNtNtCs3yqXWJWMNss_4koan8builtins7ascribe16body_transparent
FNDA:9,_RNvNtNtCs3yqXWJWMNss_4koan8builtins7ascribe21is_abstract_type_name
FNDA:4,_RNvNtNtCs3yqXWJWMNss_4koan8builtins7ascribe22abstract_type_names_of
FNDA:3,_RNvNtNtCs3yqXWJWMNss_4koan8builtins7ascribe28resolve_module_and_signature
FNDA:30,_RNvNtNtCs3yqXWJWMNss_4koan8builtins7ascribe8register
FNDA:0,_RNCNvNtNtCs3yqXWJWMNss_4koan8builtins7ascribe21is_abstract_type_name0B7_
FNDA:20,_RNvNtNtCs8h7e9k1J8CD_4koan8builtins7ascribe11body_opaque
FNDA:37,_RNvNtNtCs8h7e9k1J8CD_4koan8builtins7ascribe11shape_check
FNDA:17,_RNvNtNtCs8h7e9k1J8CD_4koan8builtins7ascribe16body_transparent
FNDA:131,_RNvNtNtCs8h7e9k1J8CD_4koan8builtins7ascribe21is_abstract_type_name
FNDA:64,_RNvNtNtCs8h7e9k1J8CD_4koan8builtins7ascribe22abstract_type_names_of
FNDA:37,_RNvNtNtCs8h7e9k1J8CD_4koan8builtins7ascribe28resolve_module_and_signature
FNDA:452,_RNvNtNtCs8h7e9k1J8CD_4koan8builtins7ascribe8register
FNDA:9,_RNCNvNtNtCs8h7e9k1J8CD_4koan8builtins7ascribe21is_abstract_type_name0B7_
FNF:8
FNH:8
DA:16,21
DA:17,21
DA:18,21
DA:19,21
DA:20,21
DA:21,21
DA:22,21
DA:23,0
DA:26,21
DA:27,21
DA:28,21
DA:29,21
DA:37,21
DA:38,21
DA:39,0
DA:40,21
DA:42,21
DA:55,21
DA:57,21
DA:58,21
DA:59,13
DA:60,3
DA:61,3
DA:62,3
DA:63,3
DA:64,3
DA:65,3
DA:67,10
DA:68,10
DA:69,10
DA:70,10
DA:72,13
DA:75,21
DA:76,13
DA:77,13
DA:78,13
DA:79,13
DA:80,8
DA:82,21
DA:83,2
DA:84,19
DA:89,19
DA:93,19
DA:94,19
DA:95,19
DA:96,19
DA:97,21
DA:100,19
DA:101,19
DA:102,19
DA:103,19
DA:104,19
DA:105,19
DA:106,19
DA:107,0
DA:109,19
DA:110,0
DA:111,19
DA:113,19
DA:114,19
DA:115,19
DA:116,19
DA:117,19
DA:120,19
DA:121,19
DA:122,19
DA:123,19
DA:124,19
DA:125,19
DA:129,40
DA:130,40
DA:131,40
DA:132,40
DA:135,40
DA:136,40
DA:137,40
DA:138,40
DA:139,40
DA:140,37
DA:141,0
DA:142,37
DA:143,37
DA:144,2
DA:145,2
DA:146,2
DA:147,2
DA:148,35
DA:150,38
DA:151,40
DA:162,68
DA:163,68
DA:164,68
DA:165,68
DA:166,68
DA:167,68
DA:168,68
DA:169,68
DA:170,62
DA:171,0
DA:172,62
DA:174,68
DA:175,68
DA:179,140
DA:180,140
DA:181,140
DA:182,140
DA:183,131
DA:184,9
DA:185,9
DA:186,140
DA:191,40
DA:192,40
DA:193,40
DA:194,40
DA:195,40
DA:196,40
DA:197,40
DA:199,482
DA:206,482
DA:207,482
DA:208,482
DA:209,482
DA:210,482
DA:211,482
DA:212,482
DA:214,482
DA:216,482
DA:217,482
DA:218,482
DA:219,482
DA:220,482
DA:221,482
DA:222,482
DA:224,482
DA:226,482
BRF:0
BRH:0
LF:136
LH:130
end_of_record
SF:/var/home/jack/Code/koan/src/builtins/attr.rs
FN:146,_RNvNtNtCs3yqXWJWMNss_4koan8builtins4attr11body_module
FN:127,_RNvNtNtCs3yqXWJWMNss_4koan8builtins4attr11body_struct
FN:190,_RNvNtNtCs3yqXWJWMNss_4koan8builtins4attr12access_field
FN:86,_RNvNtNtCs3yqXWJWMNss_4koan8builtins4attr13body_type_lhs
FN:32,_RNvNtNtCs3yqXWJWMNss_4koan8builtins4attr15body_identifier
FN:170,_RNvNtNtCs3yqXWJWMNss_4koan8builtins4attr15read_field_name
FN:265,_RNvNtNtCs3yqXWJWMNss_4koan8builtins4attr20access_module_member
FN:286,_RNvNtNtCs3yqXWJWMNss_4koan8builtins4attr8register
FN:146,_RNvNtNtCs8h7e9k1J8CD_4koan8builtins4attr11body_module
FN:127,_RNvNtNtCs8h7e9k1J8CD_4koan8builtins4attr11body_struct
FN:190,_RNvNtNtCs8h7e9k1J8CD_4koan8builtins4attr12access_field
FN:86,_RNvNtNtCs8h7e9k1J8CD_4koan8builtins4attr13body_type_lhs
FN:32,_RNvNtNtCs8h7e9k1J8CD_4koan8builtins4attr15body_identifier
FN:170,_RNvNtNtCs8h7e9k1J8CD_4koan8builtins4attr15read_field_name
FN:265,_RNvNtNtCs8h7e9k1J8CD_4koan8builtins4attr20access_module_member
FN:286,_RNvNtNtCs8h7e9k1J8CD_4koan8builtins4attr8register
FN:372,_RNvNtNtNtCs8h7e9k1J8CD_4koan8builtins4attr5testss_24attr_unbound_name_errors
FN:399,_RNvNtNtNtCs8h7e9k1J8CD_4koan8builtins4attr5testss_25attr_unknown_field_errors
FN:383,_RNvNtNtNtCs8h7e9k1J8CD_4koan8builtins4attr5testss_31attr_on_non_struct_value_errors
FN:415,_RNvNtNtNtCs8h7e9k1J8CD_4koan8builtins4attr5testss_33attr_chained_unknown_field_errors
FN:356,_RNvNtNtNtCs8h7e9k1J8CD_4koan8builtins4attr5testss_34attr_chained_through_nested_struct
FN:332,_RNvNtNtNtCs8h7e9k1J8CD_4koan8builtins4attr5testss_34attr_reads_field_from_named_struct
FN:344,_RNvNtNtNtCs8h7e9k1J8CD_4koan8builtins4attr5testss_35attr_reads_each_field_independently
FN:458,_RNvNtNtNtCs8h7e9k1J8CD_4koan8builtins4attr5testss_39access_field_rejects_wrapped_non_struct
FN:439,_RNvNtNtNtCs8h7e9k1J8CD_4koan8builtins4attr5testss_41access_field_falls_through_wrapped_struct
FN:482,_RNvNtNtNtCs8h7e9k1J8CD_4koan8builtins4attr5testss_53access_field_falls_through_wrapped_with_missing_field
FNDA:1,_RNvNtNtCs3yqXWJWMNss_4koan8builtins4attr11body_module
FNDA:0,_RNvNtNtCs3yqXWJWMNss_4koan8builtins4attr11body_struct
FNDA:7,_RNvNtNtCs3yqXWJWMNss_4koan8builtins4attr12access_field
FNDA:6,_RNvNtNtCs3yqXWJWMNss_4koan8builtins4attr13body_type_lhs
FNDA:2,_RNvNtNtCs3yqXWJWMNss_4koan8builtins4attr15body_identifier
FNDA:9,_RNvNtNtCs3yqXWJWMNss_4koan8builtins4attr15read_field_name
FNDA:7,_RNvNtNtCs3yqXWJWMNss_4koan8builtins4attr20access_module_member
FNDA:30,_RNvNtNtCs3yqXWJWMNss_4koan8builtins4attr8register
FNDA:1,_RNvNtNtCs8h7e9k1J8CD_4koan8builtins4attr11body_module
FNDA:2,_RNvNtNtCs8h7e9k1J8CD_4koan8builtins4attr11body_struct
FNDA:33,_RNvNtNtCs8h7e9k1J8CD_4koan8builtins4attr12access_field
FNDA:8,_RNvNtNtCs8h7e9k1J8CD_4koan8builtins4attr13body_type_lhs
FNDA:23,_RNvNtNtCs8h7e9k1J8CD_4koan8builtins4attr15body_identifier
FNDA:34,_RNvNtNtCs8h7e9k1J8CD_4koan8builtins4attr15read_field_name
FNDA:12,_RNvNtNtCs8h7e9k1J8CD_4koan8builtins4attr20access_module_member
FNDA:452,_RNvNtNtCs8h7e9k1J8CD_4koan8builtins4attr8register
FNDA:1,_RNvNtNtNtCs8h7e9k1J8CD_4koan8builtins4attr5testss_24attr_unbound_name_errors
FNDA:1,_RNvNtNtNtCs8h7e9k1J8CD_4koan8builtins4attr5testss_25attr_unknown_field_errors
FNDA:1,_RNvNtNtNtCs8h7e9k1J8CD_4koan8builtins4attr5testss_31attr_on_non_struct_value_errors
FNDA:1,_RNvNtNtNtCs8h7e9k1J8CD_4koan8builtins4attr5testss_33attr_chained_unknown_field_errors
FNDA:1,_RNvNtNtNtCs8h7e9k1J8CD_4koan8builtins4attr5testss_34attr_chained_through_nested_struct
FNDA:1,_RNvNtNtNtCs8h7e9k1J8CD_4koan8builtins4attr5testss_34attr_reads_field_from_named_struct
FNDA:1,_RNvNtNtNtCs8h7e9k1J8CD_4koan8builtins4attr5testss_35attr_reads_each_field_independently
FNDA:1,_RNvNtNtNtCs8h7e9k1J8CD_4koan8builtins4attr5testss_39access_field_rejects_wrapped_non_struct
FNDA:1,_RNvNtNtNtCs8h7e9k1J8CD_4koan8builtins4attr5testss_41access_field_falls_through_wrapped_struct
FNDA:1,_RNvNtNtNtCs8h7e9k1J8CD_4koan8builtins4attr5testss_53access_field_falls_through_wrapped_with_missing_field
FNF:18
FNH:18
DA:32,25
DA:33,25
DA:34,25
DA:35,25
DA:36,25
DA:37,25
DA:38,25
DA:39,0
DA:40,0
DA:41,0
DA:42,0
DA:43,0
DA:44,0
DA:46,0
DA:48,25
DA:49,25
DA:50,25
DA:51,0
DA:58,25
DA:59,20
DA:60,5
DA:61,5
DA:62,3
DA:63,3
DA:64,0
DA:65,0
DA:70,0
DA:72,2
DA:73,2
DA:74,25
DA:86,14
DA:87,14
DA:88,14
DA:89,14
DA:90,14
DA:91,14
DA:96,0
DA:101,14
DA:102,0
DA:103,0
DA:104,0
DA:105,0
DA:106,0
DA:107,0
DA:109,0
DA:111,14
DA:112,14
DA:113,0
DA:120,14
DA:121,14
DA:122,0
DA:124,14
DA:125,14
DA:127,2
DA:128,2
DA:129,2
DA:130,2
DA:131,2
DA:132,2
DA:133,2
DA:134,0
DA:136,2
DA:137,2
DA:138,0
DA:140,2
DA:141,2
DA:146,2
DA:147,2
DA:148,2
DA:149,2
DA:150,2
DA:151,2
DA:152,2
DA:153,0
DA:155,2
DA:156,2
DA:157,0
DA:159,2
DA:160,2
DA:161,0
DA:162,0
DA:163,0
DA:164,0
DA:165,0
DA:167,2
DA:168,2
DA:170,43
DA:171,43
DA:172,38
DA:176,0
DA:180,5
DA:181,0
DA:182,0
DA:183,0
DA:184,0
DA:185,0
DA:186,0
DA:188,43
DA:190,40
DA:191,40
DA:192,40
DA:193,40
DA:194,40
DA:195,14
DA:196,18
DA:197,15
DA:198,3
DA:199,3
DA:200,3
DA:201,3
DA:205,14
DA:207,0
DA:208,0
DA:209,0
DA:210,0
DA:211,0
DA:212,0
DA:213,0
DA:214,0
DA:215,0
DA:216,0
DA:217,0
DA:218,0
DA:219,0
DA:220,0
DA:223,0
DA:224,0
DA:235,4
DA:236,4
DA:237,4
DA:238,4
DA:239,4
DA:240,4
DA:242,40
DA:265,19
DA:266,19
DA:267,3
DA:268,3
DA:269,3
DA:270,16
DA:271,16
DA:272,16
DA:273,15
DA:274,1
DA:275,1
DA:276,0
DA:277,0
DA:278,0
DA:279,1
DA:280,1
DA:281,1
DA:282,1
DA:283,1
DA:284,19
DA:286,482
DA:287,482
DA:288,482
DA:289,482
DA:290,482
DA:291,482
DA:293,482
DA:294,482
DA:295,482
DA:296,482
DA:297,482
DA:298,482
DA:299,482
DA:300,482
DA:301,482
DA:309,482
DA:310,482
DA:311,482
DA:312,482
DA:313,482
DA:314,482
DA:315,482
DA:316,482
DA:317,482
DA:320,482
DA:321,482
DA:322,482
DA:323,482
DA:332,1
DA:333,1
DA:334,1
DA:335,1
DA:336,1
DA:337,1
DA:339,1
DA:340,1
DA:341,1
DA:344,1
DA:345,1
DA:346,1
DA:347,1
DA:348,1
DA:349,1
DA:351,1
DA:352,1
DA:353,1
DA:356,1
DA:357,1
DA:358,1
DA:359,1
DA:360,1
DA:361,1
DA:362,1
DA:363,1
DA:364,1
DA:365,1
DA:367,1
DA:368,1
DA:369,1
DA:372,1
DA:373,1
DA:374,1
DA:375,1
DA:376,1
DA:377,1
DA:380,1
DA:383,1
DA:384,1
DA:385,1
DA:386,1
DA:387,1
DA:388,1
DA:389,1
DA:390,1
DA:391,1
DA:392,1
DA:394,0
DA:396,1
DA:399,1
DA:400,1
DA:401,1
DA:402,1
DA:403,1
DA:404,1
DA:406,1
DA:407,1
DA:408,1
DA:409,1
DA:412,1
DA:415,1
DA:416,1
DA:417,1
DA:418,1
DA:419,1
DA:420,1
DA:421,1
DA:422,1
DA:423,1
DA:424,1
DA:426,1
DA:427,1
DA:428,1
DA:429,1
DA:432,1
DA:439,1
DA:440,1
DA:441,1
DA:442,1
DA:443,1
DA:444,1
DA:445,1
DA:446,1
DA:447,1
DA:449,1
DA:450,1
DA:451,1
DA:458,1
DA:459,1
DA:460,1
DA:461,1
DA:462,1
DA:463,1
DA:464,1
DA:466,1
DA:467,1
DA:468,1
DA:469,1
DA:470,1
DA:471,1
DA:473,0
DA:475,1
DA:482,1
DA:483,1
DA:484,1
DA:485,1
DA:486,1
DA:487,1
DA:488,1
DA:489,1
DA:490,1
DA:492,1
DA:493,1
DA:494,1
DA:495,1
DA:498,1
BRF:0
BRH:0
LF:299
LH:238
end_of_record
SF:/var/home/jack/Code/koan/src/builtins/branch_walk.rs
FN:20,_RNvNtNtCs3yqXWJWMNss_4koan8builtins11branch_walk16find_branch_body
FN:20,_RNvNtNtCs8h7e9k1J8CD_4koan8builtins11branch_walk16find_branch_body
FNDA:0,_RNvNtNtCs3yqXWJWMNss_4koan8builtins11branch_walk16find_branch_body
FNDA:86,_RNvNtNtCs8h7e9k1J8CD_4koan8builtins11branch_walk16find_branch_body
FNF:1
FNH:1
DA:20,86
DA:21,86
DA:22,86
DA:23,86
DA:24,86
DA:25,86
DA:26,86
DA:27,0
DA:28,0
DA:29,0
DA:30,0
DA:31,86
DA:32,86
DA:33,86
DA:34,127
DA:35,119
DA:36,119
DA:37,119
DA:38,119
DA:39,106
DA:43,9
DA:44,9
DA:49,4
DA:50,0
DA:51,0
DA:52,0
DA:53,0
DA:54,0
DA:57,119
DA:58,119
DA:59,0
DA:60,0
DA:61,0
DA:62,0
DA:63,0
DA:66,119
DA:67,117
DA:68,2
DA:69,2
DA:70,2
DA:71,2
DA:72,2
DA:78,117
DA:79,117
DA:80,76
DA:81,41
DA:82,41
DA:83,4
DA:84,37
DA:85,41
DA:87,8
DA:88,86
BRF:0
BRH:0
LF:52
LH:38
end_of_record
SF:/var/home/jack/Code/koan/src/builtins/call_by_name.rs
FN:10,_RNvNtNtCs3yqXWJWMNss_4koan8builtins12call_by_name4body
FN:59,_RNvNtNtCs3yqXWJWMNss_4koan8builtins12call_by_name8register
FN:10,_RNvNtNtCs8h7e9k1J8CD_4koan8builtins12call_by_name4body
FN:59,_RNvNtNtCs8h7e9k1J8CD_4koan8builtins12call_by_name8register
FN:132,_RNvNtNtNtCs8h7e9k1J8CD_4koan8builtins12call_by_name5testss_26call_by_name_missing_colon
FN:78,_RNvNtNtNtCs8h7e9k1J8CD_4koan8builtins12call_by_name5testss_28fn_callable_via_call_by_name
FN:106,_RNvNtNtNtCs8h7e9k1J8CD_4koan8builtins12call_by_name5testss_30call_by_name_missing_named_arg
FN:120,_RNvNtNtNtCs8h7e9k1J8CD_4koan8builtins12call_by_name5testss_30call_by_name_unknown_named_arg
FN:144,_RNvNtNtNtCs8h7e9k1J8CD_4koan8builtins12call_by_name5testss_32call_by_name_duplicate_named_arg
FN:207,_RNvNtNtNtCs8h7e9k1J8CD_4koan8builtins12call_by_name5testss_34call_by_name_unbound_returns_error
FN:88,_RNvNtNtNtCs8h7e9k1J8CD_4koan8builtins12call_by_name5testss_36call_by_name_weaves_internal_keyword
FN:191,_RNvNtNtNtCs8h7e9k1J8CD_4koan8builtins12call_by_name5testss_38call_by_name_on_struct_type_constructs
FN:174,_RNvNtNtNtCs8h7e9k1J8CD_4koan8builtins12call_by_name5testss_39call_by_name_on_tagged_union_constructs
FN:97,_RNvNtNtNtCs8h7e9k1J8CD_4koan8builtins12call_by_name5testss_41call_by_name_named_args_order_independent
FN:158,_RNvNtNtNtCs8h7e9k1J8CD_4koan8builtins12call_by_name5testss_42call_by_name_on_non_function_returns_error
FN:238,_RNvNtNtNtCs8h7e9k1J8CD_4koan8builtins12call_by_name5testss_45escaped_closure_with_param_returns_body_value
FN:221,_RNvNtNtNtCs8h7e9k1J8CD_4koan8builtins12call_by_name5testss_48closure_escapes_outer_call_and_remains_invocable
FN:255,_RNvNtNtNtCs8h7e9k1J8CD_4koan8builtins12call_by_name5testss_52list_of_closures_escapes_outer_call_with_rc_attached
FNDA:0,_RNvNtNtCs3yqXWJWMNss_4koan8builtins12call_by_name4body
FNDA:30,_RNvNtNtCs3yqXWJWMNss_4koan8builtins12call_by_name8register
FNDA:14,_RNvNtNtCs8h7e9k1J8CD_4koan8builtins12call_by_name4body
FNDA:452,_RNvNtNtCs8h7e9k1J8CD_4koan8builtins12call_by_name8register
FNDA:1,_RNvNtNtNtCs8h7e9k1J8CD_4koan8builtins12call_by_name5testss_26call_by_name_missing_colon
FNDA:1,_RNvNtNtNtCs8h7e9k1J8CD_4koan8builtins12call_by_name5testss_28fn_callable_via_call_by_name
FNDA:1,_RNvNtNtNtCs8h7e9k1J8CD_4koan8builtins12call_by_name5testss_30call_by_name_missing_named_arg
FNDA:1,_RNvNtNtNtCs8h7e9k1J8CD_4koan8builtins12call_by_name5testss_30call_by_name_unknown_named_arg
FNDA:1,_RNvNtNtNtCs8h7e9k1J8CD_4koan8builtins12call_by_name5testss_32call_by_name_duplicate_named_arg
FNDA:1,_RNvNtNtNtCs8h7e9k1J8CD_4koan8builtins12call_by_name5testss_34call_by_name_unbound_returns_error
FNDA:1,_RNvNtNtNtCs8h7e9k1J8CD_4koan8builtins12call_by_name5testss_36call_by_name_weaves_internal_keyword
FNDA:1,_RNvNtNtNtCs8h7e9k1J8CD_4koan8builtins12call_by_name5testss_38call_by_name_on_struct_type_constructs
FNDA:1,_RNvNtNtNtCs8h7e9k1J8CD_4koan8builtins12call_by_name5testss_39call_by_name_on_tagged_union_constructs
FNDA:1,_RNvNtNtNtCs8h7e9k1J8CD_4koan8builtins12call_by_name5testss_41call_by_name_named_args_order_independent
FNDA:1,_RNvNtNtNtCs8h7e9k1J8CD_4koan8builtins12call_by_name5testss_42call_by_name_on_non_function_returns_error
FNDA:1,_RNvNtNtNtCs8h7e9k1J8CD_4koan8builtins12call_by_name5testss_45escaped_closure_with_param_returns_body_value
FNDA:1,_RNvNtNtNtCs8h7e9k1J8CD_4koan8builtins12call_by_name5testss_48closure_escapes_outer_call_and_remains_invocable
FNDA:1,_RNvNtNtNtCs8h7e9k1J8CD_4koan8builtins12call_by_name5testss_52list_of_closures_escapes_outer_call_with_rc_attached
FNF:16
FNH:16
DA:10,14
DA:11,14
DA:12,14
DA:13,14
DA:14,14
DA:16,14
DA:17,14
DA:18,0
DA:19,0
DA:20,0
DA:21,0
DA:22,0
DA:23,0
DA:26,0
DA:31,14
DA:32,14
DA:33,14
DA:34,0
DA:35,0
DA:36,0
DA:37,0
DA:39,0
DA:41,14
DA:42,9
DA:44,5
DA:45,1
DA:46,4
DA:47,3
DA:48,1
DA:49,1
DA:50,1
DA:51,1
DA:52,1
DA:57,14
DA:59,482
DA:60,482
DA:61,482
DA:62,482
DA:63,482
DA:64,482
DA:65,482
DA:67,482
DA:69,482
DA:78,1
DA:79,1
DA:80,1
DA:81,1
DA:82,1
DA:83,1
DA:84,1
DA:88,1
DA:89,1
DA:90,1
DA:91,1
DA:92,1
DA:93,1
DA:94,1
DA:97,1
DA:98,1
DA:99,1
DA:100,1
DA:101,1
DA:102,1
DA:103,1
DA:106,1
DA:107,1
DA:108,1
DA:109,1
DA:110,1
DA:111,1
DA:112,1
DA:115,1
DA:120,1
DA:121,1
DA:122,1
DA:123,1
DA:124,1
DA:125,1
DA:126,1
DA:129,1
DA:132,1
DA:133,1
DA:134,1
DA:135,1
DA:136,1
DA:137,1
DA:138,1
DA:141,1
DA:144,1
DA:145,1
DA:146,1
DA:147,1
DA:148,1
DA:149,1
DA:150,1
DA:153,1
DA:158,1
DA:159,1
DA:160,1
DA:161,1
DA:162,1
DA:163,1
DA:164,1
DA:165,1
DA:166,1
DA:167,1
DA:171,1
DA:174,1
DA:175,1
DA:176,1
DA:177,1
DA:178,1
DA:179,1
DA:180,1
DA:181,1
DA:182,1
DA:184,0
DA:186,1
DA:191,1
DA:192,1
DA:193,1
DA:194,1
DA:195,1
DA:196,1
DA:197,1
DA:198,1
DA:199,1
DA:200,1
DA:202,0
DA:204,1
DA:207,1
DA:208,1
DA:209,1
DA:210,1
DA:211,1
DA:212,1
DA:215,1
DA:221,1
DA:222,1
DA:223,1
DA:224,1
DA:225,1
DA:226,1
DA:227,1
DA:229,1
DA:230,1
DA:231,1
DA:232,0
DA:234,1
DA:238,1
DA:239,1
DA:240,1
DA:241,1
DA:242,1
DA:243,1
DA:244,1
DA:246,1
DA:247,1
DA:248,1
DA:255,1
DA:256,1
DA:257,1
DA:258,1
DA:259,1
DA:260,1
DA:261,1
DA:262,0
DA:264,1
DA:265,1
DA:266,1
DA:267,1
DA:271,0
DA:273,1
BRF:0
BRH:0
LF:173
LH:156
end_of_record
SF:/var/home/jack/Code/koan/src/builtins/catch.rs
FN:22,_RNvNtNtCs3yqXWJWMNss_4koan8builtins5catch4body
FN:68,_RNvNtNtCs3yqXWJWMNss_4koan8builtins5catch8register
FN:46,_RNCNvNtNtCs3yqXWJWMNss_4koan8builtins5catch4body0B7_
FN:46,_RNCNvNtNtCs8h7e9k1J8CD_4koan8builtins5catch4body0B7_
FN:22,_RNvNtNtCs8h7e9k1J8CD_4koan8builtins5catch4body
FN:68,_RNvNtNtCs8h7e9k1J8CD_4koan8builtins5catch8register
FNDA:0,_RNvNtNtCs3yqXWJWMNss_4koan8builtins5catch4body
FNDA:30,_RNvNtNtCs3yqXWJWMNss_4koan8builtins5catch8register
FNDA:0,_RNCNvNtNtCs3yqXWJWMNss_4koan8builtins5catch4body0B7_
FNDA:8,_RNCNvNtNtCs8h7e9k1J8CD_4koan8builtins5catch4body0B7_
FNDA:8,_RNvNtNtCs8h7e9k1J8CD_4koan8builtins5catch4body
FNDA:452,_RNvNtNtCs8h7e9k1J8CD_4koan8builtins5catch8register
FNF:3
FNH:3
DA:22,8
DA:23,8
DA:24,8
DA:25,8
DA:26,8
DA:27,8
DA:28,8
DA:30,0
DA:31,0
DA:32,0
DA:41,8
DA:42,8
DA:43,0
DA:45,8
DA:46,8
DA:47,8
DA:48,4
DA:49,4
DA:51,8
DA:52,8
DA:53,8
DA:54,8
DA:55,8
DA:56,8
DA:57,8
DA:58,8
DA:59,8
DA:60,8
DA:61,8
DA:62,8
DA:63,8
DA:64,8
DA:65,8
DA:66,8
DA:68,482
DA:69,482
DA:70,482
DA:71,482
DA:72,482
DA:73,482
DA:74,482
DA:76,482
DA:78,482
BRF:0
BRH:0
LF:44
LH:40
end_of_record
SF:/var/home/jack/Code/koan/src/builtins/cons.rs
FN:77,_RNvNtNtCs3yqXWJWMNss_4koan8builtins4cons20fold_multi_statement
FN:31,_RNvNtNtCs3yqXWJWMNss_4koan8builtins4cons4body
FN:95,_RNvNtNtCs3yqXWJWMNss_4koan8builtins4cons8register
FN:114,_RNvNtNtNtCs8h7e9k1J8CD_4koan8builtins4cons5tests7capture
FN:195,_RNvNtNtNtCs8h7e9k1J8CD_4koan8builtins4cons5testss_31single_statement_body_unchanged
FN:182,_RNvNtNtNtCs8h7e9k1J8CD_4koan8builtins4cons5testss_42backward_reference_across_statements_works
FN:123,_RNvNtNtNtCs8h7e9k1J8CD_4koan8builtins4cons5testss_42multi_statement_fn_body_returns_last_value
FN:135,_RNvNtNtNtCs8h7e9k1J8CD_4koan8builtins4cons5testss_43multi_statement_fn_body_runs_each_statement
FN:146,_RNvNtNtNtCs8h7e9k1J8CD_4koan8builtins4cons5testss_47multi_statement_match_branch_returns_last_value
FN:162,_RNvNtNtNtCs8h7e9k1J8CD_4koan8builtins4cons5testss_59fn_recursion_with_multi_statement_body_via_match_terminates
FN:140,_RNCNvNtNtNtCs8h7e9k1J8CD_4koan8builtins4cons5testss_43multi_statement_fn_body_runs_each_statement0B9_
FN:142,_RNCNvNtNtNtCs8h7e9k1J8CD_4koan8builtins4cons5testss_43multi_statement_fn_body_runs_each_statements0_0B9_
FN:141,_RNCNvNtNtNtCs8h7e9k1J8CD_4koan8builtins4cons5testss_43multi_statement_fn_body_runs_each_statements_0B9_
FN:77,_RNvNtNtCs8h7e9k1J8CD_4koan8builtins4cons20fold_multi_statement
FN:31,_RNvNtNtCs8h7e9k1J8CD_4koan8builtins4cons4body
FN:95,_RNvNtNtCs8h7e9k1J8CD_4koan8builtins4cons8register
FNDA:3,_RNvNtNtCs3yqXWJWMNss_4koan8builtins4cons20fold_multi_statement
FNDA:0,_RNvNtNtCs3yqXWJWMNss_4koan8builtins4cons4body
FNDA:30,_RNvNtNtCs3yqXWJWMNss_4koan8builtins4cons8register
FNDA:3,_RNvNtNtNtCs8h7e9k1J8CD_4koan8builtins4cons5tests7capture
FNDA:1,_RNvNtNtNtCs8h7e9k1J8CD_4koan8builtins4cons5testss_31single_statement_body_unchanged
FNDA:1,_RNvNtNtNtCs8h7e9k1J8CD_4koan8builtins4cons5testss_42backward_reference_across_statements_works
FNDA:1,_RNvNtNtNtCs8h7e9k1J8CD_4koan8builtins4cons5testss_42multi_statement_fn_body_returns_last_value
FNDA:1,_RNvNtNtNtCs8h7e9k1J8CD_4koan8builtins4cons5testss_43multi_statement_fn_body_runs_each_statement
FNDA:1,_RNvNtNtNtCs8h7e9k1J8CD_4koan8builtins4cons5testss_47multi_statement_match_branch_returns_last_value
FNDA:1,_RNvNtNtNtCs8h7e9k1J8CD_4koan8builtins4cons5testss_59fn_recursion_with_multi_statement_body_via_match_terminates
FNDA:3,_RNCNvNtNtNtCs8h7e9k1J8CD_4koan8builtins4cons5testss_43multi_statement_fn_body_runs_each_statement0B9_
FNDA:1,_RNCNvNtNtNtCs8h7e9k1J8CD_4koan8builtins4cons5testss_43multi_statement_fn_body_runs_each_statements0_0B9_
FNDA:5,_RNCNvNtNtNtCs8h7e9k1J8CD_4koan8builtins4cons5testss_43multi_statement_fn_body_runs_each_statements_0B9_
FNDA:132,_RNvNtNtCs8h7e9k1J8CD_4koan8builtins4cons20fold_multi_statement
FNDA:1,_RNvNtNtCs8h7e9k1J8CD_4koan8builtins4cons4body
FNDA:452,_RNvNtNtCs8h7e9k1J8CD_4koan8builtins4cons8register
FNF:13
FNH:13
DA:31,1
DA:32,1
DA:33,1
DA:34,1
DA:35,1
DA:36,1
DA:37,1
DA:39,0
DA:40,0
DA:41,0
DA:44,1
DA:45,1
DA:47,0
DA:48,0
DA:49,0
DA:61,1
DA:62,1
DA:63,1
DA:77,135
DA:78,135
DA:79,11
DA:80,124
DA:81,124
DA:82,1
DA:83,123
DA:85,2
DA:86,1
DA:87,1
DA:88,1
DA:89,1
DA:90,1
DA:91,1
DA:92,1
DA:93,135
DA:95,482
DA:96,482
DA:97,482
DA:98,482
DA:99,482
DA:100,482
DA:101,482
DA:102,482
DA:104,482
DA:106,482
DA:114,3
DA:115,3
DA:116,3
DA:117,3
DA:118,3
DA:119,3
DA:120,3
DA:123,1
DA:124,1
DA:125,1
DA:126,1
DA:127,1
DA:128,1
DA:130,1
DA:131,1
DA:132,1
DA:135,1
DA:136,1
DA:137,1
DA:140,3
DA:141,5
DA:142,1
DA:143,1
DA:146,1
DA:147,1
DA:148,1
DA:149,1
DA:150,1
DA:151,1
DA:152,1
DA:153,1
DA:156,1
DA:157,1
DA:158,1
DA:159,1
DA:162,1
DA:166,1
DA:167,1
DA:168,1
DA:169,1
DA:170,1
DA:171,1
DA:172,1
DA:173,1
DA:174,1
DA:175,1
DA:177,1
DA:178,1
DA:179,1
DA:182,1
DA:184,1
DA:185,1
DA:186,1
DA:187,1
DA:188,1
DA:190,1
DA:191,1
DA:192,1
DA:195,1
DA:197,1
DA:198,1
DA:199,1
DA:200,1
DA:201,1
DA:202,1
BRF:0
BRH:0
LF:112
LH:106
end_of_record
SF:/var/home/jack/Code/koan/src/builtins/eval.rs
FN:21,_RNvNtNtCs3yqXWJWMNss_4koan8builtins4eval4body
FN:57,_RNvNtNtCs3yqXWJWMNss_4koan8builtins4eval8register
FN:71,_RNvNtNtNtCs8h7e9k1J8CD_4koan8builtins4eval5tests11run_program
FN:135,_RNvNtNtNtCs8h7e9k1J8CD_4koan8builtins4eval5testss_21recursive_eval_no_uaf
FN:80,_RNvNtNtNtCs8h7e9k1J8CD_4koan8builtins4eval5testss_22eval_of_quoted_literal
FN:116,_RNvNtNtNtCs8h7e9k1J8CD_4koan8builtins4eval5testss_34multiline_sigil_collapse_roundtrip
FN:126,_RNvNtNtNtCs8h7e9k1J8CD_4koan8builtins4eval5testss_35eval_returns_inner_expression_value
FN:109,_RNvNtNtNtCs8h7e9k1J8CD_4koan8builtins4eval5testss_37eval_runs_side_effects_in_quoted_body
FN:86,_RNvNtNtNtCs8h7e9k1J8CD_4koan8builtins4eval5testss_38eval_of_function_returning_kexpression
FN:96,_RNvNtNtNtCs8h7e9k1J8CD_4koan8builtins4eval5testss_49eval_of_non_kexpression_errors_with_type_mismatch
FN:21,_RNvNtNtCs8h7e9k1J8CD_4koan8builtins4eval4body
FN:57,_RNvNtNtCs8h7e9k1J8CD_4koan8builtins4eval8register
FNDA:0,_RNvNtNtCs3yqXWJWMNss_4koan8builtins4eval4body
FNDA:30,_RNvNtNtCs3yqXWJWMNss_4koan8builtins4eval8register
FNDA:6,_RNvNtNtNtCs8h7e9k1J8CD_4koan8builtins4eval5tests11run_program
FNDA:1,_RNvNtNtNtCs8h7e9k1J8CD_4koan8builtins4eval5testss_21recursive_eval_no_uaf
FNDA:1,_RNvNtNtNtCs8h7e9k1J8CD_4koan8builtins4eval5testss_22eval_of_quoted_literal
FNDA:1,_RNvNtNtNtCs8h7e9k1J8CD_4koan8builtins4eval5testss_34multiline_sigil_collapse_roundtrip
FNDA:1,_RNvNtNtNtCs8h7e9k1J8CD_4koan8builtins4eval5testss_35eval_returns_inner_expression_value
FNDA:1,_RNvNtNtNtCs8h7e9k1J8CD_4koan8builtins4eval5testss_37eval_runs_side_effects_in_quoted_body
FNDA:1,_RNvNtNtNtCs8h7e9k1J8CD_4koan8builtins4eval5testss_38eval_of_function_returning_kexpression
FNDA:1,_RNvNtNtNtCs8h7e9k1J8CD_4koan8builtins4eval5testss_49eval_of_non_kexpression_errors_with_type_mismatch
FNDA:9,_RNvNtNtCs8h7e9k1J8CD_4koan8builtins4eval4body
FNDA:452,_RNvNtNtCs8h7e9k1J8CD_4koan8builtins4eval8register
FNF:10
FNH:10
DA:21,9
DA:22,9
DA:23,9
DA:24,9
DA:25,9
DA:26,9
DA:27,9
DA:28,0
DA:30,9
DA:31,8
DA:32,1
DA:33,1
DA:34,1
DA:35,1
DA:36,1
DA:37,1
DA:46,8
DA:47,8
DA:48,8
DA:49,8
DA:50,8
DA:51,8
DA:52,8
DA:53,8
DA:54,8
DA:55,9
DA:57,482
DA:58,482
DA:59,482
DA:60,482
DA:61,482
DA:62,482
DA:64,482
DA:71,6
DA:72,6
DA:73,6
DA:74,6
DA:75,6
DA:76,6
DA:77,6
DA:80,1
DA:81,1
DA:82,1
DA:83,1
DA:86,1
DA:88,1
DA:89,1
DA:90,1
DA:92,1
DA:93,1
DA:96,1
DA:97,1
DA:98,1
DA:99,1
DA:100,1
DA:101,1
DA:102,1
DA:103,1
DA:106,1
DA:109,1
DA:111,1
DA:112,1
DA:113,1
DA:116,1
DA:119,1
DA:120,1
DA:122,1
DA:123,1
DA:126,1
DA:130,1
DA:131,1
DA:132,1
DA:135,1
DA:140,1
DA:141,1
DA:142,1
DA:143,1
DA:144,1
DA:145,1
DA:146,1
DA:148,1
DA:149,1
BRF:0
BRH:0
LF:82
LH:81
end_of_record
SF:/var/home/jack/Code/koan/src/builtins/fn_def.rs
FN:92,_RNCNvNtNtCs3yqXWJWMNss_4koan8builtins6fn_def4body0B7_
FN:31,_RNvNtNtCs3yqXWJWMNss_4koan8builtins6fn_def4body
FN:105,_RNvNtNtCs3yqXWJWMNss_4koan8builtins6fn_def8register
FN:31,_RNvNtNtCs8h7e9k1J8CD_4koan8builtins6fn_def4body
FN:105,_RNvNtNtCs8h7e9k1J8CD_4koan8builtins6fn_def8register
FN:92,_RNCNvNtNtCs8h7e9k1J8CD_4koan8builtins6fn_def4body0B7_
FNDA:10,_RNCNvNtNtCs3yqXWJWMNss_4koan8builtins6fn_def4body0B7_
FNDA:10,_RNvNtNtCs3yqXWJWMNss_4koan8builtins6fn_def4body
FNDA:30,_RNvNtNtCs3yqXWJWMNss_4koan8builtins6fn_def8register
FNDA:171,_RNvNtNtCs8h7e9k1J8CD_4koan8builtins6fn_def4body
FNDA:452,_RNvNtNtCs8h7e9k1J8CD_4koan8builtins6fn_def8register
FNDA:165,_RNCNvNtNtCs8h7e9k1J8CD_4koan8builtins6fn_def4body0B7_
FNF:3
FNH:3
DA:31,181
DA:32,181
DA:33,181
DA:34,181
DA:35,181
DA:36,181
DA:37,181
DA:39,0
DA:40,0
DA:41,0
DA:44,181
DA:45,181
DA:46,0
DA:48,181
DA:49,181
DA:51,0
DA:52,0
DA:53,0
DA:65,181
DA:67,181
DA:73,179
DA:74,181
DA:75,179
DA:76,2
DA:79,179
DA:80,159
DA:81,4
DA:82,16
DA:83,16
DA:90,175
DA:91,175
DA:92,175
DA:93,175
DA:95,175
DA:96,153
DA:97,153
DA:99,22
DA:100,22
DA:103,181
DA:105,482
DA:122,482
DA:123,482
DA:124,482
DA:125,482
DA:126,482
DA:127,482
DA:128,482
DA:129,482
DA:130,482
DA:131,482
DA:133,482
DA:134,482
DA:135,482
DA:140,482
DA:141,482
DA:142,482
DA:143,482
DA:144,482
DA:145,482
DA:146,482
DA:147,482
DA:148,482
DA:149,482
DA:151,482
DA:152,482
DA:153,482
DA:158,482
BRF:0
BRH:0
LF:68
LH:61
end_of_record
SF:/var/home/jack/Code/koan/src/builtins/fn_def/finalize.rs
FN:330,_RNCNvNtNtNtCs3yqXWJWMNss_4koan8builtins6fn_def8finalize17defer_via_combine0B9_
FN:230,_RNCNvNtNtNtCs3yqXWJWMNss_4koan8builtins6fn_def8finalize21finalize_fn_with_flag0B9_
FN:180,_RNvNtNtNtCs3yqXWJWMNss_4koan8builtins6fn_def8finalize11finalize_fn
FN:296,_RNvNtNtNtCs3yqXWJWMNss_4koan8builtins6fn_def8finalize17defer_via_combine
FN:201,_RNvNtNtNtCs3yqXWJWMNss_4koan8builtins6fn_def8finalize21finalize_fn_with_flag
FN:88,_RNvNtNtNtCs3yqXWJWMNss_4koan8builtins6fn_def8finalize8classify
FN:330,_RNCNvNtNtNtCs8h7e9k1J8CD_4koan8builtins6fn_def8finalize17defer_via_combine0B9_
FN:230,_RNCNvNtNtNtCs8h7e9k1J8CD_4koan8builtins6fn_def8finalize21finalize_fn_with_flag0B9_
FN:180,_RNvNtNtNtCs8h7e9k1J8CD_4koan8builtins6fn_def8finalize11finalize_fn
FN:296,_RNvNtNtNtCs8h7e9k1J8CD_4koan8builtins6fn_def8finalize17defer_via_combine
FN:201,_RNvNtNtNtCs8h7e9k1J8CD_4koan8builtins6fn_def8finalize21finalize_fn_with_flag
FN:88,_RNvNtNtNtCs8h7e9k1J8CD_4koan8builtins6fn_def8finalize8classify
FNDA:7,_RNCNvNtNtNtCs3yqXWJWMNss_4koan8builtins6fn_def8finalize17defer_via_combine0B9_
FNDA:13,_RNCNvNtNtNtCs3yqXWJWMNss_4koan8builtins6fn_def8finalize21finalize_fn_with_flag0B9_
FNDA:6,_RNvNtNtNtCs3yqXWJWMNss_4koan8builtins6fn_def8finalize11finalize_fn
FNDA:7,_RNvNtNtNtCs3yqXWJWMNss_4koan8builtins6fn_def8finalize17defer_via_combine
FNDA:13,_RNvNtNtNtCs3yqXWJWMNss_4koan8builtins6fn_def8finalize21finalize_fn_with_flag
FNDA:13,_RNvNtNtNtCs3yqXWJWMNss_4koan8builtins6fn_def8finalize8classify
FNDA:23,_RNCNvNtNtNtCs8h7e9k1J8CD_4koan8builtins6fn_def8finalize17defer_via_combine0B9_
FNDA:180,_RNCNvNtNtNtCs8h7e9k1J8CD_4koan8builtins6fn_def8finalize21finalize_fn_with_flag0B9_
FNDA:147,_RNvNtNtNtCs8h7e9k1J8CD_4koan8builtins6fn_def8finalize11finalize_fn
FNDA:23,_RNvNtNtNtCs8h7e9k1J8CD_4koan8builtins6fn_def8finalize17defer_via_combine
FNDA:175,_RNvNtNtNtCs8h7e9k1J8CD_4koan8builtins6fn_def8finalize21finalize_fn_with_flag
FNDA:177,_RNvNtNtNtCs8h7e9k1J8CD_4koan8builtins6fn_def8finalize8classify
FNF:6
FNH:6
DA:88,190
DA:89,190
DA:90,190
DA:91,190
DA:92,190
DA:93,151
DA:94,151
DA:95,151
DA:96,151
DA:97,9
DA:98,9
DA:99,9
DA:100,9
DA:101,4
DA:105,4
DA:106,4
DA:107,4
DA:108,4
DA:109,4
DA:110,4
DA:113,16
DA:114,16
DA:115,16
DA:116,16
DA:117,16
DA:118,16
DA:119,16
DA:120,16
DA:122,2
DA:123,2
DA:124,2
DA:125,2
DA:126,2
DA:127,2
DA:128,2
DA:129,2
DA:130,2
DA:131,2
DA:132,2
DA:134,1
DA:135,1
DA:141,1
DA:142,1
DA:143,1
DA:144,1
DA:145,1
DA:146,1
DA:147,1
DA:149,2
DA:154,2
DA:155,2
DA:156,2
DA:157,2
DA:158,2
DA:159,2
DA:162,5
DA:163,5
DA:165,5
DA:166,5
DA:167,5
DA:168,5
DA:169,5
DA:170,5
DA:171,5
DA:174,190
DA:180,153
DA:181,153
DA:182,153
DA:183,153
DA:184,153
DA:185,153
DA:186,153
DA:187,153
DA:188,153
DA:201,188
DA:202,188
DA:203,188
DA:204,188
DA:205,188
DA:206,188
DA:207,188
DA:208,188
DA:214,188
DA:215,15
DA:216,13
DA:217,0
DA:218,0
DA:219,0
DA:220,0
DA:221,0
DA:222,13
DA:223,2
DA:224,173
DA:230,193
DA:231,187
DA:232,6
DA:233,193
DA:234,188
DA:235,187
DA:237,1
DA:238,1
DA:239,1
DA:240,1
DA:244,187
DA:246,187
DA:250,187
DA:251,187
DA:252,187
DA:253,187
DA:254,187
DA:255,187
DA:256,187
DA:257,187
DA:258,187
DA:262,187
DA:268,187
DA:269,1
DA:270,186
DA:274,186
DA:275,188
DA:296,30
DA:297,30
DA:298,30
DA:299,30
DA:300,30
DA:301,30
DA:302,30
DA:303,30
DA:304,30
DA:305,30
DA:317,30
DA:318,30
DA:319,30
DA:320,30
DA:321,5
DA:322,25
DA:323,30
DA:324,30
DA:325,4
DA:326,4
DA:327,4
DA:328,4
DA:330,30
DA:335,30
DA:336,30
DA:337,4
DA:341,4
DA:342,1
DA:343,1
DA:344,1
DA:345,1
DA:346,1
DA:347,3
DA:348,3
DA:350,29
DA:357,29
DA:358,29
DA:359,28
DA:360,1
DA:362,28
DA:363,28
DA:364,0
DA:365,0
DA:368,0
DA:369,0
DA:370,0
DA:376,28
DA:377,28
DA:378,28
DA:379,28
DA:380,28
DA:381,28
DA:382,28
DA:384,30
DA:385,30
DA:386,30
DA:387,30
BRF:0
BRH:0
LF:179
LH:168
end_of_record
SF:/var/home/jack/Code/koan/src/builtins/fn_def/param_refs.rs
FN:46,_RNCNvNtNtNtCs3yqXWJWMNss_4koan8builtins6fn_def10param_refs19part_references_any0B9_
FN:52,_RNCNvNtNtNtCs3yqXWJWMNss_4koan8builtins6fn_def10param_refs19part_references_anys0_0B9_
FN:50,_RNCNvNtNtNtCs3yqXWJWMNss_4koan8builtins6fn_def10param_refs19part_references_anys_0B9_
FN:21,_RNCNvNtNtNtCs3yqXWJWMNss_4koan8builtins6fn_def10param_refs24type_expr_references_any0B9_
FN:28,_RNCNvNtNtNtCs3yqXWJWMNss_4koan8builtins6fn_def10param_refs24type_expr_references_anys0_0B9_
FN:26,_RNCNvNtNtNtCs3yqXWJWMNss_4koan8builtins6fn_def10param_refs24type_expr_references_anys_0B9_
FN:41,_RNCNvNtNtNtCs3yqXWJWMNss_4koan8builtins6fn_def10param_refs26kexpression_references_any0B9_
FN:44,_RNvNtNtNtCs3yqXWJWMNss_4koan8builtins6fn_def10param_refs19part_references_any
FN:20,_RNvNtNtNtCs3yqXWJWMNss_4koan8builtins6fn_def10param_refs24type_expr_references_any
FN:37,_RNvNtNtNtCs3yqXWJWMNss_4koan8builtins6fn_def10param_refs26kexpression_references_any
FN:46,_RNCNvNtNtNtCs8h7e9k1J8CD_4koan8builtins6fn_def10param_refs19part_references_any0B9_
FN:52,_RNCNvNtNtNtCs8h7e9k1J8CD_4koan8builtins6fn_def10param_refs19part_references_anys0_0B9_
FN:50,_RNCNvNtNtNtCs8h7e9k1J8CD_4koan8builtins6fn_def10param_refs19part_references_anys_0B9_
FN:21,_RNCNvNtNtNtCs8h7e9k1J8CD_4koan8builtins6fn_def10param_refs24type_expr_references_any0B9_
FN:28,_RNCNvNtNtNtCs8h7e9k1J8CD_4koan8builtins6fn_def10param_refs24type_expr_references_anys0_0B9_
FN:26,_RNCNvNtNtNtCs8h7e9k1J8CD_4koan8builtins6fn_def10param_refs24type_expr_references_anys_0B9_
FN:41,_RNCNvNtNtNtCs8h7e9k1J8CD_4koan8builtins6fn_def10param_refs26kexpression_references_any0B9_
FN:44,_RNvNtNtNtCs8h7e9k1J8CD_4koan8builtins6fn_def10param_refs19part_references_any
FN:20,_RNvNtNtNtCs8h7e9k1J8CD_4koan8builtins6fn_def10param_refs24type_expr_references_any
FN:37,_RNvNtNtNtCs8h7e9k1J8CD_4koan8builtins6fn_def10param_refs26kexpression_references_any
FNDA:0,_RNCNvNtNtNtCs3yqXWJWMNss_4koan8builtins6fn_def10param_refs19part_references_any0B9_
FNDA:0,_RNCNvNtNtNtCs3yqXWJWMNss_4koan8builtins6fn_def10param_refs19part_references_anys0_0B9_
FNDA:0,_RNCNvNtNtNtCs3yqXWJWMNss_4koan8builtins6fn_def10param_refs19part_references_anys_0B9_
FNDA:4,_RNCNvNtNtNtCs3yqXWJWMNss_4koan8builtins6fn_def10param_refs24type_expr_references_any0B9_
FNDA:1,_RNCNvNtNtNtCs3yqXWJWMNss_4koan8builtins6fn_def10param_refs24type_expr_references_anys0_0B9_
FNDA:0,_RNCNvNtNtNtCs3yqXWJWMNss_4koan8builtins6fn_def10param_refs24type_expr_references_anys_0B9_
FNDA:0,_RNCNvNtNtNtCs3yqXWJWMNss_4koan8builtins6fn_def10param_refs26kexpression_references_any0B9_
FNDA:0,_RNvNtNtNtCs3yqXWJWMNss_4koan8builtins6fn_def10param_refs19part_references_any
FNDA:4,_RNvNtNtNtCs3yqXWJWMNss_4koan8builtins6fn_def10param_refs24type_expr_references_any
FNDA:0,_RNvNtNtNtCs3yqXWJWMNss_4koan8builtins6fn_def10param_refs26kexpression_references_any
FNDA:4,_RNCNvNtNtNtCs8h7e9k1J8CD_4koan8builtins6fn_def10param_refs19part_references_any0B9_
FNDA:1,_RNCNvNtNtNtCs8h7e9k1J8CD_4koan8builtins6fn_def10param_refs19part_references_anys0_0B9_
FNDA:1,_RNCNvNtNtNtCs8h7e9k1J8CD_4koan8builtins6fn_def10param_refs19part_references_anys_0B9_
FNDA:34,_RNCNvNtNtNtCs8h7e9k1J8CD_4koan8builtins6fn_def10param_refs24type_expr_references_any0B9_
FNDA:2,_RNCNvNtNtNtCs8h7e9k1J8CD_4koan8builtins6fn_def10param_refs24type_expr_references_anys0_0B9_
FNDA:2,_RNCNvNtNtNtCs8h7e9k1J8CD_4koan8builtins6fn_def10param_refs24type_expr_references_anys_0B9_
FNDA:39,_RNCNvNtNtNtCs8h7e9k1J8CD_4koan8builtins6fn_def10param_refs26kexpression_references_any0B9_
FNDA:42,_RNvNtNtNtCs8h7e9k1J8CD_4koan8builtins6fn_def10param_refs19part_references_any
FNDA:38,_RNvNtNtNtCs8h7e9k1J8CD_4koan8builtins6fn_def10param_refs24type_expr_references_any
FNDA:19,_RNvNtNtNtCs8h7e9k1J8CD_4koan8builtins6fn_def10param_refs26kexpression_references_any
FNF:10
FNH:10
DA:20,42
DA:21,42
DA:22,9
DA:23,33
DA:24,33
DA:25,28
DA:26,2
DA:27,3
DA:28,3
DA:29,3
DA:32,42
DA:37,19
DA:38,19
DA:39,19
DA:40,19
DA:41,39
DA:42,19
DA:44,42
DA:45,42
DA:46,4
DA:47,18
DA:48,7
DA:49,1
DA:50,1
DA:52,1
DA:53,1
DA:54,1
DA:55,11
DA:57,42
BRF:0
BRH:0
LF:36
LH:36
end_of_record
SF:/var/home/jack/Code/koan/src/builtins/fn_def/return_type.rs
FN:241,_RNCNvNtNtNtCs3yqXWJWMNss_4koan8builtins6fn_def11return_type31verdict_for_deferred_expression0B9_
FN:264,_RNvNtNtNtCs3yqXWJWMNss_4koan8builtins6fn_def11return_type12make_capture
FN:125,_RNvNtNtNtCs3yqXWJWMNss_4koan8builtins6fn_def11return_type20classify_return_type
FN:184,_RNvNtNtNtCs3yqXWJWMNss_4koan8builtins6fn_def11return_type20verdict_for_resolved
FN:68,_RNvNtNtNtCs3yqXWJWMNss_4koan8builtins6fn_def11return_type23extract_return_type_raw
FN:274,_RNvNtNtNtCs3yqXWJWMNss_4koan8builtins6fn_def11return_type25resolve_capture_at_finish
FN:200,_RNvNtNtNtCs3yqXWJWMNss_4koan8builtins6fn_def11return_type30verdict_for_deferred_type_expr
FN:240,_RNvNtNtNtCs3yqXWJWMNss_4koan8builtins6fn_def11return_type31verdict_for_deferred_expression
FN:264,_RNvNtNtNtCs8h7e9k1J8CD_4koan8builtins6fn_def11return_type12make_capture
FN:125,_RNvNtNtNtCs8h7e9k1J8CD_4koan8builtins6fn_def11return_type20classify_return_type
FN:184,_RNvNtNtNtCs8h7e9k1J8CD_4koan8builtins6fn_def11return_type20verdict_for_resolved
FN:68,_RNvNtNtNtCs8h7e9k1J8CD_4koan8builtins6fn_def11return_type23extract_return_type_raw
FN:274,_RNvNtNtNtCs8h7e9k1J8CD_4koan8builtins6fn_def11return_type25resolve_capture_at_finish
FN:200,_RNvNtNtNtCs8h7e9k1J8CD_4koan8builtins6fn_def11return_type30verdict_for_deferred_type_expr
FN:240,_RNvNtNtNtCs8h7e9k1J8CD_4koan8builtins6fn_def11return_type31verdict_for_deferred_expression
FN:241,_RNCNvNtNtNtCs8h7e9k1J8CD_4koan8builtins6fn_def11return_type31verdict_for_deferred_expression0B9_
FNDA:0,_RNCNvNtNtNtCs3yqXWJWMNss_4koan8builtins6fn_def11return_type31verdict_for_deferred_expression0B9_
FNDA:2,_RNvNtNtNtCs3yqXWJWMNss_4koan8builtins6fn_def11return_type12make_capture
FNDA:13,_RNvNtNtNtCs3yqXWJWMNss_4koan8builtins6fn_def11return_type20classify_return_type
FNDA:11,_RNvNtNtNtCs3yqXWJWMNss_4koan8builtins6fn_def11return_type20verdict_for_resolved
FNDA:13,_RNvNtNtNtCs3yqXWJWMNss_4koan8builtins6fn_def11return_type23extract_return_type_raw
FNDA:7,_RNvNtNtNtCs3yqXWJWMNss_4koan8builtins6fn_def11return_type25resolve_capture_at_finish
FNDA:0,_RNvNtNtNtCs3yqXWJWMNss_4koan8builtins6fn_def11return_type30verdict_for_deferred_type_expr
FNDA:0,_RNvNtNtNtCs3yqXWJWMNss_4koan8builtins6fn_def11return_type31verdict_for_deferred_expression
FNDA:5,_RNvNtNtNtCs8h7e9k1J8CD_4koan8builtins6fn_def11return_type12make_capture
FNDA:186,_RNvNtNtNtCs8h7e9k1J8CD_4koan8builtins6fn_def11return_type20classify_return_type
FNDA:162,_RNvNtNtNtCs8h7e9k1J8CD_4koan8builtins6fn_def11return_type20verdict_for_resolved
FNDA:186,_RNvNtNtNtCs8h7e9k1J8CD_4koan8builtins6fn_def11return_type23extract_return_type_raw
FNDA:22,_RNvNtNtNtCs8h7e9k1J8CD_4koan8builtins6fn_def11return_type25resolve_capture_at_finish
FNDA:2,_RNvNtNtNtCs8h7e9k1J8CD_4koan8builtins6fn_def11return_type30verdict_for_deferred_type_expr
FNDA:1,_RNvNtNtNtCs8h7e9k1J8CD_4koan8builtins6fn_def11return_type31verdict_for_deferred_expression
FNDA:1,_RNCNvNtNtNtCs8h7e9k1J8CD_4koan8builtins6fn_def11return_type31verdict_for_deferred_expression0B9_
FNF:8
FNH:8
DA:68,199
DA:69,199
DA:70,199
DA:71,199
DA:72,171
DA:73,171
DA:74,0
DA:76,16
DA:77,16
DA:78,0
DA:80,12
DA:81,12
DA:82,0
DA:84,0
DA:85,0
DA:86,0
DA:87,0
DA:89,199
DA:125,199
DA:126,199
DA:127,199
DA:128,199
DA:129,199
DA:130,199
DA:131,199
DA:132,171
DA:133,171
DA:134,171
DA:136,16
DA:137,16
DA:138,5
DA:139,2
DA:140,3
DA:142,5
DA:143,11
DA:144,11
DA:145,11
DA:146,2
DA:147,7
DA:148,7
DA:150,2
DA:151,0
DA:153,2
DA:154,2
DA:155,2
DA:159,9
DA:160,2
DA:161,2
DA:163,7
DA:165,9
DA:167,12
DA:168,12
DA:169,7
DA:170,1
DA:171,6
DA:173,7
DA:175,5
DA:179,199
DA:184,173
DA:185,173
DA:186,171
DA:188,2
DA:189,2
DA:190,2
DA:191,2
DA:193,173
DA:200,2
DA:201,2
DA:202,2
DA:203,2
DA:204,0
DA:211,2
DA:212,2
DA:213,2
DA:215,0
DA:216,0
DA:217,0
DA:218,0
DA:219,0
DA:220,0
DA:223,0
DA:226,0
DA:228,0
DA:229,0
DA:230,0
DA:231,0
DA:234,2
DA:240,1
DA:241,1
DA:242,1
DA:243,0
DA:244,1
DA:245,1
DA:246,1
DA:247,1
DA:248,1
DA:249,1
DA:250,1
DA:251,1
DA:252,0
DA:253,0
DA:254,0
DA:255,0
DA:256,0
DA:257,0
DA:258,0
DA:259,0
DA:260,0
DA:262,1
DA:264,7
DA:265,7
DA:266,4
DA:267,3
DA:269,7
DA:274,29
DA:275,29
DA:276,29
DA:277,29
DA:278,29
DA:279,29
DA:280,15
DA:281,4
DA:282,4
DA:283,4
DA:284,4
DA:285,0
DA:286,0
DA:287,0
DA:288,0
DA:289,0
DA:290,0
DA:291,0
DA:292,0
DA:296,3
DA:297,3
DA:298,0
DA:299,0
DA:300,0
DA:301,0
DA:302,0
DA:303,0
DA:305,2
DA:306,5
DA:307,5
DA:308,5
DA:309,4
DA:310,1
DA:311,1
DA:312,1
DA:313,1
DA:314,1
DA:318,29
BRF:0
BRH:0
LF:153
LH:108
end_of_record
SF:/var/home/jack/Code/koan/src/builtins/fn_def/signature.rs
FN:221,_RNCNvNtNtNtCs3yqXWJWMNss_4koan8builtins6fn_def9signature14pre_run_bucket0B9_
FN:237,_RNCNvNtNtNtCs3yqXWJWMNss_4koan8builtins6fn_def9signature14pre_run_buckets_0B9_
FN:206,_RNvNtNtNtCs3yqXWJWMNss_4koan8builtins6fn_def9signature14pre_run_bucket
FN:75,_RNvNtNtNtCs3yqXWJWMNss_4koan8builtins6fn_def9signature19parse_fn_param_list
FN:263,_RNvNtNtNtCs3yqXWJWMNss_4koan8builtins6fn_def9signature19signature_expr_part
FN:18,_RNvNtNtNtCs3yqXWJWMNss_4koan8builtins6fn_def9signature34collect_param_names_from_signature
FN:182,_RNvNtNtNtCs3yqXWJWMNss_4koan8builtins6fn_def9signature7pre_run
FN:206,_RNvNtNtNtCs8h7e9k1J8CD_4koan8builtins6fn_def9signature14pre_run_bucket
FN:75,_RNvNtNtNtCs8h7e9k1J8CD_4koan8builtins6fn_def9signature19parse_fn_param_list
FN:263,_RNvNtNtNtCs8h7e9k1J8CD_4koan8builtins6fn_def9signature19signature_expr_part
FN:18,_RNvNtNtNtCs8h7e9k1J8CD_4koan8builtins6fn_def9signature34collect_param_names_from_signature
FN:182,_RNvNtNtNtCs8h7e9k1J8CD_4koan8builtins6fn_def9signature7pre_run
FN:221,_RNCNvNtNtNtCs8h7e9k1J8CD_4koan8builtins6fn_def9signature14pre_run_bucket0B9_
FN:237,_RNCNvNtNtNtCs8h7e9k1J8CD_4koan8builtins6fn_def9signature14pre_run_buckets_0B9_
FNDA:11,_RNCNvNtNtNtCs3yqXWJWMNss_4koan8builtins6fn_def9signature14pre_run_bucket0B9_
FNDA:4,_RNCNvNtNtNtCs3yqXWJWMNss_4koan8builtins6fn_def9signature14pre_run_buckets_0B9_
FNDA:13,_RNvNtNtNtCs3yqXWJWMNss_4koan8builtins6fn_def9signature14pre_run_bucket
FNDA:20,_RNvNtNtNtCs3yqXWJWMNss_4koan8builtins6fn_def9signature19parse_fn_param_list
FNDA:39,_RNvNtNtNtCs3yqXWJWMNss_4koan8builtins6fn_def9signature19signature_expr_part
FNDA:13,_RNvNtNtNtCs3yqXWJWMNss_4koan8builtins6fn_def9signature34collect_param_names_from_signature
FNDA:26,_RNvNtNtNtCs3yqXWJWMNss_4koan8builtins6fn_def9signature7pre_run
FNDA:186,_RNvNtNtNtCs8h7e9k1J8CD_4koan8builtins6fn_def9signature14pre_run_bucket
FNDA:202,_RNvNtNtNtCs8h7e9k1J8CD_4koan8builtins6fn_def9signature19parse_fn_param_list
FNDA:558,_RNvNtNtNtCs8h7e9k1J8CD_4koan8builtins6fn_def9signature19signature_expr_part
FNDA:186,_RNvNtNtNtCs8h7e9k1J8CD_4koan8builtins6fn_def9signature34collect_param_names_from_signature
FNDA:372,_RNvNtNtNtCs8h7e9k1J8CD_4koan8builtins6fn_def9signature7pre_run
FNDA:121,_RNCNvNtNtNtCs8h7e9k1J8CD_4koan8builtins6fn_def9signature14pre_run_bucket0B9_
FNDA:24,_RNCNvNtNtNtCs8h7e9k1J8CD_4koan8builtins6fn_def9signature14pre_run_buckets_0B9_
FNF:7
FNH:7
DA:18,199
DA:19,199
DA:20,199
DA:21,199
DA:22,562
DA:23,363
DA:24,134
DA:25,28
DA:26,28
DA:28,201
DA:30,363
DA:31,162
DA:32,162
DA:33,160
DA:38,162
DA:39,160
DA:40,160
DA:41,160
DA:42,2
DA:43,201
DA:44,203
DA:46,199
DA:47,199
DA:75,222
DA:76,222
DA:77,222
DA:78,222
DA:79,222
DA:80,222
DA:81,222
DA:82,222
DA:83,222
DA:84,222
DA:85,628
DA:89,408
DA:90,144
DA:91,40
DA:92,40
DA:94,224
DA:96,408
DA:97,224
DA:98,224
DA:99,224
DA:100,224
DA:101,184
DA:102,184
DA:103,3
DA:104,175
DA:105,175
DA:106,153
DA:107,153
DA:108,153
DA:109,153
DA:110,153
DA:111,153
DA:112,20
DA:113,20
DA:114,20
DA:115,2
DA:116,2
DA:117,2
DA:118,2
DA:119,2
DA:120,0
DA:122,175
DA:124,4
DA:125,4
DA:126,4
DA:127,4
DA:128,4
DA:129,4
DA:130,3
DA:131,3
DA:132,3
DA:133,3
DA:134,3
DA:135,3
DA:136,3
DA:137,0
DA:138,0
DA:139,0
DA:140,0
DA:141,0
DA:142,0
DA:145,2
DA:146,2
DA:147,2
DA:148,2
DA:152,0
DA:153,0
DA:154,0
DA:155,0
DA:156,0
DA:158,0
DA:159,0
DA:160,0
DA:161,0
DA:162,0
DA:166,220
DA:167,2
DA:168,218
DA:169,218
DA:170,24
DA:171,24
DA:172,24
DA:173,24
DA:174,194
DA:175,194
DA:176,222
DA:182,398
DA:183,398
DA:184,421
DA:185,421
DA:186,392
DA:187,29
DA:189,6
DA:190,398
DA:206,199
DA:207,199
DA:208,199
DA:210,199
DA:211,199
DA:212,199
DA:213,199
DA:214,562
DA:215,363
DA:216,201
DA:217,201
DA:218,201
DA:219,201
DA:221,134
DA:222,0
DA:223,132
DA:228,132
DA:229,134
DA:230,132
DA:231,132
DA:232,132
DA:233,2
DA:234,2
DA:236,28
DA:237,28
DA:238,0
DA:239,28
DA:244,28
DA:245,28
DA:246,28
DA:247,28
DA:248,28
DA:249,0
DA:250,0
DA:252,0
DA:253,0
DA:254,0
DA:257,199
DA:258,199
DA:263,597
DA:264,597
DA:265,597
DA:266,597
DA:267,0
DA:269,597
BRF:0
BRH:0
LF:164
LH:139
end_of_record
SF:/var/home/jack/Code/koan/src/builtins/functor_def.rs
FN:127,_RNCNvNtNtCs3yqXWJWMNss_4koan8builtins11functor_def4body0B7_
FN:162,_RNvNtNtCs3yqXWJWMNss_4koan8builtins11functor_def19collect_param_types
FN:58,_RNvNtNtCs3yqXWJWMNss_4koan8builtins11functor_def4body
FN:195,_RNvNtNtCs3yqXWJWMNss_4koan8builtins11functor_def8register
FN:127,_RNCNvNtNtCs8h7e9k1J8CD_4koan8builtins11functor_def4body0B7_
FN:162,_RNvNtNtCs8h7e9k1J8CD_4koan8builtins11functor_def19collect_param_types
FN:58,_RNvNtNtCs8h7e9k1J8CD_4koan8builtins11functor_def4body
FN:195,_RNvNtNtCs8h7e9k1J8CD_4koan8builtins11functor_def8register
FNDA:3,_RNCNvNtNtCs3yqXWJWMNss_4koan8builtins11functor_def4body0B7_
FNDA:3,_RNvNtNtCs3yqXWJWMNss_4koan8builtins11functor_def19collect_param_types
FNDA:3,_RNvNtNtCs3yqXWJWMNss_4koan8builtins11functor_def4body
FNDA:30,_RNvNtNtCs3yqXWJWMNss_4koan8builtins11functor_def8register
FNDA:12,_RNCNvNtNtCs8h7e9k1J8CD_4koan8builtins11functor_def4body0B7_
FNDA:15,_RNvNtNtCs8h7e9k1J8CD_4koan8builtins11functor_def19collect_param_types
FNDA:15,_RNvNtNtCs8h7e9k1J8CD_4koan8builtins11functor_def4body
FNDA:452,_RNvNtNtCs8h7e9k1J8CD_4koan8builtins11functor_def8register
FNF:4
FNH:4
DA:58,18
DA:59,18
DA:60,18
DA:61,18
DA:62,18
DA:63,18
DA:64,18
DA:66,0
DA:67,0
DA:68,0
DA:71,18
DA:72,18
DA:73,0
DA:75,18
DA:76,18
DA:78,0
DA:79,0
DA:80,0
DA:83,18
DA:85,18
DA:97,18
DA:99,18
DA:105,18
DA:106,18
DA:107,18
DA:108,0
DA:110,18
DA:111,3
DA:112,15
DA:114,15
DA:115,7
DA:116,0
DA:117,8
DA:118,8
DA:125,15
DA:126,15
DA:127,15
DA:128,15
DA:130,15
DA:131,7
DA:132,7
DA:134,8
DA:139,8
DA:140,8
DA:141,8
DA:142,8
DA:143,8
DA:144,8
DA:146,8
DA:150,18
DA:162,18
DA:163,18
DA:164,18
DA:165,18
DA:167,18
DA:168,18
DA:169,18
DA:170,18
DA:171,54
DA:172,36
DA:173,2
DA:174,16
DA:175,16
DA:177,18
DA:179,36
DA:180,18
DA:181,18
DA:182,18
DA:183,10
DA:184,10
DA:185,0
DA:186,0
DA:187,18
DA:188,18
DA:189,18
DA:190,18
DA:192,18
DA:193,18
DA:195,482
DA:213,482
DA:214,482
DA:215,482
DA:216,482
DA:217,482
DA:218,482
DA:219,482
DA:220,482
DA:221,482
DA:222,482
DA:224,482
DA:225,482
DA:226,482
DA:233,482
DA:234,482
DA:235,482
DA:236,482
DA:237,482
DA:238,482
DA:239,482
DA:240,482
DA:241,482
DA:242,482
DA:244,482
DA:245,482
DA:246,482
DA:253,482
BRF:0
BRH:0
LF:107
LH:96
end_of_record
SF:/var/home/jack/Code/koan/src/builtins/let_binding.rs
FN:30,_RNCNvNtNtCs3yqXWJWMNss_4koan8builtins11let_binding4body0B7_
FN:311,_RNvNtNtCs3yqXWJWMNss_4koan8builtins11let_binding21capitalize_identifier
FN:244,_RNvNtNtCs3yqXWJWMNss_4koan8builtins11let_binding23derive_nominal_identity
FN:292,_RNvNtNtCs3yqXWJWMNss_4koan8builtins11let_binding28is_admissible_type_class_rhs
FN:17,_RNvNtNtCs3yqXWJWMNss_4koan8builtins11let_binding4body
FN:328,_RNvNtNtCs3yqXWJWMNss_4koan8builtins11let_binding7pre_run
FN:336,_RNvNtNtCs3yqXWJWMNss_4koan8builtins11let_binding8register
FN:311,_RNvNtNtCs8h7e9k1J8CD_4koan8builtins11let_binding21capitalize_identifier
FN:244,_RNvNtNtCs8h7e9k1J8CD_4koan8builtins11let_binding23derive_nominal_identity
FN:292,_RNvNtNtCs8h7e9k1J8CD_4koan8builtins11let_binding28is_admissible_type_class_rhs
FN:17,_RNvNtNtCs8h7e9k1J8CD_4koan8builtins11let_binding4body
FN:328,_RNvNtNtCs8h7e9k1J8CD_4koan8builtins11let_binding7pre_run
FN:336,_RNvNtNtCs8h7e9k1J8CD_4koan8builtins11let_binding8register
FN:30,_RNCNvNtNtCs8h7e9k1J8CD_4koan8builtins11let_binding4body0B7_
FNDA:47,_RNCNvNtNtCs3yqXWJWMNss_4koan8builtins11let_binding4body0B7_
FNDA:0,_RNvNtNtCs3yqXWJWMNss_4koan8builtins11let_binding21capitalize_identifier
FNDA:5,_RNvNtNtCs3yqXWJWMNss_4koan8builtins11let_binding23derive_nominal_identity
FNDA:14,_RNvNtNtCs3yqXWJWMNss_4koan8builtins11let_binding28is_admissible_type_class_rhs
FNDA:47,_RNvNtNtCs3yqXWJWMNss_4koan8builtins11let_binding4body
FNDA:133,_RNvNtNtCs3yqXWJWMNss_4koan8builtins11let_binding7pre_run
FNDA:30,_RNvNtNtCs3yqXWJWMNss_4koan8builtins11let_binding8register
FNDA:2,_RNvNtNtCs8h7e9k1J8CD_4koan8builtins11let_binding21capitalize_identifier
FNDA:57,_RNvNtNtCs8h7e9k1J8CD_4koan8builtins11let_binding23derive_nominal_identity
FNDA:111,_RNvNtNtCs8h7e9k1J8CD_4koan8builtins11let_binding28is_admissible_type_class_rhs
FNDA:349,_RNvNtNtCs8h7e9k1J8CD_4koan8builtins11let_binding4body
FNDA:874,_RNvNtNtCs8h7e9k1J8CD_4koan8builtins11let_binding7pre_run
FNDA:452,_RNvNtNtCs8h7e9k1J8CD_4koan8builtins11let_binding8register
FNDA:348,_RNCNvNtNtCs8h7e9k1J8CD_4koan8builtins11let_binding4body0B7_
FNF:7
FNH:7
DA:17,396
DA:18,396
DA:19,396
DA:20,396
DA:21,396
DA:28,396
DA:29,396
DA:30,396
DA:31,396
DA:32,396
DA:33,396
DA:34,0
DA:43,396
DA:44,396
DA:45,396
DA:46,270
DA:54,270
DA:55,1
DA:56,1
DA:57,268
DA:59,270
DA:60,2
DA:61,2
DA:62,2
DA:63,2
DA:64,2
DA:65,2
DA:66,2
DA:67,2
DA:68,268
DA:69,268
DA:76,96
DA:78,0
DA:79,0
DA:80,0
DA:81,0
DA:84,96
DA:93,96
DA:94,3
DA:95,3
DA:96,3
DA:97,3
DA:98,93
DA:104,90
DA:105,53
DA:106,53
DA:107,53
DA:108,37
DA:109,37
DA:110,37
DA:111,3
DA:112,3
DA:113,3
DA:115,93
DA:121,30
DA:128,1
DA:129,1
DA:130,1
DA:131,1
DA:138,29
DA:139,29
DA:140,0
DA:141,0
DA:142,0
DA:143,0
DA:144,29
DA:154,29
DA:155,0
DA:156,0
DA:157,0
DA:158,29
DA:159,29
DA:160,29
DA:161,0
DA:162,0
DA:163,0
DA:165,29
DA:168,0
DA:169,0
DA:170,0
DA:171,0
DA:172,0
DA:173,0
DA:175,0
DA:182,390
DA:183,2
DA:184,2
DA:185,2
DA:186,2
DA:187,388
DA:188,388
DA:189,388
DA:190,388
DA:191,388
DA:192,66
DA:193,66
DA:194,66
DA:195,66
DA:196,66
DA:197,66
DA:198,66
DA:199,66
DA:200,66
DA:201,322
DA:211,54
DA:212,0
DA:213,54
DA:221,268
DA:222,2
DA:223,2
DA:224,2
DA:225,2
DA:226,2
DA:227,266
DA:228,266
DA:229,1
DA:230,265
DA:232,385
DA:233,396
DA:244,62
DA:245,53
DA:249,53
DA:255,0
DA:256,0
DA:257,0
DA:258,0
DA:259,0
DA:260,2
DA:261,2
DA:262,2
DA:263,2
DA:264,2
DA:265,0
DA:266,0
DA:267,0
DA:268,0
DA:269,0
DA:270,7
DA:272,62
DA:292,125
DA:293,125
DA:294,119
DA:295,6
DA:296,6
DA:297,1
DA:298,5
DA:299,5
DA:300,3
DA:301,2
DA:302,2
DA:303,125
DA:311,2
DA:312,2
DA:313,2
DA:314,2
DA:315,2
DA:316,2
DA:317,2
DA:318,2
DA:320,0
DA:322,2
DA:328,1007
DA:329,1007
DA:330,684
DA:331,323
DA:332,0
DA:334,1007
DA:336,482
DA:337,482
DA:338,482
DA:339,482
DA:340,482
DA:341,482
DA:342,482
DA:343,482
DA:344,482
DA:346,482
DA:347,482
DA:349,482
DA:350,482
DA:351,482
DA:352,482
DA:353,482
DA:354,482
DA:355,482
DA:356,482
DA:358,482
DA:359,482
DA:361,482
BRF:0
BRH:0
LF:190
LH:155
end_of_record
SF:/var/home/jack/Code/koan/src/builtins/match_case.rs
FN:34,_RNvNtNtCs3yqXWJWMNss_4koan8builtins10match_case4body
FN:111,_RNvNtNtCs3yqXWJWMNss_4koan8builtins10match_case8register
FN:130,_RNvNtNtNtCs8h7e9k1J8CD_4koan8builtins10match_case5tests11run_program
FN:172,_RNvNtNtNtCs8h7e9k1J8CD_4koan8builtins10match_case5testss_25match_inexhaustive_errors
FN:149,_RNvNtNtNtCs8h7e9k1J8CD_4koan8builtins10match_case5testss_29match_binds_inner_value_to_it
FN:213,_RNvNtNtNtCs8h7e9k1J8CD_4koan8builtins10match_case5testss_29recursive_tagged_match_no_uaf
FN:234,_RNvNtNtNtCs8h7e9k1J8CD_4koan8builtins10match_case5testss_33match_on_bool_inexhaustive_errors
FN:197,_RNvNtNtNtCs8h7e9k1J8CD_4koan8builtins10match_case5testss_36match_on_bool_true_takes_true_branch
FN:161,_RNvNtNtNtCs8h7e9k1J8CD_4koan8builtins10match_case5testss_37match_does_not_run_unmatched_branches
FN:205,_RNvNtNtNtCs8h7e9k1J8CD_4koan8builtins10match_case5testss_38match_on_bool_false_takes_false_branch
FN:139,_RNvNtNtNtCs8h7e9k1J8CD_4koan8builtins10match_case5testss_40match_dispatches_branch_for_matching_tag
FN:187,_RNvNtNtNtCs8h7e9k1J8CD_4koan8builtins10match_case5testss_40match_other_branch_runs_when_tag_matches
FN:34,_RNvNtNtCs8h7e9k1J8CD_4koan8builtins10match_case4body
FN:111,_RNvNtNtCs8h7e9k1J8CD_4koan8builtins10match_case8register
FNDA:0,_RNvNtNtCs3yqXWJWMNss_4koan8builtins10match_case4body
FNDA:30,_RNvNtNtCs3yqXWJWMNss_4koan8builtins10match_case8register
FNDA:7,_RNvNtNtNtCs8h7e9k1J8CD_4koan8builtins10match_case5tests11run_program
FNDA:1,_RNvNtNtNtCs8h7e9k1J8CD_4koan8builtins10match_case5testss_25match_inexhaustive_errors
FNDA:1,_RNvNtNtNtCs8h7e9k1J8CD_4koan8builtins10match_case5testss_29match_binds_inner_value_to_it
FNDA:1,_RNvNtNtNtCs8h7e9k1J8CD_4koan8builtins10match_case5testss_29recursive_tagged_match_no_uaf
FNDA:1,_RNvNtNtNtCs8h7e9k1J8CD_4koan8builtins10match_case5testss_33match_on_bool_inexhaustive_errors
FNDA:1,_RNvNtNtNtCs8h7e9k1J8CD_4koan8builtins10match_case5testss_36match_on_bool_true_takes_true_branch
FNDA:1,_RNvNtNtNtCs8h7e9k1J8CD_4koan8builtins10match_case5testss_37match_does_not_run_unmatched_branches
FNDA:1,_RNvNtNtNtCs8h7e9k1J8CD_4koan8builtins10match_case5testss_38match_on_bool_false_takes_false_branch
FNDA:1,_RNvNtNtNtCs8h7e9k1J8CD_4koan8builtins10match_case5testss_40match_dispatches_branch_for_matching_tag
FNDA:1,_RNvNtNtNtCs8h7e9k1J8CD_4koan8builtins10match_case5testss_40match_other_branch_runs_when_tag_matches
FNDA:69,_RNvNtNtCs8h7e9k1J8CD_4koan8builtins10match_case4body
FNDA:452,_RNvNtNtCs8h7e9k1J8CD_4koan8builtins10match_case8register
FNF:12
FNH:12
DA:34,69
DA:35,69
DA:36,69
DA:37,69
DA:38,69
DA:39,69
DA:40,62
DA:41,7
DA:42,7
DA:43,7
DA:45,0
DA:46,0
DA:47,0
DA:48,0
DA:49,0
DA:50,0
DA:52,0
DA:54,69
DA:55,69
DA:57,0
DA:58,0
DA:59,0
DA:62,69
DA:63,66
DA:65,3
DA:66,3
DA:67,3
DA:68,3
DA:70,0
DA:80,66
DA:81,66
DA:82,66
DA:85,66
DA:86,66
DA:87,66
DA:97,66
DA:98,66
DA:99,66
DA:100,66
DA:101,66
DA:107,66
DA:108,66
DA:109,69
DA:111,482
DA:112,482
DA:113,482
DA:114,482
DA:115,482
DA:116,482
DA:117,482
DA:118,482
DA:119,482
DA:121,482
DA:123,482
DA:130,7
DA:131,7
DA:132,7
DA:133,7
DA:134,7
DA:135,7
DA:136,7
DA:139,1
DA:140,1
DA:141,1
DA:142,1
DA:143,1
DA:145,1
DA:146,1
DA:149,1
DA:152,1
DA:153,1
DA:154,1
DA:155,1
DA:157,1
DA:158,1
DA:161,1
DA:163,1
DA:164,1
DA:165,1
DA:166,1
DA:168,1
DA:169,1
DA:172,1
DA:173,1
DA:174,1
DA:175,1
DA:176,1
DA:177,1
DA:179,1
DA:180,1
DA:181,1
DA:184,1
DA:187,1
DA:188,1
DA:189,1
DA:190,1
DA:191,1
DA:193,1
DA:194,1
DA:197,1
DA:198,1
DA:199,1
DA:201,1
DA:202,1
DA:205,1
DA:206,1
DA:207,1
DA:209,1
DA:210,1
DA:213,1
DA:222,1
DA:223,1
DA:224,1
DA:225,1
DA:226,1
DA:227,1
DA:228,1
DA:230,1
DA:231,1
DA:234,1
DA:235,1
DA:236,1
DA:237,1
DA:238,1
DA:239,1
DA:242,1
BRF:0
BRH:0
LF:126
LH:115
end_of_record
SF:/var/home/jack/Code/koan/src/builtins/module_def.rs
FN:32,_RNvNtNtCs3yqXWJWMNss_4koan8builtins10module_def4body
FN:152,_RNvNtNtCs3yqXWJWMNss_4koan8builtins10module_def7pre_run
FN:156,_RNvNtNtCs3yqXWJWMNss_4koan8builtins10module_def8register
FN:77,_RNCNvNtNtCs3yqXWJWMNss_4koan8builtins10module_def4body0B7_
FN:80,_RNCNvNtNtCs3yqXWJWMNss_4koan8builtins10module_def4bodys_0B7_
FN:32,_RNvNtNtCs8h7e9k1J8CD_4koan8builtins10module_def4body
FN:152,_RNvNtNtCs8h7e9k1J8CD_4koan8builtins10module_def7pre_run
FN:156,_RNvNtNtCs8h7e9k1J8CD_4koan8builtins10module_def8register
FN:244,_RNvNtNtNtCs8h7e9k1J8CD_4koan8builtins10module_def5testss_28module_unknown_member_errors
FN:180,_RNvNtNtNtCs8h7e9k1J8CD_4koan8builtins10module_def5testss_28pre_run_extracts_module_name
FN:199,_RNvNtNtNtCs8h7e9k1J8CD_4koan8builtins10module_def5testss_29module_member_access_via_attr
FN:187,_RNvNtNtNtCs8h7e9k1J8CD_4koan8builtins10module_def5testss_32module_binds_under_name_in_scope
FN:224,_RNvNtNtNtCs8h7e9k1J8CD_4koan8builtins10module_def5testss_33module_member_function_via_let_fn
FN:342,_RNvNtNtNtCs8h7e9k1J8CD_4koan8builtins10module_def5testss_36module_body_dispatch_does_not_dangle
FN:275,_RNvNtNtNtCs8h7e9k1J8CD_4koan8builtins10module_def5testss_38module_body_parks_on_outer_placeholder
FN:287,_RNvNtNtNtCs8h7e9k1J8CD_4koan8builtins10module_def5testss_41module_body_error_short_circuits_finalize
FN:208,_RNvNtNtNtCs8h7e9k1J8CD_4koan8builtins10module_def5testss_41module_with_multiple_statements_in_parens
FN:257,_RNvNtNtNtCs8h7e9k1J8CD_4koan8builtins10module_def5testss_41nested_module_accessible_via_chained_attr
FN:308,_RNvNtNtNtCs8h7e9k1J8CD_4koan8builtins10module_def5testss_50module_finalize_short_circuits_on_idempotent_state
FN:77,_RNCNvNtNtCs8h7e9k1J8CD_4koan8builtins10module_def4body0B7_
FN:80,_RNCNvNtNtCs8h7e9k1J8CD_4koan8builtins10module_def4bodys_0B7_
FNDA:15,_RNvNtNtCs3yqXWJWMNss_4koan8builtins10module_def4body
FNDA:27,_RNvNtNtCs3yqXWJWMNss_4koan8builtins10module_def7pre_run
FNDA:30,_RNvNtNtCs3yqXWJWMNss_4koan8builtins10module_def8register
FNDA:15,_RNCNvNtNtCs3yqXWJWMNss_4koan8builtins10module_def4body0B7_
FNDA:14,_RNCNvNtNtCs3yqXWJWMNss_4koan8builtins10module_def4bodys_0B7_
FNDA:79,_RNvNtNtCs8h7e9k1J8CD_4koan8builtins10module_def4body
FNDA:141,_RNvNtNtCs8h7e9k1J8CD_4koan8builtins10module_def7pre_run
FNDA:452,_RNvNtNtCs8h7e9k1J8CD_4koan8builtins10module_def8register
FNDA:1,_RNvNtNtNtCs8h7e9k1J8CD_4koan8builtins10module_def5testss_28module_unknown_member_errors
FNDA:1,_RNvNtNtNtCs8h7e9k1J8CD_4koan8builtins10module_def5testss_28pre_run_extracts_module_name
FNDA:1,_RNvNtNtNtCs8h7e9k1J8CD_4koan8builtins10module_def5testss_29module_member_access_via_attr
FNDA:1,_RNvNtNtNtCs8h7e9k1J8CD_4koan8builtins10module_def5testss_32module_binds_under_name_in_scope
FNDA:1,_RNvNtNtNtCs8h7e9k1J8CD_4koan8builtins10module_def5testss_33module_member_function_via_let_fn
FNDA:1,_RNvNtNtNtCs8h7e9k1J8CD_4koan8builtins10module_def5testss_36module_body_dispatch_does_not_dangle
FNDA:1,_RNvNtNtNtCs8h7e9k1J8CD_4koan8builtins10module_def5testss_38module_body_parks_on_outer_placeholder
FNDA:1,_RNvNtNtNtCs8h7e9k1J8CD_4koan8builtins10module_def5testss_41module_body_error_short_circuits_finalize
FNDA:1,_RNvNtNtNtCs8h7e9k1J8CD_4koan8builtins10module_def5testss_41module_with_multiple_statements_in_parens
FNDA:1,_RNvNtNtNtCs8h7e9k1J8CD_4koan8builtins10module_def5testss_41nested_module_accessible_via_chained_attr
FNDA:1,_RNvNtNtNtCs8h7e9k1J8CD_4koan8builtins10module_def5testss_50module_finalize_short_circuits_on_idempotent_state
FNDA:79,_RNCNvNtNtCs8h7e9k1J8CD_4koan8builtins10module_def4body0B7_
FNDA:77,_RNCNvNtNtCs8h7e9k1J8CD_4koan8builtins10module_def4bodys_0B7_
FNF:16
FNH:16
DA:32,94
DA:33,94
DA:34,94
DA:35,94
DA:36,94
DA:41,94
DA:42,94
DA:43,0
DA:45,94
DA:46,94
DA:48,0
DA:49,0
DA:50,0
DA:54,94
DA:55,94
DA:60,94
DA:70,94
DA:75,94
DA:76,94
DA:77,94
DA:78,94
DA:79,94
DA:80,94
DA:86,91
DA:87,91
DA:88,0
DA:89,0
DA:90,0
DA:91,91
DA:92,91
DA:93,91
DA:94,91
DA:114,91
DA:115,91
DA:116,91
DA:117,91
DA:118,21
DA:119,2
DA:120,19
DA:121,19
DA:128,91
DA:129,91
DA:130,91
DA:131,91
DA:132,91
DA:133,91
DA:134,91
DA:135,91
DA:136,91
DA:137,91
DA:138,91
DA:139,91
DA:140,91
DA:141,0
DA:142,0
DA:143,0
DA:145,91
DA:146,94
DA:147,94
DA:148,94
DA:152,168
DA:153,168
DA:154,168
DA:156,482
DA:157,482
DA:158,482
DA:159,482
DA:160,482
DA:161,482
DA:162,482
DA:163,482
DA:164,482
DA:166,482
DA:167,482
DA:169,482
DA:180,1
DA:181,1
DA:182,1
DA:183,1
DA:184,1
DA:187,1
DA:188,1
DA:189,1
DA:190,1
DA:191,1
DA:192,1
DA:193,1
DA:196,1
DA:199,1
DA:200,1
DA:201,1
DA:202,1
DA:203,1
DA:204,1
DA:205,1
DA:208,1
DA:213,1
DA:214,1
DA:215,1
DA:216,1
DA:217,1
DA:219,1
DA:220,1
DA:221,1
DA:224,1
DA:229,1
DA:230,1
DA:231,1
DA:232,1
DA:233,1
DA:235,1
DA:236,1
DA:237,1
DA:238,0
DA:240,1
DA:241,1
DA:244,1
DA:245,1
DA:246,1
DA:247,1
DA:248,1
DA:249,1
DA:250,1
DA:251,1
DA:254,1
DA:257,1
DA:258,1
DA:259,1
DA:260,1
DA:261,1
DA:262,1
DA:264,1
DA:265,1
DA:266,1
DA:275,1
DA:276,1
DA:277,1
DA:278,1
DA:279,1
DA:280,1
DA:281,1
DA:287,1
DA:288,1
DA:289,1
DA:290,1
DA:291,1
DA:292,1
DA:295,1
DA:308,1
DA:311,1
DA:312,1
DA:313,1
DA:314,1
DA:315,1
DA:317,1
DA:318,1
DA:319,1
DA:320,1
DA:321,1
DA:322,1
DA:327,1
DA:330,1
DA:331,1
DA:332,1
DA:333,1
DA:342,1
DA:343,1
DA:344,1
DA:345,1
DA:346,1
DA:347,1
DA:348,1
DA:349,0
DA:351,1
DA:352,1
DA:353,1
DA:354,1
BRF:0
BRH:0
LF:179
LH:167
end_of_record
SF:/var/home/jack/Code/koan/src/builtins/newtype_def.rs
FN:170,_RNvNtNtCs3yqXWJWMNss_4koan8builtins11newtype_def17newtype_construct
FN:53,_RNvNtNtCs3yqXWJWMNss_4koan8builtins11newtype_def4body
FN:147,_RNvNtNtCs3yqXWJWMNss_4koan8builtins11newtype_def7pre_run
FN:218,_RNvNtNtCs3yqXWJWMNss_4koan8builtins11newtype_def8register
FN:185,_RNCNvNtNtCs3yqXWJWMNss_4koan8builtins11newtype_def17newtype_construct0B7_
FN:123,_RNCNvNtNtCs3yqXWJWMNss_4koan8builtins11newtype_def4body0B7_
FN:170,_RNvNtNtCs8h7e9k1J8CD_4koan8builtins11newtype_def17newtype_construct
FN:53,_RNvNtNtCs8h7e9k1J8CD_4koan8builtins11newtype_def4body
FN:147,_RNvNtNtCs8h7e9k1J8CD_4koan8builtins11newtype_def7pre_run
FN:218,_RNvNtNtCs8h7e9k1J8CD_4koan8builtins11newtype_def8register
FN:185,_RNCNvNtNtCs8h7e9k1J8CD_4koan8builtins11newtype_def17newtype_construct0B7_
FN:123,_RNCNvNtNtCs8h7e9k1J8CD_4koan8builtins11newtype_def4body0B7_
FN:424,_RNvNtNtNtCs8h7e9k1J8CD_4koan8builtins11newtype_def5testss_28construct_arity_zero_rejects
FN:442,_RNvNtNtNtCs8h7e9k1J8CD_4koan8builtins11newtype_def5testss_29construct_with_operator_value
FN:251,_RNvNtNtNtCs8h7e9k1J8CD_4koan8builtins11newtype_def5testss_30declare_mints_newtype_identity
FN:322,_RNvNtNtNtCs8h7e9k1J8CD_4koan8builtins11newtype_def5testss_30newtype_over_newtype_collapses
FN:404,_RNvNtNtNtCs8h7e9k1J8CD_4koan8builtins11newtype_def5testss_31construct_with_identifier_value
FN:306,_RNvNtNtNtCs8h7e9k1J8CD_4koan8builtins11newtype_def5testss_35construct_rejects_non_matching_repr
FN:282,_RNvNtNtNtCs8h7e9k1J8CD_4koan8builtins11newtype_def5testss_35construct_wraps_repr_matching_value
FN:355,_RNvNtNtNtCs8h7e9k1J8CD_4koan8builtins11newtype_def5testss_43dispatch_distinguishes_distance_from_number
FNDA:0,_RNvNtNtCs3yqXWJWMNss_4koan8builtins11newtype_def17newtype_construct
FNDA:0,_RNvNtNtCs3yqXWJWMNss_4koan8builtins11newtype_def4body
FNDA:0,_RNvNtNtCs3yqXWJWMNss_4koan8builtins11newtype_def7pre_run
FNDA:30,_RNvNtNtCs3yqXWJWMNss_4koan8builtins11newtype_def8register
FNDA:0,_RNCNvNtNtCs3yqXWJWMNss_4koan8builtins11newtype_def17newtype_construct0B7_
FNDA:0,_RNCNvNtNtCs3yqXWJWMNss_4koan8builtins11newtype_def4body0B7_
FNDA:12,_RNvNtNtCs8h7e9k1J8CD_4koan8builtins11newtype_def17newtype_construct
FNDA:12,_RNvNtNtCs8h7e9k1J8CD_4koan8builtins11newtype_def4body
FNDA:24,_RNvNtNtCs8h7e9k1J8CD_4koan8builtins11newtype_def7pre_run
FNDA:452,_RNvNtNtCs8h7e9k1J8CD_4koan8builtins11newtype_def8register
FNDA:11,_RNCNvNtNtCs8h7e9k1J8CD_4koan8builtins11newtype_def17newtype_construct0B7_
FNDA:12,_RNCNvNtNtCs8h7e9k1J8CD_4koan8builtins11newtype_def4body0B7_
FNDA:1,_RNvNtNtNtCs8h7e9k1J8CD_4koan8builtins11newtype_def5testss_28construct_arity_zero_rejects
FNDA:1,_RNvNtNtNtCs8h7e9k1J8CD_4koan8builtins11newtype_def5testss_29construct_with_operator_value
FNDA:1,_RNvNtNtNtCs8h7e9k1J8CD_4koan8builtins11newtype_def5testss_30declare_mints_newtype_identity
FNDA:1,_RNvNtNtNtCs8h7e9k1J8CD_4koan8builtins11newtype_def5testss_30newtype_over_newtype_collapses
FNDA:1,_RNvNtNtNtCs8h7e9k1J8CD_4koan8builtins11newtype_def5testss_31construct_with_identifier_value
FNDA:1,_RNvNtNtNtCs8h7e9k1J8CD_4koan8builtins11newtype_def5testss_35construct_rejects_non_matching_repr
FNDA:1,_RNvNtNtNtCs8h7e9k1J8CD_4koan8builtins11newtype_def5testss_35construct_wraps_repr_matching_value
FNDA:1,_RNvNtNtNtCs8h7e9k1J8CD_4koan8builtins11newtype_def5testss_43dispatch_distinguishes_distance_from_number
FNF:14
FNH:14
DA:53,12
DA:54,12
DA:55,12
DA:56,12
DA:57,12
DA:60,12
DA:61,12
DA:62,0
DA:68,12
DA:69,9
DA:70,9
DA:71,0
DA:78,3
DA:79,3
DA:80,0
DA:82,3
DA:83,0
DA:84,0
DA:85,0
DA:86,0
DA:87,3
DA:88,3
DA:89,3
DA:91,0
DA:92,0
DA:93,0
DA:94,0
DA:99,0
DA:100,0
DA:101,0
DA:109,12
DA:110,12
DA:111,12
DA:112,12
DA:113,12
DA:114,12
DA:115,12
DA:116,12
DA:121,12
DA:122,12
DA:123,12
DA:124,12
DA:125,12
DA:131,12
DA:132,12
DA:138,0
DA:139,0
DA:140,0
DA:141,0
DA:143,12
DA:147,24
DA:148,24
DA:149,24
DA:170,12
DA:171,12
DA:172,12
DA:173,12
DA:174,12
DA:175,12
DA:176,12
DA:177,1
DA:178,11
DA:183,11
DA:184,11
DA:185,11
DA:186,11
DA:187,11
DA:192,11
DA:193,11
DA:194,0
DA:196,11
DA:197,1
DA:198,1
DA:199,1
DA:200,1
DA:201,1
DA:202,10
DA:208,10
DA:209,10
DA:210,10
DA:211,10
DA:212,10
DA:213,11
DA:214,11
DA:215,11
DA:216,12
DA:218,482
DA:223,482
DA:224,482
DA:225,482
DA:226,482
DA:227,482
DA:228,482
DA:229,482
DA:230,482
DA:232,482
DA:233,482
DA:235,482
DA:251,1
DA:252,1
DA:253,1
DA:254,1
DA:255,1
DA:256,1
DA:257,1
DA:258,1
DA:259,1
DA:261,1
DA:262,1
DA:265,1
DA:266,1
DA:268,0
DA:270,1
DA:271,1
DA:272,1
DA:273,1
DA:276,1
DA:282,1
DA:283,1
DA:284,1
DA:285,1
DA:286,1
DA:287,1
DA:288,1
DA:289,1
DA:292,1
DA:294,1
DA:295,0
DA:297,1
DA:299,0
DA:301,1
DA:306,1
DA:307,1
DA:308,1
DA:309,1
DA:310,1
DA:311,1
DA:312,1
DA:313,1
DA:316,1
DA:322,1
DA:323,1
DA:324,1
DA:325,1
DA:326,1
DA:327,1
DA:328,1
DA:329,1
DA:330,1
DA:331,0
DA:334,1
DA:335,1
DA:337,0
DA:340,0
DA:342,1
DA:355,1
DA:356,1
DA:357,1
DA:358,1
DA:359,1
DA:360,1
DA:361,1
DA:362,1
DA:365,1
DA:366,1
DA:367,1
DA:368,0
DA:371,1
DA:372,1
DA:373,1
DA:374,0
DA:378,1
DA:379,1
DA:380,1
DA:381,1
DA:382,1
DA:383,1
DA:384,1
DA:388,1
DA:389,1
DA:390,1
DA:391,1
DA:392,1
DA:393,1
DA:394,1
DA:397,1
DA:404,1
DA:405,1
DA:406,1
DA:407,1
DA:408,1
DA:409,1
DA:410,1
DA:411,1
DA:412,1
DA:413,0
DA:415,1
DA:417,0
DA:419,1
DA:424,1
DA:425,1
DA:426,1
DA:427,1
DA:428,1
DA:429,1
DA:430,1
DA:433,1
DA:442,1
DA:443,1
DA:444,1
DA:445,1
DA:446,1
DA:447,1
DA:448,1
DA:450,1
DA:451,1
DA:452,1
DA:453,1
DA:454,1
DA:455,0
DA:457,1
DA:459,0
DA:461,1
BRF:0
BRH:0
LF:225
LH:194
end_of_record
SF:/var/home/jack/Code/koan/src/builtins/print.rs
FN:10,_RNvNtNtCs3yqXWJWMNss_4koan8builtins5print4body
FN:24,_RNvNtNtCs3yqXWJWMNss_4koan8builtins5print8register
FN:10,_RNvNtNtCs8h7e9k1J8CD_4koan8builtins5print4body
FN:24,_RNvNtNtCs8h7e9k1J8CD_4koan8builtins5print8register
FNDA:6,_RNvNtNtCs3yqXWJWMNss_4koan8builtins5print4body
FNDA:30,_RNvNtNtCs3yqXWJWMNss_4koan8builtins5print8register
FNDA:124,_RNvNtNtCs8h7e9k1J8CD_4koan8builtins5print4body
FNDA:452,_RNvNtNtCs8h7e9k1J8CD_4koan8builtins5print8register
FNF:2
FNH:2
DA:10,130
DA:11,130
DA:12,130
DA:13,130
DA:14,130
DA:15,130
DA:16,130
DA:17,0
DA:19,130
DA:20,130
DA:21,130
DA:22,130
DA:24,482
DA:25,482
DA:26,482
DA:27,482
DA:28,482
DA:29,482
DA:31,482
BRF:0
BRH:0
LF:19
LH:18
end_of_record
SF:/var/home/jack/Code/koan/src/builtins/quote.rs
FN:14,_RNvNtNtCs3yqXWJWMNss_4koan8builtins5quote4body
FN:31,_RNvNtNtCs3yqXWJWMNss_4koan8builtins5quote8register
FN:45,_RNvNtNtNtCs8h7e9k1J8CD_4koan8builtins5quote5tests11run_program
FN:54,_RNvNtNtNtCs8h7e9k1J8CD_4koan8builtins5quote5testss_26quote_then_eval_round_trip
FN:68,_RNvNtNtNtCs8h7e9k1J8CD_4koan8builtins5quote5testss_27quote_captures_ast_as_value
FN:14,_RNvNtNtCs8h7e9k1J8CD_4koan8builtins5quote4body
FN:31,_RNvNtNtCs8h7e9k1J8CD_4koan8builtins5quote8register
FNDA:0,_RNvNtNtCs3yqXWJWMNss_4koan8builtins5quote4body
FNDA:30,_RNvNtNtCs3yqXWJWMNss_4koan8builtins5quote8register
FNDA:2,_RNvNtNtNtCs8h7e9k1J8CD_4koan8builtins5quote5tests11run_program
FNDA:1,_RNvNtNtNtCs8h7e9k1J8CD_4koan8builtins5quote5testss_26quote_then_eval_round_trip
FNDA:1,_RNvNtNtNtCs8h7e9k1J8CD_4koan8builtins5quote5testss_27quote_captures_ast_as_value
FNDA:9,_RNvNtNtCs8h7e9k1J8CD_4koan8builtins5quote4body
FNDA:452,_RNvNtNtCs8h7e9k1J8CD_4koan8builtins5quote8register
FNF:5
FNH:5
DA:14,9
DA:15,9
DA:16,9
DA:17,9
DA:18,9
DA:19,9
DA:20,9
DA:22,0
DA:23,0
DA:24,0
DA:27,9
DA:28,9
DA:29,9
DA:31,482
DA:32,482
DA:33,482
DA:34,482
DA:35,482
DA:36,482
DA:38,482
DA:45,2
DA:46,2
DA:47,2
DA:48,2
DA:49,2
DA:50,2
DA:51,2
DA:54,1
DA:60,1
DA:61,1
DA:62,1
DA:64,1
DA:65,1
DA:68,1
DA:71,1
DA:72,1
DA:73,1
BRF:0
BRH:0
LF:37
LH:34
end_of_record
SF:/var/home/jack/Code/koan/src/builtins/result.rs
FN:24,_RNvNtNtCs3yqXWJWMNss_4koan8builtins6result8register
FN:24,_RNvNtNtCs8h7e9k1J8CD_4koan8builtins6result8register
FNDA:30,_RNvNtNtCs3yqXWJWMNss_4koan8builtins6result8register
FNDA:452,_RNvNtNtCs8h7e9k1J8CD_4koan8builtins6result8register
FNF:1
FNH:1
DA:24,482
DA:25,482
DA:26,482
DA:27,482
DA:28,482
DA:29,482
DA:30,482
DA:31,482
DA:32,482
DA:33,482
DA:34,482
DA:35,482
DA:36,482
DA:37,482
DA:38,482
DA:39,482
DA:42,482
DA:43,482
BRF:0
BRH:0
LF:18
LH:18
end_of_record
SF:/var/home/jack/Code/koan/src/builtins/sig_def.rs
FN:28,_RNvNtNtCs3yqXWJWMNss_4koan8builtins7sig_def4body
FN:88,_RNvNtNtCs3yqXWJWMNss_4koan8builtins7sig_def7pre_run
FN:92,_RNvNtNtCs3yqXWJWMNss_4koan8builtins7sig_def8register
FN:54,_RNCNvNtNtCs3yqXWJWMNss_4koan8builtins7sig_def4body0B7_
FN:57,_RNCNvNtNtCs3yqXWJWMNss_4koan8builtins7sig_def4bodys_0B7_
FN:138,_RNvNtNtNtCs8h7e9k1J8CD_4koan8builtins7sig_def5testss_21sig_path_records_name
FN:117,_RNvNtNtNtCs8h7e9k1J8CD_4koan8builtins7sig_def5testss_25pre_run_extracts_sig_name
FN:125,_RNvNtNtNtCs8h7e9k1J8CD_4koan8builtins7sig_def5testss_29sig_binds_under_name_in_scope
FN:199,_RNvNtNtNtCs8h7e9k1J8CD_4koan8builtins7sig_def5testss_33sig_dual_writes_to_types_and_data
FN:158,_RNvNtNtNtCs8h7e9k1J8CD_4koan8builtins7sig_def5testss_35sig_body_parks_on_outer_placeholder
FN:182,_RNvNtNtNtCs8h7e9k1J8CD_4koan8builtins7sig_def5testss_38sig_body_error_short_circuits_finalize
FN:54,_RNCNvNtNtCs8h7e9k1J8CD_4koan8builtins7sig_def4body0B7_
FN:57,_RNCNvNtNtCs8h7e9k1J8CD_4koan8builtins7sig_def4bodys_0B7_
FN:28,_RNvNtNtCs8h7e9k1J8CD_4koan8builtins7sig_def4body
FN:88,_RNvNtNtCs8h7e9k1J8CD_4koan8builtins7sig_def7pre_run
FN:92,_RNvNtNtCs8h7e9k1J8CD_4koan8builtins7sig_def8register
FNDA:5,_RNvNtNtCs3yqXWJWMNss_4koan8builtins7sig_def4body
FNDA:10,_RNvNtNtCs3yqXWJWMNss_4koan8builtins7sig_def7pre_run
FNDA:30,_RNvNtNtCs3yqXWJWMNss_4koan8builtins7sig_def8register
FNDA:5,_RNCNvNtNtCs3yqXWJWMNss_4koan8builtins7sig_def4body0B7_
FNDA:5,_RNCNvNtNtCs3yqXWJWMNss_4koan8builtins7sig_def4bodys_0B7_
FNDA:1,_RNvNtNtNtCs8h7e9k1J8CD_4koan8builtins7sig_def5testss_21sig_path_records_name
FNDA:1,_RNvNtNtNtCs8h7e9k1J8CD_4koan8builtins7sig_def5testss_25pre_run_extracts_sig_name
FNDA:1,_RNvNtNtNtCs8h7e9k1J8CD_4koan8builtins7sig_def5testss_29sig_binds_under_name_in_scope
FNDA:1,_RNvNtNtNtCs8h7e9k1J8CD_4koan8builtins7sig_def5testss_33sig_dual_writes_to_types_and_data
FNDA:1,_RNvNtNtNtCs8h7e9k1J8CD_4koan8builtins7sig_def5testss_35sig_body_parks_on_outer_placeholder
FNDA:1,_RNvNtNtNtCs8h7e9k1J8CD_4koan8builtins7sig_def5testss_38sig_body_error_short_circuits_finalize
FNDA:68,_RNCNvNtNtCs8h7e9k1J8CD_4koan8builtins7sig_def4body0B7_
FNDA:66,_RNCNvNtNtCs8h7e9k1J8CD_4koan8builtins7sig_def4bodys_0B7_
FNDA:68,_RNvNtNtCs8h7e9k1J8CD_4koan8builtins7sig_def4body
FNDA:137,_RNvNtNtCs8h7e9k1J8CD_4koan8builtins7sig_def7pre_run
FNDA:452,_RNvNtNtCs8h7e9k1J8CD_4koan8builtins7sig_def8register
FNF:11
FNH:11
DA:28,73
DA:29,73
DA:30,73
DA:31,73
DA:32,73
DA:33,73
DA:34,73
DA:35,0
DA:37,73
DA:38,73
DA:40,0
DA:41,0
DA:42,0
DA:46,73
DA:47,73
DA:49,73
DA:52,73
DA:53,73
DA:54,73
DA:55,73
DA:56,73
DA:57,73
DA:58,71
DA:59,71
DA:60,71
DA:68,71
DA:69,71
DA:70,71
DA:71,71
DA:72,71
DA:73,71
DA:74,71
DA:76,71
DA:77,0
DA:78,0
DA:79,0
DA:81,71
DA:82,73
DA:83,73
DA:84,73
DA:88,147
DA:89,147
DA:90,147
DA:92,482
DA:93,482
DA:94,482
DA:95,482
DA:96,482
DA:97,482
DA:98,482
DA:99,482
DA:100,482
DA:102,482
DA:103,482
DA:105,482
DA:117,1
DA:118,1
DA:119,1
DA:120,1
DA:121,1
DA:122,1
DA:125,1
DA:127,1
DA:128,1
DA:129,1
DA:130,1
DA:131,1
DA:132,1
DA:135,1
DA:138,1
DA:140,1
DA:141,1
DA:142,1
DA:143,1
DA:144,1
DA:145,1
DA:146,0
DA:148,1
DA:149,1
DA:158,1
DA:159,1
DA:160,1
DA:161,1
DA:162,1
DA:164,1
DA:165,1
DA:166,0
DA:168,1
DA:169,1
DA:170,1
DA:171,1
DA:173,0
DA:175,1
DA:182,1
DA:183,1
DA:184,1
DA:185,1
DA:186,1
DA:187,1
DA:190,1
DA:199,1
DA:201,1
DA:202,1
DA:203,1
DA:204,1
DA:205,1
DA:206,1
DA:207,1
DA:208,1
DA:209,1
DA:210,1
DA:212,1
DA:213,1
DA:214,1
DA:215,1
DA:216,1
DA:217,1
DA:218,1
BRF:0
BRH:0
LF:120
LH:110
end_of_record
SF:/var/home/jack/Code/koan/src/builtins/struct_def.rs
FN:177,_RNCNvNtNtCs3yqXWJWMNss_4koan8builtins10struct_def24defer_struct_via_combine0B7_
FN:92,_RNCNvNtNtCs3yqXWJWMNss_4koan8builtins10struct_def4body0B7_
FN:111,_RNvNtNtCs3yqXWJWMNss_4koan8builtins10struct_def15finalize_struct
FN:167,_RNvNtNtCs3yqXWJWMNss_4koan8builtins10struct_def24defer_struct_via_combine
FN:37,_RNvNtNtCs3yqXWJWMNss_4koan8builtins10struct_def4body
FN:214,_RNvNtNtCs3yqXWJWMNss_4koan8builtins10struct_def7pre_run
FN:218,_RNvNtNtCs3yqXWJWMNss_4koan8builtins10struct_def8register
FN:177,_RNCNvNtNtCs8h7e9k1J8CD_4koan8builtins10struct_def24defer_struct_via_combine0B7_
FN:92,_RNCNvNtNtCs8h7e9k1J8CD_4koan8builtins10struct_def4body0B7_
FN:111,_RNvNtNtCs8h7e9k1J8CD_4koan8builtins10struct_def15finalize_struct
FN:167,_RNvNtNtCs8h7e9k1J8CD_4koan8builtins10struct_def24defer_struct_via_combine
FN:37,_RNvNtNtCs8h7e9k1J8CD_4koan8builtins10struct_def4body
FN:214,_RNvNtNtCs8h7e9k1J8CD_4koan8builtins10struct_def7pre_run
FN:218,_RNvNtNtCs8h7e9k1J8CD_4koan8builtins10struct_def8register
FNDA:0,_RNCNvNtNtCs3yqXWJWMNss_4koan8builtins10struct_def24defer_struct_via_combine0B7_
FNDA:3,_RNCNvNtNtCs3yqXWJWMNss_4koan8builtins10struct_def4body0B7_
FNDA:3,_RNvNtNtCs3yqXWJWMNss_4koan8builtins10struct_def15finalize_struct
FNDA:0,_RNvNtNtCs3yqXWJWMNss_4koan8builtins10struct_def24defer_struct_via_combine
FNDA:3,_RNvNtNtCs3yqXWJWMNss_4koan8builtins10struct_def4body
FNDA:6,_RNvNtNtCs3yqXWJWMNss_4koan8builtins10struct_def7pre_run
FNDA:30,_RNvNtNtCs3yqXWJWMNss_4koan8builtins10struct_def8register
FNDA:5,_RNCNvNtNtCs8h7e9k1J8CD_4koan8builtins10struct_def24defer_struct_via_combine0B7_
FNDA:52,_RNCNvNtNtCs8h7e9k1J8CD_4koan8builtins10struct_def4body0B7_
FNDA:49,_RNvNtNtCs8h7e9k1J8CD_4koan8builtins10struct_def15finalize_struct
FNDA:5,_RNvNtNtCs8h7e9k1J8CD_4koan8builtins10struct_def24defer_struct_via_combine
FNDA:52,_RNvNtNtCs8h7e9k1J8CD_4koan8builtins10struct_def4body
FNDA:105,_RNvNtNtCs8h7e9k1J8CD_4koan8builtins10struct_def7pre_run
FNDA:452,_RNvNtNtCs8h7e9k1J8CD_4koan8builtins10struct_def8register
FNF:7
FNH:7
DA:37,55
DA:38,55
DA:39,55
DA:40,55
DA:41,55
DA:46,55
DA:47,55
DA:48,0
DA:50,55
DA:51,55
DA:53,0
DA:54,0
DA:55,0
DA:64,55
DA:65,55
DA:66,55
DA:67,55
DA:68,55
DA:69,55
DA:70,55
DA:71,55
DA:72,55
DA:78,55
DA:79,55
DA:80,55
DA:81,55
DA:82,55
DA:83,55
DA:84,55
DA:90,55
DA:91,55
DA:92,55
DA:93,55
DA:94,55
DA:95,46
DA:96,4
DA:97,5
DA:98,5
DA:99,5
DA:100,5
DA:101,5
DA:102,5
DA:103,5
DA:104,5
DA:107,55
DA:111,52
DA:112,52
DA:113,52
DA:114,52
DA:115,52
DA:116,52
DA:128,52
DA:129,52
DA:130,9
DA:131,1
DA:132,8
DA:133,43
DA:134,51
DA:135,1
DA:136,1
DA:137,1
DA:138,50
DA:139,50
DA:146,50
DA:147,50
DA:148,50
DA:149,50
DA:150,50
DA:151,50
DA:152,50
DA:153,50
DA:154,50
DA:155,50
DA:156,50
DA:157,50
DA:158,50
DA:159,0
DA:161,52
DA:167,5
DA:168,5
DA:169,5
DA:170,5
DA:171,5
DA:172,5
DA:173,5
DA:174,5
DA:175,5
DA:176,5
DA:177,5
DA:180,5
DA:187,5
DA:188,5
DA:189,5
DA:190,5
DA:191,5
DA:192,5
DA:193,5
DA:194,5
DA:196,0
DA:197,0
DA:198,0
DA:199,0
DA:200,0
DA:201,0
DA:202,0
DA:204,5
DA:207,5
DA:208,5
DA:209,5
DA:214,111
DA:215,111
DA:216,111
DA:218,482
DA:219,482
DA:220,482
DA:221,482
DA:222,482
DA:223,482
DA:224,482
DA:225,482
DA:226,482
DA:228,482
DA:229,482
DA:231,482
BRF:0
BRH:0
LF:126
LH:114
end_of_record
SF:/var/home/jack/Code/koan/src/builtins/struct_value.rs
FN:129,_RNvNtNtCs3yqXWJWMNss_4koan8builtins12struct_value14primitive_body
FN:49,_RNvNtNtCs3yqXWJWMNss_4koan8builtins12struct_value5apply
FN:176,_RNvNtNtCs3yqXWJWMNss_4koan8builtins12struct_value8register
FN:93,_RNvNtNtCs3yqXWJWMNss_4koan8builtins12struct_value9construct
FN:129,_RNvNtNtCs8h7e9k1J8CD_4koan8builtins12struct_value14primitive_body
FN:49,_RNvNtNtCs8h7e9k1J8CD_4koan8builtins12struct_value5apply
FN:176,_RNvNtNtCs8h7e9k1J8CD_4koan8builtins12struct_value8register
FN:93,_RNvNtNtCs8h7e9k1J8CD_4koan8builtins12struct_value9construct
FNDA:3,_RNvNtNtCs3yqXWJWMNss_4koan8builtins12struct_value14primitive_body
FNDA:3,_RNvNtNtCs3yqXWJWMNss_4koan8builtins12struct_value5apply
FNDA:30,_RNvNtNtCs3yqXWJWMNss_4koan8builtins12struct_value8register
FNDA:3,_RNvNtNtCs3yqXWJWMNss_4koan8builtins12struct_value9construct
FNDA:26,_RNvNtNtCs8h7e9k1J8CD_4koan8builtins12struct_value14primitive_body
FNDA:30,_RNvNtNtCs8h7e9k1J8CD_4koan8builtins12struct_value5apply
FNDA:452,_RNvNtNtCs8h7e9k1J8CD_4koan8builtins12struct_value8register
FNDA:26,_RNvNtNtCs8h7e9k1J8CD_4koan8builtins12struct_value9construct
FNF:4
FNH:4
DA:49,33
DA:50,33
DA:51,33
DA:52,33
DA:53,33
DA:54,33
DA:56,0
DA:57,0
DA:58,0
DA:59,0
DA:62,33
DA:63,33
DA:64,31
DA:65,2
DA:69,31
DA:70,58
DA:71,58
DA:72,57
DA:74,1
DA:78,30
DA:79,1
DA:80,1
DA:81,1
DA:82,29
DA:83,29
DA:84,29
DA:85,29
DA:87,29
DA:88,33
DA:93,29
DA:94,29
DA:95,29
DA:96,29
DA:97,29
DA:98,29
DA:99,29
DA:100,0
DA:101,0
DA:102,0
DA:103,0
DA:104,29
DA:107,29
DA:108,52
DA:109,52
DA:110,3
DA:111,3
DA:112,3
DA:113,3
DA:114,3
DA:115,49
DA:116,49
DA:120,26
DA:121,26
DA:122,26
DA:123,26
DA:124,26
DA:125,29
DA:129,29
DA:130,29
DA:131,29
DA:132,29
DA:133,29
DA:137,29
DA:138,29
DA:139,29
DA:141,0
DA:142,0
DA:143,0
DA:144,0
DA:145,0
DA:146,0
DA:149,0
DA:152,29
DA:153,29
DA:154,0
DA:155,0
DA:156,0
DA:157,0
DA:158,0
DA:159,0
DA:162,0
DA:165,29
DA:166,26
DA:167,3
DA:169,29
DA:176,482
DA:177,482
DA:178,482
DA:179,482
DA:180,482
DA:181,482
DA:182,482
DA:183,482
DA:184,482
DA:185,482
DA:186,482
DA:187,482
DA:189,482
BRF:0
BRH:0
LF:98
LH:76
end_of_record
SF:/var/home/jack/Code/koan/src/builtins/tagged_union.rs
FN:117,_RNvNtNtCs3yqXWJWMNss_4koan8builtins12tagged_union14primitive_body
FN:43,_RNvNtNtCs3yqXWJWMNss_4koan8builtins12tagged_union5apply
FN:169,_RNvNtNtCs3yqXWJWMNss_4koan8builtins12tagged_union8register
FN:77,_RNvNtNtCs3yqXWJWMNss_4koan8builtins12tagged_union9construct
FN:207,_RNvNtNtNtCs8h7e9k1J8CD_4koan8builtins12tagged_union5tests11build_scope
FN:233,_RNvNtNtNtCs8h7e9k1J8CD_4koan8builtins12tagged_union5tests11run_one_err
FN:217,_RNvNtNtNtCs8h7e9k1J8CD_4koan8builtins12tagged_union5tests3run
FN:226,_RNvNtNtNtCs8h7e9k1J8CD_4koan8builtins12tagged_union5tests7run_one
FN:211,_RNvNtNtNtCs8h7e9k1J8CD_4koan8builtins12tagged_union5tests9parse_one
FN:267,_RNvNtNtNtCs8h7e9k1J8CD_4koan8builtins12tagged_union5testss_29primitive_rejects_unknown_tag
FN:251,_RNvNtNtNtCs8h7e9k1J8CD_4koan8builtins12tagged_union5testss_33primitive_constructs_tagged_value
FN:280,_RNvNtNtNtCs8h7e9k1J8CD_4koan8builtins12tagged_union5testss_37primitive_rejects_value_of_wrong_type
FN:204,_RNvXNtNtNtCs8h7e9k1J8CD_4koan8builtins12tagged_union5testsNtB2_9SharedBufNtNtCsjrHSEGnQ3l9_3std2io5Write5flush
FN:200,_RNvXNtNtNtCs8h7e9k1J8CD_4koan8builtins12tagged_union5testsNtB2_9SharedBufNtNtCsjrHSEGnQ3l9_3std2io5Write5write
FN:117,_RNvNtNtCs8h7e9k1J8CD_4koan8builtins12tagged_union14primitive_body
FN:43,_RNvNtNtCs8h7e9k1J8CD_4koan8builtins12tagged_union5apply
[...]
FNDA:1,_RNvNtNtNtCs8h7e9k1J8CD_4koan5parse6tokens5testss_20negation_over_suffix
FNDA:1,_RNvNtNtNtCs8h7e9k1J8CD_4koan5parse6tokens5testss_21leading_suffix_errors
FNDA:1,_RNvNtNtNtCs8h7e9k1J8CD_4koan5parse6tokens5testss_25decimal_number_is_literal
FNDA:1,_RNvNtNtNtCs8h7e9k1J8CD_4koan5parse6tokens5testss_28pure_symbol_token_is_keyword
FNDA:1,_RNvNtNtNtCs8h7e9k1J8CD_4koan5parse6tokens5testss_28scientific_number_is_literal
FNDA:1,_RNvNtNtNtCs8h7e9k1J8CD_4koan5parse6tokens5testss_30attr_wins_when_rhs_not_numeric
FNDA:1,_RNvNtNtNtCs8h7e9k1J8CD_4koan5parse6tokens5testss_31lowercase_leading_is_identifier
FNDA:1,_RNvNtNtNtCs8h7e9k1J8CD_4koan5parse6tokens5testss_34keyword_two_uppercase_no_lowercase
FNDA:1,_RNvNtNtNtCs8h7e9k1J8CD_4koan5parse6tokens5testss_35type_uppercase_first_with_lowercase
FNDA:1,_RNvNtNtNtCs8h7e9k1J8CD_4koan5parse6tokens5testss_38single_uppercase_letter_is_parse_error
FNDA:1,_RNvNtNtNtCs8h7e9k1J8CD_4koan5parse6tokens5testss_47ascription_compound_tokens_classify_as_keywords
FNDA:1,_RNvNtNtNtCs8h7e9k1J8CD_4koan5parse6tokens5testss_49uppercase_with_digits_no_lowercase_is_parse_error
FNDA:1,_RNvNtNtNtCs8h7e9k1J8CD_4koan5parse6tokens5testss_8negation
FNF:46
FNH:45
DA:28,6
DA:29,6
DA:30,6
DA:38,6779
DA:39,6779
DA:40,6779
DA:41,612
DA:42,6167
DA:43,6167
DA:44,6167
DA:45,6156
DA:46,0
DA:47,0
DA:48,0
DA:49,0
DA:50,6156
DA:51,6156
DA:52,6779
DA:57,12996
DA:58,12996
DA:59,12996
DA:60,12942
DA:61,12925
DA:62,12914
DA:64,12914
DA:65,531
DA:66,531
DA:67,0
DA:68,12383
DA:69,12383
DA:70,12996
DA:87,6217
DA:88,6217
DA:89,1
DA:90,6216
DA:91,6216
DA:92,3178
DA:93,3038
DA:94,3038
DA:95,8832
DA:96,1
DA:97,1
DA:98,1
DA:99,1
DA:100,1
DA:101,1
DA:102,1
DA:103,1616
DA:104,1616
DA:105,1421
DA:110,1421
DA:111,4
DA:112,4
DA:113,4
DA:114,4
DA:115,4
DA:116,4
DA:117,4
DA:118,4
DA:119,1417
DA:120,3904
DA:121,2
DA:122,2
DA:123,2
DA:124,2
DA:125,2
DA:126,2
DA:127,2
DA:128,1415
DA:129,1415
DA:130,6217
DA:136,3038
DA:137,3038
DA:138,3038
DA:139,3038
DA:140,1417
DA:141,1621
DA:142,1622
DA:143,3038
DA:151,6167
DA:152,6167
DA:153,6167
DA:154,6167
DA:155,6167
DA:156,6167
DA:157,6174
DA:158,6173
DA:159,7
DA:160,7
DA:161,7
DA:164,6167
DA:166,6215
DA:167,59
DA:168,59
DA:169,59
DA:170,59
DA:171,54
DA:172,54
DA:173,53
DA:175,5
DA:179,6156
DA:180,6
DA:181,6
DA:182,6156
DA:183,6167
DA:185,66
DA:186,66
DA:187,66
DA:188,66
DA:193,6221
DA:194,6221
DA:195,6221
DA:196,6221
DA:197,6221
DA:198,6221
DA:199,6219
DA:201,2
DA:202,2
DA:203,2
DA:204,2
DA:207,6219
DA:208,6219
DA:209,28456
DA:210,22297
DA:211,60
DA:212,22237
DA:213,22237
DA:214,22237
DA:215,22237
DA:217,6219
DA:218,2
DA:219,2
DA:220,2
DA:221,2
DA:222,2
DA:223,6217
DA:224,6217
DA:225,6217
DA:226,6217
DA:227,6217
DA:228,6217
DA:229,6221
DA:236,65
DA:237,7
DA:238,21
DA:239,18
DA:240,3
DA:241,16
DA:242,38
DA:243,16
DA:245,0
DA:246,5
DA:247,1
DA:248,1
DA:249,0
DA:250,0
DA:251,0
DA:252,0
DA:254,0
DA:255,0
DA:256,0
DA:257,0
DA:258,0
DA:259,0
DA:262,65
DA:264,35
DA:265,35
DA:266,35
DA:267,35
DA:268,35
DA:271,1
DA:272,1
DA:273,1
DA:276,1
DA:277,1
DA:278,1
DA:281,1
DA:282,1
DA:283,1
DA:286,1
DA:287,1
DA:288,1
DA:291,1
DA:292,1
DA:293,1
DA:296,1
DA:297,1
DA:298,1
DA:301,1
DA:305,1
DA:306,1
DA:307,1
DA:310,1
DA:311,1
DA:312,1
DA:315,1
DA:318,1
DA:319,1
DA:320,1
DA:323,1
DA:326,1
DA:327,1
DA:328,1
DA:331,1
DA:332,1
DA:333,1
DA:334,1
DA:337,1
DA:338,1
DA:339,1
DA:342,1
DA:343,1
DA:344,1
DA:347,1
DA:348,1
DA:349,1
DA:352,1
DA:353,1
DA:354,1
DA:357,1
DA:358,1
DA:359,1
DA:362,1
DA:363,1
DA:364,1
DA:367,1
DA:368,1
DA:369,1
DA:372,1
DA:375,1
DA:376,1
DA:377,1
DA:380,1
DA:381,1
DA:382,1
DA:387,1
DA:389,1
DA:390,1
DA:391,1
DA:392,1
DA:395,1
DA:397,1
DA:398,1
DA:399,1
DA:400,1
DA:403,1
DA:405,1
DA:406,1
DA:407,1
DA:408,1
DA:411,1
DA:415,1
DA:416,1
DA:419,1
DA:424,1
DA:425,1
DA:426,1
DA:429,1
DA:431,1
DA:432,1
DA:433,1
DA:436,1
DA:437,1
DA:438,1
DA:439,1
BRF:0
BRH:0
LF:274
LH:257
end_of_record
SF:/var/home/jack/Code/koan/src/parse/triple_list.rs
FN:72,_RINvNtNtCs3yqXWJWMNss_4koan5parse11triple_list15parse_pair_listNtNtNtNtNtB6_7machine5model5types5ktype5KTypeNCNvNtB13_16typed_field_list37parse_typed_field_list_via_elaborator0EB6_
FN:22,_RINvNtNtCs3yqXWJWMNss_4koan5parse11triple_list25parse_keyword_triple_listNtNtNtNtB6_7machine5model3ast14ExpressionPartNCNvNtNtB1d_6values11named_pairs23parse_named_value_pairss_0EB6_
FN:96,_RNCINvNtNtCs3yqXWJWMNss_4koan5parse11triple_list15parse_pair_listNtNtNtNtNtB8_7machine5model5types5ktype5KTypeNCNvNtB15_16typed_field_list37parse_typed_field_list_via_elaborator0E0B8_
FN:56,_RNCINvNtNtCs3yqXWJWMNss_4koan5parse11triple_list25parse_keyword_triple_listNtNtNtNtB8_7machine5model3ast14ExpressionPartNCNvNtNtB1f_6values11named_pairs23parse_named_value_pairss_0E0B8_
FN:72,_RINvNtNtCs8h7e9k1J8CD_4koan5parse11triple_list15parse_pair_listNtNtNtNtNtB6_7machine5model5types5ktype5KTypeNCNvNtB13_16typed_field_list37parse_typed_field_list_via_elaborator0EB6_
FN:22,_RINvNtNtCs8h7e9k1J8CD_4koan5parse11triple_list25parse_keyword_triple_listNtNtNtNtB6_7machine5model3ast14ExpressionPartNCNvNtNtB1d_6values11named_pairs23parse_named_value_pairss_0EB6_
FN:96,_RNCINvNtNtCs8h7e9k1J8CD_4koan5parse11triple_list15parse_pair_listNtNtNtNtNtB8_7machine5model5types5ktype5KTypeNCNvNtB15_16typed_field_list37parse_typed_field_list_via_elaborator0E0B8_
FN:56,_RNCINvNtNtCs8h7e9k1J8CD_4koan5parse11triple_list25parse_keyword_triple_listNtNtNtNtB8_7machine5model3ast14ExpressionPartNCNvNtNtB1f_6values11named_pairs23parse_named_value_pairss_0E0B8_
FNDA:3,_RINvNtNtCs3yqXWJWMNss_4koan5parse11triple_list15parse_pair_listNtNtNtNtNtB6_7machine5model5types5ktype5KTypeNCNvNtB13_16typed_field_list37parse_typed_field_list_via_elaborator0EB6_
FNDA:3,_RINvNtNtCs3yqXWJWMNss_4koan5parse11triple_list25parse_keyword_triple_listNtNtNtNtB6_7machine5model3ast14ExpressionPartNCNvNtNtB1d_6values11named_pairs23parse_named_value_pairss_0EB6_
FNDA:2,_RNCINvNtNtCs3yqXWJWMNss_4koan5parse11triple_list15parse_pair_listNtNtNtNtNtB8_7machine5model5types5ktype5KTypeNCNvNtB15_16typed_field_list37parse_typed_field_list_via_elaborator0E0B8_
FNDA:2,_RNCINvNtNtCs3yqXWJWMNss_4koan5parse11triple_list25parse_keyword_triple_listNtNtNtNtB8_7machine5model3ast14ExpressionPartNCNvNtNtB1f_6values11named_pairs23parse_named_value_pairss_0E0B8_
FNDA:90,_RINvNtNtCs8h7e9k1J8CD_4koan5parse11triple_list15parse_pair_listNtNtNtNtNtB6_7machine5model5types5ktype5KTypeNCNvNtB13_16typed_field_list37parse_typed_field_list_via_elaborator0EB6_
FNDA:48,_RINvNtNtCs8h7e9k1J8CD_4koan5parse11triple_list25parse_keyword_triple_listNtNtNtNtB6_7machine5model3ast14ExpressionPartNCNvNtNtB1d_6values11named_pairs23parse_named_value_pairss_0EB6_
FNDA:63,_RNCINvNtNtCs8h7e9k1J8CD_4koan5parse11triple_list15parse_pair_listNtNtNtNtNtB8_7machine5model5types5ktype5KTypeNCNvNtB15_16typed_field_list37parse_typed_field_list_via_elaborator0E0B8_
FNDA:38,_RNCINvNtNtCs8h7e9k1J8CD_4koan5parse11triple_list25parse_keyword_triple_listNtNtNtNtB8_7machine5model3ast14ExpressionPartNCNvNtNtB1f_6values11named_pairs23parse_named_value_pairss_0E0B8_
FNF:4
FNH:4
DA:22,51
DA:23,51
DA:24,51
DA:25,51
DA:26,51
DA:27,51
DA:28,51
DA:29,51
DA:30,3
DA:31,3
DA:32,3
DA:33,3
DA:34,48
DA:35,48
DA:36,48
DA:37,126
DA:38,83
DA:39,82
DA:40,1
DA:41,1
DA:42,1
DA:43,1
DA:44,1
DA:47,82
DA:48,81
DA:49,1
DA:50,1
DA:51,1
DA:52,1
DA:53,1
DA:56,81
DA:57,3
DA:58,78
DA:59,78
DA:60,78
DA:61,78
DA:63,43
DA:64,51
DA:72,93
DA:73,93
DA:74,93
DA:75,93
DA:76,93
DA:77,93
DA:78,93
DA:79,2
DA:80,2
DA:81,2
DA:82,2
DA:83,91
DA:84,91
DA:85,91
DA:86,239
DA:87,153
DA:88,153
DA:89,0
DA:90,0
DA:91,0
DA:92,0
DA:93,0
DA:96,153
DA:97,2
DA:98,151
DA:99,151
DA:100,148
DA:101,148
DA:103,86
DA:104,93
BRF:0
BRH:0
LF:70
LH:65
end_of_record
SF:/var/home/jack/Code/koan/src/parse/type_expr_frame.rs
FN:19,_RNvMNtNtCs3yqXWJWMNss_4koan5parse15type_expr_frameNtB2_13TypeExprFrame3new
FN:23,_RNvMNtNtCs3yqXWJWMNss_4koan5parse15type_expr_frameNtB2_13TypeExprFrame5build
FN:83,_RNvNtNtCs3yqXWJWMNss_4koan5parse15type_expr_frame10find_arrow
FN:111,_RNvNtNtCs3yqXWJWMNss_4koan5parse15type_expr_frame17build_list_params
FN:142,_RNvNtNtCs3yqXWJWMNss_4koan5parse15type_expr_frame21build_function_params
FN:164,_RNvNtNtCs3yqXWJWMNss_4koan5parse15type_expr_frame21extract_function_args
FN:202,_RNvNtNtCs3yqXWJWMNss_4koan5parse15type_expr_frame23extract_function_return
FN:131,_RNvNtNtCs3yqXWJWMNss_4koan5parse15type_expr_frame9lift_part
FN:172,_RNCNvNtNtCs3yqXWJWMNss_4koan5parse15type_expr_frame21extract_function_args0B7_
FN:179,_RNCNvNtNtCs3yqXWJWMNss_4koan5parse15type_expr_frame21extract_function_argss_0B7_
FN:205,_RNCNvNtNtCs3yqXWJWMNss_4koan5parse15type_expr_frame23extract_function_return0B7_
FN:172,_RNCNvNtNtCs8h7e9k1J8CD_4koan5parse15type_expr_frame21extract_function_args0B7_
FN:179,_RNCNvNtNtCs8h7e9k1J8CD_4koan5parse15type_expr_frame21extract_function_argss_0B7_
FN:205,_RNCNvNtNtCs8h7e9k1J8CD_4koan5parse15type_expr_frame23extract_function_return0B7_
FN:19,_RNvMNtNtCs8h7e9k1J8CD_4koan5parse15type_expr_frameNtB2_13TypeExprFrame3new
FN:23,_RNvMNtNtCs8h7e9k1J8CD_4koan5parse15type_expr_frameNtB2_13TypeExprFrame5build
FN:83,_RNvNtNtCs8h7e9k1J8CD_4koan5parse15type_expr_frame10find_arrow
FN:111,_RNvNtNtCs8h7e9k1J8CD_4koan5parse15type_expr_frame17build_list_params
FN:142,_RNvNtNtCs8h7e9k1J8CD_4koan5parse15type_expr_frame21build_function_params
FN:164,_RNvNtNtCs8h7e9k1J8CD_4koan5parse15type_expr_frame21extract_function_args
FN:202,_RNvNtNtCs8h7e9k1J8CD_4koan5parse15type_expr_frame23extract_function_return
FN:131,_RNvNtNtCs8h7e9k1J8CD_4koan5parse15type_expr_frame9lift_part
FNDA:1,_RNvMNtNtCs3yqXWJWMNss_4koan5parse15type_expr_frameNtB2_13TypeExprFrame3new
FNDA:1,_RNvMNtNtCs3yqXWJWMNss_4koan5parse15type_expr_frameNtB2_13TypeExprFrame5build
FNDA:1,_RNvNtNtCs3yqXWJWMNss_4koan5parse15type_expr_frame10find_arrow
FNDA:0,_RNvNtNtCs3yqXWJWMNss_4koan5parse15type_expr_frame17build_list_params
FNDA:1,_RNvNtNtCs3yqXWJWMNss_4koan5parse15type_expr_frame21build_function_params
FNDA:1,_RNvNtNtCs3yqXWJWMNss_4koan5parse15type_expr_frame21extract_function_args
FNDA:1,_RNvNtNtCs3yqXWJWMNss_4koan5parse15type_expr_frame23extract_function_return
FNDA:1,_RNvNtNtCs3yqXWJWMNss_4koan5parse15type_expr_frame9lift_part
FNDA:0,_RNCNvNtNtCs3yqXWJWMNss_4koan5parse15type_expr_frame21extract_function_args0B7_
FNDA:1,_RNCNvNtNtCs3yqXWJWMNss_4koan5parse15type_expr_frame21extract_function_argss_0B7_
FNDA:0,_RNCNvNtNtCs3yqXWJWMNss_4koan5parse15type_expr_frame23extract_function_return0B7_
FNDA:2,_RNCNvNtNtCs8h7e9k1J8CD_4koan5parse15type_expr_frame21extract_function_args0B7_
FNDA:23,_RNCNvNtNtCs8h7e9k1J8CD_4koan5parse15type_expr_frame21extract_function_argss_0B7_
FNDA:1,_RNCNvNtNtCs8h7e9k1J8CD_4koan5parse15type_expr_frame23extract_function_return0B7_
FNDA:89,_RNvMNtNtCs8h7e9k1J8CD_4koan5parse15type_expr_frameNtB2_13TypeExprFrame3new
FNDA:91,_RNvMNtNtCs8h7e9k1J8CD_4koan5parse15type_expr_frameNtB2_13TypeExprFrame5build
FNDA:88,_RNvNtNtCs8h7e9k1J8CD_4koan5parse15type_expr_frame10find_arrow
FNDA:60,_RNvNtNtCs8h7e9k1J8CD_4koan5parse15type_expr_frame17build_list_params
FNDA:24,_RNvNtNtCs8h7e9k1J8CD_4koan5parse15type_expr_frame21build_function_params
FNDA:24,_RNvNtNtCs8h7e9k1J8CD_4koan5parse15type_expr_frame21extract_function_args
FNDA:20,_RNvNtNtCs8h7e9k1J8CD_4koan5parse15type_expr_frame23extract_function_return
FNDA:85,_RNvNtNtCs8h7e9k1J8CD_4koan5parse15type_expr_frame9lift_part
FNF:11
FNH:11
DA:19,90
DA:20,90
DA:21,90
DA:23,92
DA:24,92
DA:25,92
DA:26,1
DA:27,1
DA:28,1
DA:29,1
DA:30,91
DA:31,91
DA:32,90
DA:33,1
DA:34,1
DA:35,1
DA:36,1
DA:37,1
DA:38,1
DA:39,1
DA:40,1
DA:42,1
DA:43,1
DA:44,1
DA:45,1
DA:46,1
DA:47,1
DA:48,1
DA:49,1
DA:52,89
DA:53,89
DA:57,87
DA:59,87
DA:60,1
DA:61,1
DA:62,1
DA:63,1
DA:64,1
DA:65,1
DA:66,1
DA:67,1
DA:68,1
DA:69,1
DA:70,1
DA:71,1
DA:72,1
DA:73,1
DA:74,1
DA:75,60
DA:76,25
DA:78,92
DA:83,89
DA:84,89
DA:85,151
DA:86,28
DA:87,122
DA:88,28
DA:89,28
DA:90,1
DA:91,1
DA:92,1
DA:93,1
DA:94,27
DA:95,27
DA:97,1
DA:98,1
DA:99,1
DA:100,1
DA:101,1
DA:102,1
DA:103,1
DA:104,1
DA:108,87
DA:109,89
DA:111,60
DA:112,60
DA:113,60
DA:114,60
DA:115,60
DA:116,1
DA:117,59
DA:118,59
DA:119,59
DA:120,59
DA:121,59
DA:122,59
DA:123,60
DA:131,86
DA:132,86
DA:133,84
DA:134,2
DA:135,2
DA:137,2
DA:138,0
DA:140,86
DA:142,25
DA:143,25
DA:144,25
DA:145,25
DA:146,25
DA:147,25
DA:148,25
DA:149,25
DA:150,25
DA:152,25
DA:153,21
DA:154,20
DA:155,20
DA:156,20
DA:157,20
DA:158,20
DA:159,20
DA:160,20
DA:161,20
DA:162,25
DA:164,25
DA:165,25
DA:166,25
DA:171,25
DA:172,25
DA:173,23
DA:174,22
DA:175,1
DA:177,22
DA:178,22
DA:179,24
DA:180,22
DA:185,1
DA:186,1
DA:187,1
DA:189,1
DA:191,1
DA:192,1
DA:193,1
DA:194,1
DA:195,1
DA:196,1
DA:197,1
DA:198,24
DA:199,22
DA:200,25
DA:202,21
DA:203,21
DA:204,21
DA:205,21
DA:206,1
DA:207,1
DA:209,1
DA:211,1
DA:213,1
DA:216,20
DA:217,21
BRF:0
BRH:0
LF:156
LH:155
end_of_record
SF:/var/home/jack/Code/koan/src/parse/whitespace.rs
FN:74,_RNCNvNtNtCs3yqXWJWMNss_4koan5parse10whitespace12collapse_str0B7_
FN:167,_RNCNvNtNtCs3yqXWJWMNss_4koan5parse10whitespace12collapse_strs0_0B7_
FN:75,_RNCNvNtNtCs3yqXWJWMNss_4koan5parse10whitespace12collapse_strs_0B7_
FN:295,_RNCNvNtNtCs3yqXWJWMNss_4koan5parse10whitespace16line_delim_delta0B7_
FN:296,_RNCNvNtNtCs3yqXWJWMNss_4koan5parse10whitespace16line_delim_deltas_0B7_
FN:304,_RNCNvNtNtCs3yqXWJWMNss_4koan5parse10whitespace16line_paren_delta0B7_
FN:305,_RNCNvNtNtCs3yqXWJWMNss_4koan5parse10whitespace16line_paren_deltas_0B7_
FN:52,_RNCNvNtNtCs3yqXWJWMNss_4koan5parse10whitespace19collapse_whitespace0B7_
FN:267,_RNCNvNtNtCs3yqXWJWMNss_4koan5parse10whitespace19walk_content_cursor0B7_
FN:268,_RNCNvNtNtCs3yqXWJWMNss_4koan5parse10whitespace19walk_content_cursors_0B7_
FN:56,_RNvNtNtCs3yqXWJWMNss_4koan5parse10whitespace12collapse_str
FN:313,_RNvNtNtCs3yqXWJWMNss_4koan5parse10whitespace13adjust_parens
FN:294,_RNvNtNtCs3yqXWJWMNss_4koan5parse10whitespace16line_delim_delta
FN:303,_RNvNtNtCs3yqXWJWMNss_4koan5parse10whitespace16line_paren_delta
FN:50,_RNvNtNtCs3yqXWJWMNss_4koan5parse10whitespace19collapse_whitespace
FN:248,_RNvNtNtCs3yqXWJWMNss_4koan5parse10whitespace19walk_content_cursor
FN:238,_RNvNtNtCs3yqXWJWMNss_4koan5parse10whitespace9emit_jump
FN:56,_RNvNtNtCs8h7e9k1J8CD_4koan5parse10whitespace12collapse_str
FN:313,_RNvNtNtCs8h7e9k1J8CD_4koan5parse10whitespace13adjust_parens
FN:294,_RNvNtNtCs8h7e9k1J8CD_4koan5parse10whitespace16line_delim_delta
FN:303,_RNvNtNtCs8h7e9k1J8CD_4koan5parse10whitespace16line_paren_delta
FN:50,_RNvNtNtCs8h7e9k1J8CD_4koan5parse10whitespace19collapse_whitespace
FN:248,_RNvNtNtCs8h7e9k1J8CD_4koan5parse10whitespace19walk_content_cursor
FN:238,_RNvNtNtCs8h7e9k1J8CD_4koan5parse10whitespace9emit_jump
FN:74,_RNCNvNtNtCs8h7e9k1J8CD_4koan5parse10whitespace12collapse_str0B7_
FN:167,_RNCNvNtNtCs8h7e9k1J8CD_4koan5parse10whitespace12collapse_strs0_0B7_
FN:75,_RNCNvNtNtCs8h7e9k1J8CD_4koan5parse10whitespace12collapse_strs_0B7_
FN:295,_RNCNvNtNtCs8h7e9k1J8CD_4koan5parse10whitespace16line_delim_delta0B7_
FN:296,_RNCNvNtNtCs8h7e9k1J8CD_4koan5parse10whitespace16line_delim_deltas_0B7_
FN:304,_RNCNvNtNtCs8h7e9k1J8CD_4koan5parse10whitespace16line_paren_delta0B7_
FN:305,_RNCNvNtNtCs8h7e9k1J8CD_4koan5parse10whitespace16line_paren_deltas_0B7_
FN:52,_RNCNvNtNtCs8h7e9k1J8CD_4koan5parse10whitespace19collapse_whitespace0B7_
FN:267,_RNCNvNtNtCs8h7e9k1J8CD_4koan5parse10whitespace19walk_content_cursor0B7_
FN:268,_RNCNvNtNtCs8h7e9k1J8CD_4koan5parse10whitespace19walk_content_cursors_0B7_
FNDA:2390,_RNCNvNtNtCs3yqXWJWMNss_4koan5parse10whitespace12collapse_str0B7_
FNDA:0,_RNCNvNtNtCs3yqXWJWMNss_4koan5parse10whitespace12collapse_strs0_0B7_
FNDA:50,_RNCNvNtNtCs3yqXWJWMNss_4koan5parse10whitespace12collapse_strs_0B7_
FNDA:2340,_RNCNvNtNtCs3yqXWJWMNss_4koan5parse10whitespace16line_delim_delta0B7_
FNDA:2340,_RNCNvNtNtCs3yqXWJWMNss_4koan5parse10whitespace16line_delim_deltas_0B7_
FNDA:2340,_RNCNvNtNtCs3yqXWJWMNss_4koan5parse10whitespace16line_paren_delta0B7_
FNDA:2340,_RNCNvNtNtCs3yqXWJWMNss_4koan5parse10whitespace16line_paren_deltas_0B7_
FNDA:0,_RNCNvNtNtCs3yqXWJWMNss_4koan5parse10whitespace19collapse_whitespace0B7_
FNDA:1,_RNCNvNtNtCs3yqXWJWMNss_4koan5parse10whitespace19walk_content_cursor0B7_
FNDA:0,_RNCNvNtNtCs3yqXWJWMNss_4koan5parse10whitespace19walk_content_cursors_0B7_
FNDA:30,_RNvNtNtCs3yqXWJWMNss_4koan5parse10whitespace12collapse_str
FNDA:80,_RNvNtNtCs3yqXWJWMNss_4koan5parse10whitespace13adjust_parens
FNDA:80,_RNvNtNtCs3yqXWJWMNss_4koan5parse10whitespace16line_delim_delta
FNDA:80,_RNvNtNtCs3yqXWJWMNss_4koan5parse10whitespace16line_paren_delta
FNDA:30,_RNvNtNtCs3yqXWJWMNss_4koan5parse10whitespace19collapse_whitespace
FNDA:80,_RNvNtNtCs3yqXWJWMNss_4koan5parse10whitespace19walk_content_cursor
FNDA:160,_RNvNtNtCs3yqXWJWMNss_4koan5parse10whitespace9emit_jump
FNDA:833,_RNvNtNtCs8h7e9k1J8CD_4koan5parse10whitespace12collapse_str
FNDA:1228,_RNvNtNtCs8h7e9k1J8CD_4koan5parse10whitespace13adjust_parens
FNDA:1228,_RNvNtNtCs8h7e9k1J8CD_4koan5parse10whitespace16line_delim_delta
FNDA:1235,_RNvNtNtCs8h7e9k1J8CD_4koan5parse10whitespace16line_paren_delta
FNDA:833,_RNvNtNtCs8h7e9k1J8CD_4koan5parse10whitespace19collapse_whitespace
FNDA:1235,_RNvNtNtCs8h7e9k1J8CD_4koan5parse10whitespace19walk_content_cursor
FNDA:2398,_RNvNtNtCs8h7e9k1J8CD_4koan5parse10whitespace9emit_jump
FNDA:31671,_RNCNvNtNtCs8h7e9k1J8CD_4koan5parse10whitespace12collapse_str0B7_
FNDA:129,_RNCNvNtNtCs8h7e9k1J8CD_4koan5parse10whitespace12collapse_strs0_0B7_
FNDA:427,_RNCNvNtNtCs8h7e9k1J8CD_4koan5parse10whitespace12collapse_strs_0B7_
FNDA:30960,_RNCNvNtNtCs8h7e9k1J8CD_4koan5parse10whitespace16line_delim_delta0B7_
FNDA:30960,_RNCNvNtNtCs8h7e9k1J8CD_4koan5parse10whitespace16line_delim_deltas_0B7_
FNDA:30982,_RNCNvNtNtCs8h7e9k1J8CD_4koan5parse10whitespace16line_paren_delta0B7_
FNDA:30982,_RNCNvNtNtCs8h7e9k1J8CD_4koan5parse10whitespace16line_paren_deltas_0B7_
FNDA:0,_RNCNvNtNtCs8h7e9k1J8CD_4koan5parse10whitespace19collapse_whitespace0B7_
FNDA:167,_RNCNvNtNtCs8h7e9k1J8CD_4koan5parse10whitespace19walk_content_cursor0B7_
FNDA:0,_RNCNvNtNtCs8h7e9k1J8CD_4koan5parse10whitespace19walk_content_cursors_0B7_
FNF:17
FNH:15
DA:50,863
DA:51,863
DA:52,863
DA:53,863
DA:54,863
DA:56,863
DA:57,863
DA:58,863
DA:59,863
DA:60,863
DA:61,863
DA:64,863
DA:66,863
DA:67,863
DA:68,863
DA:69,863
DA:71,2195
DA:72,1339
DA:73,1339
DA:74,34061
DA:75,1339
DA:76,1339
DA:78,1339
DA:79,1339
DA:80,1339
DA:81,1339
DA:83,1339
DA:85,1339
DA:89,24
DA:90,24
DA:91,24
DA:92,8
DA:94,16
DA:96,24
DA:97,24
DA:98,1315
DA:100,1315
DA:102,1315
DA:103,1315
DA:105,1315
DA:106,1315
DA:108,1315
DA:109,1315
DA:131,1315
DA:132,54
DA:133,54
DA:134,1261
DA:137,1261
DA:138,16
DA:142,7
DA:143,1
DA:144,1
DA:145,1
DA:146,1
DA:147,1
DA:148,6
DA:149,6
DA:150,6
DA:151,9
DA:152,9
DA:156,1
DA:157,1
DA:158,1
DA:159,1
DA:160,1
DA:161,1
DA:162,8
DA:165,1245
DA:167,1253
DA:168,3
DA:169,3
DA:170,3
DA:171,3
DA:172,3
DA:173,1250
DA:174,1250
DA:175,2
DA:176,2
DA:177,2
DA:178,2
DA:179,2
DA:180,1248
DA:182,1614
DA:183,404
DA:184,366
DA:185,366
DA:186,366
DA:187,366
DA:188,38
DA:194,1248
DA:195,387
DA:196,861
DA:202,1248
DA:203,1248
DA:204,11
DA:205,11
DA:206,11
DA:207,11
DA:208,11
DA:209,1237
DA:210,1237
DA:211,1237
DA:212,1237
DA:213,1237
DA:215,1248
DA:216,1248
DA:217,1248
DA:218,1248
DA:219,1248
DA:221,1248
DA:222,1248
DA:223,437
DA:225,811
DA:227,1248
DA:230,1729
DA:231,873
DA:232,873
DA:233,873
DA:235,856
DA:236,863
DA:238,2558
DA:239,2558
DA:240,2558
DA:241,2558
DA:242,2558
DA:248,1315
DA:249,1315
DA:250,1315
DA:251,33582
DA:252,32267
DA:253,32267
DA:254,168
DA:255,168
DA:256,540
DA:257,372
DA:258,372
DA:259,168
DA:260,0
DA:261,168
DA:262,168
DA:263,0
DA:264,168
DA:265,168
DA:266,168
DA:267,168
DA:268,168
DA:269,168
DA:270,32099
DA:271,168
DA:272,336
DA:273,168
DA:274,168
DA:275,168
DA:276,0
DA:277,168
DA:278,168
DA:279,347
DA:280,179
DA:281,179
DA:282,168
DA:283,31931
DA:284,31931
DA:285,31931
DA:286,31931
DA:288,1315
DA:289,1315
DA:294,1308
DA:295,33300
DA:296,33300
DA:297,1308
DA:298,1308
DA:303,1315
DA:304,33322
DA:305,33322
DA:306,1315
DA:307,1315
DA:313,1308
DA:314,1308
DA:315,10
DA:316,10
DA:317,10
DA:319,1298
DA:320,8
DA:321,8
DA:323,1308
BRF:0
BRH:0
LF:195
LH:190
end_of_record