SF:/var/home/jack/Code/koan/src/builtins.rs
FN:149,_RNvNtCscUx3zdyuqfq_4koan8builtins13default_scope
FN:105,_RNvNtCscUx3zdyuqfq_4koan8builtins16register_builtin
FN:82,_RNvNtCscUx3zdyuqfq_4koan8builtins21register_builtin_full
FN:71,_RNvNtCscUx3zdyuqfq_4koan8builtins21type_part_binder_name
FN:42,_RNvNtCscUx3zdyuqfq_4koan8builtins2kw
FN:47,_RNvNtCscUx3zdyuqfq_4koan8builtins3arg
FN:37,_RNvNtCscUx3zdyuqfq_4koan8builtins3err
FN:56,_RNvNtCscUx3zdyuqfq_4koan8builtins3sig
FN:149,_RNvNtCseriWsCb5ev6_4koan8builtins13default_scope
FN:105,_RNvNtCseriWsCb5ev6_4koan8builtins16register_builtin
FN:119,_RNvNtCseriWsCb5ev6_4koan8builtins20register_overload_at
FN:82,_RNvNtCseriWsCb5ev6_4koan8builtins21register_builtin_full
FN:71,_RNvNtCseriWsCb5ev6_4koan8builtins21type_part_binder_name
FN:42,_RNvNtCseriWsCb5ev6_4koan8builtins2kw
FN:47,_RNvNtCseriWsCb5ev6_4koan8builtins3arg
FN:37,_RNvNtCseriWsCb5ev6_4koan8builtins3err
FN:56,_RNvNtCseriWsCb5ev6_4koan8builtins3sig
FNDA:43,_RNvNtCscUx3zdyuqfq_4koan8builtins13default_scope
FNDA:989,_RNvNtCscUx3zdyuqfq_4koan8builtins16register_builtin
FNDA:1634,_RNvNtCscUx3zdyuqfq_4koan8builtins21register_builtin_full
FNDA:74,_RNvNtCscUx3zdyuqfq_4koan8builtins21type_part_binder_name
FNDA:2881,_RNvNtCscUx3zdyuqfq_4koan8builtins2kw
FNDA:3311,_RNvNtCscUx3zdyuqfq_4koan8builtins3arg
FNDA:0,_RNvNtCscUx3zdyuqfq_4koan8builtins3err
FNDA:1634,_RNvNtCscUx3zdyuqfq_4koan8builtins3sig
FNDA:500,_RNvNtCseriWsCb5ev6_4koan8builtins13default_scope
FNDA:11520,_RNvNtCseriWsCb5ev6_4koan8builtins16register_builtin
FNDA:3,_RNvNtCseriWsCb5ev6_4koan8builtins20register_overload_at
FNDA:19021,_RNvNtCseriWsCb5ev6_4koan8builtins21register_builtin_full
FNDA:468,_RNvNtCseriWsCb5ev6_4koan8builtins21type_part_binder_name
FNDA:33500,_RNvNtCseriWsCb5ev6_4koan8builtins2kw
FNDA:38500,_RNvNtCseriWsCb5ev6_4koan8builtins3arg
FNDA:10,_RNvNtCseriWsCb5ev6_4koan8builtins3err
FNDA:19000,_RNvNtCseriWsCb5ev6_4koan8builtins3sig
FNF:9
FNH:9
DA:37,10
DA:38,10
DA:39,10
DA:42,36381
DA:43,36381
DA:44,36381
DA:47,41811
DA:48,41811
DA:49,41811
DA:50,41811
DA:51,41811
DA:52,41811
DA:56,20634
DA:57,20634
DA:58,20634
DA:59,20634
DA:60,20634
DA:61,20634
DA:62,20634
DA:63,20634
DA:64,20634
DA:71,542
DA:72,542
DA:73,542
DA:74,542
DA:75,542
DA:82,20655
DA:83,20655
DA:84,20655
DA:85,20655
DA:86,20655
DA:87,20655
DA:88,20655
DA:89,20655
DA:90,20655
DA:91,20655
DA:92,20655
DA:93,20655
DA:94,20655
DA:95,20655
DA:96,20655
DA:97,20655
DA:98,20655
DA:99,20655
DA:100,20655
DA:101,20655
DA:102,20655
DA:105,12509
DA:106,12509
DA:107,12509
DA:108,12509
DA:109,12509
DA:110,12509
DA:111,12509
DA:112,12509
DA:119,3
DA:120,3
DA:121,3
DA:122,3
DA:123,3
DA:124,3
DA:125,3
DA:126,3
DA:127,3
DA:128,3
DA:129,3
DA:130,3
DA:131,3
DA:132,3
DA:133,3
DA:134,3
DA:135,3
DA:136,3
DA:137,3
DA:138,3
DA:139,3
DA:149,543
DA:150,543
DA:151,543
DA:152,543
DA:153,543
DA:155,543
DA:156,543
DA:157,543
DA:158,543
DA:159,543
DA:160,543
DA:161,543
DA:164,543
DA:165,543
DA:166,543
DA:169,543
DA:170,543
DA:171,543
DA:174,543
DA:175,543
DA:176,543
DA:179,543
DA:180,543
DA:181,543
DA:184,543
DA:185,543
DA:186,543
DA:189,543
DA:191,543
DA:192,543
DA:193,543
DA:194,543
DA:195,543
DA:196,543
DA:197,543
DA:198,543
DA:199,543
DA:200,543
DA:201,543
DA:202,543
DA:203,543
DA:204,543
DA:205,543
DA:206,543
DA:207,543
DA:208,543
DA:209,543
DA:210,543
DA:211,543
DA:212,543
DA:214,543
DA:215,543
BRF:0
BRH:0
LF:128
LH:128
end_of_record
SF:/var/home/jack/Code/koan/src/builtins/ascribe.rs
FN:19,_RNvNtNtCscUx3zdyuqfq_4koan8builtins7ascribe11body_opaque
FN:193,_RNvNtNtCscUx3zdyuqfq_4koan8builtins7ascribe11shape_check
FN:130,_RNvNtNtCscUx3zdyuqfq_4koan8builtins7ascribe16body_transparent
FN:248,_RNvNtNtCscUx3zdyuqfq_4koan8builtins7ascribe21is_abstract_type_name
FN:236,_RNvNtNtCscUx3zdyuqfq_4koan8builtins7ascribe22abstract_type_names_of
FN:155,_RNvNtNtCscUx3zdyuqfq_4koan8builtins7ascribe28resolve_module_and_signature
FN:259,_RNvNtNtCscUx3zdyuqfq_4koan8builtins7ascribe8register
FN:166,_RNvNvNtNtCscUx3zdyuqfq_4koan8builtins7ascribe28resolve_module_and_signature24type_mismatch_or_missing
FN:256,_RNCNvNtNtCscUx3zdyuqfq_4koan8builtins7ascribe21is_abstract_type_name0B7_
FN:242,_RNCNvNtNtCscUx3zdyuqfq_4koan8builtins7ascribe22abstract_type_names_ofs_0B7_
FN:19,_RNvNtNtCseriWsCb5ev6_4koan8builtins7ascribe11body_opaque
FN:193,_RNvNtNtCseriWsCb5ev6_4koan8builtins7ascribe11shape_check
FN:130,_RNvNtNtCseriWsCb5ev6_4koan8builtins7ascribe16body_transparent
FN:248,_RNvNtNtCseriWsCb5ev6_4koan8builtins7ascribe21is_abstract_type_name
FN:236,_RNvNtNtCseriWsCb5ev6_4koan8builtins7ascribe22abstract_type_names_of
FN:155,_RNvNtNtCseriWsCb5ev6_4koan8builtins7ascribe28resolve_module_and_signature
FN:259,_RNvNtNtCseriWsCb5ev6_4koan8builtins7ascribe8register
FN:166,_RNvNvNtNtCseriWsCb5ev6_4koan8builtins7ascribe28resolve_module_and_signature24type_mismatch_or_missing
FN:256,_RNCNvNtNtCseriWsCb5ev6_4koan8builtins7ascribe21is_abstract_type_name0B7_
FN:242,_RNCNvNtNtCseriWsCb5ev6_4koan8builtins7ascribe22abstract_type_names_ofs_0B7_
FNDA:1,_RNvNtNtCscUx3zdyuqfq_4koan8builtins7ascribe11body_opaque
FNDA:5,_RNvNtNtCscUx3zdyuqfq_4koan8builtins7ascribe11shape_check
FNDA:4,_RNvNtNtCscUx3zdyuqfq_4koan8builtins7ascribe16body_transparent
FNDA:22,_RNvNtNtCscUx3zdyuqfq_4koan8builtins7ascribe21is_abstract_type_name
FNDA:6,_RNvNtNtCscUx3zdyuqfq_4koan8builtins7ascribe22abstract_type_names_of
FNDA:5,_RNvNtNtCscUx3zdyuqfq_4koan8builtins7ascribe28resolve_module_and_signature
FNDA:43,_RNvNtNtCscUx3zdyuqfq_4koan8builtins7ascribe8register
FNDA:0,_RNvNvNtNtCscUx3zdyuqfq_4koan8builtins7ascribe28resolve_module_and_signature24type_mismatch_or_missing
FNDA:0,_RNCNvNtNtCscUx3zdyuqfq_4koan8builtins7ascribe21is_abstract_type_name0B7_
FNDA:6,_RNCNvNtNtCscUx3zdyuqfq_4koan8builtins7ascribe22abstract_type_names_ofs_0B7_
FNDA:19,_RNvNtNtCseriWsCb5ev6_4koan8builtins7ascribe11body_opaque
FNDA:40,_RNvNtNtCseriWsCb5ev6_4koan8builtins7ascribe11shape_check
FNDA:21,_RNvNtNtCseriWsCb5ev6_4koan8builtins7ascribe16body_transparent
FNDA:198,_RNvNtNtCseriWsCb5ev6_4koan8builtins7ascribe21is_abstract_type_name
FNDA:67,_RNvNtNtCseriWsCb5ev6_4koan8builtins7ascribe22abstract_type_names_of
FNDA:40,_RNvNtNtCseriWsCb5ev6_4koan8builtins7ascribe28resolve_module_and_signature
FNDA:500,_RNvNtNtCseriWsCb5ev6_4koan8builtins7ascribe8register
FNDA:0,_RNvNvNtNtCseriWsCb5ev6_4koan8builtins7ascribe28resolve_module_and_signature24type_mismatch_or_missing
FNDA:55,_RNCNvNtNtCseriWsCb5ev6_4koan8builtins7ascribe21is_abstract_type_name0B7_
FNDA:103,_RNCNvNtNtCseriWsCb5ev6_4koan8builtins7ascribe22abstract_type_names_ofs_0B7_
FNF:10
FNH:9
DA:19,20
DA:20,20
DA:21,20
DA:25,20
DA:27,20
DA:28,20
DA:29,20
DA:30,20
DA:33,20
DA:34,20
DA:35,0
DA:36,20
DA:38,20
DA:42,20
DA:44,20
DA:45,20
DA:46,13
DA:47,3
DA:48,3
DA:51,3
DA:52,3
DA:53,3
DA:55,0
DA:59,3
DA:60,3
DA:61,3
DA:62,3
DA:64,3
DA:65,3
DA:66,3
DA:67,3
DA:68,3
DA:69,3
DA:70,3
DA:71,3
DA:72,3
DA:74,10
DA:75,10
DA:76,10
DA:77,10
DA:79,13
DA:82,20
DA:83,13
DA:84,13
DA:85,13
DA:86,13
DA:87,7
DA:90,20
DA:91,20
DA:92,30
DA:93,30
DA:94,13
DA:95,17
DA:98,3
DA:99,3
DA:101,3
DA:102,3
DA:103,3
DA:104,14
DA:106,20
DA:107,20
DA:108,3
DA:109,3
DA:110,3
DA:111,3
DA:112,17
DA:115,20
DA:116,2
DA:117,18
DA:119,18
DA:121,18
DA:122,18
DA:123,18
DA:124,18
DA:125,18
DA:126,20
DA:130,25
DA:131,25
DA:132,25
DA:136,25
DA:137,25
DA:138,0
DA:139,25
DA:140,25
DA:141,25
DA:142,25
DA:143,25
DA:144,25
DA:145,25
DA:146,25
DA:147,25
DA:148,25
DA:149,25
DA:150,25
DA:151,25
DA:155,45
DA:156,45
DA:157,45
DA:158,45
DA:159,45
DA:160,45
DA:161,45
DA:162,45
DA:163,45
DA:166,0
DA:167,0
DA:168,0
DA:169,0
DA:170,0
DA:171,0
DA:172,0
DA:173,0
DA:174,0
DA:175,0
DA:176,0
DA:177,0
DA:179,0
DA:181,45
DA:182,45
DA:183,0
DA:185,45
DA:186,45
DA:187,0
DA:189,45
DA:190,45
DA:193,45
DA:194,45
DA:195,45
DA:196,45
DA:197,45
DA:198,45
DA:199,45
DA:200,45
DA:204,45
DA:205,45
DA:206,45
DA:207,45
DA:208,45
DA:209,45
DA:210,45
DA:211,45
DA:212,45
DA:213,45
DA:214,45
DA:215,45
DA:216,45
DA:217,61
DA:218,61
DA:219,19
DA:220,42
DA:221,42
DA:222,2
DA:223,2
DA:224,2
DA:225,2
DA:226,40
DA:228,43
DA:229,45
DA:236,73
DA:237,73
DA:238,73
DA:239,73
DA:240,73
DA:241,73
DA:242,109
DA:243,73
DA:244,73
DA:248,220
DA:249,220
DA:250,220
DA:251,0
DA:253,220
DA:254,165
DA:255,55
DA:256,55
DA:257,220
DA:259,543
DA:263,543
DA:264,543
DA:265,543
DA:266,543
DA:267,543
DA:268,543
DA:271,543
DA:272,543
DA:273,543
DA:274,543
DA:275,543
DA:276,543
DA:279,543
DA:280,543
DA:281,543
BRF:0
BRH:0
LF:194
LH:175
end_of_record
SF:/var/home/jack/Code/koan/src/builtins/attr.rs
FN:157,_RNvNtNtCscUx3zdyuqfq_4koan8builtins4attr11body_module
FN:216,_RNvNtNtCscUx3zdyuqfq_4koan8builtins4attr12access_field
FN:144,_RNvNtNtCscUx3zdyuqfq_4koan8builtins4attr12body_newtype
FN:105,_RNvNtNtCscUx3zdyuqfq_4koan8builtins4attr13body_type_lhs
FN:64,_RNvNtNtCscUx3zdyuqfq_4koan8builtins4attr15body_identifier
FN:39,_RNvNtNtCscUx3zdyuqfq_4koan8builtins4attr15read_field_name
FN:185,_RNvNtNtCscUx3zdyuqfq_4koan8builtins4attr18access_type_member
FN:267,_RNvNtNtCscUx3zdyuqfq_4koan8builtins4attr20access_module_member
FN:26,_RNvNtNtCscUx3zdyuqfq_4koan8builtins4attr4done
FN:291,_RNvNtNtCscUx3zdyuqfq_4koan8builtins4attr8register
FN:292,_RNCNvNtNtCscUx3zdyuqfq_4koan8builtins4attr8register0B7_
FN:320,_RNCNvNtNtCscUx3zdyuqfq_4koan8builtins4attr8registers0_0B7_
FN:330,_RNCNvNtNtCscUx3zdyuqfq_4koan8builtins4attr8registers1_0B7_
FN:340,_RNCNvNtNtCscUx3zdyuqfq_4koan8builtins4attr8registers2_0B7_
FN:351,_RNCNvNtNtCscUx3zdyuqfq_4koan8builtins4attr8registers3_0B7_
FN:302,_RNCNvNtNtCscUx3zdyuqfq_4koan8builtins4attr8registers_0B7_
FN:292,_RNCNvNtNtCseriWsCb5ev6_4koan8builtins4attr8register0B7_
FN:320,_RNCNvNtNtCseriWsCb5ev6_4koan8builtins4attr8registers0_0B7_
FN:330,_RNCNvNtNtCseriWsCb5ev6_4koan8builtins4attr8registers1_0B7_
FN:340,_RNCNvNtNtCseriWsCb5ev6_4koan8builtins4attr8registers2_0B7_
FN:351,_RNCNvNtNtCseriWsCb5ev6_4koan8builtins4attr8registers3_0B7_
FN:302,_RNCNvNtNtCseriWsCb5ev6_4koan8builtins4attr8registers_0B7_
FN:418,_RNvNtNtNtCseriWsCb5ev6_4koan8builtins4attr5testss_24attr_unbound_name_errors
FN:445,_RNvNtNtNtCseriWsCb5ev6_4koan8builtins4attr5testss_25attr_unknown_field_errors
FN:429,_RNvNtNtNtCseriWsCb5ev6_4koan8builtins4attr5testss_31attr_on_non_struct_value_errors
FN:461,_RNvNtNtNtCseriWsCb5ev6_4koan8builtins4attr5testss_33attr_chained_unknown_field_errors
FN:402,_RNvNtNtNtCseriWsCb5ev6_4koan8builtins4attr5testss_34attr_chained_through_nested_struct
FN:378,_RNvNtNtNtCseriWsCb5ev6_4koan8builtins4attr5testss_34attr_reads_field_from_named_struct
FN:390,_RNvNtNtNtCseriWsCb5ev6_4koan8builtins4attr5testss_35attr_reads_each_field_independently
FN:498,_RNvNtNtNtCseriWsCb5ev6_4koan8builtins4attr5testss_39access_field_rejects_wrapped_non_struct
FN:542,_RNvNtNtNtCseriWsCb5ev6_4koan8builtins4attr5testss_41transparent_view_slot_read_stays_concrete
FN:521,_RNvNtNtNtCseriWsCb5ev6_4koan8builtins4attr5testss_48opaque_view_slot_read_re_tags_with_abstract_type
FN:482,_RNvNtNtNtCseriWsCb5ev6_4koan8builtins4attr5testss_49access_field_falls_through_wrapped_record_newtype
FN:563,_RNvNtNtNtCseriWsCb5ev6_4koan8builtins4attr5testss_53access_field_falls_through_wrapped_with_missing_field
FN:157,_RNvNtNtCseriWsCb5ev6_4koan8builtins4attr11body_module
FN:216,_RNvNtNtCseriWsCb5ev6_4koan8builtins4attr12access_field
FN:144,_RNvNtNtCseriWsCb5ev6_4koan8builtins4attr12body_newtype
FN:105,_RNvNtNtCseriWsCb5ev6_4koan8builtins4attr13body_type_lhs
FN:64,_RNvNtNtCseriWsCb5ev6_4koan8builtins4attr15body_identifier
FN:39,_RNvNtNtCseriWsCb5ev6_4koan8builtins4attr15read_field_name
FN:185,_RNvNtNtCseriWsCb5ev6_4koan8builtins4attr18access_type_member
FN:267,_RNvNtNtCseriWsCb5ev6_4koan8builtins4attr20access_module_member
FN:26,_RNvNtNtCseriWsCb5ev6_4koan8builtins4attr4done
FN:291,_RNvNtNtCseriWsCb5ev6_4koan8builtins4attr8register
FNDA:7,_RNvNtNtCscUx3zdyuqfq_4koan8builtins4attr11body_module
FNDA:1,_RNvNtNtCscUx3zdyuqfq_4koan8builtins4attr12access_field
FNDA:0,_RNvNtNtCscUx3zdyuqfq_4koan8builtins4attr12body_newtype
FNDA:0,_RNvNtNtCscUx3zdyuqfq_4koan8builtins4attr13body_type_lhs
FNDA:2,_RNvNtNtCscUx3zdyuqfq_4koan8builtins4attr15body_identifier
FNDA:9,_RNvNtNtCscUx3zdyuqfq_4koan8builtins4attr15read_field_name
FNDA:0,_RNvNtNtCscUx3zdyuqfq_4koan8builtins4attr18access_type_member
FNDA:7,_RNvNtNtCscUx3zdyuqfq_4koan8builtins4attr20access_module_member
FNDA:8,_RNvNtNtCscUx3zdyuqfq_4koan8builtins4attr4done
FNDA:43,_RNvNtNtCscUx3zdyuqfq_4koan8builtins4attr8register
FNDA:43,_RNCNvNtNtCscUx3zdyuqfq_4koan8builtins4attr8register0B7_
FNDA:43,_RNCNvNtNtCscUx3zdyuqfq_4koan8builtins4attr8registers0_0B7_
FNDA:43,_RNCNvNtNtCscUx3zdyuqfq_4koan8builtins4attr8registers1_0B7_
FNDA:43,_RNCNvNtNtCscUx3zdyuqfq_4koan8builtins4attr8registers2_0B7_
FNDA:43,_RNCNvNtNtCscUx3zdyuqfq_4koan8builtins4attr8registers3_0B7_
FNDA:43,_RNCNvNtNtCscUx3zdyuqfq_4koan8builtins4attr8registers_0B7_
FNDA:500,_RNCNvNtNtCseriWsCb5ev6_4koan8builtins4attr8register0B7_
FNDA:500,_RNCNvNtNtCseriWsCb5ev6_4koan8builtins4attr8registers0_0B7_
FNDA:500,_RNCNvNtNtCseriWsCb5ev6_4koan8builtins4attr8registers1_0B7_
FNDA:500,_RNCNvNtNtCseriWsCb5ev6_4koan8builtins4attr8registers2_0B7_
FNDA:500,_RNCNvNtNtCseriWsCb5ev6_4koan8builtins4attr8registers3_0B7_
FNDA:500,_RNCNvNtNtCseriWsCb5ev6_4koan8builtins4attr8registers_0B7_
FNDA:1,_RNvNtNtNtCseriWsCb5ev6_4koan8builtins4attr5testss_24attr_unbound_name_errors
FNDA:1,_RNvNtNtNtCseriWsCb5ev6_4koan8builtins4attr5testss_25attr_unknown_field_errors
FNDA:1,_RNvNtNtNtCseriWsCb5ev6_4koan8builtins4attr5testss_31attr_on_non_struct_value_errors
FNDA:1,_RNvNtNtNtCseriWsCb5ev6_4koan8builtins4attr5testss_33attr_chained_unknown_field_errors
FNDA:1,_RNvNtNtNtCseriWsCb5ev6_4koan8builtins4attr5testss_34attr_chained_through_nested_struct
FNDA:1,_RNvNtNtNtCseriWsCb5ev6_4koan8builtins4attr5testss_34attr_reads_field_from_named_struct
FNDA:1,_RNvNtNtNtCseriWsCb5ev6_4koan8builtins4attr5testss_35attr_reads_each_field_independently
FNDA:1,_RNvNtNtNtCseriWsCb5ev6_4koan8builtins4attr5testss_39access_field_rejects_wrapped_non_struct
FNDA:1,_RNvNtNtNtCseriWsCb5ev6_4koan8builtins4attr5testss_41transparent_view_slot_read_stays_concrete
FNDA:1,_RNvNtNtNtCseriWsCb5ev6_4koan8builtins4attr5testss_48opaque_view_slot_read_re_tags_with_abstract_type
FNDA:1,_RNvNtNtNtCseriWsCb5ev6_4koan8builtins4attr5testss_49access_field_falls_through_wrapped_record_newtype
FNDA:1,_RNvNtNtNtCseriWsCb5ev6_4koan8builtins4attr5testss_53access_field_falls_through_wrapped_with_missing_field
FNDA:20,_RNvNtNtCseriWsCb5ev6_4koan8builtins4attr11body_module
FNDA:21,_RNvNtNtCseriWsCb5ev6_4koan8builtins4attr12access_field
FNDA:2,_RNvNtNtCseriWsCb5ev6_4koan8builtins4attr12body_newtype
FNDA:1,_RNvNtNtCseriWsCb5ev6_4koan8builtins4attr13body_type_lhs
FNDA:22,_RNvNtNtCseriWsCb5ev6_4koan8builtins4attr15body_identifier
FNDA:45,_RNvNtNtCseriWsCb5ev6_4koan8builtins4attr15read_field_name
FNDA:0,_RNvNtNtCseriWsCb5ev6_4koan8builtins4attr18access_type_member
FNDA:23,_RNvNtNtCseriWsCb5ev6_4koan8builtins4attr20access_module_member
FNDA:43,_RNvNtNtCseriWsCb5ev6_4koan8builtins4attr4done
FNDA:500,_RNvNtNtCseriWsCb5ev6_4koan8builtins4attr8register
FNF:28
FNH:27
DA:26,51
DA:28,51
DA:29,43
DA:30,8
DA:32,0
DA:35,51
DA:39,54
DA:41,54
DA:42,42
DA:43,42
DA:44,0
DA:45,0
DA:46,0
DA:47,0
DA:48,0
DA:50,12
DA:51,12
DA:52,12
DA:53,11
DA:54,1
DA:56,0
DA:57,0
DA:58,54
DA:64,24
DA:65,24
DA:66,24
DA:68,24
DA:69,24
DA:70,0
DA:71,0
DA:72,0
DA:73,0
DA:74,0
DA:75,0
DA:77,0
DA:79,24
DA:80,24
DA:81,19
DA:82,5
DA:83,5
DA:84,0
DA:85,3
DA:87,0
DA:90,0
DA:92,0
DA:93,0
DA:95,2
DA:96,2
DA:97,24
DA:105,1
DA:106,1
DA:107,1
DA:109,1
DA:110,1
DA:112,0
DA:113,0
DA:114,0
DA:115,0
DA:116,0
DA:117,0
DA:118,0
DA:122,1
DA:123,1
DA:124,1
DA:125,0
DA:126,0
DA:127,0
DA:129,1
DA:130,1
DA:131,1
DA:132,1
DA:133,1
DA:134,1
DA:135,1
DA:136,1
DA:139,0
DA:141,1
DA:144,2
DA:145,2
DA:146,2
DA:148,2
DA:149,2
DA:150,0
DA:152,2
DA:153,2
DA:154,2
DA:157,27
DA:158,27
DA:159,27
DA:161,27
DA:162,27
DA:164,0
DA:165,0
DA:166,0
DA:167,0
DA:168,0
DA:169,0
DA:170,0
DA:171,0
DA:172,0
DA:173,0
DA:174,0
DA:178,27
DA:179,27
DA:180,27
DA:185,0
DA:186,0
DA:187,0
DA:189,0
DA:190,0
DA:191,0
DA:192,0
DA:193,0
DA:194,0
DA:195,0
DA:196,0
DA:197,0
DA:198,0
DA:199,0
DA:200,0
DA:205,0
DA:207,0
DA:208,0
DA:209,0
DA:210,0
DA:211,0
DA:212,0
DA:214,0
DA:216,22
DA:217,22
DA:224,18
DA:225,17
DA:226,14
DA:227,14
DA:229,0
DA:230,3
DA:231,3
DA:232,3
DA:233,3
DA:234,3
DA:236,1
DA:238,4
DA:239,4
DA:240,4
DA:241,4
DA:242,4
DA:244,22
DA:267,30
DA:268,30
DA:269,30
DA:270,9
DA:271,21
DA:272,21
DA:273,17
DA:274,2
DA:275,2
DA:276,2
DA:277,2
DA:278,2
DA:279,15
DA:280,15
DA:281,4
DA:282,4
DA:283,3
DA:284,1
DA:285,1
DA:286,1
DA:287,1
DA:288,1
DA:289,30
DA:291,543
DA:292,543
DA:293,543
DA:294,543
DA:295,543
DA:296,543
DA:297,543
DA:298,543
DA:301,543
DA:302,543
DA:303,543
DA:304,543
DA:305,543
DA:306,543
DA:307,543
DA:308,543
DA:311,543
DA:320,543
DA:321,543
DA:322,543
DA:323,543
DA:324,543
DA:325,543
DA:326,543
DA:329,543
DA:330,543
DA:331,543
DA:332,543
DA:333,543
DA:334,543
DA:335,543
DA:336,543
DA:339,543
DA:340,543
DA:341,543
DA:342,543
DA:343,543
DA:344,543
DA:345,543
DA:346,543
DA:349,543
DA:351,543
DA:352,543
DA:353,543
DA:354,543
DA:355,543
DA:356,543
DA:357,543
DA:360,543
DA:363,543
DA:364,543
DA:365,543
DA:366,543
DA:367,543
DA:368,543
DA:369,543
DA:378,1
DA:379,1
DA:380,1
DA:381,1
DA:382,1
DA:383,1
DA:385,1
DA:386,1
DA:387,1
DA:390,1
DA:391,1
DA:392,1
DA:393,1
DA:394,1
DA:395,1
DA:397,1
DA:398,1
DA:399,1
DA:402,1
DA:403,1
DA:404,1
DA:405,1
DA:406,1
DA:407,1
DA:408,1
DA:409,1
DA:410,1
DA:411,1
DA:413,1
DA:414,1
DA:415,1
DA:418,1
DA:419,1
DA:420,1
DA:421,1
DA:422,1
DA:423,1
DA:426,1
DA:429,1
DA:430,1
DA:431,1
DA:432,1
DA:433,1
DA:434,1
DA:435,1
DA:436,1
DA:437,1
DA:438,1
DA:440,0
DA:442,1
DA:445,1
DA:446,1
DA:447,1
DA:448,1
DA:449,1
DA:450,1
DA:452,1
DA:453,1
DA:454,1
DA:455,1
DA:458,1
DA:461,1
DA:462,1
DA:463,1
DA:464,1
DA:465,1
DA:466,1
DA:467,1
DA:468,1
DA:469,1
DA:470,1
DA:472,1
DA:473,1
DA:474,1
DA:475,1
DA:478,1
DA:482,1
DA:483,1
DA:484,1
DA:485,1
DA:486,1
DA:487,1
DA:488,1
DA:489,1
DA:490,1
DA:492,1
DA:493,1
DA:494,1
DA:498,1
DA:499,1
DA:500,1
DA:501,1
DA:502,1
DA:503,1
DA:504,1
DA:506,1
DA:507,1
DA:508,1
DA:509,1
DA:510,1
DA:511,1
DA:513,0
DA:515,1
DA:521,1
DA:522,1
DA:523,1
DA:524,1
DA:525,1
DA:526,1
DA:527,1
DA:528,1
DA:530,1
DA:531,1
DA:532,1
DA:535,0
DA:537,1
DA:542,1
DA:543,1
DA:544,1
DA:545,1
DA:546,1
DA:547,1
DA:548,1
DA:549,1
DA:551,1
DA:552,1
DA:553,1
DA:555,0
DA:557,1
DA:563,1
DA:564,1
DA:565,1
DA:566,1
DA:567,1
DA:568,1
DA:569,1
DA:570,1
DA:571,1
DA:573,1
DA:574,1
DA:575,1
DA:576,1
DA:579,1
BRF:0
BRH:0
LF:375
LH:304
end_of_record
SF:/var/home/jack/Code/koan/src/builtins/branch_walk.rs
FN:81,_RNvNtNtCscUx3zdyuqfq_4koan8builtins11branch_walk16find_branch_body
FN:17,_RNvNtNtCscUx3zdyuqfq_4koan8builtins11branch_walk20resolve_arm_contract
FN:49,_RNvNtNtCscUx3zdyuqfq_4koan8builtins11branch_walk8arm_tail
FN:25,_RNCNvNtNtCscUx3zdyuqfq_4koan8builtins11branch_walk20resolve_arm_contract0B7_
FN:60,_RNCNvNtNtCscUx3zdyuqfq_4koan8builtins11branch_walk8arm_tail0B7_
FN:81,_RNvNtNtCseriWsCb5ev6_4koan8builtins11branch_walk16find_branch_body
FN:17,_RNvNtNtCseriWsCb5ev6_4koan8builtins11branch_walk20resolve_arm_contract
FN:49,_RNvNtNtCseriWsCb5ev6_4koan8builtins11branch_walk8arm_tail
FN:25,_RNCNvNtNtCseriWsCb5ev6_4koan8builtins11branch_walk20resolve_arm_contract0B7_
FN:60,_RNCNvNtNtCseriWsCb5ev6_4koan8builtins11branch_walk8arm_tail0B7_
FNDA:0,_RNvNtNtCscUx3zdyuqfq_4koan8builtins11branch_walk16find_branch_body
FNDA:0,_RNvNtNtCscUx3zdyuqfq_4koan8builtins11branch_walk20resolve_arm_contract
FNDA:0,_RNvNtNtCscUx3zdyuqfq_4koan8builtins11branch_walk8arm_tail
FNDA:0,_RNCNvNtNtCscUx3zdyuqfq_4koan8builtins11branch_walk20resolve_arm_contract0B7_
FNDA:0,_RNCNvNtNtCscUx3zdyuqfq_4koan8builtins11branch_walk8arm_tail0B7_
FNDA:89,_RNvNtNtCseriWsCb5ev6_4koan8builtins11branch_walk16find_branch_body
FNDA:89,_RNvNtNtCseriWsCb5ev6_4koan8builtins11branch_walk20resolve_arm_contract
FNDA:82,_RNvNtNtCseriWsCb5ev6_4koan8builtins11branch_walk8arm_tail
FNDA:0,_RNCNvNtNtCseriWsCb5ev6_4koan8builtins11branch_walk20resolve_arm_contract0B7_
FNDA:82,_RNCNvNtNtCseriWsCb5ev6_4koan8builtins11branch_walk8arm_tail0B7_
FNF:5
FNH:4
DA:17,89
DA:18,89
DA:19,89
DA:20,89
DA:22,89
DA:23,0
DA:24,0
DA:25,0
DA:26,0
DA:27,0
DA:28,0
DA:29,0
DA:30,0
DA:32,89
DA:34,0
DA:35,0
DA:36,0
DA:39,89
DA:40,89
DA:41,89
DA:42,89
DA:43,89
DA:49,82
DA:50,82
DA:51,82
DA:52,82
DA:53,82
DA:54,82
DA:55,82
DA:59,82
DA:60,82
DA:61,82
DA:62,82
DA:63,82
DA:64,82
DA:65,82
DA:66,82
DA:67,82
DA:68,82
DA:69,82
DA:70,82
DA:71,82
DA:72,82
DA:73,82
DA:74,82
DA:75,82
DA:76,82
DA:81,89
DA:82,89
DA:83,89
DA:84,89
DA:85,89
DA:86,89
DA:87,89
DA:88,0
DA:89,0
DA:90,0
DA:91,0
DA:92,89
DA:93,89
DA:94,89
DA:95,130
DA:96,122
DA:97,122
DA:98,122
DA:99,122
DA:101,109
DA:104,9
DA:105,9
DA:106,6
DA:108,3
DA:112,4
DA:113,0
DA:114,0
DA:115,0
DA:116,0
DA:117,0
DA:120,122
DA:121,122
DA:122,0
DA:123,0
DA:124,0
DA:125,0
DA:126,0
DA:129,122
DA:130,120
DA:131,2
DA:132,2
DA:133,2
DA:134,2
DA:135,2
DA:138,120
DA:139,79
DA:140,41
DA:141,41
DA:142,4
DA:143,37
DA:144,41
DA:146,8
DA:147,89
BRF:0
BRH:0
LF:103
LH:76
end_of_record
SF:/var/home/jack/Code/koan/src/builtins/catch.rs
FN:52,_RNCNvNtNtCscUx3zdyuqfq_4koan8builtins5catch4body0B7_
FN:38,_RNvNtNtCscUx3zdyuqfq_4koan8builtins5catch4body
FN:15,_RNvNtNtCscUx3zdyuqfq_4koan8builtins5catch8register
FN:52,_RNCNvNtNtCseriWsCb5ev6_4koan8builtins5catch4body0B7_
FN:38,_RNvNtNtCseriWsCb5ev6_4koan8builtins5catch4body
FN:15,_RNvNtNtCseriWsCb5ev6_4koan8builtins5catch8register
FNDA:0,_RNCNvNtNtCscUx3zdyuqfq_4koan8builtins5catch4body0B7_
FNDA:0,_RNvNtNtCscUx3zdyuqfq_4koan8builtins5catch4body
FNDA:43,_RNvNtNtCscUx3zdyuqfq_4koan8builtins5catch8register
FNDA:8,_RNCNvNtNtCseriWsCb5ev6_4koan8builtins5catch4body0B7_
FNDA:8,_RNvNtNtCseriWsCb5ev6_4koan8builtins5catch4body
FNDA:500,_RNvNtNtCseriWsCb5ev6_4koan8builtins5catch8register
FNF:3
FNH:3
DA:15,543
DA:21,543
DA:22,543
DA:23,0
DA:25,543
DA:26,543
DA:27,543
DA:28,543
DA:29,543
DA:30,543
DA:31,543
DA:33,543
DA:34,543
DA:38,8
DA:39,8
DA:40,8
DA:45,8
DA:48,8
DA:49,8
DA:50,0
DA:52,8
DA:53,8
DA:54,3
DA:55,5
DA:57,8
DA:58,8
DA:59,8
DA:60,8
DA:61,8
DA:62,8
DA:63,8
DA:64,8
DA:65,8
DA:66,8
DA:67,8
DA:68,8
DA:69,8
DA:70,8
DA:71,8
DA:72,8
DA:73,8
BRF:0
BRH:0
LF:42
LH:40
end_of_record
SF:/var/home/jack/Code/koan/src/builtins/eval.rs
FN:15,_RNvNtNtCscUx3zdyuqfq_4koan8builtins4eval4body
FN:44,_RNvNtNtCscUx3zdyuqfq_4koan8builtins4eval8register
FN:15,_RNvNtNtCseriWsCb5ev6_4koan8builtins4eval4body
FN:44,_RNvNtNtCseriWsCb5ev6_4koan8builtins4eval8register
FN:56,_RNvNtNtNtCseriWsCb5ev6_4koan8builtins4eval5tests11run_program
FN:113,_RNvNtNtNtCseriWsCb5ev6_4koan8builtins4eval5testss_21recursive_eval_no_uaf
FN:65,_RNvNtNtNtCseriWsCb5ev6_4koan8builtins4eval5testss_22eval_of_quoted_literal
FN:99,_RNvNtNtNtCseriWsCb5ev6_4koan8builtins4eval5testss_34multiline_sigil_collapse_roundtrip
FN:105,_RNvNtNtNtCseriWsCb5ev6_4koan8builtins4eval5testss_35eval_returns_inner_expression_value
FN:93,_RNvNtNtNtCseriWsCb5ev6_4koan8builtins4eval5testss_37eval_runs_side_effects_in_quoted_body
FN:71,_RNvNtNtNtCseriWsCb5ev6_4koan8builtins4eval5testss_38eval_of_function_returning_kexpression
FN:80,_RNvNtNtNtCseriWsCb5ev6_4koan8builtins4eval5testss_49eval_of_non_kexpression_errors_with_type_mismatch
FNDA:0,_RNvNtNtCscUx3zdyuqfq_4koan8builtins4eval4body
FNDA:43,_RNvNtNtCscUx3zdyuqfq_4koan8builtins4eval8register
FNDA:9,_RNvNtNtCseriWsCb5ev6_4koan8builtins4eval4body
FNDA:500,_RNvNtNtCseriWsCb5ev6_4koan8builtins4eval8register
FNDA:6,_RNvNtNtNtCseriWsCb5ev6_4koan8builtins4eval5tests11run_program
FNDA:1,_RNvNtNtNtCseriWsCb5ev6_4koan8builtins4eval5testss_21recursive_eval_no_uaf
FNDA:1,_RNvNtNtNtCseriWsCb5ev6_4koan8builtins4eval5testss_22eval_of_quoted_literal
FNDA:1,_RNvNtNtNtCseriWsCb5ev6_4koan8builtins4eval5testss_34multiline_sigil_collapse_roundtrip
FNDA:1,_RNvNtNtNtCseriWsCb5ev6_4koan8builtins4eval5testss_35eval_returns_inner_expression_value
FNDA:1,_RNvNtNtNtCseriWsCb5ev6_4koan8builtins4eval5testss_37eval_runs_side_effects_in_quoted_body
FNDA:1,_RNvNtNtNtCseriWsCb5ev6_4koan8builtins4eval5testss_38eval_of_function_returning_kexpression
FNDA:1,_RNvNtNtNtCseriWsCb5ev6_4koan8builtins4eval5testss_49eval_of_non_kexpression_errors_with_type_mismatch
FNF:10
FNH:10
DA:15,9
DA:16,9
DA:17,9
DA:21,9
DA:22,8
DA:23,1
DA:24,1
DA:25,1
DA:26,1
DA:27,1
DA:28,1
DA:30,0
DA:34,8
DA:35,8
DA:36,8
DA:37,8
DA:38,8
DA:39,8
DA:40,8
DA:41,8
DA:42,9
DA:44,543
DA:45,543
DA:46,543
DA:47,543
DA:56,6
DA:57,6
DA:58,6
DA:59,6
DA:60,6
DA:61,6
DA:62,6
DA:65,1
DA:66,1
DA:67,1
DA:68,1
DA:71,1
DA:72,1
DA:73,1
DA:74,1
DA:76,1
DA:77,1
DA:80,1
DA:81,1
DA:82,1
DA:83,1
DA:84,1
DA:85,1
DA:86,1
DA:87,1
DA:90,1
DA:93,1
DA:94,1
DA:95,1
DA:96,1
DA:99,1
DA:100,1
DA:101,1
DA:102,1
DA:105,1
DA:108,1
DA:109,1
DA:110,1
DA:113,1
DA:117,1
DA:118,1
DA:119,1
DA:120,1
DA:121,1
DA:122,1
DA:123,1
DA:125,1
DA:126,1
BRF:0
BRH:0
LF:73
LH:72
end_of_record
SF:/var/home/jack/Code/koan/src/builtins/fn_def.rs
FN:171,_RNCNvNtNtCscUx3zdyuqfq_4koan8builtins6fn_def18body_record_schema0B7_
FN:234,_RNCNvNtNtCscUx3zdyuqfq_4koan8builtins6fn_def8register0B7_
FN:268,_RNCNvNtNtCscUx3zdyuqfq_4koan8builtins6fn_def8registers0_0B7_
FN:251,_RNCNvNtNtCscUx3zdyuqfq_4koan8builtins6fn_def8registers_0B7_
FN:62,_RNvNtNtCscUx3zdyuqfq_4koan8builtins6fn_def13build_fn_like
FN:146,_RNvNtNtCscUx3zdyuqfq_4koan8builtins6fn_def18body_record_schema
FN:23,_RNvNtNtCscUx3zdyuqfq_4koan8builtins6fn_def19collect_param_types
FN:131,_RNvNtNtCscUx3zdyuqfq_4koan8builtins6fn_def4body
FN:211,_RNvNtNtCscUx3zdyuqfq_4koan8builtins6fn_def8register
FN:62,_RNvNtNtCseriWsCb5ev6_4koan8builtins6fn_def13build_fn_like
FN:146,_RNvNtNtCseriWsCb5ev6_4koan8builtins6fn_def18body_record_schema
FN:23,_RNvNtNtCseriWsCb5ev6_4koan8builtins6fn_def19collect_param_types
FN:131,_RNvNtNtCseriWsCb5ev6_4koan8builtins6fn_def4body
FN:211,_RNvNtNtCseriWsCb5ev6_4koan8builtins6fn_def8register
FN:171,_RNCNvNtNtCseriWsCb5ev6_4koan8builtins6fn_def18body_record_schema0B7_
FN:234,_RNCNvNtNtCseriWsCb5ev6_4koan8builtins6fn_def8register0B7_
FN:268,_RNCNvNtNtCseriWsCb5ev6_4koan8builtins6fn_def8registers0_0B7_
FN:251,_RNCNvNtNtCseriWsCb5ev6_4koan8builtins6fn_def8registers_0B7_
FNDA:0,_RNCNvNtNtCscUx3zdyuqfq_4koan8builtins6fn_def18body_record_schema0B7_
FNDA:43,_RNCNvNtNtCscUx3zdyuqfq_4koan8builtins6fn_def8register0B7_
FNDA:43,_RNCNvNtNtCscUx3zdyuqfq_4koan8builtins6fn_def8registers0_0B7_
FNDA:43,_RNCNvNtNtCscUx3zdyuqfq_4koan8builtins6fn_def8registers_0B7_
FNDA:18,_RNvNtNtCscUx3zdyuqfq_4koan8builtins6fn_def13build_fn_like
FNDA:0,_RNvNtNtCscUx3zdyuqfq_4koan8builtins6fn_def18body_record_schema
FNDA:7,_RNvNtNtCscUx3zdyuqfq_4koan8builtins6fn_def19collect_param_types
FNDA:11,_RNvNtNtCscUx3zdyuqfq_4koan8builtins6fn_def4body
FNDA:43,_RNvNtNtCscUx3zdyuqfq_4koan8builtins6fn_def8register
FNDA:242,_RNvNtNtCseriWsCb5ev6_4koan8builtins6fn_def13build_fn_like
FNDA:8,_RNvNtNtCseriWsCb5ev6_4koan8builtins6fn_def18body_record_schema
FNDA:18,_RNvNtNtCseriWsCb5ev6_4koan8builtins6fn_def19collect_param_types
FNDA:224,_RNvNtNtCseriWsCb5ev6_4koan8builtins6fn_def4body
FNDA:500,_RNvNtNtCseriWsCb5ev6_4koan8builtins6fn_def8register
FNDA:7,_RNCNvNtNtCseriWsCb5ev6_4koan8builtins6fn_def18body_record_schema0B7_
FNDA:500,_RNCNvNtNtCseriWsCb5ev6_4koan8builtins6fn_def8register0B7_
FNDA:500,_RNCNvNtNtCseriWsCb5ev6_4koan8builtins6fn_def8registers0_0B7_
FNDA:500,_RNCNvNtNtCseriWsCb5ev6_4koan8builtins6fn_def8registers_0B7_
FNF:9
FNH:9
DA:23,25
DA:24,25
DA:25,25
DA:26,25
DA:28,25
DA:29,25
DA:30,25
DA:31,25
DA:32,75
DA:33,50
DA:34,7
DA:35,18
DA:36,25
DA:38,50
DA:39,25
DA:40,25
DA:41,25
DA:42,25
DA:43,25
DA:44,0
DA:45,0
DA:46,25
DA:47,25
DA:48,25
DA:49,25
DA:51,25
DA:52,25
DA:62,260
DA:63,260
DA:64,260
DA:65,260
DA:66,260
DA:73,260
DA:74,260
DA:75,260
DA:76,260
DA:77,260
DA:78,25
DA:79,235
DA:81,260
DA:82,260
DA:83,260
DA:84,260
DA:85,260
DA:86,260
DA:87,260
DA:88,260
DA:89,257
DA:90,2
DA:91,255
DA:92,255
DA:93,188
DA:94,4
DA:95,4
DA:98,63
DA:99,63
DA:100,63
DA:101,63
DA:102,63
DA:103,63
DA:105,251
DA:106,251
DA:108,168
DA:109,168
DA:110,168
DA:111,168
DA:112,168
DA:113,168
DA:114,168
DA:115,168
DA:116,168
DA:118,83
DA:119,83
DA:122,260
DA:131,235
DA:132,235
DA:133,235
DA:134,235
DA:135,235
DA:146,8
DA:147,8
DA:148,8
DA:155,8
DA:156,7
DA:157,1
DA:158,1
DA:159,1
DA:160,1
DA:161,1
DA:164,0
DA:165,0
DA:166,0
DA:169,7
DA:170,7
DA:171,7
DA:172,7
DA:173,7
DA:174,7
DA:175,7
DA:176,7
DA:177,7
DA:178,7
DA:179,7
DA:180,7
DA:181,7
DA:182,7
DA:183,7
DA:184,7
DA:185,7
DA:186,7
DA:187,7
DA:188,7
DA:189,7
DA:190,7
DA:191,7
DA:192,7
DA:193,7
DA:194,7
DA:195,7
DA:196,7
DA:198,0
DA:199,0
DA:200,0
DA:201,0
DA:202,0
DA:203,0
DA:204,0
DA:205,0
DA:209,8
DA:211,543
DA:234,543
DA:235,543
DA:236,543
DA:237,543
DA:238,543
DA:239,543
DA:240,543
DA:241,543
DA:242,543
DA:243,543
DA:246,543
DA:251,543
DA:252,543
DA:253,543
DA:254,543
DA:255,543
DA:256,543
DA:257,543
DA:258,543
DA:259,543
DA:260,543
DA:263,543
DA:268,543
DA:269,543
DA:270,543
DA:271,543
DA:272,543
DA:273,543
DA:274,543
DA:275,543
DA:276,543
DA:277,543
DA:280,543
DA:282,543
DA:283,543
DA:284,543
DA:285,543
DA:286,543
DA:287,543
DA:288,543
DA:291,543
DA:292,543
DA:293,543
DA:294,543
DA:295,543
DA:296,543
DA:297,543
DA:300,543
DA:301,543
DA:302,543
DA:303,543
DA:304,543
DA:305,543
DA:306,543
DA:309,543
BRF:0
BRH:0
LF:189
LH:176
end_of_record
SF:/var/home/jack/Code/koan/src/builtins/fn_def/finalize.rs
FN:317,_RNCNvNtNtNtCscUx3zdyuqfq_4koan8builtins6fn_def8finalize17defer_via_combine0B9_
FN:224,_RNCNvNtNtNtCscUx3zdyuqfq_4koan8builtins6fn_def8finalize21finalize_fn_with_kind0B9_
FN:281,_RNvNtNtNtCscUx3zdyuqfq_4koan8builtins6fn_def8finalize17defer_via_combine
FN:197,_RNvNtNtNtCscUx3zdyuqfq_4koan8builtins6fn_def8finalize21finalize_fn_with_kind
FN:88,_RNvNtNtNtCscUx3zdyuqfq_4koan8builtins6fn_def8finalize8classify
FN:317,_RNCNvNtNtNtCseriWsCb5ev6_4koan8builtins6fn_def8finalize17defer_via_combine0B9_
FN:224,_RNCNvNtNtNtCseriWsCb5ev6_4koan8builtins6fn_def8finalize21finalize_fn_with_kind0B9_
FN:281,_RNvNtNtNtCseriWsCb5ev6_4koan8builtins6fn_def8finalize17defer_via_combine
FN:197,_RNvNtNtNtCseriWsCb5ev6_4koan8builtins6fn_def8finalize21finalize_fn_with_kind
FN:88,_RNvNtNtNtCseriWsCb5ev6_4koan8builtins6fn_def8finalize8classify
FNDA:1,_RNCNvNtNtNtCscUx3zdyuqfq_4koan8builtins6fn_def8finalize17defer_via_combine0B9_
FNDA:18,_RNCNvNtNtNtCscUx3zdyuqfq_4koan8builtins6fn_def8finalize21finalize_fn_with_kind0B9_
FNDA:1,_RNvNtNtNtCscUx3zdyuqfq_4koan8builtins6fn_def8finalize17defer_via_combine
FNDA:18,_RNvNtNtNtCscUx3zdyuqfq_4koan8builtins6fn_def8finalize21finalize_fn_with_kind
FNDA:18,_RNvNtNtNtCscUx3zdyuqfq_4koan8builtins6fn_def8finalize8classify
FNDA:82,_RNCNvNtNtNtCseriWsCb5ev6_4koan8builtins6fn_def8finalize17defer_via_combine0B9_
FNDA:243,_RNCNvNtNtNtCseriWsCb5ev6_4koan8builtins6fn_def8finalize21finalize_fn_with_kind0B9_
FNDA:82,_RNvNtNtNtCseriWsCb5ev6_4koan8builtins6fn_def8finalize17defer_via_combine
FNDA:238,_RNvNtNtNtCseriWsCb5ev6_4koan8builtins6fn_def8finalize21finalize_fn_with_kind
FNDA:240,_RNvNtNtNtCseriWsCb5ev6_4koan8builtins6fn_def8finalize8classify
FNF:5
FNH:5
DA:88,258
DA:89,258
DA:90,157
DA:91,157
DA:92,157
DA:93,157
DA:94,18
DA:95,18
DA:96,18
DA:97,18
DA:98,20
DA:100,20
DA:101,20
DA:102,20
DA:103,20
DA:104,20
DA:105,20
DA:106,20
DA:109,60
DA:111,60
DA:112,60
DA:114,60
DA:115,60
DA:116,60
DA:117,60
DA:118,60
DA:119,60
DA:120,60
DA:122,0
DA:124,0
DA:125,0
DA:127,0
DA:128,0
DA:129,0
DA:130,0
DA:131,0
DA:132,0
DA:133,0
DA:134,0
DA:135,0
DA:137,3
DA:139,3
DA:140,3
DA:145,3
DA:146,3
DA:147,3
DA:148,3
DA:149,3
DA:150,3
DA:151,3
DA:152,3
DA:154,0
DA:157,0
DA:158,0
DA:159,0
DA:160,0
DA:161,0
DA:162,0
DA:163,0
DA:167,0
DA:168,0
DA:171,0
DA:172,0
DA:175,0
DA:176,0
DA:177,0
DA:178,0
DA:179,0
DA:180,0
DA:181,0
DA:182,0
DA:185,258
DA:197,256
DA:198,256
DA:199,256
DA:200,256
DA:201,256
DA:202,256
DA:203,256
DA:204,256
DA:205,256
DA:208,256
DA:209,23
DA:210,21
DA:211,1
DA:212,1
DA:213,1
DA:214,1
DA:215,1
DA:216,20
DA:217,2
DA:218,233
DA:224,261
DA:225,247
DA:226,14
DA:227,261
DA:229,255
DA:230,255
DA:231,255
DA:232,255
DA:234,255
DA:235,255
DA:236,255
DA:237,255
DA:238,255
DA:239,255
DA:240,255
DA:241,255
DA:242,255
DA:245,255
DA:249,255
DA:250,248
DA:251,247
DA:253,1
DA:254,1
DA:255,1
DA:256,1
DA:259,247
DA:260,2
DA:261,245
DA:262,7
DA:265,252
DA:266,256
DA:281,83
DA:282,83
DA:283,83
DA:284,83
DA:285,83
DA:286,83
DA:287,83
DA:292,83
DA:293,83
DA:294,83
DA:295,83
DA:296,83
DA:297,83
DA:298,83
DA:299,83
DA:300,83
DA:301,83
DA:302,23
DA:303,23
DA:304,23
DA:305,23
DA:306,23
DA:307,60
DA:308,83
DA:309,83
DA:310,62
DA:311,62
DA:312,62
DA:313,62
DA:314,62
DA:315,62
DA:316,62
DA:317,83
DA:318,83
DA:319,83
DA:320,62
DA:321,62
DA:322,1
DA:323,1
DA:324,1
DA:325,1
DA:326,1
DA:327,61
DA:328,61
DA:330,82
DA:331,81
DA:332,82
DA:333,81
DA:334,0
DA:336,81
DA:337,81
DA:338,81
DA:339,0
DA:340,0
DA:343,0
DA:344,0
DA:345,0
DA:350,81
DA:351,81
DA:352,81
DA:353,81
DA:354,81
DA:355,81
DA:356,81
DA:358,83
DA:359,83
DA:360,83
BRF:0
BRH:0
LF:192
LH:153
end_of_record
SF:/var/home/jack/Code/koan/src/builtins/fn_def/param_refs.rs
FN:23,_RNCNvNtNtNtCscUx3zdyuqfq_4koan8builtins6fn_def10param_refs19part_references_any0B9_
FN:32,_RNCNvNtNtNtCscUx3zdyuqfq_4koan8builtins6fn_def10param_refs19part_references_anys0_0B9_
FN:39,_RNCNvNtNtNtCscUx3zdyuqfq_4koan8builtins6fn_def10param_refs19part_references_anys1_0B9_
FN:30,_RNCNvNtNtNtCscUx3zdyuqfq_4koan8builtins6fn_def10param_refs19part_references_anys_0B9_
FN:12,_RNCNvNtNtNtCscUx3zdyuqfq_4koan8builtins6fn_def10param_refs24type_expr_references_any0B9_
FN:18,_RNCNvNtNtNtCscUx3zdyuqfq_4koan8builtins6fn_def10param_refs26kexpression_references_any0B9_
FN:21,_RNvNtNtNtCscUx3zdyuqfq_4koan8builtins6fn_def10param_refs19part_references_any
FN:11,_RNvNtNtNtCscUx3zdyuqfq_4koan8builtins6fn_def10param_refs24type_expr_references_any
FN:15,_RNvNtNtNtCscUx3zdyuqfq_4koan8builtins6fn_def10param_refs26kexpression_references_any
FN:23,_RNCNvNtNtNtCseriWsCb5ev6_4koan8builtins6fn_def10param_refs19part_references_any0B9_
FN:32,_RNCNvNtNtNtCseriWsCb5ev6_4koan8builtins6fn_def10param_refs19part_references_anys0_0B9_
FN:39,_RNCNvNtNtNtCseriWsCb5ev6_4koan8builtins6fn_def10param_refs19part_references_anys1_0B9_
FN:30,_RNCNvNtNtNtCseriWsCb5ev6_4koan8builtins6fn_def10param_refs19part_references_anys_0B9_
FN:12,_RNCNvNtNtNtCseriWsCb5ev6_4koan8builtins6fn_def10param_refs24type_expr_references_any0B9_
FN:18,_RNCNvNtNtNtCseriWsCb5ev6_4koan8builtins6fn_def10param_refs26kexpression_references_any0B9_
FN:21,_RNvNtNtNtCseriWsCb5ev6_4koan8builtins6fn_def10param_refs19part_references_any
FN:11,_RNvNtNtNtCseriWsCb5ev6_4koan8builtins6fn_def10param_refs24type_expr_references_any
FN:15,_RNvNtNtNtCseriWsCb5ev6_4koan8builtins6fn_def10param_refs26kexpression_references_any
FNDA:0,_RNCNvNtNtNtCscUx3zdyuqfq_4koan8builtins6fn_def10param_refs19part_references_any0B9_
FNDA:0,_RNCNvNtNtNtCscUx3zdyuqfq_4koan8builtins6fn_def10param_refs19part_references_anys0_0B9_
FNDA:0,_RNCNvNtNtNtCscUx3zdyuqfq_4koan8builtins6fn_def10param_refs19part_references_anys1_0B9_
FNDA:0,_RNCNvNtNtNtCscUx3zdyuqfq_4koan8builtins6fn_def10param_refs19part_references_anys_0B9_
FNDA:4,_RNCNvNtNtNtCscUx3zdyuqfq_4koan8builtins6fn_def10param_refs24type_expr_references_any0B9_
FNDA:6,_RNCNvNtNtNtCscUx3zdyuqfq_4koan8builtins6fn_def10param_refs26kexpression_references_any0B9_
FNDA:6,_RNvNtNtNtCscUx3zdyuqfq_4koan8builtins6fn_def10param_refs19part_references_any
FNDA:4,_RNvNtNtNtCscUx3zdyuqfq_4koan8builtins6fn_def10param_refs24type_expr_references_any
FNDA:2,_RNvNtNtNtCscUx3zdyuqfq_4koan8builtins6fn_def10param_refs26kexpression_references_any
FNDA:5,_RNCNvNtNtNtCseriWsCb5ev6_4koan8builtins6fn_def10param_refs19part_references_any0B9_
FNDA:1,_RNCNvNtNtNtCseriWsCb5ev6_4koan8builtins6fn_def10param_refs19part_references_anys0_0B9_
FNDA:5,_RNCNvNtNtNtCseriWsCb5ev6_4koan8builtins6fn_def10param_refs19part_references_anys1_0B9_
FNDA:1,_RNCNvNtNtNtCseriWsCb5ev6_4koan8builtins6fn_def10param_refs19part_references_anys_0B9_
FNDA:40,_RNCNvNtNtNtCseriWsCb5ev6_4koan8builtins6fn_def10param_refs24type_expr_references_any0B9_
FNDA:104,_RNCNvNtNtNtCseriWsCb5ev6_4koan8builtins6fn_def10param_refs26kexpression_references_any0B9_
FNDA:112,_RNvNtNtNtCseriWsCb5ev6_4koan8builtins6fn_def10param_refs19part_references_any
FNDA:56,_RNvNtNtNtCseriWsCb5ev6_4koan8builtins6fn_def10param_refs24type_expr_references_any
FNDA:41,_RNvNtNtNtCseriWsCb5ev6_4koan8builtins6fn_def10param_refs26kexpression_references_any
FNF:9
FNH:9
DA:11,60
DA:12,60
DA:13,60
DA:15,43
DA:16,43
DA:17,43
DA:18,110
DA:19,43
DA:21,118
DA:22,118
DA:23,7
DA:24,45
DA:25,6
DA:26,1
DA:28,0
DA:29,1
DA:30,1
DA:32,1
DA:33,1
DA:34,1
DA:37,4
DA:38,4
DA:39,5
DA:40,53
DA:42,118
BRF:0
BRH:0
LF:31
LH:30
end_of_record
SF:/var/home/jack/Code/koan/src/builtins/fn_def/return_type.rs
FN:204,_RNCNvNtNtNtCscUx3zdyuqfq_4koan8builtins6fn_def11return_type31verdict_for_deferred_expression0B9_
FN:228,_RNvNtNtNtCscUx3zdyuqfq_4koan8builtins6fn_def11return_type12make_capture
FN:93,_RNvNtNtNtCscUx3zdyuqfq_4koan8builtins6fn_def11return_type20classify_return_type
FN:162,_RNvNtNtNtCscUx3zdyuqfq_4koan8builtins6fn_def11return_type20verdict_for_resolved
FN:56,_RNvNtNtNtCscUx3zdyuqfq_4koan8builtins6fn_def11return_type23extract_return_type_raw
FN:235,_RNvNtNtNtCscUx3zdyuqfq_4koan8builtins6fn_def11return_type25resolve_capture_at_finish
FN:177,_RNvNtNtNtCscUx3zdyuqfq_4koan8builtins6fn_def11return_type30verdict_for_deferred_type_expr
FN:203,_RNvNtNtNtCscUx3zdyuqfq_4koan8builtins6fn_def11return_type31verdict_for_deferred_expression
FN:204,_RNCNvNtNtNtCseriWsCb5ev6_4koan8builtins6fn_def11return_type31verdict_for_deferred_expression0B9_
FN:228,_RNvNtNtNtCseriWsCb5ev6_4koan8builtins6fn_def11return_type12make_capture
FN:93,_RNvNtNtNtCseriWsCb5ev6_4koan8builtins6fn_def11return_type20classify_return_type
FN:162,_RNvNtNtNtCseriWsCb5ev6_4koan8builtins6fn_def11return_type20verdict_for_resolved
FN:56,_RNvNtNtNtCseriWsCb5ev6_4koan8builtins6fn_def11return_type23extract_return_type_raw
FN:235,_RNvNtNtNtCseriWsCb5ev6_4koan8builtins6fn_def11return_type25resolve_capture_at_finish
FN:177,_RNvNtNtNtCseriWsCb5ev6_4koan8builtins6fn_def11return_type30verdict_for_deferred_type_expr
FN:203,_RNvNtNtNtCseriWsCb5ev6_4koan8builtins6fn_def11return_type31verdict_for_deferred_expression
FNDA:0,_RNCNvNtNtNtCscUx3zdyuqfq_4koan8builtins6fn_def11return_type31verdict_for_deferred_expression0B9_
FNDA:0,_RNvNtNtNtCscUx3zdyuqfq_4koan8builtins6fn_def11return_type12make_capture
FNDA:18,_RNvNtNtNtCscUx3zdyuqfq_4koan8builtins6fn_def11return_type20classify_return_type
FNDA:17,_RNvNtNtNtCscUx3zdyuqfq_4koan8builtins6fn_def11return_type20verdict_for_resolved
FNDA:18,_RNvNtNtNtCscUx3zdyuqfq_4koan8builtins6fn_def11return_type23extract_return_type_raw
FNDA:1,_RNvNtNtNtCscUx3zdyuqfq_4koan8builtins6fn_def11return_type25resolve_capture_at_finish
FNDA:0,_RNvNtNtNtCscUx3zdyuqfq_4koan8builtins6fn_def11return_type30verdict_for_deferred_type_expr
FNDA:0,_RNvNtNtNtCscUx3zdyuqfq_4koan8builtins6fn_def11return_type31verdict_for_deferred_expression
FNDA:1,_RNCNvNtNtNtCseriWsCb5ev6_4koan8builtins6fn_def11return_type31verdict_for_deferred_expression0B9_
FNDA:0,_RNvNtNtNtCseriWsCb5ev6_4koan8builtins6fn_def11return_type12make_capture
FNDA:249,_RNvNtNtNtCseriWsCb5ev6_4koan8builtins6fn_def11return_type20classify_return_type
FNDA:205,_RNvNtNtNtCseriWsCb5ev6_4koan8builtins6fn_def11return_type20verdict_for_resolved
FNDA:249,_RNvNtNtNtCseriWsCb5ev6_4koan8builtins6fn_def11return_type23extract_return_type_raw
FNDA:81,_RNvNtNtNtCseriWsCb5ev6_4koan8builtins6fn_def11return_type25resolve_capture_at_finish
FNDA:2,_RNvNtNtNtCseriWsCb5ev6_4koan8builtins6fn_def11return_type30verdict_for_deferred_type_expr
FNDA:1,_RNvNtNtNtCseriWsCb5ev6_4koan8builtins6fn_def11return_type31verdict_for_deferred_expression
FNF:8
FNH:7
DA:56,267
DA:58,267
DA:59,231
DA:60,15
DA:61,216
DA:63,36
DA:64,36
DA:66,0
DA:67,0
DA:68,0
DA:69,0
DA:71,267
DA:93,267
DA:94,267
DA:95,267
DA:96,267
DA:97,267
DA:98,267
DA:99,267
DA:100,267
DA:101,216
DA:102,216
DA:103,216
DA:105,15
DA:106,15
DA:107,6
DA:108,2
DA:109,4
DA:111,6
DA:112,6
DA:113,6
DA:114,6
DA:115,9
DA:116,9
DA:119,9
DA:120,6
DA:121,0
DA:122,0
DA:124,3
DA:125,0
DA:127,3
DA:128,3
DA:129,3
DA:133,6
DA:134,6
DA:135,6
DA:137,0
DA:139,6
DA:141,36
DA:142,36
DA:143,13
DA:144,1
DA:145,12
DA:147,13
DA:148,13
DA:149,13
DA:150,13
DA:152,23
DA:153,23
DA:154,23
DA:155,23
DA:159,267
DA:162,222
DA:163,222
DA:164,221
DA:166,1
DA:167,1
DA:168,1
DA:169,1
DA:171,222
DA:177,2
DA:178,2
DA:179,2
DA:180,2
DA:183,2
DA:184,2
DA:185,2
DA:187,0
DA:188,0
DA:189,0
DA:190,0
DA:191,0
DA:192,0
DA:195,0
DA:197,2
DA:203,1
DA:204,1
DA:205,1
DA:206,0
DA:207,1
DA:208,1
DA:209,1
DA:210,1
DA:211,1
DA:212,1
DA:213,1
DA:214,1
DA:215,1
DA:216,0
DA:217,0
DA:218,0
DA:219,0
DA:220,0
DA:221,0
DA:222,0
DA:223,0
DA:224,0
DA:226,1
DA:228,0
DA:229,0
DA:230,0
DA:235,82
DA:236,82
DA:237,82
DA:238,82
DA:239,82
DA:240,82
DA:241,59
DA:242,0
DA:243,0
DA:244,0
DA:245,0
DA:246,0
DA:247,0
DA:248,0
DA:249,0
DA:250,0
DA:251,0
DA:252,0
DA:253,0
DA:257,0
DA:258,23
DA:259,22
DA:260,1
DA:261,1
DA:262,1
DA:263,1
DA:264,1
DA:267,82
BRF:0
BRH:0
LF:140
LH:99
end_of_record
SF:/var/home/jack/Code/koan/src/builtins/fn_def/signature.rs
FN:186,_RNvNtNtNtCscUx3zdyuqfq_4koan8builtins6fn_def9signature13binder_bucket
FN:62,_RNvNtNtNtCscUx3zdyuqfq_4koan8builtins6fn_def9signature19parse_fn_param_list
FN:244,_RNvNtNtNtCscUx3zdyuqfq_4koan8builtins6fn_def9signature19signature_expr_part
FN:12,_RNvNtNtNtCscUx3zdyuqfq_4koan8builtins6fn_def9signature34collect_param_names_from_signature
FN:201,_RNCNvNtNtNtCscUx3zdyuqfq_4koan8builtins6fn_def9signature13binder_bucket0B9_
FN:219,_RNCNvNtNtNtCscUx3zdyuqfq_4koan8builtins6fn_def9signature13binder_buckets_0B9_
FN:186,_RNvNtNtNtCseriWsCb5ev6_4koan8builtins6fn_def9signature13binder_bucket
FN:62,_RNvNtNtNtCseriWsCb5ev6_4koan8builtins6fn_def9signature19parse_fn_param_list
FN:244,_RNvNtNtNtCseriWsCb5ev6_4koan8builtins6fn_def9signature19signature_expr_part
FN:12,_RNvNtNtNtCseriWsCb5ev6_4koan8builtins6fn_def9signature34collect_param_names_from_signature
FN:201,_RNCNvNtNtNtCseriWsCb5ev6_4koan8builtins6fn_def9signature13binder_bucket0B9_
FN:219,_RNCNvNtNtNtCseriWsCb5ev6_4koan8builtins6fn_def9signature13binder_buckets_0B9_
FNDA:36,_RNvNtNtNtCscUx3zdyuqfq_4koan8builtins6fn_def9signature13binder_bucket
FNDA:19,_RNvNtNtNtCscUx3zdyuqfq_4koan8builtins6fn_def9signature19parse_fn_param_list
FNDA:36,_RNvNtNtNtCscUx3zdyuqfq_4koan8builtins6fn_def9signature19signature_expr_part
FNDA:18,_RNvNtNtNtCscUx3zdyuqfq_4koan8builtins6fn_def9signature34collect_param_names_from_signature
FNDA:30,_RNCNvNtNtNtCscUx3zdyuqfq_4koan8builtins6fn_def9signature13binder_bucket0B9_
FNDA:10,_RNCNvNtNtNtCscUx3zdyuqfq_4koan8builtins6fn_def9signature13binder_buckets_0B9_
FNDA:499,_RNvNtNtNtCseriWsCb5ev6_4koan8builtins6fn_def9signature13binder_bucket
FNDA:317,_RNvNtNtNtCseriWsCb5ev6_4koan8builtins6fn_def9signature19parse_fn_param_list
FNDA:499,_RNvNtNtNtCseriWsCb5ev6_4koan8builtins6fn_def9signature19signature_expr_part
FNDA:242,_RNvNtNtNtCseriWsCb5ev6_4koan8builtins6fn_def9signature34collect_param_names_from_signature
FNDA:333,_RNCNvNtNtNtCseriWsCb5ev6_4koan8builtins6fn_def9signature13binder_bucket0B9_
FNDA:62,_RNCNvNtNtNtCseriWsCb5ev6_4koan8builtins6fn_def9signature13binder_buckets_0B9_
FNF:6
FNH:6
DA:12,260
DA:13,260
DA:14,260
DA:15,260
DA:16,742
DA:17,482
DA:18,184
DA:19,36
DA:20,262
DA:22,482
DA:23,220
DA:24,220
DA:25,218
DA:32,220
DA:33,218
DA:34,218
DA:35,218
DA:36,2
DA:37,262
DA:38,264
DA:40,260
DA:41,260
DA:62,336
DA:63,336
DA:64,336
DA:65,336
DA:66,336
DA:67,336
DA:68,336
DA:69,336
DA:70,336
DA:71,336
DA:72,957
DA:75,623
DA:76,248
DA:77,37
DA:78,338
DA:80,623
DA:81,338
DA:82,338
DA:83,338
DA:84,338
DA:85,285
DA:86,285
DA:87,61
DA:88,160
DA:89,160
DA:90,157
DA:91,157
DA:92,157
DA:93,157
DA:94,157
DA:95,157
DA:96,1
DA:97,1
DA:98,1
DA:99,2
DA:100,2
DA:101,2
DA:102,2
DA:103,0
DA:105,160
DA:107,1
DA:108,1
DA:109,1
DA:110,1
DA:111,49
DA:112,49
DA:113,49
DA:114,49
DA:115,49
DA:116,49
DA:117,49
DA:118,49
DA:119,49
DA:120,49
DA:121,12
DA:122,12
DA:123,12
DA:124,12
DA:125,12
DA:126,12
DA:127,12
DA:128,12
DA:129,12
DA:130,61
DA:131,61
DA:132,61
DA:133,61
DA:134,61
DA:135,61
DA:136,61
DA:137,0
DA:138,0
DA:139,0
DA:140,0
DA:141,0
DA:142,0
DA:145,2
DA:146,2
DA:147,2
DA:148,2
DA:152,0
DA:153,0
DA:154,0
DA:155,0
DA:156,0
DA:158,0
DA:159,0
DA:160,0
DA:161,0
DA:162,0
DA:166,334
DA:167,2
DA:168,332
DA:169,332
DA:170,63
DA:171,63
DA:172,63
DA:173,63
DA:174,269
DA:175,269
DA:176,336
DA:186,535
DA:187,535
DA:188,535
DA:190,535
DA:191,519
DA:192,519
DA:193,519
DA:194,1481
DA:195,962
DA:196,523
DA:197,523
DA:198,523
DA:199,523
DA:201,367
DA:202,0
DA:203,363
DA:210,363
DA:211,367
DA:212,363
DA:213,363
DA:214,363
DA:215,4
DA:216,4
DA:219,72
DA:220,0
DA:221,72
DA:228,72
DA:229,72
DA:230,72
DA:231,72
DA:232,72
DA:233,0
DA:234,0
DA:236,0
DA:237,0
DA:238,0
DA:241,519
DA:242,535
DA:244,535
DA:245,535
DA:246,535
DA:247,519
DA:248,16
DA:250,535
BRF:0
BRH:0
LF:169
LH:145
end_of_record
SF:/var/home/jack/Code/koan/src/builtins/functor_def.rs
FN:32,_RNvNtNtCscUx3zdyuqfq_4koan8builtins11functor_def4body
FN:38,_RNvNtNtCscUx3zdyuqfq_4koan8builtins11functor_def8register
FN:45,_RNCNvNtNtCscUx3zdyuqfq_4koan8builtins11functor_def8register0B7_
FN:60,_RNCNvNtNtCscUx3zdyuqfq_4koan8builtins11functor_def8registers_0B7_
FN:32,_RNvNtNtCseriWsCb5ev6_4koan8builtins11functor_def4body
FN:38,_RNvNtNtCseriWsCb5ev6_4koan8builtins11functor_def8register
FN:45,_RNCNvNtNtCseriWsCb5ev6_4koan8builtins11functor_def8register0B7_
FN:60,_RNCNvNtNtCseriWsCb5ev6_4koan8builtins11functor_def8registers_0B7_
FNDA:7,_RNvNtNtCscUx3zdyuqfq_4koan8builtins11functor_def4body
FNDA:43,_RNvNtNtCscUx3zdyuqfq_4koan8builtins11functor_def8register
FNDA:43,_RNCNvNtNtCscUx3zdyuqfq_4koan8builtins11functor_def8register0B7_
FNDA:43,_RNCNvNtNtCscUx3zdyuqfq_4koan8builtins11functor_def8registers_0B7_
FNDA:18,_RNvNtNtCseriWsCb5ev6_4koan8builtins11functor_def4body
FNDA:500,_RNvNtNtCseriWsCb5ev6_4koan8builtins11functor_def8register
FNDA:500,_RNCNvNtNtCseriWsCb5ev6_4koan8builtins11functor_def8register0B7_
FNDA:500,_RNCNvNtNtCseriWsCb5ev6_4koan8builtins11functor_def8registers_0B7_
FNF:4
FNH:4
DA:32,25
DA:33,25
DA:34,25
DA:35,25
DA:36,25
DA:38,543
DA:45,543
DA:46,543
DA:47,543
DA:48,543
DA:49,543
DA:50,543
DA:51,543
DA:52,543
DA:53,543
DA:54,543
DA:57,543
DA:60,543
DA:61,543
DA:62,543
DA:63,543
DA:64,543
DA:65,543
DA:66,543
DA:67,543
DA:68,543
DA:69,543
DA:72,543
DA:74,543
DA:75,543
DA:76,543
DA:77,543
DA:78,543
DA:79,543
DA:80,543
DA:81,543
DA:84,543
DA:85,543
DA:86,543
DA:87,543
DA:88,543
DA:89,543
DA:90,543
DA:93,543
BRF:0
BRH:0
LF:46
LH:46
end_of_record
SF:/var/home/jack/Code/koan/src/builtins/let_binding.rs
FN:159,_RNvNtNtCscUx3zdyuqfq_4koan8builtins11let_binding11binder_name
FN:144,_RNvNtNtCscUx3zdyuqfq_4koan8builtins11let_binding21capitalize_identifier
FN:14,_RNvNtNtCscUx3zdyuqfq_4koan8builtins11let_binding4body
FN:167,_RNvNtNtCscUx3zdyuqfq_4koan8builtins11let_binding8register
FN:21,_RNCNvNtNtCscUx3zdyuqfq_4koan8builtins11let_binding4body0B7_
FN:168,_RNCNvNtNtCscUx3zdyuqfq_4koan8builtins11let_binding8register0B7_
FN:179,_RNCNvNtNtCscUx3zdyuqfq_4koan8builtins11let_binding8registers_0B7_
FN:21,_RNCNvNtNtCseriWsCb5ev6_4koan8builtins11let_binding4body0B7_
FN:168,_RNCNvNtNtCseriWsCb5ev6_4koan8builtins11let_binding8register0B7_
FN:179,_RNCNvNtNtCseriWsCb5ev6_4koan8builtins11let_binding8registers_0B7_
FN:159,_RNvNtNtCseriWsCb5ev6_4koan8builtins11let_binding11binder_name
FN:144,_RNvNtNtCseriWsCb5ev6_4koan8builtins11let_binding21capitalize_identifier
FN:14,_RNvNtNtCseriWsCb5ev6_4koan8builtins11let_binding4body
FN:167,_RNvNtNtCseriWsCb5ev6_4koan8builtins11let_binding8register
FNDA:166,_RNvNtNtCscUx3zdyuqfq_4koan8builtins11let_binding11binder_name
FNDA:0,_RNvNtNtCscUx3zdyuqfq_4koan8builtins11let_binding21capitalize_identifier
FNDA:59,_RNvNtNtCscUx3zdyuqfq_4koan8builtins11let_binding4body
FNDA:43,_RNvNtNtCscUx3zdyuqfq_4koan8builtins11let_binding8register
FNDA:0,_RNCNvNtNtCscUx3zdyuqfq_4koan8builtins11let_binding4body0B7_
FNDA:43,_RNCNvNtNtCscUx3zdyuqfq_4koan8builtins11let_binding8register0B7_
FNDA:43,_RNCNvNtNtCscUx3zdyuqfq_4koan8builtins11let_binding8registers_0B7_
FNDA:12,_RNCNvNtNtCseriWsCb5ev6_4koan8builtins11let_binding4body0B7_
FNDA:500,_RNCNvNtNtCseriWsCb5ev6_4koan8builtins11let_binding8register0B7_
FNDA:500,_RNCNvNtNtCseriWsCb5ev6_4koan8builtins11let_binding8registers_0B7_
FNDA:934,_RNvNtNtCseriWsCb5ev6_4koan8builtins11let_binding11binder_name
FNDA:4,_RNvNtNtCseriWsCb5ev6_4koan8builtins11let_binding21capitalize_identifier
FNDA:368,_RNvNtNtCseriWsCb5ev6_4koan8builtins11let_binding4body
FNDA:500,_RNvNtNtCseriWsCb5ev6_4koan8builtins11let_binding8register
FNF:7
FNH:7
DA:14,427
DA:15,427
DA:16,427
DA:21,427
DA:22,427
DA:23,427
DA:24,427
DA:25,0
DA:27,427
DA:28,427
DA:29,283
DA:30,283
DA:31,3
DA:32,1
DA:33,1
DA:34,1
DA:36,3
DA:37,3
DA:38,3
DA:39,3
DA:40,3
DA:41,3
DA:42,3
DA:43,3
DA:44,280
DA:45,280
DA:47,144
DA:48,144
DA:49,143
DA:56,1
DA:57,1
DA:58,1
DA:59,1
DA:61,0
DA:63,140
DA:64,134
DA:65,9
DA:66,6
DA:68,3
DA:69,3
DA:70,3
DA:71,3
DA:72,3
DA:75,140
DA:77,0
DA:78,0
DA:79,0
DA:80,0
DA:81,0
DA:82,0
DA:84,0
DA:86,420
DA:87,2
DA:88,2
DA:89,2
DA:90,2
DA:91,418
DA:92,418
DA:93,418
DA:94,140
DA:95,6
DA:96,6
DA:97,6
DA:98,4
DA:100,140
DA:101,30
DA:102,30
DA:103,30
DA:104,30
DA:106,110
DA:108,140
DA:109,140
DA:110,0
DA:111,140
DA:112,140
DA:114,278
DA:115,278
DA:116,278
DA:117,24
DA:118,1
DA:119,1
DA:120,1
DA:121,1
DA:122,1
DA:123,1
DA:124,277
DA:125,277
DA:126,277
DA:127,1
DA:128,1
DA:129,1
DA:130,1
DA:131,1
DA:132,276
DA:133,276
DA:134,1
DA:135,275
DA:136,275
DA:138,427
DA:144,4
DA:145,4
DA:146,4
DA:147,4
DA:148,4
DA:149,4
DA:150,4
DA:151,4
DA:153,0
DA:155,4
DA:159,1100
DA:160,1100
DA:161,724
DA:162,373
DA:163,3
DA:165,1100
DA:167,543
DA:168,543
DA:169,543
DA:170,543
DA:171,543
DA:172,543
DA:173,543
DA:174,543
DA:175,543
DA:178,543
DA:179,543
DA:180,543
DA:181,543
DA:182,543
DA:183,543
DA:184,543
DA:185,543
DA:186,543
DA:189,543
DA:190,543
DA:191,543
DA:192,543
DA:193,543
DA:194,543
DA:195,543
DA:196,543
DA:199,543
DA:200,543
DA:201,543
DA:202,543
DA:203,543
DA:204,543
DA:205,543
DA:208,543
BRF:0
BRH:0
LF:152
LH:141
end_of_record
SF:/var/home/jack/Code/koan/src/builtins/match_case.rs
FN:22,_RNvNtNtCscUx3zdyuqfq_4koan8builtins10match_case4body
FN:68,_RNvNtNtCscUx3zdyuqfq_4koan8builtins10match_case8register
FN:22,_RNvNtNtCseriWsCb5ev6_4koan8builtins10match_case4body
FN:68,_RNvNtNtCseriWsCb5ev6_4koan8builtins10match_case8register
FN:90,_RNvNtNtNtCseriWsCb5ev6_4koan8builtins10match_case5tests11run_program
FN:129,_RNvNtNtNtCseriWsCb5ev6_4koan8builtins10match_case5testss_25match_inexhaustive_errors
FN:109,_RNvNtNtNtCseriWsCb5ev6_4koan8builtins10match_case5testss_29match_binds_inner_value_to_it
FN:205,_RNvNtNtNtCseriWsCb5ev6_4koan8builtins10match_case5testss_29recursive_tagged_match_no_uaf
FN:220,_RNvNtNtNtCseriWsCb5ev6_4koan8builtins10match_case5testss_33match_on_bool_inexhaustive_errors
FN:189,_RNvNtNtNtCseriWsCb5ev6_4koan8builtins10match_case5testss_36match_on_bool_true_takes_true_branch
FN:119,_RNvNtNtNtCseriWsCb5ev6_4koan8builtins10match_case5testss_37match_does_not_run_unmatched_branches
FN:197,_RNvNtNtNtCseriWsCb5ev6_4koan8builtins10match_case5testss_38match_on_bool_false_takes_false_branch
FN:99,_RNvNtNtNtCseriWsCb5ev6_4koan8builtins10match_case5testss_40match_dispatches_branch_for_matching_tag
FN:179,_RNvNtNtNtCseriWsCb5ev6_4koan8builtins10match_case5testss_40match_other_branch_runs_when_tag_matches
FN:147,_RNvNtNtNtCseriWsCb5ev6_4koan8builtins10match_case5testss_47match_arm_violating_declared_return_type_errors
FN:234,_RNvNtNtNtCseriWsCb5ev6_4koan8builtins10match_case5testss_47multi_statement_match_branch_returns_last_value
FN:166,_RNvNtNtNtCseriWsCb5ev6_4koan8builtins10match_case5testss_54match_value_is_admissible_against_declared_return_slot
FN:249,_RNvNtNtNtCseriWsCb5ev6_4koan8builtins10match_case5testss_59fn_recursion_with_multi_statement_body_via_match_terminates
FNDA:0,_RNvNtNtCscUx3zdyuqfq_4koan8builtins10match_case4body
FNDA:43,_RNvNtNtCscUx3zdyuqfq_4koan8builtins10match_case8register
FNDA:70,_RNvNtNtCseriWsCb5ev6_4koan8builtins10match_case4body
FNDA:500,_RNvNtNtCseriWsCb5ev6_4koan8builtins10match_case8register
FNDA:10,_RNvNtNtNtCseriWsCb5ev6_4koan8builtins10match_case5tests11run_program
FNDA:1,_RNvNtNtNtCseriWsCb5ev6_4koan8builtins10match_case5testss_25match_inexhaustive_errors
FNDA:1,_RNvNtNtNtCseriWsCb5ev6_4koan8builtins10match_case5testss_29match_binds_inner_value_to_it
FNDA:1,_RNvNtNtNtCseriWsCb5ev6_4koan8builtins10match_case5testss_29recursive_tagged_match_no_uaf
FNDA:1,_RNvNtNtNtCseriWsCb5ev6_4koan8builtins10match_case5testss_33match_on_bool_inexhaustive_errors
FNDA:1,_RNvNtNtNtCseriWsCb5ev6_4koan8builtins10match_case5testss_36match_on_bool_true_takes_true_branch
FNDA:1,_RNvNtNtNtCseriWsCb5ev6_4koan8builtins10match_case5testss_37match_does_not_run_unmatched_branches
FNDA:1,_RNvNtNtNtCseriWsCb5ev6_4koan8builtins10match_case5testss_38match_on_bool_false_takes_false_branch
FNDA:1,_RNvNtNtNtCseriWsCb5ev6_4koan8builtins10match_case5testss_40match_dispatches_branch_for_matching_tag
FNDA:1,_RNvNtNtNtCseriWsCb5ev6_4koan8builtins10match_case5testss_40match_other_branch_runs_when_tag_matches
FNDA:1,_RNvNtNtNtCseriWsCb5ev6_4koan8builtins10match_case5testss_47match_arm_violating_declared_return_type_errors
FNDA:1,_RNvNtNtNtCseriWsCb5ev6_4koan8builtins10match_case5testss_47multi_statement_match_branch_returns_last_value
FNDA:1,_RNvNtNtNtCseriWsCb5ev6_4koan8builtins10match_case5testss_54match_value_is_admissible_against_declared_return_slot
FNDA:1,_RNvNtNtNtCseriWsCb5ev6_4koan8builtins10match_case5testss_59fn_recursion_with_multi_statement_body_via_match_terminates
FNF:16
FNH:16
DA:22,70
DA:23,70
DA:24,70
DA:28,70
DA:29,63
DA:30,7
DA:31,7
DA:32,7
DA:34,0
DA:35,0
DA:36,0
DA:37,0
DA:38,0
DA:39,0
DA:42,0
DA:43,0
DA:44,0
DA:47,70
DA:48,70
DA:49,70
DA:50,67
DA:52,3
DA:53,3
DA:54,3
DA:55,3
DA:57,0
DA:59,67
DA:60,67
DA:61,67
DA:62,67
DA:63,67
DA:64,67
DA:66,70
DA:68,543
DA:69,543
DA:70,543
DA:71,543
DA:72,543
DA:73,543
DA:74,543
DA:75,543
DA:76,543
DA:77,543
DA:80,543
DA:81,543
DA:90,10
DA:91,10
DA:92,10
DA:93,10
DA:94,10
DA:95,10
DA:96,10
DA:99,1
DA:100,1
DA:101,1
DA:102,1
DA:103,1
DA:105,1
DA:106,1
DA:109,1
DA:110,1
DA:111,1
DA:112,1
DA:113,1
DA:115,1
DA:116,1
DA:119,1
DA:120,1
DA:121,1
DA:122,1
DA:123,1
DA:125,1
DA:126,1
DA:129,1
DA:130,1
DA:131,1
DA:132,1
DA:133,1
DA:134,1
DA:136,1
DA:137,1
DA:138,1
DA:140,1
DA:141,1
DA:144,1
DA:147,1
DA:148,1
DA:149,1
DA:150,1
DA:151,1
DA:152,1
DA:155,1
DA:156,1
DA:157,1
DA:159,1
DA:160,1
DA:163,1
DA:166,1
DA:169,1
DA:170,1
DA:171,1
DA:172,1
DA:173,1
DA:175,1
DA:176,1
DA:179,1
DA:180,1
DA:181,1
DA:182,1
DA:183,1
DA:185,1
DA:186,1
DA:189,1
DA:190,1
DA:191,1
DA:193,1
DA:194,1
DA:197,1
DA:198,1
DA:199,1
DA:201,1
DA:202,1
DA:205,1
DA:208,1
DA:209,1
DA:210,1
DA:211,1
DA:212,1
DA:213,1
DA:214,1
DA:216,1
DA:217,1
DA:220,1
DA:221,1
DA:222,1
DA:223,1
DA:224,1
DA:225,1
DA:227,1
DA:228,1
DA:231,1
DA:234,1
DA:235,1
DA:236,1
DA:237,1
DA:238,1
DA:239,1
DA:240,1
DA:241,1
DA:243,1
DA:244,1
DA:245,1
DA:246,1
DA:249,1
DA:250,1
DA:251,1
DA:252,1
DA:253,1
DA:254,1
DA:255,1
DA:256,1
DA:257,1
DA:258,1
DA:259,1
DA:261,1
DA:262,1
DA:263,1
BRF:0
BRH:0
LF:167
LH:157
end_of_record
SF:/var/home/jack/Code/koan/src/builtins/module_def.rs
FN:21,_RNvNtNtCscUx3zdyuqfq_4koan8builtins10module_def4body
FN:87,_RNvNtNtCscUx3zdyuqfq_4koan8builtins10module_def8register
FN:39,_RNCNvNtNtCscUx3zdyuqfq_4koan8builtins10module_def4body0B7_
FN:39,_RNCNvNtNtCseriWsCb5ev6_4koan8builtins10module_def4body0B7_
FN:117,_RNvNtNtNtCseriWsCb5ev6_4koan8builtins10module_def5tests14resolve_module
FN:179,_RNvNtNtNtCseriWsCb5ev6_4koan8builtins10module_def5testss_28module_unknown_member_errors
FN:147,_RNvNtNtNtCseriWsCb5ev6_4koan8builtins10module_def5testss_29module_member_access_via_attr
FN:125,_RNvNtNtNtCseriWsCb5ev6_4koan8builtins10module_def5testss_32binder_name_extracts_module_name
FN:132,_RNvNtNtNtCseriWsCb5ev6_4koan8builtins10module_def5testss_32module_binds_under_name_in_scope
FN:165,_RNvNtNtNtCseriWsCb5ev6_4koan8builtins10module_def5testss_33module_member_function_via_let_fn
FN:251,_RNvNtNtNtCseriWsCb5ev6_4koan8builtins10module_def5testss_36module_body_dispatch_does_not_dangle
FN:203,_RNvNtNtNtCseriWsCb5ev6_4koan8builtins10module_def5testss_38module_body_parks_on_outer_placeholder
FN:213,_RNvNtNtNtCseriWsCb5ev6_4koan8builtins10module_def5testss_41module_body_error_short_circuits_finalize
FN:156,_RNvNtNtNtCseriWsCb5ev6_4koan8builtins10module_def5testss_41module_with_multiple_statements_in_parens
FN:192,_RNvNtNtNtCseriWsCb5ev6_4koan8builtins10module_def5testss_41nested_module_accessible_via_chained_attr
FN:227,_RNvNtNtNtCseriWsCb5ev6_4koan8builtins10module_def5testss_50module_finalize_short_circuits_on_idempotent_state
FN:21,_RNvNtNtCseriWsCb5ev6_4koan8builtins10module_def4body
FN:87,_RNvNtNtCseriWsCb5ev6_4koan8builtins10module_def8register
FNDA:21,_RNvNtNtCscUx3zdyuqfq_4koan8builtins10module_def4body
FNDA:43,_RNvNtNtCscUx3zdyuqfq_4koan8builtins10module_def8register
FNDA:20,_RNCNvNtNtCscUx3zdyuqfq_4koan8builtins10module_def4body0B7_
FNDA:81,_RNCNvNtNtCseriWsCb5ev6_4koan8builtins10module_def4body0B7_
FNDA:3,_RNvNtNtNtCseriWsCb5ev6_4koan8builtins10module_def5tests14resolve_module
FNDA:1,_RNvNtNtNtCseriWsCb5ev6_4koan8builtins10module_def5testss_28module_unknown_member_errors
FNDA:1,_RNvNtNtNtCseriWsCb5ev6_4koan8builtins10module_def5testss_29module_member_access_via_attr
FNDA:1,_RNvNtNtNtCseriWsCb5ev6_4koan8builtins10module_def5testss_32binder_name_extracts_module_name
FNDA:1,_RNvNtNtNtCseriWsCb5ev6_4koan8builtins10module_def5testss_32module_binds_under_name_in_scope
FNDA:1,_RNvNtNtNtCseriWsCb5ev6_4koan8builtins10module_def5testss_33module_member_function_via_let_fn
FNDA:1,_RNvNtNtNtCseriWsCb5ev6_4koan8builtins10module_def5testss_36module_body_dispatch_does_not_dangle
FNDA:1,_RNvNtNtNtCseriWsCb5ev6_4koan8builtins10module_def5testss_38module_body_parks_on_outer_placeholder
FNDA:1,_RNvNtNtNtCseriWsCb5ev6_4koan8builtins10module_def5testss_41module_body_error_short_circuits_finalize
FNDA:1,_RNvNtNtNtCseriWsCb5ev6_4koan8builtins10module_def5testss_41module_with_multiple_statements_in_parens
FNDA:1,_RNvNtNtNtCseriWsCb5ev6_4koan8builtins10module_def5testss_41nested_module_accessible_via_chained_attr
FNDA:1,_RNvNtNtNtCseriWsCb5ev6_4koan8builtins10module_def5testss_50module_finalize_short_circuits_on_idempotent_state
FNDA:83,_RNvNtNtCseriWsCb5ev6_4koan8builtins10module_def4body
FNDA:500,_RNvNtNtCseriWsCb5ev6_4koan8builtins10module_def8register
FNF:15
FNH:15
DA:21,104
DA:22,104
DA:23,104
DA:30,104
DA:31,104
DA:32,104
DA:33,104
DA:34,104
DA:35,104
DA:36,104
DA:37,104
DA:38,104
DA:39,104
DA:41,101
DA:42,1
DA:43,100
DA:44,100
DA:45,100
DA:46,100
DA:47,100
DA:50,100
DA:51,100
DA:52,100
DA:53,100
DA:54,100
DA:55,23
DA:56,0
DA:57,23
DA:58,23
DA:61,100
DA:62,100
DA:63,100
DA:64,100
DA:65,100
DA:66,100
DA:67,100
DA:69,100
DA:70,100
DA:71,100
DA:72,0
DA:73,0
DA:74,0
DA:75,0
DA:77,101
DA:78,104
DA:79,104
DA:80,104
DA:81,104
DA:82,104
DA:83,104
DA:84,104
DA:85,104
DA:87,543
DA:88,543
DA:89,543
DA:90,543
DA:91,543
DA:92,543
DA:93,543
DA:94,543
DA:97,543
DA:98,543
DA:99,543
DA:100,543
DA:101,543
DA:102,543
DA:103,543
DA:106,543
DA:117,3
DA:118,3
DA:119,3
DA:120,0
DA:122,3
DA:125,1
DA:126,1
DA:127,1
DA:128,1
DA:129,1
DA:132,1
DA:133,1
DA:134,1
DA:135,1
DA:136,1
DA:137,1
DA:140,1
DA:141,1
DA:144,1
DA:147,1
DA:148,1
DA:149,1
DA:150,1
DA:151,1
DA:152,1
DA:153,1
DA:156,1
DA:157,1
DA:158,1
DA:159,1
DA:160,1
DA:161,1
DA:162,1
DA:165,1
DA:168,1
DA:169,1
DA:170,1
DA:171,1
DA:172,1
DA:174,1
DA:175,1
DA:176,1
DA:179,1
DA:180,1
DA:181,1
DA:182,1
DA:183,1
DA:184,1
DA:185,1
DA:186,1
DA:189,1
DA:192,1
DA:193,1
DA:194,1
DA:195,1
DA:196,1
DA:197,1
DA:198,1
DA:203,1
DA:204,1
DA:205,1
DA:206,1
DA:207,1
DA:208,1
DA:209,1
DA:213,1
DA:214,1
DA:215,1
DA:216,1
DA:217,1
DA:218,1
DA:221,1
DA:227,1
DA:228,1
DA:229,1
DA:230,1
DA:231,1
DA:232,1
DA:234,1
DA:235,1
DA:236,1
DA:237,1
DA:238,1
DA:242,1
DA:243,1
DA:244,1
DA:245,1
DA:246,1
DA:251,1
DA:252,1
DA:253,1
DA:254,1
DA:255,1
DA:256,1
DA:257,1
DA:258,1
DA:259,1
BRF:0
BRH:0
LF:166
LH:160
end_of_record
SF:/var/home/jack/Code/koan/src/builtins/newtype_def.rs
FN:92,_RNCNCNvNtNtCscUx3zdyuqfq_4koan8builtins11newtype_def23finalize_record_newtype00B9_
FN:200,_RNCNvNtNtCscUx3zdyuqfq_4koan8builtins11newtype_def20defer_resolved_sigil0B7_
FN:88,_RNCNvNtNtCscUx3zdyuqfq_4koan8builtins11newtype_def23finalize_record_newtype0B7_
FN:148,_RNCNvNtNtCscUx3zdyuqfq_4koan8builtins11newtype_def4body0B7_
FN:252,_RNCNvNtNtCscUx3zdyuqfq_4koan8builtins11newtype_def8register0B7_
FN:274,_RNCNvNtNtCscUx3zdyuqfq_4koan8builtins11newtype_def8registers0_0B7_
FN:263,_RNCNvNtNtCscUx3zdyuqfq_4koan8builtins11newtype_def8registers_0B7_
FN:221,_RNvNtNtCscUx3zdyuqfq_4koan8builtins11newtype_def16body_record_repr
FN:39,_RNvNtNtCscUx3zdyuqfq_4koan8builtins11newtype_def16finalize_newtype
FN:189,_RNvNtNtCscUx3zdyuqfq_4koan8builtins11newtype_def20defer_resolved_sigil
FN:71,_RNvNtNtCscUx3zdyuqfq_4koan8builtins11newtype_def23finalize_record_newtype
FN:116,_RNvNtNtCscUx3zdyuqfq_4koan8builtins11newtype_def4body
FN:249,_RNvNtNtCscUx3zdyuqfq_4koan8builtins11newtype_def8register
FN:342,_RNCNvNtNtNtCseriWsCb5ev6_4koan8builtins11newtype_def5tests13record_fields0B9_
FN:531,_RNCNvNtNtNtCseriWsCb5ev6_4koan8builtins11newtype_def5testss_42nested_record_field_threads_self_reference0B9_
FN:481,_RNCNvNtNtNtCseriWsCb5ev6_4koan8builtins11newtype_def5testss_42record_repr_self_recursion_seals_set_local0B9_
FN:486,_RNCNvNtNtNtCseriWsCb5ev6_4koan8builtins11newtype_def5testss_42record_repr_self_recursion_seals_set_locals0_0B9_
FN:510,_RNCNvNtNtNtCseriWsCb5ev6_4koan8builtins11newtype_def5testss_46record_repr_list_of_self_field_seals_set_local0B9_
FN:221,_RNvNtNtCseriWsCb5ev6_4koan8builtins11newtype_def16body_record_repr
FN:39,_RNvNtNtCseriWsCb5ev6_4koan8builtins11newtype_def16finalize_newtype
FN:189,_RNvNtNtCseriWsCb5ev6_4koan8builtins11newtype_def20defer_resolved_sigil
FN:71,_RNvNtNtCseriWsCb5ev6_4koan8builtins11newtype_def23finalize_record_newtype
FN:116,_RNvNtNtCseriWsCb5ev6_4koan8builtins11newtype_def4body
FN:249,_RNvNtNtCseriWsCb5ev6_4koan8builtins11newtype_def8register
FN:330,_RNvNtNtNtCseriWsCb5ev6_4koan8builtins11newtype_def5tests13record_fields
FN:676,_RNvNtNtNtCseriWsCb5ev6_4koan8builtins11newtype_def5testss_28construct_arity_zero_rejects
FN:697,_RNvNtNtNtCseriWsCb5ev6_4koan8builtins11newtype_def5testss_29construct_with_operator_value
FN:357,_RNvNtNtNtCseriWsCb5ev6_4koan8builtins11newtype_def5testss_30declare_mints_newtype_identity
FN:576,_RNvNtNtNtCseriWsCb5ev6_4koan8builtins11newtype_def5testss_30newtype_over_newtype_collapses
FN:655,_RNvNtNtNtCseriWsCb5ev6_4koan8builtins11newtype_def5testss_31construct_with_identifier_value
FN:409,_RNvNtNtNtCseriWsCb5ev6_4koan8builtins11newtype_def5testss_35construct_rejects_non_matching_repr
FN:387,_RNvNtNtNtCseriWsCb5ev6_4koan8builtins11newtype_def5testss_35construct_wraps_repr_matching_value
FN:523,_RNvNtNtNtCseriWsCb5ev6_4koan8builtins11newtype_def5testss_42nested_record_field_threads_self_reference
FN:474,_RNvNtNtNtCseriWsCb5ev6_4koan8builtins11newtype_def5testss_42record_repr_self_recursion_seals_set_local
FN:605,_RNvNtNtNtCseriWsCb5ev6_4koan8builtins11newtype_def5testss_43dispatch_distinguishes_distance_from_number
FN:498,_RNvNtNtNtCseriWsCb5ev6_4koan8builtins11newtype_def5testss_46record_repr_list_of_self_field_seals_set_local
FN:453,_RNvNtNtNtCseriWsCb5ev6_4koan8builtins11newtype_def5testss_47unknown_repr_errors_without_leaking_placeholder
FN:427,_RNvNtNtNtCseriWsCb5ev6_4koan8builtins11newtype_def5testss_49dependent_newtype_parks_on_record_repr_dependency
FN:550,_RNvNtNtNtCseriWsCb5ev6_4koan8builtins11newtype_def5testss_54sigil_repr_non_record_seals_newtype_over_resolved_type
FN:92,_RNCNCNvNtNtCseriWsCb5ev6_4koan8builtins11newtype_def23finalize_record_newtype00B9_
FN:200,_RNCNvNtNtCseriWsCb5ev6_4koan8builtins11newtype_def20defer_resolved_sigil0B7_
FN:88,_RNCNvNtNtCseriWsCb5ev6_4koan8builtins11newtype_def23finalize_record_newtype0B7_
FN:148,_RNCNvNtNtCseriWsCb5ev6_4koan8builtins11newtype_def4body0B7_
FN:252,_RNCNvNtNtCseriWsCb5ev6_4koan8builtins11newtype_def8register0B7_
FN:274,_RNCNvNtNtCseriWsCb5ev6_4koan8builtins11newtype_def8registers0_0B7_
FN:263,_RNCNvNtNtCseriWsCb5ev6_4koan8builtins11newtype_def8registers_0B7_
FNDA:5,_RNCNCNvNtNtCscUx3zdyuqfq_4koan8builtins11newtype_def23finalize_record_newtype00B9_
FNDA:0,_RNCNvNtNtCscUx3zdyuqfq_4koan8builtins11newtype_def20defer_resolved_sigil0B7_
FNDA:3,_RNCNvNtNtCscUx3zdyuqfq_4koan8builtins11newtype_def23finalize_record_newtype0B7_
FNDA:0,_RNCNvNtNtCscUx3zdyuqfq_4koan8builtins11newtype_def4body0B7_
FNDA:43,_RNCNvNtNtCscUx3zdyuqfq_4koan8builtins11newtype_def8register0B7_
FNDA:43,_RNCNvNtNtCscUx3zdyuqfq_4koan8builtins11newtype_def8registers0_0B7_
FNDA:43,_RNCNvNtNtCscUx3zdyuqfq_4koan8builtins11newtype_def8registers_0B7_
FNDA:3,_RNvNtNtCscUx3zdyuqfq_4koan8builtins11newtype_def16body_record_repr
FNDA:0,_RNvNtNtCscUx3zdyuqfq_4koan8builtins11newtype_def16finalize_newtype
FNDA:0,_RNvNtNtCscUx3zdyuqfq_4koan8builtins11newtype_def20defer_resolved_sigil
FNDA:3,_RNvNtNtCscUx3zdyuqfq_4koan8builtins11newtype_def23finalize_record_newtype
FNDA:0,_RNvNtNtCscUx3zdyuqfq_4koan8builtins11newtype_def4body
FNDA:43,_RNvNtNtCscUx3zdyuqfq_4koan8builtins11newtype_def8register
FNDA:4,_RNCNvNtNtNtCseriWsCb5ev6_4koan8builtins11newtype_def5tests13record_fields0B9_
FNDA:1,_RNCNvNtNtNtCseriWsCb5ev6_4koan8builtins11newtype_def5testss_42nested_record_field_threads_self_reference0B9_
FNDA:1,_RNCNvNtNtNtCseriWsCb5ev6_4koan8builtins11newtype_def5testss_42record_repr_self_recursion_seals_set_local0B9_
FNDA:2,_RNCNvNtNtNtCseriWsCb5ev6_4koan8builtins11newtype_def5testss_42record_repr_self_recursion_seals_set_locals0_0B9_
FNDA:1,_RNCNvNtNtNtCseriWsCb5ev6_4koan8builtins11newtype_def5testss_46record_repr_list_of_self_field_seals_set_local0B9_
FNDA:34,_RNvNtNtCseriWsCb5ev6_4koan8builtins11newtype_def16body_record_repr
FNDA:14,_RNvNtNtCseriWsCb5ev6_4koan8builtins11newtype_def16finalize_newtype
FNDA:1,_RNvNtNtCseriWsCb5ev6_4koan8builtins11newtype_def20defer_resolved_sigil
FNDA:33,_RNvNtNtCseriWsCb5ev6_4koan8builtins11newtype_def23finalize_record_newtype
FNDA:15,_RNvNtNtCseriWsCb5ev6_4koan8builtins11newtype_def4body
FNDA:500,_RNvNtNtCseriWsCb5ev6_4koan8builtins11newtype_def8register
FNDA:3,_RNvNtNtNtCseriWsCb5ev6_4koan8builtins11newtype_def5tests13record_fields
FNDA:1,_RNvNtNtNtCseriWsCb5ev6_4koan8builtins11newtype_def5testss_28construct_arity_zero_rejects
FNDA:1,_RNvNtNtNtCseriWsCb5ev6_4koan8builtins11newtype_def5testss_29construct_with_operator_value
FNDA:1,_RNvNtNtNtCseriWsCb5ev6_4koan8builtins11newtype_def5testss_30declare_mints_newtype_identity
FNDA:1,_RNvNtNtNtCseriWsCb5ev6_4koan8builtins11newtype_def5testss_30newtype_over_newtype_collapses
FNDA:1,_RNvNtNtNtCseriWsCb5ev6_4koan8builtins11newtype_def5testss_31construct_with_identifier_value
FNDA:1,_RNvNtNtNtCseriWsCb5ev6_4koan8builtins11newtype_def5testss_35construct_rejects_non_matching_repr
FNDA:1,_RNvNtNtNtCseriWsCb5ev6_4koan8builtins11newtype_def5testss_35construct_wraps_repr_matching_value
FNDA:1,_RNvNtNtNtCseriWsCb5ev6_4koan8builtins11newtype_def5testss_42nested_record_field_threads_self_reference
FNDA:1,_RNvNtNtNtCseriWsCb5ev6_4koan8builtins11newtype_def5testss_42record_repr_self_recursion_seals_set_local
FNDA:1,_RNvNtNtNtCseriWsCb5ev6_4koan8builtins11newtype_def5testss_43dispatch_distinguishes_distance_from_number
FNDA:1,_RNvNtNtNtCseriWsCb5ev6_4koan8builtins11newtype_def5testss_46record_repr_list_of_self_field_seals_set_local
FNDA:1,_RNvNtNtNtCseriWsCb5ev6_4koan8builtins11newtype_def5testss_47unknown_repr_errors_without_leaking_placeholder
FNDA:1,_RNvNtNtNtCseriWsCb5ev6_4koan8builtins11newtype_def5testss_49dependent_newtype_parks_on_record_repr_dependency
FNDA:1,_RNvNtNtNtCseriWsCb5ev6_4koan8builtins11newtype_def5testss_54sigil_repr_non_record_seals_newtype_over_resolved_type
FNDA:54,_RNCNCNvNtNtCseriWsCb5ev6_4koan8builtins11newtype_def23finalize_record_newtype00B9_
FNDA:1,_RNCNvNtNtCseriWsCb5ev6_4koan8builtins11newtype_def20defer_resolved_sigil0B7_
FNDA:33,_RNCNvNtNtCseriWsCb5ev6_4koan8builtins11newtype_def23finalize_record_newtype0B7_
FNDA:0,_RNCNvNtNtCseriWsCb5ev6_4koan8builtins11newtype_def4body0B7_
FNDA:500,_RNCNvNtNtCseriWsCb5ev6_4koan8builtins11newtype_def8register0B7_
FNDA:500,_RNCNvNtNtCseriWsCb5ev6_4koan8builtins11newtype_def8registers0_0B7_
FNDA:500,_RNCNvNtNtCseriWsCb5ev6_4koan8builtins11newtype_def8registers_0B7_
FNF:33
FNH:32
DA:39,14
DA:40,14
DA:41,14
DA:42,14
DA:43,14
DA:44,14
DA:45,14
DA:46,14
DA:47,14
DA:48,14
DA:49,14
DA:50,14
DA:51,14
DA:52,14
DA:53,14
DA:55,14
DA:59,0
DA:60,0
DA:61,0
DA:62,0
DA:64,14
DA:71,36
DA:72,36
DA:73,36
DA:74,36
DA:75,36
DA:76,36
DA:77,36
DA:78,0
DA:79,0
DA:80,0
DA:81,36
DA:82,36
DA:83,36
DA:84,36
DA:85,36
DA:86,36
DA:87,36
DA:88,36
DA:89,36
DA:90,36
DA:91,36
DA:92,59
DA:93,36
DA:94,36
DA:95,36
DA:96,0
DA:97,36
DA:98,36
DA:99,36
DA:101,36
DA:102,36
DA:104,36
DA:105,36
DA:106,0
DA:107,0
DA:108,0
DA:109,0
DA:111,36
DA:116,15
DA:117,15
DA:118,15
DA:123,15
DA:124,15
DA:125,15
DA:126,15
DA:127,14
DA:128,5
DA:129,5
DA:130,5
DA:131,5
DA:132,5
DA:134,4
DA:135,4
DA:136,4
DA:137,4
DA:138,4
DA:140,1
DA:144,0
DA:145,1
DA:147,0
DA:148,0
DA:149,0
DA:150,0
DA:151,0
DA:153,0
DA:154,0
DA:155,0
DA:156,0
DA:157,0
DA:159,0
DA:160,0
DA:161,0
DA:163,0
DA:164,0
DA:165,0
DA:166,0
DA:167,0
DA:168,1
DA:169,1
DA:170,1
DA:171,1
DA:172,1
DA:174,9
DA:175,9
DA:178,1
DA:179,1
DA:181,0
DA:182,0
DA:183,0
DA:185,15
DA:189,1
DA:190,1
DA:191,1
DA:192,1
DA:193,1
DA:197,1
DA:198,1
DA:199,1
DA:200,1
DA:201,1
DA:202,1
DA:204,0
DA:205,0
DA:206,0
DA:207,0
DA:208,1
DA:209,1
DA:210,1
DA:211,1
DA:212,1
DA:213,1
DA:214,1
DA:215,1
DA:216,1
DA:221,37
DA:222,37
DA:223,37
DA:227,37
DA:228,37
DA:229,37
DA:231,0
DA:232,0
DA:233,0
DA:236,37
DA:237,37
DA:238,37
DA:239,37
DA:240,37
DA:241,37
DA:243,37
DA:244,37
DA:245,37
DA:247,37
DA:249,543
DA:252,543
DA:253,543
DA:254,543
DA:255,543
DA:256,543
DA:257,543
DA:258,543
DA:259,543
DA:262,543
DA:263,543
DA:264,543
DA:265,543
DA:266,543
DA:267,543
DA:268,543
DA:269,543
DA:270,543
DA:273,543
DA:274,543
DA:275,543
DA:276,543
DA:277,543
DA:278,543
DA:279,543
DA:280,543
DA:281,543
DA:284,543
DA:286,543
DA:289,543
DA:290,543
DA:291,543
DA:292,543
DA:293,543
DA:294,543
DA:295,543
DA:298,543
DA:299,543
DA:300,543
DA:301,543
DA:302,543
DA:303,543
DA:304,543
DA:307,543
DA:308,543
DA:309,543
DA:310,543
DA:311,543
DA:312,543
DA:313,543
DA:316,543
DA:330,3
DA:331,3
DA:332,3
DA:333,3
DA:334,3
DA:335,3
DA:336,3
DA:337,3
DA:338,3
DA:339,3
DA:340,3
DA:341,3
DA:342,4
DA:343,3
DA:345,0
DA:347,0
DA:350,0
DA:352,3
DA:357,1
DA:358,1
DA:359,1
DA:360,1
DA:361,1
DA:362,1
DA:363,1
DA:364,1
DA:365,1
DA:366,1
DA:367,1
DA:368,1
DA:369,1
DA:370,1
DA:371,0
DA:374,0
DA:376,1
DA:377,1
DA:378,1
DA:379,1
DA:382,1
DA:387,1
DA:388,1
DA:389,1
DA:390,1
DA:391,1
DA:392,1
DA:393,1
DA:394,1
DA:395,1
DA:396,1
DA:397,1
DA:399,0
DA:401,1
DA:403,0
DA:405,1
DA:409,1
DA:410,1
DA:411,1
DA:412,1
DA:413,1
DA:414,1
DA:415,1
DA:416,1
DA:419,1
DA:427,1
DA:428,1
DA:429,1
DA:430,1
DA:431,1
DA:432,1
DA:436,1
DA:437,1
DA:439,0
DA:441,1
DA:442,1
DA:443,1
DA:445,0
DA:447,1
DA:453,1
DA:454,1
DA:455,1
DA:456,1
DA:457,1
DA:458,1
DA:460,0
DA:462,1
DA:463,1
DA:464,1
DA:467,1
DA:474,1
DA:475,1
DA:476,1
DA:477,1
DA:478,1
DA:479,1
DA:480,1
DA:481,1
DA:485,1
DA:486,2
DA:487,1
DA:490,1
DA:491,1
DA:498,1
DA:499,1
DA:500,1
DA:501,1
DA:502,1
DA:503,1
DA:504,1
DA:505,1
DA:509,1
DA:510,1
DA:511,1
DA:514,1
DA:515,1
DA:523,1
DA:524,1
DA:525,1
DA:526,1
DA:527,1
DA:528,1
DA:529,1
DA:530,1
DA:531,1
DA:532,1
DA:533,1
DA:534,1
DA:535,1
DA:536,1
DA:537,1
DA:540,0
DA:542,1
DA:543,1
DA:550,1
DA:551,1
DA:552,1
DA:553,1
DA:554,1
DA:555,1
DA:556,1
DA:557,1
DA:558,1
DA:559,1
DA:561,0
DA:563,1
DA:564,1
DA:566,0
DA:569,0
DA:571,1
DA:576,1
DA:577,1
DA:578,1
DA:579,1
DA:580,1
DA:581,1
DA:582,1
DA:583,1
DA:584,1
DA:585,0
DA:588,1
DA:589,1
DA:591,0
DA:594,0
DA:596,1
DA:605,1
DA:606,1
DA:607,1
DA:608,1
DA:609,1
DA:610,1
DA:611,1
DA:612,1
DA:614,1
DA:615,1
DA:616,1
DA:617,0
DA:619,1
DA:620,1
DA:621,1
DA:622,0
DA:624,1
DA:625,1
DA:626,1
DA:627,1
DA:628,1
DA:629,1
DA:630,1
DA:631,1
DA:632,1
DA:633,1
DA:634,1
DA:637,1
DA:638,1
DA:639,1
DA:640,1
DA:641,1
DA:642,1
DA:643,1
DA:644,1
DA:645,1
DA:646,1
DA:647,1
DA:650,1
DA:655,1
DA:656,1
DA:657,1
DA:658,1
DA:659,1
DA:660,1
DA:661,1
DA:662,1
DA:663,1
DA:664,1
DA:666,0
DA:668,1
DA:670,0
DA:672,1
DA:676,1
DA:677,1
DA:678,1
DA:679,1
DA:680,1
DA:681,1
DA:682,0
DA:683,1
DA:691,1
DA:697,1
DA:698,1
DA:699,1
DA:700,1
DA:701,1
DA:702,1
DA:703,1
DA:705,1
DA:706,1
DA:707,1
DA:708,1
DA:709,1
DA:710,1
DA:712,0
DA:714,1
DA:716,0
DA:718,1
BRF:0
BRH:0
LF:458
LH:392
end_of_record
SF:/var/home/jack/Code/koan/src/builtins/nominal_schema.rs
FN:83,_RNCNvNtNtCscUx3zdyuqfq_4koan8builtins14nominal_schema21nominal_schema_action0B7_
FN:29,_RNvNtNtCscUx3zdyuqfq_4koan8builtins14nominal_schema21nominal_schema_action
FN:29,_RNvNtNtCseriWsCb5ev6_4koan8builtins14nominal_schema21nominal_schema_action
FN:83,_RNCNvNtNtCseriWsCb5ev6_4koan8builtins14nominal_schema21nominal_schema_action0B7_
FNDA:2,_RNCNvNtNtCscUx3zdyuqfq_4koan8builtins14nominal_schema21nominal_schema_action0B7_
FNDA:4,_RNvNtNtCscUx3zdyuqfq_4koan8builtins14nominal_schema21nominal_schema_action
FNDA:70,_RNvNtNtCseriWsCb5ev6_4koan8builtins14nominal_schema21nominal_schema_action
FNDA:1,_RNCNvNtNtCseriWsCb5ev6_4koan8builtins14nominal_schema21nominal_schema_action0B7_
FNF:2
FNH:2
DA:29,74
DA:30,74
DA:31,74
DA:32,74
DA:33,74
DA:34,74
DA:35,74
DA:36,74
DA:37,74
DA:38,74
DA:39,74
DA:40,74
DA:44,74
DA:45,74
DA:46,74
DA:47,74
DA:48,74
DA:49,74
DA:50,74
DA:54,74
DA:55,74
DA:56,74
DA:57,74
DA:58,74
DA:59,74
DA:60,74
DA:61,74
DA:62,74
DA:63,74
DA:64,66
DA:65,66
DA:67,5
DA:69,3
DA:70,3
DA:72,3
DA:73,3
DA:74,3
DA:75,3
DA:76,3
DA:77,3
DA:78,3
DA:79,3
DA:80,3
DA:81,3
DA:82,3
DA:83,3
DA:87,74
BRF:0
BRH:0
LF:48
LH:48
end_of_record
SF:/var/home/jack/Code/koan/src/builtins/print.rs
FN:8,_RNvNtNtCscUx3zdyuqfq_4koan8builtins5print4body
FN:25,_RNvNtNtCscUx3zdyuqfq_4koan8builtins5print8register
FN:8,_RNvNtNtCseriWsCb5ev6_4koan8builtins5print4body
FN:25,_RNvNtNtCseriWsCb5ev6_4koan8builtins5print8register
FNDA:6,_RNvNtNtCscUx3zdyuqfq_4koan8builtins5print4body
FNDA:43,_RNvNtNtCscUx3zdyuqfq_4koan8builtins5print8register
FNDA:150,_RNvNtNtCseriWsCb5ev6_4koan8builtins5print4body
FNDA:500,_RNvNtNtCseriWsCb5ev6_4koan8builtins5print8register
FNF:2
FNH:2
DA:8,156
DA:9,156
DA:10,156
DA:15,156
DA:16,156
DA:17,0
DA:19,156
DA:20,156
DA:21,156
DA:22,156
DA:23,156
DA:25,543
DA:26,543
DA:27,543
DA:28,543
BRF:0
BRH:0
LF:15
LH:14
end_of_record
SF:/var/home/jack/Code/koan/src/builtins/quote.rs
FN:11,_RNvNtNtCscUx3zdyuqfq_4koan8builtins5quote4body
FN:21,_RNvNtNtCscUx3zdyuqfq_4koan8builtins5quote8register
FN:34,_RNvNtNtNtCseriWsCb5ev6_4koan8builtins5quote5tests11run_program
FN:43,_RNvNtNtNtCseriWsCb5ev6_4koan8builtins5quote5testss_26quote_then_eval_round_trip
FN:52,_RNvNtNtNtCseriWsCb5ev6_4koan8builtins5quote5testss_27quote_captures_ast_as_value
FN:11,_RNvNtNtCseriWsCb5ev6_4koan8builtins5quote4body
FN:21,_RNvNtNtCseriWsCb5ev6_4koan8builtins5quote8register
FNDA:0,_RNvNtNtCscUx3zdyuqfq_4koan8builtins5quote4body
FNDA:43,_RNvNtNtCscUx3zdyuqfq_4koan8builtins5quote8register
FNDA:2,_RNvNtNtNtCseriWsCb5ev6_4koan8builtins5quote5tests11run_program
FNDA:1,_RNvNtNtNtCseriWsCb5ev6_4koan8builtins5quote5testss_26quote_then_eval_round_trip
FNDA:1,_RNvNtNtNtCseriWsCb5ev6_4koan8builtins5quote5testss_27quote_captures_ast_as_value
FNDA:9,_RNvNtNtCseriWsCb5ev6_4koan8builtins5quote4body
FNDA:500,_RNvNtNtCseriWsCb5ev6_4koan8builtins5quote8register
FNF:5
FNH:5
DA:11,9
DA:12,9
DA:13,9
DA:16,9
DA:17,9
DA:18,9
DA:19,9
DA:21,543
DA:22,543
DA:23,543
DA:24,543
DA:26,543
DA:27,543
DA:34,2
DA:35,2
DA:36,2
DA:37,2
DA:38,2
DA:39,2
DA:40,2
DA:43,1
DA:44,1
DA:45,1
DA:46,1
DA:48,1
DA:49,1
DA:52,1
DA:53,1
DA:54,1
DA:55,1
BRF:0
BRH:0
LF:30
LH:30
end_of_record
SF:/var/home/jack/Code/koan/src/builtins/record_projection.rs
FN:30,_RNvNtNtCscUx3zdyuqfq_4koan8builtins17record_projection4body
FN:97,_RNvNtNtCscUx3zdyuqfq_4koan8builtins17record_projection8register
FN:44,_RNCNvNtNtCscUx3zdyuqfq_4koan8builtins17record_projection4body0B7_
FN:30,_RNvNtNtCseriWsCb5ev6_4koan8builtins17record_projection4body
FN:97,_RNvNtNtCseriWsCb5ev6_4koan8builtins17record_projection8register
FN:44,_RNCNvNtNtCseriWsCb5ev6_4koan8builtins17record_projection4body0B7_
FN:179,_RNvNtNtNtCseriWsCb5ev6_4koan8builtins17record_projection5testss_25from_unknown_field_errors
FN:192,_RNvNtNtNtCseriWsCb5ev6_4koan8builtins17record_projection5testss_27from_duplicate_field_errors
FN:146,_RNvNtNtNtCseriWsCb5ev6_4koan8builtins17record_projection5testss_28from_single_field_projection
FN:237,_RNvNtNtNtCseriWsCb5ev6_4koan8builtins17record_projection5testss_41from_breaks_ambiguous_record_dispatch_tie
FN:163,_RNvNtNtNtCseriWsCb5ev6_4koan8builtins17record_projection5testss_41from_empty_field_list_yields_empty_record
FN:212,_RNvNtNtNtCseriWsCb5ev6_4koan8builtins17record_projection5testss_45from_non_record_operand_is_dispatch_non_match
FN:123,_RNvNtNtNtCseriWsCb5ev6_4koan8builtins17record_projection5testss_52from_narrows_carried_type_keeping_all_fields_present
FNDA:0,_RNvNtNtCscUx3zdyuqfq_4koan8builtins17record_projection4body
FNDA:43,_RNvNtNtCscUx3zdyuqfq_4koan8builtins17record_projection8register
FNDA:0,_RNCNvNtNtCscUx3zdyuqfq_4koan8builtins17record_projection4body0B7_
FNDA:6,_RNvNtNtCseriWsCb5ev6_4koan8builtins17record_projection4body
FNDA:500,_RNvNtNtCseriWsCb5ev6_4koan8builtins17record_projection8register
FNDA:4,_RNCNvNtNtCseriWsCb5ev6_4koan8builtins17record_projection4body0B7_
FNDA:1,_RNvNtNtNtCseriWsCb5ev6_4koan8builtins17record_projection5testss_25from_unknown_field_errors
FNDA:1,_RNvNtNtNtCseriWsCb5ev6_4koan8builtins17record_projection5testss_27from_duplicate_field_errors
FNDA:1,_RNvNtNtNtCseriWsCb5ev6_4koan8builtins17record_projection5testss_28from_single_field_projection
FNDA:1,_RNvNtNtNtCseriWsCb5ev6_4koan8builtins17record_projection5testss_41from_breaks_ambiguous_record_dispatch_tie
FNDA:1,_RNvNtNtNtCseriWsCb5ev6_4koan8builtins17record_projection5testss_41from_empty_field_list_yields_empty_record
FNDA:1,_RNvNtNtNtCseriWsCb5ev6_4koan8builtins17record_projection5testss_45from_non_record_operand_is_dispatch_non_match
FNDA:1,_RNvNtNtNtCseriWsCb5ev6_4koan8builtins17record_projection5testss_52from_narrows_carried_type_keeping_all_fields_present
FNF:10
FNH:10
DA:30,6
DA:31,6
DA:32,6
DA:36,6
DA:40,6
DA:41,9
DA:42,9
DA:43,9
DA:44,9
DA:45,1
DA:46,1
DA:47,1
DA:48,8
DA:49,8
DA:51,0
DA:52,0
DA:53,0
DA:54,0
DA:55,0
DA:60,5
DA:61,5
DA:64,0
DA:65,0
DA:66,0
DA:67,0
DA:68,0
DA:71,0
DA:72,0
DA:73,0
DA:79,5
DA:80,7
DA:81,7
DA:82,6
DA:84,1
DA:85,1
DA:86,1
DA:91,4
DA:92,4
DA:93,4
DA:94,4
DA:95,6
DA:97,543
DA:103,543
DA:104,543
DA:105,543
DA:106,543
DA:107,543
DA:108,543
DA:111,543
DA:112,543
DA:123,1
DA:124,1
DA:125,1
DA:126,1
DA:127,1
DA:128,1
DA:130,1
DA:131,1
DA:133,1
DA:134,1
DA:135,1
DA:136,1
DA:138,0
DA:140,1
DA:146,1
DA:147,1
DA:148,1
DA:149,1
DA:150,1
DA:151,1
DA:152,1
DA:153,1
DA:154,1
DA:155,1
DA:157,0
DA:159,1
DA:163,1
DA:164,1
DA:165,1
DA:166,1
DA:167,1
DA:168,1
DA:170,1
DA:171,1
DA:173,0
DA:175,1
DA:179,1
DA:180,1
DA:181,1
DA:182,1
DA:183,1
DA:184,1
DA:185,1
DA:188,1
DA:192,1
DA:193,1
DA:194,1
DA:195,1
DA:196,1
DA:197,1
DA:198,1
DA:201,1
DA:212,1
DA:216,1
DA:217,1
DA:218,1
DA:219,1
DA:220,1
DA:221,1
DA:222,1
DA:223,1
DA:224,1
DA:225,1
DA:226,1
DA:227,1
DA:228,1
DA:231,1
DA:237,1
DA:241,1
DA:242,1
DA:243,1
DA:244,1
DA:245,1
DA:246,1
DA:247,1
DA:251,1
DA:252,1
DA:253,1
DA:254,1
DA:255,1
DA:256,1
DA:257,1
DA:258,1
DA:259,1
DA:260,1
DA:261,1
DA:266,1
DA:267,1
DA:268,1
DA:269,0
DA:271,1
BRF:0
BRH:0
LF:142
LH:125
end_of_record
SF:/var/home/jack/Code/koan/src/builtins/recursive_types.rs
FN:135,_RNCNCNvNtNtCscUx3zdyuqfq_4koan8builtins15recursive_types4bodys_00B9_
FN:87,_RNCNvNtNtCscUx3zdyuqfq_4koan8builtins15recursive_types15leading_keyword0B7_
FN:39,_RNCNvNtNtCscUx3zdyuqfq_4koan8builtins15recursive_types16discover_members0B7_
FN:70,_RNCNvNtNtCscUx3zdyuqfq_4koan8builtins15recursive_types16discover_memberss0_0B7_
FN:43,_RNCNvNtNtCscUx3zdyuqfq_4koan8builtins15recursive_types16discover_memberss_0B7_
FN:114,_RNCNvNtNtCscUx3zdyuqfq_4koan8builtins15recursive_types4body0B7_
FN:133,_RNCNvNtNtCscUx3zdyuqfq_4koan8builtins15recursive_types4bodys_0B7_
[...]
FN:122,_RNvNtNtCseriWsCb5ev6_4koan5parse6tokens12is_type_name
FN:170,_RNvNtNtCseriWsCb5ev6_4koan5parse6tokens12trigger_span
FN:77,_RNvNtNtCseriWsCb5ev6_4koan5parse6tokens13classify_atom
FN:34,_RNvNtNtCseriWsCb5ev6_4koan5parse6tokens14classify_token
FN:136,_RNvNtNtCseriWsCb5ev6_4koan5parse6tokens14parse_compound
FN:179,_RNvNtNtCseriWsCb5ev6_4koan5parse6tokens9read_atom
FNDA:188,_RNCNvNtNtCscUx3zdyuqfq_4koan5parse6tokens12is_type_name0B7_
FNDA:1073,_RNCNvNtNtCscUx3zdyuqfq_4koan5parse6tokens13classify_atom0B7_
FNDA:347,_RNCNvNtNtCscUx3zdyuqfq_4koan5parse6tokens13classify_atoms0_0B7_
FNDA:126,_RNCNvNtNtCscUx3zdyuqfq_4koan5parse6tokens13classify_atoms_0B7_
FNDA:6,_RNCNvNtNtCscUx3zdyuqfq_4koan5parse6tokens5FLOAT0B7_
FNDA:683,_RNCNvNtNtCscUx3zdyuqfq_4koan5parse6tokens9read_atoms_0B7_
FNDA:1394,_RNvNtNtCscUx3zdyuqfq_4koan5parse6tokens11try_literal
FNDA:314,_RNvNtNtCscUx3zdyuqfq_4koan5parse6tokens12is_type_name
FNDA:9,_RNvNtNtCscUx3zdyuqfq_4koan5parse6tokens12trigger_span
FNDA:683,_RNvNtNtCscUx3zdyuqfq_4koan5parse6tokens13classify_atom
FNDA:711,_RNvNtNtCscUx3zdyuqfq_4koan5parse6tokens14classify_token
FNDA:674,_RNvNtNtCscUx3zdyuqfq_4koan5parse6tokens14parse_compound
FNDA:683,_RNvNtNtCscUx3zdyuqfq_4koan5parse6tokens9read_atom
FNDA:34,_RNCNvNtNtNtCseriWsCb5ev6_4koan5parse6tokens5tests8classify0B9_
FNDA:8,_RNCNvNtNtNtCseriWsCb5ev6_4koan5parse6tokens5tests8classifys_0B9_
FNDA:41,_RNCNvNtNtNtCseriWsCb5ev6_4koan5parse6tokens5tests8describe0B9_
FNDA:0,_RNCNvNtNtNtCseriWsCb5ev6_4koan5parse6tokens5tests8describes0_0B9_
FNDA:0,_RNCNvNtNtNtCseriWsCb5ev6_4koan5parse6tokens5tests8describes1_0B9_
FNDA:0,_RNCNvNtNtNtCseriWsCb5ev6_4koan5parse6tokens5tests8describes2_0B9_
FNDA:0,_RNCNvNtNtNtCseriWsCb5ev6_4koan5parse6tokens5tests8describes_0B9_
FNDA:42,_RNvNtNtNtCseriWsCb5ev6_4koan5parse6tokens5tests8classify
FNDA:75,_RNvNtNtNtCseriWsCb5ev6_4koan5parse6tokens5tests8describe
FNDA:1,_RNvNtNtNtCseriWsCb5ev6_4koan5parse6tokens5testss_10plain_null
FNDA:1,_RNvNtNtNtCseriWsCb5ev6_4koan5parse6tokens5testss_10suffix_try
FNDA:1,_RNvNtNtNtCseriWsCb5ev6_4koan5parse6tokens5testss_11attr_access
FNDA:1,_RNvNtNtNtCseriWsCb5ev6_4koan5parse6tokens5testss_12plain_number
FNDA:1,_RNvNtNtNtCseriWsCb5ev6_4koan5parse6tokens5testss_13plain_boolean
FNDA:1,_RNvNtNtNtCseriWsCb5ev6_4koan5parse6tokens5testss_14chained_suffix
FNDA:1,_RNvNtNtNtCseriWsCb5ev6_4koan5parse6tokens5testss_15double_negation
FNDA:1,_RNvNtNtNtCseriWsCb5ev6_4koan5parse6tokens5testss_16bare_bang_errors
FNDA:1,_RNvNtNtNtCseriWsCb5ev6_4koan5parse6tokens5testss_16plain_identifier
FNDA:1,_RNvNtNtNtCseriWsCb5ev6_4koan5parse6tokens5testss_17suffix_after_attr
FNDA:1,_RNvNtNtNtCseriWsCb5ev6_4koan5parse6tokens5testss_18leading_dot_errors
FNDA:1,_RNvNtNtNtCseriWsCb5ev6_4koan5parse6tokens5testss_18negation_over_attr
FNDA:1,_RNvNtNtNtCseriWsCb5ev6_4koan5parse6tokens5testss_19chained_attr_access
FNDA:1,_RNvNtNtNtCseriWsCb5ev6_4koan5parse6tokens5testss_19dangling_dot_errors
FNDA:1,_RNvNtNtNtCseriWsCb5ev6_4koan5parse6tokens5testss_20negation_over_suffix
FNDA:1,_RNvNtNtNtCseriWsCb5ev6_4koan5parse6tokens5testss_21leading_suffix_errors
FNDA:1,_RNvNtNtNtCseriWsCb5ev6_4koan5parse6tokens5testss_25decimal_number_is_literal
FNDA:1,_RNvNtNtNtCseriWsCb5ev6_4koan5parse6tokens5testss_28pure_symbol_token_is_keyword
FNDA:1,_RNvNtNtNtCseriWsCb5ev6_4koan5parse6tokens5testss_28scientific_number_is_literal
FNDA:1,_RNvNtNtNtCseriWsCb5ev6_4koan5parse6tokens5testss_30attr_wins_when_rhs_not_numeric
FNDA:1,_RNvNtNtNtCseriWsCb5ev6_4koan5parse6tokens5testss_31lowercase_leading_is_identifier
FNDA:1,_RNvNtNtNtCseriWsCb5ev6_4koan5parse6tokens5testss_34keyword_two_uppercase_no_lowercase
FNDA:1,_RNvNtNtNtCseriWsCb5ev6_4koan5parse6tokens5testss_35type_uppercase_first_with_lowercase
FNDA:1,_RNvNtNtNtCseriWsCb5ev6_4koan5parse6tokens5testss_36operator_tokens_classify_as_keywords
FNDA:1,_RNvNtNtNtCseriWsCb5ev6_4koan5parse6tokens5testss_38single_uppercase_letter_is_parse_error
FNDA:1,_RNvNtNtNtCseriWsCb5ev6_4koan5parse6tokens5testss_47ascription_compound_tokens_classify_as_keywords
FNDA:1,_RNvNtNtNtCseriWsCb5ev6_4koan5parse6tokens5testss_49attr_trigger_stays_on_builtin_path_inside_operand
FNDA:1,_RNvNtNtNtCseriWsCb5ev6_4koan5parse6tokens5testss_49uppercase_with_digits_no_lowercase_is_parse_error
FNDA:1,_RNvNtNtNtCseriWsCb5ev6_4koan5parse6tokens5testss_8negation
FNDA:1901,_RNCNvNtNtCseriWsCb5ev6_4koan5parse6tokens12is_type_name0B7_
FNDA:9829,_RNCNvNtNtCseriWsCb5ev6_4koan5parse6tokens13classify_atom0B7_
FNDA:3008,_RNCNvNtNtCseriWsCb5ev6_4koan5parse6tokens13classify_atoms0_0B7_
FNDA:1304,_RNCNvNtNtCseriWsCb5ev6_4koan5parse6tokens13classify_atoms_0B7_
FNDA:1,_RNCNvNtNtCseriWsCb5ev6_4koan5parse6tokens5FLOAT0B7_
FNDA:6609,_RNCNvNtNtCseriWsCb5ev6_4koan5parse6tokens9read_atoms_0B7_
FNDA:13811,_RNvNtNtCseriWsCb5ev6_4koan5parse6tokens11try_literal
FNDA:3198,_RNvNtNtCseriWsCb5ev6_4koan5parse6tokens12is_type_name
FNDA:76,_RNvNtNtCseriWsCb5ev6_4koan5parse6tokens12trigger_span
FNDA:6616,_RNvNtNtCseriWsCb5ev6_4koan5parse6tokens13classify_atom
FNDA:7195,_RNvNtNtCseriWsCb5ev6_4koan5parse6tokens14classify_token
FNDA:6556,_RNvNtNtCseriWsCb5ev6_4koan5parse6tokens14parse_compound
FNDA:6620,_RNvNtNtCseriWsCb5ev6_4koan5parse6tokens9read_atom
FNF:51
FNH:47
DA:29,7
DA:34,7906
DA:35,7906
DA:36,7906
DA:37,7906
DA:38,7906
DA:39,7906
DA:40,676
DA:41,7230
DA:42,7230
DA:43,7230
DA:44,7219
DA:45,0
DA:46,0
DA:47,0
DA:48,0
DA:49,7219
DA:50,7219
DA:51,7906
DA:55,15205
DA:56,15205
DA:57,15205
DA:58,15148
DA:59,15131
DA:60,15120
DA:62,15120
DA:63,592
DA:64,592
DA:65,0
DA:66,14528
DA:67,14528
DA:68,15205
DA:77,7299
DA:78,7299
DA:79,1
DA:80,7298
DA:81,7298
DA:82,3786
DA:83,3512
DA:84,3512
DA:85,10902
DA:86,1
DA:87,1
DA:88,1
DA:89,1
DA:90,1
DA:91,1
DA:92,1
DA:93,2081
DA:94,2081
DA:95,1430
DA:96,1430
DA:97,4
DA:98,4
DA:99,4
DA:100,4
DA:101,4
DA:102,4
DA:103,4
DA:104,4
DA:105,1426
DA:106,1426
DA:107,1426
DA:108,3355
DA:110,2
DA:111,2
DA:112,2
DA:113,2
DA:114,2
DA:115,2
DA:116,2
DA:117,1424
DA:118,1424
DA:119,7299
DA:122,3512
DA:123,3512
DA:124,3512
DA:125,0
DA:127,3512
DA:128,1426
DA:129,2086
DA:130,2089
DA:131,3512
DA:136,7230
DA:137,7230
DA:138,7230
DA:139,7230
DA:140,7230
DA:141,7230
DA:142,7237
DA:143,7236
DA:144,7
DA:145,7
DA:146,7
DA:149,7230
DA:151,7297
DA:152,78
DA:153,78
DA:154,78
DA:155,78
DA:156,73
DA:157,73
DA:158,72
DA:160,5
DA:164,7219
DA:165,6
DA:166,6
DA:167,7219
DA:168,7230
DA:170,85
DA:171,85
DA:172,85
DA:173,85
DA:174,85
DA:175,85
DA:176,85
DA:179,7303
DA:180,7303
DA:181,7303
DA:182,7303
DA:183,7303
DA:184,7303
DA:185,7301
DA:187,2
DA:188,2
DA:189,2
DA:190,2
DA:193,7301
DA:194,7301
DA:195,32530
DA:196,25308
DA:197,79
DA:198,25229
DA:199,25229
DA:200,25229
DA:201,25229
DA:203,7301
DA:204,2
DA:205,2
DA:206,2
DA:207,2
DA:208,2
DA:209,7299
DA:210,7299
DA:211,7299
DA:212,7299
DA:213,7299
DA:214,7299
DA:215,7303
DA:222,75
DA:223,7
DA:224,28
DA:225,20
DA:226,3
DA:227,17
DA:228,41
DA:229,17
DA:231,0
DA:232,0
DA:233,0
DA:235,0
DA:236,0
DA:237,0
DA:239,0
DA:240,5
DA:241,1
DA:242,1
DA:243,0
DA:244,0
DA:245,0
DA:246,0
DA:248,0
DA:249,0
DA:250,0
DA:251,0
DA:252,0
DA:253,0
DA:255,0
DA:256,0
DA:257,0
DA:258,0
DA:259,0
DA:260,0
DA:263,75
DA:265,42
DA:266,42
DA:267,42
DA:268,42
DA:269,42
DA:272,1
DA:273,1
DA:274,1
DA:277,1
DA:278,1
DA:279,1
DA:282,1
DA:283,1
DA:284,1
DA:287,1
DA:288,1
DA:289,1
DA:292,1
DA:293,1
DA:294,1
DA:297,1
DA:298,1
DA:299,1
DA:302,1
DA:305,1
DA:306,1
DA:307,1
DA:310,1
DA:311,1
DA:312,1
DA:315,1
DA:316,1
DA:317,1
DA:320,1
DA:323,1
DA:324,1
DA:325,1
DA:328,1
DA:329,1
DA:330,1
DA:331,1
DA:334,1
DA:335,1
DA:336,1
DA:339,1
DA:340,1
DA:341,1
DA:344,1
DA:345,1
DA:346,1
DA:349,1
DA:350,1
DA:351,1
DA:354,1
DA:355,1
DA:356,1
DA:359,1
DA:360,1
DA:361,1
DA:364,1
DA:365,1
DA:366,1
DA:369,1
DA:372,1
DA:373,1
DA:374,1
DA:377,1
DA:378,1
DA:379,1
DA:382,1
DA:383,1
DA:384,1
DA:385,1
DA:386,1
DA:389,1
DA:390,1
DA:391,1
DA:392,1
DA:393,1
DA:396,1
DA:397,1
DA:398,1
DA:399,1
DA:400,1
DA:403,1
DA:404,1
DA:405,1
DA:408,1
DA:409,1
DA:410,1
DA:411,1
DA:414,1
DA:418,1
DA:419,1
DA:420,1
DA:421,1
DA:422,1
DA:423,1
DA:424,1
DA:427,1
DA:431,1
DA:432,1
DA:435,1
DA:437,1
DA:438,1
DA:439,1
DA:442,1
DA:443,1
DA:444,1
DA:445,1
BRF:0
BRH:0
LF:306
LH:273
end_of_record
SF:/var/home/jack/Code/koan/src/parse/triple_list.rs
FN:27,_RINvNtNtCscUx3zdyuqfq_4koan5parse11triple_list15parse_pair_listNtNtNtNtNtB6_7machine5model5types5ktype5KTypeNCNvNtB13_16typed_field_list37parse_typed_field_list_via_elaborator0EB6_
FN:68,_RNCINvNtNtCscUx3zdyuqfq_4koan5parse11triple_list15parse_pair_listNtNtNtNtNtB8_7machine5model5types5ktype5KTypeNCNvNtB15_16typed_field_list37parse_typed_field_list_via_elaborator0E0B8_
FN:112,_RNCNvNtNtNtCseriWsCb5ev6_4koan5parse11triple_list5testss_39identifier_only_rejects_type_token_name0B9_
FN:100,_RNCNvNtNtNtCseriWsCb5ev6_4koan5parse11triple_list5testss_42identifier_or_type_accepts_type_token_name0B9_
FN:27,_RINvNtNtCseriWsCb5ev6_4koan5parse11triple_list15parse_pair_listNtNtCsgW8esjfipvk_5alloc6string6StringNCNvNtB2_5testss_42identifier_or_type_accepts_type_token_name0EB6_
FN:27,_RINvNtNtCseriWsCb5ev6_4koan5parse11triple_list15parse_pair_listNtNtNtNtNtB6_7machine5model5types5ktype5KTypeNCNvNtB13_16typed_field_list37parse_typed_field_list_via_elaborator0EB6_
FN:27,_RINvNtNtCseriWsCb5ev6_4koan5parse11triple_list15parse_pair_listuNCNvNtB2_5testss_39identifier_only_rejects_type_token_name0EB6_
FN:68,_RNCINvNtNtCseriWsCb5ev6_4koan5parse11triple_list15parse_pair_listNtNtCsgW8esjfipvk_5alloc6string6StringNCNvNtB4_5testss_42identifier_or_type_accepts_type_token_name0E0B8_
FN:68,_RNCINvNtNtCseriWsCb5ev6_4koan5parse11triple_list15parse_pair_listNtNtNtNtNtB8_7machine5model5types5ktype5KTypeNCNvNtB15_16typed_field_list37parse_typed_field_list_via_elaborator0E0B8_
FN:68,_RNCINvNtNtCseriWsCb5ev6_4koan5parse11triple_list15parse_pair_listuNCNvNtB4_5testss_39identifier_only_rejects_type_token_name0E0B8_
FN:86,_RNvNtNtNtCseriWsCb5ev6_4koan5parse11triple_list5tests15type_named_pair
FN:110,_RNvNtNtNtCseriWsCb5ev6_4koan5parse11triple_list5testss_39identifier_only_rejects_type_token_name
FN:94,_RNvNtNtNtCseriWsCb5ev6_4koan5parse11triple_list5testss_42identifier_or_type_accepts_type_token_name
FNDA:12,_RINvNtNtCscUx3zdyuqfq_4koan5parse11triple_list15parse_pair_listNtNtNtNtNtB6_7machine5model5types5ktype5KTypeNCNvNtB13_16typed_field_list37parse_typed_field_list_via_elaborator0EB6_
FNDA:5,_RNCINvNtNtCscUx3zdyuqfq_4koan5parse11triple_list15parse_pair_listNtNtNtNtNtB8_7machine5model5types5ktype5KTypeNCNvNtB15_16typed_field_list37parse_typed_field_list_via_elaborator0E0B8_
FNDA:0,_RNCNvNtNtNtCseriWsCb5ev6_4koan5parse11triple_list5testss_39identifier_only_rejects_type_token_name0B9_
FNDA:1,_RNCNvNtNtNtCseriWsCb5ev6_4koan5parse11triple_list5testss_42identifier_or_type_accepts_type_token_name0B9_
FNDA:1,_RINvNtNtCseriWsCb5ev6_4koan5parse11triple_list15parse_pair_listNtNtCsgW8esjfipvk_5alloc6string6StringNCNvNtB2_5testss_42identifier_or_type_accepts_type_token_name0EB6_
FNDA:124,_RINvNtNtCseriWsCb5ev6_4koan5parse11triple_list15parse_pair_listNtNtNtNtNtB6_7machine5model5types5ktype5KTypeNCNvNtB13_16typed_field_list37parse_typed_field_list_via_elaborator0EB6_
FNDA:1,_RINvNtNtCseriWsCb5ev6_4koan5parse11triple_list15parse_pair_listuNCNvNtB2_5testss_39identifier_only_rejects_type_token_name0EB6_
FNDA:0,_RNCINvNtNtCseriWsCb5ev6_4koan5parse11triple_list15parse_pair_listNtNtCsgW8esjfipvk_5alloc6string6StringNCNvNtB4_5testss_42identifier_or_type_accepts_type_token_name0E0B8_
FNDA:66,_RNCINvNtNtCseriWsCb5ev6_4koan5parse11triple_list15parse_pair_listNtNtNtNtNtB8_7machine5model5types5ktype5KTypeNCNvNtB15_16typed_field_list37parse_typed_field_list_via_elaborator0E0B8_
FNDA:0,_RNCINvNtNtCseriWsCb5ev6_4koan5parse11triple_list15parse_pair_listuNCNvNtB4_5testss_39identifier_only_rejects_type_token_name0E0B8_
FNDA:2,_RNvNtNtNtCseriWsCb5ev6_4koan5parse11triple_list5tests15type_named_pair
FNDA:1,_RNvNtNtNtCseriWsCb5ev6_4koan5parse11triple_list5testss_39identifier_only_rejects_type_token_name
FNDA:1,_RNvNtNtNtCseriWsCb5ev6_4koan5parse11triple_list5testss_42identifier_or_type_accepts_type_token_name
FNF:7
FNH:6
DA:27,138
DA:28,138
DA:29,138
DA:30,138
DA:31,138
DA:32,138
DA:33,138
DA:34,138
DA:35,1
DA:36,1
DA:37,1
DA:38,1
DA:39,137
DA:40,137
DA:41,137
DA:42,334
DA:43,202
DA:45,123
DA:47,123
DA:51,77
DA:52,77
DA:55,1
DA:56,1
DA:57,1
DA:58,1
DA:59,1
DA:61,1
DA:62,1
DA:63,1
DA:64,1
DA:65,1
DA:68,200
DA:69,1
DA:70,199
DA:71,199
DA:72,197
DA:73,197
DA:75,132
DA:76,138
DA:86,2
DA:87,2
DA:88,2
DA:89,2
DA:91,2
DA:94,1
DA:95,1
DA:96,1
DA:97,1
DA:98,1
DA:99,1
DA:100,1
DA:101,1
DA:102,0
DA:103,1
DA:105,1
DA:106,1
DA:107,1
DA:110,1
DA:111,1
DA:112,1
DA:113,0
DA:114,0
DA:115,1
DA:116,1
DA:119,1
BRF:0
BRH:0
LF:67
LH:58
end_of_record
SF:/var/home/jack/Code/koan/src/parse/whitespace.rs
FN:37,_RNvNtNtCscUx3zdyuqfq_4koan5parse10whitespace12collapse_str
FN:291,_RNvNtNtCscUx3zdyuqfq_4koan5parse10whitespace13adjust_parens
FN:278,_RNvNtNtCscUx3zdyuqfq_4koan5parse10whitespace16line_delim_delta
FN:284,_RNvNtNtCscUx3zdyuqfq_4koan5parse10whitespace16line_paren_delta
FN:31,_RNvNtNtCscUx3zdyuqfq_4koan5parse10whitespace19collapse_whitespace
FN:233,_RNvNtNtCscUx3zdyuqfq_4koan5parse10whitespace19walk_content_cursor
FN:224,_RNvNtNtCscUx3zdyuqfq_4koan5parse10whitespace9emit_jump
FN:55,_RNCNvNtNtCscUx3zdyuqfq_4koan5parse10whitespace12collapse_str0B7_
FN:149,_RNCNvNtNtCscUx3zdyuqfq_4koan5parse10whitespace12collapse_strs0_0B7_
FN:56,_RNCNvNtNtCscUx3zdyuqfq_4koan5parse10whitespace12collapse_strs_0B7_
FN:279,_RNCNvNtNtCscUx3zdyuqfq_4koan5parse10whitespace16line_delim_delta0B7_
FN:280,_RNCNvNtNtCscUx3zdyuqfq_4koan5parse10whitespace16line_delim_deltas_0B7_
FN:285,_RNCNvNtNtCscUx3zdyuqfq_4koan5parse10whitespace16line_paren_delta0B7_
FN:286,_RNCNvNtNtCscUx3zdyuqfq_4koan5parse10whitespace16line_paren_deltas_0B7_
FN:33,_RNCNvNtNtCscUx3zdyuqfq_4koan5parse10whitespace19collapse_whitespace0B7_
FN:252,_RNCNvNtNtCscUx3zdyuqfq_4koan5parse10whitespace19walk_content_cursor0B7_
FN:253,_RNCNvNtNtCscUx3zdyuqfq_4koan5parse10whitespace19walk_content_cursors_0B7_
FN:37,_RNvNtNtCseriWsCb5ev6_4koan5parse10whitespace12collapse_str
FN:291,_RNvNtNtCseriWsCb5ev6_4koan5parse10whitespace13adjust_parens
FN:278,_RNvNtNtCseriWsCb5ev6_4koan5parse10whitespace16line_delim_delta
FN:284,_RNvNtNtCseriWsCb5ev6_4koan5parse10whitespace16line_paren_delta
FN:31,_RNvNtNtCseriWsCb5ev6_4koan5parse10whitespace19collapse_whitespace
FN:233,_RNvNtNtCseriWsCb5ev6_4koan5parse10whitespace19walk_content_cursor
FN:224,_RNvNtNtCseriWsCb5ev6_4koan5parse10whitespace9emit_jump
FN:55,_RNCNvNtNtCseriWsCb5ev6_4koan5parse10whitespace12collapse_str0B7_
FN:149,_RNCNvNtNtCseriWsCb5ev6_4koan5parse10whitespace12collapse_strs0_0B7_
FN:56,_RNCNvNtNtCseriWsCb5ev6_4koan5parse10whitespace12collapse_strs_0B7_
FN:279,_RNCNvNtNtCseriWsCb5ev6_4koan5parse10whitespace16line_delim_delta0B7_
FN:280,_RNCNvNtNtCseriWsCb5ev6_4koan5parse10whitespace16line_delim_deltas_0B7_
FN:285,_RNCNvNtNtCseriWsCb5ev6_4koan5parse10whitespace16line_paren_delta0B7_
FN:286,_RNCNvNtNtCseriWsCb5ev6_4koan5parse10whitespace16line_paren_deltas_0B7_
FN:33,_RNCNvNtNtCseriWsCb5ev6_4koan5parse10whitespace19collapse_whitespace0B7_
FN:252,_RNCNvNtNtCseriWsCb5ev6_4koan5parse10whitespace19walk_content_cursor0B7_
FN:253,_RNCNvNtNtCseriWsCb5ev6_4koan5parse10whitespace19walk_content_cursors_0B7_
FNDA:43,_RNvNtNtCscUx3zdyuqfq_4koan5parse10whitespace12collapse_str
FNDA:103,_RNvNtNtCscUx3zdyuqfq_4koan5parse10whitespace13adjust_parens
FNDA:103,_RNvNtNtCscUx3zdyuqfq_4koan5parse10whitespace16line_delim_delta
FNDA:103,_RNvNtNtCscUx3zdyuqfq_4koan5parse10whitespace16line_paren_delta
FNDA:43,_RNvNtNtCscUx3zdyuqfq_4koan5parse10whitespace19collapse_whitespace
FNDA:103,_RNvNtNtCscUx3zdyuqfq_4koan5parse10whitespace19walk_content_cursor
FNDA:206,_RNvNtNtCscUx3zdyuqfq_4koan5parse10whitespace9emit_jump
FNDA:3577,_RNCNvNtNtCscUx3zdyuqfq_4koan5parse10whitespace12collapse_str0B7_
FNDA:0,_RNCNvNtNtCscUx3zdyuqfq_4koan5parse10whitespace12collapse_strs0_0B7_
FNDA:60,_RNCNvNtNtCscUx3zdyuqfq_4koan5parse10whitespace12collapse_strs_0B7_
FNDA:3517,_RNCNvNtNtCscUx3zdyuqfq_4koan5parse10whitespace16line_delim_delta0B7_
FNDA:3517,_RNCNvNtNtCscUx3zdyuqfq_4koan5parse10whitespace16line_delim_deltas_0B7_
FNDA:3517,_RNCNvNtNtCscUx3zdyuqfq_4koan5parse10whitespace16line_paren_delta0B7_
FNDA:3517,_RNCNvNtNtCscUx3zdyuqfq_4koan5parse10whitespace16line_paren_deltas_0B7_
FNDA:0,_RNCNvNtNtCscUx3zdyuqfq_4koan5parse10whitespace19collapse_whitespace0B7_
FNDA:1,_RNCNvNtNtCscUx3zdyuqfq_4koan5parse10whitespace19walk_content_cursor0B7_
FNDA:0,_RNCNvNtNtCscUx3zdyuqfq_4koan5parse10whitespace19walk_content_cursors_0B7_
FNDA:889,_RNvNtNtCseriWsCb5ev6_4koan5parse10whitespace12collapse_str
FNDA:1331,_RNvNtNtCseriWsCb5ev6_4koan5parse10whitespace13adjust_parens
FNDA:1331,_RNvNtNtCseriWsCb5ev6_4koan5parse10whitespace16line_delim_delta
FNDA:1338,_RNvNtNtCseriWsCb5ev6_4koan5parse10whitespace16line_paren_delta
FNDA:889,_RNvNtNtCseriWsCb5ev6_4koan5parse10whitespace19collapse_whitespace
FNDA:1338,_RNvNtNtCseriWsCb5ev6_4koan5parse10whitespace19walk_content_cursor
FNDA:2599,_RNvNtNtCseriWsCb5ev6_4koan5parse10whitespace9emit_jump
FNDA:36639,_RNCNvNtNtCseriWsCb5ev6_4koan5parse10whitespace12collapse_str0B7_
FNDA:151,_RNCNvNtNtCseriWsCb5ev6_4koan5parse10whitespace12collapse_strs0_0B7_
FNDA:473,_RNCNvNtNtCseriWsCb5ev6_4koan5parse10whitespace12collapse_strs_0B7_
FNDA:35860,_RNCNvNtNtCseriWsCb5ev6_4koan5parse10whitespace16line_delim_delta0B7_
FNDA:35860,_RNCNvNtNtCseriWsCb5ev6_4koan5parse10whitespace16line_delim_deltas_0B7_
FNDA:35882,_RNCNvNtNtCseriWsCb5ev6_4koan5parse10whitespace16line_paren_delta0B7_
FNDA:35882,_RNCNvNtNtCseriWsCb5ev6_4koan5parse10whitespace16line_paren_deltas_0B7_
FNDA:0,_RNCNvNtNtCseriWsCb5ev6_4koan5parse10whitespace19collapse_whitespace0B7_
FNDA:222,_RNCNvNtNtCseriWsCb5ev6_4koan5parse10whitespace19walk_content_cursor0B7_
FNDA:0,_RNCNvNtNtCseriWsCb5ev6_4koan5parse10whitespace19walk_content_cursors_0B7_
FNF:17
FNH:15
DA:31,932
DA:32,932
DA:33,932
DA:34,932
DA:35,932
DA:37,932
DA:38,932
DA:39,932
DA:40,932
DA:41,932
DA:42,932
DA:45,932
DA:47,932
DA:48,932
DA:49,932
DA:50,932
DA:52,2389
DA:53,1464
DA:54,1464
DA:55,40216
DA:56,1464
DA:57,1464
DA:59,1464
DA:60,1464
DA:61,1464
DA:62,1464
DA:64,1464
DA:66,1464
DA:70,23
DA:71,23
DA:72,23
DA:73,8
DA:75,15
DA:77,23
DA:78,23
DA:79,1441
DA:81,1441
DA:83,1441
DA:84,1441
DA:86,1441
DA:87,1441
DA:89,1441
DA:90,1441
DA:91,1441
DA:92,1441
DA:93,1441
DA:117,1441
DA:118,54
DA:119,54
DA:120,1387
DA:123,1387
DA:124,32
DA:127,12
DA:128,1
DA:129,1
DA:130,1
DA:131,1
DA:132,1
DA:133,11
DA:134,11
DA:135,11
DA:136,20
DA:137,20
DA:140,1
DA:141,1
DA:142,1
DA:143,1
DA:144,1
DA:145,1
DA:146,19
DA:147,1355
DA:149,1374
DA:150,3
DA:151,3
DA:152,3
DA:153,3
DA:154,3
DA:155,3
DA:156,3
DA:157,3
DA:158,1371
DA:159,1371
DA:160,2
DA:161,2
DA:162,2
DA:163,2
DA:164,2
DA:165,2
DA:166,2
DA:167,2
DA:168,1369
DA:170,1782
DA:171,462
DA:172,413
DA:173,413
DA:174,413
DA:175,413
DA:176,49
DA:182,1369
DA:183,439
DA:184,930
DA:188,1369
DA:189,1369
DA:190,11
DA:191,11
DA:192,11
DA:193,11
DA:194,11
DA:195,1358
DA:196,1358
DA:197,1358
DA:198,1358
DA:199,1358
DA:201,1369
DA:202,1369
DA:203,1369
DA:204,1369
DA:205,1369
DA:207,1369
DA:208,1369
DA:209,493
DA:211,876
DA:213,1369
DA:216,1872
DA:217,947
DA:218,947
DA:219,947
DA:221,925
DA:222,932
DA:224,2805
DA:225,2805
DA:226,2805
DA:227,2805
DA:228,2805
DA:233,1441
DA:234,1441
DA:235,1441
DA:236,39444
DA:237,38003
DA:238,38003
DA:239,223
DA:240,223
DA:241,715
DA:242,492
DA:243,492
DA:244,223
DA:245,0
DA:246,223
DA:247,223
DA:248,0
DA:249,223
DA:250,223
DA:251,223
DA:252,223
DA:253,223
DA:254,223
DA:255,37780
DA:256,223
DA:257,446
DA:258,223
DA:259,223
DA:260,223
DA:261,0
DA:262,223
DA:263,223
DA:264,458
DA:265,235
DA:266,235
DA:267,223
DA:268,37557
DA:269,37557
DA:270,37557
DA:271,37557
DA:273,1441
DA:274,1441
DA:278,1434
DA:279,39377
DA:280,39377
DA:281,1434
DA:282,1434
DA:284,1441
DA:285,39399
DA:286,39399
DA:287,1441
DA:288,1441
DA:291,1434
DA:292,1434
DA:293,15
DA:294,15
DA:295,15
DA:297,1419
DA:298,13
DA:299,13
DA:301,1434
BRF:0
BRH:0
LF:204
LH:199
end_of_record