SF:/var/home/jack/Code/koan/src/builtins.rs
FN:114,_RNvNtCscUx3zdyuqfq_4koan8builtins13default_scope
FN:65,_RNvNtCscUx3zdyuqfq_4koan8builtins16register_builtin
FN:89,_RNvNtCscUx3zdyuqfq_4koan8builtins21register_builtin_full
FN:76,_RNvNtCscUx3zdyuqfq_4koan8builtins28register_builtin_with_binder
FN:41,_RNvNtCscUx3zdyuqfq_4koan8builtins2kw
FN:46,_RNvNtCscUx3zdyuqfq_4koan8builtins3arg
FN:36,_RNvNtCscUx3zdyuqfq_4koan8builtins3err
FN:55,_RNvNtCscUx3zdyuqfq_4koan8builtins3sig
FN:114,_RNvNtCseriWsCb5ev6_4koan8builtins13default_scope
FN:65,_RNvNtCseriWsCb5ev6_4koan8builtins16register_builtin
FN:89,_RNvNtCseriWsCb5ev6_4koan8builtins21register_builtin_full
FN:76,_RNvNtCseriWsCb5ev6_4koan8builtins28register_builtin_with_binder
FN:41,_RNvNtCseriWsCb5ev6_4koan8builtins2kw
FN:46,_RNvNtCseriWsCb5ev6_4koan8builtins3arg
FN:36,_RNvNtCseriWsCb5ev6_4koan8builtins3err
FN:55,_RNvNtCseriWsCb5ev6_4koan8builtins3sig
FNDA:42,_RNvNtCscUx3zdyuqfq_4koan8builtins13default_scope
FNDA:1176,_RNvNtCscUx3zdyuqfq_4koan8builtins16register_builtin
FNDA:1764,_RNvNtCscUx3zdyuqfq_4koan8builtins21register_builtin_full
FNDA:1554,_RNvNtCscUx3zdyuqfq_4koan8builtins28register_builtin_with_binder
FNDA:2940,_RNvNtCscUx3zdyuqfq_4koan8builtins2kw
FNDA:3486,_RNvNtCscUx3zdyuqfq_4koan8builtins3arg
FNDA:1,_RNvNtCscUx3zdyuqfq_4koan8builtins3err
FNDA:1764,_RNvNtCscUx3zdyuqfq_4koan8builtins3sig
FNDA:519,_RNvNtCseriWsCb5ev6_4koan8builtins13default_scope
FNDA:14556,_RNvNtCseriWsCb5ev6_4koan8builtins16register_builtin
FNDA:21823,_RNvNtCseriWsCb5ev6_4koan8builtins21register_builtin_full
FNDA:19228,_RNvNtCseriWsCb5ev6_4koan8builtins28register_builtin_with_binder
FNDA:36330,_RNvNtCseriWsCb5ev6_4koan8builtins2kw
FNDA:43077,_RNvNtCseriWsCb5ev6_4koan8builtins3arg
FNDA:62,_RNvNtCseriWsCb5ev6_4koan8builtins3err
FNDA:21798,_RNvNtCseriWsCb5ev6_4koan8builtins3sig
FNF:8
FNH:8
DA:36,63
DA:37,63
DA:38,63
DA:41,39270
DA:42,39270
DA:43,39270
DA:46,46563
DA:47,46563
DA:48,46563
DA:49,46563
DA:50,46563
DA:51,46563
DA:55,23562
DA:56,23562
DA:57,23562
DA:58,23562
DA:59,23562
DA:60,23562
DA:61,23562
DA:62,23562
DA:63,23562
DA:65,15732
DA:66,15732
DA:67,15732
DA:68,15732
DA:69,15732
DA:70,15732
DA:71,15732
DA:72,15732
DA:76,20782
DA:77,20782
DA:78,20782
DA:79,20782
DA:80,20782
DA:81,20782
DA:82,20782
DA:83,20782
DA:84,20782
DA:89,23587
DA:90,23587
DA:91,23587
DA:92,23587
DA:93,23587
DA:94,23587
DA:95,23587
DA:96,23587
DA:97,23587
DA:98,23587
DA:99,23587
DA:100,23587
DA:101,23587
DA:102,23587
DA:103,23587
DA:104,23587
DA:105,23587
DA:106,23587
DA:107,23587
DA:108,23587
DA:109,23587
DA:114,561
DA:115,561
DA:116,561
DA:117,561
DA:118,561
DA:120,561
DA:121,561
DA:122,561
DA:123,561
DA:124,561
DA:125,561
DA:126,561
DA:129,561
DA:130,561
DA:131,561
DA:134,561
DA:135,561
DA:136,561
DA:139,561
DA:142,561
DA:143,561
DA:144,561
DA:145,561
DA:146,561
DA:149,561
DA:150,561
DA:151,561
DA:152,561
DA:153,561
DA:156,561
DA:157,561
DA:158,561
DA:159,561
DA:162,561
DA:164,561
DA:165,561
DA:166,561
DA:167,561
DA:168,561
DA:169,561
DA:170,561
DA:171,561
DA:172,561
DA:173,561
DA:174,561
DA:175,561
DA:176,561
DA:177,561
DA:178,561
DA:179,561
DA:180,561
DA:181,561
DA:182,561
DA:183,561
DA:184,561
DA:185,561
DA:186,561
DA:188,561
DA:189,561
BRF:0
BRH:0
LF:118
LH:118
end_of_record
SF:/var/home/jack/Code/koan/src/builtins/ascribe.rs
FN:223,_RNCNvNtNtCscUx3zdyuqfq_4koan8builtins7ascribe21is_abstract_type_name0B7_
FN:17,_RNvNtNtCscUx3zdyuqfq_4koan8builtins7ascribe11body_opaque
FN:163,_RNvNtNtCscUx3zdyuqfq_4koan8builtins7ascribe11shape_check
FN:136,_RNvNtNtCscUx3zdyuqfq_4koan8builtins7ascribe16body_transparent
FN:215,_RNvNtNtCscUx3zdyuqfq_4koan8builtins7ascribe21is_abstract_type_name
FN:201,_RNvNtNtCscUx3zdyuqfq_4koan8builtins7ascribe22abstract_type_names_of
FN:226,_RNvNtNtCscUx3zdyuqfq_4koan8builtins7ascribe28resolve_module_and_signature
FN:240,_RNvNtNtCscUx3zdyuqfq_4koan8builtins7ascribe8register
FN:17,_RNvNtNtCseriWsCb5ev6_4koan8builtins7ascribe11body_opaque
FN:163,_RNvNtNtCseriWsCb5ev6_4koan8builtins7ascribe11shape_check
FN:136,_RNvNtNtCseriWsCb5ev6_4koan8builtins7ascribe16body_transparent
FN:215,_RNvNtNtCseriWsCb5ev6_4koan8builtins7ascribe21is_abstract_type_name
FN:201,_RNvNtNtCseriWsCb5ev6_4koan8builtins7ascribe22abstract_type_names_of
FN:226,_RNvNtNtCseriWsCb5ev6_4koan8builtins7ascribe28resolve_module_and_signature
FN:240,_RNvNtNtCseriWsCb5ev6_4koan8builtins7ascribe8register
FN:223,_RNCNvNtNtCseriWsCb5ev6_4koan8builtins7ascribe21is_abstract_type_name0B7_
FNDA:0,_RNCNvNtNtCscUx3zdyuqfq_4koan8builtins7ascribe21is_abstract_type_name0B7_
FNDA:1,_RNvNtNtCscUx3zdyuqfq_4koan8builtins7ascribe11body_opaque
FNDA:5,_RNvNtNtCscUx3zdyuqfq_4koan8builtins7ascribe11shape_check
FNDA:4,_RNvNtNtCscUx3zdyuqfq_4koan8builtins7ascribe16body_transparent
FNDA:21,_RNvNtNtCscUx3zdyuqfq_4koan8builtins7ascribe21is_abstract_type_name
FNDA:6,_RNvNtNtCscUx3zdyuqfq_4koan8builtins7ascribe22abstract_type_names_of
FNDA:5,_RNvNtNtCscUx3zdyuqfq_4koan8builtins7ascribe28resolve_module_and_signature
FNDA:42,_RNvNtNtCscUx3zdyuqfq_4koan8builtins7ascribe8register
FNDA:21,_RNvNtNtCseriWsCb5ev6_4koan8builtins7ascribe11body_opaque
FNDA:39,_RNvNtNtCseriWsCb5ev6_4koan8builtins7ascribe11shape_check
FNDA:18,_RNvNtNtCseriWsCb5ev6_4koan8builtins7ascribe16body_transparent
FNDA:136,_RNvNtNtCseriWsCb5ev6_4koan8builtins7ascribe21is_abstract_type_name
FNDA:67,_RNvNtNtCseriWsCb5ev6_4koan8builtins7ascribe22abstract_type_names_of
FNDA:39,_RNvNtNtCseriWsCb5ev6_4koan8builtins7ascribe28resolve_module_and_signature
FNDA:519,_RNvNtNtCseriWsCb5ev6_4koan8builtins7ascribe8register
FNDA:9,_RNCNvNtNtCseriWsCb5ev6_4koan8builtins7ascribe21is_abstract_type_name0B7_
FNF:8
FNH:8
DA:17,22
DA:18,22
DA:19,22
DA:20,22
DA:21,22
DA:22,22
DA:23,22
DA:24,0
DA:27,22
DA:28,22
DA:29,22
DA:30,22
DA:33,22
DA:34,22
DA:35,0
DA:36,22
DA:38,22
DA:42,22
DA:44,22
DA:45,22
DA:50,15
DA:51,3
DA:52,3
DA:55,3
DA:56,3
DA:57,3
DA:59,0
DA:63,3
DA:64,3
DA:65,3
DA:66,3
DA:68,3
DA:69,3
DA:70,3
DA:71,3
DA:72,3
DA:73,3
DA:74,3
DA:75,3
DA:76,3
DA:78,12
DA:79,12
DA:80,12
DA:81,12
DA:83,15
DA:86,22
DA:87,15
DA:88,15
DA:89,15
DA:90,15
DA:91,7
DA:100,22
DA:101,22
DA:102,22
DA:105,3
DA:106,3
DA:108,3
DA:109,3
DA:110,3
DA:111,16
DA:113,22
DA:114,22
DA:115,3
DA:116,3
DA:117,3
DA:118,3
DA:119,19
DA:122,22
DA:123,2
DA:124,20
DA:126,20
DA:128,20
DA:129,20
DA:130,20
DA:131,20
DA:132,20
DA:133,22
DA:136,22
DA:137,22
DA:138,22
DA:139,22
DA:140,22
DA:141,22
DA:142,22
DA:143,0
DA:145,22
DA:146,0
DA:147,22
DA:149,22
DA:150,22
DA:151,22
DA:152,22
DA:153,22
DA:154,22
DA:155,22
DA:156,22
DA:157,22
DA:158,22
DA:159,22
DA:160,22
DA:163,44
DA:164,44
DA:165,44
DA:166,44
DA:167,44
DA:168,44
DA:169,44
DA:170,44
DA:171,44
DA:172,44
DA:173,44
DA:174,44
DA:175,44
DA:176,44
DA:177,44
DA:178,44
DA:179,44
DA:180,44
DA:181,44
DA:182,44
DA:183,44
DA:184,44
DA:185,41
DA:186,0
DA:187,41
DA:188,41
DA:189,2
DA:190,2
DA:191,2
DA:192,2
DA:193,39
DA:195,42
DA:196,44
DA:201,73
DA:202,73
DA:203,73
DA:204,73
DA:205,73
DA:206,67
DA:207,0
DA:208,67
DA:210,73
DA:211,73
DA:215,157
DA:216,157
DA:217,157
DA:218,0
DA:220,157
DA:221,148
DA:222,9
DA:223,9
DA:224,157
DA:226,44
DA:227,44
DA:228,44
DA:229,44
DA:230,44
DA:231,44
DA:232,44
DA:233,44
DA:234,44
DA:235,44
DA:236,44
DA:237,44
DA:238,44
DA:240,561
DA:244,561
DA:245,561
DA:246,561
DA:247,561
DA:248,561
DA:249,561
DA:250,561
DA:251,561
DA:252,561
DA:255,561
DA:257,561
DA:258,561
DA:259,561
DA:260,561
DA:261,561
DA:262,561
DA:263,561
DA:264,561
DA:265,561
DA:268,561
DA:270,561
BRF:0
BRH:0
LF:188
LH:180
end_of_record
SF:/var/home/jack/Code/koan/src/builtins/attr.rs
FN:126,_RNvNtNtCscUx3zdyuqfq_4koan8builtins4attr11body_module
FN:110,_RNvNtNtCscUx3zdyuqfq_4koan8builtins4attr11body_struct
FN:166,_RNvNtNtCscUx3zdyuqfq_4koan8builtins4attr12access_field
FN:76,_RNvNtNtCscUx3zdyuqfq_4koan8builtins4attr13body_type_lhs
FN:22,_RNvNtNtCscUx3zdyuqfq_4koan8builtins4attr15body_identifier
FN:152,_RNvNtNtCscUx3zdyuqfq_4koan8builtins4attr15read_field_name
FN:235,_RNvNtNtCscUx3zdyuqfq_4koan8builtins4attr20access_module_member
FN:263,_RNvNtNtCscUx3zdyuqfq_4koan8builtins4attr8register
FN:417,_RNvNtNtNtCseriWsCb5ev6_4koan8builtins4attr5testss_24attr_unbound_name_errors
FN:444,_RNvNtNtNtCseriWsCb5ev6_4koan8builtins4attr5testss_25attr_unknown_field_errors
FN:428,_RNvNtNtNtCseriWsCb5ev6_4koan8builtins4attr5testss_31attr_on_non_struct_value_errors
FN:460,_RNvNtNtNtCseriWsCb5ev6_4koan8builtins4attr5testss_33attr_chained_unknown_field_errors
FN:401,_RNvNtNtNtCseriWsCb5ev6_4koan8builtins4attr5testss_34attr_chained_through_nested_struct
FN:377,_RNvNtNtNtCseriWsCb5ev6_4koan8builtins4attr5testss_34attr_reads_field_from_named_struct
FN:389,_RNvNtNtNtCseriWsCb5ev6_4koan8builtins4attr5testss_35attr_reads_each_field_independently
FN:497,_RNvNtNtNtCseriWsCb5ev6_4koan8builtins4attr5testss_39access_field_rejects_wrapped_non_struct
FN:481,_RNvNtNtNtCseriWsCb5ev6_4koan8builtins4attr5testss_41access_field_falls_through_wrapped_struct
FN:541,_RNvNtNtNtCseriWsCb5ev6_4koan8builtins4attr5testss_41transparent_view_slot_read_stays_concrete
FN:520,_RNvNtNtNtCseriWsCb5ev6_4koan8builtins4attr5testss_48opaque_view_slot_read_re_tags_with_abstract_type
FN:561,_RNvNtNtNtCseriWsCb5ev6_4koan8builtins4attr5testss_53access_field_falls_through_wrapped_with_missing_field
FN:126,_RNvNtNtCseriWsCb5ev6_4koan8builtins4attr11body_module
FN:110,_RNvNtNtCseriWsCb5ev6_4koan8builtins4attr11body_struct
FN:166,_RNvNtNtCseriWsCb5ev6_4koan8builtins4attr12access_field
FN:76,_RNvNtNtCseriWsCb5ev6_4koan8builtins4attr13body_type_lhs
FN:22,_RNvNtNtCseriWsCb5ev6_4koan8builtins4attr15body_identifier
FN:152,_RNvNtNtCseriWsCb5ev6_4koan8builtins4attr15read_field_name
FN:235,_RNvNtNtCseriWsCb5ev6_4koan8builtins4attr20access_module_member
FN:263,_RNvNtNtCseriWsCb5ev6_4koan8builtins4attr8register
FNDA:7,_RNvNtNtCscUx3zdyuqfq_4koan8builtins4attr11body_module
FNDA:1,_RNvNtNtCscUx3zdyuqfq_4koan8builtins4attr11body_struct
FNDA:1,_RNvNtNtCscUx3zdyuqfq_4koan8builtins4attr12access_field
FNDA:0,_RNvNtNtCscUx3zdyuqfq_4koan8builtins4attr13body_type_lhs
FNDA:1,_RNvNtNtCscUx3zdyuqfq_4koan8builtins4attr15body_identifier
FNDA:9,_RNvNtNtCscUx3zdyuqfq_4koan8builtins4attr15read_field_name
FNDA:7,_RNvNtNtCscUx3zdyuqfq_4koan8builtins4attr20access_module_member
FNDA:42,_RNvNtNtCscUx3zdyuqfq_4koan8builtins4attr8register
FNDA:1,_RNvNtNtNtCseriWsCb5ev6_4koan8builtins4attr5testss_24attr_unbound_name_errors
FNDA:1,_RNvNtNtNtCseriWsCb5ev6_4koan8builtins4attr5testss_25attr_unknown_field_errors
FNDA:1,_RNvNtNtNtCseriWsCb5ev6_4koan8builtins4attr5testss_31attr_on_non_struct_value_errors
FNDA:1,_RNvNtNtNtCseriWsCb5ev6_4koan8builtins4attr5testss_33attr_chained_unknown_field_errors
FNDA:1,_RNvNtNtNtCseriWsCb5ev6_4koan8builtins4attr5testss_34attr_chained_through_nested_struct
FNDA:1,_RNvNtNtNtCseriWsCb5ev6_4koan8builtins4attr5testss_34attr_reads_field_from_named_struct
FNDA:1,_RNvNtNtNtCseriWsCb5ev6_4koan8builtins4attr5testss_35attr_reads_each_field_independently
FNDA:1,_RNvNtNtNtCseriWsCb5ev6_4koan8builtins4attr5testss_39access_field_rejects_wrapped_non_struct
FNDA:1,_RNvNtNtNtCseriWsCb5ev6_4koan8builtins4attr5testss_41access_field_falls_through_wrapped_struct
FNDA:1,_RNvNtNtNtCseriWsCb5ev6_4koan8builtins4attr5testss_41transparent_view_slot_read_stays_concrete
FNDA:1,_RNvNtNtNtCseriWsCb5ev6_4koan8builtins4attr5testss_48opaque_view_slot_read_re_tags_with_abstract_type
FNDA:1,_RNvNtNtNtCseriWsCb5ev6_4koan8builtins4attr5testss_53access_field_falls_through_wrapped_with_missing_field
FNDA:11,_RNvNtNtCseriWsCb5ev6_4koan8builtins4attr11body_module
FNDA:17,_RNvNtNtCseriWsCb5ev6_4koan8builtins4attr11body_struct
FNDA:24,_RNvNtNtCseriWsCb5ev6_4koan8builtins4attr12access_field
FNDA:1,_RNvNtNtCseriWsCb5ev6_4koan8builtins4attr13body_type_lhs
FNDA:7,_RNvNtNtCseriWsCb5ev6_4koan8builtins4attr15body_identifier
FNDA:36,_RNvNtNtCseriWsCb5ev6_4koan8builtins4attr15read_field_name
FNDA:14,_RNvNtNtCseriWsCb5ev6_4koan8builtins4attr20access_module_member
FNDA:519,_RNvNtNtCseriWsCb5ev6_4koan8builtins4attr8register
FNF:20
FNH:20
DA:22,8
DA:23,8
DA:24,8
DA:25,8
DA:26,8
DA:27,8
DA:28,8
DA:29,0
DA:30,0
DA:31,0
DA:32,0
DA:33,0
DA:34,0
DA:36,0
DA:38,8
DA:39,8
DA:40,8
DA:41,0
DA:46,8
DA:47,3
DA:48,5
DA:49,5
DA:50,0
DA:51,3
DA:53,0
DA:56,0
DA:60,0
DA:64,0
DA:66,2
DA:67,2
DA:68,8
DA:76,1
DA:77,1
DA:78,1
DA:79,1
DA:80,1
DA:81,1
DA:82,0
DA:83,1
DA:84,0
DA:85,0
DA:86,0
DA:87,0
DA:88,0
DA:89,0
DA:91,0
DA:93,1
DA:94,1
DA:95,0
DA:102,1
DA:103,1
DA:104,0
DA:105,1
DA:107,0
DA:108,1
DA:110,18
DA:111,18
DA:112,18
DA:113,18
DA:114,18
DA:115,18
DA:116,18
DA:117,0
DA:119,18
DA:120,18
DA:121,0
DA:123,18
DA:124,18
DA:126,18
DA:127,18
DA:128,18
DA:129,18
DA:130,18
DA:131,18
DA:132,18
DA:133,0
DA:135,18
DA:136,18
DA:137,0
DA:139,18
DA:140,18
DA:142,0
DA:143,0
DA:144,0
DA:145,0
DA:146,0
DA:149,18
DA:150,18
DA:152,45
DA:153,45
DA:154,40
DA:155,0
DA:156,5
DA:157,0
DA:158,0
DA:159,0
DA:160,0
DA:161,0
DA:162,0
DA:164,45
DA:166,25
DA:167,0
DA:169,17
DA:170,17
DA:171,14
DA:172,3
DA:173,3
DA:174,3
DA:175,3
DA:176,3
DA:178,0
DA:180,0
DA:181,0
DA:182,0
DA:183,0
DA:184,0
DA:185,0
DA:186,0
DA:187,0
DA:188,0
DA:189,0
DA:190,0
DA:191,0
DA:192,0
DA:193,0
DA:199,0
DA:201,0
DA:205,4
DA:206,4
DA:207,4
DA:208,4
DA:209,4
DA:210,4
DA:212,25
DA:235,21
DA:236,21
DA:237,21
DA:238,5
DA:239,16
DA:240,16
DA:241,15
DA:242,2
DA:243,2
DA:244,2
DA:245,2
DA:246,2
DA:247,13
DA:248,13
DA:249,1
DA:250,1
DA:251,0
DA:252,0
DA:253,0
DA:254,0
DA:255,0
DA:256,1
DA:257,1
DA:258,1
DA:259,1
DA:260,1
DA:261,21
DA:263,561
DA:264,561
DA:265,561
DA:266,561
DA:267,561
DA:268,561
DA:269,561
DA:270,561
DA:272,561
DA:273,561
DA:274,561
DA:275,561
DA:276,561
DA:277,561
DA:278,561
DA:279,561
DA:280,561
DA:283,561
DA:285,561
DA:286,561
DA:287,561
DA:288,561
DA:289,561
DA:290,561
DA:291,561
DA:292,561
DA:293,561
DA:296,561
DA:298,561
DA:299,561
DA:300,561
DA:301,561
DA:302,561
DA:303,561
DA:304,561
DA:305,561
DA:306,561
DA:309,561
DA:315,561
DA:316,561
DA:317,561
DA:318,561
DA:319,561
DA:320,561
DA:321,561
DA:322,561
DA:323,561
DA:326,561
DA:328,561
DA:329,561
DA:330,561
DA:331,561
DA:332,561
DA:333,561
DA:334,561
DA:335,561
DA:336,561
DA:339,561
DA:341,561
DA:342,561
DA:343,561
DA:344,561
DA:345,561
DA:346,561
DA:347,561
DA:348,561
DA:349,561
DA:352,561
DA:355,561
DA:356,561
DA:357,561
DA:358,561
DA:359,561
DA:360,561
DA:361,561
DA:362,561
DA:363,561
DA:366,561
DA:368,561
DA:377,1
DA:378,1
DA:379,1
DA:380,1
DA:381,1
DA:382,1
DA:384,1
DA:385,1
DA:386,1
DA:389,1
DA:390,1
DA:391,1
DA:392,1
DA:393,1
DA:394,1
DA:396,1
DA:397,1
DA:398,1
DA:401,1
DA:402,1
DA:403,1
DA:404,1
DA:405,1
DA:406,1
DA:407,1
DA:408,1
DA:409,1
DA:410,1
DA:412,1
DA:413,1
DA:414,1
DA:417,1
DA:418,1
DA:419,1
DA:420,1
DA:421,1
DA:422,1
DA:425,1
DA:428,1
DA:429,1
DA:430,1
DA:431,1
DA:432,1
DA:433,1
DA:434,1
DA:435,1
DA:436,1
DA:437,1
DA:439,0
DA:441,1
DA:444,1
DA:445,1
DA:446,1
DA:447,1
DA:448,1
DA:449,1
DA:451,1
DA:452,1
DA:453,1
DA:454,1
DA:457,1
DA:460,1
DA:461,1
DA:462,1
DA:463,1
DA:464,1
DA:465,1
DA:466,1
DA:467,1
DA:468,1
DA:469,1
DA:471,1
DA:472,1
DA:473,1
DA:474,1
DA:477,1
DA:481,1
DA:482,1
DA:483,1
DA:484,1
DA:485,1
DA:486,1
DA:487,1
DA:488,1
DA:489,1
DA:491,1
DA:492,1
DA:493,1
DA:497,1
DA:498,1
DA:499,1
DA:500,1
DA:501,1
DA:502,1
DA:503,1
DA:505,1
DA:506,1
DA:507,1
DA:508,1
DA:509,1
DA:510,1
DA:512,0
DA:514,1
DA:520,1
DA:521,1
DA:522,1
DA:523,1
DA:524,1
DA:525,1
DA:526,1
DA:527,1
DA:529,1
DA:530,1
DA:531,1
DA:534,0
DA:536,1
DA:541,1
DA:542,1
DA:543,1
DA:544,1
DA:545,1
DA:546,1
DA:547,1
DA:548,1
DA:550,1
DA:551,1
DA:552,1
DA:554,0
DA:556,1
DA:561,1
DA:562,1
DA:563,1
DA:564,1
DA:565,1
DA:566,1
DA:567,1
DA:568,1
DA:569,1
DA:571,1
DA:572,1
DA:573,1
DA:574,1
DA:577,1
BRF:0
BRH:0
LF:383
LH:316
end_of_record
SF:/var/home/jack/Code/koan/src/builtins/branch_walk.rs
FN:55,_RNvNtNtCscUx3zdyuqfq_4koan8builtins11branch_walk16find_branch_body
FN:22,_RNvNtNtCscUx3zdyuqfq_4koan8builtins11branch_walk27resolve_arm_return_contract
FN:33,_RNCNvNtNtCscUx3zdyuqfq_4koan8builtins11branch_walk27resolve_arm_return_contract0B7_
FN:33,_RNCNvNtNtCseriWsCb5ev6_4koan8builtins11branch_walk27resolve_arm_return_contract0B7_
FN:55,_RNvNtNtCseriWsCb5ev6_4koan8builtins11branch_walk16find_branch_body
FN:22,_RNvNtNtCseriWsCb5ev6_4koan8builtins11branch_walk27resolve_arm_return_contract
FNDA:0,_RNvNtNtCscUx3zdyuqfq_4koan8builtins11branch_walk16find_branch_body
FNDA:0,_RNvNtNtCscUx3zdyuqfq_4koan8builtins11branch_walk27resolve_arm_return_contract
FNDA:0,_RNCNvNtNtCscUx3zdyuqfq_4koan8builtins11branch_walk27resolve_arm_return_contract0B7_
FNDA:0,_RNCNvNtNtCseriWsCb5ev6_4koan8builtins11branch_walk27resolve_arm_return_contract0B7_
FNDA:89,_RNvNtNtCseriWsCb5ev6_4koan8builtins11branch_walk16find_branch_body
FNDA:89,_RNvNtNtCseriWsCb5ev6_4koan8builtins11branch_walk27resolve_arm_return_contract
FNF:3
FNH:2
DA:22,89
DA:23,89
DA:24,89
DA:25,89
DA:26,89
DA:27,89
DA:28,89
DA:29,89
DA:31,0
DA:32,0
DA:33,0
DA:34,0
DA:35,0
DA:36,0
DA:37,0
DA:38,0
DA:41,0
DA:42,0
DA:43,0
DA:46,89
DA:47,89
DA:48,89
DA:49,89
DA:50,89
DA:55,89
DA:56,89
DA:57,89
DA:58,89
DA:59,89
DA:60,89
DA:61,89
DA:62,0
DA:63,0
DA:64,0
DA:65,0
DA:66,89
DA:67,89
DA:68,89
DA:69,130
DA:70,122
DA:71,122
DA:72,122
DA:73,122
DA:74,109
DA:77,9
DA:78,9
DA:79,6
DA:81,3
DA:85,4
DA:86,0
DA:87,0
DA:88,0
DA:89,0
DA:90,0
DA:93,122
DA:94,122
DA:95,0
DA:96,0
DA:97,0
DA:98,0
DA:99,0
DA:102,122
DA:103,120
DA:104,2
DA:105,2
DA:106,2
DA:107,2
DA:108,2
DA:111,120
DA:112,79
DA:113,41
DA:114,41
DA:115,4
DA:116,37
DA:117,41
DA:119,8
DA:120,89
BRF:0
BRH:0
LF:79
LH:52
end_of_record
SF:/var/home/jack/Code/koan/src/builtins/catch.rs
FN:39,_RNCNvNtNtCscUx3zdyuqfq_4koan8builtins5catch4body0B7_
FN:18,_RNvNtNtCscUx3zdyuqfq_4koan8builtins5catch4body
FN:60,_RNvNtNtCscUx3zdyuqfq_4koan8builtins5catch8register
FN:18,_RNvNtNtCseriWsCb5ev6_4koan8builtins5catch4body
FN:60,_RNvNtNtCseriWsCb5ev6_4koan8builtins5catch8register
FN:39,_RNCNvNtNtCseriWsCb5ev6_4koan8builtins5catch4body0B7_
FNDA:0,_RNCNvNtNtCscUx3zdyuqfq_4koan8builtins5catch4body0B7_
FNDA:0,_RNvNtNtCscUx3zdyuqfq_4koan8builtins5catch4body
FNDA:42,_RNvNtNtCscUx3zdyuqfq_4koan8builtins5catch8register
FNDA:8,_RNvNtNtCseriWsCb5ev6_4koan8builtins5catch4body
FNDA:519,_RNvNtNtCseriWsCb5ev6_4koan8builtins5catch8register
FNDA:8,_RNCNvNtNtCseriWsCb5ev6_4koan8builtins5catch4body0B7_
FNF:3
FNH:3
DA:18,8
DA:19,8
DA:20,8
DA:21,8
DA:22,8
DA:23,8
DA:24,8
DA:26,0
DA:27,0
DA:28,0
DA:34,8
DA:35,8
DA:36,0
DA:38,8
DA:39,8
DA:40,8
DA:41,4
DA:42,4
DA:44,8
DA:45,8
DA:46,8
DA:47,8
DA:48,8
DA:49,8
DA:50,8
DA:51,8
DA:52,8
DA:53,8
DA:54,8
DA:55,8
DA:56,8
DA:57,8
DA:58,8
DA:60,561
DA:61,561
DA:62,561
DA:63,561
DA:64,561
DA:65,561
DA:66,561
DA:67,561
DA:68,561
DA:70,561
DA:72,561
BRF:0
BRH:0
LF:45
LH:41
end_of_record
SF:/var/home/jack/Code/koan/src/builtins/eval.rs
FN:16,_RNvNtNtCscUx3zdyuqfq_4koan8builtins4eval4body
FN:47,_RNvNtNtCscUx3zdyuqfq_4koan8builtins4eval8register
FN:63,_RNvNtNtNtCseriWsCb5ev6_4koan8builtins4eval5tests11run_program
FN:120,_RNvNtNtNtCseriWsCb5ev6_4koan8builtins4eval5testss_21recursive_eval_no_uaf
FN:72,_RNvNtNtNtCseriWsCb5ev6_4koan8builtins4eval5testss_22eval_of_quoted_literal
FN:106,_RNvNtNtNtCseriWsCb5ev6_4koan8builtins4eval5testss_34multiline_sigil_collapse_roundtrip
FN:112,_RNvNtNtNtCseriWsCb5ev6_4koan8builtins4eval5testss_35eval_returns_inner_expression_value
FN:100,_RNvNtNtNtCseriWsCb5ev6_4koan8builtins4eval5testss_37eval_runs_side_effects_in_quoted_body
FN:78,_RNvNtNtNtCseriWsCb5ev6_4koan8builtins4eval5testss_38eval_of_function_returning_kexpression
FN:87,_RNvNtNtNtCseriWsCb5ev6_4koan8builtins4eval5testss_49eval_of_non_kexpression_errors_with_type_mismatch
FN:16,_RNvNtNtCseriWsCb5ev6_4koan8builtins4eval4body
FN:47,_RNvNtNtCseriWsCb5ev6_4koan8builtins4eval8register
FNDA:0,_RNvNtNtCscUx3zdyuqfq_4koan8builtins4eval4body
FNDA:42,_RNvNtNtCscUx3zdyuqfq_4koan8builtins4eval8register
FNDA:6,_RNvNtNtNtCseriWsCb5ev6_4koan8builtins4eval5tests11run_program
FNDA:1,_RNvNtNtNtCseriWsCb5ev6_4koan8builtins4eval5testss_21recursive_eval_no_uaf
FNDA:1,_RNvNtNtNtCseriWsCb5ev6_4koan8builtins4eval5testss_22eval_of_quoted_literal
FNDA:1,_RNvNtNtNtCseriWsCb5ev6_4koan8builtins4eval5testss_34multiline_sigil_collapse_roundtrip
FNDA:1,_RNvNtNtNtCseriWsCb5ev6_4koan8builtins4eval5testss_35eval_returns_inner_expression_value
FNDA:1,_RNvNtNtNtCseriWsCb5ev6_4koan8builtins4eval5testss_37eval_runs_side_effects_in_quoted_body
FNDA:1,_RNvNtNtNtCseriWsCb5ev6_4koan8builtins4eval5testss_38eval_of_function_returning_kexpression
FNDA:1,_RNvNtNtNtCseriWsCb5ev6_4koan8builtins4eval5testss_49eval_of_non_kexpression_errors_with_type_mismatch
FNDA:9,_RNvNtNtCseriWsCb5ev6_4koan8builtins4eval4body
FNDA:519,_RNvNtNtCseriWsCb5ev6_4koan8builtins4eval8register
FNF:10
FNH:10
DA:16,9
DA:17,9
DA:18,9
DA:19,9
DA:20,9
DA:21,9
DA:22,9
DA:23,0
DA:25,9
DA:26,8
DA:27,1
DA:28,1
DA:29,1
DA:30,1
DA:31,1
DA:32,1
DA:37,8
DA:38,8
DA:39,8
DA:40,8
DA:41,8
DA:42,8
DA:43,8
DA:44,8
DA:45,9
DA:47,561
DA:48,561
DA:49,561
DA:50,561
DA:51,561
DA:52,561
DA:54,561
DA:63,6
DA:64,6
DA:65,6
DA:66,6
DA:67,6
DA:68,6
DA:69,6
DA:72,1
DA:73,1
DA:74,1
DA:75,1
DA:78,1
DA:79,1
DA:80,1
DA:81,1
DA:83,1
DA:84,1
DA:87,1
DA:88,1
DA:89,1
DA:90,1
DA:91,1
DA:92,1
DA:93,1
DA:94,1
DA:97,1
DA:100,1
DA:101,1
DA:102,1
DA:103,1
DA:106,1
DA:107,1
DA:108,1
DA:109,1
DA:112,1
DA:115,1
DA:116,1
DA:117,1
DA:120,1
DA:124,1
DA:125,1
DA:126,1
DA:127,1
DA:128,1
DA:129,1
DA:130,1
DA:132,1
DA:133,1
BRF:0
BRH:0
LF:80
LH:79
end_of_record
SF:/var/home/jack/Code/koan/src/builtins/fn_def.rs
FN:144,_RNCNvNtNtCscUx3zdyuqfq_4koan8builtins6fn_def18body_record_schema0B7_
FN:181,_RNCNvNtNtCscUx3zdyuqfq_4koan8builtins6fn_def18body_record_schemas_0B7_
FN:95,_RNCNvNtNtCscUx3zdyuqfq_4koan8builtins6fn_def4body0B7_
FN:123,_RNvNtNtCscUx3zdyuqfq_4koan8builtins6fn_def18body_record_schema
FN:33,_RNvNtNtCscUx3zdyuqfq_4koan8builtins6fn_def4body
FN:215,_RNvNtNtCscUx3zdyuqfq_4koan8builtins6fn_def8register
FN:123,_RNvNtNtCseriWsCb5ev6_4koan8builtins6fn_def18body_record_schema
FN:33,_RNvNtNtCseriWsCb5ev6_4koan8builtins6fn_def4body
FN:215,_RNvNtNtCseriWsCb5ev6_4koan8builtins6fn_def8register
FN:144,_RNCNvNtNtCseriWsCb5ev6_4koan8builtins6fn_def18body_record_schema0B7_
FN:181,_RNCNvNtNtCseriWsCb5ev6_4koan8builtins6fn_def18body_record_schemas_0B7_
FN:95,_RNCNvNtNtCseriWsCb5ev6_4koan8builtins6fn_def4body0B7_
FNDA:0,_RNCNvNtNtCscUx3zdyuqfq_4koan8builtins6fn_def18body_record_schema0B7_
FNDA:0,_RNCNvNtNtCscUx3zdyuqfq_4koan8builtins6fn_def18body_record_schemas_0B7_
FNDA:9,_RNCNvNtNtCscUx3zdyuqfq_4koan8builtins6fn_def4body0B7_
FNDA:0,_RNvNtNtCscUx3zdyuqfq_4koan8builtins6fn_def18body_record_schema
FNDA:9,_RNvNtNtCscUx3zdyuqfq_4koan8builtins6fn_def4body
FNDA:42,_RNvNtNtCscUx3zdyuqfq_4koan8builtins6fn_def8register
FNDA:8,_RNvNtNtCseriWsCb5ev6_4koan8builtins6fn_def18body_record_schema
FNDA:212,_RNvNtNtCseriWsCb5ev6_4koan8builtins6fn_def4body
FNDA:519,_RNvNtNtCseriWsCb5ev6_4koan8builtins6fn_def8register
FNDA:7,_RNCNvNtNtCseriWsCb5ev6_4koan8builtins6fn_def18body_record_schema0B7_
FNDA:7,_RNCNvNtNtCseriWsCb5ev6_4koan8builtins6fn_def18body_record_schemas_0B7_
FNDA:205,_RNCNvNtNtCseriWsCb5ev6_4koan8builtins6fn_def4body0B7_
FNF:6
FNH:6
DA:33,221
DA:34,221
DA:35,221
DA:36,221
DA:37,221
DA:38,221
DA:39,221
DA:41,0
DA:42,0
DA:43,0
DA:46,221
DA:47,221
DA:48,0
DA:50,221
DA:51,221
DA:53,0
DA:54,0
DA:55,0
DA:61,221
DA:65,221
DA:69,221
DA:70,221
DA:71,221
DA:72,221
DA:73,221
DA:74,221
DA:75,221
DA:76,218
DA:77,3
DA:80,218
DA:81,150
DA:82,4
DA:84,64
DA:85,64
DA:86,64
DA:87,64
DA:88,64
DA:89,64
DA:93,214
DA:94,214
DA:95,214
DA:96,214
DA:98,214
DA:100,146
DA:101,146
DA:102,146
DA:103,68
DA:104,68
DA:105,68
DA:106,68
DA:107,68
DA:108,68
DA:109,68
DA:110,68
DA:113,221
DA:123,8
DA:124,8
DA:125,8
DA:126,8
DA:127,8
DA:128,8
DA:129,7
DA:130,1
DA:131,1
DA:132,1
DA:133,1
DA:134,1
DA:137,0
DA:138,0
DA:139,0
DA:142,7
DA:143,7
DA:144,7
DA:145,7
DA:146,7
DA:147,7
DA:148,7
DA:149,7
DA:150,7
DA:151,7
DA:153,7
DA:154,7
DA:155,0
DA:157,7
DA:158,7
DA:160,0
DA:161,0
DA:162,0
DA:168,7
DA:169,7
DA:170,7
DA:171,7
DA:172,7
DA:173,7
DA:174,7
DA:175,7
DA:176,0
DA:179,7
DA:180,7
DA:181,7
DA:182,7
DA:191,7
DA:192,7
DA:193,7
DA:194,7
DA:195,7
DA:196,7
DA:197,7
DA:198,7
DA:200,0
DA:201,0
DA:202,0
DA:203,0
DA:204,0
DA:205,0
DA:206,0
DA:207,0
DA:208,0
DA:209,0
DA:213,8
DA:215,561
DA:237,561
DA:238,561
DA:239,561
DA:240,561
DA:241,561
DA:242,561
DA:243,561
DA:244,561
DA:245,561
DA:246,561
DA:247,561
DA:248,561
DA:251,561
DA:252,561
DA:253,561
DA:256,561
DA:257,561
DA:258,561
DA:259,561
DA:260,561
DA:261,561
DA:262,561
DA:263,561
DA:264,561
DA:265,561
DA:266,561
DA:267,561
DA:270,561
DA:271,561
DA:272,561
DA:280,561
DA:281,561
DA:282,561
DA:283,561
DA:284,561
DA:285,561
DA:286,561
DA:287,561
DA:288,561
DA:289,561
DA:290,561
DA:291,561
DA:294,561
DA:295,561
DA:296,561
DA:299,561
BRF:0
BRH:0
LF:170
LH:145
end_of_record
SF:/var/home/jack/Code/koan/src/builtins/fn_def/finalize.rs
FN:332,_RNCNvNtNtNtCscUx3zdyuqfq_4koan8builtins6fn_def8finalize17defer_via_combine0B9_
FN:245,_RNCNvNtNtNtCscUx3zdyuqfq_4koan8builtins6fn_def8finalize21finalize_fn_with_kind0B9_
FN:191,_RNvNtNtNtCscUx3zdyuqfq_4koan8builtins6fn_def8finalize11finalize_fn
FN:298,_RNvNtNtNtCscUx3zdyuqfq_4koan8builtins6fn_def8finalize17defer_via_combine
FN:218,_RNvNtNtNtCscUx3zdyuqfq_4koan8builtins6fn_def8finalize21finalize_fn_with_kind
FN:90,_RNvNtNtNtCscUx3zdyuqfq_4koan8builtins6fn_def8finalize8classify
FN:191,_RNvNtNtNtCseriWsCb5ev6_4koan8builtins6fn_def8finalize11finalize_fn
FN:298,_RNvNtNtNtCseriWsCb5ev6_4koan8builtins6fn_def8finalize17defer_via_combine
FN:218,_RNvNtNtNtCseriWsCb5ev6_4koan8builtins6fn_def8finalize21finalize_fn_with_kind
FN:90,_RNvNtNtNtCseriWsCb5ev6_4koan8builtins6fn_def8finalize8classify
FN:332,_RNCNvNtNtNtCseriWsCb5ev6_4koan8builtins6fn_def8finalize17defer_via_combine0B9_
FN:245,_RNCNvNtNtNtCseriWsCb5ev6_4koan8builtins6fn_def8finalize21finalize_fn_with_kind0B9_
FNDA:8,_RNCNvNtNtNtCscUx3zdyuqfq_4koan8builtins6fn_def8finalize17defer_via_combine0B9_
FNDA:16,_RNCNvNtNtNtCscUx3zdyuqfq_4koan8builtins6fn_def8finalize21finalize_fn_with_kind0B9_
FNDA:7,_RNvNtNtNtCscUx3zdyuqfq_4koan8builtins6fn_def8finalize11finalize_fn
FNDA:8,_RNvNtNtNtCscUx3zdyuqfq_4koan8builtins6fn_def8finalize17defer_via_combine
FNDA:16,_RNvNtNtNtCscUx3zdyuqfq_4koan8builtins6fn_def8finalize21finalize_fn_with_kind
FNDA:16,_RNvNtNtNtCscUx3zdyuqfq_4koan8builtins6fn_def8finalize8classify
FNDA:139,_RNvNtNtNtCseriWsCb5ev6_4koan8builtins6fn_def8finalize11finalize_fn
FNDA:71,_RNvNtNtNtCseriWsCb5ev6_4koan8builtins6fn_def8finalize17defer_via_combine
FNDA:225,_RNvNtNtNtCseriWsCb5ev6_4koan8builtins6fn_def8finalize21finalize_fn_with_kind
FNDA:227,_RNvNtNtNtCseriWsCb5ev6_4koan8builtins6fn_def8finalize8classify
FNDA:71,_RNCNvNtNtNtCseriWsCb5ev6_4koan8builtins6fn_def8finalize17defer_via_combine0B9_
FNDA:231,_RNCNvNtNtNtCseriWsCb5ev6_4koan8builtins6fn_def8finalize21finalize_fn_with_kind0B9_
FNF:6
FNH:6
DA:90,243
DA:91,243
DA:92,154
DA:93,154
DA:94,154
DA:95,154
DA:96,10
DA:97,10
DA:98,10
DA:99,10
DA:100,4
DA:102,4
DA:103,4
DA:104,4
DA:105,4
DA:106,4
DA:107,4
DA:108,4
DA:111,73
DA:113,73
DA:114,73
DA:116,73
DA:117,73
DA:118,73
DA:119,73
DA:120,73
DA:121,73
DA:122,73
DA:124,1
DA:126,1
DA:127,1
DA:129,1
DA:130,1
DA:131,1
DA:132,1
DA:133,1
DA:134,1
DA:135,1
DA:136,1
DA:137,1
DA:139,1
DA:141,1
DA:142,1
DA:147,1
DA:148,1
DA:149,1
DA:150,1
DA:151,1
DA:152,1
DA:153,1
DA:154,1
DA:156,0
DA:159,0
DA:160,0
DA:161,0
DA:162,0
DA:163,0
DA:164,0
DA:165,0
DA:169,0
DA:170,0
DA:173,0
DA:174,0
DA:177,0
DA:178,0
DA:179,0
DA:180,0
DA:181,0
DA:182,0
DA:183,0
DA:184,0
DA:187,243
DA:191,146
DA:192,146
DA:193,146
DA:194,146
DA:195,146
DA:196,146
DA:197,146
DA:198,146
DA:199,146
DA:200,146
DA:201,146
DA:202,146
DA:203,146
DA:204,146
DA:206,146
DA:218,241
DA:219,241
DA:220,241
DA:221,241
DA:222,241
DA:223,241
DA:224,241
DA:225,241
DA:226,241
DA:229,241
DA:230,22
DA:231,20
DA:232,0
DA:233,0
DA:234,0
DA:235,0
DA:236,0
DA:237,20
DA:238,2
DA:239,219
DA:245,247
DA:246,233
DA:247,14
DA:248,247
DA:250,241
DA:251,241
DA:252,241
DA:253,241
DA:255,241
DA:256,241
DA:257,241
DA:258,241
DA:259,241
DA:260,241
DA:261,241
DA:262,241
DA:263,241
DA:266,241
DA:270,241
DA:271,234
DA:272,233
DA:274,1
DA:275,1
DA:276,1
DA:277,1
DA:280,233
DA:281,1
DA:282,232
DA:283,7
DA:286,239
DA:287,241
DA:298,79
DA:299,79
DA:300,79
DA:301,79
DA:302,79
DA:303,79
DA:304,79
DA:305,79
DA:306,79
DA:308,79
DA:309,79
DA:310,79
DA:311,79
DA:312,79
DA:313,79
DA:319,79
DA:320,79
DA:321,79
DA:322,79
DA:323,5
DA:324,74
DA:325,79
DA:326,79
DA:327,59
DA:328,59
DA:329,59
DA:330,59
DA:332,79
DA:333,79
DA:334,79
DA:335,59
DA:339,59
DA:340,1
DA:341,1
DA:342,1
DA:343,1
DA:344,1
DA:345,58
DA:346,58
DA:348,78
DA:353,78
DA:354,77
DA:355,1
DA:360,77
DA:361,0
DA:363,77
DA:364,77
DA:365,77
DA:366,0
DA:367,0
DA:370,0
DA:371,0
DA:372,0
DA:377,77
DA:378,77
DA:379,77
DA:380,77
DA:381,77
DA:382,77
DA:383,77
DA:385,79
DA:386,79
DA:387,79
DA:388,79
BRF:0
BRH:0
LF:204
LH:172
end_of_record
SF:/var/home/jack/Code/koan/src/builtins/fn_def/param_refs.rs
FN:23,_RNCNvNtNtNtCscUx3zdyuqfq_4koan8builtins6fn_def10param_refs19part_references_any0B9_
FN:30,_RNCNvNtNtNtCscUx3zdyuqfq_4koan8builtins6fn_def10param_refs19part_references_anys0_0B9_
FN:28,_RNCNvNtNtNtCscUx3zdyuqfq_4koan8builtins6fn_def10param_refs19part_references_anys_0B9_
FN:12,_RNCNvNtNtNtCscUx3zdyuqfq_4koan8builtins6fn_def10param_refs24type_expr_references_any0B9_
FN:18,_RNCNvNtNtNtCscUx3zdyuqfq_4koan8builtins6fn_def10param_refs26kexpression_references_any0B9_
FN:21,_RNvNtNtNtCscUx3zdyuqfq_4koan8builtins6fn_def10param_refs19part_references_any
FN:11,_RNvNtNtNtCscUx3zdyuqfq_4koan8builtins6fn_def10param_refs24type_expr_references_any
FN:15,_RNvNtNtNtCscUx3zdyuqfq_4koan8builtins6fn_def10param_refs26kexpression_references_any
FN:21,_RNvNtNtNtCseriWsCb5ev6_4koan8builtins6fn_def10param_refs19part_references_any
FN:11,_RNvNtNtNtCseriWsCb5ev6_4koan8builtins6fn_def10param_refs24type_expr_references_any
FN:15,_RNvNtNtNtCseriWsCb5ev6_4koan8builtins6fn_def10param_refs26kexpression_references_any
FN:23,_RNCNvNtNtNtCseriWsCb5ev6_4koan8builtins6fn_def10param_refs19part_references_any0B9_
FN:30,_RNCNvNtNtNtCseriWsCb5ev6_4koan8builtins6fn_def10param_refs19part_references_anys0_0B9_
FN:28,_RNCNvNtNtNtCseriWsCb5ev6_4koan8builtins6fn_def10param_refs19part_references_anys_0B9_
FN:12,_RNCNvNtNtNtCseriWsCb5ev6_4koan8builtins6fn_def10param_refs24type_expr_references_any0B9_
FN:18,_RNCNvNtNtNtCseriWsCb5ev6_4koan8builtins6fn_def10param_refs26kexpression_references_any0B9_
FNDA:0,_RNCNvNtNtNtCscUx3zdyuqfq_4koan8builtins6fn_def10param_refs19part_references_any0B9_
FNDA:0,_RNCNvNtNtNtCscUx3zdyuqfq_4koan8builtins6fn_def10param_refs19part_references_anys0_0B9_
FNDA:0,_RNCNvNtNtNtCscUx3zdyuqfq_4koan8builtins6fn_def10param_refs19part_references_anys_0B9_
FNDA:1,_RNCNvNtNtNtCscUx3zdyuqfq_4koan8builtins6fn_def10param_refs24type_expr_references_any0B9_
FNDA:0,_RNCNvNtNtNtCscUx3zdyuqfq_4koan8builtins6fn_def10param_refs26kexpression_references_any0B9_
FNDA:0,_RNvNtNtNtCscUx3zdyuqfq_4koan8builtins6fn_def10param_refs19part_references_any
FNDA:1,_RNvNtNtNtCscUx3zdyuqfq_4koan8builtins6fn_def10param_refs24type_expr_references_any
FNDA:0,_RNvNtNtNtCscUx3zdyuqfq_4koan8builtins6fn_def10param_refs26kexpression_references_any
FNDA:44,_RNvNtNtNtCseriWsCb5ev6_4koan8builtins6fn_def10param_refs19part_references_any
FNDA:31,_RNvNtNtNtCseriWsCb5ev6_4koan8builtins6fn_def10param_refs24type_expr_references_any
FNDA:20,_RNvNtNtNtCseriWsCb5ev6_4koan8builtins6fn_def10param_refs26kexpression_references_any
FNDA:4,_RNCNvNtNtNtCseriWsCb5ev6_4koan8builtins6fn_def10param_refs19part_references_any0B9_
FNDA:1,_RNCNvNtNtNtCseriWsCb5ev6_4koan8builtins6fn_def10param_refs19part_references_anys0_0B9_
FNDA:1,_RNCNvNtNtNtCseriWsCb5ev6_4koan8builtins6fn_def10param_refs19part_references_anys_0B9_
FNDA:29,_RNCNvNtNtNtCseriWsCb5ev6_4koan8builtins6fn_def10param_refs24type_expr_references_any0B9_
FNDA:41,_RNCNvNtNtNtCseriWsCb5ev6_4koan8builtins6fn_def10param_refs26kexpression_references_any0B9_
FNF:8
FNH:8
DA:11,32
DA:12,32
DA:13,32
DA:15,20
DA:16,20
DA:17,20
DA:18,41
DA:19,20
DA:21,44
DA:22,44
DA:23,4
DA:24,19
DA:25,7
DA:26,0
DA:27,1
DA:28,1
DA:30,1
DA:31,1
DA:32,1
DA:33,12
DA:35,44
BRF:0
BRH:0
LF:26
LH:25
end_of_record
SF:/var/home/jack/Code/koan/src/builtins/fn_def/return_type.rs
FN:212,_RNCNvNtNtNtCscUx3zdyuqfq_4koan8builtins6fn_def11return_type31verdict_for_deferred_expression0B9_
FN:235,_RNvNtNtNtCscUx3zdyuqfq_4koan8builtins6fn_def11return_type12make_capture
FN:102,_RNvNtNtNtCscUx3zdyuqfq_4koan8builtins6fn_def11return_type20classify_return_type
FN:171,_RNvNtNtNtCscUx3zdyuqfq_4koan8builtins6fn_def11return_type20verdict_for_resolved
FN:59,_RNvNtNtNtCscUx3zdyuqfq_4koan8builtins6fn_def11return_type23extract_return_type_raw
FN:242,_RNvNtNtNtCscUx3zdyuqfq_4koan8builtins6fn_def11return_type25resolve_capture_at_finish
FN:186,_RNvNtNtNtCscUx3zdyuqfq_4koan8builtins6fn_def11return_type30verdict_for_deferred_type_expr
FN:211,_RNvNtNtNtCscUx3zdyuqfq_4koan8builtins6fn_def11return_type31verdict_for_deferred_expression
FN:212,_RNCNvNtNtNtCseriWsCb5ev6_4koan8builtins6fn_def11return_type31verdict_for_deferred_expression0B9_
FN:235,_RNvNtNtNtCseriWsCb5ev6_4koan8builtins6fn_def11return_type12make_capture
FN:102,_RNvNtNtNtCseriWsCb5ev6_4koan8builtins6fn_def11return_type20classify_return_type
FN:171,_RNvNtNtNtCseriWsCb5ev6_4koan8builtins6fn_def11return_type20verdict_for_resolved
FN:59,_RNvNtNtNtCseriWsCb5ev6_4koan8builtins6fn_def11return_type23extract_return_type_raw
FN:242,_RNvNtNtNtCseriWsCb5ev6_4koan8builtins6fn_def11return_type25resolve_capture_at_finish
FN:186,_RNvNtNtNtCseriWsCb5ev6_4koan8builtins6fn_def11return_type30verdict_for_deferred_type_expr
FN:211,_RNvNtNtNtCseriWsCb5ev6_4koan8builtins6fn_def11return_type31verdict_for_deferred_expression
FNDA:0,_RNCNvNtNtNtCscUx3zdyuqfq_4koan8builtins6fn_def11return_type31verdict_for_deferred_expression0B9_
FNDA:0,_RNvNtNtNtCscUx3zdyuqfq_4koan8builtins6fn_def11return_type12make_capture
FNDA:16,_RNvNtNtNtCscUx3zdyuqfq_4koan8builtins6fn_def11return_type20classify_return_type
FNDA:16,_RNvNtNtNtCscUx3zdyuqfq_4koan8builtins6fn_def11return_type20verdict_for_resolved
FNDA:16,_RNvNtNtNtCscUx3zdyuqfq_4koan8builtins6fn_def11return_type23extract_return_type_raw
FNDA:8,_RNvNtNtNtCscUx3zdyuqfq_4koan8builtins6fn_def11return_type25resolve_capture_at_finish
FNDA:0,_RNvNtNtNtCscUx3zdyuqfq_4koan8builtins6fn_def11return_type30verdict_for_deferred_type_expr
FNDA:0,_RNvNtNtNtCscUx3zdyuqfq_4koan8builtins6fn_def11return_type31verdict_for_deferred_expression
FNDA:1,_RNCNvNtNtNtCseriWsCb5ev6_4koan8builtins6fn_def11return_type31verdict_for_deferred_expression0B9_
FNDA:0,_RNvNtNtNtCseriWsCb5ev6_4koan8builtins6fn_def11return_type12make_capture
FNDA:237,_RNvNtNtNtCseriWsCb5ev6_4koan8builtins6fn_def11return_type20classify_return_type
FNDA:217,_RNvNtNtNtCseriWsCb5ev6_4koan8builtins6fn_def11return_type20verdict_for_resolved
FNDA:326,_RNvNtNtNtCseriWsCb5ev6_4koan8builtins6fn_def11return_type23extract_return_type_raw
FNDA:70,_RNvNtNtNtCseriWsCb5ev6_4koan8builtins6fn_def11return_type25resolve_capture_at_finish
FNDA:2,_RNvNtNtNtCseriWsCb5ev6_4koan8builtins6fn_def11return_type30verdict_for_deferred_type_expr
FNDA:1,_RNvNtNtNtCseriWsCb5ev6_4koan8builtins6fn_def11return_type31verdict_for_deferred_expression
FNF:8
FNH:7
DA:59,342
DA:60,342
DA:61,342
DA:62,342
DA:63,316
DA:64,316
DA:65,0
DA:67,13
DA:68,13
DA:69,0
DA:71,13
DA:72,13
DA:73,0
DA:75,0
DA:76,0
DA:77,0
DA:78,0
DA:80,342
DA:102,253
DA:103,253
DA:104,253
DA:105,253
DA:106,253
DA:107,253
DA:108,253
DA:109,253
DA:110,227
DA:111,227
DA:112,227
DA:114,13
DA:115,13
DA:116,4
DA:117,2
DA:118,2
DA:120,4
DA:121,4
DA:122,4
DA:123,4
DA:124,9
DA:125,9
DA:128,9
DA:129,6
DA:130,0
DA:131,0
DA:133,3
DA:134,0
DA:136,3
DA:137,3
DA:138,3
DA:142,6
DA:143,6
DA:144,6
DA:146,0
DA:148,6
DA:150,13
DA:151,13
DA:152,8
DA:153,1
DA:154,7
DA:156,8
DA:157,8
DA:158,8
DA:159,8
DA:161,5
DA:162,5
DA:163,5
DA:164,5
DA:168,253
DA:171,233
DA:172,233
DA:173,231
DA:175,2
DA:176,2
DA:177,2
DA:178,2
DA:180,233
DA:186,2
DA:187,2
DA:188,2
DA:189,2
DA:192,2
DA:193,2
DA:194,2
DA:196,0
DA:197,0
DA:198,0
DA:199,0
DA:200,0
DA:201,0
DA:204,0
DA:206,2
DA:211,1
DA:212,1
DA:213,1
DA:214,0
DA:215,1
DA:216,1
DA:217,1
DA:218,1
DA:219,1
DA:220,1
DA:221,1
DA:222,1
DA:223,0
DA:224,0
DA:225,0
DA:226,0
DA:227,0
DA:228,0
DA:229,0
DA:230,0
DA:231,0
DA:233,1
DA:235,0
DA:236,0
DA:237,0
DA:242,78
DA:243,78
DA:244,78
DA:245,78
DA:246,78
DA:247,78
DA:248,72
DA:249,0
DA:250,0
DA:251,0
DA:252,0
DA:253,0
DA:254,0
DA:255,0
DA:256,0
DA:257,0
DA:258,0
DA:259,0
DA:260,0
DA:264,0
DA:265,0
DA:266,0
DA:267,0
DA:268,0
DA:269,0
DA:270,0
DA:271,0
DA:273,1
DA:274,5
DA:275,5
DA:276,5
DA:277,4
DA:278,1
DA:279,1
DA:280,1
DA:281,1
DA:282,1
DA:286,78
BRF:0
BRH:0
LF:155
LH:104
end_of_record
SF:/var/home/jack/Code/koan/src/builtins/fn_def/signature.rs
FN:187,_RNvNtNtNtCscUx3zdyuqfq_4koan8builtins6fn_def9signature13binder_bucket
FN:60,_RNvNtNtNtCscUx3zdyuqfq_4koan8builtins6fn_def9signature19parse_fn_param_list
FN:243,_RNvNtNtNtCscUx3zdyuqfq_4koan8builtins6fn_def9signature19signature_expr_part
FN:11,_RNvNtNtNtCscUx3zdyuqfq_4koan8builtins6fn_def9signature34collect_param_names_from_signature
FN:202,_RNCNvNtNtNtCscUx3zdyuqfq_4koan8builtins6fn_def9signature13binder_bucket0B9_
FN:219,_RNCNvNtNtNtCscUx3zdyuqfq_4koan8builtins6fn_def9signature13binder_buckets_0B9_
FN:169,_RNvNtNtNtCscUx3zdyuqfq_4koan8builtins6fn_def9signature11binder_name
FN:202,_RNCNvNtNtNtCseriWsCb5ev6_4koan8builtins6fn_def9signature13binder_bucket0B9_
FN:219,_RNCNvNtNtNtCseriWsCb5ev6_4koan8builtins6fn_def9signature13binder_buckets_0B9_
FN:169,_RNvNtNtNtCseriWsCb5ev6_4koan8builtins6fn_def9signature11binder_name
FN:187,_RNvNtNtNtCseriWsCb5ev6_4koan8builtins6fn_def9signature13binder_bucket
FN:60,_RNvNtNtNtCseriWsCb5ev6_4koan8builtins6fn_def9signature19parse_fn_param_list
FN:243,_RNvNtNtNtCseriWsCb5ev6_4koan8builtins6fn_def9signature19signature_expr_part
FN:11,_RNvNtNtNtCseriWsCb5ev6_4koan8builtins6fn_def9signature34collect_param_names_from_signature
FNDA:35,_RNvNtNtNtCscUx3zdyuqfq_4koan8builtins6fn_def9signature13binder_bucket
FNDA:24,_RNvNtNtNtCscUx3zdyuqfq_4koan8builtins6fn_def9signature19parse_fn_param_list
FNDA:35,_RNvNtNtNtCscUx3zdyuqfq_4koan8builtins6fn_def9signature19signature_expr_part
FNDA:16,_RNvNtNtNtCscUx3zdyuqfq_4koan8builtins6fn_def9signature34collect_param_names_from_signature
FNDA:27,_RNCNvNtNtNtCscUx3zdyuqfq_4koan8builtins6fn_def9signature13binder_bucket0B9_
FNDA:12,_RNCNvNtNtNtCscUx3zdyuqfq_4koan8builtins6fn_def9signature13binder_buckets_0B9_
FNDA:0,_RNvNtNtNtCscUx3zdyuqfq_4koan8builtins6fn_def9signature11binder_name
FNDA:332,_RNCNvNtNtNtCseriWsCb5ev6_4koan8builtins6fn_def9signature13binder_bucket0B9_
FNDA:52,_RNCNvNtNtNtCseriWsCb5ev6_4koan8builtins6fn_def9signature13binder_buckets_0B9_
FNDA:1,_RNvNtNtNtCseriWsCb5ev6_4koan8builtins6fn_def9signature11binder_name
FNDA:492,_RNvNtNtNtCseriWsCb5ev6_4koan8builtins6fn_def9signature13binder_bucket
FNDA:293,_RNvNtNtNtCseriWsCb5ev6_4koan8builtins6fn_def9signature19parse_fn_param_list
FNDA:493,_RNvNtNtNtCseriWsCb5ev6_4koan8builtins6fn_def9signature19signature_expr_part
FNDA:230,_RNvNtNtNtCseriWsCb5ev6_4koan8builtins6fn_def9signature34collect_param_names_from_signature
FNF:7
FNH:7
DA:11,246
DA:12,246
DA:13,246
DA:14,246
DA:15,703
DA:16,457
DA:17,179
DA:18,30
DA:19,248
DA:21,457
DA:22,209
DA:23,209
DA:24,207
DA:30,209
DA:31,207
DA:32,207
DA:33,207
DA:34,2
DA:35,248
DA:36,250
DA:38,246
DA:39,246
DA:60,317
DA:61,317
DA:62,317
DA:63,317
DA:64,317
DA:65,317
DA:66,317
DA:67,317
DA:68,317
DA:69,317
DA:70,915
DA:73,600
DA:74,241
DA:75,40
DA:76,319
DA:78,600
DA:79,319
DA:80,319
DA:81,319
DA:82,319
DA:83,281
DA:84,281
DA:85,58
DA:86,162
DA:87,162
DA:88,144
DA:89,144
DA:90,144
DA:91,144
DA:92,144
DA:93,144
DA:94,16
DA:95,16
DA:96,16
DA:97,2
DA:98,2
DA:99,2
DA:100,2
DA:101,0
DA:103,162
DA:105,4
DA:106,4
DA:107,4
DA:108,4
DA:109,55
DA:110,55
DA:111,55
DA:112,55
DA:113,55
DA:114,55
DA:115,55
DA:116,55
DA:117,55
DA:118,55
DA:119,58
DA:120,58
DA:121,58
DA:122,58
DA:123,58
DA:124,58
DA:125,58
DA:126,0
DA:127,0
DA:128,0
DA:129,0
DA:130,0
DA:131,0
DA:134,2
DA:135,2
DA:136,2
DA:137,2
DA:141,0
DA:142,0
DA:143,0
DA:144,0
DA:145,0
DA:147,0
DA:148,0
DA:149,0
DA:150,0
DA:151,0
DA:155,315
DA:156,2
DA:157,313
DA:158,313
DA:159,75
DA:160,75
DA:161,75
DA:162,75
DA:163,238
DA:164,238
DA:165,317
DA:169,1
DA:170,1
DA:171,1
DA:172,1
DA:173,1
DA:174,0
DA:176,0
DA:177,1
DA:187,527
DA:188,527
DA:189,527
DA:191,527
DA:192,511
DA:193,511
DA:194,511
DA:195,1453
DA:196,942
DA:197,515
DA:198,515
DA:199,515
DA:200,515
DA:202,363
DA:203,0
DA:204,359
DA:210,359
DA:211,363
DA:212,359
DA:213,359
DA:214,359
DA:215,4
DA:216,4
DA:219,64
DA:220,0
DA:221,64
DA:227,64
DA:228,64
DA:229,64
DA:230,64
DA:231,64
DA:232,0
DA:233,0
DA:235,0
DA:236,0
DA:237,0
DA:240,511
DA:241,527
DA:243,528
DA:244,528
DA:245,528
DA:246,512
DA:247,16
DA:249,528
BRF:0
BRH:0
LF:168
LH:142
end_of_record
SF:/var/home/jack/Code/koan/src/builtins/functor_def.rs
FN:106,_RNCNvNtNtCscUx3zdyuqfq_4koan8builtins11functor_def4body0B7_
FN:140,_RNvNtNtCscUx3zdyuqfq_4koan8builtins11functor_def19collect_param_types
FN:40,_RNvNtNtCscUx3zdyuqfq_4koan8builtins11functor_def4body
FN:171,_RNvNtNtCscUx3zdyuqfq_4koan8builtins11functor_def8register
FN:106,_RNCNvNtNtCseriWsCb5ev6_4koan8builtins11functor_def4body0B7_
FN:140,_RNvNtNtCseriWsCb5ev6_4koan8builtins11functor_def19collect_param_types
FN:40,_RNvNtNtCseriWsCb5ev6_4koan8builtins11functor_def4body
FN:171,_RNvNtNtCseriWsCb5ev6_4koan8builtins11functor_def8register
FNDA:7,_RNCNvNtNtCscUx3zdyuqfq_4koan8builtins11functor_def4body0B7_
FNDA:7,_RNvNtNtCscUx3zdyuqfq_4koan8builtins11functor_def19collect_param_types
FNDA:7,_RNvNtNtCscUx3zdyuqfq_4koan8builtins11functor_def4body
FNDA:42,_RNvNtNtCscUx3zdyuqfq_4koan8builtins11functor_def8register
FNDA:15,_RNCNvNtNtCseriWsCb5ev6_4koan8builtins11functor_def4body0B7_
FNDA:18,_RNvNtNtCseriWsCb5ev6_4koan8builtins11functor_def19collect_param_types
FNDA:18,_RNvNtNtCseriWsCb5ev6_4koan8builtins11functor_def4body
FNDA:519,_RNvNtNtCseriWsCb5ev6_4koan8builtins11functor_def8register
FNF:4
FNH:4
DA:40,25
DA:41,25
DA:42,25
DA:43,25
DA:44,25
DA:45,25
DA:46,25
DA:48,0
DA:49,0
DA:50,0
DA:53,25
DA:54,25
DA:55,0
DA:57,25
DA:58,25
DA:60,0
DA:61,0
DA:62,0
DA:65,25
DA:70,25
DA:73,25
DA:77,25
DA:78,25
DA:79,25
DA:80,25
DA:81,25
DA:82,25
DA:83,25
DA:84,25
DA:85,0
DA:87,25
DA:88,3
DA:89,22
DA:91,22
DA:92,11
DA:93,0
DA:95,11
DA:96,11
DA:97,11
DA:98,11
DA:99,11
DA:100,11
DA:104,22
DA:105,22
DA:106,22
DA:107,22
DA:109,22
DA:111,11
DA:112,11
DA:113,11
DA:114,11
DA:115,11
DA:116,11
DA:117,11
DA:118,11
DA:119,11
DA:121,11
DA:124,11
DA:125,11
DA:126,11
DA:127,11
DA:128,11
DA:129,11
DA:130,11
DA:131,11
DA:135,25
DA:140,25
DA:141,25
DA:142,25
DA:143,25
DA:145,25
DA:146,25
DA:147,25
DA:148,25
DA:149,75
DA:150,50
DA:151,7
DA:152,18
DA:153,25
DA:155,50
DA:156,25
DA:157,25
DA:158,25
DA:159,14
DA:160,14
DA:161,0
DA:162,0
DA:163,25
DA:164,25
DA:165,25
DA:166,25
DA:168,25
DA:169,25
DA:171,561
DA:178,561
DA:179,561
DA:180,561
DA:181,561
DA:182,561
DA:183,561
DA:184,561
DA:185,561
DA:186,561
DA:187,561
DA:188,561
DA:189,561
DA:192,561
DA:193,561
DA:194,561
DA:197,561
DA:198,561
DA:199,561
DA:200,561
DA:201,561
DA:202,561
DA:203,561
DA:204,561
DA:205,561
DA:206,561
DA:207,561
DA:208,561
DA:211,561
DA:212,561
DA:213,561
DA:216,561
BRF:0
BRH:0
LF:126
LH:115
end_of_record
SF:/var/home/jack/Code/koan/src/builtins/let_binding.rs
FN:240,_RNvNtNtCscUx3zdyuqfq_4koan8builtins11let_binding11binder_name
FN:213,_RNvNtNtCscUx3zdyuqfq_4koan8builtins11let_binding18type_side_identity
FN:225,_RNvNtNtCscUx3zdyuqfq_4koan8builtins11let_binding21capitalize_identifier
FN:194,_RNvNtNtCscUx3zdyuqfq_4koan8builtins11let_binding28is_admissible_type_class_rhs
FN:13,_RNvNtNtCscUx3zdyuqfq_4koan8builtins11let_binding4body
FN:248,_RNvNtNtCscUx3zdyuqfq_4koan8builtins11let_binding8register
FN:23,_RNCNvNtNtCscUx3zdyuqfq_4koan8builtins11let_binding4body0B7_
FN:23,_RNCNvNtNtCseriWsCb5ev6_4koan8builtins11let_binding4body0B7_
FN:240,_RNvNtNtCseriWsCb5ev6_4koan8builtins11let_binding11binder_name
FN:213,_RNvNtNtCseriWsCb5ev6_4koan8builtins11let_binding18type_side_identity
FN:225,_RNvNtNtCseriWsCb5ev6_4koan8builtins11let_binding21capitalize_identifier
FN:194,_RNvNtNtCseriWsCb5ev6_4koan8builtins11let_binding28is_admissible_type_class_rhs
FN:13,_RNvNtNtCseriWsCb5ev6_4koan8builtins11let_binding4body
FN:248,_RNvNtNtCseriWsCb5ev6_4koan8builtins11let_binding8register
FNDA:161,_RNvNtNtCscUx3zdyuqfq_4koan8builtins11let_binding11binder_name
FNDA:22,_RNvNtNtCscUx3zdyuqfq_4koan8builtins11let_binding18type_side_identity
FNDA:0,_RNvNtNtCscUx3zdyuqfq_4koan8builtins11let_binding21capitalize_identifier
FNDA:22,_RNvNtNtCscUx3zdyuqfq_4koan8builtins11let_binding28is_admissible_type_class_rhs
FNDA:57,_RNvNtNtCscUx3zdyuqfq_4koan8builtins11let_binding4body
FNDA:42,_RNvNtNtCscUx3zdyuqfq_4koan8builtins11let_binding8register
FNDA:57,_RNCNvNtNtCscUx3zdyuqfq_4koan8builtins11let_binding4body0B7_
FNDA:377,_RNCNvNtNtCseriWsCb5ev6_4koan8builtins11let_binding4body0B7_
FNDA:952,_RNvNtNtCseriWsCb5ev6_4koan8builtins11let_binding11binder_name
FNDA:118,_RNvNtNtCseriWsCb5ev6_4koan8builtins11let_binding18type_side_identity
FNDA:3,_RNvNtNtCseriWsCb5ev6_4koan8builtins11let_binding21capitalize_identifier
FNDA:121,_RNvNtNtCseriWsCb5ev6_4koan8builtins11let_binding28is_admissible_type_class_rhs
FNDA:378,_RNvNtNtCseriWsCb5ev6_4koan8builtins11let_binding4body
FNDA:519,_RNvNtNtCseriWsCb5ev6_4koan8builtins11let_binding8register
FNF:7
FNH:7
DA:13,435
DA:14,435
DA:15,435
DA:16,435
DA:17,435
DA:21,435
DA:22,435
DA:23,435
DA:24,435
DA:25,435
DA:26,435
DA:27,0
DA:33,435
DA:34,435
DA:35,291
DA:39,291
DA:40,1
DA:41,1
DA:42,289
DA:44,291
DA:45,2
DA:46,2
DA:47,2
DA:48,2
DA:49,2
DA:50,2
DA:51,2
DA:52,2
DA:53,289
DA:54,289
DA:56,108
DA:57,108
DA:58,108
DA:59,3
DA:60,3
DA:61,3
DA:62,3
DA:63,105
DA:69,105
DA:70,105
DA:73,36
DA:80,1
DA:81,1
DA:82,1
DA:83,1
DA:86,35
DA:87,35
DA:88,0
DA:89,0
DA:90,0
DA:91,0
DA:92,35
DA:98,35
DA:99,35
DA:102,0
DA:103,0
DA:104,0
DA:105,0
DA:106,0
DA:107,0
DA:109,0
DA:114,429
DA:115,2
DA:116,2
DA:117,2
DA:118,2
DA:119,427
DA:120,427
DA:121,427
DA:122,427
DA:123,427
DA:140,140
DA:141,5
DA:142,5
DA:143,5
DA:144,4
DA:146,140
DA:147,30
DA:148,30
DA:149,30
DA:150,30
DA:152,110
DA:154,140
DA:162,24
DA:163,1
DA:164,1
DA:165,1
DA:166,1
DA:167,1
DA:168,1
DA:169,286
DA:173,286
DA:174,1
DA:175,1
DA:176,1
DA:177,1
DA:178,1
DA:179,285
DA:180,285
DA:181,1
DA:182,284
DA:184,424
DA:185,435
DA:194,143
DA:195,143
DA:196,134
DA:197,9
DA:198,9
DA:199,7
DA:200,2
DA:201,2
DA:202,143
DA:213,140
DA:214,6
DA:215,134
DA:216,6
DA:217,0
DA:219,140
DA:225,3
DA:226,3
DA:227,3
DA:228,3
DA:229,3
DA:230,3
DA:231,3
DA:232,3
DA:234,0
DA:236,3
DA:240,1113
DA:241,1113
DA:242,734
DA:243,376
DA:244,3
DA:246,1113
DA:248,561
DA:249,561
DA:250,561
DA:251,561
DA:252,561
DA:253,561
DA:254,561
DA:255,561
DA:256,561
DA:257,561
DA:258,561
DA:261,561
DA:262,561
DA:264,561
DA:265,561
DA:266,561
DA:267,561
DA:268,561
DA:269,561
DA:270,561
DA:271,561
DA:272,561
DA:273,561
DA:276,561
DA:277,561
DA:279,561
BRF:0
BRH:0
LF:161
LH:147
end_of_record
SF:/var/home/jack/Code/koan/src/builtins/match_case.rs
FN:98,_RNCNvNtNtCscUx3zdyuqfq_4koan8builtins10match_case4body0B7_
FN:27,_RNvNtNtCscUx3zdyuqfq_4koan8builtins10match_case4body
FN:109,_RNvNtNtCscUx3zdyuqfq_4koan8builtins10match_case8register
FN:98,_RNCNvNtNtCseriWsCb5ev6_4koan8builtins10match_case4body0B7_
FN:27,_RNvNtNtCseriWsCb5ev6_4koan8builtins10match_case4body
FN:109,_RNvNtNtCseriWsCb5ev6_4koan8builtins10match_case8register
FN:135,_RNvNtNtNtCseriWsCb5ev6_4koan8builtins10match_case5tests11run_program
FN:174,_RNvNtNtNtCseriWsCb5ev6_4koan8builtins10match_case5testss_25match_inexhaustive_errors
FN:154,_RNvNtNtNtCseriWsCb5ev6_4koan8builtins10match_case5testss_29match_binds_inner_value_to_it
FN:250,_RNvNtNtNtCseriWsCb5ev6_4koan8builtins10match_case5testss_29recursive_tagged_match_no_uaf
FN:265,_RNvNtNtNtCseriWsCb5ev6_4koan8builtins10match_case5testss_33match_on_bool_inexhaustive_errors
FN:234,_RNvNtNtNtCseriWsCb5ev6_4koan8builtins10match_case5testss_36match_on_bool_true_takes_true_branch
FN:164,_RNvNtNtNtCseriWsCb5ev6_4koan8builtins10match_case5testss_37match_does_not_run_unmatched_branches
FN:242,_RNvNtNtNtCseriWsCb5ev6_4koan8builtins10match_case5testss_38match_on_bool_false_takes_false_branch
FN:144,_RNvNtNtNtCseriWsCb5ev6_4koan8builtins10match_case5testss_40match_dispatches_branch_for_matching_tag
FN:224,_RNvNtNtNtCseriWsCb5ev6_4koan8builtins10match_case5testss_40match_other_branch_runs_when_tag_matches
FN:192,_RNvNtNtNtCseriWsCb5ev6_4koan8builtins10match_case5testss_47match_arm_violating_declared_return_type_errors
FN:279,_RNvNtNtNtCseriWsCb5ev6_4koan8builtins10match_case5testss_47multi_statement_match_branch_returns_last_value
FN:211,_RNvNtNtNtCseriWsCb5ev6_4koan8builtins10match_case5testss_54match_value_is_admissible_against_declared_return_slot
FN:294,_RNvNtNtNtCseriWsCb5ev6_4koan8builtins10match_case5testss_59fn_recursion_with_multi_statement_body_via_match_terminates
FNDA:0,_RNCNvNtNtCscUx3zdyuqfq_4koan8builtins10match_case4body0B7_
FNDA:0,_RNvNtNtCscUx3zdyuqfq_4koan8builtins10match_case4body
FNDA:42,_RNvNtNtCscUx3zdyuqfq_4koan8builtins10match_case8register
FNDA:1,_RNCNvNtNtCseriWsCb5ev6_4koan8builtins10match_case4body0B7_
FNDA:71,_RNvNtNtCseriWsCb5ev6_4koan8builtins10match_case4body
FNDA:519,_RNvNtNtCseriWsCb5ev6_4koan8builtins10match_case8register
FNDA:10,_RNvNtNtNtCseriWsCb5ev6_4koan8builtins10match_case5tests11run_program
FNDA:1,_RNvNtNtNtCseriWsCb5ev6_4koan8builtins10match_case5testss_25match_inexhaustive_errors
FNDA:1,_RNvNtNtNtCseriWsCb5ev6_4koan8builtins10match_case5testss_29match_binds_inner_value_to_it
FNDA:1,_RNvNtNtNtCseriWsCb5ev6_4koan8builtins10match_case5testss_29recursive_tagged_match_no_uaf
FNDA:1,_RNvNtNtNtCseriWsCb5ev6_4koan8builtins10match_case5testss_33match_on_bool_inexhaustive_errors
FNDA:1,_RNvNtNtNtCseriWsCb5ev6_4koan8builtins10match_case5testss_36match_on_bool_true_takes_true_branch
FNDA:1,_RNvNtNtNtCseriWsCb5ev6_4koan8builtins10match_case5testss_37match_does_not_run_unmatched_branches
FNDA:1,_RNvNtNtNtCseriWsCb5ev6_4koan8builtins10match_case5testss_38match_on_bool_false_takes_false_branch
FNDA:1,_RNvNtNtNtCseriWsCb5ev6_4koan8builtins10match_case5testss_40match_dispatches_branch_for_matching_tag
FNDA:1,_RNvNtNtNtCseriWsCb5ev6_4koan8builtins10match_case5testss_40match_other_branch_runs_when_tag_matches
FNDA:1,_RNvNtNtNtCseriWsCb5ev6_4koan8builtins10match_case5testss_47match_arm_violating_declared_return_type_errors
FNDA:1,_RNvNtNtNtCseriWsCb5ev6_4koan8builtins10match_case5testss_47multi_statement_match_branch_returns_last_value
FNDA:1,_RNvNtNtNtCseriWsCb5ev6_4koan8builtins10match_case5testss_54match_value_is_admissible_against_declared_return_slot
FNDA:1,_RNvNtNtNtCseriWsCb5ev6_4koan8builtins10match_case5testss_59fn_recursion_with_multi_statement_body_via_match_terminates
FNF:17
FNH:17
DA:27,71
DA:28,71
DA:29,71
DA:30,71
DA:31,71
DA:32,71
DA:33,64
DA:34,7
DA:35,7
DA:36,5
DA:38,2
DA:40,7
DA:42,0
DA:43,0
DA:44,0
DA:45,0
DA:46,0
DA:47,0
DA:49,0
DA:51,71
DA:52,71
DA:53,71
DA:54,71
DA:55,71
DA:56,71
DA:57,71
DA:58,0
DA:60,71
DA:61,71
DA:63,0
DA:64,0
DA:65,0
DA:68,71
DA:69,68
DA:71,3
DA:72,3
DA:73,3
DA:74,3
DA:76,0
DA:79,68
DA:80,68
DA:81,68
DA:84,68
DA:87,68
DA:88,68
DA:89,68
DA:90,68
DA:91,1
DA:92,1
DA:93,1
DA:94,1
DA:95,1
DA:96,1
DA:97,1
DA:98,1
DA:99,1
DA:100,1
DA:102,1
DA:104,67
DA:105,67
DA:107,71
DA:109,561
DA:110,561
DA:111,561
DA:112,561
DA:113,561
DA:114,561
DA:115,561
DA:116,561
DA:117,561
DA:118,561
DA:119,561
DA:120,561
DA:121,561
DA:124,561
DA:126,561
DA:135,10
DA:136,10
DA:137,10
DA:138,10
DA:139,10
DA:140,10
DA:141,10
DA:144,1
DA:145,1
DA:146,1
DA:147,1
DA:148,1
DA:150,1
DA:151,1
DA:154,1
DA:155,1
DA:156,1
DA:157,1
DA:158,1
DA:160,1
DA:161,1
DA:164,1
DA:165,1
DA:166,1
DA:167,1
DA:168,1
DA:170,1
DA:171,1
DA:174,1
DA:175,1
DA:176,1
DA:177,1
DA:178,1
DA:179,1
DA:181,1
DA:182,1
DA:183,1
DA:185,1
DA:186,1
DA:189,1
DA:192,1
DA:193,1
DA:194,1
DA:195,1
DA:196,1
DA:197,1
DA:200,1
DA:201,1
DA:202,1
DA:204,1
DA:205,1
DA:208,1
DA:211,1
DA:214,1
DA:215,1
DA:216,1
DA:217,1
DA:218,1
DA:220,1
DA:221,1
DA:224,1
DA:225,1
DA:226,1
DA:227,1
DA:228,1
DA:230,1
DA:231,1
DA:234,1
DA:235,1
DA:236,1
DA:238,1
DA:239,1
DA:242,1
DA:243,1
DA:244,1
DA:246,1
DA:247,1
DA:250,1
DA:253,1
DA:254,1
DA:255,1
DA:256,1
DA:257,1
DA:258,1
DA:259,1
DA:261,1
DA:262,1
DA:265,1
DA:266,1
DA:267,1
DA:268,1
DA:269,1
DA:270,1
DA:272,1
DA:273,1
DA:276,1
DA:279,1
DA:280,1
DA:281,1
DA:282,1
DA:283,1
DA:284,1
DA:285,1
DA:286,1
DA:288,1
DA:289,1
DA:290,1
DA:291,1
DA:294,1
DA:295,1
DA:296,1
DA:297,1
DA:298,1
DA:299,1
DA:300,1
DA:301,1
DA:302,1
DA:303,1
DA:304,1
DA:306,1
DA:307,1
DA:308,1
BRF:0
BRH:0
LF:199
LH:187
end_of_record
SF:/var/home/jack/Code/koan/src/builtins/module_def.rs
FN:123,_RNvNtNtCscUx3zdyuqfq_4koan8builtins10module_def11binder_name
FN:25,_RNvNtNtCscUx3zdyuqfq_4koan8builtins10module_def4body
FN:127,_RNvNtNtCscUx3zdyuqfq_4koan8builtins10module_def8register
FN:55,_RNCNvNtNtCscUx3zdyuqfq_4koan8builtins10module_def4body0B7_
FN:58,_RNCNvNtNtCscUx3zdyuqfq_4koan8builtins10module_def4bodys_0B7_
FN:123,_RNvNtNtCseriWsCb5ev6_4koan8builtins10module_def11binder_name
FN:25,_RNvNtNtCseriWsCb5ev6_4koan8builtins10module_def4body
FN:127,_RNvNtNtCseriWsCb5ev6_4koan8builtins10module_def8register
FN:154,_RNvNtNtNtCseriWsCb5ev6_4koan8builtins10module_def5tests14resolve_module
FN:216,_RNvNtNtNtCseriWsCb5ev6_4koan8builtins10module_def5testss_28module_unknown_member_errors
FN:184,_RNvNtNtNtCseriWsCb5ev6_4koan8builtins10module_def5testss_29module_member_access_via_attr
FN:162,_RNvNtNtNtCseriWsCb5ev6_4koan8builtins10module_def5testss_32binder_name_extracts_module_name
FN:169,_RNvNtNtNtCseriWsCb5ev6_4koan8builtins10module_def5testss_32module_binds_under_name_in_scope
FN:202,_RNvNtNtNtCseriWsCb5ev6_4koan8builtins10module_def5testss_33module_member_function_via_let_fn
FN:288,_RNvNtNtNtCseriWsCb5ev6_4koan8builtins10module_def5testss_36module_body_dispatch_does_not_dangle
FN:240,_RNvNtNtNtCseriWsCb5ev6_4koan8builtins10module_def5testss_38module_body_parks_on_outer_placeholder
FN:250,_RNvNtNtNtCseriWsCb5ev6_4koan8builtins10module_def5testss_41module_body_error_short_circuits_finalize
FN:193,_RNvNtNtNtCseriWsCb5ev6_4koan8builtins10module_def5testss_41module_with_multiple_statements_in_parens
FN:229,_RNvNtNtNtCseriWsCb5ev6_4koan8builtins10module_def5testss_41nested_module_accessible_via_chained_attr
FN:264,_RNvNtNtNtCseriWsCb5ev6_4koan8builtins10module_def5testss_50module_finalize_short_circuits_on_idempotent_state
FN:55,_RNCNvNtNtCseriWsCb5ev6_4koan8builtins10module_def4body0B7_
FN:58,_RNCNvNtNtCseriWsCb5ev6_4koan8builtins10module_def4bodys_0B7_
FNDA:36,_RNvNtNtCscUx3zdyuqfq_4koan8builtins10module_def11binder_name
FNDA:21,_RNvNtNtCscUx3zdyuqfq_4koan8builtins10module_def4body
FNDA:42,_RNvNtNtCscUx3zdyuqfq_4koan8builtins10module_def8register
FNDA:21,_RNCNvNtNtCscUx3zdyuqfq_4koan8builtins10module_def4body0B7_
FNDA:20,_RNCNvNtNtCscUx3zdyuqfq_4koan8builtins10module_def4bodys_0B7_
FNDA:147,_RNvNtNtCseriWsCb5ev6_4koan8builtins10module_def11binder_name
FNDA:84,_RNvNtNtCseriWsCb5ev6_4koan8builtins10module_def4body
FNDA:519,_RNvNtNtCseriWsCb5ev6_4koan8builtins10module_def8register
FNDA:3,_RNvNtNtNtCseriWsCb5ev6_4koan8builtins10module_def5tests14resolve_module
FNDA:1,_RNvNtNtNtCseriWsCb5ev6_4koan8builtins10module_def5testss_28module_unknown_member_errors
FNDA:1,_RNvNtNtNtCseriWsCb5ev6_4koan8builtins10module_def5testss_29module_member_access_via_attr
FNDA:1,_RNvNtNtNtCseriWsCb5ev6_4koan8builtins10module_def5testss_32binder_name_extracts_module_name
FNDA:1,_RNvNtNtNtCseriWsCb5ev6_4koan8builtins10module_def5testss_32module_binds_under_name_in_scope
FNDA:1,_RNvNtNtNtCseriWsCb5ev6_4koan8builtins10module_def5testss_33module_member_function_via_let_fn
FNDA:1,_RNvNtNtNtCseriWsCb5ev6_4koan8builtins10module_def5testss_36module_body_dispatch_does_not_dangle
FNDA:1,_RNvNtNtNtCseriWsCb5ev6_4koan8builtins10module_def5testss_38module_body_parks_on_outer_placeholder
FNDA:1,_RNvNtNtNtCseriWsCb5ev6_4koan8builtins10module_def5testss_41module_body_error_short_circuits_finalize
FNDA:1,_RNvNtNtNtCseriWsCb5ev6_4koan8builtins10module_def5testss_41module_with_multiple_statements_in_parens
FNDA:1,_RNvNtNtNtCseriWsCb5ev6_4koan8builtins10module_def5testss_41nested_module_accessible_via_chained_attr
FNDA:1,_RNvNtNtNtCseriWsCb5ev6_4koan8builtins10module_def5testss_50module_finalize_short_circuits_on_idempotent_state
FNDA:84,_RNCNvNtNtCseriWsCb5ev6_4koan8builtins10module_def4body0B7_
FNDA:82,_RNCNvNtNtCseriWsCb5ev6_4koan8builtins10module_def4bodys_0B7_
FNF:17
FNH:17
DA:25,105
DA:26,105
DA:27,105
DA:28,105
DA:29,105
DA:31,105
DA:32,105
DA:33,0
DA:35,105
DA:36,105
DA:38,0
DA:39,0
DA:40,0
DA:44,105
DA:45,105
DA:47,105
DA:51,105
DA:53,105
DA:54,105
DA:55,105
DA:56,105
DA:57,105
DA:58,105
DA:62,102
DA:63,102
DA:64,1
DA:65,1
DA:66,1
DA:67,1
DA:68,1
DA:69,101
DA:70,101
DA:71,101
DA:72,101
DA:80,101
DA:81,101
DA:82,101
DA:83,101
DA:84,101
DA:85,24
DA:86,0
DA:87,24
DA:88,24
DA:91,101
DA:92,101
DA:93,101
DA:94,101
DA:101,101
DA:102,101
DA:103,101
DA:104,101
DA:105,101
DA:106,101
DA:107,101
DA:108,101
DA:109,101
DA:110,101
DA:111,101
DA:112,0
DA:113,0
DA:114,0
DA:115,0
DA:117,102
DA:118,105
DA:119,105
DA:120,105
DA:123,183
DA:124,183
DA:125,183
DA:127,561
DA:128,561
DA:129,561
DA:130,561
DA:131,561
DA:132,561
DA:133,561
DA:134,561
DA:135,561
DA:136,561
DA:137,561
DA:140,561
DA:141,561
DA:143,561
DA:154,3
DA:155,3
DA:156,3
DA:157,0
DA:159,3
DA:162,1
DA:163,1
DA:164,1
DA:165,1
DA:166,1
DA:169,1
DA:170,1
DA:171,1
DA:172,1
DA:173,1
DA:174,1
DA:177,1
DA:178,1
DA:181,1
DA:184,1
DA:185,1
DA:186,1
DA:187,1
DA:188,1
DA:189,1
DA:190,1
DA:193,1
DA:194,1
DA:195,1
DA:196,1
DA:197,1
DA:198,1
DA:199,1
DA:202,1
DA:205,1
DA:206,1
DA:207,1
DA:208,1
DA:209,1
DA:211,1
DA:212,1
DA:213,1
DA:216,1
DA:217,1
DA:218,1
DA:219,1
DA:220,1
DA:221,1
DA:222,1
DA:223,1
DA:226,1
DA:229,1
DA:230,1
DA:231,1
DA:232,1
DA:233,1
DA:234,1
DA:235,1
DA:240,1
DA:241,1
DA:242,1
DA:243,1
DA:244,1
DA:245,1
DA:246,1
DA:250,1
DA:251,1
DA:252,1
DA:253,1
DA:254,1
DA:255,1
DA:258,1
DA:264,1
DA:265,1
DA:266,1
DA:267,1
DA:268,1
DA:269,1
DA:271,1
DA:272,1
DA:273,1
DA:274,1
DA:275,1
DA:279,1
DA:280,1
DA:281,1
DA:282,1
DA:283,1
DA:288,1
DA:289,1
DA:290,1
DA:291,1
DA:292,1
DA:293,1
DA:294,1
DA:295,1
DA:296,1
BRF:0
BRH:0
LF:182
LH:172
end_of_record
SF:/var/home/jack/Code/koan/src/builtins/newtype_def.rs
FN:135,_RNCNvNtNtCscUx3zdyuqfq_4koan8builtins11newtype_def17newtype_construct0B7_
FN:87,_RNCNvNtNtCscUx3zdyuqfq_4koan8builtins11newtype_def4body0B7_
FN:108,_RNvNtNtCscUx3zdyuqfq_4koan8builtins11newtype_def11binder_name
FN:121,_RNvNtNtCscUx3zdyuqfq_4koan8builtins11newtype_def17newtype_construct
FN:31,_RNvNtNtCscUx3zdyuqfq_4koan8builtins11newtype_def4body
FN:173,_RNvNtNtCscUx3zdyuqfq_4koan8builtins11newtype_def8register
FN:108,_RNvNtNtCseriWsCb5ev6_4koan8builtins11newtype_def11binder_name
FN:121,_RNvNtNtCseriWsCb5ev6_4koan8builtins11newtype_def17newtype_construct
FN:31,_RNvNtNtCseriWsCb5ev6_4koan8builtins11newtype_def4body
FN:173,_RNvNtNtCseriWsCb5ev6_4koan8builtins11newtype_def8register
FN:363,_RNvNtNtNtCseriWsCb5ev6_4koan8builtins11newtype_def5testss_28construct_arity_zero_rejects
FN:384,_RNvNtNtNtCseriWsCb5ev6_4koan8builtins11newtype_def5testss_29construct_with_operator_value
FN:204,_RNvNtNtNtCseriWsCb5ev6_4koan8builtins11newtype_def5testss_30declare_mints_newtype_identity
FN:271,_RNvNtNtNtCseriWsCb5ev6_4koan8builtins11newtype_def5testss_30newtype_over_newtype_collapses
FN:342,_RNvNtNtNtCseriWsCb5ev6_4koan8builtins11newtype_def5testss_31construct_with_identifier_value
FN:256,_RNvNtNtNtCseriWsCb5ev6_4koan8builtins11newtype_def5testss_35construct_rejects_non_matching_repr
FN:234,_RNvNtNtNtCseriWsCb5ev6_4koan8builtins11newtype_def5testss_35construct_wraps_repr_matching_value
FN:300,_RNvNtNtNtCseriWsCb5ev6_4koan8builtins11newtype_def5testss_43dispatch_distinguishes_distance_from_number
FN:135,_RNCNvNtNtCseriWsCb5ev6_4koan8builtins11newtype_def17newtype_construct0B7_
FN:87,_RNCNvNtNtCseriWsCb5ev6_4koan8builtins11newtype_def4body0B7_
FNDA:0,_RNCNvNtNtCscUx3zdyuqfq_4koan8builtins11newtype_def17newtype_construct0B7_
FNDA:0,_RNCNvNtNtCscUx3zdyuqfq_4koan8builtins11newtype_def4body0B7_
FNDA:0,_RNvNtNtCscUx3zdyuqfq_4koan8builtins11newtype_def11binder_name
FNDA:0,_RNvNtNtCscUx3zdyuqfq_4koan8builtins11newtype_def17newtype_construct
FNDA:0,_RNvNtNtCscUx3zdyuqfq_4koan8builtins11newtype_def4body
FNDA:42,_RNvNtNtCscUx3zdyuqfq_4koan8builtins11newtype_def8register
FNDA:24,_RNvNtNtCseriWsCb5ev6_4koan8builtins11newtype_def11binder_name
FNDA:12,_RNvNtNtCseriWsCb5ev6_4koan8builtins11newtype_def17newtype_construct
FNDA:12,_RNvNtNtCseriWsCb5ev6_4koan8builtins11newtype_def4body
FNDA:519,_RNvNtNtCseriWsCb5ev6_4koan8builtins11newtype_def8register
FNDA:1,_RNvNtNtNtCseriWsCb5ev6_4koan8builtins11newtype_def5testss_28construct_arity_zero_rejects
FNDA:1,_RNvNtNtNtCseriWsCb5ev6_4koan8builtins11newtype_def5testss_29construct_with_operator_value
FNDA:1,_RNvNtNtNtCseriWsCb5ev6_4koan8builtins11newtype_def5testss_30declare_mints_newtype_identity
FNDA:1,_RNvNtNtNtCseriWsCb5ev6_4koan8builtins11newtype_def5testss_30newtype_over_newtype_collapses
FNDA:1,_RNvNtNtNtCseriWsCb5ev6_4koan8builtins11newtype_def5testss_31construct_with_identifier_value
FNDA:1,_RNvNtNtNtCseriWsCb5ev6_4koan8builtins11newtype_def5testss_35construct_rejects_non_matching_repr
FNDA:1,_RNvNtNtNtCseriWsCb5ev6_4koan8builtins11newtype_def5testss_35construct_wraps_repr_matching_value
FNDA:1,_RNvNtNtNtCseriWsCb5ev6_4koan8builtins11newtype_def5testss_43dispatch_distinguishes_distance_from_number
FNDA:11,_RNCNvNtNtCseriWsCb5ev6_4koan8builtins11newtype_def17newtype_construct0B7_
FNDA:12,_RNCNvNtNtCseriWsCb5ev6_4koan8builtins11newtype_def4body0B7_
FNF:14
FNH:14
DA:31,12
DA:32,12
DA:33,12
DA:34,12
DA:35,12
DA:36,12
DA:37,12
DA:38,0
DA:43,12
DA:44,9
DA:45,9
DA:46,0
DA:52,3
DA:53,3
DA:54,0
DA:58,3
DA:59,3
DA:60,3
DA:62,0
DA:63,0
DA:64,0
DA:65,0
DA:70,0
DA:71,0
DA:72,0
DA:78,12
DA:79,12
DA:80,12
DA:81,12
DA:82,12
DA:83,12
DA:84,12
DA:85,12
DA:86,12
DA:87,12
DA:88,12
DA:89,12
DA:90,12
DA:91,12
DA:94,12
DA:95,12
DA:100,0
DA:101,0
DA:102,0
DA:103,0
DA:105,12
DA:108,24
DA:109,24
DA:110,24
DA:121,12
DA:122,12
DA:123,12
DA:124,12
DA:125,12
DA:126,12
DA:127,12
DA:128,1
DA:129,1
DA:130,1
DA:131,1
DA:132,11
DA:133,11
DA:134,11
DA:135,11
DA:136,11
DA:137,11
DA:141,11
DA:143,11
DA:144,11
DA:145,0
DA:150,11
DA:151,11
DA:152,0
DA:154,11
DA:155,1
DA:156,1
DA:157,1
DA:158,1
DA:159,1
DA:160,10
DA:163,10
DA:164,10
DA:165,10
DA:166,10
DA:167,10
DA:168,11
DA:169,11
DA:170,11
DA:171,12
DA:173,561
DA:176,561
DA:177,561
DA:178,561
DA:179,561
DA:180,561
DA:181,561
DA:182,561
DA:183,561
DA:184,561
DA:185,561
DA:188,561
DA:189,561
DA:191,561
DA:204,1
DA:205,1
DA:206,1
DA:207,1
DA:208,1
DA:209,1
DA:210,1
DA:211,1
DA:212,1
DA:213,1
DA:214,1
DA:215,1
DA:216,1
DA:217,1
DA:218,0
DA:221,0
DA:223,1
DA:224,1
DA:225,1
DA:226,1
DA:229,1
DA:234,1
DA:235,1
DA:236,1
DA:237,1
DA:238,1
DA:239,1
DA:240,1
DA:241,1
DA:242,1
DA:243,1
DA:244,1
DA:246,0
DA:248,1
DA:250,0
DA:252,1
DA:256,1
DA:257,1
DA:258,1
DA:259,1
DA:260,1
DA:261,1
DA:262,1
DA:263,1
DA:266,1
DA:271,1
DA:272,1
DA:273,1
DA:274,1
DA:275,1
DA:276,1
DA:277,1
DA:278,1
DA:279,1
DA:280,0
DA:283,1
DA:284,1
DA:286,0
DA:289,0
DA:291,1
DA:300,1
DA:301,1
DA:302,1
DA:303,1
DA:304,1
DA:305,1
DA:306,1
DA:307,1
DA:309,1
DA:310,1
DA:311,1
DA:312,0
DA:314,1
DA:315,1
DA:316,1
DA:317,0
DA:319,1
DA:320,1
DA:321,1
DA:322,1
DA:323,1
DA:324,1
DA:325,1
DA:328,1
DA:329,1
DA:330,1
DA:331,1
DA:332,1
DA:333,1
DA:334,1
DA:337,1
DA:342,1
DA:343,1
DA:344,1
DA:345,1
DA:346,1
DA:347,1
DA:348,1
DA:349,1
DA:350,1
DA:351,1
DA:353,0
DA:355,1
DA:357,0
DA:359,1
DA:363,1
DA:364,1
DA:365,1
DA:366,1
DA:367,1
DA:368,1
DA:369,0
DA:370,1
DA:378,1
DA:384,1
DA:385,1
DA:386,1
DA:387,1
DA:388,1
DA:389,1
DA:390,1
DA:392,1
DA:393,1
DA:394,1
DA:395,1
DA:396,1
DA:397,1
DA:399,0
DA:401,1
DA:403,0
DA:405,1
BRF:0
BRH:0
LF:236
LH:206
end_of_record
SF:/var/home/jack/Code/koan/src/builtins/print.rs
FN:10,_RNvNtNtCscUx3zdyuqfq_4koan8builtins5print4body
FN:24,_RNvNtNtCscUx3zdyuqfq_4koan8builtins5print8register
FN:10,_RNvNtNtCseriWsCb5ev6_4koan8builtins5print4body
FN:24,_RNvNtNtCseriWsCb5ev6_4koan8builtins5print8register
FNDA:6,_RNvNtNtCscUx3zdyuqfq_4koan8builtins5print4body
FNDA:42,_RNvNtNtCscUx3zdyuqfq_4koan8builtins5print8register
FNDA:144,_RNvNtNtCseriWsCb5ev6_4koan8builtins5print4body
FNDA:519,_RNvNtNtCseriWsCb5ev6_4koan8builtins5print8register
FNF:2
FNH:2
DA:10,150
DA:11,150
DA:12,150
DA:13,150
DA:14,150
DA:15,150
DA:16,150
DA:17,0
DA:19,150
DA:20,150
DA:21,150
DA:22,150
DA:24,561
DA:25,561
DA:26,561
DA:27,561
DA:28,561
DA:29,561
DA:31,561
BRF:0
BRH:0
LF:19
LH:18
end_of_record
SF:/var/home/jack/Code/koan/src/builtins/quote.rs
FN:12,_RNvNtNtCscUx3zdyuqfq_4koan8builtins5quote4body
FN:29,_RNvNtNtCscUx3zdyuqfq_4koan8builtins5quote8register
FN:12,_RNvNtNtCseriWsCb5ev6_4koan8builtins5quote4body
FN:29,_RNvNtNtCseriWsCb5ev6_4koan8builtins5quote8register
FN:46,_RNvNtNtNtCseriWsCb5ev6_4koan8builtins5quote5tests11run_program
FN:55,_RNvNtNtNtCseriWsCb5ev6_4koan8builtins5quote5testss_26quote_then_eval_round_trip
FN:64,_RNvNtNtNtCseriWsCb5ev6_4koan8builtins5quote5testss_27quote_captures_ast_as_value
FNDA:0,_RNvNtNtCscUx3zdyuqfq_4koan8builtins5quote4body
FNDA:42,_RNvNtNtCscUx3zdyuqfq_4koan8builtins5quote8register
FNDA:9,_RNvNtNtCseriWsCb5ev6_4koan8builtins5quote4body
FNDA:519,_RNvNtNtCseriWsCb5ev6_4koan8builtins5quote8register
FNDA:2,_RNvNtNtNtCseriWsCb5ev6_4koan8builtins5quote5tests11run_program
FNDA:1,_RNvNtNtNtCseriWsCb5ev6_4koan8builtins5quote5testss_26quote_then_eval_round_trip
FNDA:1,_RNvNtNtNtCseriWsCb5ev6_4koan8builtins5quote5testss_27quote_captures_ast_as_value
FNF:5
FNH:5
DA:12,9
DA:13,9
DA:14,9
DA:15,9
DA:16,9
DA:17,9
DA:18,9
DA:20,0
DA:21,0
DA:22,0
DA:25,9
DA:26,9
DA:27,9
DA:29,561
DA:30,561
DA:31,561
DA:32,561
DA:33,561
DA:34,561
DA:35,561
DA:37,561
DA:39,561
DA:46,2
DA:47,2
DA:48,2
DA:49,2
DA:50,2
DA:51,2
DA:52,2
DA:55,1
DA:56,1
DA:57,1
DA:58,1
DA:60,1
DA:61,1
DA:64,1
DA:65,1
DA:66,1
DA:67,1
BRF:0
BRH:0
LF:39
LH:36
end_of_record
SF:/var/home/jack/Code/koan/src/builtins/record_projection.rs
FN:45,_RNCNvNtNtCscUx3zdyuqfq_4koan8builtins17record_projection4body0B7_
FN:29,_RNvNtNtCscUx3zdyuqfq_4koan8builtins17record_projection4body
FN:93,_RNvNtNtCscUx3zdyuqfq_4koan8builtins17record_projection8register
FN:29,_RNvNtNtCseriWsCb5ev6_4koan8builtins17record_projection4body
FN:93,_RNvNtNtCseriWsCb5ev6_4koan8builtins17record_projection8register
FN:179,_RNvNtNtNtCseriWsCb5ev6_4koan8builtins17record_projection5testss_25from_unknown_field_errors
FN:192,_RNvNtNtNtCseriWsCb5ev6_4koan8builtins17record_projection5testss_27from_duplicate_field_errors
FN:146,_RNvNtNtNtCseriWsCb5ev6_4koan8builtins17record_projection5testss_28from_single_field_projection
FN:232,_RNvNtNtNtCseriWsCb5ev6_4koan8builtins17record_projection5testss_41from_breaks_ambiguous_record_dispatch_tie
FN:163,_RNvNtNtNtCseriWsCb5ev6_4koan8builtins17record_projection5testss_41from_empty_field_list_yields_empty_record
FN:211,_RNvNtNtNtCseriWsCb5ev6_4koan8builtins17record_projection5testss_45from_non_record_operand_is_dispatch_non_match
FN:123,_RNvNtNtNtCseriWsCb5ev6_4koan8builtins17record_projection5testss_52from_narrows_carried_type_keeping_all_fields_present
FN:45,_RNCNvNtNtCseriWsCb5ev6_4koan8builtins17record_projection4body0B7_
FNDA:0,_RNCNvNtNtCscUx3zdyuqfq_4koan8builtins17record_projection4body0B7_
FNDA:0,_RNvNtNtCscUx3zdyuqfq_4koan8builtins17record_projection4body
FNDA:42,_RNvNtNtCscUx3zdyuqfq_4koan8builtins17record_projection8register
FNDA:6,_RNvNtNtCseriWsCb5ev6_4koan8builtins17record_projection4body
FNDA:519,_RNvNtNtCseriWsCb5ev6_4koan8builtins17record_projection8register
FNDA:1,_RNvNtNtNtCseriWsCb5ev6_4koan8builtins17record_projection5testss_25from_unknown_field_errors
FNDA:1,_RNvNtNtNtCseriWsCb5ev6_4koan8builtins17record_projection5testss_27from_duplicate_field_errors
FNDA:1,_RNvNtNtNtCseriWsCb5ev6_4koan8builtins17record_projection5testss_28from_single_field_projection
FNDA:1,_RNvNtNtNtCseriWsCb5ev6_4koan8builtins17record_projection5testss_41from_breaks_ambiguous_record_dispatch_tie
FNDA:1,_RNvNtNtNtCseriWsCb5ev6_4koan8builtins17record_projection5testss_41from_empty_field_list_yields_empty_record
FNDA:1,_RNvNtNtNtCseriWsCb5ev6_4koan8builtins17record_projection5testss_45from_non_record_operand_is_dispatch_non_match
FNDA:1,_RNvNtNtNtCseriWsCb5ev6_4koan8builtins17record_projection5testss_52from_narrows_carried_type_keeping_all_fields_present
FNDA:4,_RNCNvNtNtCseriWsCb5ev6_4koan8builtins17record_projection4body0B7_
FNF:10
FNH:10
DA:29,6
DA:30,6
DA:31,6
DA:32,6
DA:33,6
DA:34,6
DA:35,6
DA:36,0
DA:41,6
DA:42,9
DA:43,9
DA:44,9
DA:45,9
DA:46,1
DA:47,1
DA:48,1
DA:49,8
DA:50,8
DA:52,0
DA:53,0
DA:54,0
DA:55,0
DA:56,0
DA:61,5
DA:62,5
DA:65,0
DA:66,0
DA:67,0
DA:68,0
DA:69,0
DA:71,0
DA:76,5
DA:77,7
DA:78,7
DA:79,6
DA:81,1
DA:82,1
DA:83,1
DA:88,4
DA:89,4
DA:90,4
DA:91,6
DA:93,561
DA:99,561
DA:100,561
DA:101,561
DA:102,561
DA:103,561
DA:104,561
DA:105,561
DA:106,561
DA:107,561
DA:110,561
DA:112,561
DA:123,1
DA:124,1
DA:125,1
DA:126,1
DA:127,1
DA:128,1
DA:130,1
DA:131,1
DA:133,1
DA:134,1
DA:135,1
DA:136,1
DA:138,0
DA:140,1
DA:146,1
DA:147,1
DA:148,1
DA:149,1
DA:150,1
DA:151,1
DA:152,1
DA:153,1
DA:154,1
DA:155,1
DA:157,0
DA:159,1
DA:163,1
DA:164,1
DA:165,1
DA:166,1
DA:167,1
DA:168,1
DA:170,1
DA:171,1
DA:173,0
DA:175,1
DA:179,1
DA:180,1
DA:181,1
DA:182,1
DA:183,1
DA:184,1
DA:185,1
DA:188,1
DA:192,1
DA:193,1
DA:194,1
DA:195,1
DA:196,1
DA:197,1
DA:198,1
DA:201,1
DA:211,1
DA:215,1
DA:216,1
DA:217,1
DA:218,1
DA:219,1
DA:220,1
DA:221,1
DA:222,1
DA:223,1
DA:226,1
DA:232,1
DA:236,1
DA:237,1
DA:238,1
DA:239,1
DA:240,1
DA:241,1
DA:242,1
DA:246,1
DA:247,1
DA:248,1
DA:249,1
DA:250,1
DA:251,1
DA:252,1
DA:257,1
DA:258,1
DA:259,1
DA:260,0
DA:262,1
BRF:0
BRH:0
LF:138
LH:122
end_of_record
SF:/var/home/jack/Code/koan/src/builtins/recursive_types.rs
FN:99,_RNCNCNvNtNtCscUx3zdyuqfq_4koan8builtins15recursive_types4bodys0_00B9_
FN:197,_RNCNvNtNtCscUx3zdyuqfq_4koan8builtins15recursive_types15leading_keyword0B7_
FN:148,_RNCNvNtNtCscUx3zdyuqfq_4koan8builtins15recursive_types16discover_members0B7_
FN:180,_RNCNvNtNtCscUx3zdyuqfq_4koan8builtins15recursive_types16discover_memberss0_0B7_
FN:152,_RNCNvNtNtCscUx3zdyuqfq_4koan8builtins15recursive_types16discover_memberss_0B7_
FN:67,_RNCNvNtNtCscUx3zdyuqfq_4koan8builtins15recursive_types4body0B7_
FN:98,_RNCNvNtNtCscUx3zdyuqfq_4koan8builtins15recursive_types4bodys0_0B7_
FN:96,_RNCNvNtNtCscUx3zdyuqfq_4koan8builtins15recursive_types4bodys_0B7_
FN:204,_RNvNtNtCscUx3zdyuqfq_4koan8builtins15recursive_types11binder_name
FN:196,_RNvNtNtCscUx3zdyuqfq_4koan8builtins15recursive_types15leading_keyword
FN:143,_RNvNtNtCscUx3zdyuqfq_4koan8builtins15recursive_types16discover_members
FN:36,_RNvNtNtCscUx3zdyuqfq_4koan8builtins15recursive_types4body
FN:208,_RNvNtNtCscUx3zdyuqfq_4koan8builtins15recursive_types8register
FN:99,_RNCNCNvNtNtCseriWsCb5ev6_4koan8builtins15recursive_types4bodys0_00B9_
FN:197,_RNCNvNtNtCseriWsCb5ev6_4koan8builtins15recursive_types15leading_keyword0B7_
FN:148,_RNCNvNtNtCseriWsCb5ev6_4koan8builtins15recursive_types16discover_members0B7_
FN:180,_RNCNvNtNtCseriWsCb5ev6_4koan8builtins15recursive_types16discover_memberss0_0B7_
FN:152,_RNCNvNtNtCseriWsCb5ev6_4koan8builtins15recursive_types16discover_memberss_0B7_
FN:67,_RNCNvNtNtCseriWsCb5ev6_4koan8builtins15recursive_types4body0B7_
FN:98,_RNCNvNtNtCseriWsCb5ev6_4koan8builtins15recursive_types4bodys0_0B7_
FN:96,_RNCNvNtNtCseriWsCb5ev6_4koan8builtins15recursive_types4bodys_0B7_
FN:204,_RNvNtNtCseriWsCb5ev6_4koan8builtins15recursive_types11binder_name
FN:196,_RNvNtNtCseriWsCb5ev6_4koan8builtins15recursive_types15leading_keyword
FN:143,_RNvNtNtCseriWsCb5ev6_4koan8builtins15recursive_types16discover_members
FN:36,_RNvNtNtCseriWsCb5ev6_4koan8builtins15recursive_types4body
FN:208,_RNvNtNtCseriWsCb5ev6_4koan8builtins15recursive_types8register
FNDA:0,_RNCNCNvNtNtCscUx3zdyuqfq_4koan8builtins15recursive_types4bodys0_00B9_
FNDA:0,_RNCNvNtNtCscUx3zdyuqfq_4koan8builtins15recursive_types15leading_keyword0B7_
FNDA:0,_RNCNvNtNtCscUx3zdyuqfq_4koan8builtins15recursive_types16discover_members0B7_
FNDA:0,_RNCNvNtNtCscUx3zdyuqfq_4koan8builtins15recursive_types16discover_memberss0_0B7_
FNDA:0,_RNCNvNtNtCscUx3zdyuqfq_4koan8builtins15recursive_types16discover_memberss_0B7_
FNDA:0,_RNCNvNtNtCscUx3zdyuqfq_4koan8builtins15recursive_types4body0B7_
FNDA:0,_RNCNvNtNtCscUx3zdyuqfq_4koan8builtins15recursive_types4bodys0_0B7_
FNDA:0,_RNCNvNtNtCscUx3zdyuqfq_4koan8builtins15recursive_types4bodys_0B7_
FNDA:0,_RNvNtNtCscUx3zdyuqfq_4koan8builtins15recursive_types11binder_name
FNDA:0,_RNvNtNtCscUx3zdyuqfq_4koan8builtins15recursive_types15leading_keyword
FNDA:0,_RNvNtNtCscUx3zdyuqfq_4koan8builtins15recursive_types16discover_members
FNDA:0,_RNvNtNtCscUx3zdyuqfq_4koan8builtins15recursive_types4body
FNDA:42,_RNvNtNtCscUx3zdyuqfq_4koan8builtins15recursive_types8register
FNDA:0,_RNCNCNvNtNtCseriWsCb5ev6_4koan8builtins15recursive_types4bodys0_00B9_
FNDA:12,_RNCNvNtNtCseriWsCb5ev6_4koan8builtins15recursive_types15leading_keyword0B7_
FNDA:12,_RNCNvNtNtCseriWsCb5ev6_4koan8builtins15recursive_types16discover_members0B7_
FNDA:0,_RNCNvNtNtCseriWsCb5ev6_4koan8builtins15recursive_types16discover_memberss0_0B7_
FNDA:11,_RNCNvNtNtCseriWsCb5ev6_4koan8builtins15recursive_types16discover_memberss_0B7_
FNDA:8,_RNCNvNtNtCseriWsCb5ev6_4koan8builtins15recursive_types4body0B7_
FNDA:3,_RNCNvNtNtCseriWsCb5ev6_4koan8builtins15recursive_types4bodys0_0B7_
FNDA:4,_RNCNvNtNtCseriWsCb5ev6_4koan8builtins15recursive_types4bodys_0B7_
FNDA:12,_RNvNtNtCseriWsCb5ev6_4koan8builtins15recursive_types11binder_name
FNDA:12,_RNvNtNtCseriWsCb5ev6_4koan8builtins15recursive_types15leading_keyword
FNDA:6,_RNvNtNtCseriWsCb5ev6_4koan8builtins15recursive_types16discover_members
FNDA:6,_RNvNtNtCseriWsCb5ev6_4koan8builtins15recursive_types4body
FNDA:519,_RNvNtNtCseriWsCb5ev6_4koan8builtins15recursive_types8register
FNF:13
FNH:11
DA:36,6
DA:37,6
DA:38,6
DA:39,6
DA:40,6
DA:41,6
DA:42,6
DA:43,0
DA:45,6
DA:46,6
DA:48,0
DA:49,0
DA:50,0
DA:55,6
DA:56,4
DA:57,2
DA:63,4
DA:64,4
DA:65,4
DA:66,4
DA:67,8
DA:68,4
DA:72,4
DA:73,4
DA:74,4
DA:78,8
DA:79,8
DA:80,8
DA:81,8
DA:82,8
DA:83,8
DA:84,8
DA:85,8
DA:86,8
DA:87,8
DA:89,4
DA:94,4
DA:95,4
DA:96,4
DA:97,4
DA:98,4
DA:99,3
DA:103,7
DA:104,7
DA:105,0
DA:106,0
DA:107,0
DA:108,0
DA:109,0
DA:110,0
DA:111,0
DA:112,7
DA:116,7
DA:117,7
DA:118,7
DA:119,7
DA:120,7
DA:121,7
DA:123,0
DA:124,7
DA:126,3
DA:127,3
DA:128,3
DA:129,3
DA:130,3
DA:131,3
DA:132,3
DA:133,0
DA:135,3
DA:136,4
DA:137,4
DA:138,6
DA:143,6
DA:144,6
DA:145,6
DA:146,6
DA:147,6
DA:148,12
DA:149,6
DA:150,5
DA:151,5
DA:152,11
DA:153,11
DA:154,0
DA:155,11
DA:156,5
DA:158,1
DA:160,6
DA:161,0
DA:162,0
DA:163,0
DA:164,6
DA:165,6
DA:166,6
DA:167,12
DA:168,12
DA:169,12
DA:170,1
DA:171,1
DA:172,1
DA:173,1
DA:174,1
DA:175,1
DA:176,1
DA:177,1
DA:180,11
DA:181,0
DA:182,0
DA:183,0
DA:184,0
DA:185,11
DA:186,1
DA:187,1
DA:188,1
DA:189,10
DA:190,10
DA:192,4
DA:193,6
DA:196,12
DA:197,12
DA:198,12
DA:199,0
DA:200,12
DA:201,12
DA:204,12
DA:205,12
DA:206,12
DA:208,561
DA:209,561
DA:210,561
DA:211,561
DA:212,561
DA:213,561
DA:214,561
DA:215,561
DA:216,561
DA:217,561
DA:218,561
DA:219,561
DA:222,561
DA:223,561
DA:225,561
BRF:0
BRH:0
LF:151
LH:126
end_of_record
SF:/var/home/jack/Code/koan/src/builtins/result.rs
FN:22,_RNvNtNtCscUx3zdyuqfq_4koan8builtins6result8register
FN:22,_RNvNtNtCseriWsCb5ev6_4koan8builtins6result8register
FNDA:42,_RNvNtNtCscUx3zdyuqfq_4koan8builtins6result8register
FNDA:519,_RNvNtNtCseriWsCb5ev6_4koan8builtins6result8register
FNF:1
FNH:1
DA:22,561
DA:23,561
DA:24,561
DA:25,561
DA:26,561
DA:27,561
DA:28,561
DA:29,561
DA:30,561
DA:31,561
DA:32,561
DA:33,561
DA:37,561
DA:38,561
BRF:0
BRH:0
LF:14
LH:14
end_of_record
SF:/var/home/jack/Code/koan/src/builtins/sig_def.rs
FN:52,_RNCNvNtNtCscUx3zdyuqfq_4koan8builtins7sig_def4body0B7_
FN:55,_RNCNvNtNtCscUx3zdyuqfq_4koan8builtins7sig_def4bodys_0B7_
FN:86,_RNvNtNtCscUx3zdyuqfq_4koan8builtins7sig_def11binder_name
FN:27,_RNvNtNtCscUx3zdyuqfq_4koan8builtins7sig_def4body
FN:90,_RNvNtNtCscUx3zdyuqfq_4koan8builtins7sig_def8register
FN:52,_RNCNvNtNtCseriWsCb5ev6_4koan8builtins7sig_def4body0B7_
FN:55,_RNCNvNtNtCseriWsCb5ev6_4koan8builtins7sig_def4bodys_0B7_
FN:86,_RNvNtNtCseriWsCb5ev6_4koan8builtins7sig_def11binder_name
FN:27,_RNvNtNtCseriWsCb5ev6_4koan8builtins7sig_def4body
FN:90,_RNvNtNtCseriWsCb5ev6_4koan8builtins7sig_def8register
FN:138,_RNvNtNtNtCseriWsCb5ev6_4koan8builtins7sig_def5testss_21sig_path_records_name
FN:116,_RNvNtNtNtCseriWsCb5ev6_4koan8builtins7sig_def5testss_29binder_name_extracts_sig_name
FN:124,_RNvNtNtNtCseriWsCb5ev6_4koan8builtins7sig_def5testss_29sig_binds_under_name_in_scope
FN:153,_RNvNtNtNtCseriWsCb5ev6_4koan8builtins7sig_def5testss_35sig_body_parks_on_outer_placeholder
FN:174,_RNvNtNtNtCseriWsCb5ev6_4koan8builtins7sig_def5testss_38sig_body_error_short_circuits_finalize
FNDA:15,_RNCNvNtNtCscUx3zdyuqfq_4koan8builtins7sig_def4body0B7_
FNDA:15,_RNCNvNtNtCscUx3zdyuqfq_4koan8builtins7sig_def4bodys_0B7_
FNDA:30,_RNvNtNtCscUx3zdyuqfq_4koan8builtins7sig_def11binder_name
FNDA:15,_RNvNtNtCscUx3zdyuqfq_4koan8builtins7sig_def4body
FNDA:42,_RNvNtNtCscUx3zdyuqfq_4koan8builtins7sig_def8register
FNDA:70,_RNCNvNtNtCseriWsCb5ev6_4koan8builtins7sig_def4body0B7_
FNDA:68,_RNCNvNtNtCseriWsCb5ev6_4koan8builtins7sig_def4bodys_0B7_
FNDA:141,_RNvNtNtCseriWsCb5ev6_4koan8builtins7sig_def11binder_name
FNDA:70,_RNvNtNtCseriWsCb5ev6_4koan8builtins7sig_def4body
FNDA:519,_RNvNtNtCseriWsCb5ev6_4koan8builtins7sig_def8register
FNDA:1,_RNvNtNtNtCseriWsCb5ev6_4koan8builtins7sig_def5testss_21sig_path_records_name
FNDA:1,_RNvNtNtNtCseriWsCb5ev6_4koan8builtins7sig_def5testss_29binder_name_extracts_sig_name
FNDA:1,_RNvNtNtNtCseriWsCb5ev6_4koan8builtins7sig_def5testss_29sig_binds_under_name_in_scope
FNDA:1,_RNvNtNtNtCseriWsCb5ev6_4koan8builtins7sig_def5testss_35sig_body_parks_on_outer_placeholder
FNDA:1,_RNvNtNtNtCseriWsCb5ev6_4koan8builtins7sig_def5testss_38sig_body_error_short_circuits_finalize
FNF:10
FNH:10
DA:27,85
DA:28,85
DA:29,85
DA:30,85
DA:31,85
DA:32,85
DA:33,85
DA:34,0
DA:36,85
DA:37,85
DA:39,0
DA:40,0
DA:41,0
DA:45,85
DA:46,85
DA:48,85
DA:50,85
DA:51,85
DA:52,85
DA:53,85
DA:54,85
DA:55,85
DA:56,83
DA:57,83
DA:58,83
DA:66,83
DA:67,83
DA:68,83
DA:69,83
DA:70,83
DA:71,83
DA:72,83
DA:74,0
DA:75,0
DA:76,0
DA:77,0
DA:79,83
DA:80,85
DA:81,85
DA:82,85
DA:86,171
DA:87,171
DA:88,171
DA:90,561
DA:91,561
DA:92,561
DA:93,561
DA:94,561
DA:95,561
DA:96,561
DA:97,561
DA:98,561
DA:99,561
DA:100,561
DA:103,561
DA:104,561
DA:106,561
DA:116,1
DA:117,1
DA:118,1
DA:119,1
DA:120,1
DA:121,1
DA:124,1
DA:126,1
DA:127,1
DA:128,1
DA:130,1
DA:131,1
DA:132,1
DA:135,1
DA:138,1
DA:140,1
DA:141,1
DA:142,1
DA:143,1
DA:144,1
DA:145,0
DA:147,1
DA:148,1
DA:153,1
DA:154,1
DA:155,1
DA:156,1
DA:158,1
DA:159,1
DA:160,0
DA:162,1
DA:163,1
DA:164,1
DA:165,1
DA:167,0
DA:169,1
DA:174,1
DA:175,1
DA:176,1
DA:177,1
DA:178,1
DA:179,1
DA:182,1
BRF:0
BRH:0
LF:102
LH:91
end_of_record
SF:/var/home/jack/Code/koan/src/builtins/struct_def.rs
FN:123,_RNCNCNvNtNtCscUx3zdyuqfq_4koan8builtins10struct_def15finalize_struct00B9_
FN:117,_RNCNvNtNtCscUx3zdyuqfq_4koan8builtins10struct_def15finalize_struct0B7_
FN:178,_RNCNvNtNtCscUx3zdyuqfq_4koan8builtins10struct_def24defer_struct_via_combine0B7_
FN:73,_RNCNvNtNtCscUx3zdyuqfq_4koan8builtins10struct_def4body0B7_
FN:230,_RNvNtNtCscUx3zdyuqfq_4koan8builtins10struct_def11binder_name
FN:100,_RNvNtNtCscUx3zdyuqfq_4koan8builtins10struct_def15finalize_struct
FN:155,_RNvNtNtCscUx3zdyuqfq_4koan8builtins10struct_def24defer_struct_via_combine
FN:26,_RNvNtNtCscUx3zdyuqfq_4koan8builtins10struct_def4body
FN:234,_RNvNtNtCscUx3zdyuqfq_4koan8builtins10struct_def8register
FN:230,_RNvNtNtCseriWsCb5ev6_4koan8builtins10struct_def11binder_name
FN:100,_RNvNtNtCseriWsCb5ev6_4koan8builtins10struct_def15finalize_struct
FN:155,_RNvNtNtCseriWsCb5ev6_4koan8builtins10struct_def24defer_struct_via_combine
FN:26,_RNvNtNtCseriWsCb5ev6_4koan8builtins10struct_def4body
FN:234,_RNvNtNtCseriWsCb5ev6_4koan8builtins10struct_def8register
FN:123,_RNCNCNvNtNtCseriWsCb5ev6_4koan8builtins10struct_def15finalize_struct00B9_
FN:117,_RNCNvNtNtCseriWsCb5ev6_4koan8builtins10struct_def15finalize_struct0B7_
FN:178,_RNCNvNtNtCseriWsCb5ev6_4koan8builtins10struct_def24defer_struct_via_combine0B7_
FN:73,_RNCNvNtNtCseriWsCb5ev6_4koan8builtins10struct_def4body0B7_
FNDA:5,_RNCNCNvNtNtCscUx3zdyuqfq_4koan8builtins10struct_def15finalize_struct00B9_
[...]
FN:136,_RNvNtNtCseriWsCb5ev6_4koan5parse6tokens14parse_compound
FN:179,_RNvNtNtCseriWsCb5ev6_4koan5parse6tokens9read_atom
FN:263,_RNCNvNtNtNtCseriWsCb5ev6_4koan5parse6tokens5tests8classify0B9_
FN:264,_RNCNvNtNtNtCseriWsCb5ev6_4koan5parse6tokens5tests8classifys_0B9_
FN:228,_RNCNvNtNtNtCseriWsCb5ev6_4koan5parse6tokens5tests8describe0B9_
FN:247,_RNCNvNtNtNtCseriWsCb5ev6_4koan5parse6tokens5tests8describes0_0B9_
FN:254,_RNCNvNtNtNtCseriWsCb5ev6_4koan5parse6tokens5tests8describes1_0B9_
FN:232,_RNCNvNtNtNtCseriWsCb5ev6_4koan5parse6tokens5tests8describes_0B9_
FNDA:184,_RNCNvNtNtCscUx3zdyuqfq_4koan5parse6tokens12is_type_name0B7_
FNDA:1043,_RNCNvNtNtCscUx3zdyuqfq_4koan5parse6tokens13classify_atom0B7_
FNDA:353,_RNCNvNtNtCscUx3zdyuqfq_4koan5parse6tokens13classify_atoms0_0B7_
FNDA:126,_RNCNvNtNtCscUx3zdyuqfq_4koan5parse6tokens13classify_atoms_0B7_
FNDA:6,_RNCNvNtNtCscUx3zdyuqfq_4koan5parse6tokens5FLOAT0B7_
FNDA:674,_RNCNvNtNtCscUx3zdyuqfq_4koan5parse6tokens9read_atoms_0B7_
FNDA:1376,_RNvNtNtCscUx3zdyuqfq_4koan5parse6tokens11try_literal
FNDA:310,_RNvNtNtCscUx3zdyuqfq_4koan5parse6tokens12is_type_name
FNDA:9,_RNvNtNtCscUx3zdyuqfq_4koan5parse6tokens12trigger_span
FNDA:674,_RNvNtNtCscUx3zdyuqfq_4koan5parse6tokens13classify_atom
FNDA:702,_RNvNtNtCscUx3zdyuqfq_4koan5parse6tokens14classify_token
FNDA:665,_RNvNtNtCscUx3zdyuqfq_4koan5parse6tokens14parse_compound
FNDA:674,_RNvNtNtCscUx3zdyuqfq_4koan5parse6tokens9read_atom
FNDA:1703,_RNCNvNtNtCseriWsCb5ev6_4koan5parse6tokens12is_type_name0B7_
FNDA:9025,_RNCNvNtNtCseriWsCb5ev6_4koan5parse6tokens13classify_atom0B7_
FNDA:3889,_RNCNvNtNtCseriWsCb5ev6_4koan5parse6tokens13classify_atoms0_0B7_
FNDA:1577,_RNCNvNtNtCseriWsCb5ev6_4koan5parse6tokens13classify_atoms_0B7_
FNDA:1,_RNCNvNtNtCseriWsCb5ev6_4koan5parse6tokens5FLOAT0B7_
FNDA:6687,_RNCNvNtNtCseriWsCb5ev6_4koan5parse6tokens9read_atoms_0B7_
FNDA:42,_RNvNtNtNtCseriWsCb5ev6_4koan5parse6tokens5tests8classify
FNDA:75,_RNvNtNtNtCseriWsCb5ev6_4koan5parse6tokens5tests8describe
FNDA:1,_RNvNtNtNtCseriWsCb5ev6_4koan5parse6tokens5testss_10plain_null
FNDA:1,_RNvNtNtNtCseriWsCb5ev6_4koan5parse6tokens5testss_10suffix_try
FNDA:1,_RNvNtNtNtCseriWsCb5ev6_4koan5parse6tokens5testss_11attr_access
FNDA:1,_RNvNtNtNtCseriWsCb5ev6_4koan5parse6tokens5testss_12plain_number
FNDA:1,_RNvNtNtNtCseriWsCb5ev6_4koan5parse6tokens5testss_13plain_boolean
FNDA:1,_RNvNtNtNtCseriWsCb5ev6_4koan5parse6tokens5testss_14chained_suffix
FNDA:1,_RNvNtNtNtCseriWsCb5ev6_4koan5parse6tokens5testss_15double_negation
FNDA:1,_RNvNtNtNtCseriWsCb5ev6_4koan5parse6tokens5testss_16bare_bang_errors
FNDA:1,_RNvNtNtNtCseriWsCb5ev6_4koan5parse6tokens5testss_16plain_identifier
FNDA:1,_RNvNtNtNtCseriWsCb5ev6_4koan5parse6tokens5testss_17suffix_after_attr
FNDA:1,_RNvNtNtNtCseriWsCb5ev6_4koan5parse6tokens5testss_18leading_dot_errors
FNDA:1,_RNvNtNtNtCseriWsCb5ev6_4koan5parse6tokens5testss_18negation_over_attr
FNDA:1,_RNvNtNtNtCseriWsCb5ev6_4koan5parse6tokens5testss_19chained_attr_access
FNDA:1,_RNvNtNtNtCseriWsCb5ev6_4koan5parse6tokens5testss_19dangling_dot_errors
FNDA:1,_RNvNtNtNtCseriWsCb5ev6_4koan5parse6tokens5testss_20negation_over_suffix
FNDA:1,_RNvNtNtNtCseriWsCb5ev6_4koan5parse6tokens5testss_21leading_suffix_errors
FNDA:1,_RNvNtNtNtCseriWsCb5ev6_4koan5parse6tokens5testss_25decimal_number_is_literal
FNDA:1,_RNvNtNtNtCseriWsCb5ev6_4koan5parse6tokens5testss_28pure_symbol_token_is_keyword
FNDA:1,_RNvNtNtNtCseriWsCb5ev6_4koan5parse6tokens5testss_28scientific_number_is_literal
FNDA:1,_RNvNtNtNtCseriWsCb5ev6_4koan5parse6tokens5testss_30attr_wins_when_rhs_not_numeric
FNDA:1,_RNvNtNtNtCseriWsCb5ev6_4koan5parse6tokens5testss_31lowercase_leading_is_identifier
FNDA:1,_RNvNtNtNtCseriWsCb5ev6_4koan5parse6tokens5testss_34keyword_two_uppercase_no_lowercase
FNDA:1,_RNvNtNtNtCseriWsCb5ev6_4koan5parse6tokens5testss_35type_uppercase_first_with_lowercase
FNDA:1,_RNvNtNtNtCseriWsCb5ev6_4koan5parse6tokens5testss_36operator_tokens_classify_as_keywords
FNDA:1,_RNvNtNtNtCseriWsCb5ev6_4koan5parse6tokens5testss_38single_uppercase_letter_is_parse_error
FNDA:1,_RNvNtNtNtCseriWsCb5ev6_4koan5parse6tokens5testss_47ascription_compound_tokens_classify_as_keywords
FNDA:1,_RNvNtNtNtCseriWsCb5ev6_4koan5parse6tokens5testss_49attr_trigger_stays_on_builtin_path_inside_operand
FNDA:1,_RNvNtNtNtCseriWsCb5ev6_4koan5parse6tokens5testss_49uppercase_with_digits_no_lowercase_is_parse_error
FNDA:1,_RNvNtNtNtCseriWsCb5ev6_4koan5parse6tokens5testss_8negation
FNDA:13996,_RNvNtNtCseriWsCb5ev6_4koan5parse6tokens11try_literal
FNDA:3273,_RNvNtNtCseriWsCb5ev6_4koan5parse6tokens12is_type_name
FNDA:61,_RNvNtNtCseriWsCb5ev6_4koan5parse6tokens12trigger_span
FNDA:6694,_RNvNtNtCseriWsCb5ev6_4koan5parse6tokens13classify_atom
FNDA:7302,_RNvNtNtCseriWsCb5ev6_4koan5parse6tokens14classify_token
FNDA:6649,_RNvNtNtCseriWsCb5ev6_4koan5parse6tokens14parse_compound
FNDA:6698,_RNvNtNtCseriWsCb5ev6_4koan5parse6tokens9read_atom
FNDA:34,_RNCNvNtNtNtCseriWsCb5ev6_4koan5parse6tokens5tests8classify0B9_
FNDA:8,_RNCNvNtNtNtCseriWsCb5ev6_4koan5parse6tokens5tests8classifys_0B9_
FNDA:41,_RNCNvNtNtNtCseriWsCb5ev6_4koan5parse6tokens5tests8describe0B9_
FNDA:0,_RNCNvNtNtNtCseriWsCb5ev6_4koan5parse6tokens5tests8describes0_0B9_
FNDA:0,_RNCNvNtNtNtCseriWsCb5ev6_4koan5parse6tokens5tests8describes1_0B9_
FNDA:0,_RNCNvNtNtNtCseriWsCb5ev6_4koan5parse6tokens5tests8describes_0B9_
FNF:50
FNH:47
DA:29,7
DA:34,8004
DA:35,8004
DA:36,8004
DA:37,8004
DA:38,8004
DA:39,8004
DA:40,690
DA:41,7314
DA:42,7314
DA:43,7314
DA:44,7303
DA:45,0
DA:46,0
DA:47,0
DA:48,0
DA:49,7303
DA:50,7303
DA:51,8004
DA:55,15372
DA:56,15372
DA:57,15372
DA:58,15318
DA:59,15301
DA:60,15290
DA:62,15290
DA:63,609
DA:64,609
DA:65,0
DA:66,14681
DA:67,14681
DA:68,15372
DA:77,7368
DA:78,7368
DA:79,1
DA:80,7367
DA:81,7367
DA:82,3784
DA:83,3583
DA:84,3583
DA:85,10068
DA:86,1
DA:87,1
DA:88,1
DA:89,1
DA:90,1
DA:91,1
DA:92,1
DA:93,1879
DA:94,1879
DA:95,1703
DA:96,1703
DA:97,4
DA:98,4
DA:99,4
DA:100,4
DA:101,4
DA:102,4
DA:103,4
DA:104,4
DA:105,1699
DA:106,1699
DA:107,1699
DA:108,4242
DA:110,2
DA:111,2
DA:112,2
DA:113,2
DA:114,2
DA:115,2
DA:116,2
DA:117,1697
DA:118,1697
DA:119,7368
DA:122,3583
DA:123,3583
DA:124,3583
DA:125,0
DA:127,3583
DA:128,1699
DA:129,1884
DA:130,1887
DA:131,3583
DA:136,7314
DA:137,7314
DA:138,7314
DA:139,7314
DA:140,7314
DA:141,7314
DA:142,7321
DA:143,7320
DA:144,7
DA:145,7
DA:146,7
DA:149,7314
DA:151,7366
DA:152,63
DA:153,63
DA:154,63
DA:155,63
DA:156,58
DA:157,58
DA:158,57
DA:160,5
DA:164,7303
DA:165,6
DA:166,6
DA:167,7303
DA:168,7314
DA:170,70
DA:171,70
DA:172,70
DA:173,70
DA:174,70
DA:175,70
DA:176,70
DA:179,7372
DA:180,7372
DA:181,7372
DA:182,7372
DA:183,7372
DA:184,7372
DA:185,7370
DA:187,2
DA:188,2
DA:189,2
DA:190,2
DA:193,7370
DA:194,7370
DA:195,32896
DA:196,25590
DA:197,64
DA:198,25526
DA:199,25526
DA:200,25526
DA:201,25526
DA:203,7370
DA:204,2
DA:205,2
DA:206,2
DA:207,2
DA:208,2
DA:209,7368
DA:210,7368
DA:211,7368
DA:212,7368
DA:213,7368
DA:214,7368
DA:215,7372
DA:222,75
DA:223,7
DA:224,28
DA:225,20
DA:226,3
DA:227,17
DA:228,41
DA:229,17
DA:231,0
DA:232,0
DA:233,0
DA:235,0
DA:236,5
DA:237,1
DA:238,1
DA:239,0
DA:240,0
DA:241,0
DA:242,0
DA:244,0
DA:245,0
DA:246,0
DA:247,0
DA:248,0
DA:249,0
DA:251,0
DA:252,0
DA:253,0
DA:254,0
DA:255,0
DA:256,0
DA:259,75
DA:261,42
DA:262,42
DA:263,42
DA:264,42
DA:265,42
DA:268,1
DA:269,1
DA:270,1
DA:273,1
DA:274,1
DA:275,1
DA:278,1
DA:279,1
DA:280,1
DA:283,1
DA:284,1
DA:285,1
DA:288,1
DA:289,1
DA:290,1
DA:293,1
DA:294,1
DA:295,1
DA:298,1
DA:301,1
DA:302,1
DA:303,1
DA:306,1
DA:307,1
DA:308,1
DA:311,1
DA:312,1
DA:313,1
DA:316,1
DA:319,1
DA:320,1
DA:321,1
DA:324,1
DA:325,1
DA:326,1
DA:327,1
DA:330,1
DA:331,1
DA:332,1
DA:335,1
DA:336,1
DA:337,1
DA:340,1
DA:341,1
DA:342,1
DA:345,1
DA:346,1
DA:347,1
DA:350,1
DA:351,1
DA:352,1
DA:355,1
DA:356,1
DA:357,1
DA:360,1
DA:361,1
DA:362,1
DA:365,1
DA:368,1
DA:369,1
DA:370,1
DA:373,1
DA:374,1
DA:375,1
DA:378,1
DA:379,1
DA:380,1
DA:381,1
DA:382,1
DA:385,1
DA:386,1
DA:387,1
DA:388,1
DA:389,1
DA:392,1
DA:393,1
DA:394,1
DA:395,1
DA:396,1
DA:399,1
DA:400,1
DA:401,1
DA:404,1
DA:405,1
DA:406,1
DA:407,1
DA:410,1
DA:414,1
DA:415,1
DA:416,1
DA:417,1
DA:418,1
DA:419,1
DA:420,1
DA:423,1
DA:427,1
DA:428,1
DA:431,1
DA:433,1
DA:434,1
DA:435,1
DA:438,1
DA:439,1
DA:440,1
DA:441,1
BRF:0
BRH:0
LF:302
LH:273
end_of_record
SF:/var/home/jack/Code/koan/src/parse/triple_list.rs
FN:25,_RINvNtNtCscUx3zdyuqfq_4koan5parse11triple_list15parse_pair_listNtNtNtNtNtB6_7machine5model5types5ktype5KTypeNCNvNtB13_16typed_field_list37parse_typed_field_list_via_elaborator0EB6_
FN:53,_RNCINvNtNtCscUx3zdyuqfq_4koan5parse11triple_list15parse_pair_listNtNtNtNtNtB8_7machine5model5types5ktype5KTypeNCNvNtB15_16typed_field_list37parse_typed_field_list_via_elaborator0E0B8_
FN:25,_RINvNtNtCseriWsCb5ev6_4koan5parse11triple_list15parse_pair_listNtNtCsgW8esjfipvk_5alloc6string6StringNCNvNtB2_5testss_42identifier_or_type_accepts_type_token_name0EB6_
FN:25,_RINvNtNtCseriWsCb5ev6_4koan5parse11triple_list15parse_pair_listNtNtNtNtNtB6_7machine5model5types5ktype5KTypeNCNvNtB13_16typed_field_list37parse_typed_field_list_via_elaborator0EB6_
FN:25,_RINvNtNtCseriWsCb5ev6_4koan5parse11triple_list15parse_pair_listuNCNvNtB2_5testss_39identifier_only_rejects_type_token_name0EB6_
FN:53,_RNCINvNtNtCseriWsCb5ev6_4koan5parse11triple_list15parse_pair_listNtNtCsgW8esjfipvk_5alloc6string6StringNCNvNtB4_5testss_42identifier_or_type_accepts_type_token_name0E0B8_
FN:53,_RNCINvNtNtCseriWsCb5ev6_4koan5parse11triple_list15parse_pair_listNtNtNtNtNtB8_7machine5model5types5ktype5KTypeNCNvNtB15_16typed_field_list37parse_typed_field_list_via_elaborator0E0B8_
FN:53,_RNCINvNtNtCseriWsCb5ev6_4koan5parse11triple_list15parse_pair_listuNCNvNtB4_5testss_39identifier_only_rejects_type_token_name0E0B8_
FN:97,_RNCNvNtNtNtCseriWsCb5ev6_4koan5parse11triple_list5testss_39identifier_only_rejects_type_token_name0B9_
FN:85,_RNCNvNtNtNtCseriWsCb5ev6_4koan5parse11triple_list5testss_42identifier_or_type_accepts_type_token_name0B9_
FN:71,_RNvNtNtNtCseriWsCb5ev6_4koan5parse11triple_list5tests15type_named_pair
FN:95,_RNvNtNtNtCseriWsCb5ev6_4koan5parse11triple_list5testss_39identifier_only_rejects_type_token_name
FN:79,_RNvNtNtNtCseriWsCb5ev6_4koan5parse11triple_list5testss_42identifier_or_type_accepts_type_token_name
FNDA:12,_RINvNtNtCscUx3zdyuqfq_4koan5parse11triple_list15parse_pair_listNtNtNtNtNtB6_7machine5model5types5ktype5KTypeNCNvNtB13_16typed_field_list37parse_typed_field_list_via_elaborator0EB6_
FNDA:5,_RNCINvNtNtCscUx3zdyuqfq_4koan5parse11triple_list15parse_pair_listNtNtNtNtNtB8_7machine5model5types5ktype5KTypeNCNvNtB15_16typed_field_list37parse_typed_field_list_via_elaborator0E0B8_
FNDA:1,_RINvNtNtCseriWsCb5ev6_4koan5parse11triple_list15parse_pair_listNtNtCsgW8esjfipvk_5alloc6string6StringNCNvNtB2_5testss_42identifier_or_type_accepts_type_token_name0EB6_
FNDA:143,_RINvNtNtCseriWsCb5ev6_4koan5parse11triple_list15parse_pair_listNtNtNtNtNtB6_7machine5model5types5ktype5KTypeNCNvNtB13_16typed_field_list37parse_typed_field_list_via_elaborator0EB6_
FNDA:1,_RINvNtNtCseriWsCb5ev6_4koan5parse11triple_list15parse_pair_listuNCNvNtB2_5testss_39identifier_only_rejects_type_token_name0EB6_
FNDA:0,_RNCINvNtNtCseriWsCb5ev6_4koan5parse11triple_list15parse_pair_listNtNtCsgW8esjfipvk_5alloc6string6StringNCNvNtB4_5testss_42identifier_or_type_accepts_type_token_name0E0B8_
FNDA:76,_RNCINvNtNtCseriWsCb5ev6_4koan5parse11triple_list15parse_pair_listNtNtNtNtNtB8_7machine5model5types5ktype5KTypeNCNvNtB15_16typed_field_list37parse_typed_field_list_via_elaborator0E0B8_
FNDA:0,_RNCINvNtNtCseriWsCb5ev6_4koan5parse11triple_list15parse_pair_listuNCNvNtB4_5testss_39identifier_only_rejects_type_token_name0E0B8_
FNDA:0,_RNCNvNtNtNtCseriWsCb5ev6_4koan5parse11triple_list5testss_39identifier_only_rejects_type_token_name0B9_
FNDA:1,_RNCNvNtNtNtCseriWsCb5ev6_4koan5parse11triple_list5testss_42identifier_or_type_accepts_type_token_name0B9_
FNDA:2,_RNvNtNtNtCseriWsCb5ev6_4koan5parse11triple_list5tests15type_named_pair
FNDA:1,_RNvNtNtNtCseriWsCb5ev6_4koan5parse11triple_list5testss_39identifier_only_rejects_type_token_name
FNDA:1,_RNvNtNtNtCseriWsCb5ev6_4koan5parse11triple_list5testss_42identifier_or_type_accepts_type_token_name
FNF:7
FNH:6
DA:25,157
DA:26,157
DA:27,157
DA:28,157
DA:29,157
DA:30,157
DA:31,157
DA:32,157
DA:33,2
DA:34,2
DA:35,2
DA:36,2
DA:37,155
DA:38,155
DA:39,155
DA:40,375
DA:41,228
DA:42,219
DA:45,8
DA:46,1
DA:47,1
DA:48,1
DA:49,1
DA:50,1
DA:53,227
DA:54,2
DA:55,225
DA:56,225
DA:57,220
DA:58,220
DA:60,147
DA:61,157
DA:71,2
DA:72,2
DA:73,2
DA:74,2
DA:76,2
DA:79,1
DA:80,1
DA:81,1
DA:82,1
DA:83,1
DA:84,1
DA:85,1
DA:86,1
DA:87,0
DA:88,1
DA:90,1
DA:91,1
DA:92,1
DA:95,1
DA:96,1
DA:97,1
DA:98,0
DA:99,0
DA:100,1
DA:101,1
DA:104,1
BRF:0
BRH:0
LF:60
LH:51
end_of_record
SF:/var/home/jack/Code/koan/src/parse/whitespace.rs
FN:55,_RNCNvNtNtCscUx3zdyuqfq_4koan5parse10whitespace12collapse_str0B7_
FN:149,_RNCNvNtNtCscUx3zdyuqfq_4koan5parse10whitespace12collapse_strs0_0B7_
FN:56,_RNCNvNtNtCscUx3zdyuqfq_4koan5parse10whitespace12collapse_strs_0B7_
FN:279,_RNCNvNtNtCscUx3zdyuqfq_4koan5parse10whitespace16line_delim_delta0B7_
FN:280,_RNCNvNtNtCscUx3zdyuqfq_4koan5parse10whitespace16line_delim_deltas_0B7_
FN:285,_RNCNvNtNtCscUx3zdyuqfq_4koan5parse10whitespace16line_paren_delta0B7_
FN:286,_RNCNvNtNtCscUx3zdyuqfq_4koan5parse10whitespace16line_paren_deltas_0B7_
FN:33,_RNCNvNtNtCscUx3zdyuqfq_4koan5parse10whitespace19collapse_whitespace0B7_
FN:252,_RNCNvNtNtCscUx3zdyuqfq_4koan5parse10whitespace19walk_content_cursor0B7_
FN:253,_RNCNvNtNtCscUx3zdyuqfq_4koan5parse10whitespace19walk_content_cursors_0B7_
FN:37,_RNvNtNtCscUx3zdyuqfq_4koan5parse10whitespace12collapse_str
FN:291,_RNvNtNtCscUx3zdyuqfq_4koan5parse10whitespace13adjust_parens
FN:278,_RNvNtNtCscUx3zdyuqfq_4koan5parse10whitespace16line_delim_delta
FN:284,_RNvNtNtCscUx3zdyuqfq_4koan5parse10whitespace16line_paren_delta
FN:31,_RNvNtNtCscUx3zdyuqfq_4koan5parse10whitespace19collapse_whitespace
FN:233,_RNvNtNtCscUx3zdyuqfq_4koan5parse10whitespace19walk_content_cursor
FN:224,_RNvNtNtCscUx3zdyuqfq_4koan5parse10whitespace9emit_jump
FN:55,_RNCNvNtNtCseriWsCb5ev6_4koan5parse10whitespace12collapse_str0B7_
FN:149,_RNCNvNtNtCseriWsCb5ev6_4koan5parse10whitespace12collapse_strs0_0B7_
FN:56,_RNCNvNtNtCseriWsCb5ev6_4koan5parse10whitespace12collapse_strs_0B7_
FN:279,_RNCNvNtNtCseriWsCb5ev6_4koan5parse10whitespace16line_delim_delta0B7_
FN:280,_RNCNvNtNtCseriWsCb5ev6_4koan5parse10whitespace16line_delim_deltas_0B7_
FN:285,_RNCNvNtNtCseriWsCb5ev6_4koan5parse10whitespace16line_paren_delta0B7_
FN:286,_RNCNvNtNtCseriWsCb5ev6_4koan5parse10whitespace16line_paren_deltas_0B7_
FN:33,_RNCNvNtNtCseriWsCb5ev6_4koan5parse10whitespace19collapse_whitespace0B7_
FN:252,_RNCNvNtNtCseriWsCb5ev6_4koan5parse10whitespace19walk_content_cursor0B7_
FN:253,_RNCNvNtNtCseriWsCb5ev6_4koan5parse10whitespace19walk_content_cursors_0B7_
FN:37,_RNvNtNtCseriWsCb5ev6_4koan5parse10whitespace12collapse_str
FN:291,_RNvNtNtCseriWsCb5ev6_4koan5parse10whitespace13adjust_parens
FN:278,_RNvNtNtCseriWsCb5ev6_4koan5parse10whitespace16line_delim_delta
FN:284,_RNvNtNtCseriWsCb5ev6_4koan5parse10whitespace16line_paren_delta
FN:31,_RNvNtNtCseriWsCb5ev6_4koan5parse10whitespace19collapse_whitespace
FN:233,_RNvNtNtCseriWsCb5ev6_4koan5parse10whitespace19walk_content_cursor
FN:224,_RNvNtNtCseriWsCb5ev6_4koan5parse10whitespace9emit_jump
FNDA:3524,_RNCNvNtNtCscUx3zdyuqfq_4koan5parse10whitespace12collapse_str0B7_
FNDA:0,_RNCNvNtNtCscUx3zdyuqfq_4koan5parse10whitespace12collapse_strs0_0B7_
FNDA:60,_RNCNvNtNtCscUx3zdyuqfq_4koan5parse10whitespace12collapse_strs_0B7_
FNDA:3464,_RNCNvNtNtCscUx3zdyuqfq_4koan5parse10whitespace16line_delim_delta0B7_
FNDA:3464,_RNCNvNtNtCscUx3zdyuqfq_4koan5parse10whitespace16line_delim_deltas_0B7_
FNDA:3464,_RNCNvNtNtCscUx3zdyuqfq_4koan5parse10whitespace16line_paren_delta0B7_
FNDA:3464,_RNCNvNtNtCscUx3zdyuqfq_4koan5parse10whitespace16line_paren_deltas_0B7_
FNDA:0,_RNCNvNtNtCscUx3zdyuqfq_4koan5parse10whitespace19collapse_whitespace0B7_
FNDA:1,_RNCNvNtNtCscUx3zdyuqfq_4koan5parse10whitespace19walk_content_cursor0B7_
FNDA:0,_RNCNvNtNtCscUx3zdyuqfq_4koan5parse10whitespace19walk_content_cursors_0B7_
FNDA:42,_RNvNtNtCscUx3zdyuqfq_4koan5parse10whitespace12collapse_str
FNDA:102,_RNvNtNtCscUx3zdyuqfq_4koan5parse10whitespace13adjust_parens
FNDA:102,_RNvNtNtCscUx3zdyuqfq_4koan5parse10whitespace16line_delim_delta
FNDA:102,_RNvNtNtCscUx3zdyuqfq_4koan5parse10whitespace16line_paren_delta
FNDA:42,_RNvNtNtCscUx3zdyuqfq_4koan5parse10whitespace19collapse_whitespace
FNDA:102,_RNvNtNtCscUx3zdyuqfq_4koan5parse10whitespace19walk_content_cursor
FNDA:204,_RNvNtNtCscUx3zdyuqfq_4koan5parse10whitespace9emit_jump
FNDA:36989,_RNCNvNtNtCseriWsCb5ev6_4koan5parse10whitespace12collapse_str0B7_
FNDA:151,_RNCNvNtNtCseriWsCb5ev6_4koan5parse10whitespace12collapse_strs0_0B7_
FNDA:464,_RNCNvNtNtCseriWsCb5ev6_4koan5parse10whitespace12collapse_strs_0B7_
FNDA:36219,_RNCNvNtNtCseriWsCb5ev6_4koan5parse10whitespace16line_delim_delta0B7_
FNDA:36219,_RNCNvNtNtCseriWsCb5ev6_4koan5parse10whitespace16line_delim_deltas_0B7_
FNDA:36241,_RNCNvNtNtCseriWsCb5ev6_4koan5parse10whitespace16line_paren_delta0B7_
FNDA:36241,_RNCNvNtNtCseriWsCb5ev6_4koan5parse10whitespace16line_paren_deltas_0B7_
FNDA:0,_RNCNvNtNtCseriWsCb5ev6_4koan5parse10whitespace19collapse_whitespace0B7_
FNDA:217,_RNCNvNtNtCseriWsCb5ev6_4koan5parse10whitespace19walk_content_cursor0B7_
FNDA:0,_RNCNvNtNtCseriWsCb5ev6_4koan5parse10whitespace19walk_content_cursors_0B7_
FNDA:938,_RNvNtNtCseriWsCb5ev6_4koan5parse10whitespace12collapse_str
FNDA:1371,_RNvNtNtCseriWsCb5ev6_4koan5parse10whitespace13adjust_parens
FNDA:1371,_RNvNtNtCseriWsCb5ev6_4koan5parse10whitespace16line_delim_delta
FNDA:1378,_RNvNtNtCseriWsCb5ev6_4koan5parse10whitespace16line_paren_delta
FNDA:938,_RNvNtNtCseriWsCb5ev6_4koan5parse10whitespace19collapse_whitespace
FNDA:1378,_RNvNtNtCseriWsCb5ev6_4koan5parse10whitespace19walk_content_cursor
FNDA:2679,_RNvNtNtCseriWsCb5ev6_4koan5parse10whitespace9emit_jump
FNF:17
FNH:15
DA:31,980
DA:32,980
DA:33,980
DA:34,980
DA:35,980
DA:37,980
DA:38,980
DA:39,980
DA:40,980
DA:41,980
DA:42,980
DA:45,980
DA:47,980
DA:48,980
DA:49,980
DA:50,980
DA:52,2476
DA:53,1503
DA:54,1503
DA:55,40513
DA:56,1503
DA:57,1503
DA:59,1503
DA:60,1503
DA:61,1503
DA:62,1503
DA:64,1503
DA:66,1503
DA:70,23
DA:71,23
DA:72,23
DA:73,8
DA:75,15
DA:77,23
DA:78,23
DA:79,1480
DA:81,1480
DA:83,1480
DA:84,1480
DA:86,1480
DA:87,1480
DA:89,1480
DA:90,1480
DA:91,1480
DA:92,1480
DA:93,1480
DA:117,1480
DA:118,54
DA:119,54
DA:120,1426
DA:123,1426
DA:124,32
DA:127,12
DA:128,1
DA:129,1
DA:130,1
DA:131,1
DA:132,1
DA:133,11
DA:134,11
DA:135,11
DA:136,20
DA:137,20
DA:140,1
DA:141,1
DA:142,1
DA:143,1
DA:144,1
DA:145,1
DA:146,19
DA:147,1394
DA:149,1413
DA:150,3
DA:151,3
DA:152,3
DA:153,3
DA:154,3
DA:155,3
DA:156,3
DA:157,3
DA:158,1410
DA:159,1410
DA:160,2
DA:161,2
DA:162,2
DA:163,2
DA:164,2
DA:165,2
DA:166,2
DA:167,2
DA:168,1408
DA:170,1812
DA:171,453
DA:172,404
DA:173,404
DA:174,404
DA:175,404
DA:176,49
DA:182,1408
DA:183,430
DA:184,978
DA:188,1408
DA:189,1408
DA:190,11
DA:191,11
DA:192,11
DA:193,11
DA:194,11
DA:195,1397
DA:196,1397
DA:197,1397
DA:198,1397
DA:199,1397
DA:201,1408
DA:202,1408
DA:203,1408
DA:204,1408
DA:205,1408
DA:207,1408
DA:208,1408
DA:209,484
DA:211,924
DA:213,1408
DA:216,1968
DA:217,995
DA:218,995
DA:219,995
DA:221,973
DA:222,980
DA:224,2883
DA:225,2883
DA:226,2883
DA:227,2883
DA:228,2883
DA:233,1480
DA:234,1480
DA:235,1480
DA:236,39821
DA:237,38341
DA:238,38341
DA:239,218
DA:240,218
DA:241,699
DA:242,481
DA:243,481
DA:244,218
DA:245,0
DA:246,218
DA:247,218
DA:248,0
DA:249,218
DA:250,218
DA:251,218
DA:252,218
DA:253,218
DA:254,218
DA:255,38123
DA:256,218
DA:257,436
DA:258,218
DA:259,218
DA:260,218
DA:261,0
DA:262,218
DA:263,218
DA:264,447
DA:265,229
DA:266,229
DA:267,218
DA:268,37905
DA:269,37905
DA:270,37905
DA:271,37905
DA:273,1480
DA:274,1480
DA:278,1473
DA:279,39683
DA:280,39683
DA:281,1473
DA:282,1473
DA:284,1480
DA:285,39705
DA:286,39705
DA:287,1480
DA:288,1480
DA:291,1473
DA:292,1473
DA:293,15
DA:294,15
DA:295,15
DA:297,1458
DA:298,13
DA:299,13
DA:301,1473
BRF:0
BRH:0
LF:204
LH:199
end_of_record