SF:/var/home/jack/Code/koan/src/builtins.rs
FN:138,_RNvNtCscUx3zdyuqfq_4koan8builtins13default_scope
FN:72,_RNvNtCscUx3zdyuqfq_4koan8builtins16register_builtin
FN:38,_RNvNtCscUx3zdyuqfq_4koan8builtins20dispatch_constructor
FN:111,_RNvNtCscUx3zdyuqfq_4koan8builtins21register_builtin_full
FN:96,_RNvNtCscUx3zdyuqfq_4koan8builtins23register_nominal_binder
FN:83,_RNvNtCscUx3zdyuqfq_4koan8builtins28register_builtin_with_binder
FN:57,_RNvNtCscUx3zdyuqfq_4koan8builtins2kw
FN:62,_RNvNtCscUx3zdyuqfq_4koan8builtins3arg
FN:52,_RNvNtCscUx3zdyuqfq_4koan8builtins3err
FN:68,_RNvNtCscUx3zdyuqfq_4koan8builtins3sig
FN:138,_RNvNtCseriWsCb5ev6_4koan8builtins13default_scope
FN:72,_RNvNtCseriWsCb5ev6_4koan8builtins16register_builtin
FN:38,_RNvNtCseriWsCb5ev6_4koan8builtins20dispatch_constructor
FN:111,_RNvNtCseriWsCb5ev6_4koan8builtins21register_builtin_full
FN:96,_RNvNtCseriWsCb5ev6_4koan8builtins23register_nominal_binder
FN:83,_RNvNtCseriWsCb5ev6_4koan8builtins28register_builtin_with_binder
FN:57,_RNvNtCseriWsCb5ev6_4koan8builtins2kw
FN:62,_RNvNtCseriWsCb5ev6_4koan8builtins3arg
FN:52,_RNvNtCseriWsCb5ev6_4koan8builtins3err
FN:68,_RNvNtCseriWsCb5ev6_4koan8builtins3sig
FNDA:40,_RNvNtCscUx3zdyuqfq_4koan8builtins13default_scope
FNDA:1160,_RNvNtCscUx3zdyuqfq_4koan8builtins16register_builtin
FNDA:0,_RNvNtCscUx3zdyuqfq_4koan8builtins20dispatch_constructor
FNDA:1640,_RNvNtCscUx3zdyuqfq_4koan8builtins21register_builtin_full
FNDA:160,_RNvNtCscUx3zdyuqfq_4koan8builtins23register_nominal_binder
FNDA:1320,_RNvNtCscUx3zdyuqfq_4koan8builtins28register_builtin_with_binder
FNDA:2440,_RNvNtCscUx3zdyuqfq_4koan8builtins2kw
FNDA:2960,_RNvNtCscUx3zdyuqfq_4koan8builtins3arg
FNDA:1,_RNvNtCscUx3zdyuqfq_4koan8builtins3err
FNDA:1560,_RNvNtCscUx3zdyuqfq_4koan8builtins3sig
FNDA:456,_RNvNtCseriWsCb5ev6_4koan8builtins13default_scope
FNDA:13245,_RNvNtCseriWsCb5ev6_4koan8builtins16register_builtin
FNDA:5,_RNvNtCseriWsCb5ev6_4koan8builtins20dispatch_constructor
FNDA:18718,_RNvNtCseriWsCb5ev6_4koan8builtins21register_builtin_full
FNDA:1824,_RNvNtCseriWsCb5ev6_4koan8builtins23register_nominal_binder
FNDA:15070,_RNvNtCseriWsCb5ev6_4koan8builtins28register_builtin_with_binder
FNDA:27816,_RNvNtCseriWsCb5ev6_4koan8builtins2kw
FNDA:33744,_RNvNtCseriWsCb5ev6_4koan8builtins3arg
FNDA:51,_RNvNtCseriWsCb5ev6_4koan8builtins3err
FNDA:17784,_RNvNtCseriWsCb5ev6_4koan8builtins3sig
FNF:10
FNH:10
DA:38,5
DA:39,5
DA:40,5
DA:41,5
DA:42,5
DA:43,5
DA:44,0
DA:45,0
DA:47,5
DA:52,52
DA:53,52
DA:54,52
DA:57,30256
DA:58,30256
DA:59,30256
DA:62,36704
DA:63,36704
DA:64,36704
DA:68,19344
DA:69,19344
DA:70,19344
DA:72,14405
DA:73,14405
DA:74,14405
DA:75,14405
DA:76,14405
DA:77,14405
DA:78,14405
DA:79,14405
DA:83,16390
DA:84,16390
DA:85,16390
DA:86,16390
DA:87,16390
DA:88,16390
DA:89,16390
DA:90,16390
DA:91,16390
DA:96,1984
DA:97,1984
DA:98,1984
DA:99,1984
DA:100,1984
DA:101,1984
DA:102,1984
DA:103,1984
DA:104,1984
DA:111,20358
DA:112,20358
DA:113,20358
DA:114,20358
DA:115,20358
DA:116,20358
DA:117,20358
DA:118,20358
DA:119,20358
DA:120,20358
DA:121,20358
DA:122,20358
DA:123,20358
DA:124,20358
DA:125,20358
DA:126,20358
DA:127,20358
DA:128,20358
DA:129,20358
DA:130,20358
DA:131,20358
DA:132,20358
DA:133,20358
DA:138,496
DA:139,496
DA:140,496
DA:141,496
DA:142,496
DA:144,496
DA:145,496
DA:146,496
DA:147,496
DA:148,496
DA:149,496
DA:150,496
DA:151,496
DA:154,496
DA:155,496
DA:158,496
DA:159,496
DA:160,496
DA:163,496
DA:164,496
DA:165,496
DA:168,496
DA:169,496
DA:170,496
DA:172,496
DA:173,496
DA:174,496
DA:175,496
DA:176,496
DA:177,496
DA:178,496
DA:179,496
DA:180,496
DA:181,496
DA:182,496
DA:183,496
DA:184,496
DA:185,496
DA:186,496
DA:187,496
DA:188,496
DA:189,496
DA:190,496
DA:191,496
DA:192,496
DA:193,496
DA:194,496
DA:195,496
DA:197,496
DA:198,496
BRF:0
BRH:0
LF:120
LH:118
end_of_record
SF:/var/home/jack/Code/koan/src/builtins/ascribe.rs
FN:15,_RNvNtNtCscUx3zdyuqfq_4koan8builtins7ascribe11body_opaque
FN:106,_RNvNtNtCscUx3zdyuqfq_4koan8builtins7ascribe11shape_check
FN:80,_RNvNtNtCscUx3zdyuqfq_4koan8builtins7ascribe16body_transparent
FN:156,_RNvNtNtCscUx3zdyuqfq_4koan8builtins7ascribe21is_abstract_type_name
FN:142,_RNvNtNtCscUx3zdyuqfq_4koan8builtins7ascribe22abstract_type_names_of
FN:165,_RNvNtNtCscUx3zdyuqfq_4koan8builtins7ascribe28resolve_module_and_signature
FN:173,_RNvNtNtCscUx3zdyuqfq_4koan8builtins7ascribe8register
FN:162,_RNCNvNtNtCscUx3zdyuqfq_4koan8builtins7ascribe21is_abstract_type_name0B7_
FN:15,_RNvNtNtCseriWsCb5ev6_4koan8builtins7ascribe11body_opaque
FN:106,_RNvNtNtCseriWsCb5ev6_4koan8builtins7ascribe11shape_check
FN:80,_RNvNtNtCseriWsCb5ev6_4koan8builtins7ascribe16body_transparent
FN:156,_RNvNtNtCseriWsCb5ev6_4koan8builtins7ascribe21is_abstract_type_name
FN:142,_RNvNtNtCseriWsCb5ev6_4koan8builtins7ascribe22abstract_type_names_of
FN:165,_RNvNtNtCseriWsCb5ev6_4koan8builtins7ascribe28resolve_module_and_signature
FN:173,_RNvNtNtCseriWsCb5ev6_4koan8builtins7ascribe8register
FN:162,_RNCNvNtNtCseriWsCb5ev6_4koan8builtins7ascribe21is_abstract_type_name0B7_
FNDA:1,_RNvNtNtCscUx3zdyuqfq_4koan8builtins7ascribe11body_opaque
FNDA:4,_RNvNtNtCscUx3zdyuqfq_4koan8builtins7ascribe11shape_check
FNDA:3,_RNvNtNtCscUx3zdyuqfq_4koan8builtins7ascribe16body_transparent
FNDA:18,_RNvNtNtCscUx3zdyuqfq_4koan8builtins7ascribe21is_abstract_type_name
FNDA:5,_RNvNtNtCscUx3zdyuqfq_4koan8builtins7ascribe22abstract_type_names_of
FNDA:4,_RNvNtNtCscUx3zdyuqfq_4koan8builtins7ascribe28resolve_module_and_signature
FNDA:40,_RNvNtNtCscUx3zdyuqfq_4koan8builtins7ascribe8register
FNDA:0,_RNCNvNtNtCscUx3zdyuqfq_4koan8builtins7ascribe21is_abstract_type_name0B7_
FNDA:19,_RNvNtNtCseriWsCb5ev6_4koan8builtins7ascribe11body_opaque
FNDA:36,_RNvNtNtCseriWsCb5ev6_4koan8builtins7ascribe11shape_check
FNDA:17,_RNvNtNtCseriWsCb5ev6_4koan8builtins7ascribe16body_transparent
FNDA:125,_RNvNtNtCseriWsCb5ev6_4koan8builtins7ascribe21is_abstract_type_name
FNDA:62,_RNvNtNtCseriWsCb5ev6_4koan8builtins7ascribe22abstract_type_names_of
FNDA:36,_RNvNtNtCseriWsCb5ev6_4koan8builtins7ascribe28resolve_module_and_signature
FNDA:456,_RNvNtNtCseriWsCb5ev6_4koan8builtins7ascribe8register
FNDA:9,_RNCNvNtNtCseriWsCb5ev6_4koan8builtins7ascribe21is_abstract_type_name0B7_
FNF:8
FNH:8
DA:15,20
DA:16,20
DA:17,20
DA:18,20
DA:19,20
DA:20,20
DA:21,20
DA:22,0
DA:25,20
DA:26,20
DA:27,20
DA:28,20
DA:31,20
DA:32,20
DA:33,0
DA:34,20
DA:36,20
DA:40,20
DA:42,20
DA:43,20
DA:44,13
DA:45,3
DA:46,3
DA:47,3
DA:48,3
DA:49,3
DA:50,3
DA:52,10
DA:53,10
DA:54,10
DA:55,10
DA:57,13
DA:60,20
DA:61,13
DA:62,13
DA:63,13
DA:64,13
DA:65,7
DA:67,20
DA:68,2
DA:69,18
DA:71,18
DA:73,18
DA:74,18
DA:75,18
DA:76,18
DA:77,20
DA:80,20
DA:81,20
DA:82,20
DA:83,20
DA:84,20
DA:85,20
DA:86,20
DA:87,0
DA:89,20
DA:90,0
DA:91,20
DA:93,20
DA:94,20
DA:95,20
DA:96,20
DA:97,20
DA:98,20
DA:99,20
DA:100,20
DA:101,20
DA:102,20
DA:103,20
DA:106,40
DA:107,40
DA:108,40
DA:109,40
DA:110,40
DA:111,40
DA:112,40
DA:113,40
DA:114,40
DA:115,40
DA:116,40
DA:117,40
DA:118,40
DA:119,40
DA:120,40
DA:121,40
DA:122,40
DA:123,40
DA:124,40
DA:125,40
DA:126,37
DA:127,0
DA:128,37
DA:129,37
DA:130,2
DA:131,2
DA:132,2
DA:133,2
DA:134,35
DA:136,38
DA:137,40
DA:142,67
DA:143,67
DA:144,67
DA:145,67
DA:146,67
DA:147,61
DA:148,0
DA:149,61
DA:151,67
DA:152,67
DA:156,143
DA:157,143
DA:158,143
DA:159,143
DA:160,134
DA:161,9
DA:162,9
DA:163,143
DA:165,40
DA:166,40
DA:167,40
DA:168,40
DA:169,40
DA:170,40
DA:171,40
DA:173,496
DA:177,496
DA:178,496
DA:179,496
DA:180,496
DA:181,496
DA:182,496
DA:183,496
DA:185,496
DA:187,496
DA:188,496
DA:189,496
DA:190,496
DA:191,496
DA:192,496
DA:193,496
DA:195,496
DA:197,496
BRF:0
BRH:0
LF:144
LH:138
end_of_record
SF:/var/home/jack/Code/koan/src/builtins/attr.rs
FN:117,_RNvNtNtCscUx3zdyuqfq_4koan8builtins4attr11body_module
FN:101,_RNvNtNtCscUx3zdyuqfq_4koan8builtins4attr11body_struct
FN:155,_RNvNtNtCscUx3zdyuqfq_4koan8builtins4attr12access_field
FN:69,_RNvNtNtCscUx3zdyuqfq_4koan8builtins4attr13body_type_lhs
FN:21,_RNvNtNtCscUx3zdyuqfq_4koan8builtins4attr15body_identifier
FN:141,_RNvNtNtCscUx3zdyuqfq_4koan8builtins4attr15read_field_name
FN:208,_RNvNtNtCscUx3zdyuqfq_4koan8builtins4attr20access_module_member
FN:229,_RNvNtNtCscUx3zdyuqfq_4koan8builtins4attr8register
FN:313,_RNvNtNtNtCseriWsCb5ev6_4koan8builtins4attr5testss_24attr_unbound_name_errors
FN:340,_RNvNtNtNtCseriWsCb5ev6_4koan8builtins4attr5testss_25attr_unknown_field_errors
FN:324,_RNvNtNtNtCseriWsCb5ev6_4koan8builtins4attr5testss_31attr_on_non_struct_value_errors
FN:356,_RNvNtNtNtCseriWsCb5ev6_4koan8builtins4attr5testss_33attr_chained_unknown_field_errors
FN:297,_RNvNtNtNtCseriWsCb5ev6_4koan8builtins4attr5testss_34attr_chained_through_nested_struct
FN:273,_RNvNtNtNtCseriWsCb5ev6_4koan8builtins4attr5testss_34attr_reads_field_from_named_struct
FN:285,_RNvNtNtNtCseriWsCb5ev6_4koan8builtins4attr5testss_35attr_reads_each_field_independently
FN:393,_RNvNtNtNtCseriWsCb5ev6_4koan8builtins4attr5testss_39access_field_rejects_wrapped_non_struct
FN:377,_RNvNtNtNtCseriWsCb5ev6_4koan8builtins4attr5testss_41access_field_falls_through_wrapped_struct
FN:415,_RNvNtNtNtCseriWsCb5ev6_4koan8builtins4attr5testss_53access_field_falls_through_wrapped_with_missing_field
FN:117,_RNvNtNtCseriWsCb5ev6_4koan8builtins4attr11body_module
FN:101,_RNvNtNtCseriWsCb5ev6_4koan8builtins4attr11body_struct
FN:155,_RNvNtNtCseriWsCb5ev6_4koan8builtins4attr12access_field
FN:69,_RNvNtNtCseriWsCb5ev6_4koan8builtins4attr13body_type_lhs
FN:21,_RNvNtNtCseriWsCb5ev6_4koan8builtins4attr15body_identifier
FN:141,_RNvNtNtCseriWsCb5ev6_4koan8builtins4attr15read_field_name
FN:208,_RNvNtNtCseriWsCb5ev6_4koan8builtins4attr20access_module_member
FN:229,_RNvNtNtCseriWsCb5ev6_4koan8builtins4attr8register
FNDA:7,_RNvNtNtCscUx3zdyuqfq_4koan8builtins4attr11body_module
FNDA:1,_RNvNtNtCscUx3zdyuqfq_4koan8builtins4attr11body_struct
FNDA:1,_RNvNtNtCscUx3zdyuqfq_4koan8builtins4attr12access_field
FNDA:0,_RNvNtNtCscUx3zdyuqfq_4koan8builtins4attr13body_type_lhs
FNDA:1,_RNvNtNtCscUx3zdyuqfq_4koan8builtins4attr15body_identifier
FNDA:9,_RNvNtNtCscUx3zdyuqfq_4koan8builtins4attr15read_field_name
FNDA:7,_RNvNtNtCscUx3zdyuqfq_4koan8builtins4attr20access_module_member
FNDA:40,_RNvNtNtCscUx3zdyuqfq_4koan8builtins4attr8register
FNDA:1,_RNvNtNtNtCseriWsCb5ev6_4koan8builtins4attr5testss_24attr_unbound_name_errors
FNDA:1,_RNvNtNtNtCseriWsCb5ev6_4koan8builtins4attr5testss_25attr_unknown_field_errors
FNDA:1,_RNvNtNtNtCseriWsCb5ev6_4koan8builtins4attr5testss_31attr_on_non_struct_value_errors
FNDA:1,_RNvNtNtNtCseriWsCb5ev6_4koan8builtins4attr5testss_33attr_chained_unknown_field_errors
FNDA:1,_RNvNtNtNtCseriWsCb5ev6_4koan8builtins4attr5testss_34attr_chained_through_nested_struct
FNDA:1,_RNvNtNtNtCseriWsCb5ev6_4koan8builtins4attr5testss_34attr_reads_field_from_named_struct
FNDA:1,_RNvNtNtNtCseriWsCb5ev6_4koan8builtins4attr5testss_35attr_reads_each_field_independently
FNDA:1,_RNvNtNtNtCseriWsCb5ev6_4koan8builtins4attr5testss_39access_field_rejects_wrapped_non_struct
FNDA:1,_RNvNtNtNtCseriWsCb5ev6_4koan8builtins4attr5testss_41access_field_falls_through_wrapped_struct
FNDA:1,_RNvNtNtNtCseriWsCb5ev6_4koan8builtins4attr5testss_53access_field_falls_through_wrapped_with_missing_field
FNDA:9,_RNvNtNtCseriWsCb5ev6_4koan8builtins4attr11body_module
FNDA:18,_RNvNtNtCseriWsCb5ev6_4koan8builtins4attr11body_struct
FNDA:25,_RNvNtNtCseriWsCb5ev6_4koan8builtins4attr12access_field
FNDA:0,_RNvNtNtCseriWsCb5ev6_4koan8builtins4attr13body_type_lhs
FNDA:7,_RNvNtNtCseriWsCb5ev6_4koan8builtins4attr15body_identifier
FNDA:34,_RNvNtNtCseriWsCb5ev6_4koan8builtins4attr15read_field_name
FNDA:12,_RNvNtNtCseriWsCb5ev6_4koan8builtins4attr20access_module_member
FNDA:456,_RNvNtNtCseriWsCb5ev6_4koan8builtins4attr8register
FNF:18
FNH:17
DA:21,8
DA:22,8
DA:23,8
DA:24,8
DA:25,8
DA:26,8
DA:27,8
DA:28,0
DA:29,0
DA:30,0
DA:31,0
DA:32,0
DA:33,0
DA:35,0
DA:37,8
DA:38,8
DA:39,8
DA:40,0
DA:45,8
DA:46,3
DA:47,5
DA:48,5
DA:49,3
DA:50,3
DA:51,0
DA:52,0
DA:57,0
DA:59,2
DA:60,2
DA:61,8
DA:69,0
DA:70,0
DA:71,0
DA:72,0
DA:73,0
DA:74,0
DA:75,0
DA:76,0
DA:77,0
DA:78,0
DA:79,0
DA:80,0
DA:81,0
DA:82,0
DA:84,0
DA:86,0
DA:87,0
DA:88,0
DA:94,0
DA:95,0
DA:96,0
DA:98,0
DA:99,0
DA:101,19
DA:102,19
DA:103,19
DA:104,19
DA:105,19
DA:106,19
DA:107,19
DA:108,0
DA:110,19
DA:111,19
DA:112,0
DA:114,19
DA:115,19
DA:117,16
DA:118,16
DA:119,16
DA:120,16
DA:121,16
DA:122,16
DA:123,16
DA:124,0
DA:126,16
DA:127,16
DA:128,0
DA:130,16
DA:131,16
DA:132,0
DA:133,0
DA:134,0
DA:135,0
DA:136,0
DA:138,16
DA:139,16
DA:141,43
DA:142,43
DA:143,38
DA:144,0
DA:145,5
DA:146,0
DA:147,0
DA:148,0
DA:149,0
DA:150,0
DA:151,0
DA:153,43
DA:155,26
DA:156,26
DA:157,26
DA:158,26
DA:159,26
DA:160,0
DA:161,18
DA:162,15
DA:163,3
DA:164,3
DA:165,3
DA:166,3
DA:168,0
DA:170,0
DA:171,0
DA:172,0
DA:173,0
DA:174,0
DA:175,0
DA:176,0
DA:177,0
DA:178,0
DA:179,0
DA:180,0
DA:181,0
DA:182,0
DA:183,0
DA:186,0
DA:187,0
DA:192,4
DA:193,4
DA:194,4
DA:195,4
DA:196,4
DA:197,4
DA:199,26
DA:208,19
DA:209,19
DA:210,3
DA:211,3
DA:212,3
DA:213,16
DA:214,16
DA:215,16
DA:216,15
DA:217,1
DA:218,1
DA:219,0
DA:220,0
DA:221,0
DA:222,1
DA:223,1
DA:224,1
DA:225,1
DA:226,1
DA:227,19
DA:229,496
DA:230,496
DA:231,496
DA:232,496
DA:233,496
DA:234,496
DA:236,496
DA:237,496
DA:238,496
DA:239,496
DA:240,496
DA:241,496
DA:242,496
DA:243,496
DA:244,496
DA:249,496
DA:250,496
DA:251,496
DA:252,496
DA:253,496
DA:254,496
DA:255,496
DA:256,496
DA:257,496
DA:259,496
DA:260,496
DA:261,496
DA:262,496
DA:273,1
DA:274,1
DA:275,1
DA:276,1
DA:277,1
DA:278,1
DA:280,1
DA:281,1
DA:282,1
DA:285,1
DA:286,1
DA:287,1
DA:288,1
DA:289,1
DA:290,1
DA:292,1
DA:293,1
DA:294,1
DA:297,1
DA:298,1
DA:299,1
DA:300,1
DA:301,1
DA:302,1
DA:303,1
DA:304,1
DA:305,1
DA:306,1
DA:308,1
DA:309,1
DA:310,1
DA:313,1
DA:314,1
DA:315,1
DA:316,1
DA:317,1
DA:318,1
DA:321,1
DA:324,1
DA:325,1
DA:326,1
DA:327,1
DA:328,1
DA:329,1
DA:330,1
DA:331,1
DA:332,1
DA:333,1
DA:335,0
DA:337,1
DA:340,1
DA:341,1
DA:342,1
DA:343,1
DA:344,1
DA:345,1
DA:347,1
DA:348,1
DA:349,1
DA:350,1
DA:353,1
DA:356,1
DA:357,1
DA:358,1
DA:359,1
DA:360,1
DA:361,1
DA:362,1
DA:363,1
DA:364,1
DA:365,1
DA:367,1
DA:368,1
DA:369,1
DA:370,1
DA:373,1
DA:377,1
DA:378,1
DA:379,1
DA:380,1
DA:381,1
DA:382,1
DA:383,1
DA:384,1
DA:385,1
DA:387,1
DA:388,1
DA:389,1
DA:393,1
DA:394,1
DA:395,1
DA:396,1
DA:397,1
DA:398,1
DA:399,1
DA:401,1
DA:402,1
DA:403,1
DA:404,1
DA:405,1
DA:406,1
DA:408,0
DA:410,1
DA:415,1
DA:416,1
DA:417,1
DA:418,1
DA:419,1
DA:420,1
DA:421,1
DA:422,1
DA:423,1
DA:425,1
DA:426,1
DA:427,1
DA:428,1
DA:431,1
BRF:0
BRH:0
LF:299
LH:223
end_of_record
SF:/var/home/jack/Code/koan/src/builtins/branch_walk.rs
FN:12,_RNvNtNtCscUx3zdyuqfq_4koan8builtins11branch_walk16find_branch_body
FN:12,_RNvNtNtCseriWsCb5ev6_4koan8builtins11branch_walk16find_branch_body
FNDA:0,_RNvNtNtCscUx3zdyuqfq_4koan8builtins11branch_walk16find_branch_body
FNDA:86,_RNvNtNtCseriWsCb5ev6_4koan8builtins11branch_walk16find_branch_body
FNF:1
FNH:1
DA:12,86
DA:13,86
DA:14,86
DA:15,86
DA:16,86
DA:17,86
DA:18,86
DA:19,0
DA:20,0
DA:21,0
DA:22,0
DA:23,86
DA:24,86
DA:25,86
DA:26,127
DA:27,119
DA:28,119
DA:29,119
DA:30,119
DA:31,106
DA:34,9
DA:35,9
DA:38,4
DA:39,0
DA:40,0
DA:41,0
DA:42,0
DA:43,0
DA:46,119
DA:47,119
DA:48,0
DA:49,0
DA:50,0
DA:51,0
DA:52,0
DA:55,119
DA:56,117
DA:57,2
DA:58,2
DA:59,2
DA:60,2
DA:61,2
DA:64,117
DA:65,76
DA:66,41
DA:67,41
DA:68,4
DA:69,37
DA:70,41
DA:72,8
DA:73,86
BRF:0
BRH:0
LF:51
LH:37
end_of_record
SF:/var/home/jack/Code/koan/src/builtins/catch.rs
FN:39,_RNCNvNtNtCscUx3zdyuqfq_4koan8builtins5catch4body0B7_
FN:18,_RNvNtNtCscUx3zdyuqfq_4koan8builtins5catch4body
FN:60,_RNvNtNtCscUx3zdyuqfq_4koan8builtins5catch8register
FN:39,_RNCNvNtNtCseriWsCb5ev6_4koan8builtins5catch4body0B7_
FN:18,_RNvNtNtCseriWsCb5ev6_4koan8builtins5catch4body
FN:60,_RNvNtNtCseriWsCb5ev6_4koan8builtins5catch8register
FNDA:0,_RNCNvNtNtCscUx3zdyuqfq_4koan8builtins5catch4body0B7_
FNDA:0,_RNvNtNtCscUx3zdyuqfq_4koan8builtins5catch4body
FNDA:40,_RNvNtNtCscUx3zdyuqfq_4koan8builtins5catch8register
FNDA:8,_RNCNvNtNtCseriWsCb5ev6_4koan8builtins5catch4body0B7_
FNDA:8,_RNvNtNtCseriWsCb5ev6_4koan8builtins5catch4body
FNDA:456,_RNvNtNtCseriWsCb5ev6_4koan8builtins5catch8register
FNF:3
FNH:3
DA:18,8
DA:19,8
DA:20,8
DA:21,8
DA:22,8
DA:23,8
DA:24,8
DA:26,0
DA:27,0
DA:28,0
DA:34,8
DA:35,8
DA:36,0
DA:38,8
DA:39,8
DA:40,8
DA:41,4
DA:42,4
DA:44,8
DA:45,8
DA:46,8
DA:47,8
DA:48,8
DA:49,8
DA:50,8
DA:51,8
DA:52,8
DA:53,8
DA:54,8
DA:55,8
DA:56,8
DA:57,8
DA:58,8
DA:60,496
DA:61,496
DA:62,496
DA:63,496
DA:64,496
DA:65,496
DA:66,496
DA:68,496
DA:70,496
BRF:0
BRH:0
LF:43
LH:39
end_of_record
SF:/var/home/jack/Code/koan/src/builtins/eval.rs
FN:14,_RNvNtNtCscUx3zdyuqfq_4koan8builtins4eval4body
FN:45,_RNvNtNtCscUx3zdyuqfq_4koan8builtins4eval8register
FN:14,_RNvNtNtCseriWsCb5ev6_4koan8builtins4eval4body
FN:45,_RNvNtNtCseriWsCb5ev6_4koan8builtins4eval8register
FN:59,_RNvNtNtNtCseriWsCb5ev6_4koan8builtins4eval5tests11run_program
FN:118,_RNvNtNtNtCseriWsCb5ev6_4koan8builtins4eval5testss_21recursive_eval_no_uaf
FN:68,_RNvNtNtNtCseriWsCb5ev6_4koan8builtins4eval5testss_22eval_of_quoted_literal
FN:102,_RNvNtNtNtCseriWsCb5ev6_4koan8builtins4eval5testss_34multiline_sigil_collapse_roundtrip
FN:110,_RNvNtNtNtCseriWsCb5ev6_4koan8builtins4eval5testss_35eval_returns_inner_expression_value
FN:96,_RNvNtNtNtCseriWsCb5ev6_4koan8builtins4eval5testss_37eval_runs_side_effects_in_quoted_body
FN:74,_RNvNtNtNtCseriWsCb5ev6_4koan8builtins4eval5testss_38eval_of_function_returning_kexpression
FN:83,_RNvNtNtNtCseriWsCb5ev6_4koan8builtins4eval5testss_49eval_of_non_kexpression_errors_with_type_mismatch
FNDA:0,_RNvNtNtCscUx3zdyuqfq_4koan8builtins4eval4body
FNDA:40,_RNvNtNtCscUx3zdyuqfq_4koan8builtins4eval8register
FNDA:9,_RNvNtNtCseriWsCb5ev6_4koan8builtins4eval4body
FNDA:456,_RNvNtNtCseriWsCb5ev6_4koan8builtins4eval8register
FNDA:6,_RNvNtNtNtCseriWsCb5ev6_4koan8builtins4eval5tests11run_program
FNDA:1,_RNvNtNtNtCseriWsCb5ev6_4koan8builtins4eval5testss_21recursive_eval_no_uaf
FNDA:1,_RNvNtNtNtCseriWsCb5ev6_4koan8builtins4eval5testss_22eval_of_quoted_literal
FNDA:1,_RNvNtNtNtCseriWsCb5ev6_4koan8builtins4eval5testss_34multiline_sigil_collapse_roundtrip
FNDA:1,_RNvNtNtNtCseriWsCb5ev6_4koan8builtins4eval5testss_35eval_returns_inner_expression_value
FNDA:1,_RNvNtNtNtCseriWsCb5ev6_4koan8builtins4eval5testss_37eval_runs_side_effects_in_quoted_body
FNDA:1,_RNvNtNtNtCseriWsCb5ev6_4koan8builtins4eval5testss_38eval_of_function_returning_kexpression
FNDA:1,_RNvNtNtNtCseriWsCb5ev6_4koan8builtins4eval5testss_49eval_of_non_kexpression_errors_with_type_mismatch
FNF:10
FNH:10
DA:14,9
DA:15,9
DA:16,9
DA:17,9
DA:18,9
DA:19,9
DA:20,9
DA:21,0
DA:23,9
DA:24,8
DA:25,1
DA:26,1
DA:27,1
DA:28,1
DA:29,1
DA:30,1
DA:35,8
DA:36,8
DA:37,8
DA:38,8
DA:39,8
DA:40,8
DA:41,8
DA:42,8
DA:43,9
DA:45,496
DA:46,496
DA:47,496
DA:48,496
DA:49,496
DA:50,496
DA:52,496
DA:59,6
DA:60,6
DA:61,6
DA:62,6
DA:63,6
DA:64,6
DA:65,6
DA:68,1
DA:69,1
DA:70,1
DA:71,1
DA:74,1
DA:75,1
DA:76,1
DA:77,1
DA:79,1
DA:80,1
DA:83,1
DA:84,1
DA:85,1
DA:86,1
DA:87,1
DA:88,1
DA:89,1
DA:90,1
DA:93,1
DA:96,1
DA:97,1
DA:98,1
DA:99,1
DA:102,1
DA:103,1
DA:104,1
DA:106,1
DA:107,1
DA:110,1
DA:113,1
DA:114,1
DA:115,1
DA:118,1
DA:122,1
DA:123,1
DA:124,1
DA:125,1
DA:126,1
DA:127,1
DA:128,1
DA:130,1
DA:131,1
BRF:0
BRH:0
LF:81
LH:80
end_of_record
SF:/var/home/jack/Code/koan/src/builtins/fn_def.rs
FN:78,_RNCNvNtNtCscUx3zdyuqfq_4koan8builtins6fn_def4body0B7_
FN:26,_RNvNtNtCscUx3zdyuqfq_4koan8builtins6fn_def4body
FN:91,_RNvNtNtCscUx3zdyuqfq_4koan8builtins6fn_def8register
FN:78,_RNCNvNtNtCseriWsCb5ev6_4koan8builtins6fn_def4body0B7_
FN:26,_RNvNtNtCseriWsCb5ev6_4koan8builtins6fn_def4body
FN:91,_RNvNtNtCseriWsCb5ev6_4koan8builtins6fn_def8register
FNDA:10,_RNCNvNtNtCscUx3zdyuqfq_4koan8builtins6fn_def4body0B7_
FNDA:10,_RNvNtNtCscUx3zdyuqfq_4koan8builtins6fn_def4body
FNDA:40,_RNvNtNtCscUx3zdyuqfq_4koan8builtins6fn_def8register
FNDA:165,_RNCNvNtNtCseriWsCb5ev6_4koan8builtins6fn_def4body0B7_
FNDA:170,_RNvNtNtCseriWsCb5ev6_4koan8builtins6fn_def4body
FNDA:456,_RNvNtNtCseriWsCb5ev6_4koan8builtins6fn_def8register
FNF:3
FNH:3
DA:26,180
DA:27,180
DA:28,180
DA:29,180
DA:30,180
DA:31,180
DA:32,180
DA:34,0
DA:35,0
DA:36,0
DA:39,180
DA:40,180
DA:41,0
DA:43,180
DA:44,180
DA:46,0
DA:47,0
DA:48,0
DA:54,180
DA:56,180
DA:60,178
DA:61,180
DA:62,178
DA:63,2
DA:66,178
DA:67,133
DA:68,3
DA:69,42
DA:70,42
DA:76,175
DA:77,175
DA:78,175
DA:79,175
DA:81,175
DA:82,129
DA:83,129
DA:85,46
DA:86,46
DA:89,180
DA:91,496
DA:111,496
DA:112,496
DA:113,496
DA:114,496
DA:115,496
DA:116,496
DA:117,496
DA:118,496
DA:119,496
DA:120,496
DA:122,496
DA:123,496
DA:124,496
DA:128,496
DA:129,496
DA:130,496
DA:131,496
DA:132,496
DA:133,496
DA:134,496
DA:135,496
DA:136,496
DA:137,496
DA:139,496
DA:140,496
DA:141,496
DA:145,496
BRF:0
BRH:0
LF:68
LH:61
end_of_record
SF:/var/home/jack/Code/koan/src/builtins/fn_def/finalize.rs
FN:271,_RNCNvNtNtNtCscUx3zdyuqfq_4koan8builtins6fn_def8finalize17defer_via_combine0B9_
FN:194,_RNCNvNtNtNtCscUx3zdyuqfq_4koan8builtins6fn_def8finalize21finalize_fn_with_flag0B9_
FN:151,_RNvNtNtNtCscUx3zdyuqfq_4koan8builtins6fn_def8finalize11finalize_fn
FN:243,_RNvNtNtNtCscUx3zdyuqfq_4koan8builtins6fn_def8finalize17defer_via_combine
FN:169,_RNvNtNtNtCscUx3zdyuqfq_4koan8builtins6fn_def8finalize21finalize_fn_with_flag
FN:68,_RNvNtNtNtCscUx3zdyuqfq_4koan8builtins6fn_def8finalize8classify
FN:271,_RNCNvNtNtNtCseriWsCb5ev6_4koan8builtins6fn_def8finalize17defer_via_combine0B9_
FN:194,_RNCNvNtNtNtCseriWsCb5ev6_4koan8builtins6fn_def8finalize21finalize_fn_with_flag0B9_
FN:151,_RNvNtNtNtCseriWsCb5ev6_4koan8builtins6fn_def8finalize11finalize_fn
FN:243,_RNvNtNtNtCseriWsCb5ev6_4koan8builtins6fn_def8finalize17defer_via_combine
FN:169,_RNvNtNtNtCseriWsCb5ev6_4koan8builtins6fn_def8finalize21finalize_fn_with_flag
FN:68,_RNvNtNtNtCseriWsCb5ev6_4koan8builtins6fn_def8finalize8classify
FNDA:7,_RNCNvNtNtNtCscUx3zdyuqfq_4koan8builtins6fn_def8finalize17defer_via_combine0B9_
FNDA:14,_RNCNvNtNtNtCscUx3zdyuqfq_4koan8builtins6fn_def8finalize21finalize_fn_with_flag0B9_
FNDA:7,_RNvNtNtNtCscUx3zdyuqfq_4koan8builtins6fn_def8finalize11finalize_fn
FNDA:7,_RNvNtNtNtCscUx3zdyuqfq_4koan8builtins6fn_def8finalize17defer_via_combine
FNDA:14,_RNvNtNtNtCscUx3zdyuqfq_4koan8builtins6fn_def8finalize21finalize_fn_with_flag
FNDA:14,_RNvNtNtNtCscUx3zdyuqfq_4koan8builtins6fn_def8finalize8classify
FNDA:48,_RNCNvNtNtNtCseriWsCb5ev6_4koan8builtins6fn_def8finalize17defer_via_combine0B9_
FNDA:181,_RNCNvNtNtNtCseriWsCb5ev6_4koan8builtins6fn_def8finalize21finalize_fn_with_flag0B9_
FNDA:122,_RNvNtNtNtCseriWsCb5ev6_4koan8builtins6fn_def8finalize11finalize_fn
FNDA:48,_RNvNtNtNtCseriWsCb5ev6_4koan8builtins6fn_def8finalize17defer_via_combine
FNDA:175,_RNvNtNtNtCseriWsCb5ev6_4koan8builtins6fn_def8finalize21finalize_fn_with_flag
FNDA:177,_RNvNtNtNtCseriWsCb5ev6_4koan8builtins6fn_def8finalize8classify
FNF:6
FNH:6
DA:68,191
DA:69,191
DA:70,191
DA:71,191
DA:72,191
DA:73,127
DA:74,127
DA:75,127
DA:76,127
DA:77,9
DA:78,9
DA:79,9
DA:80,9
DA:81,4
DA:83,4
DA:84,4
DA:85,4
DA:86,4
DA:87,4
DA:88,4
DA:91,49
DA:92,49
DA:93,49
DA:94,49
DA:95,49
DA:96,49
DA:97,49
DA:98,49
DA:100,1
DA:101,1
DA:102,1
DA:103,1
DA:104,1
DA:105,1
DA:106,1
DA:107,1
DA:108,1
DA:109,1
DA:111,1
DA:112,1
DA:116,1
DA:117,1
DA:118,1
DA:119,1
DA:120,1
DA:121,1
DA:122,1
DA:124,0
DA:127,0
DA:128,0
DA:129,0
DA:130,0
DA:131,0
DA:132,0
DA:135,0
DA:136,0
DA:138,0
DA:139,0
DA:140,0
DA:141,0
DA:142,0
DA:143,0
DA:144,0
DA:147,191
DA:151,129
DA:152,129
DA:153,129
DA:154,129
DA:155,129
DA:156,129
DA:157,129
DA:158,129
DA:159,129
DA:169,189
DA:170,189
DA:171,189
DA:172,189
DA:173,189
DA:174,189
DA:175,189
DA:176,189
DA:179,189
DA:180,16
DA:181,14
DA:182,0
DA:183,0
DA:184,0
DA:185,0
DA:186,0
DA:187,14
DA:188,2
DA:189,173
DA:194,195
DA:195,188
DA:196,7
DA:197,195
DA:198,189
DA:199,188
DA:201,1
DA:202,1
DA:203,1
DA:204,1
DA:208,188
DA:210,188
DA:214,188
DA:215,188
DA:216,188
DA:217,188
DA:218,188
DA:219,188
DA:220,188
DA:221,188
DA:222,188
DA:225,188
DA:226,188
DA:227,1
DA:228,187
DA:231,187
DA:232,189
DA:243,55
DA:244,55
DA:245,55
DA:246,55
DA:247,55
DA:248,55
DA:249,55
DA:250,55
DA:251,55
DA:252,55
DA:258,55
DA:259,55
DA:260,55
DA:261,55
DA:262,5
DA:263,50
DA:264,55
DA:265,55
DA:266,35
DA:267,35
DA:268,35
DA:269,35
DA:271,55
DA:272,55
DA:273,55
DA:274,35
DA:278,35
DA:279,1
DA:280,1
DA:281,1
DA:282,1
DA:283,1
DA:284,34
DA:285,34
DA:287,54
DA:293,54
DA:294,54
DA:295,53
DA:296,1
DA:298,53
DA:299,53
DA:300,0
DA:301,0
DA:304,0
DA:305,0
DA:306,0
DA:309,53
DA:310,53
DA:311,53
DA:312,53
DA:313,53
DA:314,53
DA:315,53
DA:317,55
DA:318,55
DA:319,55
DA:320,55
BRF:0
BRH:0
LF:178
LH:151
end_of_record
SF:/var/home/jack/Code/koan/src/builtins/fn_def/param_refs.rs
FN:34,_RNCNvNtNtNtCscUx3zdyuqfq_4koan8builtins6fn_def10param_refs19part_references_any0B9_
FN:41,_RNCNvNtNtNtCscUx3zdyuqfq_4koan8builtins6fn_def10param_refs19part_references_anys0_0B9_
FN:39,_RNCNvNtNtNtCscUx3zdyuqfq_4koan8builtins6fn_def10param_refs19part_references_anys_0B9_
FN:12,_RNCNvNtNtNtCscUx3zdyuqfq_4koan8builtins6fn_def10param_refs24type_expr_references_any0B9_
FN:19,_RNCNvNtNtNtCscUx3zdyuqfq_4koan8builtins6fn_def10param_refs24type_expr_references_anys0_0B9_
FN:17,_RNCNvNtNtNtCscUx3zdyuqfq_4koan8builtins6fn_def10param_refs24type_expr_references_anys_0B9_
FN:29,_RNCNvNtNtNtCscUx3zdyuqfq_4koan8builtins6fn_def10param_refs26kexpression_references_any0B9_
FN:32,_RNvNtNtNtCscUx3zdyuqfq_4koan8builtins6fn_def10param_refs19part_references_any
FN:11,_RNvNtNtNtCscUx3zdyuqfq_4koan8builtins6fn_def10param_refs24type_expr_references_any
FN:25,_RNvNtNtNtCscUx3zdyuqfq_4koan8builtins6fn_def10param_refs26kexpression_references_any
FN:34,_RNCNvNtNtNtCseriWsCb5ev6_4koan8builtins6fn_def10param_refs19part_references_any0B9_
FN:41,_RNCNvNtNtNtCseriWsCb5ev6_4koan8builtins6fn_def10param_refs19part_references_anys0_0B9_
FN:39,_RNCNvNtNtNtCseriWsCb5ev6_4koan8builtins6fn_def10param_refs19part_references_anys_0B9_
FN:12,_RNCNvNtNtNtCseriWsCb5ev6_4koan8builtins6fn_def10param_refs24type_expr_references_any0B9_
FN:19,_RNCNvNtNtNtCseriWsCb5ev6_4koan8builtins6fn_def10param_refs24type_expr_references_anys0_0B9_
FN:17,_RNCNvNtNtNtCseriWsCb5ev6_4koan8builtins6fn_def10param_refs24type_expr_references_anys_0B9_
FN:29,_RNCNvNtNtNtCseriWsCb5ev6_4koan8builtins6fn_def10param_refs26kexpression_references_any0B9_
FN:32,_RNvNtNtNtCseriWsCb5ev6_4koan8builtins6fn_def10param_refs19part_references_any
FN:11,_RNvNtNtNtCseriWsCb5ev6_4koan8builtins6fn_def10param_refs24type_expr_references_any
FN:25,_RNvNtNtNtCseriWsCb5ev6_4koan8builtins6fn_def10param_refs26kexpression_references_any
FNDA:0,_RNCNvNtNtNtCscUx3zdyuqfq_4koan8builtins6fn_def10param_refs19part_references_any0B9_
FNDA:0,_RNCNvNtNtNtCscUx3zdyuqfq_4koan8builtins6fn_def10param_refs19part_references_anys0_0B9_
FNDA:0,_RNCNvNtNtNtCscUx3zdyuqfq_4koan8builtins6fn_def10param_refs19part_references_anys_0B9_
FNDA:1,_RNCNvNtNtNtCscUx3zdyuqfq_4koan8builtins6fn_def10param_refs24type_expr_references_any0B9_
FNDA:0,_RNCNvNtNtNtCscUx3zdyuqfq_4koan8builtins6fn_def10param_refs24type_expr_references_anys0_0B9_
FNDA:0,_RNCNvNtNtNtCscUx3zdyuqfq_4koan8builtins6fn_def10param_refs24type_expr_references_anys_0B9_
FNDA:0,_RNCNvNtNtNtCscUx3zdyuqfq_4koan8builtins6fn_def10param_refs26kexpression_references_any0B9_
FNDA:0,_RNvNtNtNtCscUx3zdyuqfq_4koan8builtins6fn_def10param_refs19part_references_any
FNDA:1,_RNvNtNtNtCscUx3zdyuqfq_4koan8builtins6fn_def10param_refs24type_expr_references_any
FNDA:0,_RNvNtNtNtCscUx3zdyuqfq_4koan8builtins6fn_def10param_refs26kexpression_references_any
FNDA:4,_RNCNvNtNtNtCseriWsCb5ev6_4koan8builtins6fn_def10param_refs19part_references_any0B9_
FNDA:1,_RNCNvNtNtNtCseriWsCb5ev6_4koan8builtins6fn_def10param_refs19part_references_anys0_0B9_
FNDA:1,_RNCNvNtNtNtCseriWsCb5ev6_4koan8builtins6fn_def10param_refs19part_references_anys_0B9_
FNDA:26,_RNCNvNtNtNtCseriWsCb5ev6_4koan8builtins6fn_def10param_refs24type_expr_references_any0B9_
FNDA:0,_RNCNvNtNtNtCseriWsCb5ev6_4koan8builtins6fn_def10param_refs24type_expr_references_anys0_0B9_
FNDA:0,_RNCNvNtNtNtCseriWsCb5ev6_4koan8builtins6fn_def10param_refs24type_expr_references_anys_0B9_
FNDA:39,_RNCNvNtNtNtCseriWsCb5ev6_4koan8builtins6fn_def10param_refs26kexpression_references_any0B9_
FNDA:42,_RNvNtNtNtCseriWsCb5ev6_4koan8builtins6fn_def10param_refs19part_references_any
FNDA:28,_RNvNtNtNtCseriWsCb5ev6_4koan8builtins6fn_def10param_refs24type_expr_references_any
FNDA:19,_RNvNtNtNtCseriWsCb5ev6_4koan8builtins6fn_def10param_refs26kexpression_references_any
FNF:10
FNH:8
DA:11,29
DA:12,29
DA:13,8
DA:14,21
DA:15,21
DA:16,21
DA:17,0
DA:18,0
DA:19,0
DA:20,0
DA:23,29
DA:25,19
DA:26,19
DA:27,19
DA:28,19
DA:29,39
DA:30,19
DA:32,42
DA:33,42
DA:34,4
DA:35,18
DA:36,7
DA:37,0
DA:38,1
DA:39,1
DA:41,1
DA:42,1
DA:43,1
DA:44,11
DA:46,42
BRF:0
BRH:0
LF:37
LH:30
end_of_record
SF:/var/home/jack/Code/koan/src/builtins/fn_def/return_type.rs
FN:227,_RNvNtNtNtCscUx3zdyuqfq_4koan8builtins6fn_def11return_type12make_capture
FN:95,_RNvNtNtNtCscUx3zdyuqfq_4koan8builtins6fn_def11return_type20classify_return_type
FN:152,_RNvNtNtNtCscUx3zdyuqfq_4koan8builtins6fn_def11return_type20verdict_for_resolved
FN:52,_RNvNtNtNtCscUx3zdyuqfq_4koan8builtins6fn_def11return_type23extract_return_type_raw
FN:237,_RNvNtNtNtCscUx3zdyuqfq_4koan8builtins6fn_def11return_type25resolve_capture_at_finish
FN:167,_RNvNtNtNtCscUx3zdyuqfq_4koan8builtins6fn_def11return_type30verdict_for_deferred_type_expr
FN:203,_RNvNtNtNtCscUx3zdyuqfq_4koan8builtins6fn_def11return_type31verdict_for_deferred_expression
FN:204,_RNCNvNtNtNtCscUx3zdyuqfq_4koan8builtins6fn_def11return_type31verdict_for_deferred_expression0B9_
FN:204,_RNCNvNtNtNtCseriWsCb5ev6_4koan8builtins6fn_def11return_type31verdict_for_deferred_expression0B9_
FN:227,_RNvNtNtNtCseriWsCb5ev6_4koan8builtins6fn_def11return_type12make_capture
FN:95,_RNvNtNtNtCseriWsCb5ev6_4koan8builtins6fn_def11return_type20classify_return_type
FN:152,_RNvNtNtNtCseriWsCb5ev6_4koan8builtins6fn_def11return_type20verdict_for_resolved
FN:52,_RNvNtNtNtCseriWsCb5ev6_4koan8builtins6fn_def11return_type23extract_return_type_raw
FN:237,_RNvNtNtNtCseriWsCb5ev6_4koan8builtins6fn_def11return_type25resolve_capture_at_finish
FN:167,_RNvNtNtNtCseriWsCb5ev6_4koan8builtins6fn_def11return_type30verdict_for_deferred_type_expr
FN:203,_RNvNtNtNtCseriWsCb5ev6_4koan8builtins6fn_def11return_type31verdict_for_deferred_expression
FNDA:0,_RNvNtNtNtCscUx3zdyuqfq_4koan8builtins6fn_def11return_type12make_capture
FNDA:14,_RNvNtNtNtCscUx3zdyuqfq_4koan8builtins6fn_def11return_type20classify_return_type
FNDA:14,_RNvNtNtNtCscUx3zdyuqfq_4koan8builtins6fn_def11return_type20verdict_for_resolved
FNDA:14,_RNvNtNtNtCscUx3zdyuqfq_4koan8builtins6fn_def11return_type23extract_return_type_raw
FNDA:7,_RNvNtNtNtCscUx3zdyuqfq_4koan8builtins6fn_def11return_type25resolve_capture_at_finish
FNDA:0,_RNvNtNtNtCscUx3zdyuqfq_4koan8builtins6fn_def11return_type30verdict_for_deferred_type_expr
FNDA:0,_RNvNtNtNtCscUx3zdyuqfq_4koan8builtins6fn_def11return_type31verdict_for_deferred_expression
FNDA:0,_RNCNvNtNtNtCscUx3zdyuqfq_4koan8builtins6fn_def11return_type31verdict_for_deferred_expression0B9_
FNDA:1,_RNCNvNtNtNtCseriWsCb5ev6_4koan8builtins6fn_def11return_type31verdict_for_deferred_expression0B9_
FNDA:0,_RNvNtNtNtCseriWsCb5ev6_4koan8builtins6fn_def11return_type12make_capture
FNDA:185,_RNvNtNtNtCseriWsCb5ev6_4koan8builtins6fn_def11return_type20classify_return_type
FNDA:167,_RNvNtNtNtCseriWsCb5ev6_4koan8builtins6fn_def11return_type20verdict_for_resolved
FNDA:185,_RNvNtNtNtCseriWsCb5ev6_4koan8builtins6fn_def11return_type23extract_return_type_raw
FNDA:47,_RNvNtNtNtCseriWsCb5ev6_4koan8builtins6fn_def11return_type25resolve_capture_at_finish
FNDA:2,_RNvNtNtNtCseriWsCb5ev6_4koan8builtins6fn_def11return_type30verdict_for_deferred_type_expr
FNDA:1,_RNvNtNtNtCseriWsCb5ev6_4koan8builtins6fn_def11return_type31verdict_for_deferred_expression
FNF:8
FNH:7
DA:52,199
DA:53,199
DA:54,199
DA:55,199
DA:56,176
DA:57,176
DA:58,0
DA:60,11
DA:61,11
DA:62,0
DA:64,12
DA:65,12
DA:66,0
DA:68,0
DA:69,0
DA:70,0
DA:71,0
DA:73,199
DA:95,199
DA:96,199
DA:97,199
DA:98,199
DA:99,199
DA:100,199
DA:101,199
DA:102,176
DA:103,176
DA:104,176
DA:106,11
DA:107,11
DA:108,4
DA:109,2
DA:110,2
DA:112,4
DA:113,7
DA:114,7
DA:115,7
DA:116,5
DA:117,0
DA:118,0
DA:120,2
DA:121,0
DA:123,2
DA:124,2
DA:125,2
DA:129,5
DA:130,5
DA:131,5
DA:133,0
DA:135,5
DA:137,12
DA:138,12
DA:139,7
DA:140,1
DA:141,6
DA:143,7
DA:145,5
DA:149,199
DA:152,181
DA:153,181
DA:154,179
DA:156,2
DA:157,2
DA:158,2
DA:159,2
DA:161,181
DA:167,2
DA:168,2
DA:169,2
DA:170,2
DA:171,0
DA:175,2
DA:176,2
DA:177,2
DA:179,0
DA:180,0
DA:181,0
DA:182,0
DA:183,0
DA:184,0
DA:187,0
DA:190,0
DA:192,0
DA:193,0
DA:194,0
DA:195,0
DA:198,2
DA:203,1
DA:204,1
DA:205,1
DA:206,0
DA:207,1
DA:208,1
DA:209,1
DA:210,1
DA:211,1
DA:212,1
DA:213,1
DA:214,1
DA:215,0
DA:216,0
DA:217,0
DA:218,0
DA:219,0
DA:220,0
DA:221,0
DA:222,0
DA:223,0
DA:225,1
DA:227,0
DA:228,0
DA:229,0
DA:230,0
DA:232,0
DA:237,54
DA:238,54
DA:239,54
DA:240,54
DA:241,54
DA:242,54
DA:243,48
DA:244,0
DA:245,0
DA:246,0
DA:247,0
DA:248,0
DA:249,0
DA:250,0
DA:251,0
DA:252,0
DA:253,0
DA:254,0
DA:255,0
DA:259,0
DA:260,0
DA:261,0
DA:262,0
DA:263,0
DA:264,0
DA:265,0
DA:266,0
DA:268,1
DA:269,5
DA:270,5
DA:271,5
DA:272,4
DA:273,1
DA:274,1
DA:275,1
DA:276,1
DA:277,1
DA:281,54
BRF:0
BRH:0
LF:153
LH:94
end_of_record
SF:/var/home/jack/Code/koan/src/builtins/fn_def/signature.rs
FN:192,_RNvNtNtNtCscUx3zdyuqfq_4koan8builtins6fn_def9signature13binder_bucket
FN:62,_RNvNtNtNtCscUx3zdyuqfq_4koan8builtins6fn_def9signature19parse_fn_param_list
FN:248,_RNvNtNtNtCscUx3zdyuqfq_4koan8builtins6fn_def9signature19signature_expr_part
FN:11,_RNvNtNtNtCscUx3zdyuqfq_4koan8builtins6fn_def9signature34collect_param_names_from_signature
FN:174,_RNvNtNtNtCscUx3zdyuqfq_4koan8builtins6fn_def9signature11binder_name
FN:207,_RNCNvNtNtNtCscUx3zdyuqfq_4koan8builtins6fn_def9signature13binder_bucket0B9_
FN:224,_RNCNvNtNtNtCscUx3zdyuqfq_4koan8builtins6fn_def9signature13binder_buckets_0B9_
FN:174,_RNvNtNtNtCseriWsCb5ev6_4koan8builtins6fn_def9signature11binder_name
FN:192,_RNvNtNtNtCseriWsCb5ev6_4koan8builtins6fn_def9signature13binder_bucket
FN:62,_RNvNtNtNtCseriWsCb5ev6_4koan8builtins6fn_def9signature19parse_fn_param_list
FN:248,_RNvNtNtNtCseriWsCb5ev6_4koan8builtins6fn_def9signature19signature_expr_part
FN:11,_RNvNtNtNtCseriWsCb5ev6_4koan8builtins6fn_def9signature34collect_param_names_from_signature
FN:207,_RNCNvNtNtNtCseriWsCb5ev6_4koan8builtins6fn_def9signature13binder_bucket0B9_
FN:224,_RNCNvNtNtNtCseriWsCb5ev6_4koan8builtins6fn_def9signature13binder_buckets_0B9_
FNDA:31,_RNvNtNtNtCscUx3zdyuqfq_4koan8builtins6fn_def9signature13binder_bucket
FNDA:21,_RNvNtNtNtCscUx3zdyuqfq_4koan8builtins6fn_def9signature19parse_fn_param_list
FNDA:31,_RNvNtNtNtCscUx3zdyuqfq_4koan8builtins6fn_def9signature19signature_expr_part
FNDA:14,_RNvNtNtNtCscUx3zdyuqfq_4koan8builtins6fn_def9signature34collect_param_names_from_signature
FNDA:0,_RNvNtNtNtCscUx3zdyuqfq_4koan8builtins6fn_def9signature11binder_name
FNDA:23,_RNCNvNtNtNtCscUx3zdyuqfq_4koan8builtins6fn_def9signature13binder_bucket0B9_
FNDA:12,_RNCNvNtNtNtCscUx3zdyuqfq_4koan8builtins6fn_def9signature13binder_buckets_0B9_
FNDA:1,_RNvNtNtNtCseriWsCb5ev6_4koan8builtins6fn_def9signature11binder_name
FNDA:385,_RNvNtNtNtCseriWsCb5ev6_4koan8builtins6fn_def9signature13binder_bucket
FNDA:226,_RNvNtNtNtCseriWsCb5ev6_4koan8builtins6fn_def9signature19parse_fn_param_list
FNDA:386,_RNvNtNtNtCseriWsCb5ev6_4koan8builtins6fn_def9signature19signature_expr_part
FNDA:185,_RNvNtNtNtCseriWsCb5ev6_4koan8builtins6fn_def9signature34collect_param_names_from_signature
FNDA:253,_RNCNvNtNtNtCseriWsCb5ev6_4koan8builtins6fn_def9signature13binder_bucket0B9_
FNDA:48,_RNCNvNtNtNtCseriWsCb5ev6_4koan8builtins6fn_def9signature13binder_buckets_0B9_
FNF:7
FNH:7
DA:11,199
DA:12,199
DA:13,199
DA:14,199
DA:15,565
DA:16,366
DA:17,137
DA:18,28
DA:19,28
DA:21,201
DA:23,366
DA:24,165
DA:25,165
DA:26,163
DA:32,165
DA:33,163
DA:34,163
DA:35,163
DA:36,2
DA:37,201
DA:38,203
DA:40,199
DA:41,199
DA:62,247
DA:63,247
DA:64,247
DA:65,247
DA:66,247
DA:67,247
DA:68,247
DA:69,247
DA:70,247
DA:71,247
DA:72,708
DA:75,463
DA:76,176
DA:77,38
DA:78,38
DA:80,249
DA:82,463
DA:83,249
DA:84,249
DA:85,249
DA:86,249
DA:87,214
DA:88,214
DA:89,34
DA:90,143
DA:91,143
DA:92,126
DA:93,126
DA:94,126
DA:95,126
DA:96,126
DA:97,126
DA:98,16
DA:99,16
DA:100,16
DA:101,1
DA:102,1
DA:103,1
DA:104,1
DA:105,1
DA:106,0
DA:108,143
DA:110,4
DA:111,4
DA:112,4
DA:113,4
DA:114,31
DA:115,31
DA:116,31
DA:117,31
DA:118,31
DA:119,31
DA:120,31
DA:121,31
DA:122,31
DA:123,31
DA:124,34
DA:125,34
DA:126,34
DA:127,34
DA:128,34
DA:129,34
DA:130,34
DA:131,0
DA:132,0
DA:133,0
DA:134,0
DA:135,0
DA:136,0
DA:139,2
DA:140,2
DA:141,2
DA:142,2
DA:146,0
DA:147,0
DA:148,0
DA:149,0
DA:150,0
DA:152,0
DA:153,0
DA:154,0
DA:155,0
DA:156,0
DA:160,245
DA:161,1
DA:162,244
DA:163,244
DA:164,51
DA:165,51
DA:166,51
DA:167,51
DA:168,193
DA:169,193
DA:170,247
DA:174,1
DA:175,1
DA:176,1
DA:177,1
DA:178,1
DA:179,0
DA:181,0
DA:182,1
DA:192,416
DA:193,416
DA:194,416
DA:196,416
DA:197,416
DA:198,416
DA:199,416
DA:200,1176
DA:201,760
DA:202,420
DA:203,420
DA:204,420
DA:205,420
DA:207,280
DA:208,0
DA:209,276
DA:215,276
DA:216,280
DA:217,276
DA:218,276
DA:219,276
DA:220,4
DA:221,4
DA:223,60
DA:224,60
DA:225,0
DA:226,60
DA:232,60
DA:233,60
DA:234,60
DA:235,60
DA:236,60
DA:237,0
DA:238,0
DA:240,0
DA:241,0
DA:242,0
DA:245,416
DA:246,416
DA:248,417
DA:249,417
DA:250,417
DA:251,417
DA:252,0
DA:254,417
BRF:0
BRH:0
LF:172
LH:145
end_of_record
SF:/var/home/jack/Code/koan/src/builtins/functor_def.rs
FN:96,_RNCNvNtNtCscUx3zdyuqfq_4koan8builtins11functor_def4body0B7_
FN:122,_RNvNtNtCscUx3zdyuqfq_4koan8builtins11functor_def19collect_param_types
FN:40,_RNvNtNtCscUx3zdyuqfq_4koan8builtins11functor_def4body
FN:155,_RNvNtNtCscUx3zdyuqfq_4koan8builtins11functor_def8register
FN:96,_RNCNvNtNtCseriWsCb5ev6_4koan8builtins11functor_def4body0B7_
FN:122,_RNvNtNtCseriWsCb5ev6_4koan8builtins11functor_def19collect_param_types
FN:40,_RNvNtNtCseriWsCb5ev6_4koan8builtins11functor_def4body
FN:155,_RNvNtNtCseriWsCb5ev6_4koan8builtins11functor_def8register
FNDA:4,_RNCNvNtNtCscUx3zdyuqfq_4koan8builtins11functor_def4body0B7_
FNDA:4,_RNvNtNtCscUx3zdyuqfq_4koan8builtins11functor_def19collect_param_types
FNDA:4,_RNvNtNtCscUx3zdyuqfq_4koan8builtins11functor_def4body
FNDA:40,_RNvNtNtCscUx3zdyuqfq_4koan8builtins11functor_def8register
FNDA:12,_RNCNvNtNtCseriWsCb5ev6_4koan8builtins11functor_def4body0B7_
FNDA:15,_RNvNtNtCseriWsCb5ev6_4koan8builtins11functor_def19collect_param_types
FNDA:15,_RNvNtNtCseriWsCb5ev6_4koan8builtins11functor_def4body
FNDA:456,_RNvNtNtCseriWsCb5ev6_4koan8builtins11functor_def8register
FNF:4
FNH:4
DA:40,19
DA:41,19
DA:42,19
DA:43,19
DA:44,19
DA:45,19
DA:46,19
DA:48,0
DA:49,0
DA:50,0
DA:53,19
DA:54,19
DA:55,0
DA:57,19
DA:58,19
DA:60,0
DA:61,0
DA:62,0
DA:65,19
DA:70,19
DA:72,19
DA:76,19
DA:77,19
DA:78,19
DA:79,0
DA:81,19
DA:82,3
DA:83,16
DA:85,16
DA:86,7
DA:87,0
DA:88,9
DA:89,9
DA:94,16
DA:95,16
DA:96,16
DA:97,16
DA:99,16
DA:100,7
DA:101,7
DA:103,9
DA:106,9
DA:107,9
DA:108,9
DA:109,9
DA:110,9
DA:111,9
DA:113,9
DA:117,19
DA:122,19
DA:123,19
DA:124,19
DA:125,19
DA:127,19
DA:128,19
DA:129,19
DA:130,19
DA:131,57
DA:132,38
DA:133,2
DA:134,17
DA:135,17
DA:137,19
DA:139,38
DA:140,19
DA:141,19
DA:142,19
DA:143,10
DA:144,10
DA:145,0
DA:146,0
DA:147,19
DA:148,19
DA:149,19
DA:150,19
DA:152,19
DA:153,19
DA:155,496
DA:162,496
DA:163,496
DA:164,496
DA:165,496
DA:166,496
DA:167,496
DA:168,496
DA:169,496
DA:170,496
DA:171,496
DA:173,496
DA:174,496
DA:175,496
DA:180,496
DA:181,496
DA:182,496
DA:183,496
DA:184,496
DA:185,496
DA:186,496
DA:187,496
DA:188,496
DA:189,496
DA:191,496
DA:192,496
DA:193,496
DA:198,496
BRF:0
BRH:0
LF:106
LH:95
end_of_record
SF:/var/home/jack/Code/koan/src/builtins/let_binding.rs
FN:237,_RNvNtNtCscUx3zdyuqfq_4koan8builtins11let_binding11binder_name
FN:222,_RNvNtNtCscUx3zdyuqfq_4koan8builtins11let_binding21capitalize_identifier
FN:174,_RNvNtNtCscUx3zdyuqfq_4koan8builtins11let_binding23derive_nominal_identity
FN:205,_RNvNtNtCscUx3zdyuqfq_4koan8builtins11let_binding28is_admissible_type_class_rhs
FN:13,_RNvNtNtCscUx3zdyuqfq_4koan8builtins11let_binding4body
FN:245,_RNvNtNtCscUx3zdyuqfq_4koan8builtins11let_binding8register
FN:23,_RNCNvNtNtCscUx3zdyuqfq_4koan8builtins11let_binding4body0B7_
FN:23,_RNCNvNtNtCseriWsCb5ev6_4koan8builtins11let_binding4body0B7_
FN:237,_RNvNtNtCseriWsCb5ev6_4koan8builtins11let_binding11binder_name
FN:222,_RNvNtNtCseriWsCb5ev6_4koan8builtins11let_binding21capitalize_identifier
FN:174,_RNvNtNtCseriWsCb5ev6_4koan8builtins11let_binding23derive_nominal_identity
FN:205,_RNvNtNtCseriWsCb5ev6_4koan8builtins11let_binding28is_admissible_type_class_rhs
FN:13,_RNvNtNtCseriWsCb5ev6_4koan8builtins11let_binding4body
FN:245,_RNvNtNtCseriWsCb5ev6_4koan8builtins11let_binding8register
FNDA:139,_RNvNtNtCscUx3zdyuqfq_4koan8builtins11let_binding11binder_name
FNDA:0,_RNvNtNtCscUx3zdyuqfq_4koan8builtins11let_binding21capitalize_identifier
FNDA:7,_RNvNtNtCscUx3zdyuqfq_4koan8builtins11let_binding23derive_nominal_identity
FNDA:16,_RNvNtNtCscUx3zdyuqfq_4koan8builtins11let_binding28is_admissible_type_class_rhs
FNDA:49,_RNvNtNtCscUx3zdyuqfq_4koan8builtins11let_binding4body
FNDA:40,_RNvNtNtCscUx3zdyuqfq_4koan8builtins11let_binding8register
FNDA:49,_RNCNvNtNtCscUx3zdyuqfq_4koan8builtins11let_binding4body0B7_
FNDA:347,_RNCNvNtNtCseriWsCb5ev6_4koan8builtins11let_binding4body0B7_
FNDA:875,_RNvNtNtCseriWsCb5ev6_4koan8builtins11let_binding11binder_name
FNDA:2,_RNvNtNtCseriWsCb5ev6_4koan8builtins11let_binding21capitalize_identifier
FNDA:56,_RNvNtNtCseriWsCb5ev6_4koan8builtins11let_binding23derive_nominal_identity
FNDA:108,_RNvNtNtCseriWsCb5ev6_4koan8builtins11let_binding28is_admissible_type_class_rhs
FNDA:348,_RNvNtNtCseriWsCb5ev6_4koan8builtins11let_binding4body
FNDA:456,_RNvNtNtCseriWsCb5ev6_4koan8builtins11let_binding8register
FNF:7
FNH:7
DA:13,397
DA:14,397
DA:15,397
DA:16,397
DA:17,397
DA:21,397
DA:22,397
DA:23,397
DA:24,397
DA:25,397
DA:26,397
DA:27,0
DA:31,397
DA:32,397
DA:33,397
DA:34,272
DA:38,272
DA:39,1
DA:40,1
DA:41,270
DA:43,272
DA:44,2
DA:45,2
DA:46,2
DA:47,2
DA:48,2
DA:49,2
DA:50,2
DA:51,2
DA:52,270
DA:53,270
DA:55,95
DA:57,0
DA:58,0
DA:59,0
DA:60,0
DA:63,95
DA:64,95
DA:65,3
DA:66,3
DA:67,3
DA:68,3
DA:69,92
DA:70,89
DA:71,54
DA:72,54
DA:73,54
DA:74,35
DA:75,35
DA:76,35
DA:77,3
DA:78,3
DA:79,3
DA:81,92
DA:85,30
DA:92,1
DA:93,1
DA:94,1
DA:95,1
DA:98,29
DA:99,29
DA:100,0
DA:101,0
DA:102,0
DA:103,0
DA:104,29
DA:105,29
DA:106,0
DA:107,0
DA:108,0
DA:109,29
DA:110,29
DA:111,29
DA:112,0
DA:113,0
DA:114,0
DA:116,29
DA:119,0
DA:120,0
DA:121,0
DA:122,0
DA:123,0
DA:124,0
DA:126,0
DA:131,391
DA:132,2
DA:133,2
DA:134,2
DA:135,2
DA:136,389
DA:137,389
DA:138,389
DA:139,389
DA:140,389
DA:141,64
DA:142,64
DA:143,64
DA:144,64
DA:145,325
DA:149,55
DA:150,0
DA:151,55
DA:156,270
DA:157,2
DA:158,2
DA:159,2
DA:160,2
DA:161,2
DA:162,268
DA:163,268
DA:164,1
DA:165,267
DA:167,386
DA:168,397
DA:174,63
DA:175,54
DA:176,54
DA:179,0
DA:180,0
DA:181,0
DA:182,0
DA:183,0
DA:184,2
DA:185,2
DA:186,2
DA:187,2
DA:188,2
DA:189,0
DA:190,0
DA:191,0
DA:192,0
DA:193,0
DA:194,7
DA:196,63
DA:205,124
DA:206,124
DA:207,118
DA:208,6
DA:209,6
DA:210,1
DA:211,5
DA:212,5
DA:213,3
DA:214,2
DA:215,2
DA:216,124
DA:222,2
DA:223,2
DA:224,2
DA:225,2
DA:226,2
DA:227,2
DA:228,2
DA:229,2
DA:231,0
DA:233,2
DA:237,1014
DA:238,1014
DA:239,688
DA:240,323
DA:241,3
DA:243,1014
DA:245,496
DA:246,496
DA:247,496
DA:248,496
DA:249,496
DA:250,496
DA:251,496
DA:252,496
DA:253,496
DA:255,496
DA:256,496
DA:258,496
DA:259,496
DA:260,496
DA:261,496
DA:262,496
DA:263,496
DA:264,496
DA:265,496
DA:267,496
DA:268,496
DA:270,496
BRF:0
BRH:0
LF:185
LH:151
end_of_record
SF:/var/home/jack/Code/koan/src/builtins/match_case.rs
FN:95,_RNCNvNtNtCscUx3zdyuqfq_4koan8builtins10match_case4body0B7_
FN:24,_RNvNtNtCscUx3zdyuqfq_4koan8builtins10match_case4body
FN:106,_RNvNtNtCscUx3zdyuqfq_4koan8builtins10match_case8register
FN:95,_RNCNvNtNtCseriWsCb5ev6_4koan8builtins10match_case4body0B7_
FN:24,_RNvNtNtCseriWsCb5ev6_4koan8builtins10match_case4body
FN:106,_RNvNtNtCseriWsCb5ev6_4koan8builtins10match_case8register
FN:125,_RNvNtNtNtCseriWsCb5ev6_4koan8builtins10match_case5tests11run_program
FN:164,_RNvNtNtNtCseriWsCb5ev6_4koan8builtins10match_case5testss_25match_inexhaustive_errors
FN:144,_RNvNtNtNtCseriWsCb5ev6_4koan8builtins10match_case5testss_29match_binds_inner_value_to_it
FN:205,_RNvNtNtNtCseriWsCb5ev6_4koan8builtins10match_case5testss_29recursive_tagged_match_no_uaf
FN:220,_RNvNtNtNtCseriWsCb5ev6_4koan8builtins10match_case5testss_33match_on_bool_inexhaustive_errors
FN:189,_RNvNtNtNtCseriWsCb5ev6_4koan8builtins10match_case5testss_36match_on_bool_true_takes_true_branch
FN:154,_RNvNtNtNtCseriWsCb5ev6_4koan8builtins10match_case5testss_37match_does_not_run_unmatched_branches
FN:197,_RNvNtNtNtCseriWsCb5ev6_4koan8builtins10match_case5testss_38match_on_bool_false_takes_false_branch
FN:134,_RNvNtNtNtCseriWsCb5ev6_4koan8builtins10match_case5testss_40match_dispatches_branch_for_matching_tag
FN:179,_RNvNtNtNtCseriWsCb5ev6_4koan8builtins10match_case5testss_40match_other_branch_runs_when_tag_matches
FN:231,_RNvNtNtNtCseriWsCb5ev6_4koan8builtins10match_case5testss_47multi_statement_match_branch_returns_last_value
FN:246,_RNvNtNtNtCseriWsCb5ev6_4koan8builtins10match_case5testss_59fn_recursion_with_multi_statement_body_via_match_terminates
FNDA:0,_RNCNvNtNtCscUx3zdyuqfq_4koan8builtins10match_case4body0B7_
FNDA:0,_RNvNtNtCscUx3zdyuqfq_4koan8builtins10match_case4body
FNDA:40,_RNvNtNtCscUx3zdyuqfq_4koan8builtins10match_case8register
FNDA:1,_RNCNvNtNtCseriWsCb5ev6_4koan8builtins10match_case4body0B7_
FNDA:69,_RNvNtNtCseriWsCb5ev6_4koan8builtins10match_case4body
FNDA:456,_RNvNtNtCseriWsCb5ev6_4koan8builtins10match_case8register
FNDA:9,_RNvNtNtNtCseriWsCb5ev6_4koan8builtins10match_case5tests11run_program
FNDA:1,_RNvNtNtNtCseriWsCb5ev6_4koan8builtins10match_case5testss_25match_inexhaustive_errors
FNDA:1,_RNvNtNtNtCseriWsCb5ev6_4koan8builtins10match_case5testss_29match_binds_inner_value_to_it
FNDA:1,_RNvNtNtNtCseriWsCb5ev6_4koan8builtins10match_case5testss_29recursive_tagged_match_no_uaf
FNDA:1,_RNvNtNtNtCseriWsCb5ev6_4koan8builtins10match_case5testss_33match_on_bool_inexhaustive_errors
FNDA:1,_RNvNtNtNtCseriWsCb5ev6_4koan8builtins10match_case5testss_36match_on_bool_true_takes_true_branch
FNDA:1,_RNvNtNtNtCseriWsCb5ev6_4koan8builtins10match_case5testss_37match_does_not_run_unmatched_branches
FNDA:1,_RNvNtNtNtCseriWsCb5ev6_4koan8builtins10match_case5testss_38match_on_bool_false_takes_false_branch
FNDA:1,_RNvNtNtNtCseriWsCb5ev6_4koan8builtins10match_case5testss_40match_dispatches_branch_for_matching_tag
FNDA:1,_RNvNtNtNtCseriWsCb5ev6_4koan8builtins10match_case5testss_40match_other_branch_runs_when_tag_matches
FNDA:1,_RNvNtNtNtCseriWsCb5ev6_4koan8builtins10match_case5testss_47multi_statement_match_branch_returns_last_value
FNDA:1,_RNvNtNtNtCseriWsCb5ev6_4koan8builtins10match_case5testss_59fn_recursion_with_multi_statement_body_via_match_terminates
FNF:15
FNH:15
DA:24,69
DA:25,69
DA:26,69
DA:27,69
DA:28,69
DA:29,69
DA:30,62
DA:31,7
DA:32,7
DA:33,7
DA:35,0
DA:36,0
DA:37,0
DA:38,0
DA:39,0
DA:40,0
DA:42,0
DA:44,69
DA:45,69
DA:47,0
DA:48,0
DA:49,0
DA:52,69
DA:53,66
DA:55,3
DA:56,3
DA:57,3
DA:58,3
DA:60,0
DA:63,66
DA:64,66
DA:65,66
DA:68,66
DA:69,66
DA:70,66
DA:73,66
DA:74,66
DA:75,66
DA:76,66
DA:77,66
DA:80,66
DA:81,66
DA:82,66
DA:83,66
DA:84,1
DA:85,1
DA:86,1
DA:87,1
DA:88,1
DA:89,1
DA:90,1
DA:91,1
DA:92,1
DA:93,1
DA:95,1
DA:96,1
DA:97,1
DA:99,1
DA:101,65
DA:102,65
DA:104,69
DA:106,496
DA:107,496
DA:108,496
DA:109,496
DA:110,496
DA:111,496
DA:112,496
DA:113,496
DA:114,496
DA:116,496
DA:118,496
DA:125,9
DA:126,9
DA:127,9
DA:128,9
DA:129,9
DA:130,9
DA:131,9
DA:134,1
DA:135,1
DA:136,1
DA:137,1
DA:138,1
DA:140,1
DA:141,1
DA:144,1
DA:145,1
DA:146,1
DA:147,1
DA:148,1
DA:150,1
DA:151,1
DA:154,1
DA:155,1
DA:156,1
DA:157,1
DA:158,1
DA:160,1
DA:161,1
DA:164,1
DA:165,1
DA:166,1
DA:167,1
DA:168,1
DA:169,1
DA:171,1
DA:172,1
DA:173,1
DA:176,1
DA:179,1
DA:180,1
DA:181,1
DA:182,1
DA:183,1
DA:185,1
DA:186,1
DA:189,1
DA:190,1
DA:191,1
DA:193,1
DA:194,1
DA:197,1
DA:198,1
DA:199,1
DA:201,1
DA:202,1
DA:205,1
DA:208,1
DA:209,1
DA:210,1
DA:211,1
DA:212,1
DA:213,1
DA:214,1
DA:216,1
DA:217,1
DA:220,1
DA:221,1
DA:222,1
DA:223,1
DA:224,1
DA:225,1
DA:228,1
DA:231,1
DA:232,1
DA:233,1
DA:234,1
DA:235,1
DA:236,1
DA:237,1
DA:238,1
DA:240,1
DA:241,1
DA:242,1
DA:243,1
DA:246,1
DA:247,1
DA:248,1
DA:249,1
DA:250,1
DA:251,1
DA:252,1
DA:253,1
DA:254,1
DA:255,1
DA:256,1
DA:258,1
DA:259,1
DA:260,1
BRF:0
BRH:0
LF:171
LH:160
end_of_record
SF:/var/home/jack/Code/koan/src/builtins/module_def.rs
FN:111,_RNvNtNtCscUx3zdyuqfq_4koan8builtins10module_def11binder_name
FN:23,_RNvNtNtCscUx3zdyuqfq_4koan8builtins10module_def4body
FN:115,_RNvNtNtCscUx3zdyuqfq_4koan8builtins10module_def8register
FN:53,_RNCNvNtNtCscUx3zdyuqfq_4koan8builtins10module_def4body0B7_
FN:56,_RNCNvNtNtCscUx3zdyuqfq_4koan8builtins10module_def4bodys_0B7_
FN:53,_RNCNvNtNtCseriWsCb5ev6_4koan8builtins10module_def4body0B7_
FN:56,_RNCNvNtNtCseriWsCb5ev6_4koan8builtins10module_def4bodys_0B7_
FN:195,_RNvNtNtNtCseriWsCb5ev6_4koan8builtins10module_def5testss_28module_unknown_member_errors
FN:156,_RNvNtNtNtCseriWsCb5ev6_4koan8builtins10module_def5testss_29module_member_access_via_attr
FN:137,_RNvNtNtNtCseriWsCb5ev6_4koan8builtins10module_def5testss_32binder_name_extracts_module_name
FN:144,_RNvNtNtNtCseriWsCb5ev6_4koan8builtins10module_def5testss_32module_binds_under_name_in_scope
FN:177,_RNvNtNtNtCseriWsCb5ev6_4koan8builtins10module_def5testss_33module_member_function_via_let_fn
FN:270,_RNvNtNtNtCseriWsCb5ev6_4koan8builtins10module_def5testss_36module_body_dispatch_does_not_dangle
FN:222,_RNvNtNtNtCseriWsCb5ev6_4koan8builtins10module_def5testss_38module_body_parks_on_outer_placeholder
FN:232,_RNvNtNtNtCseriWsCb5ev6_4koan8builtins10module_def5testss_41module_body_error_short_circuits_finalize
FN:165,_RNvNtNtNtCseriWsCb5ev6_4koan8builtins10module_def5testss_41module_with_multiple_statements_in_parens
FN:208,_RNvNtNtNtCseriWsCb5ev6_4koan8builtins10module_def5testss_41nested_module_accessible_via_chained_attr
FN:246,_RNvNtNtNtCseriWsCb5ev6_4koan8builtins10module_def5testss_50module_finalize_short_circuits_on_idempotent_state
FN:111,_RNvNtNtCseriWsCb5ev6_4koan8builtins10module_def11binder_name
FN:23,_RNvNtNtCseriWsCb5ev6_4koan8builtins10module_def4body
FN:115,_RNvNtNtCseriWsCb5ev6_4koan8builtins10module_def8register
FNDA:30,_RNvNtNtCscUx3zdyuqfq_4koan8builtins10module_def11binder_name
FNDA:17,_RNvNtNtCscUx3zdyuqfq_4koan8builtins10module_def4body
FNDA:40,_RNvNtNtCscUx3zdyuqfq_4koan8builtins10module_def8register
FNDA:17,_RNCNvNtNtCscUx3zdyuqfq_4koan8builtins10module_def4body0B7_
FNDA:16,_RNCNvNtNtCscUx3zdyuqfq_4koan8builtins10module_def4bodys_0B7_
FNDA:78,_RNCNvNtNtCseriWsCb5ev6_4koan8builtins10module_def4body0B7_
FNDA:76,_RNCNvNtNtCseriWsCb5ev6_4koan8builtins10module_def4bodys_0B7_
FNDA:1,_RNvNtNtNtCseriWsCb5ev6_4koan8builtins10module_def5testss_28module_unknown_member_errors
FNDA:1,_RNvNtNtNtCseriWsCb5ev6_4koan8builtins10module_def5testss_29module_member_access_via_attr
FNDA:1,_RNvNtNtNtCseriWsCb5ev6_4koan8builtins10module_def5testss_32binder_name_extracts_module_name
FNDA:1,_RNvNtNtNtCseriWsCb5ev6_4koan8builtins10module_def5testss_32module_binds_under_name_in_scope
FNDA:1,_RNvNtNtNtCseriWsCb5ev6_4koan8builtins10module_def5testss_33module_member_function_via_let_fn
FNDA:1,_RNvNtNtNtCseriWsCb5ev6_4koan8builtins10module_def5testss_36module_body_dispatch_does_not_dangle
FNDA:1,_RNvNtNtNtCseriWsCb5ev6_4koan8builtins10module_def5testss_38module_body_parks_on_outer_placeholder
FNDA:1,_RNvNtNtNtCseriWsCb5ev6_4koan8builtins10module_def5testss_41module_body_error_short_circuits_finalize
FNDA:1,_RNvNtNtNtCseriWsCb5ev6_4koan8builtins10module_def5testss_41module_with_multiple_statements_in_parens
FNDA:1,_RNvNtNtNtCseriWsCb5ev6_4koan8builtins10module_def5testss_41nested_module_accessible_via_chained_attr
FNDA:1,_RNvNtNtNtCseriWsCb5ev6_4koan8builtins10module_def5testss_50module_finalize_short_circuits_on_idempotent_state
FNDA:139,_RNvNtNtCseriWsCb5ev6_4koan8builtins10module_def11binder_name
FNDA:78,_RNvNtNtCseriWsCb5ev6_4koan8builtins10module_def4body
FNDA:456,_RNvNtNtCseriWsCb5ev6_4koan8builtins10module_def8register
FNF:16
FNH:16
DA:23,95
DA:24,95
DA:25,95
DA:26,95
DA:27,95
DA:29,95
DA:30,95
DA:31,0
DA:33,95
DA:34,95
DA:36,0
DA:37,0
DA:38,0
DA:42,95
DA:43,95
DA:45,95
DA:49,95
DA:51,95
DA:52,95
DA:53,95
DA:54,95
DA:55,95
DA:56,95
DA:59,92
DA:60,92
DA:61,0
DA:62,0
DA:64,0
DA:65,0
DA:66,92
DA:67,92
DA:68,92
DA:69,92
DA:77,92
DA:78,92
DA:79,92
DA:80,92
DA:81,92
DA:82,21
DA:83,2
DA:84,19
DA:85,19
DA:88,92
DA:89,92
DA:90,92
DA:91,92
DA:92,92
DA:93,92
DA:94,92
DA:95,92
DA:96,92
DA:97,92
DA:98,92
DA:99,92
DA:100,92
DA:101,0
DA:102,0
DA:103,0
DA:105,92
DA:106,95
DA:107,95
DA:108,95
DA:111,169
DA:112,169
DA:113,169
DA:115,496
DA:116,496
DA:117,496
DA:118,496
DA:119,496
DA:120,496
DA:121,496
DA:122,496
DA:123,496
DA:125,496
DA:126,496
DA:128,496
DA:137,1
DA:138,1
DA:139,1
DA:140,1
DA:141,1
DA:144,1
DA:145,1
DA:146,1
DA:147,1
DA:148,1
DA:149,1
DA:150,1
DA:153,1
DA:156,1
DA:157,1
DA:158,1
DA:159,1
DA:160,1
DA:161,1
DA:162,1
DA:165,1
DA:166,1
DA:167,1
DA:168,1
DA:169,1
DA:170,1
DA:172,1
DA:173,1
DA:174,1
DA:177,1
DA:180,1
DA:181,1
DA:182,1
DA:183,1
DA:184,1
DA:186,1
DA:187,1
DA:188,1
DA:189,0
DA:191,1
DA:192,1
DA:195,1
DA:196,1
DA:197,1
DA:198,1
DA:199,1
DA:200,1
DA:201,1
DA:202,1
DA:205,1
DA:208,1
DA:209,1
DA:210,1
DA:211,1
DA:212,1
DA:213,1
DA:215,1
DA:216,1
DA:217,1
DA:222,1
DA:223,1
DA:224,1
DA:225,1
DA:226,1
DA:227,1
DA:228,1
DA:232,1
DA:233,1
DA:234,1
DA:235,1
DA:236,1
DA:237,1
DA:240,1
DA:246,1
DA:249,1
DA:250,1
DA:251,1
DA:252,1
DA:253,1
DA:255,1
DA:256,1
DA:257,1
DA:258,1
DA:259,1
DA:260,1
DA:261,1
DA:262,1
DA:263,1
DA:264,1
DA:265,1
DA:270,1
DA:271,1
DA:272,1
DA:273,1
DA:274,1
DA:275,1
DA:276,1
DA:277,0
DA:279,1
DA:280,1
DA:281,1
DA:282,1
BRF:0
BRH:0
LF:181
LH:168
end_of_record
SF:/var/home/jack/Code/koan/src/builtins/newtype_def.rs
FN:129,_RNCNvNtNtCscUx3zdyuqfq_4koan8builtins11newtype_def17newtype_construct0B7_
FN:87,_RNCNvNtNtCscUx3zdyuqfq_4koan8builtins11newtype_def4body0B7_
FN:105,_RNvNtNtCscUx3zdyuqfq_4koan8builtins11newtype_def11binder_name
FN:118,_RNvNtNtCscUx3zdyuqfq_4koan8builtins11newtype_def17newtype_construct
FN:27,_RNvNtNtCscUx3zdyuqfq_4koan8builtins11newtype_def4body
FN:156,_RNvNtNtCscUx3zdyuqfq_4koan8builtins11newtype_def8register
FN:105,_RNvNtNtCseriWsCb5ev6_4koan8builtins11newtype_def11binder_name
FN:118,_RNvNtNtCseriWsCb5ev6_4koan8builtins11newtype_def17newtype_construct
FN:27,_RNvNtNtCseriWsCb5ev6_4koan8builtins11newtype_def4body
FN:156,_RNvNtNtCseriWsCb5ev6_4koan8builtins11newtype_def8register
FN:129,_RNCNvNtNtCseriWsCb5ev6_4koan8builtins11newtype_def17newtype_construct0B7_
FN:87,_RNCNvNtNtCseriWsCb5ev6_4koan8builtins11newtype_def4body0B7_
FN:344,_RNvNtNtNtCseriWsCb5ev6_4koan8builtins11newtype_def5testss_28construct_arity_zero_rejects
FN:359,_RNvNtNtNtCseriWsCb5ev6_4koan8builtins11newtype_def5testss_29construct_with_operator_value
FN:186,_RNvNtNtNtCseriWsCb5ev6_4koan8builtins11newtype_def5testss_30declare_mints_newtype_identity
FN:254,_RNvNtNtNtCseriWsCb5ev6_4koan8builtins11newtype_def5testss_30newtype_over_newtype_collapses
FN:325,_RNvNtNtNtCseriWsCb5ev6_4koan8builtins11newtype_def5testss_31construct_with_identifier_value
FN:239,_RNvNtNtNtCseriWsCb5ev6_4koan8builtins11newtype_def5testss_35construct_rejects_non_matching_repr
FN:216,_RNvNtNtNtCseriWsCb5ev6_4koan8builtins11newtype_def5testss_35construct_wraps_repr_matching_value
FN:283,_RNvNtNtNtCseriWsCb5ev6_4koan8builtins11newtype_def5testss_43dispatch_distinguishes_distance_from_number
FNDA:0,_RNCNvNtNtCscUx3zdyuqfq_4koan8builtins11newtype_def17newtype_construct0B7_
FNDA:0,_RNCNvNtNtCscUx3zdyuqfq_4koan8builtins11newtype_def4body0B7_
FNDA:0,_RNvNtNtCscUx3zdyuqfq_4koan8builtins11newtype_def11binder_name
FNDA:0,_RNvNtNtCscUx3zdyuqfq_4koan8builtins11newtype_def17newtype_construct
FNDA:0,_RNvNtNtCscUx3zdyuqfq_4koan8builtins11newtype_def4body
FNDA:40,_RNvNtNtCscUx3zdyuqfq_4koan8builtins11newtype_def8register
FNDA:24,_RNvNtNtCseriWsCb5ev6_4koan8builtins11newtype_def11binder_name
FNDA:12,_RNvNtNtCseriWsCb5ev6_4koan8builtins11newtype_def17newtype_construct
FNDA:12,_RNvNtNtCseriWsCb5ev6_4koan8builtins11newtype_def4body
FNDA:456,_RNvNtNtCseriWsCb5ev6_4koan8builtins11newtype_def8register
FNDA:11,_RNCNvNtNtCseriWsCb5ev6_4koan8builtins11newtype_def17newtype_construct0B7_
FNDA:12,_RNCNvNtNtCseriWsCb5ev6_4koan8builtins11newtype_def4body0B7_
FNDA:1,_RNvNtNtNtCseriWsCb5ev6_4koan8builtins11newtype_def5testss_28construct_arity_zero_rejects
FNDA:1,_RNvNtNtNtCseriWsCb5ev6_4koan8builtins11newtype_def5testss_29construct_with_operator_value
FNDA:1,_RNvNtNtNtCseriWsCb5ev6_4koan8builtins11newtype_def5testss_30declare_mints_newtype_identity
FNDA:1,_RNvNtNtNtCseriWsCb5ev6_4koan8builtins11newtype_def5testss_30newtype_over_newtype_collapses
FNDA:1,_RNvNtNtNtCseriWsCb5ev6_4koan8builtins11newtype_def5testss_31construct_with_identifier_value
FNDA:1,_RNvNtNtNtCseriWsCb5ev6_4koan8builtins11newtype_def5testss_35construct_rejects_non_matching_repr
FNDA:1,_RNvNtNtNtCseriWsCb5ev6_4koan8builtins11newtype_def5testss_35construct_wraps_repr_matching_value
FNDA:1,_RNvNtNtNtCseriWsCb5ev6_4koan8builtins11newtype_def5testss_43dispatch_distinguishes_distance_from_number
FNF:14
FNH:14
DA:27,12
DA:28,12
DA:29,12
DA:30,12
DA:31,12
DA:32,12
DA:33,12
DA:34,0
DA:39,12
DA:40,9
DA:41,9
DA:42,0
DA:48,3
DA:49,3
DA:50,0
DA:52,3
DA:53,0
DA:54,0
DA:55,0
DA:56,0
DA:57,3
DA:58,3
DA:59,3
DA:61,0
DA:62,0
DA:63,0
DA:64,0
DA:69,0
DA:70,0
DA:71,0
DA:77,12
DA:78,12
DA:79,12
DA:80,12
DA:81,12
DA:82,12
DA:83,12
DA:84,12
DA:85,12
DA:86,12
DA:87,12
DA:88,12
DA:89,12
DA:91,12
DA:92,12
DA:97,0
DA:98,0
DA:99,0
DA:100,0
DA:102,12
DA:105,24
DA:106,24
DA:107,24
DA:118,12
DA:119,12
DA:120,12
DA:121,12
DA:122,12
DA:123,12
DA:124,12
DA:125,1
DA:126,11
DA:127,11
DA:128,11
DA:129,11
DA:130,11
DA:131,11
DA:133,11
DA:134,11
DA:135,0
DA:137,11
DA:138,1
DA:139,1
DA:140,1
DA:141,1
DA:142,1
DA:143,10
DA:146,10
DA:147,10
DA:148,10
DA:149,10
DA:150,10
DA:151,11
DA:152,11
DA:153,11
DA:154,12
DA:156,496
DA:159,496
DA:160,496
DA:161,496
DA:162,496
DA:163,496
DA:164,496
DA:165,496
DA:166,496
DA:168,496
DA:169,496
DA:171,496
DA:186,1
DA:187,1
DA:188,1
DA:189,1
DA:190,1
DA:191,1
DA:192,1
DA:193,1
DA:194,1
DA:196,1
DA:197,1
DA:200,1
DA:201,1
DA:203,0
DA:205,1
DA:206,1
DA:207,1
DA:208,1
DA:211,1
DA:216,1
DA:217,1
DA:218,1
DA:219,1
DA:220,1
DA:221,1
DA:222,1
DA:223,1
DA:226,1
DA:228,1
DA:229,0
DA:231,1
DA:233,0
DA:235,1
DA:239,1
DA:240,1
DA:241,1
DA:242,1
DA:243,1
DA:244,1
DA:245,1
DA:246,1
DA:249,1
DA:254,1
DA:255,1
DA:256,1
DA:257,1
DA:258,1
DA:259,1
DA:260,1
DA:261,1
DA:262,1
DA:263,0
DA:266,1
DA:267,1
DA:269,0
DA:272,0
DA:274,1
DA:283,1
DA:284,1
DA:285,1
DA:286,1
DA:287,1
DA:288,1
DA:289,1
DA:290,1
DA:292,1
DA:293,1
DA:294,1
DA:295,0
DA:297,1
DA:298,1
DA:299,1
DA:300,0
DA:302,1
DA:303,1
DA:304,1
DA:305,1
DA:306,1
DA:307,1
DA:308,1
DA:311,1
DA:312,1
DA:313,1
DA:314,1
DA:315,1
DA:316,1
DA:317,1
DA:320,1
DA:325,1
DA:326,1
DA:327,1
DA:328,1
DA:329,1
DA:330,1
DA:331,1
DA:332,1
DA:333,1
DA:334,0
DA:336,1
DA:338,0
DA:340,1
DA:344,1
DA:345,1
DA:346,1
DA:347,1
DA:348,1
DA:349,1
DA:350,1
DA:353,1
DA:359,1
DA:360,1
DA:361,1
DA:362,1
DA:363,1
DA:364,1
DA:365,1
DA:367,1
DA:368,1
DA:369,1
DA:370,1
DA:371,1
DA:372,0
DA:374,1
DA:376,0
DA:378,1
BRF:0
BRH:0
LF:225
LH:194
end_of_record
SF:/var/home/jack/Code/koan/src/builtins/print.rs
FN:10,_RNvNtNtCscUx3zdyuqfq_4koan8builtins5print4body
FN:24,_RNvNtNtCscUx3zdyuqfq_4koan8builtins5print8register
FN:10,_RNvNtNtCseriWsCb5ev6_4koan8builtins5print4body
FN:24,_RNvNtNtCseriWsCb5ev6_4koan8builtins5print8register
FNDA:6,_RNvNtNtCscUx3zdyuqfq_4koan8builtins5print4body
FNDA:40,_RNvNtNtCscUx3zdyuqfq_4koan8builtins5print8register
FNDA:126,_RNvNtNtCseriWsCb5ev6_4koan8builtins5print4body
FNDA:456,_RNvNtNtCseriWsCb5ev6_4koan8builtins5print8register
FNF:2
FNH:2
DA:10,132
DA:11,132
DA:12,132
DA:13,132
DA:14,132
DA:15,132
DA:16,132
DA:17,0
DA:19,132
DA:20,132
DA:21,132
DA:22,132
DA:24,496
DA:25,496
DA:26,496
DA:27,496
DA:28,496
DA:29,496
DA:31,496
BRF:0
BRH:0
LF:19
LH:18
end_of_record
SF:/var/home/jack/Code/koan/src/builtins/quote.rs
FN:12,_RNvNtNtCscUx3zdyuqfq_4koan8builtins5quote4body
FN:29,_RNvNtNtCscUx3zdyuqfq_4koan8builtins5quote8register
FN:12,_RNvNtNtCseriWsCb5ev6_4koan8builtins5quote4body
FN:29,_RNvNtNtCseriWsCb5ev6_4koan8builtins5quote8register
FN:43,_RNvNtNtNtCseriWsCb5ev6_4koan8builtins5quote5tests11run_program
FN:52,_RNvNtNtNtCseriWsCb5ev6_4koan8builtins5quote5testss_26quote_then_eval_round_trip
FN:61,_RNvNtNtNtCseriWsCb5ev6_4koan8builtins5quote5testss_27quote_captures_ast_as_value
FNDA:0,_RNvNtNtCscUx3zdyuqfq_4koan8builtins5quote4body
FNDA:40,_RNvNtNtCscUx3zdyuqfq_4koan8builtins5quote8register
FNDA:9,_RNvNtNtCseriWsCb5ev6_4koan8builtins5quote4body
FNDA:456,_RNvNtNtCseriWsCb5ev6_4koan8builtins5quote8register
FNDA:2,_RNvNtNtNtCseriWsCb5ev6_4koan8builtins5quote5tests11run_program
FNDA:1,_RNvNtNtNtCseriWsCb5ev6_4koan8builtins5quote5testss_26quote_then_eval_round_trip
FNDA:1,_RNvNtNtNtCseriWsCb5ev6_4koan8builtins5quote5testss_27quote_captures_ast_as_value
FNF:5
FNH:5
DA:12,9
DA:13,9
DA:14,9
DA:15,9
DA:16,9
DA:17,9
DA:18,9
DA:20,0
DA:21,0
DA:22,0
DA:25,9
DA:26,9
DA:27,9
DA:29,496
DA:30,496
DA:31,496
DA:32,496
DA:33,496
DA:34,496
DA:36,496
DA:43,2
DA:44,2
DA:45,2
DA:46,2
DA:47,2
DA:48,2
DA:49,2
DA:52,1
DA:53,1
DA:54,1
DA:55,1
DA:57,1
DA:58,1
DA:61,1
DA:62,1
DA:63,1
DA:64,1
BRF:0
BRH:0
LF:37
LH:34
end_of_record
SF:/var/home/jack/Code/koan/src/builtins/result.rs
FN:20,_RNvNtNtCscUx3zdyuqfq_4koan8builtins6result8register
FN:20,_RNvNtNtCseriWsCb5ev6_4koan8builtins6result8register
FNDA:40,_RNvNtNtCscUx3zdyuqfq_4koan8builtins6result8register
FNDA:456,_RNvNtNtCseriWsCb5ev6_4koan8builtins6result8register
FNF:1
FNH:1
DA:20,496
DA:21,496
DA:22,496
DA:23,496
DA:24,496
DA:25,496
DA:26,496
DA:27,496
DA:28,496
DA:29,496
DA:30,496
DA:31,496
DA:32,496
DA:33,496
DA:34,496
DA:35,496
DA:37,496
DA:38,496
BRF:0
BRH:0
LF:18
LH:18
end_of_record
SF:/var/home/jack/Code/koan/src/builtins/sig_def.rs
FN:50,_RNCNvNtNtCscUx3zdyuqfq_4koan8builtins7sig_def4body0B7_
FN:53,_RNCNvNtNtCscUx3zdyuqfq_4koan8builtins7sig_def4bodys_0B7_
FN:81,_RNvNtNtCscUx3zdyuqfq_4koan8builtins7sig_def11binder_name
FN:25,_RNvNtNtCscUx3zdyuqfq_4koan8builtins7sig_def4body
FN:85,_RNvNtNtCscUx3zdyuqfq_4koan8builtins7sig_def8register
FN:81,_RNvNtNtCseriWsCb5ev6_4koan8builtins7sig_def11binder_name
FN:25,_RNvNtNtCseriWsCb5ev6_4koan8builtins7sig_def4body
FN:85,_RNvNtNtCseriWsCb5ev6_4koan8builtins7sig_def8register
FN:129,_RNvNtNtNtCseriWsCb5ev6_4koan8builtins7sig_def5testss_21sig_path_records_name
FN:108,_RNvNtNtNtCseriWsCb5ev6_4koan8builtins7sig_def5testss_29binder_name_extracts_sig_name
FN:116,_RNvNtNtNtCseriWsCb5ev6_4koan8builtins7sig_def5testss_29sig_binds_under_name_in_scope
FN:145,_RNvNtNtNtCseriWsCb5ev6_4koan8builtins7sig_def5testss_35sig_body_parks_on_outer_placeholder
FN:167,_RNvNtNtNtCseriWsCb5ev6_4koan8builtins7sig_def5testss_38sig_body_error_short_circuits_finalize
FN:50,_RNCNvNtNtCseriWsCb5ev6_4koan8builtins7sig_def4body0B7_
FN:53,_RNCNvNtNtCseriWsCb5ev6_4koan8builtins7sig_def4bodys_0B7_
FNDA:13,_RNCNvNtNtCscUx3zdyuqfq_4koan8builtins7sig_def4body0B7_
FNDA:13,_RNCNvNtNtCscUx3zdyuqfq_4koan8builtins7sig_def4bodys_0B7_
FNDA:26,_RNvNtNtCscUx3zdyuqfq_4koan8builtins7sig_def11binder_name
FNDA:13,_RNvNtNtCscUx3zdyuqfq_4koan8builtins7sig_def4body
FNDA:40,_RNvNtNtCscUx3zdyuqfq_4koan8builtins7sig_def8register
FNDA:129,_RNvNtNtCseriWsCb5ev6_4koan8builtins7sig_def11binder_name
FNDA:64,_RNvNtNtCseriWsCb5ev6_4koan8builtins7sig_def4body
FNDA:456,_RNvNtNtCseriWsCb5ev6_4koan8builtins7sig_def8register
FNDA:1,_RNvNtNtNtCseriWsCb5ev6_4koan8builtins7sig_def5testss_21sig_path_records_name
FNDA:1,_RNvNtNtNtCseriWsCb5ev6_4koan8builtins7sig_def5testss_29binder_name_extracts_sig_name
FNDA:1,_RNvNtNtNtCseriWsCb5ev6_4koan8builtins7sig_def5testss_29sig_binds_under_name_in_scope
FNDA:1,_RNvNtNtNtCseriWsCb5ev6_4koan8builtins7sig_def5testss_35sig_body_parks_on_outer_placeholder
FNDA:1,_RNvNtNtNtCseriWsCb5ev6_4koan8builtins7sig_def5testss_38sig_body_error_short_circuits_finalize
FNDA:64,_RNCNvNtNtCseriWsCb5ev6_4koan8builtins7sig_def4body0B7_
FNDA:62,_RNCNvNtNtCseriWsCb5ev6_4koan8builtins7sig_def4bodys_0B7_
FNF:10
FNH:10
DA:25,77
DA:26,77
DA:27,77
DA:28,77
DA:29,77
DA:30,77
DA:31,77
DA:32,0
DA:34,77
DA:35,77
DA:37,0
DA:38,0
DA:39,0
DA:43,77
DA:44,77
DA:46,77
DA:48,77
DA:49,77
DA:50,77
DA:51,77
DA:52,77
DA:53,77
DA:54,75
DA:55,75
DA:56,75
DA:61,75
DA:62,75
DA:63,75
DA:64,75
DA:65,75
DA:66,75
DA:67,75
DA:69,75
DA:70,0
DA:71,0
DA:72,0
DA:74,75
DA:75,77
DA:76,77
DA:77,77
DA:81,155
DA:82,155
DA:83,155
DA:85,496
DA:86,496
DA:87,496
DA:88,496
DA:89,496
DA:90,496
DA:91,496
DA:92,496
DA:93,496
DA:95,496
DA:96,496
DA:98,496
DA:108,1
DA:109,1
DA:110,1
DA:111,1
DA:112,1
DA:113,1
DA:116,1
DA:118,1
DA:119,1
DA:120,1
DA:121,1
DA:122,1
DA:123,1
DA:126,1
DA:129,1
DA:131,1
DA:132,1
DA:133,1
DA:134,1
DA:135,1
DA:136,1
DA:137,0
DA:139,1
DA:140,1
DA:145,1
DA:146,1
DA:147,1
DA:148,1
DA:149,1
DA:151,1
DA:152,1
DA:153,0
DA:155,1
DA:156,1
DA:157,1
DA:158,1
DA:160,0
DA:162,1
DA:167,1
DA:168,1
DA:169,1
DA:170,1
DA:171,1
DA:172,1
DA:175,1
BRF:0
BRH:0
LF:102
LH:92
end_of_record
SF:/var/home/jack/Code/koan/src/builtins/struct_def.rs
FN:164,_RNCNvNtNtCscUx3zdyuqfq_4koan8builtins10struct_def24defer_struct_via_combine0B7_
FN:71,_RNCNvNtNtCscUx3zdyuqfq_4koan8builtins10struct_def4body0B7_
FN:209,_RNvNtNtCscUx3zdyuqfq_4koan8builtins10struct_def11binder_name
FN:91,_RNvNtNtCscUx3zdyuqfq_4koan8builtins10struct_def15finalize_struct
FN:142,_RNvNtNtCscUx3zdyuqfq_4koan8builtins10struct_def24defer_struct_via_combine
FN:25,_RNvNtNtCscUx3zdyuqfq_4koan8builtins10struct_def4body
FN:213,_RNvNtNtCscUx3zdyuqfq_4koan8builtins10struct_def8register
FN:209,_RNvNtNtCseriWsCb5ev6_4koan8builtins10struct_def11binder_name
FN:91,_RNvNtNtCseriWsCb5ev6_4koan8builtins10struct_def15finalize_struct
FN:142,_RNvNtNtCseriWsCb5ev6_4koan8builtins10struct_def24defer_struct_via_combine
FN:25,_RNvNtNtCseriWsCb5ev6_4koan8builtins10struct_def4body
FN:213,_RNvNtNtCseriWsCb5ev6_4koan8builtins10struct_def8register
FN:164,_RNCNvNtNtCseriWsCb5ev6_4koan8builtins10struct_def24defer_struct_via_combine0B7_
FN:71,_RNCNvNtNtCseriWsCb5ev6_4koan8builtins10struct_def4body0B7_
FNDA:1,_RNCNvNtNtCscUx3zdyuqfq_4koan8builtins10struct_def24defer_struct_via_combine0B7_
FNDA:4,_RNCNvNtNtCscUx3zdyuqfq_4koan8builtins10struct_def4body0B7_
FNDA:8,_RNvNtNtCscUx3zdyuqfq_4koan8builtins10struct_def11binder_name
FNDA:4,_RNvNtNtCscUx3zdyuqfq_4koan8builtins10struct_def15finalize_struct
FNDA:1,_RNvNtNtCscUx3zdyuqfq_4koan8builtins10struct_def24defer_struct_via_combine
FNDA:4,_RNvNtNtCscUx3zdyuqfq_4koan8builtins10struct_def4body
FNDA:40,_RNvNtNtCscUx3zdyuqfq_4koan8builtins10struct_def8register
FNDA:101,_RNvNtNtCseriWsCb5ev6_4koan8builtins10struct_def11binder_name
FNDA:47,_RNvNtNtCseriWsCb5ev6_4koan8builtins10struct_def15finalize_struct
FNDA:5,_RNvNtNtCseriWsCb5ev6_4koan8builtins10struct_def24defer_struct_via_combine
FNDA:50,_RNvNtNtCseriWsCb5ev6_4koan8builtins10struct_def4body
FNDA:456,_RNvNtNtCseriWsCb5ev6_4koan8builtins10struct_def8register
FNDA:5,_RNCNvNtNtCseriWsCb5ev6_4koan8builtins10struct_def24defer_struct_via_combine0B7_
FNDA:50,_RNCNvNtNtCseriWsCb5ev6_4koan8builtins10struct_def4body0B7_
FNF:7
FNH:7
DA:25,54
DA:26,54
DA:27,54
DA:28,54
DA:29,54
DA:30,54
DA:31,54
DA:32,0
DA:34,54
DA:35,54
DA:37,0
DA:38,0
DA:39,0
DA:46,54
DA:47,54
DA:48,54
DA:49,54
DA:50,54
DA:51,54
DA:52,54
DA:53,54
DA:54,54
DA:59,54
DA:60,54
DA:61,54
DA:62,54
DA:63,54
DA:64,54
DA:65,54
DA:69,54
DA:70,54
DA:71,54
DA:72,54
DA:73,54
DA:74,44
DA:75,4
DA:76,6
DA:77,6
DA:78,6
DA:79,6
DA:80,6
DA:81,6
DA:82,6
DA:83,6
DA:84,6
DA:87,54
DA:91,51
DA:92,51
DA:93,51
DA:94,51
DA:95,51
DA:96,51
DA:101,51
DA:102,51
DA:103,9
DA:104,1
DA:105,8
DA:106,42
DA:107,50
DA:108,1
DA:109,1
DA:110,1
DA:111,49
DA:112,49
DA:116,49
DA:117,49
DA:118,49
DA:119,49
DA:120,49
DA:121,49
DA:122,49
DA:123,49
DA:124,49
DA:125,49
DA:126,49
DA:127,49
DA:128,49
DA:129,0
DA:131,51
DA:142,6
DA:143,6
DA:144,6
DA:145,6
DA:146,6
DA:147,6
DA:148,6
DA:149,6
DA:150,6
DA:151,6
DA:153,6
DA:156,6
DA:157,6
DA:158,6
DA:159,6
DA:160,1
DA:161,1
DA:162,1
DA:163,1
DA:164,6
DA:166,6
DA:169,6
DA:170,6
DA:171,1
DA:172,1
DA:173,0
DA:174,0
DA:175,0
DA:176,0
DA:177,0
DA:178,1
DA:179,1
DA:181,6
DA:184,6
DA:185,6
DA:186,6
DA:187,6
DA:188,6
DA:189,6
DA:190,6
DA:191,6
DA:193,0
DA:194,0
DA:195,0
DA:196,0
DA:197,0
DA:198,0
DA:199,0
DA:201,6
DA:202,6
DA:203,6
DA:204,6
DA:209,109
DA:210,109
DA:211,109
DA:213,496
DA:214,496
DA:215,496
DA:216,496
DA:217,496
DA:218,496
DA:219,496
DA:220,496
DA:221,496
DA:223,496
DA:224,496
DA:226,496
BRF:0
BRH:0
LF:148
LH:131
end_of_record
SF:/var/home/jack/Code/koan/src/builtins/struct_value.rs
FN:102,_RNvNtNtCscUx3zdyuqfq_4koan8builtins12struct_value14primitive_body
FN:26,_RNvNtNtCscUx3zdyuqfq_4koan8builtins12struct_value5apply
FN:143,_RNvNtNtCscUx3zdyuqfq_4koan8builtins12struct_value8register
FN:67,_RNvNtNtCscUx3zdyuqfq_4koan8builtins12struct_value9construct
FN:102,_RNvNtNtCseriWsCb5ev6_4koan8builtins12struct_value14primitive_body
FN:26,_RNvNtNtCseriWsCb5ev6_4koan8builtins12struct_value5apply
FN:143,_RNvNtNtCseriWsCb5ev6_4koan8builtins12struct_value8register
FN:67,_RNvNtNtCseriWsCb5ev6_4koan8builtins12struct_value9construct
FNDA:3,_RNvNtNtCscUx3zdyuqfq_4koan8builtins12struct_value14primitive_body
FNDA:3,_RNvNtNtCscUx3zdyuqfq_4koan8builtins12struct_value5apply
FNDA:40,_RNvNtNtCscUx3zdyuqfq_4koan8builtins12struct_value8register
FNDA:3,_RNvNtNtCscUx3zdyuqfq_4koan8builtins12struct_value9construct
FNDA:25,_RNvNtNtCseriWsCb5ev6_4koan8builtins12struct_value14primitive_body
FNDA:29,_RNvNtNtCseriWsCb5ev6_4koan8builtins12struct_value5apply
FNDA:456,_RNvNtNtCseriWsCb5ev6_4koan8builtins12struct_value8register
FNDA:25,_RNvNtNtCseriWsCb5ev6_4koan8builtins12struct_value9construct
FNF:4
FNH:4
DA:26,32
DA:27,32
DA:28,32
DA:29,32
DA:30,32
DA:31,32
DA:33,0
DA:34,0
DA:35,0
DA:36,0
DA:39,32
DA:40,32
DA:41,30
DA:42,2
DA:44,30
DA:45,56
DA:46,56
DA:47,55
DA:49,1
DA:53,29
DA:54,1
DA:55,1
DA:56,1
DA:57,28
DA:58,28
DA:59,28
DA:60,28
DA:62,28
DA:63,32
DA:67,28
DA:68,28
DA:69,28
DA:70,28
DA:71,28
DA:72,28
DA:73,28
DA:74,0
DA:75,0
DA:76,0
DA:77,0
DA:78,28
DA:80,28
DA:81,50
DA:82,50
DA:83,3
DA:84,3
DA:85,3
DA:86,3
DA:87,3
DA:88,47
DA:89,47
DA:93,25
DA:94,25
DA:95,25
DA:96,25
DA:97,25
DA:98,28
DA:102,28
DA:103,28
DA:104,28
DA:105,28
DA:106,28
DA:107,28
DA:108,28
DA:109,28
DA:111,0
DA:112,0
DA:113,0
DA:114,0
DA:115,0
DA:116,0
DA:119,0
DA:122,28
DA:123,28
DA:124,0
DA:125,0
DA:126,0
DA:127,0
DA:128,0
DA:129,0
DA:132,0
DA:135,28
DA:136,25
DA:137,3
DA:139,28
DA:143,496
DA:144,496
DA:145,496
DA:146,496
DA:147,496
DA:148,496
DA:149,496
DA:150,496
DA:151,496
DA:152,496
DA:153,496
DA:154,496
DA:156,496
BRF:0
BRH:0
LF:98
LH:76
end_of_record
SF:/var/home/jack/Code/koan/src/builtins/tagged_union.rs
FN:98,_RNvNtNtCscUx3zdyuqfq_4koan8builtins12tagged_union14primitive_body
FN:28,_RNvNtNtCscUx3zdyuqfq_4koan8builtins12tagged_union5apply
FN:147,_RNvNtNtCscUx3zdyuqfq_4koan8builtins12tagged_union8register
FN:62,_RNvNtNtCscUx3zdyuqfq_4koan8builtins12tagged_union9construct
FN:185,_RNvNtNtNtCseriWsCb5ev6_4koan8builtins12tagged_union5tests11build_scope
FN:211,_RNvNtNtNtCseriWsCb5ev6_4koan8builtins12tagged_union5tests11run_one_err
FN:195,_RNvNtNtNtCseriWsCb5ev6_4koan8builtins12tagged_union5tests3run
FN:204,_RNvNtNtNtCseriWsCb5ev6_4koan8builtins12tagged_union5tests7run_one
FN:189,_RNvNtNtNtCseriWsCb5ev6_4koan8builtins12tagged_union5tests9parse_one
FN:243,_RNvNtNtNtCseriWsCb5ev6_4koan8builtins12tagged_union5testss_29primitive_rejects_unknown_tag
FN:227,_RNvNtNtNtCseriWsCb5ev6_4koan8builtins12tagged_union5testss_33primitive_constructs_tagged_value
FN:256,_RNvNtNtNtCseriWsCb5ev6_4koan8builtins12tagged_union5testss_37primitive_rejects_value_of_wrong_type
FN:290,_RNvNtNtNtCseriWsCb5ev6_4koan8builtins12tagged_union5testss_40ctor_fast_lane_with_sub_expression_value
FN:275,_RNvNtNtNtCseriWsCb5ev6_4koan8builtins12tagged_union5testss_46ctor_fast_lane_propagates_tag_validation_error
FN:182,_RNvXNtNtNtCseriWsCb5ev6_4koan8builtins12tagged_union5testsNtB2_9SharedBufNtNtCs75vJTIYSa2J_3std2io5Write5flush
FN:178,_RNvXNtNtNtCseriWsCb5ev6_4koan8builtins12tagged_union5testsNtB2_9SharedBufNtNtCs75vJTIYSa2J_3std2io5Write5write
FN:98,_RNvNtNtCseriWsCb5ev6_4koan8builtins12tagged_union14primitive_body
FN:28,_RNvNtNtCseriWsCb5ev6_4koan8builtins12tagged_union5apply
FN:147,_RNvNtNtCseriWsCb5ev6_4koan8builtins12tagged_union8register
FN:62,_RNvNtNtCseriWsCb5ev6_4koan8builtins12tagged_union9construct
FNDA:0,_RNvNtNtCscUx3zdyuqfq_4koan8builtins12tagged_union14primitive_body
FNDA:0,_RNvNtNtCscUx3zdyuqfq_4koan8builtins12tagged_union5apply
FNDA:40,_RNvNtNtCscUx3zdyuqfq_4koan8builtins12tagged_union8register
FNDA:0,_RNvNtNtCscUx3zdyuqfq_4koan8builtins12tagged_union9construct
FNDA:5,_RNvNtNtNtCseriWsCb5ev6_4koan8builtins12tagged_union5tests11build_scope
FNDA:3,_RNvNtNtNtCseriWsCb5ev6_4koan8builtins12tagged_union5tests11run_one_err
FNDA:5,_RNvNtNtNtCseriWsCb5ev6_4koan8builtins12tagged_union5tests3run
FNDA:2,_RNvNtNtNtCseriWsCb5ev6_4koan8builtins12tagged_union5tests7run_one
FNDA:5,_RNvNtNtNtCseriWsCb5ev6_4koan8builtins12tagged_union5tests9parse_one
FNDA:1,_RNvNtNtNtCseriWsCb5ev6_4koan8builtins12tagged_union5testss_29primitive_rejects_unknown_tag
FNDA:1,_RNvNtNtNtCseriWsCb5ev6_4koan8builtins12tagged_union5testss_33primitive_constructs_tagged_value
FNDA:1,_RNvNtNtNtCseriWsCb5ev6_4koan8builtins12tagged_union5testss_37primitive_rejects_value_of_wrong_type
FNDA:1,_RNvNtNtNtCseriWsCb5ev6_4koan8builtins12tagged_union5testss_40ctor_fast_lane_with_sub_expression_value
FNDA:1,_RNvNtNtNtCseriWsCb5ev6_4koan8builtins12tagged_union5testss_46ctor_fast_lane_propagates_tag_validation_error
FNDA:0,_RNvXNtNtNtCseriWsCb5ev6_4koan8builtins12tagged_union5testsNtB2_9SharedBufNtNtCs75vJTIYSa2J_3std2io5Write5flush
FNDA:0,_RNvXNtNtNtCseriWsCb5ev6_4koan8builtins12tagged_union5testsNtB2_9SharedBufNtNtCs75vJTIYSa2J_3std2io5Write5write
FNDA:67,_RNvNtNtCseriWsCb5ev6_4koan8builtins12tagged_union14primitive_body
FNDA:64,_RNvNtNtCseriWsCb5ev6_4koan8builtins12tagged_union5apply
FNDA:456,_RNvNtNtCseriWsCb5ev6_4koan8builtins12tagged_union8register
FNDA:67,_RNvNtNtCseriWsCb5ev6_4koan8builtins12tagged_union9construct
FNF:16
FNH:14
DA:28,64
DA:29,64
DA:30,64
DA:31,64
DA:32,64
DA:33,64
DA:36,64
DA:37,0
DA:38,0
DA:39,0
DA:40,0
DA:41,64
DA:42,64
DA:43,64
DA:44,64
DA:45,64
DA:46,0
DA:47,0
DA:48,0
DA:49,0
DA:50,64
DA:51,64
DA:52,64
DA:53,64
DA:54,64
DA:56,64
DA:57,64
DA:62,67
DA:63,67
DA:64,67
DA:65,67
DA:66,67
DA:67,67
DA:68,67
DA:69,67
DA:70,64
DA:72,3
DA:73,3
DA:74,3
DA:75,3
DA:76,3
DA:79,64
DA:80,1
DA:81,1
DA:82,1
DA:83,1
DA:84,1
DA:85,63
DA:86,63
DA:87,63
DA:88,63
DA:89,63
DA:90,63
DA:91,63
DA:92,63
DA:93,63
DA:94,67
DA:98,67
DA:99,67
DA:100,67
DA:101,67
DA:102,67
DA:105,67
DA:106,67
DA:107,67
DA:109,0
DA:110,0
DA:111,0
DA:112,0
DA:113,0
DA:114,0
DA:117,0
DA:122,67
DA:123,67
DA:124,0
DA:125,0
DA:126,0
DA:127,0
DA:128,0
DA:129,0
DA:131,0
DA:133,67
DA:134,67
DA:136,0
DA:139,67
DA:140,63
DA:141,4
DA:143,67
DA:147,496
DA:148,496
DA:149,496
DA:150,496
DA:151,496
DA:152,496
DA:153,496
DA:154,496
DA:155,496
DA:156,496
DA:157,496
DA:158,496
DA:159,496
DA:161,496
DA:178,0
DA:179,0
DA:180,0
DA:181,0
DA:182,0
DA:185,5
DA:186,5
DA:187,5
DA:189,5
DA:190,5
DA:191,5
DA:192,5
DA:193,5
DA:195,5
DA:196,5
DA:197,5
DA:198,9
DA:199,9
DA:200,9
DA:201,5
DA:202,5
DA:204,2
DA:205,2
DA:206,2
DA:207,2
DA:208,2
DA:209,2
DA:211,3
DA:212,3
DA:213,3
DA:214,3
DA:215,3
DA:216,3
DA:217,3
DA:218,3
DA:219,0
DA:220,3
DA:222,3
DA:227,1
DA:228,1
DA:229,1
DA:230,1
DA:231,1
DA:232,1
DA:233,1
DA:234,1
DA:235,1
DA:236,1
DA:238,0
DA:240,1
DA:243,1
DA:244,1
DA:245,1
DA:246,1
DA:247,1
DA:248,1
DA:249,1
DA:250,1
DA:253,1
DA:256,1
DA:257,1
DA:258,1
DA:259,1
DA:260,1
DA:261,1
DA:262,1
DA:263,1
DA:264,1
DA:265,1
DA:266,1
DA:268,0
DA:270,1
DA:275,1
DA:276,1
DA:277,1
DA:278,1
DA:279,1
DA:280,1
DA:281,1
DA:282,1
DA:285,1
DA:290,1
DA:291,1
DA:292,1
DA:293,1
DA:294,1
DA:295,1
DA:296,1
DA:297,1
DA:298,1
DA:299,1
DA:301,0
DA:303,1
BRF:0
BRH:0
LF:195
LH:163
end_of_record
SF:/var/home/jack/Code/koan/src/builtins/test_support.rs
FN:68,_RNvNtNtCseriWsCb5ev6_4koan8builtins12test_support11run_one_err
FN:129,_RNvNtNtCseriWsCb5ev6_4koan8builtins12test_support12one_slot_sig
FN:46,_RNvNtNtCseriWsCb5ev6_4koan8builtins12test_support13run_root_bare
FN:40,_RNvNtNtCseriWsCb5ev6_4koan8builtins12test_support15run_root_silent
FN:111,_RNvNtNtCseriWsCb5ev6_4koan8builtins12test_support16fn_is_registered
FN:32,_RNvNtNtCseriWsCb5ev6_4koan8builtins12test_support17run_root_with_buf
FN:81,_RNvNtNtCseriWsCb5ev6_4koan8builtins12test_support3run
FN:124,_RNvNtNtCseriWsCb5ev6_4koan8builtins12test_support6marker
FN:60,_RNvNtNtCseriWsCb5ev6_4koan8builtins12test_support7run_one
FN:92,_RNvNtNtCseriWsCb5ev6_4koan8builtins12test_support9lookup_fn
FN:51,_RNvNtNtCseriWsCb5ev6_4koan8builtins12test_support9parse_one
FN:27,_RNvXNtNtCseriWsCb5ev6_4koan8builtins12test_supportNtB2_9SharedBufNtNtCs75vJTIYSa2J_3std2io5Write5flush
FN:23,_RNvXNtNtCseriWsCb5ev6_4koan8builtins12test_supportNtB2_9SharedBufNtNtCs75vJTIYSa2J_3std2io5Write5write
FN:114,_RNCNCNCNvNtNtCseriWsCb5ev6_4koan8builtins12test_support16fn_is_registered000Bb_
FN:113,_RNCNCNvNtNtCseriWsCb5ev6_4koan8builtins12test_support16fn_is_registered00B9_
FN:112,_RNCNvNtNtCseriWsCb5ev6_4koan8builtins12test_support16fn_is_registered0B7_
FN:96,_RNCNvNtNtCseriWsCb5ev6_4koan8builtins12test_support9lookup_fn0B7_
FN:106,_RNCNvNtNtCseriWsCb5ev6_4koan8builtins12test_support9lookup_fns_0B7_
FNDA:44,_RNvNtNtCseriWsCb5ev6_4koan8builtins12test_support11run_one_err
FNDA:7,_RNvNtNtCseriWsCb5ev6_4koan8builtins12test_support12one_slot_sig
FNDA:67,_RNvNtNtCseriWsCb5ev6_4koan8builtins12test_support13run_root_bare
FNDA:223,_RNvNtNtCseriWsCb5ev6_4koan8builtins12test_support15run_root_silent
FNDA:8,_RNvNtNtCseriWsCb5ev6_4koan8builtins12test_support16fn_is_registered
FNDA:69,_RNvNtNtCseriWsCb5ev6_4koan8builtins12test_support17run_root_with_buf
FNDA:275,_RNvNtNtCseriWsCb5ev6_4koan8builtins12test_support3run
FNDA:2,_RNvNtNtCseriWsCb5ev6_4koan8builtins12test_support6marker
FNDA:224,_RNvNtNtCseriWsCb5ev6_4koan8builtins12test_support7run_one
FNDA:19,_RNvNtNtCseriWsCb5ev6_4koan8builtins12test_support9lookup_fn
FNDA:347,_RNvNtNtCseriWsCb5ev6_4koan8builtins12test_support9parse_one
FNDA:0,_RNvXNtNtCseriWsCb5ev6_4koan8builtins12test_supportNtB2_9SharedBufNtNtCs75vJTIYSa2J_3std2io5Write5flush
FNDA:110,_RNvXNtNtCseriWsCb5ev6_4koan8builtins12test_supportNtB2_9SharedBufNtNtCs75vJTIYSa2J_3std2io5Write5write
FNDA:342,_RNCNCNCNvNtNtCseriWsCb5ev6_4koan8builtins12test_support16fn_is_registered000Bb_
FNDA:304,_RNCNCNvNtNtCseriWsCb5ev6_4koan8builtins12test_support16fn_is_registered00B9_
FNDA:240,_RNCNvNtNtCseriWsCb5ev6_4koan8builtins12test_support16fn_is_registered0B7_
FNDA:893,_RNCNvNtNtCseriWsCb5ev6_4koan8builtins12test_support9lookup_fn0B7_
FNDA:0,_RNCNvNtNtCseriWsCb5ev6_4koan8builtins12test_support9lookup_fns_0B7_
FNF:18
FNH:16
DA:23,110
DA:24,110
DA:25,110
DA:26,110
DA:27,0
DA:28,0
DA:29,0
DA:32,69
DA:33,69
DA:34,69
DA:35,69
DA:36,69
DA:37,69
DA:38,69
DA:40,223
DA:41,223
DA:42,223
DA:46,67
DA:47,67
DA:48,67
DA:51,347
DA:52,347
DA:53,347
DA:54,347
DA:55,347
DA:60,224
DA:61,224
DA:62,224
DA:63,224
DA:64,224
DA:65,224
DA:68,44
DA:69,44
DA:70,44
DA:71,44
DA:72,44
DA:73,0
DA:74,44
DA:76,44
DA:81,275
DA:82,275
DA:83,275
DA:84,479
DA:85,479
DA:86,479
DA:87,275
DA:88,275
DA:92,19
DA:93,19
DA:94,627
DA:95,798
DA:96,893
DA:97,741
DA:98,152
DA:99,893
DA:100,798
DA:101,19
DA:102,19
DA:103,779
DA:106,19
DA:107,19
DA:111,8
DA:112,240
DA:113,304
DA:114,342
DA:115,282
DA:116,60
DA:117,342
DA:118,304
DA:119,240
DA:120,8
DA:124,2
DA:125,2
DA:126,2
DA:129,7
DA:130,7
DA:131,7
DA:132,7
DA:133,7
DA:134,7
DA:135,7
DA:136,7
DA:137,7
BRF:0
BRH:0
LF:89
LH:84
end_of_record
SF:/var/home/jack/Code/koan/src/builtins/try_with.rs
FN:64,_RNvNtNtCscUx3zdyuqfq_4koan8builtins8try_with15dispatch_branch
FN:27,_RNvNtNtCscUx3zdyuqfq_4koan8builtins8try_with4body
FN:142,_RNvNtNtCscUx3zdyuqfq_4koan8builtins8try_with8register
FN:131,_RNCNvNtNtCscUx3zdyuqfq_4koan8builtins8try_with15dispatch_branch0B7_
FN:55,_RNCNvNtNtCscUx3zdyuqfq_4koan8builtins8try_with4body0B7_
FN:64,_RNvNtNtCseriWsCb5ev6_4koan8builtins8try_with15dispatch_branch
FN:27,_RNvNtNtCseriWsCb5ev6_4koan8builtins8try_with4body
FN:142,_RNvNtNtCseriWsCb5ev6_4koan8builtins8try_with8register
[...]
FN:294,_RNvNtNtNtCseriWsCb5ev6_4koan5parse6tokens5testss_18negation_over_attr
FN:272,_RNvNtNtNtCseriWsCb5ev6_4koan5parse6tokens5testss_19chained_attr_access
FN:318,_RNvNtNtNtCseriWsCb5ev6_4koan5parse6tokens5testss_19dangling_dot_errors
FN:351,_RNvNtNtNtCseriWsCb5ev6_4koan5parse6tokens5testss_20negation_over_suffix
FN:356,_RNvNtNtNtCseriWsCb5ev6_4koan5parse6tokens5testss_21leading_suffix_errors
FN:302,_RNvNtNtNtCseriWsCb5ev6_4koan5parse6tokens5testss_25decimal_number_is_literal
FN:387,_RNvNtNtNtCseriWsCb5ev6_4koan5parse6tokens5testss_28pure_symbol_token_is_keyword
FN:307,_RNvNtNtNtCseriWsCb5ev6_4koan5parse6tokens5testss_28scientific_number_is_literal
FN:313,_RNvNtNtNtCseriWsCb5ev6_4koan5parse6tokens5testss_30attr_wins_when_rhs_not_numeric
FN:400,_RNvNtNtNtCseriWsCb5ev6_4koan5parse6tokens5testss_31lowercase_leading_is_identifier
FN:361,_RNvNtNtNtCseriWsCb5ev6_4koan5parse6tokens5testss_34keyword_two_uppercase_no_lowercase
FN:368,_RNvNtNtNtCseriWsCb5ev6_4koan5parse6tokens5testss_35type_uppercase_first_with_lowercase
FN:375,_RNvNtNtNtCseriWsCb5ev6_4koan5parse6tokens5testss_38single_uppercase_letter_is_parse_error
FN:393,_RNvNtNtNtCseriWsCb5ev6_4koan5parse6tokens5testss_47ascription_compound_tokens_classify_as_keywords
FN:382,_RNvNtNtNtCseriWsCb5ev6_4koan5parse6tokens5testss_49uppercase_with_digits_no_lowercase_is_parse_error
FN:281,_RNvNtNtNtCseriWsCb5ev6_4koan5parse6tokens5testss_8negation
FN:49,_RNvNtNtCseriWsCb5ev6_4koan5parse6tokens11try_literal
FN:113,_RNvNtNtCseriWsCb5ev6_4koan5parse6tokens12is_type_name
FN:159,_RNvNtNtCseriWsCb5ev6_4koan5parse6tokens12trigger_span
FN:71,_RNvNtNtCseriWsCb5ev6_4koan5parse6tokens13classify_atom
FN:31,_RNvNtNtCseriWsCb5ev6_4koan5parse6tokens14classify_token
FN:125,_RNvNtNtCseriWsCb5ev6_4koan5parse6tokens14parse_compound
FN:165,_RNvNtNtCseriWsCb5ev6_4koan5parse6tokens9read_atom
FNDA:160,_RNCNvNtNtCscUx3zdyuqfq_4koan5parse6tokens12is_type_name0B7_
FNDA:873,_RNCNvNtNtCscUx3zdyuqfq_4koan5parse6tokens13classify_atom0B7_
FNDA:309,_RNCNvNtNtCscUx3zdyuqfq_4koan5parse6tokens13classify_atoms0_0B7_
FNDA:118,_RNCNvNtNtCscUx3zdyuqfq_4koan5parse6tokens13classify_atoms_0B7_
FNDA:6,_RNCNvNtNtCscUx3zdyuqfq_4koan5parse6tokens5FLOAT0B7_
FNDA:606,_RNCNvNtNtCscUx3zdyuqfq_4koan5parse6tokens9read_atoms_0B7_
FNDA:1237,_RNvNtNtCscUx3zdyuqfq_4koan5parse6tokens11try_literal
FNDA:278,_RNvNtNtCscUx3zdyuqfq_4koan5parse6tokens12is_type_name
FNDA:9,_RNvNtNtCscUx3zdyuqfq_4koan5parse6tokens12trigger_span
FNDA:606,_RNvNtNtCscUx3zdyuqfq_4koan5parse6tokens13classify_atom
FNDA:631,_RNvNtNtCscUx3zdyuqfq_4koan5parse6tokens14classify_token
FNDA:597,_RNvNtNtCscUx3zdyuqfq_4koan5parse6tokens14parse_compound
FNDA:606,_RNvNtNtCscUx3zdyuqfq_4koan5parse6tokens9read_atom
FNDA:27,_RNCNvNtNtNtCseriWsCb5ev6_4koan5parse6tokens5tests8classify0B9_
FNDA:8,_RNCNvNtNtNtCseriWsCb5ev6_4koan5parse6tokens5tests8classifys_0B9_
FNDA:38,_RNCNvNtNtNtCseriWsCb5ev6_4koan5parse6tokens5tests8describe0B9_
FNDA:0,_RNCNvNtNtNtCseriWsCb5ev6_4koan5parse6tokens5tests8describes0_0B9_
FNDA:0,_RNCNvNtNtNtCseriWsCb5ev6_4koan5parse6tokens5tests8describes_0B9_
FNDA:1415,_RNCNvNtNtCseriWsCb5ev6_4koan5parse6tokens12is_type_name0B7_
FNDA:7717,_RNCNvNtNtCseriWsCb5ev6_4koan5parse6tokens13classify_atom0B7_
FNDA:3620,_RNCNvNtNtCseriWsCb5ev6_4koan5parse6tokens13classify_atoms0_0B7_
FNDA:1325,_RNCNvNtNtCseriWsCb5ev6_4koan5parse6tokens13classify_atoms_0B7_
FNDA:1,_RNCNvNtNtCseriWsCb5ev6_4koan5parse6tokens5FLOAT0B7_
FNDA:5716,_RNCNvNtNtCseriWsCb5ev6_4koan5parse6tokens9read_atoms_0B7_
FNDA:35,_RNvNtNtNtCseriWsCb5ev6_4koan5parse6tokens5tests8classify
FNDA:65,_RNvNtNtNtCseriWsCb5ev6_4koan5parse6tokens5tests8describe
FNDA:1,_RNvNtNtNtCseriWsCb5ev6_4koan5parse6tokens5testss_10plain_null
FNDA:1,_RNvNtNtNtCseriWsCb5ev6_4koan5parse6tokens5testss_10suffix_try
FNDA:1,_RNvNtNtNtCseriWsCb5ev6_4koan5parse6tokens5testss_11attr_access
FNDA:1,_RNvNtNtNtCseriWsCb5ev6_4koan5parse6tokens5testss_12plain_number
FNDA:1,_RNvNtNtNtCseriWsCb5ev6_4koan5parse6tokens5testss_13plain_boolean
FNDA:1,_RNvNtNtNtCseriWsCb5ev6_4koan5parse6tokens5testss_14chained_suffix
FNDA:1,_RNvNtNtNtCseriWsCb5ev6_4koan5parse6tokens5testss_15double_negation
FNDA:1,_RNvNtNtNtCseriWsCb5ev6_4koan5parse6tokens5testss_16bare_bang_errors
FNDA:1,_RNvNtNtNtCseriWsCb5ev6_4koan5parse6tokens5testss_16plain_identifier
FNDA:1,_RNvNtNtNtCseriWsCb5ev6_4koan5parse6tokens5testss_17suffix_after_attr
FNDA:1,_RNvNtNtNtCseriWsCb5ev6_4koan5parse6tokens5testss_18leading_dot_errors
FNDA:1,_RNvNtNtNtCseriWsCb5ev6_4koan5parse6tokens5testss_18negation_over_attr
FNDA:1,_RNvNtNtNtCseriWsCb5ev6_4koan5parse6tokens5testss_19chained_attr_access
FNDA:1,_RNvNtNtNtCseriWsCb5ev6_4koan5parse6tokens5testss_19dangling_dot_errors
FNDA:1,_RNvNtNtNtCseriWsCb5ev6_4koan5parse6tokens5testss_20negation_over_suffix
FNDA:1,_RNvNtNtNtCseriWsCb5ev6_4koan5parse6tokens5testss_21leading_suffix_errors
FNDA:1,_RNvNtNtNtCseriWsCb5ev6_4koan5parse6tokens5testss_25decimal_number_is_literal
FNDA:1,_RNvNtNtNtCseriWsCb5ev6_4koan5parse6tokens5testss_28pure_symbol_token_is_keyword
FNDA:1,_RNvNtNtNtCseriWsCb5ev6_4koan5parse6tokens5testss_28scientific_number_is_literal
FNDA:1,_RNvNtNtNtCseriWsCb5ev6_4koan5parse6tokens5testss_30attr_wins_when_rhs_not_numeric
FNDA:1,_RNvNtNtNtCseriWsCb5ev6_4koan5parse6tokens5testss_31lowercase_leading_is_identifier
FNDA:1,_RNvNtNtNtCseriWsCb5ev6_4koan5parse6tokens5testss_34keyword_two_uppercase_no_lowercase
FNDA:1,_RNvNtNtNtCseriWsCb5ev6_4koan5parse6tokens5testss_35type_uppercase_first_with_lowercase
FNDA:1,_RNvNtNtNtCseriWsCb5ev6_4koan5parse6tokens5testss_38single_uppercase_letter_is_parse_error
FNDA:1,_RNvNtNtNtCseriWsCb5ev6_4koan5parse6tokens5testss_47ascription_compound_tokens_classify_as_keywords
FNDA:1,_RNvNtNtNtCseriWsCb5ev6_4koan5parse6tokens5testss_49uppercase_with_digits_no_lowercase_is_parse_error
FNDA:1,_RNvNtNtNtCseriWsCb5ev6_4koan5parse6tokens5testss_8negation
FNDA:11987,_RNvNtNtCseriWsCb5ev6_4koan5parse6tokens11try_literal
FNDA:2735,_RNvNtNtCseriWsCb5ev6_4koan5parse6tokens12is_type_name
FNDA:57,_RNvNtNtCseriWsCb5ev6_4koan5parse6tokens12trigger_span
FNDA:5723,_RNvNtNtCseriWsCb5ev6_4koan5parse6tokens13classify_atom
FNDA:6264,_RNvNtNtCseriWsCb5ev6_4koan5parse6tokens14classify_token
FNDA:5682,_RNvNtNtCseriWsCb5ev6_4koan5parse6tokens14parse_compound
FNDA:5727,_RNvNtNtCseriWsCb5ev6_4koan5parse6tokens9read_atom
FNF:47
FNH:45
DA:24,7
DA:25,7
DA:26,7
DA:31,6895
DA:32,6895
DA:33,6895
DA:34,616
DA:35,6279
DA:36,6279
DA:37,6279
DA:38,6268
DA:39,0
DA:40,0
DA:41,0
DA:42,0
DA:43,6268
DA:44,6268
DA:45,6895
DA:49,13224
DA:50,13224
DA:51,13224
DA:52,13170
DA:53,13153
DA:54,13142
DA:56,13142
DA:57,535
DA:58,535
DA:59,0
DA:60,12607
DA:61,12607
DA:62,13224
DA:71,6329
DA:72,6329
DA:73,1
DA:74,6328
DA:75,6328
DA:76,3315
DA:77,3013
DA:78,3013
DA:79,8590
DA:80,1
DA:81,1
DA:82,1
DA:83,1
DA:84,1
DA:85,1
DA:86,1
DA:87,1569
DA:88,1569
DA:89,1443
DA:90,1443
DA:91,4
DA:92,4
DA:93,4
DA:94,4
DA:95,4
DA:96,4
DA:97,4
DA:98,4
DA:99,1439
DA:100,3929
DA:101,2
DA:102,2
DA:103,2
DA:104,2
DA:105,2
DA:106,2
DA:107,2
DA:108,1437
DA:109,1437
DA:110,6329
DA:113,3013
DA:114,3013
DA:115,3013
DA:116,3013
DA:117,1439
DA:118,1574
DA:119,1575
DA:120,3013
DA:125,6279
DA:126,6279
DA:127,6279
DA:128,6279
DA:129,6279
DA:130,6279
DA:131,6286
DA:132,6285
DA:133,7
DA:134,7
DA:135,7
DA:138,6279
DA:140,6327
DA:141,59
DA:142,59
DA:143,59
DA:144,59
DA:145,54
DA:146,54
DA:147,53
DA:149,5
DA:153,6268
DA:154,6
DA:155,6
DA:156,6268
DA:157,6279
DA:159,66
DA:160,66
DA:161,66
DA:162,66
DA:165,6333
DA:166,6333
DA:167,6333
DA:168,6333
DA:169,6333
DA:170,6333
DA:171,6331
DA:173,2
DA:174,2
DA:175,2
DA:176,2
DA:179,6331
DA:180,6331
DA:181,28766
DA:182,22495
DA:183,60
DA:184,22435
DA:185,22435
DA:186,22435
DA:187,22435
DA:189,6331
DA:190,2
DA:191,2
DA:192,2
DA:193,2
DA:194,2
DA:195,6329
DA:196,6329
DA:197,6329
DA:198,6329
DA:199,6329
DA:200,6329
DA:201,6333
DA:208,65
DA:209,7
DA:210,21
DA:211,18
DA:212,3
DA:213,16
DA:214,38
DA:215,16
DA:217,0
DA:218,0
DA:219,0
DA:221,0
DA:222,5
DA:223,1
DA:224,1
DA:225,0
DA:226,0
DA:227,0
DA:228,0
DA:230,0
DA:231,0
DA:232,0
DA:233,0
DA:234,0
DA:235,0
DA:238,65
DA:240,35
DA:241,35
DA:242,35
DA:243,35
DA:244,35
DA:247,1
DA:248,1
DA:249,1
DA:252,1
DA:253,1
DA:254,1
DA:257,1
DA:258,1
DA:259,1
DA:262,1
DA:263,1
DA:264,1
DA:267,1
DA:268,1
DA:269,1
DA:272,1
DA:273,1
DA:274,1
DA:277,1
DA:281,1
DA:282,1
DA:283,1
DA:286,1
DA:287,1
DA:288,1
DA:291,1
DA:294,1
DA:295,1
DA:296,1
DA:299,1
DA:302,1
DA:303,1
DA:304,1
DA:307,1
DA:308,1
DA:309,1
DA:310,1
DA:313,1
DA:314,1
DA:315,1
DA:318,1
DA:319,1
DA:320,1
DA:323,1
DA:324,1
DA:325,1
DA:328,1
DA:329,1
DA:330,1
DA:333,1
DA:334,1
DA:335,1
DA:338,1
DA:339,1
DA:340,1
DA:343,1
DA:344,1
DA:345,1
DA:348,1
DA:351,1
DA:352,1
DA:353,1
DA:356,1
DA:357,1
DA:358,1
DA:361,1
DA:362,1
DA:363,1
DA:364,1
DA:365,1
DA:368,1
DA:369,1
DA:370,1
DA:371,1
DA:372,1
DA:375,1
DA:376,1
DA:377,1
DA:378,1
DA:379,1
DA:382,1
DA:383,1
DA:384,1
DA:387,1
DA:388,1
DA:389,1
DA:390,1
DA:393,1
DA:395,1
DA:396,1
DA:397,1
DA:400,1
DA:401,1
DA:402,1
DA:403,1
BRF:0
BRH:0
LF:278
LH:257
end_of_record
SF:/var/home/jack/Code/koan/src/parse/triple_list.rs
FN:63,_RINvNtNtCscUx3zdyuqfq_4koan5parse11triple_list15parse_pair_listNtNtNtNtNtB6_7machine5model5types5ktype5KTypeNCNvNtB13_16typed_field_list37parse_typed_field_list_via_elaborator0EB6_
FN:18,_RINvNtNtCscUx3zdyuqfq_4koan5parse11triple_list25parse_keyword_triple_listNtNtNtNtB6_7machine5model3ast14ExpressionPartNCNvNtNtB1d_6values11named_pairs23parse_named_value_pairss_0EB6_
FN:87,_RNCINvNtNtCscUx3zdyuqfq_4koan5parse11triple_list15parse_pair_listNtNtNtNtNtB8_7machine5model5types5ktype5KTypeNCNvNtB15_16typed_field_list37parse_typed_field_list_via_elaborator0E0B8_
FN:52,_RNCINvNtNtCscUx3zdyuqfq_4koan5parse11triple_list25parse_keyword_triple_listNtNtNtNtB8_7machine5model3ast14ExpressionPartNCNvNtNtB1f_6values11named_pairs23parse_named_value_pairss_0E0B8_
FN:63,_RINvNtNtCseriWsCb5ev6_4koan5parse11triple_list15parse_pair_listNtNtNtNtNtB6_7machine5model5types5ktype5KTypeNCNvNtB13_16typed_field_list37parse_typed_field_list_via_elaborator0EB6_
FN:18,_RINvNtNtCseriWsCb5ev6_4koan5parse11triple_list25parse_keyword_triple_listNtNtNtNtB6_7machine5model3ast14ExpressionPartNCNvNtNtB1d_6values11named_pairs23parse_named_value_pairss_0EB6_
FN:87,_RNCINvNtNtCseriWsCb5ev6_4koan5parse11triple_list15parse_pair_listNtNtNtNtNtB8_7machine5model5types5ktype5KTypeNCNvNtB15_16typed_field_list37parse_typed_field_list_via_elaborator0E0B8_
FN:52,_RNCINvNtNtCseriWsCb5ev6_4koan5parse11triple_list25parse_keyword_triple_listNtNtNtNtB8_7machine5model3ast14ExpressionPartNCNvNtNtB1f_6values11named_pairs23parse_named_value_pairss_0E0B8_
FNDA:7,_RINvNtNtCscUx3zdyuqfq_4koan5parse11triple_list15parse_pair_listNtNtNtNtNtB6_7machine5model5types5ktype5KTypeNCNvNtB13_16typed_field_list37parse_typed_field_list_via_elaborator0EB6_
FNDA:3,_RINvNtNtCscUx3zdyuqfq_4koan5parse11triple_list25parse_keyword_triple_listNtNtNtNtB6_7machine5model3ast14ExpressionPartNCNvNtNtB1d_6values11named_pairs23parse_named_value_pairss_0EB6_
FNDA:4,_RNCINvNtNtCscUx3zdyuqfq_4koan5parse11triple_list15parse_pair_listNtNtNtNtNtB8_7machine5model5types5ktype5KTypeNCNvNtB15_16typed_field_list37parse_typed_field_list_via_elaborator0E0B8_
FNDA:2,_RNCINvNtNtCscUx3zdyuqfq_4koan5parse11triple_list25parse_keyword_triple_listNtNtNtNtB8_7machine5model3ast14ExpressionPartNCNvNtNtB1f_6values11named_pairs23parse_named_value_pairss_0E0B8_
FNDA:86,_RINvNtNtCseriWsCb5ev6_4koan5parse11triple_list15parse_pair_listNtNtNtNtNtB6_7machine5model5types5ktype5KTypeNCNvNtB13_16typed_field_list37parse_typed_field_list_via_elaborator0EB6_
FNDA:49,_RINvNtNtCseriWsCb5ev6_4koan5parse11triple_list25parse_keyword_triple_listNtNtNtNtB6_7machine5model3ast14ExpressionPartNCNvNtNtB1d_6values11named_pairs23parse_named_value_pairss_0EB6_
FNDA:59,_RNCINvNtNtCseriWsCb5ev6_4koan5parse11triple_list15parse_pair_listNtNtNtNtNtB8_7machine5model5types5ktype5KTypeNCNvNtB15_16typed_field_list37parse_typed_field_list_via_elaborator0E0B8_
FNDA:38,_RNCINvNtNtCseriWsCb5ev6_4koan5parse11triple_list25parse_keyword_triple_listNtNtNtNtB8_7machine5model3ast14ExpressionPartNCNvNtNtB1f_6values11named_pairs23parse_named_value_pairss_0E0B8_
FNF:4
FNH:4
DA:18,52
DA:19,52
DA:20,52
DA:21,52
DA:22,52
DA:23,52
DA:24,52
DA:25,52
DA:26,3
DA:27,3
DA:28,3
DA:29,3
DA:30,49
DA:31,49
DA:32,49
DA:33,128
DA:34,84
DA:35,83
DA:36,1
DA:37,1
DA:38,1
DA:39,1
DA:40,1
DA:43,83
DA:44,82
DA:45,1
DA:46,1
DA:47,1
DA:48,1
DA:49,1
DA:52,82
DA:53,3
DA:54,79
DA:55,79
DA:56,79
DA:57,79
DA:59,44
DA:60,52
DA:63,93
DA:64,93
DA:65,93
DA:66,93
DA:67,93
DA:68,93
DA:69,93
DA:70,2
DA:71,2
DA:72,2
DA:73,2
DA:74,91
DA:75,91
DA:76,91
DA:77,237
DA:78,151
DA:79,151
DA:80,0
DA:81,0
DA:82,0
DA:83,0
DA:84,0
DA:87,151
DA:88,2
DA:89,149
DA:90,149
DA:91,146
DA:92,146
DA:94,86
DA:95,93
BRF:0
BRH:0
LF:70
LH:65
end_of_record
SF:/var/home/jack/Code/koan/src/parse/whitespace.rs
FN:37,_RNvNtNtCscUx3zdyuqfq_4koan5parse10whitespace12collapse_str
FN:278,_RNvNtNtCscUx3zdyuqfq_4koan5parse10whitespace13adjust_parens
FN:265,_RNvNtNtCscUx3zdyuqfq_4koan5parse10whitespace16line_delim_delta
FN:271,_RNvNtNtCscUx3zdyuqfq_4koan5parse10whitespace16line_paren_delta
FN:31,_RNvNtNtCscUx3zdyuqfq_4koan5parse10whitespace19collapse_whitespace
FN:220,_RNvNtNtCscUx3zdyuqfq_4koan5parse10whitespace19walk_content_cursor
FN:211,_RNvNtNtCscUx3zdyuqfq_4koan5parse10whitespace9emit_jump
FN:55,_RNCNvNtNtCscUx3zdyuqfq_4koan5parse10whitespace12collapse_str0B7_
FN:142,_RNCNvNtNtCscUx3zdyuqfq_4koan5parse10whitespace12collapse_strs0_0B7_
FN:56,_RNCNvNtNtCscUx3zdyuqfq_4koan5parse10whitespace12collapse_strs_0B7_
FN:266,_RNCNvNtNtCscUx3zdyuqfq_4koan5parse10whitespace16line_delim_delta0B7_
FN:267,_RNCNvNtNtCscUx3zdyuqfq_4koan5parse10whitespace16line_delim_deltas_0B7_
FN:272,_RNCNvNtNtCscUx3zdyuqfq_4koan5parse10whitespace16line_paren_delta0B7_
FN:273,_RNCNvNtNtCscUx3zdyuqfq_4koan5parse10whitespace16line_paren_deltas_0B7_
FN:33,_RNCNvNtNtCscUx3zdyuqfq_4koan5parse10whitespace19collapse_whitespace0B7_
FN:239,_RNCNvNtNtCscUx3zdyuqfq_4koan5parse10whitespace19walk_content_cursor0B7_
FN:240,_RNCNvNtNtCscUx3zdyuqfq_4koan5parse10whitespace19walk_content_cursors_0B7_
FN:37,_RNvNtNtCseriWsCb5ev6_4koan5parse10whitespace12collapse_str
FN:278,_RNvNtNtCseriWsCb5ev6_4koan5parse10whitespace13adjust_parens
FN:265,_RNvNtNtCseriWsCb5ev6_4koan5parse10whitespace16line_delim_delta
FN:271,_RNvNtNtCseriWsCb5ev6_4koan5parse10whitespace16line_paren_delta
FN:31,_RNvNtNtCseriWsCb5ev6_4koan5parse10whitespace19collapse_whitespace
FN:220,_RNvNtNtCseriWsCb5ev6_4koan5parse10whitespace19walk_content_cursor
FN:211,_RNvNtNtCseriWsCb5ev6_4koan5parse10whitespace9emit_jump
FN:55,_RNCNvNtNtCseriWsCb5ev6_4koan5parse10whitespace12collapse_str0B7_
FN:142,_RNCNvNtNtCseriWsCb5ev6_4koan5parse10whitespace12collapse_strs0_0B7_
FN:56,_RNCNvNtNtCseriWsCb5ev6_4koan5parse10whitespace12collapse_strs_0B7_
FN:266,_RNCNvNtNtCseriWsCb5ev6_4koan5parse10whitespace16line_delim_delta0B7_
FN:267,_RNCNvNtNtCseriWsCb5ev6_4koan5parse10whitespace16line_delim_deltas_0B7_
FN:272,_RNCNvNtNtCseriWsCb5ev6_4koan5parse10whitespace16line_paren_delta0B7_
FN:273,_RNCNvNtNtCseriWsCb5ev6_4koan5parse10whitespace16line_paren_deltas_0B7_
FN:33,_RNCNvNtNtCseriWsCb5ev6_4koan5parse10whitespace19collapse_whitespace0B7_
FN:239,_RNCNvNtNtCseriWsCb5ev6_4koan5parse10whitespace19walk_content_cursor0B7_
FN:240,_RNCNvNtNtCseriWsCb5ev6_4koan5parse10whitespace19walk_content_cursors_0B7_
FNDA:40,_RNvNtNtCscUx3zdyuqfq_4koan5parse10whitespace12collapse_str
FNDA:95,_RNvNtNtCscUx3zdyuqfq_4koan5parse10whitespace13adjust_parens
FNDA:95,_RNvNtNtCscUx3zdyuqfq_4koan5parse10whitespace16line_delim_delta
FNDA:95,_RNvNtNtCscUx3zdyuqfq_4koan5parse10whitespace16line_paren_delta
FNDA:40,_RNvNtNtCscUx3zdyuqfq_4koan5parse10whitespace19collapse_whitespace
FNDA:95,_RNvNtNtCscUx3zdyuqfq_4koan5parse10whitespace19walk_content_cursor
FNDA:190,_RNvNtNtCscUx3zdyuqfq_4koan5parse10whitespace9emit_jump
FNDA:3070,_RNCNvNtNtCscUx3zdyuqfq_4koan5parse10whitespace12collapse_str0B7_
FNDA:0,_RNCNvNtNtCscUx3zdyuqfq_4koan5parse10whitespace12collapse_strs0_0B7_
FNDA:55,_RNCNvNtNtCscUx3zdyuqfq_4koan5parse10whitespace12collapse_strs_0B7_
FNDA:3015,_RNCNvNtNtCscUx3zdyuqfq_4koan5parse10whitespace16line_delim_delta0B7_
FNDA:3015,_RNCNvNtNtCscUx3zdyuqfq_4koan5parse10whitespace16line_delim_deltas_0B7_
FNDA:3015,_RNCNvNtNtCscUx3zdyuqfq_4koan5parse10whitespace16line_paren_delta0B7_
FNDA:3015,_RNCNvNtNtCscUx3zdyuqfq_4koan5parse10whitespace16line_paren_deltas_0B7_
FNDA:0,_RNCNvNtNtCscUx3zdyuqfq_4koan5parse10whitespace19collapse_whitespace0B7_
FNDA:1,_RNCNvNtNtCscUx3zdyuqfq_4koan5parse10whitespace19walk_content_cursor0B7_
FNDA:0,_RNCNvNtNtCscUx3zdyuqfq_4koan5parse10whitespace19walk_content_cursors_0B7_
FNDA:841,_RNvNtNtCseriWsCb5ev6_4koan5parse10whitespace12collapse_str
FNDA:1233,_RNvNtNtCseriWsCb5ev6_4koan5parse10whitespace13adjust_parens
FNDA:1233,_RNvNtNtCseriWsCb5ev6_4koan5parse10whitespace16line_delim_delta
FNDA:1240,_RNvNtNtCseriWsCb5ev6_4koan5parse10whitespace16line_paren_delta
FNDA:841,_RNvNtNtCseriWsCb5ev6_4koan5parse10whitespace19collapse_whitespace
FNDA:1240,_RNvNtNtCseriWsCb5ev6_4koan5parse10whitespace19walk_content_cursor
FNDA:2408,_RNvNtNtCseriWsCb5ev6_4koan5parse10whitespace9emit_jump
FNDA:31665,_RNCNvNtNtCseriWsCb5ev6_4koan5parse10whitespace12collapse_str0B7_
FNDA:129,_RNCNvNtNtCseriWsCb5ev6_4koan5parse10whitespace12collapse_strs0_0B7_
FNDA:424,_RNCNvNtNtCseriWsCb5ev6_4koan5parse10whitespace12collapse_strs_0B7_
FNDA:30957,_RNCNvNtNtCseriWsCb5ev6_4koan5parse10whitespace16line_delim_delta0B7_
FNDA:30957,_RNCNvNtNtCseriWsCb5ev6_4koan5parse10whitespace16line_delim_deltas_0B7_
FNDA:30979,_RNCNvNtNtCseriWsCb5ev6_4koan5parse10whitespace16line_paren_delta0B7_
FNDA:30979,_RNCNvNtNtCseriWsCb5ev6_4koan5parse10whitespace16line_paren_deltas_0B7_
FNDA:0,_RNCNvNtNtCseriWsCb5ev6_4koan5parse10whitespace19collapse_whitespace0B7_
FNDA:169,_RNCNvNtNtCseriWsCb5ev6_4koan5parse10whitespace19walk_content_cursor0B7_
FNDA:0,_RNCNvNtNtCseriWsCb5ev6_4koan5parse10whitespace19walk_content_cursors_0B7_
FNF:17
FNH:15
DA:31,881
DA:32,881
DA:33,881
DA:34,881
DA:35,881
DA:37,881
DA:38,881
DA:39,881
DA:40,881
DA:41,881
DA:42,881
DA:45,881
DA:47,881
DA:48,881
DA:49,881
DA:50,881
DA:52,2233
DA:53,1359
DA:54,1359
DA:55,34735
DA:56,1359
DA:57,1359
DA:59,1359
DA:60,1359
DA:61,1359
DA:62,1359
DA:64,1359
DA:66,1359
DA:70,24
DA:71,24
DA:72,24
DA:73,8
DA:75,16
DA:77,24
DA:78,24
DA:79,1335
DA:81,1335
DA:83,1335
DA:84,1335
DA:86,1335
DA:87,1335
DA:89,1335
DA:90,1335
DA:110,1335
DA:111,54
DA:112,54
DA:113,1281
DA:116,1281
DA:117,16
DA:120,7
DA:121,1
DA:122,1
DA:123,1
DA:124,1
DA:125,1
DA:126,6
DA:127,6
DA:128,6
DA:129,9
DA:130,9
DA:133,1
DA:134,1
DA:135,1
DA:136,1
DA:137,1
DA:138,1
DA:139,8
DA:140,1265
DA:142,1273
DA:143,3
DA:144,3
DA:145,3
DA:146,3
DA:147,3
DA:148,1270
DA:149,1270
DA:150,2
DA:151,2
DA:152,2
DA:153,2
DA:154,2
DA:155,1268
DA:157,1636
DA:158,406
DA:159,368
DA:160,368
DA:161,368
DA:162,368
DA:163,38
DA:169,1268
DA:170,389
DA:171,879
DA:175,1268
DA:176,1268
DA:177,11
DA:178,11
DA:179,11
DA:180,11
DA:181,11
DA:182,1257
DA:183,1257
DA:184,1257
DA:185,1257
DA:186,1257
DA:188,1268
DA:189,1268
DA:190,1268
DA:191,1268
DA:192,1268
DA:194,1268
DA:195,1268
DA:196,439
DA:198,829
DA:200,1268
DA:203,1765
DA:204,891
DA:205,891
DA:206,891
DA:208,874
DA:209,881
DA:211,2598
DA:212,2598
DA:213,2598
DA:214,2598
DA:215,2598
DA:220,1335
DA:221,1335
DA:222,1335
DA:223,34261
DA:224,32926
DA:225,32926
DA:226,170
DA:227,170
DA:228,547
DA:229,377
DA:230,377
DA:231,170
DA:232,0
DA:233,170
DA:234,170
DA:235,0
DA:236,170
DA:237,170
DA:238,170
DA:239,170
DA:240,170
DA:241,170
DA:242,32756
DA:243,170
DA:244,340
DA:245,170
DA:246,170
DA:247,170
DA:248,0
DA:249,170
DA:250,170
DA:251,351
DA:252,181
DA:253,181
DA:254,170
DA:255,32586
DA:256,32586
DA:257,32586
DA:258,32586
DA:260,1335
DA:261,1335
DA:265,1328
DA:266,33972
DA:267,33972
DA:268,1328
DA:269,1328
DA:271,1335
DA:272,33994
DA:273,33994
DA:274,1335
DA:275,1335
DA:278,1328
DA:279,1328
DA:280,10
DA:281,10
DA:282,10
DA:284,1318
DA:285,8
DA:286,8
DA:288,1328
BRF:0
BRH:0
LF:195
LH:190
end_of_record