SF:/var/home/jack/Code/koan/src/builtins.rs
FN:132,_RNvNtCs3yqXWJWMNss_4koan8builtins13default_scope
FN:78,_RNvNtCs3yqXWJWMNss_4koan8builtins16register_builtin
FN:43,_RNvNtCs3yqXWJWMNss_4koan8builtins20dispatch_constructor
FN:103,_RNvNtCs3yqXWJWMNss_4koan8builtins21register_builtin_full
FN:89,_RNvNtCs3yqXWJWMNss_4koan8builtins29register_builtin_with_pre_run
FN:62,_RNvNtCs3yqXWJWMNss_4koan8builtins2kw
FN:67,_RNvNtCs3yqXWJWMNss_4koan8builtins3arg
FN:57,_RNvNtCs3yqXWJWMNss_4koan8builtins3err
FN:74,_RNvNtCs3yqXWJWMNss_4koan8builtins3sig
FN:132,_RNvNtCs8h7e9k1J8CD_4koan8builtins13default_scope
FN:78,_RNvNtCs8h7e9k1J8CD_4koan8builtins16register_builtin
FN:43,_RNvNtCs8h7e9k1J8CD_4koan8builtins20dispatch_constructor
FN:103,_RNvNtCs8h7e9k1J8CD_4koan8builtins21register_builtin_full
FN:89,_RNvNtCs8h7e9k1J8CD_4koan8builtins29register_builtin_with_pre_run
FN:62,_RNvNtCs8h7e9k1J8CD_4koan8builtins2kw
FN:67,_RNvNtCs8h7e9k1J8CD_4koan8builtins3arg
FN:57,_RNvNtCs8h7e9k1J8CD_4koan8builtins3err
FN:74,_RNvNtCs8h7e9k1J8CD_4koan8builtins3sig
FNDA:25,_RNvNtCs3yqXWJWMNss_4koan8builtins13default_scope
FNDA:750,_RNvNtCs3yqXWJWMNss_4koan8builtins16register_builtin
FNDA:2,_RNvNtCs3yqXWJWMNss_4koan8builtins20dispatch_constructor
FNDA:1050,_RNvNtCs3yqXWJWMNss_4koan8builtins21register_builtin_full
FNDA:950,_RNvNtCs3yqXWJWMNss_4koan8builtins29register_builtin_with_pre_run
FNDA:1350,_RNvNtCs3yqXWJWMNss_4koan8builtins2kw
FNDA:1875,_RNvNtCs3yqXWJWMNss_4koan8builtins3arg
FNDA:0,_RNvNtCs3yqXWJWMNss_4koan8builtins3err
FNDA:1000,_RNvNtCs3yqXWJWMNss_4koan8builtins3sig
FNDA:424,_RNvNtCs8h7e9k1J8CD_4koan8builtins13default_scope
FNDA:12740,_RNvNtCs8h7e9k1J8CD_4koan8builtins16register_builtin
FNDA:93,_RNvNtCs8h7e9k1J8CD_4koan8builtins20dispatch_constructor
FNDA:17829,_RNvNtCs8h7e9k1J8CD_4koan8builtins21register_builtin_full
FNDA:16133,_RNvNtCs8h7e9k1J8CD_4koan8builtins29register_builtin_with_pre_run
FNDA:22896,_RNvNtCs8h7e9k1J8CD_4koan8builtins2kw
FNDA:31800,_RNvNtCs8h7e9k1J8CD_4koan8builtins3arg
FNDA:73,_RNvNtCs8h7e9k1J8CD_4koan8builtins3err
FNDA:16960,_RNvNtCs8h7e9k1J8CD_4koan8builtins3sig
FNF:9
FNH:9
DA:43,95
DA:44,95
DA:45,95
DA:46,95
DA:47,95
DA:48,63
DA:49,31
DA:50,1
DA:52,95
DA:57,73
DA:58,73
DA:59,73
DA:62,24246
DA:63,24246
DA:64,24246
DA:67,33675
DA:68,33675
DA:69,33675
DA:74,17960
DA:75,17960
DA:76,17960
DA:78,13490
DA:79,13490
DA:80,13490
DA:81,13490
DA:82,13490
DA:83,13490
DA:84,13490
DA:85,13490
DA:89,17083
DA:90,17083
DA:91,17083
DA:92,17083
DA:93,17083
DA:94,17083
DA:95,17083
DA:96,17083
DA:97,17083
DA:103,18879
DA:104,18879
DA:105,18879
DA:106,18879
DA:107,18879
DA:108,18879
DA:109,18879
DA:110,18879
DA:111,18879
DA:112,18879
DA:113,18879
DA:114,18879
DA:115,18879
DA:116,18879
DA:117,18879
DA:118,18879
DA:119,18879
DA:120,18879
DA:121,18879
DA:122,18879
DA:123,18879
DA:132,449
DA:133,449
DA:134,449
DA:135,449
DA:136,449
DA:142,449
DA:143,449
DA:144,449
DA:145,449
DA:146,449
DA:147,449
DA:148,449
DA:149,449
DA:151,449
DA:152,449
DA:157,449
DA:158,449
DA:161,449
DA:162,449
DA:163,449
DA:165,449
DA:166,449
DA:167,449
DA:168,449
DA:169,449
DA:170,449
DA:171,449
DA:172,449
DA:173,449
DA:174,449
DA:175,449
DA:176,449
DA:177,449
DA:178,449
DA:179,449
DA:180,449
DA:181,449
DA:182,449
DA:183,449
DA:184,449
DA:185,449
DA:186,449
DA:187,449
DA:188,449
DA:189,449
DA:190,449
DA:191,449
DA:193,449
DA:194,449
BRF:0
BRH:0
LF:108
LH:108
end_of_record
SF:/var/home/jack/Code/koan/src/builtins/ascribe.rs
FN:185,_RNCNvNtNtCs3yqXWJWMNss_4koan8builtins7ascribe21is_abstract_type_name0B7_
FN:16,_RNvNtNtCs3yqXWJWMNss_4koan8builtins7ascribe11body_opaque
FN:129,_RNvNtNtCs3yqXWJWMNss_4koan8builtins7ascribe11shape_check
FN:100,_RNvNtNtCs3yqXWJWMNss_4koan8builtins7ascribe16body_transparent
FN:179,_RNvNtNtCs3yqXWJWMNss_4koan8builtins7ascribe21is_abstract_type_name
FN:162,_RNvNtNtCs3yqXWJWMNss_4koan8builtins7ascribe22abstract_type_names_of
FN:191,_RNvNtNtCs3yqXWJWMNss_4koan8builtins7ascribe28resolve_module_and_signature
FN:199,_RNvNtNtCs3yqXWJWMNss_4koan8builtins7ascribe8register
FN:185,_RNCNvNtNtCs8h7e9k1J8CD_4koan8builtins7ascribe21is_abstract_type_name0B7_
FN:16,_RNvNtNtCs8h7e9k1J8CD_4koan8builtins7ascribe11body_opaque
FN:129,_RNvNtNtCs8h7e9k1J8CD_4koan8builtins7ascribe11shape_check
FN:100,_RNvNtNtCs8h7e9k1J8CD_4koan8builtins7ascribe16body_transparent
FN:179,_RNvNtNtCs8h7e9k1J8CD_4koan8builtins7ascribe21is_abstract_type_name
FN:162,_RNvNtNtCs8h7e9k1J8CD_4koan8builtins7ascribe22abstract_type_names_of
FN:191,_RNvNtNtCs8h7e9k1J8CD_4koan8builtins7ascribe28resolve_module_and_signature
FN:199,_RNvNtNtCs8h7e9k1J8CD_4koan8builtins7ascribe8register
FNDA:0,_RNCNvNtNtCs3yqXWJWMNss_4koan8builtins7ascribe21is_abstract_type_name0B7_
FNDA:1,_RNvNtNtCs3yqXWJWMNss_4koan8builtins7ascribe11body_opaque
FNDA:3,_RNvNtNtCs3yqXWJWMNss_4koan8builtins7ascribe11shape_check
FNDA:2,_RNvNtNtCs3yqXWJWMNss_4koan8builtins7ascribe16body_transparent
FNDA:9,_RNvNtNtCs3yqXWJWMNss_4koan8builtins7ascribe21is_abstract_type_name
FNDA:4,_RNvNtNtCs3yqXWJWMNss_4koan8builtins7ascribe22abstract_type_names_of
FNDA:3,_RNvNtNtCs3yqXWJWMNss_4koan8builtins7ascribe28resolve_module_and_signature
FNDA:25,_RNvNtNtCs3yqXWJWMNss_4koan8builtins7ascribe8register
FNDA:9,_RNCNvNtNtCs8h7e9k1J8CD_4koan8builtins7ascribe21is_abstract_type_name0B7_
FNDA:20,_RNvNtNtCs8h7e9k1J8CD_4koan8builtins7ascribe11body_opaque
FNDA:37,_RNvNtNtCs8h7e9k1J8CD_4koan8builtins7ascribe11shape_check
FNDA:17,_RNvNtNtCs8h7e9k1J8CD_4koan8builtins7ascribe16body_transparent
FNDA:131,_RNvNtNtCs8h7e9k1J8CD_4koan8builtins7ascribe21is_abstract_type_name
FNDA:64,_RNvNtNtCs8h7e9k1J8CD_4koan8builtins7ascribe22abstract_type_names_of
FNDA:37,_RNvNtNtCs8h7e9k1J8CD_4koan8builtins7ascribe28resolve_module_and_signature
FNDA:424,_RNvNtNtCs8h7e9k1J8CD_4koan8builtins7ascribe8register
FNF:8
FNH:8
DA:16,21
DA:17,21
DA:18,21
DA:19,21
DA:20,21
DA:21,21
DA:22,21
DA:23,0
DA:26,21
DA:27,21
DA:28,21
DA:29,21
DA:37,21
DA:38,21
DA:39,0
DA:40,21
DA:42,21
DA:55,21
DA:57,21
DA:58,21
DA:59,13
DA:60,3
DA:61,3
DA:62,3
DA:63,3
DA:64,3
DA:65,3
DA:67,10
DA:68,10
DA:69,10
DA:70,10
DA:72,13
DA:75,21
DA:76,13
DA:77,13
DA:78,13
DA:79,13
DA:80,8
DA:82,21
DA:83,2
DA:84,19
DA:89,19
DA:93,19
DA:94,19
DA:95,19
DA:96,19
DA:97,21
DA:100,19
DA:101,19
DA:102,19
DA:103,19
DA:104,19
DA:105,19
DA:106,19
DA:107,0
DA:109,19
DA:110,0
DA:111,19
DA:113,19
DA:114,19
DA:115,19
DA:116,19
DA:117,19
DA:120,19
DA:121,19
DA:122,19
DA:123,19
DA:124,19
DA:125,19
DA:129,40
DA:130,40
DA:131,40
DA:132,40
DA:135,40
DA:136,40
DA:137,40
DA:138,40
DA:139,40
DA:140,37
DA:141,0
DA:142,37
DA:143,37
DA:144,2
DA:145,2
DA:146,2
DA:147,2
DA:148,35
DA:150,38
DA:151,40
DA:162,68
DA:163,68
DA:164,68
DA:165,68
DA:166,68
DA:167,68
DA:168,68
DA:169,68
DA:170,62
DA:171,0
DA:172,62
DA:174,68
DA:175,68
DA:179,140
DA:180,140
DA:181,140
DA:182,140
DA:183,131
DA:184,9
DA:185,9
DA:186,140
DA:191,40
DA:192,40
DA:193,40
DA:194,40
DA:195,40
DA:196,40
DA:197,40
DA:199,449
DA:206,449
DA:207,449
DA:208,449
DA:209,449
DA:210,449
DA:211,449
DA:212,449
DA:214,449
DA:216,449
DA:217,449
DA:218,449
DA:219,449
DA:220,449
DA:221,449
DA:222,449
DA:224,449
DA:226,449
BRF:0
BRH:0
LF:136
LH:130
end_of_record
SF:/var/home/jack/Code/koan/src/builtins/attr.rs
FN:146,_RNvNtNtCs3yqXWJWMNss_4koan8builtins4attr11body_module
FN:127,_RNvNtNtCs3yqXWJWMNss_4koan8builtins4attr11body_struct
FN:190,_RNvNtNtCs3yqXWJWMNss_4koan8builtins4attr12access_field
FN:86,_RNvNtNtCs3yqXWJWMNss_4koan8builtins4attr13body_type_lhs
FN:32,_RNvNtNtCs3yqXWJWMNss_4koan8builtins4attr15body_identifier
FN:170,_RNvNtNtCs3yqXWJWMNss_4koan8builtins4attr15read_field_name
FN:265,_RNvNtNtCs3yqXWJWMNss_4koan8builtins4attr20access_module_member
FN:286,_RNvNtNtCs3yqXWJWMNss_4koan8builtins4attr8register
FN:146,_RNvNtNtCs8h7e9k1J8CD_4koan8builtins4attr11body_module
FN:127,_RNvNtNtCs8h7e9k1J8CD_4koan8builtins4attr11body_struct
FN:190,_RNvNtNtCs8h7e9k1J8CD_4koan8builtins4attr12access_field
FN:86,_RNvNtNtCs8h7e9k1J8CD_4koan8builtins4attr13body_type_lhs
FN:32,_RNvNtNtCs8h7e9k1J8CD_4koan8builtins4attr15body_identifier
FN:170,_RNvNtNtCs8h7e9k1J8CD_4koan8builtins4attr15read_field_name
FN:265,_RNvNtNtCs8h7e9k1J8CD_4koan8builtins4attr20access_module_member
FN:286,_RNvNtNtCs8h7e9k1J8CD_4koan8builtins4attr8register
FN:372,_RNvNtNtNtCs8h7e9k1J8CD_4koan8builtins4attr5testss_24attr_unbound_name_errors
FN:399,_RNvNtNtNtCs8h7e9k1J8CD_4koan8builtins4attr5testss_25attr_unknown_field_errors
FN:383,_RNvNtNtNtCs8h7e9k1J8CD_4koan8builtins4attr5testss_31attr_on_non_struct_value_errors
FN:415,_RNvNtNtNtCs8h7e9k1J8CD_4koan8builtins4attr5testss_33attr_chained_unknown_field_errors
FN:356,_RNvNtNtNtCs8h7e9k1J8CD_4koan8builtins4attr5testss_34attr_chained_through_nested_struct
FN:332,_RNvNtNtNtCs8h7e9k1J8CD_4koan8builtins4attr5testss_34attr_reads_field_from_named_struct
FN:344,_RNvNtNtNtCs8h7e9k1J8CD_4koan8builtins4attr5testss_35attr_reads_each_field_independently
FN:458,_RNvNtNtNtCs8h7e9k1J8CD_4koan8builtins4attr5testss_39access_field_rejects_wrapped_non_struct
FN:439,_RNvNtNtNtCs8h7e9k1J8CD_4koan8builtins4attr5testss_41access_field_falls_through_wrapped_struct
FN:482,_RNvNtNtNtCs8h7e9k1J8CD_4koan8builtins4attr5testss_53access_field_falls_through_wrapped_with_missing_field
FNDA:1,_RNvNtNtCs3yqXWJWMNss_4koan8builtins4attr11body_module
FNDA:0,_RNvNtNtCs3yqXWJWMNss_4koan8builtins4attr11body_struct
FNDA:7,_RNvNtNtCs3yqXWJWMNss_4koan8builtins4attr12access_field
FNDA:6,_RNvNtNtCs3yqXWJWMNss_4koan8builtins4attr13body_type_lhs
FNDA:1,_RNvNtNtCs3yqXWJWMNss_4koan8builtins4attr15body_identifier
FNDA:8,_RNvNtNtCs3yqXWJWMNss_4koan8builtins4attr15read_field_name
FNDA:7,_RNvNtNtCs3yqXWJWMNss_4koan8builtins4attr20access_module_member
FNDA:25,_RNvNtNtCs3yqXWJWMNss_4koan8builtins4attr8register
FNDA:1,_RNvNtNtCs8h7e9k1J8CD_4koan8builtins4attr11body_module
FNDA:2,_RNvNtNtCs8h7e9k1J8CD_4koan8builtins4attr11body_struct
FNDA:29,_RNvNtNtCs8h7e9k1J8CD_4koan8builtins4attr12access_field
FNDA:6,_RNvNtNtCs8h7e9k1J8CD_4koan8builtins4attr13body_type_lhs
FNDA:21,_RNvNtNtCs8h7e9k1J8CD_4koan8builtins4attr15body_identifier
FNDA:30,_RNvNtNtCs8h7e9k1J8CD_4koan8builtins4attr15read_field_name
FNDA:10,_RNvNtNtCs8h7e9k1J8CD_4koan8builtins4attr20access_module_member
FNDA:424,_RNvNtNtCs8h7e9k1J8CD_4koan8builtins4attr8register
FNDA:1,_RNvNtNtNtCs8h7e9k1J8CD_4koan8builtins4attr5testss_24attr_unbound_name_errors
FNDA:1,_RNvNtNtNtCs8h7e9k1J8CD_4koan8builtins4attr5testss_25attr_unknown_field_errors
FNDA:1,_RNvNtNtNtCs8h7e9k1J8CD_4koan8builtins4attr5testss_31attr_on_non_struct_value_errors
FNDA:1,_RNvNtNtNtCs8h7e9k1J8CD_4koan8builtins4attr5testss_33attr_chained_unknown_field_errors
FNDA:1,_RNvNtNtNtCs8h7e9k1J8CD_4koan8builtins4attr5testss_34attr_chained_through_nested_struct
FNDA:1,_RNvNtNtNtCs8h7e9k1J8CD_4koan8builtins4attr5testss_34attr_reads_field_from_named_struct
FNDA:1,_RNvNtNtNtCs8h7e9k1J8CD_4koan8builtins4attr5testss_35attr_reads_each_field_independently
FNDA:1,_RNvNtNtNtCs8h7e9k1J8CD_4koan8builtins4attr5testss_39access_field_rejects_wrapped_non_struct
FNDA:1,_RNvNtNtNtCs8h7e9k1J8CD_4koan8builtins4attr5testss_41access_field_falls_through_wrapped_struct
FNDA:1,_RNvNtNtNtCs8h7e9k1J8CD_4koan8builtins4attr5testss_53access_field_falls_through_wrapped_with_missing_field
FNF:18
FNH:18
DA:32,22
DA:33,22
DA:34,22
DA:35,22
DA:36,22
DA:37,22
DA:38,22
DA:39,0
DA:40,0
DA:41,0
DA:42,0
DA:43,0
DA:44,0
DA:46,0
DA:48,22
DA:49,22
DA:50,22
DA:51,0
DA:58,22
DA:59,18
DA:60,4
DA:61,4
DA:62,3
DA:63,3
DA:64,0
DA:65,0
DA:70,0
DA:72,1
DA:73,1
DA:74,22
DA:86,12
DA:87,12
DA:88,12
DA:89,12
DA:90,12
DA:91,12
DA:96,0
DA:101,12
DA:102,0
DA:103,0
DA:104,0
DA:105,0
DA:106,0
DA:107,0
DA:109,0
DA:111,12
DA:112,12
DA:113,0
DA:120,12
DA:121,12
DA:122,0
DA:124,12
DA:125,12
DA:127,2
DA:128,2
DA:129,2
DA:130,2
DA:131,2
DA:132,2
DA:133,2
DA:134,0
DA:136,2
DA:137,2
DA:138,0
DA:140,2
DA:141,2
DA:146,2
DA:147,2
DA:148,2
DA:149,2
DA:150,2
DA:151,2
DA:152,2
DA:153,0
DA:155,2
DA:156,2
DA:157,0
DA:159,2
DA:160,2
DA:161,0
DA:162,0
DA:163,0
DA:164,0
DA:165,0
DA:167,2
DA:168,2
DA:170,38
DA:171,38
DA:172,33
DA:176,0
DA:180,5
DA:181,0
DA:182,0
DA:183,0
DA:184,0
DA:185,0
DA:186,0
DA:188,38
DA:190,36
DA:191,36
DA:192,36
DA:193,36
DA:194,36
DA:195,12
DA:196,18
DA:197,15
DA:198,3
DA:199,3
DA:200,3
DA:201,3
DA:205,12
DA:207,0
DA:208,0
DA:209,0
DA:210,0
DA:211,0
DA:212,0
DA:213,0
DA:214,0
DA:215,0
DA:216,0
DA:217,0
DA:218,0
DA:219,0
DA:220,0
DA:223,0
DA:224,0
DA:235,4
DA:236,2
DA:237,2
DA:238,2
DA:239,2
DA:240,2
DA:242,36
DA:265,17
DA:266,17
DA:267,3
DA:268,3
DA:269,3
DA:270,14
DA:271,14
DA:272,14
DA:273,13
DA:274,1
DA:275,1
DA:276,0
DA:277,0
DA:278,0
DA:279,1
DA:280,1
DA:281,1
DA:282,1
DA:283,1
DA:284,17
DA:286,449
DA:287,449
DA:288,449
DA:289,449
DA:290,449
DA:291,449
DA:293,449
DA:294,449
DA:295,449
DA:296,449
DA:297,449
DA:298,449
DA:299,449
DA:300,449
DA:301,449
DA:309,449
DA:310,449
DA:311,449
DA:312,449
DA:313,449
DA:314,449
DA:315,449
DA:316,449
DA:317,449
DA:320,449
DA:321,449
DA:322,449
DA:323,449
DA:332,1
DA:333,1
DA:334,1
DA:335,1
DA:336,1
DA:337,1
DA:339,1
DA:340,1
DA:341,1
DA:344,1
DA:345,1
DA:346,1
DA:347,1
DA:348,1
DA:349,1
DA:351,1
DA:352,1
DA:353,1
DA:356,1
DA:357,1
DA:358,1
DA:359,1
DA:360,1
DA:361,1
DA:362,1
DA:363,1
DA:364,1
DA:365,1
DA:367,1
DA:368,1
DA:369,1
DA:372,1
DA:373,1
DA:374,1
DA:375,1
DA:376,1
DA:377,1
DA:380,1
DA:383,1
DA:384,1
DA:385,1
DA:386,1
DA:387,1
DA:388,1
DA:389,1
DA:390,1
DA:391,1
DA:392,1
DA:394,0
DA:396,1
DA:399,1
DA:400,1
DA:401,1
DA:402,1
DA:403,1
DA:404,1
DA:406,1
DA:407,1
DA:408,1
DA:409,1
DA:412,1
DA:415,1
DA:416,1
DA:417,1
DA:418,1
DA:419,1
DA:420,1
DA:421,1
DA:422,1
DA:423,1
DA:424,1
DA:426,1
DA:427,1
DA:428,1
DA:429,1
DA:432,1
DA:439,1
DA:440,1
DA:441,1
DA:442,1
DA:443,1
DA:444,1
DA:445,1
DA:446,1
DA:447,1
DA:449,1
DA:450,1
DA:451,1
DA:458,1
DA:459,1
DA:460,1
DA:461,1
DA:462,1
DA:463,1
DA:464,1
DA:466,1
DA:467,1
DA:468,1
DA:469,1
DA:470,1
DA:471,1
DA:473,0
DA:475,1
DA:482,1
DA:483,1
DA:484,1
DA:485,1
DA:486,1
DA:487,1
DA:488,1
DA:489,1
DA:490,1
DA:492,1
DA:493,1
DA:494,1
DA:495,1
DA:498,1
BRF:0
BRH:0
LF:299
LH:238
end_of_record
SF:/var/home/jack/Code/koan/src/builtins/branch_walk.rs
FN:20,_RNvNtNtCs3yqXWJWMNss_4koan8builtins11branch_walk16find_branch_body
FN:20,_RNvNtNtCs8h7e9k1J8CD_4koan8builtins11branch_walk16find_branch_body
FNDA:0,_RNvNtNtCs3yqXWJWMNss_4koan8builtins11branch_walk16find_branch_body
FNDA:82,_RNvNtNtCs8h7e9k1J8CD_4koan8builtins11branch_walk16find_branch_body
FNF:1
FNH:1
DA:20,82
DA:21,82
DA:22,82
DA:23,82
DA:24,82
DA:25,82
DA:26,82
DA:27,0
DA:28,0
DA:29,0
DA:30,0
DA:31,82
DA:32,82
DA:33,82
DA:34,120
DA:35,113
DA:36,113
DA:37,113
DA:38,113
DA:39,101
DA:43,9
DA:44,9
DA:49,3
DA:50,0
DA:51,0
DA:52,0
DA:53,0
DA:54,0
DA:57,113
DA:58,113
DA:59,0
DA:60,0
DA:61,0
DA:62,0
DA:63,0
DA:66,113
DA:67,111
DA:68,2
DA:69,2
DA:70,2
DA:71,2
DA:72,2
DA:78,111
DA:79,111
DA:80,73
DA:81,38
DA:82,38
DA:83,3
DA:84,35
DA:85,38
DA:87,7
DA:88,82
BRF:0
BRH:0
LF:52
LH:38
end_of_record
SF:/var/home/jack/Code/koan/src/builtins/call_by_name.rs
FN:10,_RNvNtNtCs3yqXWJWMNss_4koan8builtins12call_by_name4body
FN:59,_RNvNtNtCs3yqXWJWMNss_4koan8builtins12call_by_name8register
FN:10,_RNvNtNtCs8h7e9k1J8CD_4koan8builtins12call_by_name4body
FN:59,_RNvNtNtCs8h7e9k1J8CD_4koan8builtins12call_by_name8register
FN:132,_RNvNtNtNtCs8h7e9k1J8CD_4koan8builtins12call_by_name5testss_26call_by_name_missing_colon
FN:78,_RNvNtNtNtCs8h7e9k1J8CD_4koan8builtins12call_by_name5testss_28fn_callable_via_call_by_name
FN:106,_RNvNtNtNtCs8h7e9k1J8CD_4koan8builtins12call_by_name5testss_30call_by_name_missing_named_arg
FN:120,_RNvNtNtNtCs8h7e9k1J8CD_4koan8builtins12call_by_name5testss_30call_by_name_unknown_named_arg
FN:144,_RNvNtNtNtCs8h7e9k1J8CD_4koan8builtins12call_by_name5testss_32call_by_name_duplicate_named_arg
FN:207,_RNvNtNtNtCs8h7e9k1J8CD_4koan8builtins12call_by_name5testss_34call_by_name_unbound_returns_error
FN:88,_RNvNtNtNtCs8h7e9k1J8CD_4koan8builtins12call_by_name5testss_36call_by_name_weaves_internal_keyword
FN:191,_RNvNtNtNtCs8h7e9k1J8CD_4koan8builtins12call_by_name5testss_38call_by_name_on_struct_type_constructs
FN:174,_RNvNtNtNtCs8h7e9k1J8CD_4koan8builtins12call_by_name5testss_39call_by_name_on_tagged_union_constructs
FN:97,_RNvNtNtNtCs8h7e9k1J8CD_4koan8builtins12call_by_name5testss_41call_by_name_named_args_order_independent
FN:158,_RNvNtNtNtCs8h7e9k1J8CD_4koan8builtins12call_by_name5testss_42call_by_name_on_non_function_returns_error
FN:238,_RNvNtNtNtCs8h7e9k1J8CD_4koan8builtins12call_by_name5testss_45escaped_closure_with_param_returns_body_value
FN:221,_RNvNtNtNtCs8h7e9k1J8CD_4koan8builtins12call_by_name5testss_48closure_escapes_outer_call_and_remains_invocable
FN:255,_RNvNtNtNtCs8h7e9k1J8CD_4koan8builtins12call_by_name5testss_52list_of_closures_escapes_outer_call_with_rc_attached
FNDA:0,_RNvNtNtCs3yqXWJWMNss_4koan8builtins12call_by_name4body
FNDA:25,_RNvNtNtCs3yqXWJWMNss_4koan8builtins12call_by_name8register
FNDA:14,_RNvNtNtCs8h7e9k1J8CD_4koan8builtins12call_by_name4body
FNDA:424,_RNvNtNtCs8h7e9k1J8CD_4koan8builtins12call_by_name8register
FNDA:1,_RNvNtNtNtCs8h7e9k1J8CD_4koan8builtins12call_by_name5testss_26call_by_name_missing_colon
FNDA:1,_RNvNtNtNtCs8h7e9k1J8CD_4koan8builtins12call_by_name5testss_28fn_callable_via_call_by_name
FNDA:1,_RNvNtNtNtCs8h7e9k1J8CD_4koan8builtins12call_by_name5testss_30call_by_name_missing_named_arg
FNDA:1,_RNvNtNtNtCs8h7e9k1J8CD_4koan8builtins12call_by_name5testss_30call_by_name_unknown_named_arg
FNDA:1,_RNvNtNtNtCs8h7e9k1J8CD_4koan8builtins12call_by_name5testss_32call_by_name_duplicate_named_arg
FNDA:1,_RNvNtNtNtCs8h7e9k1J8CD_4koan8builtins12call_by_name5testss_34call_by_name_unbound_returns_error
FNDA:1,_RNvNtNtNtCs8h7e9k1J8CD_4koan8builtins12call_by_name5testss_36call_by_name_weaves_internal_keyword
FNDA:1,_RNvNtNtNtCs8h7e9k1J8CD_4koan8builtins12call_by_name5testss_38call_by_name_on_struct_type_constructs
FNDA:1,_RNvNtNtNtCs8h7e9k1J8CD_4koan8builtins12call_by_name5testss_39call_by_name_on_tagged_union_constructs
FNDA:1,_RNvNtNtNtCs8h7e9k1J8CD_4koan8builtins12call_by_name5testss_41call_by_name_named_args_order_independent
FNDA:1,_RNvNtNtNtCs8h7e9k1J8CD_4koan8builtins12call_by_name5testss_42call_by_name_on_non_function_returns_error
FNDA:1,_RNvNtNtNtCs8h7e9k1J8CD_4koan8builtins12call_by_name5testss_45escaped_closure_with_param_returns_body_value
FNDA:1,_RNvNtNtNtCs8h7e9k1J8CD_4koan8builtins12call_by_name5testss_48closure_escapes_outer_call_and_remains_invocable
FNDA:1,_RNvNtNtNtCs8h7e9k1J8CD_4koan8builtins12call_by_name5testss_52list_of_closures_escapes_outer_call_with_rc_attached
FNF:16
FNH:16
DA:10,14
DA:11,14
DA:12,14
DA:13,14
DA:14,14
DA:16,14
DA:17,14
DA:18,0
DA:19,0
DA:20,0
DA:21,0
DA:22,0
DA:23,0
DA:26,0
DA:31,14
DA:32,14
DA:33,14
DA:34,0
DA:35,0
DA:36,0
DA:37,0
DA:39,0
DA:41,14
DA:42,9
DA:44,5
DA:45,1
DA:46,4
DA:47,3
DA:48,1
DA:49,1
DA:50,1
DA:51,1
DA:52,1
DA:57,14
DA:59,449
DA:60,449
DA:61,449
DA:62,449
DA:63,449
DA:64,449
DA:65,449
DA:67,449
DA:69,449
DA:78,1
DA:79,1
DA:80,1
DA:81,1
DA:82,1
DA:83,1
DA:84,1
DA:88,1
DA:89,1
DA:90,1
DA:91,1
DA:92,1
DA:93,1
DA:94,1
DA:97,1
DA:98,1
DA:99,1
DA:100,1
DA:101,1
DA:102,1
DA:103,1
DA:106,1
DA:107,1
DA:108,1
DA:109,1
DA:110,1
DA:111,1
DA:112,1
DA:115,1
DA:120,1
DA:121,1
DA:122,1
DA:123,1
DA:124,1
DA:125,1
DA:126,1
DA:129,1
DA:132,1
DA:133,1
DA:134,1
DA:135,1
DA:136,1
DA:137,1
DA:138,1
DA:141,1
DA:144,1
DA:145,1
DA:146,1
DA:147,1
DA:148,1
DA:149,1
DA:150,1
DA:153,1
DA:158,1
DA:159,1
DA:160,1
DA:161,1
DA:162,1
DA:163,1
DA:164,1
DA:165,1
DA:166,1
DA:167,1
DA:171,1
DA:174,1
DA:175,1
DA:176,1
DA:177,1
DA:178,1
DA:179,1
DA:180,1
DA:181,1
DA:182,1
DA:184,0
DA:186,1
DA:191,1
DA:192,1
DA:193,1
DA:194,1
DA:195,1
DA:196,1
DA:197,1
DA:198,1
DA:199,1
DA:200,1
DA:202,0
DA:204,1
DA:207,1
DA:208,1
DA:209,1
DA:210,1
DA:211,1
DA:212,1
DA:215,1
DA:221,1
DA:222,1
DA:223,1
DA:224,1
DA:225,1
DA:226,1
DA:227,1
DA:229,1
DA:230,1
DA:231,1
DA:232,0
DA:234,1
DA:238,1
DA:239,1
DA:240,1
DA:241,1
DA:242,1
DA:243,1
DA:244,1
DA:246,1
DA:247,1
DA:248,1
DA:255,1
DA:256,1
DA:257,1
DA:258,1
DA:259,1
DA:260,1
DA:261,1
DA:262,0
DA:264,1
DA:265,1
DA:266,1
DA:267,1
DA:271,0
DA:273,1
BRF:0
BRH:0
LF:173
LH:156
end_of_record
SF:/var/home/jack/Code/koan/src/builtins/catch.rs
FN:22,_RNvNtNtCs3yqXWJWMNss_4koan8builtins5catch4body
FN:68,_RNvNtNtCs3yqXWJWMNss_4koan8builtins5catch8register
FN:46,_RNCNvNtNtCs3yqXWJWMNss_4koan8builtins5catch4body0B7_
FN:22,_RNvNtNtCs8h7e9k1J8CD_4koan8builtins5catch4body
FN:68,_RNvNtNtCs8h7e9k1J8CD_4koan8builtins5catch8register
FN:46,_RNCNvNtNtCs8h7e9k1J8CD_4koan8builtins5catch4body0B7_
FNDA:0,_RNvNtNtCs3yqXWJWMNss_4koan8builtins5catch4body
FNDA:25,_RNvNtNtCs3yqXWJWMNss_4koan8builtins5catch8register
FNDA:0,_RNCNvNtNtCs3yqXWJWMNss_4koan8builtins5catch4body0B7_
FNDA:8,_RNvNtNtCs8h7e9k1J8CD_4koan8builtins5catch4body
FNDA:424,_RNvNtNtCs8h7e9k1J8CD_4koan8builtins5catch8register
FNDA:8,_RNCNvNtNtCs8h7e9k1J8CD_4koan8builtins5catch4body0B7_
FNF:3
FNH:3
DA:22,8
DA:23,8
DA:24,8
DA:25,8
DA:26,8
DA:27,8
DA:28,8
DA:30,0
DA:31,0
DA:32,0
DA:41,8
DA:42,8
DA:43,0
DA:45,8
DA:46,8
DA:47,8
DA:48,4
DA:49,4
DA:51,8
DA:52,8
DA:53,8
DA:54,8
DA:55,8
DA:56,8
DA:57,8
DA:58,8
DA:59,8
DA:60,8
DA:61,8
DA:62,8
DA:63,8
DA:64,8
DA:65,8
DA:66,8
DA:68,449
DA:69,449
DA:70,449
DA:71,449
DA:72,449
DA:73,449
DA:74,449
DA:76,449
DA:78,449
BRF:0
BRH:0
LF:44
LH:40
end_of_record
SF:/var/home/jack/Code/koan/src/builtins/cons.rs
FN:70,_RNvNtNtCs3yqXWJWMNss_4koan8builtins4cons20fold_multi_statement
FN:31,_RNvNtNtCs3yqXWJWMNss_4koan8builtins4cons4body
FN:88,_RNvNtNtCs3yqXWJWMNss_4koan8builtins4cons8register
FN:133,_RNCNvNtNtNtCs8h7e9k1J8CD_4koan8builtins4cons5testss_43multi_statement_fn_body_runs_each_statement0B9_
FN:135,_RNCNvNtNtNtCs8h7e9k1J8CD_4koan8builtins4cons5testss_43multi_statement_fn_body_runs_each_statements0_0B9_
FN:134,_RNCNvNtNtNtCs8h7e9k1J8CD_4koan8builtins4cons5testss_43multi_statement_fn_body_runs_each_statements_0B9_
FN:70,_RNvNtNtCs8h7e9k1J8CD_4koan8builtins4cons20fold_multi_statement
FN:31,_RNvNtNtCs8h7e9k1J8CD_4koan8builtins4cons4body
FN:88,_RNvNtNtCs8h7e9k1J8CD_4koan8builtins4cons8register
FN:107,_RNvNtNtNtCs8h7e9k1J8CD_4koan8builtins4cons5tests7capture
FN:188,_RNvNtNtNtCs8h7e9k1J8CD_4koan8builtins4cons5testss_31single_statement_body_unchanged
FN:175,_RNvNtNtNtCs8h7e9k1J8CD_4koan8builtins4cons5testss_42backward_reference_across_statements_works
FN:116,_RNvNtNtNtCs8h7e9k1J8CD_4koan8builtins4cons5testss_42multi_statement_fn_body_returns_last_value
FN:128,_RNvNtNtNtCs8h7e9k1J8CD_4koan8builtins4cons5testss_43multi_statement_fn_body_runs_each_statement
FN:139,_RNvNtNtNtCs8h7e9k1J8CD_4koan8builtins4cons5testss_47multi_statement_match_branch_returns_last_value
FN:155,_RNvNtNtNtCs8h7e9k1J8CD_4koan8builtins4cons5testss_59fn_recursion_with_multi_statement_body_via_match_terminates
FNDA:12,_RNvNtNtCs3yqXWJWMNss_4koan8builtins4cons20fold_multi_statement
FNDA:0,_RNvNtNtCs3yqXWJWMNss_4koan8builtins4cons4body
FNDA:25,_RNvNtNtCs3yqXWJWMNss_4koan8builtins4cons8register
FNDA:3,_RNCNvNtNtNtCs8h7e9k1J8CD_4koan8builtins4cons5testss_43multi_statement_fn_body_runs_each_statement0B9_
FNDA:1,_RNCNvNtNtNtCs8h7e9k1J8CD_4koan8builtins4cons5testss_43multi_statement_fn_body_runs_each_statements0_0B9_
FNDA:5,_RNCNvNtNtNtCs8h7e9k1J8CD_4koan8builtins4cons5testss_43multi_statement_fn_body_runs_each_statements_0B9_
FNDA:282,_RNvNtNtCs8h7e9k1J8CD_4koan8builtins4cons20fold_multi_statement
FNDA:9,_RNvNtNtCs8h7e9k1J8CD_4koan8builtins4cons4body
FNDA:424,_RNvNtNtCs8h7e9k1J8CD_4koan8builtins4cons8register
FNDA:3,_RNvNtNtNtCs8h7e9k1J8CD_4koan8builtins4cons5tests7capture
FNDA:1,_RNvNtNtNtCs8h7e9k1J8CD_4koan8builtins4cons5testss_31single_statement_body_unchanged
FNDA:1,_RNvNtNtNtCs8h7e9k1J8CD_4koan8builtins4cons5testss_42backward_reference_across_statements_works
FNDA:1,_RNvNtNtNtCs8h7e9k1J8CD_4koan8builtins4cons5testss_42multi_statement_fn_body_returns_last_value
FNDA:1,_RNvNtNtNtCs8h7e9k1J8CD_4koan8builtins4cons5testss_43multi_statement_fn_body_runs_each_statement
FNDA:1,_RNvNtNtNtCs8h7e9k1J8CD_4koan8builtins4cons5testss_47multi_statement_match_branch_returns_last_value
FNDA:1,_RNvNtNtNtCs8h7e9k1J8CD_4koan8builtins4cons5testss_59fn_recursion_with_multi_statement_body_via_match_terminates
FNF:13
FNH:13
DA:31,9
DA:32,9
DA:33,9
DA:34,9
DA:35,9
DA:36,9
DA:37,9
DA:39,0
DA:40,0
DA:41,0
DA:44,9
DA:45,9
DA:47,0
DA:48,0
DA:49,0
DA:54,9
DA:55,9
DA:56,9
DA:70,294
DA:71,294
DA:72,127
DA:73,167
DA:74,167
DA:75,5
DA:76,162
DA:78,13
DA:79,8
DA:80,8
DA:81,8
DA:82,8
DA:83,8
DA:84,8
DA:85,5
DA:86,294
DA:88,449
DA:89,449
DA:90,449
DA:91,449
DA:92,449
DA:93,449
DA:94,449
DA:95,449
DA:97,449
DA:99,449
DA:107,3
DA:108,3
DA:109,3
DA:110,3
DA:111,3
DA:112,3
DA:113,3
DA:116,1
DA:117,1
DA:118,1
DA:119,1
DA:120,1
DA:121,1
DA:123,1
DA:124,1
DA:125,1
DA:128,1
DA:129,1
DA:130,1
DA:133,3
DA:134,5
DA:135,1
DA:136,1
DA:139,1
DA:140,1
DA:141,1
DA:142,1
DA:143,1
DA:144,1
DA:145,1
DA:146,1
DA:149,1
DA:150,1
DA:151,1
DA:152,1
DA:155,1
DA:159,1
DA:160,1
DA:161,1
DA:162,1
DA:163,1
DA:164,1
DA:165,1
DA:166,1
DA:167,1
DA:168,1
DA:170,1
DA:171,1
DA:172,1
DA:175,1
DA:177,1
DA:178,1
DA:179,1
DA:180,1
DA:181,1
DA:183,1
DA:184,1
DA:185,1
DA:188,1
DA:190,1
DA:191,1
DA:192,1
DA:193,1
DA:194,1
DA:195,1
BRF:0
BRH:0
LF:112
LH:106
end_of_record
SF:/var/home/jack/Code/koan/src/builtins/eval.rs
FN:21,_RNvNtNtCs3yqXWJWMNss_4koan8builtins4eval4body
FN:50,_RNvNtNtCs3yqXWJWMNss_4koan8builtins4eval8register
FN:64,_RNvNtNtNtCs8h7e9k1J8CD_4koan8builtins4eval5tests11run_program
FN:128,_RNvNtNtNtCs8h7e9k1J8CD_4koan8builtins4eval5testss_21recursive_eval_no_uaf
FN:73,_RNvNtNtNtCs8h7e9k1J8CD_4koan8builtins4eval5testss_22eval_of_quoted_literal
FN:109,_RNvNtNtNtCs8h7e9k1J8CD_4koan8builtins4eval5testss_34multiline_sigil_collapse_roundtrip
FN:119,_RNvNtNtNtCs8h7e9k1J8CD_4koan8builtins4eval5testss_35eval_returns_inner_expression_value
FN:102,_RNvNtNtNtCs8h7e9k1J8CD_4koan8builtins4eval5testss_37eval_runs_side_effects_in_quoted_body
FN:79,_RNvNtNtNtCs8h7e9k1J8CD_4koan8builtins4eval5testss_38eval_of_function_returning_kexpression
FN:89,_RNvNtNtNtCs8h7e9k1J8CD_4koan8builtins4eval5testss_49eval_of_non_kexpression_errors_with_type_mismatch
FN:21,_RNvNtNtCs8h7e9k1J8CD_4koan8builtins4eval4body
FN:50,_RNvNtNtCs8h7e9k1J8CD_4koan8builtins4eval8register
FNDA:0,_RNvNtNtCs3yqXWJWMNss_4koan8builtins4eval4body
FNDA:25,_RNvNtNtCs3yqXWJWMNss_4koan8builtins4eval8register
FNDA:6,_RNvNtNtNtCs8h7e9k1J8CD_4koan8builtins4eval5tests11run_program
FNDA:1,_RNvNtNtNtCs8h7e9k1J8CD_4koan8builtins4eval5testss_21recursive_eval_no_uaf
FNDA:1,_RNvNtNtNtCs8h7e9k1J8CD_4koan8builtins4eval5testss_22eval_of_quoted_literal
FNDA:1,_RNvNtNtNtCs8h7e9k1J8CD_4koan8builtins4eval5testss_34multiline_sigil_collapse_roundtrip
FNDA:1,_RNvNtNtNtCs8h7e9k1J8CD_4koan8builtins4eval5testss_35eval_returns_inner_expression_value
FNDA:1,_RNvNtNtNtCs8h7e9k1J8CD_4koan8builtins4eval5testss_37eval_runs_side_effects_in_quoted_body
FNDA:1,_RNvNtNtNtCs8h7e9k1J8CD_4koan8builtins4eval5testss_38eval_of_function_returning_kexpression
FNDA:1,_RNvNtNtNtCs8h7e9k1J8CD_4koan8builtins4eval5testss_49eval_of_non_kexpression_errors_with_type_mismatch
FNDA:9,_RNvNtNtCs8h7e9k1J8CD_4koan8builtins4eval4body
FNDA:424,_RNvNtNtCs8h7e9k1J8CD_4koan8builtins4eval8register
FNF:10
FNH:10
DA:21,9
DA:22,9
DA:23,9
DA:24,9
DA:25,9
DA:26,9
DA:27,9
DA:28,0
DA:30,9
DA:31,8
DA:32,1
DA:33,1
DA:34,1
DA:35,1
DA:36,1
DA:37,1
DA:46,8
DA:47,8
DA:48,9
DA:50,449
DA:51,449
DA:52,449
DA:53,449
DA:54,449
DA:55,449
DA:57,449
DA:64,6
DA:65,6
DA:66,6
DA:67,6
DA:68,6
DA:69,6
DA:70,6
DA:73,1
DA:74,1
DA:75,1
DA:76,1
DA:79,1
DA:81,1
DA:82,1
DA:83,1
DA:85,1
DA:86,1
DA:89,1
DA:90,1
DA:91,1
DA:92,1
DA:93,1
DA:94,1
DA:95,1
DA:96,1
DA:99,1
DA:102,1
DA:104,1
DA:105,1
DA:106,1
DA:109,1
DA:112,1
DA:113,1
DA:115,1
DA:116,1
DA:119,1
DA:123,1
DA:124,1
DA:125,1
DA:128,1
DA:133,1
DA:134,1
DA:135,1
DA:136,1
DA:137,1
DA:138,1
DA:139,1
DA:141,1
DA:142,1
BRF:0
BRH:0
LF:75
LH:74
end_of_record
SF:/var/home/jack/Code/koan/src/builtins/fn_def.rs
FN:29,_RNvNtNtCs3yqXWJWMNss_4koan8builtins6fn_def4body
FN:95,_RNvNtNtCs3yqXWJWMNss_4koan8builtins6fn_def8register
FN:29,_RNvNtNtCs8h7e9k1J8CD_4koan8builtins6fn_def4body
FN:95,_RNvNtNtCs8h7e9k1J8CD_4koan8builtins6fn_def8register
FNDA:9,_RNvNtNtCs3yqXWJWMNss_4koan8builtins6fn_def4body
FNDA:25,_RNvNtNtCs3yqXWJWMNss_4koan8builtins6fn_def8register
FNDA:163,_RNvNtNtCs8h7e9k1J8CD_4koan8builtins6fn_def4body
FNDA:424,_RNvNtNtCs8h7e9k1J8CD_4koan8builtins6fn_def8register
FNF:2
FNH:2
DA:29,172
DA:30,172
DA:31,172
DA:32,172
DA:33,172
DA:34,172
DA:35,172
DA:37,0
DA:38,0
DA:39,0
DA:42,172
DA:43,172
DA:44,0
DA:46,172
DA:47,172
DA:49,0
DA:50,0
DA:51,0
DA:57,172
DA:63,172
DA:65,172
DA:71,170
DA:72,172
DA:73,170
DA:74,2
DA:77,170
DA:78,151
DA:79,4
DA:80,15
DA:81,15
DA:85,166
DA:86,145
DA:87,145
DA:89,21
DA:90,21
DA:93,172
DA:95,449
DA:112,449
DA:113,449
DA:114,449
DA:115,449
DA:116,449
DA:117,449
DA:118,449
DA:119,449
DA:120,449
DA:121,449
DA:123,449
DA:124,449
DA:125,449
DA:128,449
DA:129,449
DA:130,449
DA:131,449
DA:132,449
DA:133,449
DA:134,449
DA:135,449
DA:136,449
DA:137,449
DA:139,449
DA:140,449
DA:141,449
DA:144,449
BRF:0
BRH:0
LF:64
LH:57
end_of_record
SF:/var/home/jack/Code/koan/src/builtins/fn_def/finalize.rs
FN:317,_RNCNvNtNtNtCs3yqXWJWMNss_4koan8builtins6fn_def8finalize17defer_via_combine0B9_
FN:227,_RNCNvNtNtNtCs3yqXWJWMNss_4koan8builtins6fn_def8finalize21finalize_fn_with_flag0B9_
FN:179,_RNvNtNtNtCs3yqXWJWMNss_4koan8builtins6fn_def8finalize11finalize_fn
FN:284,_RNvNtNtNtCs3yqXWJWMNss_4koan8builtins6fn_def8finalize17defer_via_combine
FN:199,_RNvNtNtNtCs3yqXWJWMNss_4koan8builtins6fn_def8finalize21finalize_fn_with_flag
FN:87,_RNvNtNtNtCs3yqXWJWMNss_4koan8builtins6fn_def8finalize8classify
FN:317,_RNCNvNtNtNtCs8h7e9k1J8CD_4koan8builtins6fn_def8finalize17defer_via_combine0B9_
FN:227,_RNCNvNtNtNtCs8h7e9k1J8CD_4koan8builtins6fn_def8finalize21finalize_fn_with_flag0B9_
FN:179,_RNvNtNtNtCs8h7e9k1J8CD_4koan8builtins6fn_def8finalize11finalize_fn
FN:284,_RNvNtNtNtCs8h7e9k1J8CD_4koan8builtins6fn_def8finalize17defer_via_combine
FN:199,_RNvNtNtNtCs8h7e9k1J8CD_4koan8builtins6fn_def8finalize21finalize_fn_with_flag
FN:87,_RNvNtNtNtCs8h7e9k1J8CD_4koan8builtins6fn_def8finalize8classify
FNDA:7,_RNCNvNtNtNtCs3yqXWJWMNss_4koan8builtins6fn_def8finalize17defer_via_combine0B9_
FNDA:12,_RNCNvNtNtNtCs3yqXWJWMNss_4koan8builtins6fn_def8finalize21finalize_fn_with_flag0B9_
FNDA:5,_RNvNtNtNtCs3yqXWJWMNss_4koan8builtins6fn_def8finalize11finalize_fn
FNDA:7,_RNvNtNtNtCs3yqXWJWMNss_4koan8builtins6fn_def8finalize17defer_via_combine
FNDA:12,_RNvNtNtNtCs3yqXWJWMNss_4koan8builtins6fn_def8finalize21finalize_fn_with_flag
FNDA:12,_RNvNtNtNtCs3yqXWJWMNss_4koan8builtins6fn_def8finalize8classify
FNDA:22,_RNCNvNtNtNtCs8h7e9k1J8CD_4koan8builtins6fn_def8finalize17defer_via_combine0B9_
FNDA:165,_RNCNvNtNtNtCs8h7e9k1J8CD_4koan8builtins6fn_def8finalize21finalize_fn_with_flag0B9_
FNDA:140,_RNvNtNtNtCs8h7e9k1J8CD_4koan8builtins6fn_def8finalize11finalize_fn
FNDA:22,_RNvNtNtNtCs8h7e9k1J8CD_4koan8builtins6fn_def8finalize17defer_via_combine
FNDA:160,_RNvNtNtNtCs8h7e9k1J8CD_4koan8builtins6fn_def8finalize21finalize_fn_with_flag
FNDA:162,_RNvNtNtNtCs8h7e9k1J8CD_4koan8builtins6fn_def8finalize8classify
FNF:6
FNH:6
DA:87,174
DA:88,174
DA:89,174
DA:90,174
DA:91,174
DA:92,138
DA:93,138
DA:94,138
DA:95,138
DA:96,7
DA:97,7
DA:98,7
DA:99,7
DA:100,4
DA:104,4
DA:105,4
DA:106,4
DA:107,4
DA:108,4
DA:109,4
DA:112,15
DA:113,15
DA:114,15
DA:115,15
DA:116,15
DA:117,15
DA:118,15
DA:119,15
DA:121,2
DA:122,2
DA:123,2
DA:124,2
DA:125,2
DA:126,2
DA:127,2
DA:128,2
DA:129,2
DA:130,2
DA:131,2
DA:133,1
DA:134,1
DA:140,1
DA:141,1
DA:142,1
DA:143,1
DA:144,1
DA:145,1
DA:146,1
DA:148,2
DA:153,2
DA:154,2
DA:155,2
DA:156,2
DA:157,2
DA:158,2
DA:161,5
DA:162,5
DA:164,5
DA:165,5
DA:166,5
DA:167,5
DA:168,5
DA:169,5
DA:170,5
DA:173,174
DA:179,145
DA:180,145
DA:181,145
DA:182,145
DA:183,145
DA:184,145
DA:185,145
DA:186,145
DA:199,172
DA:200,172
DA:201,172
DA:202,172
DA:203,172
DA:204,172
DA:205,172
DA:211,172
DA:212,8
DA:213,8
DA:214,0
DA:215,0
DA:216,0
DA:217,0
DA:218,0
DA:219,8
DA:220,0
DA:221,164
DA:227,177
DA:228,171
DA:229,6
DA:230,177
DA:231,172
DA:232,171
DA:234,1
DA:235,1
DA:236,1
DA:237,1
DA:241,171
DA:243,171
DA:244,171
DA:245,171
DA:246,171
DA:247,171
DA:248,171
DA:249,171
DA:250,171
DA:251,171
DA:255,171
DA:256,171
DA:257,1
DA:258,170
DA:262,170
DA:263,172
DA:284,29
DA:285,29
DA:286,29
DA:287,29
DA:288,29
DA:289,29
DA:290,29
DA:291,29
DA:292,29
DA:304,29
DA:305,29
DA:306,29
DA:307,29
DA:308,5
DA:309,24
DA:310,29
DA:311,29
DA:312,4
DA:313,4
DA:314,4
DA:315,4
DA:317,29
DA:322,29
DA:323,29
DA:324,4
DA:328,4
DA:329,1
DA:330,1
DA:331,1
DA:332,1
DA:333,1
DA:334,3
DA:335,3
DA:337,28
DA:344,28
DA:345,28
DA:346,27
DA:347,1
DA:349,27
DA:350,27
DA:351,0
DA:352,0
DA:355,0
DA:356,0
DA:357,0
DA:363,27
DA:364,29
DA:365,29
DA:366,29
DA:367,29
BRF:0
BRH:0
LF:169
LH:157
end_of_record
SF:/var/home/jack/Code/koan/src/builtins/fn_def/param_refs.rs
FN:46,_RNCNvNtNtNtCs3yqXWJWMNss_4koan8builtins6fn_def10param_refs19part_references_any0B9_
FN:52,_RNCNvNtNtNtCs3yqXWJWMNss_4koan8builtins6fn_def10param_refs19part_references_anys0_0B9_
FN:50,_RNCNvNtNtNtCs3yqXWJWMNss_4koan8builtins6fn_def10param_refs19part_references_anys_0B9_
FN:21,_RNCNvNtNtNtCs3yqXWJWMNss_4koan8builtins6fn_def10param_refs24type_expr_references_any0B9_
FN:28,_RNCNvNtNtNtCs3yqXWJWMNss_4koan8builtins6fn_def10param_refs24type_expr_references_anys0_0B9_
FN:26,_RNCNvNtNtNtCs3yqXWJWMNss_4koan8builtins6fn_def10param_refs24type_expr_references_anys_0B9_
FN:41,_RNCNvNtNtNtCs3yqXWJWMNss_4koan8builtins6fn_def10param_refs26kexpression_references_any0B9_
FN:44,_RNvNtNtNtCs3yqXWJWMNss_4koan8builtins6fn_def10param_refs19part_references_any
FN:20,_RNvNtNtNtCs3yqXWJWMNss_4koan8builtins6fn_def10param_refs24type_expr_references_any
FN:37,_RNvNtNtNtCs3yqXWJWMNss_4koan8builtins6fn_def10param_refs26kexpression_references_any
FN:44,_RNvNtNtNtCs8h7e9k1J8CD_4koan8builtins6fn_def10param_refs19part_references_any
FN:20,_RNvNtNtNtCs8h7e9k1J8CD_4koan8builtins6fn_def10param_refs24type_expr_references_any
FN:37,_RNvNtNtNtCs8h7e9k1J8CD_4koan8builtins6fn_def10param_refs26kexpression_references_any
FN:46,_RNCNvNtNtNtCs8h7e9k1J8CD_4koan8builtins6fn_def10param_refs19part_references_any0B9_
FN:52,_RNCNvNtNtNtCs8h7e9k1J8CD_4koan8builtins6fn_def10param_refs19part_references_anys0_0B9_
FN:50,_RNCNvNtNtNtCs8h7e9k1J8CD_4koan8builtins6fn_def10param_refs19part_references_anys_0B9_
FN:21,_RNCNvNtNtNtCs8h7e9k1J8CD_4koan8builtins6fn_def10param_refs24type_expr_references_any0B9_
FN:28,_RNCNvNtNtNtCs8h7e9k1J8CD_4koan8builtins6fn_def10param_refs24type_expr_references_anys0_0B9_
FN:26,_RNCNvNtNtNtCs8h7e9k1J8CD_4koan8builtins6fn_def10param_refs24type_expr_references_anys_0B9_
FN:41,_RNCNvNtNtNtCs8h7e9k1J8CD_4koan8builtins6fn_def10param_refs26kexpression_references_any0B9_
FNDA:0,_RNCNvNtNtNtCs3yqXWJWMNss_4koan8builtins6fn_def10param_refs19part_references_any0B9_
FNDA:0,_RNCNvNtNtNtCs3yqXWJWMNss_4koan8builtins6fn_def10param_refs19part_references_anys0_0B9_
FNDA:0,_RNCNvNtNtNtCs3yqXWJWMNss_4koan8builtins6fn_def10param_refs19part_references_anys_0B9_
FNDA:4,_RNCNvNtNtNtCs3yqXWJWMNss_4koan8builtins6fn_def10param_refs24type_expr_references_any0B9_
FNDA:1,_RNCNvNtNtNtCs3yqXWJWMNss_4koan8builtins6fn_def10param_refs24type_expr_references_anys0_0B9_
FNDA:0,_RNCNvNtNtNtCs3yqXWJWMNss_4koan8builtins6fn_def10param_refs24type_expr_references_anys_0B9_
FNDA:0,_RNCNvNtNtNtCs3yqXWJWMNss_4koan8builtins6fn_def10param_refs26kexpression_references_any0B9_
FNDA:0,_RNvNtNtNtCs3yqXWJWMNss_4koan8builtins6fn_def10param_refs19part_references_any
FNDA:4,_RNvNtNtNtCs3yqXWJWMNss_4koan8builtins6fn_def10param_refs24type_expr_references_any
FNDA:0,_RNvNtNtNtCs3yqXWJWMNss_4koan8builtins6fn_def10param_refs26kexpression_references_any
FNDA:42,_RNvNtNtNtCs8h7e9k1J8CD_4koan8builtins6fn_def10param_refs19part_references_any
FNDA:36,_RNvNtNtNtCs8h7e9k1J8CD_4koan8builtins6fn_def10param_refs24type_expr_references_any
FNDA:19,_RNvNtNtNtCs8h7e9k1J8CD_4koan8builtins6fn_def10param_refs26kexpression_references_any
FNDA:4,_RNCNvNtNtNtCs8h7e9k1J8CD_4koan8builtins6fn_def10param_refs19part_references_any0B9_
FNDA:1,_RNCNvNtNtNtCs8h7e9k1J8CD_4koan8builtins6fn_def10param_refs19part_references_anys0_0B9_
FNDA:1,_RNCNvNtNtNtCs8h7e9k1J8CD_4koan8builtins6fn_def10param_refs19part_references_anys_0B9_
FNDA:32,_RNCNvNtNtNtCs8h7e9k1J8CD_4koan8builtins6fn_def10param_refs24type_expr_references_any0B9_
FNDA:2,_RNCNvNtNtNtCs8h7e9k1J8CD_4koan8builtins6fn_def10param_refs24type_expr_references_anys0_0B9_
FNDA:2,_RNCNvNtNtNtCs8h7e9k1J8CD_4koan8builtins6fn_def10param_refs24type_expr_references_anys_0B9_
FNDA:39,_RNCNvNtNtNtCs8h7e9k1J8CD_4koan8builtins6fn_def10param_refs26kexpression_references_any0B9_
FNF:10
FNH:10
DA:20,40
DA:21,40
DA:22,7
DA:23,33
DA:24,33
DA:25,28
DA:26,2
DA:27,3
DA:28,3
DA:29,3
DA:32,40
DA:37,19
DA:38,19
DA:39,19
DA:40,19
DA:41,39
DA:42,19
DA:44,42
DA:45,42
DA:46,4
DA:47,18
DA:48,7
DA:49,1
DA:50,1
DA:52,1
DA:53,1
DA:54,1
DA:55,11
DA:57,42
BRF:0
BRH:0
LF:36
LH:36
end_of_record
SF:/var/home/jack/Code/koan/src/builtins/fn_def/return_type.rs
FN:241,_RNCNvNtNtNtCs3yqXWJWMNss_4koan8builtins6fn_def11return_type31verdict_for_deferred_expression0B9_
FN:264,_RNvNtNtNtCs3yqXWJWMNss_4koan8builtins6fn_def11return_type12make_capture
FN:125,_RNvNtNtNtCs3yqXWJWMNss_4koan8builtins6fn_def11return_type20classify_return_type
FN:184,_RNvNtNtNtCs3yqXWJWMNss_4koan8builtins6fn_def11return_type20verdict_for_resolved
FN:68,_RNvNtNtNtCs3yqXWJWMNss_4koan8builtins6fn_def11return_type23extract_return_type_raw
FN:274,_RNvNtNtNtCs3yqXWJWMNss_4koan8builtins6fn_def11return_type25resolve_capture_at_finish
FN:200,_RNvNtNtNtCs3yqXWJWMNss_4koan8builtins6fn_def11return_type30verdict_for_deferred_type_expr
FN:240,_RNvNtNtNtCs3yqXWJWMNss_4koan8builtins6fn_def11return_type31verdict_for_deferred_expression
FN:264,_RNvNtNtNtCs8h7e9k1J8CD_4koan8builtins6fn_def11return_type12make_capture
FN:125,_RNvNtNtNtCs8h7e9k1J8CD_4koan8builtins6fn_def11return_type20classify_return_type
FN:184,_RNvNtNtNtCs8h7e9k1J8CD_4koan8builtins6fn_def11return_type20verdict_for_resolved
FN:68,_RNvNtNtNtCs8h7e9k1J8CD_4koan8builtins6fn_def11return_type23extract_return_type_raw
FN:274,_RNvNtNtNtCs8h7e9k1J8CD_4koan8builtins6fn_def11return_type25resolve_capture_at_finish
FN:200,_RNvNtNtNtCs8h7e9k1J8CD_4koan8builtins6fn_def11return_type30verdict_for_deferred_type_expr
FN:240,_RNvNtNtNtCs8h7e9k1J8CD_4koan8builtins6fn_def11return_type31verdict_for_deferred_expression
FN:241,_RNCNvNtNtNtCs8h7e9k1J8CD_4koan8builtins6fn_def11return_type31verdict_for_deferred_expression0B9_
FNDA:0,_RNCNvNtNtNtCs3yqXWJWMNss_4koan8builtins6fn_def11return_type31verdict_for_deferred_expression0B9_
FNDA:2,_RNvNtNtNtCs3yqXWJWMNss_4koan8builtins6fn_def11return_type12make_capture
FNDA:12,_RNvNtNtNtCs3yqXWJWMNss_4koan8builtins6fn_def11return_type20classify_return_type
FNDA:10,_RNvNtNtNtCs3yqXWJWMNss_4koan8builtins6fn_def11return_type20verdict_for_resolved
FNDA:12,_RNvNtNtNtCs3yqXWJWMNss_4koan8builtins6fn_def11return_type23extract_return_type_raw
FNDA:7,_RNvNtNtNtCs3yqXWJWMNss_4koan8builtins6fn_def11return_type25resolve_capture_at_finish
FNDA:0,_RNvNtNtNtCs3yqXWJWMNss_4koan8builtins6fn_def11return_type30verdict_for_deferred_type_expr
FNDA:0,_RNvNtNtNtCs3yqXWJWMNss_4koan8builtins6fn_def11return_type31verdict_for_deferred_expression
FNDA:5,_RNvNtNtNtCs8h7e9k1J8CD_4koan8builtins6fn_def11return_type12make_capture
FNDA:171,_RNvNtNtNtCs8h7e9k1J8CD_4koan8builtins6fn_def11return_type20classify_return_type
FNDA:149,_RNvNtNtNtCs8h7e9k1J8CD_4koan8builtins6fn_def11return_type20verdict_for_resolved
FNDA:171,_RNvNtNtNtCs8h7e9k1J8CD_4koan8builtins6fn_def11return_type23extract_return_type_raw
FNDA:21,_RNvNtNtNtCs8h7e9k1J8CD_4koan8builtins6fn_def11return_type25resolve_capture_at_finish
FNDA:0,_RNvNtNtNtCs8h7e9k1J8CD_4koan8builtins6fn_def11return_type30verdict_for_deferred_type_expr
FNDA:1,_RNvNtNtNtCs8h7e9k1J8CD_4koan8builtins6fn_def11return_type31verdict_for_deferred_expression
FNDA:1,_RNCNvNtNtNtCs8h7e9k1J8CD_4koan8builtins6fn_def11return_type31verdict_for_deferred_expression0B9_
FNF:8
FNH:7
DA:68,183
DA:69,183
DA:70,183
DA:71,183
DA:72,157
DA:73,157
DA:74,0
DA:76,14
DA:77,14
DA:78,0
DA:80,12
DA:81,12
DA:82,0
DA:84,0
DA:85,0
DA:86,0
DA:87,0
DA:89,183
DA:125,183
DA:126,183
DA:127,183
DA:128,183
DA:129,183
DA:130,183
DA:131,183
DA:132,157
DA:133,157
DA:134,157
DA:136,14
DA:137,14
DA:138,3
DA:139,0
DA:140,3
DA:142,3
DA:143,11
DA:144,11
DA:145,11
DA:146,2
DA:147,7
DA:148,7
DA:150,2
DA:151,0
DA:153,2
DA:154,2
DA:155,2
DA:159,9
DA:160,2
DA:161,2
DA:163,7
DA:165,9
DA:167,12
DA:168,12
DA:169,7
DA:170,1
DA:171,6
DA:173,7
DA:175,5
DA:179,183
DA:184,159
DA:185,159
DA:186,157
DA:188,2
DA:189,2
DA:190,2
DA:191,2
DA:193,159
DA:200,0
DA:201,0
DA:202,0
DA:203,0
DA:204,0
DA:211,0
DA:212,0
DA:213,0
DA:215,0
DA:216,0
DA:217,0
DA:218,0
DA:219,0
DA:220,0
DA:223,0
DA:226,0
DA:228,0
DA:229,0
DA:230,0
DA:231,0
DA:234,0
DA:240,1
DA:241,1
DA:242,1
DA:243,0
DA:244,1
DA:245,1
DA:246,1
DA:247,1
DA:248,1
DA:249,1
DA:250,1
DA:251,1
DA:252,0
DA:253,0
DA:254,0
DA:255,0
DA:256,0
DA:257,0
DA:258,0
DA:259,0
DA:260,0
DA:262,1
DA:264,7
DA:265,7
DA:266,4
DA:267,3
DA:269,7
DA:274,28
DA:275,28
DA:276,28
DA:277,28
DA:278,28
DA:279,28
DA:280,14
DA:281,4
DA:282,4
DA:283,4
DA:284,4
DA:285,0
DA:286,0
DA:287,0
DA:288,0
DA:289,0
DA:290,0
DA:291,0
DA:292,0
DA:296,3
DA:297,3
DA:298,0
DA:299,0
DA:300,0
DA:301,0
DA:302,0
DA:303,0
DA:305,2
DA:306,5
DA:307,5
DA:308,5
DA:309,4
DA:310,1
DA:311,1
DA:312,1
DA:313,1
DA:314,1
DA:318,28
BRF:0
BRH:0
LF:153
LH:99
end_of_record
SF:/var/home/jack/Code/koan/src/builtins/fn_def/signature.rs
FN:221,_RNCNvNtNtNtCs3yqXWJWMNss_4koan8builtins6fn_def9signature14pre_run_bucket0B9_
FN:237,_RNCNvNtNtNtCs3yqXWJWMNss_4koan8builtins6fn_def9signature14pre_run_buckets_0B9_
FN:206,_RNvNtNtNtCs3yqXWJWMNss_4koan8builtins6fn_def9signature14pre_run_bucket
FN:75,_RNvNtNtNtCs3yqXWJWMNss_4koan8builtins6fn_def9signature19parse_fn_param_list
FN:263,_RNvNtNtNtCs3yqXWJWMNss_4koan8builtins6fn_def9signature19signature_expr_part
FN:18,_RNvNtNtNtCs3yqXWJWMNss_4koan8builtins6fn_def9signature34collect_param_names_from_signature
FN:182,_RNvNtNtNtCs3yqXWJWMNss_4koan8builtins6fn_def9signature7pre_run
FN:206,_RNvNtNtNtCs8h7e9k1J8CD_4koan8builtins6fn_def9signature14pre_run_bucket
FN:75,_RNvNtNtNtCs8h7e9k1J8CD_4koan8builtins6fn_def9signature19parse_fn_param_list
FN:263,_RNvNtNtNtCs8h7e9k1J8CD_4koan8builtins6fn_def9signature19signature_expr_part
FN:18,_RNvNtNtNtCs8h7e9k1J8CD_4koan8builtins6fn_def9signature34collect_param_names_from_signature
FN:182,_RNvNtNtNtCs8h7e9k1J8CD_4koan8builtins6fn_def9signature7pre_run
FN:221,_RNCNvNtNtNtCs8h7e9k1J8CD_4koan8builtins6fn_def9signature14pre_run_bucket0B9_
FN:237,_RNCNvNtNtNtCs8h7e9k1J8CD_4koan8builtins6fn_def9signature14pre_run_buckets_0B9_
FNDA:9,_RNCNvNtNtNtCs3yqXWJWMNss_4koan8builtins6fn_def9signature14pre_run_bucket0B9_
FNDA:4,_RNCNvNtNtNtCs3yqXWJWMNss_4koan8builtins6fn_def9signature14pre_run_buckets_0B9_
FNDA:12,_RNvNtNtNtCs3yqXWJWMNss_4koan8builtins6fn_def9signature14pre_run_bucket
FNDA:19,_RNvNtNtNtCs3yqXWJWMNss_4koan8builtins6fn_def9signature19parse_fn_param_list
FNDA:36,_RNvNtNtNtCs3yqXWJWMNss_4koan8builtins6fn_def9signature19signature_expr_part
FNDA:12,_RNvNtNtNtCs3yqXWJWMNss_4koan8builtins6fn_def9signature34collect_param_names_from_signature
FNDA:24,_RNvNtNtNtCs3yqXWJWMNss_4koan8builtins6fn_def9signature7pre_run
FNDA:171,_RNvNtNtNtCs8h7e9k1J8CD_4koan8builtins6fn_def9signature14pre_run_bucket
FNDA:186,_RNvNtNtNtCs8h7e9k1J8CD_4koan8builtins6fn_def9signature19parse_fn_param_list
FNDA:513,_RNvNtNtNtCs8h7e9k1J8CD_4koan8builtins6fn_def9signature19signature_expr_part
FNDA:171,_RNvNtNtNtCs8h7e9k1J8CD_4koan8builtins6fn_def9signature34collect_param_names_from_signature
FNDA:342,_RNvNtNtNtCs8h7e9k1J8CD_4koan8builtins6fn_def9signature7pre_run
FNDA:111,_RNCNvNtNtNtCs8h7e9k1J8CD_4koan8builtins6fn_def9signature14pre_run_bucket0B9_
FNDA:17,_RNCNvNtNtNtCs8h7e9k1J8CD_4koan8builtins6fn_def9signature14pre_run_buckets_0B9_
FNF:7
FNH:7
DA:18,183
DA:19,183
DA:20,183
DA:21,183
DA:22,510
DA:23,327
DA:24,122
DA:25,21
DA:26,21
DA:28,184
DA:30,327
DA:31,143
DA:32,143
DA:33,141
DA:38,143
DA:39,141
DA:40,141
DA:41,141
DA:42,2
DA:43,184
DA:44,186
DA:46,183
DA:47,183
DA:75,205
DA:76,205
DA:77,205
DA:78,205
DA:79,205
DA:80,205
DA:81,205
DA:82,205
DA:83,205
DA:84,205
DA:85,573
DA:89,370
DA:90,131
DA:91,33
DA:92,33
DA:94,206
DA:96,370
DA:97,206
DA:98,206
DA:99,206
DA:100,206
DA:101,164
DA:102,164
DA:103,3
DA:104,155
DA:105,155
DA:106,134
DA:107,134
DA:108,134
DA:109,134
DA:110,134
DA:111,134
DA:112,19
DA:113,19
DA:114,19
DA:115,2
DA:116,2
DA:117,2
DA:118,2
DA:119,2
DA:120,0
DA:122,155
DA:124,4
DA:125,4
DA:126,4
DA:127,4
DA:128,4
DA:129,4
DA:130,3
DA:131,3
DA:132,3
DA:133,3
DA:134,3
DA:135,3
DA:136,3
DA:137,0
DA:138,0
DA:139,0
DA:140,0
DA:141,0
DA:142,0
DA:145,2
DA:146,2
DA:147,2
DA:148,2
DA:152,0
DA:153,0
DA:154,0
DA:155,0
DA:156,0
DA:158,0
DA:159,0
DA:160,0
DA:161,0
DA:162,0
DA:166,203
DA:167,2
DA:168,201
DA:169,201
DA:170,23
DA:171,23
DA:172,23
DA:173,23
DA:174,178
DA:175,178
DA:176,205
DA:182,366
DA:183,366
DA:184,389
DA:185,389
DA:186,360
DA:187,29
DA:189,6
DA:190,366
DA:206,183
DA:207,183
DA:208,183
DA:210,183
DA:211,183
DA:212,183
DA:213,183
DA:214,510
DA:215,327
DA:216,184
DA:217,184
DA:218,184
DA:219,184
DA:221,122
DA:222,0
DA:223,120
DA:228,120
DA:229,122
DA:230,120
DA:231,120
DA:232,120
DA:233,2
DA:234,2
DA:236,21
DA:237,21
DA:238,0
DA:239,21
DA:244,21
DA:245,21
DA:246,21
DA:247,21
DA:248,21
DA:249,0
DA:250,0
DA:252,0
DA:253,0
DA:254,0
DA:257,183
DA:258,183
DA:263,549
DA:264,549
DA:265,549
DA:266,549
DA:267,0
DA:269,549
BRF:0
BRH:0
LF:164
LH:139
end_of_record
SF:/var/home/jack/Code/koan/src/builtins/functor_def.rs
FN:144,_RNvNtNtCs3yqXWJWMNss_4koan8builtins11functor_def19collect_param_types
FN:56,_RNvNtNtCs3yqXWJWMNss_4koan8builtins11functor_def4body
FN:177,_RNvNtNtCs3yqXWJWMNss_4koan8builtins11functor_def8register
FN:144,_RNvNtNtCs8h7e9k1J8CD_4koan8builtins11functor_def19collect_param_types
FN:56,_RNvNtNtCs8h7e9k1J8CD_4koan8builtins11functor_def4body
FN:177,_RNvNtNtCs8h7e9k1J8CD_4koan8builtins11functor_def8register
FNDA:3,_RNvNtNtCs3yqXWJWMNss_4koan8builtins11functor_def19collect_param_types
FNDA:3,_RNvNtNtCs3yqXWJWMNss_4koan8builtins11functor_def4body
FNDA:25,_RNvNtNtCs3yqXWJWMNss_4koan8builtins11functor_def8register
FNDA:8,_RNvNtNtCs8h7e9k1J8CD_4koan8builtins11functor_def19collect_param_types
FNDA:8,_RNvNtNtCs8h7e9k1J8CD_4koan8builtins11functor_def4body
FNDA:424,_RNvNtNtCs8h7e9k1J8CD_4koan8builtins11functor_def8register
FNF:3
FNH:3
DA:56,11
DA:57,11
DA:58,11
DA:59,11
DA:60,11
DA:61,11
DA:62,11
DA:64,0
DA:65,0
DA:66,0
DA:69,11
DA:70,11
DA:71,0
DA:73,11
DA:74,11
DA:76,0
DA:77,0
DA:78,0
DA:81,11
DA:83,11
DA:95,11
DA:97,11
DA:103,11
DA:104,11
DA:105,11
DA:106,0
DA:108,11
DA:109,3
DA:110,8
DA:112,8
DA:113,0
DA:114,0
DA:115,8
DA:116,8
DA:120,8
DA:121,0
DA:122,0
DA:124,8
DA:129,8
DA:132,11
DA:144,11
DA:145,11
DA:146,11
DA:147,11
DA:149,11
DA:150,11
DA:151,11
DA:152,11
DA:153,33
DA:154,22
DA:155,2
DA:156,9
DA:157,9
DA:159,11
DA:161,22
DA:162,11
DA:163,11
DA:164,11
DA:165,3
DA:166,8
DA:167,0
DA:168,0
DA:169,11
DA:170,11
DA:171,11
DA:172,11
DA:174,11
DA:175,11
DA:177,449
DA:195,449
DA:196,449
DA:197,449
DA:198,449
DA:199,449
DA:200,449
DA:201,449
DA:202,449
DA:203,449
DA:204,449
DA:206,449
DA:207,449
DA:208,449
DA:211,449
DA:212,449
DA:213,449
DA:214,449
DA:215,449
DA:216,449
DA:217,449
DA:218,449
DA:219,449
DA:220,449
DA:222,449
DA:223,449
DA:224,449
DA:227,449
BRF:0
BRH:0
LF:96
LH:82
end_of_record
SF:/var/home/jack/Code/koan/src/builtins/let_binding.rs
FN:295,_RNvNtNtCs3yqXWJWMNss_4koan8builtins11let_binding21capitalize_identifier
FN:228,_RNvNtNtCs3yqXWJWMNss_4koan8builtins11let_binding23derive_nominal_identity
FN:276,_RNvNtNtCs3yqXWJWMNss_4koan8builtins11let_binding28is_admissible_type_class_rhs
FN:17,_RNvNtNtCs3yqXWJWMNss_4koan8builtins11let_binding4body
FN:312,_RNvNtNtCs3yqXWJWMNss_4koan8builtins11let_binding7pre_run
FN:320,_RNvNtNtCs3yqXWJWMNss_4koan8builtins11let_binding8register
FN:295,_RNvNtNtCs8h7e9k1J8CD_4koan8builtins11let_binding21capitalize_identifier
FN:228,_RNvNtNtCs8h7e9k1J8CD_4koan8builtins11let_binding23derive_nominal_identity
FN:276,_RNvNtNtCs8h7e9k1J8CD_4koan8builtins11let_binding28is_admissible_type_class_rhs
FN:17,_RNvNtNtCs8h7e9k1J8CD_4koan8builtins11let_binding4body
FN:312,_RNvNtNtCs8h7e9k1J8CD_4koan8builtins11let_binding7pre_run
FN:320,_RNvNtNtCs8h7e9k1J8CD_4koan8builtins11let_binding8register
FNDA:0,_RNvNtNtCs3yqXWJWMNss_4koan8builtins11let_binding21capitalize_identifier
FNDA:5,_RNvNtNtCs3yqXWJWMNss_4koan8builtins11let_binding23derive_nominal_identity
FNDA:13,_RNvNtNtCs3yqXWJWMNss_4koan8builtins11let_binding28is_admissible_type_class_rhs
FNDA:42,_RNvNtNtCs3yqXWJWMNss_4koan8builtins11let_binding4body
FNDA:114,_RNvNtNtCs3yqXWJWMNss_4koan8builtins11let_binding7pre_run
FNDA:25,_RNvNtNtCs3yqXWJWMNss_4koan8builtins11let_binding8register
FNDA:2,_RNvNtNtCs8h7e9k1J8CD_4koan8builtins11let_binding21capitalize_identifier
FNDA:57,_RNvNtNtCs8h7e9k1J8CD_4koan8builtins11let_binding23derive_nominal_identity
FNDA:110,_RNvNtNtCs8h7e9k1J8CD_4koan8builtins11let_binding28is_admissible_type_class_rhs
FNDA:313,_RNvNtNtCs8h7e9k1J8CD_4koan8builtins11let_binding4body
FNDA:784,_RNvNtNtCs8h7e9k1J8CD_4koan8builtins11let_binding7pre_run
FNDA:424,_RNvNtNtCs8h7e9k1J8CD_4koan8builtins11let_binding8register
FNF:6
FNH:6
DA:17,355
DA:18,355
DA:19,355
DA:20,355
DA:21,355
DA:22,355
DA:23,355
DA:24,0
DA:33,355
DA:34,355
DA:35,355
DA:36,231
DA:44,231
DA:45,1
DA:46,1
DA:47,229
DA:49,231
DA:50,2
DA:51,2
DA:52,2
DA:53,2
DA:54,2
DA:55,2
DA:56,2
DA:57,2
DA:58,229
DA:59,229
DA:66,94
DA:68,0
DA:69,0
DA:70,0
DA:71,0
DA:74,94
DA:83,94
DA:84,3
DA:85,3
DA:86,3
DA:87,3
DA:88,91
DA:94,88
DA:95,53
DA:96,53
DA:97,53
DA:98,35
DA:99,35
DA:100,35
DA:101,3
DA:102,3
DA:103,3
DA:105,91
DA:111,30
DA:118,1
DA:119,1
DA:120,1
DA:121,1
DA:128,29
DA:129,29
DA:130,0
DA:131,0
DA:132,0
DA:133,0
DA:134,29
DA:144,29
DA:145,0
DA:146,0
DA:147,0
DA:148,29
DA:149,29
DA:150,29
DA:151,0
DA:152,0
DA:153,0
DA:155,29
DA:158,0
DA:159,0
DA:160,0
DA:161,0
DA:162,0
DA:163,0
DA:165,0
DA:172,349
DA:173,2
DA:174,2
DA:175,2
DA:176,2
DA:177,347
DA:178,347
DA:179,347
DA:180,347
DA:181,347
DA:182,64
DA:183,64
DA:184,64
DA:185,64
DA:186,64
DA:187,64
DA:188,64
DA:189,283
DA:195,54
DA:196,0
DA:197,54
DA:205,229
DA:206,2
DA:207,2
DA:208,2
DA:209,2
DA:210,2
DA:211,227
DA:212,227
DA:213,1
DA:214,226
DA:216,344
DA:217,355
DA:228,62
DA:229,53
DA:233,53
DA:239,0
DA:240,0
DA:241,0
DA:242,0
DA:243,0
DA:244,2
DA:245,2
DA:246,2
DA:247,2
DA:248,2
DA:249,0
DA:250,0
DA:251,0
DA:252,0
DA:253,0
DA:254,7
DA:256,62
DA:276,123
DA:277,123
DA:278,117
DA:279,6
DA:280,6
DA:281,1
DA:282,5
DA:283,5
DA:284,3
DA:285,2
DA:286,2
DA:287,123
DA:295,2
DA:296,2
DA:297,2
DA:298,2
DA:299,2
DA:300,2
DA:301,2
DA:302,2
DA:304,0
DA:306,2
DA:312,898
DA:313,898
DA:314,580
DA:315,318
DA:316,0
DA:318,898
DA:320,449
DA:321,449
DA:322,449
DA:323,449
DA:324,449
DA:325,449
DA:326,449
DA:327,449
DA:328,449
DA:330,449
DA:331,449
DA:333,449
DA:334,449
DA:335,449
DA:336,449
DA:337,449
DA:338,449
DA:339,449
DA:340,449
DA:342,449
DA:343,449
DA:345,449
BRF:0
BRH:0
LF:183
LH:148
end_of_record
SF:/var/home/jack/Code/koan/src/builtins/match_case.rs
FN:31,_RNvNtNtCs3yqXWJWMNss_4koan8builtins10match_case4body
FN:94,_RNvNtNtCs3yqXWJWMNss_4koan8builtins10match_case8register
FN:31,_RNvNtNtCs8h7e9k1J8CD_4koan8builtins10match_case4body
FN:94,_RNvNtNtCs8h7e9k1J8CD_4koan8builtins10match_case8register
FN:113,_RNvNtNtNtCs8h7e9k1J8CD_4koan8builtins10match_case5tests11run_program
FN:155,_RNvNtNtNtCs8h7e9k1J8CD_4koan8builtins10match_case5testss_25match_inexhaustive_errors
FN:132,_RNvNtNtNtCs8h7e9k1J8CD_4koan8builtins10match_case5testss_29match_binds_inner_value_to_it
FN:196,_RNvNtNtNtCs8h7e9k1J8CD_4koan8builtins10match_case5testss_29recursive_tagged_match_no_uaf
FN:217,_RNvNtNtNtCs8h7e9k1J8CD_4koan8builtins10match_case5testss_33match_on_bool_inexhaustive_errors
FN:180,_RNvNtNtNtCs8h7e9k1J8CD_4koan8builtins10match_case5testss_36match_on_bool_true_takes_true_branch
FN:144,_RNvNtNtNtCs8h7e9k1J8CD_4koan8builtins10match_case5testss_37match_does_not_run_unmatched_branches
FN:188,_RNvNtNtNtCs8h7e9k1J8CD_4koan8builtins10match_case5testss_38match_on_bool_false_takes_false_branch
FN:122,_RNvNtNtNtCs8h7e9k1J8CD_4koan8builtins10match_case5testss_40match_dispatches_branch_for_matching_tag
FN:170,_RNvNtNtNtCs8h7e9k1J8CD_4koan8builtins10match_case5testss_40match_other_branch_runs_when_tag_matches
FNDA:0,_RNvNtNtCs3yqXWJWMNss_4koan8builtins10match_case4body
FNDA:25,_RNvNtNtCs3yqXWJWMNss_4koan8builtins10match_case8register
FNDA:66,_RNvNtNtCs8h7e9k1J8CD_4koan8builtins10match_case4body
FNDA:424,_RNvNtNtCs8h7e9k1J8CD_4koan8builtins10match_case8register
FNDA:7,_RNvNtNtNtCs8h7e9k1J8CD_4koan8builtins10match_case5tests11run_program
FNDA:1,_RNvNtNtNtCs8h7e9k1J8CD_4koan8builtins10match_case5testss_25match_inexhaustive_errors
FNDA:1,_RNvNtNtNtCs8h7e9k1J8CD_4koan8builtins10match_case5testss_29match_binds_inner_value_to_it
FNDA:1,_RNvNtNtNtCs8h7e9k1J8CD_4koan8builtins10match_case5testss_29recursive_tagged_match_no_uaf
FNDA:1,_RNvNtNtNtCs8h7e9k1J8CD_4koan8builtins10match_case5testss_33match_on_bool_inexhaustive_errors
FNDA:1,_RNvNtNtNtCs8h7e9k1J8CD_4koan8builtins10match_case5testss_36match_on_bool_true_takes_true_branch
FNDA:1,_RNvNtNtNtCs8h7e9k1J8CD_4koan8builtins10match_case5testss_37match_does_not_run_unmatched_branches
FNDA:1,_RNvNtNtNtCs8h7e9k1J8CD_4koan8builtins10match_case5testss_38match_on_bool_false_takes_false_branch
FNDA:1,_RNvNtNtNtCs8h7e9k1J8CD_4koan8builtins10match_case5testss_40match_dispatches_branch_for_matching_tag
FNDA:1,_RNvNtNtNtCs8h7e9k1J8CD_4koan8builtins10match_case5testss_40match_other_branch_runs_when_tag_matches
FNF:12
FNH:12
DA:31,66
DA:32,66
DA:33,66
DA:34,66
DA:35,66
DA:36,66
DA:37,59
DA:38,7
DA:39,7
DA:40,7
DA:42,0
DA:43,0
DA:44,0
DA:45,0
DA:46,0
DA:47,0
DA:49,0
DA:51,66
DA:52,66
DA:54,0
DA:55,0
DA:56,0
DA:59,66
DA:60,63
DA:62,3
DA:63,3
DA:64,3
DA:65,3
DA:67,0
DA:77,63
DA:78,63
DA:79,63
DA:82,63
DA:83,63
DA:84,63
DA:87,63
DA:91,63
DA:92,66
DA:94,449
DA:95,449
DA:96,449
DA:97,449
DA:98,449
DA:99,449
DA:100,449
DA:101,449
DA:102,449
DA:104,449
DA:106,449
DA:113,7
DA:114,7
DA:115,7
DA:116,7
DA:117,7
DA:118,7
DA:119,7
DA:122,1
DA:123,1
DA:124,1
DA:125,1
DA:126,1
DA:128,1
DA:129,1
DA:132,1
DA:135,1
DA:136,1
DA:137,1
DA:138,1
DA:140,1
DA:141,1
DA:144,1
DA:146,1
DA:147,1
DA:148,1
DA:149,1
DA:151,1
DA:152,1
DA:155,1
DA:156,1
DA:157,1
DA:158,1
DA:159,1
DA:160,1
DA:162,1
DA:163,1
DA:164,1
DA:167,1
DA:170,1
DA:171,1
DA:172,1
DA:173,1
DA:174,1
DA:176,1
DA:177,1
DA:180,1
DA:181,1
DA:182,1
DA:184,1
DA:185,1
DA:188,1
DA:189,1
DA:190,1
DA:192,1
DA:193,1
DA:196,1
DA:205,1
DA:206,1
DA:207,1
DA:208,1
DA:209,1
DA:210,1
DA:211,1
DA:213,1
DA:214,1
DA:217,1
DA:218,1
DA:219,1
DA:220,1
DA:221,1
DA:222,1
DA:225,1
BRF:0
BRH:0
LF:121
LH:110
end_of_record
SF:/var/home/jack/Code/koan/src/builtins/module_def.rs
FN:29,_RNvNtNtCs3yqXWJWMNss_4koan8builtins10module_def4body
FN:136,_RNvNtNtCs3yqXWJWMNss_4koan8builtins10module_def7pre_run
FN:140,_RNvNtNtCs3yqXWJWMNss_4koan8builtins10module_def8register
FN:69,_RNCNvNtNtCs3yqXWJWMNss_4koan8builtins10module_def4body0B7_
FN:69,_RNCNvNtNtCs8h7e9k1J8CD_4koan8builtins10module_def4body0B7_
FN:228,_RNvNtNtNtCs8h7e9k1J8CD_4koan8builtins10module_def5testss_28module_unknown_member_errors
FN:164,_RNvNtNtNtCs8h7e9k1J8CD_4koan8builtins10module_def5testss_28pre_run_extracts_module_name
FN:183,_RNvNtNtNtCs8h7e9k1J8CD_4koan8builtins10module_def5testss_29module_member_access_via_attr
FN:171,_RNvNtNtNtCs8h7e9k1J8CD_4koan8builtins10module_def5testss_32module_binds_under_name_in_scope
FN:208,_RNvNtNtNtCs8h7e9k1J8CD_4koan8builtins10module_def5testss_33module_member_function_via_let_fn
FN:326,_RNvNtNtNtCs8h7e9k1J8CD_4koan8builtins10module_def5testss_36module_body_dispatch_does_not_dangle
FN:259,_RNvNtNtNtCs8h7e9k1J8CD_4koan8builtins10module_def5testss_38module_body_parks_on_outer_placeholder
FN:271,_RNvNtNtNtCs8h7e9k1J8CD_4koan8builtins10module_def5testss_41module_body_error_short_circuits_finalize
FN:192,_RNvNtNtNtCs8h7e9k1J8CD_4koan8builtins10module_def5testss_41module_with_multiple_statements_in_parens
FN:241,_RNvNtNtNtCs8h7e9k1J8CD_4koan8builtins10module_def5testss_41nested_module_accessible_via_chained_attr
FN:292,_RNvNtNtNtCs8h7e9k1J8CD_4koan8builtins10module_def5testss_50module_finalize_short_circuits_on_idempotent_state
FN:29,_RNvNtNtCs8h7e9k1J8CD_4koan8builtins10module_def4body
FN:136,_RNvNtNtCs8h7e9k1J8CD_4koan8builtins10module_def7pre_run
FN:140,_RNvNtNtCs8h7e9k1J8CD_4koan8builtins10module_def8register
FNDA:14,_RNvNtNtCs3yqXWJWMNss_4koan8builtins10module_def4body
FNDA:25,_RNvNtNtCs3yqXWJWMNss_4koan8builtins10module_def7pre_run
FNDA:25,_RNvNtNtCs3yqXWJWMNss_4koan8builtins10module_def8register
FNDA:14,_RNCNvNtNtCs3yqXWJWMNss_4koan8builtins10module_def4body0B7_
FNDA:66,_RNCNvNtNtCs8h7e9k1J8CD_4koan8builtins10module_def4body0B7_
FNDA:1,_RNvNtNtNtCs8h7e9k1J8CD_4koan8builtins10module_def5testss_28module_unknown_member_errors
FNDA:1,_RNvNtNtNtCs8h7e9k1J8CD_4koan8builtins10module_def5testss_28pre_run_extracts_module_name
FNDA:1,_RNvNtNtNtCs8h7e9k1J8CD_4koan8builtins10module_def5testss_29module_member_access_via_attr
FNDA:1,_RNvNtNtNtCs8h7e9k1J8CD_4koan8builtins10module_def5testss_32module_binds_under_name_in_scope
FNDA:1,_RNvNtNtNtCs8h7e9k1J8CD_4koan8builtins10module_def5testss_33module_member_function_via_let_fn
FNDA:1,_RNvNtNtNtCs8h7e9k1J8CD_4koan8builtins10module_def5testss_36module_body_dispatch_does_not_dangle
FNDA:1,_RNvNtNtNtCs8h7e9k1J8CD_4koan8builtins10module_def5testss_38module_body_parks_on_outer_placeholder
FNDA:1,_RNvNtNtNtCs8h7e9k1J8CD_4koan8builtins10module_def5testss_41module_body_error_short_circuits_finalize
FNDA:1,_RNvNtNtNtCs8h7e9k1J8CD_4koan8builtins10module_def5testss_41module_with_multiple_statements_in_parens
FNDA:1,_RNvNtNtNtCs8h7e9k1J8CD_4koan8builtins10module_def5testss_41nested_module_accessible_via_chained_attr
FNDA:1,_RNvNtNtNtCs8h7e9k1J8CD_4koan8builtins10module_def5testss_50module_finalize_short_circuits_on_idempotent_state
FNDA:68,_RNvNtNtCs8h7e9k1J8CD_4koan8builtins10module_def4body
FNDA:124,_RNvNtNtCs8h7e9k1J8CD_4koan8builtins10module_def7pre_run
FNDA:424,_RNvNtNtCs8h7e9k1J8CD_4koan8builtins10module_def8register
FNF:15
FNH:15
DA:29,82
DA:30,82
DA:31,82
DA:32,82
DA:33,82
DA:38,82
DA:39,82
DA:40,0
DA:42,82
DA:43,82
DA:45,0
DA:46,0
DA:47,0
DA:51,82
DA:52,82
DA:57,82
DA:67,82
DA:68,82
DA:69,82
DA:75,80
DA:76,80
DA:77,0
DA:78,0
DA:79,0
DA:80,80
DA:81,80
DA:82,80
DA:83,80
DA:103,80
DA:104,80
DA:105,80
DA:106,80
DA:107,20
DA:108,2
DA:109,18
DA:110,18
DA:117,80
DA:118,80
DA:119,80
DA:120,80
DA:121,80
DA:122,80
DA:123,80
DA:124,80
DA:125,0
DA:126,0
DA:127,0
DA:129,80
DA:130,82
DA:131,82
DA:132,82
DA:136,149
DA:137,149
DA:138,149
DA:140,449
DA:141,449
DA:142,449
DA:143,449
DA:144,449
DA:145,449
DA:146,449
DA:147,449
DA:148,449
DA:150,449
DA:151,449
DA:153,449
DA:164,1
DA:165,1
DA:166,1
DA:167,1
DA:168,1
DA:171,1
DA:172,1
DA:173,1
DA:174,1
DA:175,1
DA:176,1
DA:177,1
DA:180,1
DA:183,1
DA:184,1
DA:185,1
DA:186,1
DA:187,1
DA:188,1
DA:189,1
DA:192,1
DA:197,1
DA:198,1
DA:199,1
DA:200,1
DA:201,1
DA:203,1
DA:204,1
DA:205,1
DA:208,1
DA:213,1
DA:214,1
DA:215,1
DA:216,1
DA:217,1
DA:219,1
DA:220,1
DA:221,1
DA:222,0
DA:224,1
DA:225,1
DA:228,1
DA:229,1
DA:230,1
DA:231,1
DA:232,1
DA:233,1
DA:234,1
DA:235,1
DA:238,1
DA:241,1
DA:242,1
DA:243,1
DA:244,1
DA:245,1
DA:246,1
DA:248,1
DA:249,1
DA:250,1
DA:259,1
DA:260,1
DA:261,1
DA:262,1
DA:263,1
DA:264,1
DA:265,1
DA:271,1
DA:272,1
DA:273,1
DA:274,1
DA:275,1
DA:276,1
DA:279,1
DA:292,1
DA:295,1
DA:296,1
DA:297,1
DA:298,1
DA:299,1
DA:301,1
DA:302,1
DA:303,1
DA:304,1
DA:305,1
DA:306,1
DA:311,1
DA:314,1
DA:315,1
DA:316,1
DA:317,1
DA:326,1
DA:327,1
DA:328,1
DA:329,1
DA:330,1
DA:331,1
DA:332,1
DA:333,0
DA:335,1
DA:336,1
DA:337,1
DA:338,1
BRF:0
BRH:0
LF:169
LH:157
end_of_record
SF:/var/home/jack/Code/koan/src/builtins/newtype_def.rs
FN:161,_RNvNtNtCs3yqXWJWMNss_4koan8builtins11newtype_def17newtype_construct
FN:52,_RNvNtNtCs3yqXWJWMNss_4koan8builtins11newtype_def4body
FN:138,_RNvNtNtCs3yqXWJWMNss_4koan8builtins11newtype_def7pre_run
FN:209,_RNvNtNtCs3yqXWJWMNss_4koan8builtins11newtype_def8register
FN:176,_RNCNvNtNtCs3yqXWJWMNss_4koan8builtins11newtype_def17newtype_construct0B7_
FN:161,_RNvNtNtCs8h7e9k1J8CD_4koan8builtins11newtype_def17newtype_construct
FN:52,_RNvNtNtCs8h7e9k1J8CD_4koan8builtins11newtype_def4body
FN:138,_RNvNtNtCs8h7e9k1J8CD_4koan8builtins11newtype_def7pre_run
FN:209,_RNvNtNtCs8h7e9k1J8CD_4koan8builtins11newtype_def8register
FN:415,_RNvNtNtNtCs8h7e9k1J8CD_4koan8builtins11newtype_def5testss_28construct_arity_zero_rejects
FN:433,_RNvNtNtNtCs8h7e9k1J8CD_4koan8builtins11newtype_def5testss_29construct_with_operator_value
FN:242,_RNvNtNtNtCs8h7e9k1J8CD_4koan8builtins11newtype_def5testss_30declare_mints_newtype_identity
FN:313,_RNvNtNtNtCs8h7e9k1J8CD_4koan8builtins11newtype_def5testss_30newtype_over_newtype_collapses
FN:395,_RNvNtNtNtCs8h7e9k1J8CD_4koan8builtins11newtype_def5testss_31construct_with_identifier_value
FN:297,_RNvNtNtNtCs8h7e9k1J8CD_4koan8builtins11newtype_def5testss_35construct_rejects_non_matching_repr
FN:273,_RNvNtNtNtCs8h7e9k1J8CD_4koan8builtins11newtype_def5testss_35construct_wraps_repr_matching_value
FN:346,_RNvNtNtNtCs8h7e9k1J8CD_4koan8builtins11newtype_def5testss_43dispatch_distinguishes_distance_from_number
FN:176,_RNCNvNtNtCs8h7e9k1J8CD_4koan8builtins11newtype_def17newtype_construct0B7_
FNDA:0,_RNvNtNtCs3yqXWJWMNss_4koan8builtins11newtype_def17newtype_construct
FNDA:0,_RNvNtNtCs3yqXWJWMNss_4koan8builtins11newtype_def4body
FNDA:0,_RNvNtNtCs3yqXWJWMNss_4koan8builtins11newtype_def7pre_run
FNDA:25,_RNvNtNtCs3yqXWJWMNss_4koan8builtins11newtype_def8register
FNDA:0,_RNCNvNtNtCs3yqXWJWMNss_4koan8builtins11newtype_def17newtype_construct0B7_
FNDA:12,_RNvNtNtCs8h7e9k1J8CD_4koan8builtins11newtype_def17newtype_construct
FNDA:12,_RNvNtNtCs8h7e9k1J8CD_4koan8builtins11newtype_def4body
FNDA:24,_RNvNtNtCs8h7e9k1J8CD_4koan8builtins11newtype_def7pre_run
FNDA:424,_RNvNtNtCs8h7e9k1J8CD_4koan8builtins11newtype_def8register
FNDA:1,_RNvNtNtNtCs8h7e9k1J8CD_4koan8builtins11newtype_def5testss_28construct_arity_zero_rejects
FNDA:1,_RNvNtNtNtCs8h7e9k1J8CD_4koan8builtins11newtype_def5testss_29construct_with_operator_value
FNDA:1,_RNvNtNtNtCs8h7e9k1J8CD_4koan8builtins11newtype_def5testss_30declare_mints_newtype_identity
FNDA:1,_RNvNtNtNtCs8h7e9k1J8CD_4koan8builtins11newtype_def5testss_30newtype_over_newtype_collapses
FNDA:1,_RNvNtNtNtCs8h7e9k1J8CD_4koan8builtins11newtype_def5testss_31construct_with_identifier_value
FNDA:1,_RNvNtNtNtCs8h7e9k1J8CD_4koan8builtins11newtype_def5testss_35construct_rejects_non_matching_repr
FNDA:1,_RNvNtNtNtCs8h7e9k1J8CD_4koan8builtins11newtype_def5testss_35construct_wraps_repr_matching_value
FNDA:1,_RNvNtNtNtCs8h7e9k1J8CD_4koan8builtins11newtype_def5testss_43dispatch_distinguishes_distance_from_number
FNDA:11,_RNCNvNtNtCs8h7e9k1J8CD_4koan8builtins11newtype_def17newtype_construct0B7_
FNF:13
FNH:13
DA:52,12
DA:53,12
DA:54,12
DA:55,12
DA:56,12
DA:59,12
DA:60,12
DA:61,0
DA:67,12
DA:68,9
DA:69,9
DA:70,0
DA:77,3
DA:78,3
DA:79,0
DA:81,3
DA:82,0
DA:83,0
DA:84,0
DA:85,0
DA:86,3
DA:87,3
DA:88,3
DA:90,0
DA:91,0
DA:92,0
DA:93,0
DA:98,0
DA:99,0
DA:100,0
DA:108,12
DA:109,12
DA:110,12
DA:111,12
DA:112,12
DA:113,12
DA:114,12
DA:115,12
DA:116,12
DA:122,12
DA:123,12
DA:129,0
DA:130,0
DA:131,0
DA:132,0
DA:134,12
DA:138,24
DA:139,24
DA:140,24
DA:161,12
DA:162,12
DA:163,12
DA:164,12
DA:165,12
DA:166,12
DA:167,12
DA:168,1
DA:169,11
DA:174,11
DA:175,11
DA:176,11
DA:177,11
DA:178,11
DA:183,11
DA:184,11
DA:185,0
DA:187,11
DA:188,1
DA:189,1
DA:190,1
DA:191,1
DA:192,1
DA:193,10
DA:199,10
DA:200,10
DA:201,10
DA:202,10
DA:203,10
DA:204,11
DA:205,11
DA:206,11
DA:207,12
DA:209,449
DA:214,449
DA:215,449
DA:216,449
DA:217,449
DA:218,449
DA:219,449
DA:220,449
DA:221,449
DA:223,449
DA:224,449
DA:226,449
DA:242,1
DA:243,1
DA:244,1
DA:245,1
DA:246,1
DA:247,1
DA:248,1
DA:249,1
DA:250,1
DA:252,1
DA:253,1
DA:256,1
DA:257,1
DA:259,0
DA:261,1
DA:262,1
DA:263,1
DA:264,1
DA:267,1
DA:273,1
DA:274,1
DA:275,1
DA:276,1
DA:277,1
DA:278,1
DA:279,1
DA:280,1
DA:283,1
DA:285,1
DA:286,0
DA:288,1
DA:290,0
DA:292,1
DA:297,1
DA:298,1
DA:299,1
DA:300,1
DA:301,1
DA:302,1
DA:303,1
DA:304,1
DA:307,1
DA:313,1
DA:314,1
DA:315,1
DA:316,1
DA:317,1
DA:318,1
DA:319,1
DA:320,1
DA:321,1
DA:322,0
DA:325,1
DA:326,1
DA:328,0
DA:331,0
DA:333,1
DA:346,1
DA:347,1
DA:348,1
DA:349,1
DA:350,1
DA:351,1
DA:352,1
DA:353,1
DA:356,1
DA:357,1
DA:358,1
DA:359,0
DA:362,1
DA:363,1
DA:364,1
DA:365,0
DA:369,1
DA:370,1
DA:371,1
DA:372,1
DA:373,1
DA:374,1
DA:375,1
DA:379,1
DA:380,1
DA:381,1
DA:382,1
DA:383,1
DA:384,1
DA:385,1
DA:388,1
DA:395,1
DA:396,1
DA:397,1
DA:398,1
DA:399,1
DA:400,1
DA:401,1
DA:402,1
DA:403,1
DA:404,0
DA:406,1
DA:408,0
DA:410,1
DA:415,1
DA:416,1
DA:417,1
DA:418,1
DA:419,1
DA:420,1
DA:421,1
DA:424,1
DA:433,1
DA:434,1
DA:435,1
DA:436,1
DA:437,1
DA:438,1
DA:439,1
DA:441,1
DA:442,1
DA:443,1
DA:444,1
DA:445,1
DA:446,0
DA:448,1
DA:450,0
DA:452,1
BRF:0
BRH:0
LF:220
LH:189
end_of_record
SF:/var/home/jack/Code/koan/src/builtins/print.rs
FN:10,_RNvNtNtCs3yqXWJWMNss_4koan8builtins5print4body
FN:24,_RNvNtNtCs3yqXWJWMNss_4koan8builtins5print8register
FN:10,_RNvNtNtCs8h7e9k1J8CD_4koan8builtins5print4body
FN:24,_RNvNtNtCs8h7e9k1J8CD_4koan8builtins5print8register
FNDA:6,_RNvNtNtCs3yqXWJWMNss_4koan8builtins5print4body
FNDA:25,_RNvNtNtCs3yqXWJWMNss_4koan8builtins5print8register
FNDA:124,_RNvNtNtCs8h7e9k1J8CD_4koan8builtins5print4body
FNDA:424,_RNvNtNtCs8h7e9k1J8CD_4koan8builtins5print8register
FNF:2
FNH:2
DA:10,130
DA:11,130
DA:12,130
DA:13,130
DA:14,130
DA:15,130
DA:16,130
DA:17,0
DA:19,130
DA:20,130
DA:21,130
DA:22,130
DA:24,449
DA:25,449
DA:26,449
DA:27,449
DA:28,449
DA:29,449
DA:31,449
BRF:0
BRH:0
LF:19
LH:18
end_of_record
SF:/var/home/jack/Code/koan/src/builtins/quote.rs
FN:14,_RNvNtNtCs3yqXWJWMNss_4koan8builtins5quote4body
FN:31,_RNvNtNtCs3yqXWJWMNss_4koan8builtins5quote8register
FN:45,_RNvNtNtNtCs8h7e9k1J8CD_4koan8builtins5quote5tests11run_program
FN:54,_RNvNtNtNtCs8h7e9k1J8CD_4koan8builtins5quote5testss_26quote_then_eval_round_trip
FN:68,_RNvNtNtNtCs8h7e9k1J8CD_4koan8builtins5quote5testss_27quote_captures_ast_as_value
FN:14,_RNvNtNtCs8h7e9k1J8CD_4koan8builtins5quote4body
FN:31,_RNvNtNtCs8h7e9k1J8CD_4koan8builtins5quote8register
FNDA:0,_RNvNtNtCs3yqXWJWMNss_4koan8builtins5quote4body
FNDA:25,_RNvNtNtCs3yqXWJWMNss_4koan8builtins5quote8register
FNDA:2,_RNvNtNtNtCs8h7e9k1J8CD_4koan8builtins5quote5tests11run_program
FNDA:1,_RNvNtNtNtCs8h7e9k1J8CD_4koan8builtins5quote5testss_26quote_then_eval_round_trip
FNDA:1,_RNvNtNtNtCs8h7e9k1J8CD_4koan8builtins5quote5testss_27quote_captures_ast_as_value
FNDA:9,_RNvNtNtCs8h7e9k1J8CD_4koan8builtins5quote4body
FNDA:424,_RNvNtNtCs8h7e9k1J8CD_4koan8builtins5quote8register
FNF:5
FNH:5
DA:14,9
DA:15,9
DA:16,9
DA:17,9
DA:18,9
DA:19,9
DA:20,9
DA:22,0
DA:23,0
DA:24,0
DA:27,9
DA:28,9
DA:29,9
DA:31,449
DA:32,449
DA:33,449
DA:34,449
DA:35,449
DA:36,449
DA:38,449
DA:45,2
DA:46,2
DA:47,2
DA:48,2
DA:49,2
DA:50,2
DA:51,2
DA:54,1
DA:60,1
DA:61,1
DA:62,1
DA:64,1
DA:65,1
DA:68,1
DA:71,1
DA:72,1
DA:73,1
BRF:0
BRH:0
LF:37
LH:34
end_of_record
SF:/var/home/jack/Code/koan/src/builtins/result.rs
FN:24,_RNvNtNtCs3yqXWJWMNss_4koan8builtins6result8register
FN:24,_RNvNtNtCs8h7e9k1J8CD_4koan8builtins6result8register
FNDA:25,_RNvNtNtCs3yqXWJWMNss_4koan8builtins6result8register
FNDA:424,_RNvNtNtCs8h7e9k1J8CD_4koan8builtins6result8register
FNF:1
FNH:1
DA:24,449
DA:25,449
DA:26,449
DA:27,449
DA:28,449
DA:29,449
DA:30,449
DA:31,449
DA:32,449
DA:33,449
DA:34,449
DA:35,449
DA:36,449
DA:37,449
DA:38,449
DA:39,449
DA:42,449
DA:43,449
BRF:0
BRH:0
LF:18
LH:18
end_of_record
SF:/var/home/jack/Code/koan/src/builtins/sig_def.rs
FN:25,_RNvNtNtCs3yqXWJWMNss_4koan8builtins7sig_def4body
FN:79,_RNvNtNtCs3yqXWJWMNss_4koan8builtins7sig_def7pre_run
FN:83,_RNvNtNtCs3yqXWJWMNss_4koan8builtins7sig_def8register
FN:49,_RNCNvNtNtCs3yqXWJWMNss_4koan8builtins7sig_def4body0B7_
FN:49,_RNCNvNtNtCs8h7e9k1J8CD_4koan8builtins7sig_def4body0B7_
FN:129,_RNvNtNtNtCs8h7e9k1J8CD_4koan8builtins7sig_def5testss_21sig_path_records_name
FN:108,_RNvNtNtNtCs8h7e9k1J8CD_4koan8builtins7sig_def5testss_25pre_run_extracts_sig_name
FN:116,_RNvNtNtNtCs8h7e9k1J8CD_4koan8builtins7sig_def5testss_29sig_binds_under_name_in_scope
FN:190,_RNvNtNtNtCs8h7e9k1J8CD_4koan8builtins7sig_def5testss_33sig_dual_writes_to_types_and_data
FN:149,_RNvNtNtNtCs8h7e9k1J8CD_4koan8builtins7sig_def5testss_35sig_body_parks_on_outer_placeholder
FN:173,_RNvNtNtNtCs8h7e9k1J8CD_4koan8builtins7sig_def5testss_38sig_body_error_short_circuits_finalize
FN:25,_RNvNtNtCs8h7e9k1J8CD_4koan8builtins7sig_def4body
FN:79,_RNvNtNtCs8h7e9k1J8CD_4koan8builtins7sig_def7pre_run
FN:83,_RNvNtNtCs8h7e9k1J8CD_4koan8builtins7sig_def8register
FNDA:5,_RNvNtNtCs3yqXWJWMNss_4koan8builtins7sig_def4body
FNDA:10,_RNvNtNtCs3yqXWJWMNss_4koan8builtins7sig_def7pre_run
FNDA:25,_RNvNtNtCs3yqXWJWMNss_4koan8builtins7sig_def8register
FNDA:5,_RNCNvNtNtCs3yqXWJWMNss_4koan8builtins7sig_def4body0B7_
FNDA:66,_RNCNvNtNtCs8h7e9k1J8CD_4koan8builtins7sig_def4body0B7_
FNDA:1,_RNvNtNtNtCs8h7e9k1J8CD_4koan8builtins7sig_def5testss_21sig_path_records_name
FNDA:1,_RNvNtNtNtCs8h7e9k1J8CD_4koan8builtins7sig_def5testss_25pre_run_extracts_sig_name
FNDA:1,_RNvNtNtNtCs8h7e9k1J8CD_4koan8builtins7sig_def5testss_29sig_binds_under_name_in_scope
FNDA:1,_RNvNtNtNtCs8h7e9k1J8CD_4koan8builtins7sig_def5testss_33sig_dual_writes_to_types_and_data
FNDA:1,_RNvNtNtNtCs8h7e9k1J8CD_4koan8builtins7sig_def5testss_35sig_body_parks_on_outer_placeholder
FNDA:1,_RNvNtNtNtCs8h7e9k1J8CD_4koan8builtins7sig_def5testss_38sig_body_error_short_circuits_finalize
FNDA:68,_RNvNtNtCs8h7e9k1J8CD_4koan8builtins7sig_def4body
FNDA:137,_RNvNtNtCs8h7e9k1J8CD_4koan8builtins7sig_def7pre_run
FNDA:424,_RNvNtNtCs8h7e9k1J8CD_4koan8builtins7sig_def8register
FNF:10
FNH:10
DA:25,73
DA:26,73
DA:27,73
DA:28,73
DA:29,73
DA:30,73
DA:31,73
DA:32,0
DA:34,73
DA:35,73
DA:37,0
DA:38,0
DA:39,0
DA:43,73
DA:44,73
DA:46,73
DA:48,73
DA:49,73
DA:50,71
DA:51,71
DA:52,71
DA:60,71
DA:61,71
DA:62,71
DA:63,71
DA:64,71
DA:65,71
DA:66,71
DA:67,71
DA:68,0
DA:69,0
DA:70,0
DA:72,71
DA:73,73
DA:74,73
DA:75,73
DA:79,147
DA:80,147
DA:81,147
DA:83,449
DA:84,449
DA:85,449
DA:86,449
DA:87,449
DA:88,449
DA:89,449
DA:90,449
DA:91,449
DA:93,449
DA:94,449
DA:96,449
DA:108,1
DA:109,1
DA:110,1
DA:111,1
DA:112,1
DA:113,1
DA:116,1
DA:118,1
DA:119,1
DA:120,1
DA:121,1
DA:122,1
DA:123,1
DA:126,1
DA:129,1
DA:131,1
DA:132,1
DA:133,1
DA:134,1
DA:135,1
DA:136,1
DA:137,0
DA:139,1
DA:140,1
DA:149,1
DA:150,1
DA:151,1
DA:152,1
DA:153,1
DA:155,1
DA:156,1
DA:157,0
DA:159,1
DA:160,1
DA:161,1
DA:162,1
DA:164,0
DA:166,1
DA:173,1
DA:174,1
DA:175,1
DA:176,1
DA:177,1
DA:178,1
DA:181,1
DA:190,1
DA:192,1
DA:193,1
DA:194,1
DA:195,1
DA:196,1
DA:197,1
DA:198,1
DA:199,1
DA:200,1
DA:201,1
DA:203,1
DA:204,1
DA:205,1
DA:206,1
DA:207,1
DA:208,1
DA:209,1
BRF:0
BRH:0
LF:115
LH:105
end_of_record
SF:/var/home/jack/Code/koan/src/builtins/struct_def.rs
FN:102,_RNvNtNtCs3yqXWJWMNss_4koan8builtins10struct_def15finalize_struct
FN:157,_RNvNtNtCs3yqXWJWMNss_4koan8builtins10struct_def24defer_struct_via_combine
FN:37,_RNvNtNtCs3yqXWJWMNss_4koan8builtins10struct_def4body
FN:203,_RNvNtNtCs3yqXWJWMNss_4koan8builtins10struct_def7pre_run
FN:207,_RNvNtNtCs3yqXWJWMNss_4koan8builtins10struct_def8register
FN:166,_RNCNvNtNtCs3yqXWJWMNss_4koan8builtins10struct_def24defer_struct_via_combine0B7_
FN:166,_RNCNvNtNtCs8h7e9k1J8CD_4koan8builtins10struct_def24defer_struct_via_combine0B7_
FN:102,_RNvNtNtCs8h7e9k1J8CD_4koan8builtins10struct_def15finalize_struct
FN:157,_RNvNtNtCs8h7e9k1J8CD_4koan8builtins10struct_def24defer_struct_via_combine
FN:37,_RNvNtNtCs8h7e9k1J8CD_4koan8builtins10struct_def4body
FN:203,_RNvNtNtCs8h7e9k1J8CD_4koan8builtins10struct_def7pre_run
FN:207,_RNvNtNtCs8h7e9k1J8CD_4koan8builtins10struct_def8register
FNDA:2,_RNvNtNtCs3yqXWJWMNss_4koan8builtins10struct_def15finalize_struct
FNDA:0,_RNvNtNtCs3yqXWJWMNss_4koan8builtins10struct_def24defer_struct_via_combine
FNDA:2,_RNvNtNtCs3yqXWJWMNss_4koan8builtins10struct_def4body
FNDA:4,_RNvNtNtCs3yqXWJWMNss_4koan8builtins10struct_def7pre_run
FNDA:25,_RNvNtNtCs3yqXWJWMNss_4koan8builtins10struct_def8register
FNDA:0,_RNCNvNtNtCs3yqXWJWMNss_4koan8builtins10struct_def24defer_struct_via_combine0B7_
FNDA:4,_RNCNvNtNtCs8h7e9k1J8CD_4koan8builtins10struct_def24defer_struct_via_combine0B7_
FNDA:46,_RNvNtNtCs8h7e9k1J8CD_4koan8builtins10struct_def15finalize_struct
FNDA:4,_RNvNtNtCs8h7e9k1J8CD_4koan8builtins10struct_def24defer_struct_via_combine
FNDA:49,_RNvNtNtCs8h7e9k1J8CD_4koan8builtins10struct_def4body
FNDA:99,_RNvNtNtCs8h7e9k1J8CD_4koan8builtins10struct_def7pre_run
FNDA:424,_RNvNtNtCs8h7e9k1J8CD_4koan8builtins10struct_def8register
FNF:6
FNH:6
DA:37,51
DA:38,51
DA:39,51
DA:40,51
DA:41,51
DA:46,51
DA:47,51
DA:48,0
DA:50,51
DA:51,51
DA:53,0
DA:54,0
DA:55,0
DA:64,51
DA:65,51
DA:66,51
DA:67,51
DA:68,51
DA:69,51
DA:70,51
DA:71,51
DA:72,51
DA:78,51
DA:79,51
DA:80,51
DA:81,51
DA:82,51
DA:83,51
DA:84,51
DA:86,51
DA:87,43
DA:88,4
DA:89,4
DA:90,4
DA:91,4
DA:92,4
DA:93,4
DA:94,4
DA:95,4
DA:98,51
DA:102,48
DA:103,48
DA:104,48
DA:105,48
DA:106,48
DA:118,48
DA:119,48
DA:120,7
DA:121,1
DA:122,6
DA:123,41
DA:124,47
DA:125,1
DA:126,1
DA:127,1
DA:128,46
DA:129,46
DA:136,46
DA:137,46
DA:138,46
DA:139,46
DA:140,46
DA:141,46
DA:142,46
DA:143,46
DA:144,46
DA:145,46
DA:146,46
DA:147,46
DA:148,46
DA:149,0
DA:151,48
DA:157,4
DA:158,4
DA:159,4
DA:160,4
DA:161,4
DA:162,4
DA:163,4
DA:164,4
DA:165,4
DA:166,4
DA:169,4
DA:176,4
DA:177,4
DA:178,4
DA:179,4
DA:180,4
DA:181,4
DA:182,4
DA:183,4
DA:185,0
DA:186,0
DA:187,0
DA:188,0
DA:189,0
DA:190,0
DA:191,0
DA:193,4
DA:196,4
DA:197,4
DA:198,4
DA:203,103
DA:204,103
DA:205,103
DA:207,449
DA:208,449
DA:209,449
DA:210,449
DA:211,449
DA:212,449
DA:213,449
DA:214,449
DA:215,449
DA:217,449
DA:218,449
DA:220,449
BRF:0
BRH:0
LF:118
LH:106
end_of_record
SF:/var/home/jack/Code/koan/src/builtins/struct_value.rs
FN:129,_RNvNtNtCs3yqXWJWMNss_4koan8builtins12struct_value14primitive_body
FN:49,_RNvNtNtCs3yqXWJWMNss_4koan8builtins12struct_value5apply
FN:176,_RNvNtNtCs3yqXWJWMNss_4koan8builtins12struct_value8register
FN:93,_RNvNtNtCs3yqXWJWMNss_4koan8builtins12struct_value9construct
FN:129,_RNvNtNtCs8h7e9k1J8CD_4koan8builtins12struct_value14primitive_body
FN:49,_RNvNtNtCs8h7e9k1J8CD_4koan8builtins12struct_value5apply
FN:176,_RNvNtNtCs8h7e9k1J8CD_4koan8builtins12struct_value8register
FN:93,_RNvNtNtCs8h7e9k1J8CD_4koan8builtins12struct_value9construct
FNDA:2,_RNvNtNtCs3yqXWJWMNss_4koan8builtins12struct_value14primitive_body
FNDA:2,_RNvNtNtCs3yqXWJWMNss_4koan8builtins12struct_value5apply
FNDA:25,_RNvNtNtCs3yqXWJWMNss_4koan8builtins12struct_value8register
FNDA:2,_RNvNtNtCs3yqXWJWMNss_4koan8builtins12struct_value9construct
FNDA:25,_RNvNtNtCs8h7e9k1J8CD_4koan8builtins12struct_value14primitive_body
FNDA:29,_RNvNtNtCs8h7e9k1J8CD_4koan8builtins12struct_value5apply
FNDA:424,_RNvNtNtCs8h7e9k1J8CD_4koan8builtins12struct_value8register
FNDA:25,_RNvNtNtCs8h7e9k1J8CD_4koan8builtins12struct_value9construct
FNF:4
FNH:4
DA:49,31
DA:50,31
DA:51,31
DA:52,31
DA:53,31
DA:54,31
DA:56,0
DA:57,0
DA:58,0
DA:59,0
DA:62,31
DA:63,31
DA:64,29
DA:65,2
DA:69,29
DA:70,54
DA:71,54
DA:72,53
DA:74,1
DA:78,28
DA:79,1
DA:80,1
DA:81,1
DA:82,27
DA:83,27
DA:84,27
DA:85,27
DA:87,27
DA:88,31
DA:93,27
DA:94,27
DA:95,27
DA:96,27
DA:97,27
DA:98,27
DA:99,27
DA:100,0
DA:101,0
DA:102,0
DA:103,0
DA:104,27
DA:107,27
DA:108,48
DA:109,48
DA:110,3
DA:111,3
DA:112,3
DA:113,3
DA:114,3
DA:115,45
DA:116,45
DA:120,24
DA:121,24
DA:122,24
DA:123,24
DA:124,24
DA:125,27
DA:129,27
DA:130,27
DA:131,27
DA:132,27
DA:133,27
DA:137,27
DA:138,27
DA:139,27
DA:141,0
DA:142,0
DA:143,0
DA:144,0
DA:145,0
DA:146,0
DA:149,0
DA:152,27
DA:153,27
DA:154,0
DA:155,0
DA:156,0
DA:157,0
DA:158,0
DA:159,0
DA:162,0
DA:165,27
DA:166,24
DA:167,3
DA:169,27
DA:176,449
DA:177,449
DA:178,449
DA:179,449
DA:180,449
DA:181,449
DA:182,449
DA:183,449
DA:184,449
DA:185,449
DA:186,449
DA:187,449
DA:189,449
BRF:0
BRH:0
LF:98
LH:76
end_of_record
SF:/var/home/jack/Code/koan/src/builtins/tagged_union.rs
FN:117,_RNvNtNtCs3yqXWJWMNss_4koan8builtins12tagged_union14primitive_body
FN:43,_RNvNtNtCs3yqXWJWMNss_4koan8builtins12tagged_union5apply
FN:169,_RNvNtNtCs3yqXWJWMNss_4koan8builtins12tagged_union8register
FN:77,_RNvNtNtCs3yqXWJWMNss_4koan8builtins12tagged_union9construct
FN:117,_RNvNtNtCs8h7e9k1J8CD_4koan8builtins12tagged_union14primitive_body
FN:43,_RNvNtNtCs8h7e9k1J8CD_4koan8builtins12tagged_union5apply
FN:169,_RNvNtNtCs8h7e9k1J8CD_4koan8builtins12tagged_union8register
FN:77,_RNvNtNtCs8h7e9k1J8CD_4koan8builtins12tagged_union9construct
FN:207,_RNvNtNtNtCs8h7e9k1J8CD_4koan8builtins12tagged_union5tests11build_scope
FN:233,_RNvNtNtNtCs8h7e9k1J8CD_4koan8builtins12tagged_union5tests11run_one_err
FN:217,_RNvNtNtNtCs8h7e9k1J8CD_4koan8builtins12tagged_union5tests3run
FN:226,_RNvNtNtNtCs8h7e9k1J8CD_4koan8builtins12tagged_union5tests7run_one
FN:211,_RNvNtNtNtCs8h7e9k1J8CD_4koan8builtins12tagged_union5tests9parse_one
FN:267,_RNvNtNtNtCs8h7e9k1J8CD_4koan8builtins12tagged_union5testss_29primitive_rejects_unknown_tag
FN:251,_RNvNtNtNtCs8h7e9k1J8CD_4koan8builtins12tagged_union5testss_33primitive_constructs_tagged_value
FN:280,_RNvNtNtNtCs8h7e9k1J8CD_4koan8builtins12tagged_union5testss_37primitive_rejects_value_of_wrong_type
FN:204,_RNvXNtNtNtCs8h7e9k1J8CD_4koan8builtins12tagged_union5testsNtB2_9SharedBufNtNtCsjrHSEGnQ3l9_3std2io5Write5flush
FN:200,_RNvXNtNtNtCs8h7e9k1J8CD_4koan8builtins12tagged_union5testsNtB2_9SharedBufNtNtCsjrHSEGnQ3l9_3std2io5Write5write
FNDA:0,_RNvNtNtCs3yqXWJWMNss_4koan8builtins12tagged_union14primitive_body
FNDA:0,_RNvNtNtCs3yqXWJWMNss_4koan8builtins12tagged_union5apply
FNDA:25,_RNvNtNtCs3yqXWJWMNss_4koan8builtins12tagged_union8register
FNDA:0,_RNvNtNtCs3yqXWJWMNss_4koan8builtins12tagged_union9construct
FNDA:66,_RNvNtNtCs8h7e9k1J8CD_4koan8builtins12tagged_union14primitive_body
FNDA:63,_RNvNtNtCs8h7e9k1J8CD_4koan8builtins12tagged_union5apply
FNDA:424,_RNvNtNtCs8h7e9k1J8CD_4koan8builtins12tagged_union8register
FNDA:66,_RNvNtNtCs8h7e9k1J8CD_4koan8builtins12tagged_union9construct
FNDA:3,_RNvNtNtNtCs8h7e9k1J8CD_4koan8builtins12tagged_union5tests11build_scope
FNDA:2,_RNvNtNtNtCs8h7e9k1J8CD_4koan8builtins12tagged_union5tests11run_one_err
FNDA:3,_RNvNtNtNtCs8h7e9k1J8CD_4koan8builtins12tagged_union5tests3run
FNDA:1,_RNvNtNtNtCs8h7e9k1J8CD_4koan8builtins12tagged_union5tests7run_one
FNDA:3,_RNvNtNtNtCs8h7e9k1J8CD_4koan8builtins12tagged_union5tests9parse_one
FNDA:1,_RNvNtNtNtCs8h7e9k1J8CD_4koan8builtins12tagged_union5testss_29primitive_rejects_unknown_tag
FNDA:1,_RNvNtNtNtCs8h7e9k1J8CD_4koan8builtins12tagged_union5testss_33primitive_constructs_tagged_value
FNDA:1,_RNvNtNtNtCs8h7e9k1J8CD_4koan8builtins12tagged_union5testss_37primitive_rejects_value_of_wrong_type
FNDA:0,_RNvXNtNtNtCs8h7e9k1J8CD_4koan8builtins12tagged_union5testsNtB2_9SharedBufNtNtCsjrHSEGnQ3l9_3std2io5Write5flush
FNDA:0,_RNvXNtNtNtCs8h7e9k1J8CD_4koan8builtins12tagged_union5testsNtB2_9SharedBufNtNtCsjrHSEGnQ3l9_3std2io5Write5write
FNF:14
FNH:12
DA:43,63
DA:44,63
DA:45,63
DA:46,63
DA:47,63
DA:48,63
DA:51,63
DA:52,0
DA:53,0
DA:54,0
DA:55,0
DA:56,63
DA:57,63
DA:58,63
DA:59,63
DA:60,63
DA:61,0
DA:62,0
DA:63,0
DA:64,0
DA:65,63
DA:66,63
DA:67,63
DA:68,63
DA:69,63
DA:71,63
DA:72,63
DA:77,66
DA:78,66
DA:79,66
DA:80,66
DA:81,66
DA:82,66
DA:83,66
DA:84,66
DA:85,63
DA:87,3
DA:88,3
DA:89,3
DA:90,3
DA:91,3
DA:94,63
DA:95,1
DA:96,1
DA:97,1
DA:98,1
DA:99,1
DA:100,62
DA:103,62
DA:104,62
DA:105,62
DA:106,62
DA:107,62
DA:108,62
DA:109,62
DA:110,62
DA:111,62
DA:112,66
DA:117,66
DA:118,66
DA:119,66
DA:120,66
DA:121,66
DA:124,66
DA:125,66
DA:126,66
DA:128,0
DA:129,0
DA:130,0
DA:131,0
DA:132,0
DA:133,0
DA:136,0
DA:143,66
DA:144,66
DA:145,0
DA:146,0
DA:147,0
DA:148,0
DA:149,0
DA:150,0
DA:152,0
DA:154,66
DA:155,66
DA:157,0
DA:160,66
DA:161,62
DA:162,4
DA:164,66
DA:169,449
DA:170,449
DA:171,449
DA:172,449
DA:173,449
DA:174,449
DA:175,449
DA:176,449
DA:177,449
DA:178,449
DA:179,449
DA:180,449
DA:181,449
DA:183,449
DA:200,0
DA:201,0
DA:202,0
DA:203,0
DA:204,0
DA:207,3
DA:208,3
DA:209,3
DA:211,3
DA:212,3
DA:213,3
DA:214,3
DA:215,3
DA:217,3
DA:218,3
DA:219,3
DA:220,6
DA:221,6
DA:222,6
DA:223,3
DA:224,3
DA:226,1
DA:227,1
DA:228,1
DA:229,1
DA:230,1
DA:231,1
DA:233,2
DA:234,2
DA:235,2
DA:236,2
DA:237,2
DA:238,2
DA:239,2
DA:240,2
DA:241,0
DA:242,2
DA:244,2
DA:251,1
DA:252,1
DA:253,1
DA:254,1
DA:255,1
DA:256,1
DA:257,1
DA:258,1
DA:259,1
DA:260,1
DA:262,0
DA:264,1
DA:267,1
DA:268,1
DA:269,1
DA:270,1
[...]
FNDA:1,_RNvNtNtNtCs8h7e9k1J8CD_4koan5parse6tokens5testss_30attr_wins_when_rhs_not_numeric
FNDA:1,_RNvNtNtNtCs8h7e9k1J8CD_4koan5parse6tokens5testss_31lowercase_leading_is_identifier
FNDA:1,_RNvNtNtNtCs8h7e9k1J8CD_4koan5parse6tokens5testss_34keyword_two_uppercase_no_lowercase
FNDA:1,_RNvNtNtNtCs8h7e9k1J8CD_4koan5parse6tokens5testss_35type_uppercase_first_with_lowercase
FNDA:1,_RNvNtNtNtCs8h7e9k1J8CD_4koan5parse6tokens5testss_38single_uppercase_letter_is_parse_error
FNDA:1,_RNvNtNtNtCs8h7e9k1J8CD_4koan5parse6tokens5testss_47ascription_compound_tokens_classify_as_keywords
FNDA:1,_RNvNtNtNtCs8h7e9k1J8CD_4koan5parse6tokens5testss_49uppercase_with_digits_no_lowercase_is_parse_error
FNDA:1,_RNvNtNtNtCs8h7e9k1J8CD_4koan5parse6tokens5testss_8negation
FNDA:1419,_RNCNvNtNtCs8h7e9k1J8CD_4koan5parse6tokens12is_type_name0B7_
FNDA:7797,_RNCNvNtNtCs8h7e9k1J8CD_4koan5parse6tokens13classify_atom0B7_
FNDA:3389,_RNCNvNtNtCs8h7e9k1J8CD_4koan5parse6tokens13classify_atoms0_0B7_
FNDA:1220,_RNCNvNtNtCs8h7e9k1J8CD_4koan5parse6tokens13classify_atoms_0B7_
FNDA:1,_RNCNvNtNtCs8h7e9k1J8CD_4koan5parse6tokens5FLOAT0B7_
FNDA:5329,_RNCNvNtNtCs8h7e9k1J8CD_4koan5parse6tokens9read_atoms_0B7_
FNF:46
FNH:45
DA:28,6
DA:29,6
DA:30,6
DA:38,6272
DA:39,6272
DA:40,6272
DA:41,565
DA:42,5707
DA:43,5707
DA:44,5707
DA:45,5696
DA:46,0
DA:47,0
DA:48,0
DA:49,0
DA:50,5696
DA:51,5696
DA:52,6272
DA:57,12024
DA:58,12024
DA:59,12024
DA:60,11975
DA:61,11958
DA:62,11947
DA:64,11947
DA:65,489
DA:66,489
DA:67,0
DA:68,11458
DA:69,11458
DA:70,12024
DA:87,5752
DA:88,5752
DA:89,1
DA:90,5751
DA:91,5751
DA:92,2929
DA:93,2822
DA:94,2822
DA:95,8400
DA:96,1
DA:97,1
DA:98,1
DA:99,1
DA:100,1
DA:101,1
DA:102,1
DA:103,1520
DA:104,1520
DA:105,1301
DA:110,1301
DA:111,4
DA:112,4
DA:113,4
DA:114,4
DA:115,4
DA:116,4
DA:117,4
DA:118,4
DA:119,1297
DA:120,3610
DA:121,2
DA:122,2
DA:123,2
DA:124,2
DA:125,2
DA:126,2
DA:127,2
DA:128,1295
DA:129,1295
DA:130,5752
DA:136,2822
DA:137,2822
DA:138,2822
DA:139,2822
DA:140,1297
DA:141,1525
DA:142,1526
DA:143,2822
DA:151,5707
DA:152,5707
DA:153,5707
DA:154,5707
DA:155,5707
DA:156,5707
DA:157,5714
DA:158,5713
DA:159,7
DA:160,7
DA:161,7
DA:164,5707
DA:166,5750
DA:167,54
DA:168,54
DA:169,54
DA:170,54
DA:171,49
DA:172,49
DA:173,48
DA:175,5
DA:179,5696
DA:180,6
DA:181,6
DA:182,5696
DA:183,5707
DA:185,61
DA:186,61
DA:187,61
DA:188,61
DA:193,5756
DA:194,5756
DA:195,5756
DA:196,5756
DA:197,5756
DA:198,5756
DA:199,5754
DA:201,2
DA:202,2
DA:203,2
DA:204,2
DA:207,5754
DA:208,5754
DA:209,26541
DA:210,20842
DA:211,55
DA:212,20787
DA:213,20787
DA:214,20787
DA:215,20787
DA:217,5754
DA:218,2
DA:219,2
DA:220,2
DA:221,2
DA:222,2
DA:223,5752
DA:224,5752
DA:225,5752
DA:226,5752
DA:227,5752
DA:228,5752
DA:229,5756
DA:236,65
DA:237,7
DA:238,21
DA:239,18
DA:240,3
DA:241,16
DA:242,38
DA:243,16
DA:245,0
DA:246,5
DA:247,1
DA:248,1
DA:249,0
DA:250,0
DA:251,0
DA:252,0
DA:254,0
DA:255,0
DA:256,0
DA:257,0
DA:258,0
DA:259,0
DA:262,65
DA:264,35
DA:265,35
DA:266,35
DA:267,35
DA:268,35
DA:271,1
DA:272,1
DA:273,1
DA:276,1
DA:277,1
DA:278,1
DA:281,1
DA:282,1
DA:283,1
DA:286,1
DA:287,1
DA:288,1
DA:291,1
DA:292,1
DA:293,1
DA:296,1
DA:297,1
DA:298,1
DA:301,1
DA:305,1
DA:306,1
DA:307,1
DA:310,1
DA:311,1
DA:312,1
DA:315,1
DA:318,1
DA:319,1
DA:320,1
DA:323,1
DA:326,1
DA:327,1
DA:328,1
DA:331,1
DA:332,1
DA:333,1
DA:334,1
DA:337,1
DA:338,1
DA:339,1
DA:342,1
DA:343,1
DA:344,1
DA:347,1
DA:348,1
DA:349,1
DA:352,1
DA:353,1
DA:354,1
DA:357,1
DA:358,1
DA:359,1
DA:362,1
DA:363,1
DA:364,1
DA:367,1
DA:368,1
DA:369,1
DA:372,1
DA:375,1
DA:376,1
DA:377,1
DA:380,1
DA:381,1
DA:382,1
DA:387,1
DA:389,1
DA:390,1
DA:391,1
DA:392,1
DA:395,1
DA:397,1
DA:398,1
DA:399,1
DA:400,1
DA:403,1
DA:405,1
DA:406,1
DA:407,1
DA:408,1
DA:411,1
DA:415,1
DA:416,1
DA:419,1
DA:424,1
DA:425,1
DA:426,1
DA:429,1
DA:431,1
DA:432,1
DA:433,1
DA:436,1
DA:437,1
DA:438,1
DA:439,1
BRF:0
BRH:0
LF:274
LH:257
end_of_record
SF:/var/home/jack/Code/koan/src/parse/triple_list.rs
FN:72,_RINvNtNtCs3yqXWJWMNss_4koan5parse11triple_list15parse_pair_listNtNtNtNtNtB6_7machine5model5types5ktype5KTypeNCNvNtB13_16typed_field_list37parse_typed_field_list_via_elaborator0EB6_
FN:22,_RINvNtNtCs3yqXWJWMNss_4koan5parse11triple_list25parse_keyword_triple_listNtNtNtNtB6_7machine5model3ast14ExpressionPartNCNvNtNtB1d_6values11named_pairs23parse_named_value_pairss_0EB6_
FN:96,_RNCINvNtNtCs3yqXWJWMNss_4koan5parse11triple_list15parse_pair_listNtNtNtNtNtB8_7machine5model5types5ktype5KTypeNCNvNtB15_16typed_field_list37parse_typed_field_list_via_elaborator0E0B8_
FN:56,_RNCINvNtNtCs3yqXWJWMNss_4koan5parse11triple_list25parse_keyword_triple_listNtNtNtNtB8_7machine5model3ast14ExpressionPartNCNvNtNtB1f_6values11named_pairs23parse_named_value_pairss_0E0B8_
FN:72,_RINvNtNtCs8h7e9k1J8CD_4koan5parse11triple_list15parse_pair_listNtNtNtNtNtB6_7machine5model5types5ktype5KTypeNCNvNtB13_16typed_field_list37parse_typed_field_list_via_elaborator0EB6_
FN:22,_RINvNtNtCs8h7e9k1J8CD_4koan5parse11triple_list25parse_keyword_triple_listNtNtNtNtB6_7machine5model3ast14ExpressionPartNCNvNtNtB1d_6values11named_pairs23parse_named_value_pairss_0EB6_
FN:96,_RNCINvNtNtCs8h7e9k1J8CD_4koan5parse11triple_list15parse_pair_listNtNtNtNtNtB8_7machine5model5types5ktype5KTypeNCNvNtB15_16typed_field_list37parse_typed_field_list_via_elaborator0E0B8_
FN:56,_RNCINvNtNtCs8h7e9k1J8CD_4koan5parse11triple_list25parse_keyword_triple_listNtNtNtNtB8_7machine5model3ast14ExpressionPartNCNvNtNtB1f_6values11named_pairs23parse_named_value_pairss_0E0B8_
FNDA:2,_RINvNtNtCs3yqXWJWMNss_4koan5parse11triple_list15parse_pair_listNtNtNtNtNtB6_7machine5model5types5ktype5KTypeNCNvNtB13_16typed_field_list37parse_typed_field_list_via_elaborator0EB6_
FNDA:2,_RINvNtNtCs3yqXWJWMNss_4koan5parse11triple_list25parse_keyword_triple_listNtNtNtNtB6_7machine5model3ast14ExpressionPartNCNvNtNtB1d_6values11named_pairs23parse_named_value_pairss_0EB6_
FNDA:1,_RNCINvNtNtCs3yqXWJWMNss_4koan5parse11triple_list15parse_pair_listNtNtNtNtNtB8_7machine5model5types5ktype5KTypeNCNvNtB15_16typed_field_list37parse_typed_field_list_via_elaborator0E0B8_
FNDA:1,_RNCINvNtNtCs3yqXWJWMNss_4koan5parse11triple_list25parse_keyword_triple_listNtNtNtNtB8_7machine5model3ast14ExpressionPartNCNvNtNtB1f_6values11named_pairs23parse_named_value_pairss_0E0B8_
FNDA:84,_RINvNtNtCs8h7e9k1J8CD_4koan5parse11triple_list15parse_pair_listNtNtNtNtNtB6_7machine5model5types5ktype5KTypeNCNvNtB13_16typed_field_list37parse_typed_field_list_via_elaborator0EB6_
FNDA:47,_RINvNtNtCs8h7e9k1J8CD_4koan5parse11triple_list25parse_keyword_triple_listNtNtNtNtB6_7machine5model3ast14ExpressionPartNCNvNtNtB1d_6values11named_pairs23parse_named_value_pairss_0EB6_
FNDA:60,_RNCINvNtNtCs8h7e9k1J8CD_4koan5parse11triple_list15parse_pair_listNtNtNtNtNtB8_7machine5model5types5ktype5KTypeNCNvNtB15_16typed_field_list37parse_typed_field_list_via_elaborator0E0B8_
FNDA:37,_RNCINvNtNtCs8h7e9k1J8CD_4koan5parse11triple_list25parse_keyword_triple_listNtNtNtNtB8_7machine5model3ast14ExpressionPartNCNvNtNtB1f_6values11named_pairs23parse_named_value_pairss_0E0B8_
FNF:4
FNH:4
DA:22,49
DA:23,49
DA:24,49
DA:25,49
DA:26,49
DA:27,49
DA:28,49
DA:29,49
DA:30,3
DA:31,3
DA:32,3
DA:33,3
DA:34,46
DA:35,46
DA:36,46
DA:37,120
DA:38,79
DA:39,78
DA:40,1
DA:41,1
DA:42,1
DA:43,1
DA:44,1
DA:47,78
DA:48,77
DA:49,1
DA:50,1
DA:51,1
DA:52,1
DA:53,1
DA:56,77
DA:57,3
DA:58,74
DA:59,74
DA:60,74
DA:61,74
DA:63,41
DA:64,49
DA:72,86
DA:73,86
DA:74,86
DA:75,86
DA:76,86
DA:77,86
DA:78,86
DA:79,2
DA:80,2
DA:81,2
DA:82,2
DA:83,84
DA:84,84
DA:85,84
DA:86,221
DA:87,142
DA:88,142
DA:89,0
DA:90,0
DA:91,0
DA:92,0
DA:93,0
DA:96,142
DA:97,2
DA:98,140
DA:99,140
DA:100,137
DA:101,137
DA:103,79
DA:104,86
BRF:0
BRH:0
LF:70
LH:65
end_of_record
SF:/var/home/jack/Code/koan/src/parse/type_expr_frame.rs
FN:19,_RNvMNtNtCs3yqXWJWMNss_4koan5parse15type_expr_frameNtB2_13TypeExprFrame3new
FN:23,_RNvMNtNtCs3yqXWJWMNss_4koan5parse15type_expr_frameNtB2_13TypeExprFrame5build
FN:83,_RNvNtNtCs3yqXWJWMNss_4koan5parse15type_expr_frame10find_arrow
FN:111,_RNvNtNtCs3yqXWJWMNss_4koan5parse15type_expr_frame17build_list_params
FN:142,_RNvNtNtCs3yqXWJWMNss_4koan5parse15type_expr_frame21build_function_params
FN:164,_RNvNtNtCs3yqXWJWMNss_4koan5parse15type_expr_frame21extract_function_args
FN:202,_RNvNtNtCs3yqXWJWMNss_4koan5parse15type_expr_frame23extract_function_return
FN:131,_RNvNtNtCs3yqXWJWMNss_4koan5parse15type_expr_frame9lift_part
FN:172,_RNCNvNtNtCs3yqXWJWMNss_4koan5parse15type_expr_frame21extract_function_args0B7_
FN:179,_RNCNvNtNtCs3yqXWJWMNss_4koan5parse15type_expr_frame21extract_function_argss_0B7_
FN:205,_RNCNvNtNtCs3yqXWJWMNss_4koan5parse15type_expr_frame23extract_function_return0B7_
FN:19,_RNvMNtNtCs8h7e9k1J8CD_4koan5parse15type_expr_frameNtB2_13TypeExprFrame3new
FN:23,_RNvMNtNtCs8h7e9k1J8CD_4koan5parse15type_expr_frameNtB2_13TypeExprFrame5build
FN:83,_RNvNtNtCs8h7e9k1J8CD_4koan5parse15type_expr_frame10find_arrow
FN:111,_RNvNtNtCs8h7e9k1J8CD_4koan5parse15type_expr_frame17build_list_params
FN:142,_RNvNtNtCs8h7e9k1J8CD_4koan5parse15type_expr_frame21build_function_params
FN:164,_RNvNtNtCs8h7e9k1J8CD_4koan5parse15type_expr_frame21extract_function_args
FN:202,_RNvNtNtCs8h7e9k1J8CD_4koan5parse15type_expr_frame23extract_function_return
FN:131,_RNvNtNtCs8h7e9k1J8CD_4koan5parse15type_expr_frame9lift_part
FN:172,_RNCNvNtNtCs8h7e9k1J8CD_4koan5parse15type_expr_frame21extract_function_args0B7_
FN:179,_RNCNvNtNtCs8h7e9k1J8CD_4koan5parse15type_expr_frame21extract_function_argss_0B7_
FN:205,_RNCNvNtNtCs8h7e9k1J8CD_4koan5parse15type_expr_frame23extract_function_return0B7_
FNDA:1,_RNvMNtNtCs3yqXWJWMNss_4koan5parse15type_expr_frameNtB2_13TypeExprFrame3new
FNDA:1,_RNvMNtNtCs3yqXWJWMNss_4koan5parse15type_expr_frameNtB2_13TypeExprFrame5build
FNDA:1,_RNvNtNtCs3yqXWJWMNss_4koan5parse15type_expr_frame10find_arrow
FNDA:0,_RNvNtNtCs3yqXWJWMNss_4koan5parse15type_expr_frame17build_list_params
FNDA:1,_RNvNtNtCs3yqXWJWMNss_4koan5parse15type_expr_frame21build_function_params
FNDA:1,_RNvNtNtCs3yqXWJWMNss_4koan5parse15type_expr_frame21extract_function_args
FNDA:1,_RNvNtNtCs3yqXWJWMNss_4koan5parse15type_expr_frame23extract_function_return
FNDA:1,_RNvNtNtCs3yqXWJWMNss_4koan5parse15type_expr_frame9lift_part
FNDA:0,_RNCNvNtNtCs3yqXWJWMNss_4koan5parse15type_expr_frame21extract_function_args0B7_
FNDA:1,_RNCNvNtNtCs3yqXWJWMNss_4koan5parse15type_expr_frame21extract_function_argss_0B7_
FNDA:0,_RNCNvNtNtCs3yqXWJWMNss_4koan5parse15type_expr_frame23extract_function_return0B7_
FNDA:87,_RNvMNtNtCs8h7e9k1J8CD_4koan5parse15type_expr_frameNtB2_13TypeExprFrame3new
FNDA:89,_RNvMNtNtCs8h7e9k1J8CD_4koan5parse15type_expr_frameNtB2_13TypeExprFrame5build
FNDA:86,_RNvNtNtCs8h7e9k1J8CD_4koan5parse15type_expr_frame10find_arrow
FNDA:58,_RNvNtNtCs8h7e9k1J8CD_4koan5parse15type_expr_frame17build_list_params
FNDA:24,_RNvNtNtCs8h7e9k1J8CD_4koan5parse15type_expr_frame21build_function_params
FNDA:24,_RNvNtNtCs8h7e9k1J8CD_4koan5parse15type_expr_frame21extract_function_args
FNDA:20,_RNvNtNtCs8h7e9k1J8CD_4koan5parse15type_expr_frame23extract_function_return
FNDA:83,_RNvNtNtCs8h7e9k1J8CD_4koan5parse15type_expr_frame9lift_part
FNDA:2,_RNCNvNtNtCs8h7e9k1J8CD_4koan5parse15type_expr_frame21extract_function_args0B7_
FNDA:23,_RNCNvNtNtCs8h7e9k1J8CD_4koan5parse15type_expr_frame21extract_function_argss_0B7_
FNDA:1,_RNCNvNtNtCs8h7e9k1J8CD_4koan5parse15type_expr_frame23extract_function_return0B7_
FNF:11
FNH:11
DA:19,88
DA:20,88
DA:21,88
DA:23,90
DA:24,90
DA:25,90
DA:26,1
DA:27,1
DA:28,1
DA:29,1
DA:30,89
DA:31,89
DA:32,88
DA:33,1
DA:34,1
DA:35,1
DA:36,1
DA:37,1
DA:38,1
DA:39,1
DA:40,1
DA:42,1
DA:43,1
DA:44,1
DA:45,1
DA:46,1
DA:47,1
DA:48,1
DA:49,1
DA:52,87
DA:53,87
DA:57,85
DA:59,85
DA:60,1
DA:61,1
DA:62,1
DA:63,1
DA:64,1
DA:65,1
DA:66,1
DA:67,1
DA:68,1
DA:69,1
DA:70,1
DA:71,1
DA:72,1
DA:73,1
DA:74,1
DA:75,58
DA:76,25
DA:78,90
DA:83,87
DA:84,87
DA:85,149
DA:86,28
DA:87,120
DA:88,28
DA:89,28
DA:90,1
DA:91,1
DA:92,1
DA:93,1
DA:94,27
DA:95,27
DA:97,1
DA:98,1
DA:99,1
DA:100,1
DA:101,1
DA:102,1
DA:103,1
DA:104,1
DA:108,85
DA:109,87
DA:111,58
DA:112,58
DA:113,58
DA:114,58
DA:115,58
DA:116,1
DA:117,57
DA:118,57
DA:119,57
DA:120,57
DA:121,57
DA:122,57
DA:123,58
DA:131,84
DA:132,84
DA:133,82
DA:134,2
DA:135,2
DA:137,2
DA:138,0
DA:140,84
DA:142,25
DA:143,25
DA:144,25
DA:145,25
DA:146,25
DA:147,25
DA:148,25
DA:149,25
DA:150,25
DA:152,25
DA:153,21
DA:154,20
DA:155,20
DA:156,20
DA:157,20
DA:158,20
DA:159,20
DA:160,20
DA:161,20
DA:162,25
DA:164,25
DA:165,25
DA:166,25
DA:171,25
DA:172,25
DA:173,23
DA:174,22
DA:175,1
DA:177,22
DA:178,22
DA:179,24
DA:180,22
DA:185,1
DA:186,1
DA:187,1
DA:189,1
DA:191,1
DA:192,1
DA:193,1
DA:194,1
DA:195,1
DA:196,1
DA:197,1
DA:198,24
DA:199,22
DA:200,25
DA:202,21
DA:203,21
DA:204,21
DA:205,21
DA:206,1
DA:207,1
DA:209,1
DA:211,1
DA:213,1
DA:216,20
DA:217,21
BRF:0
BRH:0
LF:156
LH:155
end_of_record
SF:/var/home/jack/Code/koan/src/parse/whitespace.rs
FN:74,_RNCNvNtNtCs3yqXWJWMNss_4koan5parse10whitespace12collapse_str0B7_
FN:167,_RNCNvNtNtCs3yqXWJWMNss_4koan5parse10whitespace12collapse_strs0_0B7_
FN:75,_RNCNvNtNtCs3yqXWJWMNss_4koan5parse10whitespace12collapse_strs_0B7_
FN:295,_RNCNvNtNtCs3yqXWJWMNss_4koan5parse10whitespace16line_delim_delta0B7_
FN:296,_RNCNvNtNtCs3yqXWJWMNss_4koan5parse10whitespace16line_delim_deltas_0B7_
FN:304,_RNCNvNtNtCs3yqXWJWMNss_4koan5parse10whitespace16line_paren_delta0B7_
FN:305,_RNCNvNtNtCs3yqXWJWMNss_4koan5parse10whitespace16line_paren_deltas_0B7_
FN:52,_RNCNvNtNtCs3yqXWJWMNss_4koan5parse10whitespace19collapse_whitespace0B7_
FN:267,_RNCNvNtNtCs3yqXWJWMNss_4koan5parse10whitespace19walk_content_cursor0B7_
FN:268,_RNCNvNtNtCs3yqXWJWMNss_4koan5parse10whitespace19walk_content_cursors_0B7_
FN:56,_RNvNtNtCs3yqXWJWMNss_4koan5parse10whitespace12collapse_str
FN:313,_RNvNtNtCs3yqXWJWMNss_4koan5parse10whitespace13adjust_parens
FN:294,_RNvNtNtCs3yqXWJWMNss_4koan5parse10whitespace16line_delim_delta
FN:303,_RNvNtNtCs3yqXWJWMNss_4koan5parse10whitespace16line_paren_delta
FN:50,_RNvNtNtCs3yqXWJWMNss_4koan5parse10whitespace19collapse_whitespace
FN:248,_RNvNtNtCs3yqXWJWMNss_4koan5parse10whitespace19walk_content_cursor
FN:238,_RNvNtNtCs3yqXWJWMNss_4koan5parse10whitespace9emit_jump
FN:74,_RNCNvNtNtCs8h7e9k1J8CD_4koan5parse10whitespace12collapse_str0B7_
FN:167,_RNCNvNtNtCs8h7e9k1J8CD_4koan5parse10whitespace12collapse_strs0_0B7_
FN:75,_RNCNvNtNtCs8h7e9k1J8CD_4koan5parse10whitespace12collapse_strs_0B7_
FN:295,_RNCNvNtNtCs8h7e9k1J8CD_4koan5parse10whitespace16line_delim_delta0B7_
FN:296,_RNCNvNtNtCs8h7e9k1J8CD_4koan5parse10whitespace16line_delim_deltas_0B7_
FN:304,_RNCNvNtNtCs8h7e9k1J8CD_4koan5parse10whitespace16line_paren_delta0B7_
FN:305,_RNCNvNtNtCs8h7e9k1J8CD_4koan5parse10whitespace16line_paren_deltas_0B7_
FN:52,_RNCNvNtNtCs8h7e9k1J8CD_4koan5parse10whitespace19collapse_whitespace0B7_
FN:267,_RNCNvNtNtCs8h7e9k1J8CD_4koan5parse10whitespace19walk_content_cursor0B7_
FN:268,_RNCNvNtNtCs8h7e9k1J8CD_4koan5parse10whitespace19walk_content_cursors_0B7_
FN:56,_RNvNtNtCs8h7e9k1J8CD_4koan5parse10whitespace12collapse_str
FN:313,_RNvNtNtCs8h7e9k1J8CD_4koan5parse10whitespace13adjust_parens
FN:294,_RNvNtNtCs8h7e9k1J8CD_4koan5parse10whitespace16line_delim_delta
FN:303,_RNvNtNtCs8h7e9k1J8CD_4koan5parse10whitespace16line_paren_delta
FN:50,_RNvNtNtCs8h7e9k1J8CD_4koan5parse10whitespace19collapse_whitespace
FN:248,_RNvNtNtCs8h7e9k1J8CD_4koan5parse10whitespace19walk_content_cursor
FN:238,_RNvNtNtCs8h7e9k1J8CD_4koan5parse10whitespace9emit_jump
FNDA:2138,_RNCNvNtNtCs3yqXWJWMNss_4koan5parse10whitespace12collapse_str0B7_
FNDA:0,_RNCNvNtNtCs3yqXWJWMNss_4koan5parse10whitespace12collapse_strs0_0B7_
FNDA:43,_RNCNvNtNtCs3yqXWJWMNss_4koan5parse10whitespace12collapse_strs_0B7_
FNDA:2095,_RNCNvNtNtCs3yqXWJWMNss_4koan5parse10whitespace16line_delim_delta0B7_
FNDA:2095,_RNCNvNtNtCs3yqXWJWMNss_4koan5parse10whitespace16line_delim_deltas_0B7_
FNDA:2095,_RNCNvNtNtCs3yqXWJWMNss_4koan5parse10whitespace16line_paren_delta0B7_
FNDA:2095,_RNCNvNtNtCs3yqXWJWMNss_4koan5parse10whitespace16line_paren_deltas_0B7_
FNDA:0,_RNCNvNtNtCs3yqXWJWMNss_4koan5parse10whitespace19collapse_whitespace0B7_
FNDA:1,_RNCNvNtNtCs3yqXWJWMNss_4koan5parse10whitespace19walk_content_cursor0B7_
FNDA:0,_RNCNvNtNtCs3yqXWJWMNss_4koan5parse10whitespace19walk_content_cursors_0B7_
FNDA:25,_RNvNtNtCs3yqXWJWMNss_4koan5parse10whitespace12collapse_str
FNDA:68,_RNvNtNtCs3yqXWJWMNss_4koan5parse10whitespace13adjust_parens
FNDA:68,_RNvNtNtCs3yqXWJWMNss_4koan5parse10whitespace16line_delim_delta
FNDA:68,_RNvNtNtCs3yqXWJWMNss_4koan5parse10whitespace16line_paren_delta
FNDA:25,_RNvNtNtCs3yqXWJWMNss_4koan5parse10whitespace19collapse_whitespace
FNDA:68,_RNvNtNtCs3yqXWJWMNss_4koan5parse10whitespace19walk_content_cursor
FNDA:136,_RNvNtNtCs3yqXWJWMNss_4koan5parse10whitespace9emit_jump
FNDA:29665,_RNCNvNtNtCs8h7e9k1J8CD_4koan5parse10whitespace12collapse_str0B7_
FNDA:129,_RNCNvNtNtCs8h7e9k1J8CD_4koan5parse10whitespace12collapse_strs0_0B7_
FNDA:398,_RNCNvNtNtCs8h7e9k1J8CD_4koan5parse10whitespace12collapse_strs_0B7_
FNDA:28983,_RNCNvNtNtCs8h7e9k1J8CD_4koan5parse10whitespace16line_delim_delta0B7_
FNDA:28983,_RNCNvNtNtCs8h7e9k1J8CD_4koan5parse10whitespace16line_delim_deltas_0B7_
FNDA:29005,_RNCNvNtNtCs8h7e9k1J8CD_4koan5parse10whitespace16line_paren_delta0B7_
FNDA:29005,_RNCNvNtNtCs8h7e9k1J8CD_4koan5parse10whitespace16line_paren_deltas_0B7_
FNDA:0,_RNCNvNtNtCs8h7e9k1J8CD_4koan5parse10whitespace19collapse_whitespace0B7_
FNDA:165,_RNCNvNtNtCs8h7e9k1J8CD_4koan5parse10whitespace19walk_content_cursor0B7_
FNDA:0,_RNCNvNtNtCs8h7e9k1J8CD_4koan5parse10whitespace19walk_content_cursors_0B7_
FNDA:799,_RNvNtNtCs8h7e9k1J8CD_4koan5parse10whitespace12collapse_str
FNDA:1165,_RNvNtNtCs8h7e9k1J8CD_4koan5parse10whitespace13adjust_parens
FNDA:1165,_RNvNtNtCs8h7e9k1J8CD_4koan5parse10whitespace16line_delim_delta
FNDA:1172,_RNvNtNtCs8h7e9k1J8CD_4koan5parse10whitespace16line_paren_delta
FNDA:799,_RNvNtNtCs8h7e9k1J8CD_4koan5parse10whitespace19collapse_whitespace
FNDA:1172,_RNvNtNtCs8h7e9k1J8CD_4koan5parse10whitespace19walk_content_cursor
FNDA:2272,_RNvNtNtCs8h7e9k1J8CD_4koan5parse10whitespace9emit_jump
FNF:17
FNH:15
DA:50,824
DA:51,824
DA:52,824
DA:53,824
DA:54,824
DA:56,824
DA:57,824
DA:58,824
DA:59,824
DA:60,824
DA:61,824
DA:64,824
DA:66,824
DA:67,824
DA:68,824
DA:69,824
DA:71,2081
DA:72,1264
DA:73,1264
DA:74,31803
DA:75,1264
DA:76,1264
DA:78,1264
DA:79,1264
DA:80,1264
DA:81,1264
DA:83,1264
DA:85,1264
DA:89,24
DA:90,24
DA:91,24
DA:92,8
DA:94,16
DA:96,24
DA:97,24
DA:98,1240
DA:100,1240
DA:102,1240
DA:103,1240
DA:105,1240
DA:106,1240
DA:108,1240
DA:109,1240
DA:131,1240
DA:132,54
DA:133,54
DA:134,1186
DA:137,1186
DA:138,16
DA:142,7
DA:143,1
DA:144,1
DA:145,1
DA:146,1
DA:147,1
DA:148,6
DA:149,6
DA:150,6
DA:151,9
DA:152,9
DA:156,1
DA:157,1
DA:158,1
DA:159,1
DA:160,1
DA:161,1
DA:162,8
DA:165,1170
DA:167,1178
DA:168,3
DA:169,3
DA:170,3
DA:171,3
DA:172,3
DA:173,1175
DA:174,1175
DA:175,2
DA:176,2
DA:177,2
DA:178,2
DA:179,2
DA:180,1173
DA:182,1503
DA:183,368
DA:184,330
DA:185,330
DA:186,330
DA:187,330
DA:188,38
DA:194,1173
DA:195,351
DA:196,822
DA:202,1173
DA:203,1173
DA:204,11
DA:205,11
DA:206,11
DA:207,11
DA:208,11
DA:209,1162
DA:210,1162
DA:211,1162
DA:212,1162
DA:213,1162
DA:215,1173
DA:216,1173
DA:217,1173
DA:218,1173
DA:219,1173
DA:221,1173
DA:222,1173
DA:223,401
DA:225,772
DA:227,1173
DA:230,1651
DA:231,834
DA:232,834
DA:233,834
DA:235,817
DA:236,824
DA:238,2408
DA:239,2408
DA:240,2408
DA:241,2408
DA:242,2408
DA:248,1240
DA:249,1240
DA:250,1240
DA:251,31298
DA:252,30058
DA:253,30058
DA:254,166
DA:255,166
DA:256,533
DA:257,367
DA:258,367
DA:259,166
DA:260,0
DA:261,166
DA:262,166
DA:263,0
DA:264,166
DA:265,166
DA:266,166
DA:267,166
DA:268,166
DA:269,166
DA:270,29892
DA:271,166
DA:272,332
DA:273,166
DA:274,166
DA:275,166
DA:276,0
DA:277,166
DA:278,166
DA:279,343
DA:280,177
DA:281,177
DA:282,166
DA:283,29726
DA:284,29726
DA:285,29726
DA:286,29726
DA:288,1240
DA:289,1240
DA:294,1233
DA:295,31078
DA:296,31078
DA:297,1233
DA:298,1233
DA:303,1240
DA:304,31100
DA:305,31100
DA:306,1240
DA:307,1240
DA:313,1233
DA:314,1233
DA:315,10
DA:316,10
DA:317,10
DA:319,1223
DA:320,8
DA:321,8
DA:323,1233
BRF:0
BRH:0
LF:195
LH:190
end_of_record