SF:/var/home/jack/Code/koan/src/builtins.rs
FN:155,_RNvNtCsbv2TPaIhNiJ_4koan8builtins13default_scope
FN:109,_RNvNtCsbv2TPaIhNiJ_4koan8builtins16register_builtin
FN:84,_RNvNtCsbv2TPaIhNiJ_4koan8builtins21register_builtin_full
FN:73,_RNvNtCsbv2TPaIhNiJ_4koan8builtins21type_part_binder_name
FN:44,_RNvNtCsbv2TPaIhNiJ_4koan8builtins2kw
FN:49,_RNvNtCsbv2TPaIhNiJ_4koan8builtins3arg
FN:58,_RNvNtCsbv2TPaIhNiJ_4koan8builtins3sig
FN:155,_RNvNtCs9bl5tPvrGPp_4koan8builtins13default_scope
FN:109,_RNvNtCs9bl5tPvrGPp_4koan8builtins16register_builtin
FN:123,_RNvNtCs9bl5tPvrGPp_4koan8builtins20register_overload_at
FN:84,_RNvNtCs9bl5tPvrGPp_4koan8builtins21register_builtin_full
FN:73,_RNvNtCs9bl5tPvrGPp_4koan8builtins21type_part_binder_name
FN:44,_RNvNtCs9bl5tPvrGPp_4koan8builtins2kw
FN:49,_RNvNtCs9bl5tPvrGPp_4koan8builtins3arg
FN:58,_RNvNtCs9bl5tPvrGPp_4koan8builtins3sig
FNDA:60,_RNvNtCsbv2TPaIhNiJ_4koan8builtins13default_scope
FNDA:2040,_RNvNtCsbv2TPaIhNiJ_4koan8builtins16register_builtin
FNDA:3060,_RNvNtCsbv2TPaIhNiJ_4koan8builtins21register_builtin_full
FNDA:149,_RNvNtCsbv2TPaIhNiJ_4koan8builtins21type_part_binder_name
FNDA:4800,_RNvNtCsbv2TPaIhNiJ_4koan8builtins2kw
FNDA:6001,_RNvNtCsbv2TPaIhNiJ_4koan8builtins3arg
FNDA:3061,_RNvNtCsbv2TPaIhNiJ_4koan8builtins3sig
FNDA:562,_RNvNtCs9bl5tPvrGPp_4koan8builtins13default_scope
FNDA:19139,_RNvNtCs9bl5tPvrGPp_4koan8builtins16register_builtin
FNDA:3,_RNvNtCs9bl5tPvrGPp_4koan8builtins20register_overload_at
FNDA:28694,_RNvNtCs9bl5tPvrGPp_4koan8builtins21register_builtin_full
FNDA:810,_RNvNtCs9bl5tPvrGPp_4koan8builtins21type_part_binder_name
FNDA:44969,_RNvNtCs9bl5tPvrGPp_4koan8builtins2kw
FNDA:56308,_RNvNtCs9bl5tPvrGPp_4koan8builtins3arg
FNDA:28761,_RNvNtCs9bl5tPvrGPp_4koan8builtins3sig
FNF:8
FNH:8
DA:44,49769
DA:45,49769
DA:46,49769
DA:49,62309
DA:50,62309
DA:51,62309
DA:52,62309
DA:53,62309
DA:54,62309
DA:58,31822
DA:59,31822
DA:60,31822
DA:61,31822
DA:62,31822
DA:63,31822
DA:64,31822
DA:65,31822
DA:66,31822
DA:73,959
DA:74,959
DA:75,959
DA:76,959
DA:77,959
DA:84,31754
DA:85,31754
DA:86,31754
DA:87,31754
DA:88,31754
DA:89,31754
DA:90,31754
DA:91,31754
DA:92,31754
DA:93,31754
DA:94,31754
DA:95,31754
DA:96,31754
DA:97,31754
DA:98,31754
DA:99,31754
DA:100,31754
DA:101,31754
DA:102,31754
DA:103,31754
DA:104,31754
DA:105,31754
DA:106,31754
DA:109,21179
DA:110,21179
DA:111,21179
DA:112,21179
DA:113,21179
DA:114,21179
DA:115,21179
DA:116,21179
DA:123,3
DA:124,3
DA:125,3
DA:126,3
DA:127,3
DA:128,3
DA:129,3
DA:130,3
DA:131,3
DA:132,3
DA:133,3
DA:134,3
DA:135,3
DA:136,3
DA:137,3
DA:138,3
DA:139,3
DA:140,3
DA:141,3
DA:142,3
DA:143,3
DA:144,3
DA:145,3
DA:155,622
DA:156,622
DA:157,622
DA:158,622
DA:159,622
DA:160,622
DA:161,622
DA:163,622
DA:164,622
DA:165,622
DA:166,622
DA:167,622
DA:168,622
DA:169,622
DA:172,622
DA:173,622
DA:174,622
DA:177,622
DA:178,622
DA:179,622
DA:182,622
DA:183,622
DA:184,622
DA:187,622
DA:188,622
DA:189,622
DA:192,622
DA:193,622
DA:194,622
DA:197,622
DA:199,622
DA:200,622
DA:201,622
DA:202,622
DA:203,622
DA:204,622
DA:205,622
DA:206,622
DA:207,622
DA:208,622
DA:209,622
DA:210,622
DA:211,622
DA:212,622
DA:213,622
DA:214,622
DA:215,622
DA:216,622
DA:217,622
DA:218,622
DA:219,622
DA:220,622
DA:221,622
DA:222,622
DA:223,622
DA:224,622
DA:226,622
DA:227,622
BRF:0
BRH:0
LF:135
LH:135
end_of_record
SF:/var/home/jack/Code/koan/src/builtins/arithmetic.rs
FN:229,_RNCNvNtNtCsbv2TPaIhNiJ_4koan8builtins10arithmetic32register_builtin_operator_groups0B7_
FN:250,_RNCNvNtNtCsbv2TPaIhNiJ_4koan8builtins10arithmetic32register_builtin_operator_groupss0_0B7_
FN:240,_RNCNvNtNtCsbv2TPaIhNiJ_4koan8builtins10arithmetic32register_builtin_operator_groupss_0B7_
FN:206,_RNCNvNtNtCsbv2TPaIhNiJ_4koan8builtins10arithmetic32register_group_under_all_subsets0B7_
FN:149,_RNCNvNtNtCsbv2TPaIhNiJ_4koan8builtins10arithmetic8register0B7_
FN:159,_RNCNvNtNtCsbv2TPaIhNiJ_4koan8builtins10arithmetic8registers_0B7_
FN:32,_RNvNtNtCsbv2TPaIhNiJ_4koan8builtins10arithmetic10number_arg
FN:63,_RNvNtNtCsbv2TPaIhNiJ_4koan8builtins10arithmetic13bool_operands
FN:45,_RNvNtNtCsbv2TPaIhNiJ_4koan8builtins10arithmetic15number_operands
FN:224,_RNvNtNtCsbv2TPaIhNiJ_4koan8builtins10arithmetic32register_builtin_operator_groups
FN:196,_RNvNtNtCsbv2TPaIhNiJ_4koan8builtins10arithmetic32register_group_under_all_subsets
FN:132,_RNvNtNtCsbv2TPaIhNiJ_4koan8builtins10arithmetic7body_ge
FN:124,_RNvNtNtCsbv2TPaIhNiJ_4koan8builtins10arithmetic7body_gt
FN:116,_RNvNtNtCsbv2TPaIhNiJ_4koan8builtins10arithmetic7body_le
FN:108,_RNvNtNtCsbv2TPaIhNiJ_4koan8builtins10arithmetic7body_lt
FN:67,_RNvNtNtCsbv2TPaIhNiJ_4koan8builtins10arithmetic8body_add
FN:140,_RNvNtNtCsbv2TPaIhNiJ_4koan8builtins10arithmetic8body_and
FN:95,_RNvNtNtCsbv2TPaIhNiJ_4koan8builtins10arithmetic8body_div
FN:83,_RNvNtNtCsbv2TPaIhNiJ_4koan8builtins10arithmetic8body_mul
FN:75,_RNvNtNtCsbv2TPaIhNiJ_4koan8builtins10arithmetic8body_sub
FN:50,_RNvNtNtCsbv2TPaIhNiJ_4koan8builtins10arithmetic8bool_arg
FN:148,_RNvNtNtCsbv2TPaIhNiJ_4koan8builtins10arithmetic8register
FN:229,_RNCNvNtNtCs9bl5tPvrGPp_4koan8builtins10arithmetic32register_builtin_operator_groups0B7_
FN:250,_RNCNvNtNtCs9bl5tPvrGPp_4koan8builtins10arithmetic32register_builtin_operator_groupss0_0B7_
FN:240,_RNCNvNtNtCs9bl5tPvrGPp_4koan8builtins10arithmetic32register_builtin_operator_groupss_0B7_
FN:206,_RNCNvNtNtCs9bl5tPvrGPp_4koan8builtins10arithmetic32register_group_under_all_subsets0B7_
FN:149,_RNCNvNtNtCs9bl5tPvrGPp_4koan8builtins10arithmetic8register0B7_
FN:159,_RNCNvNtNtCs9bl5tPvrGPp_4koan8builtins10arithmetic8registers_0B7_
FN:32,_RNvNtNtCs9bl5tPvrGPp_4koan8builtins10arithmetic10number_arg
FN:63,_RNvNtNtCs9bl5tPvrGPp_4koan8builtins10arithmetic13bool_operands
FN:45,_RNvNtNtCs9bl5tPvrGPp_4koan8builtins10arithmetic15number_operands
FN:224,_RNvNtNtCs9bl5tPvrGPp_4koan8builtins10arithmetic32register_builtin_operator_groups
FN:196,_RNvNtNtCs9bl5tPvrGPp_4koan8builtins10arithmetic32register_group_under_all_subsets
FN:132,_RNvNtNtCs9bl5tPvrGPp_4koan8builtins10arithmetic7body_ge
FN:124,_RNvNtNtCs9bl5tPvrGPp_4koan8builtins10arithmetic7body_gt
FN:116,_RNvNtNtCs9bl5tPvrGPp_4koan8builtins10arithmetic7body_le
FN:108,_RNvNtNtCs9bl5tPvrGPp_4koan8builtins10arithmetic7body_lt
FN:67,_RNvNtNtCs9bl5tPvrGPp_4koan8builtins10arithmetic8body_add
FN:140,_RNvNtNtCs9bl5tPvrGPp_4koan8builtins10arithmetic8body_and
FN:95,_RNvNtNtCs9bl5tPvrGPp_4koan8builtins10arithmetic8body_div
FN:83,_RNvNtNtCs9bl5tPvrGPp_4koan8builtins10arithmetic8body_mul
FN:75,_RNvNtNtCs9bl5tPvrGPp_4koan8builtins10arithmetic8body_sub
FN:50,_RNvNtNtCs9bl5tPvrGPp_4koan8builtins10arithmetic8bool_arg
FN:148,_RNvNtNtCs9bl5tPvrGPp_4koan8builtins10arithmetic8register
FNDA:240,_RNCNvNtNtCsbv2TPaIhNiJ_4koan8builtins10arithmetic32register_builtin_operator_groups0B7_
FNDA:120,_RNCNvNtNtCsbv2TPaIhNiJ_4koan8builtins10arithmetic32register_builtin_operator_groupss0_0B7_
FNDA:120,_RNCNvNtNtCsbv2TPaIhNiJ_4koan8builtins10arithmetic32register_builtin_operator_groupss_0B7_
FNDA:4320,_RNCNvNtNtCsbv2TPaIhNiJ_4koan8builtins10arithmetic32register_group_under_all_subsets0B7_
FNDA:240,_RNCNvNtNtCsbv2TPaIhNiJ_4koan8builtins10arithmetic8register0B7_
FNDA:240,_RNCNvNtNtCsbv2TPaIhNiJ_4koan8builtins10arithmetic8registers_0B7_
FNDA:0,_RNvNtNtCsbv2TPaIhNiJ_4koan8builtins10arithmetic10number_arg
FNDA:0,_RNvNtNtCsbv2TPaIhNiJ_4koan8builtins10arithmetic13bool_operands
FNDA:0,_RNvNtNtCsbv2TPaIhNiJ_4koan8builtins10arithmetic15number_operands
FNDA:60,_RNvNtNtCsbv2TPaIhNiJ_4koan8builtins10arithmetic32register_builtin_operator_groups
FNDA:180,_RNvNtNtCsbv2TPaIhNiJ_4koan8builtins10arithmetic32register_group_under_all_subsets
FNDA:0,_RNvNtNtCsbv2TPaIhNiJ_4koan8builtins10arithmetic7body_ge
FNDA:0,_RNvNtNtCsbv2TPaIhNiJ_4koan8builtins10arithmetic7body_gt
FNDA:0,_RNvNtNtCsbv2TPaIhNiJ_4koan8builtins10arithmetic7body_le
FNDA:0,_RNvNtNtCsbv2TPaIhNiJ_4koan8builtins10arithmetic7body_lt
FNDA:0,_RNvNtNtCsbv2TPaIhNiJ_4koan8builtins10arithmetic8body_add
FNDA:0,_RNvNtNtCsbv2TPaIhNiJ_4koan8builtins10arithmetic8body_and
FNDA:0,_RNvNtNtCsbv2TPaIhNiJ_4koan8builtins10arithmetic8body_div
FNDA:0,_RNvNtNtCsbv2TPaIhNiJ_4koan8builtins10arithmetic8body_mul
FNDA:0,_RNvNtNtCsbv2TPaIhNiJ_4koan8builtins10arithmetic8body_sub
FNDA:0,_RNvNtNtCsbv2TPaIhNiJ_4koan8builtins10arithmetic8bool_arg
FNDA:60,_RNvNtNtCsbv2TPaIhNiJ_4koan8builtins10arithmetic8register
FNDA:2248,_RNCNvNtNtCs9bl5tPvrGPp_4koan8builtins10arithmetic32register_builtin_operator_groups0B7_
FNDA:1124,_RNCNvNtNtCs9bl5tPvrGPp_4koan8builtins10arithmetic32register_builtin_operator_groupss0_0B7_
FNDA:1124,_RNCNvNtNtCs9bl5tPvrGPp_4koan8builtins10arithmetic32register_builtin_operator_groupss_0B7_
FNDA:40464,_RNCNvNtNtCs9bl5tPvrGPp_4koan8builtins10arithmetic32register_group_under_all_subsets0B7_
FNDA:2252,_RNCNvNtNtCs9bl5tPvrGPp_4koan8builtins10arithmetic8register0B7_
FNDA:2252,_RNCNvNtNtCs9bl5tPvrGPp_4koan8builtins10arithmetic8registers_0B7_
FNDA:50,_RNvNtNtCs9bl5tPvrGPp_4koan8builtins10arithmetic10number_arg
FNDA:5,_RNvNtNtCs9bl5tPvrGPp_4koan8builtins10arithmetic13bool_operands
FNDA:25,_RNvNtNtCs9bl5tPvrGPp_4koan8builtins10arithmetic15number_operands
FNDA:562,_RNvNtNtCs9bl5tPvrGPp_4koan8builtins10arithmetic32register_builtin_operator_groups
FNDA:1686,_RNvNtNtCs9bl5tPvrGPp_4koan8builtins10arithmetic32register_group_under_all_subsets
FNDA:1,_RNvNtNtCs9bl5tPvrGPp_4koan8builtins10arithmetic7body_ge
FNDA:1,_RNvNtNtCs9bl5tPvrGPp_4koan8builtins10arithmetic7body_gt
FNDA:2,_RNvNtNtCs9bl5tPvrGPp_4koan8builtins10arithmetic7body_le
FNDA:8,_RNvNtNtCs9bl5tPvrGPp_4koan8builtins10arithmetic7body_lt
FNDA:4,_RNvNtNtCs9bl5tPvrGPp_4koan8builtins10arithmetic8body_add
FNDA:5,_RNvNtNtCs9bl5tPvrGPp_4koan8builtins10arithmetic8body_and
FNDA:2,_RNvNtNtCs9bl5tPvrGPp_4koan8builtins10arithmetic8body_div
FNDA:2,_RNvNtNtCs9bl5tPvrGPp_4koan8builtins10arithmetic8body_mul
FNDA:5,_RNvNtNtCs9bl5tPvrGPp_4koan8builtins10arithmetic8body_sub
FNDA:10,_RNvNtNtCs9bl5tPvrGPp_4koan8builtins10arithmetic8bool_arg
FNDA:563,_RNvNtNtCs9bl5tPvrGPp_4koan8builtins10arithmetic8register
FNF:22
FNH:22
DA:32,50
DA:33,50
DA:34,50
DA:35,0
DA:36,0
DA:37,0
DA:38,0
DA:39,0
DA:40,0
DA:42,50
DA:45,25
DA:46,25
DA:47,25
DA:50,10
DA:51,10
DA:52,10
DA:53,0
DA:54,0
DA:55,0
DA:56,0
DA:57,0
DA:58,0
DA:60,10
DA:63,5
DA:64,5
DA:65,5
DA:67,4
DA:68,4
DA:69,4
DA:70,4
DA:71,4
DA:72,4
DA:73,4
DA:75,5
DA:76,5
DA:77,5
DA:78,5
DA:79,5
DA:80,5
DA:81,5
DA:83,2
DA:84,2
DA:85,2
DA:86,2
DA:87,2
DA:88,2
DA:89,2
DA:95,2
DA:96,2
DA:97,2
DA:98,1
DA:99,1
DA:100,1
DA:101,1
DA:102,1
DA:103,1
DA:104,1
DA:105,1
DA:106,2
DA:108,8
DA:109,8
DA:110,8
DA:111,8
DA:112,8
DA:113,8
DA:114,8
DA:116,2
DA:117,2
DA:118,2
DA:119,2
DA:120,2
DA:121,2
DA:122,2
DA:124,1
DA:125,1
DA:126,1
DA:127,1
DA:128,1
DA:129,1
DA:130,1
DA:132,1
DA:133,1
DA:134,1
DA:135,1
DA:136,1
DA:137,1
DA:138,1
DA:140,5
DA:141,5
DA:142,5
DA:143,5
DA:144,5
DA:145,5
DA:146,5
DA:148,623
DA:149,2492
DA:150,2492
DA:151,2492
DA:152,2492
DA:153,2492
DA:154,2492
DA:155,2492
DA:158,2492
DA:159,2492
DA:160,2492
DA:161,2492
DA:162,2492
DA:163,2492
DA:164,2492
DA:165,2492
DA:168,2492
DA:170,623
DA:171,623
DA:172,623
DA:173,623
DA:175,623
DA:176,623
DA:177,623
DA:178,623
DA:180,623
DA:181,623
DA:182,623
DA:183,623
DA:184,623
DA:185,623
DA:188,623
DA:189,623
DA:196,1866
DA:197,1866
DA:198,1866
DA:199,1866
DA:200,1866
DA:201,1866
DA:202,13062
DA:203,13062
DA:204,13062
DA:205,13062
DA:206,44784
DA:207,13062
DA:208,13062
DA:209,13062
DA:210,13062
DA:211,13062
DA:212,13062
DA:214,1866
DA:224,622
DA:225,622
DA:227,622
DA:228,622
DA:229,2488
DA:230,622
DA:231,622
DA:232,622
DA:233,622
DA:234,622
DA:236,622
DA:238,622
DA:239,622
DA:240,1244
DA:241,622
DA:242,622
DA:243,622
DA:245,622
DA:247,622
DA:248,622
DA:249,622
DA:250,1244
DA:251,622
DA:252,622
DA:253,622
DA:254,622
DA:256,622
DA:257,622
BRF:0
BRH:0
LF:179
LH:167
end_of_record
SF:/var/home/jack/Code/koan/src/builtins/ascribe.rs
FN:21,_RNvNtNtCsbv2TPaIhNiJ_4koan8builtins7ascribe11body_opaque
FN:229,_RNvNtNtCsbv2TPaIhNiJ_4koan8builtins7ascribe11shape_check
FN:158,_RNvNtNtCsbv2TPaIhNiJ_4koan8builtins7ascribe16body_transparent
FN:287,_RNvNtNtCsbv2TPaIhNiJ_4koan8builtins7ascribe19abstract_members_of
FN:271,_RNvNtNtCsbv2TPaIhNiJ_4koan8builtins7ascribe22is_abstract_sig_member
FN:299,_RNvNtNtCsbv2TPaIhNiJ_4koan8builtins7ascribe24manifest_type_members_of
FN:191,_RNvNtNtCsbv2TPaIhNiJ_4koan8builtins7ascribe28resolve_module_and_signature
FN:311,_RNvNtNtCsbv2TPaIhNiJ_4koan8builtins7ascribe8register
FN:202,_RNvNvNtNtCsbv2TPaIhNiJ_4koan8builtins7ascribe28resolve_module_and_signature24type_mismatch_or_missing
FN:292,_RNCNvNtNtCsbv2TPaIhNiJ_4koan8builtins7ascribe19abstract_members_of0B7_
FN:306,_RNCNvNtNtCsbv2TPaIhNiJ_4koan8builtins7ascribe24manifest_type_members_of0B7_
FN:307,_RNCNvNtNtCsbv2TPaIhNiJ_4koan8builtins7ascribe24manifest_type_members_ofs_0B7_
FN:21,_RNvNtNtCs9bl5tPvrGPp_4koan8builtins7ascribe11body_opaque
FN:229,_RNvNtNtCs9bl5tPvrGPp_4koan8builtins7ascribe11shape_check
FN:158,_RNvNtNtCs9bl5tPvrGPp_4koan8builtins7ascribe16body_transparent
FN:287,_RNvNtNtCs9bl5tPvrGPp_4koan8builtins7ascribe19abstract_members_of
FN:271,_RNvNtNtCs9bl5tPvrGPp_4koan8builtins7ascribe22is_abstract_sig_member
FN:299,_RNvNtNtCs9bl5tPvrGPp_4koan8builtins7ascribe24manifest_type_members_of
FN:191,_RNvNtNtCs9bl5tPvrGPp_4koan8builtins7ascribe28resolve_module_and_signature
FN:311,_RNvNtNtCs9bl5tPvrGPp_4koan8builtins7ascribe8register
FN:202,_RNvNvNtNtCs9bl5tPvrGPp_4koan8builtins7ascribe28resolve_module_and_signature24type_mismatch_or_missing
FN:292,_RNCNvNtNtCs9bl5tPvrGPp_4koan8builtins7ascribe19abstract_members_of0B7_
FN:306,_RNCNvNtNtCs9bl5tPvrGPp_4koan8builtins7ascribe24manifest_type_members_of0B7_
FN:307,_RNCNvNtNtCs9bl5tPvrGPp_4koan8builtins7ascribe24manifest_type_members_ofs_0B7_
FNDA:1,_RNvNtNtCsbv2TPaIhNiJ_4koan8builtins7ascribe11body_opaque
FNDA:5,_RNvNtNtCsbv2TPaIhNiJ_4koan8builtins7ascribe11shape_check
FNDA:4,_RNvNtNtCsbv2TPaIhNiJ_4koan8builtins7ascribe16body_transparent
FNDA:6,_RNvNtNtCsbv2TPaIhNiJ_4koan8builtins7ascribe19abstract_members_of
FNDA:0,_RNvNtNtCsbv2TPaIhNiJ_4koan8builtins7ascribe22is_abstract_sig_member
FNDA:1,_RNvNtNtCsbv2TPaIhNiJ_4koan8builtins7ascribe24manifest_type_members_of
FNDA:5,_RNvNtNtCsbv2TPaIhNiJ_4koan8builtins7ascribe28resolve_module_and_signature
FNDA:60,_RNvNtNtCsbv2TPaIhNiJ_4koan8builtins7ascribe8register
FNDA:0,_RNvNvNtNtCsbv2TPaIhNiJ_4koan8builtins7ascribe28resolve_module_and_signature24type_mismatch_or_missing
FNDA:6,_RNCNvNtNtCsbv2TPaIhNiJ_4koan8builtins7ascribe19abstract_members_of0B7_
FNDA:1,_RNCNvNtNtCsbv2TPaIhNiJ_4koan8builtins7ascribe24manifest_type_members_of0B7_
FNDA:0,_RNCNvNtNtCsbv2TPaIhNiJ_4koan8builtins7ascribe24manifest_type_members_ofs_0B7_
FNDA:22,_RNvNtNtCs9bl5tPvrGPp_4koan8builtins7ascribe11body_opaque
FNDA:41,_RNvNtNtCs9bl5tPvrGPp_4koan8builtins7ascribe11shape_check
FNDA:19,_RNvNtNtCs9bl5tPvrGPp_4koan8builtins7ascribe16body_transparent
FNDA:71,_RNvNtNtCs9bl5tPvrGPp_4koan8builtins7ascribe19abstract_members_of
FNDA:56,_RNvNtNtCs9bl5tPvrGPp_4koan8builtins7ascribe22is_abstract_sig_member
FNDA:22,_RNvNtNtCs9bl5tPvrGPp_4koan8builtins7ascribe24manifest_type_members_of
FNDA:41,_RNvNtNtCs9bl5tPvrGPp_4koan8builtins7ascribe28resolve_module_and_signature
FNDA:562,_RNvNtNtCs9bl5tPvrGPp_4koan8builtins7ascribe8register
FNDA:0,_RNvNvNtNtCs9bl5tPvrGPp_4koan8builtins7ascribe28resolve_module_and_signature24type_mismatch_or_missing
FNDA:107,_RNCNvNtNtCs9bl5tPvrGPp_4koan8builtins7ascribe19abstract_members_of0B7_
FNDA:33,_RNCNvNtNtCs9bl5tPvrGPp_4koan8builtins7ascribe24manifest_type_members_of0B7_
FNDA:0,_RNCNvNtNtCs9bl5tPvrGPp_4koan8builtins7ascribe24manifest_type_members_ofs_0B7_
FNF:12
FNH:10
DA:21,23
DA:22,23
DA:23,23
DA:26,23
DA:28,23
DA:29,23
DA:30,23
DA:31,23
DA:34,23
DA:35,23
DA:36,0
DA:37,23
DA:43,23
DA:45,23
DA:49,23
DA:51,23
DA:52,23
DA:53,14
DA:54,14
DA:55,14
DA:57,3
DA:58,3
DA:59,3
DA:62,3
DA:63,3
DA:64,3
DA:66,0
DA:70,3
DA:71,3
DA:72,3
DA:73,3
DA:75,3
DA:76,3
DA:77,3
DA:78,3
DA:79,3
DA:80,3
DA:81,3
DA:82,3
DA:83,3
DA:85,11
DA:86,11
DA:87,11
DA:88,11
DA:90,14
DA:96,23
DA:97,23
DA:98,14
DA:99,14
DA:100,14
DA:101,14
DA:102,14
DA:103,0
DA:104,0
DA:105,9
DA:108,23
DA:109,23
DA:110,34
DA:111,34
DA:112,14
DA:113,20
DA:116,3
DA:117,3
DA:119,3
DA:120,3
DA:121,3
DA:122,17
DA:124,23
DA:125,23
DA:126,3
DA:127,3
DA:128,3
DA:129,3
DA:130,20
DA:133,23
DA:134,2
DA:135,21
DA:137,21
DA:144,21
DA:147,21
DA:148,21
DA:149,21
DA:150,21
DA:151,21
DA:152,23
DA:158,23
DA:159,23
DA:160,23
DA:163,23
DA:164,23
DA:165,0
DA:166,23
DA:175,23
DA:176,23
DA:177,23
DA:178,23
DA:179,23
DA:180,23
DA:181,23
DA:182,23
DA:183,23
DA:184,23
DA:185,23
DA:186,23
DA:187,23
DA:191,46
DA:192,46
DA:193,46
DA:194,46
DA:195,46
DA:196,46
DA:197,46
DA:198,46
DA:199,46
DA:202,0
DA:203,0
DA:204,0
DA:205,0
DA:206,0
DA:207,0
DA:208,0
DA:209,0
DA:210,0
DA:211,0
DA:212,0
DA:213,0
DA:215,0
DA:217,46
DA:218,46
DA:219,0
DA:221,46
DA:222,46
DA:223,0
DA:225,46
DA:226,46
DA:229,46
DA:230,46
DA:231,46
DA:232,46
DA:233,46
DA:234,46
DA:238,46
DA:239,46
DA:240,46
DA:241,46
DA:242,46
DA:243,46
DA:244,46
DA:245,46
DA:246,46
DA:247,46
DA:248,46
DA:249,46
DA:250,46
DA:251,61
DA:252,61
DA:253,18
DA:254,43
DA:255,43
DA:256,2
DA:257,2
DA:258,2
DA:259,2
DA:260,41
DA:262,44
DA:263,46
DA:271,56
DA:272,47
DA:276,47
DA:277,9
DA:278,9
DA:279,9
DA:281,0
DA:283,56
DA:287,77
DA:288,77
DA:289,77
DA:290,77
DA:291,77
DA:292,113
DA:293,77
DA:294,77
DA:295,77
DA:299,23
DA:300,23
DA:301,23
DA:302,23
DA:303,23
DA:304,23
DA:305,23
DA:306,34
DA:307,23
DA:308,23
DA:309,23
DA:311,622
DA:315,622
DA:316,622
DA:317,622
DA:318,622
DA:319,622
DA:320,622
DA:323,622
DA:324,622
DA:325,622
DA:326,622
DA:327,622
DA:328,622
DA:331,622
DA:332,622
DA:333,622
BRF:0
BRH:0
LF:213
LH:191
end_of_record
SF:/var/home/jack/Code/koan/src/builtins/attr.rs
FN:184,_RNvNtNtCsbv2TPaIhNiJ_4koan8builtins4attr11body_module
FN:282,_RNvNtNtCsbv2TPaIhNiJ_4koan8builtins4attr12access_field
FN:157,_RNvNtNtCsbv2TPaIhNiJ_4koan8builtins4attr12body_newtype
FN:116,_RNvNtNtCsbv2TPaIhNiJ_4koan8builtins4attr13body_type_lhs
FN:255,_RNvNtNtCsbv2TPaIhNiJ_4koan8builtins4attr13wrapped_field
FN:66,_RNvNtNtCsbv2TPaIhNiJ_4koan8builtins4attr15body_identifier
FN:41,_RNvNtNtCsbv2TPaIhNiJ_4koan8builtins4attr15read_field_name
FN:212,_RNvNtNtCsbv2TPaIhNiJ_4koan8builtins4attr18access_type_member
FN:352,_RNvNtNtCsbv2TPaIhNiJ_4koan8builtins4attr20access_module_member
FN:33,_RNvNtNtCsbv2TPaIhNiJ_4koan8builtins4attr5route
FN:420,_RNvNtNtCsbv2TPaIhNiJ_4koan8builtins4attr8register
FN:293,_RNCNvNtNtCsbv2TPaIhNiJ_4koan8builtins4attr12access_field0B7_
FN:315,_RNCNvNtNtCsbv2TPaIhNiJ_4koan8builtins4attr12access_fields_0B7_
FN:395,_RNCNvNtNtCsbv2TPaIhNiJ_4koan8builtins4attr20access_module_member0B7_
FN:421,_RNCNvNtNtCsbv2TPaIhNiJ_4koan8builtins4attr8register0B7_
FN:449,_RNCNvNtNtCsbv2TPaIhNiJ_4koan8builtins4attr8registers0_0B7_
FN:459,_RNCNvNtNtCsbv2TPaIhNiJ_4koan8builtins4attr8registers1_0B7_
FN:469,_RNCNvNtNtCsbv2TPaIhNiJ_4koan8builtins4attr8registers2_0B7_
FN:480,_RNCNvNtNtCsbv2TPaIhNiJ_4koan8builtins4attr8registers3_0B7_
FN:431,_RNCNvNtNtCsbv2TPaIhNiJ_4koan8builtins4attr8registers_0B7_
FN:548,_RNvNtNtNtCs9bl5tPvrGPp_4koan8builtins4attr5testss_24attr_unbound_name_errors
FN:575,_RNvNtNtNtCs9bl5tPvrGPp_4koan8builtins4attr5testss_25attr_unknown_field_errors
FN:559,_RNvNtNtNtCs9bl5tPvrGPp_4koan8builtins4attr5testss_31attr_on_non_struct_value_errors
FN:591,_RNvNtNtNtCs9bl5tPvrGPp_4koan8builtins4attr5testss_33attr_chained_unknown_field_errors
FN:532,_RNvNtNtNtCs9bl5tPvrGPp_4koan8builtins4attr5testss_34attr_chained_through_nested_struct
FN:508,_RNvNtNtNtCs9bl5tPvrGPp_4koan8builtins4attr5testss_34attr_reads_field_from_named_struct
FN:520,_RNvNtNtNtCs9bl5tPvrGPp_4koan8builtins4attr5testss_35attr_reads_each_field_independently
FN:628,_RNvNtNtNtCs9bl5tPvrGPp_4koan8builtins4attr5testss_39access_field_rejects_wrapped_non_struct
FN:672,_RNvNtNtNtCs9bl5tPvrGPp_4koan8builtins4attr5testss_41transparent_view_slot_read_stays_concrete
FN:651,_RNvNtNtNtCs9bl5tPvrGPp_4koan8builtins4attr5testss_48opaque_view_slot_read_re_tags_with_abstract_type
FN:612,_RNvNtNtNtCs9bl5tPvrGPp_4koan8builtins4attr5testss_49access_field_falls_through_wrapped_record_newtype
FN:693,_RNvNtNtNtCs9bl5tPvrGPp_4koan8builtins4attr5testss_53access_field_falls_through_wrapped_with_missing_field
FN:184,_RNvNtNtCs9bl5tPvrGPp_4koan8builtins4attr11body_module
FN:282,_RNvNtNtCs9bl5tPvrGPp_4koan8builtins4attr12access_field
FN:157,_RNvNtNtCs9bl5tPvrGPp_4koan8builtins4attr12body_newtype
FN:116,_RNvNtNtCs9bl5tPvrGPp_4koan8builtins4attr13body_type_lhs
FN:255,_RNvNtNtCs9bl5tPvrGPp_4koan8builtins4attr13wrapped_field
FN:66,_RNvNtNtCs9bl5tPvrGPp_4koan8builtins4attr15body_identifier
FN:41,_RNvNtNtCs9bl5tPvrGPp_4koan8builtins4attr15read_field_name
FN:212,_RNvNtNtCs9bl5tPvrGPp_4koan8builtins4attr18access_type_member
FN:352,_RNvNtNtCs9bl5tPvrGPp_4koan8builtins4attr20access_module_member
FN:33,_RNvNtNtCs9bl5tPvrGPp_4koan8builtins4attr5route
FN:420,_RNvNtNtCs9bl5tPvrGPp_4koan8builtins4attr8register
FN:293,_RNCNvNtNtCs9bl5tPvrGPp_4koan8builtins4attr12access_field0B7_
FN:315,_RNCNvNtNtCs9bl5tPvrGPp_4koan8builtins4attr12access_fields_0B7_
FN:395,_RNCNvNtNtCs9bl5tPvrGPp_4koan8builtins4attr20access_module_member0B7_
FN:421,_RNCNvNtNtCs9bl5tPvrGPp_4koan8builtins4attr8register0B7_
FN:449,_RNCNvNtNtCs9bl5tPvrGPp_4koan8builtins4attr8registers0_0B7_
FN:459,_RNCNvNtNtCs9bl5tPvrGPp_4koan8builtins4attr8registers1_0B7_
FN:469,_RNCNvNtNtCs9bl5tPvrGPp_4koan8builtins4attr8registers2_0B7_
FN:480,_RNCNvNtNtCs9bl5tPvrGPp_4koan8builtins4attr8registers3_0B7_
FN:431,_RNCNvNtNtCs9bl5tPvrGPp_4koan8builtins4attr8registers_0B7_
FNDA:7,_RNvNtNtCsbv2TPaIhNiJ_4koan8builtins4attr11body_module
FNDA:1,_RNvNtNtCsbv2TPaIhNiJ_4koan8builtins4attr12access_field
FNDA:0,_RNvNtNtCsbv2TPaIhNiJ_4koan8builtins4attr12body_newtype
FNDA:0,_RNvNtNtCsbv2TPaIhNiJ_4koan8builtins4attr13body_type_lhs
FNDA:1,_RNvNtNtCsbv2TPaIhNiJ_4koan8builtins4attr13wrapped_field
FNDA:2,_RNvNtNtCsbv2TPaIhNiJ_4koan8builtins4attr15body_identifier
FNDA:9,_RNvNtNtCsbv2TPaIhNiJ_4koan8builtins4attr15read_field_name
FNDA:0,_RNvNtNtCsbv2TPaIhNiJ_4koan8builtins4attr18access_type_member
FNDA:7,_RNvNtNtCsbv2TPaIhNiJ_4koan8builtins4attr20access_module_member
FNDA:8,_RNvNtNtCsbv2TPaIhNiJ_4koan8builtins4attr5route
FNDA:60,_RNvNtNtCsbv2TPaIhNiJ_4koan8builtins4attr8register
FNDA:0,_RNCNvNtNtCsbv2TPaIhNiJ_4koan8builtins4attr12access_field0B7_
FNDA:0,_RNCNvNtNtCsbv2TPaIhNiJ_4koan8builtins4attr12access_fields_0B7_
FNDA:0,_RNCNvNtNtCsbv2TPaIhNiJ_4koan8builtins4attr20access_module_member0B7_
FNDA:60,_RNCNvNtNtCsbv2TPaIhNiJ_4koan8builtins4attr8register0B7_
FNDA:60,_RNCNvNtNtCsbv2TPaIhNiJ_4koan8builtins4attr8registers0_0B7_
FNDA:60,_RNCNvNtNtCsbv2TPaIhNiJ_4koan8builtins4attr8registers1_0B7_
FNDA:60,_RNCNvNtNtCsbv2TPaIhNiJ_4koan8builtins4attr8registers2_0B7_
FNDA:60,_RNCNvNtNtCsbv2TPaIhNiJ_4koan8builtins4attr8registers3_0B7_
FNDA:60,_RNCNvNtNtCsbv2TPaIhNiJ_4koan8builtins4attr8registers_0B7_
FNDA:1,_RNvNtNtNtCs9bl5tPvrGPp_4koan8builtins4attr5testss_24attr_unbound_name_errors
FNDA:1,_RNvNtNtNtCs9bl5tPvrGPp_4koan8builtins4attr5testss_25attr_unknown_field_errors
FNDA:1,_RNvNtNtNtCs9bl5tPvrGPp_4koan8builtins4attr5testss_31attr_on_non_struct_value_errors
FNDA:1,_RNvNtNtNtCs9bl5tPvrGPp_4koan8builtins4attr5testss_33attr_chained_unknown_field_errors
FNDA:1,_RNvNtNtNtCs9bl5tPvrGPp_4koan8builtins4attr5testss_34attr_chained_through_nested_struct
FNDA:1,_RNvNtNtNtCs9bl5tPvrGPp_4koan8builtins4attr5testss_34attr_reads_field_from_named_struct
FNDA:1,_RNvNtNtNtCs9bl5tPvrGPp_4koan8builtins4attr5testss_35attr_reads_each_field_independently
FNDA:1,_RNvNtNtNtCs9bl5tPvrGPp_4koan8builtins4attr5testss_39access_field_rejects_wrapped_non_struct
FNDA:1,_RNvNtNtNtCs9bl5tPvrGPp_4koan8builtins4attr5testss_41transparent_view_slot_read_stays_concrete
FNDA:1,_RNvNtNtNtCs9bl5tPvrGPp_4koan8builtins4attr5testss_48opaque_view_slot_read_re_tags_with_abstract_type
FNDA:1,_RNvNtNtNtCs9bl5tPvrGPp_4koan8builtins4attr5testss_49access_field_falls_through_wrapped_record_newtype
FNDA:1,_RNvNtNtNtCs9bl5tPvrGPp_4koan8builtins4attr5testss_53access_field_falls_through_wrapped_with_missing_field
FNDA:20,_RNvNtNtCs9bl5tPvrGPp_4koan8builtins4attr11body_module
FNDA:20,_RNvNtNtCs9bl5tPvrGPp_4koan8builtins4attr12access_field
FNDA:2,_RNvNtNtCs9bl5tPvrGPp_4koan8builtins4attr12body_newtype
FNDA:1,_RNvNtNtCs9bl5tPvrGPp_4koan8builtins4attr13body_type_lhs
FNDA:24,_RNvNtNtCs9bl5tPvrGPp_4koan8builtins4attr13wrapped_field
FNDA:22,_RNvNtNtCs9bl5tPvrGPp_4koan8builtins4attr15body_identifier
FNDA:45,_RNvNtNtCs9bl5tPvrGPp_4koan8builtins4attr15read_field_name
FNDA:0,_RNvNtNtCs9bl5tPvrGPp_4koan8builtins4attr18access_type_member
FNDA:23,_RNvNtNtCs9bl5tPvrGPp_4koan8builtins4attr20access_module_member
FNDA:43,_RNvNtNtCs9bl5tPvrGPp_4koan8builtins4attr5route
FNDA:562,_RNvNtNtCs9bl5tPvrGPp_4koan8builtins4attr8register
FNDA:3,_RNCNvNtNtCs9bl5tPvrGPp_4koan8builtins4attr12access_field0B7_
FNDA:0,_RNCNvNtNtCs9bl5tPvrGPp_4koan8builtins4attr12access_fields_0B7_
FNDA:2,_RNCNvNtNtCs9bl5tPvrGPp_4koan8builtins4attr20access_module_member0B7_
FNDA:562,_RNCNvNtNtCs9bl5tPvrGPp_4koan8builtins4attr8register0B7_
FNDA:562,_RNCNvNtNtCs9bl5tPvrGPp_4koan8builtins4attr8registers0_0B7_
FNDA:562,_RNCNvNtNtCs9bl5tPvrGPp_4koan8builtins4attr8registers1_0B7_
FNDA:562,_RNCNvNtNtCs9bl5tPvrGPp_4koan8builtins4attr8registers2_0B7_
FNDA:562,_RNCNvNtNtCs9bl5tPvrGPp_4koan8builtins4attr8registers3_0B7_
FNDA:562,_RNCNvNtNtCs9bl5tPvrGPp_4koan8builtins4attr8registers_0B7_
FNF:32
FNH:30
DA:33,51
DA:34,51
DA:35,51
DA:36,51
DA:37,51
DA:41,54
DA:43,54
DA:44,42
DA:45,42
DA:46,0
DA:47,0
DA:48,0
DA:49,0
DA:50,0
DA:52,12
DA:53,12
DA:54,12
DA:55,12
DA:56,0
DA:58,0
DA:59,0
DA:60,54
DA:66,24
DA:67,24
DA:68,24
DA:70,24
DA:71,24
DA:72,0
DA:73,0
DA:74,0
DA:75,0
DA:76,0
DA:77,0
DA:79,0
DA:81,24
DA:87,24
DA:88,19
DA:89,19
DA:90,19
DA:91,19
DA:92,19
DA:93,5
DA:94,5
DA:95,0
DA:96,3
DA:98,0
DA:101,0
DA:103,0
DA:104,0
DA:106,2
DA:107,2
DA:108,24
DA:116,1
DA:117,1
DA:118,1
DA:120,1
DA:121,1
DA:123,0
DA:124,0
DA:125,0
DA:126,0
DA:127,0
DA:128,0
DA:129,0
DA:133,1
DA:134,1
DA:135,1
DA:138,0
DA:139,0
DA:140,0
DA:142,1
DA:143,1
DA:144,1
DA:145,1
DA:146,1
DA:147,1
DA:148,1
DA:149,1
DA:152,0
DA:154,1
DA:157,2
DA:158,2
DA:159,2
DA:161,2
DA:162,2
DA:163,0
DA:165,2
DA:171,2
DA:172,2
DA:174,0
DA:175,0
DA:176,0
DA:178,0
DA:181,2
DA:184,27
DA:185,27
DA:186,27
DA:188,27
DA:189,27
DA:191,0
DA:192,0
DA:193,0
DA:194,0
DA:195,0
DA:196,0
DA:197,0
DA:198,0
DA:199,0
DA:200,0
DA:201,0
DA:205,27
DA:206,27
DA:207,27
DA:212,0
DA:213,0
DA:214,0
DA:217,0
DA:218,0
DA:219,0
DA:220,0
DA:221,0
DA:223,0
DA:224,0
DA:226,0
DA:227,0
DA:228,0
DA:229,0
DA:235,0
DA:237,0
DA:238,0
DA:239,0
DA:240,0
DA:241,0
DA:242,0
DA:244,0
DA:255,25
DA:256,25
DA:257,21
DA:258,20
DA:259,17
DA:260,3
DA:261,3
DA:262,3
DA:263,3
DA:264,3
DA:266,1
DA:268,4
DA:269,4
DA:270,4
DA:271,4
DA:272,4
DA:274,25
DA:282,21
DA:283,21
DA:284,21
DA:285,21
DA:286,21
DA:287,21
DA:288,21
DA:289,14
DA:290,14
DA:291,11
DA:292,3
DA:293,3
DA:294,3
DA:295,3
DA:296,0
DA:298,3
DA:299,3
DA:301,3
DA:302,0
DA:304,3
DA:306,0
DA:309,0
DA:310,0
DA:311,0
DA:312,0
DA:313,0
DA:314,0
DA:315,0
DA:316,0
DA:317,0
DA:318,0
DA:320,0
DA:321,0
DA:323,0
DA:324,0
DA:326,0
DA:329,21
DA:352,30
DA:353,30
DA:354,30
DA:359,10
DA:360,10
DA:361,5
DA:362,5
DA:364,5
DA:367,20
DA:374,20
DA:375,17
DA:376,17
DA:388,2
DA:389,2
DA:390,2
DA:391,2
DA:392,2
DA:393,2
DA:394,2
DA:395,2
DA:396,2
DA:397,2
DA:398,2
DA:399,2
DA:400,2
DA:402,0
DA:403,2
DA:405,15
DA:406,15
DA:407,15
DA:408,15
DA:410,2
DA:411,2
DA:412,2
DA:413,1
DA:414,1
DA:415,1
DA:416,1
DA:418,30
DA:420,622
DA:421,622
DA:422,622
DA:423,622
DA:424,622
DA:425,622
DA:426,622
DA:427,622
DA:430,622
DA:431,622
DA:432,622
DA:433,622
DA:434,622
DA:435,622
DA:436,622
DA:437,622
DA:440,622
DA:449,622
DA:450,622
DA:451,622
DA:452,622
DA:453,622
DA:454,622
DA:455,622
DA:458,622
DA:459,622
DA:460,622
DA:461,622
DA:462,622
DA:463,622
DA:464,622
DA:465,622
DA:468,622
DA:469,622
DA:470,622
DA:471,622
DA:472,622
DA:473,622
DA:474,622
DA:475,622
DA:478,622
DA:480,622
DA:481,622
DA:482,622
DA:483,622
DA:484,622
DA:485,622
DA:486,622
DA:489,622
DA:492,622
DA:493,622
DA:494,622
DA:495,622
DA:496,622
DA:497,622
DA:498,622
DA:508,1
DA:509,1
DA:510,1
DA:511,1
DA:512,1
DA:513,1
DA:515,1
DA:516,1
DA:517,1
DA:520,1
DA:521,1
DA:522,1
DA:523,1
DA:524,1
DA:525,1
DA:527,1
DA:528,1
DA:529,1
DA:532,1
DA:533,1
DA:534,1
DA:535,1
DA:536,1
DA:537,1
DA:538,1
DA:539,1
DA:540,1
DA:541,1
DA:543,1
DA:544,1
DA:545,1
DA:548,1
DA:549,1
DA:550,1
DA:551,1
DA:552,1
DA:553,1
DA:556,1
DA:559,1
DA:560,1
DA:561,1
DA:562,1
DA:563,1
DA:564,1
DA:565,1
DA:566,1
DA:567,1
DA:568,1
DA:570,0
DA:572,1
DA:575,1
DA:576,1
DA:577,1
DA:578,1
DA:579,1
DA:580,1
DA:582,1
DA:583,1
DA:584,1
DA:585,1
DA:588,1
DA:591,1
DA:592,1
DA:593,1
DA:594,1
DA:595,1
DA:596,1
DA:597,1
DA:598,1
DA:599,1
DA:600,1
DA:602,1
DA:603,1
DA:604,1
DA:605,1
DA:608,1
DA:612,1
DA:613,1
DA:614,1
DA:615,1
DA:616,1
DA:617,1
DA:618,1
DA:619,1
DA:620,1
DA:622,1
DA:623,1
DA:624,1
DA:628,1
DA:629,1
DA:630,1
DA:631,1
DA:632,1
DA:633,1
DA:634,1
DA:636,1
DA:637,1
DA:638,1
DA:639,1
DA:640,1
DA:641,1
DA:643,0
DA:645,1
DA:651,1
DA:652,1
DA:653,1
DA:654,1
DA:655,1
DA:656,1
DA:657,1
DA:658,1
DA:660,1
DA:661,1
DA:662,1
DA:665,0
DA:667,1
DA:672,1
DA:673,1
DA:674,1
DA:675,1
DA:676,1
DA:677,1
DA:678,1
DA:679,1
DA:681,1
DA:682,1
DA:683,1
DA:685,0
DA:687,1
DA:693,1
DA:694,1
DA:695,1
DA:696,1
DA:697,1
DA:698,1
DA:699,1
DA:700,1
DA:701,1
DA:703,1
DA:704,1
DA:705,1
DA:706,1
DA:709,1
BRF:0
BRH:0
LF:435
LH:342
end_of_record
SF:/var/home/jack/Code/koan/src/builtins/await_body.rs
FN:30,_RINvNtNtCsbv2TPaIhNiJ_4koan8builtins10await_body19await_body_in_scopeNCNvNtB4_10module_def4body0EB6_
FN:30,_RINvNtNtCsbv2TPaIhNiJ_4koan8builtins10await_body19await_body_in_scopeNCNvNtB4_15recursive_types4bodys_0EB6_
FN:30,_RINvNtNtCsbv2TPaIhNiJ_4koan8builtins10await_body19await_body_in_scopeNCNvNtB4_7sig_def4body0EB6_
FN:36,_RNCINvNtNtCsbv2TPaIhNiJ_4koan8builtins10await_body19await_body_in_scopeNCNvNtB6_10module_def4body0E0B8_
FN:36,_RNCINvNtNtCsbv2TPaIhNiJ_4koan8builtins10await_body19await_body_in_scopeNCNvNtB6_15recursive_types4bodys_0E0B8_
FN:36,_RNCINvNtNtCsbv2TPaIhNiJ_4koan8builtins10await_body19await_body_in_scopeNCNvNtB6_7sig_def4body0E0B8_
FN:30,_RINvNtNtCs9bl5tPvrGPp_4koan8builtins10await_body19await_body_in_scopeNCNvNtB4_10module_def4body0EB6_
FN:30,_RINvNtNtCs9bl5tPvrGPp_4koan8builtins10await_body19await_body_in_scopeNCNvNtB4_15recursive_types4bodys_0EB6_
FN:30,_RINvNtNtCs9bl5tPvrGPp_4koan8builtins10await_body19await_body_in_scopeNCNvNtB4_7sig_def4body0EB6_
FN:36,_RNCINvNtNtCs9bl5tPvrGPp_4koan8builtins10await_body19await_body_in_scopeNCNvNtB6_10module_def4body0E0B8_
FN:36,_RNCINvNtNtCs9bl5tPvrGPp_4koan8builtins10await_body19await_body_in_scopeNCNvNtB6_15recursive_types4bodys_0E0B8_
FN:36,_RNCINvNtNtCs9bl5tPvrGPp_4koan8builtins10await_body19await_body_in_scopeNCNvNtB6_7sig_def4body0E0B8_
FNDA:21,_RINvNtNtCsbv2TPaIhNiJ_4koan8builtins10await_body19await_body_in_scopeNCNvNtB4_10module_def4body0EB6_
FNDA:0,_RINvNtNtCsbv2TPaIhNiJ_4koan8builtins10await_body19await_body_in_scopeNCNvNtB4_15recursive_types4bodys_0EB6_
FNDA:15,_RINvNtNtCsbv2TPaIhNiJ_4koan8builtins10await_body19await_body_in_scopeNCNvNtB4_7sig_def4body0EB6_
FNDA:20,_RNCINvNtNtCsbv2TPaIhNiJ_4koan8builtins10await_body19await_body_in_scopeNCNvNtB6_10module_def4body0E0B8_
FNDA:0,_RNCINvNtNtCsbv2TPaIhNiJ_4koan8builtins10await_body19await_body_in_scopeNCNvNtB6_15recursive_types4bodys_0E0B8_
FNDA:15,_RNCINvNtNtCsbv2TPaIhNiJ_4koan8builtins10await_body19await_body_in_scopeNCNvNtB6_7sig_def4body0E0B8_
FNDA:85,_RINvNtNtCs9bl5tPvrGPp_4koan8builtins10await_body19await_body_in_scopeNCNvNtB4_10module_def4body0EB6_
FNDA:4,_RINvNtNtCs9bl5tPvrGPp_4koan8builtins10await_body19await_body_in_scopeNCNvNtB4_15recursive_types4bodys_0EB6_
FNDA:74,_RINvNtNtCs9bl5tPvrGPp_4koan8builtins10await_body19await_body_in_scopeNCNvNtB4_7sig_def4body0EB6_
FNDA:83,_RNCINvNtNtCs9bl5tPvrGPp_4koan8builtins10await_body19await_body_in_scopeNCNvNtB6_10module_def4body0E0B8_
FNDA:3,_RNCINvNtNtCs9bl5tPvrGPp_4koan8builtins10await_body19await_body_in_scopeNCNvNtB6_15recursive_types4bodys_0E0B8_
FNDA:72,_RNCINvNtNtCs9bl5tPvrGPp_4koan8builtins10await_body19await_body_in_scopeNCNvNtB6_7sig_def4body0E0B8_
FNF:2
FNH:2
DA:30,199
DA:31,199
DA:32,199
DA:33,199
DA:34,199
DA:35,199
DA:36,199
DA:37,193
DA:38,190
DA:39,190
DA:40,193
DA:41,193
DA:42,199
DA:43,199
DA:44,199
DA:45,199
DA:46,199
DA:47,199
DA:48,199
DA:49,199
BRF:0
BRH:0
LF:21
LH:21
end_of_record
SF:/var/home/jack/Code/koan/src/builtins/block_tail.rs
FN:42,_RNvNtNtCsbv2TPaIhNiJ_4koan8builtins10block_tail10block_tail
FN:59,_RNCNvNtNtCsbv2TPaIhNiJ_4koan8builtins10block_tail10block_tail0B7_
FN:59,_RNCNvNtNtCs9bl5tPvrGPp_4koan8builtins10block_tail10block_tail0B7_
FN:42,_RNvNtNtCs9bl5tPvrGPp_4koan8builtins10block_tail10block_tail
FNDA:5,_RNvNtNtCsbv2TPaIhNiJ_4koan8builtins10block_tail10block_tail
FNDA:4,_RNCNvNtNtCsbv2TPaIhNiJ_4koan8builtins10block_tail10block_tail0B7_
FNDA:113,_RNCNvNtNtCs9bl5tPvrGPp_4koan8builtins10block_tail10block_tail0B7_
FNDA:132,_RNvNtNtCs9bl5tPvrGPp_4koan8builtins10block_tail10block_tail
FNF:2
FNH:2
DA:42,137
DA:43,137
DA:44,137
DA:45,137
DA:46,137
DA:47,137
DA:48,137
DA:49,137
DA:51,8
DA:52,8
DA:55,117
DA:56,0
DA:58,117
DA:59,117
DA:60,0
DA:61,117
DA:63,12
DA:64,12
DA:65,12
DA:66,12
DA:67,12
DA:70,137
DA:71,8
DA:72,129
DA:73,129
DA:74,129
DA:75,129
DA:76,129
DA:77,129
DA:80,137
DA:81,137
DA:82,137
DA:83,137
DA:84,137
DA:85,137
DA:86,137
DA:87,137
BRF:0
BRH:0
LF:38
LH:36
end_of_record
SF:/var/home/jack/Code/koan/src/builtins/branch_walk.rs
FN:119,_RNCNCNvNtNtCsbv2TPaIhNiJ_4koan8builtins11branch_walk8arm_tail00B9_
FN:385,_RNCNvNtNtCsbv2TPaIhNiJ_4koan8builtins11branch_walk24find_branch_body_by_type0B7_
FN:463,_RNCNvNtNtCsbv2TPaIhNiJ_4koan8builtins11branch_walk24find_branch_body_by_types0_0B7_
FN:470,_RNCNvNtNtCsbv2TPaIhNiJ_4koan8builtins11branch_walk24find_branch_body_by_types1_0B7_
FN:487,_RNCNvNtNtCsbv2TPaIhNiJ_4koan8builtins11branch_walk24find_branch_body_by_types2_0B7_
FN:441,_RNCNvNtNtCsbv2TPaIhNiJ_4koan8builtins11branch_walk24find_branch_body_by_types_0B7_
FN:102,_RNCNvNtNtCsbv2TPaIhNiJ_4koan8builtins11branch_walk8arm_tail0B7_
FN:241,_RNvNtNtCsbv2TPaIhNiJ_4koan8builtins11branch_walk17resolve_head_type
FN:23,_RNvNtNtCsbv2TPaIhNiJ_4koan8builtins11branch_walk20resolve_arm_contract
FN:146,_RNvNtNtCsbv2TPaIhNiJ_4koan8builtins11branch_walk23find_branch_body_by_tag
FN:270,_RNvNtNtCsbv2TPaIhNiJ_4koan8builtins11branch_walk24find_branch_body_by_type
FN:87,_RNvNtNtCsbv2TPaIhNiJ_4koan8builtins11branch_walk8arm_tail
FN:119,_RNCNCNvNtNtCs9bl5tPvrGPp_4koan8builtins11branch_walk8arm_tail00B9_
FN:385,_RNCNvNtNtCs9bl5tPvrGPp_4koan8builtins11branch_walk24find_branch_body_by_type0B7_
FN:463,_RNCNvNtNtCs9bl5tPvrGPp_4koan8builtins11branch_walk24find_branch_body_by_types0_0B7_
FN:470,_RNCNvNtNtCs9bl5tPvrGPp_4koan8builtins11branch_walk24find_branch_body_by_types1_0B7_
FN:487,_RNCNvNtNtCs9bl5tPvrGPp_4koan8builtins11branch_walk24find_branch_body_by_types2_0B7_
FN:441,_RNCNvNtNtCs9bl5tPvrGPp_4koan8builtins11branch_walk24find_branch_body_by_types_0B7_
FN:102,_RNCNvNtNtCs9bl5tPvrGPp_4koan8builtins11branch_walk8arm_tail0B7_
FN:241,_RNvNtNtCs9bl5tPvrGPp_4koan8builtins11branch_walk17resolve_head_type
FN:23,_RNvNtNtCs9bl5tPvrGPp_4koan8builtins11branch_walk20resolve_arm_contract
FN:146,_RNvNtNtCs9bl5tPvrGPp_4koan8builtins11branch_walk23find_branch_body_by_tag
FN:270,_RNvNtNtCs9bl5tPvrGPp_4koan8builtins11branch_walk24find_branch_body_by_type
FN:87,_RNvNtNtCs9bl5tPvrGPp_4koan8builtins11branch_walk8arm_tail
FNDA:2,_RNCNCNvNtNtCsbv2TPaIhNiJ_4koan8builtins11branch_walk8arm_tail00B9_
FNDA:0,_RNCNvNtNtCsbv2TPaIhNiJ_4koan8builtins11branch_walk24find_branch_body_by_type0B7_
FNDA:2,_RNCNvNtNtCsbv2TPaIhNiJ_4koan8builtins11branch_walk24find_branch_body_by_types0_0B7_
FNDA:1,_RNCNvNtNtCsbv2TPaIhNiJ_4koan8builtins11branch_walk24find_branch_body_by_types1_0B7_
FNDA:0,_RNCNvNtNtCsbv2TPaIhNiJ_4koan8builtins11branch_walk24find_branch_body_by_types2_0B7_
FNDA:0,_RNCNvNtNtCsbv2TPaIhNiJ_4koan8builtins11branch_walk24find_branch_body_by_types_0B7_
FNDA:4,_RNCNvNtNtCsbv2TPaIhNiJ_4koan8builtins11branch_walk8arm_tail0B7_
FNDA:0,_RNvNtNtCsbv2TPaIhNiJ_4koan8builtins11branch_walk17resolve_head_type
FNDA:4,_RNvNtNtCsbv2TPaIhNiJ_4koan8builtins11branch_walk20resolve_arm_contract
FNDA:1,_RNvNtNtCsbv2TPaIhNiJ_4koan8builtins11branch_walk23find_branch_body_by_tag
FNDA:3,_RNvNtNtCsbv2TPaIhNiJ_4koan8builtins11branch_walk24find_branch_body_by_type
FNDA:4,_RNvNtNtCsbv2TPaIhNiJ_4koan8builtins11branch_walk8arm_tail
FNDA:98,_RNCNCNvNtNtCs9bl5tPvrGPp_4koan8builtins11branch_walk8arm_tail00B9_
FNDA:2,_RNCNvNtNtCs9bl5tPvrGPp_4koan8builtins11branch_walk24find_branch_body_by_type0B7_
FNDA:175,_RNCNvNtNtCs9bl5tPvrGPp_4koan8builtins11branch_walk24find_branch_body_by_types0_0B7_
FNDA:90,_RNCNvNtNtCs9bl5tPvrGPp_4koan8builtins11branch_walk24find_branch_body_by_types1_0B7_
FNDA:2,_RNCNvNtNtCs9bl5tPvrGPp_4koan8builtins11branch_walk24find_branch_body_by_types2_0B7_
FNDA:2,_RNCNvNtNtCs9bl5tPvrGPp_4koan8builtins11branch_walk24find_branch_body_by_types_0B7_
FNDA:113,_RNCNvNtNtCs9bl5tPvrGPp_4koan8builtins11branch_walk8arm_tail0B7_
FNDA:15,_RNvNtNtCs9bl5tPvrGPp_4koan8builtins11branch_walk17resolve_head_type
FNDA:124,_RNvNtNtCs9bl5tPvrGPp_4koan8builtins11branch_walk20resolve_arm_contract
FNDA:19,_RNvNtNtCs9bl5tPvrGPp_4koan8builtins11branch_walk23find_branch_body_by_tag
FNDA:105,_RNvNtNtCs9bl5tPvrGPp_4koan8builtins11branch_walk24find_branch_body_by_type
FNDA:113,_RNvNtNtCs9bl5tPvrGPp_4koan8builtins11branch_walk8arm_tail
FNF:12
FNH:12
DA:23,128
DA:24,128
DA:25,128
DA:26,128
DA:28,128
DA:29,0
DA:30,0
DA:31,0
DA:35,0
DA:36,0
DA:37,0
DA:38,0
DA:42,128
DA:44,0
DA:45,0
DA:46,0
DA:53,128
DA:54,128
DA:55,0
DA:57,128
DA:58,128
DA:60,128
DA:87,117
DA:88,117
DA:89,117
DA:90,117
DA:91,117
DA:92,117
DA:96,117
DA:102,117
DA:110,117
DA:111,17
DA:112,17
DA:113,17
DA:114,100
DA:115,100
DA:116,100
DA:117,100
DA:118,100
DA:119,100
DA:120,100
DA:121,100
DA:122,13
DA:123,87
DA:124,81
DA:125,6
DA:126,0
DA:129,100
DA:133,117
DA:134,117
DA:135,117
DA:136,117
DA:137,117
DA:138,117
DA:139,117
DA:141,117
DA:146,20
DA:147,20
DA:148,20
DA:149,20
DA:150,20
DA:151,20
DA:152,20
DA:153,0
DA:154,0
DA:155,0
DA:156,0
DA:157,20
DA:158,20
DA:159,20
DA:160,29
DA:161,24
DA:162,24
DA:163,24
DA:164,24
DA:166,20
DA:169,0
DA:170,0
DA:171,0
DA:173,0
DA:177,4
DA:178,0
DA:179,0
DA:180,0
DA:181,0
DA:182,0
DA:185,24
DA:186,24
DA:187,0
DA:188,0
DA:189,0
DA:190,0
DA:191,0
DA:194,24
DA:195,22
DA:196,2
DA:197,2
DA:198,2
DA:199,2
DA:200,2
DA:203,22
DA:204,13
DA:205,9
DA:206,9
DA:207,4
DA:208,5
DA:209,9
DA:211,5
DA:212,20
DA:241,15
DA:242,15
DA:243,15
DA:244,15
DA:245,15
DA:246,15
DA:247,13
DA:248,2
DA:249,2
DA:250,2
DA:251,2
DA:253,15
DA:270,108
DA:271,108
DA:272,108
DA:273,108
DA:274,108
DA:275,108
DA:276,108
DA:277,108
DA:278,0
DA:279,0
DA:280,0
DA:281,0
DA:282,108
DA:286,108
DA:288,84
DA:290,84
DA:291,84
DA:292,84
DA:293,6
DA:294,6
DA:295,6
DA:296,18
DA:315,108
DA:316,108
DA:318,108
DA:319,316
DA:320,210
DA:321,210
DA:322,210
DA:324,210
DA:325,210
DA:326,0
DA:327,0
DA:328,0
DA:329,0
DA:330,0
DA:333,210
DA:334,210
DA:335,0
DA:336,0
DA:337,0
DA:338,0
DA:339,0
DA:343,20
DA:346,20
DA:347,20
DA:348,10
DA:349,10
DA:350,10
DA:353,10
DA:357,190
DA:358,190
DA:359,190
DA:366,165
DA:367,164
DA:368,164
DA:369,164
DA:370,164
DA:371,164
DA:372,164
DA:373,164
DA:374,164
DA:375,164
DA:376,164
DA:377,164
DA:379,1
DA:380,0
DA:382,1
DA:383,1
DA:384,1
DA:385,2
DA:386,1
DA:387,1
DA:388,1
DA:389,1
DA:390,1
DA:391,1
DA:392,1
DA:395,0
DA:396,0
DA:397,0
DA:398,0
DA:399,0
DA:400,0
DA:406,11
DA:407,11
DA:408,6
DA:409,6
DA:410,6
DA:411,6
DA:412,6
DA:413,6
DA:416,14
DA:417,13
DA:418,13
DA:419,13
DA:420,13
DA:421,13
DA:422,13
DA:426,0
DA:427,0
DA:428,0
DA:429,0
DA:430,0
DA:433,208
DA:438,106
DA:439,1
DA:440,1
DA:441,2
DA:442,1
DA:443,1
DA:444,1
DA:445,1
DA:446,1
DA:447,1
DA:448,105
DA:449,105
DA:450,14
DA:451,14
DA:452,14
DA:453,14
DA:454,91
DA:461,91
DA:462,91
DA:463,177
DA:464,91
DA:465,91
DA:466,3
DA:467,88
DA:468,88
DA:469,88
DA:470,91
DA:471,88
DA:472,88
DA:473,88
DA:474,87
DA:475,87
DA:476,87
DA:477,87
DA:478,87
DA:479,87
DA:480,87
DA:481,87
DA:482,87
DA:485,1
DA:486,1
DA:487,2
DA:488,1
DA:489,1
DA:490,1
DA:491,1
DA:492,1
DA:493,1
DA:496,108
BRF:0
BRH:0
LF:281
LH:225
end_of_record
SF:/var/home/jack/Code/koan/src/builtins/catch.rs
FN:67,_RNvNCNvNtNtCsbv2TPaIhNiJ_4koan8builtins5catch4body012build_result
FN:39,_RNvNtNtCsbv2TPaIhNiJ_4koan8builtins5catch4body
FN:16,_RNvNtNtCsbv2TPaIhNiJ_4koan8builtins5catch8register
FN:97,_RNCNCNvNtNtCsbv2TPaIhNiJ_4koan8builtins5catch4body00B9_
FN:122,_RNCNCNvNtNtCsbv2TPaIhNiJ_4koan8builtins5catch4body0s0_0B9_
FN:109,_RNCNCNvNtNtCsbv2TPaIhNiJ_4koan8builtins5catch4body0s_0B9_
FN:64,_RNCNvNtNtCsbv2TPaIhNiJ_4koan8builtins5catch4body0B7_
FN:67,_RNvNCNvNtNtCs9bl5tPvrGPp_4koan8builtins5catch4body012build_result
FN:39,_RNvNtNtCs9bl5tPvrGPp_4koan8builtins5catch4body
FN:16,_RNvNtNtCs9bl5tPvrGPp_4koan8builtins5catch8register
FN:97,_RNCNCNvNtNtCs9bl5tPvrGPp_4koan8builtins5catch4body00B9_
FN:122,_RNCNCNvNtNtCs9bl5tPvrGPp_4koan8builtins5catch4body0s0_0B9_
FN:109,_RNCNCNvNtNtCs9bl5tPvrGPp_4koan8builtins5catch4body0s_0B9_
FN:64,_RNCNvNtNtCs9bl5tPvrGPp_4koan8builtins5catch4body0B7_
FNDA:0,_RNvNCNvNtNtCsbv2TPaIhNiJ_4koan8builtins5catch4body012build_result
FNDA:0,_RNvNtNtCsbv2TPaIhNiJ_4koan8builtins5catch4body
FNDA:60,_RNvNtNtCsbv2TPaIhNiJ_4koan8builtins5catch8register
FNDA:0,_RNCNCNvNtNtCsbv2TPaIhNiJ_4koan8builtins5catch4body00B9_
FNDA:0,_RNCNCNvNtNtCsbv2TPaIhNiJ_4koan8builtins5catch4body0s0_0B9_
FNDA:0,_RNCNCNvNtNtCsbv2TPaIhNiJ_4koan8builtins5catch4body0s_0B9_
FNDA:0,_RNCNvNtNtCsbv2TPaIhNiJ_4koan8builtins5catch4body0B7_
FNDA:8,_RNvNCNvNtNtCs9bl5tPvrGPp_4koan8builtins5catch4body012build_result
FNDA:8,_RNvNtNtCs9bl5tPvrGPp_4koan8builtins5catch4body
FNDA:562,_RNvNtNtCs9bl5tPvrGPp_4koan8builtins5catch8register
FNDA:3,_RNCNCNvNtNtCs9bl5tPvrGPp_4koan8builtins5catch4body00B9_
FNDA:5,_RNCNCNvNtNtCs9bl5tPvrGPp_4koan8builtins5catch4body0s0_0B9_
FNDA:5,_RNCNCNvNtNtCs9bl5tPvrGPp_4koan8builtins5catch4body0s_0B9_
FNDA:8,_RNCNvNtNtCs9bl5tPvrGPp_4koan8builtins5catch4body0B7_
FNF:7
FNH:7
DA:16,622
DA:22,622
DA:23,622
DA:24,0
DA:26,622
DA:27,622
DA:28,622
DA:29,622
DA:30,622
DA:31,622
DA:32,622
DA:34,622
DA:35,622
DA:39,8
DA:40,8
DA:41,8
DA:51,8
DA:54,8
DA:55,8
DA:56,0
DA:60,8
DA:61,8
DA:62,8
DA:63,8
DA:64,8
DA:67,8
DA:68,8
DA:69,8
DA:70,0
DA:72,8
DA:73,8
DA:74,8
DA:75,8
DA:76,8
DA:77,8
DA:78,8
DA:79,8
DA:84,8
DA:85,8
DA:86,8
DA:87,8
DA:88,8
DA:89,8
DA:90,8
DA:91,8
DA:94,3
DA:95,3
DA:96,3
DA:97,3
DA:98,3
DA:99,3
DA:100,3
DA:101,3
DA:102,3
DA:103,3
DA:104,3
DA:108,5
DA:109,5
DA:110,5
DA:111,5
DA:112,5
DA:113,5
DA:114,5
DA:115,5
DA:118,5
DA:119,5
DA:120,5
DA:121,5
DA:122,5
DA:123,5
DA:124,5
DA:125,5
DA:126,5
DA:127,5
DA:128,5
DA:129,5
DA:133,8
DA:134,8
DA:135,8
DA:136,8
DA:137,8
DA:138,8
DA:139,8
DA:140,8
DA:141,8
DA:142,8
BRF:0
BRH:0
LF:88
LH:85
end_of_record
SF:/var/home/jack/Code/koan/src/builtins/eval.rs
FN:15,_RNvNtNtCsbv2TPaIhNiJ_4koan8builtins4eval4body
FN:47,_RNvNtNtCsbv2TPaIhNiJ_4koan8builtins4eval8register
FN:15,_RNvNtNtCs9bl5tPvrGPp_4koan8builtins4eval4body
FN:47,_RNvNtNtCs9bl5tPvrGPp_4koan8builtins4eval8register
FN:60,_RNvNtNtNtCs9bl5tPvrGPp_4koan8builtins4eval5tests11run_program
FN:117,_RNvNtNtNtCs9bl5tPvrGPp_4koan8builtins4eval5testss_21recursive_eval_no_uaf
FN:69,_RNvNtNtNtCs9bl5tPvrGPp_4koan8builtins4eval5testss_22eval_of_quoted_literal
FN:103,_RNvNtNtNtCs9bl5tPvrGPp_4koan8builtins4eval5testss_34multiline_sigil_collapse_roundtrip
FN:109,_RNvNtNtNtCs9bl5tPvrGPp_4koan8builtins4eval5testss_35eval_returns_inner_expression_value
FN:97,_RNvNtNtNtCs9bl5tPvrGPp_4koan8builtins4eval5testss_37eval_runs_side_effects_in_quoted_body
FN:75,_RNvNtNtNtCs9bl5tPvrGPp_4koan8builtins4eval5testss_38eval_of_function_returning_kexpression
FN:84,_RNvNtNtNtCs9bl5tPvrGPp_4koan8builtins4eval5testss_49eval_of_non_kexpression_errors_with_type_mismatch
FNDA:0,_RNvNtNtCsbv2TPaIhNiJ_4koan8builtins4eval4body
FNDA:60,_RNvNtNtCsbv2TPaIhNiJ_4koan8builtins4eval8register
FNDA:9,_RNvNtNtCs9bl5tPvrGPp_4koan8builtins4eval4body
FNDA:562,_RNvNtNtCs9bl5tPvrGPp_4koan8builtins4eval8register
FNDA:6,_RNvNtNtNtCs9bl5tPvrGPp_4koan8builtins4eval5tests11run_program
FNDA:1,_RNvNtNtNtCs9bl5tPvrGPp_4koan8builtins4eval5testss_21recursive_eval_no_uaf
FNDA:1,_RNvNtNtNtCs9bl5tPvrGPp_4koan8builtins4eval5testss_22eval_of_quoted_literal
FNDA:1,_RNvNtNtNtCs9bl5tPvrGPp_4koan8builtins4eval5testss_34multiline_sigil_collapse_roundtrip
FNDA:1,_RNvNtNtNtCs9bl5tPvrGPp_4koan8builtins4eval5testss_35eval_returns_inner_expression_value
FNDA:1,_RNvNtNtNtCs9bl5tPvrGPp_4koan8builtins4eval5testss_37eval_runs_side_effects_in_quoted_body
FNDA:1,_RNvNtNtNtCs9bl5tPvrGPp_4koan8builtins4eval5testss_38eval_of_function_returning_kexpression
FNDA:1,_RNvNtNtNtCs9bl5tPvrGPp_4koan8builtins4eval5testss_49eval_of_non_kexpression_errors_with_type_mismatch
FNF:10
FNH:10
DA:15,9
DA:16,9
DA:17,9
DA:22,9
DA:23,8
DA:24,1
DA:25,1
DA:26,1
DA:27,1
DA:28,1
DA:29,1
DA:31,0
DA:37,8
DA:38,8
DA:39,8
DA:40,8
DA:41,8
DA:42,8
DA:43,8
DA:45,9
DA:47,622
DA:48,622
DA:49,622
DA:50,622
DA:60,6
DA:61,6
DA:62,6
DA:63,6
DA:64,6
DA:65,6
DA:66,6
DA:69,1
DA:70,1
DA:71,1
DA:72,1
DA:75,1
DA:76,1
DA:77,1
DA:78,1
DA:80,1
DA:81,1
DA:84,1
DA:85,1
DA:86,1
DA:87,1
DA:88,1
DA:89,1
DA:90,1
DA:91,1
DA:94,1
DA:97,1
DA:98,1
DA:99,1
DA:100,1
DA:103,1
DA:104,1
DA:105,1
DA:106,1
DA:109,1
DA:112,1
DA:113,1
DA:114,1
DA:117,1
DA:121,1
DA:122,1
DA:123,1
DA:124,1
DA:125,1
DA:126,1
DA:127,1
DA:129,1
DA:130,1
BRF:0
BRH:0
LF:72
LH:71
end_of_record
SF:/var/home/jack/Code/koan/src/builtins/fn_def.rs
FN:62,_RNvNtNtCsbv2TPaIhNiJ_4koan8builtins6fn_def13build_fn_like
FN:142,_RNvNtNtCsbv2TPaIhNiJ_4koan8builtins6fn_def18body_record_schema
FN:23,_RNvNtNtCsbv2TPaIhNiJ_4koan8builtins6fn_def19collect_param_types
FN:127,_RNvNtNtCsbv2TPaIhNiJ_4koan8builtins6fn_def4body
FN:205,_RNvNtNtCsbv2TPaIhNiJ_4koan8builtins6fn_def8register
FN:165,_RNCNvNtNtCsbv2TPaIhNiJ_4koan8builtins6fn_def18body_record_schema0B7_
FN:228,_RNCNvNtNtCsbv2TPaIhNiJ_4koan8builtins6fn_def8register0B7_
FN:262,_RNCNvNtNtCsbv2TPaIhNiJ_4koan8builtins6fn_def8registers0_0B7_
FN:245,_RNCNvNtNtCsbv2TPaIhNiJ_4koan8builtins6fn_def8registers_0B7_
FN:62,_RNvNtNtCs9bl5tPvrGPp_4koan8builtins6fn_def13build_fn_like
FN:142,_RNvNtNtCs9bl5tPvrGPp_4koan8builtins6fn_def18body_record_schema
FN:23,_RNvNtNtCs9bl5tPvrGPp_4koan8builtins6fn_def19collect_param_types
FN:127,_RNvNtNtCs9bl5tPvrGPp_4koan8builtins6fn_def4body
FN:205,_RNvNtNtCs9bl5tPvrGPp_4koan8builtins6fn_def8register
FN:165,_RNCNvNtNtCs9bl5tPvrGPp_4koan8builtins6fn_def18body_record_schema0B7_
FN:228,_RNCNvNtNtCs9bl5tPvrGPp_4koan8builtins6fn_def8register0B7_
FN:262,_RNCNvNtNtCs9bl5tPvrGPp_4koan8builtins6fn_def8registers0_0B7_
FN:245,_RNCNvNtNtCs9bl5tPvrGPp_4koan8builtins6fn_def8registers_0B7_
FNDA:36,_RNvNtNtCsbv2TPaIhNiJ_4koan8builtins6fn_def13build_fn_like
FNDA:0,_RNvNtNtCsbv2TPaIhNiJ_4koan8builtins6fn_def18body_record_schema
FNDA:7,_RNvNtNtCsbv2TPaIhNiJ_4koan8builtins6fn_def19collect_param_types
FNDA:29,_RNvNtNtCsbv2TPaIhNiJ_4koan8builtins6fn_def4body
FNDA:60,_RNvNtNtCsbv2TPaIhNiJ_4koan8builtins6fn_def8register
FNDA:0,_RNCNvNtNtCsbv2TPaIhNiJ_4koan8builtins6fn_def18body_record_schema0B7_
FNDA:60,_RNCNvNtNtCsbv2TPaIhNiJ_4koan8builtins6fn_def8register0B7_
FNDA:60,_RNCNvNtNtCsbv2TPaIhNiJ_4koan8builtins6fn_def8registers0_0B7_
FNDA:60,_RNCNvNtNtCsbv2TPaIhNiJ_4koan8builtins6fn_def8registers_0B7_
FNDA:281,_RNvNtNtCs9bl5tPvrGPp_4koan8builtins6fn_def13build_fn_like
FNDA:8,_RNvNtNtCs9bl5tPvrGPp_4koan8builtins6fn_def18body_record_schema
FNDA:18,_RNvNtNtCs9bl5tPvrGPp_4koan8builtins6fn_def19collect_param_types
FNDA:263,_RNvNtNtCs9bl5tPvrGPp_4koan8builtins6fn_def4body
FNDA:562,_RNvNtNtCs9bl5tPvrGPp_4koan8builtins6fn_def8register
FNDA:7,_RNCNvNtNtCs9bl5tPvrGPp_4koan8builtins6fn_def18body_record_schema0B7_
FNDA:562,_RNCNvNtNtCs9bl5tPvrGPp_4koan8builtins6fn_def8register0B7_
FNDA:562,_RNCNvNtNtCs9bl5tPvrGPp_4koan8builtins6fn_def8registers0_0B7_
FNDA:562,_RNCNvNtNtCs9bl5tPvrGPp_4koan8builtins6fn_def8registers_0B7_
FNF:9
FNH:9
DA:23,25
DA:24,25
DA:25,25
DA:26,25
DA:28,25
DA:29,25
DA:30,25
DA:31,25
DA:32,75
DA:33,50
DA:34,7
DA:35,18
DA:36,25
DA:38,50
DA:39,25
DA:40,25
DA:41,25
DA:42,25
DA:43,25
DA:44,0
DA:45,0
DA:46,25
DA:47,25
DA:48,25
DA:49,25
DA:51,25
DA:52,25
DA:62,317
DA:63,317
DA:64,317
DA:65,317
DA:66,317
DA:71,317
DA:72,317
DA:73,317
DA:74,317
DA:75,317
DA:76,25
DA:77,292
DA:79,317
DA:80,317
DA:81,317
DA:82,317
DA:83,317
DA:84,317
DA:85,317
DA:86,317
DA:87,314
DA:88,2
DA:89,312
DA:90,312
DA:91,231
DA:92,4
DA:93,4
DA:96,77
DA:97,77
DA:98,77
DA:99,77
DA:100,77
DA:101,77
DA:103,308
DA:104,308
DA:106,202
DA:107,202
DA:108,202
DA:109,202
DA:110,202
DA:111,202
DA:112,202
DA:113,202
DA:114,202
DA:116,106
DA:118,317
DA:127,292
DA:128,292
DA:129,292
DA:130,292
DA:131,292
DA:142,8
DA:143,8
DA:144,8
DA:149,8
DA:150,7
DA:151,1
DA:152,1
DA:153,1
DA:154,1
DA:155,1
DA:158,0
DA:159,0
DA:160,0
DA:163,7
DA:164,7
DA:165,7
DA:166,7
DA:167,7
DA:168,7
DA:169,7
DA:170,7
DA:171,7
DA:172,7
DA:173,7
DA:174,7
DA:175,7
DA:176,7
DA:177,7
DA:178,7
DA:179,7
DA:180,7
DA:181,7
DA:182,7
DA:183,7
DA:184,7
DA:185,7
DA:186,7
DA:187,7
DA:188,7
DA:189,7
DA:190,7
DA:192,0
DA:193,0
DA:194,0
DA:195,0
DA:196,0
DA:197,0
DA:198,0
DA:199,0
DA:203,8
DA:205,622
DA:228,622
DA:229,622
DA:230,622
DA:231,622
DA:232,622
DA:233,622
DA:234,622
DA:235,622
DA:236,622
DA:237,622
DA:240,622
DA:245,622
DA:246,622
DA:247,622
DA:248,622
DA:249,622
DA:250,622
DA:251,622
DA:252,622
DA:253,622
DA:254,622
DA:257,622
DA:262,622
DA:263,622
DA:264,622
DA:265,622
DA:266,622
DA:267,622
DA:268,622
DA:269,622
DA:270,622
DA:271,622
DA:274,622
DA:276,622
DA:277,622
DA:278,622
DA:279,622
DA:280,622
DA:281,622
DA:282,622
DA:285,622
DA:286,622
DA:287,622
DA:288,622
DA:289,622
DA:290,622
DA:291,622
DA:294,622
DA:295,622
DA:296,622
DA:297,622
DA:298,622
DA:299,622
DA:300,622
DA:303,622
BRF:0
BRH:0
LF:188
LH:175
end_of_record
SF:/var/home/jack/Code/koan/src/builtins/fn_def/finalize.rs
FN:193,_RNvNtNtNtCsbv2TPaIhNiJ_4koan8builtins6fn_def8finalize21finalize_fn_with_kind
FN:283,_RNvNtNtNtCsbv2TPaIhNiJ_4koan8builtins6fn_def8finalize5defer
FN:89,_RNvNtNtNtCsbv2TPaIhNiJ_4koan8builtins6fn_def8finalize8classify
FN:268,_RNvNtNtNtCsbv2TPaIhNiJ_4koan8builtins6fn_def8finalize9fn_action
FN:219,_RNCNvNtNtNtCsbv2TPaIhNiJ_4koan8builtins6fn_def8finalize21finalize_fn_with_kind0B9_
FN:325,_RNCNvNtNtNtCsbv2TPaIhNiJ_4koan8builtins6fn_def8finalize5defer0B9_
FN:219,_RNCNvNtNtNtCs9bl5tPvrGPp_4koan8builtins6fn_def8finalize21finalize_fn_with_kind0B9_
FN:325,_RNCNvNtNtNtCs9bl5tPvrGPp_4koan8builtins6fn_def8finalize5defer0B9_
FN:193,_RNvNtNtNtCs9bl5tPvrGPp_4koan8builtins6fn_def8finalize21finalize_fn_with_kind
FN:283,_RNvNtNtNtCs9bl5tPvrGPp_4koan8builtins6fn_def8finalize5defer
FN:89,_RNvNtNtNtCs9bl5tPvrGPp_4koan8builtins6fn_def8finalize8classify
FN:268,_RNvNtNtNtCs9bl5tPvrGPp_4koan8builtins6fn_def8finalize9fn_action
FNDA:36,_RNvNtNtNtCsbv2TPaIhNiJ_4koan8builtins6fn_def8finalize21finalize_fn_with_kind
FNDA:13,_RNvNtNtNtCsbv2TPaIhNiJ_4koan8builtins6fn_def8finalize5defer
FNDA:36,_RNvNtNtNtCsbv2TPaIhNiJ_4koan8builtins6fn_def8finalize8classify
FNDA:36,_RNvNtNtNtCsbv2TPaIhNiJ_4koan8builtins6fn_def8finalize9fn_action
FNDA:36,_RNCNvNtNtNtCsbv2TPaIhNiJ_4koan8builtins6fn_def8finalize21finalize_fn_with_kind0B9_
FNDA:13,_RNCNvNtNtNtCsbv2TPaIhNiJ_4koan8builtins6fn_def8finalize5defer0B9_
FNDA:282,_RNCNvNtNtNtCs9bl5tPvrGPp_4koan8builtins6fn_def8finalize21finalize_fn_with_kind0B9_
FNDA:93,_RNCNvNtNtNtCs9bl5tPvrGPp_4koan8builtins6fn_def8finalize5defer0B9_
FNDA:277,_RNvNtNtNtCs9bl5tPvrGPp_4koan8builtins6fn_def8finalize21finalize_fn_with_kind
FNDA:93,_RNvNtNtNtCs9bl5tPvrGPp_4koan8builtins6fn_def8finalize5defer
FNDA:279,_RNvNtNtNtCs9bl5tPvrGPp_4koan8builtins6fn_def8finalize8classify
FNDA:277,_RNvNtNtNtCs9bl5tPvrGPp_4koan8builtins6fn_def8finalize9fn_action
FNF:6
FNH:6
DA:89,315
DA:90,315
DA:91,191
DA:92,191
DA:93,191
DA:94,191
DA:95,18
DA:96,18
DA:97,18
DA:98,18
DA:99,29
DA:101,29
DA:102,29
DA:103,29
DA:104,29
DA:105,29
DA:106,29
DA:107,29
DA:110,69
DA:112,69
DA:113,69
DA:115,69
DA:116,69
DA:117,69
DA:118,69
DA:119,69
DA:120,69
DA:121,69
DA:123,0
DA:125,0
DA:126,0
DA:128,0
DA:129,0
DA:130,0
DA:131,0
DA:132,0
DA:133,0
DA:134,0
DA:135,0
DA:136,0
DA:138,8
DA:140,8
DA:141,8
DA:146,8
DA:147,8
DA:148,8
DA:149,8
DA:150,8
DA:151,8
DA:152,8
DA:154,0
DA:157,0
DA:158,0
DA:159,0
DA:160,0
DA:161,0
DA:162,0
DA:163,0
DA:167,0
DA:168,0
DA:171,0
DA:172,0
DA:175,0
DA:176,0
DA:177,0
DA:178,0
DA:179,0
DA:180,0
DA:181,0
DA:182,0
DA:185,315
DA:193,313
DA:194,313
DA:195,313
DA:196,313
DA:197,313
DA:198,313
DA:199,313
DA:200,313
DA:201,313
DA:204,313
DA:205,23
DA:206,21
DA:207,1
DA:208,1
DA:209,1
DA:210,1
DA:211,1
DA:212,20
DA:213,2
DA:214,290
DA:219,318
DA:220,304
DA:221,14
DA:222,318
DA:224,312
DA:225,312
DA:226,312
DA:227,312
DA:229,312
DA:230,312
DA:231,312
DA:232,312
DA:233,312
DA:234,312
DA:235,312
DA:236,312
DA:237,312
DA:242,312
DA:243,312
DA:244,312
DA:245,312
DA:246,305
DA:247,304
DA:249,1
DA:250,1
DA:251,1
DA:252,1
DA:255,304
DA:256,7
DA:263,309
DA:264,313
DA:268,313
DA:269,313
DA:270,313
DA:271,313
DA:272,309
DA:273,4
DA:275,313
DA:283,106
DA:284,106
DA:285,106
DA:286,106
DA:287,106
DA:288,106
DA:289,106
DA:294,106
DA:295,106
DA:296,106
DA:297,106
DA:298,106
DA:299,106
DA:303,106
DA:304,106
DA:305,106
DA:306,106
DA:307,106
DA:308,106
DA:309,106
DA:310,37
DA:311,37
DA:312,37
DA:313,37
DA:314,37
DA:315,69
DA:316,106
DA:317,106
DA:318,76
DA:319,76
DA:320,76
DA:321,76
DA:322,76
DA:323,76
DA:324,76
DA:325,106
DA:326,106
DA:327,106
DA:328,76
DA:329,76
DA:330,1
DA:331,1
DA:332,1
DA:333,1
DA:334,1
DA:335,75
DA:342,75
DA:343,75
DA:344,75
DA:346,105
DA:347,104
DA:348,105
DA:349,104
DA:350,0
DA:352,104
DA:353,104
DA:354,104
DA:355,0
DA:356,0
DA:359,0
DA:360,0
DA:361,0
DA:362,0
DA:367,104
DA:368,104
DA:369,104
DA:370,104
DA:371,104
DA:372,104
DA:373,104
DA:375,106
DA:376,106
DA:377,106
BRF:0
BRH:0
LF:204
LH:165
end_of_record
SF:/var/home/jack/Code/koan/src/builtins/fn_def/param_refs.rs
FN:21,_RNvNtNtNtCsbv2TPaIhNiJ_4koan8builtins6fn_def10param_refs19part_references_any
FN:11,_RNvNtNtNtCsbv2TPaIhNiJ_4koan8builtins6fn_def10param_refs24type_expr_references_any
FN:15,_RNvNtNtNtCsbv2TPaIhNiJ_4koan8builtins6fn_def10param_refs26kexpression_references_any
FN:23,_RNCNvNtNtNtCsbv2TPaIhNiJ_4koan8builtins6fn_def10param_refs19part_references_any0B9_
FN:32,_RNCNvNtNtNtCsbv2TPaIhNiJ_4koan8builtins6fn_def10param_refs19part_references_anys0_0B9_
FN:39,_RNCNvNtNtNtCsbv2TPaIhNiJ_4koan8builtins6fn_def10param_refs19part_references_anys1_0B9_
FN:30,_RNCNvNtNtNtCsbv2TPaIhNiJ_4koan8builtins6fn_def10param_refs19part_references_anys_0B9_
FN:12,_RNCNvNtNtNtCsbv2TPaIhNiJ_4koan8builtins6fn_def10param_refs24type_expr_references_any0B9_
FN:18,_RNCNvNtNtNtCsbv2TPaIhNiJ_4koan8builtins6fn_def10param_refs26kexpression_references_any0B9_
FN:23,_RNCNvNtNtNtCs9bl5tPvrGPp_4koan8builtins6fn_def10param_refs19part_references_any0B9_
FN:32,_RNCNvNtNtNtCs9bl5tPvrGPp_4koan8builtins6fn_def10param_refs19part_references_anys0_0B9_
FN:39,_RNCNvNtNtNtCs9bl5tPvrGPp_4koan8builtins6fn_def10param_refs19part_references_anys1_0B9_
FN:30,_RNCNvNtNtNtCs9bl5tPvrGPp_4koan8builtins6fn_def10param_refs19part_references_anys_0B9_
FN:12,_RNCNvNtNtNtCs9bl5tPvrGPp_4koan8builtins6fn_def10param_refs24type_expr_references_any0B9_
FN:18,_RNCNvNtNtNtCs9bl5tPvrGPp_4koan8builtins6fn_def10param_refs26kexpression_references_any0B9_
FN:21,_RNvNtNtNtCs9bl5tPvrGPp_4koan8builtins6fn_def10param_refs19part_references_any
FN:11,_RNvNtNtNtCs9bl5tPvrGPp_4koan8builtins6fn_def10param_refs24type_expr_references_any
FN:15,_RNvNtNtNtCs9bl5tPvrGPp_4koan8builtins6fn_def10param_refs26kexpression_references_any
FNDA:18,_RNvNtNtNtCsbv2TPaIhNiJ_4koan8builtins6fn_def10param_refs19part_references_any
FNDA:12,_RNvNtNtNtCsbv2TPaIhNiJ_4koan8builtins6fn_def10param_refs24type_expr_references_any
FNDA:6,_RNvNtNtNtCsbv2TPaIhNiJ_4koan8builtins6fn_def10param_refs26kexpression_references_any
FNDA:0,_RNCNvNtNtNtCsbv2TPaIhNiJ_4koan8builtins6fn_def10param_refs19part_references_any0B9_
FNDA:0,_RNCNvNtNtNtCsbv2TPaIhNiJ_4koan8builtins6fn_def10param_refs19part_references_anys0_0B9_
FNDA:0,_RNCNvNtNtNtCsbv2TPaIhNiJ_4koan8builtins6fn_def10param_refs19part_references_anys1_0B9_
FNDA:0,_RNCNvNtNtNtCsbv2TPaIhNiJ_4koan8builtins6fn_def10param_refs19part_references_anys_0B9_
FNDA:12,_RNCNvNtNtNtCsbv2TPaIhNiJ_4koan8builtins6fn_def10param_refs24type_expr_references_any0B9_
FNDA:18,_RNCNvNtNtNtCsbv2TPaIhNiJ_4koan8builtins6fn_def10param_refs26kexpression_references_any0B9_
FNDA:8,_RNCNvNtNtNtCs9bl5tPvrGPp_4koan8builtins6fn_def10param_refs19part_references_any0B9_
FNDA:1,_RNCNvNtNtNtCs9bl5tPvrGPp_4koan8builtins6fn_def10param_refs19part_references_anys0_0B9_
FNDA:5,_RNCNvNtNtNtCs9bl5tPvrGPp_4koan8builtins6fn_def10param_refs19part_references_anys1_0B9_
FNDA:1,_RNCNvNtNtNtCs9bl5tPvrGPp_4koan8builtins6fn_def10param_refs19part_references_anys_0B9_
FNDA:55,_RNCNvNtNtNtCs9bl5tPvrGPp_4koan8builtins6fn_def10param_refs24type_expr_references_any0B9_
FNDA:143,_RNCNvNtNtNtCs9bl5tPvrGPp_4koan8builtins6fn_def10param_refs26kexpression_references_any0B9_
FNDA:151,_RNvNtNtNtCs9bl5tPvrGPp_4koan8builtins6fn_def10param_refs19part_references_any
FNDA:71,_RNvNtNtNtCs9bl5tPvrGPp_4koan8builtins6fn_def10param_refs24type_expr_references_any
FNDA:54,_RNvNtNtNtCs9bl5tPvrGPp_4koan8builtins6fn_def10param_refs26kexpression_references_any
FNF:9
FNH:9
DA:11,83
DA:12,83
DA:13,83
DA:15,60
DA:16,60
DA:17,60
DA:18,161
DA:19,60
DA:21,169
DA:22,169
DA:23,10
DA:24,68
DA:25,9
DA:26,1
DA:28,0
DA:29,1
DA:30,1
DA:32,1
DA:33,1
DA:34,1
DA:37,4
DA:38,4
DA:39,5
DA:40,75
DA:42,169
BRF:0
BRH:0
LF:31
LH:30
end_of_record
SF:/var/home/jack/Code/koan/src/builtins/fn_def/return_type.rs
FN:215,_RNvNtNtNtCsbv2TPaIhNiJ_4koan8builtins6fn_def11return_type12make_capture
FN:91,_RNvNtNtNtCsbv2TPaIhNiJ_4koan8builtins6fn_def11return_type20classify_return_type
FN:150,_RNvNtNtNtCsbv2TPaIhNiJ_4koan8builtins6fn_def11return_type20verdict_for_resolved
FN:58,_RNvNtNtNtCsbv2TPaIhNiJ_4koan8builtins6fn_def11return_type23extract_return_type_raw
FN:222,_RNvNtNtNtCsbv2TPaIhNiJ_4koan8builtins6fn_def11return_type25resolve_capture_at_finish
FN:165,_RNvNtNtNtCsbv2TPaIhNiJ_4koan8builtins6fn_def11return_type30verdict_for_deferred_type_expr
FN:190,_RNvNtNtNtCsbv2TPaIhNiJ_4koan8builtins6fn_def11return_type31verdict_for_deferred_expression
FN:231,_RNCNvNtNtNtCsbv2TPaIhNiJ_4koan8builtins6fn_def11return_type25resolve_capture_at_finish0B9_
FN:191,_RNCNvNtNtNtCsbv2TPaIhNiJ_4koan8builtins6fn_def11return_type31verdict_for_deferred_expression0B9_
FN:215,_RNvNtNtNtCs9bl5tPvrGPp_4koan8builtins6fn_def11return_type12make_capture
FN:91,_RNvNtNtNtCs9bl5tPvrGPp_4koan8builtins6fn_def11return_type20classify_return_type
FN:150,_RNvNtNtNtCs9bl5tPvrGPp_4koan8builtins6fn_def11return_type20verdict_for_resolved
FN:58,_RNvNtNtNtCs9bl5tPvrGPp_4koan8builtins6fn_def11return_type23extract_return_type_raw
FN:222,_RNvNtNtNtCs9bl5tPvrGPp_4koan8builtins6fn_def11return_type25resolve_capture_at_finish
FN:165,_RNvNtNtNtCs9bl5tPvrGPp_4koan8builtins6fn_def11return_type30verdict_for_deferred_type_expr
FN:190,_RNvNtNtNtCs9bl5tPvrGPp_4koan8builtins6fn_def11return_type31verdict_for_deferred_expression
FN:231,_RNCNvNtNtNtCs9bl5tPvrGPp_4koan8builtins6fn_def11return_type25resolve_capture_at_finish0B9_
FN:191,_RNCNvNtNtNtCs9bl5tPvrGPp_4koan8builtins6fn_def11return_type31verdict_for_deferred_expression0B9_
FNDA:0,_RNvNtNtNtCsbv2TPaIhNiJ_4koan8builtins6fn_def11return_type12make_capture
FNDA:36,_RNvNtNtNtCsbv2TPaIhNiJ_4koan8builtins6fn_def11return_type20classify_return_type
FNDA:31,_RNvNtNtNtCsbv2TPaIhNiJ_4koan8builtins6fn_def11return_type20verdict_for_resolved
FNDA:36,_RNvNtNtNtCsbv2TPaIhNiJ_4koan8builtins6fn_def11return_type23extract_return_type_raw
FNDA:13,_RNvNtNtNtCsbv2TPaIhNiJ_4koan8builtins6fn_def11return_type25resolve_capture_at_finish
FNDA:0,_RNvNtNtNtCsbv2TPaIhNiJ_4koan8builtins6fn_def11return_type30verdict_for_deferred_type_expr
FNDA:0,_RNvNtNtNtCsbv2TPaIhNiJ_4koan8builtins6fn_def11return_type31verdict_for_deferred_expression
FNDA:0,_RNCNvNtNtNtCsbv2TPaIhNiJ_4koan8builtins6fn_def11return_type25resolve_capture_at_finish0B9_
FNDA:0,_RNCNvNtNtNtCsbv2TPaIhNiJ_4koan8builtins6fn_def11return_type31verdict_for_deferred_expression0B9_
FNDA:0,_RNvNtNtNtCs9bl5tPvrGPp_4koan8builtins6fn_def11return_type12make_capture
FNDA:288,_RNvNtNtNtCs9bl5tPvrGPp_4koan8builtins6fn_def11return_type20classify_return_type
FNDA:234,_RNvNtNtNtCs9bl5tPvrGPp_4koan8builtins6fn_def11return_type20verdict_for_resolved
FNDA:288,_RNvNtNtNtCs9bl5tPvrGPp_4koan8builtins6fn_def11return_type23extract_return_type_raw
FNDA:92,_RNvNtNtNtCs9bl5tPvrGPp_4koan8builtins6fn_def11return_type25resolve_capture_at_finish
FNDA:2,_RNvNtNtNtCs9bl5tPvrGPp_4koan8builtins6fn_def11return_type30verdict_for_deferred_type_expr
FNDA:1,_RNvNtNtNtCs9bl5tPvrGPp_4koan8builtins6fn_def11return_type31verdict_for_deferred_expression
FNDA:0,_RNCNvNtNtNtCs9bl5tPvrGPp_4koan8builtins6fn_def11return_type25resolve_capture_at_finish0B9_
FNDA:1,_RNCNvNtNtNtCs9bl5tPvrGPp_4koan8builtins6fn_def11return_type31verdict_for_deferred_expression0B9_
FNF:9
FNH:7
DA:58,324
DA:60,324
DA:61,274
DA:62,15
DA:63,259
DA:65,50
DA:66,50
DA:68,0
DA:69,0
DA:70,0
DA:71,0
DA:73,324
DA:91,324
DA:92,324
DA:93,324
DA:94,324
DA:95,324
DA:96,324
DA:97,324
DA:98,324
DA:99,259
DA:100,259
DA:101,259
DA:103,15
DA:104,15
DA:105,6
DA:106,2
DA:107,4
DA:109,6
DA:110,9
DA:113,9
DA:114,6
DA:115,0
DA:118,3
DA:119,3
DA:122,6
DA:123,6
DA:124,6
DA:126,0
DA:128,6
DA:130,50
DA:131,50
DA:132,13
DA:133,1
DA:134,12
DA:136,13
DA:137,13
DA:138,13
DA:139,13
DA:141,37
DA:142,37
DA:143,37
DA:144,37
DA:148,324
DA:150,265
DA:151,265
DA:152,264
DA:154,1
DA:155,1
DA:156,1
DA:157,1
DA:159,265
DA:165,2
DA:166,2
DA:167,2
DA:168,2
DA:171,2
DA:172,2
DA:173,2
DA:175,0
DA:176,0
DA:177,0
DA:178,0
DA:179,0
DA:180,0
DA:183,0
DA:185,2
DA:190,1
DA:191,1
DA:192,1
DA:193,0
DA:194,1
DA:195,1
DA:196,1
DA:197,1
DA:198,1
DA:199,1
DA:200,1
DA:201,1
DA:202,1
DA:203,0
DA:204,0
DA:205,0
DA:206,0
DA:207,0
DA:208,0
DA:209,0
DA:210,0
DA:211,0
DA:213,1
DA:215,0
DA:216,0
DA:217,0
DA:222,105
DA:223,105
DA:224,105
DA:225,105
DA:226,105
DA:227,105
DA:228,68
DA:229,0
DA:230,0
DA:231,0
DA:232,0
DA:233,0
DA:234,0
DA:236,0
DA:237,37
DA:238,37
DA:246,36
DA:247,36
DA:250,105
BRF:0
BRH:0
LF:124
LH:90
end_of_record
SF:/var/home/jack/Code/koan/src/builtins/fn_def/signature.rs
FN:209,_RNCNvNtNtNtCsbv2TPaIhNiJ_4koan8builtins6fn_def9signature13binder_bucket0B9_
FN:227,_RNCNvNtNtNtCsbv2TPaIhNiJ_4koan8builtins6fn_def9signature13binder_buckets_0B9_
FN:194,_RNvNtNtNtCsbv2TPaIhNiJ_4koan8builtins6fn_def9signature13binder_bucket
FN:62,_RNvNtNtNtCsbv2TPaIhNiJ_4koan8builtins6fn_def9signature19parse_fn_param_list
FN:252,_RNvNtNtNtCsbv2TPaIhNiJ_4koan8builtins6fn_def9signature19signature_expr_part
FN:12,_RNvNtNtNtCsbv2TPaIhNiJ_4koan8builtins6fn_def9signature34collect_param_names_from_signature
FN:194,_RNvNtNtNtCs9bl5tPvrGPp_4koan8builtins6fn_def9signature13binder_bucket
FN:62,_RNvNtNtNtCs9bl5tPvrGPp_4koan8builtins6fn_def9signature19parse_fn_param_list
FN:252,_RNvNtNtNtCs9bl5tPvrGPp_4koan8builtins6fn_def9signature19signature_expr_part
FN:12,_RNvNtNtNtCs9bl5tPvrGPp_4koan8builtins6fn_def9signature34collect_param_names_from_signature
FN:209,_RNCNvNtNtNtCs9bl5tPvrGPp_4koan8builtins6fn_def9signature13binder_bucket0B9_
FN:227,_RNCNvNtNtNtCs9bl5tPvrGPp_4koan8builtins6fn_def9signature13binder_buckets_0B9_
FNDA:66,_RNCNvNtNtNtCsbv2TPaIhNiJ_4koan8builtins6fn_def9signature13binder_bucket0B9_
FNDA:10,_RNCNvNtNtNtCsbv2TPaIhNiJ_4koan8builtins6fn_def9signature13binder_buckets_0B9_
FNDA:72,_RNvNtNtNtCsbv2TPaIhNiJ_4koan8builtins6fn_def9signature13binder_bucket
FNDA:49,_RNvNtNtNtCsbv2TPaIhNiJ_4koan8builtins6fn_def9signature19parse_fn_param_list
FNDA:72,_RNvNtNtNtCsbv2TPaIhNiJ_4koan8builtins6fn_def9signature19signature_expr_part
FNDA:36,_RNvNtNtNtCsbv2TPaIhNiJ_4koan8builtins6fn_def9signature34collect_param_names_from_signature
FNDA:571,_RNvNtNtNtCs9bl5tPvrGPp_4koan8builtins6fn_def9signature13binder_bucket
FNDA:367,_RNvNtNtNtCs9bl5tPvrGPp_4koan8builtins6fn_def9signature19parse_fn_param_list
FNDA:571,_RNvNtNtNtCs9bl5tPvrGPp_4koan8builtins6fn_def9signature19signature_expr_part
FNDA:281,_RNvNtNtNtCs9bl5tPvrGPp_4koan8builtins6fn_def9signature34collect_param_names_from_signature
FNDA:365,_RNCNvNtNtNtCs9bl5tPvrGPp_4koan8builtins6fn_def9signature13binder_bucket0B9_
FNDA:62,_RNCNvNtNtNtCs9bl5tPvrGPp_4koan8builtins6fn_def9signature13binder_buckets_0B9_
FNF:6
FNH:6
DA:12,317
DA:13,317
DA:14,317
DA:15,317
DA:16,892
DA:17,575
DA:18,220
DA:19,36
DA:20,319
DA:22,575
DA:23,256
DA:24,256
DA:25,254
DA:32,256
DA:33,254
DA:34,254
DA:35,254
DA:36,2
DA:37,319
DA:38,321
DA:40,317
DA:41,317
DA:62,416
DA:63,416
DA:64,416
DA:65,416
DA:66,416
DA:67,416
DA:68,416
DA:69,416
DA:70,416
DA:71,416
DA:72,1176
DA:75,762
DA:76,307
DA:77,37
DA:78,418
DA:80,762
DA:81,418
DA:82,418
DA:83,418
DA:84,418
DA:85,344
DA:86,344
DA:87,342
DA:88,191
DA:89,191
DA:90,188
DA:91,188
DA:92,188
DA:93,188
DA:94,188
DA:95,188
DA:96,1
DA:97,1
DA:98,1
DA:99,2
DA:100,2
DA:101,2
DA:102,2
DA:103,0
DA:105,191
DA:107,1
DA:108,1
DA:109,1
DA:110,1
DA:111,63
DA:112,63
DA:113,63
DA:114,63
DA:115,63
DA:116,63
DA:117,63
DA:118,63
DA:119,63
DA:120,63
DA:121,12
DA:122,12
DA:123,12
DA:124,12
DA:125,12
DA:126,12
DA:127,12
DA:128,12
DA:129,12
DA:130,75
DA:134,75
DA:135,75
DA:136,75
DA:137,75
DA:138,75
DA:139,75
DA:140,75
DA:141,75
DA:142,0
DA:143,0
DA:144,0
DA:145,0
DA:146,0
DA:147,0
DA:148,0
DA:153,2
DA:154,2
DA:155,2
DA:156,2
DA:160,0
DA:161,0
DA:162,0
DA:163,0
DA:164,0
DA:166,0
DA:167,0
DA:168,0
DA:169,0
DA:170,0
DA:174,414
DA:175,2
DA:176,412
DA:177,412
DA:178,77
DA:179,77
DA:180,77
DA:181,77
DA:182,335
DA:183,335
DA:184,416
DA:194,643
DA:195,643
DA:196,643
DA:198,643
DA:199,627
DA:200,627
DA:201,627
DA:202,1765
DA:203,1138
DA:204,631
DA:205,631
DA:206,631
DA:207,631
DA:209,435
DA:210,0
DA:211,431
DA:218,431
DA:219,435
DA:220,431
DA:221,431
DA:222,431
DA:223,4
DA:224,4
DA:227,72
DA:228,0
DA:229,72
DA:236,72
DA:237,72
DA:238,72
DA:239,72
DA:240,72
DA:241,0
DA:242,0
DA:244,0
DA:245,0
DA:246,0
DA:249,627
DA:250,643
DA:252,643
DA:253,643
DA:254,643
DA:255,627
DA:256,16
DA:258,643
BRF:0
BRH:0
LF:172
LH:147
end_of_record
SF:/var/home/jack/Code/koan/src/builtins/functor_def.rs
FN:23,_RNvNtNtCsbv2TPaIhNiJ_4koan8builtins11functor_def4body
FN:29,_RNvNtNtCsbv2TPaIhNiJ_4koan8builtins11functor_def8register
FN:34,_RNCNvNtNtCsbv2TPaIhNiJ_4koan8builtins11functor_def8register0B7_
FN:49,_RNCNvNtNtCsbv2TPaIhNiJ_4koan8builtins11functor_def8registers_0B7_
FN:34,_RNCNvNtNtCs9bl5tPvrGPp_4koan8builtins11functor_def8register0B7_
FN:49,_RNCNvNtNtCs9bl5tPvrGPp_4koan8builtins11functor_def8registers_0B7_
FN:23,_RNvNtNtCs9bl5tPvrGPp_4koan8builtins11functor_def4body
FN:29,_RNvNtNtCs9bl5tPvrGPp_4koan8builtins11functor_def8register
FNDA:7,_RNvNtNtCsbv2TPaIhNiJ_4koan8builtins11functor_def4body
FNDA:60,_RNvNtNtCsbv2TPaIhNiJ_4koan8builtins11functor_def8register
FNDA:60,_RNCNvNtNtCsbv2TPaIhNiJ_4koan8builtins11functor_def8register0B7_
FNDA:60,_RNCNvNtNtCsbv2TPaIhNiJ_4koan8builtins11functor_def8registers_0B7_
FNDA:562,_RNCNvNtNtCs9bl5tPvrGPp_4koan8builtins11functor_def8register0B7_
FNDA:562,_RNCNvNtNtCs9bl5tPvrGPp_4koan8builtins11functor_def8registers_0B7_
FNDA:18,_RNvNtNtCs9bl5tPvrGPp_4koan8builtins11functor_def4body
FNDA:562,_RNvNtNtCs9bl5tPvrGPp_4koan8builtins11functor_def8register
FNF:4
FNH:4
DA:23,25
DA:24,25
DA:25,25
DA:26,25
DA:27,25
DA:29,622
DA:34,622
DA:35,622
DA:36,622
DA:37,622
DA:38,622
DA:39,622
DA:40,622
DA:41,622
DA:42,622
DA:43,622
DA:46,622
DA:49,622
DA:50,622
DA:51,622
DA:52,622
DA:53,622
DA:54,622
DA:55,622
DA:56,622
DA:57,622
DA:58,622
DA:61,622
DA:63,622
DA:64,622
DA:65,622
DA:66,622
DA:67,622
DA:68,622
DA:69,622
DA:70,622
DA:73,622
DA:74,622
DA:75,622
DA:76,622
DA:77,622
DA:78,622
DA:79,622
DA:82,622
BRF:0
BRH:0
LF:46
LH:46
end_of_record
SF:/var/home/jack/Code/koan/src/builtins/let_binding.rs
FN:192,_RNvNtNtCsbv2TPaIhNiJ_4koan8builtins11let_binding11binder_name
FN:171,_RNvNtNtCsbv2TPaIhNiJ_4koan8builtins11let_binding21capitalize_identifier
FN:15,_RNvNtNtCsbv2TPaIhNiJ_4koan8builtins11let_binding4body
FN:199,_RNvNtNtCsbv2TPaIhNiJ_4koan8builtins11let_binding8register
FN:21,_RNCNvNtNtCsbv2TPaIhNiJ_4koan8builtins11let_binding4body0B7_
FN:154,_RNCNvNtNtCsbv2TPaIhNiJ_4koan8builtins11let_binding4bodys_0B7_
FN:200,_RNCNvNtNtCsbv2TPaIhNiJ_4koan8builtins11let_binding8register0B7_
FN:211,_RNCNvNtNtCsbv2TPaIhNiJ_4koan8builtins11let_binding8registers_0B7_
FN:192,_RNvNtNtCs9bl5tPvrGPp_4koan8builtins11let_binding11binder_name
FN:171,_RNvNtNtCs9bl5tPvrGPp_4koan8builtins11let_binding21capitalize_identifier
FN:15,_RNvNtNtCs9bl5tPvrGPp_4koan8builtins11let_binding4body
FN:199,_RNvNtNtCs9bl5tPvrGPp_4koan8builtins11let_binding8register
FN:21,_RNCNvNtNtCs9bl5tPvrGPp_4koan8builtins11let_binding4body0B7_
FN:154,_RNCNvNtNtCs9bl5tPvrGPp_4koan8builtins11let_binding4bodys_0B7_
FN:200,_RNCNvNtNtCs9bl5tPvrGPp_4koan8builtins11let_binding8register0B7_
FN:211,_RNCNvNtNtCs9bl5tPvrGPp_4koan8builtins11let_binding8registers_0B7_
FNDA:136,_RNvNtNtCsbv2TPaIhNiJ_4koan8builtins11let_binding11binder_name
FNDA:1,_RNvNtNtCsbv2TPaIhNiJ_4koan8builtins11let_binding21capitalize_identifier
FNDA:62,_RNvNtNtCsbv2TPaIhNiJ_4koan8builtins11let_binding4body
FNDA:60,_RNvNtNtCsbv2TPaIhNiJ_4koan8builtins11let_binding8register
FNDA:1,_RNCNvNtNtCsbv2TPaIhNiJ_4koan8builtins11let_binding4body0B7_
FNDA:12,_RNCNvNtNtCsbv2TPaIhNiJ_4koan8builtins11let_binding4bodys_0B7_
FNDA:60,_RNCNvNtNtCsbv2TPaIhNiJ_4koan8builtins11let_binding8register0B7_
FNDA:60,_RNCNvNtNtCsbv2TPaIhNiJ_4koan8builtins11let_binding8registers_0B7_
FNDA:846,_RNvNtNtCs9bl5tPvrGPp_4koan8builtins11let_binding11binder_name
FNDA:4,_RNvNtNtCs9bl5tPvrGPp_4koan8builtins11let_binding21capitalize_identifier
FNDA:400,_RNvNtNtCs9bl5tPvrGPp_4koan8builtins11let_binding4body
FNDA:562,_RNvNtNtCs9bl5tPvrGPp_4koan8builtins11let_binding8register
FNDA:12,_RNCNvNtNtCs9bl5tPvrGPp_4koan8builtins11let_binding4body0B7_
FNDA:138,_RNCNvNtNtCs9bl5tPvrGPp_4koan8builtins11let_binding4bodys_0B7_
FNDA:562,_RNCNvNtNtCs9bl5tPvrGPp_4koan8builtins11let_binding8register0B7_
FNDA:562,_RNCNvNtNtCs9bl5tPvrGPp_4koan8builtins11let_binding8registers_0B7_
FNF:8
FNH:8
DA:15,462
DA:16,462
DA:17,462
DA:21,462
DA:22,462
DA:23,462
DA:24,462
DA:25,0
DA:27,462
DA:28,462
DA:29,322
DA:30,322
DA:31,4
DA:32,1
DA:33,1
DA:34,2
DA:36,4
DA:37,4
DA:38,4
DA:39,4
DA:40,4
DA:41,4
DA:42,4
DA:43,4
DA:44,318
DA:45,318
DA:47,140
DA:48,140
DA:49,139
DA:56,1
DA:57,1
DA:58,1
DA:59,1
DA:61,0
DA:63,136
DA:64,130
DA:65,9
DA:66,3
DA:67,3
DA:68,3
DA:69,3
DA:70,3
DA:73,136
DA:75,0
DA:76,0
DA:77,0
DA:78,0
DA:79,0
DA:80,0
DA:82,0
DA:84,454
DA:85,2
DA:86,2
DA:87,2
DA:88,2
DA:89,452
DA:90,452
DA:91,136
DA:92,6
DA:93,6
DA:94,6
DA:95,4
DA:97,136
DA:98,28
DA:99,28
DA:100,28
DA:101,28
DA:103,108
DA:109,136
DA:110,136
DA:111,136
DA:112,136
DA:113,136
DA:114,136
DA:115,136
DA:116,0
DA:120,136
DA:121,136
DA:123,316
DA:124,316
DA:125,316
DA:126,25
DA:127,1
DA:128,1
DA:129,1
DA:130,1
DA:131,1
DA:132,1
DA:133,315
DA:137,315
DA:138,1
DA:139,1
DA:140,1
DA:141,1
DA:142,1
DA:143,314
DA:151,314
DA:152,150
DA:153,150
DA:154,150
DA:155,164
DA:157,314
DA:158,313
DA:159,1
DA:161,313
DA:162,313
DA:163,313
DA:165,462
DA:171,5
DA:172,5
DA:173,5
DA:174,5
DA:175,5
DA:176,5
DA:177,5
DA:178,5
DA:180,0
DA:182,5
DA:192,982
DA:193,982
DA:194,836
DA:195,146
DA:197,982
DA:199,622
DA:200,622
DA:201,622
DA:202,622
DA:203,622
DA:204,622
DA:205,622
DA:206,622
DA:207,622
DA:210,622
DA:211,622
DA:212,622
DA:213,622
DA:214,622
DA:215,622
DA:216,622
DA:217,622
DA:218,622
DA:221,622
DA:222,622
DA:223,622
DA:224,622
DA:225,622
DA:226,622
DA:227,622
DA:228,622
DA:231,622
DA:232,622
DA:233,622
DA:234,622
DA:235,622
DA:236,622
DA:237,622
DA:240,622
BRF:0
BRH:0
LF:161
LH:150
end_of_record
SF:/var/home/jack/Code/koan/src/builtins/match_case.rs
FN:23,_RNvNtNtCsbv2TPaIhNiJ_4koan8builtins10match_case4body
FN:80,_RNvNtNtCsbv2TPaIhNiJ_4koan8builtins10match_case8register
FN:103,_RNvNtNtNtCs9bl5tPvrGPp_4koan8builtins10match_case5tests11run_program
FN:142,_RNvNtNtNtCs9bl5tPvrGPp_4koan8builtins10match_case5testss_25match_inexhaustive_errors
FN:122,_RNvNtNtNtCs9bl5tPvrGPp_4koan8builtins10match_case5testss_29match_binds_inner_value_to_it
FN:220,_RNvNtNtNtCs9bl5tPvrGPp_4koan8builtins10match_case5testss_29recursive_tagged_match_no_uaf
FN:235,_RNvNtNtNtCs9bl5tPvrGPp_4koan8builtins10match_case5testss_33match_on_bool_inexhaustive_errors
FN:204,_RNvNtNtNtCs9bl5tPvrGPp_4koan8builtins10match_case5testss_36match_on_bool_true_takes_true_branch
FN:132,_RNvNtNtNtCs9bl5tPvrGPp_4koan8builtins10match_case5testss_37match_does_not_run_unmatched_branches
FN:212,_RNvNtNtNtCs9bl5tPvrGPp_4koan8builtins10match_case5testss_38match_on_bool_false_takes_false_branch
FN:112,_RNvNtNtNtCs9bl5tPvrGPp_4koan8builtins10match_case5testss_40match_dispatches_branch_for_matching_tag
FN:361,_RNvNtNtNtCs9bl5tPvrGPp_4koan8builtins10match_case5testss_40match_on_bool_falls_through_to_typed_arm
FN:194,_RNvNtNtNtCs9bl5tPvrGPp_4koan8builtins10match_case5testss_40match_other_branch_runs_when_tag_matches
FN:307,_RNvNtNtNtCs9bl5tPvrGPp_4koan8builtins10match_case5testss_41match_f1_ambiguous_arms_error_naming_both
FN:293,_RNvNtNtNtCs9bl5tPvrGPp_4koan8builtins10match_case5testss_41match_f1_specific_arm_wins_over_broad_arm
FN:275,_RNvNtNtNtCs9bl5tPvrGPp_4koan8builtins10match_case5testss_41match_over_union_producer_selects_str_arm
FN:284,_RNvNtNtNtCs9bl5tPvrGPp_4koan8builtins10match_case5testss_44match_general_type_arm_on_untagged_scrutinee
FN:265,_RNvNtNtNtCs9bl5tPvrGPp_4koan8builtins10match_case5testss_44match_over_union_producer_selects_number_arm
FN:162,_RNvNtNtNtCs9bl5tPvrGPp_4koan8builtins10match_case5testss_47match_arm_violating_declared_return_type_errors
FN:250,_RNvNtNtNtCs9bl5tPvrGPp_4koan8builtins10match_case5testss_47multi_statement_match_branch_returns_last_value
FN:323,_RNvNtNtNtCs9bl5tPvrGPp_4koan8builtins10match_case5testss_54match_bogus_head_over_variant_scrutinee_lists_variants
FN:181,_RNvNtNtNtCs9bl5tPvrGPp_4koan8builtins10match_case5testss_54match_value_is_admissible_against_declared_return_slot
FN:344,_RNvNtNtNtCs9bl5tPvrGPp_4koan8builtins10match_case5testss_55match_bogus_head_over_non_variant_scrutinee_stays_short
FN:371,_RNvNtNtNtCs9bl5tPvrGPp_4koan8builtins10match_case5testss_55match_on_bool_two_admitting_literal_heads_are_ambiguous
FN:388,_RNvNtNtNtCs9bl5tPvrGPp_4koan8builtins10match_case5testss_59fn_recursion_with_multi_statement_body_via_match_terminates
FN:23,_RNvNtNtCs9bl5tPvrGPp_4koan8builtins10match_case4body
FN:80,_RNvNtNtCs9bl5tPvrGPp_4koan8builtins10match_case8register
FNDA:3,_RNvNtNtCsbv2TPaIhNiJ_4koan8builtins10match_case4body
FNDA:60,_RNvNtNtCsbv2TPaIhNiJ_4koan8builtins10match_case8register
FNDA:16,_RNvNtNtNtCs9bl5tPvrGPp_4koan8builtins10match_case5tests11run_program
FNDA:1,_RNvNtNtNtCs9bl5tPvrGPp_4koan8builtins10match_case5testss_25match_inexhaustive_errors
FNDA:1,_RNvNtNtNtCs9bl5tPvrGPp_4koan8builtins10match_case5testss_29match_binds_inner_value_to_it
FNDA:1,_RNvNtNtNtCs9bl5tPvrGPp_4koan8builtins10match_case5testss_29recursive_tagged_match_no_uaf
FNDA:1,_RNvNtNtNtCs9bl5tPvrGPp_4koan8builtins10match_case5testss_33match_on_bool_inexhaustive_errors
FNDA:1,_RNvNtNtNtCs9bl5tPvrGPp_4koan8builtins10match_case5testss_36match_on_bool_true_takes_true_branch
FNDA:1,_RNvNtNtNtCs9bl5tPvrGPp_4koan8builtins10match_case5testss_37match_does_not_run_unmatched_branches
FNDA:1,_RNvNtNtNtCs9bl5tPvrGPp_4koan8builtins10match_case5testss_38match_on_bool_false_takes_false_branch
FNDA:1,_RNvNtNtNtCs9bl5tPvrGPp_4koan8builtins10match_case5testss_40match_dispatches_branch_for_matching_tag
FNDA:1,_RNvNtNtNtCs9bl5tPvrGPp_4koan8builtins10match_case5testss_40match_on_bool_falls_through_to_typed_arm
FNDA:1,_RNvNtNtNtCs9bl5tPvrGPp_4koan8builtins10match_case5testss_40match_other_branch_runs_when_tag_matches
FNDA:1,_RNvNtNtNtCs9bl5tPvrGPp_4koan8builtins10match_case5testss_41match_f1_ambiguous_arms_error_naming_both
FNDA:1,_RNvNtNtNtCs9bl5tPvrGPp_4koan8builtins10match_case5testss_41match_f1_specific_arm_wins_over_broad_arm
FNDA:1,_RNvNtNtNtCs9bl5tPvrGPp_4koan8builtins10match_case5testss_41match_over_union_producer_selects_str_arm
FNDA:1,_RNvNtNtNtCs9bl5tPvrGPp_4koan8builtins10match_case5testss_44match_general_type_arm_on_untagged_scrutinee
FNDA:1,_RNvNtNtNtCs9bl5tPvrGPp_4koan8builtins10match_case5testss_44match_over_union_producer_selects_number_arm
FNDA:1,_RNvNtNtNtCs9bl5tPvrGPp_4koan8builtins10match_case5testss_47match_arm_violating_declared_return_type_errors
FNDA:1,_RNvNtNtNtCs9bl5tPvrGPp_4koan8builtins10match_case5testss_47multi_statement_match_branch_returns_last_value
FNDA:1,_RNvNtNtNtCs9bl5tPvrGPp_4koan8builtins10match_case5testss_54match_bogus_head_over_variant_scrutinee_lists_variants
FNDA:1,_RNvNtNtNtCs9bl5tPvrGPp_4koan8builtins10match_case5testss_54match_value_is_admissible_against_declared_return_slot
FNDA:1,_RNvNtNtNtCs9bl5tPvrGPp_4koan8builtins10match_case5testss_55match_bogus_head_over_non_variant_scrutinee_stays_short
FNDA:1,_RNvNtNtNtCs9bl5tPvrGPp_4koan8builtins10match_case5testss_55match_on_bool_two_admitting_literal_heads_are_ambiguous
FNDA:1,_RNvNtNtNtCs9bl5tPvrGPp_4koan8builtins10match_case5testss_59fn_recursion_with_multi_statement_body_via_match_terminates
FNDA:105,_RNvNtNtCs9bl5tPvrGPp_4koan8builtins10match_case4body
FNDA:562,_RNvNtNtCs9bl5tPvrGPp_4koan8builtins10match_case8register
FNF:25
FNH:25
DA:23,108
DA:24,108
DA:25,108
DA:31,108
DA:32,108
DA:34,0
DA:35,0
DA:36,0
DA:39,108
DA:40,108
DA:41,101
DA:42,108
DA:43,101
DA:45,3
DA:46,3
DA:47,3
DA:48,3
DA:50,4
DA:57,101
DA:58,101
DA:59,9
DA:60,92
DA:61,92
DA:62,87
DA:64,5
DA:66,92
DA:67,0
DA:68,0
DA:69,0
DA:70,0
DA:71,0
DA:73,0
DA:75,0
DA:77,101
DA:78,108
DA:80,622
DA:81,622
DA:82,622
DA:83,622
DA:84,622
DA:85,622
DA:86,622
DA:87,622
DA:88,622
DA:89,622
DA:92,622
DA:93,622
DA:103,16
DA:104,16
DA:105,16
DA:106,16
DA:107,16
DA:108,16
DA:109,16
DA:112,1
DA:113,1
DA:114,1
DA:115,1
DA:116,1
DA:118,1
DA:119,1
DA:122,1
DA:123,1
DA:124,1
DA:125,1
DA:126,1
DA:128,1
DA:129,1
DA:132,1
DA:133,1
DA:134,1
DA:135,1
DA:136,1
DA:138,1
DA:139,1
DA:142,1
DA:143,1
DA:144,1
DA:145,1
DA:146,1
DA:147,1
DA:149,1
DA:150,1
DA:151,1
DA:155,1
DA:156,1
DA:159,1
DA:162,1
DA:163,1
DA:164,1
DA:165,1
DA:166,1
DA:167,1
DA:170,1
DA:171,1
DA:172,1
DA:174,1
DA:175,1
DA:178,1
DA:181,1
DA:184,1
DA:185,1
DA:186,1
DA:187,1
DA:188,1
DA:190,1
DA:191,1
DA:194,1
DA:195,1
DA:196,1
DA:197,1
DA:198,1
DA:200,1
DA:201,1
DA:204,1
DA:205,1
DA:206,1
DA:208,1
DA:209,1
DA:212,1
DA:213,1
DA:214,1
DA:216,1
DA:217,1
DA:220,1
DA:223,1
DA:224,1
DA:225,1
DA:226,1
DA:227,1
DA:228,1
DA:229,1
DA:231,1
DA:232,1
DA:235,1
DA:236,1
DA:237,1
DA:238,1
DA:239,1
DA:240,1
DA:243,1
DA:244,1
DA:247,1
DA:250,1
DA:251,1
DA:252,1
DA:253,1
DA:254,1
DA:255,1
DA:256,1
DA:257,1
DA:259,1
DA:260,1
DA:261,1
DA:262,1
DA:265,1
DA:267,1
DA:268,1
DA:269,1
DA:271,1
DA:272,1
DA:275,1
DA:276,1
DA:277,1
DA:278,1
DA:280,1
DA:281,1
DA:284,1
DA:287,1
DA:288,1
DA:289,1
DA:290,1
DA:293,1
DA:296,1
DA:297,1
DA:299,1
DA:300,1
DA:301,1
DA:303,1
DA:304,1
DA:307,1
DA:309,1
DA:310,1
DA:311,1
DA:312,1
DA:313,1
DA:315,1
DA:316,1
DA:317,1
DA:320,1
DA:323,1
DA:324,1
DA:325,1
DA:326,1
DA:327,1
DA:328,1
DA:332,1
DA:333,1
DA:334,1
DA:336,1
DA:337,1
DA:338,1
DA:341,1
DA:344,1
DA:347,1
DA:348,1
DA:349,1
DA:350,1
DA:351,1
DA:353,1
DA:354,1
DA:355,1
DA:358,1
DA:361,1
DA:364,1
DA:365,1
DA:367,1
DA:368,1
DA:371,1
DA:374,1
DA:375,1
DA:376,1
DA:377,1
DA:378,1
DA:380,1
DA:381,1
DA:382,1
DA:385,1
DA:388,1
DA:389,1
DA:390,1
DA:391,1
DA:392,1
DA:393,1
DA:394,1
DA:395,1
DA:396,1
DA:397,1
DA:398,1
DA:400,1
DA:401,1
DA:402,1
BRF:0
BRH:0
LF:242
LH:232
end_of_record
SF:/var/home/jack/Code/koan/src/builtins/module_def.rs
FN:22,_RNvNtNtCsbv2TPaIhNiJ_4koan8builtins10module_def4body
FN:91,_RNvNtNtCsbv2TPaIhNiJ_4koan8builtins10module_def8register
FN:42,_RNCNvNtNtCsbv2TPaIhNiJ_4koan8builtins10module_def4body0B7_
FN:42,_RNCNvNtNtCs9bl5tPvrGPp_4koan8builtins10module_def4body0B7_
FN:122,_RNvNtNtNtCs9bl5tPvrGPp_4koan8builtins10module_def5tests14resolve_module
FN:184,_RNvNtNtNtCs9bl5tPvrGPp_4koan8builtins10module_def5testss_28module_unknown_member_errors
FN:152,_RNvNtNtNtCs9bl5tPvrGPp_4koan8builtins10module_def5testss_29module_member_access_via_attr
FN:130,_RNvNtNtNtCs9bl5tPvrGPp_4koan8builtins10module_def5testss_32binder_name_extracts_module_name
FN:137,_RNvNtNtNtCs9bl5tPvrGPp_4koan8builtins10module_def5testss_32module_binds_under_name_in_scope
[...]
FN:253,_RNCNvNtNtCs9bl5tPvrGPp_4koan5parse10whitespace19walk_content_cursors_0B7_
FN:37,_RNvNtNtCs9bl5tPvrGPp_4koan5parse10whitespace12collapse_str
FN:291,_RNvNtNtCs9bl5tPvrGPp_4koan5parse10whitespace13adjust_parens
FN:278,_RNvNtNtCs9bl5tPvrGPp_4koan5parse10whitespace16line_delim_delta
FN:284,_RNvNtNtCs9bl5tPvrGPp_4koan5parse10whitespace16line_paren_delta
FN:31,_RNvNtNtCs9bl5tPvrGPp_4koan5parse10whitespace19collapse_whitespace
FN:233,_RNvNtNtCs9bl5tPvrGPp_4koan5parse10whitespace19walk_content_cursor
FN:224,_RNvNtNtCs9bl5tPvrGPp_4koan5parse10whitespace9emit_jump
FNDA:5402,_RNCNvNtNtCsbv2TPaIhNiJ_4koan5parse10whitespace12collapse_str0B7_
FNDA:0,_RNCNvNtNtCsbv2TPaIhNiJ_4koan5parse10whitespace12collapse_strs0_0B7_
FNDA:89,_RNCNvNtNtCsbv2TPaIhNiJ_4koan5parse10whitespace12collapse_strs_0B7_
FNDA:5313,_RNCNvNtNtCsbv2TPaIhNiJ_4koan5parse10whitespace16line_delim_delta0B7_
FNDA:5313,_RNCNvNtNtCsbv2TPaIhNiJ_4koan5parse10whitespace16line_delim_deltas_0B7_
FNDA:5313,_RNCNvNtNtCsbv2TPaIhNiJ_4koan5parse10whitespace16line_paren_delta0B7_
FNDA:5313,_RNCNvNtNtCsbv2TPaIhNiJ_4koan5parse10whitespace16line_paren_deltas_0B7_
FNDA:0,_RNCNvNtNtCsbv2TPaIhNiJ_4koan5parse10whitespace19collapse_whitespace0B7_
FNDA:24,_RNCNvNtNtCsbv2TPaIhNiJ_4koan5parse10whitespace19walk_content_cursor0B7_
FNDA:0,_RNCNvNtNtCsbv2TPaIhNiJ_4koan5parse10whitespace19walk_content_cursors_0B7_
FNDA:60,_RNvNtNtCsbv2TPaIhNiJ_4koan5parse10whitespace12collapse_str
FNDA:149,_RNvNtNtCsbv2TPaIhNiJ_4koan5parse10whitespace13adjust_parens
FNDA:149,_RNvNtNtCsbv2TPaIhNiJ_4koan5parse10whitespace16line_delim_delta
FNDA:149,_RNvNtNtCsbv2TPaIhNiJ_4koan5parse10whitespace16line_paren_delta
FNDA:60,_RNvNtNtCsbv2TPaIhNiJ_4koan5parse10whitespace19collapse_whitespace
FNDA:149,_RNvNtNtCsbv2TPaIhNiJ_4koan5parse10whitespace19walk_content_cursor
FNDA:298,_RNvNtNtCsbv2TPaIhNiJ_4koan5parse10whitespace9emit_jump
FNDA:42184,_RNCNvNtNtCs9bl5tPvrGPp_4koan5parse10whitespace12collapse_str0B7_
FNDA:151,_RNCNvNtNtCs9bl5tPvrGPp_4koan5parse10whitespace12collapse_strs0_0B7_
FNDA:526,_RNCNvNtNtCs9bl5tPvrGPp_4koan5parse10whitespace12collapse_strs_0B7_
FNDA:41352,_RNCNvNtNtCs9bl5tPvrGPp_4koan5parse10whitespace16line_delim_delta0B7_
FNDA:41352,_RNCNvNtNtCs9bl5tPvrGPp_4koan5parse10whitespace16line_delim_deltas_0B7_
FNDA:41374,_RNCNvNtNtCs9bl5tPvrGPp_4koan5parse10whitespace16line_paren_delta0B7_
FNDA:41374,_RNCNvNtNtCs9bl5tPvrGPp_4koan5parse10whitespace16line_paren_deltas_0B7_
FNDA:0,_RNCNvNtNtCs9bl5tPvrGPp_4koan5parse10whitespace19collapse_whitespace0B7_
FNDA:246,_RNCNvNtNtCs9bl5tPvrGPp_4koan5parse10whitespace19walk_content_cursor0B7_
FNDA:0,_RNCNvNtNtCs9bl5tPvrGPp_4koan5parse10whitespace19walk_content_cursors_0B7_
FNDA:986,_RNvNtNtCs9bl5tPvrGPp_4koan5parse10whitespace12collapse_str
FNDA:1480,_RNvNtNtCs9bl5tPvrGPp_4koan5parse10whitespace13adjust_parens
FNDA:1480,_RNvNtNtCs9bl5tPvrGPp_4koan5parse10whitespace16line_delim_delta
FNDA:1487,_RNvNtNtCs9bl5tPvrGPp_4koan5parse10whitespace16line_paren_delta
FNDA:986,_RNvNtNtCs9bl5tPvrGPp_4koan5parse10whitespace19collapse_whitespace
FNDA:1487,_RNvNtNtCs9bl5tPvrGPp_4koan5parse10whitespace19walk_content_cursor
FNDA:2897,_RNvNtNtCs9bl5tPvrGPp_4koan5parse10whitespace9emit_jump
FNF:17
FNH:15
DA:31,1046
DA:32,1046
DA:33,1046
DA:34,1046
DA:35,1046
DA:37,1046
DA:38,1046
DA:39,1046
DA:40,1046
DA:41,1046
DA:42,1046
DA:45,1046
DA:47,1046
DA:48,1046
DA:49,1046
DA:50,1046
DA:52,2699
DA:53,1660
DA:54,1660
DA:55,47586
DA:56,1660
DA:57,1660
DA:59,1660
DA:60,1660
DA:61,1660
DA:62,1660
DA:64,1660
DA:66,1660
DA:70,24
DA:71,24
DA:72,24
DA:73,8
DA:75,16
DA:77,24
DA:78,24
DA:79,1636
DA:81,1636
DA:83,1636
DA:84,1636
DA:86,1636
DA:87,1636
DA:89,1636
DA:90,1636
DA:91,1636
DA:92,1636
DA:93,1636
DA:117,1636
DA:118,54
DA:119,54
DA:120,1582
DA:123,1582
DA:124,32
DA:127,12
DA:128,1
DA:129,1
DA:130,1
DA:131,1
DA:132,1
DA:133,11
DA:134,11
DA:135,11
DA:136,20
DA:137,20
DA:140,1
DA:141,1
DA:142,1
DA:143,1
DA:144,1
DA:145,1
DA:146,19
DA:147,1550
DA:149,1569
DA:150,3
DA:151,3
DA:152,3
DA:153,3
DA:154,3
DA:155,3
DA:156,3
DA:157,3
DA:158,1566
DA:159,1566
DA:160,2
DA:161,2
DA:162,2
DA:163,2
DA:164,2
DA:165,2
DA:166,2
DA:167,2
DA:168,1564
DA:170,2058
DA:171,543
DA:172,494
DA:173,494
DA:174,494
DA:175,494
DA:176,49
DA:182,1564
DA:183,520
DA:184,1044
DA:188,1564
DA:189,1564
DA:190,11
DA:191,11
DA:192,11
DA:193,11
DA:194,11
DA:195,1553
DA:196,1553
DA:197,1553
DA:198,1553
DA:199,1553
DA:201,1564
DA:202,1564
DA:203,1564
DA:204,1564
DA:205,1564
DA:207,1564
DA:208,1564
DA:209,575
DA:211,989
DA:213,1564
DA:216,2100
DA:217,1061
DA:218,1061
DA:219,1061
DA:221,1039
DA:222,1046
DA:224,3195
DA:225,3195
DA:226,3195
DA:227,3195
DA:228,3195
DA:233,1636
DA:234,1636
DA:235,1636
DA:236,46630
DA:237,44994
DA:238,44994
DA:239,270
DA:240,270
DA:241,871
DA:242,601
DA:243,601
DA:244,270
DA:245,0
DA:246,270
DA:247,270
DA:248,0
DA:249,270
DA:250,270
DA:251,270
DA:252,270
DA:253,270
DA:254,270
DA:255,44724
DA:256,270
DA:257,540
DA:258,270
DA:259,270
DA:260,270
DA:261,0
DA:262,270
DA:263,270
DA:264,552
DA:265,282
DA:266,282
DA:267,270
DA:268,44454
DA:269,44454
DA:270,44454
DA:271,44454
DA:273,1636
DA:274,1636
DA:278,1629
DA:279,46665
DA:280,46665
DA:281,1629
DA:282,1629
DA:284,1636
DA:285,46687
DA:286,46687
DA:287,1636
DA:288,1636
DA:291,1629
DA:292,1629
DA:293,15
DA:294,15
DA:295,15
DA:297,1614
DA:298,13
DA:299,13
DA:301,1629
BRF:0
BRH:0
LF:204
LH:199
end_of_record
SF:/var/home/jack/Code/koan/src/source.rs
FN:152,_RNvXININtCsbv2TPaIhNiJ_4koan6sources2_0pEINtB5_7SpannedpEINtNtCs27Vx93FoQ6z_4core7convert4FrompE4fromB7_
FN:125,_RNvXs0_NtCsbv2TPaIhNiJ_4koan6sourceNtB5_16CurrentFileGuardNtNtNtCs27Vx93FoQ6z_4core3ops4drop4Drop4drop
FN:38,_RINvMNtCsbv2TPaIhNiJ_4koan6sourceNtB3_10SourceFile3newReEB5_
FN:85,_RINvNtCsbv2TPaIhNiJ_4koan6source4withINtNtCs27Vx93FoQ6z_4core6option6OptionTINtNtCsgW8esjfipvk_5alloc2rc2RceEmmEENCNvXs2_NtNtNtB4_7machine4core6kerrorNtB1V_10KErrorKindNtNtBE_3fmt7Display3fmt0EB4_
FN:85,_RINvNtCsbv2TPaIhNiJ_4koan6source4withNtB2_9SourceLocNCNCNvNtNtNtB4_7machine4core6kerror18location_from_expr00EB4_
FN:85,_RINvNtCsbv2TPaIhNiJ_4koan6source4withTINtNtCs27Vx93FoQ6z_4core6option6OptionNtNtCsgW8esjfipvk_5alloc6string6StringEIBB_mEB1P_ENCNvMs0_NtNtNtB4_7machine4core6kerrorNtB28_10KErrorKind16to_struct_fields0EB4_
FN:85,_RINvNtCsbv2TPaIhNiJ_4koan6source4withTINtNtCsgW8esjfipvk_5alloc3vec3VechEINtNtNtNtCs75vJTIYSa2J_3std11collections4hash3map7HashMapjNtNtBF_6string6StringEENCNvNtNtB4_5parse15expression_tree17parse_with_source0EB4_
FN:86,_RNCINvNtCsbv2TPaIhNiJ_4koan6source4withINtNtCs27Vx93FoQ6z_4core6option6OptionTINtNtCsgW8esjfipvk_5alloc2rc2RceEmmEENCNvXs2_NtNtNtB6_7machine4core6kerrorNtB1X_10KErrorKindNtNtBG_3fmt7Display3fmt0E0B6_
FN:86,_RNCINvNtCsbv2TPaIhNiJ_4koan6source4withNtB4_9SourceLocNCNCNvNtNtNtB6_7machine4core6kerror18location_from_expr00E0B6_
FN:86,_RNCINvNtCsbv2TPaIhNiJ_4koan6source4withTINtNtCs27Vx93FoQ6z_4core6option6OptionNtNtCsgW8esjfipvk_5alloc6string6StringEIBD_mEB1R_ENCNvMs0_NtNtNtB6_7machine4core6kerrorNtB2a_10KErrorKind16to_struct_fields0E0B6_
FN:86,_RNCINvNtCsbv2TPaIhNiJ_4koan6source4withTINtNtCsgW8esjfipvk_5alloc3vec3VechEINtNtNtNtCs75vJTIYSa2J_3std11collections4hash3map7HashMapjNtNtBH_6string6StringEENCNvNtNtB6_5parse15expression_tree17parse_with_source0E0B6_
FN:105,_RNCNvNtCsbv2TPaIhNiJ_4koan6source11set_current0B5_
FN:74,_RNCNvNtCsbv2TPaIhNiJ_4koan6source8register0B5_
FN:143,_RNvMs1_NtCsbv2TPaIhNiJ_4koan6sourceINtB5_7SpannedNtNtNtNtB7_7machine5model3ast14ExpressionPartE2atB7_
FN:139,_RNvMs1_NtCsbv2TPaIhNiJ_4koan6sourceINtB5_7SpannedNtNtNtNtB7_7machine5model3ast14ExpressionPartE4bareB7_
FN:54,_RNvMNtCsbv2TPaIhNiJ_4koan6sourceNtB2_10SourceFile7resolve
FN:117,_RNvMs_NtCsbv2TPaIhNiJ_4koan6sourceNtB4_16CurrentFileGuard4push
FN:104,_RNvNtCsbv2TPaIhNiJ_4koan6source11set_current
FN:98,_RNvNtCsbv2TPaIhNiJ_4koan6source7current
FN:73,_RNvNtCsbv2TPaIhNiJ_4koan6source8register
FN:125,_RNvXs0_NtCs9bl5tPvrGPp_4koan6sourceNtB5_16CurrentFileGuardNtNtNtCs27Vx93FoQ6z_4core3ops4drop4Drop4drop
FN:192,_RNCNvNtNtCs9bl5tPvrGPp_4koan6source5testss_28register_and_with_round_trip0B7_
FN:38,_RINvMNtCs9bl5tPvrGPp_4koan6sourceNtB3_10SourceFile3newReEB5_
FN:85,_RINvNtCs9bl5tPvrGPp_4koan6source4withINtNtCs27Vx93FoQ6z_4core6option6OptionTINtNtCsgW8esjfipvk_5alloc2rc2RceEmmEENCNvXs2_NtNtNtB4_7machine4core6kerrorNtB1V_10KErrorKindNtNtBE_3fmt7Display3fmt0EB4_
FN:85,_RINvNtCs9bl5tPvrGPp_4koan6source4withINtNtCsgW8esjfipvk_5alloc2rc2RceENCNvNtB2_5testss_28register_and_with_round_trip0EB4_
FN:85,_RINvNtCs9bl5tPvrGPp_4koan6source4withNtB2_9SourceLocNCNCNvNtNtNtB4_7machine4core6kerror18location_from_expr00EB4_
FN:85,_RINvNtCs9bl5tPvrGPp_4koan6source4withTINtNtCs27Vx93FoQ6z_4core6option6OptionNtNtCsgW8esjfipvk_5alloc6string6StringEIBB_mEB1P_ENCNvMs0_NtNtNtB4_7machine4core6kerrorNtB28_10KErrorKind16to_struct_fields0EB4_
FN:85,_RINvNtCs9bl5tPvrGPp_4koan6source4withTINtNtCsgW8esjfipvk_5alloc3vec3VechEINtNtNtNtCs75vJTIYSa2J_3std11collections4hash3map7HashMapjNtNtBF_6string6StringEENCNvNtNtB4_5parse15expression_tree17parse_with_source0EB4_
FN:85,_RINvNtCs9bl5tPvrGPp_4koan6source4withTmmENCNvNtNtNtNtB4_5parse15expression_tree5tests5spanss_63parse_with_path_stamps_file_on_expression_and_resolves_line_col0EB4_
FN:86,_RNCINvNtCs9bl5tPvrGPp_4koan6source4withINtNtCs27Vx93FoQ6z_4core6option6OptionTINtNtCsgW8esjfipvk_5alloc2rc2RceEmmEENCNvXs2_NtNtNtB6_7machine4core6kerrorNtB1X_10KErrorKindNtNtBG_3fmt7Display3fmt0E0B6_
FN:86,_RNCINvNtCs9bl5tPvrGPp_4koan6source4withINtNtCsgW8esjfipvk_5alloc2rc2RceENCNvNtB4_5testss_28register_and_with_round_trip0E0B6_
FN:86,_RNCINvNtCs9bl5tPvrGPp_4koan6source4withNtB4_9SourceLocNCNCNvNtNtNtB6_7machine4core6kerror18location_from_expr00E0B6_
FN:86,_RNCINvNtCs9bl5tPvrGPp_4koan6source4withTINtNtCs27Vx93FoQ6z_4core6option6OptionNtNtCsgW8esjfipvk_5alloc6string6StringEIBD_mEB1R_ENCNvMs0_NtNtNtB6_7machine4core6kerrorNtB2a_10KErrorKind16to_struct_fields0E0B6_
FN:86,_RNCINvNtCs9bl5tPvrGPp_4koan6source4withTINtNtCsgW8esjfipvk_5alloc3vec3VechEINtNtNtNtCs75vJTIYSa2J_3std11collections4hash3map7HashMapjNtNtBH_6string6StringEENCNvNtNtB6_5parse15expression_tree17parse_with_source0E0B6_
FN:86,_RNCINvNtCs9bl5tPvrGPp_4koan6source4withTmmENCNvNtNtNtNtB6_5parse15expression_tree5tests5spanss_63parse_with_path_stamps_file_on_expression_and_resolves_line_col0E0B6_
FN:105,_RNCNvNtCs9bl5tPvrGPp_4koan6source11set_current0B5_
FN:74,_RNCNvNtCs9bl5tPvrGPp_4koan6source8register0B5_
FN:143,_RNvMs1_NtCs9bl5tPvrGPp_4koan6sourceINtB5_7SpannedNtNtNtNtB7_7machine5model3ast14ExpressionPartE2atB7_
FN:139,_RNvMs1_NtCs9bl5tPvrGPp_4koan6sourceINtB5_7SpannedNtNtNtNtB7_7machine5model3ast14ExpressionPartE4bareB7_
FN:139,_RNvMs1_NtCs9bl5tPvrGPp_4koan6sourceINtB5_7SpannedmE4bareB7_
FN:152,_RNvXs2_NtCs9bl5tPvrGPp_4koan6sourceINtB5_7SpannedNtNtNtNtB7_7machine5model3ast14ExpressionPartEINtNtCs27Vx93FoQ6z_4core7convert4FromBL_E4fromB7_
FN:152,_RNvXs2_NtCs9bl5tPvrGPp_4koan6sourceINtB5_7SpannedmEINtNtCs27Vx93FoQ6z_4core7convert4FrommE4fromB7_
FN:162,_RNvNtNtCs9bl5tPvrGPp_4koan6source5testss_18resolve_first_line
FN:169,_RNvNtNtCs9bl5tPvrGPp_4koan6source5testss_18resolve_multi_line
FN:210,_RNvNtNtCs9bl5tPvrGPp_4koan6source5testss_24spanned_bare_has_no_span
FN:190,_RNvNtNtCs9bl5tPvrGPp_4koan6source5testss_28register_and_with_round_trip
FN:217,_RNvNtNtCs9bl5tPvrGPp_4koan6source5testss_33spanned_from_wraps_with_none_span
FN:197,_RNvNtNtCs9bl5tPvrGPp_4koan6source5testss_36guard_restores_previous_current_file
FN:178,_RNvNtNtCs9bl5tPvrGPp_4koan6source5testss_48resolve_utf16_columns_count_code_units_not_bytes
FN:54,_RNvMNtCs9bl5tPvrGPp_4koan6sourceNtB2_10SourceFile7resolve
FN:117,_RNvMs_NtCs9bl5tPvrGPp_4koan6sourceNtB4_16CurrentFileGuard4push
FN:104,_RNvNtCs9bl5tPvrGPp_4koan6source11set_current
FN:98,_RNvNtCs9bl5tPvrGPp_4koan6source7current
FN:73,_RNvNtCs9bl5tPvrGPp_4koan6source8register
FNDA:0,_RNvXININtCsbv2TPaIhNiJ_4koan6sources2_0pEINtB5_7SpannedpEINtNtCs27Vx93FoQ6z_4core7convert4FrompE4fromB7_
FNDA:60,_RNvXs0_NtCsbv2TPaIhNiJ_4koan6sourceNtB5_16CurrentFileGuardNtNtNtCs27Vx93FoQ6z_4core3ops4drop4Drop4drop
FNDA:60,_RINvMNtCsbv2TPaIhNiJ_4koan6sourceNtB3_10SourceFile3newReEB5_
FNDA:0,_RINvNtCsbv2TPaIhNiJ_4koan6source4withINtNtCs27Vx93FoQ6z_4core6option6OptionTINtNtCsgW8esjfipvk_5alloc2rc2RceEmmEENCNvXs2_NtNtNtB4_7machine4core6kerrorNtB1V_10KErrorKindNtNtBE_3fmt7Display3fmt0EB4_
FNDA:0,_RINvNtCsbv2TPaIhNiJ_4koan6source4withNtB2_9SourceLocNCNCNvNtNtNtB4_7machine4core6kerror18location_from_expr00EB4_
FNDA:0,_RINvNtCsbv2TPaIhNiJ_4koan6source4withTINtNtCs27Vx93FoQ6z_4core6option6OptionNtNtCsgW8esjfipvk_5alloc6string6StringEIBB_mEB1P_ENCNvMs0_NtNtNtB4_7machine4core6kerrorNtB28_10KErrorKind16to_struct_fields0EB4_
FNDA:60,_RINvNtCsbv2TPaIhNiJ_4koan6source4withTINtNtCsgW8esjfipvk_5alloc3vec3VechEINtNtNtNtCs75vJTIYSa2J_3std11collections4hash3map7HashMapjNtNtBF_6string6StringEENCNvNtNtB4_5parse15expression_tree17parse_with_source0EB4_
FNDA:0,_RNCINvNtCsbv2TPaIhNiJ_4koan6source4withINtNtCs27Vx93FoQ6z_4core6option6OptionTINtNtCsgW8esjfipvk_5alloc2rc2RceEmmEENCNvXs2_NtNtNtB6_7machine4core6kerrorNtB1X_10KErrorKindNtNtBG_3fmt7Display3fmt0E0B6_
FNDA:0,_RNCINvNtCsbv2TPaIhNiJ_4koan6source4withNtB4_9SourceLocNCNCNvNtNtNtB6_7machine4core6kerror18location_from_expr00E0B6_
FNDA:0,_RNCINvNtCsbv2TPaIhNiJ_4koan6source4withTINtNtCs27Vx93FoQ6z_4core6option6OptionNtNtCsgW8esjfipvk_5alloc6string6StringEIBD_mEB1R_ENCNvMs0_NtNtNtB6_7machine4core6kerrorNtB2a_10KErrorKind16to_struct_fields0E0B6_
FNDA:60,_RNCINvNtCsbv2TPaIhNiJ_4koan6source4withTINtNtCsgW8esjfipvk_5alloc3vec3VechEINtNtNtNtCs75vJTIYSa2J_3std11collections4hash3map7HashMapjNtNtBH_6string6StringEENCNvNtNtB6_5parse15expression_tree17parse_with_source0E0B6_
FNDA:120,_RNCNvNtCsbv2TPaIhNiJ_4koan6source11set_current0B5_
FNDA:60,_RNCNvNtCsbv2TPaIhNiJ_4koan6source8register0B5_
FNDA:1478,_RNvMs1_NtCsbv2TPaIhNiJ_4koan6sourceINtB5_7SpannedNtNtNtNtB7_7machine5model3ast14ExpressionPartE2atB7_
FNDA:137,_RNvMs1_NtCsbv2TPaIhNiJ_4koan6sourceINtB5_7SpannedNtNtNtNtB7_7machine5model3ast14ExpressionPartE4bareB7_
FNDA:0,_RNvMNtCsbv2TPaIhNiJ_4koan6sourceNtB2_10SourceFile7resolve
FNDA:60,_RNvMs_NtCsbv2TPaIhNiJ_4koan6sourceNtB4_16CurrentFileGuard4push
FNDA:120,_RNvNtCsbv2TPaIhNiJ_4koan6source11set_current
FNDA:414,_RNvNtCsbv2TPaIhNiJ_4koan6source7current
FNDA:60,_RNvNtCsbv2TPaIhNiJ_4koan6source8register
FNDA:929,_RNvXs0_NtCs9bl5tPvrGPp_4koan6sourceNtB5_16CurrentFileGuardNtNtNtCs27Vx93FoQ6z_4core3ops4drop4Drop4drop
FNDA:1,_RNCNvNtNtCs9bl5tPvrGPp_4koan6source5testss_28register_and_with_round_trip0B7_
FNDA:935,_RINvMNtCs9bl5tPvrGPp_4koan6sourceNtB3_10SourceFile3newReEB5_
FNDA:2,_RINvNtCs9bl5tPvrGPp_4koan6source4withINtNtCs27Vx93FoQ6z_4core6option6OptionTINtNtCsgW8esjfipvk_5alloc2rc2RceEmmEENCNvXs2_NtNtNtB4_7machine4core6kerrorNtB1V_10KErrorKindNtNtBE_3fmt7Display3fmt0EB4_
FNDA:1,_RINvNtCs9bl5tPvrGPp_4koan6source4withINtNtCsgW8esjfipvk_5alloc2rc2RceENCNvNtB2_5testss_28register_and_with_round_trip0EB4_
FNDA:4,_RINvNtCs9bl5tPvrGPp_4koan6source4withNtB2_9SourceLocNCNCNvNtNtNtB4_7machine4core6kerror18location_from_expr00EB4_
FNDA:0,_RINvNtCs9bl5tPvrGPp_4koan6source4withTINtNtCs27Vx93FoQ6z_4core6option6OptionNtNtCsgW8esjfipvk_5alloc6string6StringEIBB_mEB1P_ENCNvMs0_NtNtNtB4_7machine4core6kerrorNtB28_10KErrorKind16to_struct_fields0EB4_
FNDA:927,_RINvNtCs9bl5tPvrGPp_4koan6source4withTINtNtCsgW8esjfipvk_5alloc3vec3VechEINtNtNtNtCs75vJTIYSa2J_3std11collections4hash3map7HashMapjNtNtBF_6string6StringEENCNvNtNtB4_5parse15expression_tree17parse_with_source0EB4_
FNDA:1,_RINvNtCs9bl5tPvrGPp_4koan6source4withTmmENCNvNtNtNtNtB4_5parse15expression_tree5tests5spanss_63parse_with_path_stamps_file_on_expression_and_resolves_line_col0EB4_
FNDA:2,_RNCINvNtCs9bl5tPvrGPp_4koan6source4withINtNtCs27Vx93FoQ6z_4core6option6OptionTINtNtCsgW8esjfipvk_5alloc2rc2RceEmmEENCNvXs2_NtNtNtB6_7machine4core6kerrorNtB1X_10KErrorKindNtNtBG_3fmt7Display3fmt0E0B6_
FNDA:1,_RNCINvNtCs9bl5tPvrGPp_4koan6source4withINtNtCsgW8esjfipvk_5alloc2rc2RceENCNvNtB4_5testss_28register_and_with_round_trip0E0B6_
FNDA:4,_RNCINvNtCs9bl5tPvrGPp_4koan6source4withNtB4_9SourceLocNCNCNvNtNtNtB6_7machine4core6kerror18location_from_expr00E0B6_
FNDA:0,_RNCINvNtCs9bl5tPvrGPp_4koan6source4withTINtNtCs27Vx93FoQ6z_4core6option6OptionNtNtCsgW8esjfipvk_5alloc6string6StringEIBD_mEB1R_ENCNvMs0_NtNtNtB6_7machine4core6kerrorNtB2a_10KErrorKind16to_struct_fields0E0B6_
FNDA:927,_RNCINvNtCs9bl5tPvrGPp_4koan6source4withTINtNtCsgW8esjfipvk_5alloc3vec3VechEINtNtNtNtCs75vJTIYSa2J_3std11collections4hash3map7HashMapjNtNtBH_6string6StringEENCNvNtNtB6_5parse15expression_tree17parse_with_source0E0B6_
FNDA:1,_RNCINvNtCs9bl5tPvrGPp_4koan6source4withTmmENCNvNtNtNtNtB6_5parse15expression_tree5tests5spanss_63parse_with_path_stamps_file_on_expression_and_resolves_line_col0E0B6_
FNDA:1858,_RNCNvNtCs9bl5tPvrGPp_4koan6source11set_current0B5_
FNDA:931,_RNCNvNtCs9bl5tPvrGPp_4koan6source8register0B5_
FNDA:12464,_RNvMs1_NtCs9bl5tPvrGPp_4koan6sourceINtB5_7SpannedNtNtNtNtB7_7machine5model3ast14ExpressionPartE2atB7_
FNDA:1198,_RNvMs1_NtCs9bl5tPvrGPp_4koan6sourceINtB5_7SpannedNtNtNtNtB7_7machine5model3ast14ExpressionPartE4bareB7_
FNDA:2,_RNvMs1_NtCs9bl5tPvrGPp_4koan6sourceINtB5_7SpannedmE4bareB7_
FNDA:1,_RNvXs2_NtCs9bl5tPvrGPp_4koan6sourceINtB5_7SpannedNtNtNtNtB7_7machine5model3ast14ExpressionPartEINtNtCs27Vx93FoQ6z_4core7convert4FromBL_E4fromB7_
FNDA:1,_RNvXs2_NtCs9bl5tPvrGPp_4koan6sourceINtB5_7SpannedmEINtNtCs27Vx93FoQ6z_4core7convert4FrommE4fromB7_
FNDA:1,_RNvNtNtCs9bl5tPvrGPp_4koan6source5testss_18resolve_first_line
FNDA:1,_RNvNtNtCs9bl5tPvrGPp_4koan6source5testss_18resolve_multi_line
FNDA:1,_RNvNtNtCs9bl5tPvrGPp_4koan6source5testss_24spanned_bare_has_no_span
FNDA:1,_RNvNtNtCs9bl5tPvrGPp_4koan6source5testss_28register_and_with_round_trip
FNDA:1,_RNvNtNtCs9bl5tPvrGPp_4koan6source5testss_33spanned_from_wraps_with_none_span
FNDA:1,_RNvNtNtCs9bl5tPvrGPp_4koan6source5testss_36guard_restores_previous_current_file
FNDA:1,_RNvNtNtCs9bl5tPvrGPp_4koan6source5testss_48resolve_utf16_columns_count_code_units_not_bytes
FNDA:18,_RNvMNtCs9bl5tPvrGPp_4koan6sourceNtB2_10SourceFile7resolve
FNDA:929,_RNvMs_NtCs9bl5tPvrGPp_4koan6sourceNtB4_16CurrentFileGuard4push
FNDA:1858,_RNvNtCs9bl5tPvrGPp_4koan6source11set_current
FNDA:3776,_RNvNtCs9bl5tPvrGPp_4koan6source7current
FNDA:931,_RNvNtCs9bl5tPvrGPp_4koan6source8register
FNF:22
FNH:22
DA:38,995
DA:39,995
DA:40,995
DA:41,45493
DA:42,45493
DA:43,517
DA:44,44976
DA:46,995
DA:47,995
DA:48,995
DA:49,995
DA:50,995
DA:51,995
DA:54,18
DA:55,18
DA:56,11
DA:57,7
DA:59,18
DA:60,18
DA:61,18
DA:62,18
DA:63,18
DA:73,991
DA:74,991
DA:75,991
DA:76,991
DA:77,991
DA:78,991
DA:79,991
DA:80,991
DA:85,995
DA:86,995
DA:87,995
DA:88,995
DA:89,995
DA:90,995
DA:91,995
DA:92,995
DA:93,995
DA:94,995
DA:95,995
DA:98,4190
DA:99,4190
DA:100,4190
DA:104,1978
DA:105,1978
DA:106,1978
DA:117,989
DA:118,989
DA:119,989
DA:120,989
DA:121,989
DA:125,989
DA:126,989
DA:127,989
DA:139,1337
DA:140,1337
DA:141,1337
DA:143,13942
DA:144,13942
DA:145,13942
DA:146,13942
DA:147,13942
DA:148,13942
DA:152,2
DA:153,2
DA:154,2
DA:162,1
DA:163,1
DA:164,1
DA:165,1
DA:166,1
DA:169,1
DA:170,1
DA:171,1
DA:172,1
DA:173,1
DA:174,1
DA:175,1
DA:178,1
DA:181,1
DA:182,1
DA:184,1
DA:186,1
DA:187,1
DA:190,1
DA:191,1
DA:192,1
DA:193,1
DA:194,1
DA:197,1
DA:198,1
DA:199,1
DA:200,1
DA:201,1
DA:203,1
DA:204,1
DA:206,1
DA:207,1
DA:210,1
DA:211,1
DA:212,1
DA:213,1
DA:214,1
DA:217,1
DA:218,1
DA:219,1
DA:220,1
BRF:0
BRH:0
LF:112
LH:112
end_of_record
SF:/var/home/jack/Code/koan/src/step_fixture.rs
FN:34,_RINvNtCsbv2TPaIhNiJ_4koan12step_fixture10drive_stepNCNvCsb3VrijgZWZf_12compile_fails_39step_carrier_consumed_in_brand_compiles0EBR_
FN:34,_RINvNtCsbv2TPaIhNiJ_4koan12step_fixture10drive_steppEB4_
FN:34,_RINvNtCs9bl5tPvrGPp_4koan12step_fixture10drive_steppEB4_
FNDA:1,_RINvNtCsbv2TPaIhNiJ_4koan12step_fixture10drive_stepNCNvCsb3VrijgZWZf_12compile_fails_39step_carrier_consumed_in_brand_compiles0EBR_
FNDA:0,_RINvNtCsbv2TPaIhNiJ_4koan12step_fixture10drive_steppEB4_
FNDA:0,_RINvNtCs9bl5tPvrGPp_4koan12step_fixture10drive_steppEB4_
FNF:1
FNH:1
DA:34,1
DA:35,1
DA:36,1
DA:37,1
BRF:0
BRH:0
LF:4
LH:4
end_of_record