SF:/var/home/jack/Code/koan/src/builtins.rs
FN:140,_RNvNtCscUx3zdyuqfq_4koan8builtins13default_scope
FN:65,_RNvNtCscUx3zdyuqfq_4koan8builtins16register_builtin
FN:113,_RNvNtCscUx3zdyuqfq_4koan8builtins21register_builtin_full
FN:98,_RNvNtCscUx3zdyuqfq_4koan8builtins23register_nominal_binder
FN:76,_RNvNtCscUx3zdyuqfq_4koan8builtins28register_builtin_with_binder
FN:41,_RNvNtCscUx3zdyuqfq_4koan8builtins2kw
FN:46,_RNvNtCscUx3zdyuqfq_4koan8builtins3arg
FN:36,_RNvNtCscUx3zdyuqfq_4koan8builtins3err
FN:55,_RNvNtCscUx3zdyuqfq_4koan8builtins3sig
FN:140,_RNvNtCseriWsCb5ev6_4koan8builtins13default_scope
FN:65,_RNvNtCseriWsCb5ev6_4koan8builtins16register_builtin
FN:113,_RNvNtCseriWsCb5ev6_4koan8builtins21register_builtin_full
FN:98,_RNvNtCseriWsCb5ev6_4koan8builtins23register_nominal_binder
FN:76,_RNvNtCseriWsCb5ev6_4koan8builtins28register_builtin_with_binder
FN:41,_RNvNtCseriWsCb5ev6_4koan8builtins2kw
FN:46,_RNvNtCseriWsCb5ev6_4koan8builtins3arg
FN:36,_RNvNtCseriWsCb5ev6_4koan8builtins3err
FN:55,_RNvNtCseriWsCb5ev6_4koan8builtins3sig
FNDA:43,_RNvNtCscUx3zdyuqfq_4koan8builtins13default_scope
FNDA:1204,_RNvNtCscUx3zdyuqfq_4koan8builtins16register_builtin
FNDA:1806,_RNvNtCscUx3zdyuqfq_4koan8builtins21register_builtin_full
FNDA:172,_RNvNtCscUx3zdyuqfq_4koan8builtins23register_nominal_binder
FNDA:1419,_RNvNtCscUx3zdyuqfq_4koan8builtins28register_builtin_with_binder
FNDA:3010,_RNvNtCscUx3zdyuqfq_4koan8builtins2kw
FNDA:3569,_RNvNtCscUx3zdyuqfq_4koan8builtins3arg
FNDA:1,_RNvNtCscUx3zdyuqfq_4koan8builtins3err
FNDA:1806,_RNvNtCscUx3zdyuqfq_4koan8builtins3sig
FNDA:520,_RNvNtCseriWsCb5ev6_4koan8builtins13default_scope
FNDA:14584,_RNvNtCseriWsCb5ev6_4koan8builtins16register_builtin
FNDA:21865,_RNvNtCseriWsCb5ev6_4koan8builtins21register_builtin_full
FNDA:2080,_RNvNtCseriWsCb5ev6_4koan8builtins23register_nominal_binder
FNDA:17185,_RNvNtCseriWsCb5ev6_4koan8builtins28register_builtin_with_binder
FNDA:36400,_RNvNtCseriWsCb5ev6_4koan8builtins2kw
FNDA:43160,_RNvNtCseriWsCb5ev6_4koan8builtins3arg
FNDA:58,_RNvNtCseriWsCb5ev6_4koan8builtins3err
FNDA:21840,_RNvNtCseriWsCb5ev6_4koan8builtins3sig
FNF:9
FNH:9
DA:36,59
DA:37,59
DA:38,59
DA:41,39410
DA:42,39410
DA:43,39410
DA:46,46729
DA:47,46729
DA:48,46729
DA:49,46729
DA:50,46729
DA:51,46729
DA:55,23646
DA:56,23646
DA:57,23646
DA:58,23646
DA:59,23646
DA:60,23646
DA:61,23646
DA:62,23646
DA:63,23646
DA:65,15788
DA:66,15788
DA:67,15788
DA:68,15788
DA:69,15788
DA:70,15788
DA:71,15788
DA:72,15788
DA:76,18604
DA:77,18604
DA:78,18604
DA:79,18604
DA:80,18604
DA:81,18604
DA:82,18604
DA:83,18604
DA:84,18604
DA:85,18604
DA:86,18604
DA:87,18604
DA:88,18604
DA:89,18604
DA:93,18604
DA:98,2252
DA:99,2252
DA:100,2252
DA:101,2252
DA:102,2252
DA:103,2252
DA:104,2252
DA:105,2252
DA:106,2252
DA:113,23671
DA:114,23671
DA:115,23671
DA:116,23671
DA:117,23671
DA:118,23671
DA:119,23671
DA:120,23671
DA:121,23671
DA:122,23671
DA:123,23671
DA:124,23671
DA:125,23671
DA:126,23671
DA:127,23671
DA:128,23671
DA:129,23671
DA:130,23671
DA:131,23671
DA:132,23671
DA:133,23671
DA:134,23671
DA:135,23671
DA:140,563
DA:141,563
DA:142,563
DA:143,563
DA:144,563
DA:146,563
DA:147,563
DA:148,563
DA:149,563
DA:150,563
DA:151,563
DA:152,563
DA:155,563
DA:156,563
DA:157,563
DA:160,563
DA:161,563
DA:162,563
DA:165,563
DA:168,563
DA:169,563
DA:170,563
DA:171,563
DA:172,563
DA:175,563
DA:176,563
DA:177,563
DA:178,563
DA:179,563
DA:182,563
DA:183,563
DA:184,563
DA:185,563
DA:188,563
DA:190,563
DA:191,563
DA:192,563
DA:193,563
DA:194,563
DA:195,563
DA:196,563
DA:197,563
DA:198,563
DA:199,563
DA:200,563
DA:201,563
DA:202,563
DA:203,563
DA:204,563
DA:205,563
DA:206,563
DA:207,563
DA:208,563
DA:209,563
DA:210,563
DA:211,563
DA:212,563
DA:214,563
DA:215,563
BRF:0
BRH:0
LF:135
LH:135
end_of_record
SF:/var/home/jack/Code/koan/src/builtins/ascribe.rs
FN:223,_RNCNvNtNtCscUx3zdyuqfq_4koan8builtins7ascribe21is_abstract_type_name0B7_
FN:17,_RNvNtNtCscUx3zdyuqfq_4koan8builtins7ascribe11body_opaque
FN:163,_RNvNtNtCscUx3zdyuqfq_4koan8builtins7ascribe11shape_check
FN:136,_RNvNtNtCscUx3zdyuqfq_4koan8builtins7ascribe16body_transparent
FN:215,_RNvNtNtCscUx3zdyuqfq_4koan8builtins7ascribe21is_abstract_type_name
FN:201,_RNvNtNtCscUx3zdyuqfq_4koan8builtins7ascribe22abstract_type_names_of
FN:226,_RNvNtNtCscUx3zdyuqfq_4koan8builtins7ascribe28resolve_module_and_signature
FN:240,_RNvNtNtCscUx3zdyuqfq_4koan8builtins7ascribe8register
FN:17,_RNvNtNtCseriWsCb5ev6_4koan8builtins7ascribe11body_opaque
FN:163,_RNvNtNtCseriWsCb5ev6_4koan8builtins7ascribe11shape_check
FN:136,_RNvNtNtCseriWsCb5ev6_4koan8builtins7ascribe16body_transparent
FN:215,_RNvNtNtCseriWsCb5ev6_4koan8builtins7ascribe21is_abstract_type_name
FN:201,_RNvNtNtCseriWsCb5ev6_4koan8builtins7ascribe22abstract_type_names_of
FN:226,_RNvNtNtCseriWsCb5ev6_4koan8builtins7ascribe28resolve_module_and_signature
FN:240,_RNvNtNtCseriWsCb5ev6_4koan8builtins7ascribe8register
FN:223,_RNCNvNtNtCseriWsCb5ev6_4koan8builtins7ascribe21is_abstract_type_name0B7_
FNDA:0,_RNCNvNtNtCscUx3zdyuqfq_4koan8builtins7ascribe21is_abstract_type_name0B7_
FNDA:1,_RNvNtNtCscUx3zdyuqfq_4koan8builtins7ascribe11body_opaque
FNDA:5,_RNvNtNtCscUx3zdyuqfq_4koan8builtins7ascribe11shape_check
FNDA:4,_RNvNtNtCscUx3zdyuqfq_4koan8builtins7ascribe16body_transparent
FNDA:21,_RNvNtNtCscUx3zdyuqfq_4koan8builtins7ascribe21is_abstract_type_name
FNDA:6,_RNvNtNtCscUx3zdyuqfq_4koan8builtins7ascribe22abstract_type_names_of
FNDA:5,_RNvNtNtCscUx3zdyuqfq_4koan8builtins7ascribe28resolve_module_and_signature
FNDA:43,_RNvNtNtCscUx3zdyuqfq_4koan8builtins7ascribe8register
FNDA:21,_RNvNtNtCseriWsCb5ev6_4koan8builtins7ascribe11body_opaque
FNDA:39,_RNvNtNtCseriWsCb5ev6_4koan8builtins7ascribe11shape_check
FNDA:18,_RNvNtNtCseriWsCb5ev6_4koan8builtins7ascribe16body_transparent
FNDA:136,_RNvNtNtCseriWsCb5ev6_4koan8builtins7ascribe21is_abstract_type_name
FNDA:67,_RNvNtNtCseriWsCb5ev6_4koan8builtins7ascribe22abstract_type_names_of
FNDA:39,_RNvNtNtCseriWsCb5ev6_4koan8builtins7ascribe28resolve_module_and_signature
FNDA:520,_RNvNtNtCseriWsCb5ev6_4koan8builtins7ascribe8register
FNDA:9,_RNCNvNtNtCseriWsCb5ev6_4koan8builtins7ascribe21is_abstract_type_name0B7_
FNF:8
FNH:8
DA:17,22
DA:18,22
DA:19,22
DA:20,22
DA:21,22
DA:22,22
DA:23,22
DA:24,0
DA:27,22
DA:28,22
DA:29,22
DA:30,22
DA:33,22
DA:34,22
DA:35,0
DA:36,22
DA:38,22
DA:42,22
DA:44,22
DA:45,22
DA:50,15
DA:51,3
DA:52,3
DA:55,3
DA:56,3
DA:57,3
DA:59,0
DA:63,3
DA:64,3
DA:65,3
DA:66,3
DA:68,3
DA:69,3
DA:70,3
DA:71,3
DA:72,3
DA:73,3
DA:74,3
DA:75,3
DA:76,3
DA:78,12
DA:79,12
DA:80,12
DA:81,12
DA:83,15
DA:86,22
DA:87,15
DA:88,15
DA:89,15
DA:90,15
DA:91,7
DA:100,22
DA:101,22
DA:102,22
DA:105,3
DA:106,3
DA:108,3
DA:109,3
DA:110,3
DA:111,16
DA:113,22
DA:114,22
DA:115,3
DA:116,3
DA:117,3
DA:118,3
DA:119,19
DA:122,22
DA:123,2
DA:124,20
DA:126,20
DA:128,20
DA:129,20
DA:130,20
DA:131,20
DA:132,20
DA:133,22
DA:136,22
DA:137,22
DA:138,22
DA:139,22
DA:140,22
DA:141,22
DA:142,22
DA:143,0
DA:145,22
DA:146,0
DA:147,22
DA:149,22
DA:150,22
DA:151,22
DA:152,22
DA:153,22
DA:154,22
DA:155,22
DA:156,22
DA:157,22
DA:158,22
DA:159,22
DA:160,22
DA:163,44
DA:164,44
DA:165,44
DA:166,44
DA:167,44
DA:168,44
DA:169,44
DA:170,44
DA:171,44
DA:172,44
DA:173,44
DA:174,44
DA:175,44
DA:176,44
DA:177,44
DA:178,44
DA:179,44
DA:180,44
DA:181,44
DA:182,44
DA:183,44
DA:184,44
DA:185,41
DA:186,0
DA:187,41
DA:188,41
DA:189,2
DA:190,2
DA:191,2
DA:192,2
DA:193,39
DA:195,42
DA:196,44
DA:201,73
DA:202,73
DA:203,73
DA:204,73
DA:205,73
DA:206,67
DA:207,0
DA:208,67
DA:210,73
DA:211,73
DA:215,157
DA:216,157
DA:217,157
DA:218,0
DA:220,157
DA:221,148
DA:222,9
DA:223,9
DA:224,157
DA:226,44
DA:227,44
DA:228,44
DA:229,44
DA:230,44
DA:231,44
DA:232,44
DA:233,44
DA:234,44
DA:235,44
DA:236,44
DA:237,44
DA:238,44
DA:240,563
DA:244,563
DA:245,563
DA:246,563
DA:247,563
DA:248,563
DA:249,563
DA:250,563
DA:251,563
DA:252,563
DA:255,563
DA:257,563
DA:258,563
DA:259,563
DA:260,563
DA:261,563
DA:262,563
DA:263,563
DA:264,563
DA:265,563
DA:268,563
DA:270,563
BRF:0
BRH:0
LF:188
LH:180
end_of_record
SF:/var/home/jack/Code/koan/src/builtins/attr.rs
FN:126,_RNvNtNtCscUx3zdyuqfq_4koan8builtins4attr11body_module
FN:110,_RNvNtNtCscUx3zdyuqfq_4koan8builtins4attr11body_struct
FN:166,_RNvNtNtCscUx3zdyuqfq_4koan8builtins4attr12access_field
FN:76,_RNvNtNtCscUx3zdyuqfq_4koan8builtins4attr13body_type_lhs
FN:22,_RNvNtNtCscUx3zdyuqfq_4koan8builtins4attr15body_identifier
FN:152,_RNvNtNtCscUx3zdyuqfq_4koan8builtins4attr15read_field_name
FN:235,_RNvNtNtCscUx3zdyuqfq_4koan8builtins4attr20access_module_member
FN:263,_RNvNtNtCscUx3zdyuqfq_4koan8builtins4attr8register
FN:417,_RNvNtNtNtCseriWsCb5ev6_4koan8builtins4attr5testss_24attr_unbound_name_errors
FN:444,_RNvNtNtNtCseriWsCb5ev6_4koan8builtins4attr5testss_25attr_unknown_field_errors
FN:428,_RNvNtNtNtCseriWsCb5ev6_4koan8builtins4attr5testss_31attr_on_non_struct_value_errors
FN:460,_RNvNtNtNtCseriWsCb5ev6_4koan8builtins4attr5testss_33attr_chained_unknown_field_errors
FN:401,_RNvNtNtNtCseriWsCb5ev6_4koan8builtins4attr5testss_34attr_chained_through_nested_struct
FN:377,_RNvNtNtNtCseriWsCb5ev6_4koan8builtins4attr5testss_34attr_reads_field_from_named_struct
FN:389,_RNvNtNtNtCseriWsCb5ev6_4koan8builtins4attr5testss_35attr_reads_each_field_independently
FN:497,_RNvNtNtNtCseriWsCb5ev6_4koan8builtins4attr5testss_39access_field_rejects_wrapped_non_struct
FN:481,_RNvNtNtNtCseriWsCb5ev6_4koan8builtins4attr5testss_41access_field_falls_through_wrapped_struct
FN:541,_RNvNtNtNtCseriWsCb5ev6_4koan8builtins4attr5testss_41transparent_view_slot_read_stays_concrete
FN:520,_RNvNtNtNtCseriWsCb5ev6_4koan8builtins4attr5testss_48opaque_view_slot_read_re_tags_with_abstract_type
FN:561,_RNvNtNtNtCseriWsCb5ev6_4koan8builtins4attr5testss_53access_field_falls_through_wrapped_with_missing_field
FN:126,_RNvNtNtCseriWsCb5ev6_4koan8builtins4attr11body_module
FN:110,_RNvNtNtCseriWsCb5ev6_4koan8builtins4attr11body_struct
FN:166,_RNvNtNtCseriWsCb5ev6_4koan8builtins4attr12access_field
FN:76,_RNvNtNtCseriWsCb5ev6_4koan8builtins4attr13body_type_lhs
FN:22,_RNvNtNtCseriWsCb5ev6_4koan8builtins4attr15body_identifier
FN:152,_RNvNtNtCseriWsCb5ev6_4koan8builtins4attr15read_field_name
FN:235,_RNvNtNtCseriWsCb5ev6_4koan8builtins4attr20access_module_member
FN:263,_RNvNtNtCseriWsCb5ev6_4koan8builtins4attr8register
FNDA:7,_RNvNtNtCscUx3zdyuqfq_4koan8builtins4attr11body_module
FNDA:1,_RNvNtNtCscUx3zdyuqfq_4koan8builtins4attr11body_struct
FNDA:1,_RNvNtNtCscUx3zdyuqfq_4koan8builtins4attr12access_field
FNDA:0,_RNvNtNtCscUx3zdyuqfq_4koan8builtins4attr13body_type_lhs
FNDA:1,_RNvNtNtCscUx3zdyuqfq_4koan8builtins4attr15body_identifier
FNDA:9,_RNvNtNtCscUx3zdyuqfq_4koan8builtins4attr15read_field_name
FNDA:7,_RNvNtNtCscUx3zdyuqfq_4koan8builtins4attr20access_module_member
FNDA:43,_RNvNtNtCscUx3zdyuqfq_4koan8builtins4attr8register
FNDA:1,_RNvNtNtNtCseriWsCb5ev6_4koan8builtins4attr5testss_24attr_unbound_name_errors
FNDA:1,_RNvNtNtNtCseriWsCb5ev6_4koan8builtins4attr5testss_25attr_unknown_field_errors
FNDA:1,_RNvNtNtNtCseriWsCb5ev6_4koan8builtins4attr5testss_31attr_on_non_struct_value_errors
FNDA:1,_RNvNtNtNtCseriWsCb5ev6_4koan8builtins4attr5testss_33attr_chained_unknown_field_errors
FNDA:1,_RNvNtNtNtCseriWsCb5ev6_4koan8builtins4attr5testss_34attr_chained_through_nested_struct
FNDA:1,_RNvNtNtNtCseriWsCb5ev6_4koan8builtins4attr5testss_34attr_reads_field_from_named_struct
FNDA:1,_RNvNtNtNtCseriWsCb5ev6_4koan8builtins4attr5testss_35attr_reads_each_field_independently
FNDA:1,_RNvNtNtNtCseriWsCb5ev6_4koan8builtins4attr5testss_39access_field_rejects_wrapped_non_struct
FNDA:1,_RNvNtNtNtCseriWsCb5ev6_4koan8builtins4attr5testss_41access_field_falls_through_wrapped_struct
FNDA:1,_RNvNtNtNtCseriWsCb5ev6_4koan8builtins4attr5testss_41transparent_view_slot_read_stays_concrete
FNDA:1,_RNvNtNtNtCseriWsCb5ev6_4koan8builtins4attr5testss_48opaque_view_slot_read_re_tags_with_abstract_type
FNDA:1,_RNvNtNtNtCseriWsCb5ev6_4koan8builtins4attr5testss_53access_field_falls_through_wrapped_with_missing_field
FNDA:12,_RNvNtNtCseriWsCb5ev6_4koan8builtins4attr11body_module
FNDA:18,_RNvNtNtCseriWsCb5ev6_4koan8builtins4attr11body_struct
FNDA:25,_RNvNtNtCseriWsCb5ev6_4koan8builtins4attr12access_field
FNDA:0,_RNvNtNtCseriWsCb5ev6_4koan8builtins4attr13body_type_lhs
FNDA:7,_RNvNtNtCseriWsCb5ev6_4koan8builtins4attr15body_identifier
FNDA:37,_RNvNtNtCseriWsCb5ev6_4koan8builtins4attr15read_field_name
FNDA:15,_RNvNtNtCseriWsCb5ev6_4koan8builtins4attr20access_module_member
FNDA:520,_RNvNtNtCseriWsCb5ev6_4koan8builtins4attr8register
FNF:20
FNH:19
DA:22,8
DA:23,8
DA:24,8
DA:25,8
DA:26,8
DA:27,8
DA:28,8
DA:29,0
DA:30,0
DA:31,0
DA:32,0
DA:33,0
DA:34,0
DA:36,0
DA:38,8
DA:39,8
DA:40,8
DA:41,0
DA:46,8
DA:47,3
DA:48,5
DA:49,5
DA:50,0
DA:51,3
DA:53,0
DA:56,0
DA:60,0
DA:64,0
DA:66,2
DA:67,2
DA:68,8
DA:76,0
DA:77,0
DA:78,0
DA:79,0
DA:80,0
DA:81,0
DA:82,0
DA:83,0
DA:84,0
DA:85,0
DA:86,0
DA:87,0
DA:88,0
DA:89,0
DA:91,0
DA:93,0
DA:94,0
DA:95,0
DA:102,0
DA:103,0
DA:104,0
DA:105,0
DA:107,0
DA:108,0
DA:110,19
DA:111,19
DA:112,19
DA:113,19
DA:114,19
DA:115,19
DA:116,19
DA:117,0
DA:119,19
DA:120,19
DA:121,0
DA:123,19
DA:124,19
DA:126,19
DA:127,19
DA:128,19
DA:129,19
DA:130,19
DA:131,19
DA:132,19
DA:133,0
DA:135,19
DA:136,19
DA:137,0
DA:139,19
DA:140,19
DA:142,0
DA:143,0
DA:144,0
DA:145,0
DA:146,0
DA:149,19
DA:150,19
DA:152,46
DA:153,46
DA:154,41
DA:155,0
DA:156,5
DA:157,0
DA:158,0
DA:159,0
DA:160,0
DA:161,0
DA:162,0
DA:164,46
DA:166,26
DA:167,0
DA:169,18
DA:170,18
DA:171,15
DA:172,3
DA:173,3
DA:174,3
DA:175,3
DA:176,3
DA:178,0
DA:180,0
DA:181,0
DA:182,0
DA:183,0
DA:184,0
DA:185,0
DA:186,0
DA:187,0
DA:188,0
DA:189,0
DA:190,0
DA:191,0
DA:192,0
DA:193,0
DA:199,0
DA:201,0
DA:205,4
DA:206,4
DA:207,4
DA:208,4
DA:209,4
DA:210,4
DA:212,26
DA:235,22
DA:236,22
DA:237,22
DA:238,5
DA:239,17
DA:240,17
DA:241,16
DA:242,2
DA:243,2
DA:244,2
DA:245,2
DA:246,2
DA:247,14
DA:248,14
DA:249,1
DA:250,1
DA:251,0
DA:252,0
DA:253,0
DA:254,0
DA:255,0
DA:256,1
DA:257,1
DA:258,1
DA:259,1
DA:260,1
DA:261,22
DA:263,563
DA:264,563
DA:265,563
DA:266,563
DA:267,563
DA:268,563
DA:269,563
DA:270,563
DA:272,563
DA:273,563
DA:274,563
DA:275,563
DA:276,563
DA:277,563
DA:278,563
DA:279,563
DA:280,563
DA:283,563
DA:285,563
DA:286,563
DA:287,563
DA:288,563
DA:289,563
DA:290,563
DA:291,563
DA:292,563
DA:293,563
DA:296,563
DA:298,563
DA:299,563
DA:300,563
DA:301,563
DA:302,563
DA:303,563
DA:304,563
DA:305,563
DA:306,563
DA:309,563
DA:315,563
DA:316,563
DA:317,563
DA:318,563
DA:319,563
DA:320,563
DA:321,563
DA:322,563
DA:323,563
DA:326,563
DA:328,563
DA:329,563
DA:330,563
DA:331,563
DA:332,563
DA:333,563
DA:334,563
DA:335,563
DA:336,563
DA:339,563
DA:341,563
DA:342,563
DA:343,563
DA:344,563
DA:345,563
DA:346,563
DA:347,563
DA:348,563
DA:349,563
DA:352,563
DA:355,563
DA:356,563
DA:357,563
DA:358,563
DA:359,563
DA:360,563
DA:361,563
DA:362,563
DA:363,563
DA:366,563
DA:368,563
DA:377,1
DA:378,1
DA:379,1
DA:380,1
DA:381,1
DA:382,1
DA:384,1
DA:385,1
DA:386,1
DA:389,1
DA:390,1
DA:391,1
DA:392,1
DA:393,1
DA:394,1
DA:396,1
DA:397,1
DA:398,1
DA:401,1
DA:402,1
DA:403,1
DA:404,1
DA:405,1
DA:406,1
DA:407,1
DA:408,1
DA:409,1
DA:410,1
DA:412,1
DA:413,1
DA:414,1
DA:417,1
DA:418,1
DA:419,1
DA:420,1
DA:421,1
DA:422,1
DA:425,1
DA:428,1
DA:429,1
DA:430,1
DA:431,1
DA:432,1
DA:433,1
DA:434,1
DA:435,1
DA:436,1
DA:437,1
DA:439,0
DA:441,1
DA:444,1
DA:445,1
DA:446,1
DA:447,1
DA:448,1
DA:449,1
DA:451,1
DA:452,1
DA:453,1
DA:454,1
DA:457,1
DA:460,1
DA:461,1
DA:462,1
DA:463,1
DA:464,1
DA:465,1
DA:466,1
DA:467,1
DA:468,1
DA:469,1
DA:471,1
DA:472,1
DA:473,1
DA:474,1
DA:477,1
DA:481,1
DA:482,1
DA:483,1
DA:484,1
DA:485,1
DA:486,1
DA:487,1
DA:488,1
DA:489,1
DA:491,1
DA:492,1
DA:493,1
DA:497,1
DA:498,1
DA:499,1
DA:500,1
DA:501,1
DA:502,1
DA:503,1
DA:505,1
DA:506,1
DA:507,1
DA:508,1
DA:509,1
DA:510,1
DA:512,0
DA:514,1
DA:520,1
DA:521,1
DA:522,1
DA:523,1
DA:524,1
DA:525,1
DA:526,1
DA:527,1
DA:529,1
DA:530,1
DA:531,1
DA:534,0
DA:536,1
DA:541,1
DA:542,1
DA:543,1
DA:544,1
DA:545,1
DA:546,1
DA:547,1
DA:548,1
DA:550,1
DA:551,1
DA:552,1
DA:554,0
DA:556,1
DA:561,1
DA:562,1
DA:563,1
DA:564,1
DA:565,1
DA:566,1
DA:567,1
DA:568,1
DA:569,1
DA:571,1
DA:572,1
DA:573,1
DA:574,1
DA:577,1
BRF:0
BRH:0
LF:383
LH:303
end_of_record
SF:/var/home/jack/Code/koan/src/builtins/branch_walk.rs
FN:29,_RNCNvNtNtCscUx3zdyuqfq_4koan8builtins11branch_walk27resolve_arm_return_contract0B7_
FN:51,_RNvNtNtCscUx3zdyuqfq_4koan8builtins11branch_walk16find_branch_body
FN:20,_RNvNtNtCscUx3zdyuqfq_4koan8builtins11branch_walk27resolve_arm_return_contract
FN:29,_RNCNvNtNtCseriWsCb5ev6_4koan8builtins11branch_walk27resolve_arm_return_contract0B7_
FN:51,_RNvNtNtCseriWsCb5ev6_4koan8builtins11branch_walk16find_branch_body
FN:20,_RNvNtNtCseriWsCb5ev6_4koan8builtins11branch_walk27resolve_arm_return_contract
FNDA:0,_RNCNvNtNtCscUx3zdyuqfq_4koan8builtins11branch_walk27resolve_arm_return_contract0B7_
FNDA:0,_RNvNtNtCscUx3zdyuqfq_4koan8builtins11branch_walk16find_branch_body
FNDA:0,_RNvNtNtCscUx3zdyuqfq_4koan8builtins11branch_walk27resolve_arm_return_contract
FNDA:0,_RNCNvNtNtCseriWsCb5ev6_4koan8builtins11branch_walk27resolve_arm_return_contract0B7_
FNDA:89,_RNvNtNtCseriWsCb5ev6_4koan8builtins11branch_walk16find_branch_body
FNDA:89,_RNvNtNtCseriWsCb5ev6_4koan8builtins11branch_walk27resolve_arm_return_contract
FNF:3
FNH:2
DA:20,89
DA:21,89
DA:22,89
DA:23,89
DA:24,89
DA:25,89
DA:26,89
DA:27,0
DA:28,0
DA:29,0
DA:30,0
DA:31,0
DA:32,0
DA:33,0
DA:34,0
DA:37,0
DA:38,0
DA:39,0
DA:42,89
DA:43,89
DA:44,89
DA:45,89
DA:46,89
DA:51,89
DA:52,89
DA:53,89
DA:54,89
DA:55,89
DA:56,89
DA:57,89
DA:58,0
DA:59,0
DA:60,0
DA:61,0
DA:62,89
DA:63,89
DA:64,89
DA:65,130
DA:66,122
DA:67,122
DA:68,122
DA:69,122
DA:70,109
DA:73,9
DA:74,9
DA:75,6
DA:77,3
DA:81,4
DA:82,0
DA:83,0
DA:84,0
DA:85,0
DA:86,0
DA:89,122
DA:90,122
DA:91,0
DA:92,0
DA:93,0
DA:94,0
DA:95,0
DA:98,122
DA:99,120
DA:100,2
DA:101,2
DA:102,2
DA:103,2
DA:104,2
DA:107,120
DA:108,79
DA:109,41
DA:110,41
DA:111,4
DA:112,37
DA:113,41
DA:115,8
DA:116,89
BRF:0
BRH:0
LF:78
LH:51
end_of_record
SF:/var/home/jack/Code/koan/src/builtins/catch.rs
FN:39,_RNCNvNtNtCscUx3zdyuqfq_4koan8builtins5catch4body0B7_
FN:18,_RNvNtNtCscUx3zdyuqfq_4koan8builtins5catch4body
FN:60,_RNvNtNtCscUx3zdyuqfq_4koan8builtins5catch8register
FN:39,_RNCNvNtNtCseriWsCb5ev6_4koan8builtins5catch4body0B7_
FN:18,_RNvNtNtCseriWsCb5ev6_4koan8builtins5catch4body
FN:60,_RNvNtNtCseriWsCb5ev6_4koan8builtins5catch8register
FNDA:0,_RNCNvNtNtCscUx3zdyuqfq_4koan8builtins5catch4body0B7_
FNDA:0,_RNvNtNtCscUx3zdyuqfq_4koan8builtins5catch4body
FNDA:43,_RNvNtNtCscUx3zdyuqfq_4koan8builtins5catch8register
FNDA:8,_RNCNvNtNtCseriWsCb5ev6_4koan8builtins5catch4body0B7_
FNDA:8,_RNvNtNtCseriWsCb5ev6_4koan8builtins5catch4body
FNDA:520,_RNvNtNtCseriWsCb5ev6_4koan8builtins5catch8register
FNF:3
FNH:3
DA:18,8
DA:19,8
DA:20,8
DA:21,8
DA:22,8
DA:23,8
DA:24,8
DA:26,0
DA:27,0
DA:28,0
DA:34,8
DA:35,8
DA:36,0
DA:38,8
DA:39,8
DA:40,8
DA:41,4
DA:42,4
DA:44,8
DA:45,8
DA:46,8
DA:47,8
DA:48,8
DA:49,8
DA:50,8
DA:51,8
DA:52,8
DA:53,8
DA:54,8
DA:55,8
DA:56,8
DA:57,8
DA:58,8
DA:60,563
DA:61,563
DA:62,563
DA:63,563
DA:64,563
DA:65,563
DA:66,563
DA:67,563
DA:68,563
DA:70,563
DA:72,563
BRF:0
BRH:0
LF:45
LH:41
end_of_record
SF:/var/home/jack/Code/koan/src/builtins/eval.rs
FN:16,_RNvNtNtCscUx3zdyuqfq_4koan8builtins4eval4body
FN:47,_RNvNtNtCscUx3zdyuqfq_4koan8builtins4eval8register
FN:16,_RNvNtNtCseriWsCb5ev6_4koan8builtins4eval4body
FN:47,_RNvNtNtCseriWsCb5ev6_4koan8builtins4eval8register
FN:63,_RNvNtNtNtCseriWsCb5ev6_4koan8builtins4eval5tests11run_program
FN:120,_RNvNtNtNtCseriWsCb5ev6_4koan8builtins4eval5testss_21recursive_eval_no_uaf
FN:72,_RNvNtNtNtCseriWsCb5ev6_4koan8builtins4eval5testss_22eval_of_quoted_literal
FN:106,_RNvNtNtNtCseriWsCb5ev6_4koan8builtins4eval5testss_34multiline_sigil_collapse_roundtrip
FN:112,_RNvNtNtNtCseriWsCb5ev6_4koan8builtins4eval5testss_35eval_returns_inner_expression_value
FN:100,_RNvNtNtNtCseriWsCb5ev6_4koan8builtins4eval5testss_37eval_runs_side_effects_in_quoted_body
FN:78,_RNvNtNtNtCseriWsCb5ev6_4koan8builtins4eval5testss_38eval_of_function_returning_kexpression
FN:87,_RNvNtNtNtCseriWsCb5ev6_4koan8builtins4eval5testss_49eval_of_non_kexpression_errors_with_type_mismatch
FNDA:0,_RNvNtNtCscUx3zdyuqfq_4koan8builtins4eval4body
FNDA:43,_RNvNtNtCscUx3zdyuqfq_4koan8builtins4eval8register
FNDA:9,_RNvNtNtCseriWsCb5ev6_4koan8builtins4eval4body
FNDA:520,_RNvNtNtCseriWsCb5ev6_4koan8builtins4eval8register
FNDA:6,_RNvNtNtNtCseriWsCb5ev6_4koan8builtins4eval5tests11run_program
FNDA:1,_RNvNtNtNtCseriWsCb5ev6_4koan8builtins4eval5testss_21recursive_eval_no_uaf
FNDA:1,_RNvNtNtNtCseriWsCb5ev6_4koan8builtins4eval5testss_22eval_of_quoted_literal
FNDA:1,_RNvNtNtNtCseriWsCb5ev6_4koan8builtins4eval5testss_34multiline_sigil_collapse_roundtrip
FNDA:1,_RNvNtNtNtCseriWsCb5ev6_4koan8builtins4eval5testss_35eval_returns_inner_expression_value
FNDA:1,_RNvNtNtNtCseriWsCb5ev6_4koan8builtins4eval5testss_37eval_runs_side_effects_in_quoted_body
FNDA:1,_RNvNtNtNtCseriWsCb5ev6_4koan8builtins4eval5testss_38eval_of_function_returning_kexpression
FNDA:1,_RNvNtNtNtCseriWsCb5ev6_4koan8builtins4eval5testss_49eval_of_non_kexpression_errors_with_type_mismatch
FNF:10
FNH:10
DA:16,9
DA:17,9
DA:18,9
DA:19,9
DA:20,9
DA:21,9
DA:22,9
DA:23,0
DA:25,9
DA:26,8
DA:27,1
DA:28,1
DA:29,1
DA:30,1
DA:31,1
DA:32,1
DA:37,8
DA:38,8
DA:39,8
DA:40,8
DA:41,8
DA:42,8
DA:43,8
DA:44,8
DA:45,9
DA:47,563
DA:48,563
DA:49,563
DA:50,563
DA:51,563
DA:52,563
DA:54,563
DA:63,6
DA:64,6
DA:65,6
DA:66,6
DA:67,6
DA:68,6
DA:69,6
DA:72,1
DA:73,1
DA:74,1
DA:75,1
DA:78,1
DA:79,1
DA:80,1
DA:81,1
DA:83,1
DA:84,1
DA:87,1
DA:88,1
DA:89,1
DA:90,1
DA:91,1
DA:92,1
DA:93,1
DA:94,1
DA:97,1
DA:100,1
DA:101,1
DA:102,1
DA:103,1
DA:106,1
DA:107,1
DA:108,1
DA:109,1
DA:112,1
DA:115,1
DA:116,1
DA:117,1
DA:120,1
DA:124,1
DA:125,1
DA:126,1
DA:127,1
DA:128,1
DA:129,1
DA:130,1
DA:132,1
DA:133,1
BRF:0
BRH:0
LF:80
LH:79
end_of_record
SF:/var/home/jack/Code/koan/src/builtins/fn_def.rs
FN:117,_RNvNtNtCscUx3zdyuqfq_4koan8builtins6fn_def18body_record_schema
FN:33,_RNvNtNtCscUx3zdyuqfq_4koan8builtins6fn_def4body
FN:204,_RNvNtNtCscUx3zdyuqfq_4koan8builtins6fn_def8register
FN:138,_RNCNvNtNtCscUx3zdyuqfq_4koan8builtins6fn_def18body_record_schema0B7_
FN:170,_RNCNvNtNtCscUx3zdyuqfq_4koan8builtins6fn_def18body_record_schemas_0B7_
FN:89,_RNCNvNtNtCscUx3zdyuqfq_4koan8builtins6fn_def4body0B7_
FN:138,_RNCNvNtNtCseriWsCb5ev6_4koan8builtins6fn_def18body_record_schema0B7_
FN:170,_RNCNvNtNtCseriWsCb5ev6_4koan8builtins6fn_def18body_record_schemas_0B7_
FN:89,_RNCNvNtNtCseriWsCb5ev6_4koan8builtins6fn_def4body0B7_
FN:117,_RNvNtNtCseriWsCb5ev6_4koan8builtins6fn_def18body_record_schema
FN:33,_RNvNtNtCseriWsCb5ev6_4koan8builtins6fn_def4body
FN:204,_RNvNtNtCseriWsCb5ev6_4koan8builtins6fn_def8register
FNDA:0,_RNvNtNtCscUx3zdyuqfq_4koan8builtins6fn_def18body_record_schema
FNDA:10,_RNvNtNtCscUx3zdyuqfq_4koan8builtins6fn_def4body
FNDA:43,_RNvNtNtCscUx3zdyuqfq_4koan8builtins6fn_def8register
FNDA:0,_RNCNvNtNtCscUx3zdyuqfq_4koan8builtins6fn_def18body_record_schema0B7_
FNDA:0,_RNCNvNtNtCscUx3zdyuqfq_4koan8builtins6fn_def18body_record_schemas_0B7_
FNDA:10,_RNCNvNtNtCscUx3zdyuqfq_4koan8builtins6fn_def4body0B7_
FNDA:7,_RNCNvNtNtCseriWsCb5ev6_4koan8builtins6fn_def18body_record_schema0B7_
FNDA:7,_RNCNvNtNtCseriWsCb5ev6_4koan8builtins6fn_def18body_record_schemas_0B7_
FNDA:205,_RNCNvNtNtCseriWsCb5ev6_4koan8builtins6fn_def4body0B7_
FNDA:8,_RNvNtNtCseriWsCb5ev6_4koan8builtins6fn_def18body_record_schema
FNDA:210,_RNvNtNtCseriWsCb5ev6_4koan8builtins6fn_def4body
FNDA:520,_RNvNtNtCseriWsCb5ev6_4koan8builtins6fn_def8register
FNF:6
FNH:6
DA:33,220
DA:34,220
DA:35,220
DA:36,220
DA:37,220
DA:38,220
DA:39,220
DA:41,0
DA:42,0
DA:43,0
DA:46,220
DA:47,220
DA:48,0
DA:50,220
DA:51,220
DA:53,0
DA:54,0
DA:55,0
DA:61,220
DA:63,220
DA:67,218
DA:68,220
DA:69,218
DA:70,2
DA:73,218
DA:74,149
DA:75,3
DA:77,66
DA:78,66
DA:79,66
DA:80,66
DA:81,66
DA:82,66
DA:87,215
DA:88,215
DA:89,215
DA:90,215
DA:92,215
DA:94,145
DA:95,145
DA:96,145
DA:97,70
DA:98,70
DA:99,70
DA:100,70
DA:101,70
DA:102,70
DA:103,70
DA:104,70
DA:107,220
DA:117,8
DA:118,8
DA:119,8
DA:120,8
DA:121,8
DA:122,8
DA:123,7
DA:124,1
DA:125,1
DA:126,1
DA:127,1
DA:128,1
DA:131,0
DA:132,0
DA:133,0
DA:136,7
DA:137,7
DA:138,7
DA:139,7
DA:140,7
DA:141,7
DA:142,7
DA:143,7
DA:144,7
DA:145,7
DA:147,7
DA:148,7
DA:149,0
DA:151,7
DA:152,7
DA:154,0
DA:155,0
DA:156,0
DA:162,7
DA:163,7
DA:164,7
DA:165,0
DA:168,7
DA:169,7
DA:170,7
DA:171,7
DA:180,7
DA:181,7
DA:182,7
DA:183,7
DA:184,7
DA:185,7
DA:186,7
DA:187,7
DA:189,0
DA:190,0
DA:191,0
DA:192,0
DA:193,0
DA:194,0
DA:195,0
DA:196,0
DA:197,0
DA:198,0
DA:202,8
DA:204,563
DA:226,563
DA:227,563
DA:228,563
DA:229,563
DA:230,563
DA:231,563
DA:232,563
DA:233,563
DA:234,563
DA:235,563
DA:236,563
DA:237,563
DA:240,563
DA:241,563
DA:242,563
DA:246,563
DA:247,563
DA:248,563
DA:249,563
DA:250,563
DA:251,563
DA:252,563
DA:253,563
DA:254,563
DA:255,563
DA:256,563
DA:257,563
DA:260,563
DA:261,563
DA:262,563
DA:271,563
DA:272,563
DA:273,563
DA:274,563
DA:275,563
DA:276,563
DA:277,563
DA:278,563
DA:279,563
DA:280,563
DA:281,563
DA:282,563
DA:285,563
DA:286,563
DA:287,563
DA:291,563
BRF:0
BRH:0
LF:160
LH:135
end_of_record
SF:/var/home/jack/Code/koan/src/builtins/fn_def/finalize.rs
FN:336,_RNCNvNtNtNtCscUx3zdyuqfq_4koan8builtins6fn_def8finalize17defer_via_combine0B9_
FN:245,_RNCNvNtNtNtCscUx3zdyuqfq_4koan8builtins6fn_def8finalize21finalize_fn_with_kind0B9_
FN:191,_RNvNtNtNtCscUx3zdyuqfq_4koan8builtins6fn_def8finalize11finalize_fn
FN:302,_RNvNtNtNtCscUx3zdyuqfq_4koan8builtins6fn_def8finalize17defer_via_combine
FN:218,_RNvNtNtNtCscUx3zdyuqfq_4koan8builtins6fn_def8finalize21finalize_fn_with_kind
FN:90,_RNvNtNtNtCscUx3zdyuqfq_4koan8builtins6fn_def8finalize8classify
FN:191,_RNvNtNtNtCseriWsCb5ev6_4koan8builtins6fn_def8finalize11finalize_fn
FN:302,_RNvNtNtNtCseriWsCb5ev6_4koan8builtins6fn_def8finalize17defer_via_combine
FN:218,_RNvNtNtNtCseriWsCb5ev6_4koan8builtins6fn_def8finalize21finalize_fn_with_kind
FN:90,_RNvNtNtNtCseriWsCb5ev6_4koan8builtins6fn_def8finalize8classify
FN:336,_RNCNvNtNtNtCseriWsCb5ev6_4koan8builtins6fn_def8finalize17defer_via_combine0B9_
FN:245,_RNCNvNtNtNtCseriWsCb5ev6_4koan8builtins6fn_def8finalize21finalize_fn_with_kind0B9_
FNDA:9,_RNCNvNtNtNtCscUx3zdyuqfq_4koan8builtins6fn_def8finalize17defer_via_combine0B9_
FNDA:17,_RNCNvNtNtNtCscUx3zdyuqfq_4koan8builtins6fn_def8finalize21finalize_fn_with_kind0B9_
FNDA:7,_RNvNtNtNtCscUx3zdyuqfq_4koan8builtins6fn_def8finalize11finalize_fn
FNDA:9,_RNvNtNtNtCscUx3zdyuqfq_4koan8builtins6fn_def8finalize17defer_via_combine
FNDA:17,_RNvNtNtNtCscUx3zdyuqfq_4koan8builtins6fn_def8finalize21finalize_fn_with_kind
FNDA:17,_RNvNtNtNtCscUx3zdyuqfq_4koan8builtins6fn_def8finalize8classify
FNDA:138,_RNvNtNtNtCseriWsCb5ev6_4koan8builtins6fn_def8finalize11finalize_fn
FNDA:72,_RNvNtNtNtCseriWsCb5ev6_4koan8builtins6fn_def8finalize17defer_via_combine
FNDA:225,_RNvNtNtNtCseriWsCb5ev6_4koan8builtins6fn_def8finalize21finalize_fn_with_kind
FNDA:227,_RNvNtNtNtCseriWsCb5ev6_4koan8builtins6fn_def8finalize8classify
FNDA:72,_RNCNvNtNtNtCseriWsCb5ev6_4koan8builtins6fn_def8finalize17defer_via_combine0B9_
FNDA:231,_RNCNvNtNtNtCseriWsCb5ev6_4koan8builtins6fn_def8finalize21finalize_fn_with_kind0B9_
FNF:6
FNH:6
DA:90,244
DA:91,244
DA:92,153
DA:93,153
DA:94,153
DA:95,153
DA:96,10
DA:97,10
DA:98,10
DA:99,10
DA:100,4
DA:102,4
DA:103,4
DA:104,4
DA:105,4
DA:106,4
DA:107,4
DA:108,4
DA:111,75
DA:113,75
DA:114,75
DA:116,75
DA:117,75
DA:118,75
DA:119,75
DA:120,75
DA:121,75
DA:122,75
DA:124,1
DA:126,1
DA:127,1
DA:129,1
DA:130,1
DA:131,1
DA:132,1
DA:133,1
DA:134,1
DA:135,1
DA:136,1
DA:137,1
DA:139,1
DA:141,1
DA:142,1
DA:147,1
DA:148,1
DA:149,1
DA:150,1
DA:151,1
DA:152,1
DA:153,1
DA:154,1
DA:156,0
DA:159,0
DA:160,0
DA:161,0
DA:162,0
DA:163,0
DA:164,0
DA:165,0
DA:169,0
DA:170,0
DA:173,0
DA:174,0
DA:177,0
DA:178,0
DA:179,0
DA:180,0
DA:181,0
DA:182,0
DA:183,0
DA:184,0
DA:187,244
DA:191,145
DA:192,145
DA:193,145
DA:194,145
DA:195,145
DA:196,145
DA:197,145
DA:198,145
DA:199,145
DA:200,145
DA:201,145
DA:202,145
DA:203,145
DA:204,145
DA:206,145
DA:218,242
DA:219,242
DA:220,242
DA:221,242
DA:222,242
DA:223,242
DA:224,242
DA:225,242
DA:226,242
DA:229,242
DA:230,22
DA:231,20
DA:232,0
DA:233,0
DA:234,0
DA:235,0
DA:236,0
DA:237,20
DA:238,2
DA:239,220
DA:245,248
DA:246,234
DA:247,14
DA:248,248
DA:250,242
DA:251,242
DA:252,242
DA:253,242
DA:255,242
DA:259,242
DA:260,242
DA:261,242
DA:262,242
DA:263,242
DA:264,242
DA:265,242
DA:266,242
DA:267,242
DA:270,242
DA:274,242
DA:275,235
DA:276,234
DA:278,1
DA:279,1
DA:280,1
DA:281,1
DA:284,234
DA:285,1
DA:286,233
DA:287,7
DA:290,240
DA:291,242
DA:302,81
DA:303,81
DA:304,81
DA:305,81
DA:306,81
DA:307,81
DA:308,81
DA:309,81
DA:310,81
DA:312,81
DA:313,81
DA:314,81
DA:315,81
DA:316,81
DA:317,81
DA:323,81
DA:324,81
DA:325,81
DA:326,81
DA:327,5
DA:328,76
DA:329,81
DA:330,81
DA:331,59
DA:332,59
DA:333,59
DA:334,59
DA:336,81
DA:337,81
DA:338,81
DA:339,59
DA:343,59
DA:344,1
DA:345,1
DA:346,1
DA:347,1
DA:348,1
DA:349,58
DA:350,58
DA:352,80
DA:357,80
DA:358,79
DA:359,1
DA:364,79
DA:365,0
DA:367,79
DA:368,79
DA:369,79
DA:370,0
DA:371,0
DA:374,0
DA:375,0
DA:376,0
DA:381,79
DA:382,79
DA:383,79
DA:384,79
DA:385,79
DA:386,79
DA:387,79
DA:389,81
DA:390,81
DA:391,81
DA:392,81
BRF:0
BRH:0
LF:205
LH:173
end_of_record
SF:/var/home/jack/Code/koan/src/builtins/fn_def/param_refs.rs
FN:23,_RNCNvNtNtNtCscUx3zdyuqfq_4koan8builtins6fn_def10param_refs19part_references_any0B9_
FN:30,_RNCNvNtNtNtCscUx3zdyuqfq_4koan8builtins6fn_def10param_refs19part_references_anys0_0B9_
FN:28,_RNCNvNtNtNtCscUx3zdyuqfq_4koan8builtins6fn_def10param_refs19part_references_anys_0B9_
FN:12,_RNCNvNtNtNtCscUx3zdyuqfq_4koan8builtins6fn_def10param_refs24type_expr_references_any0B9_
FN:18,_RNCNvNtNtNtCscUx3zdyuqfq_4koan8builtins6fn_def10param_refs26kexpression_references_any0B9_
FN:21,_RNvNtNtNtCscUx3zdyuqfq_4koan8builtins6fn_def10param_refs19part_references_any
FN:11,_RNvNtNtNtCscUx3zdyuqfq_4koan8builtins6fn_def10param_refs24type_expr_references_any
FN:15,_RNvNtNtNtCscUx3zdyuqfq_4koan8builtins6fn_def10param_refs26kexpression_references_any
FN:21,_RNvNtNtNtCseriWsCb5ev6_4koan8builtins6fn_def10param_refs19part_references_any
FN:11,_RNvNtNtNtCseriWsCb5ev6_4koan8builtins6fn_def10param_refs24type_expr_references_any
FN:15,_RNvNtNtNtCseriWsCb5ev6_4koan8builtins6fn_def10param_refs26kexpression_references_any
FN:23,_RNCNvNtNtNtCseriWsCb5ev6_4koan8builtins6fn_def10param_refs19part_references_any0B9_
FN:30,_RNCNvNtNtNtCseriWsCb5ev6_4koan8builtins6fn_def10param_refs19part_references_anys0_0B9_
FN:28,_RNCNvNtNtNtCseriWsCb5ev6_4koan8builtins6fn_def10param_refs19part_references_anys_0B9_
FN:12,_RNCNvNtNtNtCseriWsCb5ev6_4koan8builtins6fn_def10param_refs24type_expr_references_any0B9_
FN:18,_RNCNvNtNtNtCseriWsCb5ev6_4koan8builtins6fn_def10param_refs26kexpression_references_any0B9_
FNDA:0,_RNCNvNtNtNtCscUx3zdyuqfq_4koan8builtins6fn_def10param_refs19part_references_any0B9_
FNDA:0,_RNCNvNtNtNtCscUx3zdyuqfq_4koan8builtins6fn_def10param_refs19part_references_anys0_0B9_
FNDA:0,_RNCNvNtNtNtCscUx3zdyuqfq_4koan8builtins6fn_def10param_refs19part_references_anys_0B9_
FNDA:1,_RNCNvNtNtNtCscUx3zdyuqfq_4koan8builtins6fn_def10param_refs24type_expr_references_any0B9_
FNDA:0,_RNCNvNtNtNtCscUx3zdyuqfq_4koan8builtins6fn_def10param_refs26kexpression_references_any0B9_
FNDA:0,_RNvNtNtNtCscUx3zdyuqfq_4koan8builtins6fn_def10param_refs19part_references_any
FNDA:1,_RNvNtNtNtCscUx3zdyuqfq_4koan8builtins6fn_def10param_refs24type_expr_references_any
FNDA:0,_RNvNtNtNtCscUx3zdyuqfq_4koan8builtins6fn_def10param_refs26kexpression_references_any
FNDA:44,_RNvNtNtNtCseriWsCb5ev6_4koan8builtins6fn_def10param_refs19part_references_any
FNDA:29,_RNvNtNtNtCseriWsCb5ev6_4koan8builtins6fn_def10param_refs24type_expr_references_any
FNDA:20,_RNvNtNtNtCseriWsCb5ev6_4koan8builtins6fn_def10param_refs26kexpression_references_any
FNDA:4,_RNCNvNtNtNtCseriWsCb5ev6_4koan8builtins6fn_def10param_refs19part_references_any0B9_
FNDA:1,_RNCNvNtNtNtCseriWsCb5ev6_4koan8builtins6fn_def10param_refs19part_references_anys0_0B9_
FNDA:1,_RNCNvNtNtNtCseriWsCb5ev6_4koan8builtins6fn_def10param_refs19part_references_anys_0B9_
FNDA:27,_RNCNvNtNtNtCseriWsCb5ev6_4koan8builtins6fn_def10param_refs24type_expr_references_any0B9_
FNDA:41,_RNCNvNtNtNtCseriWsCb5ev6_4koan8builtins6fn_def10param_refs26kexpression_references_any0B9_
FNF:8
FNH:8
DA:11,30
DA:12,30
DA:13,30
DA:15,20
DA:16,20
DA:17,20
DA:18,41
DA:19,20
DA:21,44
DA:22,44
DA:23,4
DA:24,19
DA:25,7
DA:26,0
DA:27,1
DA:28,1
DA:30,1
DA:31,1
DA:32,1
DA:33,12
DA:35,44
BRF:0
BRH:0
LF:26
LH:25
end_of_record
SF:/var/home/jack/Code/koan/src/builtins/fn_def/return_type.rs
FN:207,_RNCNvNtNtNtCscUx3zdyuqfq_4koan8builtins6fn_def11return_type31verdict_for_deferred_expression0B9_
FN:230,_RNvNtNtNtCscUx3zdyuqfq_4koan8builtins6fn_def11return_type12make_capture
FN:100,_RNvNtNtNtCscUx3zdyuqfq_4koan8builtins6fn_def11return_type20classify_return_type
FN:166,_RNvNtNtNtCscUx3zdyuqfq_4koan8builtins6fn_def11return_type20verdict_for_resolved
FN:57,_RNvNtNtNtCscUx3zdyuqfq_4koan8builtins6fn_def11return_type23extract_return_type_raw
FN:237,_RNvNtNtNtCscUx3zdyuqfq_4koan8builtins6fn_def11return_type25resolve_capture_at_finish
FN:181,_RNvNtNtNtCscUx3zdyuqfq_4koan8builtins6fn_def11return_type30verdict_for_deferred_type_expr
FN:206,_RNvNtNtNtCscUx3zdyuqfq_4koan8builtins6fn_def11return_type31verdict_for_deferred_expression
FN:230,_RNvNtNtNtCseriWsCb5ev6_4koan8builtins6fn_def11return_type12make_capture
FN:100,_RNvNtNtNtCseriWsCb5ev6_4koan8builtins6fn_def11return_type20classify_return_type
FN:166,_RNvNtNtNtCseriWsCb5ev6_4koan8builtins6fn_def11return_type20verdict_for_resolved
FN:57,_RNvNtNtNtCseriWsCb5ev6_4koan8builtins6fn_def11return_type23extract_return_type_raw
FN:237,_RNvNtNtNtCseriWsCb5ev6_4koan8builtins6fn_def11return_type25resolve_capture_at_finish
FN:181,_RNvNtNtNtCseriWsCb5ev6_4koan8builtins6fn_def11return_type30verdict_for_deferred_type_expr
FN:206,_RNvNtNtNtCseriWsCb5ev6_4koan8builtins6fn_def11return_type31verdict_for_deferred_expression
FN:207,_RNCNvNtNtNtCseriWsCb5ev6_4koan8builtins6fn_def11return_type31verdict_for_deferred_expression0B9_
FNDA:0,_RNCNvNtNtNtCscUx3zdyuqfq_4koan8builtins6fn_def11return_type31verdict_for_deferred_expression0B9_
FNDA:0,_RNvNtNtNtCscUx3zdyuqfq_4koan8builtins6fn_def11return_type12make_capture
FNDA:17,_RNvNtNtNtCscUx3zdyuqfq_4koan8builtins6fn_def11return_type20classify_return_type
FNDA:17,_RNvNtNtNtCscUx3zdyuqfq_4koan8builtins6fn_def11return_type20verdict_for_resolved
FNDA:17,_RNvNtNtNtCscUx3zdyuqfq_4koan8builtins6fn_def11return_type23extract_return_type_raw
FNDA:9,_RNvNtNtNtCscUx3zdyuqfq_4koan8builtins6fn_def11return_type25resolve_capture_at_finish
FNDA:0,_RNvNtNtNtCscUx3zdyuqfq_4koan8builtins6fn_def11return_type30verdict_for_deferred_type_expr
FNDA:0,_RNvNtNtNtCscUx3zdyuqfq_4koan8builtins6fn_def11return_type31verdict_for_deferred_expression
FNDA:0,_RNvNtNtNtCseriWsCb5ev6_4koan8builtins6fn_def11return_type12make_capture
FNDA:235,_RNvNtNtNtCseriWsCb5ev6_4koan8builtins6fn_def11return_type20classify_return_type
FNDA:216,_RNvNtNtNtCseriWsCb5ev6_4koan8builtins6fn_def11return_type20verdict_for_resolved
FNDA:324,_RNvNtNtNtCseriWsCb5ev6_4koan8builtins6fn_def11return_type23extract_return_type_raw
FNDA:71,_RNvNtNtNtCseriWsCb5ev6_4koan8builtins6fn_def11return_type25resolve_capture_at_finish
FNDA:2,_RNvNtNtNtCseriWsCb5ev6_4koan8builtins6fn_def11return_type30verdict_for_deferred_type_expr
FNDA:1,_RNvNtNtNtCseriWsCb5ev6_4koan8builtins6fn_def11return_type31verdict_for_deferred_expression
FNDA:1,_RNCNvNtNtNtCseriWsCb5ev6_4koan8builtins6fn_def11return_type31verdict_for_deferred_expression0B9_
FNF:8
FNH:7
DA:57,341
DA:58,341
DA:59,341
DA:60,341
DA:61,317
DA:62,317
DA:63,0
DA:65,11
DA:66,11
DA:67,0
DA:69,13
DA:70,13
DA:71,0
DA:73,0
DA:74,0
DA:75,0
DA:76,0
DA:78,341
DA:100,252
DA:101,252
DA:102,252
DA:103,252
DA:104,252
DA:105,252
DA:106,252
DA:107,228
DA:108,228
DA:109,228
DA:111,11
DA:112,11
DA:113,4
DA:114,2
DA:115,2
DA:117,4
DA:118,4
DA:119,4
DA:120,4
DA:121,7
DA:122,7
DA:123,7
DA:124,5
DA:125,0
DA:126,0
DA:128,2
DA:129,0
DA:131,2
DA:132,2
DA:133,2
DA:137,5
DA:138,5
DA:139,5
DA:141,0
DA:143,5
DA:145,13
DA:146,13
DA:147,8
DA:148,1
DA:149,7
DA:151,8
DA:152,8
DA:153,8
DA:154,8
DA:156,5
DA:157,5
DA:158,5
DA:159,5
DA:163,252
DA:166,233
DA:167,233
DA:168,231
DA:170,2
DA:171,2
DA:172,2
DA:173,2
DA:175,233
DA:181,2
DA:182,2
DA:183,2
DA:184,2
DA:187,2
DA:188,2
DA:189,2
DA:191,0
DA:192,0
DA:193,0
DA:194,0
DA:195,0
DA:196,0
DA:199,0
DA:201,2
DA:206,1
DA:207,1
DA:208,1
DA:209,0
DA:210,1
DA:211,1
DA:212,1
DA:213,1
DA:214,1
DA:215,1
DA:216,1
DA:217,1
DA:218,0
DA:219,0
DA:220,0
DA:221,0
DA:222,0
DA:223,0
DA:224,0
DA:225,0
DA:226,0
DA:228,1
DA:230,0
DA:231,0
DA:232,0
DA:237,80
DA:238,80
DA:239,80
DA:240,80
DA:241,80
DA:242,80
DA:243,74
DA:244,0
DA:245,0
DA:246,0
DA:247,0
DA:248,0
DA:249,0
DA:250,0
DA:251,0
DA:252,0
DA:253,0
DA:254,0
DA:255,0
DA:259,0
DA:260,0
DA:261,0
DA:262,0
DA:263,0
DA:264,0
DA:265,0
DA:266,0
DA:268,1
DA:269,5
DA:270,5
DA:271,5
DA:272,4
DA:273,1
DA:274,1
DA:275,1
DA:276,1
DA:277,1
DA:281,80
BRF:0
BRH:0
LF:154
LH:103
end_of_record
SF:/var/home/jack/Code/koan/src/builtins/fn_def/signature.rs
FN:187,_RNvNtNtNtCscUx3zdyuqfq_4koan8builtins6fn_def9signature13binder_bucket
FN:60,_RNvNtNtNtCscUx3zdyuqfq_4koan8builtins6fn_def9signature19parse_fn_param_list
FN:243,_RNvNtNtNtCscUx3zdyuqfq_4koan8builtins6fn_def9signature19signature_expr_part
FN:11,_RNvNtNtNtCscUx3zdyuqfq_4koan8builtins6fn_def9signature34collect_param_names_from_signature
FN:169,_RNvNtNtNtCscUx3zdyuqfq_4koan8builtins6fn_def9signature11binder_name
FN:202,_RNCNvNtNtNtCscUx3zdyuqfq_4koan8builtins6fn_def9signature13binder_bucket0B9_
FN:219,_RNCNvNtNtNtCscUx3zdyuqfq_4koan8builtins6fn_def9signature13binder_buckets_0B9_
FN:169,_RNvNtNtNtCseriWsCb5ev6_4koan8builtins6fn_def9signature11binder_name
FN:187,_RNvNtNtNtCseriWsCb5ev6_4koan8builtins6fn_def9signature13binder_bucket
FN:60,_RNvNtNtNtCseriWsCb5ev6_4koan8builtins6fn_def9signature19parse_fn_param_list
FN:243,_RNvNtNtNtCseriWsCb5ev6_4koan8builtins6fn_def9signature19signature_expr_part
FN:11,_RNvNtNtNtCseriWsCb5ev6_4koan8builtins6fn_def9signature34collect_param_names_from_signature
FN:202,_RNCNvNtNtNtCseriWsCb5ev6_4koan8builtins6fn_def9signature13binder_bucket0B9_
FN:219,_RNCNvNtNtNtCseriWsCb5ev6_4koan8builtins6fn_def9signature13binder_buckets_0B9_
FNDA:37,_RNvNtNtNtCscUx3zdyuqfq_4koan8builtins6fn_def9signature13binder_bucket
FNDA:26,_RNvNtNtNtCscUx3zdyuqfq_4koan8builtins6fn_def9signature19parse_fn_param_list
FNDA:37,_RNvNtNtNtCscUx3zdyuqfq_4koan8builtins6fn_def9signature19signature_expr_part
FNDA:17,_RNvNtNtNtCscUx3zdyuqfq_4koan8builtins6fn_def9signature34collect_param_names_from_signature
FNDA:0,_RNvNtNtNtCscUx3zdyuqfq_4koan8builtins6fn_def9signature11binder_name
FNDA:29,_RNCNvNtNtNtCscUx3zdyuqfq_4koan8builtins6fn_def9signature13binder_bucket0B9_
FNDA:12,_RNCNvNtNtNtCscUx3zdyuqfq_4koan8builtins6fn_def9signature13binder_buckets_0B9_
FNDA:1,_RNvNtNtNtCseriWsCb5ev6_4koan8builtins6fn_def9signature11binder_name
FNDA:488,_RNvNtNtNtCseriWsCb5ev6_4koan8builtins6fn_def9signature13binder_bucket
FNDA:293,_RNvNtNtNtCseriWsCb5ev6_4koan8builtins6fn_def9signature19parse_fn_param_list
FNDA:489,_RNvNtNtNtCseriWsCb5ev6_4koan8builtins6fn_def9signature19signature_expr_part
FNDA:228,_RNvNtNtNtCseriWsCb5ev6_4koan8builtins6fn_def9signature34collect_param_names_from_signature
FNDA:328,_RNCNvNtNtNtCseriWsCb5ev6_4koan8builtins6fn_def9signature13binder_bucket0B9_
FNDA:52,_RNCNvNtNtNtCseriWsCb5ev6_4koan8builtins6fn_def9signature13binder_buckets_0B9_
FNF:7
FNH:7
DA:11,245
DA:12,245
DA:13,245
DA:14,245
DA:15,700
DA:16,455
DA:17,178
DA:18,30
DA:19,247
DA:21,455
DA:22,208
DA:23,208
DA:24,206
DA:30,208
DA:31,206
DA:32,206
DA:33,206
DA:34,2
DA:35,247
DA:36,249
DA:38,245
DA:39,245
DA:60,319
DA:61,319
DA:62,319
DA:63,319
DA:64,319
DA:65,319
DA:66,319
DA:67,319
DA:68,319
DA:69,319
DA:70,921
DA:73,604
DA:74,243
DA:75,40
DA:76,321
DA:78,604
DA:79,321
DA:80,321
DA:81,321
DA:82,321
DA:83,283
DA:84,283
DA:85,58
DA:86,164
DA:87,164
DA:88,145
DA:89,145
DA:90,145
DA:91,145
DA:92,145
DA:93,145
DA:94,18
DA:95,18
DA:96,18
DA:97,1
DA:98,1
DA:99,1
DA:100,1
DA:101,0
DA:103,164
DA:105,4
DA:106,4
DA:107,4
DA:108,4
DA:109,55
DA:110,55
DA:111,55
DA:112,55
DA:113,55
DA:114,55
DA:115,55
DA:116,55
DA:117,55
DA:118,55
DA:119,58
DA:120,58
DA:121,58
DA:122,58
DA:123,58
DA:124,58
DA:125,58
DA:126,0
DA:127,0
DA:128,0
DA:129,0
DA:130,0
DA:131,0
DA:134,2
DA:135,2
DA:136,2
DA:137,2
DA:141,0
DA:142,0
DA:143,0
DA:144,0
DA:145,0
DA:147,0
DA:148,0
DA:149,0
DA:150,0
DA:151,0
DA:155,317
DA:156,1
DA:157,316
DA:158,316
DA:159,77
DA:160,77
DA:161,77
DA:162,77
DA:163,239
DA:164,239
DA:165,319
DA:169,1
DA:170,1
DA:171,1
DA:172,1
DA:173,1
DA:174,0
DA:176,0
DA:177,1
DA:187,525
DA:188,525
DA:189,525
DA:191,525
DA:192,509
DA:193,509
DA:194,509
DA:195,1447
DA:196,938
DA:197,513
DA:198,513
DA:199,513
DA:200,513
DA:202,361
DA:203,0
DA:204,357
DA:210,357
DA:211,361
DA:212,357
DA:213,357
DA:214,357
DA:215,4
DA:216,4
DA:219,64
DA:220,0
DA:221,64
DA:227,64
DA:228,64
DA:229,64
DA:230,64
DA:231,64
DA:232,0
DA:233,0
DA:235,0
DA:236,0
DA:237,0
DA:240,509
DA:241,525
DA:243,526
DA:244,526
DA:245,526
DA:246,510
DA:247,16
DA:249,526
BRF:0
BRH:0
LF:168
LH:142
end_of_record
SF:/var/home/jack/Code/koan/src/builtins/functor_def.rs
FN:101,_RNCNvNtNtCscUx3zdyuqfq_4koan8builtins11functor_def4body0B7_
FN:135,_RNvNtNtCscUx3zdyuqfq_4koan8builtins11functor_def19collect_param_types
FN:40,_RNvNtNtCscUx3zdyuqfq_4koan8builtins11functor_def4body
FN:166,_RNvNtNtCscUx3zdyuqfq_4koan8builtins11functor_def8register
FN:101,_RNCNvNtNtCseriWsCb5ev6_4koan8builtins11functor_def4body0B7_
FN:135,_RNvNtNtCseriWsCb5ev6_4koan8builtins11functor_def19collect_param_types
FN:40,_RNvNtNtCseriWsCb5ev6_4koan8builtins11functor_def4body
FN:166,_RNvNtNtCseriWsCb5ev6_4koan8builtins11functor_def8register
FNDA:7,_RNCNvNtNtCscUx3zdyuqfq_4koan8builtins11functor_def4body0B7_
FNDA:7,_RNvNtNtCscUx3zdyuqfq_4koan8builtins11functor_def19collect_param_types
FNDA:7,_RNvNtNtCscUx3zdyuqfq_4koan8builtins11functor_def4body
FNDA:43,_RNvNtNtCscUx3zdyuqfq_4koan8builtins11functor_def8register
FNDA:15,_RNCNvNtNtCseriWsCb5ev6_4koan8builtins11functor_def4body0B7_
FNDA:18,_RNvNtNtCseriWsCb5ev6_4koan8builtins11functor_def19collect_param_types
FNDA:18,_RNvNtNtCseriWsCb5ev6_4koan8builtins11functor_def4body
FNDA:520,_RNvNtNtCseriWsCb5ev6_4koan8builtins11functor_def8register
FNF:4
FNH:4
DA:40,25
DA:41,25
DA:42,25
DA:43,25
DA:44,25
DA:45,25
DA:46,25
DA:48,0
DA:49,0
DA:50,0
DA:53,25
DA:54,25
DA:55,0
DA:57,25
DA:58,25
DA:60,0
DA:61,0
DA:62,0
DA:65,25
DA:70,25
DA:72,25
DA:76,25
DA:77,25
DA:78,25
DA:79,0
DA:81,25
DA:82,3
DA:83,22
DA:85,22
DA:86,11
DA:87,0
DA:89,11
DA:90,11
DA:91,11
DA:92,11
DA:93,11
DA:94,11
DA:99,22
DA:100,22
DA:101,22
DA:102,22
DA:104,22
DA:106,11
DA:107,11
DA:108,11
DA:109,11
DA:110,11
DA:111,11
DA:112,11
DA:113,11
DA:114,11
DA:116,11
DA:119,11
DA:120,11
DA:121,11
DA:122,11
DA:123,11
DA:124,11
DA:125,11
DA:126,11
DA:130,25
DA:135,25
DA:136,25
DA:137,25
DA:138,25
DA:140,25
DA:141,25
DA:142,25
DA:143,25
DA:144,75
DA:145,50
DA:146,7
DA:147,18
DA:148,25
DA:150,50
DA:151,25
DA:152,25
DA:153,25
DA:154,14
DA:155,14
DA:156,0
DA:157,0
DA:158,25
DA:159,25
DA:160,25
DA:161,25
DA:163,25
DA:164,25
DA:166,563
DA:173,563
DA:174,563
DA:175,563
DA:176,563
DA:177,563
DA:178,563
DA:179,563
DA:180,563
DA:181,563
DA:182,563
DA:183,563
DA:184,563
DA:187,563
DA:188,563
DA:189,563
DA:194,563
DA:195,563
DA:196,563
DA:197,563
DA:198,563
DA:199,563
DA:200,563
DA:201,563
DA:202,563
DA:203,563
DA:204,563
DA:205,563
DA:208,563
DA:209,563
DA:210,563
DA:215,563
BRF:0
BRH:0
LF:121
LH:110
end_of_record
SF:/var/home/jack/Code/koan/src/builtins/let_binding.rs
FN:241,_RNvNtNtCscUx3zdyuqfq_4koan8builtins11let_binding11binder_name
FN:214,_RNvNtNtCscUx3zdyuqfq_4koan8builtins11let_binding18type_side_identity
FN:226,_RNvNtNtCscUx3zdyuqfq_4koan8builtins11let_binding21capitalize_identifier
FN:195,_RNvNtNtCscUx3zdyuqfq_4koan8builtins11let_binding28is_admissible_type_class_rhs
FN:13,_RNvNtNtCscUx3zdyuqfq_4koan8builtins11let_binding4body
FN:249,_RNvNtNtCscUx3zdyuqfq_4koan8builtins11let_binding8register
FN:23,_RNCNvNtNtCscUx3zdyuqfq_4koan8builtins11let_binding4body0B7_
FN:23,_RNCNvNtNtCseriWsCb5ev6_4koan8builtins11let_binding4body0B7_
FN:241,_RNvNtNtCseriWsCb5ev6_4koan8builtins11let_binding11binder_name
FN:214,_RNvNtNtCseriWsCb5ev6_4koan8builtins11let_binding18type_side_identity
FN:226,_RNvNtNtCseriWsCb5ev6_4koan8builtins11let_binding21capitalize_identifier
FN:195,_RNvNtNtCseriWsCb5ev6_4koan8builtins11let_binding28is_admissible_type_class_rhs
FN:13,_RNvNtNtCseriWsCb5ev6_4koan8builtins11let_binding4body
FN:249,_RNvNtNtCseriWsCb5ev6_4koan8builtins11let_binding8register
FNDA:167,_RNvNtNtCscUx3zdyuqfq_4koan8builtins11let_binding11binder_name
FNDA:22,_RNvNtNtCscUx3zdyuqfq_4koan8builtins11let_binding18type_side_identity
FNDA:0,_RNvNtNtCscUx3zdyuqfq_4koan8builtins11let_binding21capitalize_identifier
FNDA:22,_RNvNtNtCscUx3zdyuqfq_4koan8builtins11let_binding28is_admissible_type_class_rhs
FNDA:59,_RNvNtNtCscUx3zdyuqfq_4koan8builtins11let_binding4body
FNDA:43,_RNvNtNtCscUx3zdyuqfq_4koan8builtins11let_binding8register
FNDA:59,_RNCNvNtNtCscUx3zdyuqfq_4koan8builtins11let_binding4body0B7_
FNDA:379,_RNCNvNtNtCseriWsCb5ev6_4koan8builtins11let_binding4body0B7_
FNDA:956,_RNvNtNtCseriWsCb5ev6_4koan8builtins11let_binding11binder_name
FNDA:118,_RNvNtNtCseriWsCb5ev6_4koan8builtins11let_binding18type_side_identity
FNDA:3,_RNvNtNtCseriWsCb5ev6_4koan8builtins11let_binding21capitalize_identifier
FNDA:121,_RNvNtNtCseriWsCb5ev6_4koan8builtins11let_binding28is_admissible_type_class_rhs
FNDA:380,_RNvNtNtCseriWsCb5ev6_4koan8builtins11let_binding4body
FNDA:520,_RNvNtNtCseriWsCb5ev6_4koan8builtins11let_binding8register
FNF:7
FNH:7
DA:13,439
DA:14,439
DA:15,439
DA:16,439
DA:17,439
DA:21,439
DA:22,439
DA:23,439
DA:24,439
DA:25,439
DA:26,439
DA:27,0
DA:33,439
DA:34,439
DA:35,295
DA:39,295
DA:40,1
DA:41,1
DA:42,293
DA:44,295
DA:45,2
DA:46,2
DA:47,2
DA:48,2
DA:49,2
DA:50,2
DA:51,2
DA:52,2
DA:53,293
DA:54,293
DA:56,108
DA:57,108
DA:58,108
DA:59,3
DA:60,3
DA:61,3
DA:62,3
DA:63,105
DA:69,105
DA:70,105
DA:73,36
DA:80,1
DA:81,1
DA:82,1
DA:83,1
DA:86,35
DA:87,35
DA:88,0
DA:89,0
DA:90,0
DA:91,0
DA:92,35
DA:98,35
DA:99,35
DA:102,0
DA:103,0
DA:104,0
DA:105,0
DA:106,0
DA:107,0
DA:109,0
DA:114,433
DA:115,2
DA:116,2
DA:117,2
DA:118,2
DA:119,431
DA:120,431
DA:121,431
DA:122,431
DA:123,431
DA:141,140
DA:142,5
DA:143,5
DA:144,5
DA:145,4
DA:147,140
DA:148,30
DA:149,30
DA:150,30
DA:151,30
DA:153,110
DA:155,140
DA:163,24
DA:164,1
DA:165,1
DA:166,1
DA:167,1
DA:168,1
DA:169,1
DA:170,290
DA:174,290
DA:175,1
DA:176,1
DA:177,1
DA:178,1
DA:179,1
DA:180,289
DA:181,289
DA:182,1
DA:183,288
DA:185,428
DA:186,439
DA:195,143
DA:196,143
DA:197,134
DA:198,9
DA:199,9
DA:200,7
DA:201,2
DA:202,2
DA:203,143
DA:214,140
DA:215,6
DA:216,134
DA:217,6
DA:218,0
DA:220,140
DA:226,3
DA:227,3
DA:228,3
DA:229,3
DA:230,3
DA:231,3
DA:232,3
DA:233,3
DA:235,0
DA:237,3
DA:241,1123
DA:242,1123
DA:243,744
DA:244,376
DA:245,3
DA:247,1123
DA:249,563
DA:250,563
DA:251,563
DA:252,563
DA:253,563
DA:254,563
DA:255,563
DA:256,563
DA:257,563
DA:258,563
DA:259,563
DA:262,563
DA:263,563
DA:265,563
DA:266,563
DA:267,563
DA:268,563
DA:269,563
DA:270,563
DA:271,563
DA:272,563
DA:273,563
DA:274,563
DA:277,563
DA:278,563
DA:280,563
BRF:0
BRH:0
LF:161
LH:147
end_of_record
SF:/var/home/jack/Code/koan/src/builtins/match_case.rs
FN:93,_RNCNvNtNtCscUx3zdyuqfq_4koan8builtins10match_case4body0B7_
FN:27,_RNvNtNtCscUx3zdyuqfq_4koan8builtins10match_case4body
FN:104,_RNvNtNtCscUx3zdyuqfq_4koan8builtins10match_case8register
FN:130,_RNvNtNtNtCseriWsCb5ev6_4koan8builtins10match_case5tests11run_program
FN:169,_RNvNtNtNtCseriWsCb5ev6_4koan8builtins10match_case5testss_25match_inexhaustive_errors
FN:149,_RNvNtNtNtCseriWsCb5ev6_4koan8builtins10match_case5testss_29match_binds_inner_value_to_it
FN:245,_RNvNtNtNtCseriWsCb5ev6_4koan8builtins10match_case5testss_29recursive_tagged_match_no_uaf
FN:260,_RNvNtNtNtCseriWsCb5ev6_4koan8builtins10match_case5testss_33match_on_bool_inexhaustive_errors
FN:229,_RNvNtNtNtCseriWsCb5ev6_4koan8builtins10match_case5testss_36match_on_bool_true_takes_true_branch
FN:159,_RNvNtNtNtCseriWsCb5ev6_4koan8builtins10match_case5testss_37match_does_not_run_unmatched_branches
FN:237,_RNvNtNtNtCseriWsCb5ev6_4koan8builtins10match_case5testss_38match_on_bool_false_takes_false_branch
FN:139,_RNvNtNtNtCseriWsCb5ev6_4koan8builtins10match_case5testss_40match_dispatches_branch_for_matching_tag
FN:219,_RNvNtNtNtCseriWsCb5ev6_4koan8builtins10match_case5testss_40match_other_branch_runs_when_tag_matches
FN:187,_RNvNtNtNtCseriWsCb5ev6_4koan8builtins10match_case5testss_47match_arm_violating_declared_return_type_errors
FN:274,_RNvNtNtNtCseriWsCb5ev6_4koan8builtins10match_case5testss_47multi_statement_match_branch_returns_last_value
FN:206,_RNvNtNtNtCseriWsCb5ev6_4koan8builtins10match_case5testss_54match_value_is_admissible_against_declared_return_slot
FN:289,_RNvNtNtNtCseriWsCb5ev6_4koan8builtins10match_case5testss_59fn_recursion_with_multi_statement_body_via_match_terminates
FN:93,_RNCNvNtNtCseriWsCb5ev6_4koan8builtins10match_case4body0B7_
FN:27,_RNvNtNtCseriWsCb5ev6_4koan8builtins10match_case4body
FN:104,_RNvNtNtCseriWsCb5ev6_4koan8builtins10match_case8register
FNDA:0,_RNCNvNtNtCscUx3zdyuqfq_4koan8builtins10match_case4body0B7_
FNDA:0,_RNvNtNtCscUx3zdyuqfq_4koan8builtins10match_case4body
FNDA:43,_RNvNtNtCscUx3zdyuqfq_4koan8builtins10match_case8register
FNDA:10,_RNvNtNtNtCseriWsCb5ev6_4koan8builtins10match_case5tests11run_program
FNDA:1,_RNvNtNtNtCseriWsCb5ev6_4koan8builtins10match_case5testss_25match_inexhaustive_errors
FNDA:1,_RNvNtNtNtCseriWsCb5ev6_4koan8builtins10match_case5testss_29match_binds_inner_value_to_it
FNDA:1,_RNvNtNtNtCseriWsCb5ev6_4koan8builtins10match_case5testss_29recursive_tagged_match_no_uaf
FNDA:1,_RNvNtNtNtCseriWsCb5ev6_4koan8builtins10match_case5testss_33match_on_bool_inexhaustive_errors
FNDA:1,_RNvNtNtNtCseriWsCb5ev6_4koan8builtins10match_case5testss_36match_on_bool_true_takes_true_branch
FNDA:1,_RNvNtNtNtCseriWsCb5ev6_4koan8builtins10match_case5testss_37match_does_not_run_unmatched_branches
FNDA:1,_RNvNtNtNtCseriWsCb5ev6_4koan8builtins10match_case5testss_38match_on_bool_false_takes_false_branch
FNDA:1,_RNvNtNtNtCseriWsCb5ev6_4koan8builtins10match_case5testss_40match_dispatches_branch_for_matching_tag
FNDA:1,_RNvNtNtNtCseriWsCb5ev6_4koan8builtins10match_case5testss_40match_other_branch_runs_when_tag_matches
FNDA:1,_RNvNtNtNtCseriWsCb5ev6_4koan8builtins10match_case5testss_47match_arm_violating_declared_return_type_errors
FNDA:1,_RNvNtNtNtCseriWsCb5ev6_4koan8builtins10match_case5testss_47multi_statement_match_branch_returns_last_value
FNDA:1,_RNvNtNtNtCseriWsCb5ev6_4koan8builtins10match_case5testss_54match_value_is_admissible_against_declared_return_slot
FNDA:1,_RNvNtNtNtCseriWsCb5ev6_4koan8builtins10match_case5testss_59fn_recursion_with_multi_statement_body_via_match_terminates
FNDA:1,_RNCNvNtNtCseriWsCb5ev6_4koan8builtins10match_case4body0B7_
FNDA:71,_RNvNtNtCseriWsCb5ev6_4koan8builtins10match_case4body
FNDA:520,_RNvNtNtCseriWsCb5ev6_4koan8builtins10match_case8register
FNF:17
FNH:17
DA:27,71
DA:28,71
DA:29,71
DA:30,71
DA:31,71
DA:32,71
DA:33,64
DA:34,7
DA:35,7
DA:36,5
DA:38,2
DA:40,7
DA:42,0
DA:43,0
DA:44,0
DA:45,0
DA:46,0
DA:47,0
DA:49,0
DA:51,71
DA:52,71
DA:53,0
DA:55,71
DA:56,71
DA:58,0
DA:59,0
DA:60,0
DA:63,71
DA:64,68
DA:66,3
DA:67,3
DA:68,3
DA:69,3
DA:71,0
DA:74,68
DA:75,68
DA:76,68
DA:79,68
DA:82,68
DA:83,68
DA:84,68
DA:85,68
DA:86,1
DA:87,1
DA:88,1
DA:89,1
DA:90,1
DA:91,1
DA:92,1
DA:93,1
DA:94,1
DA:95,1
DA:97,1
DA:99,67
DA:100,67
DA:102,71
DA:104,563
DA:105,563
DA:106,563
DA:107,563
DA:108,563
DA:109,563
DA:110,563
DA:111,563
DA:112,563
DA:113,563
DA:114,563
DA:115,563
DA:116,563
DA:119,563
DA:121,563
DA:130,10
DA:131,10
DA:132,10
DA:133,10
DA:134,10
DA:135,10
DA:136,10
DA:139,1
DA:140,1
DA:141,1
DA:142,1
DA:143,1
DA:145,1
DA:146,1
DA:149,1
DA:150,1
DA:151,1
DA:152,1
DA:153,1
DA:155,1
DA:156,1
DA:159,1
DA:160,1
DA:161,1
DA:162,1
DA:163,1
DA:165,1
DA:166,1
DA:169,1
DA:170,1
DA:171,1
DA:172,1
DA:173,1
DA:174,1
DA:176,1
DA:177,1
DA:178,1
DA:180,1
DA:181,1
DA:184,1
DA:187,1
DA:188,1
DA:189,1
DA:190,1
DA:191,1
DA:192,1
DA:195,1
DA:196,1
DA:197,1
DA:199,1
DA:200,1
DA:203,1
DA:206,1
DA:209,1
DA:210,1
DA:211,1
DA:212,1
DA:213,1
DA:215,1
DA:216,1
DA:219,1
DA:220,1
DA:221,1
DA:222,1
DA:223,1
DA:225,1
DA:226,1
DA:229,1
DA:230,1
DA:231,1
DA:233,1
DA:234,1
DA:237,1
DA:238,1
DA:239,1
DA:241,1
DA:242,1
DA:245,1
DA:248,1
DA:249,1
DA:250,1
DA:251,1
DA:252,1
DA:253,1
DA:254,1
DA:256,1
DA:257,1
DA:260,1
DA:261,1
DA:262,1
DA:263,1
DA:264,1
DA:265,1
DA:267,1
DA:268,1
DA:271,1
DA:274,1
DA:275,1
DA:276,1
DA:277,1
DA:278,1
DA:279,1
DA:280,1
DA:281,1
DA:283,1
DA:284,1
DA:285,1
DA:286,1
DA:289,1
DA:290,1
DA:291,1
DA:292,1
DA:293,1
DA:294,1
DA:295,1
DA:296,1
DA:297,1
DA:298,1
DA:299,1
DA:301,1
DA:302,1
DA:303,1
BRF:0
BRH:0
LF:194
LH:182
end_of_record
SF:/var/home/jack/Code/koan/src/builtins/module_def.rs
FN:124,_RNvNtNtCscUx3zdyuqfq_4koan8builtins10module_def11binder_name
FN:25,_RNvNtNtCscUx3zdyuqfq_4koan8builtins10module_def4body
FN:128,_RNvNtNtCscUx3zdyuqfq_4koan8builtins10module_def8register
FN:56,_RNCNvNtNtCscUx3zdyuqfq_4koan8builtins10module_def4body0B7_
FN:59,_RNCNvNtNtCscUx3zdyuqfq_4koan8builtins10module_def4bodys_0B7_
FN:155,_RNvNtNtNtCseriWsCb5ev6_4koan8builtins10module_def5tests14resolve_module
FN:217,_RNvNtNtNtCseriWsCb5ev6_4koan8builtins10module_def5testss_28module_unknown_member_errors
FN:185,_RNvNtNtNtCseriWsCb5ev6_4koan8builtins10module_def5testss_29module_member_access_via_attr
FN:163,_RNvNtNtNtCseriWsCb5ev6_4koan8builtins10module_def5testss_32binder_name_extracts_module_name
FN:170,_RNvNtNtNtCseriWsCb5ev6_4koan8builtins10module_def5testss_32module_binds_under_name_in_scope
FN:203,_RNvNtNtNtCseriWsCb5ev6_4koan8builtins10module_def5testss_33module_member_function_via_let_fn
FN:289,_RNvNtNtNtCseriWsCb5ev6_4koan8builtins10module_def5testss_36module_body_dispatch_does_not_dangle
FN:241,_RNvNtNtNtCseriWsCb5ev6_4koan8builtins10module_def5testss_38module_body_parks_on_outer_placeholder
FN:251,_RNvNtNtNtCseriWsCb5ev6_4koan8builtins10module_def5testss_41module_body_error_short_circuits_finalize
FN:194,_RNvNtNtNtCseriWsCb5ev6_4koan8builtins10module_def5testss_41module_with_multiple_statements_in_parens
FN:230,_RNvNtNtNtCseriWsCb5ev6_4koan8builtins10module_def5testss_41nested_module_accessible_via_chained_attr
FN:265,_RNvNtNtNtCseriWsCb5ev6_4koan8builtins10module_def5testss_50module_finalize_short_circuits_on_idempotent_state
FN:56,_RNCNvNtNtCseriWsCb5ev6_4koan8builtins10module_def4body0B7_
FN:59,_RNCNvNtNtCseriWsCb5ev6_4koan8builtins10module_def4bodys_0B7_
FN:124,_RNvNtNtCseriWsCb5ev6_4koan8builtins10module_def11binder_name
FN:25,_RNvNtNtCseriWsCb5ev6_4koan8builtins10module_def4body
FN:128,_RNvNtNtCseriWsCb5ev6_4koan8builtins10module_def8register
FNDA:36,_RNvNtNtCscUx3zdyuqfq_4koan8builtins10module_def11binder_name
FNDA:21,_RNvNtNtCscUx3zdyuqfq_4koan8builtins10module_def4body
FNDA:43,_RNvNtNtCscUx3zdyuqfq_4koan8builtins10module_def8register
FNDA:21,_RNCNvNtNtCscUx3zdyuqfq_4koan8builtins10module_def4body0B7_
FNDA:20,_RNCNvNtNtCscUx3zdyuqfq_4koan8builtins10module_def4bodys_0B7_
FNDA:3,_RNvNtNtNtCseriWsCb5ev6_4koan8builtins10module_def5tests14resolve_module
FNDA:1,_RNvNtNtNtCseriWsCb5ev6_4koan8builtins10module_def5testss_28module_unknown_member_errors
FNDA:1,_RNvNtNtNtCseriWsCb5ev6_4koan8builtins10module_def5testss_29module_member_access_via_attr
FNDA:1,_RNvNtNtNtCseriWsCb5ev6_4koan8builtins10module_def5testss_32binder_name_extracts_module_name
FNDA:1,_RNvNtNtNtCseriWsCb5ev6_4koan8builtins10module_def5testss_32module_binds_under_name_in_scope
FNDA:1,_RNvNtNtNtCseriWsCb5ev6_4koan8builtins10module_def5testss_33module_member_function_via_let_fn
FNDA:1,_RNvNtNtNtCseriWsCb5ev6_4koan8builtins10module_def5testss_36module_body_dispatch_does_not_dangle
FNDA:1,_RNvNtNtNtCseriWsCb5ev6_4koan8builtins10module_def5testss_38module_body_parks_on_outer_placeholder
FNDA:1,_RNvNtNtNtCseriWsCb5ev6_4koan8builtins10module_def5testss_41module_body_error_short_circuits_finalize
FNDA:1,_RNvNtNtNtCseriWsCb5ev6_4koan8builtins10module_def5testss_41module_with_multiple_statements_in_parens
FNDA:1,_RNvNtNtNtCseriWsCb5ev6_4koan8builtins10module_def5testss_41nested_module_accessible_via_chained_attr
FNDA:1,_RNvNtNtNtCseriWsCb5ev6_4koan8builtins10module_def5testss_50module_finalize_short_circuits_on_idempotent_state
FNDA:84,_RNCNvNtNtCseriWsCb5ev6_4koan8builtins10module_def4body0B7_
FNDA:82,_RNCNvNtNtCseriWsCb5ev6_4koan8builtins10module_def4bodys_0B7_
FNDA:147,_RNvNtNtCseriWsCb5ev6_4koan8builtins10module_def11binder_name
FNDA:84,_RNvNtNtCseriWsCb5ev6_4koan8builtins10module_def4body
FNDA:520,_RNvNtNtCseriWsCb5ev6_4koan8builtins10module_def8register
FNF:17
FNH:17
DA:25,105
DA:26,105
DA:27,105
DA:28,105
DA:29,105
DA:31,105
DA:32,105
DA:33,0
DA:35,105
DA:36,105
DA:38,0
DA:39,0
DA:40,0
DA:44,105
DA:45,105
DA:47,105
DA:51,105
DA:54,105
DA:55,105
DA:56,105
DA:57,105
DA:58,105
DA:59,105
DA:63,102
DA:64,102
DA:65,1
DA:66,1
DA:67,1
DA:68,1
DA:69,1
DA:70,101
DA:71,101
DA:72,101
DA:73,101
DA:81,101
DA:82,101
DA:83,101
DA:84,101
DA:85,101
DA:86,24
DA:87,0
DA:88,24
DA:89,24
DA:92,101
DA:93,101
DA:94,101
DA:95,101
DA:102,101
DA:103,101
DA:104,101
DA:105,101
DA:106,101
DA:107,101
DA:108,101
DA:109,101
DA:110,101
DA:111,101
DA:112,101
DA:113,0
DA:114,0
DA:115,0
DA:116,0
DA:118,102
DA:119,105
DA:120,105
DA:121,105
DA:124,183
DA:125,183
DA:126,183
DA:128,563
DA:129,563
DA:130,563
DA:131,563
DA:132,563
DA:133,563
DA:134,563
DA:135,563
DA:136,563
DA:137,563
DA:138,563
DA:141,563
DA:142,563
DA:144,563
DA:155,3
DA:156,3
DA:157,3
DA:158,0
DA:160,3
DA:163,1
DA:164,1
DA:165,1
DA:166,1
DA:167,1
DA:170,1
DA:171,1
DA:172,1
DA:173,1
DA:174,1
DA:175,1
DA:178,1
DA:179,1
DA:182,1
DA:185,1
DA:186,1
DA:187,1
DA:188,1
DA:189,1
DA:190,1
DA:191,1
DA:194,1
DA:195,1
DA:196,1
DA:197,1
DA:198,1
DA:199,1
DA:200,1
DA:203,1
DA:206,1
DA:207,1
DA:208,1
DA:209,1
DA:210,1
DA:212,1
DA:213,1
DA:214,1
DA:217,1
DA:218,1
DA:219,1
DA:220,1
DA:221,1
DA:222,1
DA:223,1
DA:224,1
DA:227,1
DA:230,1
DA:231,1
DA:232,1
DA:233,1
DA:234,1
DA:235,1
DA:236,1
DA:241,1
DA:242,1
DA:243,1
DA:244,1
DA:245,1
DA:246,1
DA:247,1
DA:251,1
DA:252,1
DA:253,1
DA:254,1
DA:255,1
DA:256,1
DA:259,1
DA:265,1
DA:266,1
DA:267,1
DA:268,1
DA:269,1
DA:270,1
DA:272,1
DA:273,1
DA:274,1
DA:275,1
DA:276,1
DA:280,1
DA:281,1
DA:282,1
DA:283,1
DA:284,1
DA:289,1
DA:290,1
DA:291,1
DA:292,1
DA:293,1
DA:294,1
DA:295,1
DA:296,1
DA:297,1
BRF:0
BRH:0
LF:182
LH:172
end_of_record
SF:/var/home/jack/Code/koan/src/builtins/newtype_def.rs
FN:132,_RNCNvNtNtCscUx3zdyuqfq_4koan8builtins11newtype_def17newtype_construct0B7_
FN:84,_RNCNvNtNtCscUx3zdyuqfq_4koan8builtins11newtype_def4body0B7_
FN:105,_RNvNtNtCscUx3zdyuqfq_4koan8builtins11newtype_def11binder_name
FN:118,_RNvNtNtCscUx3zdyuqfq_4koan8builtins11newtype_def17newtype_construct
FN:31,_RNvNtNtCscUx3zdyuqfq_4koan8builtins11newtype_def4body
FN:170,_RNvNtNtCscUx3zdyuqfq_4koan8builtins11newtype_def8register
FN:105,_RNvNtNtCseriWsCb5ev6_4koan8builtins11newtype_def11binder_name
FN:118,_RNvNtNtCseriWsCb5ev6_4koan8builtins11newtype_def17newtype_construct
FN:31,_RNvNtNtCseriWsCb5ev6_4koan8builtins11newtype_def4body
FN:170,_RNvNtNtCseriWsCb5ev6_4koan8builtins11newtype_def8register
FN:132,_RNCNvNtNtCseriWsCb5ev6_4koan8builtins11newtype_def17newtype_construct0B7_
FN:84,_RNCNvNtNtCseriWsCb5ev6_4koan8builtins11newtype_def4body0B7_
FN:360,_RNvNtNtNtCseriWsCb5ev6_4koan8builtins11newtype_def5testss_28construct_arity_zero_rejects
FN:381,_RNvNtNtNtCseriWsCb5ev6_4koan8builtins11newtype_def5testss_29construct_with_operator_value
FN:201,_RNvNtNtNtCseriWsCb5ev6_4koan8builtins11newtype_def5testss_30declare_mints_newtype_identity
FN:268,_RNvNtNtNtCseriWsCb5ev6_4koan8builtins11newtype_def5testss_30newtype_over_newtype_collapses
FN:339,_RNvNtNtNtCseriWsCb5ev6_4koan8builtins11newtype_def5testss_31construct_with_identifier_value
FN:253,_RNvNtNtNtCseriWsCb5ev6_4koan8builtins11newtype_def5testss_35construct_rejects_non_matching_repr
FN:231,_RNvNtNtNtCseriWsCb5ev6_4koan8builtins11newtype_def5testss_35construct_wraps_repr_matching_value
FN:297,_RNvNtNtNtCseriWsCb5ev6_4koan8builtins11newtype_def5testss_43dispatch_distinguishes_distance_from_number
FNDA:0,_RNCNvNtNtCscUx3zdyuqfq_4koan8builtins11newtype_def17newtype_construct0B7_
FNDA:0,_RNCNvNtNtCscUx3zdyuqfq_4koan8builtins11newtype_def4body0B7_
FNDA:0,_RNvNtNtCscUx3zdyuqfq_4koan8builtins11newtype_def11binder_name
FNDA:0,_RNvNtNtCscUx3zdyuqfq_4koan8builtins11newtype_def17newtype_construct
FNDA:0,_RNvNtNtCscUx3zdyuqfq_4koan8builtins11newtype_def4body
FNDA:43,_RNvNtNtCscUx3zdyuqfq_4koan8builtins11newtype_def8register
FNDA:24,_RNvNtNtCseriWsCb5ev6_4koan8builtins11newtype_def11binder_name
FNDA:12,_RNvNtNtCseriWsCb5ev6_4koan8builtins11newtype_def17newtype_construct
FNDA:12,_RNvNtNtCseriWsCb5ev6_4koan8builtins11newtype_def4body
FNDA:520,_RNvNtNtCseriWsCb5ev6_4koan8builtins11newtype_def8register
FNDA:11,_RNCNvNtNtCseriWsCb5ev6_4koan8builtins11newtype_def17newtype_construct0B7_
FNDA:12,_RNCNvNtNtCseriWsCb5ev6_4koan8builtins11newtype_def4body0B7_
FNDA:1,_RNvNtNtNtCseriWsCb5ev6_4koan8builtins11newtype_def5testss_28construct_arity_zero_rejects
FNDA:1,_RNvNtNtNtCseriWsCb5ev6_4koan8builtins11newtype_def5testss_29construct_with_operator_value
FNDA:1,_RNvNtNtNtCseriWsCb5ev6_4koan8builtins11newtype_def5testss_30declare_mints_newtype_identity
FNDA:1,_RNvNtNtNtCseriWsCb5ev6_4koan8builtins11newtype_def5testss_30newtype_over_newtype_collapses
FNDA:1,_RNvNtNtNtCseriWsCb5ev6_4koan8builtins11newtype_def5testss_31construct_with_identifier_value
FNDA:1,_RNvNtNtNtCseriWsCb5ev6_4koan8builtins11newtype_def5testss_35construct_rejects_non_matching_repr
FNDA:1,_RNvNtNtNtCseriWsCb5ev6_4koan8builtins11newtype_def5testss_35construct_wraps_repr_matching_value
FNDA:1,_RNvNtNtNtCseriWsCb5ev6_4koan8builtins11newtype_def5testss_43dispatch_distinguishes_distance_from_number
FNF:14
FNH:14
DA:31,12
DA:32,12
DA:33,12
DA:34,12
DA:35,12
DA:36,12
DA:37,12
DA:38,0
DA:43,12
DA:44,9
DA:45,9
DA:46,0
DA:52,3
DA:53,3
DA:54,0
DA:56,3
DA:57,3
DA:59,0
DA:60,0
DA:61,0
DA:62,0
DA:67,0
DA:68,0
DA:69,0
DA:75,12
DA:76,12
DA:77,12
DA:78,12
DA:79,12
DA:80,12
DA:81,12
DA:82,12
DA:83,12
DA:84,12
DA:85,12
DA:86,12
DA:87,12
DA:88,12
DA:91,12
DA:92,12
DA:97,0
DA:98,0
DA:99,0
DA:100,0
DA:102,12
DA:105,24
DA:106,24
DA:107,24
DA:118,12
DA:119,12
DA:120,12
DA:121,12
DA:122,12
DA:123,12
DA:124,12
DA:125,1
DA:126,1
DA:127,1
DA:128,1
DA:129,11
DA:130,11
DA:131,11
DA:132,11
DA:133,11
DA:134,11
DA:138,11
DA:140,11
DA:141,11
DA:142,0
DA:147,11
DA:148,11
DA:149,0
DA:151,11
DA:152,1
DA:153,1
DA:154,1
DA:155,1
DA:156,1
DA:157,10
DA:160,10
DA:161,10
DA:162,10
DA:163,10
DA:164,10
DA:165,11
DA:166,11
DA:167,11
DA:168,12
DA:170,563
DA:173,563
DA:174,563
DA:175,563
DA:176,563
DA:177,563
DA:178,563
DA:179,563
DA:180,563
DA:181,563
DA:182,563
DA:185,563
DA:186,563
DA:188,563
DA:201,1
DA:202,1
DA:203,1
DA:204,1
DA:205,1
DA:206,1
DA:207,1
DA:208,1
DA:209,1
DA:210,1
DA:211,1
DA:212,1
DA:213,1
DA:214,1
DA:215,0
DA:218,0
DA:220,1
DA:221,1
DA:222,1
DA:223,1
DA:226,1
DA:231,1
DA:232,1
DA:233,1
DA:234,1
DA:235,1
DA:236,1
DA:237,1
DA:238,1
DA:239,1
DA:240,1
DA:241,1
DA:243,0
DA:245,1
DA:247,0
DA:249,1
DA:253,1
DA:254,1
DA:255,1
DA:256,1
DA:257,1
DA:258,1
DA:259,1
DA:260,1
DA:263,1
DA:268,1
DA:269,1
DA:270,1
DA:271,1
DA:272,1
DA:273,1
DA:274,1
DA:275,1
DA:276,1
DA:277,0
DA:280,1
DA:281,1
DA:283,0
DA:286,0
DA:288,1
DA:297,1
DA:298,1
DA:299,1
DA:300,1
DA:301,1
DA:302,1
DA:303,1
DA:304,1
DA:306,1
DA:307,1
DA:308,1
DA:309,0
DA:311,1
DA:312,1
DA:313,1
DA:314,0
DA:316,1
DA:317,1
DA:318,1
DA:319,1
DA:320,1
DA:321,1
DA:322,1
DA:325,1
DA:326,1
DA:327,1
DA:328,1
DA:329,1
DA:330,1
DA:331,1
DA:334,1
DA:339,1
DA:340,1
DA:341,1
DA:342,1
DA:343,1
DA:344,1
DA:345,1
DA:346,1
DA:347,1
DA:348,1
DA:350,0
DA:352,1
DA:354,0
DA:356,1
DA:360,1
DA:361,1
DA:362,1
DA:363,1
DA:364,1
DA:365,1
DA:366,0
DA:367,1
DA:375,1
DA:381,1
DA:382,1
DA:383,1
DA:384,1
DA:385,1
DA:386,1
DA:387,1
DA:389,1
DA:390,1
DA:391,1
DA:392,1
DA:393,1
DA:394,1
DA:396,0
DA:398,1
DA:400,0
DA:402,1
BRF:0
BRH:0
LF:235
LH:205
end_of_record
SF:/var/home/jack/Code/koan/src/builtins/print.rs
FN:10,_RNvNtNtCscUx3zdyuqfq_4koan8builtins5print4body
FN:24,_RNvNtNtCscUx3zdyuqfq_4koan8builtins5print8register
FN:10,_RNvNtNtCseriWsCb5ev6_4koan8builtins5print4body
FN:24,_RNvNtNtCseriWsCb5ev6_4koan8builtins5print8register
FNDA:6,_RNvNtNtCscUx3zdyuqfq_4koan8builtins5print4body
FNDA:43,_RNvNtNtCscUx3zdyuqfq_4koan8builtins5print8register
FNDA:144,_RNvNtNtCseriWsCb5ev6_4koan8builtins5print4body
FNDA:520,_RNvNtNtCseriWsCb5ev6_4koan8builtins5print8register
FNF:2
FNH:2
DA:10,150
DA:11,150
DA:12,150
DA:13,150
DA:14,150
DA:15,150
DA:16,150
DA:17,0
DA:19,150
DA:20,150
DA:21,150
DA:22,150
DA:24,563
DA:25,563
DA:26,563
DA:27,563
DA:28,563
DA:29,563
DA:31,563
BRF:0
BRH:0
LF:19
LH:18
end_of_record
SF:/var/home/jack/Code/koan/src/builtins/quote.rs
FN:12,_RNvNtNtCscUx3zdyuqfq_4koan8builtins5quote4body
FN:29,_RNvNtNtCscUx3zdyuqfq_4koan8builtins5quote8register
FN:12,_RNvNtNtCseriWsCb5ev6_4koan8builtins5quote4body
FN:29,_RNvNtNtCseriWsCb5ev6_4koan8builtins5quote8register
FN:46,_RNvNtNtNtCseriWsCb5ev6_4koan8builtins5quote5tests11run_program
FN:55,_RNvNtNtNtCseriWsCb5ev6_4koan8builtins5quote5testss_26quote_then_eval_round_trip
FN:64,_RNvNtNtNtCseriWsCb5ev6_4koan8builtins5quote5testss_27quote_captures_ast_as_value
FNDA:0,_RNvNtNtCscUx3zdyuqfq_4koan8builtins5quote4body
FNDA:43,_RNvNtNtCscUx3zdyuqfq_4koan8builtins5quote8register
FNDA:9,_RNvNtNtCseriWsCb5ev6_4koan8builtins5quote4body
FNDA:520,_RNvNtNtCseriWsCb5ev6_4koan8builtins5quote8register
FNDA:2,_RNvNtNtNtCseriWsCb5ev6_4koan8builtins5quote5tests11run_program
FNDA:1,_RNvNtNtNtCseriWsCb5ev6_4koan8builtins5quote5testss_26quote_then_eval_round_trip
FNDA:1,_RNvNtNtNtCseriWsCb5ev6_4koan8builtins5quote5testss_27quote_captures_ast_as_value
FNF:5
FNH:5
DA:12,9
DA:13,9
DA:14,9
DA:15,9
DA:16,9
DA:17,9
DA:18,9
DA:20,0
DA:21,0
DA:22,0
DA:25,9
DA:26,9
DA:27,9
DA:29,563
DA:30,563
DA:31,563
DA:32,563
DA:33,563
DA:34,563
DA:35,563
DA:37,563
DA:39,563
DA:46,2
DA:47,2
DA:48,2
DA:49,2
DA:50,2
DA:51,2
DA:52,2
DA:55,1
DA:56,1
DA:57,1
DA:58,1
DA:60,1
DA:61,1
DA:64,1
DA:65,1
DA:66,1
DA:67,1
BRF:0
BRH:0
LF:39
LH:36
end_of_record
SF:/var/home/jack/Code/koan/src/builtins/record_projection.rs
FN:45,_RNCNvNtNtCscUx3zdyuqfq_4koan8builtins17record_projection4body0B7_
FN:29,_RNvNtNtCscUx3zdyuqfq_4koan8builtins17record_projection4body
FN:93,_RNvNtNtCscUx3zdyuqfq_4koan8builtins17record_projection8register
FN:45,_RNCNvNtNtCseriWsCb5ev6_4koan8builtins17record_projection4body0B7_
FN:29,_RNvNtNtCseriWsCb5ev6_4koan8builtins17record_projection4body
FN:93,_RNvNtNtCseriWsCb5ev6_4koan8builtins17record_projection8register
FN:179,_RNvNtNtNtCseriWsCb5ev6_4koan8builtins17record_projection5testss_25from_unknown_field_errors
FN:192,_RNvNtNtNtCseriWsCb5ev6_4koan8builtins17record_projection5testss_27from_duplicate_field_errors
FN:146,_RNvNtNtNtCseriWsCb5ev6_4koan8builtins17record_projection5testss_28from_single_field_projection
FN:232,_RNvNtNtNtCseriWsCb5ev6_4koan8builtins17record_projection5testss_41from_breaks_ambiguous_record_dispatch_tie
FN:163,_RNvNtNtNtCseriWsCb5ev6_4koan8builtins17record_projection5testss_41from_empty_field_list_yields_empty_record
FN:211,_RNvNtNtNtCseriWsCb5ev6_4koan8builtins17record_projection5testss_45from_non_record_operand_is_dispatch_non_match
FN:123,_RNvNtNtNtCseriWsCb5ev6_4koan8builtins17record_projection5testss_52from_narrows_carried_type_keeping_all_fields_present
FNDA:0,_RNCNvNtNtCscUx3zdyuqfq_4koan8builtins17record_projection4body0B7_
FNDA:0,_RNvNtNtCscUx3zdyuqfq_4koan8builtins17record_projection4body
FNDA:43,_RNvNtNtCscUx3zdyuqfq_4koan8builtins17record_projection8register
FNDA:4,_RNCNvNtNtCseriWsCb5ev6_4koan8builtins17record_projection4body0B7_
FNDA:6,_RNvNtNtCseriWsCb5ev6_4koan8builtins17record_projection4body
FNDA:520,_RNvNtNtCseriWsCb5ev6_4koan8builtins17record_projection8register
FNDA:1,_RNvNtNtNtCseriWsCb5ev6_4koan8builtins17record_projection5testss_25from_unknown_field_errors
FNDA:1,_RNvNtNtNtCseriWsCb5ev6_4koan8builtins17record_projection5testss_27from_duplicate_field_errors
FNDA:1,_RNvNtNtNtCseriWsCb5ev6_4koan8builtins17record_projection5testss_28from_single_field_projection
FNDA:1,_RNvNtNtNtCseriWsCb5ev6_4koan8builtins17record_projection5testss_41from_breaks_ambiguous_record_dispatch_tie
FNDA:1,_RNvNtNtNtCseriWsCb5ev6_4koan8builtins17record_projection5testss_41from_empty_field_list_yields_empty_record
FNDA:1,_RNvNtNtNtCseriWsCb5ev6_4koan8builtins17record_projection5testss_45from_non_record_operand_is_dispatch_non_match
FNDA:1,_RNvNtNtNtCseriWsCb5ev6_4koan8builtins17record_projection5testss_52from_narrows_carried_type_keeping_all_fields_present
FNF:10
FNH:10
DA:29,6
DA:30,6
DA:31,6
DA:32,6
DA:33,6
DA:34,6
DA:35,6
DA:36,0
DA:41,6
DA:42,9
DA:43,9
DA:44,9
DA:45,9
DA:46,1
DA:47,1
DA:48,1
DA:49,8
DA:50,8
DA:52,0
DA:53,0
DA:54,0
DA:55,0
DA:56,0
DA:61,5
DA:62,5
DA:65,0
DA:66,0
DA:67,0
DA:68,0
DA:69,0
DA:71,0
DA:76,5
DA:77,7
DA:78,7
DA:79,6
DA:81,1
DA:82,1
DA:83,1
DA:88,4
DA:89,4
DA:90,4
DA:91,6
DA:93,563
DA:99,563
DA:100,563
DA:101,563
DA:102,563
DA:103,563
DA:104,563
DA:105,563
DA:106,563
DA:107,563
DA:110,563
DA:112,563
DA:123,1
DA:124,1
DA:125,1
DA:126,1
DA:127,1
DA:128,1
DA:130,1
DA:131,1
DA:133,1
DA:134,1
DA:135,1
DA:136,1
DA:138,0
DA:140,1
DA:146,1
DA:147,1
DA:148,1
DA:149,1
DA:150,1
DA:151,1
DA:152,1
DA:153,1
DA:154,1
DA:155,1
DA:157,0
DA:159,1
DA:163,1
DA:164,1
DA:165,1
DA:166,1
DA:167,1
DA:168,1
DA:170,1
DA:171,1
DA:173,0
DA:175,1
DA:179,1
DA:180,1
DA:181,1
DA:182,1
DA:183,1
DA:184,1
DA:185,1
DA:188,1
DA:192,1
DA:193,1
DA:194,1
DA:195,1
DA:196,1
DA:197,1
DA:198,1
DA:201,1
DA:211,1
DA:215,1
DA:216,1
DA:217,1
DA:218,1
DA:219,1
DA:220,1
DA:221,1
DA:222,1
DA:223,1
DA:226,1
DA:232,1
DA:236,1
DA:237,1
DA:238,1
DA:239,1
DA:240,1
DA:241,1
DA:242,1
DA:246,1
DA:247,1
DA:248,1
DA:249,1
DA:250,1
DA:251,1
DA:252,1
DA:257,1
DA:258,1
DA:259,1
DA:260,0
DA:262,1
BRF:0
BRH:0
LF:138
LH:122
end_of_record
SF:/var/home/jack/Code/koan/src/builtins/recursive_types.rs
FN:99,_RNCNCNvNtNtCscUx3zdyuqfq_4koan8builtins15recursive_types4bodys0_00B9_
FN:197,_RNCNvNtNtCscUx3zdyuqfq_4koan8builtins15recursive_types15leading_keyword0B7_
FN:148,_RNCNvNtNtCscUx3zdyuqfq_4koan8builtins15recursive_types16discover_members0B7_
FN:180,_RNCNvNtNtCscUx3zdyuqfq_4koan8builtins15recursive_types16discover_memberss0_0B7_
FN:152,_RNCNvNtNtCscUx3zdyuqfq_4koan8builtins15recursive_types16discover_memberss_0B7_
FN:67,_RNCNvNtNtCscUx3zdyuqfq_4koan8builtins15recursive_types4body0B7_
FN:98,_RNCNvNtNtCscUx3zdyuqfq_4koan8builtins15recursive_types4bodys0_0B7_
FN:96,_RNCNvNtNtCscUx3zdyuqfq_4koan8builtins15recursive_types4bodys_0B7_
FN:204,_RNvNtNtCscUx3zdyuqfq_4koan8builtins15recursive_types11binder_name
FN:196,_RNvNtNtCscUx3zdyuqfq_4koan8builtins15recursive_types15leading_keyword
FN:143,_RNvNtNtCscUx3zdyuqfq_4koan8builtins15recursive_types16discover_members
FN:36,_RNvNtNtCscUx3zdyuqfq_4koan8builtins15recursive_types4body
FN:208,_RNvNtNtCscUx3zdyuqfq_4koan8builtins15recursive_types8register
FN:99,_RNCNCNvNtNtCseriWsCb5ev6_4koan8builtins15recursive_types4bodys0_00B9_
FN:197,_RNCNvNtNtCseriWsCb5ev6_4koan8builtins15recursive_types15leading_keyword0B7_
FN:148,_RNCNvNtNtCseriWsCb5ev6_4koan8builtins15recursive_types16discover_members0B7_
FN:180,_RNCNvNtNtCseriWsCb5ev6_4koan8builtins15recursive_types16discover_memberss0_0B7_
FN:152,_RNCNvNtNtCseriWsCb5ev6_4koan8builtins15recursive_types16discover_memberss_0B7_
FN:67,_RNCNvNtNtCseriWsCb5ev6_4koan8builtins15recursive_types4body0B7_
FN:98,_RNCNvNtNtCseriWsCb5ev6_4koan8builtins15recursive_types4bodys0_0B7_
FN:96,_RNCNvNtNtCseriWsCb5ev6_4koan8builtins15recursive_types4bodys_0B7_
FN:204,_RNvNtNtCseriWsCb5ev6_4koan8builtins15recursive_types11binder_name
FN:196,_RNvNtNtCseriWsCb5ev6_4koan8builtins15recursive_types15leading_keyword
FN:143,_RNvNtNtCseriWsCb5ev6_4koan8builtins15recursive_types16discover_members
FN:36,_RNvNtNtCseriWsCb5ev6_4koan8builtins15recursive_types4body
FN:208,_RNvNtNtCseriWsCb5ev6_4koan8builtins15recursive_types8register
FNDA:0,_RNCNCNvNtNtCscUx3zdyuqfq_4koan8builtins15recursive_types4bodys0_00B9_
FNDA:0,_RNCNvNtNtCscUx3zdyuqfq_4koan8builtins15recursive_types15leading_keyword0B7_
FNDA:0,_RNCNvNtNtCscUx3zdyuqfq_4koan8builtins15recursive_types16discover_members0B7_
FNDA:0,_RNCNvNtNtCscUx3zdyuqfq_4koan8builtins15recursive_types16discover_memberss0_0B7_
FNDA:0,_RNCNvNtNtCscUx3zdyuqfq_4koan8builtins15recursive_types16discover_memberss_0B7_
FNDA:0,_RNCNvNtNtCscUx3zdyuqfq_4koan8builtins15recursive_types4body0B7_
FNDA:0,_RNCNvNtNtCscUx3zdyuqfq_4koan8builtins15recursive_types4bodys0_0B7_
FNDA:0,_RNCNvNtNtCscUx3zdyuqfq_4koan8builtins15recursive_types4bodys_0B7_
FNDA:0,_RNvNtNtCscUx3zdyuqfq_4koan8builtins15recursive_types11binder_name
FNDA:0,_RNvNtNtCscUx3zdyuqfq_4koan8builtins15recursive_types15leading_keyword
FNDA:0,_RNvNtNtCscUx3zdyuqfq_4koan8builtins15recursive_types16discover_members
FNDA:0,_RNvNtNtCscUx3zdyuqfq_4koan8builtins15recursive_types4body
FNDA:43,_RNvNtNtCscUx3zdyuqfq_4koan8builtins15recursive_types8register
FNDA:0,_RNCNCNvNtNtCseriWsCb5ev6_4koan8builtins15recursive_types4bodys0_00B9_
FNDA:12,_RNCNvNtNtCseriWsCb5ev6_4koan8builtins15recursive_types15leading_keyword0B7_
FNDA:12,_RNCNvNtNtCseriWsCb5ev6_4koan8builtins15recursive_types16discover_members0B7_
FNDA:0,_RNCNvNtNtCseriWsCb5ev6_4koan8builtins15recursive_types16discover_memberss0_0B7_
FNDA:11,_RNCNvNtNtCseriWsCb5ev6_4koan8builtins15recursive_types16discover_memberss_0B7_
FNDA:8,_RNCNvNtNtCseriWsCb5ev6_4koan8builtins15recursive_types4body0B7_
FNDA:3,_RNCNvNtNtCseriWsCb5ev6_4koan8builtins15recursive_types4bodys0_0B7_
FNDA:4,_RNCNvNtNtCseriWsCb5ev6_4koan8builtins15recursive_types4bodys_0B7_
FNDA:12,_RNvNtNtCseriWsCb5ev6_4koan8builtins15recursive_types11binder_name
FNDA:12,_RNvNtNtCseriWsCb5ev6_4koan8builtins15recursive_types15leading_keyword
FNDA:6,_RNvNtNtCseriWsCb5ev6_4koan8builtins15recursive_types16discover_members
FNDA:6,_RNvNtNtCseriWsCb5ev6_4koan8builtins15recursive_types4body
FNDA:520,_RNvNtNtCseriWsCb5ev6_4koan8builtins15recursive_types8register
FNF:13
FNH:11
DA:36,6
DA:37,6
DA:38,6
DA:39,6
DA:40,6
DA:41,6
DA:42,6
DA:43,0
DA:45,6
DA:46,6
DA:48,0
DA:49,0
DA:50,0
DA:55,6
DA:56,4
DA:57,2
DA:63,4
DA:64,4
DA:65,4
DA:66,4
DA:67,8
DA:68,4
DA:72,4
DA:73,4
DA:74,4
DA:78,8
DA:79,8
DA:80,8
DA:81,8
DA:82,8
DA:83,8
DA:84,8
DA:85,8
DA:86,8
DA:87,8
DA:89,4
DA:94,4
DA:95,4
DA:96,4
DA:97,4
DA:98,4
DA:99,3
DA:103,7
DA:104,7
DA:105,0
DA:106,0
DA:107,0
DA:108,0
DA:109,0
DA:110,0
DA:111,0
DA:112,7
DA:116,7
DA:117,7
DA:118,7
DA:119,7
DA:120,7
DA:121,7
DA:123,0
DA:124,7
DA:126,3
DA:127,3
DA:128,3
DA:129,3
DA:130,3
DA:131,3
DA:132,3
DA:133,0
DA:135,3
DA:136,4
DA:137,4
DA:138,6
DA:143,6
DA:144,6
DA:145,6
DA:146,6
DA:147,6
DA:148,12
DA:149,6
DA:150,5
DA:151,5
DA:152,11
DA:153,11
DA:154,0
DA:155,11
DA:156,5
DA:158,1
DA:160,6
DA:161,0
DA:162,0
DA:163,0
DA:164,6
DA:165,6
DA:166,6
DA:167,12
DA:168,12
DA:169,12
DA:170,1
DA:171,1
DA:172,1
DA:173,1
DA:174,1
DA:175,1
DA:176,1
DA:177,1
DA:180,11
DA:181,0
DA:182,0
DA:183,0
DA:184,0
DA:185,11
DA:186,1
DA:187,1
DA:188,1
DA:189,10
DA:190,10
DA:192,4
DA:193,6
DA:196,12
DA:197,12
DA:198,12
DA:199,0
DA:200,12
DA:201,12
DA:204,12
DA:205,12
DA:206,12
DA:208,563
DA:209,563
DA:210,563
DA:211,563
DA:212,563
DA:213,563
DA:214,563
DA:215,563
DA:216,563
DA:217,563
DA:218,563
DA:219,563
DA:222,563
DA:223,563
DA:225,563
BRF:0
BRH:0
LF:151
LH:126
end_of_record
SF:/var/home/jack/Code/koan/src/builtins/result.rs
FN:22,_RNvNtNtCscUx3zdyuqfq_4koan8builtins6result8register
FN:22,_RNvNtNtCseriWsCb5ev6_4koan8builtins6result8register
FNDA:43,_RNvNtNtCscUx3zdyuqfq_4koan8builtins6result8register
FNDA:520,_RNvNtNtCseriWsCb5ev6_4koan8builtins6result8register
FNF:1
FNH:1
DA:22,563
DA:23,563
DA:24,563
DA:25,563
DA:26,563
DA:27,563
DA:28,563
DA:29,563
DA:30,563
DA:31,563
DA:32,563
DA:33,563
DA:37,563
DA:38,563
BRF:0
BRH:0
LF:14
LH:14
end_of_record
SF:/var/home/jack/Code/koan/src/builtins/sig_def.rs
FN:52,_RNCNvNtNtCscUx3zdyuqfq_4koan8builtins7sig_def4body0B7_
FN:55,_RNCNvNtNtCscUx3zdyuqfq_4koan8builtins7sig_def4bodys_0B7_
FN:86,_RNvNtNtCscUx3zdyuqfq_4koan8builtins7sig_def11binder_name
FN:27,_RNvNtNtCscUx3zdyuqfq_4koan8builtins7sig_def4body
FN:90,_RNvNtNtCscUx3zdyuqfq_4koan8builtins7sig_def8register
FN:52,_RNCNvNtNtCseriWsCb5ev6_4koan8builtins7sig_def4body0B7_
FN:55,_RNCNvNtNtCseriWsCb5ev6_4koan8builtins7sig_def4bodys_0B7_
FN:138,_RNvNtNtNtCseriWsCb5ev6_4koan8builtins7sig_def5testss_21sig_path_records_name
FN:116,_RNvNtNtNtCseriWsCb5ev6_4koan8builtins7sig_def5testss_29binder_name_extracts_sig_name
FN:124,_RNvNtNtNtCseriWsCb5ev6_4koan8builtins7sig_def5testss_29sig_binds_under_name_in_scope
FN:153,_RNvNtNtNtCseriWsCb5ev6_4koan8builtins7sig_def5testss_35sig_body_parks_on_outer_placeholder
FN:174,_RNvNtNtNtCseriWsCb5ev6_4koan8builtins7sig_def5testss_38sig_body_error_short_circuits_finalize
FN:86,_RNvNtNtCseriWsCb5ev6_4koan8builtins7sig_def11binder_name
FN:27,_RNvNtNtCseriWsCb5ev6_4koan8builtins7sig_def4body
FN:90,_RNvNtNtCseriWsCb5ev6_4koan8builtins7sig_def8register
FNDA:15,_RNCNvNtNtCscUx3zdyuqfq_4koan8builtins7sig_def4body0B7_
FNDA:15,_RNCNvNtNtCscUx3zdyuqfq_4koan8builtins7sig_def4bodys_0B7_
FNDA:30,_RNvNtNtCscUx3zdyuqfq_4koan8builtins7sig_def11binder_name
FNDA:15,_RNvNtNtCscUx3zdyuqfq_4koan8builtins7sig_def4body
FNDA:43,_RNvNtNtCscUx3zdyuqfq_4koan8builtins7sig_def8register
FNDA:70,_RNCNvNtNtCseriWsCb5ev6_4koan8builtins7sig_def4body0B7_
FNDA:68,_RNCNvNtNtCseriWsCb5ev6_4koan8builtins7sig_def4bodys_0B7_
FNDA:1,_RNvNtNtNtCseriWsCb5ev6_4koan8builtins7sig_def5testss_21sig_path_records_name
FNDA:1,_RNvNtNtNtCseriWsCb5ev6_4koan8builtins7sig_def5testss_29binder_name_extracts_sig_name
FNDA:1,_RNvNtNtNtCseriWsCb5ev6_4koan8builtins7sig_def5testss_29sig_binds_under_name_in_scope
FNDA:1,_RNvNtNtNtCseriWsCb5ev6_4koan8builtins7sig_def5testss_35sig_body_parks_on_outer_placeholder
FNDA:1,_RNvNtNtNtCseriWsCb5ev6_4koan8builtins7sig_def5testss_38sig_body_error_short_circuits_finalize
FNDA:141,_RNvNtNtCseriWsCb5ev6_4koan8builtins7sig_def11binder_name
FNDA:70,_RNvNtNtCseriWsCb5ev6_4koan8builtins7sig_def4body
FNDA:520,_RNvNtNtCseriWsCb5ev6_4koan8builtins7sig_def8register
FNF:10
FNH:10
DA:27,85
DA:28,85
DA:29,85
DA:30,85
DA:31,85
DA:32,85
DA:33,85
DA:34,0
DA:36,85
DA:37,85
DA:39,0
DA:40,0
DA:41,0
DA:45,85
DA:46,85
DA:48,85
DA:50,85
DA:51,85
DA:52,85
DA:53,85
DA:54,85
DA:55,85
DA:56,83
DA:57,83
DA:58,83
DA:66,83
DA:67,83
DA:68,83
DA:69,83
DA:70,83
DA:71,83
DA:72,83
DA:74,0
DA:75,0
DA:76,0
DA:77,0
DA:79,83
DA:80,85
DA:81,85
DA:82,85
DA:86,171
DA:87,171
DA:88,171
DA:90,563
DA:91,563
DA:92,563
DA:93,563
DA:94,563
DA:95,563
DA:96,563
DA:97,563
DA:98,563
DA:99,563
DA:100,563
DA:103,563
DA:104,563
DA:106,563
DA:116,1
DA:117,1
DA:118,1
DA:119,1
DA:120,1
DA:121,1
DA:124,1
DA:126,1
DA:127,1
DA:128,1
DA:130,1
DA:131,1
DA:132,1
DA:135,1
DA:138,1
DA:140,1
DA:141,1
DA:142,1
DA:143,1
DA:144,1
DA:145,0
DA:147,1
DA:148,1
DA:153,1
DA:154,1
DA:155,1
DA:156,1
DA:158,1
DA:159,1
DA:160,0
DA:162,1
DA:163,1
DA:164,1
DA:165,1
DA:167,0
DA:169,1
DA:174,1
DA:175,1
DA:176,1
DA:177,1
DA:178,1
DA:179,1
DA:182,1
BRF:0
BRH:0
LF:102
LH:91
end_of_record
SF:/var/home/jack/Code/koan/src/builtins/struct_def.rs
FN:123,_RNCNCNvNtNtCscUx3zdyuqfq_4koan8builtins10struct_def15finalize_struct00B9_
FN:117,_RNCNvNtNtCscUx3zdyuqfq_4koan8builtins10struct_def15finalize_struct0B7_
FN:177,_RNCNvNtNtCscUx3zdyuqfq_4koan8builtins10struct_def24defer_struct_via_combine0B7_
FN:74,_RNCNvNtNtCscUx3zdyuqfq_4koan8builtins10struct_def4body0B7_
FN:227,_RNvNtNtCscUx3zdyuqfq_4koan8builtins10struct_def11binder_name
FN:100,_RNvNtNtCscUx3zdyuqfq_4koan8builtins10struct_def15finalize_struct
FN:155,_RNvNtNtCscUx3zdyuqfq_4koan8builtins10struct_def24defer_struct_via_combine
FN:26,_RNvNtNtCscUx3zdyuqfq_4koan8builtins10struct_def4body
FN:231,_RNvNtNtCscUx3zdyuqfq_4koan8builtins10struct_def8register
FN:123,_RNCNCNvNtNtCseriWsCb5ev6_4koan8builtins10struct_def15finalize_struct00B9_
FN:117,_RNCNvNtNtCseriWsCb5ev6_4koan8builtins10struct_def15finalize_struct0B7_
FN:177,_RNCNvNtNtCseriWsCb5ev6_4koan8builtins10struct_def24defer_struct_via_combine0B7_
FN:74,_RNCNvNtNtCseriWsCb5ev6_4koan8builtins10struct_def4body0B7_
FN:227,_RNvNtNtCseriWsCb5ev6_4koan8builtins10struct_def11binder_name
FN:100,_RNvNtNtCseriWsCb5ev6_4koan8builtins10struct_def15finalize_struct
[...]
FN:301,_RNvNtNtNtCseriWsCb5ev6_4koan5parse6tokens5testss_8negation
FN:55,_RNvNtNtCseriWsCb5ev6_4koan5parse6tokens11try_literal
FN:122,_RNvNtNtCseriWsCb5ev6_4koan5parse6tokens12is_type_name
FN:170,_RNvNtNtCseriWsCb5ev6_4koan5parse6tokens12trigger_span
FN:77,_RNvNtNtCseriWsCb5ev6_4koan5parse6tokens13classify_atom
FN:34,_RNvNtNtCseriWsCb5ev6_4koan5parse6tokens14classify_token
FN:136,_RNvNtNtCseriWsCb5ev6_4koan5parse6tokens14parse_compound
FN:179,_RNvNtNtCseriWsCb5ev6_4koan5parse6tokens9read_atom
FNDA:189,_RNCNvNtNtCscUx3zdyuqfq_4koan5parse6tokens12is_type_name0B7_
FNDA:1067,_RNCNvNtNtCscUx3zdyuqfq_4koan5parse6tokens13classify_atom0B7_
FNDA:363,_RNCNvNtNtCscUx3zdyuqfq_4koan5parse6tokens13classify_atoms0_0B7_
FNDA:132,_RNCNvNtNtCscUx3zdyuqfq_4koan5parse6tokens13classify_atoms_0B7_
FNDA:6,_RNCNvNtNtCscUx3zdyuqfq_4koan5parse6tokens5FLOAT0B7_
FNDA:696,_RNCNvNtNtCscUx3zdyuqfq_4koan5parse6tokens9read_atoms_0B7_
FNDA:1422,_RNvNtNtCscUx3zdyuqfq_4koan5parse6tokens11try_literal
FNDA:321,_RNvNtNtCscUx3zdyuqfq_4koan5parse6tokens12is_type_name
FNDA:9,_RNvNtNtCscUx3zdyuqfq_4koan5parse6tokens12trigger_span
FNDA:696,_RNvNtNtCscUx3zdyuqfq_4koan5parse6tokens13classify_atom
FNDA:726,_RNvNtNtCscUx3zdyuqfq_4koan5parse6tokens14classify_token
FNDA:687,_RNvNtNtCscUx3zdyuqfq_4koan5parse6tokens14parse_compound
FNDA:696,_RNvNtNtCscUx3zdyuqfq_4koan5parse6tokens9read_atom
FNDA:34,_RNCNvNtNtNtCseriWsCb5ev6_4koan5parse6tokens5tests8classify0B9_
FNDA:8,_RNCNvNtNtNtCseriWsCb5ev6_4koan5parse6tokens5tests8classifys_0B9_
FNDA:41,_RNCNvNtNtNtCseriWsCb5ev6_4koan5parse6tokens5tests8describe0B9_
FNDA:0,_RNCNvNtNtNtCseriWsCb5ev6_4koan5parse6tokens5tests8describes0_0B9_
FNDA:0,_RNCNvNtNtNtCseriWsCb5ev6_4koan5parse6tokens5tests8describes1_0B9_
FNDA:0,_RNCNvNtNtNtCseriWsCb5ev6_4koan5parse6tokens5tests8describes_0B9_
FNDA:1710,_RNCNvNtNtCseriWsCb5ev6_4koan5parse6tokens12is_type_name0B7_
FNDA:9036,_RNCNvNtNtCseriWsCb5ev6_4koan5parse6tokens13classify_atom0B7_
FNDA:3903,_RNCNvNtNtCseriWsCb5ev6_4koan5parse6tokens13classify_atoms0_0B7_
FNDA:1582,_RNCNvNtNtCseriWsCb5ev6_4koan5parse6tokens13classify_atoms_0B7_
FNDA:1,_RNCNvNtNtCseriWsCb5ev6_4koan5parse6tokens5FLOAT0B7_
FNDA:6703,_RNCNvNtNtCseriWsCb5ev6_4koan5parse6tokens9read_atoms_0B7_
FNDA:42,_RNvNtNtNtCseriWsCb5ev6_4koan5parse6tokens5tests8classify
FNDA:75,_RNvNtNtNtCseriWsCb5ev6_4koan5parse6tokens5tests8describe
FNDA:1,_RNvNtNtNtCseriWsCb5ev6_4koan5parse6tokens5testss_10plain_null
FNDA:1,_RNvNtNtNtCseriWsCb5ev6_4koan5parse6tokens5testss_10suffix_try
FNDA:1,_RNvNtNtNtCseriWsCb5ev6_4koan5parse6tokens5testss_11attr_access
FNDA:1,_RNvNtNtNtCseriWsCb5ev6_4koan5parse6tokens5testss_12plain_number
FNDA:1,_RNvNtNtNtCseriWsCb5ev6_4koan5parse6tokens5testss_13plain_boolean
FNDA:1,_RNvNtNtNtCseriWsCb5ev6_4koan5parse6tokens5testss_14chained_suffix
FNDA:1,_RNvNtNtNtCseriWsCb5ev6_4koan5parse6tokens5testss_15double_negation
FNDA:1,_RNvNtNtNtCseriWsCb5ev6_4koan5parse6tokens5testss_16bare_bang_errors
FNDA:1,_RNvNtNtNtCseriWsCb5ev6_4koan5parse6tokens5testss_16plain_identifier
FNDA:1,_RNvNtNtNtCseriWsCb5ev6_4koan5parse6tokens5testss_17suffix_after_attr
FNDA:1,_RNvNtNtNtCseriWsCb5ev6_4koan5parse6tokens5testss_18leading_dot_errors
FNDA:1,_RNvNtNtNtCseriWsCb5ev6_4koan5parse6tokens5testss_18negation_over_attr
FNDA:1,_RNvNtNtNtCseriWsCb5ev6_4koan5parse6tokens5testss_19chained_attr_access
FNDA:1,_RNvNtNtNtCseriWsCb5ev6_4koan5parse6tokens5testss_19dangling_dot_errors
FNDA:1,_RNvNtNtNtCseriWsCb5ev6_4koan5parse6tokens5testss_20negation_over_suffix
FNDA:1,_RNvNtNtNtCseriWsCb5ev6_4koan5parse6tokens5testss_21leading_suffix_errors
FNDA:1,_RNvNtNtNtCseriWsCb5ev6_4koan5parse6tokens5testss_25decimal_number_is_literal
FNDA:1,_RNvNtNtNtCseriWsCb5ev6_4koan5parse6tokens5testss_28pure_symbol_token_is_keyword
FNDA:1,_RNvNtNtNtCseriWsCb5ev6_4koan5parse6tokens5testss_28scientific_number_is_literal
FNDA:1,_RNvNtNtNtCseriWsCb5ev6_4koan5parse6tokens5testss_30attr_wins_when_rhs_not_numeric
FNDA:1,_RNvNtNtNtCseriWsCb5ev6_4koan5parse6tokens5testss_31lowercase_leading_is_identifier
FNDA:1,_RNvNtNtNtCseriWsCb5ev6_4koan5parse6tokens5testss_34keyword_two_uppercase_no_lowercase
FNDA:1,_RNvNtNtNtCseriWsCb5ev6_4koan5parse6tokens5testss_35type_uppercase_first_with_lowercase
FNDA:1,_RNvNtNtNtCseriWsCb5ev6_4koan5parse6tokens5testss_36operator_tokens_classify_as_keywords
FNDA:1,_RNvNtNtNtCseriWsCb5ev6_4koan5parse6tokens5testss_38single_uppercase_letter_is_parse_error
FNDA:1,_RNvNtNtNtCseriWsCb5ev6_4koan5parse6tokens5testss_47ascription_compound_tokens_classify_as_keywords
FNDA:1,_RNvNtNtNtCseriWsCb5ev6_4koan5parse6tokens5testss_49attr_trigger_stays_on_builtin_path_inside_operand
FNDA:1,_RNvNtNtNtCseriWsCb5ev6_4koan5parse6tokens5testss_49uppercase_with_digits_no_lowercase_is_parse_error
FNDA:1,_RNvNtNtNtCseriWsCb5ev6_4koan5parse6tokens5testss_8negation
FNDA:14029,_RNvNtNtCseriWsCb5ev6_4koan5parse6tokens11try_literal
FNDA:3285,_RNvNtNtCseriWsCb5ev6_4koan5parse6tokens12is_type_name
FNDA:61,_RNvNtNtCseriWsCb5ev6_4koan5parse6tokens12trigger_span
FNDA:6710,_RNvNtNtCseriWsCb5ev6_4koan5parse6tokens13classify_atom
FNDA:7319,_RNvNtNtCseriWsCb5ev6_4koan5parse6tokens14classify_token
FNDA:6665,_RNvNtNtCseriWsCb5ev6_4koan5parse6tokens14parse_compound
FNDA:6714,_RNvNtNtCseriWsCb5ev6_4koan5parse6tokens9read_atom
FNF:50
FNH:47
DA:29,7
DA:34,8045
DA:35,8045
DA:36,8045
DA:37,8045
DA:38,8045
DA:39,8045
DA:40,693
DA:41,7352
DA:42,7352
DA:43,7352
DA:44,7341
DA:45,0
DA:46,0
DA:47,0
DA:48,0
DA:49,7341
DA:50,7341
DA:51,8045
DA:55,15451
DA:56,15451
DA:57,15451
DA:58,15397
DA:59,15380
DA:60,15369
DA:62,15369
DA:63,612
DA:64,612
DA:65,0
DA:66,14757
DA:67,14757
DA:68,15451
DA:77,7406
DA:78,7406
DA:79,1
DA:80,7405
DA:81,7405
DA:82,3799
DA:83,3606
DA:84,3606
DA:85,10103
DA:86,1
DA:87,1
DA:88,1
DA:89,1
DA:90,1
DA:91,1
DA:92,1
DA:93,1891
DA:94,1891
DA:95,1714
DA:96,1714
DA:97,4
DA:98,4
DA:99,4
DA:100,4
DA:101,4
DA:102,4
DA:103,4
DA:104,4
DA:105,1710
DA:106,1710
DA:107,1710
DA:108,4266
DA:110,2
DA:111,2
DA:112,2
DA:113,2
DA:114,2
DA:115,2
DA:116,2
DA:117,1708
DA:118,1708
DA:119,7406
DA:122,3606
DA:123,3606
DA:124,3606
DA:125,0
DA:127,3606
DA:128,1710
DA:129,1896
DA:130,1899
DA:131,3606
DA:136,7352
DA:137,7352
DA:138,7352
DA:139,7352
DA:140,7352
DA:141,7352
DA:142,7359
DA:143,7358
DA:144,7
DA:145,7
DA:146,7
DA:149,7352
DA:151,7404
DA:152,63
DA:153,63
DA:154,63
DA:155,63
DA:156,58
DA:157,58
DA:158,57
DA:160,5
DA:164,7341
DA:165,6
DA:166,6
DA:167,7341
DA:168,7352
DA:170,70
DA:171,70
DA:172,70
DA:173,70
DA:174,70
DA:175,70
DA:176,70
DA:179,7410
DA:180,7410
DA:181,7410
DA:182,7410
DA:183,7410
DA:184,7410
DA:185,7408
DA:187,2
DA:188,2
DA:189,2
DA:190,2
DA:193,7408
DA:194,7408
DA:195,33055
DA:196,25711
DA:197,64
DA:198,25647
DA:199,25647
DA:200,25647
DA:201,25647
DA:203,7408
DA:204,2
DA:205,2
DA:206,2
DA:207,2
DA:208,2
DA:209,7406
DA:210,7406
DA:211,7406
DA:212,7406
DA:213,7406
DA:214,7406
DA:215,7410
DA:222,75
DA:223,7
DA:224,28
DA:225,20
DA:226,3
DA:227,17
DA:228,41
DA:229,17
DA:231,0
DA:232,0
DA:233,0
DA:235,0
DA:236,5
DA:237,1
DA:238,1
DA:239,0
DA:240,0
DA:241,0
DA:242,0
DA:244,0
DA:245,0
DA:246,0
DA:247,0
DA:248,0
DA:249,0
DA:251,0
DA:252,0
DA:253,0
DA:254,0
DA:255,0
DA:256,0
DA:259,75
DA:261,42
DA:262,42
DA:263,42
DA:264,42
DA:265,42
DA:268,1
DA:269,1
DA:270,1
DA:273,1
DA:274,1
DA:275,1
DA:278,1
DA:279,1
DA:280,1
DA:283,1
DA:284,1
DA:285,1
DA:288,1
DA:289,1
DA:290,1
DA:293,1
DA:294,1
DA:295,1
DA:298,1
DA:301,1
DA:302,1
DA:303,1
DA:306,1
DA:307,1
DA:308,1
DA:311,1
DA:312,1
DA:313,1
DA:316,1
DA:319,1
DA:320,1
DA:321,1
DA:324,1
DA:325,1
DA:326,1
DA:327,1
DA:330,1
DA:331,1
DA:332,1
DA:335,1
DA:336,1
DA:337,1
DA:340,1
DA:341,1
DA:342,1
DA:345,1
DA:346,1
DA:347,1
DA:350,1
DA:351,1
DA:352,1
DA:355,1
DA:356,1
DA:357,1
DA:360,1
DA:361,1
DA:362,1
DA:365,1
DA:368,1
DA:369,1
DA:370,1
DA:373,1
DA:374,1
DA:375,1
DA:378,1
DA:379,1
DA:380,1
DA:381,1
DA:382,1
DA:385,1
DA:386,1
DA:387,1
DA:388,1
DA:389,1
DA:392,1
DA:393,1
DA:394,1
DA:395,1
DA:396,1
DA:399,1
DA:400,1
DA:401,1
DA:404,1
DA:405,1
DA:406,1
DA:407,1
DA:410,1
DA:414,1
DA:415,1
DA:416,1
DA:417,1
DA:418,1
DA:419,1
DA:420,1
DA:423,1
DA:427,1
DA:428,1
DA:431,1
DA:433,1
DA:434,1
DA:435,1
DA:438,1
DA:439,1
DA:440,1
DA:441,1
BRF:0
BRH:0
LF:302
LH:273
end_of_record
SF:/var/home/jack/Code/koan/src/parse/triple_list.rs
FN:25,_RINvNtNtCscUx3zdyuqfq_4koan5parse11triple_list15parse_pair_listNtNtNtNtNtB6_7machine5model5types5ktype5KTypeNCNvNtB13_16typed_field_list37parse_typed_field_list_via_elaborator0EB6_
FN:53,_RNCINvNtNtCscUx3zdyuqfq_4koan5parse11triple_list15parse_pair_listNtNtNtNtNtB8_7machine5model5types5ktype5KTypeNCNvNtB15_16typed_field_list37parse_typed_field_list_via_elaborator0E0B8_
FN:25,_RINvNtNtCseriWsCb5ev6_4koan5parse11triple_list15parse_pair_listNtNtCsgW8esjfipvk_5alloc6string6StringNCNvNtB2_5testss_42identifier_or_type_accepts_type_token_name0EB6_
FN:25,_RINvNtNtCseriWsCb5ev6_4koan5parse11triple_list15parse_pair_listNtNtNtNtNtB6_7machine5model5types5ktype5KTypeNCNvNtB13_16typed_field_list37parse_typed_field_list_via_elaborator0EB6_
FN:25,_RINvNtNtCseriWsCb5ev6_4koan5parse11triple_list15parse_pair_listuNCNvNtB2_5testss_39identifier_only_rejects_type_token_name0EB6_
FN:53,_RNCINvNtNtCseriWsCb5ev6_4koan5parse11triple_list15parse_pair_listNtNtCsgW8esjfipvk_5alloc6string6StringNCNvNtB4_5testss_42identifier_or_type_accepts_type_token_name0E0B8_
FN:53,_RNCINvNtNtCseriWsCb5ev6_4koan5parse11triple_list15parse_pair_listNtNtNtNtNtB8_7machine5model5types5ktype5KTypeNCNvNtB15_16typed_field_list37parse_typed_field_list_via_elaborator0E0B8_
FN:53,_RNCINvNtNtCseriWsCb5ev6_4koan5parse11triple_list15parse_pair_listuNCNvNtB4_5testss_39identifier_only_rejects_type_token_name0E0B8_
FN:71,_RNvNtNtNtCseriWsCb5ev6_4koan5parse11triple_list5tests15type_named_pair
FN:95,_RNvNtNtNtCseriWsCb5ev6_4koan5parse11triple_list5testss_39identifier_only_rejects_type_token_name
FN:79,_RNvNtNtNtCseriWsCb5ev6_4koan5parse11triple_list5testss_42identifier_or_type_accepts_type_token_name
FN:97,_RNCNvNtNtNtCseriWsCb5ev6_4koan5parse11triple_list5testss_39identifier_only_rejects_type_token_name0B9_
FN:85,_RNCNvNtNtNtCseriWsCb5ev6_4koan5parse11triple_list5testss_42identifier_or_type_accepts_type_token_name0B9_
FNDA:13,_RINvNtNtCscUx3zdyuqfq_4koan5parse11triple_list15parse_pair_listNtNtNtNtNtB6_7machine5model5types5ktype5KTypeNCNvNtB13_16typed_field_list37parse_typed_field_list_via_elaborator0EB6_
FNDA:5,_RNCINvNtNtCscUx3zdyuqfq_4koan5parse11triple_list15parse_pair_listNtNtNtNtNtB8_7machine5model5types5ktype5KTypeNCNvNtB15_16typed_field_list37parse_typed_field_list_via_elaborator0E0B8_
FNDA:1,_RINvNtNtCseriWsCb5ev6_4koan5parse11triple_list15parse_pair_listNtNtCsgW8esjfipvk_5alloc6string6StringNCNvNtB2_5testss_42identifier_or_type_accepts_type_token_name0EB6_
FNDA:153,_RINvNtNtCseriWsCb5ev6_4koan5parse11triple_list15parse_pair_listNtNtNtNtNtB6_7machine5model5types5ktype5KTypeNCNvNtB13_16typed_field_list37parse_typed_field_list_via_elaborator0EB6_
FNDA:1,_RINvNtNtCseriWsCb5ev6_4koan5parse11triple_list15parse_pair_listuNCNvNtB2_5testss_39identifier_only_rejects_type_token_name0EB6_
FNDA:0,_RNCINvNtNtCseriWsCb5ev6_4koan5parse11triple_list15parse_pair_listNtNtCsgW8esjfipvk_5alloc6string6StringNCNvNtB4_5testss_42identifier_or_type_accepts_type_token_name0E0B8_
FNDA:77,_RNCINvNtNtCseriWsCb5ev6_4koan5parse11triple_list15parse_pair_listNtNtNtNtNtB8_7machine5model5types5ktype5KTypeNCNvNtB15_16typed_field_list37parse_typed_field_list_via_elaborator0E0B8_
FNDA:0,_RNCINvNtNtCseriWsCb5ev6_4koan5parse11triple_list15parse_pair_listuNCNvNtB4_5testss_39identifier_only_rejects_type_token_name0E0B8_
FNDA:2,_RNvNtNtNtCseriWsCb5ev6_4koan5parse11triple_list5tests15type_named_pair
FNDA:1,_RNvNtNtNtCseriWsCb5ev6_4koan5parse11triple_list5testss_39identifier_only_rejects_type_token_name
FNDA:1,_RNvNtNtNtCseriWsCb5ev6_4koan5parse11triple_list5testss_42identifier_or_type_accepts_type_token_name
FNDA:0,_RNCNvNtNtNtCseriWsCb5ev6_4koan5parse11triple_list5testss_39identifier_only_rejects_type_token_name0B9_
FNDA:1,_RNCNvNtNtNtCseriWsCb5ev6_4koan5parse11triple_list5testss_42identifier_or_type_accepts_type_token_name0B9_
FNF:7
FNH:6
DA:25,168
DA:26,168
DA:27,168
DA:28,168
DA:29,168
DA:30,168
DA:31,168
DA:32,168
DA:33,2
DA:34,2
DA:35,2
DA:36,2
DA:37,166
DA:38,166
DA:39,166
DA:40,399
DA:41,240
DA:42,231
DA:45,8
DA:46,1
DA:47,1
DA:48,1
DA:49,1
DA:50,1
DA:53,239
DA:54,2
DA:55,237
DA:56,237
DA:57,233
DA:58,233
DA:60,159
DA:61,168
DA:71,2
DA:72,2
DA:73,2
DA:74,2
DA:76,2
DA:79,1
DA:80,1
DA:81,1
DA:82,1
DA:83,1
DA:84,1
DA:85,1
DA:86,1
DA:87,0
DA:88,1
DA:90,1
DA:91,1
DA:92,1
DA:95,1
DA:96,1
DA:97,1
DA:98,0
DA:99,0
DA:100,1
DA:101,1
DA:104,1
BRF:0
BRH:0
LF:60
LH:51
end_of_record
SF:/var/home/jack/Code/koan/src/parse/whitespace.rs
FN:55,_RNCNvNtNtCscUx3zdyuqfq_4koan5parse10whitespace12collapse_str0B7_
FN:149,_RNCNvNtNtCscUx3zdyuqfq_4koan5parse10whitespace12collapse_strs0_0B7_
FN:56,_RNCNvNtNtCscUx3zdyuqfq_4koan5parse10whitespace12collapse_strs_0B7_
FN:279,_RNCNvNtNtCscUx3zdyuqfq_4koan5parse10whitespace16line_delim_delta0B7_
FN:280,_RNCNvNtNtCscUx3zdyuqfq_4koan5parse10whitespace16line_delim_deltas_0B7_
FN:285,_RNCNvNtNtCscUx3zdyuqfq_4koan5parse10whitespace16line_paren_delta0B7_
FN:286,_RNCNvNtNtCscUx3zdyuqfq_4koan5parse10whitespace16line_paren_deltas_0B7_
FN:33,_RNCNvNtNtCscUx3zdyuqfq_4koan5parse10whitespace19collapse_whitespace0B7_
FN:252,_RNCNvNtNtCscUx3zdyuqfq_4koan5parse10whitespace19walk_content_cursor0B7_
FN:253,_RNCNvNtNtCscUx3zdyuqfq_4koan5parse10whitespace19walk_content_cursors_0B7_
FN:37,_RNvNtNtCscUx3zdyuqfq_4koan5parse10whitespace12collapse_str
FN:291,_RNvNtNtCscUx3zdyuqfq_4koan5parse10whitespace13adjust_parens
FN:278,_RNvNtNtCscUx3zdyuqfq_4koan5parse10whitespace16line_delim_delta
FN:284,_RNvNtNtCscUx3zdyuqfq_4koan5parse10whitespace16line_paren_delta
FN:31,_RNvNtNtCscUx3zdyuqfq_4koan5parse10whitespace19collapse_whitespace
FN:233,_RNvNtNtCscUx3zdyuqfq_4koan5parse10whitespace19walk_content_cursor
FN:224,_RNvNtNtCscUx3zdyuqfq_4koan5parse10whitespace9emit_jump
FN:37,_RNvNtNtCseriWsCb5ev6_4koan5parse10whitespace12collapse_str
FN:291,_RNvNtNtCseriWsCb5ev6_4koan5parse10whitespace13adjust_parens
FN:278,_RNvNtNtCseriWsCb5ev6_4koan5parse10whitespace16line_delim_delta
FN:284,_RNvNtNtCseriWsCb5ev6_4koan5parse10whitespace16line_paren_delta
FN:31,_RNvNtNtCseriWsCb5ev6_4koan5parse10whitespace19collapse_whitespace
FN:233,_RNvNtNtCseriWsCb5ev6_4koan5parse10whitespace19walk_content_cursor
FN:224,_RNvNtNtCseriWsCb5ev6_4koan5parse10whitespace9emit_jump
FN:55,_RNCNvNtNtCseriWsCb5ev6_4koan5parse10whitespace12collapse_str0B7_
FN:149,_RNCNvNtNtCseriWsCb5ev6_4koan5parse10whitespace12collapse_strs0_0B7_
FN:56,_RNCNvNtNtCseriWsCb5ev6_4koan5parse10whitespace12collapse_strs_0B7_
FN:279,_RNCNvNtNtCseriWsCb5ev6_4koan5parse10whitespace16line_delim_delta0B7_
FN:280,_RNCNvNtNtCseriWsCb5ev6_4koan5parse10whitespace16line_delim_deltas_0B7_
FN:285,_RNCNvNtNtCseriWsCb5ev6_4koan5parse10whitespace16line_paren_delta0B7_
FN:286,_RNCNvNtNtCseriWsCb5ev6_4koan5parse10whitespace16line_paren_deltas_0B7_
FN:33,_RNCNvNtNtCseriWsCb5ev6_4koan5parse10whitespace19collapse_whitespace0B7_
FN:252,_RNCNvNtNtCseriWsCb5ev6_4koan5parse10whitespace19walk_content_cursor0B7_
FN:253,_RNCNvNtNtCseriWsCb5ev6_4koan5parse10whitespace19walk_content_cursors_0B7_
FNDA:3637,_RNCNvNtNtCscUx3zdyuqfq_4koan5parse10whitespace12collapse_str0B7_
FNDA:0,_RNCNvNtNtCscUx3zdyuqfq_4koan5parse10whitespace12collapse_strs0_0B7_
FNDA:63,_RNCNvNtNtCscUx3zdyuqfq_4koan5parse10whitespace12collapse_strs_0B7_
FNDA:3574,_RNCNvNtNtCscUx3zdyuqfq_4koan5parse10whitespace16line_delim_delta0B7_
FNDA:3574,_RNCNvNtNtCscUx3zdyuqfq_4koan5parse10whitespace16line_delim_deltas_0B7_
FNDA:3574,_RNCNvNtNtCscUx3zdyuqfq_4koan5parse10whitespace16line_paren_delta0B7_
FNDA:3574,_RNCNvNtNtCscUx3zdyuqfq_4koan5parse10whitespace16line_paren_deltas_0B7_
FNDA:0,_RNCNvNtNtCscUx3zdyuqfq_4koan5parse10whitespace19collapse_whitespace0B7_
FNDA:1,_RNCNvNtNtCscUx3zdyuqfq_4koan5parse10whitespace19walk_content_cursor0B7_
FNDA:0,_RNCNvNtNtCscUx3zdyuqfq_4koan5parse10whitespace19walk_content_cursors_0B7_
FNDA:43,_RNvNtNtCscUx3zdyuqfq_4koan5parse10whitespace12collapse_str
FNDA:106,_RNvNtNtCscUx3zdyuqfq_4koan5parse10whitespace13adjust_parens
FNDA:106,_RNvNtNtCscUx3zdyuqfq_4koan5parse10whitespace16line_delim_delta
FNDA:106,_RNvNtNtCscUx3zdyuqfq_4koan5parse10whitespace16line_paren_delta
FNDA:43,_RNvNtNtCscUx3zdyuqfq_4koan5parse10whitespace19collapse_whitespace
FNDA:106,_RNvNtNtCscUx3zdyuqfq_4koan5parse10whitespace19walk_content_cursor
FNDA:212,_RNvNtNtCscUx3zdyuqfq_4koan5parse10whitespace9emit_jump
FNDA:939,_RNvNtNtCseriWsCb5ev6_4koan5parse10whitespace12collapse_str
FNDA:1375,_RNvNtNtCseriWsCb5ev6_4koan5parse10whitespace13adjust_parens
FNDA:1375,_RNvNtNtCseriWsCb5ev6_4koan5parse10whitespace16line_delim_delta
FNDA:1382,_RNvNtNtCseriWsCb5ev6_4koan5parse10whitespace16line_paren_delta
FNDA:939,_RNvNtNtCseriWsCb5ev6_4koan5parse10whitespace19collapse_whitespace
FNDA:1382,_RNvNtNtCseriWsCb5ev6_4koan5parse10whitespace19walk_content_cursor
FNDA:2687,_RNvNtNtCseriWsCb5ev6_4koan5parse10whitespace9emit_jump
FNDA:37067,_RNCNvNtNtCseriWsCb5ev6_4koan5parse10whitespace12collapse_str0B7_
FNDA:151,_RNCNvNtNtCseriWsCb5ev6_4koan5parse10whitespace12collapse_strs0_0B7_
FNDA:467,_RNCNvNtNtCseriWsCb5ev6_4koan5parse10whitespace12collapse_strs_0B7_
FNDA:36294,_RNCNvNtNtCseriWsCb5ev6_4koan5parse10whitespace16line_delim_delta0B7_
FNDA:36294,_RNCNvNtNtCseriWsCb5ev6_4koan5parse10whitespace16line_delim_deltas_0B7_
FNDA:36316,_RNCNvNtNtCseriWsCb5ev6_4koan5parse10whitespace16line_paren_delta0B7_
FNDA:36316,_RNCNvNtNtCseriWsCb5ev6_4koan5parse10whitespace16line_paren_deltas_0B7_
FNDA:0,_RNCNvNtNtCseriWsCb5ev6_4koan5parse10whitespace19collapse_whitespace0B7_
FNDA:217,_RNCNvNtNtCseriWsCb5ev6_4koan5parse10whitespace19walk_content_cursor0B7_
FNDA:0,_RNCNvNtNtCseriWsCb5ev6_4koan5parse10whitespace19walk_content_cursors_0B7_
FNF:17
FNH:15
DA:31,982
DA:32,982
DA:33,982
DA:34,982
DA:35,982
DA:37,982
DA:38,982
DA:39,982
DA:40,982
DA:41,982
DA:42,982
DA:45,982
DA:47,982
DA:48,982
DA:49,982
DA:50,982
DA:52,2486
DA:53,1511
DA:54,1511
DA:55,40704
DA:56,1511
DA:57,1511
DA:59,1511
DA:60,1511
DA:61,1511
DA:62,1511
DA:64,1511
DA:66,1511
DA:70,23
DA:71,23
DA:72,23
DA:73,8
DA:75,15
DA:77,23
DA:78,23
DA:79,1488
DA:81,1488
DA:83,1488
DA:84,1488
DA:86,1488
DA:87,1488
DA:89,1488
DA:90,1488
DA:91,1488
DA:92,1488
DA:93,1488
DA:117,1488
DA:118,54
DA:119,54
DA:120,1434
DA:123,1434
DA:124,32
DA:127,12
DA:128,1
DA:129,1
DA:130,1
DA:131,1
DA:132,1
DA:133,11
DA:134,11
DA:135,11
DA:136,20
DA:137,20
DA:140,1
DA:141,1
DA:142,1
DA:143,1
DA:144,1
DA:145,1
DA:146,19
DA:147,1402
DA:149,1421
DA:150,3
DA:151,3
DA:152,3
DA:153,3
DA:154,3
DA:155,3
DA:156,3
DA:157,3
DA:158,1418
DA:159,1418
DA:160,2
DA:161,2
DA:162,2
DA:163,2
DA:164,2
DA:165,2
DA:166,2
DA:167,2
DA:168,1416
DA:170,1826
DA:171,459
DA:172,410
DA:173,410
DA:174,410
DA:175,410
DA:176,49
DA:182,1416
DA:183,436
DA:184,980
DA:188,1416
DA:189,1416
DA:190,11
DA:191,11
DA:192,11
DA:193,11
DA:194,11
DA:195,1405
DA:196,1405
DA:197,1405
DA:198,1405
DA:199,1405
DA:201,1416
DA:202,1416
DA:203,1416
DA:204,1416
DA:205,1416
DA:207,1416
DA:208,1416
DA:209,490
DA:211,926
DA:213,1416
DA:216,1972
DA:217,997
DA:218,997
DA:219,997
DA:221,975
DA:222,982
DA:224,2899
DA:225,2899
DA:226,2899
DA:227,2899
DA:228,2899
DA:233,1488
DA:234,1488
DA:235,1488
DA:236,40014
DA:237,38526
DA:238,38526
DA:239,218
DA:240,218
DA:241,699
DA:242,481
DA:243,481
DA:244,218
DA:245,0
DA:246,218
DA:247,218
DA:248,0
DA:249,218
DA:250,218
DA:251,218
DA:252,218
DA:253,218
DA:254,218
DA:255,38308
DA:256,218
DA:257,436
DA:258,218
DA:259,218
DA:260,218
DA:261,0
DA:262,218
DA:263,218
DA:264,447
DA:265,229
DA:266,229
DA:267,218
DA:268,38090
DA:269,38090
DA:270,38090
DA:271,38090
DA:273,1488
DA:274,1488
DA:278,1481
DA:279,39868
DA:280,39868
DA:281,1481
DA:282,1481
DA:284,1488
DA:285,39890
DA:286,39890
DA:287,1488
DA:288,1488
DA:291,1481
DA:292,1481
DA:293,15
DA:294,15
DA:295,15
DA:297,1466
DA:298,13
DA:299,13
DA:301,1481
BRF:0
BRH:0
LF:204
LH:199
end_of_record