SF:/var/home/jack/Code/koan/src/builtins.rs
FN:157,_RNvNtCscUx3zdyuqfq_4koan8builtins13default_scope
FN:65,_RNvNtCscUx3zdyuqfq_4koan8builtins16register_builtin
FN:100,_RNvNtCscUx3zdyuqfq_4koan8builtins21register_builtin_full
FN:79,_RNvNtCscUx3zdyuqfq_4koan8builtins21type_part_binder_name
FN:87,_RNvNtCscUx3zdyuqfq_4koan8builtins28register_builtin_with_binder
FN:41,_RNvNtCscUx3zdyuqfq_4koan8builtins2kw
FN:46,_RNvNtCscUx3zdyuqfq_4koan8builtins3arg
FN:36,_RNvNtCscUx3zdyuqfq_4koan8builtins3err
FN:55,_RNvNtCscUx3zdyuqfq_4koan8builtins3sig
FN:157,_RNvNtCseriWsCb5ev6_4koan8builtins13default_scope
FN:65,_RNvNtCseriWsCb5ev6_4koan8builtins16register_builtin
FN:127,_RNvNtCseriWsCb5ev6_4koan8builtins20register_overload_at
FN:100,_RNvNtCseriWsCb5ev6_4koan8builtins21register_builtin_full
FN:79,_RNvNtCseriWsCb5ev6_4koan8builtins21type_part_binder_name
FN:87,_RNvNtCseriWsCb5ev6_4koan8builtins28register_builtin_with_binder
FN:41,_RNvNtCseriWsCb5ev6_4koan8builtins2kw
FN:46,_RNvNtCseriWsCb5ev6_4koan8builtins3arg
FN:36,_RNvNtCseriWsCb5ev6_4koan8builtins3err
FN:55,_RNvNtCseriWsCb5ev6_4koan8builtins3sig
FNDA:43,_RNvNtCscUx3zdyuqfq_4koan8builtins13default_scope
FNDA:989,_RNvNtCscUx3zdyuqfq_4koan8builtins16register_builtin
FNDA:1634,_RNvNtCscUx3zdyuqfq_4koan8builtins21register_builtin_full
FNDA:74,_RNvNtCscUx3zdyuqfq_4koan8builtins21type_part_binder_name
FNDA:1419,_RNvNtCscUx3zdyuqfq_4koan8builtins28register_builtin_with_binder
FNDA:2881,_RNvNtCscUx3zdyuqfq_4koan8builtins2kw
FNDA:3311,_RNvNtCscUx3zdyuqfq_4koan8builtins3arg
FNDA:1,_RNvNtCscUx3zdyuqfq_4koan8builtins3err
FNDA:1634,_RNvNtCscUx3zdyuqfq_4koan8builtins3sig
FNDA:494,_RNvNtCseriWsCb5ev6_4koan8builtins13default_scope
FNDA:11382,_RNvNtCseriWsCb5ev6_4koan8builtins16register_builtin
FNDA:3,_RNvNtCseriWsCb5ev6_4koan8builtins20register_overload_at
FNDA:18793,_RNvNtCseriWsCb5ev6_4koan8builtins21register_builtin_full
FNDA:458,_RNvNtCseriWsCb5ev6_4koan8builtins21type_part_binder_name
FNDA:16323,_RNvNtCseriWsCb5ev6_4koan8builtins28register_builtin_with_binder
FNDA:33098,_RNvNtCseriWsCb5ev6_4koan8builtins2kw
FNDA:38038,_RNvNtCseriWsCb5ev6_4koan8builtins3arg
FNDA:55,_RNvNtCseriWsCb5ev6_4koan8builtins3err
FNDA:18772,_RNvNtCseriWsCb5ev6_4koan8builtins3sig
FNF:10
FNH:10
DA:36,56
DA:37,56
DA:38,56
DA:41,35979
DA:42,35979
DA:43,35979
DA:46,41349
DA:47,41349
DA:48,41349
DA:49,41349
DA:50,41349
DA:51,41349
DA:55,20406
DA:56,20406
DA:57,20406
DA:58,20406
DA:59,20406
DA:60,20406
DA:61,20406
DA:62,20406
DA:63,20406
DA:65,12371
DA:66,12371
DA:67,12371
DA:68,12371
DA:69,12371
DA:70,12371
DA:71,12371
DA:72,12371
DA:79,532
DA:80,532
DA:81,532
DA:82,532
DA:83,532
DA:87,17742
DA:88,17742
DA:89,17742
DA:90,17742
DA:91,17742
DA:92,17742
DA:93,17742
DA:94,17742
DA:95,17742
DA:100,20427
DA:101,20427
DA:102,20427
DA:103,20427
DA:104,20427
DA:105,20427
DA:106,20427
DA:107,20427
DA:108,20427
DA:109,20427
DA:110,20427
DA:111,20427
DA:112,20427
DA:113,20427
DA:114,20427
DA:115,20427
DA:116,20427
DA:117,20427
DA:118,20427
DA:119,20427
DA:120,20427
DA:127,3
DA:128,3
DA:129,3
DA:130,3
DA:131,3
DA:132,3
DA:133,3
DA:134,3
DA:135,3
DA:136,3
DA:137,3
DA:138,3
DA:139,3
DA:140,3
DA:141,3
DA:142,3
DA:143,3
DA:144,3
DA:145,3
DA:146,3
DA:147,3
DA:157,537
DA:158,537
DA:159,537
DA:160,537
DA:161,537
DA:163,537
DA:164,537
DA:165,537
DA:166,537
DA:167,537
DA:168,537
DA:169,537
DA:172,537
DA:173,537
DA:174,537
DA:177,537
DA:178,537
DA:179,537
DA:182,537
DA:183,537
DA:184,537
DA:187,537
DA:188,537
DA:189,537
DA:192,537
DA:193,537
DA:194,537
DA:197,537
DA:199,537
DA:200,537
DA:201,537
DA:202,537
DA:203,537
DA:204,537
DA:205,537
DA:206,537
DA:207,537
DA:208,537
DA:209,537
DA:210,537
DA:211,537
DA:212,537
DA:213,537
DA:214,537
DA:215,537
DA:216,537
DA:217,537
DA:218,537
DA:219,537
DA:220,537
DA:222,537
DA:223,537
BRF:0
BRH:0
LF:137
LH:137
end_of_record
SF:/var/home/jack/Code/koan/src/builtins/ascribe.rs
FN:17,_RNvNtNtCscUx3zdyuqfq_4koan8builtins7ascribe11body_opaque
FN:166,_RNvNtNtCscUx3zdyuqfq_4koan8builtins7ascribe11shape_check
FN:140,_RNvNtNtCscUx3zdyuqfq_4koan8builtins7ascribe16body_transparent
FN:221,_RNvNtNtCscUx3zdyuqfq_4koan8builtins7ascribe21is_abstract_type_name
FN:209,_RNvNtNtCscUx3zdyuqfq_4koan8builtins7ascribe22abstract_type_names_of
FN:232,_RNvNtNtCscUx3zdyuqfq_4koan8builtins7ascribe28resolve_module_and_signature
FN:246,_RNvNtNtCscUx3zdyuqfq_4koan8builtins7ascribe8register
FN:229,_RNCNvNtNtCscUx3zdyuqfq_4koan8builtins7ascribe21is_abstract_type_name0B7_
FN:215,_RNCNvNtNtCscUx3zdyuqfq_4koan8builtins7ascribe22abstract_type_names_ofs_0B7_
FN:17,_RNvNtNtCseriWsCb5ev6_4koan8builtins7ascribe11body_opaque
FN:166,_RNvNtNtCseriWsCb5ev6_4koan8builtins7ascribe11shape_check
FN:140,_RNvNtNtCseriWsCb5ev6_4koan8builtins7ascribe16body_transparent
FN:221,_RNvNtNtCseriWsCb5ev6_4koan8builtins7ascribe21is_abstract_type_name
FN:209,_RNvNtNtCseriWsCb5ev6_4koan8builtins7ascribe22abstract_type_names_of
FN:232,_RNvNtNtCseriWsCb5ev6_4koan8builtins7ascribe28resolve_module_and_signature
FN:246,_RNvNtNtCseriWsCb5ev6_4koan8builtins7ascribe8register
FN:229,_RNCNvNtNtCseriWsCb5ev6_4koan8builtins7ascribe21is_abstract_type_name0B7_
FN:215,_RNCNvNtNtCseriWsCb5ev6_4koan8builtins7ascribe22abstract_type_names_ofs_0B7_
FNDA:1,_RNvNtNtCscUx3zdyuqfq_4koan8builtins7ascribe11body_opaque
FNDA:5,_RNvNtNtCscUx3zdyuqfq_4koan8builtins7ascribe11shape_check
FNDA:4,_RNvNtNtCscUx3zdyuqfq_4koan8builtins7ascribe16body_transparent
FNDA:22,_RNvNtNtCscUx3zdyuqfq_4koan8builtins7ascribe21is_abstract_type_name
FNDA:6,_RNvNtNtCscUx3zdyuqfq_4koan8builtins7ascribe22abstract_type_names_of
FNDA:5,_RNvNtNtCscUx3zdyuqfq_4koan8builtins7ascribe28resolve_module_and_signature
FNDA:43,_RNvNtNtCscUx3zdyuqfq_4koan8builtins7ascribe8register
FNDA:0,_RNCNvNtNtCscUx3zdyuqfq_4koan8builtins7ascribe21is_abstract_type_name0B7_
FNDA:6,_RNCNvNtNtCscUx3zdyuqfq_4koan8builtins7ascribe22abstract_type_names_ofs_0B7_
FNDA:19,_RNvNtNtCseriWsCb5ev6_4koan8builtins7ascribe11body_opaque
FNDA:38,_RNvNtNtCseriWsCb5ev6_4koan8builtins7ascribe11shape_check
FNDA:19,_RNvNtNtCseriWsCb5ev6_4koan8builtins7ascribe16body_transparent
FNDA:192,_RNvNtNtCseriWsCb5ev6_4koan8builtins7ascribe21is_abstract_type_name
FNDA:65,_RNvNtNtCseriWsCb5ev6_4koan8builtins7ascribe22abstract_type_names_of
FNDA:38,_RNvNtNtCseriWsCb5ev6_4koan8builtins7ascribe28resolve_module_and_signature
FNDA:494,_RNvNtNtCseriWsCb5ev6_4koan8builtins7ascribe8register
FNDA:53,_RNCNvNtNtCseriWsCb5ev6_4koan8builtins7ascribe21is_abstract_type_name0B7_
FNDA:99,_RNCNvNtNtCseriWsCb5ev6_4koan8builtins7ascribe22abstract_type_names_ofs_0B7_
FNF:9
FNH:9
DA:17,20
DA:18,20
DA:19,20
DA:20,20
DA:21,20
DA:22,20
DA:23,0
DA:26,20
DA:27,20
DA:28,20
DA:29,20
DA:32,20
DA:33,20
DA:34,0
DA:35,20
DA:37,20
DA:41,20
DA:43,20
DA:44,20
DA:49,13
DA:50,3
DA:51,3
DA:54,3
DA:55,3
DA:56,3
DA:58,0
DA:62,3
DA:63,3
DA:64,3
DA:65,3
DA:67,3
DA:68,3
DA:69,3
DA:70,3
DA:71,3
DA:72,3
DA:73,3
DA:74,3
DA:75,3
DA:77,10
DA:78,10
DA:79,10
DA:80,10
DA:82,13
DA:85,20
DA:86,13
DA:87,13
DA:88,13
DA:89,13
DA:90,7
DA:99,20
DA:100,20
DA:101,30
DA:104,30
DA:105,13
DA:106,17
DA:109,3
DA:110,3
DA:112,3
DA:113,3
DA:114,3
DA:115,14
DA:117,20
DA:118,20
DA:119,3
DA:120,3
DA:121,3
DA:122,3
DA:123,17
DA:126,20
DA:127,2
DA:128,18
DA:130,18
DA:132,18
DA:133,18
DA:134,18
DA:135,18
DA:136,18
DA:137,20
DA:140,23
DA:141,23
DA:142,23
DA:143,23
DA:144,23
DA:145,23
DA:146,0
DA:148,23
DA:149,0
DA:150,23
DA:152,23
DA:153,23
DA:154,23
DA:155,23
DA:156,23
DA:157,23
DA:158,23
DA:159,23
DA:160,23
DA:161,23
DA:162,23
DA:163,23
DA:166,43
DA:167,43
DA:168,43
DA:169,43
DA:170,43
DA:171,43
DA:172,43
DA:173,43
DA:177,43
DA:178,43
DA:179,43
DA:180,43
DA:181,43
DA:182,43
DA:183,43
DA:184,43
DA:185,43
DA:186,43
DA:187,43
DA:188,43
DA:189,43
DA:190,57
DA:191,57
DA:192,17
DA:193,40
DA:194,40
DA:195,2
DA:196,2
DA:197,2
DA:198,2
DA:199,38
DA:201,41
DA:202,43
DA:209,71
DA:210,71
DA:211,71
DA:212,71
DA:213,71
DA:214,71
DA:215,105
DA:216,71
DA:217,71
DA:221,214
DA:222,214
DA:223,214
DA:224,0
DA:226,214
DA:227,161
DA:228,53
DA:229,53
DA:230,214
DA:232,43
DA:233,43
DA:234,43
DA:235,43
DA:236,43
DA:237,43
DA:238,43
DA:239,43
DA:240,43
DA:241,43
DA:242,43
DA:243,43
DA:244,43
DA:246,537
DA:250,537
DA:251,537
DA:252,537
DA:253,537
DA:254,537
DA:255,537
DA:256,537
DA:257,537
DA:258,537
DA:261,537
DA:263,537
DA:264,537
DA:265,537
DA:266,537
DA:267,537
DA:268,537
DA:269,537
DA:270,537
DA:271,537
DA:274,537
DA:276,537
BRF:0
BRH:0
LF:189
LH:183
end_of_record
SF:/var/home/jack/Code/koan/src/builtins/attr.rs
FN:139,_RNvNtNtCscUx3zdyuqfq_4koan8builtins4attr11body_module
FN:211,_RNvNtNtCscUx3zdyuqfq_4koan8builtins4attr12access_field
FN:124,_RNvNtNtCscUx3zdyuqfq_4koan8builtins4attr12body_newtype
FN:79,_RNvNtNtCscUx3zdyuqfq_4koan8builtins4attr13body_type_lhs
FN:26,_RNvNtNtCscUx3zdyuqfq_4koan8builtins4attr15body_identifier
FN:155,_RNvNtNtCscUx3zdyuqfq_4koan8builtins4attr15read_field_name
FN:180,_RNvNtNtCscUx3zdyuqfq_4koan8builtins4attr18access_type_member
FN:262,_RNvNtNtCscUx3zdyuqfq_4koan8builtins4attr20access_module_member
FN:286,_RNvNtNtCscUx3zdyuqfq_4koan8builtins4attr8register
FN:425,_RNvNtNtNtCseriWsCb5ev6_4koan8builtins4attr5testss_24attr_unbound_name_errors
FN:452,_RNvNtNtNtCseriWsCb5ev6_4koan8builtins4attr5testss_25attr_unknown_field_errors
FN:436,_RNvNtNtNtCseriWsCb5ev6_4koan8builtins4attr5testss_31attr_on_non_struct_value_errors
FN:468,_RNvNtNtNtCseriWsCb5ev6_4koan8builtins4attr5testss_33attr_chained_unknown_field_errors
FN:409,_RNvNtNtNtCseriWsCb5ev6_4koan8builtins4attr5testss_34attr_chained_through_nested_struct
FN:385,_RNvNtNtNtCseriWsCb5ev6_4koan8builtins4attr5testss_34attr_reads_field_from_named_struct
FN:397,_RNvNtNtNtCseriWsCb5ev6_4koan8builtins4attr5testss_35attr_reads_each_field_independently
FN:505,_RNvNtNtNtCseriWsCb5ev6_4koan8builtins4attr5testss_39access_field_rejects_wrapped_non_struct
FN:549,_RNvNtNtNtCseriWsCb5ev6_4koan8builtins4attr5testss_41transparent_view_slot_read_stays_concrete
FN:528,_RNvNtNtNtCseriWsCb5ev6_4koan8builtins4attr5testss_48opaque_view_slot_read_re_tags_with_abstract_type
FN:489,_RNvNtNtNtCseriWsCb5ev6_4koan8builtins4attr5testss_49access_field_falls_through_wrapped_record_newtype
FN:570,_RNvNtNtNtCseriWsCb5ev6_4koan8builtins4attr5testss_53access_field_falls_through_wrapped_with_missing_field
FN:139,_RNvNtNtCseriWsCb5ev6_4koan8builtins4attr11body_module
FN:211,_RNvNtNtCseriWsCb5ev6_4koan8builtins4attr12access_field
FN:124,_RNvNtNtCseriWsCb5ev6_4koan8builtins4attr12body_newtype
FN:79,_RNvNtNtCseriWsCb5ev6_4koan8builtins4attr13body_type_lhs
FN:26,_RNvNtNtCseriWsCb5ev6_4koan8builtins4attr15body_identifier
FN:155,_RNvNtNtCseriWsCb5ev6_4koan8builtins4attr15read_field_name
FN:180,_RNvNtNtCseriWsCb5ev6_4koan8builtins4attr18access_type_member
FN:262,_RNvNtNtCseriWsCb5ev6_4koan8builtins4attr20access_module_member
FN:286,_RNvNtNtCseriWsCb5ev6_4koan8builtins4attr8register
FNDA:7,_RNvNtNtCscUx3zdyuqfq_4koan8builtins4attr11body_module
FNDA:1,_RNvNtNtCscUx3zdyuqfq_4koan8builtins4attr12access_field
FNDA:0,_RNvNtNtCscUx3zdyuqfq_4koan8builtins4attr12body_newtype
FNDA:0,_RNvNtNtCscUx3zdyuqfq_4koan8builtins4attr13body_type_lhs
FNDA:2,_RNvNtNtCscUx3zdyuqfq_4koan8builtins4attr15body_identifier
FNDA:9,_RNvNtNtCscUx3zdyuqfq_4koan8builtins4attr15read_field_name
FNDA:0,_RNvNtNtCscUx3zdyuqfq_4koan8builtins4attr18access_type_member
FNDA:7,_RNvNtNtCscUx3zdyuqfq_4koan8builtins4attr20access_module_member
FNDA:43,_RNvNtNtCscUx3zdyuqfq_4koan8builtins4attr8register
FNDA:1,_RNvNtNtNtCseriWsCb5ev6_4koan8builtins4attr5testss_24attr_unbound_name_errors
FNDA:1,_RNvNtNtNtCseriWsCb5ev6_4koan8builtins4attr5testss_25attr_unknown_field_errors
FNDA:1,_RNvNtNtNtCseriWsCb5ev6_4koan8builtins4attr5testss_31attr_on_non_struct_value_errors
FNDA:1,_RNvNtNtNtCseriWsCb5ev6_4koan8builtins4attr5testss_33attr_chained_unknown_field_errors
FNDA:1,_RNvNtNtNtCseriWsCb5ev6_4koan8builtins4attr5testss_34attr_chained_through_nested_struct
FNDA:1,_RNvNtNtNtCseriWsCb5ev6_4koan8builtins4attr5testss_34attr_reads_field_from_named_struct
FNDA:1,_RNvNtNtNtCseriWsCb5ev6_4koan8builtins4attr5testss_35attr_reads_each_field_independently
FNDA:1,_RNvNtNtNtCseriWsCb5ev6_4koan8builtins4attr5testss_39access_field_rejects_wrapped_non_struct
FNDA:1,_RNvNtNtNtCseriWsCb5ev6_4koan8builtins4attr5testss_41transparent_view_slot_read_stays_concrete
FNDA:1,_RNvNtNtNtCseriWsCb5ev6_4koan8builtins4attr5testss_48opaque_view_slot_read_re_tags_with_abstract_type
FNDA:1,_RNvNtNtNtCseriWsCb5ev6_4koan8builtins4attr5testss_49access_field_falls_through_wrapped_record_newtype
FNDA:1,_RNvNtNtNtCseriWsCb5ev6_4koan8builtins4attr5testss_53access_field_falls_through_wrapped_with_missing_field
FNDA:18,_RNvNtNtCseriWsCb5ev6_4koan8builtins4attr11body_module
FNDA:21,_RNvNtNtCseriWsCb5ev6_4koan8builtins4attr12access_field
FNDA:2,_RNvNtNtCseriWsCb5ev6_4koan8builtins4attr12body_newtype
FNDA:1,_RNvNtNtCseriWsCb5ev6_4koan8builtins4attr13body_type_lhs
FNDA:22,_RNvNtNtCseriWsCb5ev6_4koan8builtins4attr15body_identifier
FNDA:43,_RNvNtNtCseriWsCb5ev6_4koan8builtins4attr15read_field_name
FNDA:0,_RNvNtNtCseriWsCb5ev6_4koan8builtins4attr18access_type_member
FNDA:21,_RNvNtNtCseriWsCb5ev6_4koan8builtins4attr20access_module_member
FNDA:494,_RNvNtNtCseriWsCb5ev6_4koan8builtins4attr8register
FNF:21
FNH:20
DA:26,24
DA:27,24
DA:28,24
DA:29,24
DA:30,24
DA:31,24
DA:32,0
DA:33,0
DA:34,0
DA:35,0
DA:36,0
DA:37,0
DA:39,0
DA:41,24
DA:42,24
DA:43,24
DA:44,0
DA:49,24
DA:50,19
DA:51,5
DA:52,5
DA:53,0
DA:54,3
DA:56,0
DA:59,0
DA:63,0
DA:67,0
DA:69,2
DA:70,2
DA:71,24
DA:79,1
DA:80,1
DA:81,1
DA:82,1
DA:83,1
DA:84,1
DA:86,0
DA:87,0
DA:88,0
DA:89,0
DA:90,0
DA:91,0
DA:92,0
DA:96,1
DA:97,1
DA:98,0
DA:106,1
DA:107,1
DA:108,0
DA:109,0
DA:111,0
DA:112,1
DA:113,1
DA:114,1
DA:115,1
DA:116,1
DA:117,1
DA:118,1
DA:120,0
DA:122,1
DA:124,2
DA:125,2
DA:126,2
DA:127,2
DA:128,2
DA:129,2
DA:130,0
DA:132,2
DA:133,2
DA:134,0
DA:136,2
DA:137,2
DA:139,25
DA:140,25
DA:141,25
DA:142,25
DA:144,25
DA:145,25
DA:146,0
DA:148,25
DA:149,25
DA:150,0
DA:152,25
DA:153,25
DA:155,52
DA:156,52
DA:157,41
DA:158,41
DA:159,0
DA:160,0
DA:161,0
DA:162,0
DA:163,0
DA:165,11
DA:168,11
DA:169,11
DA:170,10
DA:171,1
DA:173,0
DA:174,0
DA:175,52
DA:180,0
DA:181,0
DA:182,0
DA:184,0
DA:185,0
DA:186,0
DA:187,0
DA:188,0
DA:189,0
DA:190,0
DA:191,0
DA:192,0
DA:193,0
DA:194,0
DA:195,0
DA:200,0
DA:202,0
DA:203,0
DA:204,0
DA:205,0
DA:206,0
DA:207,0
DA:209,0
DA:211,22
DA:212,22
DA:219,18
DA:220,17
DA:221,14
DA:222,14
DA:224,0
DA:225,3
DA:226,3
DA:227,3
DA:228,3
DA:229,3
DA:231,1
DA:233,4
DA:234,4
DA:235,4
DA:236,4
DA:237,4
DA:239,22
DA:262,28
DA:263,28
DA:264,28
DA:265,9
DA:266,19
DA:267,19
DA:268,16
DA:269,2
DA:270,2
DA:271,2
DA:272,2
DA:273,2
DA:274,14
DA:275,14
DA:276,3
DA:277,3
DA:278,2
DA:279,1
DA:280,1
DA:281,1
DA:282,1
DA:283,1
DA:284,28
DA:286,537
DA:287,537
DA:289,537
DA:290,537
DA:291,537
DA:292,537
DA:293,537
DA:294,537
DA:295,537
DA:296,537
DA:297,537
DA:300,537
DA:302,537
DA:303,537
DA:304,537
DA:305,537
DA:306,537
DA:307,537
DA:308,537
DA:309,537
DA:310,537
DA:313,537
DA:323,537
DA:324,537
DA:325,537
DA:326,537
DA:327,537
DA:328,537
DA:329,537
DA:330,537
DA:331,537
DA:334,537
DA:336,537
DA:337,537
DA:338,537
DA:339,537
DA:340,537
DA:341,537
DA:342,537
DA:343,537
DA:344,537
DA:347,537
DA:349,537
DA:350,537
DA:351,537
DA:352,537
DA:353,537
DA:354,537
DA:355,537
DA:356,537
DA:357,537
DA:360,537
DA:363,537
DA:364,537
DA:365,537
DA:366,537
DA:367,537
DA:368,537
DA:369,537
DA:370,537
DA:371,537
DA:374,537
DA:376,537
DA:385,1
DA:386,1
DA:387,1
DA:388,1
DA:389,1
DA:390,1
DA:392,1
DA:393,1
DA:394,1
DA:397,1
DA:398,1
DA:399,1
DA:400,1
DA:401,1
DA:402,1
DA:404,1
DA:405,1
DA:406,1
DA:409,1
DA:410,1
DA:411,1
DA:412,1
DA:413,1
DA:414,1
DA:415,1
DA:416,1
DA:417,1
DA:418,1
DA:420,1
DA:421,1
DA:422,1
DA:425,1
DA:426,1
DA:427,1
DA:428,1
DA:429,1
DA:430,1
DA:433,1
DA:436,1
DA:437,1
DA:438,1
DA:439,1
DA:440,1
DA:441,1
DA:442,1
DA:443,1
DA:444,1
DA:445,1
DA:447,0
DA:449,1
DA:452,1
DA:453,1
DA:454,1
DA:455,1
DA:456,1
DA:457,1
DA:459,1
DA:460,1
DA:461,1
DA:462,1
DA:465,1
DA:468,1
DA:469,1
DA:470,1
DA:471,1
DA:472,1
DA:473,1
DA:474,1
DA:475,1
DA:476,1
DA:477,1
DA:479,1
DA:480,1
DA:481,1
DA:482,1
DA:485,1
DA:489,1
DA:490,1
DA:491,1
DA:492,1
DA:493,1
DA:494,1
DA:495,1
DA:496,1
DA:497,1
DA:499,1
DA:500,1
DA:501,1
DA:505,1
DA:506,1
DA:507,1
DA:508,1
DA:509,1
DA:510,1
DA:511,1
DA:513,1
DA:514,1
DA:515,1
DA:516,1
DA:517,1
DA:518,1
DA:520,0
DA:522,1
DA:528,1
DA:529,1
DA:530,1
DA:531,1
DA:532,1
DA:533,1
DA:534,1
DA:535,1
DA:537,1
DA:538,1
DA:539,1
DA:542,0
DA:544,1
DA:549,1
DA:550,1
DA:551,1
DA:552,1
DA:553,1
DA:554,1
DA:555,1
DA:556,1
DA:558,1
DA:559,1
DA:560,1
DA:562,0
DA:564,1
DA:570,1
DA:571,1
DA:572,1
DA:573,1
DA:574,1
DA:575,1
DA:576,1
DA:577,1
DA:578,1
DA:580,1
DA:581,1
DA:582,1
DA:583,1
DA:586,1
BRF:0
BRH:0
LF:372
LH:308
end_of_record
SF:/var/home/jack/Code/koan/src/builtins/branch_walk.rs
FN:33,_RNCNvNtNtCscUx3zdyuqfq_4koan8builtins11branch_walk27resolve_arm_return_contract0B7_
FN:55,_RNvNtNtCscUx3zdyuqfq_4koan8builtins11branch_walk16find_branch_body
FN:22,_RNvNtNtCscUx3zdyuqfq_4koan8builtins11branch_walk27resolve_arm_return_contract
FN:33,_RNCNvNtNtCseriWsCb5ev6_4koan8builtins11branch_walk27resolve_arm_return_contract0B7_
FN:55,_RNvNtNtCseriWsCb5ev6_4koan8builtins11branch_walk16find_branch_body
FN:22,_RNvNtNtCseriWsCb5ev6_4koan8builtins11branch_walk27resolve_arm_return_contract
FNDA:0,_RNCNvNtNtCscUx3zdyuqfq_4koan8builtins11branch_walk27resolve_arm_return_contract0B7_
FNDA:0,_RNvNtNtCscUx3zdyuqfq_4koan8builtins11branch_walk16find_branch_body
FNDA:0,_RNvNtNtCscUx3zdyuqfq_4koan8builtins11branch_walk27resolve_arm_return_contract
FNDA:0,_RNCNvNtNtCseriWsCb5ev6_4koan8builtins11branch_walk27resolve_arm_return_contract0B7_
FNDA:88,_RNvNtNtCseriWsCb5ev6_4koan8builtins11branch_walk16find_branch_body
FNDA:88,_RNvNtNtCseriWsCb5ev6_4koan8builtins11branch_walk27resolve_arm_return_contract
FNF:3
FNH:2
DA:22,88
DA:23,88
DA:24,88
DA:25,88
DA:26,88
DA:27,88
DA:28,88
DA:29,88
DA:31,0
DA:32,0
DA:33,0
DA:34,0
DA:35,0
DA:36,0
DA:37,0
DA:38,0
DA:41,0
DA:42,0
DA:43,0
DA:46,88
DA:47,88
DA:48,88
DA:49,88
DA:50,88
DA:55,88
DA:56,88
DA:57,88
DA:58,88
DA:59,88
DA:60,88
DA:61,88
DA:62,0
DA:63,0
DA:64,0
DA:65,0
DA:66,88
DA:67,88
DA:68,88
DA:69,128
DA:70,120
DA:71,120
DA:72,120
DA:73,120
DA:75,107
DA:78,9
DA:79,9
DA:80,6
DA:82,3
DA:86,4
DA:87,0
DA:88,0
DA:89,0
DA:90,0
DA:91,0
DA:94,120
DA:95,120
DA:96,0
DA:97,0
DA:98,0
DA:99,0
DA:100,0
DA:103,120
DA:104,118
DA:105,2
DA:106,2
DA:107,2
DA:108,2
DA:109,2
DA:112,118
DA:113,78
DA:114,40
DA:115,40
DA:116,4
DA:117,36
DA:118,40
DA:120,8
DA:121,88
BRF:0
BRH:0
LF:79
LH:52
end_of_record
SF:/var/home/jack/Code/koan/src/builtins/catch.rs
FN:32,_RNCNvNtNtCscUx3zdyuqfq_4koan8builtins5catch4body0B7_
FN:15,_RNvNtNtCscUx3zdyuqfq_4koan8builtins5catch4body
FN:53,_RNvNtNtCscUx3zdyuqfq_4koan8builtins5catch8register
FN:15,_RNvNtNtCseriWsCb5ev6_4koan8builtins5catch4body
FN:53,_RNvNtNtCseriWsCb5ev6_4koan8builtins5catch8register
FN:32,_RNCNvNtNtCseriWsCb5ev6_4koan8builtins5catch4body0B7_
FNDA:0,_RNCNvNtNtCscUx3zdyuqfq_4koan8builtins5catch4body0B7_
FNDA:0,_RNvNtNtCscUx3zdyuqfq_4koan8builtins5catch4body
FNDA:43,_RNvNtNtCscUx3zdyuqfq_4koan8builtins5catch8register
FNDA:8,_RNvNtNtCseriWsCb5ev6_4koan8builtins5catch4body
FNDA:494,_RNvNtNtCseriWsCb5ev6_4koan8builtins5catch8register
FNDA:8,_RNCNvNtNtCseriWsCb5ev6_4koan8builtins5catch4body0B7_
FNF:3
FNH:3
DA:15,8
DA:16,8
DA:17,8
DA:18,8
DA:19,8
DA:20,8
DA:21,0
DA:26,8
DA:27,8
DA:28,0
DA:30,8
DA:31,8
DA:32,8
DA:33,8
DA:34,4
DA:35,4
DA:37,8
DA:38,8
DA:39,8
DA:40,8
DA:41,8
DA:42,8
DA:43,8
DA:44,8
DA:45,8
DA:46,8
DA:47,8
DA:48,8
DA:49,8
DA:50,8
DA:51,8
DA:53,537
DA:59,537
DA:60,537
DA:61,0
DA:63,537
DA:64,537
DA:65,537
DA:66,537
DA:67,537
DA:68,537
DA:69,537
DA:70,537
DA:71,537
DA:72,537
DA:74,537
DA:76,537
BRF:0
BRH:0
LF:48
LH:45
end_of_record
SF:/var/home/jack/Code/koan/src/builtins/eval.rs
FN:14,_RNvNtNtCscUx3zdyuqfq_4koan8builtins4eval4body
FN:34,_RNvNtNtCscUx3zdyuqfq_4koan8builtins4eval8register
FN:50,_RNvNtNtNtCseriWsCb5ev6_4koan8builtins4eval5tests11run_program
FN:107,_RNvNtNtNtCseriWsCb5ev6_4koan8builtins4eval5testss_21recursive_eval_no_uaf
FN:59,_RNvNtNtNtCseriWsCb5ev6_4koan8builtins4eval5testss_22eval_of_quoted_literal
FN:93,_RNvNtNtNtCseriWsCb5ev6_4koan8builtins4eval5testss_34multiline_sigil_collapse_roundtrip
FN:99,_RNvNtNtNtCseriWsCb5ev6_4koan8builtins4eval5testss_35eval_returns_inner_expression_value
FN:87,_RNvNtNtNtCseriWsCb5ev6_4koan8builtins4eval5testss_37eval_runs_side_effects_in_quoted_body
FN:65,_RNvNtNtNtCseriWsCb5ev6_4koan8builtins4eval5testss_38eval_of_function_returning_kexpression
FN:74,_RNvNtNtNtCseriWsCb5ev6_4koan8builtins4eval5testss_49eval_of_non_kexpression_errors_with_type_mismatch
FN:14,_RNvNtNtCseriWsCb5ev6_4koan8builtins4eval4body
FN:34,_RNvNtNtCseriWsCb5ev6_4koan8builtins4eval8register
FNDA:0,_RNvNtNtCscUx3zdyuqfq_4koan8builtins4eval4body
FNDA:43,_RNvNtNtCscUx3zdyuqfq_4koan8builtins4eval8register
FNDA:6,_RNvNtNtNtCseriWsCb5ev6_4koan8builtins4eval5tests11run_program
FNDA:1,_RNvNtNtNtCseriWsCb5ev6_4koan8builtins4eval5testss_21recursive_eval_no_uaf
FNDA:1,_RNvNtNtNtCseriWsCb5ev6_4koan8builtins4eval5testss_22eval_of_quoted_literal
FNDA:1,_RNvNtNtNtCseriWsCb5ev6_4koan8builtins4eval5testss_34multiline_sigil_collapse_roundtrip
FNDA:1,_RNvNtNtNtCseriWsCb5ev6_4koan8builtins4eval5testss_35eval_returns_inner_expression_value
FNDA:1,_RNvNtNtNtCseriWsCb5ev6_4koan8builtins4eval5testss_37eval_runs_side_effects_in_quoted_body
FNDA:1,_RNvNtNtNtCseriWsCb5ev6_4koan8builtins4eval5testss_38eval_of_function_returning_kexpression
FNDA:1,_RNvNtNtNtCseriWsCb5ev6_4koan8builtins4eval5testss_49eval_of_non_kexpression_errors_with_type_mismatch
FNDA:9,_RNvNtNtCseriWsCb5ev6_4koan8builtins4eval4body
FNDA:494,_RNvNtNtCseriWsCb5ev6_4koan8builtins4eval8register
FNF:10
FNH:10
DA:14,9
DA:15,9
DA:16,9
DA:17,9
DA:18,9
DA:19,8
DA:20,1
DA:24,8
DA:25,8
DA:26,8
DA:27,8
DA:28,8
DA:29,8
DA:30,8
DA:31,8
DA:32,9
DA:34,537
DA:35,537
DA:36,537
DA:37,537
DA:38,537
DA:39,537
DA:41,537
DA:50,6
DA:51,6
DA:52,6
DA:53,6
DA:54,6
DA:55,6
DA:56,6
DA:59,1
DA:60,1
DA:61,1
DA:62,1
DA:65,1
DA:66,1
DA:67,1
DA:68,1
DA:70,1
DA:71,1
DA:74,1
DA:75,1
DA:76,1
DA:77,1
DA:78,1
DA:79,1
DA:80,1
DA:81,1
DA:84,1
DA:87,1
DA:88,1
DA:89,1
DA:90,1
DA:93,1
DA:94,1
DA:95,1
DA:96,1
DA:99,1
DA:102,1
DA:103,1
DA:104,1
DA:107,1
DA:111,1
DA:112,1
DA:113,1
DA:114,1
DA:115,1
DA:116,1
DA:117,1
DA:119,1
DA:120,1
BRF:0
BRH:0
LF:71
LH:71
end_of_record
SF:/var/home/jack/Code/koan/src/builtins/fn_def.rs
FN:48,_RNvNtNtCscUx3zdyuqfq_4koan8builtins6fn_def13build_fn_like
FN:179,_RNvNtNtCscUx3zdyuqfq_4koan8builtins6fn_def18body_record_schema
FN:139,_RNvNtNtCscUx3zdyuqfq_4koan8builtins6fn_def19collect_param_types
FN:34,_RNvNtNtCscUx3zdyuqfq_4koan8builtins6fn_def4body
FN:265,_RNvNtNtCscUx3zdyuqfq_4koan8builtins6fn_def8register
FN:115,_RNCNvNtNtCscUx3zdyuqfq_4koan8builtins6fn_def13build_fn_like0B7_
FN:199,_RNCNvNtNtCscUx3zdyuqfq_4koan8builtins6fn_def18body_record_schema0B7_
FN:232,_RNCNvNtNtCscUx3zdyuqfq_4koan8builtins6fn_def18body_record_schemas_0B7_
FN:48,_RNvNtNtCseriWsCb5ev6_4koan8builtins6fn_def13build_fn_like
FN:179,_RNvNtNtCseriWsCb5ev6_4koan8builtins6fn_def18body_record_schema
FN:139,_RNvNtNtCseriWsCb5ev6_4koan8builtins6fn_def19collect_param_types
FN:34,_RNvNtNtCseriWsCb5ev6_4koan8builtins6fn_def4body
FN:265,_RNvNtNtCseriWsCb5ev6_4koan8builtins6fn_def8register
FN:115,_RNCNvNtNtCseriWsCb5ev6_4koan8builtins6fn_def13build_fn_like0B7_
FN:199,_RNCNvNtNtCseriWsCb5ev6_4koan8builtins6fn_def18body_record_schema0B7_
FN:232,_RNCNvNtNtCseriWsCb5ev6_4koan8builtins6fn_def18body_record_schemas_0B7_
FNDA:17,_RNvNtNtCscUx3zdyuqfq_4koan8builtins6fn_def13build_fn_like
FNDA:0,_RNvNtNtCscUx3zdyuqfq_4koan8builtins6fn_def18body_record_schema
FNDA:7,_RNvNtNtCscUx3zdyuqfq_4koan8builtins6fn_def19collect_param_types
FNDA:10,_RNvNtNtCscUx3zdyuqfq_4koan8builtins6fn_def4body
FNDA:43,_RNvNtNtCscUx3zdyuqfq_4koan8builtins6fn_def8register
FNDA:17,_RNCNvNtNtCscUx3zdyuqfq_4koan8builtins6fn_def13build_fn_like0B7_
FNDA:0,_RNCNvNtNtCscUx3zdyuqfq_4koan8builtins6fn_def18body_record_schema0B7_
FNDA:0,_RNCNvNtNtCscUx3zdyuqfq_4koan8builtins6fn_def18body_record_schemas_0B7_
FNDA:230,_RNvNtNtCseriWsCb5ev6_4koan8builtins6fn_def13build_fn_like
FNDA:8,_RNvNtNtCseriWsCb5ev6_4koan8builtins6fn_def18body_record_schema
FNDA:18,_RNvNtNtCseriWsCb5ev6_4koan8builtins6fn_def19collect_param_types
FNDA:212,_RNvNtNtCseriWsCb5ev6_4koan8builtins6fn_def4body
FNDA:494,_RNvNtNtCseriWsCb5ev6_4koan8builtins6fn_def8register
FNDA:221,_RNCNvNtNtCseriWsCb5ev6_4koan8builtins6fn_def13build_fn_like0B7_
FNDA:7,_RNCNvNtNtCseriWsCb5ev6_4koan8builtins6fn_def18body_record_schema0B7_
FNDA:7,_RNCNvNtNtCseriWsCb5ev6_4koan8builtins6fn_def18body_record_schemas_0B7_
FNF:8
FNH:8
DA:34,222
DA:35,222
DA:36,222
DA:37,222
DA:38,222
DA:39,222
DA:48,247
DA:49,247
DA:50,247
DA:51,247
DA:52,247
DA:53,247
DA:54,247
DA:55,247
DA:56,0
DA:58,247
DA:59,247
DA:60,0
DA:62,247
DA:63,247
DA:64,0
DA:69,247
DA:74,247
DA:75,25
DA:76,222
DA:81,247
DA:82,247
DA:84,247
DA:85,247
DA:86,247
DA:87,247
DA:88,247
DA:89,247
DA:90,247
DA:91,244
DA:92,3
DA:96,244
DA:97,2
DA:98,242
DA:100,242
DA:101,175
DA:102,4
DA:104,63
DA:105,63
DA:106,63
DA:107,63
DA:108,63
DA:109,63
DA:113,238
DA:114,238
DA:115,238
DA:116,238
DA:118,238
DA:120,157
DA:121,157
DA:122,157
DA:123,157
DA:124,157
DA:125,157
DA:126,157
DA:127,157
DA:128,157
DA:130,81
DA:131,81
DA:134,247
DA:139,25
DA:140,25
DA:141,25
DA:142,25
DA:144,25
DA:145,25
DA:146,25
DA:147,25
DA:148,75
DA:149,50
DA:150,7
DA:151,18
DA:152,25
DA:154,50
DA:155,25
DA:156,25
DA:157,25
DA:158,25
DA:159,25
DA:160,0
DA:161,0
DA:162,25
DA:163,25
DA:164,25
DA:165,25
DA:167,25
DA:168,25
DA:179,8
DA:180,8
DA:181,8
DA:182,8
DA:183,8
DA:184,7
DA:185,1
DA:186,1
DA:187,1
DA:188,1
DA:189,1
DA:192,0
DA:193,0
DA:194,0
DA:197,7
DA:198,7
DA:199,7
DA:200,7
DA:201,7
DA:202,7
DA:203,7
DA:204,7
DA:205,7
DA:206,7
DA:208,7
DA:209,7
DA:210,0
DA:212,7
DA:213,7
DA:214,0
DA:219,7
DA:220,7
DA:221,7
DA:222,7
DA:223,7
DA:224,7
DA:225,7
DA:226,7
DA:227,0
DA:230,7
DA:231,7
DA:232,7
DA:233,7
DA:242,7
DA:243,7
DA:244,7
DA:245,7
DA:246,7
DA:247,7
DA:248,7
DA:249,7
DA:251,0
DA:252,0
DA:253,0
DA:254,0
DA:255,0
DA:256,0
DA:257,0
DA:258,0
DA:259,0
DA:263,8
DA:265,537
DA:287,537
DA:288,537
DA:289,537
DA:290,537
DA:291,537
DA:292,537
DA:293,537
DA:294,537
DA:295,537
DA:296,537
DA:297,537
DA:298,537
DA:301,537
DA:302,537
DA:303,537
DA:310,537
DA:311,537
DA:312,537
DA:313,537
DA:314,537
DA:315,537
DA:316,537
DA:317,537
DA:318,537
DA:319,537
DA:320,537
DA:321,537
DA:324,537
DA:325,537
DA:326,537
DA:334,537
DA:335,537
DA:336,537
DA:337,537
DA:338,537
DA:339,537
DA:340,537
DA:341,537
DA:342,537
DA:343,537
DA:344,537
DA:345,537
DA:348,537
DA:349,537
DA:350,537
DA:353,537
BRF:0
BRH:0
LF:203
LH:183
end_of_record
SF:/var/home/jack/Code/koan/src/builtins/fn_def/finalize.rs
FN:313,_RNCNvNtNtNtCscUx3zdyuqfq_4koan8builtins6fn_def8finalize17defer_via_combine0B9_
FN:227,_RNCNvNtNtNtCscUx3zdyuqfq_4koan8builtins6fn_def8finalize21finalize_fn_with_kind0B9_
FN:280,_RNvNtNtNtCscUx3zdyuqfq_4koan8builtins6fn_def8finalize17defer_via_combine
FN:200,_RNvNtNtNtCscUx3zdyuqfq_4koan8builtins6fn_def8finalize21finalize_fn_with_kind
FN:91,_RNvNtNtNtCscUx3zdyuqfq_4koan8builtins6fn_def8finalize8classify
FN:280,_RNvNtNtNtCseriWsCb5ev6_4koan8builtins6fn_def8finalize17defer_via_combine
FN:200,_RNvNtNtNtCseriWsCb5ev6_4koan8builtins6fn_def8finalize21finalize_fn_with_kind
FN:91,_RNvNtNtNtCseriWsCb5ev6_4koan8builtins6fn_def8finalize8classify
FN:313,_RNCNvNtNtNtCseriWsCb5ev6_4koan8builtins6fn_def8finalize17defer_via_combine0B9_
FN:227,_RNCNvNtNtNtCseriWsCb5ev6_4koan8builtins6fn_def8finalize21finalize_fn_with_kind0B9_
FNDA:1,_RNCNvNtNtNtCscUx3zdyuqfq_4koan8builtins6fn_def8finalize17defer_via_combine0B9_
FNDA:17,_RNCNvNtNtNtCscUx3zdyuqfq_4koan8builtins6fn_def8finalize21finalize_fn_with_kind0B9_
FNDA:1,_RNvNtNtNtCscUx3zdyuqfq_4koan8builtins6fn_def8finalize17defer_via_combine
FNDA:17,_RNvNtNtNtCscUx3zdyuqfq_4koan8builtins6fn_def8finalize21finalize_fn_with_kind
FNDA:17,_RNvNtNtNtCscUx3zdyuqfq_4koan8builtins6fn_def8finalize8classify
FNDA:80,_RNvNtNtNtCseriWsCb5ev6_4koan8builtins6fn_def8finalize17defer_via_combine
FNDA:226,_RNvNtNtNtCseriWsCb5ev6_4koan8builtins6fn_def8finalize21finalize_fn_with_kind
FNDA:228,_RNvNtNtNtCseriWsCb5ev6_4koan8builtins6fn_def8finalize8classify
FNDA:80,_RNCNvNtNtNtCseriWsCb5ev6_4koan8builtins6fn_def8finalize17defer_via_combine0B9_
FNDA:231,_RNCNvNtNtNtCseriWsCb5ev6_4koan8builtins6fn_def8finalize21finalize_fn_with_kind0B9_
FNF:5
FNH:5
DA:91,245
DA:92,245
DA:93,152
DA:94,152
DA:95,152
DA:96,152
DA:97,12
DA:98,12
DA:99,12
DA:100,12
DA:101,18
DA:103,18
DA:104,18
DA:105,18
DA:106,18
DA:107,18
DA:108,18
DA:109,18
DA:112,60
DA:114,60
DA:115,60
DA:117,60
DA:118,60
DA:119,60
DA:120,60
DA:121,60
DA:122,60
DA:123,60
DA:125,0
DA:127,0
DA:128,0
DA:130,0
DA:131,0
DA:132,0
DA:133,0
DA:134,0
DA:135,0
DA:136,0
DA:137,0
DA:138,0
DA:140,3
DA:142,3
DA:143,3
DA:148,3
DA:149,3
DA:150,3
DA:151,3
DA:152,3
DA:153,3
DA:154,3
DA:155,3
DA:157,0
DA:160,0
DA:161,0
DA:162,0
DA:163,0
DA:164,0
DA:165,0
DA:166,0
DA:170,0
DA:171,0
DA:174,0
DA:175,0
DA:178,0
DA:179,0
DA:180,0
DA:181,0
DA:182,0
DA:183,0
DA:184,0
DA:185,0
DA:188,245
DA:200,243
DA:201,243
DA:202,243
DA:203,243
DA:204,243
DA:205,243
DA:206,243
DA:207,243
DA:208,243
DA:211,243
DA:212,23
DA:213,21
DA:214,1
DA:215,1
DA:216,1
DA:217,1
DA:218,1
DA:219,20
DA:220,2
DA:221,220
DA:227,248
DA:228,234
DA:229,14
DA:230,248
DA:232,242
DA:233,242
DA:234,242
DA:235,242
DA:237,242
DA:238,242
DA:239,242
DA:240,242
DA:241,242
DA:242,242
DA:243,242
DA:244,242
DA:245,242
DA:248,242
DA:252,242
DA:253,235
DA:254,234
DA:256,1
DA:257,1
DA:258,1
DA:259,1
DA:262,234
DA:263,2
DA:264,232
DA:265,7
DA:268,239
DA:269,243
DA:280,81
DA:281,81
DA:282,81
DA:283,81
DA:284,81
DA:285,81
DA:286,81
DA:287,81
DA:289,81
DA:290,81
DA:291,81
DA:292,81
DA:293,81
DA:294,81
DA:300,81
DA:301,81
DA:302,81
DA:303,81
DA:304,21
DA:305,60
DA:306,81
DA:307,81
DA:308,62
DA:309,62
DA:310,62
DA:311,62
DA:313,81
DA:314,81
DA:315,81
DA:316,62
DA:320,62
DA:321,1
DA:322,1
DA:323,1
DA:324,1
DA:325,1
DA:326,61
DA:327,61
DA:329,80
DA:334,79
DA:335,80
DA:336,79
DA:337,1
DA:342,79
DA:343,0
DA:345,79
DA:346,79
DA:347,79
DA:348,0
DA:349,0
DA:352,0
DA:353,0
DA:354,0
DA:359,79
DA:360,79
DA:361,79
DA:362,79
DA:363,79
DA:364,79
DA:365,79
DA:367,81
DA:368,81
DA:369,81
DA:370,81
BRF:0
BRH:0
LF:189
LH:150
end_of_record
SF:/var/home/jack/Code/koan/src/builtins/fn_def/param_refs.rs
FN:23,_RNCNvNtNtNtCscUx3zdyuqfq_4koan8builtins6fn_def10param_refs19part_references_any0B9_
FN:32,_RNCNvNtNtNtCscUx3zdyuqfq_4koan8builtins6fn_def10param_refs19part_references_anys0_0B9_
FN:39,_RNCNvNtNtNtCscUx3zdyuqfq_4koan8builtins6fn_def10param_refs19part_references_anys1_0B9_
FN:30,_RNCNvNtNtNtCscUx3zdyuqfq_4koan8builtins6fn_def10param_refs19part_references_anys_0B9_
FN:12,_RNCNvNtNtNtCscUx3zdyuqfq_4koan8builtins6fn_def10param_refs24type_expr_references_any0B9_
FN:18,_RNCNvNtNtNtCscUx3zdyuqfq_4koan8builtins6fn_def10param_refs26kexpression_references_any0B9_
FN:21,_RNvNtNtNtCscUx3zdyuqfq_4koan8builtins6fn_def10param_refs19part_references_any
FN:11,_RNvNtNtNtCscUx3zdyuqfq_4koan8builtins6fn_def10param_refs24type_expr_references_any
FN:15,_RNvNtNtNtCscUx3zdyuqfq_4koan8builtins6fn_def10param_refs26kexpression_references_any
FN:23,_RNCNvNtNtNtCseriWsCb5ev6_4koan8builtins6fn_def10param_refs19part_references_any0B9_
FN:32,_RNCNvNtNtNtCseriWsCb5ev6_4koan8builtins6fn_def10param_refs19part_references_anys0_0B9_
FN:39,_RNCNvNtNtNtCseriWsCb5ev6_4koan8builtins6fn_def10param_refs19part_references_anys1_0B9_
FN:30,_RNCNvNtNtNtCseriWsCb5ev6_4koan8builtins6fn_def10param_refs19part_references_anys_0B9_
FN:12,_RNCNvNtNtNtCseriWsCb5ev6_4koan8builtins6fn_def10param_refs24type_expr_references_any0B9_
FN:18,_RNCNvNtNtNtCseriWsCb5ev6_4koan8builtins6fn_def10param_refs26kexpression_references_any0B9_
FN:21,_RNvNtNtNtCseriWsCb5ev6_4koan8builtins6fn_def10param_refs19part_references_any
FN:11,_RNvNtNtNtCseriWsCb5ev6_4koan8builtins6fn_def10param_refs24type_expr_references_any
FN:15,_RNvNtNtNtCseriWsCb5ev6_4koan8builtins6fn_def10param_refs26kexpression_references_any
FNDA:0,_RNCNvNtNtNtCscUx3zdyuqfq_4koan8builtins6fn_def10param_refs19part_references_any0B9_
FNDA:0,_RNCNvNtNtNtCscUx3zdyuqfq_4koan8builtins6fn_def10param_refs19part_references_anys0_0B9_
FNDA:0,_RNCNvNtNtNtCscUx3zdyuqfq_4koan8builtins6fn_def10param_refs19part_references_anys1_0B9_
FNDA:0,_RNCNvNtNtNtCscUx3zdyuqfq_4koan8builtins6fn_def10param_refs19part_references_anys_0B9_
FNDA:4,_RNCNvNtNtNtCscUx3zdyuqfq_4koan8builtins6fn_def10param_refs24type_expr_references_any0B9_
FNDA:6,_RNCNvNtNtNtCscUx3zdyuqfq_4koan8builtins6fn_def10param_refs26kexpression_references_any0B9_
FNDA:6,_RNvNtNtNtCscUx3zdyuqfq_4koan8builtins6fn_def10param_refs19part_references_any
FNDA:4,_RNvNtNtNtCscUx3zdyuqfq_4koan8builtins6fn_def10param_refs24type_expr_references_any
FNDA:2,_RNvNtNtNtCscUx3zdyuqfq_4koan8builtins6fn_def10param_refs26kexpression_references_any
FNDA:5,_RNCNvNtNtNtCseriWsCb5ev6_4koan8builtins6fn_def10param_refs19part_references_any0B9_
FNDA:1,_RNCNvNtNtNtCseriWsCb5ev6_4koan8builtins6fn_def10param_refs19part_references_anys0_0B9_
FNDA:5,_RNCNvNtNtNtCseriWsCb5ev6_4koan8builtins6fn_def10param_refs19part_references_anys1_0B9_
FNDA:1,_RNCNvNtNtNtCseriWsCb5ev6_4koan8builtins6fn_def10param_refs19part_references_anys_0B9_
FNDA:34,_RNCNvNtNtNtCseriWsCb5ev6_4koan8builtins6fn_def10param_refs24type_expr_references_any0B9_
FNDA:90,_RNCNvNtNtNtCseriWsCb5ev6_4koan8builtins6fn_def10param_refs26kexpression_references_any0B9_
FNDA:98,_RNvNtNtNtCseriWsCb5ev6_4koan8builtins6fn_def10param_refs19part_references_any
FNDA:48,_RNvNtNtNtCseriWsCb5ev6_4koan8builtins6fn_def10param_refs24type_expr_references_any
FNDA:35,_RNvNtNtNtCseriWsCb5ev6_4koan8builtins6fn_def10param_refs26kexpression_references_any
FNF:9
FNH:9
DA:11,52
DA:12,52
DA:13,52
DA:15,37
DA:16,37
DA:17,37
DA:18,96
DA:19,37
DA:21,104
DA:22,104
DA:23,7
DA:24,39
DA:25,6
DA:26,1
DA:28,0
DA:29,1
DA:30,1
DA:32,1
DA:33,1
DA:34,1
DA:37,4
DA:38,4
DA:39,5
DA:40,45
DA:42,104
BRF:0
BRH:0
LF:31
LH:30
end_of_record
SF:/var/home/jack/Code/koan/src/builtins/fn_def/return_type.rs
FN:211,_RNCNvNtNtNtCscUx3zdyuqfq_4koan8builtins6fn_def11return_type31verdict_for_deferred_expression0B9_
FN:235,_RNvNtNtNtCscUx3zdyuqfq_4koan8builtins6fn_def11return_type12make_capture
FN:100,_RNvNtNtNtCscUx3zdyuqfq_4koan8builtins6fn_def11return_type20classify_return_type
FN:169,_RNvNtNtNtCscUx3zdyuqfq_4koan8builtins6fn_def11return_type20verdict_for_resolved
FN:58,_RNvNtNtNtCscUx3zdyuqfq_4koan8builtins6fn_def11return_type23extract_return_type_raw
FN:242,_RNvNtNtNtCscUx3zdyuqfq_4koan8builtins6fn_def11return_type25resolve_capture_at_finish
FN:184,_RNvNtNtNtCscUx3zdyuqfq_4koan8builtins6fn_def11return_type30verdict_for_deferred_type_expr
FN:210,_RNvNtNtNtCscUx3zdyuqfq_4koan8builtins6fn_def11return_type31verdict_for_deferred_expression
FN:235,_RNvNtNtNtCseriWsCb5ev6_4koan8builtins6fn_def11return_type12make_capture
FN:100,_RNvNtNtNtCseriWsCb5ev6_4koan8builtins6fn_def11return_type20classify_return_type
FN:169,_RNvNtNtNtCseriWsCb5ev6_4koan8builtins6fn_def11return_type20verdict_for_resolved
FN:58,_RNvNtNtNtCseriWsCb5ev6_4koan8builtins6fn_def11return_type23extract_return_type_raw
FN:242,_RNvNtNtNtCseriWsCb5ev6_4koan8builtins6fn_def11return_type25resolve_capture_at_finish
FN:184,_RNvNtNtNtCseriWsCb5ev6_4koan8builtins6fn_def11return_type30verdict_for_deferred_type_expr
FN:210,_RNvNtNtNtCseriWsCb5ev6_4koan8builtins6fn_def11return_type31verdict_for_deferred_expression
FN:211,_RNCNvNtNtNtCseriWsCb5ev6_4koan8builtins6fn_def11return_type31verdict_for_deferred_expression0B9_
FNDA:0,_RNCNvNtNtNtCscUx3zdyuqfq_4koan8builtins6fn_def11return_type31verdict_for_deferred_expression0B9_
FNDA:0,_RNvNtNtNtCscUx3zdyuqfq_4koan8builtins6fn_def11return_type12make_capture
FNDA:17,_RNvNtNtNtCscUx3zdyuqfq_4koan8builtins6fn_def11return_type20classify_return_type
FNDA:16,_RNvNtNtNtCscUx3zdyuqfq_4koan8builtins6fn_def11return_type20verdict_for_resolved
FNDA:17,_RNvNtNtNtCscUx3zdyuqfq_4koan8builtins6fn_def11return_type23extract_return_type_raw
FNDA:1,_RNvNtNtNtCscUx3zdyuqfq_4koan8builtins6fn_def11return_type25resolve_capture_at_finish
FNDA:0,_RNvNtNtNtCscUx3zdyuqfq_4koan8builtins6fn_def11return_type30verdict_for_deferred_type_expr
FNDA:0,_RNvNtNtNtCscUx3zdyuqfq_4koan8builtins6fn_def11return_type31verdict_for_deferred_expression
FNDA:0,_RNvNtNtNtCseriWsCb5ev6_4koan8builtins6fn_def11return_type12make_capture
FNDA:237,_RNvNtNtNtCseriWsCb5ev6_4koan8builtins6fn_def11return_type20classify_return_type
FNDA:201,_RNvNtNtNtCseriWsCb5ev6_4koan8builtins6fn_def11return_type20verdict_for_resolved
FNDA:325,_RNvNtNtNtCseriWsCb5ev6_4koan8builtins6fn_def11return_type23extract_return_type_raw
FNDA:79,_RNvNtNtNtCseriWsCb5ev6_4koan8builtins6fn_def11return_type25resolve_capture_at_finish
FNDA:2,_RNvNtNtNtCseriWsCb5ev6_4koan8builtins6fn_def11return_type30verdict_for_deferred_type_expr
FNDA:1,_RNvNtNtNtCseriWsCb5ev6_4koan8builtins6fn_def11return_type31verdict_for_deferred_expression
FNDA:1,_RNCNvNtNtNtCseriWsCb5ev6_4koan8builtins6fn_def11return_type31verdict_for_deferred_expression0B9_
FNF:8
FNH:7
DA:58,342
DA:59,342
DA:60,342
DA:61,342
DA:62,312
DA:63,13
DA:64,299
DA:65,0
DA:67,30
DA:68,30
DA:69,30
DA:70,0
DA:73,0
DA:74,0
DA:75,0
DA:76,0
DA:78,342
DA:100,254
DA:101,254
DA:102,254
DA:103,254
DA:104,254
DA:105,254
DA:106,254
DA:107,254
DA:108,211
DA:109,211
DA:110,211
DA:112,13
DA:113,13
DA:114,4
DA:115,2
DA:116,2
DA:118,4
DA:119,4
DA:120,4
DA:121,4
DA:122,9
DA:123,9
DA:126,9
DA:127,6
DA:128,0
DA:129,0
DA:131,3
DA:132,0
DA:134,3
DA:135,3
DA:136,3
DA:140,6
DA:141,6
DA:142,6
DA:144,0
DA:146,6
DA:148,30
DA:149,30
DA:150,9
DA:151,1
DA:152,8
DA:154,9
DA:155,9
DA:156,9
DA:157,9
DA:159,21
DA:160,21
DA:161,21
DA:162,21
DA:166,254
DA:169,217
DA:170,217
DA:171,216
DA:173,1
DA:174,1
DA:175,1
DA:176,1
DA:178,217
DA:184,2
DA:185,2
DA:186,2
DA:187,2
DA:190,2
DA:191,2
DA:192,2
DA:194,0
DA:195,0
DA:196,0
DA:197,0
DA:198,0
DA:199,0
DA:202,0
DA:204,2
DA:210,1
DA:211,1
DA:212,1
DA:213,0
DA:214,1
DA:215,1
DA:216,1
DA:217,1
DA:218,1
DA:219,1
DA:220,1
DA:221,1
DA:222,1
DA:223,0
DA:224,0
DA:225,0
DA:226,0
DA:227,0
DA:228,0
DA:229,0
DA:230,0
DA:231,0
DA:233,1
DA:235,0
DA:236,0
DA:237,0
DA:242,80
DA:243,80
DA:244,80
DA:245,80
DA:246,80
DA:247,80
DA:248,59
DA:249,0
DA:250,0
DA:251,0
DA:252,0
DA:253,0
DA:254,0
DA:255,0
DA:256,0
DA:257,0
DA:258,0
DA:259,0
DA:260,0
DA:264,0
DA:265,21
DA:266,20
DA:267,1
DA:268,1
DA:269,1
DA:270,1
DA:271,1
DA:274,80
BRF:0
BRH:0
LF:145
LH:102
end_of_record
SF:/var/home/jack/Code/koan/src/builtins/fn_def/signature.rs
FN:198,_RNvNtNtNtCscUx3zdyuqfq_4koan8builtins6fn_def9signature13binder_bucket
FN:62,_RNvNtNtNtCscUx3zdyuqfq_4koan8builtins6fn_def9signature19parse_fn_param_list
FN:256,_RNvNtNtNtCscUx3zdyuqfq_4koan8builtins6fn_def9signature19signature_expr_part
FN:12,_RNvNtNtNtCscUx3zdyuqfq_4koan8builtins6fn_def9signature34collect_param_names_from_signature
FN:180,_RNvNtNtNtCscUx3zdyuqfq_4koan8builtins6fn_def9signature11binder_name
FN:213,_RNCNvNtNtNtCscUx3zdyuqfq_4koan8builtins6fn_def9signature13binder_bucket0B9_
FN:231,_RNCNvNtNtNtCscUx3zdyuqfq_4koan8builtins6fn_def9signature13binder_buckets_0B9_
FN:180,_RNvNtNtNtCseriWsCb5ev6_4koan8builtins6fn_def9signature11binder_name
FN:198,_RNvNtNtNtCseriWsCb5ev6_4koan8builtins6fn_def9signature13binder_bucket
FN:62,_RNvNtNtNtCseriWsCb5ev6_4koan8builtins6fn_def9signature19parse_fn_param_list
FN:256,_RNvNtNtNtCseriWsCb5ev6_4koan8builtins6fn_def9signature19signature_expr_part
FN:12,_RNvNtNtNtCseriWsCb5ev6_4koan8builtins6fn_def9signature34collect_param_names_from_signature
FN:213,_RNCNvNtNtNtCseriWsCb5ev6_4koan8builtins6fn_def9signature13binder_bucket0B9_
FN:231,_RNCNvNtNtNtCseriWsCb5ev6_4koan8builtins6fn_def9signature13binder_buckets_0B9_
FNDA:35,_RNvNtNtNtCscUx3zdyuqfq_4koan8builtins6fn_def9signature13binder_bucket
FNDA:18,_RNvNtNtNtCscUx3zdyuqfq_4koan8builtins6fn_def9signature19parse_fn_param_list
FNDA:35,_RNvNtNtNtCscUx3zdyuqfq_4koan8builtins6fn_def9signature19signature_expr_part
FNDA:17,_RNvNtNtNtCscUx3zdyuqfq_4koan8builtins6fn_def9signature34collect_param_names_from_signature
FNDA:0,_RNvNtNtNtCscUx3zdyuqfq_4koan8builtins6fn_def9signature11binder_name
FNDA:29,_RNCNvNtNtNtCscUx3zdyuqfq_4koan8builtins6fn_def9signature13binder_bucket0B9_
FNDA:10,_RNCNvNtNtNtCscUx3zdyuqfq_4koan8builtins6fn_def9signature13binder_buckets_0B9_
FNDA:1,_RNvNtNtNtCseriWsCb5ev6_4koan8builtins6fn_def9signature11binder_name
FNDA:476,_RNvNtNtNtCseriWsCb5ev6_4koan8builtins6fn_def9signature13binder_bucket
FNDA:303,_RNvNtNtNtCseriWsCb5ev6_4koan8builtins6fn_def9signature19parse_fn_param_list
FNDA:477,_RNvNtNtNtCseriWsCb5ev6_4koan8builtins6fn_def9signature19signature_expr_part
FNDA:230,_RNvNtNtNtCseriWsCb5ev6_4koan8builtins6fn_def9signature34collect_param_names_from_signature
FNDA:330,_RNCNvNtNtNtCseriWsCb5ev6_4koan8builtins6fn_def9signature13binder_bucket0B9_
FNDA:50,_RNCNvNtNtNtCseriWsCb5ev6_4koan8builtins6fn_def9signature13binder_buckets_0B9_
FNF:7
FNH:7
DA:12,247
DA:13,247
DA:14,247
DA:15,247
DA:16,707
DA:17,460
DA:18,181
DA:19,30
DA:20,249
DA:22,460
DA:23,211
DA:24,211
DA:25,209
DA:32,211
DA:33,209
DA:34,209
DA:35,209
DA:36,2
DA:37,249
DA:38,251
DA:40,247
DA:41,247
DA:62,321
DA:63,321
DA:64,321
DA:65,321
DA:66,321
DA:67,321
DA:68,321
DA:69,321
DA:70,321
DA:71,321
DA:72,918
DA:75,599
DA:76,245
DA:77,31
DA:78,323
DA:80,599
DA:81,323
DA:82,323
DA:83,323
DA:84,323
DA:85,276
DA:86,276
DA:87,61
DA:88,151
DA:89,151
DA:90,148
DA:91,148
DA:92,148
DA:93,148
DA:94,148
DA:95,148
DA:96,1
DA:97,1
DA:98,1
DA:99,2
DA:100,2
DA:101,2
DA:102,2
DA:103,0
DA:105,151
DA:107,1
DA:108,1
DA:109,1
DA:110,1
DA:111,49
DA:112,49
DA:113,49
DA:114,49
DA:115,49
DA:116,49
DA:117,49
DA:118,49
DA:119,49
DA:120,49
DA:121,12
DA:122,12
DA:123,12
DA:124,12
DA:125,12
DA:126,12
DA:127,12
DA:128,12
DA:129,12
DA:130,61
DA:131,61
DA:132,61
DA:133,61
DA:134,61
DA:135,61
DA:136,61
DA:137,0
DA:138,0
DA:139,0
DA:140,0
DA:141,0
DA:142,0
DA:145,2
DA:146,2
DA:147,2
DA:148,2
DA:152,0
DA:153,0
DA:154,0
DA:155,0
DA:156,0
DA:158,0
DA:159,0
DA:160,0
DA:161,0
DA:162,0
DA:166,319
DA:167,2
DA:168,317
DA:169,317
DA:170,63
DA:171,63
DA:172,63
DA:173,63
DA:174,254
DA:175,254
DA:176,321
DA:180,1
DA:181,1
DA:182,1
DA:183,1
DA:184,1
DA:185,0
DA:187,0
DA:188,1
DA:198,511
DA:199,511
DA:200,511
DA:202,511
DA:203,495
DA:204,495
DA:205,495
DA:206,1417
DA:207,922
DA:208,499
DA:209,499
DA:210,499
DA:211,499
DA:213,363
DA:214,0
DA:215,359
DA:222,359
DA:223,363
DA:224,359
DA:225,359
DA:226,359
DA:227,4
DA:228,4
DA:231,60
DA:232,0
DA:233,60
DA:240,60
DA:241,60
DA:242,60
DA:243,60
DA:244,60
DA:245,0
DA:246,0
DA:248,0
DA:249,0
DA:250,0
DA:253,495
DA:254,511
DA:256,512
DA:257,512
DA:258,512
DA:259,496
DA:260,16
DA:262,512
BRF:0
BRH:0
LF:177
LH:151
end_of_record
SF:/var/home/jack/Code/koan/src/builtins/functor_def.rs
FN:33,_RNvNtNtCscUx3zdyuqfq_4koan8builtins11functor_def4body
FN:40,_RNvNtNtCscUx3zdyuqfq_4koan8builtins11functor_def8register
FN:33,_RNvNtNtCseriWsCb5ev6_4koan8builtins11functor_def4body
FN:40,_RNvNtNtCseriWsCb5ev6_4koan8builtins11functor_def8register
FNDA:7,_RNvNtNtCscUx3zdyuqfq_4koan8builtins11functor_def4body
FNDA:43,_RNvNtNtCscUx3zdyuqfq_4koan8builtins11functor_def8register
FNDA:18,_RNvNtNtCseriWsCb5ev6_4koan8builtins11functor_def4body
FNDA:494,_RNvNtNtCseriWsCb5ev6_4koan8builtins11functor_def8register
FNF:2
FNH:2
DA:33,25
DA:34,25
DA:35,25
DA:36,25
DA:37,25
DA:38,25
DA:40,537
DA:47,537
DA:48,537
DA:49,537
DA:50,537
DA:51,537
DA:52,537
DA:53,537
DA:54,537
DA:55,537
DA:56,537
DA:57,537
DA:58,537
DA:61,537
DA:62,537
DA:63,537
DA:68,537
DA:69,537
DA:70,537
DA:71,537
DA:72,537
DA:73,537
DA:74,537
DA:75,537
DA:76,537
DA:77,537
DA:78,537
DA:79,537
DA:82,537
DA:83,537
DA:84,537
DA:87,537
BRF:0
BRH:0
LF:38
LH:38
end_of_record
SF:/var/home/jack/Code/koan/src/builtins/let_binding.rs
FN:214,_RNvNtNtCscUx3zdyuqfq_4koan8builtins11let_binding11binder_name
FN:199,_RNvNtNtCscUx3zdyuqfq_4koan8builtins11let_binding21capitalize_identifier
FN:14,_RNvNtNtCscUx3zdyuqfq_4koan8builtins11let_binding4body
FN:222,_RNvNtNtCscUx3zdyuqfq_4koan8builtins11let_binding8register
FN:23,_RNCNvNtNtCscUx3zdyuqfq_4koan8builtins11let_binding4body0B7_
FN:23,_RNCNvNtNtCseriWsCb5ev6_4koan8builtins11let_binding4body0B7_
FN:214,_RNvNtNtCseriWsCb5ev6_4koan8builtins11let_binding11binder_name
FN:199,_RNvNtNtCseriWsCb5ev6_4koan8builtins11let_binding21capitalize_identifier
FN:14,_RNvNtNtCseriWsCb5ev6_4koan8builtins11let_binding4body
FN:222,_RNvNtNtCseriWsCb5ev6_4koan8builtins11let_binding8register
FNDA:160,_RNvNtNtCscUx3zdyuqfq_4koan8builtins11let_binding11binder_name
FNDA:0,_RNvNtNtCscUx3zdyuqfq_4koan8builtins11let_binding21capitalize_identifier
FNDA:57,_RNvNtNtCscUx3zdyuqfq_4koan8builtins11let_binding4body
FNDA:43,_RNvNtNtCscUx3zdyuqfq_4koan8builtins11let_binding8register
FNDA:57,_RNCNvNtNtCscUx3zdyuqfq_4koan8builtins11let_binding4body0B7_
FNDA:359,_RNCNvNtNtCseriWsCb5ev6_4koan8builtins11let_binding4body0B7_
FNDA:910,_RNvNtNtCseriWsCb5ev6_4koan8builtins11let_binding11binder_name
FNDA:4,_RNvNtNtCseriWsCb5ev6_4koan8builtins11let_binding21capitalize_identifier
FNDA:359,_RNvNtNtCseriWsCb5ev6_4koan8builtins11let_binding4body
FNDA:494,_RNvNtNtCseriWsCb5ev6_4koan8builtins11let_binding8register
FNF:5
FNH:5
DA:14,416
DA:15,416
DA:16,416
DA:17,416
DA:21,416
DA:22,416
DA:23,416
DA:24,416
DA:28,416
DA:29,416
DA:30,0
DA:35,416
DA:36,416
DA:41,278
DA:42,278
DA:43,3
DA:44,1
DA:45,1
DA:46,1
DA:48,3
DA:49,3
DA:50,3
DA:51,3
DA:52,3
DA:53,3
DA:54,3
DA:55,3
DA:56,275
DA:57,275
DA:61,138
DA:62,138
DA:63,137
DA:70,1
DA:71,1
DA:72,1
DA:73,1
DA:75,0
DA:84,134
DA:85,128
DA:86,9
DA:87,6
DA:89,3
DA:90,3
DA:91,3
DA:92,3
DA:93,3
DA:96,134
DA:98,0
DA:99,0
DA:100,0
DA:101,0
DA:102,0
DA:103,0
DA:105,0
DA:110,409
DA:111,2
DA:112,2
DA:113,2
DA:114,2
DA:115,407
DA:116,407
DA:117,407
DA:134,134
DA:135,6
DA:136,6
DA:137,6
DA:138,4
DA:140,134
DA:141,28
DA:142,28
DA:143,28
DA:144,28
DA:146,106
DA:148,134
DA:149,134
DA:150,134
DA:151,134
DA:153,0
DA:154,134
DA:155,134
DA:159,273
DA:160,273
DA:161,273
DA:166,24
DA:167,1
DA:168,1
DA:169,1
DA:170,1
DA:171,1
DA:172,1
DA:173,272
DA:174,272
DA:178,272
DA:179,1
DA:180,1
DA:181,1
DA:182,1
DA:183,1
DA:184,271
DA:185,271
DA:186,271
DA:187,271
DA:189,1
DA:190,270
DA:191,270
DA:193,416
DA:199,4
DA:200,4
DA:201,4
DA:202,4
DA:203,4
DA:204,4
DA:205,4
DA:206,4
DA:208,0
DA:210,4
DA:214,1070
DA:215,1070
DA:216,708
DA:217,359
DA:218,3
DA:220,1070
DA:222,537
DA:223,537
DA:224,537
DA:225,537
DA:226,537
DA:227,537
DA:228,537
DA:229,537
DA:230,537
DA:231,537
DA:232,537
DA:235,537
DA:236,537
DA:238,537
DA:239,537
DA:240,537
DA:241,537
DA:242,537
DA:243,537
DA:244,537
DA:245,537
DA:246,537
DA:247,537
DA:250,537
DA:251,537
DA:253,537
BRF:0
BRH:0
LF:149
LH:138
end_of_record
SF:/var/home/jack/Code/koan/src/builtins/match_case.rs
FN:79,_RNCNvNtNtCscUx3zdyuqfq_4koan8builtins10match_case4body0B7_
FN:96,_RNCNvNtNtCscUx3zdyuqfq_4koan8builtins10match_case4bodys_0B7_
FN:26,_RNvNtNtCscUx3zdyuqfq_4koan8builtins10match_case4body
FN:107,_RNvNtNtCscUx3zdyuqfq_4koan8builtins10match_case8register
FN:79,_RNCNvNtNtCseriWsCb5ev6_4koan8builtins10match_case4body0B7_
FN:96,_RNCNvNtNtCseriWsCb5ev6_4koan8builtins10match_case4bodys_0B7_
FN:26,_RNvNtNtCseriWsCb5ev6_4koan8builtins10match_case4body
FN:107,_RNvNtNtCseriWsCb5ev6_4koan8builtins10match_case8register
FN:133,_RNvNtNtNtCseriWsCb5ev6_4koan8builtins10match_case5tests11run_program
FN:172,_RNvNtNtNtCseriWsCb5ev6_4koan8builtins10match_case5testss_25match_inexhaustive_errors
FN:152,_RNvNtNtNtCseriWsCb5ev6_4koan8builtins10match_case5testss_29match_binds_inner_value_to_it
FN:248,_RNvNtNtNtCseriWsCb5ev6_4koan8builtins10match_case5testss_29recursive_tagged_match_no_uaf
FN:263,_RNvNtNtNtCseriWsCb5ev6_4koan8builtins10match_case5testss_33match_on_bool_inexhaustive_errors
FN:232,_RNvNtNtNtCseriWsCb5ev6_4koan8builtins10match_case5testss_36match_on_bool_true_takes_true_branch
FN:162,_RNvNtNtNtCseriWsCb5ev6_4koan8builtins10match_case5testss_37match_does_not_run_unmatched_branches
FN:240,_RNvNtNtNtCseriWsCb5ev6_4koan8builtins10match_case5testss_38match_on_bool_false_takes_false_branch
FN:142,_RNvNtNtNtCseriWsCb5ev6_4koan8builtins10match_case5testss_40match_dispatches_branch_for_matching_tag
FN:222,_RNvNtNtNtCseriWsCb5ev6_4koan8builtins10match_case5testss_40match_other_branch_runs_when_tag_matches
FN:190,_RNvNtNtNtCseriWsCb5ev6_4koan8builtins10match_case5testss_47match_arm_violating_declared_return_type_errors
FN:277,_RNvNtNtNtCseriWsCb5ev6_4koan8builtins10match_case5testss_47multi_statement_match_branch_returns_last_value
FN:209,_RNvNtNtNtCseriWsCb5ev6_4koan8builtins10match_case5testss_54match_value_is_admissible_against_declared_return_slot
FN:292,_RNvNtNtNtCseriWsCb5ev6_4koan8builtins10match_case5testss_59fn_recursion_with_multi_statement_body_via_match_terminates
FNDA:0,_RNCNvNtNtCscUx3zdyuqfq_4koan8builtins10match_case4body0B7_
FNDA:0,_RNCNvNtNtCscUx3zdyuqfq_4koan8builtins10match_case4bodys_0B7_
FNDA:0,_RNvNtNtCscUx3zdyuqfq_4koan8builtins10match_case4body
FNDA:43,_RNvNtNtCscUx3zdyuqfq_4koan8builtins10match_case8register
FNDA:67,_RNCNvNtNtCseriWsCb5ev6_4koan8builtins10match_case4body0B7_
FNDA:1,_RNCNvNtNtCseriWsCb5ev6_4koan8builtins10match_case4bodys_0B7_
FNDA:70,_RNvNtNtCseriWsCb5ev6_4koan8builtins10match_case4body
FNDA:494,_RNvNtNtCseriWsCb5ev6_4koan8builtins10match_case8register
FNDA:10,_RNvNtNtNtCseriWsCb5ev6_4koan8builtins10match_case5tests11run_program
FNDA:1,_RNvNtNtNtCseriWsCb5ev6_4koan8builtins10match_case5testss_25match_inexhaustive_errors
FNDA:1,_RNvNtNtNtCseriWsCb5ev6_4koan8builtins10match_case5testss_29match_binds_inner_value_to_it
FNDA:1,_RNvNtNtNtCseriWsCb5ev6_4koan8builtins10match_case5testss_29recursive_tagged_match_no_uaf
FNDA:1,_RNvNtNtNtCseriWsCb5ev6_4koan8builtins10match_case5testss_33match_on_bool_inexhaustive_errors
FNDA:1,_RNvNtNtNtCseriWsCb5ev6_4koan8builtins10match_case5testss_36match_on_bool_true_takes_true_branch
FNDA:1,_RNvNtNtNtCseriWsCb5ev6_4koan8builtins10match_case5testss_37match_does_not_run_unmatched_branches
FNDA:1,_RNvNtNtNtCseriWsCb5ev6_4koan8builtins10match_case5testss_38match_on_bool_false_takes_false_branch
FNDA:1,_RNvNtNtNtCseriWsCb5ev6_4koan8builtins10match_case5testss_40match_dispatches_branch_for_matching_tag
FNDA:1,_RNvNtNtNtCseriWsCb5ev6_4koan8builtins10match_case5testss_40match_other_branch_runs_when_tag_matches
FNDA:1,_RNvNtNtNtCseriWsCb5ev6_4koan8builtins10match_case5testss_47match_arm_violating_declared_return_type_errors
FNDA:1,_RNvNtNtNtCseriWsCb5ev6_4koan8builtins10match_case5testss_47multi_statement_match_branch_returns_last_value
FNDA:1,_RNvNtNtNtCseriWsCb5ev6_4koan8builtins10match_case5testss_54match_value_is_admissible_against_declared_return_slot
FNDA:1,_RNvNtNtNtCseriWsCb5ev6_4koan8builtins10match_case5testss_59fn_recursion_with_multi_statement_body_via_match_terminates
FNF:18
FNH:18
DA:26,70
DA:27,70
DA:28,70
DA:29,70
DA:30,70
DA:31,63
DA:32,7
DA:33,7
DA:34,5
DA:36,2
DA:38,7
DA:40,0
DA:41,0
DA:42,0
DA:43,0
DA:44,0
DA:45,0
DA:47,0
DA:49,70
DA:50,70
DA:51,70
DA:52,70
DA:53,70
DA:54,70
DA:55,70
DA:56,0
DA:58,70
DA:59,70
DA:60,0
DA:62,70
DA:63,67
DA:65,3
DA:66,3
DA:67,3
DA:68,3
DA:70,0
DA:73,67
DA:79,67
DA:80,67
DA:81,67
DA:82,67
DA:85,67
DA:86,67
DA:87,67
DA:88,67
DA:89,1
DA:90,1
DA:91,1
DA:92,1
DA:93,1
DA:94,1
DA:95,1
DA:96,1
DA:97,1
DA:98,1
DA:100,1
DA:102,66
DA:103,66
DA:105,70
DA:107,537
DA:108,537
DA:109,537
DA:110,537
DA:111,537
DA:112,537
DA:113,537
DA:114,537
DA:115,537
DA:116,537
DA:117,537
DA:118,537
DA:119,537
DA:122,537
DA:124,537
DA:133,10
DA:134,10
DA:135,10
DA:136,10
DA:137,10
DA:138,10
DA:139,10
DA:142,1
DA:143,1
DA:144,1
DA:145,1
DA:146,1
DA:148,1
DA:149,1
DA:152,1
DA:153,1
DA:154,1
DA:155,1
DA:156,1
DA:158,1
DA:159,1
DA:162,1
DA:163,1
DA:164,1
DA:165,1
DA:166,1
DA:168,1
DA:169,1
DA:172,1
DA:173,1
DA:174,1
DA:175,1
DA:176,1
DA:177,1
DA:179,1
DA:180,1
DA:181,1
DA:183,1
DA:184,1
DA:187,1
DA:190,1
DA:191,1
DA:192,1
DA:193,1
DA:194,1
DA:195,1
DA:198,1
DA:199,1
DA:200,1
DA:202,1
DA:203,1
DA:206,1
DA:209,1
DA:212,1
DA:213,1
DA:214,1
DA:215,1
DA:216,1
DA:218,1
DA:219,1
DA:222,1
DA:223,1
DA:224,1
DA:225,1
DA:226,1
DA:228,1
DA:229,1
DA:232,1
DA:233,1
DA:234,1
DA:236,1
DA:237,1
DA:240,1
DA:241,1
DA:242,1
DA:244,1
DA:245,1
DA:248,1
DA:251,1
DA:252,1
DA:253,1
DA:254,1
DA:255,1
DA:256,1
DA:257,1
DA:259,1
DA:260,1
DA:263,1
DA:264,1
DA:265,1
DA:266,1
DA:267,1
DA:268,1
DA:270,1
DA:271,1
DA:274,1
DA:277,1
DA:278,1
DA:279,1
DA:280,1
DA:281,1
DA:282,1
DA:283,1
DA:284,1
DA:286,1
DA:287,1
DA:288,1
DA:289,1
DA:292,1
DA:293,1
DA:294,1
DA:295,1
DA:296,1
DA:297,1
DA:298,1
DA:299,1
DA:300,1
DA:301,1
DA:302,1
DA:304,1
DA:305,1
DA:306,1
BRF:0
BRH:0
LF:198
LH:188
end_of_record
SF:/var/home/jack/Code/koan/src/builtins/module_def.rs
FN:21,_RNvNtNtCscUx3zdyuqfq_4koan8builtins10module_def4body
FN:110,_RNvNtNtCscUx3zdyuqfq_4koan8builtins10module_def8register
FN:49,_RNCNvNtNtCscUx3zdyuqfq_4koan8builtins10module_def4body0B7_
FN:52,_RNCNvNtNtCscUx3zdyuqfq_4koan8builtins10module_def4bodys_0B7_
FN:21,_RNvNtNtCseriWsCb5ev6_4koan8builtins10module_def4body
FN:110,_RNvNtNtCseriWsCb5ev6_4koan8builtins10module_def8register
FN:137,_RNvNtNtNtCseriWsCb5ev6_4koan8builtins10module_def5tests14resolve_module
FN:199,_RNvNtNtNtCseriWsCb5ev6_4koan8builtins10module_def5testss_28module_unknown_member_errors
FN:167,_RNvNtNtNtCseriWsCb5ev6_4koan8builtins10module_def5testss_29module_member_access_via_attr
FN:145,_RNvNtNtNtCseriWsCb5ev6_4koan8builtins10module_def5testss_32binder_name_extracts_module_name
FN:152,_RNvNtNtNtCseriWsCb5ev6_4koan8builtins10module_def5testss_32module_binds_under_name_in_scope
FN:185,_RNvNtNtNtCseriWsCb5ev6_4koan8builtins10module_def5testss_33module_member_function_via_let_fn
FN:271,_RNvNtNtNtCseriWsCb5ev6_4koan8builtins10module_def5testss_36module_body_dispatch_does_not_dangle
FN:223,_RNvNtNtNtCseriWsCb5ev6_4koan8builtins10module_def5testss_38module_body_parks_on_outer_placeholder
FN:233,_RNvNtNtNtCseriWsCb5ev6_4koan8builtins10module_def5testss_41module_body_error_short_circuits_finalize
FN:176,_RNvNtNtNtCseriWsCb5ev6_4koan8builtins10module_def5testss_41module_with_multiple_statements_in_parens
FN:212,_RNvNtNtNtCseriWsCb5ev6_4koan8builtins10module_def5testss_41nested_module_accessible_via_chained_attr
FN:247,_RNvNtNtNtCseriWsCb5ev6_4koan8builtins10module_def5testss_50module_finalize_short_circuits_on_idempotent_state
FN:49,_RNCNvNtNtCseriWsCb5ev6_4koan8builtins10module_def4body0B7_
FN:52,_RNCNvNtNtCseriWsCb5ev6_4koan8builtins10module_def4bodys_0B7_
FNDA:21,_RNvNtNtCscUx3zdyuqfq_4koan8builtins10module_def4body
FNDA:43,_RNvNtNtCscUx3zdyuqfq_4koan8builtins10module_def8register
FNDA:21,_RNCNvNtNtCscUx3zdyuqfq_4koan8builtins10module_def4body0B7_
FNDA:20,_RNCNvNtNtCscUx3zdyuqfq_4koan8builtins10module_def4bodys_0B7_
FNDA:80,_RNvNtNtCseriWsCb5ev6_4koan8builtins10module_def4body
FNDA:494,_RNvNtNtCseriWsCb5ev6_4koan8builtins10module_def8register
FNDA:3,_RNvNtNtNtCseriWsCb5ev6_4koan8builtins10module_def5tests14resolve_module
FNDA:1,_RNvNtNtNtCseriWsCb5ev6_4koan8builtins10module_def5testss_28module_unknown_member_errors
FNDA:1,_RNvNtNtNtCseriWsCb5ev6_4koan8builtins10module_def5testss_29module_member_access_via_attr
FNDA:1,_RNvNtNtNtCseriWsCb5ev6_4koan8builtins10module_def5testss_32binder_name_extracts_module_name
FNDA:1,_RNvNtNtNtCseriWsCb5ev6_4koan8builtins10module_def5testss_32module_binds_under_name_in_scope
FNDA:1,_RNvNtNtNtCseriWsCb5ev6_4koan8builtins10module_def5testss_33module_member_function_via_let_fn
FNDA:1,_RNvNtNtNtCseriWsCb5ev6_4koan8builtins10module_def5testss_36module_body_dispatch_does_not_dangle
FNDA:1,_RNvNtNtNtCseriWsCb5ev6_4koan8builtins10module_def5testss_38module_body_parks_on_outer_placeholder
FNDA:1,_RNvNtNtNtCseriWsCb5ev6_4koan8builtins10module_def5testss_41module_body_error_short_circuits_finalize
FNDA:1,_RNvNtNtNtCseriWsCb5ev6_4koan8builtins10module_def5testss_41module_with_multiple_statements_in_parens
FNDA:1,_RNvNtNtNtCseriWsCb5ev6_4koan8builtins10module_def5testss_41nested_module_accessible_via_chained_attr
FNDA:1,_RNvNtNtNtCseriWsCb5ev6_4koan8builtins10module_def5testss_50module_finalize_short_circuits_on_idempotent_state
FNDA:80,_RNCNvNtNtCseriWsCb5ev6_4koan8builtins10module_def4body0B7_
FNDA:78,_RNCNvNtNtCseriWsCb5ev6_4koan8builtins10module_def4bodys_0B7_
FNF:16
FNH:16
DA:21,101
DA:22,101
DA:23,101
DA:24,101
DA:26,101
DA:27,101
DA:28,0
DA:30,101
DA:31,101
DA:32,0
DA:35,101
DA:36,101
DA:37,101
DA:38,101
DA:41,101
DA:45,101
DA:47,101
DA:48,101
DA:49,101
DA:50,101
DA:51,101
DA:52,101
DA:56,98
DA:57,98
DA:58,1
DA:59,97
DA:60,97
DA:61,97
DA:62,97
DA:70,97
DA:71,97
DA:72,97
DA:73,97
DA:74,97
DA:75,21
DA:76,0
DA:77,21
DA:78,21
DA:81,97
DA:82,97
DA:83,97
DA:84,97
DA:91,97
DA:92,97
DA:93,97
DA:94,97
DA:95,97
DA:96,97
DA:97,97
DA:98,97
DA:100,0
DA:101,0
DA:102,0
DA:103,0
DA:105,98
DA:106,101
DA:107,101
DA:108,101
DA:110,537
DA:111,537
DA:112,537
DA:113,537
DA:114,537
DA:115,537
DA:116,537
DA:117,537
DA:118,537
DA:119,537
DA:120,537
DA:123,537
DA:124,537
DA:126,537
DA:137,3
DA:138,3
DA:139,3
DA:140,0
DA:142,3
DA:145,1
DA:146,1
DA:147,1
DA:148,1
DA:149,1
DA:152,1
DA:153,1
DA:154,1
DA:155,1
DA:156,1
DA:157,1
DA:160,1
DA:161,1
DA:164,1
DA:167,1
DA:168,1
DA:169,1
DA:170,1
DA:171,1
DA:172,1
DA:173,1
DA:176,1
DA:177,1
DA:178,1
DA:179,1
DA:180,1
DA:181,1
DA:182,1
DA:185,1
DA:188,1
DA:189,1
DA:190,1
DA:191,1
DA:192,1
DA:194,1
DA:195,1
DA:196,1
DA:199,1
DA:200,1
DA:201,1
DA:202,1
DA:203,1
DA:204,1
DA:205,1
DA:206,1
DA:209,1
DA:212,1
DA:213,1
DA:214,1
DA:215,1
DA:216,1
DA:217,1
DA:218,1
DA:223,1
DA:224,1
DA:225,1
DA:226,1
DA:227,1
DA:228,1
DA:229,1
DA:233,1
DA:234,1
DA:235,1
DA:236,1
DA:237,1
DA:238,1
DA:241,1
DA:247,1
DA:248,1
DA:249,1
DA:250,1
DA:251,1
DA:252,1
DA:254,1
DA:255,1
DA:256,1
DA:257,1
DA:258,1
DA:262,1
DA:263,1
DA:264,1
DA:265,1
DA:266,1
DA:271,1
DA:272,1
DA:273,1
DA:274,1
DA:275,1
DA:276,1
DA:277,1
DA:278,1
DA:279,1
BRF:0
BRH:0
LF:171
LH:163
end_of_record
SF:/var/home/jack/Code/koan/src/builtins/newtype_def.rs
FN:278,_RNCNCNvNtNtCscUx3zdyuqfq_4koan8builtins11newtype_def23finalize_record_newtype00B9_
FN:177,_RNCNvNtNtCscUx3zdyuqfq_4koan8builtins11newtype_def16body_record_repr0B7_
FN:312,_RNCNvNtNtCscUx3zdyuqfq_4koan8builtins11newtype_def20defer_resolved_sigil0B7_
FN:244,_RNCNvNtNtCscUx3zdyuqfq_4koan8builtins11newtype_def21elaborate_record_repr0B7_
FN:274,_RNCNvNtNtCscUx3zdyuqfq_4koan8builtins11newtype_def23finalize_record_newtype0B7_
FN:64,_RNCNvNtNtCscUx3zdyuqfq_4koan8builtins11newtype_def4body0B7_
FN:91,_RNCNvNtNtCscUx3zdyuqfq_4koan8builtins11newtype_def4bodys_0B7_
FN:166,_RNvNtNtCscUx3zdyuqfq_4koan8builtins11newtype_def16body_record_repr
FN:135,_RNvNtNtCscUx3zdyuqfq_4koan8builtins11newtype_def16finalize_newtype
FN:302,_RNvNtNtCscUx3zdyuqfq_4koan8builtins11newtype_def20defer_resolved_sigil
FN:195,_RNvNtNtCscUx3zdyuqfq_4koan8builtins11newtype_def21elaborate_record_repr
FN:257,_RNvNtNtCscUx3zdyuqfq_4koan8builtins11newtype_def23finalize_record_newtype
FN:51,_RNvNtNtCscUx3zdyuqfq_4koan8builtins11newtype_def4body
FN:323,_RNvNtNtCscUx3zdyuqfq_4koan8builtins11newtype_def8register
FN:166,_RNvNtNtCseriWsCb5ev6_4koan8builtins11newtype_def16body_record_repr
FN:135,_RNvNtNtCseriWsCb5ev6_4koan8builtins11newtype_def16finalize_newtype
FN:302,_RNvNtNtCseriWsCb5ev6_4koan8builtins11newtype_def20defer_resolved_sigil
FN:195,_RNvNtNtCseriWsCb5ev6_4koan8builtins11newtype_def21elaborate_record_repr
FN:257,_RNvNtNtCseriWsCb5ev6_4koan8builtins11newtype_def23finalize_record_newtype
FN:51,_RNvNtNtCseriWsCb5ev6_4koan8builtins11newtype_def4body
FN:323,_RNvNtNtCseriWsCb5ev6_4koan8builtins11newtype_def8register
FN:406,_RNCNvNtNtNtCseriWsCb5ev6_4koan8builtins11newtype_def5tests13record_fields0B9_
FN:595,_RNCNvNtNtNtCseriWsCb5ev6_4koan8builtins11newtype_def5testss_42nested_record_field_threads_self_reference0B9_
FN:545,_RNCNvNtNtNtCseriWsCb5ev6_4koan8builtins11newtype_def5testss_42record_repr_self_recursion_seals_set_local0B9_
FN:550,_RNCNvNtNtNtCseriWsCb5ev6_4koan8builtins11newtype_def5testss_42record_repr_self_recursion_seals_set_locals0_0B9_
FN:574,_RNCNvNtNtNtCseriWsCb5ev6_4koan8builtins11newtype_def5testss_46record_repr_list_of_self_field_seals_set_local0B9_
FN:278,_RNCNCNvNtNtCseriWsCb5ev6_4koan8builtins11newtype_def23finalize_record_newtype00B9_
FN:177,_RNCNvNtNtCseriWsCb5ev6_4koan8builtins11newtype_def16body_record_repr0B7_
FN:312,_RNCNvNtNtCseriWsCb5ev6_4koan8builtins11newtype_def20defer_resolved_sigil0B7_
FN:244,_RNCNvNtNtCseriWsCb5ev6_4koan8builtins11newtype_def21elaborate_record_repr0B7_
FN:274,_RNCNvNtNtCseriWsCb5ev6_4koan8builtins11newtype_def23finalize_record_newtype0B7_
FN:64,_RNCNvNtNtCseriWsCb5ev6_4koan8builtins11newtype_def4body0B7_
FN:91,_RNCNvNtNtCseriWsCb5ev6_4koan8builtins11newtype_def4bodys_0B7_
FN:394,_RNvNtNtNtCseriWsCb5ev6_4koan8builtins11newtype_def5tests13record_fields
FN:732,_RNvNtNtNtCseriWsCb5ev6_4koan8builtins11newtype_def5testss_28construct_arity_zero_rejects
FN:753,_RNvNtNtNtCseriWsCb5ev6_4koan8builtins11newtype_def5testss_29construct_with_operator_value
FN:421,_RNvNtNtNtCseriWsCb5ev6_4koan8builtins11newtype_def5testss_30declare_mints_newtype_identity
FN:640,_RNvNtNtNtCseriWsCb5ev6_4koan8builtins11newtype_def5testss_30newtype_over_newtype_collapses
FN:711,_RNvNtNtNtCseriWsCb5ev6_4koan8builtins11newtype_def5testss_31construct_with_identifier_value
FN:473,_RNvNtNtNtCseriWsCb5ev6_4koan8builtins11newtype_def5testss_35construct_rejects_non_matching_repr
FN:451,_RNvNtNtNtCseriWsCb5ev6_4koan8builtins11newtype_def5testss_35construct_wraps_repr_matching_value
FN:587,_RNvNtNtNtCseriWsCb5ev6_4koan8builtins11newtype_def5testss_42nested_record_field_threads_self_reference
FN:538,_RNvNtNtNtCseriWsCb5ev6_4koan8builtins11newtype_def5testss_42record_repr_self_recursion_seals_set_local
FN:669,_RNvNtNtNtCseriWsCb5ev6_4koan8builtins11newtype_def5testss_43dispatch_distinguishes_distance_from_number
FN:562,_RNvNtNtNtCseriWsCb5ev6_4koan8builtins11newtype_def5testss_46record_repr_list_of_self_field_seals_set_local
FN:517,_RNvNtNtNtCseriWsCb5ev6_4koan8builtins11newtype_def5testss_47unknown_repr_errors_without_leaking_placeholder
FN:491,_RNvNtNtNtCseriWsCb5ev6_4koan8builtins11newtype_def5testss_49dependent_newtype_parks_on_record_repr_dependency
FN:614,_RNvNtNtNtCseriWsCb5ev6_4koan8builtins11newtype_def5testss_54sigil_repr_non_record_seals_newtype_over_resolved_type
FNDA:5,_RNCNCNvNtNtCscUx3zdyuqfq_4koan8builtins11newtype_def23finalize_record_newtype00B9_
FNDA:3,_RNCNvNtNtCscUx3zdyuqfq_4koan8builtins11newtype_def16body_record_repr0B7_
FNDA:0,_RNCNvNtNtCscUx3zdyuqfq_4koan8builtins11newtype_def20defer_resolved_sigil0B7_
FNDA:1,_RNCNvNtNtCscUx3zdyuqfq_4koan8builtins11newtype_def21elaborate_record_repr0B7_
FNDA:3,_RNCNvNtNtCscUx3zdyuqfq_4koan8builtins11newtype_def23finalize_record_newtype0B7_
FNDA:0,_RNCNvNtNtCscUx3zdyuqfq_4koan8builtins11newtype_def4body0B7_
FNDA:0,_RNCNvNtNtCscUx3zdyuqfq_4koan8builtins11newtype_def4bodys_0B7_
FNDA:3,_RNvNtNtCscUx3zdyuqfq_4koan8builtins11newtype_def16body_record_repr
FNDA:0,_RNvNtNtCscUx3zdyuqfq_4koan8builtins11newtype_def16finalize_newtype
FNDA:0,_RNvNtNtCscUx3zdyuqfq_4koan8builtins11newtype_def20defer_resolved_sigil
FNDA:3,_RNvNtNtCscUx3zdyuqfq_4koan8builtins11newtype_def21elaborate_record_repr
FNDA:3,_RNvNtNtCscUx3zdyuqfq_4koan8builtins11newtype_def23finalize_record_newtype
FNDA:0,_RNvNtNtCscUx3zdyuqfq_4koan8builtins11newtype_def4body
FNDA:43,_RNvNtNtCscUx3zdyuqfq_4koan8builtins11newtype_def8register
FNDA:34,_RNvNtNtCseriWsCb5ev6_4koan8builtins11newtype_def16body_record_repr
FNDA:14,_RNvNtNtCseriWsCb5ev6_4koan8builtins11newtype_def16finalize_newtype
FNDA:1,_RNvNtNtCseriWsCb5ev6_4koan8builtins11newtype_def20defer_resolved_sigil
FNDA:34,_RNvNtNtCseriWsCb5ev6_4koan8builtins11newtype_def21elaborate_record_repr
FNDA:33,_RNvNtNtCseriWsCb5ev6_4koan8builtins11newtype_def23finalize_record_newtype
FNDA:15,_RNvNtNtCseriWsCb5ev6_4koan8builtins11newtype_def4body
FNDA:494,_RNvNtNtCseriWsCb5ev6_4koan8builtins11newtype_def8register
FNDA:4,_RNCNvNtNtNtCseriWsCb5ev6_4koan8builtins11newtype_def5tests13record_fields0B9_
FNDA:1,_RNCNvNtNtNtCseriWsCb5ev6_4koan8builtins11newtype_def5testss_42nested_record_field_threads_self_reference0B9_
FNDA:1,_RNCNvNtNtNtCseriWsCb5ev6_4koan8builtins11newtype_def5testss_42record_repr_self_recursion_seals_set_local0B9_
FNDA:2,_RNCNvNtNtNtCseriWsCb5ev6_4koan8builtins11newtype_def5testss_42record_repr_self_recursion_seals_set_locals0_0B9_
FNDA:1,_RNCNvNtNtNtCseriWsCb5ev6_4koan8builtins11newtype_def5testss_46record_repr_list_of_self_field_seals_set_local0B9_
FNDA:54,_RNCNCNvNtNtCseriWsCb5ev6_4koan8builtins11newtype_def23finalize_record_newtype00B9_
FNDA:34,_RNCNvNtNtCseriWsCb5ev6_4koan8builtins11newtype_def16body_record_repr0B7_
FNDA:1,_RNCNvNtNtCseriWsCb5ev6_4koan8builtins11newtype_def20defer_resolved_sigil0B7_
FNDA:1,_RNCNvNtNtCseriWsCb5ev6_4koan8builtins11newtype_def21elaborate_record_repr0B7_
FNDA:33,_RNCNvNtNtCseriWsCb5ev6_4koan8builtins11newtype_def23finalize_record_newtype0B7_
FNDA:15,_RNCNvNtNtCseriWsCb5ev6_4koan8builtins11newtype_def4body0B7_
FNDA:0,_RNCNvNtNtCseriWsCb5ev6_4koan8builtins11newtype_def4bodys_0B7_
FNDA:3,_RNvNtNtNtCseriWsCb5ev6_4koan8builtins11newtype_def5tests13record_fields
FNDA:1,_RNvNtNtNtCseriWsCb5ev6_4koan8builtins11newtype_def5testss_28construct_arity_zero_rejects
FNDA:1,_RNvNtNtNtCseriWsCb5ev6_4koan8builtins11newtype_def5testss_29construct_with_operator_value
FNDA:1,_RNvNtNtNtCseriWsCb5ev6_4koan8builtins11newtype_def5testss_30declare_mints_newtype_identity
FNDA:1,_RNvNtNtNtCseriWsCb5ev6_4koan8builtins11newtype_def5testss_30newtype_over_newtype_collapses
FNDA:1,_RNvNtNtNtCseriWsCb5ev6_4koan8builtins11newtype_def5testss_31construct_with_identifier_value
FNDA:1,_RNvNtNtNtCseriWsCb5ev6_4koan8builtins11newtype_def5testss_35construct_rejects_non_matching_repr
FNDA:1,_RNvNtNtNtCseriWsCb5ev6_4koan8builtins11newtype_def5testss_35construct_wraps_repr_matching_value
FNDA:1,_RNvNtNtNtCseriWsCb5ev6_4koan8builtins11newtype_def5testss_42nested_record_field_threads_self_reference
FNDA:1,_RNvNtNtNtCseriWsCb5ev6_4koan8builtins11newtype_def5testss_42record_repr_self_recursion_seals_set_local
FNDA:1,_RNvNtNtNtCseriWsCb5ev6_4koan8builtins11newtype_def5testss_43dispatch_distinguishes_distance_from_number
FNDA:1,_RNvNtNtNtCseriWsCb5ev6_4koan8builtins11newtype_def5testss_46record_repr_list_of_self_field_seals_set_local
FNDA:1,_RNvNtNtNtCseriWsCb5ev6_4koan8builtins11newtype_def5testss_47unknown_repr_errors_without_leaking_placeholder
FNDA:1,_RNvNtNtNtCseriWsCb5ev6_4koan8builtins11newtype_def5testss_49dependent_newtype_parks_on_record_repr_dependency
FNDA:1,_RNvNtNtNtCseriWsCb5ev6_4koan8builtins11newtype_def5testss_54sigil_repr_non_record_seals_newtype_over_resolved_type
FNF:34
FNH:33
DA:51,15
DA:52,15
DA:53,15
DA:54,15
DA:55,15
DA:56,15
DA:57,0
DA:61,15
DA:62,15
DA:63,15
DA:64,15
DA:65,15
DA:70,15
DA:71,14
DA:74,5
DA:75,5
DA:76,5
DA:77,5
DA:79,4
DA:80,1
DA:87,1
DA:88,1
DA:89,1
DA:91,0
DA:92,0
DA:93,0
DA:95,0
DA:96,0
DA:98,0
DA:99,0
DA:100,0
DA:101,0
DA:102,0
DA:103,0
DA:104,0
DA:105,1
DA:106,1
DA:107,1
DA:108,1
DA:109,1
DA:111,9
DA:112,0
DA:114,1
DA:119,1
DA:120,1
DA:121,0
DA:123,1
DA:125,0
DA:126,0
DA:127,0
DA:129,15
DA:135,14
DA:136,14
DA:137,14
DA:138,14
DA:139,14
DA:140,14
DA:141,14
DA:142,14
DA:143,14
DA:144,14
DA:145,14
DA:146,14
DA:147,14
DA:148,14
DA:149,14
DA:151,14
DA:155,0
DA:156,0
DA:157,0
DA:158,0
DA:160,14
DA:166,37
DA:167,37
DA:168,37
DA:169,37
DA:170,37
DA:171,37
DA:172,0
DA:174,37
DA:175,37
DA:176,37
DA:177,37
DA:178,37
DA:179,37
DA:180,37
DA:182,0
DA:183,0
DA:184,0
DA:187,37
DA:188,37
DA:195,37
DA:196,37
DA:197,37
DA:198,37
DA:199,37
DA:200,37
DA:201,37
DA:205,37
DA:206,37
DA:207,37
DA:208,37
DA:209,37
DA:210,37
DA:211,37
DA:213,37
DA:214,37
DA:215,37
DA:216,37
DA:217,37
DA:218,37
DA:219,37
DA:220,37
DA:221,37
DA:223,37
DA:224,34
DA:225,34
DA:227,1
DA:229,2
DA:230,2
DA:232,2
DA:233,2
DA:234,2
DA:235,2
DA:236,2
DA:237,2
DA:239,2
DA:240,2
DA:241,2
DA:242,2
DA:243,2
DA:244,2
DA:245,2
DA:246,2
DA:250,37
DA:257,36
DA:258,36
DA:259,36
DA:260,36
DA:261,36
DA:262,36
DA:263,36
DA:264,0
DA:265,0
DA:266,0
DA:267,36
DA:268,36
DA:269,36
DA:270,36
DA:271,36
DA:272,36
DA:273,36
DA:274,36
DA:275,36
DA:276,36
DA:277,36
DA:278,59
DA:279,36
DA:280,36
DA:281,36
DA:282,0
DA:283,36
DA:284,36
DA:285,36
DA:287,36
DA:288,36
DA:290,36
DA:291,36
DA:292,0
DA:293,0
DA:294,0
DA:295,0
DA:297,36
DA:302,1
DA:303,1
DA:304,1
DA:305,1
DA:306,1
DA:307,1
DA:308,1
DA:309,1
DA:310,1
DA:311,1
DA:312,1
DA:313,1
DA:314,0
DA:315,0
DA:316,0
DA:317,0
DA:318,1
DA:319,1
DA:320,1
DA:321,1
DA:323,537
DA:329,537
DA:330,537
DA:331,537
DA:332,537
DA:333,537
DA:334,537
DA:335,537
DA:336,537
DA:337,537
DA:338,537
DA:341,537
DA:342,537
DA:347,537
DA:348,537
DA:349,537
DA:350,537
DA:351,537
DA:352,537
DA:353,537
DA:354,537
DA:355,537
DA:356,537
DA:359,537
DA:360,537
DA:365,537
DA:366,537
DA:367,537
DA:368,537
DA:369,537
DA:370,537
DA:371,537
DA:372,537
DA:373,537
DA:374,537
DA:377,537
DA:378,537
DA:380,537
DA:394,3
DA:395,3
DA:396,3
DA:397,3
DA:398,3
DA:399,3
DA:400,3
DA:401,3
DA:402,3
DA:403,3
DA:404,3
DA:405,3
DA:406,4
DA:407,3
DA:409,0
DA:411,0
DA:414,0
DA:416,3
DA:421,1
DA:422,1
DA:423,1
DA:424,1
DA:425,1
DA:426,1
DA:427,1
DA:428,1
DA:429,1
DA:430,1
DA:431,1
DA:432,1
DA:433,1
DA:434,1
DA:435,0
DA:438,0
DA:440,1
DA:441,1
DA:442,1
DA:443,1
DA:446,1
DA:451,1
DA:452,1
DA:453,1
DA:454,1
DA:455,1
DA:456,1
DA:457,1
DA:458,1
DA:459,1
DA:460,1
DA:461,1
DA:463,0
DA:465,1
DA:467,0
DA:469,1
DA:473,1
DA:474,1
DA:475,1
DA:476,1
DA:477,1
DA:478,1
DA:479,1
DA:480,1
DA:483,1
DA:491,1
DA:492,1
DA:493,1
DA:494,1
DA:495,1
DA:496,1
DA:500,1
DA:501,1
DA:503,0
DA:505,1
DA:506,1
DA:507,1
DA:509,0
DA:511,1
DA:517,1
DA:518,1
DA:519,1
DA:520,1
DA:521,1
DA:522,1
DA:524,0
DA:526,1
DA:527,1
DA:528,1
DA:531,1
DA:538,1
DA:539,1
DA:540,1
DA:541,1
DA:542,1
DA:543,1
DA:544,1
DA:545,1
DA:549,1
DA:550,2
DA:551,1
DA:554,1
DA:555,1
DA:562,1
DA:563,1
DA:564,1
DA:565,1
DA:566,1
DA:567,1
DA:568,1
DA:569,1
DA:573,1
DA:574,1
DA:575,1
DA:578,1
DA:579,1
DA:587,1
DA:588,1
DA:589,1
DA:590,1
DA:591,1
DA:592,1
DA:593,1
DA:594,1
DA:595,1
DA:596,1
DA:597,1
DA:598,1
DA:599,1
DA:600,1
DA:601,1
DA:604,0
DA:606,1
DA:607,1
DA:614,1
DA:615,1
DA:616,1
DA:617,1
DA:618,1
DA:619,1
DA:620,1
DA:621,1
DA:622,1
DA:623,1
DA:625,0
DA:627,1
DA:628,1
DA:630,0
DA:633,0
DA:635,1
DA:640,1
DA:641,1
DA:642,1
DA:643,1
DA:644,1
DA:645,1
DA:646,1
DA:647,1
DA:648,1
DA:649,0
DA:652,1
DA:653,1
DA:655,0
DA:658,0
DA:660,1
DA:669,1
DA:670,1
DA:671,1
DA:672,1
DA:673,1
DA:674,1
DA:675,1
DA:676,1
DA:678,1
DA:679,1
DA:680,1
DA:681,0
DA:683,1
DA:684,1
DA:685,1
DA:686,0
DA:688,1
DA:689,1
DA:690,1
DA:691,1
DA:692,1
DA:693,1
DA:694,1
DA:697,1
DA:698,1
DA:699,1
DA:700,1
DA:701,1
DA:702,1
DA:703,1
DA:706,1
DA:711,1
DA:712,1
DA:713,1
DA:714,1
DA:715,1
DA:716,1
DA:717,1
DA:718,1
DA:719,1
DA:720,1
DA:722,0
DA:724,1
DA:726,0
DA:728,1
DA:732,1
DA:733,1
DA:734,1
DA:735,1
DA:736,1
DA:737,1
DA:738,0
DA:739,1
DA:747,1
DA:753,1
DA:754,1
DA:755,1
DA:756,1
DA:757,1
DA:758,1
DA:759,1
DA:761,1
DA:762,1
DA:763,1
DA:764,1
DA:765,1
DA:766,1
DA:768,0
DA:770,1
DA:772,0
DA:774,1
BRF:0
BRH:0
LF:476
LH:413
end_of_record
SF:/var/home/jack/Code/koan/src/builtins/print.rs
FN:11,_RNvNtNtCscUx3zdyuqfq_4koan8builtins5print4body
FN:29,_RNvNtNtCscUx3zdyuqfq_4koan8builtins5print8register
FN:11,_RNvNtNtCseriWsCb5ev6_4koan8builtins5print4body
FN:29,_RNvNtNtCseriWsCb5ev6_4koan8builtins5print8register
FNDA:6,_RNvNtNtCscUx3zdyuqfq_4koan8builtins5print4body
FNDA:43,_RNvNtNtCscUx3zdyuqfq_4koan8builtins5print8register
FNDA:148,_RNvNtNtCseriWsCb5ev6_4koan8builtins5print4body
FNDA:494,_RNvNtNtCseriWsCb5ev6_4koan8builtins5print8register
FNF:2
FNH:2
DA:11,154
DA:12,154
DA:13,154
DA:14,154
DA:15,154
DA:16,154
DA:17,0
DA:19,154
DA:20,154
DA:21,154
DA:22,154
DA:23,154
DA:24,154
DA:25,154
DA:27,154
DA:29,537
DA:30,537
DA:31,537
DA:32,537
DA:33,537
DA:34,537
DA:36,537
BRF:0
BRH:0
LF:22
LH:21
end_of_record
SF:/var/home/jack/Code/koan/src/builtins/quote.rs
FN:12,_RNvNtNtCscUx3zdyuqfq_4koan8builtins5quote4body
FN:28,_RNvNtNtCscUx3zdyuqfq_4koan8builtins5quote8register
FN:12,_RNvNtNtCseriWsCb5ev6_4koan8builtins5quote4body
FN:28,_RNvNtNtCseriWsCb5ev6_4koan8builtins5quote8register
FN:45,_RNvNtNtNtCseriWsCb5ev6_4koan8builtins5quote5tests11run_program
FN:54,_RNvNtNtNtCseriWsCb5ev6_4koan8builtins5quote5testss_26quote_then_eval_round_trip
FN:63,_RNvNtNtNtCseriWsCb5ev6_4koan8builtins5quote5testss_27quote_captures_ast_as_value
FNDA:0,_RNvNtNtCscUx3zdyuqfq_4koan8builtins5quote4body
FNDA:43,_RNvNtNtCscUx3zdyuqfq_4koan8builtins5quote8register
FNDA:9,_RNvNtNtCseriWsCb5ev6_4koan8builtins5quote4body
FNDA:494,_RNvNtNtCseriWsCb5ev6_4koan8builtins5quote8register
FNDA:2,_RNvNtNtNtCseriWsCb5ev6_4koan8builtins5quote5tests11run_program
FNDA:1,_RNvNtNtNtCseriWsCb5ev6_4koan8builtins5quote5testss_26quote_then_eval_round_trip
FNDA:1,_RNvNtNtNtCseriWsCb5ev6_4koan8builtins5quote5testss_27quote_captures_ast_as_value
FNF:5
FNH:5
DA:12,9
DA:13,9
DA:14,9
DA:15,9
DA:16,9
DA:17,9
DA:19,0
DA:20,0
DA:21,0
DA:24,9
DA:25,9
DA:26,9
DA:28,537
DA:29,537
DA:30,537
DA:31,537
DA:32,537
DA:33,537
DA:34,537
DA:36,537
DA:38,537
DA:45,2
DA:46,2
DA:47,2
DA:48,2
DA:49,2
DA:50,2
DA:51,2
DA:54,1
DA:55,1
DA:56,1
DA:57,1
DA:59,1
DA:60,1
DA:63,1
DA:64,1
DA:65,1
DA:66,1
BRF:0
BRH:0
LF:38
LH:35
end_of_record
SF:/var/home/jack/Code/koan/src/builtins/record_projection.rs
FN:29,_RNvNtNtCscUx3zdyuqfq_4koan8builtins17record_projection4body
FN:92,_RNvNtNtCscUx3zdyuqfq_4koan8builtins17record_projection8register
FN:44,_RNCNvNtNtCscUx3zdyuqfq_4koan8builtins17record_projection4body0B7_
FN:44,_RNCNvNtNtCseriWsCb5ev6_4koan8builtins17record_projection4body0B7_
FN:29,_RNvNtNtCseriWsCb5ev6_4koan8builtins17record_projection4body
FN:92,_RNvNtNtCseriWsCb5ev6_4koan8builtins17record_projection8register
FN:178,_RNvNtNtNtCseriWsCb5ev6_4koan8builtins17record_projection5testss_25from_unknown_field_errors
FN:191,_RNvNtNtNtCseriWsCb5ev6_4koan8builtins17record_projection5testss_27from_duplicate_field_errors
FN:145,_RNvNtNtNtCseriWsCb5ev6_4koan8builtins17record_projection5testss_28from_single_field_projection
FN:231,_RNvNtNtNtCseriWsCb5ev6_4koan8builtins17record_projection5testss_41from_breaks_ambiguous_record_dispatch_tie
FN:162,_RNvNtNtNtCseriWsCb5ev6_4koan8builtins17record_projection5testss_41from_empty_field_list_yields_empty_record
FN:210,_RNvNtNtNtCseriWsCb5ev6_4koan8builtins17record_projection5testss_45from_non_record_operand_is_dispatch_non_match
FN:122,_RNvNtNtNtCseriWsCb5ev6_4koan8builtins17record_projection5testss_52from_narrows_carried_type_keeping_all_fields_present
FNDA:0,_RNvNtNtCscUx3zdyuqfq_4koan8builtins17record_projection4body
FNDA:43,_RNvNtNtCscUx3zdyuqfq_4koan8builtins17record_projection8register
FNDA:0,_RNCNvNtNtCscUx3zdyuqfq_4koan8builtins17record_projection4body0B7_
FNDA:4,_RNCNvNtNtCseriWsCb5ev6_4koan8builtins17record_projection4body0B7_
FNDA:6,_RNvNtNtCseriWsCb5ev6_4koan8builtins17record_projection4body
FNDA:494,_RNvNtNtCseriWsCb5ev6_4koan8builtins17record_projection8register
FNDA:1,_RNvNtNtNtCseriWsCb5ev6_4koan8builtins17record_projection5testss_25from_unknown_field_errors
FNDA:1,_RNvNtNtNtCseriWsCb5ev6_4koan8builtins17record_projection5testss_27from_duplicate_field_errors
FNDA:1,_RNvNtNtNtCseriWsCb5ev6_4koan8builtins17record_projection5testss_28from_single_field_projection
FNDA:1,_RNvNtNtNtCseriWsCb5ev6_4koan8builtins17record_projection5testss_41from_breaks_ambiguous_record_dispatch_tie
FNDA:1,_RNvNtNtNtCseriWsCb5ev6_4koan8builtins17record_projection5testss_41from_empty_field_list_yields_empty_record
FNDA:1,_RNvNtNtNtCseriWsCb5ev6_4koan8builtins17record_projection5testss_45from_non_record_operand_is_dispatch_non_match
FNDA:1,_RNvNtNtNtCseriWsCb5ev6_4koan8builtins17record_projection5testss_52from_narrows_carried_type_keeping_all_fields_present
FNF:10
FNH:10
DA:29,6
DA:30,6
DA:31,6
DA:32,6
DA:33,6
DA:34,6
DA:35,0
DA:40,6
DA:41,9
DA:42,9
DA:43,9
DA:44,9
DA:45,1
DA:46,1
DA:47,1
DA:48,8
DA:49,8
DA:51,0
DA:52,0
DA:53,0
DA:54,0
DA:55,0
DA:60,5
DA:61,5
DA:64,0
DA:65,0
DA:66,0
DA:67,0
DA:68,0
DA:70,0
DA:75,5
DA:76,7
DA:77,7
DA:78,6
DA:80,1
DA:81,1
DA:82,1
DA:87,4
DA:88,4
DA:89,4
DA:90,6
DA:92,537
DA:98,537
DA:99,537
DA:100,537
DA:101,537
DA:102,537
DA:103,537
DA:104,537
DA:105,537
DA:106,537
DA:109,537
DA:111,537
DA:122,1
DA:123,1
DA:124,1
DA:125,1
DA:126,1
DA:127,1
DA:129,1
DA:130,1
DA:132,1
DA:133,1
DA:134,1
DA:135,1
DA:137,0
DA:139,1
DA:145,1
DA:146,1
DA:147,1
DA:148,1
DA:149,1
DA:150,1
DA:151,1
DA:152,1
DA:153,1
DA:154,1
DA:156,0
DA:158,1
DA:162,1
DA:163,1
DA:164,1
DA:165,1
DA:166,1
DA:167,1
DA:169,1
DA:170,1
DA:172,0
DA:174,1
DA:178,1
DA:179,1
DA:180,1
DA:181,1
DA:182,1
DA:183,1
DA:184,1
DA:187,1
DA:191,1
DA:192,1
DA:193,1
DA:194,1
DA:195,1
DA:196,1
DA:197,1
DA:200,1
DA:210,1
DA:214,1
DA:215,1
DA:216,1
DA:217,1
DA:218,1
DA:219,1
DA:220,1
DA:221,1
DA:222,1
DA:225,1
DA:231,1
DA:235,1
DA:236,1
DA:237,1
DA:238,1
DA:239,1
DA:240,1
DA:241,1
DA:245,1
DA:246,1
DA:247,1
DA:248,1
DA:249,1
DA:250,1
DA:251,1
DA:256,1
DA:257,1
DA:258,1
DA:259,0
DA:261,1
BRF:0
BRH:0
LF:137
LH:121
end_of_record
SF:/var/home/jack/Code/koan/src/builtins/recursive_types.rs
FN:97,_RNCNCNvNtNtCscUx3zdyuqfq_4koan8builtins15recursive_types4bodys0_00B9_
FN:198,_RNCNvNtNtCscUx3zdyuqfq_4koan8builtins15recursive_types15leading_keyword0B7_
FN:150,_RNCNvNtNtCscUx3zdyuqfq_4koan8builtins15recursive_types16discover_members0B7_
FN:181,_RNCNvNtNtCscUx3zdyuqfq_4koan8builtins15recursive_types16discover_memberss0_0B7_
FN:154,_RNCNvNtNtCscUx3zdyuqfq_4koan8builtins15recursive_types16discover_memberss_0B7_
FN:61,_RNCNvNtNtCscUx3zdyuqfq_4koan8builtins15recursive_types4body0B7_
FN:96,_RNCNvNtNtCscUx3zdyuqfq_4koan8builtins15recursive_types4bodys0_0B7_
FN:94,_RNCNvNtNtCscUx3zdyuqfq_4koan8builtins15recursive_types4bodys_0B7_
FN:197,_RNvNtNtCscUx3zdyuqfq_4koan8builtins15recursive_types15leading_keyword
FN:145,_RNvNtNtCscUx3zdyuqfq_4koan8builtins15recursive_types16discover_members
FN:35,_RNvNtNtCscUx3zdyuqfq_4koan8builtins15recursive_types4body
FN:204,_RNvNtNtCscUx3zdyuqfq_4koan8builtins15recursive_types8register
FN:197,_RNvNtNtCseriWsCb5ev6_4koan8builtins15recursive_types15leading_keyword
FN:145,_RNvNtNtCseriWsCb5ev6_4koan8builtins15recursive_types16discover_members
FN:35,_RNvNtNtCseriWsCb5ev6_4koan8builtins15recursive_types4body
FN:204,_RNvNtNtCseriWsCb5ev6_4koan8builtins15recursive_types8register
FN:97,_RNCNCNvNtNtCseriWsCb5ev6_4koan8builtins15recursive_types4bodys0_00B9_
FN:198,_RNCNvNtNtCseriWsCb5ev6_4koan8builtins15recursive_types15leading_keyword0B7_
FN:150,_RNCNvNtNtCseriWsCb5ev6_4koan8builtins15recursive_types16discover_members0B7_
FN:181,_RNCNvNtNtCseriWsCb5ev6_4koan8builtins15recursive_types16discover_memberss0_0B7_
FN:154,_RNCNvNtNtCseriWsCb5ev6_4koan8builtins15recursive_types16discover_memberss_0B7_
FN:61,_RNCNvNtNtCseriWsCb5ev6_4koan8builtins15recursive_types4body0B7_
FN:96,_RNCNvNtNtCseriWsCb5ev6_4koan8builtins15recursive_types4bodys0_0B7_
FN:94,_RNCNvNtNtCseriWsCb5ev6_4koan8builtins15recursive_types4bodys_0B7_
FNDA:0,_RNCNCNvNtNtCscUx3zdyuqfq_4koan8builtins15recursive_types4bodys0_00B9_
FNDA:0,_RNCNvNtNtCscUx3zdyuqfq_4koan8builtins15recursive_types15leading_keyword0B7_
FNDA:0,_RNCNvNtNtCscUx3zdyuqfq_4koan8builtins15recursive_types16discover_members0B7_
FNDA:0,_RNCNvNtNtCscUx3zdyuqfq_4koan8builtins15recursive_types16discover_memberss0_0B7_
FNDA:0,_RNCNvNtNtCscUx3zdyuqfq_4koan8builtins15recursive_types16discover_memberss_0B7_
FNDA:0,_RNCNvNtNtCscUx3zdyuqfq_4koan8builtins15recursive_types4body0B7_
FNDA:0,_RNCNvNtNtCscUx3zdyuqfq_4koan8builtins15recursive_types4bodys0_0B7_
FNDA:0,_RNCNvNtNtCscUx3zdyuqfq_4koan8builtins15recursive_types4bodys_0B7_
FNDA:0,_RNvNtNtCscUx3zdyuqfq_4koan8builtins15recursive_types15leading_keyword
FNDA:0,_RNvNtNtCscUx3zdyuqfq_4koan8builtins15recursive_types16discover_members
FNDA:0,_RNvNtNtCscUx3zdyuqfq_4koan8builtins15recursive_types4body
FNDA:43,_RNvNtNtCscUx3zdyuqfq_4koan8builtins15recursive_types8register
FNDA:12,_RNvNtNtCseriWsCb5ev6_4koan8builtins15recursive_types15leading_keyword
FNDA:6,_RNvNtNtCseriWsCb5ev6_4koan8builtins15recursive_types16discover_members
FNDA:6,_RNvNtNtCseriWsCb5ev6_4koan8builtins15recursive_types4body
FNDA:494,_RNvNtNtCseriWsCb5ev6_4koan8builtins15recursive_types8register
FNDA:0,_RNCNCNvNtNtCseriWsCb5ev6_4koan8builtins15recursive_types4bodys0_00B9_
FNDA:12,_RNCNvNtNtCseriWsCb5ev6_4koan8builtins15recursive_types15leading_keyword0B7_
FNDA:12,_RNCNvNtNtCseriWsCb5ev6_4koan8builtins15recursive_types16discover_members0B7_
FNDA:0,_RNCNvNtNtCseriWsCb5ev6_4koan8builtins15recursive_types16discover_memberss0_0B7_
[...]
FN:122,_RNvNtNtCseriWsCb5ev6_4koan5parse6tokens12is_type_name
FN:170,_RNvNtNtCseriWsCb5ev6_4koan5parse6tokens12trigger_span
FN:77,_RNvNtNtCseriWsCb5ev6_4koan5parse6tokens13classify_atom
FN:34,_RNvNtNtCseriWsCb5ev6_4koan5parse6tokens14classify_token
FN:136,_RNvNtNtCseriWsCb5ev6_4koan5parse6tokens14parse_compound
FN:179,_RNvNtNtCseriWsCb5ev6_4koan5parse6tokens9read_atom
FNDA:188,_RNCNvNtNtCscUx3zdyuqfq_4koan5parse6tokens12is_type_name0B7_
FNDA:1073,_RNCNvNtNtCscUx3zdyuqfq_4koan5parse6tokens13classify_atom0B7_
FNDA:347,_RNCNvNtNtCscUx3zdyuqfq_4koan5parse6tokens13classify_atoms0_0B7_
FNDA:126,_RNCNvNtNtCscUx3zdyuqfq_4koan5parse6tokens13classify_atoms_0B7_
FNDA:6,_RNCNvNtNtCscUx3zdyuqfq_4koan5parse6tokens5FLOAT0B7_
FNDA:683,_RNCNvNtNtCscUx3zdyuqfq_4koan5parse6tokens9read_atoms_0B7_
FNDA:1394,_RNvNtNtCscUx3zdyuqfq_4koan5parse6tokens11try_literal
FNDA:314,_RNvNtNtCscUx3zdyuqfq_4koan5parse6tokens12is_type_name
FNDA:9,_RNvNtNtCscUx3zdyuqfq_4koan5parse6tokens12trigger_span
FNDA:683,_RNvNtNtCscUx3zdyuqfq_4koan5parse6tokens13classify_atom
FNDA:711,_RNvNtNtCscUx3zdyuqfq_4koan5parse6tokens14classify_token
FNDA:674,_RNvNtNtCscUx3zdyuqfq_4koan5parse6tokens14parse_compound
FNDA:683,_RNvNtNtCscUx3zdyuqfq_4koan5parse6tokens9read_atom
FNDA:1842,_RNCNvNtNtCseriWsCb5ev6_4koan5parse6tokens12is_type_name0B7_
FNDA:9596,_RNCNvNtNtCseriWsCb5ev6_4koan5parse6tokens13classify_atom0B7_
FNDA:2985,_RNCNvNtNtCseriWsCb5ev6_4koan5parse6tokens13classify_atoms0_0B7_
FNDA:1295,_RNCNvNtNtCseriWsCb5ev6_4koan5parse6tokens13classify_atoms_0B7_
FNDA:1,_RNCNvNtNtCseriWsCb5ev6_4koan5parse6tokens5FLOAT0B7_
FNDA:6444,_RNCNvNtNtCseriWsCb5ev6_4koan5parse6tokens9read_atoms_0B7_
FNDA:34,_RNCNvNtNtNtCseriWsCb5ev6_4koan5parse6tokens5tests8classify0B9_
FNDA:8,_RNCNvNtNtNtCseriWsCb5ev6_4koan5parse6tokens5tests8classifys_0B9_
FNDA:41,_RNCNvNtNtNtCseriWsCb5ev6_4koan5parse6tokens5tests8describe0B9_
FNDA:0,_RNCNvNtNtNtCseriWsCb5ev6_4koan5parse6tokens5tests8describes0_0B9_
FNDA:0,_RNCNvNtNtNtCseriWsCb5ev6_4koan5parse6tokens5tests8describes1_0B9_
FNDA:0,_RNCNvNtNtNtCseriWsCb5ev6_4koan5parse6tokens5tests8describes2_0B9_
FNDA:0,_RNCNvNtNtNtCseriWsCb5ev6_4koan5parse6tokens5tests8describes_0B9_
FNDA:42,_RNvNtNtNtCseriWsCb5ev6_4koan5parse6tokens5tests8classify
FNDA:75,_RNvNtNtNtCseriWsCb5ev6_4koan5parse6tokens5tests8describe
FNDA:1,_RNvNtNtNtCseriWsCb5ev6_4koan5parse6tokens5testss_10plain_null
FNDA:1,_RNvNtNtNtCseriWsCb5ev6_4koan5parse6tokens5testss_10suffix_try
FNDA:1,_RNvNtNtNtCseriWsCb5ev6_4koan5parse6tokens5testss_11attr_access
FNDA:1,_RNvNtNtNtCseriWsCb5ev6_4koan5parse6tokens5testss_12plain_number
FNDA:1,_RNvNtNtNtCseriWsCb5ev6_4koan5parse6tokens5testss_13plain_boolean
FNDA:1,_RNvNtNtNtCseriWsCb5ev6_4koan5parse6tokens5testss_14chained_suffix
FNDA:1,_RNvNtNtNtCseriWsCb5ev6_4koan5parse6tokens5testss_15double_negation
FNDA:1,_RNvNtNtNtCseriWsCb5ev6_4koan5parse6tokens5testss_16bare_bang_errors
FNDA:1,_RNvNtNtNtCseriWsCb5ev6_4koan5parse6tokens5testss_16plain_identifier
FNDA:1,_RNvNtNtNtCseriWsCb5ev6_4koan5parse6tokens5testss_17suffix_after_attr
FNDA:1,_RNvNtNtNtCseriWsCb5ev6_4koan5parse6tokens5testss_18leading_dot_errors
FNDA:1,_RNvNtNtNtCseriWsCb5ev6_4koan5parse6tokens5testss_18negation_over_attr
FNDA:1,_RNvNtNtNtCseriWsCb5ev6_4koan5parse6tokens5testss_19chained_attr_access
FNDA:1,_RNvNtNtNtCseriWsCb5ev6_4koan5parse6tokens5testss_19dangling_dot_errors
FNDA:1,_RNvNtNtNtCseriWsCb5ev6_4koan5parse6tokens5testss_20negation_over_suffix
FNDA:1,_RNvNtNtNtCseriWsCb5ev6_4koan5parse6tokens5testss_21leading_suffix_errors
FNDA:1,_RNvNtNtNtCseriWsCb5ev6_4koan5parse6tokens5testss_25decimal_number_is_literal
FNDA:1,_RNvNtNtNtCseriWsCb5ev6_4koan5parse6tokens5testss_28pure_symbol_token_is_keyword
FNDA:1,_RNvNtNtNtCseriWsCb5ev6_4koan5parse6tokens5testss_28scientific_number_is_literal
FNDA:1,_RNvNtNtNtCseriWsCb5ev6_4koan5parse6tokens5testss_30attr_wins_when_rhs_not_numeric
FNDA:1,_RNvNtNtNtCseriWsCb5ev6_4koan5parse6tokens5testss_31lowercase_leading_is_identifier
FNDA:1,_RNvNtNtNtCseriWsCb5ev6_4koan5parse6tokens5testss_34keyword_two_uppercase_no_lowercase
FNDA:1,_RNvNtNtNtCseriWsCb5ev6_4koan5parse6tokens5testss_35type_uppercase_first_with_lowercase
FNDA:1,_RNvNtNtNtCseriWsCb5ev6_4koan5parse6tokens5testss_36operator_tokens_classify_as_keywords
FNDA:1,_RNvNtNtNtCseriWsCb5ev6_4koan5parse6tokens5testss_38single_uppercase_letter_is_parse_error
FNDA:1,_RNvNtNtNtCseriWsCb5ev6_4koan5parse6tokens5testss_47ascription_compound_tokens_classify_as_keywords
FNDA:1,_RNvNtNtNtCseriWsCb5ev6_4koan5parse6tokens5testss_49attr_trigger_stays_on_builtin_path_inside_operand
FNDA:1,_RNvNtNtNtCseriWsCb5ev6_4koan5parse6tokens5testss_49uppercase_with_digits_no_lowercase_is_parse_error
FNDA:1,_RNvNtNtNtCseriWsCb5ev6_4koan5parse6tokens5testss_8negation
FNDA:13480,_RNvNtNtCseriWsCb5ev6_4koan5parse6tokens11try_literal
FNDA:3130,_RNvNtNtCseriWsCb5ev6_4koan5parse6tokens12is_type_name
FNDA:71,_RNvNtNtCseriWsCb5ev6_4koan5parse6tokens12trigger_span
FNDA:6451,_RNvNtNtCseriWsCb5ev6_4koan5parse6tokens13classify_atom
FNDA:7029,_RNvNtNtCseriWsCb5ev6_4koan5parse6tokens14classify_token
FNDA:6396,_RNvNtNtCseriWsCb5ev6_4koan5parse6tokens14parse_compound
FNDA:6455,_RNvNtNtCseriWsCb5ev6_4koan5parse6tokens9read_atom
FNF:51
FNH:47
DA:29,7
DA:34,7740
DA:35,7740
DA:36,7740
DA:37,7740
DA:38,7740
DA:39,7740
DA:40,670
DA:41,7070
DA:42,7070
DA:43,7070
DA:44,7059
DA:45,0
DA:46,0
DA:47,0
DA:48,0
DA:49,7059
DA:50,7059
DA:51,7740
DA:55,14874
DA:56,14874
DA:57,14874
DA:58,14817
DA:59,14800
DA:60,14789
DA:62,14789
DA:63,586
DA:64,586
DA:65,0
DA:66,14203
DA:67,14203
DA:68,14874
DA:77,7134
DA:78,7134
DA:79,1
DA:80,7133
DA:81,7133
DA:82,3689
DA:83,3444
DA:84,3444
DA:85,10669
DA:86,1
DA:87,1
DA:88,1
DA:89,1
DA:90,1
DA:91,1
DA:92,1
DA:93,2022
DA:94,2022
DA:95,1421
DA:96,1421
DA:97,4
DA:98,4
DA:99,4
DA:100,4
DA:101,4
DA:102,4
DA:103,4
DA:104,4
DA:105,1417
DA:106,1417
DA:107,1417
DA:108,3332
DA:110,2
DA:111,2
DA:112,2
DA:113,2
DA:114,2
DA:115,2
DA:116,2
DA:117,1415
DA:118,1415
DA:119,7134
DA:122,3444
DA:123,3444
DA:124,3444
DA:125,0
DA:127,3444
DA:128,1417
DA:129,2027
DA:130,2030
DA:131,3444
DA:136,7070
DA:137,7070
DA:138,7070
DA:139,7070
DA:140,7070
DA:141,7070
DA:142,7077
DA:143,7076
DA:144,7
DA:145,7
DA:146,7
DA:149,7070
DA:151,7132
DA:152,73
DA:153,73
DA:154,73
DA:155,73
DA:156,68
DA:157,68
DA:158,67
DA:160,5
DA:164,7059
DA:165,6
DA:166,6
DA:167,7059
DA:168,7070
DA:170,80
DA:171,80
DA:172,80
DA:173,80
DA:174,80
DA:175,80
DA:176,80
DA:179,7138
DA:180,7138
DA:181,7138
DA:182,7138
DA:183,7138
DA:184,7138
DA:185,7136
DA:187,2
DA:188,2
DA:189,2
DA:190,2
DA:193,7136
DA:194,7136
DA:195,31888
DA:196,24826
DA:197,74
DA:198,24752
DA:199,24752
DA:200,24752
DA:201,24752
DA:203,7136
DA:204,2
DA:205,2
DA:206,2
DA:207,2
DA:208,2
DA:209,7134
DA:210,7134
DA:211,7134
DA:212,7134
DA:213,7134
DA:214,7134
DA:215,7138
DA:222,75
DA:223,7
DA:224,28
DA:225,20
DA:226,3
DA:227,17
DA:228,41
DA:229,17
DA:231,0
DA:232,0
DA:233,0
DA:235,0
DA:236,0
DA:237,0
DA:239,0
DA:240,5
DA:241,1
DA:242,1
DA:243,0
DA:244,0
DA:245,0
DA:246,0
DA:248,0
DA:249,0
DA:250,0
DA:251,0
DA:252,0
DA:253,0
DA:255,0
DA:256,0
DA:257,0
DA:258,0
DA:259,0
DA:260,0
DA:263,75
DA:265,42
DA:266,42
DA:267,42
DA:268,42
DA:269,42
DA:272,1
DA:273,1
DA:274,1
DA:277,1
DA:278,1
DA:279,1
DA:282,1
DA:283,1
DA:284,1
DA:287,1
DA:288,1
DA:289,1
DA:292,1
DA:293,1
DA:294,1
DA:297,1
DA:298,1
DA:299,1
DA:302,1
DA:305,1
DA:306,1
DA:307,1
DA:310,1
DA:311,1
DA:312,1
DA:315,1
DA:316,1
DA:317,1
DA:320,1
DA:323,1
DA:324,1
DA:325,1
DA:328,1
DA:329,1
DA:330,1
DA:331,1
DA:334,1
DA:335,1
DA:336,1
DA:339,1
DA:340,1
DA:341,1
DA:344,1
DA:345,1
DA:346,1
DA:349,1
DA:350,1
DA:351,1
DA:354,1
DA:355,1
DA:356,1
DA:359,1
DA:360,1
DA:361,1
DA:364,1
DA:365,1
DA:366,1
DA:369,1
DA:372,1
DA:373,1
DA:374,1
DA:377,1
DA:378,1
DA:379,1
DA:382,1
DA:383,1
DA:384,1
DA:385,1
DA:386,1
DA:389,1
DA:390,1
DA:391,1
DA:392,1
DA:393,1
DA:396,1
DA:397,1
DA:398,1
DA:399,1
DA:400,1
DA:403,1
DA:404,1
DA:405,1
DA:408,1
DA:409,1
DA:410,1
DA:411,1
DA:414,1
DA:418,1
DA:419,1
DA:420,1
DA:421,1
DA:422,1
DA:423,1
DA:424,1
DA:427,1
DA:431,1
DA:432,1
DA:435,1
DA:437,1
DA:438,1
DA:439,1
DA:442,1
DA:443,1
DA:444,1
DA:445,1
BRF:0
BRH:0
LF:306
LH:273
end_of_record
SF:/var/home/jack/Code/koan/src/parse/triple_list.rs
FN:27,_RINvNtNtCscUx3zdyuqfq_4koan5parse11triple_list15parse_pair_listNtNtNtNtNtB6_7machine5model5types5ktype5KTypeNCNvNtB13_16typed_field_list37parse_typed_field_list_via_elaborator0EB6_
FN:68,_RNCINvNtNtCscUx3zdyuqfq_4koan5parse11triple_list15parse_pair_listNtNtNtNtNtB8_7machine5model5types5ktype5KTypeNCNvNtB15_16typed_field_list37parse_typed_field_list_via_elaborator0E0B8_
FN:27,_RINvNtNtCseriWsCb5ev6_4koan5parse11triple_list15parse_pair_listNtNtCsgW8esjfipvk_5alloc6string6StringNCNvNtB2_5testss_42identifier_or_type_accepts_type_token_name0EB6_
FN:27,_RINvNtNtCseriWsCb5ev6_4koan5parse11triple_list15parse_pair_listNtNtNtNtNtB6_7machine5model5types5ktype5KTypeNCNvNtB13_16typed_field_list37parse_typed_field_list_via_elaborator0EB6_
FN:27,_RINvNtNtCseriWsCb5ev6_4koan5parse11triple_list15parse_pair_listuNCNvNtB2_5testss_39identifier_only_rejects_type_token_name0EB6_
FN:68,_RNCINvNtNtCseriWsCb5ev6_4koan5parse11triple_list15parse_pair_listNtNtCsgW8esjfipvk_5alloc6string6StringNCNvNtB4_5testss_42identifier_or_type_accepts_type_token_name0E0B8_
FN:68,_RNCINvNtNtCseriWsCb5ev6_4koan5parse11triple_list15parse_pair_listNtNtNtNtNtB8_7machine5model5types5ktype5KTypeNCNvNtB15_16typed_field_list37parse_typed_field_list_via_elaborator0E0B8_
FN:68,_RNCINvNtNtCseriWsCb5ev6_4koan5parse11triple_list15parse_pair_listuNCNvNtB4_5testss_39identifier_only_rejects_type_token_name0E0B8_
FN:112,_RNCNvNtNtNtCseriWsCb5ev6_4koan5parse11triple_list5testss_39identifier_only_rejects_type_token_name0B9_
FN:100,_RNCNvNtNtNtCseriWsCb5ev6_4koan5parse11triple_list5testss_42identifier_or_type_accepts_type_token_name0B9_
FN:86,_RNvNtNtNtCseriWsCb5ev6_4koan5parse11triple_list5tests15type_named_pair
FN:110,_RNvNtNtNtCseriWsCb5ev6_4koan5parse11triple_list5testss_39identifier_only_rejects_type_token_name
FN:94,_RNvNtNtNtCseriWsCb5ev6_4koan5parse11triple_list5testss_42identifier_or_type_accepts_type_token_name
FNDA:12,_RINvNtNtCscUx3zdyuqfq_4koan5parse11triple_list15parse_pair_listNtNtNtNtNtB6_7machine5model5types5ktype5KTypeNCNvNtB13_16typed_field_list37parse_typed_field_list_via_elaborator0EB6_
FNDA:5,_RNCINvNtNtCscUx3zdyuqfq_4koan5parse11triple_list15parse_pair_listNtNtNtNtNtB8_7machine5model5types5ktype5KTypeNCNvNtB15_16typed_field_list37parse_typed_field_list_via_elaborator0E0B8_
FNDA:1,_RINvNtNtCseriWsCb5ev6_4koan5parse11triple_list15parse_pair_listNtNtCsgW8esjfipvk_5alloc6string6StringNCNvNtB2_5testss_42identifier_or_type_accepts_type_token_name0EB6_
FNDA:124,_RINvNtNtCseriWsCb5ev6_4koan5parse11triple_list15parse_pair_listNtNtNtNtNtB6_7machine5model5types5ktype5KTypeNCNvNtB13_16typed_field_list37parse_typed_field_list_via_elaborator0EB6_
FNDA:1,_RINvNtNtCseriWsCb5ev6_4koan5parse11triple_list15parse_pair_listuNCNvNtB2_5testss_39identifier_only_rejects_type_token_name0EB6_
FNDA:0,_RNCINvNtNtCseriWsCb5ev6_4koan5parse11triple_list15parse_pair_listNtNtCsgW8esjfipvk_5alloc6string6StringNCNvNtB4_5testss_42identifier_or_type_accepts_type_token_name0E0B8_
FNDA:66,_RNCINvNtNtCseriWsCb5ev6_4koan5parse11triple_list15parse_pair_listNtNtNtNtNtB8_7machine5model5types5ktype5KTypeNCNvNtB15_16typed_field_list37parse_typed_field_list_via_elaborator0E0B8_
FNDA:0,_RNCINvNtNtCseriWsCb5ev6_4koan5parse11triple_list15parse_pair_listuNCNvNtB4_5testss_39identifier_only_rejects_type_token_name0E0B8_
FNDA:0,_RNCNvNtNtNtCseriWsCb5ev6_4koan5parse11triple_list5testss_39identifier_only_rejects_type_token_name0B9_
FNDA:1,_RNCNvNtNtNtCseriWsCb5ev6_4koan5parse11triple_list5testss_42identifier_or_type_accepts_type_token_name0B9_
FNDA:2,_RNvNtNtNtCseriWsCb5ev6_4koan5parse11triple_list5tests15type_named_pair
FNDA:1,_RNvNtNtNtCseriWsCb5ev6_4koan5parse11triple_list5testss_39identifier_only_rejects_type_token_name
FNDA:1,_RNvNtNtNtCseriWsCb5ev6_4koan5parse11triple_list5testss_42identifier_or_type_accepts_type_token_name
FNF:7
FNH:6
DA:27,138
DA:28,138
DA:29,138
DA:30,138
DA:31,138
DA:32,138
DA:33,138
DA:34,138
DA:35,1
DA:36,1
DA:37,1
DA:38,1
DA:39,137
DA:40,137
DA:41,137
DA:42,334
DA:43,202
DA:45,123
DA:47,123
DA:51,77
DA:52,77
DA:55,1
DA:56,1
DA:57,1
DA:58,1
DA:59,1
DA:61,1
DA:62,1
DA:63,1
DA:64,1
DA:65,1
DA:68,200
DA:69,1
DA:70,199
DA:71,199
DA:72,197
DA:73,197
DA:75,132
DA:76,138
DA:86,2
DA:87,2
DA:88,2
DA:89,2
DA:91,2
DA:94,1
DA:95,1
DA:96,1
DA:97,1
DA:98,1
DA:99,1
DA:100,1
DA:101,1
DA:102,0
DA:103,1
DA:105,1
DA:106,1
DA:107,1
DA:110,1
DA:111,1
DA:112,1
DA:113,0
DA:114,0
DA:115,1
DA:116,1
DA:119,1
BRF:0
BRH:0
LF:67
LH:58
end_of_record
SF:/var/home/jack/Code/koan/src/parse/whitespace.rs
FN:37,_RNvNtNtCscUx3zdyuqfq_4koan5parse10whitespace12collapse_str
FN:291,_RNvNtNtCscUx3zdyuqfq_4koan5parse10whitespace13adjust_parens
FN:278,_RNvNtNtCscUx3zdyuqfq_4koan5parse10whitespace16line_delim_delta
FN:284,_RNvNtNtCscUx3zdyuqfq_4koan5parse10whitespace16line_paren_delta
FN:31,_RNvNtNtCscUx3zdyuqfq_4koan5parse10whitespace19collapse_whitespace
FN:233,_RNvNtNtCscUx3zdyuqfq_4koan5parse10whitespace19walk_content_cursor
FN:224,_RNvNtNtCscUx3zdyuqfq_4koan5parse10whitespace9emit_jump
FN:55,_RNCNvNtNtCscUx3zdyuqfq_4koan5parse10whitespace12collapse_str0B7_
FN:149,_RNCNvNtNtCscUx3zdyuqfq_4koan5parse10whitespace12collapse_strs0_0B7_
FN:56,_RNCNvNtNtCscUx3zdyuqfq_4koan5parse10whitespace12collapse_strs_0B7_
FN:279,_RNCNvNtNtCscUx3zdyuqfq_4koan5parse10whitespace16line_delim_delta0B7_
FN:280,_RNCNvNtNtCscUx3zdyuqfq_4koan5parse10whitespace16line_delim_deltas_0B7_
FN:285,_RNCNvNtNtCscUx3zdyuqfq_4koan5parse10whitespace16line_paren_delta0B7_
FN:286,_RNCNvNtNtCscUx3zdyuqfq_4koan5parse10whitespace16line_paren_deltas_0B7_
FN:33,_RNCNvNtNtCscUx3zdyuqfq_4koan5parse10whitespace19collapse_whitespace0B7_
FN:252,_RNCNvNtNtCscUx3zdyuqfq_4koan5parse10whitespace19walk_content_cursor0B7_
FN:253,_RNCNvNtNtCscUx3zdyuqfq_4koan5parse10whitespace19walk_content_cursors_0B7_
FN:37,_RNvNtNtCseriWsCb5ev6_4koan5parse10whitespace12collapse_str
FN:291,_RNvNtNtCseriWsCb5ev6_4koan5parse10whitespace13adjust_parens
FN:278,_RNvNtNtCseriWsCb5ev6_4koan5parse10whitespace16line_delim_delta
FN:284,_RNvNtNtCseriWsCb5ev6_4koan5parse10whitespace16line_paren_delta
FN:31,_RNvNtNtCseriWsCb5ev6_4koan5parse10whitespace19collapse_whitespace
FN:233,_RNvNtNtCseriWsCb5ev6_4koan5parse10whitespace19walk_content_cursor
FN:224,_RNvNtNtCseriWsCb5ev6_4koan5parse10whitespace9emit_jump
FN:55,_RNCNvNtNtCseriWsCb5ev6_4koan5parse10whitespace12collapse_str0B7_
FN:149,_RNCNvNtNtCseriWsCb5ev6_4koan5parse10whitespace12collapse_strs0_0B7_
FN:56,_RNCNvNtNtCseriWsCb5ev6_4koan5parse10whitespace12collapse_strs_0B7_
FN:279,_RNCNvNtNtCseriWsCb5ev6_4koan5parse10whitespace16line_delim_delta0B7_
FN:280,_RNCNvNtNtCseriWsCb5ev6_4koan5parse10whitespace16line_delim_deltas_0B7_
FN:285,_RNCNvNtNtCseriWsCb5ev6_4koan5parse10whitespace16line_paren_delta0B7_
FN:286,_RNCNvNtNtCseriWsCb5ev6_4koan5parse10whitespace16line_paren_deltas_0B7_
FN:33,_RNCNvNtNtCseriWsCb5ev6_4koan5parse10whitespace19collapse_whitespace0B7_
FN:252,_RNCNvNtNtCseriWsCb5ev6_4koan5parse10whitespace19walk_content_cursor0B7_
FN:253,_RNCNvNtNtCseriWsCb5ev6_4koan5parse10whitespace19walk_content_cursors_0B7_
FNDA:43,_RNvNtNtCscUx3zdyuqfq_4koan5parse10whitespace12collapse_str
FNDA:103,_RNvNtNtCscUx3zdyuqfq_4koan5parse10whitespace13adjust_parens
FNDA:103,_RNvNtNtCscUx3zdyuqfq_4koan5parse10whitespace16line_delim_delta
FNDA:103,_RNvNtNtCscUx3zdyuqfq_4koan5parse10whitespace16line_paren_delta
FNDA:43,_RNvNtNtCscUx3zdyuqfq_4koan5parse10whitespace19collapse_whitespace
FNDA:103,_RNvNtNtCscUx3zdyuqfq_4koan5parse10whitespace19walk_content_cursor
FNDA:206,_RNvNtNtCscUx3zdyuqfq_4koan5parse10whitespace9emit_jump
FNDA:3577,_RNCNvNtNtCscUx3zdyuqfq_4koan5parse10whitespace12collapse_str0B7_
FNDA:0,_RNCNvNtNtCscUx3zdyuqfq_4koan5parse10whitespace12collapse_strs0_0B7_
FNDA:60,_RNCNvNtNtCscUx3zdyuqfq_4koan5parse10whitespace12collapse_strs_0B7_
FNDA:3517,_RNCNvNtNtCscUx3zdyuqfq_4koan5parse10whitespace16line_delim_delta0B7_
FNDA:3517,_RNCNvNtNtCscUx3zdyuqfq_4koan5parse10whitespace16line_delim_deltas_0B7_
FNDA:3517,_RNCNvNtNtCscUx3zdyuqfq_4koan5parse10whitespace16line_paren_delta0B7_
FNDA:3517,_RNCNvNtNtCscUx3zdyuqfq_4koan5parse10whitespace16line_paren_deltas_0B7_
FNDA:0,_RNCNvNtNtCscUx3zdyuqfq_4koan5parse10whitespace19collapse_whitespace0B7_
FNDA:1,_RNCNvNtNtCscUx3zdyuqfq_4koan5parse10whitespace19walk_content_cursor0B7_
FNDA:0,_RNCNvNtNtCscUx3zdyuqfq_4koan5parse10whitespace19walk_content_cursors_0B7_
FNDA:877,_RNvNtNtCseriWsCb5ev6_4koan5parse10whitespace12collapse_str
FNDA:1308,_RNvNtNtCseriWsCb5ev6_4koan5parse10whitespace13adjust_parens
FNDA:1308,_RNvNtNtCseriWsCb5ev6_4koan5parse10whitespace16line_delim_delta
FNDA:1315,_RNvNtNtCseriWsCb5ev6_4koan5parse10whitespace16line_paren_delta
FNDA:877,_RNvNtNtCseriWsCb5ev6_4koan5parse10whitespace19collapse_whitespace
FNDA:1315,_RNvNtNtCseriWsCb5ev6_4koan5parse10whitespace19walk_content_cursor
FNDA:2553,_RNvNtNtCseriWsCb5ev6_4koan5parse10whitespace9emit_jump
FNDA:35833,_RNCNvNtNtCseriWsCb5ev6_4koan5parse10whitespace12collapse_str0B7_
FNDA:151,_RNCNvNtNtCseriWsCb5ev6_4koan5parse10whitespace12collapse_strs0_0B7_
FNDA:462,_RNCNvNtNtCseriWsCb5ev6_4koan5parse10whitespace12collapse_strs_0B7_
FNDA:35065,_RNCNvNtNtCseriWsCb5ev6_4koan5parse10whitespace16line_delim_delta0B7_
FNDA:35065,_RNCNvNtNtCseriWsCb5ev6_4koan5parse10whitespace16line_delim_deltas_0B7_
FNDA:35087,_RNCNvNtNtCseriWsCb5ev6_4koan5parse10whitespace16line_paren_delta0B7_
FNDA:35087,_RNCNvNtNtCseriWsCb5ev6_4koan5parse10whitespace16line_paren_deltas_0B7_
FNDA:0,_RNCNvNtNtCseriWsCb5ev6_4koan5parse10whitespace19collapse_whitespace0B7_
FNDA:217,_RNCNvNtNtCseriWsCb5ev6_4koan5parse10whitespace19walk_content_cursor0B7_
FNDA:0,_RNCNvNtNtCseriWsCb5ev6_4koan5parse10whitespace19walk_content_cursors_0B7_
FNF:17
FNH:15
DA:31,920
DA:32,920
DA:33,920
DA:34,920
DA:35,920
DA:37,920
DA:38,920
DA:39,920
DA:40,920
DA:41,920
DA:42,920
DA:45,920
DA:47,920
DA:48,920
DA:49,920
DA:50,920
DA:52,2354
DA:53,1441
DA:54,1441
DA:55,39410
DA:56,1441
DA:57,1441
DA:59,1441
DA:60,1441
DA:61,1441
DA:62,1441
DA:64,1441
DA:66,1441
DA:70,23
DA:71,23
DA:72,23
DA:73,8
DA:75,15
DA:77,23
DA:78,23
DA:79,1418
DA:81,1418
DA:83,1418
DA:84,1418
DA:86,1418
DA:87,1418
DA:89,1418
DA:90,1418
DA:91,1418
DA:92,1418
DA:93,1418
DA:117,1418
DA:118,54
DA:119,54
DA:120,1364
DA:123,1364
DA:124,32
DA:127,12
DA:128,1
DA:129,1
DA:130,1
DA:131,1
DA:132,1
DA:133,11
DA:134,11
DA:135,11
DA:136,20
DA:137,20
DA:140,1
DA:141,1
DA:142,1
DA:143,1
DA:144,1
DA:145,1
DA:146,19
DA:147,1332
DA:149,1351
DA:150,3
DA:151,3
DA:152,3
DA:153,3
DA:154,3
DA:155,3
DA:156,3
DA:157,3
DA:158,1348
DA:159,1348
DA:160,2
DA:161,2
DA:162,2
DA:163,2
DA:164,2
DA:165,2
DA:166,2
DA:167,2
DA:168,1346
DA:170,1748
DA:171,451
DA:172,402
DA:173,402
DA:174,402
DA:175,402
DA:176,49
DA:182,1346
DA:183,428
DA:184,918
DA:188,1346
DA:189,1346
DA:190,11
DA:191,11
DA:192,11
DA:193,11
DA:194,11
DA:195,1335
DA:196,1335
DA:197,1335
DA:198,1335
DA:199,1335
DA:201,1346
DA:202,1346
DA:203,1346
DA:204,1346
DA:205,1346
DA:207,1346
DA:208,1346
DA:209,482
DA:211,864
DA:213,1346
DA:216,1848
DA:217,935
DA:218,935
DA:219,935
DA:221,913
DA:222,920
DA:224,2759
DA:225,2759
DA:226,2759
DA:227,2759
DA:228,2759
DA:233,1418
DA:234,1418
DA:235,1418
DA:236,38657
DA:237,37239
DA:238,37239
DA:239,218
DA:240,218
DA:241,699
DA:242,481
DA:243,481
DA:244,218
DA:245,0
DA:246,218
DA:247,218
DA:248,0
DA:249,218
DA:250,218
DA:251,218
DA:252,218
DA:253,218
DA:254,218
DA:255,37021
DA:256,218
DA:257,436
DA:258,218
DA:259,218
DA:260,218
DA:261,0
DA:262,218
DA:263,218
DA:264,448
DA:265,230
DA:266,230
DA:267,218
DA:268,36803
DA:269,36803
DA:270,36803
DA:271,36803
DA:273,1418
DA:274,1418
DA:278,1411
DA:279,38582
DA:280,38582
DA:281,1411
DA:282,1411
DA:284,1418
DA:285,38604
DA:286,38604
DA:287,1418
DA:288,1418
DA:291,1411
DA:292,1411
DA:293,15
DA:294,15
DA:295,15
DA:297,1396
DA:298,13
DA:299,13
DA:301,1411
BRF:0
BRH:0
LF:204
LH:199
end_of_record