SF:/var/home/jack/Code/koan/src/builtins.rs
FN:145,_RNvNtCsbkxZCYEF3rm_4koan8builtins13default_scope
FN:101,_RNvNtCsbkxZCYEF3rm_4koan8builtins16register_builtin
FN:78,_RNvNtCsbkxZCYEF3rm_4koan8builtins21register_builtin_full
FN:67,_RNvNtCsbkxZCYEF3rm_4koan8builtins21type_part_binder_name
FN:38,_RNvNtCsbkxZCYEF3rm_4koan8builtins2kw
FN:43,_RNvNtCsbkxZCYEF3rm_4koan8builtins3arg
FN:52,_RNvNtCsbkxZCYEF3rm_4koan8builtins3sig
FN:145,_RNvNtCsSCJAO8sSnz_4koan8builtins13default_scope
FN:101,_RNvNtCsSCJAO8sSnz_4koan8builtins16register_builtin
FN:115,_RNvNtCsSCJAO8sSnz_4koan8builtins20register_overload_at
FN:78,_RNvNtCsSCJAO8sSnz_4koan8builtins21register_builtin_full
FN:67,_RNvNtCsSCJAO8sSnz_4koan8builtins21type_part_binder_name
FN:38,_RNvNtCsSCJAO8sSnz_4koan8builtins2kw
FN:43,_RNvNtCsSCJAO8sSnz_4koan8builtins3arg
FN:52,_RNvNtCsSCJAO8sSnz_4koan8builtins3sig
FNDA:43,_RNvNtCsbkxZCYEF3rm_4koan8builtins13default_scope
FNDA:989,_RNvNtCsbkxZCYEF3rm_4koan8builtins16register_builtin
FNDA:1634,_RNvNtCsbkxZCYEF3rm_4koan8builtins21register_builtin_full
FNDA:74,_RNvNtCsbkxZCYEF3rm_4koan8builtins21type_part_binder_name
FNDA:2881,_RNvNtCsbkxZCYEF3rm_4koan8builtins2kw
FNDA:3311,_RNvNtCsbkxZCYEF3rm_4koan8builtins3arg
FNDA:1634,_RNvNtCsbkxZCYEF3rm_4koan8builtins3sig
FNDA:478,_RNvNtCsSCJAO8sSnz_4koan8builtins13default_scope
FNDA:11014,_RNvNtCsSCJAO8sSnz_4koan8builtins16register_builtin
FNDA:3,_RNvNtCsSCJAO8sSnz_4koan8builtins20register_overload_at
FNDA:18185,_RNvNtCsSCJAO8sSnz_4koan8builtins21register_builtin_full
FNDA:470,_RNvNtCsSCJAO8sSnz_4koan8builtins21type_part_binder_name
FNDA:32026,_RNvNtCsSCJAO8sSnz_4koan8builtins2kw
FNDA:36806,_RNvNtCsSCJAO8sSnz_4koan8builtins3arg
FNDA:18164,_RNvNtCsSCJAO8sSnz_4koan8builtins3sig
FNF:8
FNH:8
DA:38,34907
DA:39,34907
DA:40,34907
DA:43,40117
DA:44,40117
DA:45,40117
DA:46,40117
DA:47,40117
DA:48,40117
DA:52,19798
DA:53,19798
DA:54,19798
DA:55,19798
DA:56,19798
DA:57,19798
DA:58,19798
DA:59,19798
DA:60,19798
DA:67,544
DA:68,544
DA:69,544
DA:70,544
DA:71,544
DA:78,19819
DA:79,19819
DA:80,19819
DA:81,19819
DA:82,19819
DA:83,19819
DA:84,19819
DA:85,19819
DA:86,19819
DA:87,19819
DA:88,19819
DA:89,19819
DA:90,19819
DA:91,19819
DA:92,19819
DA:93,19819
DA:94,19819
DA:95,19819
DA:96,19819
DA:97,19819
DA:98,19819
DA:101,12003
DA:102,12003
DA:103,12003
DA:104,12003
DA:105,12003
DA:106,12003
DA:107,12003
DA:108,12003
DA:115,3
DA:116,3
DA:117,3
DA:118,3
DA:119,3
DA:120,3
DA:121,3
DA:122,3
DA:123,3
DA:124,3
DA:125,3
DA:126,3
DA:127,3
DA:128,3
DA:129,3
DA:130,3
DA:131,3
DA:132,3
DA:133,3
DA:134,3
DA:135,3
DA:145,521
DA:146,521
DA:147,521
DA:148,521
DA:149,521
DA:150,521
DA:151,521
DA:153,521
DA:154,521
DA:155,521
DA:156,521
DA:157,521
DA:158,521
DA:159,521
DA:162,521
DA:163,521
DA:164,521
DA:167,521
DA:168,521
DA:169,521
DA:172,521
DA:173,521
DA:174,521
DA:177,521
DA:178,521
DA:179,521
DA:182,521
DA:183,521
DA:184,521
DA:187,521
DA:189,521
DA:190,521
DA:191,521
DA:192,521
DA:193,521
DA:194,521
DA:195,521
DA:196,521
DA:197,521
DA:198,521
DA:199,521
DA:200,521
DA:201,521
DA:202,521
DA:203,521
DA:204,521
DA:205,521
DA:206,521
DA:207,521
DA:208,521
DA:209,521
DA:210,521
DA:212,521
DA:213,521
BRF:0
BRH:0
LF:127
LH:127
end_of_record
SF:/var/home/jack/Code/koan/src/builtins/ascribe.rs
FN:19,_RNvNtNtCsbkxZCYEF3rm_4koan8builtins7ascribe11body_opaque
FN:194,_RNvNtNtCsbkxZCYEF3rm_4koan8builtins7ascribe11shape_check
FN:134,_RNvNtNtCsbkxZCYEF3rm_4koan8builtins7ascribe16body_transparent
FN:249,_RNvNtNtCsbkxZCYEF3rm_4koan8builtins7ascribe21is_abstract_type_name
FN:237,_RNvNtNtCsbkxZCYEF3rm_4koan8builtins7ascribe22abstract_type_names_of
FN:156,_RNvNtNtCsbkxZCYEF3rm_4koan8builtins7ascribe28resolve_module_and_signature
FN:260,_RNvNtNtCsbkxZCYEF3rm_4koan8builtins7ascribe8register
FN:167,_RNvNvNtNtCsbkxZCYEF3rm_4koan8builtins7ascribe28resolve_module_and_signature24type_mismatch_or_missing
FN:257,_RNCNvNtNtCsbkxZCYEF3rm_4koan8builtins7ascribe21is_abstract_type_name0B7_
FN:243,_RNCNvNtNtCsbkxZCYEF3rm_4koan8builtins7ascribe22abstract_type_names_ofs_0B7_
FN:19,_RNvNtNtCsSCJAO8sSnz_4koan8builtins7ascribe11body_opaque
FN:194,_RNvNtNtCsSCJAO8sSnz_4koan8builtins7ascribe11shape_check
FN:134,_RNvNtNtCsSCJAO8sSnz_4koan8builtins7ascribe16body_transparent
FN:249,_RNvNtNtCsSCJAO8sSnz_4koan8builtins7ascribe21is_abstract_type_name
FN:237,_RNvNtNtCsSCJAO8sSnz_4koan8builtins7ascribe22abstract_type_names_of
FN:156,_RNvNtNtCsSCJAO8sSnz_4koan8builtins7ascribe28resolve_module_and_signature
FN:260,_RNvNtNtCsSCJAO8sSnz_4koan8builtins7ascribe8register
FN:167,_RNvNvNtNtCsSCJAO8sSnz_4koan8builtins7ascribe28resolve_module_and_signature24type_mismatch_or_missing
FN:257,_RNCNvNtNtCsSCJAO8sSnz_4koan8builtins7ascribe21is_abstract_type_name0B7_
FN:243,_RNCNvNtNtCsSCJAO8sSnz_4koan8builtins7ascribe22abstract_type_names_ofs_0B7_
FNDA:1,_RNvNtNtCsbkxZCYEF3rm_4koan8builtins7ascribe11body_opaque
FNDA:5,_RNvNtNtCsbkxZCYEF3rm_4koan8builtins7ascribe11shape_check
FNDA:4,_RNvNtNtCsbkxZCYEF3rm_4koan8builtins7ascribe16body_transparent
FNDA:22,_RNvNtNtCsbkxZCYEF3rm_4koan8builtins7ascribe21is_abstract_type_name
FNDA:6,_RNvNtNtCsbkxZCYEF3rm_4koan8builtins7ascribe22abstract_type_names_of
FNDA:5,_RNvNtNtCsbkxZCYEF3rm_4koan8builtins7ascribe28resolve_module_and_signature
FNDA:43,_RNvNtNtCsbkxZCYEF3rm_4koan8builtins7ascribe8register
FNDA:0,_RNvNvNtNtCsbkxZCYEF3rm_4koan8builtins7ascribe28resolve_module_and_signature24type_mismatch_or_missing
FNDA:0,_RNCNvNtNtCsbkxZCYEF3rm_4koan8builtins7ascribe21is_abstract_type_name0B7_
FNDA:6,_RNCNvNtNtCsbkxZCYEF3rm_4koan8builtins7ascribe22abstract_type_names_ofs_0B7_
FNDA:21,_RNvNtNtCsSCJAO8sSnz_4koan8builtins7ascribe11body_opaque
FNDA:40,_RNvNtNtCsSCJAO8sSnz_4koan8builtins7ascribe11shape_check
FNDA:19,_RNvNtNtCsSCJAO8sSnz_4koan8builtins7ascribe16body_transparent
FNDA:200,_RNvNtNtCsSCJAO8sSnz_4koan8builtins7ascribe21is_abstract_type_name
FNDA:69,_RNvNtNtCsSCJAO8sSnz_4koan8builtins7ascribe22abstract_type_names_of
FNDA:40,_RNvNtNtCsSCJAO8sSnz_4koan8builtins7ascribe28resolve_module_and_signature
FNDA:478,_RNvNtNtCsSCJAO8sSnz_4koan8builtins7ascribe8register
FNDA:0,_RNvNvNtNtCsSCJAO8sSnz_4koan8builtins7ascribe28resolve_module_and_signature24type_mismatch_or_missing
FNDA:53,_RNCNvNtNtCsSCJAO8sSnz_4koan8builtins7ascribe21is_abstract_type_name0B7_
FNDA:103,_RNCNvNtNtCsSCJAO8sSnz_4koan8builtins7ascribe22abstract_type_names_ofs_0B7_
FNF:10
FNH:9
DA:19,22
DA:20,22
DA:21,22
DA:25,22
DA:27,22
DA:28,22
DA:29,22
DA:30,22
DA:33,22
DA:34,22
DA:35,0
DA:36,22
DA:42,22
DA:44,22
DA:48,22
DA:50,22
DA:51,22
DA:52,13
DA:53,3
DA:54,3
DA:57,3
DA:58,3
DA:59,3
DA:61,0
DA:65,3
DA:66,3
DA:67,3
DA:68,3
DA:70,3
DA:71,3
DA:72,3
DA:73,3
DA:74,3
DA:75,3
DA:76,3
DA:77,3
DA:78,3
DA:80,10
DA:81,10
DA:82,10
DA:83,10
DA:85,13
DA:88,22
DA:89,13
DA:90,13
DA:91,13
DA:92,13
DA:93,9
DA:96,22
DA:97,22
DA:98,32
DA:99,32
DA:100,13
DA:101,19
DA:104,3
DA:105,3
DA:107,3
DA:108,3
DA:109,3
DA:110,16
DA:112,22
DA:113,22
DA:114,3
DA:115,3
DA:116,3
DA:117,3
DA:118,19
DA:121,22
DA:122,2
DA:123,20
DA:125,20
DA:127,20
DA:128,20
DA:129,22
DA:134,23
DA:135,23
DA:136,23
DA:140,23
DA:141,23
DA:142,0
DA:143,23
DA:144,23
DA:145,23
DA:146,23
DA:147,23
DA:148,23
DA:149,23
DA:150,23
DA:151,23
DA:152,23
DA:156,45
DA:157,45
DA:158,45
DA:159,45
DA:160,45
DA:161,45
DA:162,45
DA:163,45
DA:164,45
DA:167,0
DA:168,0
DA:169,0
DA:170,0
DA:171,0
DA:172,0
DA:173,0
DA:174,0
DA:175,0
DA:176,0
DA:177,0
DA:178,0
DA:180,0
DA:182,45
DA:183,45
DA:184,0
DA:186,45
DA:187,45
DA:188,0
DA:190,45
DA:191,45
DA:194,45
DA:195,45
DA:196,45
DA:197,45
DA:198,45
DA:199,45
DA:200,45
DA:201,45
DA:205,45
DA:206,45
DA:207,45
DA:208,45
DA:209,45
DA:210,45
DA:211,45
DA:212,45
DA:213,45
DA:214,45
DA:215,45
DA:216,45
DA:217,45
DA:218,59
DA:219,59
DA:220,17
DA:221,42
DA:222,42
DA:223,2
DA:224,2
DA:225,2
DA:226,2
DA:227,40
DA:229,43
DA:230,45
DA:237,75
DA:238,75
DA:239,75
DA:240,75
DA:241,75
DA:242,75
DA:243,109
DA:244,75
DA:245,75
DA:249,222
DA:250,222
DA:251,222
DA:252,0
DA:254,222
DA:255,169
DA:256,53
DA:257,53
DA:258,222
DA:260,521
DA:264,521
DA:265,521
DA:266,521
DA:267,521
DA:268,521
DA:269,521
DA:272,521
DA:273,521
DA:274,521
DA:275,521
DA:276,521
DA:277,521
DA:280,521
DA:281,521
DA:282,521
BRF:0
BRH:0
LF:189
LH:170
end_of_record
SF:/var/home/jack/Code/koan/src/builtins/attr.rs
FN:168,_RNvNtNtCsbkxZCYEF3rm_4koan8builtins4attr11body_module
FN:231,_RNvNtNtCsbkxZCYEF3rm_4koan8builtins4attr12access_field
FN:147,_RNvNtNtCsbkxZCYEF3rm_4koan8builtins4attr12body_newtype
FN:108,_RNvNtNtCsbkxZCYEF3rm_4koan8builtins4attr13body_type_lhs
FN:65,_RNvNtNtCsbkxZCYEF3rm_4koan8builtins4attr15body_identifier
FN:40,_RNvNtNtCsbkxZCYEF3rm_4koan8builtins4attr15read_field_name
FN:196,_RNvNtNtCsbkxZCYEF3rm_4koan8builtins4attr18access_type_member
FN:293,_RNvNtNtCsbkxZCYEF3rm_4koan8builtins4attr20access_module_member
FN:32,_RNvNtNtCsbkxZCYEF3rm_4koan8builtins4attr5route
FN:326,_RNvNtNtCsbkxZCYEF3rm_4koan8builtins4attr8register
FN:327,_RNCNvNtNtCsbkxZCYEF3rm_4koan8builtins4attr8register0B7_
FN:355,_RNCNvNtNtCsbkxZCYEF3rm_4koan8builtins4attr8registers0_0B7_
FN:365,_RNCNvNtNtCsbkxZCYEF3rm_4koan8builtins4attr8registers1_0B7_
FN:375,_RNCNvNtNtCsbkxZCYEF3rm_4koan8builtins4attr8registers2_0B7_
FN:386,_RNCNvNtNtCsbkxZCYEF3rm_4koan8builtins4attr8registers3_0B7_
FN:337,_RNCNvNtNtCsbkxZCYEF3rm_4koan8builtins4attr8registers_0B7_
FN:327,_RNCNvNtNtCsSCJAO8sSnz_4koan8builtins4attr8register0B7_
FN:355,_RNCNvNtNtCsSCJAO8sSnz_4koan8builtins4attr8registers0_0B7_
FN:365,_RNCNvNtNtCsSCJAO8sSnz_4koan8builtins4attr8registers1_0B7_
FN:375,_RNCNvNtNtCsSCJAO8sSnz_4koan8builtins4attr8registers2_0B7_
FN:386,_RNCNvNtNtCsSCJAO8sSnz_4koan8builtins4attr8registers3_0B7_
FN:337,_RNCNvNtNtCsSCJAO8sSnz_4koan8builtins4attr8registers_0B7_
FN:454,_RNvNtNtNtCsSCJAO8sSnz_4koan8builtins4attr5testss_24attr_unbound_name_errors
FN:481,_RNvNtNtNtCsSCJAO8sSnz_4koan8builtins4attr5testss_25attr_unknown_field_errors
FN:465,_RNvNtNtNtCsSCJAO8sSnz_4koan8builtins4attr5testss_31attr_on_non_struct_value_errors
FN:497,_RNvNtNtNtCsSCJAO8sSnz_4koan8builtins4attr5testss_33attr_chained_unknown_field_errors
FN:438,_RNvNtNtNtCsSCJAO8sSnz_4koan8builtins4attr5testss_34attr_chained_through_nested_struct
FN:414,_RNvNtNtNtCsSCJAO8sSnz_4koan8builtins4attr5testss_34attr_reads_field_from_named_struct
FN:426,_RNvNtNtNtCsSCJAO8sSnz_4koan8builtins4attr5testss_35attr_reads_each_field_independently
FN:534,_RNvNtNtNtCsSCJAO8sSnz_4koan8builtins4attr5testss_39access_field_rejects_wrapped_non_struct
FN:578,_RNvNtNtNtCsSCJAO8sSnz_4koan8builtins4attr5testss_41transparent_view_slot_read_stays_concrete
FN:557,_RNvNtNtNtCsSCJAO8sSnz_4koan8builtins4attr5testss_48opaque_view_slot_read_re_tags_with_abstract_type
FN:518,_RNvNtNtNtCsSCJAO8sSnz_4koan8builtins4attr5testss_49access_field_falls_through_wrapped_record_newtype
FN:599,_RNvNtNtNtCsSCJAO8sSnz_4koan8builtins4attr5testss_53access_field_falls_through_wrapped_with_missing_field
FN:168,_RNvNtNtCsSCJAO8sSnz_4koan8builtins4attr11body_module
FN:231,_RNvNtNtCsSCJAO8sSnz_4koan8builtins4attr12access_field
FN:147,_RNvNtNtCsSCJAO8sSnz_4koan8builtins4attr12body_newtype
FN:108,_RNvNtNtCsSCJAO8sSnz_4koan8builtins4attr13body_type_lhs
FN:65,_RNvNtNtCsSCJAO8sSnz_4koan8builtins4attr15body_identifier
FN:40,_RNvNtNtCsSCJAO8sSnz_4koan8builtins4attr15read_field_name
FN:196,_RNvNtNtCsSCJAO8sSnz_4koan8builtins4attr18access_type_member
FN:293,_RNvNtNtCsSCJAO8sSnz_4koan8builtins4attr20access_module_member
FN:32,_RNvNtNtCsSCJAO8sSnz_4koan8builtins4attr5route
FN:326,_RNvNtNtCsSCJAO8sSnz_4koan8builtins4attr8register
FNDA:7,_RNvNtNtCsbkxZCYEF3rm_4koan8builtins4attr11body_module
FNDA:1,_RNvNtNtCsbkxZCYEF3rm_4koan8builtins4attr12access_field
FNDA:0,_RNvNtNtCsbkxZCYEF3rm_4koan8builtins4attr12body_newtype
FNDA:0,_RNvNtNtCsbkxZCYEF3rm_4koan8builtins4attr13body_type_lhs
FNDA:2,_RNvNtNtCsbkxZCYEF3rm_4koan8builtins4attr15body_identifier
FNDA:9,_RNvNtNtCsbkxZCYEF3rm_4koan8builtins4attr15read_field_name
FNDA:0,_RNvNtNtCsbkxZCYEF3rm_4koan8builtins4attr18access_type_member
FNDA:7,_RNvNtNtCsbkxZCYEF3rm_4koan8builtins4attr20access_module_member
FNDA:8,_RNvNtNtCsbkxZCYEF3rm_4koan8builtins4attr5route
FNDA:43,_RNvNtNtCsbkxZCYEF3rm_4koan8builtins4attr8register
FNDA:43,_RNCNvNtNtCsbkxZCYEF3rm_4koan8builtins4attr8register0B7_
FNDA:43,_RNCNvNtNtCsbkxZCYEF3rm_4koan8builtins4attr8registers0_0B7_
FNDA:43,_RNCNvNtNtCsbkxZCYEF3rm_4koan8builtins4attr8registers1_0B7_
FNDA:43,_RNCNvNtNtCsbkxZCYEF3rm_4koan8builtins4attr8registers2_0B7_
FNDA:43,_RNCNvNtNtCsbkxZCYEF3rm_4koan8builtins4attr8registers3_0B7_
FNDA:43,_RNCNvNtNtCsbkxZCYEF3rm_4koan8builtins4attr8registers_0B7_
FNDA:478,_RNCNvNtNtCsSCJAO8sSnz_4koan8builtins4attr8register0B7_
FNDA:478,_RNCNvNtNtCsSCJAO8sSnz_4koan8builtins4attr8registers0_0B7_
FNDA:478,_RNCNvNtNtCsSCJAO8sSnz_4koan8builtins4attr8registers1_0B7_
FNDA:478,_RNCNvNtNtCsSCJAO8sSnz_4koan8builtins4attr8registers2_0B7_
FNDA:478,_RNCNvNtNtCsSCJAO8sSnz_4koan8builtins4attr8registers3_0B7_
FNDA:478,_RNCNvNtNtCsSCJAO8sSnz_4koan8builtins4attr8registers_0B7_
FNDA:1,_RNvNtNtNtCsSCJAO8sSnz_4koan8builtins4attr5testss_24attr_unbound_name_errors
FNDA:1,_RNvNtNtNtCsSCJAO8sSnz_4koan8builtins4attr5testss_25attr_unknown_field_errors
FNDA:1,_RNvNtNtNtCsSCJAO8sSnz_4koan8builtins4attr5testss_31attr_on_non_struct_value_errors
FNDA:1,_RNvNtNtNtCsSCJAO8sSnz_4koan8builtins4attr5testss_33attr_chained_unknown_field_errors
FNDA:1,_RNvNtNtNtCsSCJAO8sSnz_4koan8builtins4attr5testss_34attr_chained_through_nested_struct
FNDA:1,_RNvNtNtNtCsSCJAO8sSnz_4koan8builtins4attr5testss_34attr_reads_field_from_named_struct
FNDA:1,_RNvNtNtNtCsSCJAO8sSnz_4koan8builtins4attr5testss_35attr_reads_each_field_independently
FNDA:1,_RNvNtNtNtCsSCJAO8sSnz_4koan8builtins4attr5testss_39access_field_rejects_wrapped_non_struct
FNDA:1,_RNvNtNtNtCsSCJAO8sSnz_4koan8builtins4attr5testss_41transparent_view_slot_read_stays_concrete
FNDA:1,_RNvNtNtNtCsSCJAO8sSnz_4koan8builtins4attr5testss_48opaque_view_slot_read_re_tags_with_abstract_type
FNDA:1,_RNvNtNtNtCsSCJAO8sSnz_4koan8builtins4attr5testss_49access_field_falls_through_wrapped_record_newtype
FNDA:1,_RNvNtNtNtCsSCJAO8sSnz_4koan8builtins4attr5testss_53access_field_falls_through_wrapped_with_missing_field
FNDA:20,_RNvNtNtCsSCJAO8sSnz_4koan8builtins4attr11body_module
FNDA:21,_RNvNtNtCsSCJAO8sSnz_4koan8builtins4attr12access_field
FNDA:2,_RNvNtNtCsSCJAO8sSnz_4koan8builtins4attr12body_newtype
FNDA:1,_RNvNtNtCsSCJAO8sSnz_4koan8builtins4attr13body_type_lhs
FNDA:22,_RNvNtNtCsSCJAO8sSnz_4koan8builtins4attr15body_identifier
FNDA:45,_RNvNtNtCsSCJAO8sSnz_4koan8builtins4attr15read_field_name
FNDA:0,_RNvNtNtCsSCJAO8sSnz_4koan8builtins4attr18access_type_member
FNDA:23,_RNvNtNtCsSCJAO8sSnz_4koan8builtins4attr20access_module_member
FNDA:43,_RNvNtNtCsSCJAO8sSnz_4koan8builtins4attr5route
FNDA:478,_RNvNtNtCsSCJAO8sSnz_4koan8builtins4attr8register
FNF:28
FNH:27
DA:32,51
DA:33,51
DA:34,51
DA:35,51
DA:36,51
DA:40,54
DA:42,54
DA:43,42
DA:44,42
DA:45,0
DA:46,0
DA:47,0
DA:48,0
DA:49,0
DA:51,12
DA:52,12
DA:53,12
DA:54,11
DA:55,1
DA:57,0
DA:58,0
DA:59,54
DA:65,24
DA:66,24
DA:67,24
DA:69,24
DA:70,24
DA:71,0
DA:72,0
DA:73,0
DA:74,0
DA:75,0
DA:76,0
DA:78,0
DA:80,24
DA:83,24
DA:84,19
DA:85,5
DA:86,5
DA:87,0
DA:88,3
DA:90,0
DA:93,0
DA:95,0
DA:96,0
DA:98,2
DA:99,2
DA:100,24
DA:108,1
DA:109,1
DA:110,1
DA:112,1
DA:113,1
DA:115,0
DA:116,0
DA:117,0
DA:118,0
DA:119,0
DA:120,0
DA:121,0
DA:125,1
DA:126,1
DA:127,1
DA:128,0
DA:129,0
DA:130,0
DA:132,1
DA:133,1
DA:134,1
DA:135,1
DA:136,1
DA:137,1
DA:138,1
DA:139,1
DA:142,0
DA:144,1
DA:147,2
DA:148,2
DA:149,2
DA:151,2
DA:152,2
DA:153,0
DA:155,2
DA:159,2
DA:160,2
DA:161,2
DA:162,2
DA:163,2
DA:165,2
DA:168,27
DA:169,27
DA:170,27
DA:172,27
DA:173,27
DA:175,0
DA:176,0
DA:177,0
DA:178,0
DA:179,0
DA:180,0
DA:181,0
DA:182,0
DA:183,0
DA:184,0
DA:185,0
DA:189,27
DA:190,27
DA:191,27
DA:196,0
DA:197,0
DA:198,0
DA:199,0
DA:200,0
DA:201,0
DA:204,0
DA:205,0
DA:206,0
DA:207,0
DA:208,0
DA:209,0
DA:210,0
DA:211,0
DA:212,0
DA:213,0
DA:214,0
DA:215,0
DA:220,0
DA:222,0
DA:223,0
DA:224,0
DA:225,0
DA:226,0
DA:227,0
DA:229,0
DA:231,22
DA:232,22
DA:233,22
DA:234,22
DA:235,22
DA:236,22
DA:237,22
DA:247,18
DA:248,17
DA:249,14
DA:250,14
DA:251,14
DA:252,14
DA:253,0
DA:254,0
DA:256,3
DA:257,3
DA:258,3
DA:259,3
DA:260,3
DA:262,1
DA:264,4
DA:265,4
DA:266,4
DA:267,4
DA:268,4
DA:270,22
DA:293,30
DA:294,30
DA:295,30
DA:296,30
DA:297,30
DA:298,30
DA:299,9
DA:300,21
DA:304,21
DA:305,17
DA:306,2
DA:307,2
DA:308,2
DA:309,2
DA:310,2
DA:311,2
DA:312,15
DA:313,15
DA:314,4
DA:315,4
DA:316,3
DA:317,3
DA:318,3
DA:319,1
DA:320,1
DA:321,1
DA:322,1
DA:323,1
DA:324,30
DA:326,521
DA:327,521
DA:328,521
DA:329,521
DA:330,521
DA:331,521
DA:332,521
DA:333,521
DA:336,521
DA:337,521
DA:338,521
DA:339,521
DA:340,521
DA:341,521
DA:342,521
DA:343,521
DA:346,521
DA:355,521
DA:356,521
DA:357,521
DA:358,521
DA:359,521
DA:360,521
DA:361,521
DA:364,521
DA:365,521
DA:366,521
DA:367,521
DA:368,521
DA:369,521
DA:370,521
DA:371,521
DA:374,521
DA:375,521
DA:376,521
DA:377,521
DA:378,521
DA:379,521
DA:380,521
DA:381,521
DA:384,521
DA:386,521
DA:387,521
DA:388,521
DA:389,521
DA:390,521
DA:391,521
DA:392,521
DA:395,521
DA:398,521
DA:399,521
DA:400,521
DA:401,521
DA:402,521
DA:403,521
DA:404,521
DA:414,1
DA:415,1
DA:416,1
DA:417,1
DA:418,1
DA:419,1
DA:421,1
DA:422,1
DA:423,1
DA:426,1
DA:427,1
DA:428,1
DA:429,1
DA:430,1
DA:431,1
DA:433,1
DA:434,1
DA:435,1
DA:438,1
DA:439,1
DA:440,1
DA:441,1
DA:442,1
DA:443,1
DA:444,1
DA:445,1
DA:446,1
DA:447,1
DA:449,1
DA:450,1
DA:451,1
DA:454,1
DA:455,1
DA:456,1
DA:457,1
DA:458,1
DA:459,1
DA:462,1
DA:465,1
DA:466,1
DA:467,1
DA:468,1
DA:469,1
DA:470,1
DA:471,1
DA:472,1
DA:473,1
DA:474,1
DA:476,0
DA:478,1
DA:481,1
DA:482,1
DA:483,1
DA:484,1
DA:485,1
DA:486,1
DA:488,1
DA:489,1
DA:490,1
DA:491,1
DA:494,1
DA:497,1
DA:498,1
DA:499,1
DA:500,1
DA:501,1
DA:502,1
DA:503,1
DA:504,1
DA:505,1
DA:506,1
DA:508,1
DA:509,1
DA:510,1
DA:511,1
DA:514,1
DA:518,1
DA:519,1
DA:520,1
DA:521,1
DA:522,1
DA:523,1
DA:524,1
DA:525,1
DA:526,1
DA:528,1
DA:529,1
DA:530,1
DA:534,1
DA:535,1
DA:536,1
DA:537,1
DA:538,1
DA:539,1
DA:540,1
DA:542,1
DA:543,1
DA:544,1
DA:545,1
DA:546,1
DA:547,1
DA:549,0
DA:551,1
DA:557,1
DA:558,1
DA:559,1
DA:560,1
DA:561,1
DA:562,1
DA:563,1
DA:564,1
DA:566,1
DA:567,1
DA:568,1
DA:571,0
DA:573,1
DA:578,1
DA:579,1
DA:580,1
DA:581,1
DA:582,1
DA:583,1
DA:584,1
DA:585,1
DA:587,1
DA:588,1
DA:589,1
DA:591,0
DA:593,1
DA:599,1
DA:600,1
DA:601,1
DA:602,1
DA:603,1
DA:604,1
DA:605,1
DA:606,1
DA:607,1
DA:609,1
DA:610,1
DA:611,1
DA:612,1
DA:615,1
BRF:0
BRH:0
LF:395
LH:321
end_of_record
SF:/var/home/jack/Code/koan/src/builtins/branch_walk.rs
FN:90,_RNvNtNtCsbkxZCYEF3rm_4koan8builtins11branch_walk16find_branch_body
FN:18,_RNvNtNtCsbkxZCYEF3rm_4koan8builtins11branch_walk20resolve_arm_contract
FN:53,_RNvNtNtCsbkxZCYEF3rm_4koan8builtins11branch_walk8arm_tail
FN:27,_RNCNvNtNtCsbkxZCYEF3rm_4koan8builtins11branch_walk20resolve_arm_contract0B7_
FN:64,_RNCNvNtNtCsbkxZCYEF3rm_4koan8builtins11branch_walk8arm_tail0B7_
FN:27,_RNCNvNtNtCsSCJAO8sSnz_4koan8builtins11branch_walk20resolve_arm_contract0B7_
FN:64,_RNCNvNtNtCsSCJAO8sSnz_4koan8builtins11branch_walk8arm_tail0B7_
FN:90,_RNvNtNtCsSCJAO8sSnz_4koan8builtins11branch_walk16find_branch_body
FN:18,_RNvNtNtCsSCJAO8sSnz_4koan8builtins11branch_walk20resolve_arm_contract
FN:53,_RNvNtNtCsSCJAO8sSnz_4koan8builtins11branch_walk8arm_tail
FNDA:0,_RNvNtNtCsbkxZCYEF3rm_4koan8builtins11branch_walk16find_branch_body
FNDA:0,_RNvNtNtCsbkxZCYEF3rm_4koan8builtins11branch_walk20resolve_arm_contract
FNDA:0,_RNvNtNtCsbkxZCYEF3rm_4koan8builtins11branch_walk8arm_tail
FNDA:0,_RNCNvNtNtCsbkxZCYEF3rm_4koan8builtins11branch_walk20resolve_arm_contract0B7_
FNDA:0,_RNCNvNtNtCsbkxZCYEF3rm_4koan8builtins11branch_walk8arm_tail0B7_
FNDA:0,_RNCNvNtNtCsSCJAO8sSnz_4koan8builtins11branch_walk20resolve_arm_contract0B7_
FNDA:84,_RNCNvNtNtCsSCJAO8sSnz_4koan8builtins11branch_walk8arm_tail0B7_
FNDA:91,_RNvNtNtCsSCJAO8sSnz_4koan8builtins11branch_walk16find_branch_body
FNDA:91,_RNvNtNtCsSCJAO8sSnz_4koan8builtins11branch_walk20resolve_arm_contract
FNDA:84,_RNvNtNtCsSCJAO8sSnz_4koan8builtins11branch_walk8arm_tail
FNF:5
FNH:4
DA:18,91
DA:19,91
DA:20,91
DA:21,91
DA:23,91
DA:24,0
DA:25,0
DA:26,0
DA:27,0
DA:28,0
DA:29,0
DA:30,0
DA:31,0
DA:32,0
DA:35,91
DA:37,0
DA:38,0
DA:39,0
DA:42,91
DA:43,91
DA:44,91
DA:45,91
DA:46,91
DA:47,91
DA:53,84
DA:54,84
DA:55,84
DA:56,84
DA:57,84
DA:58,84
DA:59,84
DA:63,84
DA:64,84
DA:68,84
DA:69,84
DA:70,84
DA:71,84
DA:72,84
DA:73,84
DA:74,84
DA:75,84
DA:76,84
DA:77,84
DA:78,84
DA:79,84
DA:80,84
DA:81,84
DA:82,84
DA:83,84
DA:84,84
DA:85,84
DA:90,91
DA:91,91
DA:92,91
DA:93,91
DA:94,91
DA:95,91
DA:96,91
DA:97,0
DA:98,0
DA:99,0
DA:100,0
DA:101,91
DA:102,91
DA:103,91
DA:104,133
DA:105,125
DA:106,125
DA:107,125
DA:108,125
DA:110,112
DA:113,9
DA:114,9
DA:115,6
DA:117,3
DA:121,4
DA:122,0
DA:123,0
DA:124,0
DA:125,0
DA:126,0
DA:129,125
DA:130,125
DA:131,0
DA:132,0
DA:133,0
DA:134,0
DA:135,0
DA:138,125
DA:139,123
DA:140,2
DA:141,2
DA:142,2
DA:143,2
DA:144,2
DA:147,123
DA:148,81
DA:149,42
DA:150,42
DA:151,4
DA:152,38
DA:153,42
DA:155,8
DA:156,91
BRF:0
BRH:0
LF:107
LH:79
end_of_record
SF:/var/home/jack/Code/koan/src/builtins/catch.rs
FN:91,_RNCNCNvNtNtCsbkxZCYEF3rm_4koan8builtins5catch4body00B9_
FN:110,_RNCNCNvNtNtCsbkxZCYEF3rm_4koan8builtins5catch4body0s0_0B9_
FN:105,_RNCNCNvNtNtCsbkxZCYEF3rm_4koan8builtins5catch4body0s_0B9_
FN:55,_RNCNvNtNtCsbkxZCYEF3rm_4koan8builtins5catch4body0B7_
FN:58,_RNvNCNvNtNtCsbkxZCYEF3rm_4koan8builtins5catch4body012build_result
FN:38,_RNvNtNtCsbkxZCYEF3rm_4koan8builtins5catch4body
FN:15,_RNvNtNtCsbkxZCYEF3rm_4koan8builtins5catch8register
FN:91,_RNCNCNvNtNtCsSCJAO8sSnz_4koan8builtins5catch4body00B9_
FN:110,_RNCNCNvNtNtCsSCJAO8sSnz_4koan8builtins5catch4body0s0_0B9_
FN:105,_RNCNCNvNtNtCsSCJAO8sSnz_4koan8builtins5catch4body0s_0B9_
FN:55,_RNCNvNtNtCsSCJAO8sSnz_4koan8builtins5catch4body0B7_
FN:58,_RNvNCNvNtNtCsSCJAO8sSnz_4koan8builtins5catch4body012build_result
FN:38,_RNvNtNtCsSCJAO8sSnz_4koan8builtins5catch4body
FN:15,_RNvNtNtCsSCJAO8sSnz_4koan8builtins5catch8register
FNDA:0,_RNCNCNvNtNtCsbkxZCYEF3rm_4koan8builtins5catch4body00B9_
FNDA:0,_RNCNCNvNtNtCsbkxZCYEF3rm_4koan8builtins5catch4body0s0_0B9_
FNDA:0,_RNCNCNvNtNtCsbkxZCYEF3rm_4koan8builtins5catch4body0s_0B9_
FNDA:0,_RNCNvNtNtCsbkxZCYEF3rm_4koan8builtins5catch4body0B7_
FNDA:0,_RNvNCNvNtNtCsbkxZCYEF3rm_4koan8builtins5catch4body012build_result
FNDA:0,_RNvNtNtCsbkxZCYEF3rm_4koan8builtins5catch4body
FNDA:43,_RNvNtNtCsbkxZCYEF3rm_4koan8builtins5catch8register
FNDA:3,_RNCNCNvNtNtCsSCJAO8sSnz_4koan8builtins5catch4body00B9_
FNDA:5,_RNCNCNvNtNtCsSCJAO8sSnz_4koan8builtins5catch4body0s0_0B9_
FNDA:5,_RNCNCNvNtNtCsSCJAO8sSnz_4koan8builtins5catch4body0s_0B9_
FNDA:8,_RNCNvNtNtCsSCJAO8sSnz_4koan8builtins5catch4body0B7_
FNDA:8,_RNvNCNvNtNtCsSCJAO8sSnz_4koan8builtins5catch4body012build_result
FNDA:8,_RNvNtNtCsSCJAO8sSnz_4koan8builtins5catch4body
FNDA:478,_RNvNtNtCsSCJAO8sSnz_4koan8builtins5catch8register
FNF:7
FNH:7
DA:15,521
DA:21,521
DA:22,521
DA:23,0
DA:25,521
DA:26,521
DA:27,521
DA:28,521
DA:29,521
DA:30,521
DA:31,521
DA:33,521
DA:34,521
DA:38,8
DA:39,8
DA:40,8
DA:48,8
DA:51,8
DA:52,8
DA:53,0
DA:55,8
DA:58,8
DA:59,8
DA:60,8
DA:61,0
DA:63,8
DA:64,8
DA:65,8
DA:66,8
DA:67,8
DA:68,8
DA:69,8
DA:70,8
DA:74,8
DA:75,8
DA:76,8
DA:77,8
DA:78,8
DA:79,8
DA:80,8
DA:81,8
DA:82,8
DA:84,8
DA:87,3
DA:88,3
DA:89,3
DA:90,3
DA:91,3
DA:92,3
DA:93,3
DA:94,3
DA:95,3
DA:96,3
DA:97,3
DA:99,3
DA:102,5
DA:103,5
DA:104,5
DA:105,5
DA:107,5
DA:108,5
DA:109,5
DA:110,5
DA:111,5
DA:112,5
DA:113,5
DA:114,5
DA:115,5
DA:116,5
DA:118,5
DA:121,8
DA:122,8
DA:123,8
DA:124,8
DA:125,8
DA:126,8
DA:127,8
DA:128,8
DA:129,8
DA:130,8
BRF:0
BRH:0
LF:81
LH:78
end_of_record
SF:/var/home/jack/Code/koan/src/builtins/eval.rs
FN:34,_RNCNvNtNtCsbkxZCYEF3rm_4koan8builtins4eval4body0B7_
FN:15,_RNvNtNtCsbkxZCYEF3rm_4koan8builtins4eval4body
FN:44,_RNvNtNtCsbkxZCYEF3rm_4koan8builtins4eval8register
FN:15,_RNvNtNtCsSCJAO8sSnz_4koan8builtins4eval4body
FN:44,_RNvNtNtCsSCJAO8sSnz_4koan8builtins4eval8register
FN:57,_RNvNtNtNtCsSCJAO8sSnz_4koan8builtins4eval5tests11run_program
FN:114,_RNvNtNtNtCsSCJAO8sSnz_4koan8builtins4eval5testss_21recursive_eval_no_uaf
FN:66,_RNvNtNtNtCsSCJAO8sSnz_4koan8builtins4eval5testss_22eval_of_quoted_literal
FN:100,_RNvNtNtNtCsSCJAO8sSnz_4koan8builtins4eval5testss_34multiline_sigil_collapse_roundtrip
FN:106,_RNvNtNtNtCsSCJAO8sSnz_4koan8builtins4eval5testss_35eval_returns_inner_expression_value
FN:94,_RNvNtNtNtCsSCJAO8sSnz_4koan8builtins4eval5testss_37eval_runs_side_effects_in_quoted_body
FN:72,_RNvNtNtNtCsSCJAO8sSnz_4koan8builtins4eval5testss_38eval_of_function_returning_kexpression
FN:81,_RNvNtNtNtCsSCJAO8sSnz_4koan8builtins4eval5testss_49eval_of_non_kexpression_errors_with_type_mismatch
FN:34,_RNCNvNtNtCsSCJAO8sSnz_4koan8builtins4eval4body0B7_
FNDA:0,_RNCNvNtNtCsbkxZCYEF3rm_4koan8builtins4eval4body0B7_
FNDA:0,_RNvNtNtCsbkxZCYEF3rm_4koan8builtins4eval4body
FNDA:43,_RNvNtNtCsbkxZCYEF3rm_4koan8builtins4eval8register
FNDA:9,_RNvNtNtCsSCJAO8sSnz_4koan8builtins4eval4body
FNDA:478,_RNvNtNtCsSCJAO8sSnz_4koan8builtins4eval8register
FNDA:6,_RNvNtNtNtCsSCJAO8sSnz_4koan8builtins4eval5tests11run_program
FNDA:1,_RNvNtNtNtCsSCJAO8sSnz_4koan8builtins4eval5testss_21recursive_eval_no_uaf
FNDA:1,_RNvNtNtNtCsSCJAO8sSnz_4koan8builtins4eval5testss_22eval_of_quoted_literal
FNDA:1,_RNvNtNtNtCsSCJAO8sSnz_4koan8builtins4eval5testss_34multiline_sigil_collapse_roundtrip
FNDA:1,_RNvNtNtNtCsSCJAO8sSnz_4koan8builtins4eval5testss_35eval_returns_inner_expression_value
FNDA:1,_RNvNtNtNtCsSCJAO8sSnz_4koan8builtins4eval5testss_37eval_runs_side_effects_in_quoted_body
FNDA:1,_RNvNtNtNtCsSCJAO8sSnz_4koan8builtins4eval5testss_38eval_of_function_returning_kexpression
FNDA:1,_RNvNtNtNtCsSCJAO8sSnz_4koan8builtins4eval5testss_49eval_of_non_kexpression_errors_with_type_mismatch
FNDA:8,_RNCNvNtNtCsSCJAO8sSnz_4koan8builtins4eval4body0B7_
FNF:11
FNH:11
DA:15,9
DA:16,9
DA:17,9
DA:21,9
DA:22,8
DA:23,1
DA:24,1
DA:25,1
DA:26,1
DA:27,1
DA:28,1
DA:30,0
DA:34,8
DA:35,8
DA:36,8
DA:37,8
DA:38,8
DA:39,8
DA:40,8
DA:41,8
DA:42,9
DA:44,521
DA:45,521
DA:46,521
DA:47,521
DA:57,6
DA:58,6
DA:59,6
DA:60,6
DA:61,6
DA:62,6
DA:63,6
DA:66,1
DA:67,1
DA:68,1
DA:69,1
DA:72,1
DA:73,1
DA:74,1
DA:75,1
DA:77,1
DA:78,1
DA:81,1
DA:82,1
DA:83,1
DA:84,1
DA:85,1
DA:86,1
DA:87,1
DA:88,1
DA:91,1
DA:94,1
DA:95,1
DA:96,1
DA:97,1
DA:100,1
DA:101,1
DA:102,1
DA:103,1
DA:106,1
DA:109,1
DA:110,1
DA:111,1
DA:114,1
DA:118,1
DA:119,1
DA:120,1
DA:121,1
DA:122,1
DA:123,1
DA:124,1
DA:126,1
DA:127,1
BRF:0
BRH:0
LF:74
LH:73
end_of_record
SF:/var/home/jack/Code/koan/src/builtins/fn_def.rs
FN:62,_RNvNtNtCsbkxZCYEF3rm_4koan8builtins6fn_def13build_fn_like
FN:142,_RNvNtNtCsbkxZCYEF3rm_4koan8builtins6fn_def18body_record_schema
FN:23,_RNvNtNtCsbkxZCYEF3rm_4koan8builtins6fn_def19collect_param_types
FN:127,_RNvNtNtCsbkxZCYEF3rm_4koan8builtins6fn_def4body
FN:205,_RNvNtNtCsbkxZCYEF3rm_4koan8builtins6fn_def8register
FN:165,_RNCNvNtNtCsbkxZCYEF3rm_4koan8builtins6fn_def18body_record_schema0B7_
FN:228,_RNCNvNtNtCsbkxZCYEF3rm_4koan8builtins6fn_def8register0B7_
FN:262,_RNCNvNtNtCsbkxZCYEF3rm_4koan8builtins6fn_def8registers0_0B7_
FN:245,_RNCNvNtNtCsbkxZCYEF3rm_4koan8builtins6fn_def8registers_0B7_
FN:165,_RNCNvNtNtCsSCJAO8sSnz_4koan8builtins6fn_def18body_record_schema0B7_
FN:228,_RNCNvNtNtCsSCJAO8sSnz_4koan8builtins6fn_def8register0B7_
FN:262,_RNCNvNtNtCsSCJAO8sSnz_4koan8builtins6fn_def8registers0_0B7_
FN:245,_RNCNvNtNtCsSCJAO8sSnz_4koan8builtins6fn_def8registers_0B7_
FN:62,_RNvNtNtCsSCJAO8sSnz_4koan8builtins6fn_def13build_fn_like
FN:142,_RNvNtNtCsSCJAO8sSnz_4koan8builtins6fn_def18body_record_schema
FN:23,_RNvNtNtCsSCJAO8sSnz_4koan8builtins6fn_def19collect_param_types
FN:127,_RNvNtNtCsSCJAO8sSnz_4koan8builtins6fn_def4body
FN:205,_RNvNtNtCsSCJAO8sSnz_4koan8builtins6fn_def8register
FNDA:18,_RNvNtNtCsbkxZCYEF3rm_4koan8builtins6fn_def13build_fn_like
FNDA:0,_RNvNtNtCsbkxZCYEF3rm_4koan8builtins6fn_def18body_record_schema
FNDA:7,_RNvNtNtCsbkxZCYEF3rm_4koan8builtins6fn_def19collect_param_types
FNDA:11,_RNvNtNtCsbkxZCYEF3rm_4koan8builtins6fn_def4body
FNDA:43,_RNvNtNtCsbkxZCYEF3rm_4koan8builtins6fn_def8register
FNDA:0,_RNCNvNtNtCsbkxZCYEF3rm_4koan8builtins6fn_def18body_record_schema0B7_
FNDA:43,_RNCNvNtNtCsbkxZCYEF3rm_4koan8builtins6fn_def8register0B7_
FNDA:43,_RNCNvNtNtCsbkxZCYEF3rm_4koan8builtins6fn_def8registers0_0B7_
FNDA:43,_RNCNvNtNtCsbkxZCYEF3rm_4koan8builtins6fn_def8registers_0B7_
FNDA:7,_RNCNvNtNtCsSCJAO8sSnz_4koan8builtins6fn_def18body_record_schema0B7_
FNDA:478,_RNCNvNtNtCsSCJAO8sSnz_4koan8builtins6fn_def8register0B7_
FNDA:478,_RNCNvNtNtCsSCJAO8sSnz_4koan8builtins6fn_def8registers0_0B7_
FNDA:478,_RNCNvNtNtCsSCJAO8sSnz_4koan8builtins6fn_def8registers_0B7_
FNDA:259,_RNvNtNtCsSCJAO8sSnz_4koan8builtins6fn_def13build_fn_like
FNDA:8,_RNvNtNtCsSCJAO8sSnz_4koan8builtins6fn_def18body_record_schema
FNDA:18,_RNvNtNtCsSCJAO8sSnz_4koan8builtins6fn_def19collect_param_types
FNDA:241,_RNvNtNtCsSCJAO8sSnz_4koan8builtins6fn_def4body
FNDA:478,_RNvNtNtCsSCJAO8sSnz_4koan8builtins6fn_def8register
FNF:9
FNH:9
DA:23,25
DA:24,25
DA:25,25
DA:26,25
DA:28,25
DA:29,25
DA:30,25
DA:31,25
DA:32,75
DA:33,50
DA:34,7
DA:35,18
DA:36,25
DA:38,50
DA:39,25
DA:40,25
DA:41,25
DA:42,25
DA:43,25
DA:44,0
DA:45,0
DA:46,25
DA:47,25
DA:48,25
DA:49,25
DA:51,25
DA:52,25
DA:62,277
DA:63,277
DA:64,277
DA:65,277
DA:66,277
DA:71,277
DA:72,277
DA:73,277
DA:74,277
DA:75,277
DA:76,25
DA:77,252
DA:79,277
DA:80,277
DA:81,277
DA:82,277
DA:83,277
DA:84,277
DA:85,277
DA:86,277
DA:87,274
DA:88,2
DA:89,272
DA:90,272
DA:91,204
DA:92,4
DA:93,4
DA:96,64
DA:97,64
DA:98,64
DA:99,64
DA:100,64
DA:101,64
DA:103,268
DA:104,268
DA:106,181
DA:107,181
DA:108,181
DA:109,181
DA:110,181
DA:111,181
DA:112,181
DA:113,181
DA:114,181
DA:116,87
DA:118,277
DA:127,252
DA:128,252
DA:129,252
DA:130,252
DA:131,252
DA:142,8
DA:143,8
DA:144,8
DA:149,8
DA:150,7
DA:151,1
DA:152,1
DA:153,1
DA:154,1
DA:155,1
DA:158,0
DA:159,0
DA:160,0
DA:163,7
DA:164,7
DA:165,7
DA:166,7
DA:167,7
DA:168,7
DA:169,7
DA:170,7
DA:171,7
DA:172,7
DA:173,7
DA:174,7
DA:175,7
DA:176,7
DA:177,7
DA:178,7
DA:179,7
DA:180,7
DA:181,7
DA:182,7
DA:183,7
DA:184,7
DA:185,7
DA:186,7
DA:187,7
DA:188,7
DA:189,7
DA:190,7
DA:192,0
DA:193,0
DA:194,0
DA:195,0
DA:196,0
DA:197,0
DA:198,0
DA:199,0
DA:203,8
DA:205,521
DA:228,521
DA:229,521
DA:230,521
DA:231,521
DA:232,521
DA:233,521
DA:234,521
DA:235,521
DA:236,521
DA:237,521
DA:240,521
DA:245,521
DA:246,521
DA:247,521
DA:248,521
DA:249,521
DA:250,521
DA:251,521
DA:252,521
DA:253,521
DA:254,521
DA:257,521
DA:262,521
DA:263,521
DA:264,521
DA:265,521
DA:266,521
DA:267,521
DA:268,521
DA:269,521
DA:270,521
DA:271,521
DA:274,521
DA:276,521
DA:277,521
DA:278,521
DA:279,521
DA:280,521
DA:281,521
DA:282,521
DA:285,521
DA:286,521
DA:287,521
DA:288,521
DA:289,521
DA:290,521
DA:291,521
DA:294,521
DA:295,521
DA:296,521
DA:297,521
DA:298,521
DA:299,521
DA:300,521
DA:303,521
BRF:0
BRH:0
LF:188
LH:175
end_of_record
SF:/var/home/jack/Code/koan/src/builtins/fn_def/finalize.rs
FN:200,_RNvNtNtNtCsbkxZCYEF3rm_4koan8builtins6fn_def8finalize21finalize_fn_with_kind
FN:301,_RNvNtNtNtCsbkxZCYEF3rm_4koan8builtins6fn_def8finalize5defer
FN:91,_RNvNtNtNtCsbkxZCYEF3rm_4koan8builtins6fn_def8finalize8classify
FN:279,_RNvNtNtNtCsbkxZCYEF3rm_4koan8builtins6fn_def8finalize9fn_action
FN:227,_RNCNvNtNtNtCsbkxZCYEF3rm_4koan8builtins6fn_def8finalize21finalize_fn_with_kind0B9_
FN:273,_RNCNvNtNtNtCsbkxZCYEF3rm_4koan8builtins6fn_def8finalize21finalize_fn_with_kinds_0B9_
FN:335,_RNCNvNtNtNtCsbkxZCYEF3rm_4koan8builtins6fn_def8finalize5defer0B9_
FN:200,_RNvNtNtNtCsSCJAO8sSnz_4koan8builtins6fn_def8finalize21finalize_fn_with_kind
FN:301,_RNvNtNtNtCsSCJAO8sSnz_4koan8builtins6fn_def8finalize5defer
FN:91,_RNvNtNtNtCsSCJAO8sSnz_4koan8builtins6fn_def8finalize8classify
FN:279,_RNvNtNtNtCsSCJAO8sSnz_4koan8builtins6fn_def8finalize9fn_action
FN:227,_RNCNvNtNtNtCsSCJAO8sSnz_4koan8builtins6fn_def8finalize21finalize_fn_with_kind0B9_
FN:273,_RNCNvNtNtNtCsSCJAO8sSnz_4koan8builtins6fn_def8finalize21finalize_fn_with_kinds_0B9_
FN:335,_RNCNvNtNtNtCsSCJAO8sSnz_4koan8builtins6fn_def8finalize5defer0B9_
FNDA:18,_RNvNtNtNtCsbkxZCYEF3rm_4koan8builtins6fn_def8finalize21finalize_fn_with_kind
FNDA:1,_RNvNtNtNtCsbkxZCYEF3rm_4koan8builtins6fn_def8finalize5defer
FNDA:18,_RNvNtNtNtCsbkxZCYEF3rm_4koan8builtins6fn_def8finalize8classify
FNDA:18,_RNvNtNtNtCsbkxZCYEF3rm_4koan8builtins6fn_def8finalize9fn_action
FNDA:18,_RNCNvNtNtNtCsbkxZCYEF3rm_4koan8builtins6fn_def8finalize21finalize_fn_with_kind0B9_
FNDA:16,_RNCNvNtNtNtCsbkxZCYEF3rm_4koan8builtins6fn_def8finalize21finalize_fn_with_kinds_0B9_
FNDA:1,_RNCNvNtNtNtCsbkxZCYEF3rm_4koan8builtins6fn_def8finalize5defer0B9_
FNDA:255,_RNvNtNtNtCsSCJAO8sSnz_4koan8builtins6fn_def8finalize21finalize_fn_with_kind
FNDA:86,_RNvNtNtNtCsSCJAO8sSnz_4koan8builtins6fn_def8finalize5defer
FNDA:257,_RNvNtNtNtCsSCJAO8sSnz_4koan8builtins6fn_def8finalize8classify
FNDA:255,_RNvNtNtNtCsSCJAO8sSnz_4koan8builtins6fn_def8finalize9fn_action
FNDA:260,_RNCNvNtNtNtCsSCJAO8sSnz_4koan8builtins6fn_def8finalize21finalize_fn_with_kind0B9_
FNDA:253,_RNCNvNtNtNtCsSCJAO8sSnz_4koan8builtins6fn_def8finalize21finalize_fn_with_kinds_0B9_
FNDA:86,_RNCNvNtNtNtCsSCJAO8sSnz_4koan8builtins6fn_def8finalize5defer0B9_
FNF:7
FNH:7
DA:91,275
DA:92,275
DA:93,170
DA:94,170
DA:95,170
DA:96,170
DA:97,18
DA:98,18
DA:99,18
DA:100,18
DA:101,23
DA:103,23
DA:104,23
DA:105,23
DA:106,23
DA:107,23
DA:108,23
DA:109,23
DA:112,61
DA:114,61
DA:115,61
DA:117,61
DA:118,61
DA:119,61
DA:120,61
DA:121,61
DA:122,61
DA:123,61
DA:125,0
DA:127,0
DA:128,0
DA:130,0
DA:131,0
DA:132,0
DA:133,0
DA:134,0
DA:135,0
DA:136,0
DA:137,0
DA:138,0
DA:140,3
DA:142,3
DA:143,3
DA:148,3
DA:149,3
DA:150,3
DA:151,3
DA:152,3
DA:153,3
DA:154,3
DA:155,3
DA:157,0
DA:160,0
DA:161,0
DA:162,0
DA:163,0
DA:164,0
DA:165,0
DA:166,0
DA:170,0
DA:171,0
DA:174,0
DA:175,0
DA:178,0
DA:179,0
DA:180,0
DA:181,0
DA:182,0
DA:183,0
DA:184,0
DA:185,0
DA:188,275
DA:200,273
DA:201,273
DA:202,273
DA:203,273
DA:204,273
DA:205,273
DA:206,273
DA:207,273
DA:208,273
DA:211,273
DA:212,23
DA:213,21
DA:214,1
DA:215,1
DA:216,1
DA:217,1
DA:218,1
DA:219,20
DA:220,2
DA:221,250
DA:227,278
DA:228,264
DA:229,14
DA:230,278
DA:232,272
DA:233,272
DA:234,272
DA:235,272
DA:237,272
DA:238,272
DA:239,272
DA:240,272
DA:241,272
DA:242,272
DA:243,272
DA:244,272
DA:245,272
DA:248,272
DA:252,272
DA:253,265
DA:254,264
DA:256,1
DA:257,1
DA:258,1
DA:259,1
DA:262,264
DA:263,7
DA:270,269
DA:271,269
DA:272,269
DA:273,269
DA:275,273
DA:279,273
DA:280,273
DA:281,273
DA:282,273
DA:283,269
DA:284,4
DA:286,273
DA:301,87
DA:302,87
DA:303,87
DA:304,87
DA:305,87
DA:306,87
DA:307,87
DA:310,87
DA:311,87
DA:312,87
DA:313,87
DA:314,87
DA:315,87
DA:316,87
DA:317,87
DA:318,87
DA:319,87
DA:320,26
DA:321,26
DA:322,26
DA:323,26
DA:324,26
DA:325,61
DA:326,87
DA:327,87
DA:328,63
DA:329,63
DA:330,63
DA:331,63
DA:332,63
DA:333,63
DA:334,63
DA:335,87
DA:336,87
DA:337,87
DA:338,63
DA:339,63
DA:340,1
DA:341,1
DA:342,1
DA:343,1
DA:344,1
DA:345,62
DA:346,62
DA:348,86
DA:349,85
DA:350,86
DA:351,85
DA:352,0
DA:354,85
DA:355,85
DA:356,85
DA:357,0
DA:358,0
DA:361,0
DA:362,0
DA:363,0
DA:364,0
DA:369,85
DA:370,85
DA:371,85
DA:372,85
DA:373,85
DA:374,85
DA:375,85
DA:377,87
DA:378,87
DA:379,87
BRF:0
BRH:0
LF:201
LH:162
end_of_record
SF:/var/home/jack/Code/koan/src/builtins/fn_def/param_refs.rs
FN:21,_RNvNtNtNtCsbkxZCYEF3rm_4koan8builtins6fn_def10param_refs19part_references_any
FN:11,_RNvNtNtNtCsbkxZCYEF3rm_4koan8builtins6fn_def10param_refs24type_expr_references_any
FN:15,_RNvNtNtNtCsbkxZCYEF3rm_4koan8builtins6fn_def10param_refs26kexpression_references_any
FN:23,_RNCNvNtNtNtCsbkxZCYEF3rm_4koan8builtins6fn_def10param_refs19part_references_any0B9_
FN:32,_RNCNvNtNtNtCsbkxZCYEF3rm_4koan8builtins6fn_def10param_refs19part_references_anys0_0B9_
FN:39,_RNCNvNtNtNtCsbkxZCYEF3rm_4koan8builtins6fn_def10param_refs19part_references_anys1_0B9_
FN:30,_RNCNvNtNtNtCsbkxZCYEF3rm_4koan8builtins6fn_def10param_refs19part_references_anys_0B9_
FN:12,_RNCNvNtNtNtCsbkxZCYEF3rm_4koan8builtins6fn_def10param_refs24type_expr_references_any0B9_
FN:18,_RNCNvNtNtNtCsbkxZCYEF3rm_4koan8builtins6fn_def10param_refs26kexpression_references_any0B9_
FN:21,_RNvNtNtNtCsSCJAO8sSnz_4koan8builtins6fn_def10param_refs19part_references_any
FN:11,_RNvNtNtNtCsSCJAO8sSnz_4koan8builtins6fn_def10param_refs24type_expr_references_any
FN:15,_RNvNtNtNtCsSCJAO8sSnz_4koan8builtins6fn_def10param_refs26kexpression_references_any
FN:23,_RNCNvNtNtNtCsSCJAO8sSnz_4koan8builtins6fn_def10param_refs19part_references_any0B9_
FN:32,_RNCNvNtNtNtCsSCJAO8sSnz_4koan8builtins6fn_def10param_refs19part_references_anys0_0B9_
FN:39,_RNCNvNtNtNtCsSCJAO8sSnz_4koan8builtins6fn_def10param_refs19part_references_anys1_0B9_
FN:30,_RNCNvNtNtNtCsSCJAO8sSnz_4koan8builtins6fn_def10param_refs19part_references_anys_0B9_
FN:12,_RNCNvNtNtNtCsSCJAO8sSnz_4koan8builtins6fn_def10param_refs24type_expr_references_any0B9_
FN:18,_RNCNvNtNtNtCsSCJAO8sSnz_4koan8builtins6fn_def10param_refs26kexpression_references_any0B9_
FNDA:6,_RNvNtNtNtCsbkxZCYEF3rm_4koan8builtins6fn_def10param_refs19part_references_any
FNDA:4,_RNvNtNtNtCsbkxZCYEF3rm_4koan8builtins6fn_def10param_refs24type_expr_references_any
FNDA:2,_RNvNtNtNtCsbkxZCYEF3rm_4koan8builtins6fn_def10param_refs26kexpression_references_any
FNDA:0,_RNCNvNtNtNtCsbkxZCYEF3rm_4koan8builtins6fn_def10param_refs19part_references_any0B9_
FNDA:0,_RNCNvNtNtNtCsbkxZCYEF3rm_4koan8builtins6fn_def10param_refs19part_references_anys0_0B9_
FNDA:0,_RNCNvNtNtNtCsbkxZCYEF3rm_4koan8builtins6fn_def10param_refs19part_references_anys1_0B9_
FNDA:0,_RNCNvNtNtNtCsbkxZCYEF3rm_4koan8builtins6fn_def10param_refs19part_references_anys_0B9_
FNDA:4,_RNCNvNtNtNtCsbkxZCYEF3rm_4koan8builtins6fn_def10param_refs24type_expr_references_any0B9_
FNDA:6,_RNCNvNtNtNtCsbkxZCYEF3rm_4koan8builtins6fn_def10param_refs26kexpression_references_any0B9_
FNDA:130,_RNvNtNtNtCsSCJAO8sSnz_4koan8builtins6fn_def10param_refs19part_references_any
FNDA:62,_RNvNtNtNtCsSCJAO8sSnz_4koan8builtins6fn_def10param_refs24type_expr_references_any
FNDA:47,_RNvNtNtNtCsSCJAO8sSnz_4koan8builtins6fn_def10param_refs26kexpression_references_any
FNDA:8,_RNCNvNtNtNtCsSCJAO8sSnz_4koan8builtins6fn_def10param_refs19part_references_any0B9_
FNDA:1,_RNCNvNtNtNtCsSCJAO8sSnz_4koan8builtins6fn_def10param_refs19part_references_anys0_0B9_
FNDA:5,_RNCNvNtNtNtCsSCJAO8sSnz_4koan8builtins6fn_def10param_refs19part_references_anys1_0B9_
FNDA:1,_RNCNvNtNtNtCsSCJAO8sSnz_4koan8builtins6fn_def10param_refs19part_references_anys_0B9_
FNDA:46,_RNCNvNtNtNtCsSCJAO8sSnz_4koan8builtins6fn_def10param_refs24type_expr_references_any0B9_
FNDA:122,_RNCNvNtNtNtCsSCJAO8sSnz_4koan8builtins6fn_def10param_refs26kexpression_references_any0B9_
FNF:9
FNH:9
DA:11,66
DA:12,66
DA:13,66
DA:15,49
DA:16,49
DA:17,49
DA:18,128
DA:19,49
DA:21,136
DA:22,136
DA:23,10
DA:24,51
DA:25,9
DA:26,1
DA:28,0
DA:29,1
DA:30,1
DA:32,1
DA:33,1
DA:34,1
DA:37,4
DA:38,4
DA:39,5
DA:40,59
DA:42,136
BRF:0
BRH:0
LF:31
LH:30
end_of_record
SF:/var/home/jack/Code/koan/src/builtins/fn_def/return_type.rs
FN:201,_RNCNvNtNtNtCsbkxZCYEF3rm_4koan8builtins6fn_def11return_type31verdict_for_deferred_expression0B9_
FN:225,_RNvNtNtNtCsbkxZCYEF3rm_4koan8builtins6fn_def11return_type12make_capture
FN:93,_RNvNtNtNtCsbkxZCYEF3rm_4koan8builtins6fn_def11return_type20classify_return_type
FN:159,_RNvNtNtNtCsbkxZCYEF3rm_4koan8builtins6fn_def11return_type20verdict_for_resolved
FN:56,_RNvNtNtNtCsbkxZCYEF3rm_4koan8builtins6fn_def11return_type23extract_return_type_raw
FN:232,_RNvNtNtNtCsbkxZCYEF3rm_4koan8builtins6fn_def11return_type25resolve_capture_at_finish
FN:174,_RNvNtNtNtCsbkxZCYEF3rm_4koan8builtins6fn_def11return_type30verdict_for_deferred_type_expr
FN:200,_RNvNtNtNtCsbkxZCYEF3rm_4koan8builtins6fn_def11return_type31verdict_for_deferred_expression
FN:225,_RNvNtNtNtCsSCJAO8sSnz_4koan8builtins6fn_def11return_type12make_capture
FN:93,_RNvNtNtNtCsSCJAO8sSnz_4koan8builtins6fn_def11return_type20classify_return_type
FN:159,_RNvNtNtNtCsSCJAO8sSnz_4koan8builtins6fn_def11return_type20verdict_for_resolved
FN:56,_RNvNtNtNtCsSCJAO8sSnz_4koan8builtins6fn_def11return_type23extract_return_type_raw
FN:232,_RNvNtNtNtCsSCJAO8sSnz_4koan8builtins6fn_def11return_type25resolve_capture_at_finish
FN:174,_RNvNtNtNtCsSCJAO8sSnz_4koan8builtins6fn_def11return_type30verdict_for_deferred_type_expr
FN:200,_RNvNtNtNtCsSCJAO8sSnz_4koan8builtins6fn_def11return_type31verdict_for_deferred_expression
FN:201,_RNCNvNtNtNtCsSCJAO8sSnz_4koan8builtins6fn_def11return_type31verdict_for_deferred_expression0B9_
FNDA:0,_RNCNvNtNtNtCsbkxZCYEF3rm_4koan8builtins6fn_def11return_type31verdict_for_deferred_expression0B9_
FNDA:0,_RNvNtNtNtCsbkxZCYEF3rm_4koan8builtins6fn_def11return_type12make_capture
FNDA:18,_RNvNtNtNtCsbkxZCYEF3rm_4koan8builtins6fn_def11return_type20classify_return_type
FNDA:17,_RNvNtNtNtCsbkxZCYEF3rm_4koan8builtins6fn_def11return_type20verdict_for_resolved
FNDA:18,_RNvNtNtNtCsbkxZCYEF3rm_4koan8builtins6fn_def11return_type23extract_return_type_raw
FNDA:1,_RNvNtNtNtCsbkxZCYEF3rm_4koan8builtins6fn_def11return_type25resolve_capture_at_finish
FNDA:0,_RNvNtNtNtCsbkxZCYEF3rm_4koan8builtins6fn_def11return_type30verdict_for_deferred_type_expr
FNDA:0,_RNvNtNtNtCsbkxZCYEF3rm_4koan8builtins6fn_def11return_type31verdict_for_deferred_expression
FNDA:0,_RNvNtNtNtCsSCJAO8sSnz_4koan8builtins6fn_def11return_type12make_capture
FNDA:266,_RNvNtNtNtCsSCJAO8sSnz_4koan8builtins6fn_def11return_type20classify_return_type
FNDA:219,_RNvNtNtNtCsSCJAO8sSnz_4koan8builtins6fn_def11return_type20verdict_for_resolved
FNDA:266,_RNvNtNtNtCsSCJAO8sSnz_4koan8builtins6fn_def11return_type23extract_return_type_raw
FNDA:85,_RNvNtNtNtCsSCJAO8sSnz_4koan8builtins6fn_def11return_type25resolve_capture_at_finish
FNDA:2,_RNvNtNtNtCsSCJAO8sSnz_4koan8builtins6fn_def11return_type30verdict_for_deferred_type_expr
FNDA:1,_RNvNtNtNtCsSCJAO8sSnz_4koan8builtins6fn_def11return_type31verdict_for_deferred_expression
FNDA:1,_RNCNvNtNtNtCsSCJAO8sSnz_4koan8builtins6fn_def11return_type31verdict_for_deferred_expression0B9_
FNF:8
FNH:7
DA:56,284
DA:58,284
DA:59,245
DA:60,15
DA:61,230
DA:63,39
DA:64,39
DA:66,0
DA:67,0
DA:68,0
DA:69,0
DA:71,284
DA:93,284
DA:94,284
DA:95,284
DA:96,284
DA:97,284
DA:98,284
DA:99,284
DA:100,284
DA:101,230
DA:102,230
DA:103,230
DA:105,15
DA:106,15
DA:107,6
DA:108,2
DA:109,4
DA:111,6
DA:112,9
DA:113,9
DA:116,9
DA:117,6
DA:118,0
DA:119,0
DA:121,3
DA:122,0
DA:124,3
DA:125,3
DA:126,3
DA:130,6
DA:131,6
DA:132,6
DA:134,0
DA:136,6
DA:138,39
DA:139,39
DA:140,13
DA:141,1
DA:142,12
DA:144,13
DA:145,13
DA:146,13
DA:147,13
DA:149,26
DA:150,26
DA:151,26
DA:152,26
DA:156,284
DA:159,236
DA:160,236
DA:161,235
DA:163,1
DA:164,1
DA:165,1
DA:166,1
DA:168,236
DA:174,2
DA:175,2
DA:176,2
DA:177,2
DA:180,2
DA:181,2
DA:182,2
DA:184,0
DA:185,0
DA:186,0
DA:187,0
DA:188,0
DA:189,0
DA:192,0
DA:194,2
DA:200,1
DA:201,1
DA:202,1
DA:203,0
DA:204,1
DA:205,1
DA:206,1
DA:207,1
DA:208,1
DA:209,1
DA:210,1
DA:211,1
DA:212,1
DA:213,0
DA:214,0
DA:215,0
DA:216,0
DA:217,0
DA:218,0
DA:219,0
DA:220,0
DA:221,0
DA:223,1
DA:225,0
DA:226,0
DA:227,0
DA:232,86
DA:233,86
DA:234,86
DA:235,86
DA:236,86
DA:237,86
DA:238,60
DA:239,0
DA:240,0
DA:241,0
DA:242,0
DA:243,0
DA:244,0
DA:245,0
DA:246,0
DA:247,0
DA:248,0
DA:249,0
DA:250,0
DA:254,0
DA:255,26
DA:256,25
DA:257,1
DA:258,1
DA:259,1
DA:260,1
DA:261,1
DA:264,86
BRF:0
BRH:0
LF:137
LH:96
end_of_record
SF:/var/home/jack/Code/koan/src/builtins/fn_def/signature.rs
FN:201,_RNCNvNtNtNtCsbkxZCYEF3rm_4koan8builtins6fn_def9signature13binder_bucket0B9_
FN:219,_RNCNvNtNtNtCsbkxZCYEF3rm_4koan8builtins6fn_def9signature13binder_buckets_0B9_
FN:186,_RNvNtNtNtCsbkxZCYEF3rm_4koan8builtins6fn_def9signature13binder_bucket
FN:62,_RNvNtNtNtCsbkxZCYEF3rm_4koan8builtins6fn_def9signature19parse_fn_param_list
FN:244,_RNvNtNtNtCsbkxZCYEF3rm_4koan8builtins6fn_def9signature19signature_expr_part
FN:12,_RNvNtNtNtCsbkxZCYEF3rm_4koan8builtins6fn_def9signature34collect_param_names_from_signature
FN:201,_RNCNvNtNtNtCsSCJAO8sSnz_4koan8builtins6fn_def9signature13binder_bucket0B9_
FN:219,_RNCNvNtNtNtCsSCJAO8sSnz_4koan8builtins6fn_def9signature13binder_buckets_0B9_
FN:186,_RNvNtNtNtCsSCJAO8sSnz_4koan8builtins6fn_def9signature13binder_bucket
FN:62,_RNvNtNtNtCsSCJAO8sSnz_4koan8builtins6fn_def9signature19parse_fn_param_list
FN:244,_RNvNtNtNtCsSCJAO8sSnz_4koan8builtins6fn_def9signature19signature_expr_part
FN:12,_RNvNtNtNtCsSCJAO8sSnz_4koan8builtins6fn_def9signature34collect_param_names_from_signature
FNDA:30,_RNCNvNtNtNtCsbkxZCYEF3rm_4koan8builtins6fn_def9signature13binder_bucket0B9_
FNDA:10,_RNCNvNtNtNtCsbkxZCYEF3rm_4koan8builtins6fn_def9signature13binder_buckets_0B9_
FNDA:36,_RNvNtNtNtCsbkxZCYEF3rm_4koan8builtins6fn_def9signature13binder_bucket
FNDA:19,_RNvNtNtNtCsbkxZCYEF3rm_4koan8builtins6fn_def9signature19parse_fn_param_list
FNDA:36,_RNvNtNtNtCsbkxZCYEF3rm_4koan8builtins6fn_def9signature19signature_expr_part
FNDA:18,_RNvNtNtNtCsbkxZCYEF3rm_4koan8builtins6fn_def9signature34collect_param_names_from_signature
FNDA:347,_RNCNvNtNtNtCsSCJAO8sSnz_4koan8builtins6fn_def9signature13binder_bucket0B9_
FNDA:62,_RNCNvNtNtNtCsSCJAO8sSnz_4koan8builtins6fn_def9signature13binder_buckets_0B9_
FNDA:529,_RNvNtNtNtCsSCJAO8sSnz_4koan8builtins6fn_def9signature13binder_bucket
FNDA:338,_RNvNtNtNtCsSCJAO8sSnz_4koan8builtins6fn_def9signature19parse_fn_param_list
FNDA:529,_RNvNtNtNtCsSCJAO8sSnz_4koan8builtins6fn_def9signature19signature_expr_part
FNDA:259,_RNvNtNtNtCsSCJAO8sSnz_4koan8builtins6fn_def9signature34collect_param_names_from_signature
FNF:6
FNH:6
DA:12,277
DA:13,277
DA:14,277
DA:15,277
DA:16,785
DA:17,508
DA:18,193
DA:19,36
DA:20,279
DA:22,508
DA:23,229
DA:24,229
DA:25,227
DA:32,229
DA:33,227
DA:34,227
DA:35,227
DA:36,2
DA:37,279
DA:38,281
DA:40,277
DA:41,277
DA:62,357
DA:63,357
DA:64,357
DA:65,357
DA:66,357
DA:67,357
DA:68,357
DA:69,357
DA:70,357
DA:71,357
DA:72,1012
DA:75,657
DA:76,261
DA:77,37
DA:78,359
DA:80,657
DA:81,359
DA:82,359
DA:83,359
DA:84,359
DA:85,298
DA:86,298
DA:87,62
DA:88,171
DA:89,171
DA:90,168
DA:91,168
DA:92,168
DA:93,168
DA:94,168
DA:95,168
DA:96,1
DA:97,1
DA:98,1
DA:99,2
DA:100,2
DA:101,2
DA:102,2
DA:103,0
DA:105,171
DA:107,1
DA:108,1
DA:109,1
DA:110,1
DA:111,50
DA:112,50
DA:113,50
DA:114,50
DA:115,50
DA:116,50
DA:117,50
DA:118,50
DA:119,50
DA:120,50
DA:121,12
DA:122,12
DA:123,12
DA:124,12
DA:125,12
DA:126,12
DA:127,12
DA:128,12
DA:129,12
DA:130,62
DA:131,62
DA:132,62
DA:133,62
DA:134,62
DA:135,62
DA:136,62
DA:137,0
DA:138,0
DA:139,0
DA:140,0
DA:141,0
DA:142,0
DA:145,2
DA:146,2
DA:147,2
DA:148,2
DA:152,0
DA:153,0
DA:154,0
DA:155,0
DA:156,0
DA:158,0
DA:159,0
DA:160,0
DA:161,0
DA:162,0
DA:166,355
DA:167,2
DA:168,353
DA:169,353
DA:170,64
DA:171,64
DA:172,64
DA:173,64
DA:174,289
DA:175,289
DA:176,357
DA:186,565
DA:187,565
DA:188,565
DA:190,565
DA:191,549
DA:192,549
DA:193,549
DA:194,1555
DA:195,1006
DA:196,553
DA:197,553
DA:198,553
DA:199,553
DA:201,381
DA:202,0
DA:203,377
DA:210,377
DA:211,381
DA:212,377
DA:213,377
DA:214,377
DA:215,4
DA:216,4
DA:219,72
DA:220,0
DA:221,72
DA:228,72
DA:229,72
DA:230,72
DA:231,72
DA:232,72
DA:233,0
DA:234,0
DA:236,0
DA:237,0
DA:238,0
DA:241,549
DA:242,565
DA:244,565
DA:245,565
DA:246,565
DA:247,549
DA:248,16
DA:250,565
BRF:0
BRH:0
LF:169
LH:145
end_of_record
SF:/var/home/jack/Code/koan/src/builtins/functor_def.rs
FN:32,_RNvNtNtCsbkxZCYEF3rm_4koan8builtins11functor_def4body
FN:38,_RNvNtNtCsbkxZCYEF3rm_4koan8builtins11functor_def8register
FN:45,_RNCNvNtNtCsbkxZCYEF3rm_4koan8builtins11functor_def8register0B7_
FN:60,_RNCNvNtNtCsbkxZCYEF3rm_4koan8builtins11functor_def8registers_0B7_
FN:32,_RNvNtNtCsSCJAO8sSnz_4koan8builtins11functor_def4body
FN:38,_RNvNtNtCsSCJAO8sSnz_4koan8builtins11functor_def8register
FN:45,_RNCNvNtNtCsSCJAO8sSnz_4koan8builtins11functor_def8register0B7_
FN:60,_RNCNvNtNtCsSCJAO8sSnz_4koan8builtins11functor_def8registers_0B7_
FNDA:7,_RNvNtNtCsbkxZCYEF3rm_4koan8builtins11functor_def4body
FNDA:43,_RNvNtNtCsbkxZCYEF3rm_4koan8builtins11functor_def8register
FNDA:43,_RNCNvNtNtCsbkxZCYEF3rm_4koan8builtins11functor_def8register0B7_
FNDA:43,_RNCNvNtNtCsbkxZCYEF3rm_4koan8builtins11functor_def8registers_0B7_
FNDA:18,_RNvNtNtCsSCJAO8sSnz_4koan8builtins11functor_def4body
FNDA:478,_RNvNtNtCsSCJAO8sSnz_4koan8builtins11functor_def8register
FNDA:478,_RNCNvNtNtCsSCJAO8sSnz_4koan8builtins11functor_def8register0B7_
FNDA:478,_RNCNvNtNtCsSCJAO8sSnz_4koan8builtins11functor_def8registers_0B7_
FNF:4
FNH:4
DA:32,25
DA:33,25
DA:34,25
DA:35,25
DA:36,25
DA:38,521
DA:45,521
DA:46,521
DA:47,521
DA:48,521
DA:49,521
DA:50,521
DA:51,521
DA:52,521
DA:53,521
DA:54,521
DA:57,521
DA:60,521
DA:61,521
DA:62,521
DA:63,521
DA:64,521
DA:65,521
DA:66,521
DA:67,521
DA:68,521
DA:69,521
DA:72,521
DA:74,521
DA:75,521
DA:76,521
DA:77,521
DA:78,521
DA:79,521
DA:80,521
DA:81,521
DA:84,521
DA:85,521
DA:86,521
DA:87,521
DA:88,521
DA:89,521
DA:90,521
DA:93,521
BRF:0
BRH:0
LF:46
LH:46
end_of_record
SF:/var/home/jack/Code/koan/src/builtins/let_binding.rs
FN:172,_RNvNtNtCsbkxZCYEF3rm_4koan8builtins11let_binding11binder_name
FN:157,_RNvNtNtCsbkxZCYEF3rm_4koan8builtins11let_binding21capitalize_identifier
FN:14,_RNvNtNtCsbkxZCYEF3rm_4koan8builtins11let_binding4body
FN:180,_RNvNtNtCsbkxZCYEF3rm_4koan8builtins11let_binding8register
FN:21,_RNCNvNtNtCsbkxZCYEF3rm_4koan8builtins11let_binding4body0B7_
FN:181,_RNCNvNtNtCsbkxZCYEF3rm_4koan8builtins11let_binding8register0B7_
FN:192,_RNCNvNtNtCsbkxZCYEF3rm_4koan8builtins11let_binding8registers_0B7_
FN:21,_RNCNvNtNtCsSCJAO8sSnz_4koan8builtins11let_binding4body0B7_
FN:181,_RNCNvNtNtCsSCJAO8sSnz_4koan8builtins11let_binding8register0B7_
FN:192,_RNCNvNtNtCsSCJAO8sSnz_4koan8builtins11let_binding8registers_0B7_
FN:172,_RNvNtNtCsSCJAO8sSnz_4koan8builtins11let_binding11binder_name
FN:157,_RNvNtNtCsSCJAO8sSnz_4koan8builtins11let_binding21capitalize_identifier
FN:14,_RNvNtNtCsSCJAO8sSnz_4koan8builtins11let_binding4body
FN:180,_RNvNtNtCsSCJAO8sSnz_4koan8builtins11let_binding8register
FNDA:166,_RNvNtNtCsbkxZCYEF3rm_4koan8builtins11let_binding11binder_name
FNDA:0,_RNvNtNtCsbkxZCYEF3rm_4koan8builtins11let_binding21capitalize_identifier
FNDA:59,_RNvNtNtCsbkxZCYEF3rm_4koan8builtins11let_binding4body
FNDA:43,_RNvNtNtCsbkxZCYEF3rm_4koan8builtins11let_binding8register
FNDA:0,_RNCNvNtNtCsbkxZCYEF3rm_4koan8builtins11let_binding4body0B7_
FNDA:43,_RNCNvNtNtCsbkxZCYEF3rm_4koan8builtins11let_binding8register0B7_
FNDA:43,_RNCNvNtNtCsbkxZCYEF3rm_4koan8builtins11let_binding8registers_0B7_
FNDA:12,_RNCNvNtNtCsSCJAO8sSnz_4koan8builtins11let_binding4body0B7_
FNDA:478,_RNCNvNtNtCsSCJAO8sSnz_4koan8builtins11let_binding8register0B7_
FNDA:478,_RNCNvNtNtCsSCJAO8sSnz_4koan8builtins11let_binding8registers_0B7_
FNDA:929,_RNvNtNtCsSCJAO8sSnz_4koan8builtins11let_binding11binder_name
FNDA:4,_RNvNtNtCsSCJAO8sSnz_4koan8builtins11let_binding21capitalize_identifier
FNDA:365,_RNvNtNtCsSCJAO8sSnz_4koan8builtins11let_binding4body
FNDA:478,_RNvNtNtCsSCJAO8sSnz_4koan8builtins11let_binding8register
FNF:7
FNH:7
DA:14,424
DA:15,424
DA:16,424
DA:21,424
DA:22,424
DA:23,424
DA:24,424
DA:25,0
DA:27,424
DA:28,424
DA:29,286
DA:30,286
DA:31,3
DA:32,1
DA:33,1
DA:34,1
DA:36,3
DA:37,3
DA:38,3
DA:39,3
DA:40,3
DA:41,3
DA:42,3
DA:43,3
DA:44,283
DA:45,283
DA:47,138
DA:48,138
DA:49,137
DA:56,1
DA:57,1
DA:58,1
DA:59,1
DA:61,0
DA:63,134
DA:64,128
DA:65,9
DA:66,3
DA:67,3
DA:68,3
DA:69,3
DA:70,3
DA:73,134
DA:75,0
DA:76,0
DA:77,0
DA:78,0
DA:79,0
DA:80,0
DA:82,0
DA:84,417
DA:85,2
DA:86,2
DA:87,2
DA:88,2
DA:89,415
DA:90,415
DA:91,415
DA:92,134
DA:93,6
DA:94,6
DA:95,6
DA:96,4
DA:98,134
DA:99,28
DA:100,28
DA:101,28
DA:102,28
DA:104,106
DA:106,134
DA:107,134
DA:108,0
DA:109,134
DA:114,134
DA:115,134
DA:116,134
DA:118,281
DA:119,281
DA:120,281
DA:121,25
DA:122,1
DA:123,1
DA:124,1
DA:125,1
DA:126,1
DA:127,1
DA:128,280
DA:129,280
DA:130,280
DA:131,1
DA:132,1
DA:133,1
DA:134,1
DA:135,1
DA:136,279
DA:137,279
DA:138,1
DA:139,278
DA:146,278
DA:147,120
DA:148,158
DA:149,278
DA:151,424
DA:157,4
DA:158,4
DA:159,4
DA:160,4
DA:161,4
DA:162,4
DA:163,4
DA:164,4
DA:166,0
DA:168,4
DA:172,1095
DA:173,1095
DA:174,733
DA:175,359
DA:176,3
DA:178,1095
DA:180,521
DA:181,521
DA:182,521
DA:183,521
DA:184,521
DA:185,521
DA:186,521
DA:187,521
DA:188,521
DA:191,521
DA:192,521
DA:193,521
DA:194,521
DA:195,521
DA:196,521
DA:197,521
DA:198,521
DA:199,521
DA:202,521
DA:203,521
DA:204,521
DA:205,521
DA:206,521
DA:207,521
DA:208,521
DA:209,521
DA:212,521
DA:213,521
DA:214,521
DA:215,521
DA:216,521
DA:217,521
DA:218,521
DA:221,521
BRF:0
BRH:0
LF:156
LH:145
end_of_record
SF:/var/home/jack/Code/koan/src/builtins/match_case.rs
FN:22,_RNvNtNtCsbkxZCYEF3rm_4koan8builtins10match_case4body
FN:68,_RNvNtNtCsbkxZCYEF3rm_4koan8builtins10match_case8register
FN:61,_RNCNvNtNtCsbkxZCYEF3rm_4koan8builtins10match_case4body0B7_
FN:22,_RNvNtNtCsSCJAO8sSnz_4koan8builtins10match_case4body
FN:68,_RNvNtNtCsSCJAO8sSnz_4koan8builtins10match_case8register
FN:61,_RNCNvNtNtCsSCJAO8sSnz_4koan8builtins10match_case4body0B7_
FN:91,_RNvNtNtNtCsSCJAO8sSnz_4koan8builtins10match_case5tests11run_program
FN:130,_RNvNtNtNtCsSCJAO8sSnz_4koan8builtins10match_case5testss_25match_inexhaustive_errors
FN:110,_RNvNtNtNtCsSCJAO8sSnz_4koan8builtins10match_case5testss_29match_binds_inner_value_to_it
FN:206,_RNvNtNtNtCsSCJAO8sSnz_4koan8builtins10match_case5testss_29recursive_tagged_match_no_uaf
FN:221,_RNvNtNtNtCsSCJAO8sSnz_4koan8builtins10match_case5testss_33match_on_bool_inexhaustive_errors
FN:190,_RNvNtNtNtCsSCJAO8sSnz_4koan8builtins10match_case5testss_36match_on_bool_true_takes_true_branch
FN:120,_RNvNtNtNtCsSCJAO8sSnz_4koan8builtins10match_case5testss_37match_does_not_run_unmatched_branches
FN:198,_RNvNtNtNtCsSCJAO8sSnz_4koan8builtins10match_case5testss_38match_on_bool_false_takes_false_branch
FN:100,_RNvNtNtNtCsSCJAO8sSnz_4koan8builtins10match_case5testss_40match_dispatches_branch_for_matching_tag
FN:180,_RNvNtNtNtCsSCJAO8sSnz_4koan8builtins10match_case5testss_40match_other_branch_runs_when_tag_matches
FN:148,_RNvNtNtNtCsSCJAO8sSnz_4koan8builtins10match_case5testss_47match_arm_violating_declared_return_type_errors
FN:235,_RNvNtNtNtCsSCJAO8sSnz_4koan8builtins10match_case5testss_47multi_statement_match_branch_returns_last_value
FN:167,_RNvNtNtNtCsSCJAO8sSnz_4koan8builtins10match_case5testss_54match_value_is_admissible_against_declared_return_slot
FN:250,_RNvNtNtNtCsSCJAO8sSnz_4koan8builtins10match_case5testss_59fn_recursion_with_multi_statement_body_via_match_terminates
FNDA:0,_RNvNtNtCsbkxZCYEF3rm_4koan8builtins10match_case4body
FNDA:43,_RNvNtNtCsbkxZCYEF3rm_4koan8builtins10match_case8register
FNDA:0,_RNCNvNtNtCsbkxZCYEF3rm_4koan8builtins10match_case4body0B7_
FNDA:72,_RNvNtNtCsSCJAO8sSnz_4koan8builtins10match_case4body
FNDA:478,_RNvNtNtCsSCJAO8sSnz_4koan8builtins10match_case8register
FNDA:69,_RNCNvNtNtCsSCJAO8sSnz_4koan8builtins10match_case4body0B7_
FNDA:10,_RNvNtNtNtCsSCJAO8sSnz_4koan8builtins10match_case5tests11run_program
FNDA:1,_RNvNtNtNtCsSCJAO8sSnz_4koan8builtins10match_case5testss_25match_inexhaustive_errors
FNDA:1,_RNvNtNtNtCsSCJAO8sSnz_4koan8builtins10match_case5testss_29match_binds_inner_value_to_it
FNDA:1,_RNvNtNtNtCsSCJAO8sSnz_4koan8builtins10match_case5testss_29recursive_tagged_match_no_uaf
FNDA:1,_RNvNtNtNtCsSCJAO8sSnz_4koan8builtins10match_case5testss_33match_on_bool_inexhaustive_errors
FNDA:1,_RNvNtNtNtCsSCJAO8sSnz_4koan8builtins10match_case5testss_36match_on_bool_true_takes_true_branch
FNDA:1,_RNvNtNtNtCsSCJAO8sSnz_4koan8builtins10match_case5testss_37match_does_not_run_unmatched_branches
FNDA:1,_RNvNtNtNtCsSCJAO8sSnz_4koan8builtins10match_case5testss_38match_on_bool_false_takes_false_branch
FNDA:1,_RNvNtNtNtCsSCJAO8sSnz_4koan8builtins10match_case5testss_40match_dispatches_branch_for_matching_tag
FNDA:1,_RNvNtNtNtCsSCJAO8sSnz_4koan8builtins10match_case5testss_40match_other_branch_runs_when_tag_matches
FNDA:1,_RNvNtNtNtCsSCJAO8sSnz_4koan8builtins10match_case5testss_47match_arm_violating_declared_return_type_errors
FNDA:1,_RNvNtNtNtCsSCJAO8sSnz_4koan8builtins10match_case5testss_47multi_statement_match_branch_returns_last_value
FNDA:1,_RNvNtNtNtCsSCJAO8sSnz_4koan8builtins10match_case5testss_54match_value_is_admissible_against_declared_return_slot
FNDA:1,_RNvNtNtNtCsSCJAO8sSnz_4koan8builtins10match_case5testss_59fn_recursion_with_multi_statement_body_via_match_terminates
FNF:17
FNH:17
DA:22,72
DA:23,72
DA:24,72
DA:28,72
DA:29,65
DA:30,7
DA:31,7
DA:32,7
DA:34,0
DA:35,0
DA:36,0
DA:37,0
DA:38,0
DA:39,0
DA:42,0
DA:43,0
DA:44,0
DA:47,72
DA:48,72
DA:49,72
DA:50,69
DA:52,3
DA:53,3
DA:54,3
DA:55,3
DA:57,0
DA:59,69
DA:60,69
DA:61,69
DA:62,69
DA:63,69
DA:64,69
DA:66,72
DA:68,521
DA:69,521
DA:70,521
DA:71,521
DA:72,521
DA:73,521
DA:74,521
DA:75,521
DA:76,521
DA:77,521
DA:80,521
DA:81,521
DA:91,10
DA:92,10
DA:93,10
DA:94,10
DA:95,10
DA:96,10
DA:97,10
DA:100,1
DA:101,1
DA:102,1
DA:103,1
DA:104,1
DA:106,1
DA:107,1
DA:110,1
DA:111,1
DA:112,1
DA:113,1
DA:114,1
DA:116,1
DA:117,1
DA:120,1
DA:121,1
DA:122,1
DA:123,1
DA:124,1
DA:126,1
DA:127,1
DA:130,1
DA:131,1
DA:132,1
DA:133,1
DA:134,1
DA:135,1
DA:137,1
DA:138,1
DA:139,1
DA:141,1
DA:142,1
DA:145,1
DA:148,1
DA:149,1
DA:150,1
DA:151,1
DA:152,1
DA:153,1
DA:156,1
DA:157,1
DA:158,1
DA:160,1
DA:161,1
DA:164,1
DA:167,1
DA:170,1
DA:171,1
DA:172,1
DA:173,1
DA:174,1
DA:176,1
DA:177,1
DA:180,1
DA:181,1
DA:182,1
DA:183,1
DA:184,1
DA:186,1
DA:187,1
DA:190,1
DA:191,1
DA:192,1
DA:194,1
DA:195,1
DA:198,1
DA:199,1
DA:200,1
DA:202,1
DA:203,1
DA:206,1
DA:209,1
DA:210,1
DA:211,1
DA:212,1
DA:213,1
DA:214,1
DA:215,1
DA:217,1
DA:218,1
DA:221,1
DA:222,1
DA:223,1
DA:224,1
DA:225,1
DA:226,1
DA:228,1
DA:229,1
DA:232,1
DA:235,1
DA:236,1
DA:237,1
DA:238,1
DA:239,1
DA:240,1
DA:241,1
DA:242,1
DA:244,1
DA:245,1
DA:246,1
DA:247,1
DA:250,1
DA:251,1
DA:252,1
DA:253,1
DA:254,1
DA:255,1
DA:256,1
DA:257,1
DA:258,1
DA:259,1
DA:260,1
DA:262,1
DA:263,1
DA:264,1
BRF:0
BRH:0
LF:168
LH:158
end_of_record
SF:/var/home/jack/Code/koan/src/builtins/module_def.rs
FN:21,_RNvNtNtCsbkxZCYEF3rm_4koan8builtins10module_def4body
FN:89,_RNvNtNtCsbkxZCYEF3rm_4koan8builtins10module_def8register
FN:37,_RNCNvNtNtCsbkxZCYEF3rm_4koan8builtins10module_def4body0B7_
FN:21,_RNvNtNtCsSCJAO8sSnz_4koan8builtins10module_def4body
FN:89,_RNvNtNtCsSCJAO8sSnz_4koan8builtins10module_def8register
FN:120,_RNvNtNtNtCsSCJAO8sSnz_4koan8builtins10module_def5tests14resolve_module
FN:182,_RNvNtNtNtCsSCJAO8sSnz_4koan8builtins10module_def5testss_28module_unknown_member_errors
FN:150,_RNvNtNtNtCsSCJAO8sSnz_4koan8builtins10module_def5testss_29module_member_access_via_attr
FN:128,_RNvNtNtNtCsSCJAO8sSnz_4koan8builtins10module_def5testss_32binder_name_extracts_module_name
FN:135,_RNvNtNtNtCsSCJAO8sSnz_4koan8builtins10module_def5testss_32module_binds_under_name_in_scope
FN:168,_RNvNtNtNtCsSCJAO8sSnz_4koan8builtins10module_def5testss_33module_member_function_via_let_fn
FN:255,_RNvNtNtNtCsSCJAO8sSnz_4koan8builtins10module_def5testss_36module_body_dispatch_does_not_dangle
FN:206,_RNvNtNtNtCsSCJAO8sSnz_4koan8builtins10module_def5testss_38module_body_parks_on_outer_placeholder
FN:216,_RNvNtNtNtCsSCJAO8sSnz_4koan8builtins10module_def5testss_41module_body_error_short_circuits_finalize
FN:159,_RNvNtNtNtCsSCJAO8sSnz_4koan8builtins10module_def5testss_41module_with_multiple_statements_in_parens
FN:195,_RNvNtNtNtCsSCJAO8sSnz_4koan8builtins10module_def5testss_41nested_module_accessible_via_chained_attr
FN:230,_RNvNtNtNtCsSCJAO8sSnz_4koan8builtins10module_def5testss_50module_finalize_short_circuits_on_idempotent_state
FN:37,_RNCNvNtNtCsSCJAO8sSnz_4koan8builtins10module_def4body0B7_
FNDA:21,_RNvNtNtCsbkxZCYEF3rm_4koan8builtins10module_def4body
FNDA:43,_RNvNtNtCsbkxZCYEF3rm_4koan8builtins10module_def8register
FNDA:20,_RNCNvNtNtCsbkxZCYEF3rm_4koan8builtins10module_def4body0B7_
FNDA:83,_RNvNtNtCsSCJAO8sSnz_4koan8builtins10module_def4body
FNDA:478,_RNvNtNtCsSCJAO8sSnz_4koan8builtins10module_def8register
FNDA:3,_RNvNtNtNtCsSCJAO8sSnz_4koan8builtins10module_def5tests14resolve_module
FNDA:1,_RNvNtNtNtCsSCJAO8sSnz_4koan8builtins10module_def5testss_28module_unknown_member_errors
FNDA:1,_RNvNtNtNtCsSCJAO8sSnz_4koan8builtins10module_def5testss_29module_member_access_via_attr
FNDA:1,_RNvNtNtNtCsSCJAO8sSnz_4koan8builtins10module_def5testss_32binder_name_extracts_module_name
FNDA:1,_RNvNtNtNtCsSCJAO8sSnz_4koan8builtins10module_def5testss_32module_binds_under_name_in_scope
FNDA:1,_RNvNtNtNtCsSCJAO8sSnz_4koan8builtins10module_def5testss_33module_member_function_via_let_fn
FNDA:1,_RNvNtNtNtCsSCJAO8sSnz_4koan8builtins10module_def5testss_36module_body_dispatch_does_not_dangle
FNDA:1,_RNvNtNtNtCsSCJAO8sSnz_4koan8builtins10module_def5testss_38module_body_parks_on_outer_placeholder
FNDA:1,_RNvNtNtNtCsSCJAO8sSnz_4koan8builtins10module_def5testss_41module_body_error_short_circuits_finalize
FNDA:1,_RNvNtNtNtCsSCJAO8sSnz_4koan8builtins10module_def5testss_41module_with_multiple_statements_in_parens
FNDA:1,_RNvNtNtNtCsSCJAO8sSnz_4koan8builtins10module_def5testss_41nested_module_accessible_via_chained_attr
FNDA:1,_RNvNtNtNtCsSCJAO8sSnz_4koan8builtins10module_def5testss_50module_finalize_short_circuits_on_idempotent_state
FNDA:81,_RNCNvNtNtCsSCJAO8sSnz_4koan8builtins10module_def4body0B7_
FNF:15
FNH:15
DA:21,104
DA:22,104
DA:23,104
DA:29,104
DA:30,104
DA:31,104
DA:32,104
DA:33,104
DA:34,104
DA:35,104
DA:36,104
DA:37,104
DA:42,101
DA:44,101
DA:45,1
DA:46,1
DA:47,100
DA:48,100
DA:49,100
DA:50,100
DA:51,100
DA:54,100
DA:55,100
DA:56,100
DA:57,100
DA:58,100
DA:59,21
DA:60,0
DA:61,21
DA:62,21
DA:65,100
DA:66,100
DA:67,100
DA:68,100
DA:70,100
DA:71,100
DA:72,100
DA:74,0
DA:75,0
DA:76,0
DA:77,0
DA:79,101
DA:80,104
DA:81,104
DA:82,104
DA:83,104
DA:84,104
DA:85,104
DA:86,104
DA:87,104
DA:89,521
DA:90,521
DA:91,521
DA:92,521
DA:93,521
DA:94,521
DA:95,521
DA:96,521
DA:99,521
DA:100,521
DA:101,521
DA:102,521
DA:103,521
DA:104,521
DA:105,521
DA:108,521
DA:120,3
DA:121,3
DA:122,3
DA:123,0
DA:125,3
DA:128,1
DA:129,1
DA:130,1
DA:131,1
DA:132,1
DA:135,1
DA:136,1
DA:137,1
DA:138,1
DA:139,1
DA:140,1
DA:143,1
DA:144,1
DA:147,1
DA:150,1
DA:151,1
DA:152,1
DA:153,1
DA:154,1
DA:155,1
DA:156,1
DA:159,1
DA:160,1
DA:161,1
DA:162,1
DA:163,1
DA:164,1
DA:165,1
DA:168,1
DA:171,1
DA:172,1
DA:173,1
DA:174,1
DA:175,1
DA:177,1
DA:178,1
DA:179,1
DA:182,1
DA:183,1
DA:184,1
DA:185,1
DA:186,1
DA:187,1
DA:188,1
DA:189,1
DA:192,1
DA:195,1
DA:196,1
DA:197,1
DA:198,1
DA:199,1
DA:200,1
DA:201,1
DA:206,1
DA:207,1
DA:208,1
DA:209,1
DA:210,1
DA:211,1
DA:212,1
DA:216,1
DA:217,1
DA:218,1
DA:219,1
DA:220,1
DA:221,1
DA:224,1
DA:230,1
DA:231,1
DA:232,1
DA:233,1
DA:234,1
DA:235,1
DA:236,1
DA:237,1
DA:239,1
DA:240,1
DA:241,1
DA:242,1
DA:246,1
DA:247,1
DA:248,1
DA:249,1
DA:250,1
DA:255,1
DA:256,1
DA:257,1
DA:258,1
DA:259,1
DA:260,1
DA:261,1
DA:262,1
DA:263,1
BRF:0
BRH:0
LF:165
LH:159
end_of_record
SF:/var/home/jack/Code/koan/src/builtins/newtype_def.rs
FN:96,_RNCNCNvNtNtCsbkxZCYEF3rm_4koan8builtins11newtype_def23finalize_record_newtype00B9_
FN:205,_RNCNvNtNtCsbkxZCYEF3rm_4koan8builtins11newtype_def20defer_resolved_sigil0B7_
FN:92,_RNCNvNtNtCsbkxZCYEF3rm_4koan8builtins11newtype_def23finalize_record_newtype0B7_
FN:155,_RNCNvNtNtCsbkxZCYEF3rm_4koan8builtins11newtype_def4body0B7_
FN:257,_RNCNvNtNtCsbkxZCYEF3rm_4koan8builtins11newtype_def8register0B7_
FN:279,_RNCNvNtNtCsbkxZCYEF3rm_4koan8builtins11newtype_def8registers0_0B7_
FN:268,_RNCNvNtNtCsbkxZCYEF3rm_4koan8builtins11newtype_def8registers_0B7_
FN:226,_RNvNtNtCsbkxZCYEF3rm_4koan8builtins11newtype_def16body_record_repr
FN:40,_RNvNtNtCsbkxZCYEF3rm_4koan8builtins11newtype_def16finalize_newtype
FN:196,_RNvNtNtCsbkxZCYEF3rm_4koan8builtins11newtype_def20defer_resolved_sigil
FN:75,_RNvNtNtCsbkxZCYEF3rm_4koan8builtins11newtype_def23finalize_record_newtype
FN:123,_RNvNtNtCsbkxZCYEF3rm_4koan8builtins11newtype_def4body
FN:254,_RNvNtNtCsbkxZCYEF3rm_4koan8builtins11newtype_def8register
FN:348,_RNCNvNtNtNtCsSCJAO8sSnz_4koan8builtins11newtype_def5tests13record_fields0B9_
FN:537,_RNCNvNtNtNtCsSCJAO8sSnz_4koan8builtins11newtype_def5testss_42nested_record_field_threads_self_reference0B9_
FN:487,_RNCNvNtNtNtCsSCJAO8sSnz_4koan8builtins11newtype_def5testss_42record_repr_self_recursion_seals_set_local0B9_
FN:492,_RNCNvNtNtNtCsSCJAO8sSnz_4koan8builtins11newtype_def5testss_42record_repr_self_recursion_seals_set_locals0_0B9_
FN:516,_RNCNvNtNtNtCsSCJAO8sSnz_4koan8builtins11newtype_def5testss_46record_repr_list_of_self_field_seals_set_local0B9_
FN:96,_RNCNCNvNtNtCsSCJAO8sSnz_4koan8builtins11newtype_def23finalize_record_newtype00B9_
FN:205,_RNCNvNtNtCsSCJAO8sSnz_4koan8builtins11newtype_def20defer_resolved_sigil0B7_
FN:92,_RNCNvNtNtCsSCJAO8sSnz_4koan8builtins11newtype_def23finalize_record_newtype0B7_
FN:155,_RNCNvNtNtCsSCJAO8sSnz_4koan8builtins11newtype_def4body0B7_
FN:257,_RNCNvNtNtCsSCJAO8sSnz_4koan8builtins11newtype_def8register0B7_
FN:279,_RNCNvNtNtCsSCJAO8sSnz_4koan8builtins11newtype_def8registers0_0B7_
FN:268,_RNCNvNtNtCsSCJAO8sSnz_4koan8builtins11newtype_def8registers_0B7_
FN:226,_RNvNtNtCsSCJAO8sSnz_4koan8builtins11newtype_def16body_record_repr
FN:40,_RNvNtNtCsSCJAO8sSnz_4koan8builtins11newtype_def16finalize_newtype
FN:196,_RNvNtNtCsSCJAO8sSnz_4koan8builtins11newtype_def20defer_resolved_sigil
FN:75,_RNvNtNtCsSCJAO8sSnz_4koan8builtins11newtype_def23finalize_record_newtype
FN:123,_RNvNtNtCsSCJAO8sSnz_4koan8builtins11newtype_def4body
FN:254,_RNvNtNtCsSCJAO8sSnz_4koan8builtins11newtype_def8register
FN:336,_RNvNtNtNtCsSCJAO8sSnz_4koan8builtins11newtype_def5tests13record_fields
FN:680,_RNvNtNtNtCsSCJAO8sSnz_4koan8builtins11newtype_def5testss_28construct_arity_zero_rejects
FN:701,_RNvNtNtNtCsSCJAO8sSnz_4koan8builtins11newtype_def5testss_29construct_with_operator_value
FN:363,_RNvNtNtNtCsSCJAO8sSnz_4koan8builtins11newtype_def5testss_30declare_mints_newtype_identity
FN:582,_RNvNtNtNtCsSCJAO8sSnz_4koan8builtins11newtype_def5testss_30newtype_over_newtype_collapses
FN:659,_RNvNtNtNtCsSCJAO8sSnz_4koan8builtins11newtype_def5testss_31construct_with_identifier_value
FN:415,_RNvNtNtNtCsSCJAO8sSnz_4koan8builtins11newtype_def5testss_35construct_rejects_non_matching_repr
FN:393,_RNvNtNtNtCsSCJAO8sSnz_4koan8builtins11newtype_def5testss_35construct_wraps_repr_matching_value
FN:529,_RNvNtNtNtCsSCJAO8sSnz_4koan8builtins11newtype_def5testss_42nested_record_field_threads_self_reference
FN:480,_RNvNtNtNtCsSCJAO8sSnz_4koan8builtins11newtype_def5testss_42record_repr_self_recursion_seals_set_local
FN:611,_RNvNtNtNtCsSCJAO8sSnz_4koan8builtins11newtype_def5testss_43dispatch_distinguishes_distance_from_number
FN:504,_RNvNtNtNtCsSCJAO8sSnz_4koan8builtins11newtype_def5testss_46record_repr_list_of_self_field_seals_set_local
FN:459,_RNvNtNtNtCsSCJAO8sSnz_4koan8builtins11newtype_def5testss_47unknown_repr_errors_without_leaking_placeholder
FN:433,_RNvNtNtNtCsSCJAO8sSnz_4koan8builtins11newtype_def5testss_49dependent_newtype_parks_on_record_repr_dependency
FN:556,_RNvNtNtNtCsSCJAO8sSnz_4koan8builtins11newtype_def5testss_54sigil_repr_non_record_seals_newtype_over_resolved_type
FNDA:5,_RNCNCNvNtNtCsbkxZCYEF3rm_4koan8builtins11newtype_def23finalize_record_newtype00B9_
FNDA:0,_RNCNvNtNtCsbkxZCYEF3rm_4koan8builtins11newtype_def20defer_resolved_sigil0B7_
FNDA:3,_RNCNvNtNtCsbkxZCYEF3rm_4koan8builtins11newtype_def23finalize_record_newtype0B7_
FNDA:0,_RNCNvNtNtCsbkxZCYEF3rm_4koan8builtins11newtype_def4body0B7_
FNDA:43,_RNCNvNtNtCsbkxZCYEF3rm_4koan8builtins11newtype_def8register0B7_
FNDA:43,_RNCNvNtNtCsbkxZCYEF3rm_4koan8builtins11newtype_def8registers0_0B7_
FNDA:43,_RNCNvNtNtCsbkxZCYEF3rm_4koan8builtins11newtype_def8registers_0B7_
FNDA:3,_RNvNtNtCsbkxZCYEF3rm_4koan8builtins11newtype_def16body_record_repr
FNDA:0,_RNvNtNtCsbkxZCYEF3rm_4koan8builtins11newtype_def16finalize_newtype
FNDA:0,_RNvNtNtCsbkxZCYEF3rm_4koan8builtins11newtype_def20defer_resolved_sigil
FNDA:3,_RNvNtNtCsbkxZCYEF3rm_4koan8builtins11newtype_def23finalize_record_newtype
FNDA:0,_RNvNtNtCsbkxZCYEF3rm_4koan8builtins11newtype_def4body
FNDA:43,_RNvNtNtCsbkxZCYEF3rm_4koan8builtins11newtype_def8register
FNDA:4,_RNCNvNtNtNtCsSCJAO8sSnz_4koan8builtins11newtype_def5tests13record_fields0B9_
FNDA:1,_RNCNvNtNtNtCsSCJAO8sSnz_4koan8builtins11newtype_def5testss_42nested_record_field_threads_self_reference0B9_
FNDA:1,_RNCNvNtNtNtCsSCJAO8sSnz_4koan8builtins11newtype_def5testss_42record_repr_self_recursion_seals_set_local0B9_
FNDA:2,_RNCNvNtNtNtCsSCJAO8sSnz_4koan8builtins11newtype_def5testss_42record_repr_self_recursion_seals_set_locals0_0B9_
FNDA:1,_RNCNvNtNtNtCsSCJAO8sSnz_4koan8builtins11newtype_def5testss_46record_repr_list_of_self_field_seals_set_local0B9_
FNDA:54,_RNCNCNvNtNtCsSCJAO8sSnz_4koan8builtins11newtype_def23finalize_record_newtype00B9_
FNDA:1,_RNCNvNtNtCsSCJAO8sSnz_4koan8builtins11newtype_def20defer_resolved_sigil0B7_
FNDA:33,_RNCNvNtNtCsSCJAO8sSnz_4koan8builtins11newtype_def23finalize_record_newtype0B7_
FNDA:0,_RNCNvNtNtCsSCJAO8sSnz_4koan8builtins11newtype_def4body0B7_
FNDA:478,_RNCNvNtNtCsSCJAO8sSnz_4koan8builtins11newtype_def8register0B7_
FNDA:478,_RNCNvNtNtCsSCJAO8sSnz_4koan8builtins11newtype_def8registers0_0B7_
FNDA:478,_RNCNvNtNtCsSCJAO8sSnz_4koan8builtins11newtype_def8registers_0B7_
FNDA:34,_RNvNtNtCsSCJAO8sSnz_4koan8builtins11newtype_def16body_record_repr
FNDA:14,_RNvNtNtCsSCJAO8sSnz_4koan8builtins11newtype_def16finalize_newtype
FNDA:1,_RNvNtNtCsSCJAO8sSnz_4koan8builtins11newtype_def20defer_resolved_sigil
FNDA:33,_RNvNtNtCsSCJAO8sSnz_4koan8builtins11newtype_def23finalize_record_newtype
FNDA:15,_RNvNtNtCsSCJAO8sSnz_4koan8builtins11newtype_def4body
FNDA:478,_RNvNtNtCsSCJAO8sSnz_4koan8builtins11newtype_def8register
FNDA:3,_RNvNtNtNtCsSCJAO8sSnz_4koan8builtins11newtype_def5tests13record_fields
FNDA:1,_RNvNtNtNtCsSCJAO8sSnz_4koan8builtins11newtype_def5testss_28construct_arity_zero_rejects
FNDA:1,_RNvNtNtNtCsSCJAO8sSnz_4koan8builtins11newtype_def5testss_29construct_with_operator_value
FNDA:1,_RNvNtNtNtCsSCJAO8sSnz_4koan8builtins11newtype_def5testss_30declare_mints_newtype_identity
FNDA:1,_RNvNtNtNtCsSCJAO8sSnz_4koan8builtins11newtype_def5testss_30newtype_over_newtype_collapses
FNDA:1,_RNvNtNtNtCsSCJAO8sSnz_4koan8builtins11newtype_def5testss_31construct_with_identifier_value
FNDA:1,_RNvNtNtNtCsSCJAO8sSnz_4koan8builtins11newtype_def5testss_35construct_rejects_non_matching_repr
FNDA:1,_RNvNtNtNtCsSCJAO8sSnz_4koan8builtins11newtype_def5testss_35construct_wraps_repr_matching_value
FNDA:1,_RNvNtNtNtCsSCJAO8sSnz_4koan8builtins11newtype_def5testss_42nested_record_field_threads_self_reference
FNDA:1,_RNvNtNtNtCsSCJAO8sSnz_4koan8builtins11newtype_def5testss_42record_repr_self_recursion_seals_set_local
FNDA:1,_RNvNtNtNtCsSCJAO8sSnz_4koan8builtins11newtype_def5testss_43dispatch_distinguishes_distance_from_number
FNDA:1,_RNvNtNtNtCsSCJAO8sSnz_4koan8builtins11newtype_def5testss_46record_repr_list_of_self_field_seals_set_local
FNDA:1,_RNvNtNtNtCsSCJAO8sSnz_4koan8builtins11newtype_def5testss_47unknown_repr_errors_without_leaking_placeholder
FNDA:1,_RNvNtNtNtCsSCJAO8sSnz_4koan8builtins11newtype_def5testss_49dependent_newtype_parks_on_record_repr_dependency
FNDA:1,_RNvNtNtNtCsSCJAO8sSnz_4koan8builtins11newtype_def5testss_54sigil_repr_non_record_seals_newtype_over_resolved_type
FNF:33
FNH:32
DA:40,14
DA:41,14
DA:42,14
DA:43,14
DA:44,14
DA:45,14
DA:46,14
DA:47,14
DA:48,14
DA:49,14
DA:50,14
DA:51,14
DA:52,14
DA:53,14
DA:54,14
DA:57,14
DA:58,14
DA:63,0
DA:64,0
DA:65,0
DA:66,0
DA:68,14
DA:75,36
DA:76,36
DA:77,36
DA:78,36
DA:79,36
DA:80,36
DA:81,36
DA:82,0
DA:83,0
DA:84,0
DA:85,36
DA:86,36
DA:87,36
DA:88,36
DA:89,36
DA:90,36
DA:91,36
DA:92,36
DA:93,36
DA:94,36
DA:95,36
DA:96,59
DA:97,36
DA:98,36
DA:99,36
DA:100,0
DA:101,36
DA:102,36
DA:103,36
DA:105,36
DA:106,36
DA:108,36
DA:109,36
DA:110,36
DA:111,36
DA:113,0
DA:114,0
DA:115,0
DA:116,0
DA:118,36
DA:123,15
DA:124,15
DA:125,15
DA:130,15
DA:131,15
DA:132,15
DA:133,15
DA:134,14
DA:135,5
DA:136,5
DA:137,5
DA:138,5
DA:139,5
DA:141,4
DA:142,4
DA:143,4
DA:144,4
DA:145,4
DA:147,1
DA:151,0
DA:152,1
DA:154,0
DA:155,0
DA:156,0
DA:157,0
DA:158,0
DA:160,0
DA:161,0
DA:162,0
DA:163,0
DA:164,0
DA:166,0
DA:167,0
DA:168,0
DA:170,0
DA:171,0
DA:172,0
DA:173,0
DA:174,0
DA:175,1
DA:176,1
DA:177,1
DA:178,1
DA:179,1
DA:181,9
DA:182,9
DA:185,1
DA:186,1
DA:188,0
DA:189,0
DA:190,0
DA:192,15
DA:196,1
DA:197,1
DA:198,1
DA:199,1
DA:200,1
DA:202,1
DA:203,1
DA:204,1
DA:205,1
DA:206,1
DA:207,1
DA:209,0
DA:210,0
DA:211,0
DA:212,0
DA:213,1
DA:214,1
DA:215,1
DA:216,1
DA:217,1
DA:218,1
DA:219,1
DA:220,1
DA:221,1
DA:226,37
DA:227,37
DA:228,37
DA:232,37
DA:233,37
DA:234,37
DA:236,0
DA:237,0
DA:238,0
DA:241,37
DA:242,37
DA:243,37
DA:244,37
DA:245,37
DA:246,37
DA:248,37
DA:249,37
DA:250,37
DA:252,37
DA:254,521
DA:257,521
DA:258,521
DA:259,521
DA:260,521
DA:261,521
DA:262,521
DA:263,521
DA:264,521
DA:267,521
DA:268,521
DA:269,521
DA:270,521
DA:271,521
DA:272,521
DA:273,521
DA:274,521
DA:275,521
DA:278,521
DA:279,521
DA:280,521
DA:281,521
DA:282,521
DA:283,521
DA:284,521
DA:285,521
DA:286,521
DA:289,521
DA:291,521
DA:294,521
DA:295,521
DA:296,521
DA:297,521
DA:298,521
DA:299,521
DA:300,521
DA:303,521
DA:304,521
DA:305,521
DA:306,521
DA:307,521
DA:308,521
DA:309,521
DA:312,521
DA:313,521
DA:314,521
DA:315,521
DA:316,521
DA:317,521
DA:318,521
DA:321,521
DA:336,3
DA:337,3
DA:338,3
DA:339,3
DA:340,3
DA:341,3
DA:342,3
DA:343,3
DA:344,3
DA:345,3
DA:346,3
DA:347,3
DA:348,4
DA:349,3
DA:351,0
DA:353,0
DA:356,0
DA:358,3
DA:363,1
DA:364,1
DA:365,1
DA:366,1
DA:367,1
DA:368,1
DA:369,1
DA:370,1
DA:371,1
DA:372,1
DA:373,1
DA:374,1
DA:375,1
DA:376,1
DA:377,0
DA:380,0
DA:382,1
DA:383,1
DA:384,1
DA:385,1
DA:388,1
DA:393,1
DA:394,1
DA:395,1
DA:396,1
DA:397,1
DA:398,1
DA:399,1
DA:400,1
DA:401,1
DA:402,1
DA:403,1
DA:405,0
DA:407,1
DA:409,0
DA:411,1
DA:415,1
DA:416,1
DA:417,1
DA:418,1
DA:419,1
DA:420,1
DA:421,1
DA:422,1
DA:425,1
DA:433,1
DA:434,1
DA:435,1
DA:436,1
DA:437,1
DA:438,1
DA:442,1
DA:443,1
DA:445,0
DA:447,1
DA:448,1
DA:449,1
DA:451,0
DA:453,1
DA:459,1
DA:460,1
DA:461,1
DA:462,1
DA:463,1
DA:464,1
DA:466,0
DA:468,1
DA:469,1
DA:470,1
DA:473,1
DA:480,1
DA:481,1
DA:482,1
DA:483,1
DA:484,1
DA:485,1
DA:486,1
DA:487,1
DA:491,1
DA:492,2
DA:493,1
DA:496,1
DA:497,1
DA:504,1
DA:505,1
DA:506,1
DA:507,1
DA:508,1
DA:509,1
DA:510,1
DA:511,1
DA:515,1
DA:516,1
DA:517,1
DA:520,1
DA:521,1
DA:529,1
DA:530,1
DA:531,1
DA:532,1
DA:533,1
DA:534,1
DA:535,1
DA:536,1
DA:537,1
DA:538,1
DA:539,1
DA:540,1
DA:541,1
DA:542,1
DA:543,1
DA:546,0
DA:548,1
DA:549,1
DA:556,1
DA:557,1
DA:558,1
DA:559,1
DA:560,1
DA:561,1
DA:562,1
DA:563,1
DA:564,1
DA:565,1
DA:567,0
DA:569,1
DA:570,1
DA:572,0
DA:575,0
DA:577,1
DA:582,1
DA:583,1
DA:584,1
DA:585,1
DA:586,1
DA:587,1
DA:588,1
DA:589,1
DA:590,1
DA:591,0
DA:594,1
DA:595,1
DA:597,0
DA:600,0
DA:602,1
DA:611,1
DA:612,1
DA:613,1
DA:614,1
DA:615,1
DA:616,1
DA:617,1
DA:618,1
DA:620,1
DA:621,1
DA:622,1
DA:623,0
DA:625,1
DA:626,1
DA:627,1
DA:628,0
DA:630,1
DA:631,1
DA:632,1
DA:633,1
DA:634,1
DA:635,1
DA:636,1
DA:637,1
DA:638,1
DA:639,1
DA:642,1
DA:643,1
DA:644,1
DA:645,1
DA:646,1
DA:647,1
DA:648,1
DA:649,1
DA:650,1
DA:651,1
DA:654,1
DA:659,1
DA:660,1
DA:661,1
DA:662,1
DA:663,1
DA:664,1
DA:665,1
DA:666,1
DA:667,1
DA:668,1
DA:670,0
DA:672,1
DA:674,0
DA:676,1
DA:680,1
DA:681,1
DA:682,1
DA:683,1
DA:684,1
DA:685,1
DA:686,0
DA:687,1
DA:695,1
DA:701,1
DA:702,1
DA:703,1
DA:704,1
DA:705,1
DA:706,1
DA:707,1
DA:709,1
DA:710,1
DA:711,1
DA:712,1
DA:713,1
DA:714,1
DA:716,0
DA:718,1
DA:720,0
DA:722,1
BRF:0
BRH:0
LF:459
LH:393
end_of_record
SF:/var/home/jack/Code/koan/src/builtins/nominal_schema.rs
FN:89,_RNCNvNtNtCsbkxZCYEF3rm_4koan8builtins14nominal_schema21nominal_schema_action0B7_
FN:35,_RNvNtNtCsbkxZCYEF3rm_4koan8builtins14nominal_schema21nominal_schema_action
FN:89,_RNCNvNtNtCsSCJAO8sSnz_4koan8builtins14nominal_schema21nominal_schema_action0B7_
FN:35,_RNvNtNtCsSCJAO8sSnz_4koan8builtins14nominal_schema21nominal_schema_action
FNDA:2,_RNCNvNtNtCsbkxZCYEF3rm_4koan8builtins14nominal_schema21nominal_schema_action0B7_
FNDA:4,_RNvNtNtCsbkxZCYEF3rm_4koan8builtins14nominal_schema21nominal_schema_action
FNDA:1,_RNCNvNtNtCsSCJAO8sSnz_4koan8builtins14nominal_schema21nominal_schema_action0B7_
FNDA:71,_RNvNtNtCsSCJAO8sSnz_4koan8builtins14nominal_schema21nominal_schema_action
FNF:2
FNH:2
DA:35,75
DA:36,75
DA:37,75
DA:38,75
DA:39,75
DA:40,75
DA:41,75
DA:42,75
DA:43,75
DA:44,75
DA:45,75
DA:46,75
DA:50,75
DA:51,75
DA:52,75
DA:53,75
DA:54,75
DA:55,75
DA:56,75
DA:60,75
DA:61,75
DA:62,75
DA:63,75
DA:64,75
DA:65,75
DA:66,75
DA:67,75
DA:68,75
DA:69,75
DA:70,67
DA:71,67
DA:73,5
DA:75,3
DA:76,3
DA:78,3
DA:79,3
DA:80,3
DA:81,3
DA:82,3
DA:83,3
DA:84,3
DA:85,3
DA:86,3
DA:87,3
DA:88,3
DA:89,3
DA:93,75
BRF:0
BRH:0
LF:48
LH:48
end_of_record
SF:/var/home/jack/Code/koan/src/builtins/parameterized_types.rs
FN:44,_RNvMNtNtCsbkxZCYEF3rm_4koan8builtins19parameterized_typesNtB2_11CarrierKind15field_name_kind
FN:37,_RNvMNtNtCsbkxZCYEF3rm_4koan8builtins19parameterized_typesNtB2_11CarrierKind7context
FN:150,_RNvNtNtCsbkxZCYEF3rm_4koan8builtins19parameterized_types13build_carrier
FN:54,_RNvNtNtCsbkxZCYEF3rm_4koan8builtins19parameterized_types16finalize_carrier
FN:194,_RNvNtNtCsbkxZCYEF3rm_4koan8builtins19parameterized_types8register
FN:141,_RNvNtNtNtCsbkxZCYEF3rm_4koan8builtins19parameterized_types13action_bodies12body_functor
FN:88,_RNvNtNtNtCsbkxZCYEF3rm_4koan8builtins19parameterized_types13action_bodies12body_list_of
FN:104,_RNvNtNtNtCsbkxZCYEF3rm_4koan8builtins19parameterized_types13action_bodies13body_apply_as
FN:137,_RNvNtNtNtCsbkxZCYEF3rm_4koan8builtins19parameterized_types13action_bodies7body_fn
FN:94,_RNvNtNtNtCsbkxZCYEF3rm_4koan8builtins19parameterized_types13action_bodies8body_map
FN:186,_RNCNvNtNtCsbkxZCYEF3rm_4koan8builtins19parameterized_types13build_carrier0B7_
FN:44,_RNvMNtNtCsSCJAO8sSnz_4koan8builtins19parameterized_typesNtB2_11CarrierKind15field_name_kind
FN:37,_RNvMNtNtCsSCJAO8sSnz_4koan8builtins19parameterized_typesNtB2_11CarrierKind7context
FN:150,_RNvNtNtCsSCJAO8sSnz_4koan8builtins19parameterized_types13build_carrier
FN:54,_RNvNtNtCsSCJAO8sSnz_4koan8builtins19parameterized_types16finalize_carrier
FN:194,_RNvNtNtCsSCJAO8sSnz_4koan8builtins19parameterized_types8register
FN:141,_RNvNtNtNtCsSCJAO8sSnz_4koan8builtins19parameterized_types13action_bodies12body_functor
FN:88,_RNvNtNtNtCsSCJAO8sSnz_4koan8builtins19parameterized_types13action_bodies12body_list_of
FN:104,_RNvNtNtNtCsSCJAO8sSnz_4koan8builtins19parameterized_types13action_bodies13body_apply_as
FN:137,_RNvNtNtNtCsSCJAO8sSnz_4koan8builtins19parameterized_types13action_bodies7body_fn
FN:94,_RNvNtNtNtCsSCJAO8sSnz_4koan8builtins19parameterized_types13action_bodies8body_map
FN:186,_RNCNvNtNtCsSCJAO8sSnz_4koan8builtins19parameterized_types13build_carrier0B7_
FN:400,_RNvNtNtNtCsSCJAO8sSnz_4koan8builtins19parameterized_types5tests18assert_round_trips
FN:332,_RNvNtNtNtCsSCJAO8sSnz_4koan8builtins19parameterized_types5testss_22fn_lowers_to_kfunction
FN:426,_RNvNtNtNtCsSCJAO8sSnz_4koan8builtins19parameterized_types5testss_22fn_nullary_round_trips
FN:410,_RNvNtNtNtCsSCJAO8sSnz_4koan8builtins19parameterized_types5testss_26fn_multi_param_round_trips
FN:364,_RNvNtNtNtCsSCJAO8sSnz_4koan8builtins19parameterized_types5testss_26functor_lowers_to_kfunctor
FN:439,_RNvNtNtNtCsSCJAO8sSnz_4koan8builtins19parameterized_types5testss_27fn_nested_param_round_trips
FN:321,_RNvNtNtNtCsSCJAO8sSnz_4koan8builtins19parameterized_types5testss_29map_str_number_lowers_to_dict
FN:349,_RNvNtNtNtCsSCJAO8sSnz_4koan8builtins19parameterized_types5testss_30fn_nullary_lowers_to_kfunction
FN:284,_RNvNtNtNtCsSCJAO8sSnz_4koan8builtins19parameterized_types5testss_36apply_as_lowers_to_constructor_apply
FN:274,_RNvNtNtNtCsSCJAO8sSnz_4koan8builtins19parameterized_types5testss_36list_of_number_lowers_to_list_number
FN:381,_RNvNtNtNtCsSCJAO8sSnz_4koan8builtins19parameterized_types5testss_45fn_with_nested_list_param_lowers_to_kfunction
FN:455,_RNvNtNtNtCsSCJAO8sSnz_4koan8builtins19parameterized_types5testss_56functor_capitalized_param_round_trips_and_preserves_name
FNDA:6,_RNvMNtNtCsbkxZCYEF3rm_4koan8builtins19parameterized_typesNtB2_11CarrierKind15field_name_kind
FNDA:6,_RNvMNtNtCsbkxZCYEF3rm_4koan8builtins19parameterized_typesNtB2_11CarrierKind7context
FNDA:5,_RNvNtNtCsbkxZCYEF3rm_4koan8builtins19parameterized_types13build_carrier
FNDA:5,_RNvNtNtCsbkxZCYEF3rm_4koan8builtins19parameterized_types16finalize_carrier
FNDA:43,_RNvNtNtCsbkxZCYEF3rm_4koan8builtins19parameterized_types8register
FNDA:3,_RNvNtNtNtCsbkxZCYEF3rm_4koan8builtins19parameterized_types13action_bodies12body_functor
FNDA:3,_RNvNtNtNtCsbkxZCYEF3rm_4koan8builtins19parameterized_types13action_bodies12body_list_of
FNDA:0,_RNvNtNtNtCsbkxZCYEF3rm_4koan8builtins19parameterized_types13action_bodies13body_apply_as
FNDA:2,_RNvNtNtNtCsbkxZCYEF3rm_4koan8builtins19parameterized_types13action_bodies7body_fn
FNDA:2,_RNvNtNtNtCsbkxZCYEF3rm_4koan8builtins19parameterized_types13action_bodies8body_map
[...]
FNDA:2,_RNvMs3_NtCsSCJAO8sSnz_4koan9witnessedINtB5_9WitnessedNtNtB5_5tests9RefFamilyINtNtCsgW8esjfipvk_5alloc2rc2RcINtNtB1h_3vec3VecmEEE11from_erasedB7_
FNDA:2,_RNvMs3_NtCsSCJAO8sSnz_4koan9witnessedINtB5_9WitnessedNtNtB5_5tests9RefFamilyINtNtCsgW8esjfipvk_5alloc2rc2RcINtNtB1h_3vec3VecmEEE3newB7_
FNDA:2,_RNvMs3_NtCsSCJAO8sSnz_4koan9witnessedINtB5_9WitnessedNtNtB5_5tests9RefFamilyINtNtCsgW8esjfipvk_5alloc2rc2RcINtNtB1h_3vec3VecmEEE4readB7_
FNDA:4,_RNvMs3_NtCsSCJAO8sSnz_4koan9witnessedINtB5_9WitnessedNtNtB5_5tests9RefFamilyINtNtCsgW8esjfipvk_5alloc2rc2RcNtBR_8TestCartEE11from_erasedB7_
FNDA:108,_RNvMs3_NtCsSCJAO8sSnz_4koan9witnessedINtB5_9WitnessedNtNtNtNtB7_7machine4core5arena16RegionTypeFamilyNtBR_8FrameSetE11from_erasedB7_
FNDA:108,_RNvMs3_NtCsSCJAO8sSnz_4koan9witnessedINtB5_9WitnessedNtNtNtNtB7_7machine4core5arena16RegionTypeFamilyNtBR_8FrameSetE3newB7_
FNDA:317,_RNvMs3_NtCsSCJAO8sSnz_4koan9witnessedINtB5_9WitnessedNtNtNtNtB7_7machine7execute8finalize18ContractHomeFamilyNtNtNtBV_4core5arena8FrameSetE11from_erasedB7_
FNDA:317,_RNvMs3_NtCsSCJAO8sSnz_4koan9witnessedINtB5_9WitnessedNtNtNtNtB7_7machine7execute8finalize18ContractHomeFamilyNtNtNtBV_4core5arena8FrameSetE3newB7_
FNDA:6,_RNvMs3_NtCsSCJAO8sSnz_4koan9witnessedINtB5_9WitnessedNtNtNtNtB7_7machine7execute8run_loop15RegionRefFamilyNtNtNtBV_4core5arena8FrameSetE11from_erasedB7_
FNDA:6,_RNvMs3_NtCsSCJAO8sSnz_4koan9witnessedINtB5_9WitnessedNtNtNtNtB7_7machine7execute8run_loop15RegionRefFamilyNtNtNtBV_4core5arena8FrameSetE3newB7_
FNDA:1,_RNvMs3_NtCsSCJAO8sSnz_4koan9witnessedINtB5_9WitnessedNtNtNtNtNtB7_7machine4core5arena5tests14AggBuildFamilyNtBT_8FrameSetE11from_erasedB7_
FNDA:1988,_RNvMs3_NtCsSCJAO8sSnz_4koan9witnessedINtB5_9WitnessedNtNtNtNtNtB7_7machine5model6values7carried13CarriedFamilyNtNtNtBX_4core5arena8FrameSetE11from_erasedB7_
FNDA:265,_RNvMs3_NtCsSCJAO8sSnz_4koan9witnessedINtB5_9WitnessedNtNtNtNtNtB7_7machine5model6values7carried13CarriedFamilyNtNtNtBX_4core5arena8FrameSetE3newB7_
FNDA:1245,_RNvMs3_NtCsSCJAO8sSnz_4koan9witnessedINtB5_9WitnessedNtNtNtNtNtB7_7machine5model6values7carried13CarriedFamilyNtNtNtBX_4core5arena8FrameSetE4readB7_
FNDA:1872,_RNvMs3_NtCsSCJAO8sSnz_4koan9witnessedINtB5_9WitnessedNtNtNtNtNtB7_7machine5model6values7carried13CarriedFamilyNtNtNtBX_4core5arena8FrameSetE7witnessB7_
FNDA:1693,_RNvMs3_NtCsSCJAO8sSnz_4koan9witnessedINtB5_9WitnessedNtNtNtNtNtB7_7machine5model6values7carried13CarriedFamilyNtNtNtBX_4core5arena8FrameSetE9duplicateB7_
FNDA:19,_RNvMs3_NtCsSCJAO8sSnz_4koan9witnessedINtB5_9WitnessedNtNtNtNtNtB7_7machine7execute8dispatch12constructors18RecordFieldsFamilyNtNtNtBX_4core5arena8FrameSetE11from_erasedB7_
FNDA:73,_RNvMs3_NtCsSCJAO8sSnz_4koan9witnessedINtB5_9WitnessedNtNtNtNtNtB7_7machine7execute8dispatch7literal14AggBuildFamilyNtNtNtBX_4core5arena8FrameSetE11from_erasedB7_
FNDA:2144,_RNvMs4_NtCsSCJAO8sSnz_4koan9witnessedINtB5_6SealedNtNtNtNtNtB7_7machine5model6values7carried13CarriedFamilyNtNtNtBU_4core5arena8FrameSetE4sealB7_
FNDA:1437,_RNvMs4_NtCsSCJAO8sSnz_4koan9witnessedINtB5_6SealedNtNtNtNtNtB7_7machine5model6values7carried13CarriedFamilyNtNtNtBU_4core5arena8FrameSetE7witnessB7_
FNDA:1423,_RNvMs4_NtCsSCJAO8sSnz_4koan9witnessedINtB5_6SealedNtNtNtNtNtB7_7machine5model6values7carried13CarriedFamilyNtNtNtBU_4core5arena8FrameSetE9duplicateB7_
FNDA:2,_RNvMs5_NtCsSCJAO8sSnz_4koan9witnessedINtB5_12SealedExternNtNtB5_5tests9BoxFamilyE5eraseB7_
FNDA:1,_RNvMs5_NtCsSCJAO8sSnz_4koan9witnessedINtB5_12SealedExternNtNtB5_5tests9InvFamilyE5eraseB7_
FNDA:1,_RNvMs5_NtCsSCJAO8sSnz_4koan9witnessedINtB5_12SealedExternNtNtB5_5tests9RefFamilyE4sealB7_
FNDA:1,_RNvMs5_NtCsSCJAO8sSnz_4koan9witnessedINtB5_12SealedExternNtNtB5_5tests9RefFamilyE5eraseB7_
FNDA:1,_RNvMs5_NtCsSCJAO8sSnz_4koan9witnessedINtB5_12SealedExternNtNtNtNtB7_7machine4core9scope_ptr14ScopeRefFamilyE14static_carrierB7_
FNDA:1453,_RNvMs5_NtCsSCJAO8sSnz_4koan9witnessedINtB5_12SealedExternNtNtNtNtB7_7machine4core9scope_ptr14ScopeRefFamilyE5eraseB7_
FNDA:5725,_RNvMs5_NtCsSCJAO8sSnz_4koan9witnessedINtB5_12SealedExternNtNtNtNtB7_7machine7execute7outcome18ContinuationFamilyE4sealB7_
FNDA:5724,_RNvMs5_NtCsSCJAO8sSnz_4koan9witnessedINtB5_12SealedExternNtNtNtNtB7_7machine7execute8run_loop16DepResultsFamilyE5eraseB7_
FNF:30
FNH:26
DA:83,170409
DA:85,170409
DA:88,170409
DA:89,170409
DA:97,77091
DA:100,77091
DA:101,77091
DA:116,17979
DA:117,17979
DA:118,17979
DA:119,17979
DA:120,17979
DA:131,10716
DA:133,10716
DA:134,10716
DA:141,0
DA:142,0
DA:143,0
DA:144,0
DA:145,0
DA:168,0
DA:169,0
DA:170,0
DA:171,0
DA:238,772
DA:239,772
DA:240,772
DA:246,2747
DA:247,2747
DA:248,2747
DA:288,1967
DA:289,1967
DA:290,1967
DA:291,1967
DA:297,1967
DA:298,1967
DA:299,1967
DA:329,13
DA:334,13
DA:335,13
DA:336,13
DA:337,13
DA:372,76
DA:373,76
DA:374,76
DA:375,76
DA:376,76
DA:381,76
DA:382,76
DA:383,76
DA:384,76
DA:385,76
DA:386,76
DA:387,76
DA:433,652
DA:434,652
DA:435,652
DA:436,652
DA:437,652
DA:438,652
DA:439,652
DA:444,652
DA:446,651
DA:447,651
DA:448,651
DA:450,651
DA:451,651
DA:452,651
DA:458,651
DA:459,651
DA:460,651
DA:463,651
DA:464,651
DA:465,651
DA:466,651
DA:467,651
DA:468,651
DA:469,652
DA:482,1369
DA:483,1369
DA:484,1369
DA:490,1369
DA:491,1369
DA:496,1852
DA:497,1852
DA:498,1852
DA:499,1852
DA:501,1852
DA:502,1852
DA:503,1852
DA:504,1852
DA:505,1852
DA:510,2063
DA:511,2063
DA:512,2063
DA:530,2359
DA:531,2359
DA:532,2359
DA:565,1367
DA:566,1367
DA:567,1367
DA:573,1367
DA:574,1367
DA:590,298
DA:591,298
DA:592,298
DA:593,298
DA:594,298
DA:595,298
DA:596,298
DA:597,298
DA:599,298
DA:600,298
DA:607,1554
DA:608,1554
DA:609,1554
DA:610,1554
DA:612,1554
DA:613,1554
DA:614,1554
DA:615,1554
DA:621,1575
DA:622,1575
DA:623,1575
DA:645,6260
DA:646,6260
DA:647,6260
DA:652,7806
DA:653,7806
DA:654,7806
DA:655,7806
DA:656,7806
DA:666,1
DA:667,1
DA:668,1
DA:670,1
DA:671,1
DA:709,10715
DA:715,10715
DA:716,10715
DA:717,10715
DA:724,18778
DA:725,18778
DA:726,18778
DA:727,18778
DA:728,18778
DA:729,18778
DA:730,18778
DA:737,0
DA:738,0
DA:739,0
DA:740,0
DA:741,0
DA:754,6260
DA:757,6260
DA:760,6260
DA:794,1970
DA:795,1970
DA:796,1970
DA:797,1970
DA:798,1970
DA:799,1970
DA:804,1970
DA:805,1970
DA:806,1970
DA:821,77872
DA:822,77872
DA:823,77872
DA:824,77872
DA:829,77872
DA:830,77872
BRF:0
BRH:0
LF:171
LH:157
end_of_record
SF:/var/home/jack/Code/koan/src/witnessed/region.rs
FN:48,_RNvYNtNtNtNtNtCsbkxZCYEF3rm_4koan7machine5model5types5ktype5KTypeINtNtNtBc_9witnessed6region6StoredNtNtNtBa_4core5arena18KoanStorageProfileE12record_localBc_
FN:75,_RINvMNtNtCsbkxZCYEF3rm_4koan9witnessed6regionINtB3_6RegionNtNtNtNtB7_7machine4core5arena18KoanStorageProfileE10family_lenNtNtBY_9kfunction9KFunctionEB7_
FN:97,_RINvMNtNtCsbkxZCYEF3rm_4koan9witnessed6regionINtB3_6RegionNtNtNtNtB7_7machine4core5arena18KoanStorageProfileE5allocNtNtBY_5scope5ScopeEB7_
FN:97,_RINvMNtNtCsbkxZCYEF3rm_4koan9witnessed6regionINtB3_6RegionNtNtNtNtB7_7machine4core5arena18KoanStorageProfileE5allocNtNtBY_9kfunction9KFunctionEB7_
FN:97,_RINvMNtNtCsbkxZCYEF3rm_4koan9witnessed6regionINtB3_6RegionNtNtNtNtB7_7machine4core5arena18KoanStorageProfileE5allocNtNtNtB10_5model9operators13OperatorGroupEB7_
FN:97,_RINvMNtNtCsbkxZCYEF3rm_4koan9witnessed6regionINtB3_6RegionNtNtNtNtB7_7machine4core5arena18KoanStorageProfileE5allocNtNtNtNtB10_5model5types5ktype5KTypeEB7_
FN:97,_RINvMNtNtCsbkxZCYEF3rm_4koan9witnessed6regionINtB3_6RegionNtNtNtNtB7_7machine4core5arena18KoanStorageProfileE5allocNtNtNtNtB10_5model6values6module15ModuleSignatureEB7_
FN:97,_RINvMNtNtCsbkxZCYEF3rm_4koan9witnessed6regionINtB3_6RegionNtNtNtNtB7_7machine4core5arena18KoanStorageProfileE5allocNtNtNtNtB10_5model6values6module6ModuleEB7_
FN:97,_RINvMNtNtCsbkxZCYEF3rm_4koan9witnessed6regionINtB3_6RegionNtNtNtNtB7_7machine4core5arena18KoanStorageProfileE5allocNtNtNtNtB10_5model6values7kobject7KObjectEB7_
FN:86,_RNvMNtNtCsbkxZCYEF3rm_4koan9witnessed6regionINtB2_6RegionNtNtNtNtB6_7machine4core5arena18KoanStorageProfileE11record_addrB6_
FN:66,_RNvMNtNtCsbkxZCYEF3rm_4koan9witnessed6regionINtB2_6RegionNtNtNtNtB6_7machine4core5arena18KoanStorageProfileE3newB6_
FN:80,_RNvMNtNtCsbkxZCYEF3rm_4koan9witnessed6regionINtB2_6RegionNtNtNtNtB6_7machine4core5arena18KoanStorageProfileE9owns_addrB6_
FN:112,_RNvXININtNtCsbkxZCYEF3rm_4koan9witnessed6regions_0pEINtB5_6RegionpENtNtCs27Vx93FoQ6z_4core7default7Default7defaultB9_
FN:48,_RNvYNtNtNtNtCsbkxZCYEF3rm_4koan7machine4core9kfunction9KFunctionINtNtNtBa_9witnessed6region6StoredNtNtB6_5arena18KoanStorageProfileE12record_localBa_
FN:48,_RNvYNtNtNtNtNtCsbkxZCYEF3rm_4koan7machine5model6values6module15ModuleSignatureINtNtNtBc_9witnessed6region6StoredNtNtNtBa_4core5arena18KoanStorageProfileE12record_localBc_
FN:48,_RNvYNtNtNtNtNtCsbkxZCYEF3rm_4koan7machine5model6values6module6ModuleINtNtNtBc_9witnessed6region6StoredNtNtNtBa_4core5arena18KoanStorageProfileE12record_localBc_
FN:48,_RNvYNtNtNtNtCsbkxZCYEF3rm_4koan7machine5model9operators13OperatorGroupINtNtNtBa_9witnessed6region6StoredNtNtNtB8_4core5arena18KoanStorageProfileE12record_localBa_
FN:48,_RNvYNtNtNtNtCsbkxZCYEF3rm_4koan7machine4core5scope5ScopeINtNtNtBa_9witnessed6region6StoredNtNtB6_5arena18KoanStorageProfileE12record_localBa_
FN:48,_RNvYNtNtNtNtNtCsSCJAO8sSnz_4koan7machine5model5types5ktype5KTypeINtNtNtBc_9witnessed6region6StoredNtNtNtBa_4core5arena18KoanStorageProfileE12record_localBc_
FN:48,_RNvYNtNtNtNtCsSCJAO8sSnz_4koan7machine4core9kfunction9KFunctionINtNtNtBa_9witnessed6region6StoredNtNtB6_5arena18KoanStorageProfileE12record_localBa_
FN:112,_RNvXININtNtCsSCJAO8sSnz_4koan9witnessed6regions_0pEINtB5_6RegionpENtNtCs27Vx93FoQ6z_4core7default7Default7defaultB9_
FN:75,_RINvMNtNtCsSCJAO8sSnz_4koan9witnessed6regionINtB3_6RegionNtNtNtNtB7_7machine4core5arena18KoanStorageProfileE10family_lenNtNtBX_5scope5ScopeEB7_
FN:75,_RINvMNtNtCsSCJAO8sSnz_4koan9witnessed6regionINtB3_6RegionNtNtNtNtB7_7machine4core5arena18KoanStorageProfileE10family_lenNtNtBX_9kfunction9KFunctionEB7_
FN:75,_RINvMNtNtCsSCJAO8sSnz_4koan9witnessed6regionINtB3_6RegionNtNtNtNtB7_7machine4core5arena18KoanStorageProfileE10family_lenNtNtNtBZ_5model9operators13OperatorGroupEB7_
FN:75,_RINvMNtNtCsSCJAO8sSnz_4koan9witnessed6regionINtB3_6RegionNtNtNtNtB7_7machine4core5arena18KoanStorageProfileE10family_lenNtNtNtNtBZ_5model5types5ktype5KTypeEB7_
FN:75,_RINvMNtNtCsSCJAO8sSnz_4koan9witnessed6regionINtB3_6RegionNtNtNtNtB7_7machine4core5arena18KoanStorageProfileE10family_lenNtNtNtNtBZ_5model6values6module15ModuleSignatureEB7_
FN:75,_RINvMNtNtCsSCJAO8sSnz_4koan9witnessed6regionINtB3_6RegionNtNtNtNtB7_7machine4core5arena18KoanStorageProfileE10family_lenNtNtNtNtBZ_5model6values6module6ModuleEB7_
FN:75,_RINvMNtNtCsSCJAO8sSnz_4koan9witnessed6regionINtB3_6RegionNtNtNtNtB7_7machine4core5arena18KoanStorageProfileE10family_lenNtNtNtNtBZ_5model6values7kobject7KObjectEB7_
FN:97,_RINvMNtNtCsSCJAO8sSnz_4koan9witnessed6regionINtB3_6RegionNtNtNtNtB7_7machine4core5arena18KoanStorageProfileE5allocNtNtBX_5scope5ScopeEB7_
FN:97,_RINvMNtNtCsSCJAO8sSnz_4koan9witnessed6regionINtB3_6RegionNtNtNtNtB7_7machine4core5arena18KoanStorageProfileE5allocNtNtBX_9kfunction9KFunctionEB7_
FN:97,_RINvMNtNtCsSCJAO8sSnz_4koan9witnessed6regionINtB3_6RegionNtNtNtNtB7_7machine4core5arena18KoanStorageProfileE5allocNtNtNtBZ_5model9operators13OperatorGroupEB7_
FN:97,_RINvMNtNtCsSCJAO8sSnz_4koan9witnessed6regionINtB3_6RegionNtNtNtNtB7_7machine4core5arena18KoanStorageProfileE5allocNtNtNtNtBZ_5model5types5ktype5KTypeEB7_
FN:97,_RINvMNtNtCsSCJAO8sSnz_4koan9witnessed6regionINtB3_6RegionNtNtNtNtB7_7machine4core5arena18KoanStorageProfileE5allocNtNtNtNtBZ_5model6values6module15ModuleSignatureEB7_
FN:97,_RINvMNtNtCsSCJAO8sSnz_4koan9witnessed6regionINtB3_6RegionNtNtNtNtB7_7machine4core5arena18KoanStorageProfileE5allocNtNtNtNtBZ_5model6values6module6ModuleEB7_
FN:97,_RINvMNtNtCsSCJAO8sSnz_4koan9witnessed6regionINtB3_6RegionNtNtNtNtB7_7machine4core5arena18KoanStorageProfileE5allocNtNtNtNtBZ_5model6values7kobject7KObjectEB7_
FN:86,_RNvMNtNtCsSCJAO8sSnz_4koan9witnessed6regionINtB2_6RegionNtNtNtNtB6_7machine4core5arena18KoanStorageProfileE11record_addrB6_
FN:66,_RNvMNtNtCsSCJAO8sSnz_4koan9witnessed6regionINtB2_6RegionNtNtNtNtB6_7machine4core5arena18KoanStorageProfileE3newB6_
FN:80,_RNvMNtNtCsSCJAO8sSnz_4koan9witnessed6regionINtB2_6RegionNtNtNtNtB6_7machine4core5arena18KoanStorageProfileE9owns_addrB6_
FN:48,_RNvYNtNtNtNtNtCsSCJAO8sSnz_4koan7machine5model6values6module15ModuleSignatureINtNtNtBc_9witnessed6region6StoredNtNtNtBa_4core5arena18KoanStorageProfileE12record_localBc_
FN:48,_RNvYNtNtNtNtNtCsSCJAO8sSnz_4koan7machine5model6values6module6ModuleINtNtNtBc_9witnessed6region6StoredNtNtNtBa_4core5arena18KoanStorageProfileE12record_localBc_
FN:48,_RNvYNtNtNtNtCsSCJAO8sSnz_4koan7machine5model9operators13OperatorGroupINtNtNtBa_9witnessed6region6StoredNtNtNtB8_4core5arena18KoanStorageProfileE12record_localBa_
FN:48,_RNvYNtNtNtNtCsSCJAO8sSnz_4koan7machine4core5scope5ScopeINtNtNtBa_9witnessed6region6StoredNtNtB6_5arena18KoanStorageProfileE12record_localBa_
FNDA:901,_RNvYNtNtNtNtNtCsbkxZCYEF3rm_4koan7machine5model5types5ktype5KTypeINtNtNtBc_9witnessed6region6StoredNtNtNtBa_4core5arena18KoanStorageProfileE12record_localBc_
FNDA:0,_RINvMNtNtCsbkxZCYEF3rm_4koan9witnessed6regionINtB3_6RegionNtNtNtNtB7_7machine4core5arena18KoanStorageProfileE10family_lenNtNtBY_9kfunction9KFunctionEB7_
FNDA:133,_RINvMNtNtCsbkxZCYEF3rm_4koan9witnessed6regionINtB3_6RegionNtNtNtNtB7_7machine4core5arena18KoanStorageProfileE5allocNtNtBY_5scope5ScopeEB7_
FNDA:1652,_RINvMNtNtCsbkxZCYEF3rm_4koan9witnessed6regionINtB3_6RegionNtNtNtNtB7_7machine4core5arena18KoanStorageProfileE5allocNtNtBY_9kfunction9KFunctionEB7_
FNDA:0,_RINvMNtNtCsbkxZCYEF3rm_4koan9witnessed6regionINtB3_6RegionNtNtNtNtB7_7machine4core5arena18KoanStorageProfileE5allocNtNtNtB10_5model9operators13OperatorGroupEB7_
FNDA:901,_RINvMNtNtCsbkxZCYEF3rm_4koan9witnessed6regionINtB3_6RegionNtNtNtNtB7_7machine4core5arena18KoanStorageProfileE5allocNtNtNtNtB10_5model5types5ktype5KTypeEB7_
FNDA:15,_RINvMNtNtCsbkxZCYEF3rm_4koan9witnessed6regionINtB3_6RegionNtNtNtNtB7_7machine4core5arena18KoanStorageProfileE5allocNtNtNtNtB10_5model6values6module15ModuleSignatureEB7_
FNDA:25,_RINvMNtNtCsbkxZCYEF3rm_4koan9witnessed6regionINtB3_6RegionNtNtNtNtB7_7machine4core5arena18KoanStorageProfileE5allocNtNtNtNtB10_5model6values6module6ModuleEB7_
FNDA:1919,_RINvMNtNtCsbkxZCYEF3rm_4koan9witnessed6regionINtB3_6RegionNtNtNtNtB7_7machine4core5arena18KoanStorageProfileE5allocNtNtNtNtB10_5model6values7kobject7KObjectEB7_
FNDA:1919,_RNvMNtNtCsbkxZCYEF3rm_4koan9witnessed6regionINtB2_6RegionNtNtNtNtB6_7machine4core5arena18KoanStorageProfileE11record_addrB6_
FNDA:52,_RNvMNtNtCsbkxZCYEF3rm_4koan9witnessed6regionINtB2_6RegionNtNtNtNtB6_7machine4core5arena18KoanStorageProfileE3newB6_
FNDA:0,_RNvMNtNtCsbkxZCYEF3rm_4koan9witnessed6regionINtB2_6RegionNtNtNtNtB6_7machine4core5arena18KoanStorageProfileE9owns_addrB6_
FNDA:0,_RNvXININtNtCsbkxZCYEF3rm_4koan9witnessed6regions_0pEINtB5_6RegionpENtNtCs27Vx93FoQ6z_4core7default7Default7defaultB9_
FNDA:1652,_RNvYNtNtNtNtCsbkxZCYEF3rm_4koan7machine4core9kfunction9KFunctionINtNtNtBa_9witnessed6region6StoredNtNtB6_5arena18KoanStorageProfileE12record_localBa_
FNDA:15,_RNvYNtNtNtNtNtCsbkxZCYEF3rm_4koan7machine5model6values6module15ModuleSignatureINtNtNtBc_9witnessed6region6StoredNtNtNtBa_4core5arena18KoanStorageProfileE12record_localBc_
FNDA:25,_RNvYNtNtNtNtNtCsbkxZCYEF3rm_4koan7machine5model6values6module6ModuleINtNtNtBc_9witnessed6region6StoredNtNtNtBa_4core5arena18KoanStorageProfileE12record_localBc_
FNDA:0,_RNvYNtNtNtNtCsbkxZCYEF3rm_4koan7machine5model9operators13OperatorGroupINtNtNtBa_9witnessed6region6StoredNtNtNtB8_4core5arena18KoanStorageProfileE12record_localBa_
FNDA:133,_RNvYNtNtNtNtCsbkxZCYEF3rm_4koan7machine4core5scope5ScopeINtNtNtBa_9witnessed6region6StoredNtNtB6_5arena18KoanStorageProfileE12record_localBa_
FNDA:8796,_RNvYNtNtNtNtNtCsSCJAO8sSnz_4koan7machine5model5types5ktype5KTypeINtNtNtBc_9witnessed6region6StoredNtNtNtBa_4core5arena18KoanStorageProfileE12record_localBc_
FNDA:18470,_RNvYNtNtNtNtCsSCJAO8sSnz_4koan7machine4core9kfunction9KFunctionINtNtNtBa_9witnessed6region6StoredNtNtB6_5arena18KoanStorageProfileE12record_localBa_
FNDA:0,_RNvXININtNtCsSCJAO8sSnz_4koan9witnessed6regions_0pEINtB5_6RegionpENtNtCs27Vx93FoQ6z_4core7default7Default7defaultB9_
FNDA:8,_RINvMNtNtCsSCJAO8sSnz_4koan9witnessed6regionINtB3_6RegionNtNtNtNtB7_7machine4core5arena18KoanStorageProfileE10family_lenNtNtBX_5scope5ScopeEB7_
FNDA:8,_RINvMNtNtCsSCJAO8sSnz_4koan9witnessed6regionINtB3_6RegionNtNtNtNtB7_7machine4core5arena18KoanStorageProfileE10family_lenNtNtBX_9kfunction9KFunctionEB7_
FNDA:8,_RINvMNtNtCsSCJAO8sSnz_4koan9witnessed6regionINtB3_6RegionNtNtNtNtB7_7machine4core5arena18KoanStorageProfileE10family_lenNtNtNtBZ_5model9operators13OperatorGroupEB7_
FNDA:8,_RINvMNtNtCsSCJAO8sSnz_4koan9witnessed6regionINtB3_6RegionNtNtNtNtB7_7machine4core5arena18KoanStorageProfileE10family_lenNtNtNtNtBZ_5model5types5ktype5KTypeEB7_
FNDA:8,_RINvMNtNtCsSCJAO8sSnz_4koan9witnessed6regionINtB3_6RegionNtNtNtNtB7_7machine4core5arena18KoanStorageProfileE10family_lenNtNtNtNtBZ_5model6values6module15ModuleSignatureEB7_
FNDA:8,_RINvMNtNtCsSCJAO8sSnz_4koan9witnessed6regionINtB3_6RegionNtNtNtNtB7_7machine4core5arena18KoanStorageProfileE10family_lenNtNtNtNtBZ_5model6values6module6ModuleEB7_
FNDA:8,_RINvMNtNtCsSCJAO8sSnz_4koan9witnessed6regionINtB3_6RegionNtNtNtNtB7_7machine4core5arena18KoanStorageProfileE10family_lenNtNtNtNtBZ_5model6values7kobject7KObjectEB7_
FNDA:1696,_RINvMNtNtCsSCJAO8sSnz_4koan9witnessed6regionINtB3_6RegionNtNtNtNtB7_7machine4core5arena18KoanStorageProfileE5allocNtNtBX_5scope5ScopeEB7_
FNDA:18470,_RINvMNtNtCsSCJAO8sSnz_4koan9witnessed6regionINtB3_6RegionNtNtNtNtB7_7machine4core5arena18KoanStorageProfileE5allocNtNtBX_9kfunction9KFunctionEB7_
FNDA:7,_RINvMNtNtCsSCJAO8sSnz_4koan9witnessed6regionINtB3_6RegionNtNtNtNtB7_7machine4core5arena18KoanStorageProfileE5allocNtNtNtBZ_5model9operators13OperatorGroupEB7_
FNDA:8796,_RINvMNtNtCsSCJAO8sSnz_4koan9witnessed6regionINtB3_6RegionNtNtNtNtB7_7machine4core5arena18KoanStorageProfileE5allocNtNtNtNtBZ_5model5types5ktype5KTypeEB7_
FNDA:74,_RINvMNtNtCsSCJAO8sSnz_4koan9witnessed6regionINtB3_6RegionNtNtNtNtB7_7machine4core5arena18KoanStorageProfileE5allocNtNtNtNtBZ_5model6values6module15ModuleSignatureEB7_
FNDA:129,_RINvMNtNtCsSCJAO8sSnz_4koan9witnessed6regionINtB3_6RegionNtNtNtNtB7_7machine4core5arena18KoanStorageProfileE5allocNtNtNtNtBZ_5model6values6module6ModuleEB7_
FNDA:22243,_RINvMNtNtCsSCJAO8sSnz_4koan9witnessed6regionINtB3_6RegionNtNtNtNtB7_7machine4core5arena18KoanStorageProfileE5allocNtNtNtNtBZ_5model6values7kobject7KObjectEB7_
FNDA:22243,_RNvMNtNtCsSCJAO8sSnz_4koan9witnessed6regionINtB2_6RegionNtNtNtNtB6_7machine4core5arena18KoanStorageProfileE11record_addrB6_
FNDA:1019,_RNvMNtNtCsSCJAO8sSnz_4koan9witnessed6regionINtB2_6RegionNtNtNtNtB6_7machine4core5arena18KoanStorageProfileE3newB6_
FNDA:6,_RNvMNtNtCsSCJAO8sSnz_4koan9witnessed6regionINtB2_6RegionNtNtNtNtB6_7machine4core5arena18KoanStorageProfileE9owns_addrB6_
FNDA:74,_RNvYNtNtNtNtNtCsSCJAO8sSnz_4koan7machine5model6values6module15ModuleSignatureINtNtNtBc_9witnessed6region6StoredNtNtNtBa_4core5arena18KoanStorageProfileE12record_localBc_
FNDA:129,_RNvYNtNtNtNtNtCsSCJAO8sSnz_4koan7machine5model6values6module6ModuleINtNtNtBc_9witnessed6region6StoredNtNtNtBa_4core5arena18KoanStorageProfileE12record_localBc_
FNDA:7,_RNvYNtNtNtNtCsSCJAO8sSnz_4koan7machine5model9operators13OperatorGroupINtNtNtBa_9witnessed6region6StoredNtNtNtB8_4core5arena18KoanStorageProfileE12record_localBa_
FNDA:1696,_RNvYNtNtNtNtCsSCJAO8sSnz_4koan7machine4core5scope5ScopeINtNtNtBa_9witnessed6region6StoredNtNtB6_5arena18KoanStorageProfileE12record_localBa_
FNF:7
FNH:6
DA:48,31898
DA:66,1071
DA:67,1071
DA:68,1071
DA:69,1071
DA:70,1071
DA:71,1071
DA:75,56
DA:76,56
DA:77,56
DA:80,6
DA:81,6
DA:82,6
DA:86,24162
DA:87,24162
DA:88,24162
DA:97,56060
DA:98,56060
DA:99,56060
DA:102,56060
DA:107,56060
DA:108,56060
DA:112,0
DA:113,0
DA:114,0
BRF:0
BRH:0
LF:25
LH:22
end_of_record