SF:/var/home/jack/Code/koan/src/builtins.rs
FN:111,_RNvNtCs3yqXWJWMNss_4koan8builtins13default_scope
FN:77,_RNvNtCs3yqXWJWMNss_4koan8builtins16register_builtin
FN:42,_RNvNtCs3yqXWJWMNss_4koan8builtins20dispatch_constructor
FN:88,_RNvNtCs3yqXWJWMNss_4koan8builtins29register_builtin_with_pre_run
FN:61,_RNvNtCs3yqXWJWMNss_4koan8builtins2kw
FN:66,_RNvNtCs3yqXWJWMNss_4koan8builtins3arg
FN:56,_RNvNtCs3yqXWJWMNss_4koan8builtins3err
FN:73,_RNvNtCs3yqXWJWMNss_4koan8builtins3sig
FN:111,_RNvNtCs8h7e9k1J8CD_4koan8builtins13default_scope
FN:77,_RNvNtCs8h7e9k1J8CD_4koan8builtins16register_builtin
FN:42,_RNvNtCs8h7e9k1J8CD_4koan8builtins20dispatch_constructor
FN:88,_RNvNtCs8h7e9k1J8CD_4koan8builtins29register_builtin_with_pre_run
FN:61,_RNvNtCs8h7e9k1J8CD_4koan8builtins2kw
FN:66,_RNvNtCs8h7e9k1J8CD_4koan8builtins3arg
FN:56,_RNvNtCs8h7e9k1J8CD_4koan8builtins3err
FN:73,_RNvNtCs8h7e9k1J8CD_4koan8builtins3sig
FNDA:15,_RNvNtCs3yqXWJWMNss_4koan8builtins13default_scope
FNDA:450,_RNvNtCs3yqXWJWMNss_4koan8builtins16register_builtin
FNDA:1,_RNvNtCs3yqXWJWMNss_4koan8builtins20dispatch_constructor
FNDA:600,_RNvNtCs3yqXWJWMNss_4koan8builtins29register_builtin_with_pre_run
FNDA:720,_RNvNtCs3yqXWJWMNss_4koan8builtins2kw
FNDA:1035,_RNvNtCs3yqXWJWMNss_4koan8builtins3arg
FNDA:0,_RNvNtCs3yqXWJWMNss_4koan8builtins3err
FNDA:570,_RNvNtCs3yqXWJWMNss_4koan8builtins3sig
FNDA:406,_RNvNtCs8h7e9k1J8CD_4koan8builtins13default_scope
FNDA:12200,_RNvNtCs8h7e9k1J8CD_4koan8builtins16register_builtin
FNDA:93,_RNvNtCs8h7e9k1J8CD_4koan8builtins20dispatch_constructor
FNDA:16261,_RNvNtCs8h7e9k1J8CD_4koan8builtins29register_builtin_with_pre_run
FNDA:19488,_RNvNtCs8h7e9k1J8CD_4koan8builtins2kw
FNDA:28014,_RNvNtCs8h7e9k1J8CD_4koan8builtins3arg
FNDA:68,_RNvNtCs8h7e9k1J8CD_4koan8builtins3err
FNDA:15428,_RNvNtCs8h7e9k1J8CD_4koan8builtins3sig
FNF:8
FNH:8
DA:42,94
DA:43,94
DA:44,94
DA:45,94
DA:46,94
DA:47,63
DA:48,30
DA:49,1
DA:51,94
DA:56,68
DA:57,68
DA:58,68
DA:61,20208
DA:62,20208
DA:63,20208
DA:66,29049
DA:67,29049
DA:68,29049
DA:73,15998
DA:74,15998
DA:75,15998
DA:77,12650
DA:78,12650
DA:79,12650
DA:80,12650
DA:81,12650
DA:82,12650
DA:83,12650
DA:84,12650
DA:88,16861
DA:89,16861
DA:90,16861
DA:91,16861
DA:92,16861
DA:93,16861
DA:94,16861
DA:95,16861
DA:98,16861
DA:99,16861
DA:100,16861
DA:101,16861
DA:102,16861
DA:111,421
DA:112,421
DA:113,421
DA:114,421
DA:115,421
DA:121,421
DA:122,421
DA:123,421
DA:124,421
DA:125,421
DA:126,421
DA:127,421
DA:128,421
DA:130,421
DA:131,421
DA:136,421
DA:137,421
DA:140,421
DA:141,421
DA:142,421
DA:144,421
DA:145,421
DA:146,421
DA:147,421
DA:148,421
DA:149,421
DA:150,421
DA:151,421
DA:152,421
DA:153,421
DA:154,421
DA:155,421
DA:156,421
DA:157,421
DA:158,421
DA:159,421
DA:160,421
DA:161,421
DA:162,421
DA:163,421
DA:164,421
DA:165,421
DA:166,421
DA:167,421
DA:168,421
DA:169,421
DA:171,421
DA:172,421
BRF:0
BRH:0
LF:90
LH:90
end_of_record
SF:/var/home/jack/Code/koan/src/builtins/ascribe.rs
FN:16,_RNvNtNtCs3yqXWJWMNss_4koan8builtins7ascribe11body_opaque
FN:129,_RNvNtNtCs3yqXWJWMNss_4koan8builtins7ascribe11shape_check
FN:100,_RNvNtNtCs3yqXWJWMNss_4koan8builtins7ascribe16body_transparent
FN:179,_RNvNtNtCs3yqXWJWMNss_4koan8builtins7ascribe21is_abstract_type_name
FN:162,_RNvNtNtCs3yqXWJWMNss_4koan8builtins7ascribe22abstract_type_names_of
FN:191,_RNvNtNtCs3yqXWJWMNss_4koan8builtins7ascribe28resolve_module_and_signature
FN:199,_RNvNtNtCs3yqXWJWMNss_4koan8builtins7ascribe8register
FN:185,_RNCNvNtNtCs3yqXWJWMNss_4koan8builtins7ascribe21is_abstract_type_name0B7_
FN:185,_RNCNvNtNtCs8h7e9k1J8CD_4koan8builtins7ascribe21is_abstract_type_name0B7_
FN:16,_RNvNtNtCs8h7e9k1J8CD_4koan8builtins7ascribe11body_opaque
FN:129,_RNvNtNtCs8h7e9k1J8CD_4koan8builtins7ascribe11shape_check
FN:100,_RNvNtNtCs8h7e9k1J8CD_4koan8builtins7ascribe16body_transparent
FN:179,_RNvNtNtCs8h7e9k1J8CD_4koan8builtins7ascribe21is_abstract_type_name
FN:162,_RNvNtNtCs8h7e9k1J8CD_4koan8builtins7ascribe22abstract_type_names_of
FN:191,_RNvNtNtCs8h7e9k1J8CD_4koan8builtins7ascribe28resolve_module_and_signature
FN:199,_RNvNtNtCs8h7e9k1J8CD_4koan8builtins7ascribe8register
FNDA:0,_RNvNtNtCs3yqXWJWMNss_4koan8builtins7ascribe11body_opaque
FNDA:0,_RNvNtNtCs3yqXWJWMNss_4koan8builtins7ascribe11shape_check
FNDA:0,_RNvNtNtCs3yqXWJWMNss_4koan8builtins7ascribe16body_transparent
FNDA:0,_RNvNtNtCs3yqXWJWMNss_4koan8builtins7ascribe21is_abstract_type_name
FNDA:0,_RNvNtNtCs3yqXWJWMNss_4koan8builtins7ascribe22abstract_type_names_of
FNDA:0,_RNvNtNtCs3yqXWJWMNss_4koan8builtins7ascribe28resolve_module_and_signature
FNDA:15,_RNvNtNtCs3yqXWJWMNss_4koan8builtins7ascribe8register
FNDA:0,_RNCNvNtNtCs3yqXWJWMNss_4koan8builtins7ascribe21is_abstract_type_name0B7_
FNDA:9,_RNCNvNtNtCs8h7e9k1J8CD_4koan8builtins7ascribe21is_abstract_type_name0B7_
FNDA:20,_RNvNtNtCs8h7e9k1J8CD_4koan8builtins7ascribe11body_opaque
FNDA:36,_RNvNtNtCs8h7e9k1J8CD_4koan8builtins7ascribe11shape_check
FNDA:16,_RNvNtNtCs8h7e9k1J8CD_4koan8builtins7ascribe16body_transparent
FNDA:122,_RNvNtNtCs8h7e9k1J8CD_4koan8builtins7ascribe21is_abstract_type_name
FNDA:63,_RNvNtNtCs8h7e9k1J8CD_4koan8builtins7ascribe22abstract_type_names_of
FNDA:36,_RNvNtNtCs8h7e9k1J8CD_4koan8builtins7ascribe28resolve_module_and_signature
FNDA:406,_RNvNtNtCs8h7e9k1J8CD_4koan8builtins7ascribe8register
FNF:8
FNH:8
DA:16,20
DA:17,20
DA:18,20
DA:19,20
DA:20,20
DA:21,20
DA:22,20
DA:23,0
DA:26,20
DA:27,20
DA:28,20
DA:29,20
DA:37,20
DA:38,20
DA:39,0
DA:40,20
DA:42,20
DA:55,20
DA:57,20
DA:58,20
DA:59,13
DA:60,3
DA:61,3
DA:62,3
DA:63,3
DA:64,3
DA:65,3
DA:67,10
DA:68,10
DA:69,10
DA:70,10
DA:72,13
DA:75,20
DA:76,13
DA:77,13
DA:78,13
DA:79,13
DA:80,7
DA:82,20
DA:83,2
DA:84,18
DA:89,18
DA:93,18
DA:94,18
DA:95,18
DA:96,18
DA:97,20
DA:100,16
DA:101,16
DA:102,16
DA:103,16
DA:104,16
DA:105,16
DA:106,16
DA:107,0
DA:109,16
DA:110,0
DA:111,16
DA:113,16
DA:114,16
DA:115,16
DA:116,16
DA:117,16
DA:120,16
DA:121,16
DA:122,16
DA:123,16
DA:124,16
DA:125,16
DA:129,36
DA:130,36
DA:131,36
DA:132,36
DA:135,36
DA:136,36
DA:137,36
DA:138,36
DA:139,36
DA:140,33
DA:141,0
DA:142,33
DA:143,33
DA:144,2
DA:145,2
DA:146,2
DA:147,2
DA:148,31
DA:150,34
DA:151,36
DA:162,63
DA:163,63
DA:164,63
DA:165,63
DA:166,63
DA:167,63
DA:168,63
DA:169,63
DA:170,57
DA:171,0
DA:172,57
DA:174,63
DA:175,63
DA:179,122
DA:180,122
DA:181,122
DA:182,122
DA:183,113
DA:184,9
DA:185,9
DA:186,122
DA:191,36
DA:192,36
DA:193,36
DA:194,36
DA:195,36
DA:196,36
DA:197,36
DA:199,421
DA:206,421
DA:207,421
DA:208,421
DA:209,421
DA:210,421
DA:211,421
DA:212,421
DA:214,421
DA:216,421
DA:217,421
DA:218,421
DA:219,421
DA:220,421
DA:221,421
DA:222,421
DA:224,421
DA:226,421
BRF:0
BRH:0
LF:136
LH:130
end_of_record
SF:/var/home/jack/Code/koan/src/builtins/attr.rs
FN:146,_RNvNtNtCs3yqXWJWMNss_4koan8builtins4attr11body_module
FN:127,_RNvNtNtCs3yqXWJWMNss_4koan8builtins4attr11body_struct
FN:190,_RNvNtNtCs3yqXWJWMNss_4koan8builtins4attr12access_field
FN:86,_RNvNtNtCs3yqXWJWMNss_4koan8builtins4attr13body_type_lhs
FN:32,_RNvNtNtCs3yqXWJWMNss_4koan8builtins4attr15body_identifier
FN:170,_RNvNtNtCs3yqXWJWMNss_4koan8builtins4attr15read_field_name
FN:265,_RNvNtNtCs3yqXWJWMNss_4koan8builtins4attr20access_module_member
FN:286,_RNvNtNtCs3yqXWJWMNss_4koan8builtins4attr8register
FN:146,_RNvNtNtCs8h7e9k1J8CD_4koan8builtins4attr11body_module
FN:127,_RNvNtNtCs8h7e9k1J8CD_4koan8builtins4attr11body_struct
FN:190,_RNvNtNtCs8h7e9k1J8CD_4koan8builtins4attr12access_field
FN:86,_RNvNtNtCs8h7e9k1J8CD_4koan8builtins4attr13body_type_lhs
FN:32,_RNvNtNtCs8h7e9k1J8CD_4koan8builtins4attr15body_identifier
FN:170,_RNvNtNtCs8h7e9k1J8CD_4koan8builtins4attr15read_field_name
FN:265,_RNvNtNtCs8h7e9k1J8CD_4koan8builtins4attr20access_module_member
FN:286,_RNvNtNtCs8h7e9k1J8CD_4koan8builtins4attr8register
FN:372,_RNvNtNtNtCs8h7e9k1J8CD_4koan8builtins4attr5testss_24attr_unbound_name_errors
FN:399,_RNvNtNtNtCs8h7e9k1J8CD_4koan8builtins4attr5testss_25attr_unknown_field_errors
FN:383,_RNvNtNtNtCs8h7e9k1J8CD_4koan8builtins4attr5testss_31attr_on_non_struct_value_errors
FN:415,_RNvNtNtNtCs8h7e9k1J8CD_4koan8builtins4attr5testss_33attr_chained_unknown_field_errors
FN:356,_RNvNtNtNtCs8h7e9k1J8CD_4koan8builtins4attr5testss_34attr_chained_through_nested_struct
FN:332,_RNvNtNtNtCs8h7e9k1J8CD_4koan8builtins4attr5testss_34attr_reads_field_from_named_struct
FN:344,_RNvNtNtNtCs8h7e9k1J8CD_4koan8builtins4attr5testss_35attr_reads_each_field_independently
FN:458,_RNvNtNtNtCs8h7e9k1J8CD_4koan8builtins4attr5testss_39access_field_rejects_wrapped_non_struct
FN:439,_RNvNtNtNtCs8h7e9k1J8CD_4koan8builtins4attr5testss_41access_field_falls_through_wrapped_struct
FN:482,_RNvNtNtNtCs8h7e9k1J8CD_4koan8builtins4attr5testss_53access_field_falls_through_wrapped_with_missing_field
FNDA:1,_RNvNtNtCs3yqXWJWMNss_4koan8builtins4attr11body_module
FNDA:0,_RNvNtNtCs3yqXWJWMNss_4koan8builtins4attr11body_struct
FNDA:4,_RNvNtNtCs3yqXWJWMNss_4koan8builtins4attr12access_field
FNDA:3,_RNvNtNtCs3yqXWJWMNss_4koan8builtins4attr13body_type_lhs
FNDA:1,_RNvNtNtCs3yqXWJWMNss_4koan8builtins4attr15body_identifier
FNDA:5,_RNvNtNtCs3yqXWJWMNss_4koan8builtins4attr15read_field_name
FNDA:4,_RNvNtNtCs3yqXWJWMNss_4koan8builtins4attr20access_module_member
FNDA:15,_RNvNtNtCs3yqXWJWMNss_4koan8builtins4attr8register
FNDA:1,_RNvNtNtCs8h7e9k1J8CD_4koan8builtins4attr11body_module
FNDA:2,_RNvNtNtCs8h7e9k1J8CD_4koan8builtins4attr11body_struct
FNDA:29,_RNvNtNtCs8h7e9k1J8CD_4koan8builtins4attr12access_field
FNDA:6,_RNvNtNtCs8h7e9k1J8CD_4koan8builtins4attr13body_type_lhs
FNDA:21,_RNvNtNtCs8h7e9k1J8CD_4koan8builtins4attr15body_identifier
FNDA:30,_RNvNtNtCs8h7e9k1J8CD_4koan8builtins4attr15read_field_name
FNDA:10,_RNvNtNtCs8h7e9k1J8CD_4koan8builtins4attr20access_module_member
FNDA:406,_RNvNtNtCs8h7e9k1J8CD_4koan8builtins4attr8register
FNDA:1,_RNvNtNtNtCs8h7e9k1J8CD_4koan8builtins4attr5testss_24attr_unbound_name_errors
FNDA:1,_RNvNtNtNtCs8h7e9k1J8CD_4koan8builtins4attr5testss_25attr_unknown_field_errors
FNDA:1,_RNvNtNtNtCs8h7e9k1J8CD_4koan8builtins4attr5testss_31attr_on_non_struct_value_errors
FNDA:1,_RNvNtNtNtCs8h7e9k1J8CD_4koan8builtins4attr5testss_33attr_chained_unknown_field_errors
FNDA:1,_RNvNtNtNtCs8h7e9k1J8CD_4koan8builtins4attr5testss_34attr_chained_through_nested_struct
FNDA:1,_RNvNtNtNtCs8h7e9k1J8CD_4koan8builtins4attr5testss_34attr_reads_field_from_named_struct
FNDA:1,_RNvNtNtNtCs8h7e9k1J8CD_4koan8builtins4attr5testss_35attr_reads_each_field_independently
FNDA:1,_RNvNtNtNtCs8h7e9k1J8CD_4koan8builtins4attr5testss_39access_field_rejects_wrapped_non_struct
FNDA:1,_RNvNtNtNtCs8h7e9k1J8CD_4koan8builtins4attr5testss_41access_field_falls_through_wrapped_struct
FNDA:1,_RNvNtNtNtCs8h7e9k1J8CD_4koan8builtins4attr5testss_53access_field_falls_through_wrapped_with_missing_field
FNF:18
FNH:18
DA:32,22
DA:33,22
DA:34,22
DA:35,22
DA:36,22
DA:37,22
DA:38,22
DA:39,0
DA:40,0
DA:41,0
DA:42,0
DA:43,0
DA:44,0
DA:46,0
DA:48,22
DA:49,22
DA:50,22
DA:51,0
DA:58,22
DA:59,18
DA:60,4
DA:61,4
DA:62,3
DA:63,3
DA:64,0
DA:65,0
DA:70,0
DA:72,1
DA:73,1
DA:74,22
DA:86,9
DA:87,9
DA:88,9
DA:89,9
DA:90,9
DA:91,9
DA:96,0
DA:101,9
DA:102,0
DA:103,0
DA:104,0
DA:105,0
DA:106,0
DA:107,0
DA:109,0
DA:111,9
DA:112,9
DA:113,0
DA:120,9
DA:121,9
DA:122,0
DA:124,9
DA:125,9
DA:127,2
DA:128,2
DA:129,2
DA:130,2
DA:131,2
DA:132,2
DA:133,2
DA:134,0
DA:136,2
DA:137,2
DA:138,0
DA:140,2
DA:141,2
DA:146,2
DA:147,2
DA:148,2
DA:149,2
DA:150,2
DA:151,2
DA:152,2
DA:153,0
DA:155,2
DA:156,2
DA:157,0
DA:159,2
DA:160,2
DA:161,0
DA:162,0
DA:163,0
DA:164,0
DA:165,0
DA:167,2
DA:168,2
DA:170,35
DA:171,35
DA:172,30
DA:176,0
DA:180,5
DA:181,0
DA:182,0
DA:183,0
DA:184,0
DA:185,0
DA:186,0
DA:188,35
DA:190,33
DA:191,33
DA:192,33
DA:193,33
DA:194,33
DA:195,9
DA:196,18
DA:197,15
DA:198,3
DA:199,3
DA:200,3
DA:201,3
DA:205,9
DA:207,0
DA:208,0
DA:209,0
DA:210,0
DA:211,0
DA:212,0
DA:213,0
DA:214,0
DA:215,0
DA:216,0
DA:217,0
DA:218,0
DA:219,0
DA:220,0
DA:223,0
DA:224,0
DA:235,4
DA:236,2
DA:237,2
DA:238,2
DA:239,2
DA:240,2
DA:242,33
DA:265,14
DA:266,14
DA:267,3
DA:268,3
DA:269,3
DA:270,11
DA:271,11
DA:272,11
DA:273,10
DA:274,1
DA:275,1
DA:276,0
DA:277,0
DA:278,0
DA:279,1
DA:280,1
DA:281,1
DA:282,1
DA:283,1
DA:284,14
DA:286,421
DA:287,421
DA:288,421
DA:289,421
DA:290,421
DA:291,421
DA:293,421
DA:294,421
DA:295,421
DA:296,421
DA:297,421
DA:298,421
DA:299,421
DA:300,421
DA:301,421
DA:309,421
DA:310,421
DA:311,421
DA:312,421
DA:313,421
DA:314,421
DA:315,421
DA:316,421
DA:317,421
DA:320,421
DA:321,421
DA:322,421
DA:323,421
DA:332,1
DA:333,1
DA:334,1
DA:335,1
DA:336,1
DA:337,1
DA:339,1
DA:340,1
DA:341,1
DA:344,1
DA:345,1
DA:346,1
DA:347,1
DA:348,1
DA:349,1
DA:351,1
DA:352,1
DA:353,1
DA:356,1
DA:357,1
DA:358,1
DA:359,1
DA:360,1
DA:361,1
DA:362,1
DA:363,1
DA:364,1
DA:365,1
DA:367,1
DA:368,1
DA:369,1
DA:372,1
DA:373,1
DA:374,1
DA:375,1
DA:376,1
DA:377,1
DA:380,1
DA:383,1
DA:384,1
DA:385,1
DA:386,1
DA:387,1
DA:388,1
DA:389,1
DA:390,1
DA:391,1
DA:392,1
DA:394,0
DA:396,1
DA:399,1
DA:400,1
DA:401,1
DA:402,1
DA:403,1
DA:404,1
DA:406,1
DA:407,1
DA:408,1
DA:409,1
DA:412,1
DA:415,1
DA:416,1
DA:417,1
DA:418,1
DA:419,1
DA:420,1
DA:421,1
DA:422,1
DA:423,1
DA:424,1
DA:426,1
DA:427,1
DA:428,1
DA:429,1
DA:432,1
DA:439,1
DA:440,1
DA:441,1
DA:442,1
DA:443,1
DA:444,1
DA:445,1
DA:446,1
DA:447,1
DA:449,1
DA:450,1
DA:451,1
DA:458,1
DA:459,1
DA:460,1
DA:461,1
DA:462,1
DA:463,1
DA:464,1
DA:466,1
DA:467,1
DA:468,1
DA:469,1
DA:470,1
DA:471,1
DA:473,0
DA:475,1
DA:482,1
DA:483,1
DA:484,1
DA:485,1
DA:486,1
DA:487,1
DA:488,1
DA:489,1
DA:490,1
DA:492,1
DA:493,1
DA:494,1
DA:495,1
DA:498,1
BRF:0
BRH:0
LF:299
LH:238
end_of_record
SF:/var/home/jack/Code/koan/src/builtins/branch_walk.rs
FN:20,_RNvNtNtCs3yqXWJWMNss_4koan8builtins11branch_walk16find_branch_body
FN:20,_RNvNtNtCs8h7e9k1J8CD_4koan8builtins11branch_walk16find_branch_body
FNDA:0,_RNvNtNtCs3yqXWJWMNss_4koan8builtins11branch_walk16find_branch_body
FNDA:82,_RNvNtNtCs8h7e9k1J8CD_4koan8builtins11branch_walk16find_branch_body
FNF:1
FNH:1
DA:20,82
DA:21,82
DA:22,82
DA:23,82
DA:24,82
DA:25,82
DA:26,82
DA:27,0
DA:28,0
DA:29,0
DA:30,0
DA:31,82
DA:32,82
DA:33,82
DA:34,120
DA:35,113
DA:36,113
DA:37,113
DA:38,113
DA:39,101
DA:43,9
DA:44,9
DA:49,3
DA:50,0
DA:51,0
DA:52,0
DA:53,0
DA:54,0
DA:57,113
DA:58,113
DA:59,0
DA:60,0
DA:61,0
DA:62,0
DA:63,0
DA:66,113
DA:67,111
DA:68,2
DA:69,2
DA:70,2
DA:71,2
DA:72,2
DA:78,111
DA:79,111
DA:80,73
DA:81,38
DA:82,38
DA:83,3
DA:84,35
DA:85,38
DA:87,7
DA:88,82
BRF:0
BRH:0
LF:52
LH:38
end_of_record
SF:/var/home/jack/Code/koan/src/builtins/call_by_name.rs
FN:10,_RNvNtNtCs3yqXWJWMNss_4koan8builtins12call_by_name4body
FN:59,_RNvNtNtCs3yqXWJWMNss_4koan8builtins12call_by_name8register
FN:10,_RNvNtNtCs8h7e9k1J8CD_4koan8builtins12call_by_name4body
FN:59,_RNvNtNtCs8h7e9k1J8CD_4koan8builtins12call_by_name8register
FN:132,_RNvNtNtNtCs8h7e9k1J8CD_4koan8builtins12call_by_name5testss_26call_by_name_missing_colon
FN:78,_RNvNtNtNtCs8h7e9k1J8CD_4koan8builtins12call_by_name5testss_28fn_callable_via_call_by_name
FN:106,_RNvNtNtNtCs8h7e9k1J8CD_4koan8builtins12call_by_name5testss_30call_by_name_missing_named_arg
FN:120,_RNvNtNtNtCs8h7e9k1J8CD_4koan8builtins12call_by_name5testss_30call_by_name_unknown_named_arg
FN:144,_RNvNtNtNtCs8h7e9k1J8CD_4koan8builtins12call_by_name5testss_32call_by_name_duplicate_named_arg
FN:207,_RNvNtNtNtCs8h7e9k1J8CD_4koan8builtins12call_by_name5testss_34call_by_name_unbound_returns_error
FN:88,_RNvNtNtNtCs8h7e9k1J8CD_4koan8builtins12call_by_name5testss_36call_by_name_weaves_internal_keyword
FN:191,_RNvNtNtNtCs8h7e9k1J8CD_4koan8builtins12call_by_name5testss_38call_by_name_on_struct_type_constructs
FN:174,_RNvNtNtNtCs8h7e9k1J8CD_4koan8builtins12call_by_name5testss_39call_by_name_on_tagged_union_constructs
FN:97,_RNvNtNtNtCs8h7e9k1J8CD_4koan8builtins12call_by_name5testss_41call_by_name_named_args_order_independent
FN:158,_RNvNtNtNtCs8h7e9k1J8CD_4koan8builtins12call_by_name5testss_42call_by_name_on_non_function_returns_error
FN:238,_RNvNtNtNtCs8h7e9k1J8CD_4koan8builtins12call_by_name5testss_45escaped_closure_with_param_returns_body_value
FN:221,_RNvNtNtNtCs8h7e9k1J8CD_4koan8builtins12call_by_name5testss_48closure_escapes_outer_call_and_remains_invocable
FN:255,_RNvNtNtNtCs8h7e9k1J8CD_4koan8builtins12call_by_name5testss_52list_of_closures_escapes_outer_call_with_rc_attached
FNDA:0,_RNvNtNtCs3yqXWJWMNss_4koan8builtins12call_by_name4body
FNDA:15,_RNvNtNtCs3yqXWJWMNss_4koan8builtins12call_by_name8register
FNDA:14,_RNvNtNtCs8h7e9k1J8CD_4koan8builtins12call_by_name4body
FNDA:406,_RNvNtNtCs8h7e9k1J8CD_4koan8builtins12call_by_name8register
FNDA:1,_RNvNtNtNtCs8h7e9k1J8CD_4koan8builtins12call_by_name5testss_26call_by_name_missing_colon
FNDA:1,_RNvNtNtNtCs8h7e9k1J8CD_4koan8builtins12call_by_name5testss_28fn_callable_via_call_by_name
FNDA:1,_RNvNtNtNtCs8h7e9k1J8CD_4koan8builtins12call_by_name5testss_30call_by_name_missing_named_arg
FNDA:1,_RNvNtNtNtCs8h7e9k1J8CD_4koan8builtins12call_by_name5testss_30call_by_name_unknown_named_arg
FNDA:1,_RNvNtNtNtCs8h7e9k1J8CD_4koan8builtins12call_by_name5testss_32call_by_name_duplicate_named_arg
FNDA:1,_RNvNtNtNtCs8h7e9k1J8CD_4koan8builtins12call_by_name5testss_34call_by_name_unbound_returns_error
FNDA:1,_RNvNtNtNtCs8h7e9k1J8CD_4koan8builtins12call_by_name5testss_36call_by_name_weaves_internal_keyword
FNDA:1,_RNvNtNtNtCs8h7e9k1J8CD_4koan8builtins12call_by_name5testss_38call_by_name_on_struct_type_constructs
FNDA:1,_RNvNtNtNtCs8h7e9k1J8CD_4koan8builtins12call_by_name5testss_39call_by_name_on_tagged_union_constructs
FNDA:1,_RNvNtNtNtCs8h7e9k1J8CD_4koan8builtins12call_by_name5testss_41call_by_name_named_args_order_independent
FNDA:1,_RNvNtNtNtCs8h7e9k1J8CD_4koan8builtins12call_by_name5testss_42call_by_name_on_non_function_returns_error
FNDA:1,_RNvNtNtNtCs8h7e9k1J8CD_4koan8builtins12call_by_name5testss_45escaped_closure_with_param_returns_body_value
FNDA:1,_RNvNtNtNtCs8h7e9k1J8CD_4koan8builtins12call_by_name5testss_48closure_escapes_outer_call_and_remains_invocable
FNDA:1,_RNvNtNtNtCs8h7e9k1J8CD_4koan8builtins12call_by_name5testss_52list_of_closures_escapes_outer_call_with_rc_attached
FNF:16
FNH:16
DA:10,14
DA:11,14
DA:12,14
DA:13,14
DA:14,14
DA:16,14
DA:17,14
DA:18,0
DA:19,0
DA:20,0
DA:21,0
DA:22,0
DA:23,0
DA:26,0
DA:31,14
DA:32,14
DA:33,14
DA:34,0
DA:35,0
DA:36,0
DA:37,0
DA:39,0
DA:41,14
DA:42,9
DA:44,5
DA:45,1
DA:46,4
DA:47,3
DA:48,1
DA:49,1
DA:50,1
DA:51,1
DA:52,1
DA:57,14
DA:59,421
DA:60,421
DA:61,421
DA:62,421
DA:63,421
DA:64,421
DA:65,421
DA:67,421
DA:69,421
DA:78,1
DA:79,1
DA:80,1
DA:81,1
DA:82,1
DA:83,1
DA:84,1
DA:88,1
DA:89,1
DA:90,1
DA:91,1
DA:92,1
DA:93,1
DA:94,1
DA:97,1
DA:98,1
DA:99,1
DA:100,1
DA:101,1
DA:102,1
DA:103,1
DA:106,1
DA:107,1
DA:108,1
DA:109,1
DA:110,1
DA:111,1
DA:112,1
DA:115,1
DA:120,1
DA:121,1
DA:122,1
DA:123,1
DA:124,1
DA:125,1
DA:126,1
DA:129,1
DA:132,1
DA:133,1
DA:134,1
DA:135,1
DA:136,1
DA:137,1
DA:138,1
DA:141,1
DA:144,1
DA:145,1
DA:146,1
DA:147,1
DA:148,1
DA:149,1
DA:150,1
DA:153,1
DA:158,1
DA:159,1
DA:160,1
DA:161,1
DA:162,1
DA:163,1
DA:164,1
DA:165,1
DA:166,1
DA:167,1
DA:171,1
DA:174,1
DA:175,1
DA:176,1
DA:177,1
DA:178,1
DA:179,1
DA:180,1
DA:181,1
DA:182,1
DA:184,0
DA:186,1
DA:191,1
DA:192,1
DA:193,1
DA:194,1
DA:195,1
DA:196,1
DA:197,1
DA:198,1
DA:199,1
DA:200,1
DA:202,0
DA:204,1
DA:207,1
DA:208,1
DA:209,1
DA:210,1
DA:211,1
DA:212,1
DA:215,1
DA:221,1
DA:222,1
DA:223,1
DA:224,1
DA:225,1
DA:226,1
DA:227,1
DA:229,1
DA:230,1
DA:231,1
DA:232,0
DA:234,1
DA:238,1
DA:239,1
DA:240,1
DA:241,1
DA:242,1
DA:243,1
DA:244,1
DA:246,1
DA:247,1
DA:248,1
DA:255,1
DA:256,1
DA:257,1
DA:258,1
DA:259,1
DA:260,1
DA:261,1
DA:262,0
DA:264,1
DA:265,1
DA:266,1
DA:267,1
DA:271,0
DA:273,1
BRF:0
BRH:0
LF:173
LH:156
end_of_record
SF:/var/home/jack/Code/koan/src/builtins/catch.rs
FN:22,_RNvNtNtCs3yqXWJWMNss_4koan8builtins5catch4body
FN:68,_RNvNtNtCs3yqXWJWMNss_4koan8builtins5catch8register
FN:46,_RNCNvNtNtCs3yqXWJWMNss_4koan8builtins5catch4body0B7_
FN:22,_RNvNtNtCs8h7e9k1J8CD_4koan8builtins5catch4body
FN:68,_RNvNtNtCs8h7e9k1J8CD_4koan8builtins5catch8register
FN:46,_RNCNvNtNtCs8h7e9k1J8CD_4koan8builtins5catch4body0B7_
FNDA:0,_RNvNtNtCs3yqXWJWMNss_4koan8builtins5catch4body
FNDA:15,_RNvNtNtCs3yqXWJWMNss_4koan8builtins5catch8register
FNDA:0,_RNCNvNtNtCs3yqXWJWMNss_4koan8builtins5catch4body0B7_
FNDA:8,_RNvNtNtCs8h7e9k1J8CD_4koan8builtins5catch4body
FNDA:406,_RNvNtNtCs8h7e9k1J8CD_4koan8builtins5catch8register
FNDA:8,_RNCNvNtNtCs8h7e9k1J8CD_4koan8builtins5catch4body0B7_
FNF:3
FNH:3
DA:22,8
DA:23,8
DA:24,8
DA:25,8
DA:26,8
DA:27,8
DA:28,8
DA:30,0
DA:31,0
DA:32,0
DA:41,8
DA:42,8
DA:43,0
DA:45,8
DA:46,8
DA:47,8
DA:48,4
DA:49,4
DA:51,8
DA:52,8
DA:53,8
DA:54,8
DA:55,8
DA:56,8
DA:57,8
DA:58,8
DA:59,8
DA:60,8
DA:61,8
DA:62,8
DA:63,8
DA:64,8
DA:65,8
DA:66,8
DA:68,421
DA:69,421
DA:70,421
DA:71,421
DA:72,421
DA:73,421
DA:74,421
DA:76,421
DA:78,421
BRF:0
BRH:0
LF:44
LH:40
end_of_record
SF:/var/home/jack/Code/koan/src/builtins/cons.rs
FN:70,_RNvNtNtCs3yqXWJWMNss_4koan8builtins4cons20fold_multi_statement
FN:31,_RNvNtNtCs3yqXWJWMNss_4koan8builtins4cons4body
FN:88,_RNvNtNtCs3yqXWJWMNss_4koan8builtins4cons8register
FN:107,_RNvNtNtNtCs8h7e9k1J8CD_4koan8builtins4cons5tests7capture
FN:188,_RNvNtNtNtCs8h7e9k1J8CD_4koan8builtins4cons5testss_31single_statement_body_unchanged
FN:175,_RNvNtNtNtCs8h7e9k1J8CD_4koan8builtins4cons5testss_42backward_reference_across_statements_works
FN:116,_RNvNtNtNtCs8h7e9k1J8CD_4koan8builtins4cons5testss_42multi_statement_fn_body_returns_last_value
FN:128,_RNvNtNtNtCs8h7e9k1J8CD_4koan8builtins4cons5testss_43multi_statement_fn_body_runs_each_statement
FN:139,_RNvNtNtNtCs8h7e9k1J8CD_4koan8builtins4cons5testss_47multi_statement_match_branch_returns_last_value
FN:155,_RNvNtNtNtCs8h7e9k1J8CD_4koan8builtins4cons5testss_59fn_recursion_with_multi_statement_body_via_match_terminates
FN:70,_RNvNtNtCs8h7e9k1J8CD_4koan8builtins4cons20fold_multi_statement
FN:31,_RNvNtNtCs8h7e9k1J8CD_4koan8builtins4cons4body
FN:88,_RNvNtNtCs8h7e9k1J8CD_4koan8builtins4cons8register
FN:133,_RNCNvNtNtNtCs8h7e9k1J8CD_4koan8builtins4cons5testss_43multi_statement_fn_body_runs_each_statement0B9_
FN:135,_RNCNvNtNtNtCs8h7e9k1J8CD_4koan8builtins4cons5testss_43multi_statement_fn_body_runs_each_statements0_0B9_
FN:134,_RNCNvNtNtNtCs8h7e9k1J8CD_4koan8builtins4cons5testss_43multi_statement_fn_body_runs_each_statements_0B9_
FNDA:4,_RNvNtNtCs3yqXWJWMNss_4koan8builtins4cons20fold_multi_statement
FNDA:0,_RNvNtNtCs3yqXWJWMNss_4koan8builtins4cons4body
FNDA:15,_RNvNtNtCs3yqXWJWMNss_4koan8builtins4cons8register
FNDA:3,_RNvNtNtNtCs8h7e9k1J8CD_4koan8builtins4cons5tests7capture
FNDA:1,_RNvNtNtNtCs8h7e9k1J8CD_4koan8builtins4cons5testss_31single_statement_body_unchanged
FNDA:1,_RNvNtNtNtCs8h7e9k1J8CD_4koan8builtins4cons5testss_42backward_reference_across_statements_works
FNDA:1,_RNvNtNtNtCs8h7e9k1J8CD_4koan8builtins4cons5testss_42multi_statement_fn_body_returns_last_value
FNDA:1,_RNvNtNtNtCs8h7e9k1J8CD_4koan8builtins4cons5testss_43multi_statement_fn_body_runs_each_statement
FNDA:1,_RNvNtNtNtCs8h7e9k1J8CD_4koan8builtins4cons5testss_47multi_statement_match_branch_returns_last_value
FNDA:1,_RNvNtNtNtCs8h7e9k1J8CD_4koan8builtins4cons5testss_59fn_recursion_with_multi_statement_body_via_match_terminates
FNDA:273,_RNvNtNtCs8h7e9k1J8CD_4koan8builtins4cons20fold_multi_statement
FNDA:9,_RNvNtNtCs8h7e9k1J8CD_4koan8builtins4cons4body
FNDA:406,_RNvNtNtCs8h7e9k1J8CD_4koan8builtins4cons8register
FNDA:3,_RNCNvNtNtNtCs8h7e9k1J8CD_4koan8builtins4cons5testss_43multi_statement_fn_body_runs_each_statement0B9_
FNDA:1,_RNCNvNtNtNtCs8h7e9k1J8CD_4koan8builtins4cons5testss_43multi_statement_fn_body_runs_each_statements0_0B9_
FNDA:5,_RNCNvNtNtNtCs8h7e9k1J8CD_4koan8builtins4cons5testss_43multi_statement_fn_body_runs_each_statements_0B9_
FNF:13
FNH:13
DA:31,9
DA:32,9
DA:33,9
DA:34,9
DA:35,9
DA:36,9
DA:37,9
DA:39,0
DA:40,0
DA:41,0
DA:44,9
DA:45,9
DA:47,0
DA:48,0
DA:49,0
DA:54,9
DA:55,9
DA:56,9
DA:70,277
DA:71,277
DA:72,121
DA:73,156
DA:74,156
DA:75,5
DA:76,151
DA:78,13
DA:79,8
DA:80,8
DA:81,8
DA:82,8
DA:83,8
DA:84,8
DA:85,5
DA:86,277
DA:88,421
DA:89,421
DA:90,421
DA:91,421
DA:92,421
DA:93,421
DA:94,421
DA:95,421
DA:97,421
DA:99,421
DA:107,3
DA:108,3
DA:109,3
DA:110,3
DA:111,3
DA:112,3
DA:113,3
DA:116,1
DA:117,1
DA:118,1
DA:119,1
DA:120,1
DA:121,1
DA:123,1
DA:124,1
DA:125,1
DA:128,1
DA:129,1
DA:130,1
DA:133,3
DA:134,5
DA:135,1
DA:136,1
DA:139,1
DA:140,1
DA:141,1
DA:142,1
DA:143,1
DA:144,1
DA:145,1
DA:146,1
DA:149,1
DA:150,1
DA:151,1
DA:152,1
DA:155,1
DA:159,1
DA:160,1
DA:161,1
DA:162,1
DA:163,1
DA:164,1
DA:165,1
DA:166,1
DA:167,1
DA:168,1
DA:170,1
DA:171,1
DA:172,1
DA:175,1
DA:177,1
DA:178,1
DA:179,1
DA:180,1
DA:181,1
DA:183,1
DA:184,1
DA:185,1
DA:188,1
DA:190,1
DA:191,1
DA:192,1
DA:193,1
DA:194,1
DA:195,1
BRF:0
BRH:0
LF:112
LH:106
end_of_record
SF:/var/home/jack/Code/koan/src/builtins/eval.rs
FN:21,_RNvNtNtCs3yqXWJWMNss_4koan8builtins4eval4body
FN:50,_RNvNtNtCs3yqXWJWMNss_4koan8builtins4eval8register
FN:64,_RNvNtNtNtCs8h7e9k1J8CD_4koan8builtins4eval5tests11run_program
FN:128,_RNvNtNtNtCs8h7e9k1J8CD_4koan8builtins4eval5testss_21recursive_eval_no_uaf
FN:73,_RNvNtNtNtCs8h7e9k1J8CD_4koan8builtins4eval5testss_22eval_of_quoted_literal
FN:109,_RNvNtNtNtCs8h7e9k1J8CD_4koan8builtins4eval5testss_34multiline_sigil_collapse_roundtrip
FN:119,_RNvNtNtNtCs8h7e9k1J8CD_4koan8builtins4eval5testss_35eval_returns_inner_expression_value
FN:102,_RNvNtNtNtCs8h7e9k1J8CD_4koan8builtins4eval5testss_37eval_runs_side_effects_in_quoted_body
FN:79,_RNvNtNtNtCs8h7e9k1J8CD_4koan8builtins4eval5testss_38eval_of_function_returning_kexpression
FN:89,_RNvNtNtNtCs8h7e9k1J8CD_4koan8builtins4eval5testss_49eval_of_non_kexpression_errors_with_type_mismatch
FN:21,_RNvNtNtCs8h7e9k1J8CD_4koan8builtins4eval4body
FN:50,_RNvNtNtCs8h7e9k1J8CD_4koan8builtins4eval8register
FNDA:0,_RNvNtNtCs3yqXWJWMNss_4koan8builtins4eval4body
FNDA:15,_RNvNtNtCs3yqXWJWMNss_4koan8builtins4eval8register
FNDA:6,_RNvNtNtNtCs8h7e9k1J8CD_4koan8builtins4eval5tests11run_program
FNDA:1,_RNvNtNtNtCs8h7e9k1J8CD_4koan8builtins4eval5testss_21recursive_eval_no_uaf
FNDA:1,_RNvNtNtNtCs8h7e9k1J8CD_4koan8builtins4eval5testss_22eval_of_quoted_literal
FNDA:1,_RNvNtNtNtCs8h7e9k1J8CD_4koan8builtins4eval5testss_34multiline_sigil_collapse_roundtrip
FNDA:1,_RNvNtNtNtCs8h7e9k1J8CD_4koan8builtins4eval5testss_35eval_returns_inner_expression_value
FNDA:1,_RNvNtNtNtCs8h7e9k1J8CD_4koan8builtins4eval5testss_37eval_runs_side_effects_in_quoted_body
FNDA:1,_RNvNtNtNtCs8h7e9k1J8CD_4koan8builtins4eval5testss_38eval_of_function_returning_kexpression
FNDA:1,_RNvNtNtNtCs8h7e9k1J8CD_4koan8builtins4eval5testss_49eval_of_non_kexpression_errors_with_type_mismatch
FNDA:9,_RNvNtNtCs8h7e9k1J8CD_4koan8builtins4eval4body
FNDA:406,_RNvNtNtCs8h7e9k1J8CD_4koan8builtins4eval8register
FNF:10
FNH:10
DA:21,9
DA:22,9
DA:23,9
DA:24,9
DA:25,9
DA:26,9
DA:27,9
DA:28,0
DA:30,9
DA:31,8
DA:32,1
DA:33,1
DA:34,1
DA:35,1
DA:36,1
DA:37,1
DA:46,8
DA:47,8
DA:48,9
DA:50,421
DA:51,421
DA:52,421
DA:53,421
DA:54,421
DA:55,421
DA:57,421
DA:64,6
DA:65,6
DA:66,6
DA:67,6
DA:68,6
DA:69,6
DA:70,6
DA:73,1
DA:74,1
DA:75,1
DA:76,1
DA:79,1
DA:81,1
DA:82,1
DA:83,1
DA:85,1
DA:86,1
DA:89,1
DA:90,1
DA:91,1
DA:92,1
DA:93,1
DA:94,1
DA:95,1
DA:96,1
DA:99,1
DA:102,1
DA:104,1
DA:105,1
DA:106,1
DA:109,1
DA:112,1
DA:113,1
DA:115,1
DA:116,1
DA:119,1
DA:123,1
DA:124,1
DA:125,1
DA:128,1
DA:133,1
DA:134,1
DA:135,1
DA:136,1
DA:137,1
DA:138,1
DA:139,1
DA:141,1
DA:142,1
BRF:0
BRH:0
LF:75
LH:74
end_of_record
SF:/var/home/jack/Code/koan/src/builtins/fn_def.rs
FN:29,_RNvNtNtCs3yqXWJWMNss_4koan8builtins6fn_def4body
FN:90,_RNvNtNtCs3yqXWJWMNss_4koan8builtins6fn_def8register
FN:29,_RNvNtNtCs8h7e9k1J8CD_4koan8builtins6fn_def4body
FN:90,_RNvNtNtCs8h7e9k1J8CD_4koan8builtins6fn_def8register
FNDA:4,_RNvNtNtCs3yqXWJWMNss_4koan8builtins6fn_def4body
FNDA:15,_RNvNtNtCs3yqXWJWMNss_4koan8builtins6fn_def8register
FNDA:162,_RNvNtNtCs8h7e9k1J8CD_4koan8builtins6fn_def4body
FNDA:406,_RNvNtNtCs8h7e9k1J8CD_4koan8builtins6fn_def8register
FNF:2
FNH:2
DA:29,166
DA:30,166
DA:31,166
DA:32,166
DA:33,166
DA:34,166
DA:35,166
DA:37,0
DA:38,0
DA:39,0
DA:42,166
DA:43,166
DA:44,0
DA:46,166
DA:47,166
DA:49,0
DA:50,0
DA:51,0
DA:57,166
DA:63,166
DA:65,166
DA:67,166
DA:68,164
DA:69,2
DA:72,164
DA:73,148
DA:74,4
DA:75,12
DA:76,12
DA:80,160
DA:81,142
DA:82,142
DA:84,18
DA:85,18
DA:88,166
DA:90,421
DA:101,421
DA:102,421
DA:103,421
DA:104,421
DA:105,421
DA:106,421
DA:107,421
DA:108,421
DA:109,421
DA:110,421
DA:112,421
DA:113,421
DA:115,421
DA:116,421
DA:117,421
DA:118,421
DA:119,421
DA:120,421
DA:121,421
DA:122,421
DA:123,421
DA:124,421
DA:126,421
DA:127,421
DA:129,421
BRF:0
BRH:0
LF:61
LH:54
end_of_record
SF:/var/home/jack/Code/koan/src/builtins/fn_def/finalize.rs
FN:162,_RNCNvNtNtNtCs3yqXWJWMNss_4koan8builtins6fn_def8finalize11finalize_fn0B9_
FN:232,_RNCNvNtNtNtCs3yqXWJWMNss_4koan8builtins6fn_def8finalize17defer_via_combine0B9_
FN:151,_RNvNtNtNtCs3yqXWJWMNss_4koan8builtins6fn_def8finalize11finalize_fn
FN:210,_RNvNtNtNtCs3yqXWJWMNss_4koan8builtins6fn_def8finalize17defer_via_combine
FN:66,_RNvNtNtNtCs3yqXWJWMNss_4koan8builtins6fn_def8finalize8classify
FN:162,_RNCNvNtNtNtCs8h7e9k1J8CD_4koan8builtins6fn_def8finalize11finalize_fn0B9_
FN:232,_RNCNvNtNtNtCs8h7e9k1J8CD_4koan8builtins6fn_def8finalize17defer_via_combine0B9_
FN:151,_RNvNtNtNtCs8h7e9k1J8CD_4koan8builtins6fn_def8finalize11finalize_fn
FN:210,_RNvNtNtNtCs8h7e9k1J8CD_4koan8builtins6fn_def8finalize17defer_via_combine
FN:66,_RNvNtNtNtCs8h7e9k1J8CD_4koan8builtins6fn_def8finalize8classify
FNDA:4,_RNCNvNtNtNtCs3yqXWJWMNss_4koan8builtins6fn_def8finalize11finalize_fn0B9_
FNDA:0,_RNCNvNtNtNtCs3yqXWJWMNss_4koan8builtins6fn_def8finalize17defer_via_combine0B9_
FNDA:4,_RNvNtNtNtCs3yqXWJWMNss_4koan8builtins6fn_def8finalize11finalize_fn
FNDA:0,_RNvNtNtNtCs3yqXWJWMNss_4koan8builtins6fn_def8finalize17defer_via_combine
FNDA:4,_RNvNtNtNtCs3yqXWJWMNss_4koan8builtins6fn_def8finalize8classify
FNDA:159,_RNCNvNtNtNtCs8h7e9k1J8CD_4koan8builtins6fn_def8finalize11finalize_fn0B9_
FNDA:18,_RNCNvNtNtNtCs8h7e9k1J8CD_4koan8builtins6fn_def8finalize17defer_via_combine0B9_
FNDA:154,_RNvNtNtNtCs8h7e9k1J8CD_4koan8builtins6fn_def8finalize11finalize_fn
FNDA:18,_RNvNtNtNtCs8h7e9k1J8CD_4koan8builtins6fn_def8finalize17defer_via_combine
FNDA:156,_RNvNtNtNtCs8h7e9k1J8CD_4koan8builtins6fn_def8finalize8classify
FNF:5
FNH:5
DA:66,160
DA:67,160
DA:68,160
DA:69,160
DA:70,160
DA:71,135
DA:72,135
DA:73,135
DA:74,135
DA:75,7
DA:76,7
DA:77,7
DA:78,7
DA:79,4
DA:82,4
DA:83,4
DA:84,4
DA:85,4
DA:86,4
DA:89,6
DA:90,6
DA:91,6
DA:92,6
DA:93,6
DA:94,6
DA:95,6
DA:97,2
DA:98,2
DA:99,2
DA:100,2
DA:101,2
DA:102,2
DA:103,2
DA:104,2
DA:105,2
DA:106,2
DA:108,1
DA:109,1
DA:116,1
DA:117,1
DA:118,1
DA:119,1
DA:120,1
DA:121,1
DA:122,1
DA:124,2
DA:129,2
DA:130,2
DA:131,2
DA:132,2
DA:133,2
DA:136,3
DA:137,3
DA:139,3
DA:140,3
DA:141,3
DA:142,3
DA:143,3
DA:144,3
DA:147,160
DA:151,158
DA:152,158
DA:153,158
DA:154,158
DA:155,158
DA:156,158
DA:162,163
DA:163,157
DA:164,6
DA:165,163
DA:166,158
DA:167,157
DA:169,1
DA:170,1
DA:171,1
DA:172,1
DA:176,157
DA:178,157
DA:179,157
DA:180,157
DA:181,157
DA:182,157
DA:183,157
DA:187,157
DA:188,157
DA:189,1
DA:190,156
DA:194,156
DA:195,158
DA:210,18
DA:211,18
DA:212,18
DA:213,18
DA:214,18
DA:215,18
DA:216,18
DA:217,18
DA:224,18
DA:225,18
DA:226,18
DA:227,4
DA:228,4
DA:229,4
DA:230,4
DA:232,18
DA:237,18
DA:238,18
DA:239,4
DA:243,4
DA:244,1
DA:245,1
DA:246,1
DA:247,1
DA:248,1
DA:249,3
DA:250,3
DA:252,17
DA:259,17
DA:260,17
DA:261,16
DA:262,1
DA:264,16
DA:265,16
DA:266,0
DA:267,0
DA:270,0
DA:271,0
DA:272,0
DA:275,16
DA:276,18
DA:277,18
DA:278,18
DA:279,18
BRF:0
BRH:0
LF:135
LH:129
end_of_record
SF:/var/home/jack/Code/koan/src/builtins/fn_def/param_refs.rs
FN:46,_RNCNvNtNtNtCs3yqXWJWMNss_4koan8builtins6fn_def10param_refs19part_references_any0B9_
FN:52,_RNCNvNtNtNtCs3yqXWJWMNss_4koan8builtins6fn_def10param_refs19part_references_anys0_0B9_
FN:50,_RNCNvNtNtNtCs3yqXWJWMNss_4koan8builtins6fn_def10param_refs19part_references_anys_0B9_
FN:21,_RNCNvNtNtNtCs3yqXWJWMNss_4koan8builtins6fn_def10param_refs24type_expr_references_any0B9_
FN:28,_RNCNvNtNtNtCs3yqXWJWMNss_4koan8builtins6fn_def10param_refs24type_expr_references_anys0_0B9_
FN:26,_RNCNvNtNtNtCs3yqXWJWMNss_4koan8builtins6fn_def10param_refs24type_expr_references_anys_0B9_
FN:41,_RNCNvNtNtNtCs3yqXWJWMNss_4koan8builtins6fn_def10param_refs26kexpression_references_any0B9_
FN:44,_RNvNtNtNtCs3yqXWJWMNss_4koan8builtins6fn_def10param_refs19part_references_any
FN:20,_RNvNtNtNtCs3yqXWJWMNss_4koan8builtins6fn_def10param_refs24type_expr_references_any
FN:37,_RNvNtNtNtCs3yqXWJWMNss_4koan8builtins6fn_def10param_refs26kexpression_references_any
FN:46,_RNCNvNtNtNtCs8h7e9k1J8CD_4koan8builtins6fn_def10param_refs19part_references_any0B9_
FN:52,_RNCNvNtNtNtCs8h7e9k1J8CD_4koan8builtins6fn_def10param_refs19part_references_anys0_0B9_
FN:50,_RNCNvNtNtNtCs8h7e9k1J8CD_4koan8builtins6fn_def10param_refs19part_references_anys_0B9_
FN:21,_RNCNvNtNtNtCs8h7e9k1J8CD_4koan8builtins6fn_def10param_refs24type_expr_references_any0B9_
FN:28,_RNCNvNtNtNtCs8h7e9k1J8CD_4koan8builtins6fn_def10param_refs24type_expr_references_anys0_0B9_
FN:26,_RNCNvNtNtNtCs8h7e9k1J8CD_4koan8builtins6fn_def10param_refs24type_expr_references_anys_0B9_
FN:41,_RNCNvNtNtNtCs8h7e9k1J8CD_4koan8builtins6fn_def10param_refs26kexpression_references_any0B9_
FN:44,_RNvNtNtNtCs8h7e9k1J8CD_4koan8builtins6fn_def10param_refs19part_references_any
FN:20,_RNvNtNtNtCs8h7e9k1J8CD_4koan8builtins6fn_def10param_refs24type_expr_references_any
FN:37,_RNvNtNtNtCs8h7e9k1J8CD_4koan8builtins6fn_def10param_refs26kexpression_references_any
FNDA:0,_RNCNvNtNtNtCs3yqXWJWMNss_4koan8builtins6fn_def10param_refs19part_references_any0B9_
FNDA:0,_RNCNvNtNtNtCs3yqXWJWMNss_4koan8builtins6fn_def10param_refs19part_references_anys0_0B9_
FNDA:0,_RNCNvNtNtNtCs3yqXWJWMNss_4koan8builtins6fn_def10param_refs19part_references_anys_0B9_
FNDA:0,_RNCNvNtNtNtCs3yqXWJWMNss_4koan8builtins6fn_def10param_refs24type_expr_references_any0B9_
FNDA:0,_RNCNvNtNtNtCs3yqXWJWMNss_4koan8builtins6fn_def10param_refs24type_expr_references_anys0_0B9_
FNDA:0,_RNCNvNtNtNtCs3yqXWJWMNss_4koan8builtins6fn_def10param_refs24type_expr_references_anys_0B9_
FNDA:0,_RNCNvNtNtNtCs3yqXWJWMNss_4koan8builtins6fn_def10param_refs26kexpression_references_any0B9_
FNDA:0,_RNvNtNtNtCs3yqXWJWMNss_4koan8builtins6fn_def10param_refs19part_references_any
FNDA:0,_RNvNtNtNtCs3yqXWJWMNss_4koan8builtins6fn_def10param_refs24type_expr_references_any
FNDA:0,_RNvNtNtNtCs3yqXWJWMNss_4koan8builtins6fn_def10param_refs26kexpression_references_any
FNDA:4,_RNCNvNtNtNtCs8h7e9k1J8CD_4koan8builtins6fn_def10param_refs19part_references_any0B9_
FNDA:1,_RNCNvNtNtNtCs8h7e9k1J8CD_4koan8builtins6fn_def10param_refs19part_references_anys0_0B9_
FNDA:1,_RNCNvNtNtNtCs8h7e9k1J8CD_4koan8builtins6fn_def10param_refs19part_references_anys_0B9_
FNDA:28,_RNCNvNtNtNtCs8h7e9k1J8CD_4koan8builtins6fn_def10param_refs24type_expr_references_any0B9_
FNDA:1,_RNCNvNtNtNtCs8h7e9k1J8CD_4koan8builtins6fn_def10param_refs24type_expr_references_anys0_0B9_
FNDA:2,_RNCNvNtNtNtCs8h7e9k1J8CD_4koan8builtins6fn_def10param_refs24type_expr_references_anys_0B9_
FNDA:37,_RNCNvNtNtNtCs8h7e9k1J8CD_4koan8builtins6fn_def10param_refs26kexpression_references_any0B9_
FNDA:40,_RNvNtNtNtCs8h7e9k1J8CD_4koan8builtins6fn_def10param_refs19part_references_any
FNDA:32,_RNvNtNtNtCs8h7e9k1J8CD_4koan8builtins6fn_def10param_refs24type_expr_references_any
FNDA:18,_RNvNtNtNtCs8h7e9k1J8CD_4koan8builtins6fn_def10param_refs26kexpression_references_any
FNF:10
FNH:10
DA:20,32
DA:21,32
DA:22,6
DA:23,26
DA:24,26
DA:25,23
DA:26,2
DA:27,1
DA:28,1
DA:29,1
DA:32,32
DA:37,18
DA:38,18
DA:39,18
DA:40,18
DA:41,37
DA:42,18
DA:44,40
DA:45,40
DA:46,4
DA:47,17
DA:48,7
DA:49,1
DA:50,1
DA:52,1
DA:53,1
DA:54,1
DA:55,10
DA:57,40
BRF:0
BRH:0
LF:36
LH:36
end_of_record
SF:/var/home/jack/Code/koan/src/builtins/fn_def/return_type.rs
FN:123,_RNvNtNtNtCs3yqXWJWMNss_4koan8builtins6fn_def11return_type12make_capture
FN:84,_RNvNtNtNtCs3yqXWJWMNss_4koan8builtins6fn_def11return_type20classify_return_type
FN:59,_RNvNtNtNtCs3yqXWJWMNss_4koan8builtins6fn_def11return_type23extract_return_type_raw
FN:133,_RNvNtNtNtCs3yqXWJWMNss_4koan8builtins6fn_def11return_type25resolve_capture_at_finish
FN:123,_RNvNtNtNtCs8h7e9k1J8CD_4koan8builtins6fn_def11return_type12make_capture
FN:84,_RNvNtNtNtCs8h7e9k1J8CD_4koan8builtins6fn_def11return_type20classify_return_type
FN:59,_RNvNtNtNtCs8h7e9k1J8CD_4koan8builtins6fn_def11return_type23extract_return_type_raw
FN:133,_RNvNtNtNtCs8h7e9k1J8CD_4koan8builtins6fn_def11return_type25resolve_capture_at_finish
FNDA:0,_RNvNtNtNtCs3yqXWJWMNss_4koan8builtins6fn_def11return_type12make_capture
FNDA:4,_RNvNtNtNtCs3yqXWJWMNss_4koan8builtins6fn_def11return_type20classify_return_type
FNDA:4,_RNvNtNtNtCs3yqXWJWMNss_4koan8builtins6fn_def11return_type23extract_return_type_raw
FNDA:0,_RNvNtNtNtCs3yqXWJWMNss_4koan8builtins6fn_def11return_type25resolve_capture_at_finish
FNDA:5,_RNvNtNtNtCs8h7e9k1J8CD_4koan8builtins6fn_def11return_type12make_capture
FNDA:162,_RNvNtNtNtCs8h7e9k1J8CD_4koan8builtins6fn_def11return_type20classify_return_type
FNDA:162,_RNvNtNtNtCs8h7e9k1J8CD_4koan8builtins6fn_def11return_type23extract_return_type_raw
FNDA:17,_RNvNtNtNtCs8h7e9k1J8CD_4koan8builtins6fn_def11return_type25resolve_capture_at_finish
FNF:4
FNH:4
DA:59,166
DA:60,166
DA:61,166
DA:62,166
DA:63,144
DA:64,144
DA:65,0
DA:67,11
DA:68,11
DA:69,0
DA:71,11
DA:72,11
DA:73,0
DA:75,0
DA:76,0
DA:77,0
DA:78,0
DA:80,166
DA:84,166
DA:85,166
DA:86,166
DA:87,166
DA:88,166
DA:89,166
DA:90,166
DA:91,144
DA:92,11
DA:93,11
DA:94,3
DA:95,8
DA:96,8
DA:97,8
DA:98,1
DA:99,5
DA:100,5
DA:102,2
DA:103,0
DA:105,2
DA:106,2
DA:107,2
DA:112,11
DA:113,11
DA:114,6
DA:116,5
DA:117,5
DA:121,166
DA:123,5
DA:124,5
DA:125,4
DA:126,1
DA:128,5
DA:133,17
DA:134,17
DA:135,17
DA:136,17
DA:137,17
DA:138,17
DA:139,5
DA:140,4
DA:141,4
DA:142,4
DA:143,4
DA:144,0
DA:145,0
DA:146,0
DA:147,0
DA:148,0
DA:149,0
DA:150,0
DA:151,0
DA:155,1
DA:156,1
DA:157,0
DA:158,0
DA:159,0
DA:160,0
DA:161,0
DA:162,0
DA:164,2
DA:165,5
DA:166,5
DA:167,5
DA:168,4
DA:169,1
DA:170,1
DA:171,1
DA:172,1
DA:173,1
DA:177,17
BRF:0
BRH:0
LF:89
LH:67
end_of_record
SF:/var/home/jack/Code/koan/src/builtins/fn_def/signature.rs
FN:75,_RNvNtNtNtCs3yqXWJWMNss_4koan8builtins6fn_def9signature19parse_fn_param_list
FN:18,_RNvNtNtNtCs3yqXWJWMNss_4koan8builtins6fn_def9signature34collect_param_names_from_signature
FN:182,_RNvNtNtNtCs3yqXWJWMNss_4koan8builtins6fn_def9signature7pre_run
FN:75,_RNvNtNtNtCs8h7e9k1J8CD_4koan8builtins6fn_def9signature19parse_fn_param_list
FN:18,_RNvNtNtNtCs8h7e9k1J8CD_4koan8builtins6fn_def9signature34collect_param_names_from_signature
FN:182,_RNvNtNtNtCs8h7e9k1J8CD_4koan8builtins6fn_def9signature7pre_run
FNDA:4,_RNvNtNtNtCs3yqXWJWMNss_4koan8builtins6fn_def9signature19parse_fn_param_list
FNDA:4,_RNvNtNtNtCs3yqXWJWMNss_4koan8builtins6fn_def9signature34collect_param_names_from_signature
FNDA:8,_RNvNtNtNtCs3yqXWJWMNss_4koan8builtins6fn_def9signature7pre_run
FNDA:176,_RNvNtNtNtCs8h7e9k1J8CD_4koan8builtins6fn_def9signature19parse_fn_param_list
FNDA:162,_RNvNtNtNtCs8h7e9k1J8CD_4koan8builtins6fn_def9signature34collect_param_names_from_signature
FNDA:324,_RNvNtNtNtCs8h7e9k1J8CD_4koan8builtins6fn_def9signature7pre_run
FNF:3
FNH:3
DA:18,166
DA:19,166
DA:20,166
DA:21,166
DA:22,459
DA:23,293
DA:24,115
DA:25,11
DA:26,11
DA:28,167
DA:30,293
DA:31,126
DA:32,126
DA:33,124
DA:38,126
DA:39,124
DA:40,124
DA:41,124
DA:42,2
DA:43,167
DA:44,169
DA:46,166
DA:47,166
DA:75,180
DA:76,180
DA:77,180
DA:78,180
DA:79,180
DA:80,180
DA:81,180
DA:82,180
DA:83,180
DA:84,180
DA:85,498
DA:89,320
DA:90,124
DA:91,15
DA:92,15
DA:94,181
DA:96,320
DA:97,181
DA:98,181
DA:99,181
DA:100,181
DA:101,139
DA:102,139
DA:103,3
DA:104,130
DA:105,130
DA:106,120
DA:107,120
DA:108,120
DA:109,120
DA:110,120
DA:111,120
DA:112,8
DA:113,8
DA:114,8
DA:115,2
DA:116,2
DA:117,2
DA:118,2
DA:119,2
DA:120,0
DA:122,130
DA:124,4
DA:125,4
DA:126,4
DA:127,4
DA:128,4
DA:129,4
DA:130,3
DA:131,3
DA:132,3
DA:133,3
DA:134,3
DA:135,3
DA:136,3
DA:137,0
DA:138,0
DA:139,0
DA:140,0
DA:141,0
DA:142,0
DA:145,2
DA:146,2
DA:147,2
DA:148,2
DA:152,0
DA:153,0
DA:154,0
DA:155,0
DA:156,0
DA:158,0
DA:159,0
DA:160,0
DA:161,0
DA:162,0
DA:166,178
DA:167,2
DA:168,176
DA:169,176
DA:170,12
DA:171,12
DA:172,12
DA:173,12
DA:174,164
DA:175,164
DA:176,180
DA:182,332
DA:183,332
DA:184,332
DA:185,332
DA:186,0
DA:188,355
DA:189,355
DA:190,326
DA:191,29
DA:193,6
DA:194,332
BRF:0
BRH:0
LF:120
LH:102
end_of_record
SF:/var/home/jack/Code/koan/src/builtins/let_binding.rs
FN:205,_RNvNtNtCs3yqXWJWMNss_4koan8builtins11let_binding23derive_nominal_identity
FN:17,_RNvNtNtCs3yqXWJWMNss_4koan8builtins11let_binding4body
FN:239,_RNvNtNtCs3yqXWJWMNss_4koan8builtins11let_binding7pre_run
FN:247,_RNvNtNtCs3yqXWJWMNss_4koan8builtins11let_binding8register
FN:205,_RNvNtNtCs8h7e9k1J8CD_4koan8builtins11let_binding23derive_nominal_identity
FN:17,_RNvNtNtCs8h7e9k1J8CD_4koan8builtins11let_binding4body
FN:239,_RNvNtNtCs8h7e9k1J8CD_4koan8builtins11let_binding7pre_run
FN:247,_RNvNtNtCs8h7e9k1J8CD_4koan8builtins11let_binding8register
FNDA:0,_RNvNtNtCs3yqXWJWMNss_4koan8builtins11let_binding23derive_nominal_identity
FNDA:22,_RNvNtNtCs3yqXWJWMNss_4koan8builtins11let_binding4body
FNDA:68,_RNvNtNtCs3yqXWJWMNss_4koan8builtins11let_binding7pre_run
FNDA:15,_RNvNtNtCs3yqXWJWMNss_4koan8builtins11let_binding8register
FNDA:16,_RNvNtNtCs8h7e9k1J8CD_4koan8builtins11let_binding23derive_nominal_identity
FNDA:306,_RNvNtNtCs8h7e9k1J8CD_4koan8builtins11let_binding4body
FNDA:822,_RNvNtNtCs8h7e9k1J8CD_4koan8builtins11let_binding7pre_run
FNDA:406,_RNvNtNtCs8h7e9k1J8CD_4koan8builtins11let_binding8register
FNF:4
FNH:4
DA:17,328
DA:18,328
DA:19,328
DA:20,328
DA:21,328
DA:22,328
DA:23,328
DA:24,0
DA:33,328
DA:34,328
DA:35,328
DA:36,246
DA:42,53
DA:44,0
DA:45,0
DA:46,0
DA:47,0
DA:50,53
DA:51,51
DA:52,53
DA:56,2
DA:57,2
DA:58,2
DA:59,2
DA:60,51
DA:66,50
DA:67,15
DA:68,15
DA:69,15
DA:70,35
DA:71,35
DA:72,35
DA:73,1
DA:74,1
DA:75,1
DA:77,51
DA:83,29
DA:89,1
DA:90,1
DA:91,1
DA:92,1
DA:102,28
DA:103,28
DA:104,28
DA:108,0
DA:109,0
DA:110,0
DA:111,0
DA:112,28
DA:121,28
DA:122,0
DA:123,0
DA:124,0
DA:125,28
DA:126,28
DA:127,28
DA:128,0
DA:129,0
DA:130,0
DA:132,28
DA:135,0
DA:136,0
DA:137,0
DA:138,0
DA:139,0
DA:140,0
DA:142,0
DA:149,325
DA:150,2
DA:151,2
DA:152,2
DA:153,2
DA:154,323
DA:155,323
DA:156,323
DA:157,323
DA:158,323
DA:159,63
DA:160,63
DA:161,63
DA:162,63
DA:163,63
DA:164,63
DA:165,63
DA:166,260
DA:172,16
DA:173,0
DA:174,16
DA:182,244
DA:183,2
DA:184,2
DA:185,2
DA:186,2
DA:187,2
DA:188,242
DA:189,242
DA:190,1
DA:191,241
DA:193,320
DA:194,328
DA:205,16
DA:206,15
DA:210,15
DA:216,0
DA:217,0
DA:218,0
DA:219,0
DA:220,0
DA:221,1
DA:222,1
DA:223,1
DA:224,1
DA:225,1
DA:226,0
DA:227,0
DA:228,0
DA:229,0
DA:230,0
DA:231,0
DA:233,16
DA:239,890
DA:240,890
DA:241,645
DA:242,245
DA:243,0
DA:245,890
DA:247,421
DA:248,421
DA:249,421
DA:250,421
DA:251,421
DA:252,421
DA:253,421
DA:254,421
DA:255,421
DA:257,421
DA:258,421
DA:260,421
DA:261,421
DA:262,421
DA:263,421
DA:264,421
DA:265,421
DA:266,421
DA:267,421
DA:269,421
DA:270,421
DA:272,421
BRF:0
BRH:0
LF:148
LH:113
end_of_record
SF:/var/home/jack/Code/koan/src/builtins/match_case.rs
FN:31,_RNvNtNtCs3yqXWJWMNss_4koan8builtins10match_case4body
FN:94,_RNvNtNtCs3yqXWJWMNss_4koan8builtins10match_case8register
FN:31,_RNvNtNtCs8h7e9k1J8CD_4koan8builtins10match_case4body
FN:94,_RNvNtNtCs8h7e9k1J8CD_4koan8builtins10match_case8register
FN:113,_RNvNtNtNtCs8h7e9k1J8CD_4koan8builtins10match_case5tests11run_program
FN:155,_RNvNtNtNtCs8h7e9k1J8CD_4koan8builtins10match_case5testss_25match_inexhaustive_errors
FN:132,_RNvNtNtNtCs8h7e9k1J8CD_4koan8builtins10match_case5testss_29match_binds_inner_value_to_it
FN:196,_RNvNtNtNtCs8h7e9k1J8CD_4koan8builtins10match_case5testss_29recursive_tagged_match_no_uaf
FN:217,_RNvNtNtNtCs8h7e9k1J8CD_4koan8builtins10match_case5testss_33match_on_bool_inexhaustive_errors
FN:180,_RNvNtNtNtCs8h7e9k1J8CD_4koan8builtins10match_case5testss_36match_on_bool_true_takes_true_branch
FN:144,_RNvNtNtNtCs8h7e9k1J8CD_4koan8builtins10match_case5testss_37match_does_not_run_unmatched_branches
FN:188,_RNvNtNtNtCs8h7e9k1J8CD_4koan8builtins10match_case5testss_38match_on_bool_false_takes_false_branch
FN:122,_RNvNtNtNtCs8h7e9k1J8CD_4koan8builtins10match_case5testss_40match_dispatches_branch_for_matching_tag
FN:170,_RNvNtNtNtCs8h7e9k1J8CD_4koan8builtins10match_case5testss_40match_other_branch_runs_when_tag_matches
FNDA:0,_RNvNtNtCs3yqXWJWMNss_4koan8builtins10match_case4body
FNDA:15,_RNvNtNtCs3yqXWJWMNss_4koan8builtins10match_case8register
FNDA:66,_RNvNtNtCs8h7e9k1J8CD_4koan8builtins10match_case4body
FNDA:406,_RNvNtNtCs8h7e9k1J8CD_4koan8builtins10match_case8register
FNDA:7,_RNvNtNtNtCs8h7e9k1J8CD_4koan8builtins10match_case5tests11run_program
FNDA:1,_RNvNtNtNtCs8h7e9k1J8CD_4koan8builtins10match_case5testss_25match_inexhaustive_errors
FNDA:1,_RNvNtNtNtCs8h7e9k1J8CD_4koan8builtins10match_case5testss_29match_binds_inner_value_to_it
FNDA:1,_RNvNtNtNtCs8h7e9k1J8CD_4koan8builtins10match_case5testss_29recursive_tagged_match_no_uaf
FNDA:1,_RNvNtNtNtCs8h7e9k1J8CD_4koan8builtins10match_case5testss_33match_on_bool_inexhaustive_errors
FNDA:1,_RNvNtNtNtCs8h7e9k1J8CD_4koan8builtins10match_case5testss_36match_on_bool_true_takes_true_branch
FNDA:1,_RNvNtNtNtCs8h7e9k1J8CD_4koan8builtins10match_case5testss_37match_does_not_run_unmatched_branches
FNDA:1,_RNvNtNtNtCs8h7e9k1J8CD_4koan8builtins10match_case5testss_38match_on_bool_false_takes_false_branch
FNDA:1,_RNvNtNtNtCs8h7e9k1J8CD_4koan8builtins10match_case5testss_40match_dispatches_branch_for_matching_tag
FNDA:1,_RNvNtNtNtCs8h7e9k1J8CD_4koan8builtins10match_case5testss_40match_other_branch_runs_when_tag_matches
FNF:12
FNH:12
DA:31,66
DA:32,66
DA:33,66
DA:34,66
DA:35,66
DA:36,66
DA:37,59
DA:38,7
DA:39,7
DA:40,7
DA:42,0
DA:43,0
DA:44,0
DA:45,0
DA:46,0
DA:47,0
DA:49,0
DA:51,66
DA:52,66
DA:54,0
DA:55,0
DA:56,0
DA:59,66
DA:60,63
DA:62,3
DA:63,3
DA:64,3
DA:65,3
DA:67,0
DA:77,63
DA:78,63
DA:79,63
DA:82,63
DA:83,63
DA:84,63
DA:87,63
DA:91,63
DA:92,66
DA:94,421
DA:95,421
DA:96,421
DA:97,421
DA:98,421
DA:99,421
DA:100,421
DA:101,421
DA:102,421
DA:104,421
DA:106,421
DA:113,7
DA:114,7
DA:115,7
DA:116,7
DA:117,7
DA:118,7
DA:119,7
DA:122,1
DA:123,1
DA:124,1
DA:125,1
DA:126,1
DA:128,1
DA:129,1
DA:132,1
DA:135,1
DA:136,1
DA:137,1
DA:138,1
DA:140,1
DA:141,1
DA:144,1
DA:146,1
DA:147,1
DA:148,1
DA:149,1
DA:151,1
DA:152,1
DA:155,1
DA:156,1
DA:157,1
DA:158,1
DA:159,1
DA:160,1
DA:162,1
DA:163,1
DA:164,1
DA:167,1
DA:170,1
DA:171,1
DA:172,1
DA:173,1
DA:174,1
DA:176,1
DA:177,1
DA:180,1
DA:181,1
DA:182,1
DA:184,1
DA:185,1
DA:188,1
DA:189,1
DA:190,1
DA:192,1
DA:193,1
DA:196,1
DA:205,1
DA:206,1
DA:207,1
DA:208,1
DA:209,1
DA:210,1
DA:211,1
DA:213,1
DA:214,1
DA:217,1
DA:218,1
DA:219,1
DA:220,1
DA:221,1
DA:222,1
DA:225,1
BRF:0
BRH:0
LF:121
LH:110
end_of_record
SF:/var/home/jack/Code/koan/src/builtins/module_def.rs
FN:29,_RNvNtNtCs3yqXWJWMNss_4koan8builtins10module_def4body
FN:136,_RNvNtNtCs3yqXWJWMNss_4koan8builtins10module_def7pre_run
FN:140,_RNvNtNtCs3yqXWJWMNss_4koan8builtins10module_def8register
FN:69,_RNCNvNtNtCs3yqXWJWMNss_4koan8builtins10module_def4body0B7_
FN:29,_RNvNtNtCs8h7e9k1J8CD_4koan8builtins10module_def4body
FN:136,_RNvNtNtCs8h7e9k1J8CD_4koan8builtins10module_def7pre_run
FN:140,_RNvNtNtCs8h7e9k1J8CD_4koan8builtins10module_def8register
FN:228,_RNvNtNtNtCs8h7e9k1J8CD_4koan8builtins10module_def5testss_28module_unknown_member_errors
FN:164,_RNvNtNtNtCs8h7e9k1J8CD_4koan8builtins10module_def5testss_28pre_run_extracts_module_name
FN:183,_RNvNtNtNtCs8h7e9k1J8CD_4koan8builtins10module_def5testss_29module_member_access_via_attr
FN:171,_RNvNtNtNtCs8h7e9k1J8CD_4koan8builtins10module_def5testss_32module_binds_under_name_in_scope
FN:208,_RNvNtNtNtCs8h7e9k1J8CD_4koan8builtins10module_def5testss_33module_member_function_via_let_fn
FN:326,_RNvNtNtNtCs8h7e9k1J8CD_4koan8builtins10module_def5testss_36module_body_dispatch_does_not_dangle
FN:259,_RNvNtNtNtCs8h7e9k1J8CD_4koan8builtins10module_def5testss_38module_body_parks_on_outer_placeholder
FN:271,_RNvNtNtNtCs8h7e9k1J8CD_4koan8builtins10module_def5testss_41module_body_error_short_circuits_finalize
FN:192,_RNvNtNtNtCs8h7e9k1J8CD_4koan8builtins10module_def5testss_41module_with_multiple_statements_in_parens
FN:241,_RNvNtNtNtCs8h7e9k1J8CD_4koan8builtins10module_def5testss_41nested_module_accessible_via_chained_attr
FN:292,_RNvNtNtNtCs8h7e9k1J8CD_4koan8builtins10module_def5testss_50module_finalize_short_circuits_on_idempotent_state
FN:69,_RNCNvNtNtCs8h7e9k1J8CD_4koan8builtins10module_def4body0B7_
FNDA:6,_RNvNtNtCs3yqXWJWMNss_4koan8builtins10module_def4body
FNDA:12,_RNvNtNtCs3yqXWJWMNss_4koan8builtins10module_def7pre_run
FNDA:15,_RNvNtNtCs3yqXWJWMNss_4koan8builtins10module_def8register
FNDA:6,_RNCNvNtNtCs3yqXWJWMNss_4koan8builtins10module_def4body0B7_
FNDA:67,_RNvNtNtCs8h7e9k1J8CD_4koan8builtins10module_def4body
FNDA:122,_RNvNtNtCs8h7e9k1J8CD_4koan8builtins10module_def7pre_run
FNDA:406,_RNvNtNtCs8h7e9k1J8CD_4koan8builtins10module_def8register
FNDA:1,_RNvNtNtNtCs8h7e9k1J8CD_4koan8builtins10module_def5testss_28module_unknown_member_errors
FNDA:1,_RNvNtNtNtCs8h7e9k1J8CD_4koan8builtins10module_def5testss_28pre_run_extracts_module_name
FNDA:1,_RNvNtNtNtCs8h7e9k1J8CD_4koan8builtins10module_def5testss_29module_member_access_via_attr
FNDA:1,_RNvNtNtNtCs8h7e9k1J8CD_4koan8builtins10module_def5testss_32module_binds_under_name_in_scope
FNDA:1,_RNvNtNtNtCs8h7e9k1J8CD_4koan8builtins10module_def5testss_33module_member_function_via_let_fn
FNDA:1,_RNvNtNtNtCs8h7e9k1J8CD_4koan8builtins10module_def5testss_36module_body_dispatch_does_not_dangle
FNDA:1,_RNvNtNtNtCs8h7e9k1J8CD_4koan8builtins10module_def5testss_38module_body_parks_on_outer_placeholder
FNDA:1,_RNvNtNtNtCs8h7e9k1J8CD_4koan8builtins10module_def5testss_41module_body_error_short_circuits_finalize
FNDA:1,_RNvNtNtNtCs8h7e9k1J8CD_4koan8builtins10module_def5testss_41module_with_multiple_statements_in_parens
FNDA:1,_RNvNtNtNtCs8h7e9k1J8CD_4koan8builtins10module_def5testss_41nested_module_accessible_via_chained_attr
FNDA:1,_RNvNtNtNtCs8h7e9k1J8CD_4koan8builtins10module_def5testss_50module_finalize_short_circuits_on_idempotent_state
FNDA:65,_RNCNvNtNtCs8h7e9k1J8CD_4koan8builtins10module_def4body0B7_
FNF:15
FNH:15
DA:29,73
DA:30,73
DA:31,73
DA:32,73
DA:33,73
DA:38,73
DA:39,73
DA:40,0
DA:42,73
DA:43,73
DA:45,0
DA:46,0
DA:47,0
DA:51,73
DA:52,73
DA:57,73
DA:67,73
DA:68,73
DA:69,73
DA:75,71
DA:76,71
DA:77,0
DA:78,0
DA:79,0
DA:80,71
DA:81,71
DA:82,71
DA:83,71
DA:103,71
DA:104,71
DA:105,71
DA:106,71
DA:107,20
DA:108,2
DA:109,18
DA:110,18
DA:117,71
DA:118,71
DA:119,71
DA:120,71
DA:121,71
DA:122,71
DA:123,71
DA:124,71
DA:125,0
DA:126,0
DA:127,0
DA:129,71
DA:130,73
DA:131,73
DA:132,73
DA:136,134
DA:137,134
DA:138,134
DA:140,421
DA:141,421
DA:142,421
DA:143,421
DA:144,421
DA:145,421
DA:146,421
DA:147,421
DA:148,421
DA:150,421
DA:151,421
DA:153,421
DA:164,1
DA:165,1
DA:166,1
DA:167,1
DA:168,1
DA:171,1
DA:172,1
DA:173,1
DA:174,1
DA:175,1
DA:176,1
DA:177,1
DA:180,1
DA:183,1
DA:184,1
DA:185,1
DA:186,1
DA:187,1
DA:188,1
DA:189,1
DA:192,1
DA:197,1
DA:198,1
DA:199,1
DA:200,1
DA:201,1
DA:203,1
DA:204,1
DA:205,1
DA:208,1
DA:213,1
DA:214,1
DA:215,1
DA:216,1
DA:217,1
DA:219,1
DA:220,1
DA:221,1
DA:222,0
DA:224,1
DA:225,1
DA:228,1
DA:229,1
DA:230,1
DA:231,1
DA:232,1
DA:233,1
DA:234,1
DA:235,1
DA:238,1
DA:241,1
DA:242,1
DA:243,1
DA:244,1
DA:245,1
DA:246,1
DA:248,1
DA:249,1
DA:250,1
DA:259,1
DA:260,1
DA:261,1
DA:262,1
DA:263,1
DA:264,1
DA:265,1
DA:271,1
DA:272,1
DA:273,1
DA:274,1
DA:275,1
DA:276,1
DA:279,1
DA:292,1
DA:295,1
DA:296,1
DA:297,1
DA:298,1
DA:299,1
DA:301,1
DA:302,1
DA:303,1
DA:304,1
DA:305,1
DA:306,1
DA:311,1
DA:314,1
DA:315,1
DA:316,1
DA:317,1
DA:326,1
DA:327,1
DA:328,1
DA:329,1
DA:330,1
DA:331,1
DA:332,1
DA:333,0
DA:335,1
DA:336,1
DA:337,1
DA:338,1
BRF:0
BRH:0
LF:169
LH:157
end_of_record
SF:/var/home/jack/Code/koan/src/builtins/newtype_def.rs
FN:161,_RNvNtNtCs3yqXWJWMNss_4koan8builtins11newtype_def17newtype_construct
FN:52,_RNvNtNtCs3yqXWJWMNss_4koan8builtins11newtype_def4body
FN:138,_RNvNtNtCs3yqXWJWMNss_4koan8builtins11newtype_def7pre_run
FN:209,_RNvNtNtCs3yqXWJWMNss_4koan8builtins11newtype_def8register
FN:176,_RNCNvNtNtCs3yqXWJWMNss_4koan8builtins11newtype_def17newtype_construct0B7_
FN:161,_RNvNtNtCs8h7e9k1J8CD_4koan8builtins11newtype_def17newtype_construct
FN:52,_RNvNtNtCs8h7e9k1J8CD_4koan8builtins11newtype_def4body
FN:138,_RNvNtNtCs8h7e9k1J8CD_4koan8builtins11newtype_def7pre_run
FN:209,_RNvNtNtCs8h7e9k1J8CD_4koan8builtins11newtype_def8register
FN:176,_RNCNvNtNtCs8h7e9k1J8CD_4koan8builtins11newtype_def17newtype_construct0B7_
FN:415,_RNvNtNtNtCs8h7e9k1J8CD_4koan8builtins11newtype_def5testss_28construct_arity_zero_rejects
FN:433,_RNvNtNtNtCs8h7e9k1J8CD_4koan8builtins11newtype_def5testss_29construct_with_operator_value
FN:242,_RNvNtNtNtCs8h7e9k1J8CD_4koan8builtins11newtype_def5testss_30declare_mints_newtype_identity
FN:313,_RNvNtNtNtCs8h7e9k1J8CD_4koan8builtins11newtype_def5testss_30newtype_over_newtype_collapses
FN:395,_RNvNtNtNtCs8h7e9k1J8CD_4koan8builtins11newtype_def5testss_31construct_with_identifier_value
FN:297,_RNvNtNtNtCs8h7e9k1J8CD_4koan8builtins11newtype_def5testss_35construct_rejects_non_matching_repr
FN:273,_RNvNtNtNtCs8h7e9k1J8CD_4koan8builtins11newtype_def5testss_35construct_wraps_repr_matching_value
FN:346,_RNvNtNtNtCs8h7e9k1J8CD_4koan8builtins11newtype_def5testss_43dispatch_distinguishes_distance_from_number
FNDA:0,_RNvNtNtCs3yqXWJWMNss_4koan8builtins11newtype_def17newtype_construct
FNDA:0,_RNvNtNtCs3yqXWJWMNss_4koan8builtins11newtype_def4body
FNDA:0,_RNvNtNtCs3yqXWJWMNss_4koan8builtins11newtype_def7pre_run
FNDA:15,_RNvNtNtCs3yqXWJWMNss_4koan8builtins11newtype_def8register
FNDA:0,_RNCNvNtNtCs3yqXWJWMNss_4koan8builtins11newtype_def17newtype_construct0B7_
FNDA:12,_RNvNtNtCs8h7e9k1J8CD_4koan8builtins11newtype_def17newtype_construct
FNDA:12,_RNvNtNtCs8h7e9k1J8CD_4koan8builtins11newtype_def4body
FNDA:24,_RNvNtNtCs8h7e9k1J8CD_4koan8builtins11newtype_def7pre_run
FNDA:406,_RNvNtNtCs8h7e9k1J8CD_4koan8builtins11newtype_def8register
FNDA:11,_RNCNvNtNtCs8h7e9k1J8CD_4koan8builtins11newtype_def17newtype_construct0B7_
FNDA:1,_RNvNtNtNtCs8h7e9k1J8CD_4koan8builtins11newtype_def5testss_28construct_arity_zero_rejects
FNDA:1,_RNvNtNtNtCs8h7e9k1J8CD_4koan8builtins11newtype_def5testss_29construct_with_operator_value
FNDA:1,_RNvNtNtNtCs8h7e9k1J8CD_4koan8builtins11newtype_def5testss_30declare_mints_newtype_identity
FNDA:1,_RNvNtNtNtCs8h7e9k1J8CD_4koan8builtins11newtype_def5testss_30newtype_over_newtype_collapses
FNDA:1,_RNvNtNtNtCs8h7e9k1J8CD_4koan8builtins11newtype_def5testss_31construct_with_identifier_value
FNDA:1,_RNvNtNtNtCs8h7e9k1J8CD_4koan8builtins11newtype_def5testss_35construct_rejects_non_matching_repr
FNDA:1,_RNvNtNtNtCs8h7e9k1J8CD_4koan8builtins11newtype_def5testss_35construct_wraps_repr_matching_value
FNDA:1,_RNvNtNtNtCs8h7e9k1J8CD_4koan8builtins11newtype_def5testss_43dispatch_distinguishes_distance_from_number
FNF:13
FNH:13
DA:52,12
DA:53,12
DA:54,12
DA:55,12
DA:56,12
DA:59,12
DA:60,12
DA:61,0
DA:67,12
DA:68,9
DA:69,9
DA:70,0
DA:77,3
DA:78,3
DA:79,0
DA:81,3
DA:82,0
DA:83,0
DA:84,0
DA:85,0
DA:86,3
DA:87,3
DA:88,3
DA:90,0
DA:91,0
DA:92,0
DA:93,0
DA:98,0
DA:99,0
DA:100,0
DA:108,12
DA:109,12
DA:110,12
DA:111,12
DA:112,12
DA:113,12
DA:114,12
DA:115,12
DA:116,12
DA:122,12
DA:123,12
DA:129,0
DA:130,0
DA:131,0
DA:132,0
DA:134,12
DA:138,24
DA:139,24
DA:140,24
DA:161,12
DA:162,12
DA:163,12
DA:164,12
DA:165,12
DA:166,12
DA:167,12
DA:168,1
DA:169,11
DA:174,11
DA:175,11
DA:176,11
DA:177,11
DA:178,11
DA:183,11
DA:184,11
DA:185,0
DA:187,11
DA:188,1
DA:189,1
DA:190,1
DA:191,1
DA:192,1
DA:193,10
DA:199,10
DA:200,10
DA:201,10
DA:202,10
DA:203,10
DA:204,11
DA:205,11
DA:206,11
DA:207,12
DA:209,421
DA:214,421
DA:215,421
DA:216,421
DA:217,421
DA:218,421
DA:219,421
DA:220,421
DA:221,421
DA:223,421
DA:224,421
DA:226,421
DA:242,1
DA:243,1
DA:244,1
DA:245,1
DA:246,1
DA:247,1
DA:248,1
DA:249,1
DA:250,1
DA:252,1
DA:253,1
DA:256,1
DA:257,1
DA:259,0
DA:261,1
DA:262,1
DA:263,1
DA:264,1
DA:267,1
DA:273,1
DA:274,1
DA:275,1
DA:276,1
DA:277,1
DA:278,1
DA:279,1
DA:280,1
DA:283,1
DA:285,1
DA:286,0
DA:288,1
DA:290,0
DA:292,1
DA:297,1
DA:298,1
DA:299,1
DA:300,1
DA:301,1
DA:302,1
DA:303,1
DA:304,1
DA:307,1
DA:313,1
DA:314,1
DA:315,1
DA:316,1
DA:317,1
DA:318,1
DA:319,1
DA:320,1
DA:321,1
DA:322,0
DA:325,1
DA:326,1
DA:328,0
DA:331,0
DA:333,1
DA:346,1
DA:347,1
DA:348,1
DA:349,1
DA:350,1
DA:351,1
DA:352,1
DA:353,1
DA:356,1
DA:357,1
DA:358,1
DA:359,0
DA:362,1
DA:363,1
DA:364,1
DA:365,0
DA:369,1
DA:370,1
DA:371,1
DA:372,1
DA:373,1
DA:374,1
DA:375,1
DA:379,1
DA:380,1
DA:381,1
DA:382,1
DA:383,1
DA:384,1
DA:385,1
DA:388,1
DA:395,1
DA:396,1
DA:397,1
DA:398,1
DA:399,1
DA:400,1
DA:401,1
DA:402,1
DA:403,1
DA:404,0
DA:406,1
DA:408,0
DA:410,1
DA:415,1
DA:416,1
DA:417,1
DA:418,1
DA:419,1
DA:420,1
DA:421,1
DA:424,1
DA:433,1
DA:434,1
DA:435,1
DA:436,1
DA:437,1
DA:438,1
DA:439,1
DA:441,1
DA:442,1
DA:443,1
DA:444,1
DA:445,1
DA:446,0
DA:448,1
DA:450,0
DA:452,1
BRF:0
BRH:0
LF:220
LH:189
end_of_record
SF:/var/home/jack/Code/koan/src/builtins/print.rs
FN:10,_RNvNtNtCs3yqXWJWMNss_4koan8builtins5print4body
FN:24,_RNvNtNtCs3yqXWJWMNss_4koan8builtins5print8register
FN:10,_RNvNtNtCs8h7e9k1J8CD_4koan8builtins5print4body
FN:24,_RNvNtNtCs8h7e9k1J8CD_4koan8builtins5print8register
FNDA:0,_RNvNtNtCs3yqXWJWMNss_4koan8builtins5print4body
FNDA:15,_RNvNtNtCs3yqXWJWMNss_4koan8builtins5print8register
FNDA:124,_RNvNtNtCs8h7e9k1J8CD_4koan8builtins5print4body
FNDA:406,_RNvNtNtCs8h7e9k1J8CD_4koan8builtins5print8register
FNF:2
FNH:2
DA:10,124
DA:11,124
DA:12,124
DA:13,124
DA:14,124
DA:15,124
DA:16,124
DA:17,0
DA:19,124
DA:20,124
DA:21,124
DA:22,124
DA:24,421
DA:25,421
DA:26,421
DA:27,421
DA:28,421
DA:29,421
DA:31,421
BRF:0
BRH:0
LF:19
LH:18
end_of_record
SF:/var/home/jack/Code/koan/src/builtins/quote.rs
FN:14,_RNvNtNtCs3yqXWJWMNss_4koan8builtins5quote4body
FN:31,_RNvNtNtCs3yqXWJWMNss_4koan8builtins5quote8register
FN:14,_RNvNtNtCs8h7e9k1J8CD_4koan8builtins5quote4body
FN:31,_RNvNtNtCs8h7e9k1J8CD_4koan8builtins5quote8register
FN:45,_RNvNtNtNtCs8h7e9k1J8CD_4koan8builtins5quote5tests11run_program
FN:54,_RNvNtNtNtCs8h7e9k1J8CD_4koan8builtins5quote5testss_26quote_then_eval_round_trip
FN:68,_RNvNtNtNtCs8h7e9k1J8CD_4koan8builtins5quote5testss_27quote_captures_ast_as_value
FNDA:0,_RNvNtNtCs3yqXWJWMNss_4koan8builtins5quote4body
FNDA:15,_RNvNtNtCs3yqXWJWMNss_4koan8builtins5quote8register
FNDA:9,_RNvNtNtCs8h7e9k1J8CD_4koan8builtins5quote4body
FNDA:406,_RNvNtNtCs8h7e9k1J8CD_4koan8builtins5quote8register
FNDA:2,_RNvNtNtNtCs8h7e9k1J8CD_4koan8builtins5quote5tests11run_program
FNDA:1,_RNvNtNtNtCs8h7e9k1J8CD_4koan8builtins5quote5testss_26quote_then_eval_round_trip
FNDA:1,_RNvNtNtNtCs8h7e9k1J8CD_4koan8builtins5quote5testss_27quote_captures_ast_as_value
FNF:5
FNH:5
DA:14,9
DA:15,9
DA:16,9
DA:17,9
DA:18,9
DA:19,9
DA:20,9
DA:22,0
DA:23,0
DA:24,0
DA:27,9
DA:28,9
DA:29,9
DA:31,421
DA:32,421
DA:33,421
DA:34,421
DA:35,421
DA:36,421
DA:38,421
DA:45,2
DA:46,2
DA:47,2
DA:48,2
DA:49,2
DA:50,2
DA:51,2
DA:54,1
DA:60,1
DA:61,1
DA:62,1
DA:64,1
DA:65,1
DA:68,1
DA:71,1
DA:72,1
DA:73,1
BRF:0
BRH:0
LF:37
LH:34
end_of_record
SF:/var/home/jack/Code/koan/src/builtins/result.rs
FN:24,_RNvNtNtCs3yqXWJWMNss_4koan8builtins6result8register
FN:24,_RNvNtNtCs8h7e9k1J8CD_4koan8builtins6result8register
FNDA:15,_RNvNtNtCs3yqXWJWMNss_4koan8builtins6result8register
FNDA:406,_RNvNtNtCs8h7e9k1J8CD_4koan8builtins6result8register
FNF:1
FNH:1
DA:24,421
DA:25,421
DA:26,421
DA:27,421
DA:28,421
DA:29,421
DA:30,421
DA:31,421
DA:32,421
DA:33,421
DA:34,421
DA:35,421
DA:36,421
DA:37,421
DA:38,421
DA:39,421
DA:42,421
DA:43,421
BRF:0
BRH:0
LF:18
LH:18
end_of_record
SF:/var/home/jack/Code/koan/src/builtins/sig_def.rs
FN:25,_RNvNtNtCs3yqXWJWMNss_4koan8builtins7sig_def4body
FN:79,_RNvNtNtCs3yqXWJWMNss_4koan8builtins7sig_def7pre_run
FN:83,_RNvNtNtCs3yqXWJWMNss_4koan8builtins7sig_def8register
FN:49,_RNCNvNtNtCs3yqXWJWMNss_4koan8builtins7sig_def4body0B7_
FN:25,_RNvNtNtCs8h7e9k1J8CD_4koan8builtins7sig_def4body
FN:79,_RNvNtNtCs8h7e9k1J8CD_4koan8builtins7sig_def7pre_run
FN:83,_RNvNtNtCs8h7e9k1J8CD_4koan8builtins7sig_def8register
FN:129,_RNvNtNtNtCs8h7e9k1J8CD_4koan8builtins7sig_def5testss_21sig_path_records_name
FN:108,_RNvNtNtNtCs8h7e9k1J8CD_4koan8builtins7sig_def5testss_25pre_run_extracts_sig_name
FN:116,_RNvNtNtNtCs8h7e9k1J8CD_4koan8builtins7sig_def5testss_29sig_binds_under_name_in_scope
FN:190,_RNvNtNtNtCs8h7e9k1J8CD_4koan8builtins7sig_def5testss_33sig_dual_writes_to_types_and_data
FN:149,_RNvNtNtNtCs8h7e9k1J8CD_4koan8builtins7sig_def5testss_35sig_body_parks_on_outer_placeholder
FN:173,_RNvNtNtNtCs8h7e9k1J8CD_4koan8builtins7sig_def5testss_38sig_body_error_short_circuits_finalize
FN:49,_RNCNvNtNtCs8h7e9k1J8CD_4koan8builtins7sig_def4body0B7_
FNDA:0,_RNvNtNtCs3yqXWJWMNss_4koan8builtins7sig_def4body
FNDA:0,_RNvNtNtCs3yqXWJWMNss_4koan8builtins7sig_def7pre_run
FNDA:15,_RNvNtNtCs3yqXWJWMNss_4koan8builtins7sig_def8register
FNDA:0,_RNCNvNtNtCs3yqXWJWMNss_4koan8builtins7sig_def4body0B7_
FNDA:60,_RNvNtNtCs8h7e9k1J8CD_4koan8builtins7sig_def4body
FNDA:121,_RNvNtNtCs8h7e9k1J8CD_4koan8builtins7sig_def7pre_run
FNDA:406,_RNvNtNtCs8h7e9k1J8CD_4koan8builtins7sig_def8register
FNDA:1,_RNvNtNtNtCs8h7e9k1J8CD_4koan8builtins7sig_def5testss_21sig_path_records_name
FNDA:1,_RNvNtNtNtCs8h7e9k1J8CD_4koan8builtins7sig_def5testss_25pre_run_extracts_sig_name
FNDA:1,_RNvNtNtNtCs8h7e9k1J8CD_4koan8builtins7sig_def5testss_29sig_binds_under_name_in_scope
FNDA:1,_RNvNtNtNtCs8h7e9k1J8CD_4koan8builtins7sig_def5testss_33sig_dual_writes_to_types_and_data
FNDA:1,_RNvNtNtNtCs8h7e9k1J8CD_4koan8builtins7sig_def5testss_35sig_body_parks_on_outer_placeholder
FNDA:1,_RNvNtNtNtCs8h7e9k1J8CD_4koan8builtins7sig_def5testss_38sig_body_error_short_circuits_finalize
FNDA:58,_RNCNvNtNtCs8h7e9k1J8CD_4koan8builtins7sig_def4body0B7_
FNF:10
FNH:10
DA:25,60
DA:26,60
DA:27,60
DA:28,60
DA:29,60
DA:30,60
DA:31,60
DA:32,0
DA:34,60
DA:35,60
DA:37,0
DA:38,0
DA:39,0
DA:43,60
DA:44,60
DA:46,60
DA:48,60
DA:49,60
DA:50,58
DA:51,58
DA:52,58
DA:60,58
DA:61,58
DA:62,58
DA:63,58
DA:64,58
DA:65,58
DA:66,58
DA:67,58
DA:68,0
DA:69,0
DA:70,0
DA:72,58
DA:73,60
DA:74,60
DA:75,60
DA:79,121
DA:80,121
DA:81,121
DA:83,421
DA:84,421
DA:85,421
DA:86,421
DA:87,421
DA:88,421
DA:89,421
DA:90,421
DA:91,421
DA:93,421
DA:94,421
DA:96,421
DA:108,1
DA:109,1
DA:110,1
DA:111,1
DA:112,1
DA:113,1
DA:116,1
DA:118,1
DA:119,1
DA:120,1
DA:121,1
DA:122,1
DA:123,1
DA:126,1
DA:129,1
DA:131,1
DA:132,1
DA:133,1
DA:134,1
DA:135,1
DA:136,1
DA:137,0
DA:139,1
DA:140,1
DA:149,1
DA:150,1
DA:151,1
DA:152,1
DA:153,1
DA:155,1
DA:156,1
DA:157,0
DA:159,1
DA:160,1
DA:161,1
DA:162,1
DA:164,0
DA:166,1
DA:173,1
DA:174,1
DA:175,1
DA:176,1
DA:177,1
DA:178,1
DA:181,1
DA:190,1
DA:192,1
DA:193,1
DA:194,1
DA:195,1
DA:196,1
DA:197,1
DA:198,1
DA:199,1
DA:200,1
DA:201,1
DA:203,1
DA:204,1
DA:205,1
DA:206,1
DA:207,1
DA:208,1
DA:209,1
BRF:0
BRH:0
LF:115
LH:105
end_of_record
SF:/var/home/jack/Code/koan/src/builtins/struct_def.rs
FN:102,_RNvNtNtCs3yqXWJWMNss_4koan8builtins10struct_def15finalize_struct
FN:157,_RNvNtNtCs3yqXWJWMNss_4koan8builtins10struct_def24defer_struct_via_combine
FN:37,_RNvNtNtCs3yqXWJWMNss_4koan8builtins10struct_def4body
FN:201,_RNvNtNtCs3yqXWJWMNss_4koan8builtins10struct_def7pre_run
FN:205,_RNvNtNtCs3yqXWJWMNss_4koan8builtins10struct_def8register
FN:166,_RNCNvNtNtCs3yqXWJWMNss_4koan8builtins10struct_def24defer_struct_via_combine0B7_
FN:166,_RNCNvNtNtCs8h7e9k1J8CD_4koan8builtins10struct_def24defer_struct_via_combine0B7_
FN:102,_RNvNtNtCs8h7e9k1J8CD_4koan8builtins10struct_def15finalize_struct
FN:157,_RNvNtNtCs8h7e9k1J8CD_4koan8builtins10struct_def24defer_struct_via_combine
FN:37,_RNvNtNtCs8h7e9k1J8CD_4koan8builtins10struct_def4body
FN:201,_RNvNtNtCs8h7e9k1J8CD_4koan8builtins10struct_def7pre_run
FN:205,_RNvNtNtCs8h7e9k1J8CD_4koan8builtins10struct_def8register
FNDA:1,_RNvNtNtCs3yqXWJWMNss_4koan8builtins10struct_def15finalize_struct
FNDA:0,_RNvNtNtCs3yqXWJWMNss_4koan8builtins10struct_def24defer_struct_via_combine
FNDA:1,_RNvNtNtCs3yqXWJWMNss_4koan8builtins10struct_def4body
FNDA:2,_RNvNtNtCs3yqXWJWMNss_4koan8builtins10struct_def7pre_run
FNDA:15,_RNvNtNtCs3yqXWJWMNss_4koan8builtins10struct_def8register
FNDA:0,_RNCNvNtNtCs3yqXWJWMNss_4koan8builtins10struct_def24defer_struct_via_combine0B7_
FNDA:4,_RNCNvNtNtCs8h7e9k1J8CD_4koan8builtins10struct_def24defer_struct_via_combine0B7_
FNDA:46,_RNvNtNtCs8h7e9k1J8CD_4koan8builtins10struct_def15finalize_struct
FNDA:4,_RNvNtNtCs8h7e9k1J8CD_4koan8builtins10struct_def24defer_struct_via_combine
FNDA:49,_RNvNtNtCs8h7e9k1J8CD_4koan8builtins10struct_def4body
FNDA:99,_RNvNtNtCs8h7e9k1J8CD_4koan8builtins10struct_def7pre_run
FNDA:406,_RNvNtNtCs8h7e9k1J8CD_4koan8builtins10struct_def8register
FNF:6
FNH:6
DA:37,50
DA:38,50
DA:39,50
DA:40,50
DA:41,50
DA:46,50
DA:47,50
DA:48,0
DA:50,50
DA:51,50
DA:53,0
DA:54,0
DA:55,0
DA:64,50
DA:65,50
DA:66,50
DA:67,50
DA:68,50
DA:69,50
DA:70,50
DA:71,50
DA:72,50
DA:78,50
DA:79,50
DA:80,50
DA:81,50
DA:82,50
DA:83,50
DA:84,50
DA:86,50
DA:87,42
DA:88,4
DA:89,4
DA:90,4
DA:91,4
DA:92,4
DA:93,4
DA:94,4
DA:95,4
DA:98,50
DA:102,47
DA:103,47
DA:104,47
DA:105,47
DA:106,47
DA:118,47
DA:119,47
DA:120,7
DA:121,1
DA:122,6
DA:123,40
DA:124,46
DA:125,1
DA:126,1
DA:127,1
DA:128,45
DA:129,45
DA:136,45
DA:137,45
DA:138,45
DA:139,45
DA:140,45
DA:141,45
DA:142,45
DA:143,45
DA:144,45
DA:145,45
DA:146,45
DA:147,45
DA:148,45
DA:149,0
DA:151,47
DA:157,4
DA:158,4
DA:159,4
DA:160,4
DA:161,4
DA:162,4
DA:163,4
DA:164,4
DA:165,4
DA:166,4
DA:169,4
DA:176,4
DA:177,4
DA:178,4
DA:179,4
DA:180,4
DA:181,4
DA:182,4
DA:183,4
DA:185,0
DA:186,0
DA:187,0
DA:188,0
DA:189,0
DA:190,0
DA:191,0
DA:193,4
DA:194,4
DA:195,4
DA:196,4
DA:201,101
DA:202,101
DA:203,101
DA:205,421
DA:206,421
DA:207,421
DA:208,421
DA:209,421
DA:210,421
DA:211,421
DA:212,421
DA:213,421
DA:215,421
DA:216,421
DA:218,421
BRF:0
BRH:0
LF:118
LH:106
end_of_record
SF:/var/home/jack/Code/koan/src/builtins/struct_value.rs
FN:129,_RNvNtNtCs3yqXWJWMNss_4koan8builtins12struct_value14primitive_body
FN:49,_RNvNtNtCs3yqXWJWMNss_4koan8builtins12struct_value5apply
FN:176,_RNvNtNtCs3yqXWJWMNss_4koan8builtins12struct_value8register
FN:93,_RNvNtNtCs3yqXWJWMNss_4koan8builtins12struct_value9construct
FN:129,_RNvNtNtCs8h7e9k1J8CD_4koan8builtins12struct_value14primitive_body
FN:49,_RNvNtNtCs8h7e9k1J8CD_4koan8builtins12struct_value5apply
FN:176,_RNvNtNtCs8h7e9k1J8CD_4koan8builtins12struct_value8register
FN:93,_RNvNtNtCs8h7e9k1J8CD_4koan8builtins12struct_value9construct
FNDA:1,_RNvNtNtCs3yqXWJWMNss_4koan8builtins12struct_value14primitive_body
FNDA:1,_RNvNtNtCs3yqXWJWMNss_4koan8builtins12struct_value5apply
FNDA:15,_RNvNtNtCs3yqXWJWMNss_4koan8builtins12struct_value8register
FNDA:1,_RNvNtNtCs3yqXWJWMNss_4koan8builtins12struct_value9construct
FNDA:25,_RNvNtNtCs8h7e9k1J8CD_4koan8builtins12struct_value14primitive_body
FNDA:29,_RNvNtNtCs8h7e9k1J8CD_4koan8builtins12struct_value5apply
FNDA:406,_RNvNtNtCs8h7e9k1J8CD_4koan8builtins12struct_value8register
FNDA:25,_RNvNtNtCs8h7e9k1J8CD_4koan8builtins12struct_value9construct
FNF:4
FNH:4
DA:49,30
DA:50,30
DA:51,30
DA:52,30
DA:53,30
DA:54,30
DA:56,0
DA:57,0
DA:58,0
DA:59,0
DA:62,30
DA:63,30
DA:64,28
DA:65,2
DA:69,28
DA:70,53
DA:71,53
DA:72,52
DA:74,1
DA:78,27
DA:79,1
DA:80,1
DA:81,1
DA:82,26
DA:83,26
DA:84,26
DA:85,26
DA:87,26
DA:88,30
DA:93,26
DA:94,26
DA:95,26
DA:96,26
DA:97,26
DA:98,26
DA:99,26
DA:100,0
DA:101,0
DA:102,0
DA:103,0
DA:104,26
DA:107,26
DA:108,47
DA:109,47
DA:110,3
DA:111,3
DA:112,3
DA:113,3
DA:114,3
DA:115,44
DA:116,44
DA:120,23
DA:121,23
DA:122,23
DA:123,23
DA:124,23
DA:125,26
DA:129,26
DA:130,26
DA:131,26
DA:132,26
DA:133,26
DA:137,26
DA:138,26
DA:139,26
DA:141,0
DA:142,0
DA:143,0
DA:144,0
DA:145,0
DA:146,0
DA:149,0
DA:152,26
DA:153,26
DA:154,0
DA:155,0
DA:156,0
DA:157,0
DA:158,0
DA:159,0
DA:162,0
DA:165,26
DA:166,23
DA:167,3
DA:169,26
DA:176,421
DA:177,421
DA:178,421
DA:179,421
DA:180,421
DA:181,421
DA:182,421
DA:183,421
DA:184,421
DA:185,421
DA:186,421
DA:187,421
DA:189,421
BRF:0
BRH:0
LF:98
LH:76
end_of_record
SF:/var/home/jack/Code/koan/src/builtins/tagged_union.rs
FN:117,_RNvNtNtCs3yqXWJWMNss_4koan8builtins12tagged_union14primitive_body
FN:43,_RNvNtNtCs3yqXWJWMNss_4koan8builtins12tagged_union5apply
FN:169,_RNvNtNtCs3yqXWJWMNss_4koan8builtins12tagged_union8register
FN:77,_RNvNtNtCs3yqXWJWMNss_4koan8builtins12tagged_union9construct
FN:117,_RNvNtNtCs8h7e9k1J8CD_4koan8builtins12tagged_union14primitive_body
FN:43,_RNvNtNtCs8h7e9k1J8CD_4koan8builtins12tagged_union5apply
FN:169,_RNvNtNtCs8h7e9k1J8CD_4koan8builtins12tagged_union8register
FN:77,_RNvNtNtCs8h7e9k1J8CD_4koan8builtins12tagged_union9construct
FN:207,_RNvNtNtNtCs8h7e9k1J8CD_4koan8builtins12tagged_union5tests11build_scope
FN:233,_RNvNtNtNtCs8h7e9k1J8CD_4koan8builtins12tagged_union5tests11run_one_err
FN:217,_RNvNtNtNtCs8h7e9k1J8CD_4koan8builtins12tagged_union5tests3run
FN:226,_RNvNtNtNtCs8h7e9k1J8CD_4koan8builtins12tagged_union5tests7run_one
FN:211,_RNvNtNtNtCs8h7e9k1J8CD_4koan8builtins12tagged_union5tests9parse_one
FN:267,_RNvNtNtNtCs8h7e9k1J8CD_4koan8builtins12tagged_union5testss_29primitive_rejects_unknown_tag
FN:251,_RNvNtNtNtCs8h7e9k1J8CD_4koan8builtins12tagged_union5testss_33primitive_constructs_tagged_value
FN:280,_RNvNtNtNtCs8h7e9k1J8CD_4koan8builtins12tagged_union5testss_37primitive_rejects_value_of_wrong_type
FN:204,_RNvXNtNtNtCs8h7e9k1J8CD_4koan8builtins12tagged_union5testsNtB2_9SharedBufNtNtCsjrHSEGnQ3l9_3std2io5Write5flush
FN:200,_RNvXNtNtNtCs8h7e9k1J8CD_4koan8builtins12tagged_union5testsNtB2_9SharedBufNtNtCsjrHSEGnQ3l9_3std2io5Write5write
FNDA:0,_RNvNtNtCs3yqXWJWMNss_4koan8builtins12tagged_union14primitive_body
FNDA:0,_RNvNtNtCs3yqXWJWMNss_4koan8builtins12tagged_union5apply
FNDA:15,_RNvNtNtCs3yqXWJWMNss_4koan8builtins12tagged_union8register
FNDA:0,_RNvNtNtCs3yqXWJWMNss_4koan8builtins12tagged_union9construct
FNDA:66,_RNvNtNtCs8h7e9k1J8CD_4koan8builtins12tagged_union14primitive_body
FNDA:63,_RNvNtNtCs8h7e9k1J8CD_4koan8builtins12tagged_union5apply
FNDA:406,_RNvNtNtCs8h7e9k1J8CD_4koan8builtins12tagged_union8register
FNDA:66,_RNvNtNtCs8h7e9k1J8CD_4koan8builtins12tagged_union9construct
FNDA:3,_RNvNtNtNtCs8h7e9k1J8CD_4koan8builtins12tagged_union5tests11build_scope
FNDA:2,_RNvNtNtNtCs8h7e9k1J8CD_4koan8builtins12tagged_union5tests11run_one_err
FNDA:3,_RNvNtNtNtCs8h7e9k1J8CD_4koan8builtins12tagged_union5tests3run
FNDA:1,_RNvNtNtNtCs8h7e9k1J8CD_4koan8builtins12tagged_union5tests7run_one
FNDA:3,_RNvNtNtNtCs8h7e9k1J8CD_4koan8builtins12tagged_union5tests9parse_one
FNDA:1,_RNvNtNtNtCs8h7e9k1J8CD_4koan8builtins12tagged_union5testss_29primitive_rejects_unknown_tag
FNDA:1,_RNvNtNtNtCs8h7e9k1J8CD_4koan8builtins12tagged_union5testss_33primitive_constructs_tagged_value
FNDA:1,_RNvNtNtNtCs8h7e9k1J8CD_4koan8builtins12tagged_union5testss_37primitive_rejects_value_of_wrong_type
FNDA:0,_RNvXNtNtNtCs8h7e9k1J8CD_4koan8builtins12tagged_union5testsNtB2_9SharedBufNtNtCsjrHSEGnQ3l9_3std2io5Write5flush
FNDA:0,_RNvXNtNtNtCs8h7e9k1J8CD_4koan8builtins12tagged_union5testsNtB2_9SharedBufNtNtCsjrHSEGnQ3l9_3std2io5Write5write
FNF:14
FNH:12
DA:43,63
DA:44,63
DA:45,63
DA:46,63
DA:47,63
DA:48,63
DA:51,63
DA:52,0
DA:53,0
DA:54,0
DA:55,0
DA:56,63
DA:57,63
DA:58,63
DA:59,63
DA:60,63
DA:61,0
DA:62,0
DA:63,0
DA:64,0
DA:65,63
DA:66,63
DA:67,63
DA:68,63
DA:69,63
DA:71,63
DA:72,63
DA:77,66
DA:78,66
DA:79,66
DA:80,66
DA:81,66
DA:82,66
DA:83,66
DA:84,66
DA:85,63
DA:87,3
DA:88,3
DA:89,3
DA:90,3
DA:91,3
DA:94,63
DA:95,1
DA:96,1
DA:97,1
DA:98,1
DA:99,1
DA:100,62
DA:103,62
DA:104,62
DA:105,62
DA:106,62
DA:107,62
DA:108,62
DA:109,62
DA:110,62
DA:111,62
DA:112,66
DA:117,66
DA:118,66
DA:119,66
DA:120,66
DA:121,66
DA:124,66
DA:125,66
DA:126,66
DA:128,0
DA:129,0
DA:130,0
DA:131,0
DA:132,0
DA:133,0
DA:136,0
DA:143,66
DA:144,66
DA:145,0
DA:146,0
DA:147,0
DA:148,0
DA:149,0
DA:150,0
DA:152,0
DA:154,66
DA:155,66
DA:157,0
DA:160,66
DA:161,62
DA:162,4
DA:164,66
DA:169,421
DA:170,421
DA:171,421
DA:172,421
DA:173,421
DA:174,421
DA:175,421
DA:176,421
DA:177,421
DA:178,421
DA:179,421
DA:180,421
DA:181,421
DA:183,421
DA:200,0
DA:201,0
DA:202,0
DA:203,0
DA:204,0
DA:207,3
DA:208,3
DA:209,3
DA:211,3
DA:212,3
DA:213,3
DA:214,3
DA:215,3
DA:217,3
DA:218,3
DA:219,3
DA:220,6
DA:221,6
DA:222,6
DA:223,3
DA:224,3
DA:226,1
DA:227,1
DA:228,1
DA:229,1
DA:230,1
DA:231,1
DA:233,2
DA:234,2
DA:235,2
DA:236,2
DA:237,2
DA:238,2
DA:239,2
DA:240,2
DA:241,0
DA:242,2
DA:244,2
DA:251,1
DA:252,1
DA:253,1
DA:254,1
DA:255,1
DA:256,1
DA:257,1
DA:258,1
DA:259,1
DA:260,1
DA:262,0
DA:264,1
DA:267,1
DA:268,1
DA:269,1
DA:270,1
DA:271,1
DA:272,1
DA:273,1
DA:274,1
DA:277,1
DA:280,1
DA:281,1
DA:282,1
DA:283,1
DA:284,1
DA:285,1
DA:286,1
DA:287,1
DA:288,1
DA:289,1
DA:290,1
DA:292,0
DA:294,1
BRF:0
BRH:0
LF:175
LH:144
end_of_record
SF:/var/home/jack/Code/koan/src/builtins/test_support.rs
FN:122,_RNCNCNvNtNtCs8h7e9k1J8CD_4koan8builtins12test_support16fn_is_registered00B9_
FN:121,_RNCNvNtNtCs8h7e9k1J8CD_4koan8builtins12test_support16fn_is_registered0B7_
FN:102,_RNCNvNtNtCs8h7e9k1J8CD_4koan8builtins12test_support9lookup_fn0B7_
FN:112,_RNCNvNtNtCs8h7e9k1J8CD_4koan8builtins12test_support9lookup_fns_0B7_
FN:73,_RNvNtNtCs8h7e9k1J8CD_4koan8builtins12test_support11run_one_err
FN:138,_RNvNtNtCs8h7e9k1J8CD_4koan8builtins12test_support12one_slot_sig
FN:50,_RNvNtNtCs8h7e9k1J8CD_4koan8builtins12test_support13run_root_bare
FN:44,_RNvNtNtCs8h7e9k1J8CD_4koan8builtins12test_support15run_root_silent
FN:119,_RNvNtNtCs8h7e9k1J8CD_4koan8builtins12test_support16fn_is_registered
FN:36,_RNvNtNtCs8h7e9k1J8CD_4koan8builtins12test_support17run_root_with_buf
FN:83,_RNvNtNtCs8h7e9k1J8CD_4koan8builtins12test_support3run
FN:132,_RNvNtNtCs8h7e9k1J8CD_4koan8builtins12test_support6marker
FN:64,_RNvNtNtCs8h7e9k1J8CD_4koan8builtins12test_support7run_one
FN:97,_RNvNtNtCs8h7e9k1J8CD_4koan8builtins12test_support9lookup_fn
FN:56,_RNvNtNtCs8h7e9k1J8CD_4koan8builtins12test_support9parse_one
FN:31,_RNvXNtNtCs8h7e9k1J8CD_4koan8builtins12test_supportNtB2_9SharedBufNtNtCsjrHSEGnQ3l9_3std2io5Write5flush
FN:27,_RNvXNtNtCs8h7e9k1J8CD_4koan8builtins12test_supportNtB2_9SharedBufNtNtCsjrHSEGnQ3l9_3std2io5Write5write
FNDA:333,_RNCNCNvNtNtCs8h7e9k1J8CD_4koan8builtins12test_support16fn_is_registered00B9_
FNDA:284,_RNCNvNtNtCs8h7e9k1J8CD_4koan8builtins12test_support16fn_is_registered0B7_
FNDA:816,_RNCNvNtNtCs8h7e9k1J8CD_4koan8builtins12test_support9lookup_fn0B7_
FNDA:0,_RNCNvNtNtCs8h7e9k1J8CD_4koan8builtins12test_support9lookup_fns_0B7_
FNDA:40,_RNvNtNtCs8h7e9k1J8CD_4koan8builtins12test_support11run_one_err
FNDA:7,_RNvNtNtCs8h7e9k1J8CD_4koan8builtins12test_support12one_slot_sig
FNDA:44,_RNvNtNtCs8h7e9k1J8CD_4koan8builtins12test_support13run_root_bare
FNDA:209,_RNvNtNtCs8h7e9k1J8CD_4koan8builtins12test_support15run_root_silent
FNDA:8,_RNvNtNtCs8h7e9k1J8CD_4koan8builtins12test_support16fn_is_registered
FNDA:67,_RNvNtNtCs8h7e9k1J8CD_4koan8builtins12test_support17run_root_with_buf
FNDA:261,_RNvNtNtCs8h7e9k1J8CD_4koan8builtins12test_support3run
FNDA:3,_RNvNtNtCs8h7e9k1J8CD_4koan8builtins12test_support6marker
FNDA:219,_RNvNtNtCs8h7e9k1J8CD_4koan8builtins12test_support7run_one
FNDA:17,_RNvNtNtCs8h7e9k1J8CD_4koan8builtins12test_support9lookup_fn
FNDA:323,_RNvNtNtCs8h7e9k1J8CD_4koan8builtins12test_support9parse_one
FNDA:0,_RNvXNtNtCs8h7e9k1J8CD_4koan8builtins12test_supportNtB2_9SharedBufNtNtCsjrHSEGnQ3l9_3std2io5Write5flush
FNDA:110,_RNvXNtNtCs8h7e9k1J8CD_4koan8builtins12test_supportNtB2_9SharedBufNtNtCsjrHSEGnQ3l9_3std2io5Write5write
FNF:17
FNH:15
DA:27,110
DA:28,110
DA:29,110
DA:30,110
DA:31,0
DA:32,0
DA:33,0
DA:36,67
DA:37,67
DA:38,67
DA:39,67
DA:40,67
DA:41,67
DA:42,67
DA:44,209
DA:45,209
DA:46,209
DA:50,44
DA:51,44
DA:52,44
DA:56,323
DA:57,323
DA:58,323
DA:59,323
DA:60,323
DA:64,219
DA:65,219
DA:66,219
DA:67,219
DA:68,219
DA:69,219
DA:73,40
DA:74,40
DA:75,40
DA:76,40
DA:77,40
DA:78,0
DA:79,40
DA:81,40
DA:83,261
DA:84,261
DA:85,261
DA:86,456
DA:87,456
DA:88,456
DA:89,261
DA:90,261
DA:97,17
DA:98,17
DA:99,17
DA:100,493
DA:101,697
DA:102,816
DA:103,578
DA:104,238
DA:105,816
DA:106,697
DA:107,17
DA:108,17
DA:109,680
DA:112,17
DA:113,17
DA:119,8
DA:120,8
DA:121,284
DA:122,333
DA:123,235
DA:124,98
DA:125,333
DA:126,284
DA:127,8
DA:132,3
DA:133,3
DA:134,3
DA:138,7
DA:139,7
DA:140,7
DA:141,7
DA:142,7
DA:143,7
DA:144,7
DA:145,7
DA:146,7
BRF:0
BRH:0
LF:88
LH:83
end_of_record
SF:/var/home/jack/Code/koan/src/builtins/try_with.rs
FN:67,_RNvNtNtCs3yqXWJWMNss_4koan8builtins8try_with15dispatch_branch
FN:31,_RNvNtNtCs3yqXWJWMNss_4koan8builtins8try_with4body
FN:122,_RNvNtNtCs3yqXWJWMNss_4koan8builtins8try_with8register
FN:55,_RNCNvNtNtCs3yqXWJWMNss_4koan8builtins8try_with4body0B7_
FN:55,_RNCNvNtNtCs8h7e9k1J8CD_4koan8builtins8try_with4body0B7_
FN:67,_RNvNtNtCs8h7e9k1J8CD_4koan8builtins8try_with15dispatch_branch
FN:31,_RNvNtNtCs8h7e9k1J8CD_4koan8builtins8try_with4body
FN:122,_RNvNtNtCs8h7e9k1J8CD_4koan8builtins8try_with8register
FNDA:0,_RNvNtNtCs3yqXWJWMNss_4koan8builtins8try_with15dispatch_branch
FNDA:0,_RNvNtNtCs3yqXWJWMNss_4koan8builtins8try_with4body
FNDA:15,_RNvNtNtCs3yqXWJWMNss_4koan8builtins8try_with8register
FNDA:0,_RNCNvNtNtCs3yqXWJWMNss_4koan8builtins8try_with4body0B7_
FNDA:16,_RNCNvNtNtCs8h7e9k1J8CD_4koan8builtins8try_with4body0B7_
FNDA:16,_RNvNtNtCs8h7e9k1J8CD_4koan8builtins8try_with15dispatch_branch
FNDA:16,_RNvNtNtCs8h7e9k1J8CD_4koan8builtins8try_with4body
FNDA:406,_RNvNtNtCs8h7e9k1J8CD_4koan8builtins8try_with8register
FNF:4
FNH:4
DA:31,16
DA:32,16
DA:33,16
DA:34,16
DA:35,16
DA:36,16
DA:37,16
DA:39,0
DA:40,0
DA:41,0
DA:44,16
DA:45,16
DA:47,0
DA:48,0
DA:49,0
DA:53,16
DA:54,16
DA:55,16
DA:56,16
DA:57,16
DA:58,16
DA:59,16
DA:60,16
DA:67,16
DA:68,16
DA:69,16
DA:70,16
DA:71,16
DA:72,16
DA:73,16
DA:77,16
DA:78,6
DA:79,10
DA:80,10
DA:81,10
DA:82,10
DA:83,0
DA:85,10
DA:89,16
DA:90,12
DA:92,2
DA:93,1
DA:94,1
DA:95,1
DA:96,1
DA:99,2
DA:105,12
DA:106,12
DA:107,12
DA:110,12
DA:111,12
DA:116,12
DA:117,12
DA:118,12
DA:119,12
DA:120,16
DA:122,421
DA:123,421
DA:124,421
DA:125,421
DA:126,421
DA:127,421
DA:128,421
DA:129,421
DA:130,421
DA:132,421
DA:134,421
BRF:0
BRH:0
LF:68
LH:61
end_of_record
SF:/var/home/jack/Code/koan/src/builtins/type_call.rs
FN:33,_RNvNtNtCs3yqXWJWMNss_4koan8builtins9type_call4body
FN:132,_RNvNtNtCs3yqXWJWMNss_4koan8builtins9type_call8register
FN:105,_RNCNvNtNtCs3yqXWJWMNss_4koan8builtins9type_call4body0B7_
FN:105,_RNCNvNtNtCs8h7e9k1J8CD_4koan8builtins9type_call4body0B7_
FN:33,_RNvNtNtCs8h7e9k1J8CD_4koan8builtins9type_call4body
FN:132,_RNvNtNtCs8h7e9k1J8CD_4koan8builtins9type_call8register
FN:166,_RNvNtNtNtCs8h7e9k1J8CD_4koan8builtins9type_call5testss_29type_call_unbound_type_errors
FN:232,_RNvNtNtNtCs8h7e9k1J8CD_4koan8builtins9type_call5testss_33union_dual_write_path_still_works
FN:212,_RNvNtNtNtCs8h7e9k1J8CD_4koan8builtins9type_call5testss_34struct_dual_write_path_still_works
FN:190,_RNvNtNtNtCs8h7e9k1J8CD_4koan8builtins9type_call5testss_35type_call_with_sub_expression_value
FN:151,_RNvNtNtNtCs8h7e9k1J8CD_4koan8builtins9type_call5testss_39type_token_calls_construct_tagged_value
FN:177,_RNvNtNtNtCs8h7e9k1J8CD_4koan8builtins9type_call5testss_41type_call_propagates_tag_validation_error
FNDA:1,_RNvNtNtCs3yqXWJWMNss_4koan8builtins9type_call4body
FNDA:15,_RNvNtNtCs3yqXWJWMNss_4koan8builtins9type_call8register
FNDA:0,_RNCNvNtNtCs3yqXWJWMNss_4koan8builtins9type_call4body0B7_
FNDA:5,_RNCNvNtNtCs8h7e9k1J8CD_4koan8builtins9type_call4body0B7_
FNDA:103,_RNvNtNtCs8h7e9k1J8CD_4koan8builtins9type_call4body
FNDA:406,_RNvNtNtCs8h7e9k1J8CD_4koan8builtins9type_call8register
FNDA:1,_RNvNtNtNtCs8h7e9k1J8CD_4koan8builtins9type_call5testss_29type_call_unbound_type_errors
FNDA:1,_RNvNtNtNtCs8h7e9k1J8CD_4koan8builtins9type_call5testss_33union_dual_write_path_still_works
FNDA:1,_RNvNtNtNtCs8h7e9k1J8CD_4koan8builtins9type_call5testss_34struct_dual_write_path_still_works
FNDA:1,_RNvNtNtNtCs8h7e9k1J8CD_4koan8builtins9type_call5testss_35type_call_with_sub_expression_value
FNDA:1,_RNvNtNtNtCs8h7e9k1J8CD_4koan8builtins9type_call5testss_39type_token_calls_construct_tagged_value
FNDA:1,_RNvNtNtNtCs8h7e9k1J8CD_4koan8builtins9type_call5testss_41type_call_propagates_tag_validation_error
FNF:9
FNH:9
DA:33,104
DA:34,104
DA:35,104
DA:36,104
DA:37,104
DA:43,104
DA:44,104
DA:45,0
DA:47,104
DA:48,104
DA:50,0
DA:51,0
DA:52,0
DA:60,104
DA:61,102
DA:62,2
DA:64,102
DA:76,85
DA:77,85
DA:79,0
DA:80,0
DA:84,0
DA:87,85
DA:88,85
DA:89,0
DA:90,0
DA:91,0
DA:92,0
DA:93,0
DA:97,12
DA:105,5
DA:106,5
DA:107,0
DA:108,0
DA:109,0
DA:110,0
DA:111,0
DA:119,0
DA:120,0
DA:121,0
DA:122,0
DA:123,0
DA:124,0
DA:125,0
DA:126,0
DA:127,0
DA:128,0
DA:130,104
DA:132,421
DA:133,421
DA:134,421
DA:135,421
DA:136,421
DA:137,421
DA:138,421
DA:140,421
DA:142,421
DA:151,1
DA:152,1
DA:153,1
DA:154,1
DA:155,1
DA:156,1
DA:157,1
DA:158,1
DA:159,1
DA:161,0
[...]
FNDA:1,_RNvNtNtNtCs8h7e9k1J8CD_4koan5parse6tokens5testss_28pure_symbol_token_is_keyword
FNDA:1,_RNvNtNtNtCs8h7e9k1J8CD_4koan5parse6tokens5testss_28scientific_number_is_literal
FNDA:1,_RNvNtNtNtCs8h7e9k1J8CD_4koan5parse6tokens5testss_30attr_wins_when_rhs_not_numeric
FNDA:1,_RNvNtNtNtCs8h7e9k1J8CD_4koan5parse6tokens5testss_31lowercase_leading_is_identifier
FNDA:1,_RNvNtNtNtCs8h7e9k1J8CD_4koan5parse6tokens5testss_34keyword_two_uppercase_no_lowercase
FNDA:1,_RNvNtNtNtCs8h7e9k1J8CD_4koan5parse6tokens5testss_35type_uppercase_first_with_lowercase
FNDA:1,_RNvNtNtNtCs8h7e9k1J8CD_4koan5parse6tokens5testss_38single_uppercase_letter_is_parse_error
FNDA:1,_RNvNtNtNtCs8h7e9k1J8CD_4koan5parse6tokens5testss_47ascription_compound_tokens_classify_as_keywords
FNDA:1,_RNvNtNtNtCs8h7e9k1J8CD_4koan5parse6tokens5testss_49uppercase_with_digits_no_lowercase_is_parse_error
FNDA:1,_RNvNtNtNtCs8h7e9k1J8CD_4koan5parse6tokens5testss_8negation
FNDA:27,_RNCNvNtNtNtCs8h7e9k1J8CD_4koan5parse6tokens5tests8classify0B9_
FNDA:8,_RNCNvNtNtNtCs8h7e9k1J8CD_4koan5parse6tokens5tests8classifys_0B9_
FNDA:38,_RNCNvNtNtNtCs8h7e9k1J8CD_4koan5parse6tokens5tests8describe0B9_
FNDA:0,_RNCNvNtNtNtCs8h7e9k1J8CD_4koan5parse6tokens5tests8describes_0B9_
FNF:46
FNH:45
DA:28,3
DA:29,3
DA:30,3
DA:38,5819
DA:39,5819
DA:40,5819
DA:41,542
DA:42,5277
DA:43,5277
DA:44,5277
DA:45,5266
DA:46,0
DA:47,0
DA:48,0
DA:49,0
DA:50,5266
DA:51,5266
DA:52,5819
DA:57,11138
DA:58,11138
DA:59,11138
DA:60,11089
DA:61,11072
DA:62,11061
DA:64,11061
DA:65,466
DA:66,466
DA:67,0
DA:68,10595
DA:69,10595
DA:70,11138
DA:87,5319
DA:88,5319
DA:89,1
DA:90,5318
DA:91,5318
DA:92,2688
DA:93,2630
DA:94,2630
DA:95,7148
DA:96,1
DA:97,1
DA:98,1
DA:99,1
DA:100,1
DA:101,1
DA:102,1
DA:103,1339
DA:104,1339
DA:105,1290
DA:110,1290
DA:111,4
DA:112,4
DA:113,4
DA:114,4
DA:115,4
DA:116,4
DA:117,4
DA:118,4
DA:119,1286
DA:120,3714
DA:121,2
DA:122,2
DA:123,2
DA:124,2
DA:125,2
DA:126,2
DA:127,2
DA:128,1284
DA:129,1284
DA:130,5319
DA:136,2630
DA:137,2630
DA:138,2630
DA:139,2630
DA:140,1286
DA:141,1344
DA:142,1344
DA:143,2630
DA:151,5277
DA:152,5277
DA:153,5277
DA:154,5277
DA:155,5277
DA:156,5277
DA:157,5284
DA:158,5283
DA:159,7
DA:160,7
DA:161,7
DA:164,5277
DA:166,5317
DA:167,51
DA:168,51
DA:169,51
DA:170,51
DA:171,46
DA:172,46
DA:173,45
DA:175,5
DA:179,5266
DA:180,6
DA:181,6
DA:182,5266
DA:183,5277
DA:185,58
DA:186,58
DA:187,58
DA:188,58
DA:193,5323
DA:194,5323
DA:195,5323
DA:196,5323
DA:197,5323
DA:198,5323
DA:199,5321
DA:201,2
DA:202,2
DA:203,2
DA:204,2
DA:207,5321
DA:208,5321
DA:209,24220
DA:210,18951
DA:211,52
DA:212,18899
DA:213,18899
DA:214,18899
DA:215,18899
DA:217,5321
DA:218,2
DA:219,2
DA:220,2
DA:221,2
DA:222,2
DA:223,5319
DA:224,5319
DA:225,5319
DA:226,5319
DA:227,5319
DA:228,5319
DA:229,5323
DA:236,65
DA:237,7
DA:238,21
DA:239,18
DA:240,3
DA:241,16
DA:242,38
DA:243,16
DA:245,0
DA:246,5
DA:247,1
DA:248,1
DA:249,0
DA:250,0
DA:251,0
DA:252,0
DA:254,0
DA:255,0
DA:256,0
DA:257,0
DA:258,0
DA:259,0
DA:262,65
DA:264,35
DA:265,35
DA:266,35
DA:267,35
DA:268,35
DA:271,1
DA:272,1
DA:273,1
DA:276,1
DA:277,1
DA:278,1
DA:281,1
DA:282,1
DA:283,1
DA:286,1
DA:287,1
DA:288,1
DA:291,1
DA:292,1
DA:293,1
DA:296,1
DA:297,1
DA:298,1
DA:301,1
DA:305,1
DA:306,1
DA:307,1
DA:310,1
DA:311,1
DA:312,1
DA:315,1
DA:318,1
DA:319,1
DA:320,1
DA:323,1
DA:326,1
DA:327,1
DA:328,1
DA:331,1
DA:332,1
DA:333,1
DA:334,1
DA:337,1
DA:338,1
DA:339,1
DA:342,1
DA:343,1
DA:344,1
DA:347,1
DA:348,1
DA:349,1
DA:352,1
DA:353,1
DA:354,1
DA:357,1
DA:358,1
DA:359,1
DA:362,1
DA:363,1
DA:364,1
DA:367,1
DA:368,1
DA:369,1
DA:372,1
DA:375,1
DA:376,1
DA:377,1
DA:380,1
DA:381,1
DA:382,1
DA:387,1
DA:389,1
DA:390,1
DA:391,1
DA:392,1
DA:395,1
DA:397,1
DA:398,1
DA:399,1
DA:400,1
DA:403,1
DA:405,1
DA:406,1
DA:407,1
DA:408,1
DA:411,1
DA:415,1
DA:416,1
DA:419,1
DA:424,1
DA:425,1
DA:426,1
DA:429,1
DA:431,1
DA:432,1
DA:433,1
DA:436,1
DA:437,1
DA:438,1
DA:439,1
BRF:0
BRH:0
LF:274
LH:257
end_of_record
SF:/var/home/jack/Code/koan/src/parse/triple_list.rs
FN:72,_RINvNtNtCs3yqXWJWMNss_4koan5parse11triple_list15parse_pair_listNtNtNtNtNtB6_7machine5model5types5ktype5KTypeNCNvNtB13_16typed_field_list37parse_typed_field_list_via_elaborator0EB6_
FN:22,_RINvNtNtCs3yqXWJWMNss_4koan5parse11triple_list25parse_keyword_triple_listNtNtNtNtB6_7machine5model3ast14ExpressionPartNCNvNtNtB1d_6values11named_pairs23parse_named_value_pairss_0EB6_
FN:96,_RNCINvNtNtCs3yqXWJWMNss_4koan5parse11triple_list15parse_pair_listNtNtNtNtNtB8_7machine5model5types5ktype5KTypeNCNvNtB15_16typed_field_list37parse_typed_field_list_via_elaborator0E0B8_
FN:56,_RNCINvNtNtCs3yqXWJWMNss_4koan5parse11triple_list25parse_keyword_triple_listNtNtNtNtB8_7machine5model3ast14ExpressionPartNCNvNtNtB1f_6values11named_pairs23parse_named_value_pairss_0E0B8_
FN:72,_RINvNtNtCs8h7e9k1J8CD_4koan5parse11triple_list15parse_pair_listNtNtNtNtNtB6_7machine5model5types5ktype5KTypeNCNvNtB13_16typed_field_list37parse_typed_field_list_via_elaborator0EB6_
FN:22,_RINvNtNtCs8h7e9k1J8CD_4koan5parse11triple_list25parse_keyword_triple_listNtNtNtNtB6_7machine5model3ast14ExpressionPartNCNvNtNtB1d_6values11named_pairs23parse_named_value_pairss_0EB6_
FN:96,_RNCINvNtNtCs8h7e9k1J8CD_4koan5parse11triple_list15parse_pair_listNtNtNtNtNtB8_7machine5model5types5ktype5KTypeNCNvNtB15_16typed_field_list37parse_typed_field_list_via_elaborator0E0B8_
FN:56,_RNCINvNtNtCs8h7e9k1J8CD_4koan5parse11triple_list25parse_keyword_triple_listNtNtNtNtB8_7machine5model3ast14ExpressionPartNCNvNtNtB1f_6values11named_pairs23parse_named_value_pairss_0E0B8_
FNDA:1,_RINvNtNtCs3yqXWJWMNss_4koan5parse11triple_list15parse_pair_listNtNtNtNtNtB6_7machine5model5types5ktype5KTypeNCNvNtB13_16typed_field_list37parse_typed_field_list_via_elaborator0EB6_
FNDA:1,_RINvNtNtCs3yqXWJWMNss_4koan5parse11triple_list25parse_keyword_triple_listNtNtNtNtB6_7machine5model3ast14ExpressionPartNCNvNtNtB1d_6values11named_pairs23parse_named_value_pairss_0EB6_
FNDA:1,_RNCINvNtNtCs3yqXWJWMNss_4koan5parse11triple_list15parse_pair_listNtNtNtNtNtB8_7machine5model5types5ktype5KTypeNCNvNtB15_16typed_field_list37parse_typed_field_list_via_elaborator0E0B8_
FNDA:1,_RNCINvNtNtCs3yqXWJWMNss_4koan5parse11triple_list25parse_keyword_triple_listNtNtNtNtB8_7machine5model3ast14ExpressionPartNCNvNtNtB1f_6values11named_pairs23parse_named_value_pairss_0E0B8_
FNDA:84,_RINvNtNtCs8h7e9k1J8CD_4koan5parse11triple_list15parse_pair_listNtNtNtNtNtB6_7machine5model5types5ktype5KTypeNCNvNtB13_16typed_field_list37parse_typed_field_list_via_elaborator0EB6_
FNDA:47,_RINvNtNtCs8h7e9k1J8CD_4koan5parse11triple_list25parse_keyword_triple_listNtNtNtNtB6_7machine5model3ast14ExpressionPartNCNvNtNtB1d_6values11named_pairs23parse_named_value_pairss_0EB6_
FNDA:60,_RNCINvNtNtCs8h7e9k1J8CD_4koan5parse11triple_list15parse_pair_listNtNtNtNtNtB8_7machine5model5types5ktype5KTypeNCNvNtB15_16typed_field_list37parse_typed_field_list_via_elaborator0E0B8_
FNDA:37,_RNCINvNtNtCs8h7e9k1J8CD_4koan5parse11triple_list25parse_keyword_triple_listNtNtNtNtB8_7machine5model3ast14ExpressionPartNCNvNtNtB1f_6values11named_pairs23parse_named_value_pairss_0E0B8_
FNF:4
FNH:4
DA:22,48
DA:23,48
DA:24,48
DA:25,48
DA:26,48
DA:27,48
DA:28,48
DA:29,48
DA:30,3
DA:31,3
DA:32,3
DA:33,3
DA:34,45
DA:35,45
DA:36,45
DA:37,118
DA:38,78
DA:39,77
DA:40,1
DA:41,1
DA:42,1
DA:43,1
DA:44,1
DA:47,77
DA:48,76
DA:49,1
DA:50,1
DA:51,1
DA:52,1
DA:53,1
DA:56,76
DA:57,3
DA:58,73
DA:59,73
DA:60,73
DA:61,73
DA:63,40
DA:64,48
DA:72,85
DA:73,85
DA:74,85
DA:75,85
DA:76,85
DA:77,85
DA:78,85
DA:79,2
DA:80,2
DA:81,2
DA:82,2
DA:83,83
DA:84,83
DA:85,83
DA:86,219
DA:87,141
DA:88,141
DA:89,0
DA:90,0
DA:91,0
DA:92,0
DA:93,0
DA:96,141
DA:97,2
DA:98,139
DA:99,139
DA:100,136
DA:101,136
DA:103,78
DA:104,85
BRF:0
BRH:0
LF:70
LH:65
end_of_record
SF:/var/home/jack/Code/koan/src/parse/type_expr_frame.rs
FN:19,_RNvMNtNtCs3yqXWJWMNss_4koan5parse15type_expr_frameNtB2_13TypeExprFrame3new
FN:23,_RNvMNtNtCs3yqXWJWMNss_4koan5parse15type_expr_frameNtB2_13TypeExprFrame5build
FN:77,_RNvNtNtCs3yqXWJWMNss_4koan5parse15type_expr_frame10find_arrow
FN:105,_RNvNtNtCs3yqXWJWMNss_4koan5parse15type_expr_frame17build_list_params
FN:136,_RNvNtNtCs3yqXWJWMNss_4koan5parse15type_expr_frame21build_function_params
FN:158,_RNvNtNtCs3yqXWJWMNss_4koan5parse15type_expr_frame21extract_function_args
FN:196,_RNvNtNtCs3yqXWJWMNss_4koan5parse15type_expr_frame23extract_function_return
FN:125,_RNvNtNtCs3yqXWJWMNss_4koan5parse15type_expr_frame9lift_part
FN:166,_RNCNvNtNtCs3yqXWJWMNss_4koan5parse15type_expr_frame21extract_function_args0B7_
FN:173,_RNCNvNtNtCs3yqXWJWMNss_4koan5parse15type_expr_frame21extract_function_argss_0B7_
FN:199,_RNCNvNtNtCs3yqXWJWMNss_4koan5parse15type_expr_frame23extract_function_return0B7_
FN:166,_RNCNvNtNtCs8h7e9k1J8CD_4koan5parse15type_expr_frame21extract_function_args0B7_
FN:173,_RNCNvNtNtCs8h7e9k1J8CD_4koan5parse15type_expr_frame21extract_function_argss_0B7_
FN:199,_RNCNvNtNtCs8h7e9k1J8CD_4koan5parse15type_expr_frame23extract_function_return0B7_
FN:19,_RNvMNtNtCs8h7e9k1J8CD_4koan5parse15type_expr_frameNtB2_13TypeExprFrame3new
FN:23,_RNvMNtNtCs8h7e9k1J8CD_4koan5parse15type_expr_frameNtB2_13TypeExprFrame5build
FN:77,_RNvNtNtCs8h7e9k1J8CD_4koan5parse15type_expr_frame10find_arrow
FN:105,_RNvNtNtCs8h7e9k1J8CD_4koan5parse15type_expr_frame17build_list_params
FN:136,_RNvNtNtCs8h7e9k1J8CD_4koan5parse15type_expr_frame21build_function_params
FN:158,_RNvNtNtCs8h7e9k1J8CD_4koan5parse15type_expr_frame21extract_function_args
FN:196,_RNvNtNtCs8h7e9k1J8CD_4koan5parse15type_expr_frame23extract_function_return
FN:125,_RNvNtNtCs8h7e9k1J8CD_4koan5parse15type_expr_frame9lift_part
FNDA:0,_RNvMNtNtCs3yqXWJWMNss_4koan5parse15type_expr_frameNtB2_13TypeExprFrame3new
FNDA:0,_RNvMNtNtCs3yqXWJWMNss_4koan5parse15type_expr_frameNtB2_13TypeExprFrame5build
FNDA:0,_RNvNtNtCs3yqXWJWMNss_4koan5parse15type_expr_frame10find_arrow
FNDA:0,_RNvNtNtCs3yqXWJWMNss_4koan5parse15type_expr_frame17build_list_params
FNDA:0,_RNvNtNtCs3yqXWJWMNss_4koan5parse15type_expr_frame21build_function_params
FNDA:0,_RNvNtNtCs3yqXWJWMNss_4koan5parse15type_expr_frame21extract_function_args
FNDA:0,_RNvNtNtCs3yqXWJWMNss_4koan5parse15type_expr_frame23extract_function_return
FNDA:0,_RNvNtNtCs3yqXWJWMNss_4koan5parse15type_expr_frame9lift_part
FNDA:0,_RNCNvNtNtCs3yqXWJWMNss_4koan5parse15type_expr_frame21extract_function_args0B7_
FNDA:0,_RNCNvNtNtCs3yqXWJWMNss_4koan5parse15type_expr_frame21extract_function_argss_0B7_
FNDA:0,_RNCNvNtNtCs3yqXWJWMNss_4koan5parse15type_expr_frame23extract_function_return0B7_
FNDA:2,_RNCNvNtNtCs8h7e9k1J8CD_4koan5parse15type_expr_frame21extract_function_args0B7_
FNDA:21,_RNCNvNtNtCs8h7e9k1J8CD_4koan5parse15type_expr_frame21extract_function_argss_0B7_
FNDA:1,_RNCNvNtNtCs8h7e9k1J8CD_4koan5parse15type_expr_frame23extract_function_return0B7_
FNDA:85,_RNvMNtNtCs8h7e9k1J8CD_4koan5parse15type_expr_frameNtB2_13TypeExprFrame3new
FNDA:87,_RNvMNtNtCs8h7e9k1J8CD_4koan5parse15type_expr_frameNtB2_13TypeExprFrame5build
FNDA:84,_RNvNtNtCs8h7e9k1J8CD_4koan5parse15type_expr_frame10find_arrow
FNDA:58,_RNvNtNtCs8h7e9k1J8CD_4koan5parse15type_expr_frame17build_list_params
FNDA:22,_RNvNtNtCs8h7e9k1J8CD_4koan5parse15type_expr_frame21build_function_params
FNDA:22,_RNvNtNtCs8h7e9k1J8CD_4koan5parse15type_expr_frame21extract_function_args
FNDA:18,_RNvNtNtCs8h7e9k1J8CD_4koan5parse15type_expr_frame23extract_function_return
FNDA:81,_RNvNtNtCs8h7e9k1J8CD_4koan5parse15type_expr_frame9lift_part
FNF:11
FNH:11
DA:19,85
DA:20,85
DA:21,85
DA:23,87
DA:24,87
DA:25,87
DA:26,1
DA:27,1
DA:28,1
DA:29,1
DA:30,86
DA:31,86
DA:32,85
DA:33,1
DA:34,1
DA:35,1
DA:36,1
DA:37,1
DA:38,1
DA:39,1
DA:40,1
DA:42,1
DA:43,1
DA:44,1
DA:45,1
DA:46,1
DA:47,1
DA:48,1
DA:49,1
DA:52,84
DA:53,84
DA:54,82
DA:56,82
DA:57,1
DA:58,1
DA:59,1
DA:60,1
DA:61,1
DA:62,1
DA:63,1
DA:64,1
DA:65,1
DA:66,1
DA:67,1
DA:68,1
DA:69,58
DA:70,22
DA:72,87
DA:77,84
DA:78,84
DA:79,140
DA:80,25
DA:81,114
DA:82,25
DA:83,25
DA:84,1
DA:85,1
DA:86,1
DA:87,1
DA:88,24
DA:89,24
DA:91,1
DA:92,1
DA:93,1
DA:94,1
DA:95,1
DA:96,1
DA:97,1
DA:98,1
DA:102,82
DA:103,84
DA:105,58
DA:106,58
DA:107,58
DA:108,58
DA:109,58
DA:110,1
DA:111,57
DA:112,57
DA:113,57
DA:114,57
DA:115,57
DA:116,57
DA:117,58
DA:125,81
DA:126,81
DA:127,79
DA:128,2
DA:129,2
DA:131,2
DA:132,0
DA:134,81
DA:136,22
DA:137,22
DA:138,22
DA:139,22
DA:140,22
DA:141,22
DA:142,22
DA:143,22
DA:144,22
DA:146,22
DA:147,18
DA:148,17
DA:149,17
DA:150,17
DA:151,17
DA:152,17
DA:153,17
DA:154,17
DA:155,17
DA:156,22
DA:158,22
DA:159,22
DA:160,22
DA:165,22
DA:166,22
DA:167,20
DA:168,19
DA:169,1
DA:171,19
DA:172,19
DA:173,21
DA:174,19
DA:179,1
DA:180,1
DA:181,1
DA:183,1
DA:185,1
DA:186,1
DA:187,1
DA:188,1
DA:189,1
DA:190,1
DA:191,1
DA:192,21
DA:193,19
DA:194,22
DA:196,18
DA:197,18
DA:198,18
DA:199,18
DA:200,1
DA:201,1
DA:203,1
DA:205,1
DA:207,1
DA:210,17
DA:211,18
BRF:0
BRH:0
LF:153
LH:152
end_of_record
SF:/var/home/jack/Code/koan/src/parse/whitespace.rs
FN:74,_RNCNvNtNtCs3yqXWJWMNss_4koan5parse10whitespace12collapse_str0B7_
FN:167,_RNCNvNtNtCs3yqXWJWMNss_4koan5parse10whitespace12collapse_strs0_0B7_
FN:75,_RNCNvNtNtCs3yqXWJWMNss_4koan5parse10whitespace12collapse_strs_0B7_
FN:295,_RNCNvNtNtCs3yqXWJWMNss_4koan5parse10whitespace16line_delim_delta0B7_
FN:296,_RNCNvNtNtCs3yqXWJWMNss_4koan5parse10whitespace16line_delim_deltas_0B7_
FN:304,_RNCNvNtNtCs3yqXWJWMNss_4koan5parse10whitespace16line_paren_delta0B7_
FN:305,_RNCNvNtNtCs3yqXWJWMNss_4koan5parse10whitespace16line_paren_deltas_0B7_
FN:52,_RNCNvNtNtCs3yqXWJWMNss_4koan5parse10whitespace19collapse_whitespace0B7_
FN:267,_RNCNvNtNtCs3yqXWJWMNss_4koan5parse10whitespace19walk_content_cursor0B7_
FN:268,_RNCNvNtNtCs3yqXWJWMNss_4koan5parse10whitespace19walk_content_cursors_0B7_
FN:56,_RNvNtNtCs3yqXWJWMNss_4koan5parse10whitespace12collapse_str
FN:313,_RNvNtNtCs3yqXWJWMNss_4koan5parse10whitespace13adjust_parens
FN:294,_RNvNtNtCs3yqXWJWMNss_4koan5parse10whitespace16line_delim_delta
FN:303,_RNvNtNtCs3yqXWJWMNss_4koan5parse10whitespace16line_paren_delta
FN:50,_RNvNtNtCs3yqXWJWMNss_4koan5parse10whitespace19collapse_whitespace
FN:248,_RNvNtNtCs3yqXWJWMNss_4koan5parse10whitespace19walk_content_cursor
FN:238,_RNvNtNtCs3yqXWJWMNss_4koan5parse10whitespace9emit_jump
FN:74,_RNCNvNtNtCs8h7e9k1J8CD_4koan5parse10whitespace12collapse_str0B7_
FN:167,_RNCNvNtNtCs8h7e9k1J8CD_4koan5parse10whitespace12collapse_strs0_0B7_
FN:75,_RNCNvNtNtCs8h7e9k1J8CD_4koan5parse10whitespace12collapse_strs_0B7_
FN:295,_RNCNvNtNtCs8h7e9k1J8CD_4koan5parse10whitespace16line_delim_delta0B7_
FN:296,_RNCNvNtNtCs8h7e9k1J8CD_4koan5parse10whitespace16line_delim_deltas_0B7_
FN:304,_RNCNvNtNtCs8h7e9k1J8CD_4koan5parse10whitespace16line_paren_delta0B7_
FN:305,_RNCNvNtNtCs8h7e9k1J8CD_4koan5parse10whitespace16line_paren_deltas_0B7_
FN:52,_RNCNvNtNtCs8h7e9k1J8CD_4koan5parse10whitespace19collapse_whitespace0B7_
FN:267,_RNCNvNtNtCs8h7e9k1J8CD_4koan5parse10whitespace19walk_content_cursor0B7_
FN:268,_RNCNvNtNtCs8h7e9k1J8CD_4koan5parse10whitespace19walk_content_cursors_0B7_
FN:56,_RNvNtNtCs8h7e9k1J8CD_4koan5parse10whitespace12collapse_str
FN:313,_RNvNtNtCs8h7e9k1J8CD_4koan5parse10whitespace13adjust_parens
FN:294,_RNvNtNtCs8h7e9k1J8CD_4koan5parse10whitespace16line_delim_delta
FN:303,_RNvNtNtCs8h7e9k1J8CD_4koan5parse10whitespace16line_paren_delta
FN:50,_RNvNtNtCs8h7e9k1J8CD_4koan5parse10whitespace19collapse_whitespace
FN:248,_RNvNtNtCs8h7e9k1J8CD_4koan5parse10whitespace19walk_content_cursor
FN:238,_RNvNtNtCs8h7e9k1J8CD_4koan5parse10whitespace9emit_jump
FNDA:724,_RNCNvNtNtCs3yqXWJWMNss_4koan5parse10whitespace12collapse_str0B7_
FNDA:0,_RNCNvNtNtCs3yqXWJWMNss_4koan5parse10whitespace12collapse_strs0_0B7_
FNDA:16,_RNCNvNtNtCs3yqXWJWMNss_4koan5parse10whitespace12collapse_strs_0B7_
FNDA:708,_RNCNvNtNtCs3yqXWJWMNss_4koan5parse10whitespace16line_delim_delta0B7_
FNDA:708,_RNCNvNtNtCs3yqXWJWMNss_4koan5parse10whitespace16line_delim_deltas_0B7_
FNDA:708,_RNCNvNtNtCs3yqXWJWMNss_4koan5parse10whitespace16line_paren_delta0B7_
FNDA:708,_RNCNvNtNtCs3yqXWJWMNss_4koan5parse10whitespace16line_paren_deltas_0B7_
FNDA:0,_RNCNvNtNtCs3yqXWJWMNss_4koan5parse10whitespace19collapse_whitespace0B7_
FNDA:0,_RNCNvNtNtCs3yqXWJWMNss_4koan5parse10whitespace19walk_content_cursor0B7_
FNDA:0,_RNCNvNtNtCs3yqXWJWMNss_4koan5parse10whitespace19walk_content_cursors_0B7_
FNDA:15,_RNvNtNtCs3yqXWJWMNss_4koan5parse10whitespace12collapse_str
FNDA:31,_RNvNtNtCs3yqXWJWMNss_4koan5parse10whitespace13adjust_parens
FNDA:31,_RNvNtNtCs3yqXWJWMNss_4koan5parse10whitespace16line_delim_delta
FNDA:31,_RNvNtNtCs3yqXWJWMNss_4koan5parse10whitespace16line_paren_delta
FNDA:15,_RNvNtNtCs3yqXWJWMNss_4koan5parse10whitespace19collapse_whitespace
FNDA:31,_RNvNtNtCs3yqXWJWMNss_4koan5parse10whitespace19walk_content_cursor
FNDA:62,_RNvNtNtCs3yqXWJWMNss_4koan5parse10whitespace9emit_jump
FNDA:28468,_RNCNvNtNtCs8h7e9k1J8CD_4koan5parse10whitespace12collapse_str0B7_
FNDA:129,_RNCNvNtNtCs8h7e9k1J8CD_4koan5parse10whitespace12collapse_strs0_0B7_
FNDA:392,_RNCNvNtNtCs8h7e9k1J8CD_4koan5parse10whitespace12collapse_strs_0B7_
FNDA:27792,_RNCNvNtNtCs8h7e9k1J8CD_4koan5parse10whitespace16line_delim_delta0B7_
FNDA:27792,_RNCNvNtNtCs8h7e9k1J8CD_4koan5parse10whitespace16line_delim_deltas_0B7_
FNDA:27814,_RNCNvNtNtCs8h7e9k1J8CD_4koan5parse10whitespace16line_paren_delta0B7_
FNDA:27814,_RNCNvNtNtCs8h7e9k1J8CD_4koan5parse10whitespace16line_paren_deltas_0B7_
FNDA:0,_RNCNvNtNtCs8h7e9k1J8CD_4koan5parse10whitespace19collapse_whitespace0B7_
FNDA:165,_RNCNvNtNtCs8h7e9k1J8CD_4koan5parse10whitespace19walk_content_cursor0B7_
FNDA:0,_RNCNvNtNtCs8h7e9k1J8CD_4koan5parse10whitespace19walk_content_cursors_0B7_
FNDA:784,_RNvNtNtCs8h7e9k1J8CD_4koan5parse10whitespace12collapse_str
FNDA:1144,_RNvNtNtCs8h7e9k1J8CD_4koan5parse10whitespace13adjust_parens
FNDA:1144,_RNvNtNtCs8h7e9k1J8CD_4koan5parse10whitespace16line_delim_delta
FNDA:1151,_RNvNtNtCs8h7e9k1J8CD_4koan5parse10whitespace16line_paren_delta
FNDA:784,_RNvNtNtCs8h7e9k1J8CD_4koan5parse10whitespace19collapse_whitespace
FNDA:1151,_RNvNtNtCs8h7e9k1J8CD_4koan5parse10whitespace19walk_content_cursor
FNDA:2230,_RNvNtNtCs8h7e9k1J8CD_4koan5parse10whitespace9emit_jump
FNF:17
FNH:15
DA:50,799
DA:51,799
DA:52,799
DA:53,799
DA:54,799
DA:56,799
DA:57,799
DA:58,799
DA:59,799
DA:60,799
DA:61,799
DA:64,799
DA:66,799
DA:67,799
DA:68,799
DA:69,799
DA:71,1998
DA:72,1206
DA:73,1206
DA:74,29192
DA:75,1206
DA:76,1206
DA:78,1206
DA:79,1206
DA:80,1206
DA:81,1206
DA:83,1206
DA:85,1206
DA:89,24
DA:90,24
DA:91,24
DA:92,8
DA:94,16
DA:96,24
DA:97,24
DA:98,1182
DA:100,1182
DA:102,1182
DA:103,1182
DA:105,1182
DA:106,1182
DA:108,1182
DA:109,1182
DA:131,1182
DA:132,54
DA:133,54
DA:134,1128
DA:137,1128
DA:138,16
DA:142,7
DA:143,1
DA:144,1
DA:145,1
DA:146,1
DA:147,1
DA:148,6
DA:149,6
DA:150,6
DA:151,9
DA:152,9
DA:156,1
DA:157,1
DA:158,1
DA:159,1
DA:160,1
DA:161,1
DA:162,8
DA:165,1112
DA:167,1120
DA:168,3
DA:169,3
DA:170,3
DA:171,3
DA:172,3
DA:173,1117
DA:174,1117
DA:175,2
DA:176,2
DA:177,2
DA:178,2
DA:179,2
DA:180,1115
DA:182,1412
DA:183,335
DA:184,297
DA:185,297
DA:186,297
DA:187,297
DA:188,38
DA:194,1115
DA:195,318
DA:196,797
DA:202,1115
DA:203,1115
DA:204,11
DA:205,11
DA:206,11
DA:207,11
DA:208,11
DA:209,1104
DA:210,1104
DA:211,1104
DA:212,1104
DA:213,1104
DA:215,1115
DA:216,1115
DA:217,1115
DA:218,1115
DA:219,1115
DA:221,1115
DA:222,1115
DA:223,368
DA:225,747
DA:227,1115
DA:230,1601
DA:231,809
DA:232,809
DA:233,809
DA:235,792
DA:236,799
DA:238,2292
DA:239,2292
DA:240,2292
DA:241,2292
DA:242,2292
DA:248,1182
DA:249,1182
DA:250,1182
DA:251,28668
DA:252,27486
DA:253,27486
DA:254,165
DA:255,165
DA:256,530
DA:257,365
DA:258,365
DA:259,165
DA:260,0
DA:261,165
DA:262,165
DA:263,0
DA:264,165
DA:265,165
DA:266,165
DA:267,165
DA:268,165
DA:269,165
DA:270,27321
DA:271,165
DA:272,330
DA:273,165
DA:274,165
DA:275,165
DA:276,0
DA:277,165
DA:278,165
DA:279,341
DA:280,176
DA:281,176
DA:282,165
DA:283,27156
DA:284,27156
DA:285,27156
DA:286,27156
DA:288,1182
DA:289,1182
DA:294,1175
DA:295,28500
DA:296,28500
DA:297,1175
DA:298,1175
DA:303,1182
DA:304,28522
DA:305,28522
DA:306,1182
DA:307,1182
DA:313,1175
DA:314,1175
DA:315,10
DA:316,10
DA:317,10
DA:319,1165
DA:320,8
DA:321,8
DA:323,1175
BRF:0
BRH:0
LF:195
LH:190
end_of_record