SF:/var/home/jack/Code/koan/src/builtins.rs
FN:139,_RNvNtCscUx3zdyuqfq_4koan8builtins13default_scope
FN:64,_RNvNtCscUx3zdyuqfq_4koan8builtins16register_builtin
FN:112,_RNvNtCscUx3zdyuqfq_4koan8builtins21register_builtin_full
FN:97,_RNvNtCscUx3zdyuqfq_4koan8builtins23register_nominal_binder
FN:75,_RNvNtCscUx3zdyuqfq_4koan8builtins28register_builtin_with_binder
FN:40,_RNvNtCscUx3zdyuqfq_4koan8builtins2kw
FN:45,_RNvNtCscUx3zdyuqfq_4koan8builtins3arg
FN:35,_RNvNtCscUx3zdyuqfq_4koan8builtins3err
FN:54,_RNvNtCscUx3zdyuqfq_4koan8builtins3sig
FN:139,_RNvNtCseriWsCb5ev6_4koan8builtins13default_scope
FN:64,_RNvNtCseriWsCb5ev6_4koan8builtins16register_builtin
FN:112,_RNvNtCseriWsCb5ev6_4koan8builtins21register_builtin_full
FN:97,_RNvNtCseriWsCb5ev6_4koan8builtins23register_nominal_binder
FN:75,_RNvNtCseriWsCb5ev6_4koan8builtins28register_builtin_with_binder
FN:40,_RNvNtCseriWsCb5ev6_4koan8builtins2kw
FN:45,_RNvNtCseriWsCb5ev6_4koan8builtins3arg
FN:35,_RNvNtCseriWsCb5ev6_4koan8builtins3err
FN:54,_RNvNtCseriWsCb5ev6_4koan8builtins3sig
FNDA:40,_RNvNtCscUx3zdyuqfq_4koan8builtins13default_scope
FNDA:1120,_RNvNtCscUx3zdyuqfq_4koan8builtins16register_builtin
FNDA:1600,_RNvNtCscUx3zdyuqfq_4koan8builtins21register_builtin_full
FNDA:160,_RNvNtCscUx3zdyuqfq_4koan8builtins23register_nominal_binder
FNDA:1280,_RNvNtCscUx3zdyuqfq_4koan8builtins28register_builtin_with_binder
FNDA:2560,_RNvNtCscUx3zdyuqfq_4koan8builtins2kw
FNDA:3120,_RNvNtCscUx3zdyuqfq_4koan8builtins3arg
FNDA:1,_RNvNtCscUx3zdyuqfq_4koan8builtins3err
FNDA:1600,_RNvNtCscUx3zdyuqfq_4koan8builtins3sig
FNDA:490,_RNvNtCseriWsCb5ev6_4koan8builtins13default_scope
FNDA:13744,_RNvNtCseriWsCb5ev6_4koan8builtins16register_builtin
FNDA:19625,_RNvNtCseriWsCb5ev6_4koan8builtins21register_builtin_full
FNDA:1960,_RNvNtCseriWsCb5ev6_4koan8builtins23register_nominal_binder
FNDA:15705,_RNvNtCseriWsCb5ev6_4koan8builtins28register_builtin_with_binder
FNDA:31360,_RNvNtCseriWsCb5ev6_4koan8builtins2kw
FNDA:38220,_RNvNtCseriWsCb5ev6_4koan8builtins3arg
FNDA:53,_RNvNtCseriWsCb5ev6_4koan8builtins3err
FNDA:19600,_RNvNtCseriWsCb5ev6_4koan8builtins3sig
FNF:9
FNH:9
DA:35,54
DA:36,54
DA:37,54
DA:40,33920
DA:41,33920
DA:42,33920
DA:45,41340
DA:46,41340
DA:47,41340
DA:48,41340
DA:49,41340
DA:50,41340
DA:54,21200
DA:55,21200
DA:56,21200
DA:57,21200
DA:58,21200
DA:59,21200
DA:60,21200
DA:61,21200
DA:62,21200
DA:64,14864
DA:65,14864
DA:66,14864
DA:67,14864
DA:68,14864
DA:69,14864
DA:70,14864
DA:71,14864
DA:75,16985
DA:76,16985
DA:77,16985
DA:78,16985
DA:79,16985
DA:80,16985
DA:81,16985
DA:82,16985
DA:83,16985
DA:84,16985
DA:85,16985
DA:86,16985
DA:87,16985
DA:88,16985
DA:92,16985
DA:97,2120
DA:98,2120
DA:99,2120
DA:100,2120
DA:101,2120
DA:102,2120
DA:103,2120
DA:104,2120
DA:105,2120
DA:112,21225
DA:113,21225
DA:114,21225
DA:115,21225
DA:116,21225
DA:117,21225
DA:118,21225
DA:119,21225
DA:120,21225
DA:121,21225
DA:122,21225
DA:123,21225
DA:124,21225
DA:125,21225
DA:126,21225
DA:127,21225
DA:128,21225
DA:129,21225
DA:130,21225
DA:131,21225
DA:132,21225
DA:133,21225
DA:134,21225
DA:139,530
DA:140,530
DA:141,530
DA:142,530
DA:143,530
DA:145,530
DA:146,530
DA:147,530
DA:148,530
DA:149,530
DA:150,530
DA:151,530
DA:154,530
DA:155,530
DA:156,530
DA:159,530
DA:160,530
DA:161,530
DA:164,530
DA:167,530
DA:168,530
DA:169,530
DA:170,530
DA:171,530
DA:174,530
DA:175,530
DA:176,530
DA:177,530
DA:178,530
DA:181,530
DA:182,530
DA:183,530
DA:184,530
DA:187,530
DA:189,530
DA:190,530
DA:191,530
DA:192,530
DA:193,530
DA:194,530
DA:195,530
DA:196,530
DA:197,530
DA:198,530
DA:199,530
DA:200,530
DA:201,530
DA:202,530
DA:203,530
DA:204,530
DA:205,530
DA:206,530
DA:207,530
DA:208,530
DA:209,530
DA:210,530
DA:212,530
DA:213,530
BRF:0
BRH:0
LF:134
LH:134
end_of_record
SF:/var/home/jack/Code/koan/src/builtins/ascribe.rs
FN:15,_RNvNtNtCscUx3zdyuqfq_4koan8builtins7ascribe11body_opaque
FN:145,_RNvNtNtCscUx3zdyuqfq_4koan8builtins7ascribe11shape_check
FN:118,_RNvNtNtCscUx3zdyuqfq_4koan8builtins7ascribe16body_transparent
FN:197,_RNvNtNtCscUx3zdyuqfq_4koan8builtins7ascribe21is_abstract_type_name
FN:183,_RNvNtNtCscUx3zdyuqfq_4koan8builtins7ascribe22abstract_type_names_of
FN:208,_RNvNtNtCscUx3zdyuqfq_4koan8builtins7ascribe28resolve_module_and_signature
FN:222,_RNvNtNtCscUx3zdyuqfq_4koan8builtins7ascribe8register
FN:205,_RNCNvNtNtCscUx3zdyuqfq_4koan8builtins7ascribe21is_abstract_type_name0B7_
FN:205,_RNCNvNtNtCseriWsCb5ev6_4koan8builtins7ascribe21is_abstract_type_name0B7_
FN:15,_RNvNtNtCseriWsCb5ev6_4koan8builtins7ascribe11body_opaque
FN:145,_RNvNtNtCseriWsCb5ev6_4koan8builtins7ascribe11shape_check
FN:118,_RNvNtNtCseriWsCb5ev6_4koan8builtins7ascribe16body_transparent
FN:197,_RNvNtNtCseriWsCb5ev6_4koan8builtins7ascribe21is_abstract_type_name
FN:183,_RNvNtNtCseriWsCb5ev6_4koan8builtins7ascribe22abstract_type_names_of
FN:208,_RNvNtNtCseriWsCb5ev6_4koan8builtins7ascribe28resolve_module_and_signature
FN:222,_RNvNtNtCseriWsCb5ev6_4koan8builtins7ascribe8register
FNDA:1,_RNvNtNtCscUx3zdyuqfq_4koan8builtins7ascribe11body_opaque
FNDA:4,_RNvNtNtCscUx3zdyuqfq_4koan8builtins7ascribe11shape_check
FNDA:3,_RNvNtNtCscUx3zdyuqfq_4koan8builtins7ascribe16body_transparent
FNDA:18,_RNvNtNtCscUx3zdyuqfq_4koan8builtins7ascribe21is_abstract_type_name
FNDA:5,_RNvNtNtCscUx3zdyuqfq_4koan8builtins7ascribe22abstract_type_names_of
FNDA:4,_RNvNtNtCscUx3zdyuqfq_4koan8builtins7ascribe28resolve_module_and_signature
FNDA:40,_RNvNtNtCscUx3zdyuqfq_4koan8builtins7ascribe8register
FNDA:0,_RNCNvNtNtCscUx3zdyuqfq_4koan8builtins7ascribe21is_abstract_type_name0B7_
FNDA:9,_RNCNvNtNtCseriWsCb5ev6_4koan8builtins7ascribe21is_abstract_type_name0B7_
FNDA:21,_RNvNtNtCseriWsCb5ev6_4koan8builtins7ascribe11body_opaque
FNDA:39,_RNvNtNtCseriWsCb5ev6_4koan8builtins7ascribe11shape_check
FNDA:18,_RNvNtNtCseriWsCb5ev6_4koan8builtins7ascribe16body_transparent
FNDA:135,_RNvNtNtCseriWsCb5ev6_4koan8builtins7ascribe21is_abstract_type_name
FNDA:67,_RNvNtNtCseriWsCb5ev6_4koan8builtins7ascribe22abstract_type_names_of
FNDA:39,_RNvNtNtCseriWsCb5ev6_4koan8builtins7ascribe28resolve_module_and_signature
FNDA:490,_RNvNtNtCseriWsCb5ev6_4koan8builtins7ascribe8register
FNF:8
FNH:8
DA:15,22
DA:16,22
DA:17,22
DA:18,22
DA:19,22
DA:20,22
DA:21,22
DA:22,0
DA:25,22
DA:26,22
DA:27,22
DA:28,22
DA:31,22
DA:32,22
DA:33,0
DA:34,22
DA:36,22
DA:40,22
DA:42,22
DA:43,22
DA:44,15
DA:48,3
DA:49,3
DA:52,3
DA:53,3
DA:54,3
DA:55,3
DA:56,3
DA:57,3
DA:58,3
DA:59,3
DA:60,12
DA:61,12
DA:62,12
DA:63,12
DA:65,15
DA:68,22
DA:69,15
DA:70,15
DA:71,15
DA:72,15
DA:73,7
DA:82,22
DA:83,22
DA:84,22
DA:87,3
DA:88,3
DA:90,3
DA:91,3
DA:92,3
DA:93,16
DA:95,22
DA:96,22
DA:97,3
DA:98,3
DA:99,3
DA:100,3
DA:101,19
DA:104,22
DA:105,2
DA:106,20
DA:108,20
DA:110,20
DA:111,20
DA:112,20
DA:113,20
DA:114,20
DA:115,22
DA:118,21
DA:119,21
DA:120,21
DA:121,21
DA:122,21
DA:123,21
DA:124,21
DA:125,0
DA:127,21
DA:128,0
DA:129,21
DA:131,21
DA:132,21
DA:133,21
DA:134,21
DA:135,21
DA:136,21
DA:137,21
DA:138,21
DA:139,21
DA:140,21
DA:141,21
DA:142,21
DA:145,43
DA:146,43
DA:147,43
DA:148,43
DA:149,43
DA:150,43
DA:151,43
DA:152,43
DA:153,43
DA:154,43
DA:155,43
DA:156,43
DA:157,43
DA:158,43
DA:159,43
DA:160,43
DA:161,43
DA:162,43
DA:163,43
DA:164,43
DA:165,43
DA:166,43
DA:167,40
DA:168,0
DA:169,40
DA:170,40
DA:171,2
DA:172,2
DA:173,2
DA:174,2
DA:175,38
DA:177,41
DA:178,43
DA:183,72
DA:184,72
DA:185,72
DA:186,72
DA:187,72
DA:188,66
DA:189,0
DA:190,66
DA:192,72
DA:193,72
DA:197,153
DA:198,153
DA:199,153
DA:200,0
DA:202,153
DA:203,144
DA:204,9
DA:205,9
DA:206,153
DA:208,43
DA:209,43
DA:210,43
DA:211,43
DA:212,43
DA:213,43
DA:214,43
DA:215,43
DA:216,43
DA:217,43
DA:218,43
DA:219,43
DA:220,43
DA:222,530
DA:226,530
DA:227,530
DA:228,530
DA:229,530
DA:230,530
DA:231,530
DA:232,530
DA:233,530
DA:234,530
DA:237,530
DA:239,530
DA:240,530
DA:241,530
DA:242,530
DA:243,530
DA:244,530
DA:245,530
DA:246,530
DA:247,530
DA:250,530
DA:252,530
BRF:0
BRH:0
LF:179
LH:172
end_of_record
SF:/var/home/jack/Code/koan/src/builtins/attr.rs
FN:126,_RNvNtNtCscUx3zdyuqfq_4koan8builtins4attr11body_module
FN:110,_RNvNtNtCscUx3zdyuqfq_4koan8builtins4attr11body_struct
FN:166,_RNvNtNtCscUx3zdyuqfq_4koan8builtins4attr12access_field
FN:76,_RNvNtNtCscUx3zdyuqfq_4koan8builtins4attr13body_type_lhs
FN:22,_RNvNtNtCscUx3zdyuqfq_4koan8builtins4attr15body_identifier
FN:152,_RNvNtNtCscUx3zdyuqfq_4koan8builtins4attr15read_field_name
FN:234,_RNvNtNtCscUx3zdyuqfq_4koan8builtins4attr20access_module_member
FN:258,_RNvNtNtCscUx3zdyuqfq_4koan8builtins4attr8register
FN:414,_RNvNtNtNtCseriWsCb5ev6_4koan8builtins4attr5testss_24attr_unbound_name_errors
FN:441,_RNvNtNtNtCseriWsCb5ev6_4koan8builtins4attr5testss_25attr_unknown_field_errors
FN:425,_RNvNtNtNtCseriWsCb5ev6_4koan8builtins4attr5testss_31attr_on_non_struct_value_errors
FN:457,_RNvNtNtNtCseriWsCb5ev6_4koan8builtins4attr5testss_33attr_chained_unknown_field_errors
FN:398,_RNvNtNtNtCseriWsCb5ev6_4koan8builtins4attr5testss_34attr_chained_through_nested_struct
FN:374,_RNvNtNtNtCseriWsCb5ev6_4koan8builtins4attr5testss_34attr_reads_field_from_named_struct
FN:386,_RNvNtNtNtCseriWsCb5ev6_4koan8builtins4attr5testss_35attr_reads_each_field_independently
FN:494,_RNvNtNtNtCseriWsCb5ev6_4koan8builtins4attr5testss_39access_field_rejects_wrapped_non_struct
FN:478,_RNvNtNtNtCseriWsCb5ev6_4koan8builtins4attr5testss_41access_field_falls_through_wrapped_struct
FN:538,_RNvNtNtNtCseriWsCb5ev6_4koan8builtins4attr5testss_41transparent_view_slot_read_stays_concrete
FN:517,_RNvNtNtNtCseriWsCb5ev6_4koan8builtins4attr5testss_48opaque_view_slot_read_re_tags_with_abstract_type
FN:558,_RNvNtNtNtCseriWsCb5ev6_4koan8builtins4attr5testss_53access_field_falls_through_wrapped_with_missing_field
FN:126,_RNvNtNtCseriWsCb5ev6_4koan8builtins4attr11body_module
FN:110,_RNvNtNtCseriWsCb5ev6_4koan8builtins4attr11body_struct
FN:166,_RNvNtNtCseriWsCb5ev6_4koan8builtins4attr12access_field
FN:76,_RNvNtNtCseriWsCb5ev6_4koan8builtins4attr13body_type_lhs
FN:22,_RNvNtNtCseriWsCb5ev6_4koan8builtins4attr15body_identifier
FN:152,_RNvNtNtCseriWsCb5ev6_4koan8builtins4attr15read_field_name
FN:234,_RNvNtNtCseriWsCb5ev6_4koan8builtins4attr20access_module_member
FN:258,_RNvNtNtCseriWsCb5ev6_4koan8builtins4attr8register
FNDA:7,_RNvNtNtCscUx3zdyuqfq_4koan8builtins4attr11body_module
FNDA:1,_RNvNtNtCscUx3zdyuqfq_4koan8builtins4attr11body_struct
FNDA:1,_RNvNtNtCscUx3zdyuqfq_4koan8builtins4attr12access_field
FNDA:0,_RNvNtNtCscUx3zdyuqfq_4koan8builtins4attr13body_type_lhs
FNDA:1,_RNvNtNtCscUx3zdyuqfq_4koan8builtins4attr15body_identifier
FNDA:9,_RNvNtNtCscUx3zdyuqfq_4koan8builtins4attr15read_field_name
FNDA:7,_RNvNtNtCscUx3zdyuqfq_4koan8builtins4attr20access_module_member
FNDA:40,_RNvNtNtCscUx3zdyuqfq_4koan8builtins4attr8register
FNDA:1,_RNvNtNtNtCseriWsCb5ev6_4koan8builtins4attr5testss_24attr_unbound_name_errors
FNDA:1,_RNvNtNtNtCseriWsCb5ev6_4koan8builtins4attr5testss_25attr_unknown_field_errors
FNDA:1,_RNvNtNtNtCseriWsCb5ev6_4koan8builtins4attr5testss_31attr_on_non_struct_value_errors
FNDA:1,_RNvNtNtNtCseriWsCb5ev6_4koan8builtins4attr5testss_33attr_chained_unknown_field_errors
FNDA:1,_RNvNtNtNtCseriWsCb5ev6_4koan8builtins4attr5testss_34attr_chained_through_nested_struct
FNDA:1,_RNvNtNtNtCseriWsCb5ev6_4koan8builtins4attr5testss_34attr_reads_field_from_named_struct
FNDA:1,_RNvNtNtNtCseriWsCb5ev6_4koan8builtins4attr5testss_35attr_reads_each_field_independently
FNDA:1,_RNvNtNtNtCseriWsCb5ev6_4koan8builtins4attr5testss_39access_field_rejects_wrapped_non_struct
FNDA:1,_RNvNtNtNtCseriWsCb5ev6_4koan8builtins4attr5testss_41access_field_falls_through_wrapped_struct
FNDA:1,_RNvNtNtNtCseriWsCb5ev6_4koan8builtins4attr5testss_41transparent_view_slot_read_stays_concrete
FNDA:1,_RNvNtNtNtCseriWsCb5ev6_4koan8builtins4attr5testss_48opaque_view_slot_read_re_tags_with_abstract_type
FNDA:1,_RNvNtNtNtCseriWsCb5ev6_4koan8builtins4attr5testss_53access_field_falls_through_wrapped_with_missing_field
FNDA:12,_RNvNtNtCseriWsCb5ev6_4koan8builtins4attr11body_module
FNDA:18,_RNvNtNtCseriWsCb5ev6_4koan8builtins4attr11body_struct
FNDA:25,_RNvNtNtCseriWsCb5ev6_4koan8builtins4attr12access_field
FNDA:0,_RNvNtNtCseriWsCb5ev6_4koan8builtins4attr13body_type_lhs
FNDA:7,_RNvNtNtCseriWsCb5ev6_4koan8builtins4attr15body_identifier
FNDA:37,_RNvNtNtCseriWsCb5ev6_4koan8builtins4attr15read_field_name
FNDA:15,_RNvNtNtCseriWsCb5ev6_4koan8builtins4attr20access_module_member
FNDA:490,_RNvNtNtCseriWsCb5ev6_4koan8builtins4attr8register
FNF:20
FNH:19
DA:22,8
DA:23,8
DA:24,8
DA:25,8
DA:26,8
DA:27,8
DA:28,8
DA:29,0
DA:30,0
DA:31,0
DA:32,0
DA:33,0
DA:34,0
DA:36,0
DA:38,8
DA:39,8
DA:40,8
DA:41,0
DA:46,8
DA:47,3
DA:48,5
DA:49,5
DA:50,0
DA:51,3
DA:53,0
DA:56,0
DA:60,0
DA:64,0
DA:66,2
DA:67,2
DA:68,8
DA:76,0
DA:77,0
DA:78,0
DA:79,0
DA:80,0
DA:81,0
DA:82,0
DA:83,0
DA:84,0
DA:85,0
DA:86,0
DA:87,0
DA:88,0
DA:89,0
DA:91,0
DA:93,0
DA:94,0
DA:95,0
DA:102,0
DA:103,0
DA:104,0
DA:105,0
DA:107,0
DA:108,0
DA:110,19
DA:111,19
DA:112,19
DA:113,19
DA:114,19
DA:115,19
DA:116,19
DA:117,0
DA:119,19
DA:120,19
DA:121,0
DA:123,19
DA:124,19
DA:126,19
DA:127,19
DA:128,19
DA:129,19
DA:130,19
DA:131,19
DA:132,19
DA:133,0
DA:135,19
DA:136,19
DA:137,0
DA:139,19
DA:140,19
DA:142,0
DA:143,0
DA:144,0
DA:145,0
DA:146,0
DA:149,19
DA:150,19
DA:152,46
DA:153,46
DA:154,41
DA:155,0
DA:156,5
DA:157,0
DA:158,0
DA:159,0
DA:160,0
DA:161,0
DA:162,0
DA:164,46
DA:166,26
DA:167,0
DA:169,18
DA:170,18
DA:172,18
DA:173,15
DA:174,3
DA:175,3
DA:176,3
DA:177,3
DA:179,0
DA:181,0
DA:182,0
DA:183,0
DA:184,0
DA:185,0
DA:186,0
DA:187,0
DA:188,0
DA:189,0
DA:190,0
DA:191,0
DA:192,0
DA:198,0
DA:200,0
DA:204,4
DA:205,4
DA:206,4
DA:207,4
DA:208,4
DA:209,4
DA:211,26
DA:234,22
DA:235,22
DA:236,22
DA:237,5
DA:238,17
DA:239,17
DA:240,16
DA:241,2
DA:242,2
DA:243,2
DA:244,2
DA:245,2
DA:246,14
DA:247,14
DA:248,1
DA:249,1
DA:250,0
DA:251,1
DA:252,1
DA:253,1
DA:254,1
DA:255,1
DA:256,22
DA:258,530
DA:259,530
DA:260,530
DA:261,530
DA:262,530
DA:263,530
DA:264,530
DA:265,530
DA:266,530
DA:267,530
DA:269,530
DA:270,530
DA:271,530
DA:272,530
DA:273,530
DA:274,530
DA:275,530
DA:276,530
DA:277,530
DA:280,530
DA:282,530
DA:283,530
DA:284,530
DA:285,530
DA:286,530
DA:287,530
DA:288,530
DA:289,530
DA:290,530
DA:293,530
DA:295,530
DA:296,530
DA:297,530
DA:298,530
DA:299,530
DA:300,530
DA:301,530
DA:302,530
DA:303,530
DA:306,530
DA:312,530
DA:313,530
DA:314,530
DA:315,530
DA:316,530
DA:317,530
DA:318,530
DA:319,530
DA:320,530
DA:323,530
DA:325,530
DA:326,530
DA:327,530
DA:328,530
DA:329,530
DA:330,530
DA:331,530
DA:332,530
DA:333,530
DA:336,530
DA:338,530
DA:339,530
DA:340,530
DA:341,530
DA:342,530
DA:343,530
DA:344,530
DA:345,530
DA:346,530
DA:349,530
DA:352,530
DA:353,530
DA:354,530
DA:355,530
DA:356,530
DA:357,530
DA:358,530
DA:359,530
DA:360,530
DA:363,530
DA:365,530
DA:374,1
DA:375,1
DA:376,1
DA:377,1
DA:378,1
DA:379,1
DA:381,1
DA:382,1
DA:383,1
DA:386,1
DA:387,1
DA:388,1
DA:389,1
DA:390,1
DA:391,1
DA:393,1
DA:394,1
DA:395,1
DA:398,1
DA:399,1
DA:400,1
DA:401,1
DA:402,1
DA:403,1
DA:404,1
DA:405,1
DA:406,1
DA:407,1
DA:409,1
DA:410,1
DA:411,1
DA:414,1
DA:415,1
DA:416,1
DA:417,1
DA:418,1
DA:419,1
DA:422,1
DA:425,1
DA:426,1
DA:427,1
DA:428,1
DA:429,1
DA:430,1
DA:431,1
DA:432,1
DA:433,1
DA:434,1
DA:436,0
DA:438,1
DA:441,1
DA:442,1
DA:443,1
DA:444,1
DA:445,1
DA:446,1
DA:448,1
DA:449,1
DA:450,1
DA:451,1
DA:454,1
DA:457,1
DA:458,1
DA:459,1
DA:460,1
DA:461,1
DA:462,1
DA:463,1
DA:464,1
DA:465,1
DA:466,1
DA:468,1
DA:469,1
DA:470,1
DA:471,1
DA:474,1
DA:478,1
DA:479,1
DA:480,1
DA:481,1
DA:482,1
DA:483,1
DA:484,1
DA:485,1
DA:486,1
DA:488,1
DA:489,1
DA:490,1
DA:494,1
DA:495,1
DA:496,1
DA:497,1
DA:498,1
DA:499,1
DA:500,1
DA:502,1
DA:503,1
DA:504,1
DA:505,1
DA:506,1
DA:507,1
DA:509,0
DA:511,1
DA:517,1
DA:518,1
DA:519,1
DA:520,1
DA:521,1
DA:522,1
DA:523,1
DA:524,1
DA:526,1
DA:527,1
DA:528,1
DA:531,0
DA:533,1
DA:538,1
DA:539,1
DA:540,1
DA:541,1
DA:542,1
DA:543,1
DA:544,1
DA:545,1
DA:547,1
DA:548,1
DA:549,1
DA:551,0
DA:553,1
DA:558,1
DA:559,1
DA:560,1
DA:561,1
DA:562,1
DA:563,1
DA:564,1
DA:565,1
DA:566,1
DA:568,1
DA:569,1
DA:570,1
DA:571,1
DA:574,1
BRF:0
BRH:0
LF:379
LH:305
end_of_record
SF:/var/home/jack/Code/koan/src/builtins/branch_walk.rs
FN:51,_RNvNtNtCscUx3zdyuqfq_4koan8builtins11branch_walk16find_branch_body
FN:20,_RNvNtNtCscUx3zdyuqfq_4koan8builtins11branch_walk27resolve_arm_return_contract
FN:29,_RNCNvNtNtCscUx3zdyuqfq_4koan8builtins11branch_walk27resolve_arm_return_contract0B7_
FN:51,_RNvNtNtCseriWsCb5ev6_4koan8builtins11branch_walk16find_branch_body
FN:20,_RNvNtNtCseriWsCb5ev6_4koan8builtins11branch_walk27resolve_arm_return_contract
FN:29,_RNCNvNtNtCseriWsCb5ev6_4koan8builtins11branch_walk27resolve_arm_return_contract0B7_
FNDA:0,_RNvNtNtCscUx3zdyuqfq_4koan8builtins11branch_walk16find_branch_body
FNDA:0,_RNvNtNtCscUx3zdyuqfq_4koan8builtins11branch_walk27resolve_arm_return_contract
FNDA:0,_RNCNvNtNtCscUx3zdyuqfq_4koan8builtins11branch_walk27resolve_arm_return_contract0B7_
FNDA:89,_RNvNtNtCseriWsCb5ev6_4koan8builtins11branch_walk16find_branch_body
FNDA:89,_RNvNtNtCseriWsCb5ev6_4koan8builtins11branch_walk27resolve_arm_return_contract
FNDA:0,_RNCNvNtNtCseriWsCb5ev6_4koan8builtins11branch_walk27resolve_arm_return_contract0B7_
FNF:3
FNH:2
DA:20,89
DA:21,89
DA:22,89
DA:23,89
DA:24,89
DA:25,89
DA:26,89
DA:27,0
DA:28,0
DA:29,0
DA:30,0
DA:31,0
DA:32,0
DA:33,0
DA:34,0
DA:37,0
DA:38,0
DA:39,0
DA:42,89
DA:43,89
DA:44,89
DA:45,89
DA:46,89
DA:51,89
DA:52,89
DA:53,89
DA:54,89
DA:55,89
DA:56,89
DA:57,89
DA:58,0
DA:59,0
DA:60,0
DA:61,0
DA:62,89
DA:63,89
DA:64,89
DA:65,130
DA:66,122
DA:67,122
DA:68,122
DA:69,122
DA:70,109
DA:73,9
DA:74,9
DA:75,6
DA:77,3
DA:81,4
DA:82,0
DA:83,0
DA:84,0
DA:85,0
DA:86,0
DA:89,122
DA:90,122
DA:91,0
DA:92,0
DA:93,0
DA:94,0
DA:95,0
DA:98,122
DA:99,120
DA:100,2
DA:101,2
DA:102,2
DA:103,2
DA:104,2
DA:107,120
DA:108,79
DA:109,41
DA:110,41
DA:111,4
DA:112,37
DA:113,41
DA:115,8
DA:116,89
BRF:0
BRH:0
LF:78
LH:51
end_of_record
SF:/var/home/jack/Code/koan/src/builtins/catch.rs
FN:39,_RNCNvNtNtCscUx3zdyuqfq_4koan8builtins5catch4body0B7_
FN:18,_RNvNtNtCscUx3zdyuqfq_4koan8builtins5catch4body
FN:60,_RNvNtNtCscUx3zdyuqfq_4koan8builtins5catch8register
FN:39,_RNCNvNtNtCseriWsCb5ev6_4koan8builtins5catch4body0B7_
FN:18,_RNvNtNtCseriWsCb5ev6_4koan8builtins5catch4body
FN:60,_RNvNtNtCseriWsCb5ev6_4koan8builtins5catch8register
FNDA:0,_RNCNvNtNtCscUx3zdyuqfq_4koan8builtins5catch4body0B7_
FNDA:0,_RNvNtNtCscUx3zdyuqfq_4koan8builtins5catch4body
FNDA:40,_RNvNtNtCscUx3zdyuqfq_4koan8builtins5catch8register
FNDA:8,_RNCNvNtNtCseriWsCb5ev6_4koan8builtins5catch4body0B7_
FNDA:8,_RNvNtNtCseriWsCb5ev6_4koan8builtins5catch4body
FNDA:490,_RNvNtNtCseriWsCb5ev6_4koan8builtins5catch8register
FNF:3
FNH:3
DA:18,8
DA:19,8
DA:20,8
DA:21,8
DA:22,8
DA:23,8
DA:24,8
DA:26,0
DA:27,0
DA:28,0
DA:34,8
DA:35,8
DA:36,0
DA:38,8
DA:39,8
DA:40,8
DA:41,4
DA:42,4
DA:44,8
DA:45,8
DA:46,8
DA:47,8
DA:48,8
DA:49,8
DA:50,8
DA:51,8
DA:52,8
DA:53,8
DA:54,8
DA:55,8
DA:56,8
DA:57,8
DA:58,8
DA:60,530
DA:61,530
DA:62,530
DA:63,530
DA:64,530
DA:65,530
DA:66,530
DA:67,530
DA:68,530
DA:70,530
DA:72,530
BRF:0
BRH:0
LF:45
LH:41
end_of_record
SF:/var/home/jack/Code/koan/src/builtins/eval.rs
FN:16,_RNvNtNtCscUx3zdyuqfq_4koan8builtins4eval4body
FN:47,_RNvNtNtCscUx3zdyuqfq_4koan8builtins4eval8register
FN:63,_RNvNtNtNtCseriWsCb5ev6_4koan8builtins4eval5tests11run_program
FN:120,_RNvNtNtNtCseriWsCb5ev6_4koan8builtins4eval5testss_21recursive_eval_no_uaf
FN:72,_RNvNtNtNtCseriWsCb5ev6_4koan8builtins4eval5testss_22eval_of_quoted_literal
FN:106,_RNvNtNtNtCseriWsCb5ev6_4koan8builtins4eval5testss_34multiline_sigil_collapse_roundtrip
FN:112,_RNvNtNtNtCseriWsCb5ev6_4koan8builtins4eval5testss_35eval_returns_inner_expression_value
FN:100,_RNvNtNtNtCseriWsCb5ev6_4koan8builtins4eval5testss_37eval_runs_side_effects_in_quoted_body
FN:78,_RNvNtNtNtCseriWsCb5ev6_4koan8builtins4eval5testss_38eval_of_function_returning_kexpression
FN:87,_RNvNtNtNtCseriWsCb5ev6_4koan8builtins4eval5testss_49eval_of_non_kexpression_errors_with_type_mismatch
FN:16,_RNvNtNtCseriWsCb5ev6_4koan8builtins4eval4body
FN:47,_RNvNtNtCseriWsCb5ev6_4koan8builtins4eval8register
FNDA:0,_RNvNtNtCscUx3zdyuqfq_4koan8builtins4eval4body
FNDA:40,_RNvNtNtCscUx3zdyuqfq_4koan8builtins4eval8register
FNDA:6,_RNvNtNtNtCseriWsCb5ev6_4koan8builtins4eval5tests11run_program
FNDA:1,_RNvNtNtNtCseriWsCb5ev6_4koan8builtins4eval5testss_21recursive_eval_no_uaf
FNDA:1,_RNvNtNtNtCseriWsCb5ev6_4koan8builtins4eval5testss_22eval_of_quoted_literal
FNDA:1,_RNvNtNtNtCseriWsCb5ev6_4koan8builtins4eval5testss_34multiline_sigil_collapse_roundtrip
FNDA:1,_RNvNtNtNtCseriWsCb5ev6_4koan8builtins4eval5testss_35eval_returns_inner_expression_value
FNDA:1,_RNvNtNtNtCseriWsCb5ev6_4koan8builtins4eval5testss_37eval_runs_side_effects_in_quoted_body
FNDA:1,_RNvNtNtNtCseriWsCb5ev6_4koan8builtins4eval5testss_38eval_of_function_returning_kexpression
FNDA:1,_RNvNtNtNtCseriWsCb5ev6_4koan8builtins4eval5testss_49eval_of_non_kexpression_errors_with_type_mismatch
FNDA:9,_RNvNtNtCseriWsCb5ev6_4koan8builtins4eval4body
FNDA:490,_RNvNtNtCseriWsCb5ev6_4koan8builtins4eval8register
FNF:10
FNH:10
DA:16,9
DA:17,9
DA:18,9
DA:19,9
DA:20,9
DA:21,9
DA:22,9
DA:23,0
DA:25,9
DA:26,8
DA:27,1
DA:28,1
DA:29,1
DA:30,1
DA:31,1
DA:32,1
DA:37,8
DA:38,8
DA:39,8
DA:40,8
DA:41,8
DA:42,8
DA:43,8
DA:44,8
DA:45,9
DA:47,530
DA:48,530
DA:49,530
DA:50,530
DA:51,530
DA:52,530
DA:54,530
DA:63,6
DA:64,6
DA:65,6
DA:66,6
DA:67,6
DA:68,6
DA:69,6
DA:72,1
DA:73,1
DA:74,1
DA:75,1
DA:78,1
DA:79,1
DA:80,1
DA:81,1
DA:83,1
DA:84,1
DA:87,1
DA:88,1
DA:89,1
DA:90,1
DA:91,1
DA:92,1
DA:93,1
DA:94,1
DA:97,1
DA:100,1
DA:101,1
DA:102,1
DA:103,1
DA:106,1
DA:107,1
DA:108,1
DA:109,1
DA:112,1
DA:115,1
DA:116,1
DA:117,1
DA:120,1
DA:124,1
DA:125,1
DA:126,1
DA:127,1
DA:128,1
DA:129,1
DA:130,1
DA:132,1
DA:133,1
BRF:0
BRH:0
LF:80
LH:79
end_of_record
SF:/var/home/jack/Code/koan/src/builtins/fn_def.rs
FN:83,_RNCNvNtNtCscUx3zdyuqfq_4koan8builtins6fn_def4body0B7_
FN:27,_RNvNtNtCscUx3zdyuqfq_4koan8builtins6fn_def4body
FN:103,_RNvNtNtCscUx3zdyuqfq_4koan8builtins6fn_def8register
FN:83,_RNCNvNtNtCseriWsCb5ev6_4koan8builtins6fn_def4body0B7_
FN:27,_RNvNtNtCseriWsCb5ev6_4koan8builtins6fn_def4body
FN:103,_RNvNtNtCseriWsCb5ev6_4koan8builtins6fn_def8register
FNDA:10,_RNCNvNtNtCscUx3zdyuqfq_4koan8builtins6fn_def4body0B7_
FNDA:10,_RNvNtNtCscUx3zdyuqfq_4koan8builtins6fn_def4body
FNDA:40,_RNvNtNtCscUx3zdyuqfq_4koan8builtins6fn_def8register
FNDA:200,_RNCNvNtNtCseriWsCb5ev6_4koan8builtins6fn_def4body0B7_
FNDA:205,_RNvNtNtCseriWsCb5ev6_4koan8builtins6fn_def4body
FNDA:490,_RNvNtNtCseriWsCb5ev6_4koan8builtins6fn_def8register
FNF:3
FNH:3
DA:27,215
DA:28,215
DA:29,215
DA:30,215
DA:31,215
DA:32,215
DA:33,215
DA:35,0
DA:36,0
DA:37,0
DA:40,215
DA:41,215
DA:42,0
DA:44,215
DA:45,215
DA:47,0
DA:48,0
DA:49,0
DA:55,215
DA:57,215
DA:61,213
DA:62,215
DA:63,213
DA:64,2
DA:67,213
DA:68,145
DA:69,3
DA:71,65
DA:72,65
DA:73,65
DA:74,65
DA:75,65
DA:76,65
DA:81,210
DA:82,210
DA:83,210
DA:84,210
DA:86,210
DA:88,141
DA:89,141
DA:90,141
DA:91,69
DA:92,69
DA:93,69
DA:94,69
DA:95,69
DA:96,69
DA:98,69
DA:101,215
DA:103,530
DA:123,530
DA:124,530
DA:125,530
DA:126,530
DA:127,530
DA:128,530
DA:129,530
DA:130,530
DA:131,530
DA:132,530
DA:133,530
DA:134,530
DA:137,530
DA:138,530
DA:139,530
DA:143,530
DA:144,530
DA:145,530
DA:146,530
DA:147,530
DA:148,530
DA:149,530
DA:150,530
DA:151,530
DA:152,530
DA:153,530
DA:154,530
DA:157,530
DA:158,530
DA:159,530
DA:163,530
BRF:0
BRH:0
LF:82
LH:75
end_of_record
SF:/var/home/jack/Code/koan/src/builtins/fn_def/finalize.rs
FN:291,_RNCNvNtNtNtCscUx3zdyuqfq_4koan8builtins6fn_def8finalize17defer_via_combine0B9_
FN:206,_RNCNvNtNtNtCscUx3zdyuqfq_4koan8builtins6fn_def8finalize21finalize_fn_with_flag0B9_
FN:163,_RNvNtNtNtCscUx3zdyuqfq_4koan8builtins6fn_def8finalize11finalize_fn
FN:258,_RNvNtNtNtCscUx3zdyuqfq_4koan8builtins6fn_def8finalize17defer_via_combine
FN:181,_RNvNtNtNtCscUx3zdyuqfq_4koan8builtins6fn_def8finalize21finalize_fn_with_flag
FN:68,_RNvNtNtNtCscUx3zdyuqfq_4koan8builtins6fn_def8finalize8classify
FN:291,_RNCNvNtNtNtCseriWsCb5ev6_4koan8builtins6fn_def8finalize17defer_via_combine0B9_
FN:206,_RNCNvNtNtNtCseriWsCb5ev6_4koan8builtins6fn_def8finalize21finalize_fn_with_flag0B9_
FN:163,_RNvNtNtNtCseriWsCb5ev6_4koan8builtins6fn_def8finalize11finalize_fn
FN:258,_RNvNtNtNtCseriWsCb5ev6_4koan8builtins6fn_def8finalize17defer_via_combine
FN:181,_RNvNtNtNtCseriWsCb5ev6_4koan8builtins6fn_def8finalize21finalize_fn_with_flag
FN:68,_RNvNtNtNtCseriWsCb5ev6_4koan8builtins6fn_def8finalize8classify
FNDA:7,_RNCNvNtNtNtCscUx3zdyuqfq_4koan8builtins6fn_def8finalize17defer_via_combine0B9_
FNDA:14,_RNCNvNtNtNtCscUx3zdyuqfq_4koan8builtins6fn_def8finalize21finalize_fn_with_flag0B9_
FNDA:7,_RNvNtNtNtCscUx3zdyuqfq_4koan8builtins6fn_def8finalize11finalize_fn
FNDA:7,_RNvNtNtNtCscUx3zdyuqfq_4koan8builtins6fn_def8finalize17defer_via_combine
FNDA:14,_RNvNtNtNtCscUx3zdyuqfq_4koan8builtins6fn_def8finalize21finalize_fn_with_flag
FNDA:14,_RNvNtNtNtCscUx3zdyuqfq_4koan8builtins6fn_def8finalize8classify
FNDA:71,_RNCNvNtNtNtCseriWsCb5ev6_4koan8builtins6fn_def8finalize17defer_via_combine0B9_
FNDA:216,_RNCNvNtNtNtCseriWsCb5ev6_4koan8builtins6fn_def8finalize21finalize_fn_with_flag0B9_
FNDA:134,_RNvNtNtNtCseriWsCb5ev6_4koan8builtins6fn_def8finalize11finalize_fn
FNDA:71,_RNvNtNtNtCseriWsCb5ev6_4koan8builtins6fn_def8finalize17defer_via_combine
FNDA:210,_RNvNtNtNtCseriWsCb5ev6_4koan8builtins6fn_def8finalize21finalize_fn_with_flag
FNDA:212,_RNvNtNtNtCseriWsCb5ev6_4koan8builtins6fn_def8finalize8classify
FNF:6
FNH:6
DA:68,226
DA:69,226
DA:70,138
DA:71,138
DA:72,138
DA:73,138
DA:74,10
DA:75,10
DA:76,10
DA:77,10
DA:78,4
DA:80,4
DA:81,4
DA:82,4
DA:83,4
DA:84,4
DA:85,4
DA:88,72
DA:90,72
DA:91,72
DA:93,72
DA:94,72
DA:95,72
DA:96,72
DA:97,72
DA:98,72
DA:100,1
DA:102,1
DA:103,1
DA:105,1
DA:106,1
DA:107,1
DA:108,1
DA:109,1
DA:110,1
DA:111,1
DA:112,1
DA:114,1
DA:116,1
DA:117,1
DA:122,1
DA:123,1
DA:124,1
DA:125,1
DA:126,1
DA:127,1
DA:128,1
DA:130,0
DA:133,0
DA:134,0
DA:135,0
DA:136,0
DA:137,0
DA:138,0
DA:142,0
DA:143,0
DA:146,0
DA:147,0
DA:150,0
DA:151,0
DA:152,0
DA:153,0
DA:154,0
DA:155,0
DA:156,0
DA:159,226
DA:163,141
DA:164,141
DA:165,141
DA:166,141
DA:167,141
DA:168,141
DA:169,141
DA:170,141
DA:171,141
DA:181,224
DA:182,224
DA:183,224
DA:184,224
DA:185,224
DA:186,224
DA:187,224
DA:188,224
DA:191,224
DA:192,16
DA:193,14
DA:194,0
DA:195,0
DA:196,0
DA:197,0
DA:198,0
DA:199,14
DA:200,2
DA:201,208
DA:206,230
DA:207,223
DA:208,7
DA:209,230
DA:210,224
DA:211,223
DA:213,1
DA:214,1
DA:215,1
DA:216,1
DA:220,223
DA:221,223
DA:222,223
DA:223,223
DA:225,223
DA:229,223
DA:230,223
DA:231,223
DA:232,223
DA:233,223
DA:234,223
DA:235,223
DA:236,223
DA:237,223
DA:240,223
DA:241,223
DA:242,1
DA:243,222
DA:246,222
DA:247,224
DA:258,78
DA:259,78
DA:260,78
DA:261,78
DA:262,78
DA:263,78
DA:264,78
DA:265,78
DA:266,78
DA:268,78
DA:269,78
DA:270,78
DA:271,78
DA:272,78
DA:278,78
DA:279,78
DA:280,78
DA:281,78
DA:282,5
DA:283,73
DA:284,78
DA:285,78
DA:286,58
DA:287,58
DA:288,58
DA:289,58
DA:291,78
DA:292,78
DA:293,78
DA:294,58
DA:298,58
DA:299,1
DA:300,1
DA:301,1
DA:302,1
DA:303,1
DA:304,57
DA:305,57
DA:307,77
DA:313,77
DA:314,77
DA:315,76
DA:316,1
DA:318,76
DA:319,76
DA:320,0
DA:321,0
DA:324,0
DA:325,0
DA:326,0
DA:329,76
DA:330,76
DA:331,76
DA:332,76
DA:333,76
DA:334,76
DA:335,76
DA:337,78
DA:338,78
DA:339,78
DA:340,78
BRF:0
BRH:0
LF:187
LH:158
end_of_record
SF:/var/home/jack/Code/koan/src/builtins/fn_def/param_refs.rs
FN:23,_RNCNvNtNtNtCscUx3zdyuqfq_4koan8builtins6fn_def10param_refs19part_references_any0B9_
FN:30,_RNCNvNtNtNtCscUx3zdyuqfq_4koan8builtins6fn_def10param_refs19part_references_anys0_0B9_
FN:28,_RNCNvNtNtNtCscUx3zdyuqfq_4koan8builtins6fn_def10param_refs19part_references_anys_0B9_
FN:12,_RNCNvNtNtNtCscUx3zdyuqfq_4koan8builtins6fn_def10param_refs24type_expr_references_any0B9_
FN:18,_RNCNvNtNtNtCscUx3zdyuqfq_4koan8builtins6fn_def10param_refs26kexpression_references_any0B9_
FN:21,_RNvNtNtNtCscUx3zdyuqfq_4koan8builtins6fn_def10param_refs19part_references_any
FN:11,_RNvNtNtNtCscUx3zdyuqfq_4koan8builtins6fn_def10param_refs24type_expr_references_any
FN:15,_RNvNtNtNtCscUx3zdyuqfq_4koan8builtins6fn_def10param_refs26kexpression_references_any
FN:23,_RNCNvNtNtNtCseriWsCb5ev6_4koan8builtins6fn_def10param_refs19part_references_any0B9_
FN:30,_RNCNvNtNtNtCseriWsCb5ev6_4koan8builtins6fn_def10param_refs19part_references_anys0_0B9_
FN:28,_RNCNvNtNtNtCseriWsCb5ev6_4koan8builtins6fn_def10param_refs19part_references_anys_0B9_
FN:12,_RNCNvNtNtNtCseriWsCb5ev6_4koan8builtins6fn_def10param_refs24type_expr_references_any0B9_
FN:18,_RNCNvNtNtNtCseriWsCb5ev6_4koan8builtins6fn_def10param_refs26kexpression_references_any0B9_
FN:21,_RNvNtNtNtCseriWsCb5ev6_4koan8builtins6fn_def10param_refs19part_references_any
FN:11,_RNvNtNtNtCseriWsCb5ev6_4koan8builtins6fn_def10param_refs24type_expr_references_any
FN:15,_RNvNtNtNtCseriWsCb5ev6_4koan8builtins6fn_def10param_refs26kexpression_references_any
FNDA:0,_RNCNvNtNtNtCscUx3zdyuqfq_4koan8builtins6fn_def10param_refs19part_references_any0B9_
FNDA:0,_RNCNvNtNtNtCscUx3zdyuqfq_4koan8builtins6fn_def10param_refs19part_references_anys0_0B9_
FNDA:0,_RNCNvNtNtNtCscUx3zdyuqfq_4koan8builtins6fn_def10param_refs19part_references_anys_0B9_
FNDA:1,_RNCNvNtNtNtCscUx3zdyuqfq_4koan8builtins6fn_def10param_refs24type_expr_references_any0B9_
FNDA:0,_RNCNvNtNtNtCscUx3zdyuqfq_4koan8builtins6fn_def10param_refs26kexpression_references_any0B9_
FNDA:0,_RNvNtNtNtCscUx3zdyuqfq_4koan8builtins6fn_def10param_refs19part_references_any
FNDA:1,_RNvNtNtNtCscUx3zdyuqfq_4koan8builtins6fn_def10param_refs24type_expr_references_any
FNDA:0,_RNvNtNtNtCscUx3zdyuqfq_4koan8builtins6fn_def10param_refs26kexpression_references_any
FNDA:4,_RNCNvNtNtNtCseriWsCb5ev6_4koan8builtins6fn_def10param_refs19part_references_any0B9_
FNDA:1,_RNCNvNtNtNtCseriWsCb5ev6_4koan8builtins6fn_def10param_refs19part_references_anys0_0B9_
FNDA:1,_RNCNvNtNtNtCseriWsCb5ev6_4koan8builtins6fn_def10param_refs19part_references_anys_0B9_
FNDA:27,_RNCNvNtNtNtCseriWsCb5ev6_4koan8builtins6fn_def10param_refs24type_expr_references_any0B9_
FNDA:41,_RNCNvNtNtNtCseriWsCb5ev6_4koan8builtins6fn_def10param_refs26kexpression_references_any0B9_
FNDA:44,_RNvNtNtNtCseriWsCb5ev6_4koan8builtins6fn_def10param_refs19part_references_any
FNDA:29,_RNvNtNtNtCseriWsCb5ev6_4koan8builtins6fn_def10param_refs24type_expr_references_any
FNDA:20,_RNvNtNtNtCseriWsCb5ev6_4koan8builtins6fn_def10param_refs26kexpression_references_any
FNF:8
FNH:8
DA:11,30
DA:12,30
DA:13,30
DA:15,20
DA:16,20
DA:17,20
DA:18,41
DA:19,20
DA:21,44
DA:22,44
DA:23,4
DA:24,19
DA:25,7
DA:26,0
DA:27,1
DA:28,1
DA:30,1
DA:31,1
DA:32,1
DA:33,12
DA:35,44
BRF:0
BRH:0
LF:26
LH:25
end_of_record
SF:/var/home/jack/Code/koan/src/builtins/fn_def/return_type.rs
FN:207,_RNCNvNtNtNtCscUx3zdyuqfq_4koan8builtins6fn_def11return_type31verdict_for_deferred_expression0B9_
FN:230,_RNvNtNtNtCscUx3zdyuqfq_4koan8builtins6fn_def11return_type12make_capture
FN:100,_RNvNtNtNtCscUx3zdyuqfq_4koan8builtins6fn_def11return_type20classify_return_type
FN:166,_RNvNtNtNtCscUx3zdyuqfq_4koan8builtins6fn_def11return_type20verdict_for_resolved
FN:57,_RNvNtNtNtCscUx3zdyuqfq_4koan8builtins6fn_def11return_type23extract_return_type_raw
FN:237,_RNvNtNtNtCscUx3zdyuqfq_4koan8builtins6fn_def11return_type25resolve_capture_at_finish
FN:181,_RNvNtNtNtCscUx3zdyuqfq_4koan8builtins6fn_def11return_type30verdict_for_deferred_type_expr
FN:206,_RNvNtNtNtCscUx3zdyuqfq_4koan8builtins6fn_def11return_type31verdict_for_deferred_expression
FN:207,_RNCNvNtNtNtCseriWsCb5ev6_4koan8builtins6fn_def11return_type31verdict_for_deferred_expression0B9_
FN:230,_RNvNtNtNtCseriWsCb5ev6_4koan8builtins6fn_def11return_type12make_capture
FN:100,_RNvNtNtNtCseriWsCb5ev6_4koan8builtins6fn_def11return_type20classify_return_type
FN:166,_RNvNtNtNtCseriWsCb5ev6_4koan8builtins6fn_def11return_type20verdict_for_resolved
FN:57,_RNvNtNtNtCseriWsCb5ev6_4koan8builtins6fn_def11return_type23extract_return_type_raw
FN:237,_RNvNtNtNtCseriWsCb5ev6_4koan8builtins6fn_def11return_type25resolve_capture_at_finish
FN:181,_RNvNtNtNtCseriWsCb5ev6_4koan8builtins6fn_def11return_type30verdict_for_deferred_type_expr
FN:206,_RNvNtNtNtCseriWsCb5ev6_4koan8builtins6fn_def11return_type31verdict_for_deferred_expression
FNDA:0,_RNCNvNtNtNtCscUx3zdyuqfq_4koan8builtins6fn_def11return_type31verdict_for_deferred_expression0B9_
FNDA:0,_RNvNtNtNtCscUx3zdyuqfq_4koan8builtins6fn_def11return_type12make_capture
FNDA:14,_RNvNtNtNtCscUx3zdyuqfq_4koan8builtins6fn_def11return_type20classify_return_type
FNDA:14,_RNvNtNtNtCscUx3zdyuqfq_4koan8builtins6fn_def11return_type20verdict_for_resolved
FNDA:14,_RNvNtNtNtCscUx3zdyuqfq_4koan8builtins6fn_def11return_type23extract_return_type_raw
FNDA:7,_RNvNtNtNtCscUx3zdyuqfq_4koan8builtins6fn_def11return_type25resolve_capture_at_finish
FNDA:0,_RNvNtNtNtCscUx3zdyuqfq_4koan8builtins6fn_def11return_type30verdict_for_deferred_type_expr
FNDA:0,_RNvNtNtNtCscUx3zdyuqfq_4koan8builtins6fn_def11return_type31verdict_for_deferred_expression
FNDA:1,_RNCNvNtNtNtCseriWsCb5ev6_4koan8builtins6fn_def11return_type31verdict_for_deferred_expression0B9_
FNDA:0,_RNvNtNtNtCseriWsCb5ev6_4koan8builtins6fn_def11return_type12make_capture
FNDA:220,_RNvNtNtNtCseriWsCb5ev6_4koan8builtins6fn_def11return_type20classify_return_type
FNDA:201,_RNvNtNtNtCseriWsCb5ev6_4koan8builtins6fn_def11return_type20verdict_for_resolved
FNDA:309,_RNvNtNtNtCseriWsCb5ev6_4koan8builtins6fn_def11return_type23extract_return_type_raw
FNDA:70,_RNvNtNtNtCseriWsCb5ev6_4koan8builtins6fn_def11return_type25resolve_capture_at_finish
FNDA:2,_RNvNtNtNtCseriWsCb5ev6_4koan8builtins6fn_def11return_type30verdict_for_deferred_type_expr
FNDA:1,_RNvNtNtNtCseriWsCb5ev6_4koan8builtins6fn_def11return_type31verdict_for_deferred_expression
FNF:8
FNH:7
DA:57,323
DA:58,323
DA:59,323
DA:60,323
DA:61,299
DA:62,299
DA:63,0
DA:65,11
DA:66,11
DA:67,0
DA:69,13
DA:70,13
DA:71,0
DA:73,0
DA:74,0
DA:75,0
DA:76,0
DA:78,323
DA:100,234
DA:101,234
DA:102,234
DA:103,234
DA:104,234
DA:105,234
DA:106,234
DA:107,210
DA:108,210
DA:109,210
DA:111,11
DA:112,11
DA:113,4
DA:114,2
DA:115,2
DA:117,4
DA:118,4
DA:119,4
DA:120,4
DA:121,7
DA:122,7
DA:123,7
DA:124,5
DA:125,0
DA:126,0
DA:128,2
DA:129,0
DA:131,2
DA:132,2
DA:133,2
DA:137,5
DA:138,5
DA:139,5
DA:141,0
DA:143,5
DA:145,13
DA:146,13
DA:147,8
DA:148,1
DA:149,7
DA:151,8
DA:152,8
DA:153,8
DA:154,8
DA:156,5
DA:157,5
DA:158,5
DA:159,5
DA:163,234
DA:166,215
DA:167,215
DA:168,213
DA:170,2
DA:171,2
DA:172,2
DA:173,2
DA:175,215
DA:181,2
DA:182,2
DA:183,2
DA:184,2
DA:187,2
DA:188,2
DA:189,2
DA:191,0
DA:192,0
DA:193,0
DA:194,0
DA:195,0
DA:196,0
DA:199,0
DA:201,2
DA:206,1
DA:207,1
DA:208,1
DA:209,0
DA:210,1
DA:211,1
DA:212,1
DA:213,1
DA:214,1
DA:215,1
DA:216,1
DA:217,1
DA:218,0
DA:219,0
DA:220,0
DA:221,0
DA:222,0
DA:223,0
DA:224,0
DA:225,0
DA:226,0
DA:228,1
DA:230,0
DA:231,0
DA:232,0
DA:237,77
DA:238,77
DA:239,77
DA:240,77
DA:241,77
DA:242,77
DA:243,71
DA:244,0
DA:245,0
DA:246,0
DA:247,0
DA:248,0
DA:249,0
DA:250,0
DA:251,0
DA:252,0
DA:253,0
DA:254,0
DA:255,0
DA:259,0
DA:260,0
DA:261,0
DA:262,0
DA:263,0
DA:264,0
DA:265,0
DA:266,0
DA:268,1
DA:269,5
DA:270,5
DA:271,5
DA:272,4
DA:273,1
DA:274,1
DA:275,1
DA:276,1
DA:277,1
DA:281,77
BRF:0
BRH:0
LF:154
LH:103
end_of_record
SF:/var/home/jack/Code/koan/src/builtins/fn_def/signature.rs
FN:187,_RNvNtNtNtCscUx3zdyuqfq_4koan8builtins6fn_def9signature13binder_bucket
FN:60,_RNvNtNtNtCscUx3zdyuqfq_4koan8builtins6fn_def9signature19parse_fn_param_list
FN:243,_RNvNtNtNtCscUx3zdyuqfq_4koan8builtins6fn_def9signature19signature_expr_part
FN:11,_RNvNtNtNtCscUx3zdyuqfq_4koan8builtins6fn_def9signature34collect_param_names_from_signature
FN:169,_RNvNtNtNtCscUx3zdyuqfq_4koan8builtins6fn_def9signature11binder_name
FN:202,_RNCNvNtNtNtCscUx3zdyuqfq_4koan8builtins6fn_def9signature13binder_bucket0B9_
FN:219,_RNCNvNtNtNtCscUx3zdyuqfq_4koan8builtins6fn_def9signature13binder_buckets_0B9_
FN:169,_RNvNtNtNtCseriWsCb5ev6_4koan8builtins6fn_def9signature11binder_name
FN:187,_RNvNtNtNtCseriWsCb5ev6_4koan8builtins6fn_def9signature13binder_bucket
FN:60,_RNvNtNtNtCseriWsCb5ev6_4koan8builtins6fn_def9signature19parse_fn_param_list
FN:243,_RNvNtNtNtCseriWsCb5ev6_4koan8builtins6fn_def9signature19signature_expr_part
FN:11,_RNvNtNtNtCseriWsCb5ev6_4koan8builtins6fn_def9signature34collect_param_names_from_signature
FN:202,_RNCNvNtNtNtCseriWsCb5ev6_4koan8builtins6fn_def9signature13binder_bucket0B9_
FN:219,_RNCNvNtNtNtCseriWsCb5ev6_4koan8builtins6fn_def9signature13binder_buckets_0B9_
FNDA:31,_RNvNtNtNtCscUx3zdyuqfq_4koan8builtins6fn_def9signature13binder_bucket
FNDA:21,_RNvNtNtNtCscUx3zdyuqfq_4koan8builtins6fn_def9signature19parse_fn_param_list
FNDA:31,_RNvNtNtNtCscUx3zdyuqfq_4koan8builtins6fn_def9signature19signature_expr_part
FNDA:14,_RNvNtNtNtCscUx3zdyuqfq_4koan8builtins6fn_def9signature34collect_param_names_from_signature
FNDA:0,_RNvNtNtNtCscUx3zdyuqfq_4koan8builtins6fn_def9signature11binder_name
FNDA:23,_RNCNvNtNtNtCscUx3zdyuqfq_4koan8builtins6fn_def9signature13binder_bucket0B9_
FNDA:12,_RNCNvNtNtNtCscUx3zdyuqfq_4koan8builtins6fn_def9signature13binder_buckets_0B9_
FNDA:1,_RNvNtNtNtCseriWsCb5ev6_4koan8builtins6fn_def9signature11binder_name
FNDA:457,_RNvNtNtNtCseriWsCb5ev6_4koan8builtins6fn_def9signature13binder_bucket
FNDA:284,_RNvNtNtNtCseriWsCb5ev6_4koan8builtins6fn_def9signature19parse_fn_param_list
FNDA:458,_RNvNtNtNtCseriWsCb5ev6_4koan8builtins6fn_def9signature19signature_expr_part
FNDA:220,_RNvNtNtNtCseriWsCb5ev6_4koan8builtins6fn_def9signature34collect_param_names_from_signature
FNDA:322,_RNCNvNtNtNtCseriWsCb5ev6_4koan8builtins6fn_def9signature13binder_bucket0B9_
FNDA:50,_RNCNvNtNtNtCseriWsCb5ev6_4koan8builtins6fn_def9signature13binder_buckets_0B9_
FNF:7
FNH:7
DA:11,234
DA:12,234
DA:13,234
DA:14,234
DA:15,670
DA:16,436
DA:17,171
DA:18,29
DA:19,236
DA:21,436
DA:22,200
DA:23,200
DA:24,198
DA:30,200
DA:31,198
DA:32,198
DA:33,198
DA:34,2
DA:35,236
DA:36,238
DA:38,234
DA:39,234
DA:60,305
DA:61,305
DA:62,305
DA:63,305
DA:64,305
DA:65,305
DA:66,305
DA:67,305
DA:68,305
DA:69,305
DA:70,882
DA:73,579
DA:74,233
DA:75,39
DA:76,307
DA:78,579
DA:79,307
DA:80,307
DA:81,307
DA:82,307
DA:83,272
DA:84,272
DA:85,57
DA:86,155
DA:87,155
DA:88,138
DA:89,138
DA:90,138
DA:91,138
DA:92,138
DA:93,138
DA:94,16
DA:95,16
DA:96,16
DA:97,1
DA:98,1
DA:99,1
DA:100,1
DA:101,0
DA:103,155
DA:105,4
DA:106,4
DA:107,4
DA:108,4
DA:109,54
DA:110,54
DA:111,54
DA:112,54
DA:113,54
DA:114,54
DA:115,54
DA:116,54
DA:117,54
DA:118,54
DA:119,57
DA:120,57
DA:121,57
DA:122,57
DA:123,57
DA:124,57
DA:125,57
DA:126,0
DA:127,0
DA:128,0
DA:129,0
DA:130,0
DA:131,0
DA:134,2
DA:135,2
DA:136,2
DA:137,2
DA:141,0
DA:142,0
DA:143,0
DA:144,0
DA:145,0
DA:147,0
DA:148,0
DA:149,0
DA:150,0
DA:151,0
DA:155,303
DA:156,1
DA:157,302
DA:158,302
DA:159,74
DA:160,74
DA:161,74
DA:162,74
DA:163,228
DA:164,228
DA:165,305
DA:169,1
DA:170,1
DA:171,1
DA:172,1
DA:173,1
DA:174,0
DA:176,0
DA:177,1
DA:187,488
DA:188,488
DA:189,488
DA:191,488
DA:192,488
DA:193,488
DA:194,488
DA:195,1391
DA:196,903
DA:197,492
DA:198,492
DA:199,492
DA:200,492
DA:202,349
DA:203,0
DA:204,345
DA:210,345
DA:211,349
DA:212,345
DA:213,345
DA:214,345
DA:215,4
DA:216,4
DA:219,62
DA:220,0
DA:221,62
DA:227,62
DA:228,62
DA:229,62
DA:230,62
DA:231,62
DA:232,0
DA:233,0
DA:235,0
DA:236,0
DA:237,0
DA:240,488
DA:241,488
DA:243,489
DA:244,489
DA:245,489
DA:246,489
DA:247,0
DA:249,489
BRF:0
BRH:0
LF:168
LH:141
end_of_record
SF:/var/home/jack/Code/koan/src/builtins/functor_def.rs
FN:100,_RNCNvNtNtCscUx3zdyuqfq_4koan8builtins11functor_def4body0B7_
FN:127,_RNvNtNtCscUx3zdyuqfq_4koan8builtins11functor_def19collect_param_types
FN:40,_RNvNtNtCscUx3zdyuqfq_4koan8builtins11functor_def4body
FN:158,_RNvNtNtCscUx3zdyuqfq_4koan8builtins11functor_def8register
FN:100,_RNCNvNtNtCseriWsCb5ev6_4koan8builtins11functor_def4body0B7_
FN:127,_RNvNtNtCseriWsCb5ev6_4koan8builtins11functor_def19collect_param_types
FN:40,_RNvNtNtCseriWsCb5ev6_4koan8builtins11functor_def4body
FN:158,_RNvNtNtCseriWsCb5ev6_4koan8builtins11functor_def8register
FNDA:4,_RNCNvNtNtCscUx3zdyuqfq_4koan8builtins11functor_def4body0B7_
FNDA:4,_RNvNtNtCscUx3zdyuqfq_4koan8builtins11functor_def19collect_param_types
FNDA:4,_RNvNtNtCscUx3zdyuqfq_4koan8builtins11functor_def4body
FNDA:40,_RNvNtNtCscUx3zdyuqfq_4koan8builtins11functor_def8register
FNDA:12,_RNCNvNtNtCseriWsCb5ev6_4koan8builtins11functor_def4body0B7_
FNDA:15,_RNvNtNtCseriWsCb5ev6_4koan8builtins11functor_def19collect_param_types
FNDA:15,_RNvNtNtCseriWsCb5ev6_4koan8builtins11functor_def4body
FNDA:490,_RNvNtNtCseriWsCb5ev6_4koan8builtins11functor_def8register
FNF:4
FNH:4
DA:40,19
DA:41,19
DA:42,19
DA:43,19
DA:44,19
DA:45,19
DA:46,19
DA:48,0
DA:49,0
DA:50,0
DA:53,19
DA:54,19
DA:55,0
DA:57,19
DA:58,19
DA:60,0
DA:61,0
DA:62,0
DA:65,19
DA:70,19
DA:72,19
DA:76,19
DA:77,19
DA:78,19
DA:79,0
DA:81,19
DA:82,3
DA:83,16
DA:85,16
DA:86,7
DA:87,0
DA:89,9
DA:90,9
DA:91,9
DA:92,9
DA:93,9
DA:94,9
DA:98,16
DA:99,16
DA:100,16
DA:101,16
DA:103,16
DA:105,7
DA:106,7
DA:107,7
DA:108,9
DA:111,9
DA:112,9
DA:113,9
DA:114,9
DA:115,9
DA:116,9
DA:118,9
DA:122,19
DA:127,19
DA:128,19
DA:129,19
DA:130,19
DA:132,19
DA:133,19
DA:134,19
DA:135,19
DA:136,57
DA:137,38
DA:138,2
DA:139,17
DA:140,19
DA:142,38
DA:143,19
DA:144,19
DA:145,19
DA:146,10
DA:147,10
DA:148,0
DA:149,0
DA:150,19
DA:151,19
DA:152,19
DA:153,19
DA:155,19
DA:156,19
DA:158,530
DA:165,530
DA:166,530
DA:167,530
DA:168,530
DA:169,530
DA:170,530
DA:171,530
DA:172,530
DA:173,530
DA:174,530
DA:175,530
DA:176,530
DA:179,530
DA:180,530
DA:181,530
DA:186,530
DA:187,530
DA:188,530
DA:189,530
DA:190,530
DA:191,530
DA:192,530
DA:193,530
DA:194,530
DA:195,530
DA:196,530
DA:197,530
DA:200,530
DA:201,530
DA:202,530
DA:207,530
BRF:0
BRH:0
LF:114
LH:103
end_of_record
SF:/var/home/jack/Code/koan/src/builtins/let_binding.rs
FN:213,_RNvNtNtCscUx3zdyuqfq_4koan8builtins11let_binding11binder_name
FN:198,_RNvNtNtCscUx3zdyuqfq_4koan8builtins11let_binding21capitalize_identifier
FN:184,_RNvNtNtCscUx3zdyuqfq_4koan8builtins11let_binding28is_admissible_type_class_rhs
FN:13,_RNvNtNtCscUx3zdyuqfq_4koan8builtins11let_binding4body
FN:221,_RNvNtNtCscUx3zdyuqfq_4koan8builtins11let_binding8register
FN:23,_RNCNvNtNtCscUx3zdyuqfq_4koan8builtins11let_binding4body0B7_
FN:23,_RNCNvNtNtCseriWsCb5ev6_4koan8builtins11let_binding4body0B7_
FN:213,_RNvNtNtCseriWsCb5ev6_4koan8builtins11let_binding11binder_name
FN:198,_RNvNtNtCseriWsCb5ev6_4koan8builtins11let_binding21capitalize_identifier
FN:184,_RNvNtNtCseriWsCb5ev6_4koan8builtins11let_binding28is_admissible_type_class_rhs
FN:13,_RNvNtNtCseriWsCb5ev6_4koan8builtins11let_binding4body
FN:221,_RNvNtNtCseriWsCb5ev6_4koan8builtins11let_binding8register
FNDA:139,_RNvNtNtCscUx3zdyuqfq_4koan8builtins11let_binding11binder_name
FNDA:0,_RNvNtNtCscUx3zdyuqfq_4koan8builtins11let_binding21capitalize_identifier
FNDA:16,_RNvNtNtCscUx3zdyuqfq_4koan8builtins11let_binding28is_admissible_type_class_rhs
FNDA:49,_RNvNtNtCscUx3zdyuqfq_4koan8builtins11let_binding4body
FNDA:40,_RNvNtNtCscUx3zdyuqfq_4koan8builtins11let_binding8register
FNDA:49,_RNCNvNtNtCscUx3zdyuqfq_4koan8builtins11let_binding4body0B7_
FNDA:365,_RNCNvNtNtCseriWsCb5ev6_4koan8builtins11let_binding4body0B7_
FNDA:919,_RNvNtNtCseriWsCb5ev6_4koan8builtins11let_binding11binder_name
FNDA:2,_RNvNtNtCseriWsCb5ev6_4koan8builtins11let_binding21capitalize_identifier
FNDA:119,_RNvNtNtCseriWsCb5ev6_4koan8builtins11let_binding28is_admissible_type_class_rhs
FNDA:366,_RNvNtNtCseriWsCb5ev6_4koan8builtins11let_binding4body
FNDA:490,_RNvNtNtCseriWsCb5ev6_4koan8builtins11let_binding8register
FNF:6
FNH:6
DA:13,415
DA:14,415
DA:15,415
DA:16,415
DA:17,415
DA:21,415
DA:22,415
DA:23,415
DA:24,415
DA:25,415
DA:26,415
DA:27,0
DA:33,415
DA:34,415
DA:35,279
DA:39,279
DA:40,1
DA:41,1
DA:42,277
DA:44,279
DA:45,2
DA:46,2
DA:47,2
DA:48,2
DA:49,2
DA:50,2
DA:51,2
DA:52,2
DA:53,277
DA:54,277
DA:56,100
DA:57,100
DA:58,100
DA:59,3
DA:60,3
DA:61,3
DA:62,3
DA:63,97
DA:68,97
DA:69,95
DA:70,95
DA:71,97
DA:74,36
DA:81,1
DA:82,1
DA:83,1
DA:84,1
DA:87,35
DA:88,35
DA:89,0
DA:90,0
DA:91,0
DA:92,0
DA:93,35
DA:98,35
DA:99,35
DA:100,35
DA:101,35
DA:104,0
DA:105,0
DA:106,0
DA:107,0
DA:108,0
DA:109,0
DA:111,0
DA:116,409
DA:117,2
DA:118,2
DA:119,2
DA:120,2
DA:121,407
DA:122,407
DA:123,407
DA:124,407
DA:125,407
DA:143,130
DA:144,5
DA:150,130
DA:151,30
DA:152,30
DA:153,30
DA:154,30
DA:156,100
DA:158,130
DA:163,277
DA:164,1
DA:165,1
DA:166,1
DA:167,1
DA:168,1
DA:169,276
DA:170,276
DA:171,1
DA:172,275
DA:174,405
DA:175,415
DA:184,135
DA:185,135
DA:186,130
DA:187,5
DA:188,5
DA:189,3
DA:190,2
DA:191,2
DA:192,135
DA:198,2
DA:199,2
DA:200,2
DA:201,2
DA:202,2
DA:203,2
DA:204,2
DA:205,2
DA:207,0
DA:209,2
DA:213,1058
DA:214,1058
DA:215,705
DA:216,350
DA:217,3
DA:219,1058
DA:221,530
DA:222,530
DA:223,530
DA:224,530
DA:225,530
DA:226,530
DA:227,530
DA:228,530
DA:229,530
DA:230,530
DA:231,530
DA:234,530
DA:235,530
DA:237,530
DA:238,530
DA:239,530
DA:240,530
DA:241,530
DA:242,530
DA:243,530
DA:244,530
DA:245,530
DA:246,530
DA:249,530
DA:250,530
DA:252,530
BRF:0
BRH:0
LF:148
LH:135
end_of_record
SF:/var/home/jack/Code/koan/src/builtins/match_case.rs
FN:105,_RNCNvNtNtCscUx3zdyuqfq_4koan8builtins10match_case4body0B7_
FN:27,_RNvNtNtCscUx3zdyuqfq_4koan8builtins10match_case4body
FN:116,_RNvNtNtCscUx3zdyuqfq_4koan8builtins10match_case8register
FN:105,_RNCNvNtNtCseriWsCb5ev6_4koan8builtins10match_case4body0B7_
FN:27,_RNvNtNtCseriWsCb5ev6_4koan8builtins10match_case4body
FN:116,_RNvNtNtCseriWsCb5ev6_4koan8builtins10match_case8register
FN:142,_RNvNtNtNtCseriWsCb5ev6_4koan8builtins10match_case5tests11run_program
FN:181,_RNvNtNtNtCseriWsCb5ev6_4koan8builtins10match_case5testss_25match_inexhaustive_errors
FN:161,_RNvNtNtNtCseriWsCb5ev6_4koan8builtins10match_case5testss_29match_binds_inner_value_to_it
FN:257,_RNvNtNtNtCseriWsCb5ev6_4koan8builtins10match_case5testss_29recursive_tagged_match_no_uaf
FN:272,_RNvNtNtNtCseriWsCb5ev6_4koan8builtins10match_case5testss_33match_on_bool_inexhaustive_errors
FN:241,_RNvNtNtNtCseriWsCb5ev6_4koan8builtins10match_case5testss_36match_on_bool_true_takes_true_branch
FN:171,_RNvNtNtNtCseriWsCb5ev6_4koan8builtins10match_case5testss_37match_does_not_run_unmatched_branches
FN:249,_RNvNtNtNtCseriWsCb5ev6_4koan8builtins10match_case5testss_38match_on_bool_false_takes_false_branch
FN:151,_RNvNtNtNtCseriWsCb5ev6_4koan8builtins10match_case5testss_40match_dispatches_branch_for_matching_tag
FN:231,_RNvNtNtNtCseriWsCb5ev6_4koan8builtins10match_case5testss_40match_other_branch_runs_when_tag_matches
FN:199,_RNvNtNtNtCseriWsCb5ev6_4koan8builtins10match_case5testss_47match_arm_violating_declared_return_type_errors
FN:286,_RNvNtNtNtCseriWsCb5ev6_4koan8builtins10match_case5testss_47multi_statement_match_branch_returns_last_value
FN:218,_RNvNtNtNtCseriWsCb5ev6_4koan8builtins10match_case5testss_54match_value_is_admissible_against_declared_return_slot
FN:301,_RNvNtNtNtCseriWsCb5ev6_4koan8builtins10match_case5testss_59fn_recursion_with_multi_statement_body_via_match_terminates
FNDA:0,_RNCNvNtNtCscUx3zdyuqfq_4koan8builtins10match_case4body0B7_
FNDA:0,_RNvNtNtCscUx3zdyuqfq_4koan8builtins10match_case4body
FNDA:40,_RNvNtNtCscUx3zdyuqfq_4koan8builtins10match_case8register
FNDA:1,_RNCNvNtNtCseriWsCb5ev6_4koan8builtins10match_case4body0B7_
FNDA:71,_RNvNtNtCseriWsCb5ev6_4koan8builtins10match_case4body
FNDA:490,_RNvNtNtCseriWsCb5ev6_4koan8builtins10match_case8register
FNDA:10,_RNvNtNtNtCseriWsCb5ev6_4koan8builtins10match_case5tests11run_program
FNDA:1,_RNvNtNtNtCseriWsCb5ev6_4koan8builtins10match_case5testss_25match_inexhaustive_errors
FNDA:1,_RNvNtNtNtCseriWsCb5ev6_4koan8builtins10match_case5testss_29match_binds_inner_value_to_it
FNDA:1,_RNvNtNtNtCseriWsCb5ev6_4koan8builtins10match_case5testss_29recursive_tagged_match_no_uaf
FNDA:1,_RNvNtNtNtCseriWsCb5ev6_4koan8builtins10match_case5testss_33match_on_bool_inexhaustive_errors
FNDA:1,_RNvNtNtNtCseriWsCb5ev6_4koan8builtins10match_case5testss_36match_on_bool_true_takes_true_branch
FNDA:1,_RNvNtNtNtCseriWsCb5ev6_4koan8builtins10match_case5testss_37match_does_not_run_unmatched_branches
FNDA:1,_RNvNtNtNtCseriWsCb5ev6_4koan8builtins10match_case5testss_38match_on_bool_false_takes_false_branch
FNDA:1,_RNvNtNtNtCseriWsCb5ev6_4koan8builtins10match_case5testss_40match_dispatches_branch_for_matching_tag
FNDA:1,_RNvNtNtNtCseriWsCb5ev6_4koan8builtins10match_case5testss_40match_other_branch_runs_when_tag_matches
FNDA:1,_RNvNtNtNtCseriWsCb5ev6_4koan8builtins10match_case5testss_47match_arm_violating_declared_return_type_errors
FNDA:1,_RNvNtNtNtCseriWsCb5ev6_4koan8builtins10match_case5testss_47multi_statement_match_branch_returns_last_value
FNDA:1,_RNvNtNtNtCseriWsCb5ev6_4koan8builtins10match_case5testss_54match_value_is_admissible_against_declared_return_slot
FNDA:1,_RNvNtNtNtCseriWsCb5ev6_4koan8builtins10match_case5testss_59fn_recursion_with_multi_statement_body_via_match_terminates
FNF:17
FNH:17
DA:27,71
DA:28,71
DA:29,71
DA:30,71
DA:31,71
DA:32,71
DA:33,64
DA:34,7
DA:35,7
DA:36,5
DA:38,2
DA:40,7
DA:42,0
DA:43,0
DA:44,0
DA:45,0
DA:46,0
DA:47,0
DA:49,0
DA:51,71
DA:52,71
DA:53,0
DA:55,71
DA:56,71
DA:58,0
DA:59,0
DA:60,0
DA:63,71
DA:64,68
DA:66,3
DA:67,3
DA:68,3
DA:69,3
DA:71,0
DA:74,68
DA:75,68
DA:76,68
DA:79,68
DA:80,68
DA:81,68
DA:84,68
DA:85,68
DA:86,68
DA:87,68
DA:88,68
DA:89,68
DA:90,68
DA:91,68
DA:94,68
DA:95,68
DA:96,68
DA:97,68
DA:98,1
DA:99,1
DA:100,1
DA:101,1
DA:102,1
DA:103,1
DA:104,1
DA:105,1
DA:106,1
DA:107,1
DA:109,1
DA:111,67
DA:112,67
DA:114,71
DA:116,530
DA:117,530
DA:118,530
DA:119,530
DA:120,530
DA:121,530
DA:122,530
DA:123,530
DA:124,530
DA:125,530
DA:126,530
DA:127,530
DA:128,530
DA:131,530
DA:133,530
DA:142,10
DA:143,10
DA:144,10
DA:145,10
DA:146,10
DA:147,10
DA:148,10
DA:151,1
DA:152,1
DA:153,1
DA:154,1
DA:155,1
DA:157,1
DA:158,1
DA:161,1
DA:162,1
DA:163,1
DA:164,1
DA:165,1
DA:167,1
DA:168,1
DA:171,1
DA:172,1
DA:173,1
DA:174,1
DA:175,1
DA:177,1
DA:178,1
DA:181,1
DA:182,1
DA:183,1
DA:184,1
DA:185,1
DA:186,1
DA:188,1
DA:189,1
DA:190,1
DA:192,1
DA:193,1
DA:196,1
DA:199,1
DA:200,1
DA:201,1
DA:202,1
DA:203,1
DA:204,1
DA:207,1
DA:208,1
DA:209,1
DA:211,1
DA:212,1
DA:215,1
DA:218,1
DA:221,1
DA:222,1
DA:223,1
DA:224,1
DA:225,1
DA:227,1
DA:228,1
DA:231,1
DA:232,1
DA:233,1
DA:234,1
DA:235,1
DA:237,1
DA:238,1
DA:241,1
DA:242,1
DA:243,1
DA:245,1
DA:246,1
DA:249,1
DA:250,1
DA:251,1
DA:253,1
DA:254,1
DA:257,1
DA:260,1
DA:261,1
DA:262,1
DA:263,1
DA:264,1
DA:265,1
DA:266,1
DA:268,1
DA:269,1
DA:272,1
DA:273,1
DA:274,1
DA:275,1
DA:276,1
DA:277,1
DA:279,1
DA:280,1
DA:283,1
DA:286,1
DA:287,1
DA:288,1
DA:289,1
DA:290,1
DA:291,1
DA:292,1
DA:293,1
DA:295,1
DA:296,1
DA:297,1
DA:298,1
DA:301,1
DA:302,1
DA:303,1
DA:304,1
DA:305,1
DA:306,1
DA:307,1
DA:308,1
DA:309,1
DA:310,1
DA:311,1
DA:313,1
DA:314,1
DA:315,1
BRF:0
BRH:0
LF:204
LH:192
end_of_record
SF:/var/home/jack/Code/koan/src/builtins/module_def.rs
FN:119,_RNvNtNtCscUx3zdyuqfq_4koan8builtins10module_def11binder_name
FN:25,_RNvNtNtCscUx3zdyuqfq_4koan8builtins10module_def4body
FN:123,_RNvNtNtCscUx3zdyuqfq_4koan8builtins10module_def8register
FN:55,_RNCNvNtNtCscUx3zdyuqfq_4koan8builtins10module_def4body0B7_
FN:58,_RNCNvNtNtCscUx3zdyuqfq_4koan8builtins10module_def4bodys_0B7_
FN:150,_RNvNtNtNtCseriWsCb5ev6_4koan8builtins10module_def5tests14resolve_module
FN:212,_RNvNtNtNtCseriWsCb5ev6_4koan8builtins10module_def5testss_28module_unknown_member_errors
FN:180,_RNvNtNtNtCseriWsCb5ev6_4koan8builtins10module_def5testss_29module_member_access_via_attr
FN:158,_RNvNtNtNtCseriWsCb5ev6_4koan8builtins10module_def5testss_32binder_name_extracts_module_name
FN:165,_RNvNtNtNtCseriWsCb5ev6_4koan8builtins10module_def5testss_32module_binds_under_name_in_scope
FN:198,_RNvNtNtNtCseriWsCb5ev6_4koan8builtins10module_def5testss_33module_member_function_via_let_fn
FN:284,_RNvNtNtNtCseriWsCb5ev6_4koan8builtins10module_def5testss_36module_body_dispatch_does_not_dangle
FN:236,_RNvNtNtNtCseriWsCb5ev6_4koan8builtins10module_def5testss_38module_body_parks_on_outer_placeholder
FN:246,_RNvNtNtNtCseriWsCb5ev6_4koan8builtins10module_def5testss_41module_body_error_short_circuits_finalize
FN:189,_RNvNtNtNtCseriWsCb5ev6_4koan8builtins10module_def5testss_41module_with_multiple_statements_in_parens
FN:225,_RNvNtNtNtCseriWsCb5ev6_4koan8builtins10module_def5testss_41nested_module_accessible_via_chained_attr
FN:260,_RNvNtNtNtCseriWsCb5ev6_4koan8builtins10module_def5testss_50module_finalize_short_circuits_on_idempotent_state
FN:119,_RNvNtNtCseriWsCb5ev6_4koan8builtins10module_def11binder_name
FN:25,_RNvNtNtCseriWsCb5ev6_4koan8builtins10module_def4body
FN:123,_RNvNtNtCseriWsCb5ev6_4koan8builtins10module_def8register
FN:55,_RNCNvNtNtCseriWsCb5ev6_4koan8builtins10module_def4body0B7_
FN:58,_RNCNvNtNtCseriWsCb5ev6_4koan8builtins10module_def4bodys_0B7_
FNDA:30,_RNvNtNtCscUx3zdyuqfq_4koan8builtins10module_def11binder_name
FNDA:17,_RNvNtNtCscUx3zdyuqfq_4koan8builtins10module_def4body
FNDA:40,_RNvNtNtCscUx3zdyuqfq_4koan8builtins10module_def8register
FNDA:17,_RNCNvNtNtCscUx3zdyuqfq_4koan8builtins10module_def4body0B7_
FNDA:16,_RNCNvNtNtCscUx3zdyuqfq_4koan8builtins10module_def4bodys_0B7_
FNDA:3,_RNvNtNtNtCseriWsCb5ev6_4koan8builtins10module_def5tests14resolve_module
FNDA:1,_RNvNtNtNtCseriWsCb5ev6_4koan8builtins10module_def5testss_28module_unknown_member_errors
FNDA:1,_RNvNtNtNtCseriWsCb5ev6_4koan8builtins10module_def5testss_29module_member_access_via_attr
FNDA:1,_RNvNtNtNtCseriWsCb5ev6_4koan8builtins10module_def5testss_32binder_name_extracts_module_name
FNDA:1,_RNvNtNtNtCseriWsCb5ev6_4koan8builtins10module_def5testss_32module_binds_under_name_in_scope
FNDA:1,_RNvNtNtNtCseriWsCb5ev6_4koan8builtins10module_def5testss_33module_member_function_via_let_fn
FNDA:1,_RNvNtNtNtCseriWsCb5ev6_4koan8builtins10module_def5testss_36module_body_dispatch_does_not_dangle
FNDA:1,_RNvNtNtNtCseriWsCb5ev6_4koan8builtins10module_def5testss_38module_body_parks_on_outer_placeholder
FNDA:1,_RNvNtNtNtCseriWsCb5ev6_4koan8builtins10module_def5testss_41module_body_error_short_circuits_finalize
FNDA:1,_RNvNtNtNtCseriWsCb5ev6_4koan8builtins10module_def5testss_41module_with_multiple_statements_in_parens
FNDA:1,_RNvNtNtNtCseriWsCb5ev6_4koan8builtins10module_def5testss_41nested_module_accessible_via_chained_attr
FNDA:1,_RNvNtNtNtCseriWsCb5ev6_4koan8builtins10module_def5testss_50module_finalize_short_circuits_on_idempotent_state
FNDA:145,_RNvNtNtCseriWsCb5ev6_4koan8builtins10module_def11binder_name
FNDA:82,_RNvNtNtCseriWsCb5ev6_4koan8builtins10module_def4body
FNDA:490,_RNvNtNtCseriWsCb5ev6_4koan8builtins10module_def8register
FNDA:82,_RNCNvNtNtCseriWsCb5ev6_4koan8builtins10module_def4body0B7_
FNDA:80,_RNCNvNtNtCseriWsCb5ev6_4koan8builtins10module_def4bodys_0B7_
FNF:17
FNH:17
DA:25,99
DA:26,99
DA:27,99
DA:28,99
DA:29,99
DA:31,99
DA:32,99
DA:33,0
DA:35,99
DA:36,99
DA:38,0
DA:39,0
DA:40,0
DA:44,99
DA:45,99
DA:47,99
DA:51,99
DA:53,99
DA:54,99
DA:55,99
DA:56,99
DA:57,99
DA:58,99
DA:62,96
DA:63,96
DA:64,1
DA:65,95
DA:66,95
DA:67,95
DA:68,95
DA:76,95
DA:77,95
DA:78,95
DA:79,95
DA:80,95
DA:81,24
DA:82,0
DA:83,24
DA:84,24
DA:87,95
DA:88,95
DA:89,95
DA:90,95
DA:97,95
DA:98,95
DA:99,95
DA:100,95
DA:101,95
DA:102,95
DA:103,95
DA:104,95
DA:105,95
DA:106,95
DA:107,95
DA:108,0
DA:109,0
DA:110,0
DA:111,0
DA:113,96
DA:114,99
DA:115,99
DA:116,99
DA:119,175
DA:120,175
DA:121,175
DA:123,530
DA:124,530
DA:125,530
DA:126,530
DA:127,530
DA:128,530
DA:129,530
DA:130,530
DA:131,530
DA:132,530
DA:133,530
DA:136,530
DA:137,530
DA:139,530
DA:150,3
DA:151,3
DA:152,3
DA:153,0
DA:155,3
DA:158,1
DA:159,1
DA:160,1
DA:161,1
DA:162,1
DA:165,1
DA:166,1
DA:167,1
DA:168,1
DA:169,1
DA:170,1
DA:173,1
DA:174,1
DA:177,1
DA:180,1
DA:181,1
DA:182,1
DA:183,1
DA:184,1
DA:185,1
DA:186,1
DA:189,1
DA:190,1
DA:191,1
DA:192,1
DA:193,1
DA:194,1
DA:195,1
DA:198,1
DA:201,1
DA:202,1
DA:203,1
DA:204,1
DA:205,1
DA:207,1
DA:208,1
DA:209,1
DA:212,1
DA:213,1
DA:214,1
DA:215,1
DA:216,1
DA:217,1
DA:218,1
DA:219,1
DA:222,1
DA:225,1
DA:226,1
DA:227,1
DA:228,1
DA:229,1
DA:230,1
DA:231,1
DA:236,1
DA:237,1
DA:238,1
DA:239,1
DA:240,1
DA:241,1
DA:242,1
DA:246,1
DA:247,1
DA:248,1
DA:249,1
DA:250,1
DA:251,1
DA:254,1
DA:260,1
DA:261,1
DA:262,1
DA:263,1
DA:264,1
DA:265,1
DA:267,1
DA:268,1
DA:269,1
DA:270,1
DA:271,1
DA:275,1
DA:276,1
DA:277,1
DA:278,1
DA:279,1
DA:284,1
DA:285,1
DA:286,1
DA:287,1
DA:288,1
DA:289,1
DA:290,1
DA:291,1
DA:292,1
BRF:0
BRH:0
LF:178
LH:168
end_of_record
SF:/var/home/jack/Code/koan/src/builtins/newtype_def.rs
FN:131,_RNCNvNtNtCscUx3zdyuqfq_4koan8builtins11newtype_def17newtype_construct0B7_
FN:83,_RNCNvNtNtCscUx3zdyuqfq_4koan8builtins11newtype_def4body0B7_
FN:104,_RNvNtNtCscUx3zdyuqfq_4koan8builtins11newtype_def11binder_name
FN:117,_RNvNtNtCscUx3zdyuqfq_4koan8builtins11newtype_def17newtype_construct
FN:27,_RNvNtNtCscUx3zdyuqfq_4koan8builtins11newtype_def4body
FN:167,_RNvNtNtCscUx3zdyuqfq_4koan8builtins11newtype_def8register
FN:104,_RNvNtNtCseriWsCb5ev6_4koan8builtins11newtype_def11binder_name
FN:117,_RNvNtNtCseriWsCb5ev6_4koan8builtins11newtype_def17newtype_construct
FN:27,_RNvNtNtCseriWsCb5ev6_4koan8builtins11newtype_def4body
FN:167,_RNvNtNtCseriWsCb5ev6_4koan8builtins11newtype_def8register
FN:356,_RNvNtNtNtCseriWsCb5ev6_4koan8builtins11newtype_def5testss_28construct_arity_zero_rejects
FN:377,_RNvNtNtNtCseriWsCb5ev6_4koan8builtins11newtype_def5testss_29construct_with_operator_value
FN:198,_RNvNtNtNtCseriWsCb5ev6_4koan8builtins11newtype_def5testss_30declare_mints_newtype_identity
FN:266,_RNvNtNtNtCseriWsCb5ev6_4koan8builtins11newtype_def5testss_30newtype_over_newtype_collapses
FN:337,_RNvNtNtNtCseriWsCb5ev6_4koan8builtins11newtype_def5testss_31construct_with_identifier_value
FN:251,_RNvNtNtNtCseriWsCb5ev6_4koan8builtins11newtype_def5testss_35construct_rejects_non_matching_repr
FN:228,_RNvNtNtNtCseriWsCb5ev6_4koan8builtins11newtype_def5testss_35construct_wraps_repr_matching_value
FN:295,_RNvNtNtNtCseriWsCb5ev6_4koan8builtins11newtype_def5testss_43dispatch_distinguishes_distance_from_number
FN:131,_RNCNvNtNtCseriWsCb5ev6_4koan8builtins11newtype_def17newtype_construct0B7_
FN:83,_RNCNvNtNtCseriWsCb5ev6_4koan8builtins11newtype_def4body0B7_
FNDA:0,_RNCNvNtNtCscUx3zdyuqfq_4koan8builtins11newtype_def17newtype_construct0B7_
FNDA:0,_RNCNvNtNtCscUx3zdyuqfq_4koan8builtins11newtype_def4body0B7_
FNDA:0,_RNvNtNtCscUx3zdyuqfq_4koan8builtins11newtype_def11binder_name
FNDA:0,_RNvNtNtCscUx3zdyuqfq_4koan8builtins11newtype_def17newtype_construct
FNDA:0,_RNvNtNtCscUx3zdyuqfq_4koan8builtins11newtype_def4body
FNDA:40,_RNvNtNtCscUx3zdyuqfq_4koan8builtins11newtype_def8register
FNDA:24,_RNvNtNtCseriWsCb5ev6_4koan8builtins11newtype_def11binder_name
FNDA:12,_RNvNtNtCseriWsCb5ev6_4koan8builtins11newtype_def17newtype_construct
FNDA:12,_RNvNtNtCseriWsCb5ev6_4koan8builtins11newtype_def4body
FNDA:490,_RNvNtNtCseriWsCb5ev6_4koan8builtins11newtype_def8register
FNDA:1,_RNvNtNtNtCseriWsCb5ev6_4koan8builtins11newtype_def5testss_28construct_arity_zero_rejects
FNDA:1,_RNvNtNtNtCseriWsCb5ev6_4koan8builtins11newtype_def5testss_29construct_with_operator_value
FNDA:1,_RNvNtNtNtCseriWsCb5ev6_4koan8builtins11newtype_def5testss_30declare_mints_newtype_identity
FNDA:1,_RNvNtNtNtCseriWsCb5ev6_4koan8builtins11newtype_def5testss_30newtype_over_newtype_collapses
FNDA:1,_RNvNtNtNtCseriWsCb5ev6_4koan8builtins11newtype_def5testss_31construct_with_identifier_value
FNDA:1,_RNvNtNtNtCseriWsCb5ev6_4koan8builtins11newtype_def5testss_35construct_rejects_non_matching_repr
FNDA:1,_RNvNtNtNtCseriWsCb5ev6_4koan8builtins11newtype_def5testss_35construct_wraps_repr_matching_value
FNDA:1,_RNvNtNtNtCseriWsCb5ev6_4koan8builtins11newtype_def5testss_43dispatch_distinguishes_distance_from_number
FNDA:11,_RNCNvNtNtCseriWsCb5ev6_4koan8builtins11newtype_def17newtype_construct0B7_
FNDA:12,_RNCNvNtNtCseriWsCb5ev6_4koan8builtins11newtype_def4body0B7_
FNF:14
FNH:14
DA:27,12
DA:28,12
DA:29,12
DA:30,12
DA:31,12
DA:32,12
DA:33,12
DA:34,0
DA:39,12
DA:40,9
DA:41,9
DA:42,0
DA:48,3
DA:49,3
DA:50,0
DA:52,3
DA:53,3
DA:55,0
DA:56,0
DA:57,0
DA:58,0
DA:63,0
DA:64,0
DA:65,0
DA:71,12
DA:72,12
DA:73,12
DA:74,12
DA:75,12
DA:76,12
DA:77,12
DA:78,12
DA:79,12
DA:80,12
DA:81,12
DA:82,12
DA:83,12
DA:84,12
DA:85,12
DA:86,12
DA:87,12
DA:90,12
DA:91,12
DA:96,0
DA:97,0
DA:98,0
DA:99,0
DA:101,12
DA:104,24
DA:105,24
DA:106,24
DA:117,12
DA:118,12
DA:119,12
DA:120,12
DA:121,12
DA:122,12
DA:123,12
DA:124,1
DA:125,1
DA:126,1
DA:127,1
DA:128,11
DA:129,11
DA:130,11
DA:131,11
DA:132,11
DA:133,11
DA:137,11
DA:139,11
DA:141,11
DA:143,11
DA:144,0
DA:148,11
DA:149,1
DA:150,1
DA:151,1
DA:152,1
DA:153,1
DA:154,10
DA:157,10
DA:158,10
DA:159,10
DA:160,10
DA:161,10
DA:162,11
DA:163,11
DA:164,11
DA:165,12
DA:167,530
DA:170,530
DA:171,530
DA:172,530
DA:173,530
DA:174,530
DA:175,530
DA:176,530
DA:177,530
DA:178,530
DA:179,530
DA:182,530
DA:183,530
DA:185,530
DA:198,1
DA:199,1
DA:200,1
DA:201,1
DA:202,1
DA:203,1
DA:204,1
DA:205,1
DA:206,1
DA:208,1
DA:209,1
DA:212,1
DA:213,1
DA:215,0
DA:217,1
DA:218,1
DA:219,1
DA:220,1
DA:223,1
DA:228,1
DA:229,1
DA:230,1
DA:231,1
DA:232,1
DA:233,1
DA:234,1
DA:235,1
DA:238,1
DA:240,1
DA:241,0
DA:243,1
DA:245,0
DA:247,1
DA:251,1
DA:252,1
DA:253,1
DA:254,1
DA:255,1
DA:256,1
DA:257,1
DA:258,1
DA:261,1
DA:266,1
DA:267,1
DA:268,1
DA:269,1
DA:270,1
DA:271,1
DA:272,1
DA:273,1
DA:274,1
DA:275,0
DA:278,1
DA:279,1
DA:281,0
DA:284,0
DA:286,1
DA:295,1
DA:296,1
DA:297,1
DA:298,1
DA:299,1
DA:300,1
DA:301,1
DA:302,1
DA:304,1
DA:305,1
DA:306,1
DA:307,0
DA:309,1
DA:310,1
DA:311,1
DA:312,0
DA:314,1
DA:315,1
DA:316,1
DA:317,1
DA:318,1
DA:319,1
DA:320,1
DA:323,1
DA:324,1
DA:325,1
DA:326,1
DA:327,1
DA:328,1
DA:329,1
DA:332,1
DA:337,1
DA:338,1
DA:339,1
DA:340,1
DA:341,1
DA:342,1
DA:343,1
DA:344,1
DA:345,1
DA:346,0
DA:348,1
DA:350,0
DA:352,1
DA:356,1
DA:357,1
DA:358,1
DA:359,1
DA:360,1
DA:361,1
DA:362,0
DA:363,1
DA:371,1
DA:377,1
DA:378,1
DA:379,1
DA:380,1
DA:381,1
DA:382,1
DA:383,1
DA:385,1
DA:386,1
DA:387,1
DA:388,1
DA:389,1
DA:390,0
DA:392,1
DA:394,0
DA:396,1
BRF:0
BRH:0
LF:231
LH:203
end_of_record
SF:/var/home/jack/Code/koan/src/builtins/print.rs
FN:10,_RNvNtNtCscUx3zdyuqfq_4koan8builtins5print4body
FN:24,_RNvNtNtCscUx3zdyuqfq_4koan8builtins5print8register
FN:10,_RNvNtNtCseriWsCb5ev6_4koan8builtins5print4body
FN:24,_RNvNtNtCseriWsCb5ev6_4koan8builtins5print8register
FNDA:6,_RNvNtNtCscUx3zdyuqfq_4koan8builtins5print4body
FNDA:40,_RNvNtNtCscUx3zdyuqfq_4koan8builtins5print8register
FNDA:140,_RNvNtNtCseriWsCb5ev6_4koan8builtins5print4body
FNDA:490,_RNvNtNtCseriWsCb5ev6_4koan8builtins5print8register
FNF:2
FNH:2
DA:10,146
DA:11,146
DA:12,146
DA:13,146
DA:14,146
DA:15,146
DA:16,146
DA:17,0
DA:19,146
DA:20,146
DA:21,146
DA:22,146
DA:24,530
DA:25,530
DA:26,530
DA:27,530
DA:28,530
DA:29,530
DA:31,530
BRF:0
BRH:0
LF:19
LH:18
end_of_record
SF:/var/home/jack/Code/koan/src/builtins/quote.rs
FN:12,_RNvNtNtCscUx3zdyuqfq_4koan8builtins5quote4body
FN:29,_RNvNtNtCscUx3zdyuqfq_4koan8builtins5quote8register
FN:46,_RNvNtNtNtCseriWsCb5ev6_4koan8builtins5quote5tests11run_program
FN:55,_RNvNtNtNtCseriWsCb5ev6_4koan8builtins5quote5testss_26quote_then_eval_round_trip
FN:64,_RNvNtNtNtCseriWsCb5ev6_4koan8builtins5quote5testss_27quote_captures_ast_as_value
FN:12,_RNvNtNtCseriWsCb5ev6_4koan8builtins5quote4body
FN:29,_RNvNtNtCseriWsCb5ev6_4koan8builtins5quote8register
FNDA:0,_RNvNtNtCscUx3zdyuqfq_4koan8builtins5quote4body
FNDA:40,_RNvNtNtCscUx3zdyuqfq_4koan8builtins5quote8register
FNDA:2,_RNvNtNtNtCseriWsCb5ev6_4koan8builtins5quote5tests11run_program
FNDA:1,_RNvNtNtNtCseriWsCb5ev6_4koan8builtins5quote5testss_26quote_then_eval_round_trip
FNDA:1,_RNvNtNtNtCseriWsCb5ev6_4koan8builtins5quote5testss_27quote_captures_ast_as_value
FNDA:9,_RNvNtNtCseriWsCb5ev6_4koan8builtins5quote4body
FNDA:490,_RNvNtNtCseriWsCb5ev6_4koan8builtins5quote8register
FNF:5
FNH:5
DA:12,9
DA:13,9
DA:14,9
DA:15,9
DA:16,9
DA:17,9
DA:18,9
DA:20,0
DA:21,0
DA:22,0
DA:25,9
DA:26,9
DA:27,9
DA:29,530
DA:30,530
DA:31,530
DA:32,530
DA:33,530
DA:34,530
DA:35,530
DA:37,530
DA:39,530
DA:46,2
DA:47,2
DA:48,2
DA:49,2
DA:50,2
DA:51,2
DA:52,2
DA:55,1
DA:56,1
DA:57,1
DA:58,1
DA:60,1
DA:61,1
DA:64,1
DA:65,1
DA:66,1
DA:67,1
BRF:0
BRH:0
LF:39
LH:36
end_of_record
SF:/var/home/jack/Code/koan/src/builtins/record_projection.rs
FN:45,_RNCNvNtNtCscUx3zdyuqfq_4koan8builtins17record_projection4body0B7_
FN:29,_RNvNtNtCscUx3zdyuqfq_4koan8builtins17record_projection4body
FN:93,_RNvNtNtCscUx3zdyuqfq_4koan8builtins17record_projection8register
FN:45,_RNCNvNtNtCseriWsCb5ev6_4koan8builtins17record_projection4body0B7_
FN:179,_RNvNtNtNtCseriWsCb5ev6_4koan8builtins17record_projection5testss_25from_unknown_field_errors
FN:192,_RNvNtNtNtCseriWsCb5ev6_4koan8builtins17record_projection5testss_27from_duplicate_field_errors
FN:146,_RNvNtNtNtCseriWsCb5ev6_4koan8builtins17record_projection5testss_28from_single_field_projection
FN:232,_RNvNtNtNtCseriWsCb5ev6_4koan8builtins17record_projection5testss_41from_breaks_ambiguous_record_dispatch_tie
FN:163,_RNvNtNtNtCseriWsCb5ev6_4koan8builtins17record_projection5testss_41from_empty_field_list_yields_empty_record
FN:211,_RNvNtNtNtCseriWsCb5ev6_4koan8builtins17record_projection5testss_45from_non_record_operand_is_dispatch_non_match
FN:123,_RNvNtNtNtCseriWsCb5ev6_4koan8builtins17record_projection5testss_52from_narrows_carried_type_keeping_all_fields_present
FN:29,_RNvNtNtCseriWsCb5ev6_4koan8builtins17record_projection4body
FN:93,_RNvNtNtCseriWsCb5ev6_4koan8builtins17record_projection8register
FNDA:0,_RNCNvNtNtCscUx3zdyuqfq_4koan8builtins17record_projection4body0B7_
FNDA:0,_RNvNtNtCscUx3zdyuqfq_4koan8builtins17record_projection4body
FNDA:40,_RNvNtNtCscUx3zdyuqfq_4koan8builtins17record_projection8register
FNDA:4,_RNCNvNtNtCseriWsCb5ev6_4koan8builtins17record_projection4body0B7_
FNDA:1,_RNvNtNtNtCseriWsCb5ev6_4koan8builtins17record_projection5testss_25from_unknown_field_errors
FNDA:1,_RNvNtNtNtCseriWsCb5ev6_4koan8builtins17record_projection5testss_27from_duplicate_field_errors
FNDA:1,_RNvNtNtNtCseriWsCb5ev6_4koan8builtins17record_projection5testss_28from_single_field_projection
FNDA:1,_RNvNtNtNtCseriWsCb5ev6_4koan8builtins17record_projection5testss_41from_breaks_ambiguous_record_dispatch_tie
FNDA:1,_RNvNtNtNtCseriWsCb5ev6_4koan8builtins17record_projection5testss_41from_empty_field_list_yields_empty_record
FNDA:1,_RNvNtNtNtCseriWsCb5ev6_4koan8builtins17record_projection5testss_45from_non_record_operand_is_dispatch_non_match
FNDA:1,_RNvNtNtNtCseriWsCb5ev6_4koan8builtins17record_projection5testss_52from_narrows_carried_type_keeping_all_fields_present
FNDA:6,_RNvNtNtCseriWsCb5ev6_4koan8builtins17record_projection4body
FNDA:490,_RNvNtNtCseriWsCb5ev6_4koan8builtins17record_projection8register
FNF:10
FNH:10
DA:29,6
DA:30,6
DA:31,6
DA:32,6
DA:33,6
DA:34,6
DA:35,6
DA:36,0
DA:41,6
DA:42,9
DA:43,9
DA:44,9
DA:45,9
DA:46,1
DA:47,1
DA:48,1
DA:49,8
DA:50,8
DA:52,0
DA:53,0
DA:54,0
DA:55,0
DA:56,0
DA:61,5
DA:62,5
DA:65,0
DA:66,0
DA:67,0
DA:68,0
DA:69,0
DA:71,0
DA:76,5
DA:77,7
DA:78,7
DA:79,6
DA:81,1
DA:82,1
DA:83,1
DA:88,4
DA:89,4
DA:90,4
DA:91,6
DA:93,530
DA:99,530
DA:100,530
DA:101,530
DA:102,530
DA:103,530
DA:104,530
DA:105,530
DA:106,530
DA:107,530
DA:110,530
DA:112,530
DA:123,1
DA:124,1
DA:125,1
DA:126,1
DA:127,1
DA:128,1
DA:130,1
DA:131,1
DA:133,1
DA:134,1
DA:135,1
DA:136,1
DA:138,0
DA:140,1
DA:146,1
DA:147,1
DA:148,1
DA:149,1
DA:150,1
DA:151,1
DA:152,1
DA:153,1
DA:154,1
DA:155,1
DA:157,0
DA:159,1
DA:163,1
DA:164,1
DA:165,1
DA:166,1
DA:167,1
DA:168,1
DA:170,1
DA:171,1
DA:173,0
DA:175,1
DA:179,1
DA:180,1
DA:181,1
DA:182,1
DA:183,1
DA:184,1
DA:185,1
DA:188,1
DA:192,1
DA:193,1
DA:194,1
DA:195,1
DA:196,1
DA:197,1
DA:198,1
DA:201,1
DA:211,1
DA:215,1
DA:216,1
DA:217,1
DA:218,1
DA:219,1
DA:220,1
DA:221,1
DA:222,1
DA:223,1
DA:226,1
DA:232,1
DA:236,1
DA:237,1
DA:238,1
DA:239,1
DA:240,1
DA:241,1
DA:242,1
DA:246,1
DA:247,1
DA:248,1
DA:249,1
DA:250,1
DA:251,1
DA:252,1
DA:257,1
DA:258,1
DA:259,1
DA:260,0
DA:262,1
BRF:0
BRH:0
LF:138
LH:122
end_of_record
SF:/var/home/jack/Code/koan/src/builtins/result.rs
FN:20,_RNvNtNtCscUx3zdyuqfq_4koan8builtins6result8register
FN:20,_RNvNtNtCseriWsCb5ev6_4koan8builtins6result8register
FNDA:40,_RNvNtNtCscUx3zdyuqfq_4koan8builtins6result8register
FNDA:490,_RNvNtNtCseriWsCb5ev6_4koan8builtins6result8register
FNF:1
FNH:1
DA:20,530
DA:21,530
DA:22,530
DA:23,530
DA:24,530
DA:25,530
DA:26,530
DA:27,530
DA:28,530
DA:29,530
DA:30,530
DA:31,530
DA:32,530
DA:36,530
DA:37,530
BRF:0
BRH:0
LF:15
LH:15
end_of_record
SF:/var/home/jack/Code/koan/src/builtins/sig_def.rs
FN:52,_RNCNvNtNtCscUx3zdyuqfq_4koan8builtins7sig_def4body0B7_
FN:55,_RNCNvNtNtCscUx3zdyuqfq_4koan8builtins7sig_def4bodys_0B7_
FN:84,_RNvNtNtCscUx3zdyuqfq_4koan8builtins7sig_def11binder_name
FN:27,_RNvNtNtCscUx3zdyuqfq_4koan8builtins7sig_def4body
FN:88,_RNvNtNtCscUx3zdyuqfq_4koan8builtins7sig_def8register
FN:52,_RNCNvNtNtCseriWsCb5ev6_4koan8builtins7sig_def4body0B7_
FN:55,_RNCNvNtNtCseriWsCb5ev6_4koan8builtins7sig_def4bodys_0B7_
FN:84,_RNvNtNtCseriWsCb5ev6_4koan8builtins7sig_def11binder_name
FN:27,_RNvNtNtCseriWsCb5ev6_4koan8builtins7sig_def4body
FN:88,_RNvNtNtCseriWsCb5ev6_4koan8builtins7sig_def8register
FN:136,_RNvNtNtNtCseriWsCb5ev6_4koan8builtins7sig_def5testss_21sig_path_records_name
FN:114,_RNvNtNtNtCseriWsCb5ev6_4koan8builtins7sig_def5testss_29binder_name_extracts_sig_name
FN:122,_RNvNtNtNtCseriWsCb5ev6_4koan8builtins7sig_def5testss_29sig_binds_under_name_in_scope
FN:151,_RNvNtNtNtCseriWsCb5ev6_4koan8builtins7sig_def5testss_35sig_body_parks_on_outer_placeholder
FN:172,_RNvNtNtNtCseriWsCb5ev6_4koan8builtins7sig_def5testss_38sig_body_error_short_circuits_finalize
FNDA:13,_RNCNvNtNtCscUx3zdyuqfq_4koan8builtins7sig_def4body0B7_
FNDA:13,_RNCNvNtNtCscUx3zdyuqfq_4koan8builtins7sig_def4bodys_0B7_
FNDA:26,_RNvNtNtCscUx3zdyuqfq_4koan8builtins7sig_def11binder_name
FNDA:13,_RNvNtNtCscUx3zdyuqfq_4koan8builtins7sig_def4body
FNDA:40,_RNvNtNtCscUx3zdyuqfq_4koan8builtins7sig_def8register
FNDA:69,_RNCNvNtNtCseriWsCb5ev6_4koan8builtins7sig_def4body0B7_
FNDA:67,_RNCNvNtNtCseriWsCb5ev6_4koan8builtins7sig_def4bodys_0B7_
FNDA:139,_RNvNtNtCseriWsCb5ev6_4koan8builtins7sig_def11binder_name
FNDA:69,_RNvNtNtCseriWsCb5ev6_4koan8builtins7sig_def4body
FNDA:490,_RNvNtNtCseriWsCb5ev6_4koan8builtins7sig_def8register
FNDA:1,_RNvNtNtNtCseriWsCb5ev6_4koan8builtins7sig_def5testss_21sig_path_records_name
FNDA:1,_RNvNtNtNtCseriWsCb5ev6_4koan8builtins7sig_def5testss_29binder_name_extracts_sig_name
FNDA:1,_RNvNtNtNtCseriWsCb5ev6_4koan8builtins7sig_def5testss_29sig_binds_under_name_in_scope
FNDA:1,_RNvNtNtNtCseriWsCb5ev6_4koan8builtins7sig_def5testss_35sig_body_parks_on_outer_placeholder
FNDA:1,_RNvNtNtNtCseriWsCb5ev6_4koan8builtins7sig_def5testss_38sig_body_error_short_circuits_finalize
FNF:10
FNH:10
DA:27,82
DA:28,82
DA:29,82
DA:30,82
DA:31,82
DA:32,82
DA:33,82
DA:34,0
DA:36,82
DA:37,82
DA:39,0
DA:40,0
DA:41,0
DA:45,82
DA:46,82
DA:48,82
DA:50,82
DA:51,82
DA:52,82
DA:53,82
DA:54,82
DA:55,82
DA:56,80
DA:57,80
DA:58,80
DA:66,80
DA:67,80
DA:68,80
DA:69,80
DA:70,80
DA:71,80
DA:72,0
DA:73,0
DA:74,0
DA:75,0
DA:77,80
DA:78,82
DA:79,82
DA:80,82
DA:84,165
DA:85,165
DA:86,165
DA:88,530
DA:89,530
DA:90,530
DA:91,530
DA:92,530
DA:93,530
DA:94,530
DA:95,530
DA:96,530
DA:97,530
DA:98,530
DA:101,530
DA:102,530
DA:104,530
DA:114,1
DA:115,1
DA:116,1
DA:117,1
DA:118,1
DA:119,1
DA:122,1
DA:124,1
DA:125,1
DA:126,1
DA:128,1
DA:129,1
DA:130,1
DA:133,1
DA:136,1
DA:138,1
DA:139,1
DA:140,1
DA:141,1
DA:142,1
DA:143,0
DA:145,1
DA:146,1
DA:151,1
DA:152,1
DA:153,1
DA:154,1
DA:156,1
DA:157,1
DA:158,0
DA:160,1
DA:161,1
DA:162,1
DA:163,1
DA:165,0
DA:167,1
DA:172,1
DA:173,1
DA:174,1
DA:175,1
DA:176,1
DA:177,1
DA:180,1
BRF:0
BRH:0
LF:101
LH:90
end_of_record
SF:/var/home/jack/Code/koan/src/builtins/struct_def.rs
FN:174,_RNCNvNtNtCscUx3zdyuqfq_4koan8builtins10struct_def24defer_struct_via_combine0B7_
FN:75,_RNCNvNtNtCscUx3zdyuqfq_4koan8builtins10struct_def4body0B7_
FN:224,_RNvNtNtCscUx3zdyuqfq_4koan8builtins10struct_def11binder_name
FN:100,_RNvNtNtCscUx3zdyuqfq_4koan8builtins10struct_def15finalize_struct
FN:152,_RNvNtNtCscUx3zdyuqfq_4koan8builtins10struct_def24defer_struct_via_combine
FN:27,_RNvNtNtCscUx3zdyuqfq_4koan8builtins10struct_def4body
FN:228,_RNvNtNtCscUx3zdyuqfq_4koan8builtins10struct_def8register
FN:174,_RNCNvNtNtCseriWsCb5ev6_4koan8builtins10struct_def24defer_struct_via_combine0B7_
FN:75,_RNCNvNtNtCseriWsCb5ev6_4koan8builtins10struct_def4body0B7_
FN:224,_RNvNtNtCseriWsCb5ev6_4koan8builtins10struct_def11binder_name
FN:100,_RNvNtNtCseriWsCb5ev6_4koan8builtins10struct_def15finalize_struct
FN:152,_RNvNtNtCseriWsCb5ev6_4koan8builtins10struct_def24defer_struct_via_combine
FN:27,_RNvNtNtCseriWsCb5ev6_4koan8builtins10struct_def4body
FN:228,_RNvNtNtCseriWsCb5ev6_4koan8builtins10struct_def8register
FNDA:1,_RNCNvNtNtCscUx3zdyuqfq_4koan8builtins10struct_def24defer_struct_via_combine0B7_
FNDA:4,_RNCNvNtNtCscUx3zdyuqfq_4koan8builtins10struct_def4body0B7_
FNDA:8,_RNvNtNtCscUx3zdyuqfq_4koan8builtins10struct_def11binder_name
FNDA:4,_RNvNtNtCscUx3zdyuqfq_4koan8builtins10struct_def15finalize_struct
FNDA:1,_RNvNtNtCscUx3zdyuqfq_4koan8builtins10struct_def24defer_struct_via_combine
FNDA:4,_RNvNtNtCscUx3zdyuqfq_4koan8builtins10struct_def4body
FNDA:40,_RNvNtNtCscUx3zdyuqfq_4koan8builtins10struct_def8register
FNDA:6,_RNCNvNtNtCseriWsCb5ev6_4koan8builtins10struct_def24defer_struct_via_combine0B7_
FNDA:50,_RNCNvNtNtCseriWsCb5ev6_4koan8builtins10struct_def4body0B7_
FNDA:101,_RNvNtNtCseriWsCb5ev6_4koan8builtins10struct_def11binder_name
FNDA:48,_RNvNtNtCseriWsCb5ev6_4koan8builtins10struct_def15finalize_struct
FNDA:6,_RNvNtNtCseriWsCb5ev6_4koan8builtins10struct_def24defer_struct_via_combine
FNDA:50,_RNvNtNtCseriWsCb5ev6_4koan8builtins10struct_def4body
FNDA:490,_RNvNtNtCseriWsCb5ev6_4koan8builtins10struct_def8register
FNF:7
FNH:7
DA:27,54
DA:28,54
DA:29,54
DA:30,54
DA:31,54
DA:32,54
DA:33,54
DA:34,0
DA:36,54
DA:37,54
DA:39,0
DA:40,0
DA:41,0
DA:48,54
DA:49,54
DA:50,54
DA:51,54
DA:52,54
DA:53,54
DA:54,54
DA:55,54
DA:56,54
DA:61,54
DA:62,54
DA:63,54
DA:64,54
DA:65,54
DA:66,54
DA:67,54
DA:68,54
DA:73,54
DA:74,54
DA:75,54
DA:76,54
DA:77,54
DA:78,43
DA:79,4
DA:81,7
DA:82,7
DA:83,7
DA:84,7
DA:85,7
DA:86,7
DA:87,7
DA:88,7
DA:89,7
DA:90,7
DA:91,7
DA:94,54
DA:100,52
DA:101,52
DA:102,52
DA:103,52
DA:104,52
DA:105,52
DA:110,52
DA:112,10
DA:114,52
DA:116,10
DA:117,1
DA:118,1
DA:119,1
DA:120,9
DA:121,42
DA:122,51
DA:123,1
DA:124,1
DA:125,1
DA:126,50
DA:127,50
DA:128,50
DA:129,50
DA:130,50
DA:131,50
DA:132,50
DA:133,50
DA:134,50
DA:135,50
DA:136,50
DA:137,50
DA:138,50
DA:139,0
DA:141,52
DA:152,7
DA:153,7
DA:154,7
DA:155,7
DA:156,7
DA:157,7
DA:158,7
DA:159,7
DA:160,7
DA:161,7
DA:163,7
DA:166,7
DA:167,7
DA:168,7
DA:169,7
DA:170,2
DA:171,2
DA:172,2
DA:173,2
DA:174,7
DA:176,7
DA:179,7
DA:180,7
DA:181,2
DA:182,2
DA:183,0
DA:184,0
DA:185,0
DA:186,0
DA:187,0
DA:188,2
DA:189,2
DA:191,7
DA:194,7
DA:195,7
DA:196,7
DA:197,7
DA:198,7
DA:199,7
DA:200,7
DA:201,7
DA:202,7
DA:204,0
DA:205,0
DA:206,0
DA:207,0
DA:208,0
DA:209,0
DA:211,0
DA:212,0
DA:213,0
DA:216,7
DA:217,7
DA:218,7
DA:219,7
DA:224,109
DA:225,109
DA:226,109
DA:228,530
DA:229,530
DA:230,530
DA:231,530
DA:232,530
DA:233,530
DA:234,530
DA:235,530
DA:236,530
DA:237,530
DA:238,530
DA:241,530
DA:242,530
DA:244,530
BRF:0
BRH:0
LF:157
LH:138
end_of_record
SF:/var/home/jack/Code/koan/src/builtins/test_support.rs
FN:70,_RNvNtNtCseriWsCb5ev6_4koan8builtins12test_support11run_one_err
FN:140,_RNvNtNtCseriWsCb5ev6_4koan8builtins12test_support12one_slot_sig
FN:48,_RNvNtNtCseriWsCb5ev6_4koan8builtins12test_support13run_root_bare
FN:42,_RNvNtNtCseriWsCb5ev6_4koan8builtins12test_support15run_root_silent
FN:118,_RNvNtNtCseriWsCb5ev6_4koan8builtins12test_support16fn_is_registered
FN:34,_RNvNtNtCseriWsCb5ev6_4koan8builtins12test_support17run_root_with_buf
FN:85,_RNvNtNtCseriWsCb5ev6_4koan8builtins12test_support3run
FN:135,_RNvNtNtCseriWsCb5ev6_4koan8builtins12test_support6marker
FN:62,_RNvNtNtCseriWsCb5ev6_4koan8builtins12test_support7run_one
FN:96,_RNvNtNtCseriWsCb5ev6_4koan8builtins12test_support9lookup_fn
FN:53,_RNvNtNtCseriWsCb5ev6_4koan8builtins12test_support9parse_one
FN:29,_RNvXNtNtCseriWsCb5ev6_4koan8builtins12test_supportNtB2_9SharedBufNtNtCs75vJTIYSa2J_3std2io5Write5flush
FN:25,_RNvXNtNtCseriWsCb5ev6_4koan8builtins12test_supportNtB2_9SharedBufNtNtCs75vJTIYSa2J_3std2io5Write5write
FN:125,_RNCNCNCNvNtNtCseriWsCb5ev6_4koan8builtins12test_support16fn_is_registered000Bb_
FN:124,_RNCNCNvNtNtCseriWsCb5ev6_4koan8builtins12test_support16fn_is_registered00B9_
FN:123,_RNCNvNtNtCseriWsCb5ev6_4koan8builtins12test_support16fn_is_registered0B7_
FN:100,_RNCNvNtNtCseriWsCb5ev6_4koan8builtins12test_support9lookup_fn0B7_
FN:113,_RNCNvNtNtCseriWsCb5ev6_4koan8builtins12test_support9lookup_fns_0B7_
FNDA:46,_RNvNtNtCseriWsCb5ev6_4koan8builtins12test_support11run_one_err
FNDA:6,_RNvNtNtCseriWsCb5ev6_4koan8builtins12test_support12one_slot_sig
FNDA:71,_RNvNtNtCseriWsCb5ev6_4koan8builtins12test_support13run_root_bare
FNDA:245,_RNvNtNtCseriWsCb5ev6_4koan8builtins12test_support15run_root_silent
FNDA:8,_RNvNtNtCseriWsCb5ev6_4koan8builtins12test_support16fn_is_registered
FNDA:80,_RNvNtNtCseriWsCb5ev6_4koan8builtins12test_support17run_root_with_buf
FNDA:303,_RNvNtNtCseriWsCb5ev6_4koan8builtins12test_support3run
FNDA:2,_RNvNtNtCseriWsCb5ev6_4koan8builtins12test_support6marker
FNDA:239,_RNvNtNtCseriWsCb5ev6_4koan8builtins12test_support7run_one
FNDA:19,_RNvNtNtCseriWsCb5ev6_4koan8builtins12test_support9lookup_fn
FNDA:376,_RNvNtNtCseriWsCb5ev6_4koan8builtins12test_support9parse_one
FNDA:0,_RNvXNtNtCseriWsCb5ev6_4koan8builtins12test_supportNtB2_9SharedBufNtNtCs75vJTIYSa2J_3std2io5Write5flush
FNDA:121,_RNvXNtNtCseriWsCb5ev6_4koan8builtins12test_supportNtB2_9SharedBufNtNtCs75vJTIYSa2J_3std2io5Write5write
FNDA:332,_RNCNCNCNvNtNtCseriWsCb5ev6_4koan8builtins12test_support16fn_is_registered000Bb_
FNDA:301,_RNCNCNvNtNtCseriWsCb5ev6_4koan8builtins12test_support16fn_is_registered00B9_
FNDA:237,_RNCNvNtNtCseriWsCb5ev6_4koan8builtins12test_support16fn_is_registered0B7_
FNDA:855,_RNCNvNtNtCseriWsCb5ev6_4koan8builtins12test_support9lookup_fn0B7_
FNDA:0,_RNCNvNtNtCseriWsCb5ev6_4koan8builtins12test_support9lookup_fns_0B7_
FNF:18
FNH:16
DA:25,121
DA:26,121
DA:27,121
DA:28,121
DA:29,0
DA:30,0
DA:31,0
DA:34,80
DA:35,80
DA:36,80
DA:37,80
DA:38,80
DA:39,80
DA:40,80
DA:42,245
DA:43,245
DA:44,245
DA:48,71
DA:49,71
DA:50,71
DA:53,376
DA:54,376
DA:55,376
DA:56,376
DA:57,376
DA:62,239
DA:63,239
DA:64,239
DA:65,239
DA:66,239
DA:67,239
DA:70,46
DA:71,46
DA:72,46
DA:73,46
DA:74,46
DA:75,46
DA:76,46
DA:77,0
DA:78,46
DA:80,46
DA:85,303
DA:86,303
DA:87,303
DA:88,534
DA:89,534
DA:90,534
DA:91,303
DA:92,303
DA:96,19
DA:97,19
DA:98,608
DA:99,779
DA:100,855
DA:101,779
DA:102,76
DA:103,855
DA:104,779
DA:105,19
DA:106,19
DA:109,19
DA:110,760
DA:113,19
DA:114,19
DA:118,8
DA:119,8
DA:120,8
DA:121,8
DA:122,8
DA:123,237
DA:124,301
DA:125,332
DA:126,301
DA:127,31
DA:128,332
DA:129,301
DA:130,237
DA:131,8
DA:135,2
DA:136,2
DA:137,2
DA:140,6
DA:141,6
DA:142,6
DA:143,6
DA:144,6
DA:145,6
DA:146,6
DA:147,6
DA:148,6
BRF:0
BRH:0
LF:96
LH:91
end_of_record
SF:/var/home/jack/Code/koan/src/builtins/try_with.rs
FN:71,_RNvNtNtCscUx3zdyuqfq_4koan8builtins8try_with15dispatch_branch
FN:30,_RNvNtNtCscUx3zdyuqfq_4koan8builtins8try_with4body
FN:149,_RNvNtNtCscUx3zdyuqfq_4koan8builtins8try_with8register
FN:138,_RNCNvNtNtCscUx3zdyuqfq_4koan8builtins8try_with15dispatch_branch0B7_
FN:62,_RNCNvNtNtCscUx3zdyuqfq_4koan8builtins8try_with4body0B7_
FN:71,_RNvNtNtCseriWsCb5ev6_4koan8builtins8try_with15dispatch_branch
FN:30,_RNvNtNtCseriWsCb5ev6_4koan8builtins8try_with4body
FN:149,_RNvNtNtCseriWsCb5ev6_4koan8builtins8try_with8register
FN:138,_RNCNvNtNtCseriWsCb5ev6_4koan8builtins8try_with15dispatch_branch0B7_
FN:62,_RNCNvNtNtCseriWsCb5ev6_4koan8builtins8try_with4body0B7_
FNDA:0,_RNvNtNtCscUx3zdyuqfq_4koan8builtins8try_with15dispatch_branch
FNDA:0,_RNvNtNtCscUx3zdyuqfq_4koan8builtins8try_with4body
FNDA:40,_RNvNtNtCscUx3zdyuqfq_4koan8builtins8try_with8register
FNDA:0,_RNCNvNtNtCscUx3zdyuqfq_4koan8builtins8try_with15dispatch_branch0B7_
FNDA:0,_RNCNvNtNtCscUx3zdyuqfq_4koan8builtins8try_with4body0B7_
FNDA:18,_RNvNtNtCseriWsCb5ev6_4koan8builtins8try_with15dispatch_branch
FNDA:18,_RNvNtNtCseriWsCb5ev6_4koan8builtins8try_with4body
FNDA:490,_RNvNtNtCseriWsCb5ev6_4koan8builtins8try_with8register
FNDA:0,_RNCNvNtNtCseriWsCb5ev6_4koan8builtins8try_with15dispatch_branch0B7_
FNDA:18,_RNCNvNtNtCseriWsCb5ev6_4koan8builtins8try_with4body0B7_
FNF:5
FNH:4
DA:30,18
DA:31,18
DA:32,18
DA:33,18
DA:34,18
DA:35,18
DA:36,18
DA:38,0
DA:39,0
DA:40,0
DA:43,18
DA:44,18
DA:45,0
DA:47,18
DA:48,18
DA:50,0
DA:51,0
DA:52,0
DA:58,18
DA:59,18
DA:60,18
DA:61,18
DA:62,18
DA:63,18
DA:64,18
DA:65,18
DA:66,18
DA:67,18
DA:71,18
DA:72,18
DA:73,18
DA:74,18
DA:75,18
DA:76,18
DA:77,18
DA:78,18
DA:81,18
DA:82,9
DA:83,9
DA:84,9
DA:85,9
DA:86,9
DA:87,0
DA:89,9
DA:93,18
DA:94,14
[...]
FN:399,_RNvNtNtNtCseriWsCb5ev6_4koan5parse6tokens5testss_49uppercase_with_digits_no_lowercase_is_parse_error
FN:301,_RNvNtNtNtCseriWsCb5ev6_4koan5parse6tokens5testss_8negation
FN:55,_RNvNtNtCseriWsCb5ev6_4koan5parse6tokens11try_literal
FN:122,_RNvNtNtCseriWsCb5ev6_4koan5parse6tokens12is_type_name
FN:170,_RNvNtNtCseriWsCb5ev6_4koan5parse6tokens12trigger_span
FN:77,_RNvNtNtCseriWsCb5ev6_4koan5parse6tokens13classify_atom
FN:34,_RNvNtNtCseriWsCb5ev6_4koan5parse6tokens14classify_token
FN:136,_RNvNtNtCseriWsCb5ev6_4koan5parse6tokens14parse_compound
FN:179,_RNvNtNtCseriWsCb5ev6_4koan5parse6tokens9read_atom
FNDA:1227,_RNvNtNtCscUx3zdyuqfq_4koan5parse6tokens11try_literal
FNDA:278,_RNvNtNtCscUx3zdyuqfq_4koan5parse6tokens12is_type_name
FNDA:9,_RNvNtNtCscUx3zdyuqfq_4koan5parse6tokens12trigger_span
FNDA:601,_RNvNtNtCscUx3zdyuqfq_4koan5parse6tokens13classify_atom
FNDA:626,_RNvNtNtCscUx3zdyuqfq_4koan5parse6tokens14classify_token
FNDA:592,_RNvNtNtCscUx3zdyuqfq_4koan5parse6tokens14parse_compound
FNDA:601,_RNvNtNtCscUx3zdyuqfq_4koan5parse6tokens9read_atom
FNDA:160,_RNCNvNtNtCscUx3zdyuqfq_4koan5parse6tokens12is_type_name0B7_
FNDA:873,_RNCNvNtNtCscUx3zdyuqfq_4koan5parse6tokens13classify_atom0B7_
FNDA:309,_RNCNvNtNtCscUx3zdyuqfq_4koan5parse6tokens13classify_atoms0_0B7_
FNDA:118,_RNCNvNtNtCscUx3zdyuqfq_4koan5parse6tokens13classify_atoms_0B7_
FNDA:6,_RNCNvNtNtCscUx3zdyuqfq_4koan5parse6tokens5FLOAT0B7_
FNDA:601,_RNCNvNtNtCscUx3zdyuqfq_4koan5parse6tokens9read_atoms_0B7_
FNDA:1615,_RNCNvNtNtCseriWsCb5ev6_4koan5parse6tokens12is_type_name0B7_
FNDA:8595,_RNCNvNtNtCseriWsCb5ev6_4koan5parse6tokens13classify_atom0B7_
FNDA:3796,_RNCNvNtNtCseriWsCb5ev6_4koan5parse6tokens13classify_atoms0_0B7_
FNDA:1493,_RNCNvNtNtCseriWsCb5ev6_4koan5parse6tokens13classify_atoms_0B7_
FNDA:1,_RNCNvNtNtCseriWsCb5ev6_4koan5parse6tokens5FLOAT0B7_
FNDA:6358,_RNCNvNtNtCseriWsCb5ev6_4koan5parse6tokens9read_atoms_0B7_
FNDA:34,_RNCNvNtNtNtCseriWsCb5ev6_4koan5parse6tokens5tests8classify0B9_
FNDA:8,_RNCNvNtNtNtCseriWsCb5ev6_4koan5parse6tokens5tests8classifys_0B9_
FNDA:41,_RNCNvNtNtNtCseriWsCb5ev6_4koan5parse6tokens5tests8describe0B9_
FNDA:0,_RNCNvNtNtNtCseriWsCb5ev6_4koan5parse6tokens5tests8describes0_0B9_
FNDA:0,_RNCNvNtNtNtCseriWsCb5ev6_4koan5parse6tokens5tests8describes1_0B9_
FNDA:0,_RNCNvNtNtNtCseriWsCb5ev6_4koan5parse6tokens5tests8describes_0B9_
FNDA:42,_RNvNtNtNtCseriWsCb5ev6_4koan5parse6tokens5tests8classify
FNDA:75,_RNvNtNtNtCseriWsCb5ev6_4koan5parse6tokens5tests8describe
FNDA:1,_RNvNtNtNtCseriWsCb5ev6_4koan5parse6tokens5testss_10plain_null
FNDA:1,_RNvNtNtNtCseriWsCb5ev6_4koan5parse6tokens5testss_10suffix_try
FNDA:1,_RNvNtNtNtCseriWsCb5ev6_4koan5parse6tokens5testss_11attr_access
FNDA:1,_RNvNtNtNtCseriWsCb5ev6_4koan5parse6tokens5testss_12plain_number
FNDA:1,_RNvNtNtNtCseriWsCb5ev6_4koan5parse6tokens5testss_13plain_boolean
FNDA:1,_RNvNtNtNtCseriWsCb5ev6_4koan5parse6tokens5testss_14chained_suffix
FNDA:1,_RNvNtNtNtCseriWsCb5ev6_4koan5parse6tokens5testss_15double_negation
FNDA:1,_RNvNtNtNtCseriWsCb5ev6_4koan5parse6tokens5testss_16bare_bang_errors
FNDA:1,_RNvNtNtNtCseriWsCb5ev6_4koan5parse6tokens5testss_16plain_identifier
FNDA:1,_RNvNtNtNtCseriWsCb5ev6_4koan5parse6tokens5testss_17suffix_after_attr
FNDA:1,_RNvNtNtNtCseriWsCb5ev6_4koan5parse6tokens5testss_18leading_dot_errors
FNDA:1,_RNvNtNtNtCseriWsCb5ev6_4koan5parse6tokens5testss_18negation_over_attr
FNDA:1,_RNvNtNtNtCseriWsCb5ev6_4koan5parse6tokens5testss_19chained_attr_access
FNDA:1,_RNvNtNtNtCseriWsCb5ev6_4koan5parse6tokens5testss_19dangling_dot_errors
FNDA:1,_RNvNtNtNtCseriWsCb5ev6_4koan5parse6tokens5testss_20negation_over_suffix
FNDA:1,_RNvNtNtNtCseriWsCb5ev6_4koan5parse6tokens5testss_21leading_suffix_errors
FNDA:1,_RNvNtNtNtCseriWsCb5ev6_4koan5parse6tokens5testss_25decimal_number_is_literal
FNDA:1,_RNvNtNtNtCseriWsCb5ev6_4koan5parse6tokens5testss_28pure_symbol_token_is_keyword
FNDA:1,_RNvNtNtNtCseriWsCb5ev6_4koan5parse6tokens5testss_28scientific_number_is_literal
FNDA:1,_RNvNtNtNtCseriWsCb5ev6_4koan5parse6tokens5testss_30attr_wins_when_rhs_not_numeric
FNDA:1,_RNvNtNtNtCseriWsCb5ev6_4koan5parse6tokens5testss_31lowercase_leading_is_identifier
FNDA:1,_RNvNtNtNtCseriWsCb5ev6_4koan5parse6tokens5testss_34keyword_two_uppercase_no_lowercase
FNDA:1,_RNvNtNtNtCseriWsCb5ev6_4koan5parse6tokens5testss_35type_uppercase_first_with_lowercase
FNDA:1,_RNvNtNtNtCseriWsCb5ev6_4koan5parse6tokens5testss_36operator_tokens_classify_as_keywords
FNDA:1,_RNvNtNtNtCseriWsCb5ev6_4koan5parse6tokens5testss_38single_uppercase_letter_is_parse_error
FNDA:1,_RNvNtNtNtCseriWsCb5ev6_4koan5parse6tokens5testss_47ascription_compound_tokens_classify_as_keywords
FNDA:1,_RNvNtNtNtCseriWsCb5ev6_4koan5parse6tokens5testss_49attr_trigger_stays_on_builtin_path_inside_operand
FNDA:1,_RNvNtNtNtCseriWsCb5ev6_4koan5parse6tokens5testss_49uppercase_with_digits_no_lowercase_is_parse_error
FNDA:1,_RNvNtNtNtCseriWsCb5ev6_4koan5parse6tokens5testss_8negation
FNDA:13307,_RNvNtNtCseriWsCb5ev6_4koan5parse6tokens11try_literal
FNDA:3103,_RNvNtNtCseriWsCb5ev6_4koan5parse6tokens12is_type_name
FNDA:61,_RNvNtNtCseriWsCb5ev6_4koan5parse6tokens12trigger_span
FNDA:6365,_RNvNtNtCseriWsCb5ev6_4koan5parse6tokens13classify_atom
FNDA:6942,_RNvNtNtCseriWsCb5ev6_4koan5parse6tokens14classify_token
FNDA:6320,_RNvNtNtCseriWsCb5ev6_4koan5parse6tokens14parse_compound
FNDA:6369,_RNvNtNtCseriWsCb5ev6_4koan5parse6tokens9read_atom
FNF:50
FNH:47
DA:29,7
DA:34,7568
DA:35,7568
DA:36,7568
DA:37,7568
DA:38,7568
DA:39,7568
DA:40,656
DA:41,6912
DA:42,6912
DA:43,6912
DA:44,6901
DA:45,0
DA:46,0
DA:47,0
DA:48,0
DA:49,6901
DA:50,6901
DA:51,7568
DA:55,14534
DA:56,14534
DA:57,14534
DA:58,14480
DA:59,14463
DA:60,14452
DA:62,14452
DA:63,575
DA:64,575
DA:65,0
DA:66,13877
DA:67,13877
DA:68,14534
DA:77,6966
DA:78,6966
DA:79,1
DA:80,6965
DA:81,6965
DA:82,3584
DA:83,3381
DA:84,3381
DA:85,9468
DA:86,1
DA:87,1
DA:88,1
DA:89,1
DA:90,1
DA:91,1
DA:92,1
DA:93,1769
DA:94,1769
DA:95,1611
DA:96,1611
DA:97,4
DA:98,4
DA:99,4
DA:100,4
DA:101,4
DA:102,4
DA:103,4
DA:104,4
DA:105,1607
DA:106,1607
DA:107,1607
DA:108,4105
DA:110,2
DA:111,2
DA:112,2
DA:113,2
DA:114,2
DA:115,2
DA:116,2
DA:117,1605
DA:118,1605
DA:119,6966
DA:122,3381
DA:123,3381
DA:124,3381
DA:125,0
DA:127,3381
DA:128,1607
DA:129,1774
DA:130,1775
DA:131,3381
DA:136,6912
DA:137,6912
DA:138,6912
DA:139,6912
DA:140,6912
DA:141,6912
DA:142,6919
DA:143,6918
DA:144,7
DA:145,7
DA:146,7
DA:149,6912
DA:151,6964
DA:152,63
DA:153,63
DA:154,63
DA:155,63
DA:156,58
DA:157,58
DA:158,57
DA:160,5
DA:164,6901
DA:165,6
DA:166,6
DA:167,6901
DA:168,6912
DA:170,70
DA:171,70
DA:172,70
DA:173,70
DA:174,70
DA:175,70
DA:176,70
DA:179,6970
DA:180,6970
DA:181,6970
DA:182,6970
DA:183,6970
DA:184,6970
DA:185,6968
DA:187,2
DA:188,2
DA:189,2
DA:190,2
DA:193,6968
DA:194,6968
DA:195,31165
DA:196,24261
DA:197,64
DA:198,24197
DA:199,24197
DA:200,24197
DA:201,24197
DA:203,6968
DA:204,2
DA:205,2
DA:206,2
DA:207,2
DA:208,2
DA:209,6966
DA:210,6966
DA:211,6966
DA:212,6966
DA:213,6966
DA:214,6966
DA:215,6970
DA:222,75
DA:223,7
DA:224,28
DA:225,20
DA:226,3
DA:227,17
DA:228,41
DA:229,17
DA:231,0
DA:232,0
DA:233,0
DA:235,0
DA:236,5
DA:237,1
DA:238,1
DA:239,0
DA:240,0
DA:241,0
DA:242,0
DA:244,0
DA:245,0
DA:246,0
DA:247,0
DA:248,0
DA:249,0
DA:251,0
DA:252,0
DA:253,0
DA:254,0
DA:255,0
DA:256,0
DA:259,75
DA:261,42
DA:262,42
DA:263,42
DA:264,42
DA:265,42
DA:268,1
DA:269,1
DA:270,1
DA:273,1
DA:274,1
DA:275,1
DA:278,1
DA:279,1
DA:280,1
DA:283,1
DA:284,1
DA:285,1
DA:288,1
DA:289,1
DA:290,1
DA:293,1
DA:294,1
DA:295,1
DA:298,1
DA:301,1
DA:302,1
DA:303,1
DA:306,1
DA:307,1
DA:308,1
DA:311,1
DA:312,1
DA:313,1
DA:316,1
DA:319,1
DA:320,1
DA:321,1
DA:324,1
DA:325,1
DA:326,1
DA:327,1
DA:330,1
DA:331,1
DA:332,1
DA:335,1
DA:336,1
DA:337,1
DA:340,1
DA:341,1
DA:342,1
DA:345,1
DA:346,1
DA:347,1
DA:350,1
DA:351,1
DA:352,1
DA:355,1
DA:356,1
DA:357,1
DA:360,1
DA:361,1
DA:362,1
DA:365,1
DA:368,1
DA:369,1
DA:370,1
DA:373,1
DA:374,1
DA:375,1
DA:378,1
DA:379,1
DA:380,1
DA:381,1
DA:382,1
DA:385,1
DA:386,1
DA:387,1
DA:388,1
DA:389,1
DA:392,1
DA:393,1
DA:394,1
DA:395,1
DA:396,1
DA:399,1
DA:400,1
DA:401,1
DA:404,1
DA:405,1
DA:406,1
DA:407,1
DA:410,1
DA:414,1
DA:415,1
DA:416,1
DA:417,1
DA:418,1
DA:419,1
DA:420,1
DA:423,1
DA:427,1
DA:428,1
DA:431,1
DA:433,1
DA:434,1
DA:435,1
DA:438,1
DA:439,1
DA:440,1
DA:441,1
BRF:0
BRH:0
LF:302
LH:273
end_of_record
SF:/var/home/jack/Code/koan/src/parse/triple_list.rs
FN:25,_RINvNtNtCscUx3zdyuqfq_4koan5parse11triple_list15parse_pair_listNtNtNtNtNtB6_7machine5model5types5ktype5KTypeNCNvNtB13_16typed_field_list37parse_typed_field_list_via_elaborator0EB6_
FN:53,_RNCINvNtNtCscUx3zdyuqfq_4koan5parse11triple_list15parse_pair_listNtNtNtNtNtB8_7machine5model5types5ktype5KTypeNCNvNtB15_16typed_field_list37parse_typed_field_list_via_elaborator0E0B8_
FN:25,_RINvNtNtCseriWsCb5ev6_4koan5parse11triple_list15parse_pair_listNtNtCsgW8esjfipvk_5alloc6string6StringNCNvNtB2_5testss_42identifier_or_type_accepts_type_token_name0EB6_
FN:25,_RINvNtNtCseriWsCb5ev6_4koan5parse11triple_list15parse_pair_listNtNtNtNtNtB6_7machine5model5types5ktype5KTypeNCNvNtB13_16typed_field_list37parse_typed_field_list_via_elaborator0EB6_
FN:25,_RINvNtNtCseriWsCb5ev6_4koan5parse11triple_list15parse_pair_listuNCNvNtB2_5testss_39identifier_only_rejects_type_token_name0EB6_
FN:53,_RNCINvNtNtCseriWsCb5ev6_4koan5parse11triple_list15parse_pair_listNtNtCsgW8esjfipvk_5alloc6string6StringNCNvNtB4_5testss_42identifier_or_type_accepts_type_token_name0E0B8_
FN:53,_RNCINvNtNtCseriWsCb5ev6_4koan5parse11triple_list15parse_pair_listNtNtNtNtNtB8_7machine5model5types5ktype5KTypeNCNvNtB15_16typed_field_list37parse_typed_field_list_via_elaborator0E0B8_
FN:53,_RNCINvNtNtCseriWsCb5ev6_4koan5parse11triple_list15parse_pair_listuNCNvNtB4_5testss_39identifier_only_rejects_type_token_name0E0B8_
FN:97,_RNCNvNtNtNtCseriWsCb5ev6_4koan5parse11triple_list5testss_39identifier_only_rejects_type_token_name0B9_
FN:85,_RNCNvNtNtNtCseriWsCb5ev6_4koan5parse11triple_list5testss_42identifier_or_type_accepts_type_token_name0B9_
FN:71,_RNvNtNtNtCseriWsCb5ev6_4koan5parse11triple_list5tests15type_named_pair
FN:95,_RNvNtNtNtCseriWsCb5ev6_4koan5parse11triple_list5testss_39identifier_only_rejects_type_token_name
FN:79,_RNvNtNtNtCseriWsCb5ev6_4koan5parse11triple_list5testss_42identifier_or_type_accepts_type_token_name
FNDA:13,_RINvNtNtCscUx3zdyuqfq_4koan5parse11triple_list15parse_pair_listNtNtNtNtNtB6_7machine5model5types5ktype5KTypeNCNvNtB13_16typed_field_list37parse_typed_field_list_via_elaborator0EB6_
FNDA:5,_RNCINvNtNtCscUx3zdyuqfq_4koan5parse11triple_list15parse_pair_listNtNtNtNtNtB8_7machine5model5types5ktype5KTypeNCNvNtB15_16typed_field_list37parse_typed_field_list_via_elaborator0E0B8_
FNDA:1,_RINvNtNtCseriWsCb5ev6_4koan5parse11triple_list15parse_pair_listNtNtCsgW8esjfipvk_5alloc6string6StringNCNvNtB2_5testss_42identifier_or_type_accepts_type_token_name0EB6_
FNDA:129,_RINvNtNtCseriWsCb5ev6_4koan5parse11triple_list15parse_pair_listNtNtNtNtNtB6_7machine5model5types5ktype5KTypeNCNvNtB13_16typed_field_list37parse_typed_field_list_via_elaborator0EB6_
FNDA:1,_RINvNtNtCseriWsCb5ev6_4koan5parse11triple_list15parse_pair_listuNCNvNtB2_5testss_39identifier_only_rejects_type_token_name0EB6_
FNDA:0,_RNCINvNtNtCseriWsCb5ev6_4koan5parse11triple_list15parse_pair_listNtNtCsgW8esjfipvk_5alloc6string6StringNCNvNtB4_5testss_42identifier_or_type_accepts_type_token_name0E0B8_
FNDA:71,_RNCINvNtNtCseriWsCb5ev6_4koan5parse11triple_list15parse_pair_listNtNtNtNtNtB8_7machine5model5types5ktype5KTypeNCNvNtB15_16typed_field_list37parse_typed_field_list_via_elaborator0E0B8_
FNDA:0,_RNCINvNtNtCseriWsCb5ev6_4koan5parse11triple_list15parse_pair_listuNCNvNtB4_5testss_39identifier_only_rejects_type_token_name0E0B8_
FNDA:0,_RNCNvNtNtNtCseriWsCb5ev6_4koan5parse11triple_list5testss_39identifier_only_rejects_type_token_name0B9_
FNDA:1,_RNCNvNtNtNtCseriWsCb5ev6_4koan5parse11triple_list5testss_42identifier_or_type_accepts_type_token_name0B9_
FNDA:2,_RNvNtNtNtCseriWsCb5ev6_4koan5parse11triple_list5tests15type_named_pair
FNDA:1,_RNvNtNtNtCseriWsCb5ev6_4koan5parse11triple_list5testss_39identifier_only_rejects_type_token_name
FNDA:1,_RNvNtNtNtCseriWsCb5ev6_4koan5parse11triple_list5testss_42identifier_or_type_accepts_type_token_name
FNF:7
FNH:6
DA:25,144
DA:26,144
DA:27,144
DA:28,144
DA:29,144
DA:30,144
DA:31,144
DA:32,144
DA:33,2
DA:34,2
DA:35,2
DA:36,2
DA:37,142
DA:38,142
DA:39,142
DA:40,347
DA:41,211
DA:42,202
DA:45,8
DA:46,1
DA:47,1
DA:48,1
DA:49,1
DA:50,1
DA:53,210
DA:54,2
DA:55,208
DA:56,208
DA:57,205
DA:58,205
DA:60,136
DA:61,144
DA:71,2
DA:72,2
DA:73,2
DA:74,2
DA:76,2
DA:79,1
DA:80,1
DA:81,1
DA:82,1
DA:83,1
DA:84,1
DA:85,1
DA:86,1
DA:87,0
DA:88,1
DA:90,1
DA:91,1
DA:92,1
DA:95,1
DA:96,1
DA:97,1
DA:98,0
DA:99,0
DA:100,1
DA:101,1
DA:104,1
BRF:0
BRH:0
LF:60
LH:51
end_of_record
SF:/var/home/jack/Code/koan/src/parse/whitespace.rs
FN:37,_RNvNtNtCscUx3zdyuqfq_4koan5parse10whitespace12collapse_str
FN:291,_RNvNtNtCscUx3zdyuqfq_4koan5parse10whitespace13adjust_parens
FN:278,_RNvNtNtCscUx3zdyuqfq_4koan5parse10whitespace16line_delim_delta
FN:284,_RNvNtNtCscUx3zdyuqfq_4koan5parse10whitespace16line_paren_delta
FN:31,_RNvNtNtCscUx3zdyuqfq_4koan5parse10whitespace19collapse_whitespace
FN:233,_RNvNtNtCscUx3zdyuqfq_4koan5parse10whitespace19walk_content_cursor
FN:224,_RNvNtNtCscUx3zdyuqfq_4koan5parse10whitespace9emit_jump
FN:55,_RNCNvNtNtCscUx3zdyuqfq_4koan5parse10whitespace12collapse_str0B7_
FN:149,_RNCNvNtNtCscUx3zdyuqfq_4koan5parse10whitespace12collapse_strs0_0B7_
FN:56,_RNCNvNtNtCscUx3zdyuqfq_4koan5parse10whitespace12collapse_strs_0B7_
FN:279,_RNCNvNtNtCscUx3zdyuqfq_4koan5parse10whitespace16line_delim_delta0B7_
FN:280,_RNCNvNtNtCscUx3zdyuqfq_4koan5parse10whitespace16line_delim_deltas_0B7_
FN:285,_RNCNvNtNtCscUx3zdyuqfq_4koan5parse10whitespace16line_paren_delta0B7_
FN:286,_RNCNvNtNtCscUx3zdyuqfq_4koan5parse10whitespace16line_paren_deltas_0B7_
FN:33,_RNCNvNtNtCscUx3zdyuqfq_4koan5parse10whitespace19collapse_whitespace0B7_
FN:252,_RNCNvNtNtCscUx3zdyuqfq_4koan5parse10whitespace19walk_content_cursor0B7_
FN:253,_RNCNvNtNtCscUx3zdyuqfq_4koan5parse10whitespace19walk_content_cursors_0B7_
FN:37,_RNvNtNtCseriWsCb5ev6_4koan5parse10whitespace12collapse_str
FN:291,_RNvNtNtCseriWsCb5ev6_4koan5parse10whitespace13adjust_parens
FN:278,_RNvNtNtCseriWsCb5ev6_4koan5parse10whitespace16line_delim_delta
FN:284,_RNvNtNtCseriWsCb5ev6_4koan5parse10whitespace16line_paren_delta
FN:31,_RNvNtNtCseriWsCb5ev6_4koan5parse10whitespace19collapse_whitespace
FN:233,_RNvNtNtCseriWsCb5ev6_4koan5parse10whitespace19walk_content_cursor
FN:224,_RNvNtNtCseriWsCb5ev6_4koan5parse10whitespace9emit_jump
FN:55,_RNCNvNtNtCseriWsCb5ev6_4koan5parse10whitespace12collapse_str0B7_
FN:149,_RNCNvNtNtCseriWsCb5ev6_4koan5parse10whitespace12collapse_strs0_0B7_
FN:56,_RNCNvNtNtCseriWsCb5ev6_4koan5parse10whitespace12collapse_strs_0B7_
FN:279,_RNCNvNtNtCseriWsCb5ev6_4koan5parse10whitespace16line_delim_delta0B7_
FN:280,_RNCNvNtNtCseriWsCb5ev6_4koan5parse10whitespace16line_delim_deltas_0B7_
FN:285,_RNCNvNtNtCseriWsCb5ev6_4koan5parse10whitespace16line_paren_delta0B7_
FN:286,_RNCNvNtNtCseriWsCb5ev6_4koan5parse10whitespace16line_paren_deltas_0B7_
FN:33,_RNCNvNtNtCseriWsCb5ev6_4koan5parse10whitespace19collapse_whitespace0B7_
FN:252,_RNCNvNtNtCseriWsCb5ev6_4koan5parse10whitespace19walk_content_cursor0B7_
FN:253,_RNCNvNtNtCseriWsCb5ev6_4koan5parse10whitespace19walk_content_cursors_0B7_
FNDA:40,_RNvNtNtCscUx3zdyuqfq_4koan5parse10whitespace12collapse_str
FNDA:95,_RNvNtNtCscUx3zdyuqfq_4koan5parse10whitespace13adjust_parens
FNDA:95,_RNvNtNtCscUx3zdyuqfq_4koan5parse10whitespace16line_delim_delta
FNDA:95,_RNvNtNtCscUx3zdyuqfq_4koan5parse10whitespace16line_paren_delta
FNDA:40,_RNvNtNtCscUx3zdyuqfq_4koan5parse10whitespace19collapse_whitespace
FNDA:95,_RNvNtNtCscUx3zdyuqfq_4koan5parse10whitespace19walk_content_cursor
FNDA:190,_RNvNtNtCscUx3zdyuqfq_4koan5parse10whitespace9emit_jump
FNDA:3070,_RNCNvNtNtCscUx3zdyuqfq_4koan5parse10whitespace12collapse_str0B7_
FNDA:0,_RNCNvNtNtCscUx3zdyuqfq_4koan5parse10whitespace12collapse_strs0_0B7_
FNDA:55,_RNCNvNtNtCscUx3zdyuqfq_4koan5parse10whitespace12collapse_strs_0B7_
FNDA:3015,_RNCNvNtNtCscUx3zdyuqfq_4koan5parse10whitespace16line_delim_delta0B7_
FNDA:3015,_RNCNvNtNtCscUx3zdyuqfq_4koan5parse10whitespace16line_delim_deltas_0B7_
FNDA:3015,_RNCNvNtNtCscUx3zdyuqfq_4koan5parse10whitespace16line_paren_delta0B7_
FNDA:3015,_RNCNvNtNtCscUx3zdyuqfq_4koan5parse10whitespace16line_paren_deltas_0B7_
FNDA:0,_RNCNvNtNtCscUx3zdyuqfq_4koan5parse10whitespace19collapse_whitespace0B7_
FNDA:1,_RNCNvNtNtCscUx3zdyuqfq_4koan5parse10whitespace19walk_content_cursor0B7_
FNDA:0,_RNCNvNtNtCscUx3zdyuqfq_4koan5parse10whitespace19walk_content_cursors_0B7_
FNDA:894,_RNvNtNtCseriWsCb5ev6_4koan5parse10whitespace12collapse_str
FNDA:1310,_RNvNtNtCseriWsCb5ev6_4koan5parse10whitespace13adjust_parens
FNDA:1310,_RNvNtNtCseriWsCb5ev6_4koan5parse10whitespace16line_delim_delta
FNDA:1317,_RNvNtNtCseriWsCb5ev6_4koan5parse10whitespace16line_paren_delta
FNDA:894,_RNvNtNtCseriWsCb5ev6_4koan5parse10whitespace19collapse_whitespace
FNDA:1317,_RNvNtNtCseriWsCb5ev6_4koan5parse10whitespace19walk_content_cursor
FNDA:2562,_RNvNtNtCseriWsCb5ev6_4koan5parse10whitespace9emit_jump
FNDA:35250,_RNCNvNtNtCseriWsCb5ev6_4koan5parse10whitespace12collapse_str0B7_
FNDA:129,_RNCNvNtNtCseriWsCb5ev6_4koan5parse10whitespace12collapse_strs0_0B7_
FNDA:447,_RNCNvNtNtCseriWsCb5ev6_4koan5parse10whitespace12collapse_strs_0B7_
FNDA:34519,_RNCNvNtNtCseriWsCb5ev6_4koan5parse10whitespace16line_delim_delta0B7_
FNDA:34519,_RNCNvNtNtCseriWsCb5ev6_4koan5parse10whitespace16line_delim_deltas_0B7_
FNDA:34541,_RNCNvNtNtCseriWsCb5ev6_4koan5parse10whitespace16line_paren_delta0B7_
FNDA:34541,_RNCNvNtNtCseriWsCb5ev6_4koan5parse10whitespace16line_paren_deltas_0B7_
FNDA:0,_RNCNvNtNtCseriWsCb5ev6_4koan5parse10whitespace19collapse_whitespace0B7_
FNDA:213,_RNCNvNtNtCseriWsCb5ev6_4koan5parse10whitespace19walk_content_cursor0B7_
FNDA:0,_RNCNvNtNtCseriWsCb5ev6_4koan5parse10whitespace19walk_content_cursors_0B7_
FNF:17
FNH:15
DA:31,934
DA:32,934
DA:33,934
DA:34,934
DA:35,934
DA:37,934
DA:38,934
DA:39,934
DA:40,934
DA:41,934
DA:42,934
DA:45,934
DA:47,934
DA:48,934
DA:49,934
DA:50,934
DA:52,2362
DA:53,1435
DA:54,1435
DA:55,38320
DA:56,1435
DA:57,1435
DA:59,1435
DA:60,1435
DA:61,1435
DA:62,1435
DA:64,1435
DA:66,1435
DA:70,23
DA:71,23
DA:72,23
DA:73,8
DA:75,15
DA:77,23
DA:78,23
DA:79,1412
DA:81,1412
DA:83,1412
DA:84,1412
DA:86,1412
DA:87,1412
DA:89,1412
DA:90,1412
DA:91,1412
DA:92,1412
DA:93,1412
DA:117,1412
DA:118,54
DA:119,54
DA:120,1358
DA:123,1358
DA:124,16
DA:127,7
DA:128,1
DA:129,1
DA:130,1
DA:131,1
DA:132,1
DA:133,6
DA:134,6
DA:135,6
DA:136,9
DA:137,9
DA:140,1
DA:141,1
DA:142,1
DA:143,1
DA:144,1
DA:145,1
DA:146,8
DA:147,1342
DA:149,1350
DA:150,3
DA:151,3
DA:152,3
DA:153,3
DA:154,3
DA:155,3
DA:156,3
DA:157,3
DA:158,1347
DA:159,1347
DA:160,2
DA:161,2
DA:162,2
DA:163,2
DA:164,2
DA:165,2
DA:166,2
DA:167,2
DA:168,1345
DA:170,1737
DA:171,430
DA:172,392
DA:173,392
DA:174,392
DA:175,392
DA:176,38
DA:182,1345
DA:183,413
DA:184,932
DA:188,1345
DA:189,1345
DA:190,11
DA:191,11
DA:192,11
DA:193,11
DA:194,11
DA:195,1334
DA:196,1334
DA:197,1334
DA:198,1334
DA:199,1334
DA:201,1345
DA:202,1345
DA:203,1345
DA:204,1345
DA:205,1345
DA:207,1345
DA:208,1345
DA:209,462
DA:211,883
DA:213,1345
DA:216,1871
DA:217,944
DA:218,944
DA:219,944
DA:221,927
DA:222,934
DA:224,2752
DA:225,2752
DA:226,2752
DA:227,2752
DA:228,2752
DA:233,1412
DA:234,1412
DA:235,1412
DA:236,37628
DA:237,36216
DA:238,36216
DA:239,214
DA:240,214
DA:241,687
DA:242,473
DA:243,473
DA:244,214
DA:245,0
DA:246,214
DA:247,214
DA:248,0
DA:249,214
DA:250,214
DA:251,214
DA:252,214
DA:253,214
DA:254,214
DA:255,36002
DA:256,214
DA:257,428
DA:258,214
DA:259,214
DA:260,214
DA:261,0
DA:262,214
DA:263,214
DA:264,439
DA:265,225
DA:266,225
DA:267,214
DA:268,35788
DA:269,35788
DA:270,35788
DA:271,35788
DA:273,1412
DA:274,1412
DA:278,1405
DA:279,37534
DA:280,37534
DA:281,1405
DA:282,1405
DA:284,1412
DA:285,37556
DA:286,37556
DA:287,1412
DA:288,1412
DA:291,1405
DA:292,1405
DA:293,10
DA:294,10
DA:295,10
DA:297,1395
DA:298,8
DA:299,8
DA:301,1405
BRF:0
BRH:0
LF:204
LH:199
end_of_record