SF:/var/home/jack/Code/koan/src/builtins.rs
FN:107,_RNvNtCs3yqXWJWMNss_4koan8builtins13default_scope
FN:73,_RNvNtCs3yqXWJWMNss_4koan8builtins16register_builtin
FN:38,_RNvNtCs3yqXWJWMNss_4koan8builtins20dispatch_constructor
FN:84,_RNvNtCs3yqXWJWMNss_4koan8builtins29register_builtin_with_pre_run
FN:57,_RNvNtCs3yqXWJWMNss_4koan8builtins2kw
FN:62,_RNvNtCs3yqXWJWMNss_4koan8builtins3arg
FN:52,_RNvNtCs3yqXWJWMNss_4koan8builtins3err
FN:69,_RNvNtCs3yqXWJWMNss_4koan8builtins3sig
FN:107,_RNvNtCs8h7e9k1J8CD_4koan8builtins13default_scope
FN:73,_RNvNtCs8h7e9k1J8CD_4koan8builtins16register_builtin
FN:38,_RNvNtCs8h7e9k1J8CD_4koan8builtins20dispatch_constructor
FN:84,_RNvNtCs8h7e9k1J8CD_4koan8builtins29register_builtin_with_pre_run
FN:57,_RNvNtCs8h7e9k1J8CD_4koan8builtins2kw
FN:62,_RNvNtCs8h7e9k1J8CD_4koan8builtins3arg
FN:52,_RNvNtCs8h7e9k1J8CD_4koan8builtins3err
FN:69,_RNvNtCs8h7e9k1J8CD_4koan8builtins3sig
FNDA:15,_RNvNtCs3yqXWJWMNss_4koan8builtins13default_scope
FNDA:420,_RNvNtCs3yqXWJWMNss_4koan8builtins16register_builtin
FNDA:1,_RNvNtCs3yqXWJWMNss_4koan8builtins20dispatch_constructor
FNDA:570,_RNvNtCs3yqXWJWMNss_4koan8builtins29register_builtin_with_pre_run
FNDA:675,_RNvNtCs3yqXWJWMNss_4koan8builtins2kw
FNDA:990,_RNvNtCs3yqXWJWMNss_4koan8builtins3arg
FNDA:0,_RNvNtCs3yqXWJWMNss_4koan8builtins3err
FNDA:540,_RNvNtCs3yqXWJWMNss_4koan8builtins3sig
FNDA:362,_RNvNtCs8h7e9k1J8CD_4koan8builtins13default_scope
FNDA:10156,_RNvNtCs8h7e9k1J8CD_4koan8builtins16register_builtin
FNDA:84,_RNvNtCs8h7e9k1J8CD_4koan8builtins20dispatch_constructor
FNDA:13777,_RNvNtCs8h7e9k1J8CD_4koan8builtins29register_builtin_with_pre_run
FNDA:16290,_RNvNtCs8h7e9k1J8CD_4koan8builtins2kw
FNDA:23892,_RNvNtCs8h7e9k1J8CD_4koan8builtins3arg
FNDA:61,_RNvNtCs8h7e9k1J8CD_4koan8builtins3err
FNDA:13032,_RNvNtCs8h7e9k1J8CD_4koan8builtins3sig
FNF:8
FNH:8
DA:38,85
DA:39,85
DA:40,85
DA:41,85
DA:42,85
DA:43,54
DA:44,30
DA:45,1
DA:47,85
DA:52,61
DA:53,61
DA:54,61
DA:57,16965
DA:58,16965
DA:59,16965
DA:62,24882
DA:63,24882
DA:64,24882
DA:69,13572
DA:70,13572
DA:71,13572
DA:73,10576
DA:74,10576
DA:75,10576
DA:76,10576
DA:77,10576
DA:78,10576
DA:79,10576
DA:80,10576
DA:84,14347
DA:85,14347
DA:86,14347
DA:87,14347
DA:88,14347
DA:89,14347
DA:90,14347
DA:91,14347
DA:94,14347
DA:95,14347
DA:96,14347
DA:97,14347
DA:98,14347
DA:107,377
DA:108,377
DA:109,377
DA:110,377
DA:111,377
DA:117,377
DA:118,377
DA:119,377
DA:120,377
DA:121,377
DA:122,377
DA:123,377
DA:124,377
DA:126,377
DA:127,377
DA:132,377
DA:133,377
DA:134,377
DA:135,377
DA:136,377
DA:138,377
DA:139,377
DA:140,377
DA:141,377
DA:142,377
DA:143,377
DA:144,377
DA:145,377
DA:146,377
DA:147,377
DA:148,377
DA:149,377
DA:150,377
DA:151,377
DA:152,377
DA:153,377
DA:154,377
DA:155,377
DA:156,377
DA:157,377
DA:158,377
DA:159,377
DA:160,377
DA:162,377
DA:163,377
BRF:0
BRH:0
LF:87
LH:87
end_of_record
SF:/var/home/jack/Code/koan/src/builtins/ascribe.rs
FN:16,_RNvNtNtCs3yqXWJWMNss_4koan8builtins7ascribe11body_opaque
FN:127,_RNvNtNtCs3yqXWJWMNss_4koan8builtins7ascribe11shape_check
FN:100,_RNvNtNtCs3yqXWJWMNss_4koan8builtins7ascribe16body_transparent
FN:177,_RNvNtNtCs3yqXWJWMNss_4koan8builtins7ascribe21is_abstract_type_name
FN:160,_RNvNtNtCs3yqXWJWMNss_4koan8builtins7ascribe22abstract_type_names_of
FN:189,_RNvNtNtCs3yqXWJWMNss_4koan8builtins7ascribe28resolve_module_and_signature
FN:197,_RNvNtNtCs3yqXWJWMNss_4koan8builtins7ascribe8register
FN:183,_RNCNvNtNtCs3yqXWJWMNss_4koan8builtins7ascribe21is_abstract_type_name0B7_
FN:183,_RNCNvNtNtCs8h7e9k1J8CD_4koan8builtins7ascribe21is_abstract_type_name0B7_
FN:16,_RNvNtNtCs8h7e9k1J8CD_4koan8builtins7ascribe11body_opaque
FN:127,_RNvNtNtCs8h7e9k1J8CD_4koan8builtins7ascribe11shape_check
FN:100,_RNvNtNtCs8h7e9k1J8CD_4koan8builtins7ascribe16body_transparent
FN:177,_RNvNtNtCs8h7e9k1J8CD_4koan8builtins7ascribe21is_abstract_type_name
FN:160,_RNvNtNtCs8h7e9k1J8CD_4koan8builtins7ascribe22abstract_type_names_of
FN:189,_RNvNtNtCs8h7e9k1J8CD_4koan8builtins7ascribe28resolve_module_and_signature
FN:197,_RNvNtNtCs8h7e9k1J8CD_4koan8builtins7ascribe8register
FNDA:0,_RNvNtNtCs3yqXWJWMNss_4koan8builtins7ascribe11body_opaque
FNDA:0,_RNvNtNtCs3yqXWJWMNss_4koan8builtins7ascribe11shape_check
FNDA:0,_RNvNtNtCs3yqXWJWMNss_4koan8builtins7ascribe16body_transparent
FNDA:0,_RNvNtNtCs3yqXWJWMNss_4koan8builtins7ascribe21is_abstract_type_name
FNDA:0,_RNvNtNtCs3yqXWJWMNss_4koan8builtins7ascribe22abstract_type_names_of
FNDA:0,_RNvNtNtCs3yqXWJWMNss_4koan8builtins7ascribe28resolve_module_and_signature
FNDA:15,_RNvNtNtCs3yqXWJWMNss_4koan8builtins7ascribe8register
FNDA:0,_RNCNvNtNtCs3yqXWJWMNss_4koan8builtins7ascribe21is_abstract_type_name0B7_
FNDA:9,_RNCNvNtNtCs8h7e9k1J8CD_4koan8builtins7ascribe21is_abstract_type_name0B7_
FNDA:20,_RNvNtNtCs8h7e9k1J8CD_4koan8builtins7ascribe11body_opaque
FNDA:35,_RNvNtNtCs8h7e9k1J8CD_4koan8builtins7ascribe11shape_check
FNDA:15,_RNvNtNtCs8h7e9k1J8CD_4koan8builtins7ascribe16body_transparent
FNDA:120,_RNvNtNtCs8h7e9k1J8CD_4koan8builtins7ascribe21is_abstract_type_name
FNDA:62,_RNvNtNtCs8h7e9k1J8CD_4koan8builtins7ascribe22abstract_type_names_of
FNDA:35,_RNvNtNtCs8h7e9k1J8CD_4koan8builtins7ascribe28resolve_module_and_signature
FNDA:362,_RNvNtNtCs8h7e9k1J8CD_4koan8builtins7ascribe8register
FNF:8
FNH:8
DA:16,20
DA:17,20
DA:18,20
DA:19,20
DA:20,20
DA:21,20
DA:22,20
DA:23,0
DA:26,20
DA:27,20
DA:28,20
DA:29,20
DA:37,20
DA:38,20
DA:39,0
DA:40,20
DA:42,20
DA:56,20
DA:57,20
DA:59,20
DA:60,20
DA:61,13
DA:62,3
DA:63,3
DA:65,10
DA:67,13
DA:68,13
DA:69,13
DA:70,13
DA:71,13
DA:72,13
DA:73,13
DA:74,13
DA:77,20
DA:78,13
DA:79,13
DA:80,13
DA:81,13
DA:82,7
DA:84,20
DA:85,2
DA:86,18
DA:91,18
DA:95,18
DA:96,18
DA:97,20
DA:100,15
DA:101,15
DA:102,15
DA:103,15
DA:104,15
DA:105,15
DA:106,15
DA:107,0
DA:109,15
DA:110,0
DA:111,15
DA:113,15
DA:114,15
DA:115,15
DA:116,15
DA:117,15
DA:120,15
DA:121,15
DA:122,15
DA:123,15
DA:127,35
DA:128,35
DA:129,35
DA:130,35
DA:133,35
DA:134,35
DA:135,35
DA:136,35
DA:137,35
DA:138,32
DA:139,0
DA:140,32
DA:141,32
DA:142,2
DA:143,2
DA:144,2
DA:145,2
DA:146,30
DA:148,33
DA:149,35
DA:160,62
DA:161,62
DA:162,62
DA:163,62
DA:164,62
DA:165,62
DA:166,62
DA:167,62
DA:168,56
DA:169,0
DA:170,56
DA:172,62
DA:173,62
DA:177,120
DA:178,120
DA:179,120
DA:180,120
DA:181,111
DA:182,9
DA:183,9
DA:184,120
DA:189,35
DA:190,35
DA:191,35
DA:192,35
DA:193,35
DA:194,35
DA:195,35
DA:197,377
DA:203,377
DA:204,377
DA:205,377
DA:206,377
DA:207,377
DA:208,377
DA:209,377
DA:210,377
DA:212,377
DA:214,377
DA:215,377
DA:216,377
DA:217,377
DA:218,377
DA:219,377
DA:220,377
DA:222,377
DA:224,377
BRF:0
BRH:0
LF:134
LH:128
end_of_record
SF:/var/home/jack/Code/koan/src/builtins/attr.rs
FN:128,_RNvNtNtCs3yqXWJWMNss_4koan8builtins4attr11body_module
FN:110,_RNvNtNtCs3yqXWJWMNss_4koan8builtins4attr11body_struct
FN:164,_RNvNtNtCs3yqXWJWMNss_4koan8builtins4attr12access_field
FN:69,_RNvNtNtCs3yqXWJWMNss_4koan8builtins4attr13body_type_lhs
FN:31,_RNvNtNtCs3yqXWJWMNss_4koan8builtins4attr15body_identifier
FN:144,_RNvNtNtCs3yqXWJWMNss_4koan8builtins4attr15read_field_name
FN:216,_RNvNtNtCs3yqXWJWMNss_4koan8builtins4attr20access_module_member
FN:244,_RNvNtNtCs3yqXWJWMNss_4koan8builtins4attr8register
FN:128,_RNvNtNtCs8h7e9k1J8CD_4koan8builtins4attr11body_module
FN:110,_RNvNtNtCs8h7e9k1J8CD_4koan8builtins4attr11body_struct
FN:164,_RNvNtNtCs8h7e9k1J8CD_4koan8builtins4attr12access_field
FN:69,_RNvNtNtCs8h7e9k1J8CD_4koan8builtins4attr13body_type_lhs
FN:31,_RNvNtNtCs8h7e9k1J8CD_4koan8builtins4attr15body_identifier
FN:144,_RNvNtNtCs8h7e9k1J8CD_4koan8builtins4attr15read_field_name
FN:216,_RNvNtNtCs8h7e9k1J8CD_4koan8builtins4attr20access_module_member
FN:244,_RNvNtNtCs8h7e9k1J8CD_4koan8builtins4attr8register
FN:330,_RNvNtNtNtCs8h7e9k1J8CD_4koan8builtins4attr5testss_24attr_unbound_name_errors
FN:357,_RNvNtNtNtCs8h7e9k1J8CD_4koan8builtins4attr5testss_25attr_unknown_field_errors
FN:341,_RNvNtNtNtCs8h7e9k1J8CD_4koan8builtins4attr5testss_31attr_on_non_struct_value_errors
FN:373,_RNvNtNtNtCs8h7e9k1J8CD_4koan8builtins4attr5testss_33attr_chained_unknown_field_errors
FN:314,_RNvNtNtNtCs8h7e9k1J8CD_4koan8builtins4attr5testss_34attr_chained_through_nested_struct
FN:290,_RNvNtNtNtCs8h7e9k1J8CD_4koan8builtins4attr5testss_34attr_reads_field_from_named_struct
FN:302,_RNvNtNtNtCs8h7e9k1J8CD_4koan8builtins4attr5testss_35attr_reads_each_field_independently
FN:416,_RNvNtNtNtCs8h7e9k1J8CD_4koan8builtins4attr5testss_39access_field_rejects_wrapped_non_struct
FN:397,_RNvNtNtNtCs8h7e9k1J8CD_4koan8builtins4attr5testss_41access_field_falls_through_wrapped_struct
FN:440,_RNvNtNtNtCs8h7e9k1J8CD_4koan8builtins4attr5testss_53access_field_falls_through_wrapped_with_missing_field
FNDA:1,_RNvNtNtCs3yqXWJWMNss_4koan8builtins4attr11body_module
FNDA:0,_RNvNtNtCs3yqXWJWMNss_4koan8builtins4attr11body_struct
FNDA:6,_RNvNtNtCs3yqXWJWMNss_4koan8builtins4attr12access_field
FNDA:5,_RNvNtNtCs3yqXWJWMNss_4koan8builtins4attr13body_type_lhs
FNDA:1,_RNvNtNtCs3yqXWJWMNss_4koan8builtins4attr15body_identifier
FNDA:7,_RNvNtNtCs3yqXWJWMNss_4koan8builtins4attr15read_field_name
FNDA:6,_RNvNtNtCs3yqXWJWMNss_4koan8builtins4attr20access_module_member
FNDA:15,_RNvNtNtCs3yqXWJWMNss_4koan8builtins4attr8register
FNDA:1,_RNvNtNtCs8h7e9k1J8CD_4koan8builtins4attr11body_module
FNDA:2,_RNvNtNtCs8h7e9k1J8CD_4koan8builtins4attr11body_struct
FNDA:31,_RNvNtNtCs8h7e9k1J8CD_4koan8builtins4attr12access_field
FNDA:6,_RNvNtNtCs8h7e9k1J8CD_4koan8builtins4attr13body_type_lhs
FNDA:20,_RNvNtNtCs8h7e9k1J8CD_4koan8builtins4attr15body_identifier
FNDA:29,_RNvNtNtCs8h7e9k1J8CD_4koan8builtins4attr15read_field_name
FNDA:10,_RNvNtNtCs8h7e9k1J8CD_4koan8builtins4attr20access_module_member
FNDA:362,_RNvNtNtCs8h7e9k1J8CD_4koan8builtins4attr8register
FNDA:1,_RNvNtNtNtCs8h7e9k1J8CD_4koan8builtins4attr5testss_24attr_unbound_name_errors
FNDA:1,_RNvNtNtNtCs8h7e9k1J8CD_4koan8builtins4attr5testss_25attr_unknown_field_errors
FNDA:1,_RNvNtNtNtCs8h7e9k1J8CD_4koan8builtins4attr5testss_31attr_on_non_struct_value_errors
FNDA:1,_RNvNtNtNtCs8h7e9k1J8CD_4koan8builtins4attr5testss_33attr_chained_unknown_field_errors
FNDA:1,_RNvNtNtNtCs8h7e9k1J8CD_4koan8builtins4attr5testss_34attr_chained_through_nested_struct
FNDA:1,_RNvNtNtNtCs8h7e9k1J8CD_4koan8builtins4attr5testss_34attr_reads_field_from_named_struct
FNDA:1,_RNvNtNtNtCs8h7e9k1J8CD_4koan8builtins4attr5testss_35attr_reads_each_field_independently
FNDA:1,_RNvNtNtNtCs8h7e9k1J8CD_4koan8builtins4attr5testss_39access_field_rejects_wrapped_non_struct
FNDA:1,_RNvNtNtNtCs8h7e9k1J8CD_4koan8builtins4attr5testss_41access_field_falls_through_wrapped_struct
FNDA:1,_RNvNtNtNtCs8h7e9k1J8CD_4koan8builtins4attr5testss_53access_field_falls_through_wrapped_with_missing_field
FNF:18
FNH:18
DA:31,21
DA:32,21
DA:33,21
DA:34,21
DA:35,21
DA:36,21
DA:37,21
DA:38,0
DA:39,0
DA:40,0
DA:41,0
DA:42,0
DA:43,0
DA:45,0
DA:47,21
DA:48,21
DA:49,21
DA:50,0
DA:52,21
DA:53,20
DA:54,1
DA:56,20
DA:57,21
DA:69,11
DA:70,11
DA:71,11
DA:72,11
DA:73,11
DA:74,11
DA:79,0
DA:84,11
DA:85,0
DA:86,0
DA:87,0
DA:88,0
DA:89,0
DA:90,0
DA:92,0
DA:94,11
DA:95,11
DA:96,0
DA:103,11
DA:104,11
DA:105,0
DA:107,11
DA:108,11
DA:110,2
DA:111,2
DA:112,2
DA:113,2
DA:114,2
DA:115,2
DA:116,2
DA:117,0
DA:119,2
DA:120,2
DA:121,0
DA:123,2
DA:124,2
DA:128,2
DA:129,2
DA:130,2
DA:131,2
DA:132,2
DA:133,2
DA:134,2
DA:135,0
DA:137,2
DA:138,2
DA:139,0
DA:141,2
DA:142,2
DA:144,36
DA:145,36
DA:146,29
DA:150,0
DA:154,7
DA:155,0
DA:156,0
DA:157,0
DA:158,0
DA:159,0
DA:160,0
DA:162,36
DA:164,37
DA:165,37
DA:166,37
DA:167,37
DA:168,37
DA:169,37
DA:170,17
DA:171,14
DA:172,3
DA:173,3
DA:174,3
DA:175,3
DA:179,14
DA:188,4
DA:189,2
DA:190,2
DA:191,2
DA:192,2
DA:193,2
DA:195,37
DA:216,16
DA:217,16
DA:218,0
DA:219,0
DA:220,0
DA:221,0
DA:222,0
DA:224,16
DA:225,5
DA:226,5
DA:227,5
DA:228,11
DA:229,11
DA:230,11
DA:231,10
DA:232,1
DA:233,1
DA:234,0
DA:235,0
DA:236,0
DA:237,1
DA:238,1
DA:239,1
DA:240,1
DA:241,1
DA:242,16
DA:244,377
DA:245,377
DA:246,377
DA:247,377
DA:248,377
DA:249,377
DA:251,377
DA:252,377
DA:253,377
DA:254,377
DA:255,377
DA:256,377
DA:257,377
DA:258,377
DA:259,377
DA:267,377
DA:268,377
DA:269,377
DA:270,377
DA:271,377
DA:272,377
DA:273,377
DA:274,377
DA:275,377
DA:278,377
DA:279,377
DA:280,377
DA:281,377
DA:290,1
DA:291,1
DA:292,1
DA:293,1
DA:294,1
DA:295,1
DA:297,1
DA:298,1
DA:299,1
DA:302,1
DA:303,1
DA:304,1
DA:305,1
DA:306,1
DA:307,1
DA:309,1
DA:310,1
DA:311,1
DA:314,1
DA:315,1
DA:316,1
DA:317,1
DA:318,1
DA:319,1
DA:320,1
DA:321,1
DA:322,1
DA:323,1
DA:325,1
DA:326,1
DA:327,1
DA:330,1
DA:331,1
DA:332,1
DA:333,1
DA:334,1
DA:335,1
DA:338,1
DA:341,1
DA:342,1
DA:343,1
DA:344,1
DA:345,1
DA:346,1
DA:347,1
DA:348,1
DA:349,1
DA:350,1
DA:352,0
DA:354,1
DA:357,1
DA:358,1
DA:359,1
DA:360,1
DA:361,1
DA:362,1
DA:364,1
DA:365,1
DA:366,1
DA:367,1
DA:370,1
DA:373,1
DA:374,1
DA:375,1
DA:376,1
DA:377,1
DA:378,1
DA:379,1
DA:380,1
DA:381,1
DA:382,1
DA:384,1
DA:385,1
DA:386,1
DA:387,1
DA:390,1
DA:397,1
DA:398,1
DA:399,1
DA:400,1
DA:401,1
DA:402,1
DA:403,1
DA:404,1
DA:405,1
DA:407,1
DA:408,1
DA:409,1
DA:416,1
DA:417,1
DA:418,1
DA:419,1
DA:420,1
DA:421,1
DA:422,1
DA:424,1
DA:425,1
DA:426,1
DA:427,1
DA:428,1
DA:429,1
DA:431,0
DA:433,1
DA:440,1
DA:441,1
DA:442,1
DA:443,1
DA:444,1
DA:445,1
DA:446,1
DA:447,1
DA:448,1
DA:450,1
DA:451,1
DA:452,1
DA:453,1
DA:456,1
BRF:0
BRH:0
LF:275
LH:233
end_of_record
SF:/var/home/jack/Code/koan/src/builtins/branch_walk.rs
FN:20,_RNvNtNtCs3yqXWJWMNss_4koan8builtins11branch_walk16find_branch_body
FN:20,_RNvNtNtCs8h7e9k1J8CD_4koan8builtins11branch_walk16find_branch_body
FNDA:0,_RNvNtNtCs3yqXWJWMNss_4koan8builtins11branch_walk16find_branch_body
FNDA:72,_RNvNtNtCs8h7e9k1J8CD_4koan8builtins11branch_walk16find_branch_body
FNF:1
FNH:1
DA:20,72
DA:21,72
DA:22,72
DA:23,72
DA:24,72
DA:25,72
DA:26,72
DA:27,0
DA:28,0
DA:29,0
DA:30,0
DA:31,72
DA:32,72
DA:33,72
DA:34,106
DA:35,99
DA:36,99
DA:37,99
DA:38,99
DA:39,87
DA:43,9
DA:44,9
DA:49,3
DA:50,0
DA:51,0
DA:52,0
DA:53,0
DA:54,0
DA:57,99
DA:58,99
DA:59,0
DA:60,0
DA:61,0
DA:62,0
DA:63,0
DA:66,99
DA:67,97
DA:68,2
DA:69,2
DA:70,2
DA:71,2
DA:72,2
DA:78,97
DA:79,97
DA:80,63
DA:81,34
DA:82,34
DA:83,3
DA:84,31
DA:85,34
DA:87,7
DA:88,72
BRF:0
BRH:0
LF:52
LH:38
end_of_record
SF:/var/home/jack/Code/koan/src/builtins/call_by_name.rs
FN:10,_RNvNtNtCs3yqXWJWMNss_4koan8builtins12call_by_name4body
FN:59,_RNvNtNtCs3yqXWJWMNss_4koan8builtins12call_by_name8register
FN:132,_RNvNtNtNtCs8h7e9k1J8CD_4koan8builtins12call_by_name5testss_26call_by_name_missing_colon
FN:78,_RNvNtNtNtCs8h7e9k1J8CD_4koan8builtins12call_by_name5testss_28fn_callable_via_call_by_name
FN:106,_RNvNtNtNtCs8h7e9k1J8CD_4koan8builtins12call_by_name5testss_30call_by_name_missing_named_arg
FN:120,_RNvNtNtNtCs8h7e9k1J8CD_4koan8builtins12call_by_name5testss_30call_by_name_unknown_named_arg
FN:144,_RNvNtNtNtCs8h7e9k1J8CD_4koan8builtins12call_by_name5testss_32call_by_name_duplicate_named_arg
FN:207,_RNvNtNtNtCs8h7e9k1J8CD_4koan8builtins12call_by_name5testss_34call_by_name_unbound_returns_error
FN:88,_RNvNtNtNtCs8h7e9k1J8CD_4koan8builtins12call_by_name5testss_36call_by_name_weaves_internal_keyword
FN:191,_RNvNtNtNtCs8h7e9k1J8CD_4koan8builtins12call_by_name5testss_38call_by_name_on_struct_type_constructs
FN:174,_RNvNtNtNtCs8h7e9k1J8CD_4koan8builtins12call_by_name5testss_39call_by_name_on_tagged_union_constructs
FN:97,_RNvNtNtNtCs8h7e9k1J8CD_4koan8builtins12call_by_name5testss_41call_by_name_named_args_order_independent
FN:158,_RNvNtNtNtCs8h7e9k1J8CD_4koan8builtins12call_by_name5testss_42call_by_name_on_non_function_returns_error
FN:238,_RNvNtNtNtCs8h7e9k1J8CD_4koan8builtins12call_by_name5testss_45escaped_closure_with_param_returns_body_value
FN:221,_RNvNtNtNtCs8h7e9k1J8CD_4koan8builtins12call_by_name5testss_48closure_escapes_outer_call_and_remains_invocable
FN:255,_RNvNtNtNtCs8h7e9k1J8CD_4koan8builtins12call_by_name5testss_52list_of_closures_escapes_outer_call_with_rc_attached
FN:10,_RNvNtNtCs8h7e9k1J8CD_4koan8builtins12call_by_name4body
FN:59,_RNvNtNtCs8h7e9k1J8CD_4koan8builtins12call_by_name8register
FNDA:0,_RNvNtNtCs3yqXWJWMNss_4koan8builtins12call_by_name4body
FNDA:15,_RNvNtNtCs3yqXWJWMNss_4koan8builtins12call_by_name8register
FNDA:1,_RNvNtNtNtCs8h7e9k1J8CD_4koan8builtins12call_by_name5testss_26call_by_name_missing_colon
FNDA:1,_RNvNtNtNtCs8h7e9k1J8CD_4koan8builtins12call_by_name5testss_28fn_callable_via_call_by_name
FNDA:1,_RNvNtNtNtCs8h7e9k1J8CD_4koan8builtins12call_by_name5testss_30call_by_name_missing_named_arg
FNDA:1,_RNvNtNtNtCs8h7e9k1J8CD_4koan8builtins12call_by_name5testss_30call_by_name_unknown_named_arg
FNDA:1,_RNvNtNtNtCs8h7e9k1J8CD_4koan8builtins12call_by_name5testss_32call_by_name_duplicate_named_arg
FNDA:1,_RNvNtNtNtCs8h7e9k1J8CD_4koan8builtins12call_by_name5testss_34call_by_name_unbound_returns_error
FNDA:1,_RNvNtNtNtCs8h7e9k1J8CD_4koan8builtins12call_by_name5testss_36call_by_name_weaves_internal_keyword
FNDA:1,_RNvNtNtNtCs8h7e9k1J8CD_4koan8builtins12call_by_name5testss_38call_by_name_on_struct_type_constructs
FNDA:1,_RNvNtNtNtCs8h7e9k1J8CD_4koan8builtins12call_by_name5testss_39call_by_name_on_tagged_union_constructs
FNDA:1,_RNvNtNtNtCs8h7e9k1J8CD_4koan8builtins12call_by_name5testss_41call_by_name_named_args_order_independent
FNDA:1,_RNvNtNtNtCs8h7e9k1J8CD_4koan8builtins12call_by_name5testss_42call_by_name_on_non_function_returns_error
FNDA:1,_RNvNtNtNtCs8h7e9k1J8CD_4koan8builtins12call_by_name5testss_45escaped_closure_with_param_returns_body_value
FNDA:1,_RNvNtNtNtCs8h7e9k1J8CD_4koan8builtins12call_by_name5testss_48closure_escapes_outer_call_and_remains_invocable
FNDA:1,_RNvNtNtNtCs8h7e9k1J8CD_4koan8builtins12call_by_name5testss_52list_of_closures_escapes_outer_call_with_rc_attached
FNDA:14,_RNvNtNtCs8h7e9k1J8CD_4koan8builtins12call_by_name4body
FNDA:362,_RNvNtNtCs8h7e9k1J8CD_4koan8builtins12call_by_name8register
FNF:16
FNH:16
DA:10,14
DA:11,14
DA:12,14
DA:13,14
DA:14,14
DA:16,14
DA:17,14
DA:18,0
DA:19,0
DA:20,0
DA:21,0
DA:22,0
DA:23,0
DA:26,0
DA:31,14
DA:32,14
DA:33,14
DA:34,0
DA:35,0
DA:36,0
DA:37,0
DA:39,0
DA:41,14
DA:42,9
DA:44,5
DA:45,1
DA:46,4
DA:47,3
DA:48,1
DA:49,1
DA:50,1
DA:51,1
DA:52,1
DA:57,14
DA:59,377
DA:60,377
DA:61,377
DA:62,377
DA:63,377
DA:64,377
DA:65,377
DA:67,377
DA:69,377
DA:78,1
DA:79,1
DA:80,1
DA:81,1
DA:82,1
DA:83,1
DA:84,1
DA:88,1
DA:89,1
DA:90,1
DA:91,1
DA:92,1
DA:93,1
DA:94,1
DA:97,1
DA:98,1
DA:99,1
DA:100,1
DA:101,1
DA:102,1
DA:103,1
DA:106,1
DA:107,1
DA:108,1
DA:109,1
DA:110,1
DA:111,1
DA:112,1
DA:115,1
DA:120,1
DA:121,1
DA:122,1
DA:123,1
DA:124,1
DA:125,1
DA:126,1
DA:129,1
DA:132,1
DA:133,1
DA:134,1
DA:135,1
DA:136,1
DA:137,1
DA:138,1
DA:141,1
DA:144,1
DA:145,1
DA:146,1
DA:147,1
DA:148,1
DA:149,1
DA:150,1
DA:153,1
DA:158,1
DA:159,1
DA:160,1
DA:161,1
DA:162,1
DA:163,1
DA:164,1
DA:165,1
DA:166,1
DA:167,1
DA:171,1
DA:174,1
DA:175,1
DA:176,1
DA:177,1
DA:178,1
DA:179,1
DA:180,1
DA:181,1
DA:182,1
DA:184,0
DA:186,1
DA:191,1
DA:192,1
DA:193,1
DA:194,1
DA:195,1
DA:196,1
DA:197,1
DA:198,1
DA:199,1
DA:200,1
DA:202,0
DA:204,1
DA:207,1
DA:208,1
DA:209,1
DA:210,1
DA:211,1
DA:212,1
DA:215,1
DA:221,1
DA:222,1
DA:223,1
DA:224,1
DA:225,1
DA:226,1
DA:227,1
DA:229,1
DA:230,1
DA:231,1
DA:232,0
DA:234,1
DA:238,1
DA:239,1
DA:240,1
DA:241,1
DA:242,1
DA:243,1
DA:244,1
DA:246,1
DA:247,1
DA:248,1
DA:255,1
DA:256,1
DA:257,1
DA:258,1
DA:259,1
DA:260,1
DA:261,1
DA:262,0
DA:264,1
DA:265,1
DA:266,1
DA:267,1
DA:271,0
DA:273,1
BRF:0
BRH:0
LF:173
LH:156
end_of_record
SF:/var/home/jack/Code/koan/src/builtins/cons.rs
FN:69,_RNvNtNtCs3yqXWJWMNss_4koan8builtins4cons20fold_multi_statement
FN:30,_RNvNtNtCs3yqXWJWMNss_4koan8builtins4cons4body
FN:89,_RNvNtNtCs3yqXWJWMNss_4koan8builtins4cons8register
FN:108,_RNvNtNtNtCs8h7e9k1J8CD_4koan8builtins4cons5tests7capture
FN:189,_RNvNtNtNtCs8h7e9k1J8CD_4koan8builtins4cons5testss_31single_statement_body_unchanged
FN:176,_RNvNtNtNtCs8h7e9k1J8CD_4koan8builtins4cons5testss_42backward_reference_across_statements_works
FN:117,_RNvNtNtNtCs8h7e9k1J8CD_4koan8builtins4cons5testss_42multi_statement_fn_body_returns_last_value
FN:129,_RNvNtNtNtCs8h7e9k1J8CD_4koan8builtins4cons5testss_43multi_statement_fn_body_runs_each_statement
FN:140,_RNvNtNtNtCs8h7e9k1J8CD_4koan8builtins4cons5testss_47multi_statement_match_branch_returns_last_value
FN:156,_RNvNtNtNtCs8h7e9k1J8CD_4koan8builtins4cons5testss_59fn_recursion_with_multi_statement_body_via_match_terminates
FN:134,_RNCNvNtNtNtCs8h7e9k1J8CD_4koan8builtins4cons5testss_43multi_statement_fn_body_runs_each_statement0B9_
FN:136,_RNCNvNtNtNtCs8h7e9k1J8CD_4koan8builtins4cons5testss_43multi_statement_fn_body_runs_each_statements0_0B9_
FN:135,_RNCNvNtNtNtCs8h7e9k1J8CD_4koan8builtins4cons5testss_43multi_statement_fn_body_runs_each_statements_0B9_
FN:69,_RNvNtNtCs8h7e9k1J8CD_4koan8builtins4cons20fold_multi_statement
FN:30,_RNvNtNtCs8h7e9k1J8CD_4koan8builtins4cons4body
FN:89,_RNvNtNtCs8h7e9k1J8CD_4koan8builtins4cons8register
FNDA:5,_RNvNtNtCs3yqXWJWMNss_4koan8builtins4cons20fold_multi_statement
FNDA:0,_RNvNtNtCs3yqXWJWMNss_4koan8builtins4cons4body
FNDA:15,_RNvNtNtCs3yqXWJWMNss_4koan8builtins4cons8register
FNDA:3,_RNvNtNtNtCs8h7e9k1J8CD_4koan8builtins4cons5tests7capture
FNDA:1,_RNvNtNtNtCs8h7e9k1J8CD_4koan8builtins4cons5testss_31single_statement_body_unchanged
FNDA:1,_RNvNtNtNtCs8h7e9k1J8CD_4koan8builtins4cons5testss_42backward_reference_across_statements_works
FNDA:1,_RNvNtNtNtCs8h7e9k1J8CD_4koan8builtins4cons5testss_42multi_statement_fn_body_returns_last_value
FNDA:1,_RNvNtNtNtCs8h7e9k1J8CD_4koan8builtins4cons5testss_43multi_statement_fn_body_runs_each_statement
FNDA:1,_RNvNtNtNtCs8h7e9k1J8CD_4koan8builtins4cons5testss_47multi_statement_match_branch_returns_last_value
FNDA:1,_RNvNtNtNtCs8h7e9k1J8CD_4koan8builtins4cons5testss_59fn_recursion_with_multi_statement_body_via_match_terminates
FNDA:3,_RNCNvNtNtNtCs8h7e9k1J8CD_4koan8builtins4cons5testss_43multi_statement_fn_body_runs_each_statement0B9_
FNDA:1,_RNCNvNtNtNtCs8h7e9k1J8CD_4koan8builtins4cons5testss_43multi_statement_fn_body_runs_each_statements0_0B9_
FNDA:5,_RNCNvNtNtNtCs8h7e9k1J8CD_4koan8builtins4cons5testss_43multi_statement_fn_body_runs_each_statements_0B9_
FNDA:219,_RNvNtNtCs8h7e9k1J8CD_4koan8builtins4cons20fold_multi_statement
FNDA:9,_RNvNtNtCs8h7e9k1J8CD_4koan8builtins4cons4body
FNDA:362,_RNvNtNtCs8h7e9k1J8CD_4koan8builtins4cons8register
FNF:13
FNH:13
DA:30,9
DA:31,9
DA:32,9
DA:33,9
DA:34,9
DA:35,9
DA:36,9
DA:38,0
DA:39,0
DA:40,0
DA:43,9
DA:44,9
DA:46,0
DA:47,0
DA:48,0
DA:53,9
DA:54,9
DA:55,9
DA:69,224
DA:70,224
DA:71,87
DA:72,137
DA:73,137
DA:74,5
DA:75,132
DA:77,13
DA:78,8
DA:79,8
DA:80,8
DA:81,8
DA:82,8
DA:83,8
DA:84,8
DA:85,8
DA:86,5
DA:87,224
DA:89,377
DA:90,377
DA:91,377
DA:92,377
DA:93,377
DA:94,377
DA:95,377
DA:96,377
DA:98,377
DA:100,377
DA:108,3
DA:109,3
DA:110,3
DA:111,3
DA:112,3
DA:113,3
DA:114,3
DA:117,1
DA:118,1
DA:119,1
DA:120,1
DA:121,1
DA:122,1
DA:124,1
DA:125,1
DA:126,1
DA:129,1
DA:130,1
DA:131,1
DA:134,3
DA:135,5
DA:136,1
DA:137,1
DA:140,1
DA:141,1
DA:142,1
DA:143,1
DA:144,1
DA:145,1
DA:146,1
DA:147,1
DA:150,1
DA:151,1
DA:152,1
DA:153,1
DA:156,1
DA:160,1
DA:161,1
DA:162,1
DA:163,1
DA:164,1
DA:165,1
DA:166,1
DA:167,1
DA:168,1
DA:169,1
DA:171,1
DA:172,1
DA:173,1
DA:176,1
DA:178,1
DA:179,1
DA:180,1
DA:181,1
DA:182,1
DA:184,1
DA:185,1
DA:186,1
DA:189,1
DA:191,1
DA:192,1
DA:193,1
DA:194,1
DA:195,1
DA:196,1
BRF:0
BRH:0
LF:114
LH:108
end_of_record
SF:/var/home/jack/Code/koan/src/builtins/eval.rs
FN:21,_RNvNtNtCs3yqXWJWMNss_4koan8builtins4eval4body
FN:50,_RNvNtNtCs3yqXWJWMNss_4koan8builtins4eval8register
FN:21,_RNvNtNtCs8h7e9k1J8CD_4koan8builtins4eval4body
FN:50,_RNvNtNtCs8h7e9k1J8CD_4koan8builtins4eval8register
FN:64,_RNvNtNtNtCs8h7e9k1J8CD_4koan8builtins4eval5tests11run_program
FN:128,_RNvNtNtNtCs8h7e9k1J8CD_4koan8builtins4eval5testss_21recursive_eval_no_uaf
FN:73,_RNvNtNtNtCs8h7e9k1J8CD_4koan8builtins4eval5testss_22eval_of_quoted_literal
FN:109,_RNvNtNtNtCs8h7e9k1J8CD_4koan8builtins4eval5testss_34multiline_sigil_collapse_roundtrip
FN:119,_RNvNtNtNtCs8h7e9k1J8CD_4koan8builtins4eval5testss_35eval_returns_inner_expression_value
FN:102,_RNvNtNtNtCs8h7e9k1J8CD_4koan8builtins4eval5testss_37eval_runs_side_effects_in_quoted_body
FN:79,_RNvNtNtNtCs8h7e9k1J8CD_4koan8builtins4eval5testss_38eval_of_function_returning_kexpression
FN:89,_RNvNtNtNtCs8h7e9k1J8CD_4koan8builtins4eval5testss_49eval_of_non_kexpression_errors_with_type_mismatch
FNDA:0,_RNvNtNtCs3yqXWJWMNss_4koan8builtins4eval4body
FNDA:15,_RNvNtNtCs3yqXWJWMNss_4koan8builtins4eval8register
FNDA:9,_RNvNtNtCs8h7e9k1J8CD_4koan8builtins4eval4body
FNDA:362,_RNvNtNtCs8h7e9k1J8CD_4koan8builtins4eval8register
FNDA:6,_RNvNtNtNtCs8h7e9k1J8CD_4koan8builtins4eval5tests11run_program
FNDA:1,_RNvNtNtNtCs8h7e9k1J8CD_4koan8builtins4eval5testss_21recursive_eval_no_uaf
FNDA:1,_RNvNtNtNtCs8h7e9k1J8CD_4koan8builtins4eval5testss_22eval_of_quoted_literal
FNDA:1,_RNvNtNtNtCs8h7e9k1J8CD_4koan8builtins4eval5testss_34multiline_sigil_collapse_roundtrip
FNDA:1,_RNvNtNtNtCs8h7e9k1J8CD_4koan8builtins4eval5testss_35eval_returns_inner_expression_value
FNDA:1,_RNvNtNtNtCs8h7e9k1J8CD_4koan8builtins4eval5testss_37eval_runs_side_effects_in_quoted_body
FNDA:1,_RNvNtNtNtCs8h7e9k1J8CD_4koan8builtins4eval5testss_38eval_of_function_returning_kexpression
FNDA:1,_RNvNtNtNtCs8h7e9k1J8CD_4koan8builtins4eval5testss_49eval_of_non_kexpression_errors_with_type_mismatch
FNF:10
FNH:10
DA:21,9
DA:22,9
DA:23,9
DA:24,9
DA:25,9
DA:26,9
DA:27,9
DA:28,0
DA:30,9
DA:31,8
DA:32,1
DA:33,1
DA:34,1
DA:35,1
DA:36,1
DA:37,1
DA:46,8
DA:47,8
DA:48,9
DA:50,377
DA:51,377
DA:52,377
DA:53,377
DA:54,377
DA:55,377
DA:57,377
DA:64,6
DA:65,6
DA:66,6
DA:67,6
DA:68,6
DA:69,6
DA:70,6
DA:73,1
DA:74,1
DA:75,1
DA:76,1
DA:79,1
DA:81,1
DA:82,1
DA:83,1
DA:85,1
DA:86,1
DA:89,1
DA:90,1
DA:91,1
DA:92,1
DA:93,1
DA:94,1
DA:95,1
DA:96,1
DA:99,1
DA:102,1
DA:104,1
DA:105,1
DA:106,1
DA:109,1
DA:112,1
DA:113,1
DA:115,1
DA:116,1
DA:119,1
DA:123,1
DA:124,1
DA:125,1
DA:128,1
DA:133,1
DA:134,1
DA:135,1
DA:136,1
DA:137,1
DA:138,1
DA:139,1
DA:141,1
DA:142,1
BRF:0
BRH:0
LF:75
LH:74
end_of_record
SF:/var/home/jack/Code/koan/src/builtins/fn_def.rs
FN:29,_RNvNtNtCs3yqXWJWMNss_4koan8builtins6fn_def4body
FN:90,_RNvNtNtCs3yqXWJWMNss_4koan8builtins6fn_def8register
FN:29,_RNvNtNtCs8h7e9k1J8CD_4koan8builtins6fn_def4body
FN:90,_RNvNtNtCs8h7e9k1J8CD_4koan8builtins6fn_def8register
FNDA:5,_RNvNtNtCs3yqXWJWMNss_4koan8builtins6fn_def4body
FNDA:15,_RNvNtNtCs3yqXWJWMNss_4koan8builtins6fn_def8register
FNDA:122,_RNvNtNtCs8h7e9k1J8CD_4koan8builtins6fn_def4body
FNDA:362,_RNvNtNtCs8h7e9k1J8CD_4koan8builtins6fn_def8register
FNF:2
FNH:2
DA:29,127
DA:30,127
DA:31,127
DA:32,127
DA:33,127
DA:34,127
DA:35,127
DA:37,0
DA:38,0
DA:39,0
DA:42,127
DA:43,127
DA:44,0
DA:46,127
DA:47,127
DA:49,0
DA:50,0
DA:51,0
DA:57,127
DA:63,127
DA:65,127
DA:67,127
DA:68,125
DA:69,2
DA:72,125
DA:73,109
DA:74,4
DA:75,12
DA:76,12
DA:80,121
DA:81,103
DA:82,103
DA:84,18
DA:85,18
DA:88,127
DA:90,377
DA:101,377
DA:102,377
DA:103,377
DA:104,377
DA:105,377
DA:106,377
DA:107,377
DA:108,377
DA:109,377
DA:110,377
DA:112,377
DA:113,377
DA:115,377
DA:116,377
DA:117,377
DA:118,377
DA:119,377
DA:120,377
DA:121,377
DA:122,377
DA:123,377
DA:124,377
DA:126,377
DA:127,377
DA:129,377
BRF:0
BRH:0
LF:61
LH:54
end_of_record
SF:/var/home/jack/Code/koan/src/builtins/fn_def/finalize.rs
FN:162,_RNCNvNtNtNtCs3yqXWJWMNss_4koan8builtins6fn_def8finalize11finalize_fn0B9_
FN:232,_RNCNvNtNtNtCs3yqXWJWMNss_4koan8builtins6fn_def8finalize17defer_via_combine0B9_
FN:151,_RNvNtNtNtCs3yqXWJWMNss_4koan8builtins6fn_def8finalize11finalize_fn
FN:210,_RNvNtNtNtCs3yqXWJWMNss_4koan8builtins6fn_def8finalize17defer_via_combine
FN:66,_RNvNtNtNtCs3yqXWJWMNss_4koan8builtins6fn_def8finalize8classify
FN:151,_RNvNtNtNtCs8h7e9k1J8CD_4koan8builtins6fn_def8finalize11finalize_fn
FN:210,_RNvNtNtNtCs8h7e9k1J8CD_4koan8builtins6fn_def8finalize17defer_via_combine
FN:66,_RNvNtNtNtCs8h7e9k1J8CD_4koan8builtins6fn_def8finalize8classify
FN:162,_RNCNvNtNtNtCs8h7e9k1J8CD_4koan8builtins6fn_def8finalize11finalize_fn0B9_
FN:232,_RNCNvNtNtNtCs8h7e9k1J8CD_4koan8builtins6fn_def8finalize17defer_via_combine0B9_
FNDA:5,_RNCNvNtNtNtCs3yqXWJWMNss_4koan8builtins6fn_def8finalize11finalize_fn0B9_
FNDA:1,_RNCNvNtNtNtCs3yqXWJWMNss_4koan8builtins6fn_def8finalize17defer_via_combine0B9_
FNDA:5,_RNvNtNtNtCs3yqXWJWMNss_4koan8builtins6fn_def8finalize11finalize_fn
FNDA:1,_RNvNtNtNtCs3yqXWJWMNss_4koan8builtins6fn_def8finalize17defer_via_combine
FNDA:5,_RNvNtNtNtCs3yqXWJWMNss_4koan8builtins6fn_def8finalize8classify
FNDA:114,_RNvNtNtNtCs8h7e9k1J8CD_4koan8builtins6fn_def8finalize11finalize_fn
FNDA:17,_RNvNtNtNtCs8h7e9k1J8CD_4koan8builtins6fn_def8finalize17defer_via_combine
FNDA:116,_RNvNtNtNtCs8h7e9k1J8CD_4koan8builtins6fn_def8finalize8classify
FNDA:119,_RNCNvNtNtNtCs8h7e9k1J8CD_4koan8builtins6fn_def8finalize11finalize_fn0B9_
FNDA:17,_RNCNvNtNtNtCs8h7e9k1J8CD_4koan8builtins6fn_def8finalize17defer_via_combine0B9_
FNF:5
FNH:5
DA:66,121
DA:67,121
DA:68,121
DA:69,121
DA:70,121
DA:71,96
DA:72,96
DA:73,96
DA:74,96
DA:75,7
DA:76,7
DA:77,7
DA:78,7
DA:79,4
DA:82,4
DA:83,4
DA:84,4
DA:85,4
DA:86,4
DA:89,6
DA:90,6
DA:91,6
DA:92,6
DA:93,6
DA:94,6
DA:95,6
DA:97,2
DA:98,2
DA:99,2
DA:100,2
DA:101,2
DA:102,2
DA:103,2
DA:104,2
DA:105,2
DA:106,2
DA:108,2
DA:109,2
DA:116,2
DA:117,2
DA:118,2
DA:119,2
DA:120,2
DA:121,2
DA:122,2
DA:124,2
DA:129,2
DA:130,2
DA:131,2
DA:132,2
DA:133,2
DA:136,2
DA:137,2
DA:139,2
DA:140,2
DA:141,2
DA:142,2
DA:143,2
DA:144,2
DA:147,121
DA:151,119
DA:152,119
DA:153,119
DA:154,119
DA:155,119
DA:156,119
DA:162,124
DA:163,118
DA:164,6
DA:165,124
DA:166,119
DA:167,118
DA:169,1
DA:170,1
DA:171,1
DA:172,1
DA:176,118
DA:178,118
DA:179,118
DA:180,118
DA:181,118
DA:182,118
DA:183,118
DA:187,118
DA:188,118
DA:189,1
DA:190,117
DA:194,117
DA:195,119
DA:210,18
DA:211,18
DA:212,18
DA:213,18
DA:214,18
DA:215,18
DA:216,18
DA:217,18
DA:224,18
DA:225,18
DA:226,18
DA:227,5
DA:228,5
DA:229,5
DA:230,5
DA:232,18
DA:237,18
DA:238,18
DA:239,5
DA:243,5
DA:244,1
DA:245,1
DA:246,1
DA:247,1
DA:248,1
DA:249,4
DA:250,4
DA:252,17
DA:259,17
DA:260,17
DA:261,16
DA:262,1
DA:264,16
DA:265,16
DA:266,0
DA:267,0
DA:270,0
DA:271,0
DA:272,0
DA:275,16
DA:276,18
DA:277,18
DA:278,18
DA:279,18
BRF:0
BRH:0
LF:135
LH:129
end_of_record
SF:/var/home/jack/Code/koan/src/builtins/fn_def/param_refs.rs
FN:46,_RNCNvNtNtNtCs3yqXWJWMNss_4koan8builtins6fn_def10param_refs19part_references_any0B9_
FN:52,_RNCNvNtNtNtCs3yqXWJWMNss_4koan8builtins6fn_def10param_refs19part_references_anys0_0B9_
FN:50,_RNCNvNtNtNtCs3yqXWJWMNss_4koan8builtins6fn_def10param_refs19part_references_anys_0B9_
FN:21,_RNCNvNtNtNtCs3yqXWJWMNss_4koan8builtins6fn_def10param_refs24type_expr_references_any0B9_
FN:28,_RNCNvNtNtNtCs3yqXWJWMNss_4koan8builtins6fn_def10param_refs24type_expr_references_anys0_0B9_
FN:26,_RNCNvNtNtNtCs3yqXWJWMNss_4koan8builtins6fn_def10param_refs24type_expr_references_anys_0B9_
FN:41,_RNCNvNtNtNtCs3yqXWJWMNss_4koan8builtins6fn_def10param_refs26kexpression_references_any0B9_
FN:44,_RNvNtNtNtCs3yqXWJWMNss_4koan8builtins6fn_def10param_refs19part_references_any
FN:20,_RNvNtNtNtCs3yqXWJWMNss_4koan8builtins6fn_def10param_refs24type_expr_references_any
FN:37,_RNvNtNtNtCs3yqXWJWMNss_4koan8builtins6fn_def10param_refs26kexpression_references_any
FN:46,_RNCNvNtNtNtCs8h7e9k1J8CD_4koan8builtins6fn_def10param_refs19part_references_any0B9_
FN:52,_RNCNvNtNtNtCs8h7e9k1J8CD_4koan8builtins6fn_def10param_refs19part_references_anys0_0B9_
FN:50,_RNCNvNtNtNtCs8h7e9k1J8CD_4koan8builtins6fn_def10param_refs19part_references_anys_0B9_
FN:21,_RNCNvNtNtNtCs8h7e9k1J8CD_4koan8builtins6fn_def10param_refs24type_expr_references_any0B9_
FN:28,_RNCNvNtNtNtCs8h7e9k1J8CD_4koan8builtins6fn_def10param_refs24type_expr_references_anys0_0B9_
FN:26,_RNCNvNtNtNtCs8h7e9k1J8CD_4koan8builtins6fn_def10param_refs24type_expr_references_anys_0B9_
FN:41,_RNCNvNtNtNtCs8h7e9k1J8CD_4koan8builtins6fn_def10param_refs26kexpression_references_any0B9_
FN:44,_RNvNtNtNtCs8h7e9k1J8CD_4koan8builtins6fn_def10param_refs19part_references_any
FN:20,_RNvNtNtNtCs8h7e9k1J8CD_4koan8builtins6fn_def10param_refs24type_expr_references_any
FN:37,_RNvNtNtNtCs8h7e9k1J8CD_4koan8builtins6fn_def10param_refs26kexpression_references_any
FNDA:0,_RNCNvNtNtNtCs3yqXWJWMNss_4koan8builtins6fn_def10param_refs19part_references_any0B9_
FNDA:0,_RNCNvNtNtNtCs3yqXWJWMNss_4koan8builtins6fn_def10param_refs19part_references_anys0_0B9_
FNDA:0,_RNCNvNtNtNtCs3yqXWJWMNss_4koan8builtins6fn_def10param_refs19part_references_anys_0B9_
FNDA:2,_RNCNvNtNtNtCs3yqXWJWMNss_4koan8builtins6fn_def10param_refs24type_expr_references_any0B9_
FNDA:0,_RNCNvNtNtNtCs3yqXWJWMNss_4koan8builtins6fn_def10param_refs24type_expr_references_anys0_0B9_
FNDA:0,_RNCNvNtNtNtCs3yqXWJWMNss_4koan8builtins6fn_def10param_refs24type_expr_references_anys_0B9_
FNDA:3,_RNCNvNtNtNtCs3yqXWJWMNss_4koan8builtins6fn_def10param_refs26kexpression_references_any0B9_
FNDA:3,_RNvNtNtNtCs3yqXWJWMNss_4koan8builtins6fn_def10param_refs19part_references_any
FNDA:2,_RNvNtNtNtCs3yqXWJWMNss_4koan8builtins6fn_def10param_refs24type_expr_references_any
FNDA:1,_RNvNtNtNtCs3yqXWJWMNss_4koan8builtins6fn_def10param_refs26kexpression_references_any
FNDA:4,_RNCNvNtNtNtCs8h7e9k1J8CD_4koan8builtins6fn_def10param_refs19part_references_any0B9_
FNDA:1,_RNCNvNtNtNtCs8h7e9k1J8CD_4koan8builtins6fn_def10param_refs19part_references_anys0_0B9_
FNDA:1,_RNCNvNtNtNtCs8h7e9k1J8CD_4koan8builtins6fn_def10param_refs19part_references_anys_0B9_
FNDA:27,_RNCNvNtNtNtCs8h7e9k1J8CD_4koan8builtins6fn_def10param_refs24type_expr_references_any0B9_
FNDA:1,_RNCNvNtNtNtCs8h7e9k1J8CD_4koan8builtins6fn_def10param_refs24type_expr_references_anys0_0B9_
FNDA:2,_RNCNvNtNtNtCs8h7e9k1J8CD_4koan8builtins6fn_def10param_refs24type_expr_references_anys_0B9_
FNDA:37,_RNCNvNtNtNtCs8h7e9k1J8CD_4koan8builtins6fn_def10param_refs26kexpression_references_any0B9_
FNDA:40,_RNvNtNtNtCs8h7e9k1J8CD_4koan8builtins6fn_def10param_refs19part_references_any
FNDA:31,_RNvNtNtNtCs8h7e9k1J8CD_4koan8builtins6fn_def10param_refs24type_expr_references_any
FNDA:18,_RNvNtNtNtCs8h7e9k1J8CD_4koan8builtins6fn_def10param_refs26kexpression_references_any
FNF:10
FNH:10
DA:20,33
DA:21,33
DA:22,6
DA:23,27
DA:24,27
DA:25,24
DA:26,2
DA:27,1
DA:28,1
DA:29,1
DA:32,33
DA:37,19
DA:38,19
DA:39,19
DA:40,19
DA:41,40
DA:42,19
DA:44,43
DA:45,43
DA:46,4
DA:47,19
DA:48,7
DA:49,1
DA:50,1
DA:52,1
DA:53,1
DA:54,1
DA:55,11
DA:57,43
BRF:0
BRH:0
LF:36
LH:36
end_of_record
SF:/var/home/jack/Code/koan/src/builtins/fn_def/return_type.rs
FN:123,_RNvNtNtNtCs3yqXWJWMNss_4koan8builtins6fn_def11return_type12make_capture
FN:84,_RNvNtNtNtCs3yqXWJWMNss_4koan8builtins6fn_def11return_type20classify_return_type
FN:59,_RNvNtNtNtCs3yqXWJWMNss_4koan8builtins6fn_def11return_type23extract_return_type_raw
FN:133,_RNvNtNtNtCs3yqXWJWMNss_4koan8builtins6fn_def11return_type25resolve_capture_at_finish
FN:123,_RNvNtNtNtCs8h7e9k1J8CD_4koan8builtins6fn_def11return_type12make_capture
FN:84,_RNvNtNtNtCs8h7e9k1J8CD_4koan8builtins6fn_def11return_type20classify_return_type
FN:59,_RNvNtNtNtCs8h7e9k1J8CD_4koan8builtins6fn_def11return_type23extract_return_type_raw
FN:133,_RNvNtNtNtCs8h7e9k1J8CD_4koan8builtins6fn_def11return_type25resolve_capture_at_finish
FNDA:0,_RNvNtNtNtCs3yqXWJWMNss_4koan8builtins6fn_def11return_type12make_capture
FNDA:5,_RNvNtNtNtCs3yqXWJWMNss_4koan8builtins6fn_def11return_type20classify_return_type
FNDA:5,_RNvNtNtNtCs3yqXWJWMNss_4koan8builtins6fn_def11return_type23extract_return_type_raw
FNDA:1,_RNvNtNtNtCs3yqXWJWMNss_4koan8builtins6fn_def11return_type25resolve_capture_at_finish
FNDA:4,_RNvNtNtNtCs8h7e9k1J8CD_4koan8builtins6fn_def11return_type12make_capture
FNDA:122,_RNvNtNtNtCs8h7e9k1J8CD_4koan8builtins6fn_def11return_type20classify_return_type
FNDA:122,_RNvNtNtNtCs8h7e9k1J8CD_4koan8builtins6fn_def11return_type23extract_return_type_raw
FNDA:16,_RNvNtNtNtCs8h7e9k1J8CD_4koan8builtins6fn_def11return_type25resolve_capture_at_finish
FNF:4
FNH:4
DA:59,127
DA:60,127
DA:61,127
DA:62,127
DA:63,105
DA:64,105
DA:65,0
DA:67,10
DA:68,10
DA:69,0
DA:71,12
DA:72,12
DA:73,0
DA:75,0
DA:76,0
DA:77,0
DA:78,0
DA:80,127
DA:84,127
DA:85,127
DA:86,127
DA:87,127
DA:88,127
DA:89,127
DA:90,127
DA:91,105
DA:92,10
DA:93,10
DA:94,3
DA:95,7
DA:96,7
DA:97,7
DA:98,1
DA:99,4
DA:100,4
DA:102,2
DA:103,0
DA:105,2
DA:106,2
DA:107,2
DA:112,12
DA:113,12
DA:114,6
DA:116,6
DA:117,6
DA:121,127
DA:123,4
DA:124,4
DA:125,3
DA:126,1
DA:128,4
DA:133,17
DA:134,17
DA:135,17
DA:136,17
DA:137,17
DA:138,17
DA:139,5
DA:140,3
DA:141,3
DA:142,3
DA:143,3
DA:144,0
DA:145,0
DA:146,0
DA:147,0
DA:148,0
DA:149,0
DA:150,0
DA:151,0
DA:155,1
DA:156,1
DA:157,0
DA:158,0
DA:159,0
DA:160,0
DA:161,0
DA:162,0
DA:164,2
DA:165,6
DA:166,6
DA:167,6
DA:168,5
DA:169,1
DA:170,1
DA:171,1
DA:172,1
DA:173,1
DA:177,17
BRF:0
BRH:0
LF:89
LH:67
end_of_record
SF:/var/home/jack/Code/koan/src/builtins/fn_def/signature.rs
FN:75,_RNvNtNtNtCs3yqXWJWMNss_4koan8builtins6fn_def9signature19parse_fn_param_list
FN:18,_RNvNtNtNtCs3yqXWJWMNss_4koan8builtins6fn_def9signature34collect_param_names_from_signature
FN:182,_RNvNtNtNtCs3yqXWJWMNss_4koan8builtins6fn_def9signature7pre_run
FN:75,_RNvNtNtNtCs8h7e9k1J8CD_4koan8builtins6fn_def9signature19parse_fn_param_list
FN:18,_RNvNtNtNtCs8h7e9k1J8CD_4koan8builtins6fn_def9signature34collect_param_names_from_signature
FN:182,_RNvNtNtNtCs8h7e9k1J8CD_4koan8builtins6fn_def9signature7pre_run
FNDA:6,_RNvNtNtNtCs3yqXWJWMNss_4koan8builtins6fn_def9signature19parse_fn_param_list
FNDA:5,_RNvNtNtNtCs3yqXWJWMNss_4koan8builtins6fn_def9signature34collect_param_names_from_signature
FNDA:10,_RNvNtNtNtCs3yqXWJWMNss_4koan8builtins6fn_def9signature7pre_run
FNDA:135,_RNvNtNtNtCs8h7e9k1J8CD_4koan8builtins6fn_def9signature19parse_fn_param_list
FNDA:122,_RNvNtNtNtCs8h7e9k1J8CD_4koan8builtins6fn_def9signature34collect_param_names_from_signature
FNDA:244,_RNvNtNtNtCs8h7e9k1J8CD_4koan8builtins6fn_def9signature7pre_run
FNF:3
FNH:3
DA:18,127
DA:19,127
DA:20,127
DA:21,127
DA:22,358
DA:23,231
DA:24,93
DA:25,10
DA:26,10
DA:28,128
DA:30,231
DA:31,103
DA:32,103
DA:33,101
DA:38,103
DA:39,101
DA:40,101
DA:41,101
DA:42,2
DA:43,128
DA:44,130
DA:46,127
DA:47,127
DA:75,141
DA:76,141
DA:77,141
DA:78,141
DA:79,141
DA:80,141
DA:81,141
DA:82,141
DA:83,141
DA:84,141
DA:85,397
DA:89,258
DA:90,103
DA:91,13
DA:92,13
DA:94,142
DA:96,258
DA:97,142
DA:98,142
DA:99,142
DA:100,142
DA:101,116
DA:102,116
DA:103,4
DA:104,105
DA:105,105
DA:106,96
DA:107,96
DA:108,96
DA:109,96
DA:110,96
DA:111,96
DA:112,7
DA:113,7
DA:114,7
DA:115,2
DA:116,2
DA:117,2
DA:118,2
DA:119,2
DA:120,0
DA:122,105
DA:124,5
DA:125,5
DA:126,5
DA:127,5
DA:128,5
DA:129,5
DA:130,4
DA:131,4
DA:132,4
DA:133,4
DA:134,4
DA:135,4
DA:136,4
DA:137,0
DA:138,0
DA:139,0
DA:140,0
DA:141,0
DA:142,0
DA:145,2
DA:146,2
DA:147,2
DA:148,2
DA:152,0
DA:153,0
DA:154,0
DA:155,0
DA:156,0
DA:158,0
DA:159,0
DA:160,0
DA:161,0
DA:162,0
DA:166,139
DA:167,2
DA:168,137
DA:169,137
DA:170,12
DA:171,12
DA:172,12
DA:173,12
DA:174,125
DA:175,125
DA:176,141
DA:182,254
DA:183,254
DA:184,254
DA:185,254
DA:186,0
DA:188,277
DA:189,277
DA:190,248
DA:191,29
DA:193,6
DA:194,254
BRF:0
BRH:0
LF:120
LH:102
end_of_record
SF:/var/home/jack/Code/koan/src/builtins/let_binding.rs
FN:169,_RNvNtNtCs3yqXWJWMNss_4koan8builtins11let_binding23derive_nominal_identity
FN:17,_RNvNtNtCs3yqXWJWMNss_4koan8builtins11let_binding4body
FN:200,_RNvNtNtCs3yqXWJWMNss_4koan8builtins11let_binding7pre_run
FN:208,_RNvNtNtCs3yqXWJWMNss_4koan8builtins11let_binding8register
FN:169,_RNvNtNtCs8h7e9k1J8CD_4koan8builtins11let_binding23derive_nominal_identity
FN:17,_RNvNtNtCs8h7e9k1J8CD_4koan8builtins11let_binding4body
FN:200,_RNvNtNtCs8h7e9k1J8CD_4koan8builtins11let_binding7pre_run
FN:208,_RNvNtNtCs8h7e9k1J8CD_4koan8builtins11let_binding8register
FNDA:0,_RNvNtNtCs3yqXWJWMNss_4koan8builtins11let_binding23derive_nominal_identity
FNDA:24,_RNvNtNtCs3yqXWJWMNss_4koan8builtins11let_binding4body
FNDA:72,_RNvNtNtCs3yqXWJWMNss_4koan8builtins11let_binding7pre_run
FNDA:15,_RNvNtNtCs3yqXWJWMNss_4koan8builtins11let_binding8register
FNDA:16,_RNvNtNtCs8h7e9k1J8CD_4koan8builtins11let_binding23derive_nominal_identity
FNDA:283,_RNvNtNtCs8h7e9k1J8CD_4koan8builtins11let_binding4body
FNDA:765,_RNvNtNtCs8h7e9k1J8CD_4koan8builtins11let_binding7pre_run
FNDA:362,_RNvNtNtCs8h7e9k1J8CD_4koan8builtins11let_binding8register
FNF:4
FNH:4
DA:17,307
DA:18,307
DA:19,307
DA:20,307
DA:21,307
DA:22,307
DA:23,307
DA:24,0
DA:33,307
DA:34,307
DA:35,307
DA:36,224
DA:42,54
DA:44,0
DA:45,0
DA:46,0
DA:47,0
DA:50,54
DA:51,52
DA:52,54
DA:56,2
DA:57,2
DA:58,2
DA:59,2
DA:60,52
DA:61,52
DA:62,36
DA:63,36
DA:64,16
DA:65,16
DA:66,52
DA:72,29
DA:78,1
DA:79,1
DA:80,1
DA:81,1
DA:91,28
DA:92,28
DA:93,28
DA:97,0
DA:98,0
DA:99,0
DA:100,0
DA:101,28
DA:106,28
DA:107,28
DA:108,28
DA:109,0
DA:110,0
DA:111,28
DA:114,0
DA:115,0
DA:116,0
DA:117,0
DA:118,0
DA:119,0
DA:121,0
DA:128,304
DA:129,2
DA:130,2
DA:131,2
DA:132,2
DA:133,302
DA:134,302
DA:135,302
DA:136,302
DA:137,302
DA:138,64
DA:139,64
DA:140,64
DA:141,64
DA:142,64
DA:143,64
DA:144,64
DA:145,238
DA:151,16
DA:152,0
DA:153,16
DA:154,222
DA:155,0
DA:156,222
DA:157,302
DA:158,307
DA:169,16
DA:170,16
DA:171,15
DA:172,15
DA:173,15
DA:174,15
DA:175,15
DA:176,0
DA:177,0
DA:178,0
DA:179,0
DA:180,0
DA:181,0
DA:182,1
DA:183,1
DA:184,1
DA:185,1
DA:186,1
DA:187,0
DA:188,0
DA:189,0
DA:190,0
DA:191,0
DA:192,0
DA:194,16
DA:200,837
DA:201,837
DA:202,589
DA:203,248
DA:204,0
DA:206,837
DA:208,377
DA:209,377
DA:210,377
DA:211,377
DA:212,377
DA:213,377
DA:214,377
DA:215,377
DA:216,377
DA:218,377
DA:219,377
DA:221,377
DA:222,377
DA:223,377
DA:224,377
DA:225,377
DA:226,377
DA:227,377
DA:228,377
DA:230,377
DA:231,377
DA:233,377
BRF:0
BRH:0
LF:136
LH:103
end_of_record
SF:/var/home/jack/Code/koan/src/builtins/match_case.rs
FN:31,_RNvNtNtCs3yqXWJWMNss_4koan8builtins10match_case4body
FN:94,_RNvNtNtCs3yqXWJWMNss_4koan8builtins10match_case8register
FN:31,_RNvNtNtCs8h7e9k1J8CD_4koan8builtins10match_case4body
FN:94,_RNvNtNtCs8h7e9k1J8CD_4koan8builtins10match_case8register
FN:113,_RNvNtNtNtCs8h7e9k1J8CD_4koan8builtins10match_case5tests11run_program
FN:156,_RNvNtNtNtCs8h7e9k1J8CD_4koan8builtins10match_case5testss_25match_inexhaustive_errors
FN:132,_RNvNtNtNtCs8h7e9k1J8CD_4koan8builtins10match_case5testss_29match_binds_inner_value_to_it
FN:197,_RNvNtNtNtCs8h7e9k1J8CD_4koan8builtins10match_case5testss_29recursive_tagged_match_no_uaf
FN:218,_RNvNtNtNtCs8h7e9k1J8CD_4koan8builtins10match_case5testss_33match_on_bool_inexhaustive_errors
FN:181,_RNvNtNtNtCs8h7e9k1J8CD_4koan8builtins10match_case5testss_36match_on_bool_true_takes_true_branch
FN:145,_RNvNtNtNtCs8h7e9k1J8CD_4koan8builtins10match_case5testss_37match_does_not_run_unmatched_branches
FN:189,_RNvNtNtNtCs8h7e9k1J8CD_4koan8builtins10match_case5testss_38match_on_bool_false_takes_false_branch
FN:122,_RNvNtNtNtCs8h7e9k1J8CD_4koan8builtins10match_case5testss_40match_dispatches_branch_for_matching_tag
FN:171,_RNvNtNtNtCs8h7e9k1J8CD_4koan8builtins10match_case5testss_40match_other_branch_runs_when_tag_matches
FNDA:0,_RNvNtNtCs3yqXWJWMNss_4koan8builtins10match_case4body
FNDA:15,_RNvNtNtCs3yqXWJWMNss_4koan8builtins10match_case8register
FNDA:56,_RNvNtNtCs8h7e9k1J8CD_4koan8builtins10match_case4body
FNDA:362,_RNvNtNtCs8h7e9k1J8CD_4koan8builtins10match_case8register
FNDA:7,_RNvNtNtNtCs8h7e9k1J8CD_4koan8builtins10match_case5tests11run_program
FNDA:1,_RNvNtNtNtCs8h7e9k1J8CD_4koan8builtins10match_case5testss_25match_inexhaustive_errors
FNDA:1,_RNvNtNtNtCs8h7e9k1J8CD_4koan8builtins10match_case5testss_29match_binds_inner_value_to_it
FNDA:1,_RNvNtNtNtCs8h7e9k1J8CD_4koan8builtins10match_case5testss_29recursive_tagged_match_no_uaf
FNDA:1,_RNvNtNtNtCs8h7e9k1J8CD_4koan8builtins10match_case5testss_33match_on_bool_inexhaustive_errors
FNDA:1,_RNvNtNtNtCs8h7e9k1J8CD_4koan8builtins10match_case5testss_36match_on_bool_true_takes_true_branch
FNDA:1,_RNvNtNtNtCs8h7e9k1J8CD_4koan8builtins10match_case5testss_37match_does_not_run_unmatched_branches
FNDA:1,_RNvNtNtNtCs8h7e9k1J8CD_4koan8builtins10match_case5testss_38match_on_bool_false_takes_false_branch
FNDA:1,_RNvNtNtNtCs8h7e9k1J8CD_4koan8builtins10match_case5testss_40match_dispatches_branch_for_matching_tag
FNDA:1,_RNvNtNtNtCs8h7e9k1J8CD_4koan8builtins10match_case5testss_40match_other_branch_runs_when_tag_matches
FNF:12
FNH:12
DA:31,56
DA:32,56
DA:33,56
DA:34,56
DA:35,56
DA:36,56
DA:37,49
DA:38,7
DA:39,7
DA:40,7
DA:42,0
DA:43,0
DA:44,0
DA:45,0
DA:46,0
DA:47,0
DA:49,0
DA:51,56
DA:52,56
DA:54,0
DA:55,0
DA:56,0
DA:59,56
DA:60,53
DA:62,3
DA:63,3
DA:64,3
DA:65,3
DA:67,0
DA:77,53
DA:78,53
DA:79,53
DA:82,53
DA:83,53
DA:84,53
DA:87,53
DA:91,53
DA:92,56
DA:94,377
DA:95,377
DA:96,377
DA:97,377
DA:98,377
DA:99,377
DA:100,377
DA:101,377
DA:102,377
DA:104,377
DA:106,377
DA:113,7
DA:114,7
DA:115,7
DA:116,7
DA:117,7
DA:118,7
DA:119,7
DA:122,1
DA:123,1
DA:124,1
DA:125,1
DA:126,1
DA:128,1
DA:129,1
DA:132,1
DA:136,1
DA:137,1
DA:138,1
DA:139,1
DA:141,1
DA:142,1
DA:145,1
DA:147,1
DA:148,1
DA:149,1
DA:150,1
DA:152,1
DA:153,1
DA:156,1
DA:157,1
DA:158,1
DA:159,1
DA:160,1
DA:161,1
DA:163,1
DA:164,1
DA:165,1
DA:168,1
DA:171,1
DA:172,1
DA:173,1
DA:174,1
DA:175,1
DA:177,1
DA:178,1
DA:181,1
DA:182,1
DA:183,1
DA:185,1
DA:186,1
DA:189,1
DA:190,1
DA:191,1
DA:193,1
DA:194,1
DA:197,1
DA:206,1
DA:207,1
DA:208,1
DA:209,1
DA:210,1
DA:211,1
DA:212,1
DA:214,1
DA:215,1
DA:218,1
DA:219,1
DA:220,1
DA:221,1
DA:222,1
DA:223,1
DA:226,1
BRF:0
BRH:0
LF:121
LH:110
end_of_record
SF:/var/home/jack/Code/koan/src/builtins/module_def.rs
FN:30,_RNvNtNtCs3yqXWJWMNss_4koan8builtins10module_def4body
FN:139,_RNvNtNtCs3yqXWJWMNss_4koan8builtins10module_def7pre_run
FN:143,_RNvNtNtCs3yqXWJWMNss_4koan8builtins10module_def8register
FN:70,_RNCNvNtNtCs3yqXWJWMNss_4koan8builtins10module_def4body0B7_
FN:228,_RNvNtNtNtCs8h7e9k1J8CD_4koan8builtins10module_def5testss_28module_unknown_member_errors
FN:167,_RNvNtNtNtCs8h7e9k1J8CD_4koan8builtins10module_def5testss_28pre_run_extracts_module_name
FN:183,_RNvNtNtNtCs8h7e9k1J8CD_4koan8builtins10module_def5testss_29module_member_access_via_attr
FN:174,_RNvNtNtNtCs8h7e9k1J8CD_4koan8builtins10module_def5testss_32module_binds_under_name_in_scope
FN:208,_RNvNtNtNtCs8h7e9k1J8CD_4koan8builtins10module_def5testss_33module_member_function_via_let_fn
FN:330,_RNvNtNtNtCs8h7e9k1J8CD_4koan8builtins10module_def5testss_36module_body_dispatch_does_not_dangle
FN:259,_RNvNtNtNtCs8h7e9k1J8CD_4koan8builtins10module_def5testss_38module_body_parks_on_outer_placeholder
FN:271,_RNvNtNtNtCs8h7e9k1J8CD_4koan8builtins10module_def5testss_41module_body_error_short_circuits_finalize
FN:192,_RNvNtNtNtCs8h7e9k1J8CD_4koan8builtins10module_def5testss_41module_with_multiple_statements_in_parens
FN:241,_RNvNtNtNtCs8h7e9k1J8CD_4koan8builtins10module_def5testss_41nested_module_accessible_via_chained_attr
FN:292,_RNvNtNtNtCs8h7e9k1J8CD_4koan8builtins10module_def5testss_50module_finalize_short_circuits_on_idempotent_state
FN:70,_RNCNvNtNtCs8h7e9k1J8CD_4koan8builtins10module_def4body0B7_
FN:30,_RNvNtNtCs8h7e9k1J8CD_4koan8builtins10module_def4body
FN:139,_RNvNtNtCs8h7e9k1J8CD_4koan8builtins10module_def7pre_run
FN:143,_RNvNtNtCs8h7e9k1J8CD_4koan8builtins10module_def8register
FNDA:7,_RNvNtNtCs3yqXWJWMNss_4koan8builtins10module_def4body
FNDA:14,_RNvNtNtCs3yqXWJWMNss_4koan8builtins10module_def7pre_run
FNDA:15,_RNvNtNtCs3yqXWJWMNss_4koan8builtins10module_def8register
FNDA:7,_RNCNvNtNtCs3yqXWJWMNss_4koan8builtins10module_def4body0B7_
FNDA:1,_RNvNtNtNtCs8h7e9k1J8CD_4koan8builtins10module_def5testss_28module_unknown_member_errors
FNDA:1,_RNvNtNtNtCs8h7e9k1J8CD_4koan8builtins10module_def5testss_28pre_run_extracts_module_name
FNDA:1,_RNvNtNtNtCs8h7e9k1J8CD_4koan8builtins10module_def5testss_29module_member_access_via_attr
FNDA:1,_RNvNtNtNtCs8h7e9k1J8CD_4koan8builtins10module_def5testss_32module_binds_under_name_in_scope
FNDA:1,_RNvNtNtNtCs8h7e9k1J8CD_4koan8builtins10module_def5testss_33module_member_function_via_let_fn
FNDA:1,_RNvNtNtNtCs8h7e9k1J8CD_4koan8builtins10module_def5testss_36module_body_dispatch_does_not_dangle
FNDA:1,_RNvNtNtNtCs8h7e9k1J8CD_4koan8builtins10module_def5testss_38module_body_parks_on_outer_placeholder
FNDA:1,_RNvNtNtNtCs8h7e9k1J8CD_4koan8builtins10module_def5testss_41module_body_error_short_circuits_finalize
FNDA:1,_RNvNtNtNtCs8h7e9k1J8CD_4koan8builtins10module_def5testss_41module_with_multiple_statements_in_parens
FNDA:1,_RNvNtNtNtCs8h7e9k1J8CD_4koan8builtins10module_def5testss_41nested_module_accessible_via_chained_attr
FNDA:1,_RNvNtNtNtCs8h7e9k1J8CD_4koan8builtins10module_def5testss_50module_finalize_short_circuits_on_idempotent_state
FNDA:56,_RNCNvNtNtCs8h7e9k1J8CD_4koan8builtins10module_def4body0B7_
FNDA:58,_RNvNtNtCs8h7e9k1J8CD_4koan8builtins10module_def4body
FNDA:106,_RNvNtNtCs8h7e9k1J8CD_4koan8builtins10module_def7pre_run
FNDA:362,_RNvNtNtCs8h7e9k1J8CD_4koan8builtins10module_def8register
FNF:15
FNH:15
DA:30,65
DA:31,65
DA:32,65
DA:33,65
DA:34,65
DA:39,65
DA:40,65
DA:41,0
DA:43,65
DA:44,65
DA:46,0
DA:47,0
DA:48,0
DA:52,65
DA:53,65
DA:58,65
DA:68,65
DA:69,65
DA:70,65
DA:76,63
DA:77,63
DA:78,0
DA:79,0
DA:80,0
DA:81,63
DA:82,63
DA:83,63
DA:84,63
DA:104,63
DA:105,63
DA:106,63
DA:107,63
DA:108,21
DA:109,2
DA:110,19
DA:111,19
DA:114,63
DA:115,63
DA:120,63
DA:121,63
DA:122,63
DA:123,63
DA:124,63
DA:125,63
DA:126,63
DA:127,0
DA:128,0
DA:129,0
DA:130,0
DA:132,63
DA:133,65
DA:134,65
DA:135,65
DA:139,120
DA:140,120
DA:141,120
DA:143,377
DA:144,377
DA:145,377
DA:146,377
DA:147,377
DA:148,377
DA:149,377
DA:150,377
DA:151,377
DA:153,377
DA:154,377
DA:156,377
DA:167,1
DA:168,1
DA:169,1
DA:170,1
DA:171,1
DA:174,1
DA:175,1
DA:176,1
DA:177,1
DA:178,1
DA:179,1
DA:180,1
DA:183,1
DA:184,1
DA:185,1
DA:186,1
DA:187,1
DA:188,1
DA:189,1
DA:192,1
DA:197,1
DA:198,1
DA:199,1
DA:200,1
DA:201,1
DA:203,1
DA:204,1
DA:205,1
DA:208,1
DA:213,1
DA:214,1
DA:215,1
DA:216,1
DA:217,1
DA:219,1
DA:220,1
DA:221,1
DA:222,0
DA:224,1
DA:225,1
DA:228,1
DA:229,1
DA:230,1
DA:231,1
DA:232,1
DA:233,1
DA:234,1
DA:235,1
DA:238,1
DA:241,1
DA:242,1
DA:243,1
DA:244,1
DA:245,1
DA:246,1
DA:248,1
DA:249,1
DA:250,1
DA:259,1
DA:260,1
DA:261,1
DA:262,1
DA:263,1
DA:264,1
DA:265,1
DA:271,1
DA:272,1
DA:273,1
DA:274,1
DA:275,1
DA:276,1
DA:279,1
DA:292,1
DA:295,1
DA:296,1
DA:297,1
DA:298,1
DA:299,1
DA:301,1
DA:302,1
DA:303,1
DA:304,1
DA:305,1
DA:306,1
DA:307,1
DA:308,1
DA:309,1
DA:310,1
DA:315,1
DA:318,1
DA:319,1
DA:320,1
DA:321,1
DA:330,1
DA:331,1
DA:332,1
DA:333,1
DA:334,1
DA:335,1
DA:336,1
DA:337,0
DA:339,1
DA:340,1
DA:341,1
DA:342,1
BRF:0
BRH:0
LF:174
LH:161
end_of_record
SF:/var/home/jack/Code/koan/src/builtins/newtype_def.rs
FN:160,_RNvNtNtCs3yqXWJWMNss_4koan8builtins11newtype_def17newtype_construct
FN:51,_RNvNtNtCs3yqXWJWMNss_4koan8builtins11newtype_def4body
FN:137,_RNvNtNtCs3yqXWJWMNss_4koan8builtins11newtype_def7pre_run
FN:208,_RNvNtNtCs3yqXWJWMNss_4koan8builtins11newtype_def8register
FN:175,_RNCNvNtNtCs3yqXWJWMNss_4koan8builtins11newtype_def17newtype_construct0B7_
FN:160,_RNvNtNtCs8h7e9k1J8CD_4koan8builtins11newtype_def17newtype_construct
FN:51,_RNvNtNtCs8h7e9k1J8CD_4koan8builtins11newtype_def4body
FN:137,_RNvNtNtCs8h7e9k1J8CD_4koan8builtins11newtype_def7pre_run
FN:208,_RNvNtNtCs8h7e9k1J8CD_4koan8builtins11newtype_def8register
FN:414,_RNvNtNtNtCs8h7e9k1J8CD_4koan8builtins11newtype_def5testss_28construct_arity_zero_rejects
FN:432,_RNvNtNtNtCs8h7e9k1J8CD_4koan8builtins11newtype_def5testss_29construct_with_operator_value
FN:241,_RNvNtNtNtCs8h7e9k1J8CD_4koan8builtins11newtype_def5testss_30declare_mints_newtype_identity
FN:312,_RNvNtNtNtCs8h7e9k1J8CD_4koan8builtins11newtype_def5testss_30newtype_over_newtype_collapses
FN:394,_RNvNtNtNtCs8h7e9k1J8CD_4koan8builtins11newtype_def5testss_31construct_with_identifier_value
FN:296,_RNvNtNtNtCs8h7e9k1J8CD_4koan8builtins11newtype_def5testss_35construct_rejects_non_matching_repr
FN:272,_RNvNtNtNtCs8h7e9k1J8CD_4koan8builtins11newtype_def5testss_35construct_wraps_repr_matching_value
FN:345,_RNvNtNtNtCs8h7e9k1J8CD_4koan8builtins11newtype_def5testss_43dispatch_distinguishes_distance_from_number
FN:175,_RNCNvNtNtCs8h7e9k1J8CD_4koan8builtins11newtype_def17newtype_construct0B7_
FNDA:0,_RNvNtNtCs3yqXWJWMNss_4koan8builtins11newtype_def17newtype_construct
FNDA:0,_RNvNtNtCs3yqXWJWMNss_4koan8builtins11newtype_def4body
FNDA:0,_RNvNtNtCs3yqXWJWMNss_4koan8builtins11newtype_def7pre_run
FNDA:15,_RNvNtNtCs3yqXWJWMNss_4koan8builtins11newtype_def8register
FNDA:0,_RNCNvNtNtCs3yqXWJWMNss_4koan8builtins11newtype_def17newtype_construct0B7_
FNDA:12,_RNvNtNtCs8h7e9k1J8CD_4koan8builtins11newtype_def17newtype_construct
FNDA:12,_RNvNtNtCs8h7e9k1J8CD_4koan8builtins11newtype_def4body
FNDA:24,_RNvNtNtCs8h7e9k1J8CD_4koan8builtins11newtype_def7pre_run
FNDA:362,_RNvNtNtCs8h7e9k1J8CD_4koan8builtins11newtype_def8register
FNDA:1,_RNvNtNtNtCs8h7e9k1J8CD_4koan8builtins11newtype_def5testss_28construct_arity_zero_rejects
FNDA:1,_RNvNtNtNtCs8h7e9k1J8CD_4koan8builtins11newtype_def5testss_29construct_with_operator_value
FNDA:1,_RNvNtNtNtCs8h7e9k1J8CD_4koan8builtins11newtype_def5testss_30declare_mints_newtype_identity
FNDA:1,_RNvNtNtNtCs8h7e9k1J8CD_4koan8builtins11newtype_def5testss_30newtype_over_newtype_collapses
FNDA:1,_RNvNtNtNtCs8h7e9k1J8CD_4koan8builtins11newtype_def5testss_31construct_with_identifier_value
FNDA:1,_RNvNtNtNtCs8h7e9k1J8CD_4koan8builtins11newtype_def5testss_35construct_rejects_non_matching_repr
FNDA:1,_RNvNtNtNtCs8h7e9k1J8CD_4koan8builtins11newtype_def5testss_35construct_wraps_repr_matching_value
FNDA:1,_RNvNtNtNtCs8h7e9k1J8CD_4koan8builtins11newtype_def5testss_43dispatch_distinguishes_distance_from_number
FNDA:11,_RNCNvNtNtCs8h7e9k1J8CD_4koan8builtins11newtype_def17newtype_construct0B7_
FNF:13
FNH:13
DA:51,12
DA:52,12
DA:53,12
DA:54,12
DA:55,12
DA:58,12
DA:59,12
DA:60,0
DA:66,12
DA:67,9
DA:68,9
DA:69,0
DA:76,3
DA:77,3
DA:78,0
DA:80,3
DA:81,0
DA:82,0
DA:83,0
DA:84,0
DA:85,3
DA:86,3
DA:87,3
DA:89,0
DA:90,0
DA:91,0
DA:92,0
DA:97,0
DA:98,0
DA:99,0
DA:107,12
DA:108,12
DA:109,12
DA:110,12
DA:111,12
DA:112,12
DA:113,12
DA:114,12
DA:115,12
DA:121,12
DA:122,12
DA:128,0
DA:129,0
DA:130,0
DA:131,0
DA:133,12
DA:137,24
DA:138,24
DA:139,24
DA:160,12
DA:161,12
DA:162,12
DA:163,12
DA:164,12
DA:165,12
DA:166,12
DA:167,1
DA:168,11
DA:173,11
DA:174,11
DA:175,11
DA:176,11
DA:177,11
DA:182,11
DA:183,11
DA:184,0
DA:186,11
DA:187,1
DA:188,1
DA:189,1
DA:190,1
DA:191,1
DA:192,10
DA:198,10
DA:199,10
DA:200,10
DA:201,10
DA:202,10
DA:203,11
DA:204,11
DA:205,11
DA:206,12
DA:208,377
DA:213,377
DA:214,377
DA:215,377
DA:216,377
DA:217,377
DA:218,377
DA:219,377
DA:220,377
DA:222,377
DA:223,377
DA:225,377
DA:241,1
DA:242,1
DA:243,1
DA:244,1
DA:245,1
DA:246,1
DA:247,1
DA:248,1
DA:249,1
DA:251,1
DA:252,1
DA:255,1
DA:256,1
DA:258,0
DA:260,1
DA:261,1
DA:262,1
DA:263,1
DA:266,1
DA:272,1
DA:273,1
DA:274,1
DA:275,1
DA:276,1
DA:277,1
DA:278,1
DA:279,1
DA:282,1
DA:284,1
DA:285,0
DA:287,1
DA:289,0
DA:291,1
DA:296,1
DA:297,1
DA:298,1
DA:299,1
DA:300,1
DA:301,1
DA:302,1
DA:303,1
DA:306,1
DA:312,1
DA:313,1
DA:314,1
DA:315,1
DA:316,1
DA:317,1
DA:318,1
DA:319,1
DA:320,1
DA:321,0
DA:324,1
DA:325,1
DA:327,0
DA:330,0
DA:332,1
DA:345,1
DA:346,1
DA:347,1
DA:348,1
DA:349,1
DA:350,1
DA:351,1
DA:352,1
DA:355,1
DA:356,1
DA:357,1
DA:358,0
DA:361,1
DA:362,1
DA:363,1
DA:364,0
DA:368,1
DA:369,1
DA:370,1
DA:371,1
DA:372,1
DA:373,1
DA:374,1
DA:378,1
DA:379,1
DA:380,1
DA:381,1
DA:382,1
DA:383,1
DA:384,1
DA:387,1
DA:394,1
DA:395,1
DA:396,1
DA:397,1
DA:398,1
DA:399,1
DA:400,1
DA:401,1
DA:402,1
DA:403,0
DA:405,1
DA:407,0
DA:409,1
DA:414,1
DA:415,1
DA:416,1
DA:417,1
DA:418,1
DA:419,1
DA:420,1
DA:423,1
DA:432,1
DA:433,1
DA:434,1
DA:435,1
DA:436,1
DA:437,1
DA:438,1
DA:440,1
DA:441,1
DA:442,1
DA:443,1
DA:444,1
DA:445,0
DA:447,1
DA:449,0
DA:451,1
BRF:0
BRH:0
LF:220
LH:189
end_of_record
SF:/var/home/jack/Code/koan/src/builtins/print.rs
FN:10,_RNvNtNtCs3yqXWJWMNss_4koan8builtins5print4body
FN:24,_RNvNtNtCs3yqXWJWMNss_4koan8builtins5print8register
FN:10,_RNvNtNtCs8h7e9k1J8CD_4koan8builtins5print4body
FN:24,_RNvNtNtCs8h7e9k1J8CD_4koan8builtins5print8register
FNDA:0,_RNvNtNtCs3yqXWJWMNss_4koan8builtins5print4body
FNDA:15,_RNvNtNtCs3yqXWJWMNss_4koan8builtins5print8register
FNDA:108,_RNvNtNtCs8h7e9k1J8CD_4koan8builtins5print4body
FNDA:362,_RNvNtNtCs8h7e9k1J8CD_4koan8builtins5print8register
FNF:2
FNH:2
DA:10,108
DA:11,108
DA:12,108
DA:13,108
DA:14,108
DA:15,108
DA:16,108
DA:17,0
DA:19,108
DA:20,108
DA:21,108
DA:22,108
DA:24,377
DA:25,377
DA:26,377
DA:27,377
DA:28,377
DA:29,377
DA:31,377
BRF:0
BRH:0
LF:19
LH:18
end_of_record
SF:/var/home/jack/Code/koan/src/builtins/quote.rs
FN:14,_RNvNtNtCs3yqXWJWMNss_4koan8builtins5quote4body
FN:31,_RNvNtNtCs3yqXWJWMNss_4koan8builtins5quote8register
FN:14,_RNvNtNtCs8h7e9k1J8CD_4koan8builtins5quote4body
FN:31,_RNvNtNtCs8h7e9k1J8CD_4koan8builtins5quote8register
FN:45,_RNvNtNtNtCs8h7e9k1J8CD_4koan8builtins5quote5tests11run_program
FN:54,_RNvNtNtNtCs8h7e9k1J8CD_4koan8builtins5quote5testss_26quote_then_eval_round_trip
FN:68,_RNvNtNtNtCs8h7e9k1J8CD_4koan8builtins5quote5testss_27quote_captures_ast_as_value
FNDA:0,_RNvNtNtCs3yqXWJWMNss_4koan8builtins5quote4body
FNDA:15,_RNvNtNtCs3yqXWJWMNss_4koan8builtins5quote8register
FNDA:9,_RNvNtNtCs8h7e9k1J8CD_4koan8builtins5quote4body
FNDA:362,_RNvNtNtCs8h7e9k1J8CD_4koan8builtins5quote8register
FNDA:2,_RNvNtNtNtCs8h7e9k1J8CD_4koan8builtins5quote5tests11run_program
FNDA:1,_RNvNtNtNtCs8h7e9k1J8CD_4koan8builtins5quote5testss_26quote_then_eval_round_trip
FNDA:1,_RNvNtNtNtCs8h7e9k1J8CD_4koan8builtins5quote5testss_27quote_captures_ast_as_value
FNF:5
FNH:5
DA:14,9
DA:15,9
DA:16,9
DA:17,9
DA:18,9
DA:19,9
DA:20,9
DA:22,0
DA:23,0
DA:24,0
DA:27,9
DA:28,9
DA:29,9
DA:31,377
DA:32,377
DA:33,377
DA:34,377
DA:35,377
DA:36,377
DA:38,377
DA:45,2
DA:46,2
DA:47,2
DA:48,2
DA:49,2
DA:50,2
DA:51,2
DA:54,1
DA:60,1
DA:61,1
DA:62,1
DA:64,1
DA:65,1
DA:68,1
DA:71,1
DA:72,1
DA:73,1
BRF:0
BRH:0
LF:37
LH:34
end_of_record
SF:/var/home/jack/Code/koan/src/builtins/sig_def.rs
FN:25,_RNvNtNtCs3yqXWJWMNss_4koan8builtins7sig_def4body
FN:77,_RNvNtNtCs3yqXWJWMNss_4koan8builtins7sig_def7pre_run
FN:81,_RNvNtNtCs3yqXWJWMNss_4koan8builtins7sig_def8register
FN:49,_RNCNvNtNtCs3yqXWJWMNss_4koan8builtins7sig_def4body0B7_
FN:49,_RNCNvNtNtCs8h7e9k1J8CD_4koan8builtins7sig_def4body0B7_
FN:123,_RNvNtNtNtCs8h7e9k1J8CD_4koan8builtins7sig_def5testss_21sig_path_records_name
FN:106,_RNvNtNtNtCs8h7e9k1J8CD_4koan8builtins7sig_def5testss_25pre_run_extracts_sig_name
FN:114,_RNvNtNtNtCs8h7e9k1J8CD_4koan8builtins7sig_def5testss_29sig_binds_under_name_in_scope
FN:180,_RNvNtNtNtCs8h7e9k1J8CD_4koan8builtins7sig_def5testss_33sig_dual_writes_to_types_and_data
FN:142,_RNvNtNtNtCs8h7e9k1J8CD_4koan8builtins7sig_def5testss_35sig_body_parks_on_outer_placeholder
FN:165,_RNvNtNtNtCs8h7e9k1J8CD_4koan8builtins7sig_def5testss_38sig_body_error_short_circuits_finalize
FN:25,_RNvNtNtCs8h7e9k1J8CD_4koan8builtins7sig_def4body
FN:77,_RNvNtNtCs8h7e9k1J8CD_4koan8builtins7sig_def7pre_run
FN:81,_RNvNtNtCs8h7e9k1J8CD_4koan8builtins7sig_def8register
FNDA:0,_RNvNtNtCs3yqXWJWMNss_4koan8builtins7sig_def4body
FNDA:0,_RNvNtNtCs3yqXWJWMNss_4koan8builtins7sig_def7pre_run
FNDA:15,_RNvNtNtCs3yqXWJWMNss_4koan8builtins7sig_def8register
FNDA:0,_RNCNvNtNtCs3yqXWJWMNss_4koan8builtins7sig_def4body0B7_
FNDA:57,_RNCNvNtNtCs8h7e9k1J8CD_4koan8builtins7sig_def4body0B7_
FNDA:1,_RNvNtNtNtCs8h7e9k1J8CD_4koan8builtins7sig_def5testss_21sig_path_records_name
FNDA:1,_RNvNtNtNtCs8h7e9k1J8CD_4koan8builtins7sig_def5testss_25pre_run_extracts_sig_name
FNDA:1,_RNvNtNtNtCs8h7e9k1J8CD_4koan8builtins7sig_def5testss_29sig_binds_under_name_in_scope
FNDA:1,_RNvNtNtNtCs8h7e9k1J8CD_4koan8builtins7sig_def5testss_33sig_dual_writes_to_types_and_data
FNDA:1,_RNvNtNtNtCs8h7e9k1J8CD_4koan8builtins7sig_def5testss_35sig_body_parks_on_outer_placeholder
FNDA:1,_RNvNtNtNtCs8h7e9k1J8CD_4koan8builtins7sig_def5testss_38sig_body_error_short_circuits_finalize
FNDA:59,_RNvNtNtCs8h7e9k1J8CD_4koan8builtins7sig_def4body
FNDA:119,_RNvNtNtCs8h7e9k1J8CD_4koan8builtins7sig_def7pre_run
FNDA:362,_RNvNtNtCs8h7e9k1J8CD_4koan8builtins7sig_def8register
FNF:10
FNH:10
DA:25,59
DA:26,59
DA:27,59
DA:28,59
DA:29,59
DA:30,59
DA:31,59
DA:32,0
DA:34,59
DA:35,59
DA:37,0
DA:38,0
DA:39,0
DA:43,59
DA:44,59
DA:46,59
DA:48,59
DA:49,59
DA:50,57
DA:51,57
DA:52,57
DA:53,57
DA:57,57
DA:58,57
DA:59,57
DA:60,57
DA:61,57
DA:62,57
DA:63,57
DA:64,57
DA:65,0
DA:66,0
DA:67,0
DA:68,0
DA:70,57
DA:71,59
DA:72,59
DA:73,59
DA:77,119
DA:78,119
DA:79,119
DA:81,377
DA:82,377
DA:83,377
DA:84,377
DA:85,377
DA:86,377
DA:87,377
DA:88,377
DA:89,377
DA:91,377
DA:92,377
DA:94,377
DA:106,1
DA:107,1
DA:108,1
DA:109,1
DA:110,1
DA:111,1
DA:114,1
DA:115,1
DA:116,1
DA:117,1
DA:118,1
DA:119,1
DA:120,1
DA:123,1
DA:124,1
DA:125,1
DA:126,1
DA:127,1
DA:128,1
DA:129,1
DA:130,0
DA:132,1
DA:133,1
DA:142,1
DA:143,1
DA:144,1
DA:145,1
DA:146,1
DA:147,1
DA:148,1
DA:149,0
DA:151,1
DA:152,1
DA:153,1
DA:154,1
DA:156,0
DA:158,1
DA:165,1
DA:166,1
DA:167,1
DA:168,1
DA:169,1
DA:170,1
DA:173,1
DA:180,1
DA:182,1
DA:183,1
DA:184,1
DA:185,1
DA:186,1
DA:187,1
DA:188,1
DA:189,1
DA:190,1
DA:191,1
DA:193,1
DA:194,1
DA:195,1
DA:196,1
DA:197,1
DA:198,1
DA:199,1
BRF:0
BRH:0
LF:116
LH:105
end_of_record
SF:/var/home/jack/Code/koan/src/builtins/struct_def.rs
FN:102,_RNvNtNtCs3yqXWJWMNss_4koan8builtins10struct_def15finalize_struct
FN:157,_RNvNtNtCs3yqXWJWMNss_4koan8builtins10struct_def24defer_struct_via_combine
FN:37,_RNvNtNtCs3yqXWJWMNss_4koan8builtins10struct_def4body
FN:203,_RNvNtNtCs3yqXWJWMNss_4koan8builtins10struct_def7pre_run
FN:207,_RNvNtNtCs3yqXWJWMNss_4koan8builtins10struct_def8register
FN:166,_RNCNvNtNtCs3yqXWJWMNss_4koan8builtins10struct_def24defer_struct_via_combine0B7_
FN:166,_RNCNvNtNtCs8h7e9k1J8CD_4koan8builtins10struct_def24defer_struct_via_combine0B7_
FN:102,_RNvNtNtCs8h7e9k1J8CD_4koan8builtins10struct_def15finalize_struct
FN:157,_RNvNtNtCs8h7e9k1J8CD_4koan8builtins10struct_def24defer_struct_via_combine
FN:37,_RNvNtNtCs8h7e9k1J8CD_4koan8builtins10struct_def4body
FN:203,_RNvNtNtCs8h7e9k1J8CD_4koan8builtins10struct_def7pre_run
FN:207,_RNvNtNtCs8h7e9k1J8CD_4koan8builtins10struct_def8register
FNDA:1,_RNvNtNtCs3yqXWJWMNss_4koan8builtins10struct_def15finalize_struct
FNDA:0,_RNvNtNtCs3yqXWJWMNss_4koan8builtins10struct_def24defer_struct_via_combine
FNDA:1,_RNvNtNtCs3yqXWJWMNss_4koan8builtins10struct_def4body
FNDA:2,_RNvNtNtCs3yqXWJWMNss_4koan8builtins10struct_def7pre_run
FNDA:15,_RNvNtNtCs3yqXWJWMNss_4koan8builtins10struct_def8register
FNDA:0,_RNCNvNtNtCs3yqXWJWMNss_4koan8builtins10struct_def24defer_struct_via_combine0B7_
FNDA:4,_RNCNvNtNtCs8h7e9k1J8CD_4koan8builtins10struct_def24defer_struct_via_combine0B7_
FNDA:46,_RNvNtNtCs8h7e9k1J8CD_4koan8builtins10struct_def15finalize_struct
FNDA:4,_RNvNtNtCs8h7e9k1J8CD_4koan8builtins10struct_def24defer_struct_via_combine
FNDA:49,_RNvNtNtCs8h7e9k1J8CD_4koan8builtins10struct_def4body
FNDA:99,_RNvNtNtCs8h7e9k1J8CD_4koan8builtins10struct_def7pre_run
FNDA:362,_RNvNtNtCs8h7e9k1J8CD_4koan8builtins10struct_def8register
FNF:6
FNH:6
DA:37,50
DA:38,50
DA:39,50
DA:40,50
DA:41,50
DA:46,50
DA:47,50
DA:48,0
DA:50,50
DA:51,50
DA:53,0
DA:54,0
DA:55,0
DA:64,50
DA:65,50
DA:66,50
DA:67,50
DA:68,50
DA:69,50
DA:70,50
DA:71,50
DA:72,50
DA:78,50
DA:79,50
DA:80,50
DA:81,50
DA:82,50
DA:83,50
DA:84,50
DA:86,50
DA:87,42
DA:88,4
DA:89,4
DA:90,4
DA:91,4
DA:92,4
DA:93,4
DA:94,4
DA:95,4
DA:98,50
DA:102,47
DA:103,47
DA:104,47
DA:105,47
DA:106,47
DA:118,47
DA:119,47
DA:120,7
DA:121,1
DA:122,6
DA:123,40
DA:124,46
DA:125,1
DA:126,1
DA:127,1
DA:128,45
DA:129,45
DA:136,45
DA:137,45
DA:138,45
DA:139,45
DA:140,45
DA:141,45
DA:142,45
DA:143,45
DA:144,45
DA:145,45
DA:146,45
DA:147,45
DA:148,45
DA:149,0
DA:151,47
DA:157,4
DA:158,4
DA:159,4
DA:160,4
DA:161,4
DA:162,4
DA:163,4
DA:164,4
DA:165,4
DA:166,4
DA:169,4
DA:176,4
DA:177,4
DA:178,4
DA:179,4
DA:180,4
DA:181,4
DA:182,4
DA:183,4
DA:185,0
DA:186,0
DA:187,0
DA:188,0
DA:189,0
DA:190,0
DA:191,0
DA:192,0
DA:193,0
DA:195,4
DA:196,4
DA:197,4
DA:198,4
DA:203,101
DA:204,101
DA:205,101
DA:207,377
DA:208,377
DA:209,377
DA:210,377
DA:211,377
DA:212,377
DA:213,377
DA:214,377
DA:215,377
DA:217,377
DA:218,377
DA:220,377
BRF:0
BRH:0
LF:120
LH:106
end_of_record
SF:/var/home/jack/Code/koan/src/builtins/struct_value.rs
FN:128,_RNvNtNtCs3yqXWJWMNss_4koan8builtins12struct_value14primitive_body
FN:48,_RNvNtNtCs3yqXWJWMNss_4koan8builtins12struct_value5apply
FN:175,_RNvNtNtCs3yqXWJWMNss_4koan8builtins12struct_value8register
FN:92,_RNvNtNtCs3yqXWJWMNss_4koan8builtins12struct_value9construct
FN:128,_RNvNtNtCs8h7e9k1J8CD_4koan8builtins12struct_value14primitive_body
FN:48,_RNvNtNtCs8h7e9k1J8CD_4koan8builtins12struct_value5apply
FN:175,_RNvNtNtCs8h7e9k1J8CD_4koan8builtins12struct_value8register
FN:92,_RNvNtNtCs8h7e9k1J8CD_4koan8builtins12struct_value9construct
FNDA:1,_RNvNtNtCs3yqXWJWMNss_4koan8builtins12struct_value14primitive_body
FNDA:1,_RNvNtNtCs3yqXWJWMNss_4koan8builtins12struct_value5apply
FNDA:15,_RNvNtNtCs3yqXWJWMNss_4koan8builtins12struct_value8register
FNDA:1,_RNvNtNtCs3yqXWJWMNss_4koan8builtins12struct_value9construct
FNDA:25,_RNvNtNtCs8h7e9k1J8CD_4koan8builtins12struct_value14primitive_body
FNDA:29,_RNvNtNtCs8h7e9k1J8CD_4koan8builtins12struct_value5apply
FNDA:362,_RNvNtNtCs8h7e9k1J8CD_4koan8builtins12struct_value8register
FNDA:25,_RNvNtNtCs8h7e9k1J8CD_4koan8builtins12struct_value9construct
FNF:4
FNH:4
DA:48,30
DA:49,30
DA:50,30
DA:51,30
DA:52,30
DA:53,30
DA:55,0
DA:56,0
DA:57,0
DA:58,0
DA:61,30
DA:62,30
DA:63,28
DA:64,2
DA:68,28
DA:69,53
DA:70,53
DA:71,52
DA:73,1
DA:77,27
DA:78,1
DA:79,1
DA:80,1
DA:81,26
DA:82,26
DA:83,26
DA:84,26
DA:86,26
DA:87,30
DA:92,26
DA:93,26
DA:94,26
DA:95,26
DA:96,26
DA:97,26
DA:98,26
DA:99,0
DA:100,0
DA:101,0
DA:102,0
DA:103,26
DA:106,26
DA:107,47
DA:108,47
DA:109,3
DA:110,3
DA:111,3
DA:112,3
DA:113,3
DA:114,44
DA:115,44
DA:119,23
DA:120,23
DA:121,23
DA:122,23
DA:123,23
DA:124,26
DA:128,26
DA:129,26
DA:130,26
DA:131,26
DA:132,26
DA:136,26
DA:137,26
DA:138,26
DA:140,0
DA:141,0
DA:142,0
DA:143,0
DA:144,0
DA:145,0
DA:148,0
DA:151,26
DA:152,26
DA:153,0
DA:154,0
DA:155,0
DA:156,0
DA:157,0
DA:158,0
DA:161,0
DA:164,26
DA:165,23
DA:166,3
DA:168,26
DA:175,377
DA:176,377
DA:177,377
DA:178,377
DA:179,377
DA:180,377
DA:181,377
DA:182,377
DA:183,377
DA:184,377
DA:185,377
DA:186,377
DA:188,377
BRF:0
BRH:0
LF:98
LH:76
end_of_record
SF:/var/home/jack/Code/koan/src/builtins/tagged_union.rs
FN:113,_RNvNtNtCs3yqXWJWMNss_4koan8builtins12tagged_union14primitive_body
FN:42,_RNvNtNtCs3yqXWJWMNss_4koan8builtins12tagged_union5apply
FN:165,_RNvNtNtCs3yqXWJWMNss_4koan8builtins12tagged_union8register
FN:76,_RNvNtNtCs3yqXWJWMNss_4koan8builtins12tagged_union9construct
FN:113,_RNvNtNtCs8h7e9k1J8CD_4koan8builtins12tagged_union14primitive_body
FN:42,_RNvNtNtCs8h7e9k1J8CD_4koan8builtins12tagged_union5apply
FN:165,_RNvNtNtCs8h7e9k1J8CD_4koan8builtins12tagged_union8register
FN:76,_RNvNtNtCs8h7e9k1J8CD_4koan8builtins12tagged_union9construct
FN:203,_RNvNtNtNtCs8h7e9k1J8CD_4koan8builtins12tagged_union5tests11build_scope
FN:229,_RNvNtNtNtCs8h7e9k1J8CD_4koan8builtins12tagged_union5tests11run_one_err
FN:213,_RNvNtNtNtCs8h7e9k1J8CD_4koan8builtins12tagged_union5tests3run
FN:222,_RNvNtNtNtCs8h7e9k1J8CD_4koan8builtins12tagged_union5tests7run_one
FN:207,_RNvNtNtNtCs8h7e9k1J8CD_4koan8builtins12tagged_union5tests9parse_one
FN:263,_RNvNtNtNtCs8h7e9k1J8CD_4koan8builtins12tagged_union5testss_29primitive_rejects_unknown_tag
FN:247,_RNvNtNtNtCs8h7e9k1J8CD_4koan8builtins12tagged_union5testss_33primitive_constructs_tagged_value
FN:276,_RNvNtNtNtCs8h7e9k1J8CD_4koan8builtins12tagged_union5testss_37primitive_rejects_value_of_wrong_type
FN:200,_RNvXNtNtNtCs8h7e9k1J8CD_4koan8builtins12tagged_union5testsNtB2_9SharedBufNtNtCsjrHSEGnQ3l9_3std2io5Write5flush
FN:196,_RNvXNtNtNtCs8h7e9k1J8CD_4koan8builtins12tagged_union5testsNtB2_9SharedBufNtNtCsjrHSEGnQ3l9_3std2io5Write5write
FNDA:0,_RNvNtNtCs3yqXWJWMNss_4koan8builtins12tagged_union14primitive_body
FNDA:0,_RNvNtNtCs3yqXWJWMNss_4koan8builtins12tagged_union5apply
FNDA:15,_RNvNtNtCs3yqXWJWMNss_4koan8builtins12tagged_union8register
FNDA:0,_RNvNtNtCs3yqXWJWMNss_4koan8builtins12tagged_union9construct
FNDA:57,_RNvNtNtCs8h7e9k1J8CD_4koan8builtins12tagged_union14primitive_body
FNDA:54,_RNvNtNtCs8h7e9k1J8CD_4koan8builtins12tagged_union5apply
FNDA:362,_RNvNtNtCs8h7e9k1J8CD_4koan8builtins12tagged_union8register
FNDA:57,_RNvNtNtCs8h7e9k1J8CD_4koan8builtins12tagged_union9construct
FNDA:3,_RNvNtNtNtCs8h7e9k1J8CD_4koan8builtins12tagged_union5tests11build_scope
FNDA:2,_RNvNtNtNtCs8h7e9k1J8CD_4koan8builtins12tagged_union5tests11run_one_err
FNDA:3,_RNvNtNtNtCs8h7e9k1J8CD_4koan8builtins12tagged_union5tests3run
FNDA:1,_RNvNtNtNtCs8h7e9k1J8CD_4koan8builtins12tagged_union5tests7run_one
FNDA:3,_RNvNtNtNtCs8h7e9k1J8CD_4koan8builtins12tagged_union5tests9parse_one
FNDA:1,_RNvNtNtNtCs8h7e9k1J8CD_4koan8builtins12tagged_union5testss_29primitive_rejects_unknown_tag
FNDA:1,_RNvNtNtNtCs8h7e9k1J8CD_4koan8builtins12tagged_union5testss_33primitive_constructs_tagged_value
FNDA:1,_RNvNtNtNtCs8h7e9k1J8CD_4koan8builtins12tagged_union5testss_37primitive_rejects_value_of_wrong_type
FNDA:0,_RNvXNtNtNtCs8h7e9k1J8CD_4koan8builtins12tagged_union5testsNtB2_9SharedBufNtNtCsjrHSEGnQ3l9_3std2io5Write5flush
FNDA:0,_RNvXNtNtNtCs8h7e9k1J8CD_4koan8builtins12tagged_union5testsNtB2_9SharedBufNtNtCsjrHSEGnQ3l9_3std2io5Write5write
FNF:14
FNH:12
DA:42,54
DA:43,54
DA:44,54
DA:45,54
DA:46,54
DA:47,54
DA:50,54
DA:51,0
DA:52,0
DA:53,0
DA:54,0
DA:55,54
DA:56,54
DA:57,54
DA:58,54
DA:59,54
DA:60,0
DA:61,0
DA:62,0
DA:63,0
DA:64,54
DA:65,54
DA:66,54
DA:67,54
DA:68,54
DA:70,54
DA:71,54
DA:76,57
DA:77,57
DA:78,57
DA:79,57
DA:80,57
DA:81,57
DA:82,57
DA:83,57
DA:84,55
DA:86,2
DA:87,2
DA:88,2
DA:89,2
DA:90,2
DA:93,55
DA:94,1
DA:95,1
DA:96,1
DA:97,1
DA:98,1
DA:99,54
DA:102,54
DA:103,54
DA:104,54
DA:105,54
DA:106,54
DA:107,54
DA:108,57
DA:113,57
DA:114,57
DA:115,57
DA:116,57
DA:117,57
DA:120,57
DA:121,57
DA:122,57
DA:124,0
DA:125,0
DA:126,0
DA:127,0
DA:128,0
DA:129,0
DA:132,0
DA:139,57
DA:140,57
DA:141,0
DA:142,0
DA:143,0
DA:144,0
DA:145,0
DA:146,0
DA:148,0
DA:150,57
DA:151,57
DA:153,0
DA:156,57
DA:157,54
DA:158,3
DA:160,57
DA:165,377
DA:166,377
DA:167,377
DA:168,377
DA:169,377
DA:170,377
DA:171,377
DA:172,377
DA:173,377
DA:174,377
DA:175,377
DA:176,377
DA:177,377
DA:179,377
DA:196,0
DA:197,0
DA:198,0
DA:199,0
DA:200,0
DA:203,3
DA:204,3
DA:205,3
DA:207,3
DA:208,3
DA:209,3
DA:210,3
DA:211,3
DA:213,3
DA:214,3
DA:215,3
DA:216,6
DA:217,6
DA:218,6
DA:219,3
DA:220,3
DA:222,1
DA:223,1
DA:224,1
DA:225,1
DA:226,1
DA:227,1
DA:229,2
DA:230,2
DA:231,2
DA:232,2
DA:233,2
DA:234,2
DA:235,2
DA:236,2
DA:237,0
DA:238,2
DA:240,2
DA:247,1
DA:248,1
DA:249,1
DA:250,1
DA:251,1
DA:252,1
DA:253,1
DA:254,1
DA:255,1
DA:256,1
DA:258,0
DA:260,1
DA:263,1
DA:264,1
DA:265,1
DA:266,1
DA:267,1
DA:268,1
DA:269,1
DA:270,1
DA:273,1
DA:276,1
DA:277,1
DA:278,1
DA:279,1
DA:280,1
DA:281,1
DA:282,1
DA:283,1
DA:284,1
DA:285,1
DA:286,1
DA:288,0
DA:290,1
BRF:0
BRH:0
LF:172
LH:141
end_of_record
SF:/var/home/jack/Code/koan/src/builtins/test_support.rs
FN:72,_RNvNtNtCs8h7e9k1J8CD_4koan8builtins12test_support11run_one_err
FN:100,_RNvNtNtCs8h7e9k1J8CD_4koan8builtins12test_support12one_slot_sig
FN:49,_RNvNtNtCs8h7e9k1J8CD_4koan8builtins12test_support13run_root_bare
FN:43,_RNvNtNtCs8h7e9k1J8CD_4koan8builtins12test_support15run_root_silent
FN:35,_RNvNtNtCs8h7e9k1J8CD_4koan8builtins12test_support17run_root_with_buf
FN:82,_RNvNtNtCs8h7e9k1J8CD_4koan8builtins12test_support3run
FN:94,_RNvNtNtCs8h7e9k1J8CD_4koan8builtins12test_support6marker
FN:63,_RNvNtNtCs8h7e9k1J8CD_4koan8builtins12test_support7run_one
FN:55,_RNvNtNtCs8h7e9k1J8CD_4koan8builtins12test_support9parse_one
FN:30,_RNvXNtNtCs8h7e9k1J8CD_4koan8builtins12test_supportNtB2_9SharedBufNtNtCsjrHSEGnQ3l9_3std2io5Write5flush
FN:26,_RNvXNtNtCs8h7e9k1J8CD_4koan8builtins12test_supportNtB2_9SharedBufNtNtCsjrHSEGnQ3l9_3std2io5Write5write
FNDA:37,_RNvNtNtCs8h7e9k1J8CD_4koan8builtins12test_support11run_one_err
FNDA:7,_RNvNtNtCs8h7e9k1J8CD_4koan8builtins12test_support12one_slot_sig
FNDA:44,_RNvNtNtCs8h7e9k1J8CD_4koan8builtins12test_support13run_root_bare
FNDA:183,_RNvNtNtCs8h7e9k1J8CD_4koan8builtins12test_support15run_root_silent
FNDA:52,_RNvNtNtCs8h7e9k1J8CD_4koan8builtins12test_support17run_root_with_buf
FNDA:220,_RNvNtNtCs8h7e9k1J8CD_4koan8builtins12test_support3run
FNDA:3,_RNvNtNtCs8h7e9k1J8CD_4koan8builtins12test_support6marker
FNDA:182,_RNvNtNtCs8h7e9k1J8CD_4koan8builtins12test_support7run_one
FNDA:277,_RNvNtNtCs8h7e9k1J8CD_4koan8builtins12test_support9parse_one
FNDA:0,_RNvXNtNtCs8h7e9k1J8CD_4koan8builtins12test_supportNtB2_9SharedBufNtNtCsjrHSEGnQ3l9_3std2io5Write5flush
FNDA:94,_RNvXNtNtCs8h7e9k1J8CD_4koan8builtins12test_supportNtB2_9SharedBufNtNtCsjrHSEGnQ3l9_3std2io5Write5write
FNF:11
FNH:10
DA:26,94
DA:27,94
DA:28,94
DA:29,94
DA:30,0
DA:31,0
DA:32,0
DA:35,52
DA:36,52
DA:37,52
DA:38,52
DA:39,52
DA:40,52
DA:41,52
DA:43,183
DA:44,183
DA:45,183
DA:49,44
DA:50,44
DA:51,44
DA:55,277
DA:56,277
DA:57,277
DA:58,277
DA:59,277
DA:63,182
DA:64,182
DA:65,182
DA:66,182
DA:67,182
DA:68,182
DA:72,37
DA:73,37
DA:74,37
DA:75,37
DA:76,37
DA:77,0
DA:78,37
DA:80,37
DA:82,220
DA:83,220
DA:84,220
DA:85,385
DA:86,385
DA:87,385
DA:88,220
DA:89,220
DA:94,3
DA:95,3
DA:96,3
DA:100,7
DA:101,7
DA:102,7
DA:103,7
DA:104,7
DA:105,7
DA:106,7
DA:107,7
DA:108,7
BRF:0
BRH:0
LF:59
LH:55
end_of_record
SF:/var/home/jack/Code/koan/src/builtins/try_with.rs
FN:67,_RNvNtNtCs3yqXWJWMNss_4koan8builtins8try_with15dispatch_branch
FN:31,_RNvNtNtCs3yqXWJWMNss_4koan8builtins8try_with4body
FN:122,_RNvNtNtCs3yqXWJWMNss_4koan8builtins8try_with8register
FN:55,_RNCNvNtNtCs3yqXWJWMNss_4koan8builtins8try_with4body0B7_
FN:55,_RNCNvNtNtCs8h7e9k1J8CD_4koan8builtins8try_with4body0B7_
FN:67,_RNvNtNtCs8h7e9k1J8CD_4koan8builtins8try_with15dispatch_branch
FN:31,_RNvNtNtCs8h7e9k1J8CD_4koan8builtins8try_with4body
FN:122,_RNvNtNtCs8h7e9k1J8CD_4koan8builtins8try_with8register
FNDA:0,_RNvNtNtCs3yqXWJWMNss_4koan8builtins8try_with15dispatch_branch
FNDA:0,_RNvNtNtCs3yqXWJWMNss_4koan8builtins8try_with4body
FNDA:15,_RNvNtNtCs3yqXWJWMNss_4koan8builtins8try_with8register
FNDA:0,_RNCNvNtNtCs3yqXWJWMNss_4koan8builtins8try_with4body0B7_
FNDA:16,_RNCNvNtNtCs8h7e9k1J8CD_4koan8builtins8try_with4body0B7_
FNDA:16,_RNvNtNtCs8h7e9k1J8CD_4koan8builtins8try_with15dispatch_branch
FNDA:16,_RNvNtNtCs8h7e9k1J8CD_4koan8builtins8try_with4body
FNDA:362,_RNvNtNtCs8h7e9k1J8CD_4koan8builtins8try_with8register
FNF:4
FNH:4
DA:31,16
DA:32,16
DA:33,16
DA:34,16
DA:35,16
DA:36,16
DA:37,16
DA:39,0
DA:40,0
DA:41,0
DA:44,16
DA:45,16
DA:47,0
DA:48,0
DA:49,0
DA:53,16
DA:54,16
DA:55,16
DA:56,16
DA:57,16
DA:58,16
DA:59,16
DA:60,16
DA:67,16
DA:68,16
DA:69,16
DA:70,16
DA:71,16
DA:72,16
DA:73,16
DA:77,16
DA:78,6
DA:79,10
DA:80,10
DA:81,10
DA:82,10
DA:83,0
DA:85,10
DA:89,16
DA:90,12
DA:92,2
DA:93,1
DA:94,1
DA:95,1
DA:96,1
DA:99,2
DA:105,12
DA:106,12
DA:107,12
DA:110,12
DA:111,12
DA:116,12
DA:117,12
DA:118,12
DA:119,12
DA:120,16
DA:122,377
DA:123,377
DA:124,377
DA:125,377
DA:126,377
DA:127,377
DA:128,377
DA:129,377
DA:130,377
DA:132,377
DA:134,377
BRF:0
BRH:0
LF:68
LH:61
end_of_record
SF:/var/home/jack/Code/koan/src/builtins/type_call.rs
FN:33,_RNvNtNtCs3yqXWJWMNss_4koan8builtins9type_call4body
FN:115,_RNvNtNtCs3yqXWJWMNss_4koan8builtins9type_call8register
FN:33,_RNvNtNtCs8h7e9k1J8CD_4koan8builtins9type_call4body
FN:115,_RNvNtNtCs8h7e9k1J8CD_4koan8builtins9type_call8register
FN:149,_RNvNtNtNtCs8h7e9k1J8CD_4koan8builtins9type_call5testss_29type_call_unbound_type_errors
FN:215,_RNvNtNtNtCs8h7e9k1J8CD_4koan8builtins9type_call5testss_33union_dual_write_path_still_works
FN:195,_RNvNtNtNtCs8h7e9k1J8CD_4koan8builtins9type_call5testss_34struct_dual_write_path_still_works
FN:173,_RNvNtNtNtCs8h7e9k1J8CD_4koan8builtins9type_call5testss_35type_call_with_sub_expression_value
FN:134,_RNvNtNtNtCs8h7e9k1J8CD_4koan8builtins9type_call5testss_39type_token_calls_construct_tagged_value
FN:160,_RNvNtNtNtCs8h7e9k1J8CD_4koan8builtins9type_call5testss_41type_call_propagates_tag_validation_error
FNDA:1,_RNvNtNtCs3yqXWJWMNss_4koan8builtins9type_call4body
FNDA:15,_RNvNtNtCs3yqXWJWMNss_4koan8builtins9type_call8register
FNDA:94,_RNvNtNtCs8h7e9k1J8CD_4koan8builtins9type_call4body
FNDA:362,_RNvNtNtCs8h7e9k1J8CD_4koan8builtins9type_call8register
FNDA:1,_RNvNtNtNtCs8h7e9k1J8CD_4koan8builtins9type_call5testss_29type_call_unbound_type_errors
FNDA:1,_RNvNtNtNtCs8h7e9k1J8CD_4koan8builtins9type_call5testss_33union_dual_write_path_still_works
FNDA:1,_RNvNtNtNtCs8h7e9k1J8CD_4koan8builtins9type_call5testss_34struct_dual_write_path_still_works
FNDA:1,_RNvNtNtNtCs8h7e9k1J8CD_4koan8builtins9type_call5testss_35type_call_with_sub_expression_value
FNDA:1,_RNvNtNtNtCs8h7e9k1J8CD_4koan8builtins9type_call5testss_39type_token_calls_construct_tagged_value
FNDA:1,_RNvNtNtNtCs8h7e9k1J8CD_4koan8builtins9type_call5testss_41type_call_propagates_tag_validation_error
FNF:8
FNH:8
DA:33,95
DA:34,95
DA:35,95
DA:36,95
DA:37,95
DA:43,95
DA:44,95
DA:45,0
DA:47,95
DA:48,95
DA:50,0
DA:51,0
DA:52,0
DA:60,95
DA:61,93
DA:62,2
DA:64,93
DA:76,81
DA:77,81
DA:79,0
DA:80,0
DA:84,0
DA:87,81
DA:88,81
DA:89,0
DA:90,0
DA:91,0
DA:92,0
DA:93,0
DA:97,12
DA:102,0
DA:103,0
DA:104,0
DA:105,0
DA:106,0
DA:107,0
DA:108,0
DA:109,0
DA:110,0
DA:111,0
DA:113,95
DA:115,377
DA:116,377
DA:117,377
DA:118,377
DA:119,377
DA:120,377
DA:121,377
DA:123,377
DA:125,377
DA:134,1
DA:135,1
DA:136,1
DA:137,1
DA:138,1
DA:139,1
DA:140,1
DA:141,1
DA:142,1
DA:144,0
DA:146,1
DA:149,1
DA:150,1
DA:151,1
DA:152,1
DA:153,1
DA:154,1
DA:157,1
DA:160,1
DA:162,1
DA:163,1
DA:164,1
DA:165,1
DA:166,1
DA:167,1
DA:170,1
DA:173,1
DA:176,1
DA:177,1
DA:178,1
DA:179,1
DA:180,1
DA:181,1
DA:182,1
DA:183,1
DA:185,0
DA:187,1
DA:195,1
DA:196,1
DA:197,1
DA:198,1
DA:199,1
DA:200,1
DA:201,1
DA:202,1
DA:203,1
DA:204,1
DA:205,1
DA:207,0
DA:209,1
DA:215,1
DA:216,1
DA:217,1
DA:218,1
DA:219,1
DA:220,1
DA:221,1
DA:222,1
DA:223,1
DA:225,0
DA:227,1
BRF:0
BRH:0
LF:111
LH:85
end_of_record
SF:/var/home/jack/Code/koan/src/builtins/type_ops.rs
FN:33,_RNvNtNtCs3yqXWJWMNss_4koan8builtins8type_ops8register
FN:33,_RNvNtNtCs8h7e9k1J8CD_4koan8builtins8type_ops8register
FNDA:15,_RNvNtNtCs3yqXWJWMNss_4koan8builtins8type_ops8register
FNDA:362,_RNvNtNtCs8h7e9k1J8CD_4koan8builtins8type_ops8register
FNF:1
FNH:1
DA:33,377
DA:34,377
DA:35,377
DA:36,377
DA:37,377
DA:38,377
DA:40,377
DA:41,377
DA:42,377
DA:43,377
DA:44,377
DA:45,377
DA:46,377
DA:48,377
DA:50,377
DA:51,377
DA:52,377
DA:53,377
DA:54,377
DA:55,377
DA:56,377
DA:57,377
DA:59,377
DA:66,377
DA:67,377
DA:68,377
DA:69,377
DA:70,377
DA:71,377
DA:72,377
DA:74,377
DA:81,377
DA:82,377
DA:83,377
DA:84,377
DA:85,377
DA:86,377
DA:88,377
DA:95,377
DA:96,377
DA:97,377
DA:98,377
DA:99,377
DA:100,377
DA:101,377
DA:103,377
DA:105,377
BRF:0
BRH:0
LF:47
LH:47
end_of_record
SF:/var/home/jack/Code/koan/src/builtins/type_ops/dict_of.rs
FN:8,_RNvNtNtNtCs3yqXWJWMNss_4koan8builtins8type_ops7dict_of4body
FN:8,_RNvNtNtNtCs8h7e9k1J8CD_4koan8builtins8type_ops7dict_of4body
FN:36,_RNvNtNtNtNtCs8h7e9k1J8CD_4koan8builtins8type_ops7dict_of5testss_33dict_of_str_number_lowers_to_dict
FNDA:0,_RNvNtNtNtCs3yqXWJWMNss_4koan8builtins8type_ops7dict_of4body
FNDA:2,_RNvNtNtNtCs8h7e9k1J8CD_4koan8builtins8type_ops7dict_of4body
FNDA:1,_RNvNtNtNtNtCs8h7e9k1J8CD_4koan8builtins8type_ops7dict_of5testss_33dict_of_str_number_lowers_to_dict
FNF:2
FNH:2
DA:8,2
DA:9,2
DA:10,2
DA:11,2
DA:12,2
DA:13,2
DA:14,2
DA:15,0
DA:17,2
DA:18,2
DA:19,0
DA:21,2
DA:22,2
DA:23,2
DA:24,2
DA:25,2
DA:26,2
DA:36,1
DA:37,1
DA:38,1
DA:39,1
DA:40,1
DA:41,1
DA:42,1
DA:44,1
DA:47,0
DA:49,1
BRF:0
BRH:0
LF:27
LH:24
end_of_record
SF:/var/home/jack/Code/koan/src/builtins/type_ops/function_of.rs
FN:13,_RNvNtNtNtCs3yqXWJWMNss_4koan8builtins8type_ops11function_of4body
FN:63,_RNvNtNtNtNtCs8h7e9k1J8CD_4koan8builtins8type_ops11function_of5testss_37function_of_unary_lowers_to_kfunction
FN:83,_RNvNtNtNtNtCs8h7e9k1J8CD_4koan8builtins8type_ops11function_of5testss_39function_of_nullary_lowers_to_kfunction
FN:104,_RNvNtNtNtNtCs8h7e9k1J8CD_4koan8builtins8type_ops11function_of5testss_41function_of_multi_arg_lowers_to_kfunction
FN:13,_RNvNtNtNtCs8h7e9k1J8CD_4koan8builtins8type_ops11function_of4body
FNDA:0,_RNvNtNtNtCs3yqXWJWMNss_4koan8builtins8type_ops11function_of4body
FNDA:1,_RNvNtNtNtNtCs8h7e9k1J8CD_4koan8builtins8type_ops11function_of5testss_37function_of_unary_lowers_to_kfunction
FNDA:1,_RNvNtNtNtNtCs8h7e9k1J8CD_4koan8builtins8type_ops11function_of5testss_39function_of_nullary_lowers_to_kfunction
FNDA:1,_RNvNtNtNtNtCs8h7e9k1J8CD_4koan8builtins8type_ops11function_of5testss_41function_of_multi_arg_lowers_to_kfunction
FNDA:3,_RNvNtNtNtCs8h7e9k1J8CD_4koan8builtins8type_ops11function_of4body
FNF:4
FNH:4
DA:13,3
DA:14,3
DA:15,3
DA:16,3
DA:17,3
DA:18,3
DA:19,3
DA:20,0
DA:22,3
DA:23,3
DA:24,0
DA:26,3
DA:27,3
DA:28,0
DA:29,3
DA:30,3
DA:31,0
DA:32,0
DA:33,0
DA:34,0
DA:37,0
DA:38,0
DA:39,0
DA:40,0
DA:41,0
DA:42,0
DA:46,3
DA:47,3
DA:48,3
DA:49,3
DA:50,3
DA:51,3
DA:52,3
DA:63,1
DA:64,1
DA:65,1
DA:66,1
DA:67,1
DA:68,1
DA:69,1
[...]
FN:125,_RNvNtNtCs3yqXWJWMNss_4koan5parse6tokens14parse_compound
FN:155,_RNvNtNtCs3yqXWJWMNss_4koan5parse6tokens9read_atom
FN:204,_RNCNvNtNtNtCs8h7e9k1J8CD_4koan5parse6tokens5tests8classify0B9_
FN:196,_RNCNvNtNtNtCs8h7e9k1J8CD_4koan5parse6tokens5tests8describe0B9_
FN:42,_RNvNtNtCs8h7e9k1J8CD_4koan5parse6tokens11try_literal
FN:112,_RNvNtNtCs8h7e9k1J8CD_4koan5parse6tokens12is_type_name
FN:72,_RNvNtNtCs8h7e9k1J8CD_4koan5parse6tokens13classify_atom
FN:27,_RNvNtNtCs8h7e9k1J8CD_4koan5parse6tokens14classify_token
FN:125,_RNvNtNtCs8h7e9k1J8CD_4koan5parse6tokens14parse_compound
FN:155,_RNvNtNtCs8h7e9k1J8CD_4koan5parse6tokens9read_atom
FN:118,_RNCNvNtNtCs8h7e9k1J8CD_4koan5parse6tokens12is_type_name0B7_
FN:80,_RNCNvNtNtCs8h7e9k1J8CD_4koan5parse6tokens13classify_atom0B7_
FN:99,_RNCNvNtNtCs8h7e9k1J8CD_4koan5parse6tokens13classify_atoms0_0B7_
FN:92,_RNCNvNtNtCs8h7e9k1J8CD_4koan5parse6tokens13classify_atoms_0B7_
FN:19,_RNCNvNtNtCs8h7e9k1J8CD_4koan5parse6tokens5FLOAT0B7_
FN:203,_RNvNtNtNtCs8h7e9k1J8CD_4koan5parse6tokens5tests8classify
FN:175,_RNvNtNtNtCs8h7e9k1J8CD_4koan5parse6tokens5tests8describe
FN:223,_RNvNtNtNtCs8h7e9k1J8CD_4koan5parse6tokens5testss_10plain_null
FN:294,_RNvNtNtNtCs8h7e9k1J8CD_4koan5parse6tokens5testss_10suffix_try
FN:228,_RNvNtNtNtCs8h7e9k1J8CD_4koan5parse6tokens5testss_11attr_access
FN:213,_RNvNtNtNtCs8h7e9k1J8CD_4koan5parse6tokens5testss_12plain_number
FN:218,_RNvNtNtNtCs8h7e9k1J8CD_4koan5parse6tokens5testss_13plain_boolean
FN:299,_RNvNtNtNtCs8h7e9k1J8CD_4koan5parse6tokens5testss_14chained_suffix
FN:247,_RNvNtNtNtCs8h7e9k1J8CD_4koan5parse6tokens5testss_15double_negation
FN:289,_RNvNtNtNtCs8h7e9k1J8CD_4koan5parse6tokens5testss_16bare_bang_errors
FN:208,_RNvNtNtNtCs8h7e9k1J8CD_4koan5parse6tokens5testss_16plain_identifier
FN:304,_RNvNtNtNtCs8h7e9k1J8CD_4koan5parse6tokens5testss_17suffix_after_attr
FN:284,_RNvNtNtNtCs8h7e9k1J8CD_4koan5parse6tokens5testss_18leading_dot_errors
FN:255,_RNvNtNtNtCs8h7e9k1J8CD_4koan5parse6tokens5testss_18negation_over_attr
FN:233,_RNvNtNtNtCs8h7e9k1J8CD_4koan5parse6tokens5testss_19chained_attr_access
FN:279,_RNvNtNtNtCs8h7e9k1J8CD_4koan5parse6tokens5testss_19dangling_dot_errors
FN:312,_RNvNtNtNtCs8h7e9k1J8CD_4koan5parse6tokens5testss_20negation_over_suffix
FN:317,_RNvNtNtNtCs8h7e9k1J8CD_4koan5parse6tokens5testss_21leading_suffix_errors
FN:263,_RNvNtNtNtCs8h7e9k1J8CD_4koan5parse6tokens5testss_25decimal_number_is_literal
FN:356,_RNvNtNtNtCs8h7e9k1J8CD_4koan5parse6tokens5testss_28pure_symbol_token_is_keyword
FN:268,_RNvNtNtNtCs8h7e9k1J8CD_4koan5parse6tokens5testss_28scientific_number_is_literal
FN:274,_RNvNtNtNtCs8h7e9k1J8CD_4koan5parse6tokens5testss_30attr_wins_when_rhs_not_numeric
FN:373,_RNvNtNtNtCs8h7e9k1J8CD_4koan5parse6tokens5testss_31lowercase_leading_is_identifier
FN:324,_RNvNtNtNtCs8h7e9k1J8CD_4koan5parse6tokens5testss_34keyword_two_uppercase_no_lowercase
FN:332,_RNvNtNtNtCs8h7e9k1J8CD_4koan5parse6tokens5testss_35type_uppercase_first_with_lowercase
FN:340,_RNvNtNtNtCs8h7e9k1J8CD_4koan5parse6tokens5testss_38single_uppercase_letter_is_parse_error
FN:366,_RNvNtNtNtCs8h7e9k1J8CD_4koan5parse6tokens5testss_47ascription_compound_tokens_classify_as_keywords
FN:348,_RNvNtNtNtCs8h7e9k1J8CD_4koan5parse6tokens5testss_49uppercase_with_digits_no_lowercase_is_parse_error
FN:242,_RNvNtNtNtCs8h7e9k1J8CD_4koan5parse6tokens5testss_8negation
FNDA:48,_RNCNvNtNtCs3yqXWJWMNss_4koan5parse6tokens12is_type_name0B7_
FNDA:188,_RNCNvNtNtCs3yqXWJWMNss_4koan5parse6tokens13classify_atom0B7_
FNDA:51,_RNCNvNtNtCs3yqXWJWMNss_4koan5parse6tokens13classify_atoms0_0B7_
FNDA:43,_RNCNvNtNtCs3yqXWJWMNss_4koan5parse6tokens13classify_atoms_0B7_
FNDA:2,_RNCNvNtNtCs3yqXWJWMNss_4koan5parse6tokens5FLOAT0B7_
FNDA:398,_RNvNtNtCs3yqXWJWMNss_4koan5parse6tokens11try_literal
FNDA:91,_RNvNtNtCs3yqXWJWMNss_4koan5parse6tokens12is_type_name
FNDA:196,_RNvNtNtCs3yqXWJWMNss_4koan5parse6tokens13classify_atom
FNDA:202,_RNvNtNtCs3yqXWJWMNss_4koan5parse6tokens14classify_token
FNDA:189,_RNvNtNtCs3yqXWJWMNss_4koan5parse6tokens14parse_compound
FNDA:196,_RNvNtNtCs3yqXWJWMNss_4koan5parse6tokens9read_atom
FNDA:27,_RNCNvNtNtNtCs8h7e9k1J8CD_4koan5parse6tokens5tests8classify0B9_
FNDA:0,_RNCNvNtNtNtCs8h7e9k1J8CD_4koan5parse6tokens5tests8describe0B9_
FNDA:9470,_RNvNtNtCs8h7e9k1J8CD_4koan5parse6tokens11try_literal
FNDA:2280,_RNvNtNtCs8h7e9k1J8CD_4koan5parse6tokens12is_type_name
FNDA:4512,_RNvNtNtCs8h7e9k1J8CD_4koan5parse6tokens13classify_atom
FNDA:4958,_RNvNtNtCs8h7e9k1J8CD_4koan5parse6tokens14classify_token
FNDA:4479,_RNvNtNtCs8h7e9k1J8CD_4koan5parse6tokens14parse_compound
FNDA:4516,_RNvNtNtCs8h7e9k1J8CD_4koan5parse6tokens9read_atom
FNDA:1170,_RNCNvNtNtCs8h7e9k1J8CD_4koan5parse6tokens12is_type_name0B7_
FNDA:6402,_RNCNvNtNtCs8h7e9k1J8CD_4koan5parse6tokens13classify_atom0B7_
FNDA:3283,_RNCNvNtNtCs8h7e9k1J8CD_4koan5parse6tokens13classify_atoms0_0B7_
FNDA:1114,_RNCNvNtNtCs8h7e9k1J8CD_4koan5parse6tokens13classify_atoms_0B7_
FNDA:1,_RNCNvNtNtCs8h7e9k1J8CD_4koan5parse6tokens5FLOAT0B7_
FNDA:35,_RNvNtNtNtCs8h7e9k1J8CD_4koan5parse6tokens5tests8classify
FNDA:65,_RNvNtNtNtCs8h7e9k1J8CD_4koan5parse6tokens5tests8describe
FNDA:1,_RNvNtNtNtCs8h7e9k1J8CD_4koan5parse6tokens5testss_10plain_null
FNDA:1,_RNvNtNtNtCs8h7e9k1J8CD_4koan5parse6tokens5testss_10suffix_try
FNDA:1,_RNvNtNtNtCs8h7e9k1J8CD_4koan5parse6tokens5testss_11attr_access
FNDA:1,_RNvNtNtNtCs8h7e9k1J8CD_4koan5parse6tokens5testss_12plain_number
FNDA:1,_RNvNtNtNtCs8h7e9k1J8CD_4koan5parse6tokens5testss_13plain_boolean
FNDA:1,_RNvNtNtNtCs8h7e9k1J8CD_4koan5parse6tokens5testss_14chained_suffix
FNDA:1,_RNvNtNtNtCs8h7e9k1J8CD_4koan5parse6tokens5testss_15double_negation
FNDA:1,_RNvNtNtNtCs8h7e9k1J8CD_4koan5parse6tokens5testss_16bare_bang_errors
FNDA:1,_RNvNtNtNtCs8h7e9k1J8CD_4koan5parse6tokens5testss_16plain_identifier
FNDA:1,_RNvNtNtNtCs8h7e9k1J8CD_4koan5parse6tokens5testss_17suffix_after_attr
FNDA:1,_RNvNtNtNtCs8h7e9k1J8CD_4koan5parse6tokens5testss_18leading_dot_errors
FNDA:1,_RNvNtNtNtCs8h7e9k1J8CD_4koan5parse6tokens5testss_18negation_over_attr
FNDA:1,_RNvNtNtNtCs8h7e9k1J8CD_4koan5parse6tokens5testss_19chained_attr_access
FNDA:1,_RNvNtNtNtCs8h7e9k1J8CD_4koan5parse6tokens5testss_19dangling_dot_errors
FNDA:1,_RNvNtNtNtCs8h7e9k1J8CD_4koan5parse6tokens5testss_20negation_over_suffix
FNDA:1,_RNvNtNtNtCs8h7e9k1J8CD_4koan5parse6tokens5testss_21leading_suffix_errors
FNDA:1,_RNvNtNtNtCs8h7e9k1J8CD_4koan5parse6tokens5testss_25decimal_number_is_literal
FNDA:1,_RNvNtNtNtCs8h7e9k1J8CD_4koan5parse6tokens5testss_28pure_symbol_token_is_keyword
FNDA:1,_RNvNtNtNtCs8h7e9k1J8CD_4koan5parse6tokens5testss_28scientific_number_is_literal
FNDA:1,_RNvNtNtNtCs8h7e9k1J8CD_4koan5parse6tokens5testss_30attr_wins_when_rhs_not_numeric
FNDA:1,_RNvNtNtNtCs8h7e9k1J8CD_4koan5parse6tokens5testss_31lowercase_leading_is_identifier
FNDA:1,_RNvNtNtNtCs8h7e9k1J8CD_4koan5parse6tokens5testss_34keyword_two_uppercase_no_lowercase
FNDA:1,_RNvNtNtNtCs8h7e9k1J8CD_4koan5parse6tokens5testss_35type_uppercase_first_with_lowercase
FNDA:1,_RNvNtNtNtCs8h7e9k1J8CD_4koan5parse6tokens5testss_38single_uppercase_letter_is_parse_error
FNDA:1,_RNvNtNtNtCs8h7e9k1J8CD_4koan5parse6tokens5testss_47ascription_compound_tokens_classify_as_keywords
FNDA:1,_RNvNtNtNtCs8h7e9k1J8CD_4koan5parse6tokens5testss_49uppercase_with_digits_no_lowercase_is_parse_error
FNDA:1,_RNvNtNtNtCs8h7e9k1J8CD_4koan5parse6tokens5testss_8negation
FNF:42
FNH:41
DA:19,3
DA:20,3
DA:21,3
DA:27,5160
DA:28,5160
DA:29,492
DA:30,4668
DA:31,4668
DA:32,4668
DA:33,4657
DA:34,0
DA:35,4657
DA:36,4657
DA:37,5160
DA:42,9868
DA:43,9868
DA:44,9868
DA:45,9823
DA:46,9806
DA:47,9795
DA:49,9795
DA:50,420
DA:51,420
DA:52,0
DA:53,9375
DA:54,9375
DA:55,9868
DA:72,4708
DA:73,4708
DA:74,1
DA:75,4707
DA:76,4707
DA:77,2336
DA:78,2371
DA:79,2371
DA:80,6590
DA:81,1
DA:82,1
DA:83,1
DA:84,1
DA:85,1213
DA:86,1213
DA:87,1157
DA:92,1157
DA:93,4
DA:94,4
DA:95,4
DA:96,4
DA:97,4
DA:98,1153
DA:99,3334
DA:100,2
DA:101,2
DA:102,2
DA:103,2
DA:104,1151
DA:105,1151
DA:106,4708
DA:112,2371
DA:113,2371
DA:114,2371
DA:115,2371
DA:116,1153
DA:117,1218
DA:118,1218
DA:119,2371
DA:125,4668
DA:126,4668
DA:127,4674
DA:128,4673
DA:129,6
DA:130,6
DA:133,4668
DA:135,4706
DA:136,49
DA:137,49
DA:138,49
DA:139,44
DA:140,44
DA:141,43
DA:143,5
DA:147,4657
DA:148,5
DA:149,5
DA:150,4657
DA:151,4668
DA:155,4712
DA:156,4712
DA:157,21523
DA:158,16861
DA:159,50
DA:160,16811
DA:161,16811
DA:162,16811
DA:164,4712
DA:165,4
DA:166,4708
DA:167,4708
DA:168,4712
DA:175,65
DA:176,7
DA:177,21
DA:178,18
DA:179,3
DA:180,16
DA:181,16
DA:182,16
DA:184,0
DA:185,5
DA:186,1
DA:187,1
DA:188,0
DA:189,0
DA:190,0
DA:191,0
DA:193,0
DA:194,0
DA:195,0
DA:196,0
DA:197,0
DA:198,0
DA:201,65
DA:203,35
DA:204,35
DA:205,35
DA:208,1
DA:209,1
DA:210,1
DA:213,1
DA:214,1
DA:215,1
DA:218,1
DA:219,1
DA:220,1
DA:223,1
DA:224,1
DA:225,1
DA:228,1
DA:229,1
DA:230,1
DA:233,1
DA:234,1
DA:235,1
DA:238,1
DA:242,1
DA:243,1
DA:244,1
DA:247,1
DA:248,1
DA:249,1
DA:252,1
DA:255,1
DA:256,1
DA:257,1
DA:260,1
DA:263,1
DA:264,1
DA:265,1
DA:268,1
DA:269,1
DA:270,1
DA:271,1
DA:274,1
DA:275,1
DA:276,1
DA:279,1
DA:280,1
DA:281,1
DA:284,1
DA:285,1
DA:286,1
DA:289,1
DA:290,1
DA:291,1
DA:294,1
DA:295,1
DA:296,1
DA:299,1
DA:300,1
DA:301,1
DA:304,1
DA:305,1
DA:306,1
DA:309,1
DA:312,1
DA:313,1
DA:314,1
DA:317,1
DA:318,1
DA:319,1
DA:324,1
DA:326,1
DA:327,1
DA:328,1
DA:329,1
DA:332,1
DA:334,1
DA:335,1
DA:336,1
DA:337,1
DA:340,1
DA:342,1
DA:343,1
DA:344,1
DA:345,1
DA:348,1
DA:352,1
DA:353,1
DA:356,1
DA:361,1
DA:362,1
DA:363,1
DA:366,1
DA:368,1
DA:369,1
DA:370,1
DA:373,1
DA:374,1
DA:375,1
DA:376,1
BRF:0
BRH:0
LF:226
LH:212
end_of_record
SF:/var/home/jack/Code/koan/src/parse/triple_list.rs
FN:72,_RINvNtNtCs3yqXWJWMNss_4koan5parse11triple_list15parse_pair_listNtNtNtNtNtB6_7machine5model5types5ktype5KTypeNCNvNtB13_16typed_field_list37parse_typed_field_list_via_elaborator0EB6_
FN:22,_RINvNtNtCs3yqXWJWMNss_4koan5parse11triple_list25parse_keyword_triple_listNtNtNtNtB6_7machine5model3ast14ExpressionPartNCNvNtNtB1d_6values11named_pairs23parse_named_value_pairss_0EB6_
FN:96,_RNCINvNtNtCs3yqXWJWMNss_4koan5parse11triple_list15parse_pair_listNtNtNtNtNtB8_7machine5model5types5ktype5KTypeNCNvNtB15_16typed_field_list37parse_typed_field_list_via_elaborator0E0B8_
FN:56,_RNCINvNtNtCs3yqXWJWMNss_4koan5parse11triple_list25parse_keyword_triple_listNtNtNtNtB8_7machine5model3ast14ExpressionPartNCNvNtNtB1f_6values11named_pairs23parse_named_value_pairss_0E0B8_
FN:72,_RINvNtNtCs8h7e9k1J8CD_4koan5parse11triple_list15parse_pair_listNtNtNtNtNtB6_7machine5model5types5ktype5KTypeNCNvNtB13_16typed_field_list37parse_typed_field_list_via_elaborator0EB6_
FN:22,_RINvNtNtCs8h7e9k1J8CD_4koan5parse11triple_list25parse_keyword_triple_listNtNtNtNtB6_7machine5model3ast14ExpressionPartNCNvNtNtB1d_6values11named_pairs23parse_named_value_pairss_0EB6_
FN:96,_RNCINvNtNtCs8h7e9k1J8CD_4koan5parse11triple_list15parse_pair_listNtNtNtNtNtB8_7machine5model5types5ktype5KTypeNCNvNtB15_16typed_field_list37parse_typed_field_list_via_elaborator0E0B8_
FN:56,_RNCINvNtNtCs8h7e9k1J8CD_4koan5parse11triple_list25parse_keyword_triple_listNtNtNtNtB8_7machine5model3ast14ExpressionPartNCNvNtNtB1f_6values11named_pairs23parse_named_value_pairss_0E0B8_
FNDA:1,_RINvNtNtCs3yqXWJWMNss_4koan5parse11triple_list15parse_pair_listNtNtNtNtNtB6_7machine5model5types5ktype5KTypeNCNvNtB13_16typed_field_list37parse_typed_field_list_via_elaborator0EB6_
FNDA:1,_RINvNtNtCs3yqXWJWMNss_4koan5parse11triple_list25parse_keyword_triple_listNtNtNtNtB6_7machine5model3ast14ExpressionPartNCNvNtNtB1d_6values11named_pairs23parse_named_value_pairss_0EB6_
FNDA:1,_RNCINvNtNtCs3yqXWJWMNss_4koan5parse11triple_list15parse_pair_listNtNtNtNtNtB8_7machine5model5types5ktype5KTypeNCNvNtB15_16typed_field_list37parse_typed_field_list_via_elaborator0E0B8_
FNDA:1,_RNCINvNtNtCs3yqXWJWMNss_4koan5parse11triple_list25parse_keyword_triple_listNtNtNtNtB8_7machine5model3ast14ExpressionPartNCNvNtNtB1f_6values11named_pairs23parse_named_value_pairss_0E0B8_
FNDA:82,_RINvNtNtCs8h7e9k1J8CD_4koan5parse11triple_list15parse_pair_listNtNtNtNtNtB6_7machine5model5types5ktype5KTypeNCNvNtB13_16typed_field_list37parse_typed_field_list_via_elaborator0EB6_
FNDA:47,_RINvNtNtCs8h7e9k1J8CD_4koan5parse11triple_list25parse_keyword_triple_listNtNtNtNtB6_7machine5model3ast14ExpressionPartNCNvNtNtB1d_6values11named_pairs23parse_named_value_pairss_0EB6_
FNDA:58,_RNCINvNtNtCs8h7e9k1J8CD_4koan5parse11triple_list15parse_pair_listNtNtNtNtNtB8_7machine5model5types5ktype5KTypeNCNvNtB15_16typed_field_list37parse_typed_field_list_via_elaborator0E0B8_
FNDA:37,_RNCINvNtNtCs8h7e9k1J8CD_4koan5parse11triple_list25parse_keyword_triple_listNtNtNtNtB8_7machine5model3ast14ExpressionPartNCNvNtNtB1f_6values11named_pairs23parse_named_value_pairss_0E0B8_
FNF:4
FNH:4
DA:22,48
DA:23,48
DA:24,48
DA:25,48
DA:26,48
DA:27,48
DA:28,48
DA:29,48
DA:30,3
DA:31,3
DA:32,3
DA:33,3
DA:34,45
DA:35,45
DA:36,45
DA:37,118
DA:38,78
DA:39,77
DA:40,1
DA:41,1
DA:42,1
DA:43,1
DA:44,1
DA:47,77
DA:48,76
DA:49,1
DA:50,1
DA:51,1
DA:52,1
DA:53,1
DA:56,76
DA:57,3
DA:58,73
DA:59,73
DA:60,73
DA:61,73
DA:63,40
DA:64,48
DA:72,83
DA:73,83
DA:74,83
DA:75,83
DA:76,83
DA:77,83
DA:78,83
DA:79,2
DA:80,2
DA:81,2
DA:82,2
DA:83,81
DA:84,81
DA:85,81
DA:86,213
DA:87,137
DA:88,137
DA:89,0
DA:90,0
DA:91,0
DA:92,0
DA:93,0
DA:96,137
DA:97,2
DA:98,135
DA:99,135
DA:100,132
DA:101,132
DA:103,76
DA:104,83
BRF:0
BRH:0
LF:70
LH:65
end_of_record
SF:/var/home/jack/Code/koan/src/parse/type_expr_frame.rs
FN:18,_RNvMNtNtCs3yqXWJWMNss_4koan5parse15type_expr_frameNtB2_13TypeExprFrame3new
FN:22,_RNvMNtNtCs3yqXWJWMNss_4koan5parse15type_expr_frameNtB2_13TypeExprFrame5build
FN:67,_RNvNtNtCs3yqXWJWMNss_4koan5parse15type_expr_frame10find_arrow
FN:91,_RNvNtNtCs3yqXWJWMNss_4koan5parse15type_expr_frame17build_list_params
FN:119,_RNvNtNtCs3yqXWJWMNss_4koan5parse15type_expr_frame21build_function_params
FN:141,_RNvNtNtCs3yqXWJWMNss_4koan5parse15type_expr_frame21extract_function_args
FN:174,_RNvNtNtCs3yqXWJWMNss_4koan5parse15type_expr_frame23extract_function_return
FN:111,_RNvNtNtCs3yqXWJWMNss_4koan5parse15type_expr_frame9lift_part
FN:149,_RNCNvNtNtCs3yqXWJWMNss_4koan5parse15type_expr_frame21extract_function_args0B7_
FN:156,_RNCNvNtNtCs3yqXWJWMNss_4koan5parse15type_expr_frame21extract_function_argss_0B7_
FN:177,_RNCNvNtNtCs3yqXWJWMNss_4koan5parse15type_expr_frame23extract_function_return0B7_
FN:149,_RNCNvNtNtCs8h7e9k1J8CD_4koan5parse15type_expr_frame21extract_function_args0B7_
FN:156,_RNCNvNtNtCs8h7e9k1J8CD_4koan5parse15type_expr_frame21extract_function_argss_0B7_
FN:177,_RNCNvNtNtCs8h7e9k1J8CD_4koan5parse15type_expr_frame23extract_function_return0B7_
FN:18,_RNvMNtNtCs8h7e9k1J8CD_4koan5parse15type_expr_frameNtB2_13TypeExprFrame3new
FN:22,_RNvMNtNtCs8h7e9k1J8CD_4koan5parse15type_expr_frameNtB2_13TypeExprFrame5build
FN:67,_RNvNtNtCs8h7e9k1J8CD_4koan5parse15type_expr_frame10find_arrow
FN:91,_RNvNtNtCs8h7e9k1J8CD_4koan5parse15type_expr_frame17build_list_params
FN:119,_RNvNtNtCs8h7e9k1J8CD_4koan5parse15type_expr_frame21build_function_params
FN:141,_RNvNtNtCs8h7e9k1J8CD_4koan5parse15type_expr_frame21extract_function_args
FN:174,_RNvNtNtCs8h7e9k1J8CD_4koan5parse15type_expr_frame23extract_function_return
FN:111,_RNvNtNtCs8h7e9k1J8CD_4koan5parse15type_expr_frame9lift_part
FNDA:0,_RNvMNtNtCs3yqXWJWMNss_4koan5parse15type_expr_frameNtB2_13TypeExprFrame3new
FNDA:0,_RNvMNtNtCs3yqXWJWMNss_4koan5parse15type_expr_frameNtB2_13TypeExprFrame5build
FNDA:0,_RNvNtNtCs3yqXWJWMNss_4koan5parse15type_expr_frame10find_arrow
FNDA:0,_RNvNtNtCs3yqXWJWMNss_4koan5parse15type_expr_frame17build_list_params
FNDA:0,_RNvNtNtCs3yqXWJWMNss_4koan5parse15type_expr_frame21build_function_params
FNDA:0,_RNvNtNtCs3yqXWJWMNss_4koan5parse15type_expr_frame21extract_function_args
FNDA:0,_RNvNtNtCs3yqXWJWMNss_4koan5parse15type_expr_frame23extract_function_return
FNDA:0,_RNvNtNtCs3yqXWJWMNss_4koan5parse15type_expr_frame9lift_part
FNDA:0,_RNCNvNtNtCs3yqXWJWMNss_4koan5parse15type_expr_frame21extract_function_args0B7_
FNDA:0,_RNCNvNtNtCs3yqXWJWMNss_4koan5parse15type_expr_frame21extract_function_argss_0B7_
FNDA:0,_RNCNvNtNtCs3yqXWJWMNss_4koan5parse15type_expr_frame23extract_function_return0B7_
FNDA:2,_RNCNvNtNtCs8h7e9k1J8CD_4koan5parse15type_expr_frame21extract_function_args0B7_
FNDA:21,_RNCNvNtNtCs8h7e9k1J8CD_4koan5parse15type_expr_frame21extract_function_argss_0B7_
FNDA:1,_RNCNvNtNtCs8h7e9k1J8CD_4koan5parse15type_expr_frame23extract_function_return0B7_
FNDA:57,_RNvMNtNtCs8h7e9k1J8CD_4koan5parse15type_expr_frameNtB2_13TypeExprFrame3new
FNDA:59,_RNvMNtNtCs8h7e9k1J8CD_4koan5parse15type_expr_frameNtB2_13TypeExprFrame5build
FNDA:56,_RNvNtNtCs8h7e9k1J8CD_4koan5parse15type_expr_frame10find_arrow
FNDA:30,_RNvNtNtCs8h7e9k1J8CD_4koan5parse15type_expr_frame17build_list_params
FNDA:22,_RNvNtNtCs8h7e9k1J8CD_4koan5parse15type_expr_frame21build_function_params
FNDA:22,_RNvNtNtCs8h7e9k1J8CD_4koan5parse15type_expr_frame21extract_function_args
FNDA:18,_RNvNtNtCs8h7e9k1J8CD_4koan5parse15type_expr_frame23extract_function_return
FNDA:53,_RNvNtNtCs8h7e9k1J8CD_4koan5parse15type_expr_frame9lift_part
FNF:11
FNH:11
DA:18,57
DA:19,57
DA:20,57
DA:22,59
DA:23,59
DA:24,59
DA:25,1
DA:26,1
DA:27,1
DA:28,1
DA:29,58
DA:30,58
DA:31,57
DA:32,1
DA:33,1
DA:34,1
DA:35,1
DA:36,1
DA:38,1
DA:39,1
DA:40,1
DA:41,1
DA:42,1
DA:45,56
DA:46,56
DA:47,54
DA:49,54
DA:50,1
DA:51,1
DA:52,1
DA:53,1
DA:54,1
DA:55,1
DA:56,1
DA:57,1
DA:58,1
DA:59,30
DA:60,22
DA:62,59
DA:67,56
DA:68,56
DA:69,112
DA:70,25
DA:71,86
DA:72,25
DA:73,25
DA:74,1
DA:75,1
DA:76,1
DA:77,24
DA:78,24
DA:80,1
DA:81,1
DA:82,1
DA:83,1
DA:84,1
DA:88,54
DA:89,56
DA:91,30
DA:92,30
DA:93,30
DA:94,30
DA:95,30
DA:96,1
DA:97,29
DA:98,29
DA:99,29
DA:100,29
DA:101,29
DA:102,29
DA:103,30
DA:111,53
DA:112,53
DA:113,51
DA:114,2
DA:115,0
DA:117,53
DA:119,22
DA:120,22
DA:121,22
DA:122,22
DA:123,22
DA:124,22
DA:125,22
DA:126,22
DA:127,22
DA:129,22
DA:130,18
DA:131,17
DA:132,17
DA:133,17
DA:134,17
DA:135,17
DA:136,17
DA:137,17
DA:138,17
DA:139,22
DA:141,22
DA:142,22
DA:143,22
DA:148,22
DA:149,22
DA:150,20
DA:151,19
DA:152,1
DA:154,19
DA:155,19
DA:156,21
DA:157,19
DA:162,1
DA:163,1
DA:164,1
DA:166,1
DA:167,1
DA:168,1
DA:169,1
DA:170,21
DA:171,19
DA:172,22
DA:174,18
DA:175,18
DA:176,18
DA:177,18
DA:179,1
DA:180,1
DA:183,17
DA:184,18
BRF:0
BRH:0
LF:130
LH:129
end_of_record
SF:/var/home/jack/Code/koan/src/parse/whitespace.rs
FN:90,_RNvNtNtCs3yqXWJWMNss_4koan5parse10whitespace16line_delim_delta
FN:21,_RNvNtNtCs3yqXWJWMNss_4koan5parse10whitespace19collapse_whitespace
FN:91,_RNCNvNtNtCs3yqXWJWMNss_4koan5parse10whitespace16line_delim_delta0B7_
FN:92,_RNCNvNtNtCs3yqXWJWMNss_4koan5parse10whitespace16line_delim_deltas_0B7_
FN:91,_RNCNvNtNtCs8h7e9k1J8CD_4koan5parse10whitespace16line_delim_delta0B7_
FN:92,_RNCNvNtNtCs8h7e9k1J8CD_4koan5parse10whitespace16line_delim_deltas_0B7_
FN:90,_RNvNtNtCs8h7e9k1J8CD_4koan5parse10whitespace16line_delim_delta
FN:21,_RNvNtNtCs8h7e9k1J8CD_4koan5parse10whitespace19collapse_whitespace
FNDA:33,_RNvNtNtCs3yqXWJWMNss_4koan5parse10whitespace16line_delim_delta
FNDA:15,_RNvNtNtCs3yqXWJWMNss_4koan5parse10whitespace19collapse_whitespace
FNDA:774,_RNCNvNtNtCs3yqXWJWMNss_4koan5parse10whitespace16line_delim_delta0B7_
FNDA:774,_RNCNvNtNtCs3yqXWJWMNss_4koan5parse10whitespace16line_delim_deltas_0B7_
FNDA:23186,_RNCNvNtNtCs8h7e9k1J8CD_4koan5parse10whitespace16line_delim_delta0B7_
FNDA:23186,_RNCNvNtNtCs8h7e9k1J8CD_4koan5parse10whitespace16line_delim_deltas_0B7_
FNDA:959,_RNvNtNtCs8h7e9k1J8CD_4koan5parse10whitespace16line_delim_delta
FNDA:658,_RNvNtNtCs8h7e9k1J8CD_4koan5parse10whitespace19collapse_whitespace
FNF:4
FNH:4
DA:21,673
DA:22,673
DA:23,673
DA:24,673
DA:25,673
DA:27,1003
DA:28,1003
DA:29,1003
DA:30,1003
DA:32,1003
DA:33,7
DA:34,996
DA:36,996
DA:37,50
DA:38,50
DA:39,50
DA:40,50
DA:41,50
DA:42,946
DA:44,946
DA:45,2
DA:46,944
DA:47,944
DA:48,2
DA:49,2
DA:50,2
DA:51,2
DA:52,942
DA:54,1202
DA:55,286
DA:56,260
DA:57,260
DA:58,260
DA:59,26
DA:63,942
DA:64,271
DA:65,671
DA:68,942
DA:69,8
DA:70,934
DA:72,942
DA:73,942
DA:74,942
DA:75,942
DA:76,942
DA:77,942
DA:80,1347
DA:81,678
DA:82,678
DA:84,669
DA:85,673
DA:90,992
DA:91,23960
DA:92,23960
DA:93,992
DA:94,992
BRF:0
BRH:0
LF:58
LH:58
end_of_record