SF:/var/home/jack/Code/koan/src/builtins.rs
FN:153,_RNvNtCsbv2TPaIhNiJ_4koan8builtins13default_scope
FN:107,_RNvNtCsbv2TPaIhNiJ_4koan8builtins16register_builtin
FN:82,_RNvNtCsbv2TPaIhNiJ_4koan8builtins21register_builtin_full
FN:71,_RNvNtCsbv2TPaIhNiJ_4koan8builtins21type_part_binder_name
FN:42,_RNvNtCsbv2TPaIhNiJ_4koan8builtins2kw
FN:47,_RNvNtCsbv2TPaIhNiJ_4koan8builtins3arg
FN:56,_RNvNtCsbv2TPaIhNiJ_4koan8builtins3sig
FN:153,_RNvNtCskWHisZhi9Z4_4koan8builtins13default_scope
FN:107,_RNvNtCskWHisZhi9Z4_4koan8builtins16register_builtin
FN:121,_RNvNtCskWHisZhi9Z4_4koan8builtins20register_overload_at
FN:82,_RNvNtCskWHisZhi9Z4_4koan8builtins21register_builtin_full
FN:71,_RNvNtCskWHisZhi9Z4_4koan8builtins21type_part_binder_name
FN:42,_RNvNtCskWHisZhi9Z4_4koan8builtins2kw
FN:47,_RNvNtCskWHisZhi9Z4_4koan8builtins3arg
FN:56,_RNvNtCskWHisZhi9Z4_4koan8builtins3sig
FNDA:43,_RNvNtCsbv2TPaIhNiJ_4koan8builtins13default_scope
FNDA:1376,_RNvNtCsbv2TPaIhNiJ_4koan8builtins16register_builtin
FNDA:2021,_RNvNtCsbv2TPaIhNiJ_4koan8builtins21register_builtin_full
FNDA:139,_RNvNtCsbv2TPaIhNiJ_4koan8builtins21type_part_binder_name
FNDA:3268,_RNvNtCsbv2TPaIhNiJ_4koan8builtins2kw
FNDA:4085,_RNvNtCsbv2TPaIhNiJ_4koan8builtins3arg
FNDA:2021,_RNvNtCsbv2TPaIhNiJ_4koan8builtins3sig
FNDA:519,_RNvNtCskWHisZhi9Z4_4koan8builtins13default_scope
FNDA:16639,_RNvNtCskWHisZhi9Z4_4koan8builtins16register_builtin
FNDA:3,_RNvNtCskWHisZhi9Z4_4koan8builtins20register_overload_at
FNDA:24425,_RNvNtCskWHisZhi9Z4_4koan8builtins21register_builtin_full
FNDA:774,_RNvNtCskWHisZhi9Z4_4koan8builtins21type_part_binder_name
FNDA:39453,_RNvNtCskWHisZhi9Z4_4koan8builtins2kw
FNDA:49323,_RNvNtCskWHisZhi9Z4_4koan8builtins3arg
FNDA:24402,_RNvNtCskWHisZhi9Z4_4koan8builtins3sig
FNF:8
FNH:8
DA:42,42721
DA:43,42721
DA:44,42721
DA:47,53408
DA:48,53408
DA:49,53408
DA:50,53408
DA:51,53408
DA:52,53408
DA:56,26423
DA:57,26423
DA:58,26423
DA:59,26423
DA:60,26423
DA:61,26423
DA:62,26423
DA:63,26423
DA:64,26423
DA:71,913
DA:72,913
DA:73,913
DA:74,913
DA:75,913
DA:82,26446
DA:83,26446
DA:84,26446
DA:85,26446
DA:86,26446
DA:87,26446
DA:88,26446
DA:89,26446
DA:90,26446
DA:91,26446
DA:92,26446
DA:93,26446
DA:94,26446
DA:95,26446
DA:96,26446
DA:97,26446
DA:98,26446
DA:99,26446
DA:100,26446
DA:101,26446
DA:102,26446
DA:103,26446
DA:104,26446
DA:107,18015
DA:108,18015
DA:109,18015
DA:110,18015
DA:111,18015
DA:112,18015
DA:113,18015
DA:114,18015
DA:121,3
DA:122,3
DA:123,3
DA:124,3
DA:125,3
DA:126,3
DA:127,3
DA:128,3
DA:129,3
DA:130,3
DA:131,3
DA:132,3
DA:133,3
DA:134,3
DA:135,3
DA:136,3
DA:137,3
DA:138,3
DA:139,3
DA:140,3
DA:141,3
DA:142,3
DA:143,3
DA:153,562
DA:154,562
DA:155,562
DA:156,562
DA:157,562
DA:158,562
DA:159,562
DA:161,562
DA:162,562
DA:163,562
DA:165,562
DA:167,562
DA:168,562
DA:169,562
DA:171,562
DA:173,562
DA:174,562
DA:175,562
DA:177,562
DA:179,562
DA:180,562
DA:181,562
DA:183,562
DA:185,562
DA:186,562
DA:187,562
DA:189,562
DA:191,562
DA:192,562
DA:193,562
DA:195,562
DA:197,562
DA:198,562
DA:199,562
DA:201,562
DA:203,562
DA:204,562
DA:205,562
DA:207,562
DA:209,562
DA:210,562
DA:211,562
DA:213,562
DA:215,562
DA:216,562
DA:217,562
DA:219,562
DA:221,562
DA:222,562
DA:223,562
DA:225,562
DA:228,562
DA:229,562
DA:230,562
DA:231,562
DA:232,562
DA:233,562
DA:234,562
DA:235,562
DA:236,562
DA:237,562
DA:238,562
DA:239,562
DA:240,562
DA:241,562
DA:242,562
DA:243,562
DA:244,562
DA:245,562
DA:246,562
DA:247,562
DA:248,562
DA:249,562
DA:250,562
DA:251,562
DA:253,562
DA:254,562
BRF:0
BRH:0
LF:154
LH:154
end_of_record
SF:/var/home/jack/Code/koan/src/builtins/arithmetic.rs
FN:229,_RNCNvNtNtCsbv2TPaIhNiJ_4koan8builtins10arithmetic32register_builtin_operator_groups0B7_
FN:250,_RNCNvNtNtCsbv2TPaIhNiJ_4koan8builtins10arithmetic32register_builtin_operator_groupss0_0B7_
FN:240,_RNCNvNtNtCsbv2TPaIhNiJ_4koan8builtins10arithmetic32register_builtin_operator_groupss_0B7_
FN:206,_RNCNvNtNtCsbv2TPaIhNiJ_4koan8builtins10arithmetic32register_group_under_all_subsets0B7_
FN:149,_RNCNvNtNtCsbv2TPaIhNiJ_4koan8builtins10arithmetic8register0B7_
FN:159,_RNCNvNtNtCsbv2TPaIhNiJ_4koan8builtins10arithmetic8registers_0B7_
FN:32,_RNvNtNtCsbv2TPaIhNiJ_4koan8builtins10arithmetic10number_arg
FN:63,_RNvNtNtCsbv2TPaIhNiJ_4koan8builtins10arithmetic13bool_operands
FN:45,_RNvNtNtCsbv2TPaIhNiJ_4koan8builtins10arithmetic15number_operands
FN:224,_RNvNtNtCsbv2TPaIhNiJ_4koan8builtins10arithmetic32register_builtin_operator_groups
FN:196,_RNvNtNtCsbv2TPaIhNiJ_4koan8builtins10arithmetic32register_group_under_all_subsets
FN:132,_RNvNtNtCsbv2TPaIhNiJ_4koan8builtins10arithmetic7body_ge
FN:124,_RNvNtNtCsbv2TPaIhNiJ_4koan8builtins10arithmetic7body_gt
FN:116,_RNvNtNtCsbv2TPaIhNiJ_4koan8builtins10arithmetic7body_le
FN:108,_RNvNtNtCsbv2TPaIhNiJ_4koan8builtins10arithmetic7body_lt
FN:67,_RNvNtNtCsbv2TPaIhNiJ_4koan8builtins10arithmetic8body_add
FN:140,_RNvNtNtCsbv2TPaIhNiJ_4koan8builtins10arithmetic8body_and
FN:95,_RNvNtNtCsbv2TPaIhNiJ_4koan8builtins10arithmetic8body_div
FN:83,_RNvNtNtCsbv2TPaIhNiJ_4koan8builtins10arithmetic8body_mul
FN:75,_RNvNtNtCsbv2TPaIhNiJ_4koan8builtins10arithmetic8body_sub
FN:50,_RNvNtNtCsbv2TPaIhNiJ_4koan8builtins10arithmetic8bool_arg
FN:148,_RNvNtNtCsbv2TPaIhNiJ_4koan8builtins10arithmetic8register
FN:229,_RNCNvNtNtCskWHisZhi9Z4_4koan8builtins10arithmetic32register_builtin_operator_groups0B7_
FN:250,_RNCNvNtNtCskWHisZhi9Z4_4koan8builtins10arithmetic32register_builtin_operator_groupss0_0B7_
FN:240,_RNCNvNtNtCskWHisZhi9Z4_4koan8builtins10arithmetic32register_builtin_operator_groupss_0B7_
FN:206,_RNCNvNtNtCskWHisZhi9Z4_4koan8builtins10arithmetic32register_group_under_all_subsets0B7_
FN:149,_RNCNvNtNtCskWHisZhi9Z4_4koan8builtins10arithmetic8register0B7_
FN:159,_RNCNvNtNtCskWHisZhi9Z4_4koan8builtins10arithmetic8registers_0B7_
FN:32,_RNvNtNtCskWHisZhi9Z4_4koan8builtins10arithmetic10number_arg
FN:63,_RNvNtNtCskWHisZhi9Z4_4koan8builtins10arithmetic13bool_operands
FN:45,_RNvNtNtCskWHisZhi9Z4_4koan8builtins10arithmetic15number_operands
FN:224,_RNvNtNtCskWHisZhi9Z4_4koan8builtins10arithmetic32register_builtin_operator_groups
FN:196,_RNvNtNtCskWHisZhi9Z4_4koan8builtins10arithmetic32register_group_under_all_subsets
FN:132,_RNvNtNtCskWHisZhi9Z4_4koan8builtins10arithmetic7body_ge
FN:124,_RNvNtNtCskWHisZhi9Z4_4koan8builtins10arithmetic7body_gt
FN:116,_RNvNtNtCskWHisZhi9Z4_4koan8builtins10arithmetic7body_le
FN:108,_RNvNtNtCskWHisZhi9Z4_4koan8builtins10arithmetic7body_lt
FN:67,_RNvNtNtCskWHisZhi9Z4_4koan8builtins10arithmetic8body_add
FN:140,_RNvNtNtCskWHisZhi9Z4_4koan8builtins10arithmetic8body_and
FN:95,_RNvNtNtCskWHisZhi9Z4_4koan8builtins10arithmetic8body_div
FN:83,_RNvNtNtCskWHisZhi9Z4_4koan8builtins10arithmetic8body_mul
FN:75,_RNvNtNtCskWHisZhi9Z4_4koan8builtins10arithmetic8body_sub
FN:50,_RNvNtNtCskWHisZhi9Z4_4koan8builtins10arithmetic8bool_arg
FN:148,_RNvNtNtCskWHisZhi9Z4_4koan8builtins10arithmetic8register
FNDA:172,_RNCNvNtNtCsbv2TPaIhNiJ_4koan8builtins10arithmetic32register_builtin_operator_groups0B7_
FNDA:86,_RNCNvNtNtCsbv2TPaIhNiJ_4koan8builtins10arithmetic32register_builtin_operator_groupss0_0B7_
FNDA:86,_RNCNvNtNtCsbv2TPaIhNiJ_4koan8builtins10arithmetic32register_builtin_operator_groupss_0B7_
FNDA:3096,_RNCNvNtNtCsbv2TPaIhNiJ_4koan8builtins10arithmetic32register_group_under_all_subsets0B7_
FNDA:172,_RNCNvNtNtCsbv2TPaIhNiJ_4koan8builtins10arithmetic8register0B7_
FNDA:172,_RNCNvNtNtCsbv2TPaIhNiJ_4koan8builtins10arithmetic8registers_0B7_
FNDA:0,_RNvNtNtCsbv2TPaIhNiJ_4koan8builtins10arithmetic10number_arg
FNDA:0,_RNvNtNtCsbv2TPaIhNiJ_4koan8builtins10arithmetic13bool_operands
FNDA:0,_RNvNtNtCsbv2TPaIhNiJ_4koan8builtins10arithmetic15number_operands
FNDA:43,_RNvNtNtCsbv2TPaIhNiJ_4koan8builtins10arithmetic32register_builtin_operator_groups
FNDA:129,_RNvNtNtCsbv2TPaIhNiJ_4koan8builtins10arithmetic32register_group_under_all_subsets
FNDA:0,_RNvNtNtCsbv2TPaIhNiJ_4koan8builtins10arithmetic7body_ge
FNDA:0,_RNvNtNtCsbv2TPaIhNiJ_4koan8builtins10arithmetic7body_gt
FNDA:0,_RNvNtNtCsbv2TPaIhNiJ_4koan8builtins10arithmetic7body_le
FNDA:0,_RNvNtNtCsbv2TPaIhNiJ_4koan8builtins10arithmetic7body_lt
FNDA:0,_RNvNtNtCsbv2TPaIhNiJ_4koan8builtins10arithmetic8body_add
FNDA:0,_RNvNtNtCsbv2TPaIhNiJ_4koan8builtins10arithmetic8body_and
FNDA:0,_RNvNtNtCsbv2TPaIhNiJ_4koan8builtins10arithmetic8body_div
FNDA:0,_RNvNtNtCsbv2TPaIhNiJ_4koan8builtins10arithmetic8body_mul
FNDA:0,_RNvNtNtCsbv2TPaIhNiJ_4koan8builtins10arithmetic8body_sub
FNDA:0,_RNvNtNtCsbv2TPaIhNiJ_4koan8builtins10arithmetic8bool_arg
FNDA:43,_RNvNtNtCsbv2TPaIhNiJ_4koan8builtins10arithmetic8register
FNDA:2076,_RNCNvNtNtCskWHisZhi9Z4_4koan8builtins10arithmetic32register_builtin_operator_groups0B7_
FNDA:1038,_RNCNvNtNtCskWHisZhi9Z4_4koan8builtins10arithmetic32register_builtin_operator_groupss0_0B7_
FNDA:1038,_RNCNvNtNtCskWHisZhi9Z4_4koan8builtins10arithmetic32register_builtin_operator_groupss_0B7_
FNDA:37368,_RNCNvNtNtCskWHisZhi9Z4_4koan8builtins10arithmetic32register_group_under_all_subsets0B7_
FNDA:2080,_RNCNvNtNtCskWHisZhi9Z4_4koan8builtins10arithmetic8register0B7_
FNDA:2080,_RNCNvNtNtCskWHisZhi9Z4_4koan8builtins10arithmetic8registers_0B7_
FNDA:38,_RNvNtNtCskWHisZhi9Z4_4koan8builtins10arithmetic10number_arg
FNDA:1,_RNvNtNtCskWHisZhi9Z4_4koan8builtins10arithmetic13bool_operands
FNDA:19,_RNvNtNtCskWHisZhi9Z4_4koan8builtins10arithmetic15number_operands
FNDA:519,_RNvNtNtCskWHisZhi9Z4_4koan8builtins10arithmetic32register_builtin_operator_groups
FNDA:1557,_RNvNtNtCskWHisZhi9Z4_4koan8builtins10arithmetic32register_group_under_all_subsets
FNDA:1,_RNvNtNtCskWHisZhi9Z4_4koan8builtins10arithmetic7body_ge
FNDA:1,_RNvNtNtCskWHisZhi9Z4_4koan8builtins10arithmetic7body_gt
FNDA:1,_RNvNtNtCskWHisZhi9Z4_4koan8builtins10arithmetic7body_le
FNDA:1,_RNvNtNtCskWHisZhi9Z4_4koan8builtins10arithmetic7body_lt
FNDA:6,_RNvNtNtCskWHisZhi9Z4_4koan8builtins10arithmetic8body_add
FNDA:1,_RNvNtNtCskWHisZhi9Z4_4koan8builtins10arithmetic8body_and
FNDA:2,_RNvNtNtCskWHisZhi9Z4_4koan8builtins10arithmetic8body_div
FNDA:2,_RNvNtNtCskWHisZhi9Z4_4koan8builtins10arithmetic8body_mul
FNDA:5,_RNvNtNtCskWHisZhi9Z4_4koan8builtins10arithmetic8body_sub
FNDA:2,_RNvNtNtCskWHisZhi9Z4_4koan8builtins10arithmetic8bool_arg
FNDA:520,_RNvNtNtCskWHisZhi9Z4_4koan8builtins10arithmetic8register
FNF:22
FNH:22
DA:32,38
DA:33,38
DA:34,38
DA:35,0
DA:36,0
DA:37,0
DA:38,0
DA:39,0
DA:40,0
DA:42,38
DA:45,19
DA:46,19
DA:47,19
DA:50,2
DA:51,2
DA:52,2
DA:53,0
DA:54,0
DA:55,0
DA:56,0
DA:57,0
DA:58,0
DA:60,2
DA:63,1
DA:64,1
DA:65,1
DA:67,6
DA:68,6
DA:69,6
DA:70,6
DA:71,6
DA:72,6
DA:73,6
DA:75,5
DA:76,5
DA:77,5
DA:78,5
DA:79,5
DA:80,5
DA:81,5
DA:83,2
DA:84,2
DA:85,2
DA:86,2
DA:87,2
DA:88,2
DA:89,2
DA:95,2
DA:96,2
DA:97,2
DA:98,1
DA:99,1
DA:100,1
DA:101,1
DA:102,1
DA:103,1
DA:104,1
DA:105,1
DA:106,2
DA:108,1
DA:109,1
DA:110,1
DA:111,1
DA:112,1
DA:113,1
DA:114,1
DA:116,1
DA:117,1
DA:118,1
DA:119,1
DA:120,1
DA:121,1
DA:122,1
DA:124,1
DA:125,1
DA:126,1
DA:127,1
DA:128,1
DA:129,1
DA:130,1
DA:132,1
DA:133,1
DA:134,1
DA:135,1
DA:136,1
DA:137,1
DA:138,1
DA:140,1
DA:141,1
DA:142,1
DA:143,1
DA:144,1
DA:145,1
DA:146,1
DA:148,563
DA:149,2252
DA:150,2252
DA:151,2252
DA:152,2252
DA:153,2252
DA:154,2252
DA:155,2252
DA:158,2252
DA:159,2252
DA:160,2252
DA:161,2252
DA:162,2252
DA:163,2252
DA:164,2252
DA:165,2252
DA:168,2252
DA:170,563
DA:171,563
DA:172,563
DA:173,563
DA:175,563
DA:176,563
DA:177,563
DA:178,563
DA:180,563
DA:181,563
DA:182,563
DA:183,563
DA:184,563
DA:185,563
DA:188,563
DA:189,563
DA:196,1686
DA:197,1686
DA:198,1686
DA:199,1686
DA:200,1686
DA:201,1686
DA:202,11802
DA:203,11802
DA:204,11802
DA:205,11802
DA:206,40464
DA:207,11802
DA:208,11802
DA:209,11802
DA:210,11802
DA:211,11802
DA:212,11802
DA:214,1686
DA:224,562
DA:225,562
DA:227,562
DA:228,562
DA:229,2248
DA:230,562
DA:231,562
DA:232,562
DA:233,562
DA:234,562
DA:236,562
DA:238,562
DA:239,562
DA:240,1124
DA:241,562
DA:242,562
DA:243,562
DA:245,562
DA:247,562
DA:248,562
DA:249,562
DA:250,1124
DA:251,562
DA:252,562
DA:253,562
DA:254,562
DA:256,562
DA:257,562
BRF:0
BRH:0
LF:179
LH:167
end_of_record
SF:/var/home/jack/Code/koan/src/builtins/ascribe.rs
FN:270,_RNCNvNtNtCsbv2TPaIhNiJ_4koan8builtins7ascribe22abstract_type_names_ofs_0B7_
FN:20,_RNvNtNtCsbv2TPaIhNiJ_4koan8builtins7ascribe11body_opaque
FN:221,_RNvNtNtCsbv2TPaIhNiJ_4koan8builtins7ascribe11shape_check
FN:148,_RNvNtNtCsbv2TPaIhNiJ_4koan8builtins7ascribe16body_transparent
FN:264,_RNvNtNtCsbv2TPaIhNiJ_4koan8builtins7ascribe22abstract_type_names_of
FN:183,_RNvNtNtCsbv2TPaIhNiJ_4koan8builtins7ascribe28resolve_module_and_signature
FN:274,_RNvNtNtCsbv2TPaIhNiJ_4koan8builtins7ascribe8register
FN:194,_RNvNvNtNtCsbv2TPaIhNiJ_4koan8builtins7ascribe28resolve_module_and_signature24type_mismatch_or_missing
FN:270,_RNCNvNtNtCskWHisZhi9Z4_4koan8builtins7ascribe22abstract_type_names_ofs_0B7_
FN:20,_RNvNtNtCskWHisZhi9Z4_4koan8builtins7ascribe11body_opaque
FN:221,_RNvNtNtCskWHisZhi9Z4_4koan8builtins7ascribe11shape_check
FN:148,_RNvNtNtCskWHisZhi9Z4_4koan8builtins7ascribe16body_transparent
FN:264,_RNvNtNtCskWHisZhi9Z4_4koan8builtins7ascribe22abstract_type_names_of
FN:183,_RNvNtNtCskWHisZhi9Z4_4koan8builtins7ascribe28resolve_module_and_signature
FN:274,_RNvNtNtCskWHisZhi9Z4_4koan8builtins7ascribe8register
FN:194,_RNvNvNtNtCskWHisZhi9Z4_4koan8builtins7ascribe28resolve_module_and_signature24type_mismatch_or_missing
FNDA:6,_RNCNvNtNtCsbv2TPaIhNiJ_4koan8builtins7ascribe22abstract_type_names_ofs_0B7_
FNDA:1,_RNvNtNtCsbv2TPaIhNiJ_4koan8builtins7ascribe11body_opaque
FNDA:5,_RNvNtNtCsbv2TPaIhNiJ_4koan8builtins7ascribe11shape_check
FNDA:4,_RNvNtNtCsbv2TPaIhNiJ_4koan8builtins7ascribe16body_transparent
FNDA:6,_RNvNtNtCsbv2TPaIhNiJ_4koan8builtins7ascribe22abstract_type_names_of
FNDA:5,_RNvNtNtCsbv2TPaIhNiJ_4koan8builtins7ascribe28resolve_module_and_signature
FNDA:43,_RNvNtNtCsbv2TPaIhNiJ_4koan8builtins7ascribe8register
FNDA:0,_RNvNvNtNtCsbv2TPaIhNiJ_4koan8builtins7ascribe28resolve_module_and_signature24type_mismatch_or_missing
FNDA:103,_RNCNvNtNtCskWHisZhi9Z4_4koan8builtins7ascribe22abstract_type_names_ofs_0B7_
FNDA:21,_RNvNtNtCskWHisZhi9Z4_4koan8builtins7ascribe11body_opaque
FNDA:40,_RNvNtNtCskWHisZhi9Z4_4koan8builtins7ascribe11shape_check
FNDA:19,_RNvNtNtCskWHisZhi9Z4_4koan8builtins7ascribe16body_transparent
FNDA:69,_RNvNtNtCskWHisZhi9Z4_4koan8builtins7ascribe22abstract_type_names_of
FNDA:40,_RNvNtNtCskWHisZhi9Z4_4koan8builtins7ascribe28resolve_module_and_signature
FNDA:519,_RNvNtNtCskWHisZhi9Z4_4koan8builtins7ascribe8register
FNDA:0,_RNvNvNtNtCskWHisZhi9Z4_4koan8builtins7ascribe28resolve_module_and_signature24type_mismatch_or_missing
FNF:8
FNH:7
DA:20,22
DA:21,22
DA:22,22
DA:25,22
DA:27,22
DA:28,22
DA:29,22
DA:30,22
DA:33,22
DA:34,22
DA:35,0
DA:36,22
DA:42,22
DA:44,22
DA:48,22
DA:50,22
DA:51,22
DA:52,13
DA:53,13
DA:54,13
DA:56,3
DA:57,3
DA:60,3
DA:61,3
DA:62,3
DA:64,0
DA:68,3
DA:69,3
DA:70,3
DA:71,3
DA:73,3
DA:74,3
DA:75,3
DA:76,3
DA:77,3
DA:78,3
DA:79,3
DA:80,3
DA:81,3
DA:83,10
DA:84,10
DA:85,10
DA:86,10
DA:88,13
DA:91,22
DA:92,13
DA:93,13
DA:94,13
DA:95,13
DA:96,9
DA:99,22
DA:100,22
DA:101,32
DA:102,32
DA:103,13
DA:104,19
DA:107,3
DA:108,3
DA:110,3
DA:111,3
DA:112,3
DA:113,16
DA:115,22
DA:116,22
DA:117,3
DA:118,3
DA:119,3
DA:120,3
DA:121,19
DA:124,22
DA:125,2
DA:126,20
DA:128,20
DA:133,20
DA:136,20
DA:137,20
DA:141,20
DA:142,22
DA:148,23
DA:149,23
DA:150,23
DA:153,23
DA:154,23
DA:155,0
DA:156,23
DA:161,23
DA:166,23
DA:167,23
DA:168,23
DA:169,23
DA:170,23
DA:171,23
DA:172,23
DA:173,23
DA:174,23
DA:175,23
DA:176,23
DA:177,23
DA:178,23
DA:179,23
DA:183,45
DA:184,45
DA:185,45
DA:186,45
DA:187,45
DA:188,45
DA:189,45
DA:190,45
DA:191,45
DA:194,0
DA:195,0
DA:196,0
DA:197,0
DA:198,0
DA:199,0
DA:200,0
DA:201,0
DA:202,0
DA:203,0
DA:204,0
DA:205,0
DA:207,0
DA:209,45
DA:210,45
DA:211,0
DA:213,45
DA:214,45
DA:215,0
DA:217,45
DA:218,45
DA:221,45
DA:222,45
DA:223,45
DA:224,45
DA:225,45
DA:226,45
DA:227,45
DA:228,45
DA:232,45
DA:233,45
DA:234,45
DA:235,45
DA:236,45
DA:237,45
DA:238,45
DA:239,45
DA:240,45
DA:241,45
DA:242,45
DA:243,45
DA:244,45
DA:245,59
DA:246,59
DA:247,17
DA:248,42
DA:249,42
DA:250,2
DA:251,2
DA:252,2
DA:253,2
DA:254,40
DA:256,43
DA:257,45
DA:264,75
DA:265,75
DA:266,75
DA:267,75
DA:268,75
DA:269,75
DA:270,109
DA:271,75
DA:272,75
DA:274,562
DA:278,562
DA:279,562
DA:280,562
DA:281,562
DA:282,562
DA:283,562
DA:286,562
DA:287,562
DA:288,562
DA:289,562
DA:290,562
DA:291,562
DA:294,562
DA:295,562
DA:296,562
BRF:0
BRH:0
LF:189
LH:171
end_of_record
SF:/var/home/jack/Code/koan/src/builtins/attr.rs
FN:170,_RNvNtNtCsbv2TPaIhNiJ_4koan8builtins4attr11body_module
FN:239,_RNvNtNtCsbv2TPaIhNiJ_4koan8builtins4attr12access_field
FN:153,_RNvNtNtCsbv2TPaIhNiJ_4koan8builtins4attr12body_newtype
FN:112,_RNvNtNtCsbv2TPaIhNiJ_4koan8builtins4attr13body_type_lhs
FN:69,_RNvNtNtCsbv2TPaIhNiJ_4koan8builtins4attr15body_identifier
FN:44,_RNvNtNtCsbv2TPaIhNiJ_4koan8builtins4attr15read_field_name
FN:198,_RNvNtNtCsbv2TPaIhNiJ_4koan8builtins4attr18access_type_member
FN:299,_RNvNtNtCsbv2TPaIhNiJ_4koan8builtins4attr20access_module_member
FN:36,_RNvNtNtCsbv2TPaIhNiJ_4koan8builtins4attr5route
FN:368,_RNvNtNtCsbv2TPaIhNiJ_4koan8builtins4attr8register
FN:343,_RNCNvNtNtCsbv2TPaIhNiJ_4koan8builtins4attr20access_module_member0B7_
FN:369,_RNCNvNtNtCsbv2TPaIhNiJ_4koan8builtins4attr8register0B7_
FN:397,_RNCNvNtNtCsbv2TPaIhNiJ_4koan8builtins4attr8registers0_0B7_
FN:407,_RNCNvNtNtCsbv2TPaIhNiJ_4koan8builtins4attr8registers1_0B7_
FN:417,_RNCNvNtNtCsbv2TPaIhNiJ_4koan8builtins4attr8registers2_0B7_
FN:428,_RNCNvNtNtCsbv2TPaIhNiJ_4koan8builtins4attr8registers3_0B7_
FN:379,_RNCNvNtNtCsbv2TPaIhNiJ_4koan8builtins4attr8registers_0B7_
FN:343,_RNCNvNtNtCskWHisZhi9Z4_4koan8builtins4attr20access_module_member0B7_
FN:369,_RNCNvNtNtCskWHisZhi9Z4_4koan8builtins4attr8register0B7_
FN:397,_RNCNvNtNtCskWHisZhi9Z4_4koan8builtins4attr8registers0_0B7_
FN:407,_RNCNvNtNtCskWHisZhi9Z4_4koan8builtins4attr8registers1_0B7_
FN:417,_RNCNvNtNtCskWHisZhi9Z4_4koan8builtins4attr8registers2_0B7_
FN:428,_RNCNvNtNtCskWHisZhi9Z4_4koan8builtins4attr8registers3_0B7_
FN:379,_RNCNvNtNtCskWHisZhi9Z4_4koan8builtins4attr8registers_0B7_
FN:170,_RNvNtNtCskWHisZhi9Z4_4koan8builtins4attr11body_module
FN:239,_RNvNtNtCskWHisZhi9Z4_4koan8builtins4attr12access_field
FN:153,_RNvNtNtCskWHisZhi9Z4_4koan8builtins4attr12body_newtype
FN:112,_RNvNtNtCskWHisZhi9Z4_4koan8builtins4attr13body_type_lhs
FN:69,_RNvNtNtCskWHisZhi9Z4_4koan8builtins4attr15body_identifier
FN:44,_RNvNtNtCskWHisZhi9Z4_4koan8builtins4attr15read_field_name
FN:198,_RNvNtNtCskWHisZhi9Z4_4koan8builtins4attr18access_type_member
FN:299,_RNvNtNtCskWHisZhi9Z4_4koan8builtins4attr20access_module_member
FN:36,_RNvNtNtCskWHisZhi9Z4_4koan8builtins4attr5route
FN:368,_RNvNtNtCskWHisZhi9Z4_4koan8builtins4attr8register
FN:496,_RNvNtNtNtCskWHisZhi9Z4_4koan8builtins4attr5testss_24attr_unbound_name_errors
FN:523,_RNvNtNtNtCskWHisZhi9Z4_4koan8builtins4attr5testss_25attr_unknown_field_errors
FN:507,_RNvNtNtNtCskWHisZhi9Z4_4koan8builtins4attr5testss_31attr_on_non_struct_value_errors
FN:539,_RNvNtNtNtCskWHisZhi9Z4_4koan8builtins4attr5testss_33attr_chained_unknown_field_errors
FN:480,_RNvNtNtNtCskWHisZhi9Z4_4koan8builtins4attr5testss_34attr_chained_through_nested_struct
FN:456,_RNvNtNtNtCskWHisZhi9Z4_4koan8builtins4attr5testss_34attr_reads_field_from_named_struct
FN:468,_RNvNtNtNtCskWHisZhi9Z4_4koan8builtins4attr5testss_35attr_reads_each_field_independently
FN:576,_RNvNtNtNtCskWHisZhi9Z4_4koan8builtins4attr5testss_39access_field_rejects_wrapped_non_struct
FN:620,_RNvNtNtNtCskWHisZhi9Z4_4koan8builtins4attr5testss_41transparent_view_slot_read_stays_concrete
FN:599,_RNvNtNtNtCskWHisZhi9Z4_4koan8builtins4attr5testss_48opaque_view_slot_read_re_tags_with_abstract_type
FN:560,_RNvNtNtNtCskWHisZhi9Z4_4koan8builtins4attr5testss_49access_field_falls_through_wrapped_record_newtype
FN:641,_RNvNtNtNtCskWHisZhi9Z4_4koan8builtins4attr5testss_53access_field_falls_through_wrapped_with_missing_field
FNDA:7,_RNvNtNtCsbv2TPaIhNiJ_4koan8builtins4attr11body_module
FNDA:1,_RNvNtNtCsbv2TPaIhNiJ_4koan8builtins4attr12access_field
FNDA:0,_RNvNtNtCsbv2TPaIhNiJ_4koan8builtins4attr12body_newtype
FNDA:0,_RNvNtNtCsbv2TPaIhNiJ_4koan8builtins4attr13body_type_lhs
FNDA:2,_RNvNtNtCsbv2TPaIhNiJ_4koan8builtins4attr15body_identifier
FNDA:9,_RNvNtNtCsbv2TPaIhNiJ_4koan8builtins4attr15read_field_name
FNDA:0,_RNvNtNtCsbv2TPaIhNiJ_4koan8builtins4attr18access_type_member
FNDA:7,_RNvNtNtCsbv2TPaIhNiJ_4koan8builtins4attr20access_module_member
FNDA:8,_RNvNtNtCsbv2TPaIhNiJ_4koan8builtins4attr5route
FNDA:43,_RNvNtNtCsbv2TPaIhNiJ_4koan8builtins4attr8register
FNDA:0,_RNCNvNtNtCsbv2TPaIhNiJ_4koan8builtins4attr20access_module_member0B7_
FNDA:43,_RNCNvNtNtCsbv2TPaIhNiJ_4koan8builtins4attr8register0B7_
FNDA:43,_RNCNvNtNtCsbv2TPaIhNiJ_4koan8builtins4attr8registers0_0B7_
FNDA:43,_RNCNvNtNtCsbv2TPaIhNiJ_4koan8builtins4attr8registers1_0B7_
FNDA:43,_RNCNvNtNtCsbv2TPaIhNiJ_4koan8builtins4attr8registers2_0B7_
FNDA:43,_RNCNvNtNtCsbv2TPaIhNiJ_4koan8builtins4attr8registers3_0B7_
FNDA:43,_RNCNvNtNtCsbv2TPaIhNiJ_4koan8builtins4attr8registers_0B7_
FNDA:2,_RNCNvNtNtCskWHisZhi9Z4_4koan8builtins4attr20access_module_member0B7_
FNDA:519,_RNCNvNtNtCskWHisZhi9Z4_4koan8builtins4attr8register0B7_
FNDA:519,_RNCNvNtNtCskWHisZhi9Z4_4koan8builtins4attr8registers0_0B7_
FNDA:519,_RNCNvNtNtCskWHisZhi9Z4_4koan8builtins4attr8registers1_0B7_
FNDA:519,_RNCNvNtNtCskWHisZhi9Z4_4koan8builtins4attr8registers2_0B7_
FNDA:519,_RNCNvNtNtCskWHisZhi9Z4_4koan8builtins4attr8registers3_0B7_
FNDA:519,_RNCNvNtNtCskWHisZhi9Z4_4koan8builtins4attr8registers_0B7_
FNDA:20,_RNvNtNtCskWHisZhi9Z4_4koan8builtins4attr11body_module
FNDA:21,_RNvNtNtCskWHisZhi9Z4_4koan8builtins4attr12access_field
FNDA:2,_RNvNtNtCskWHisZhi9Z4_4koan8builtins4attr12body_newtype
FNDA:1,_RNvNtNtCskWHisZhi9Z4_4koan8builtins4attr13body_type_lhs
FNDA:22,_RNvNtNtCskWHisZhi9Z4_4koan8builtins4attr15body_identifier
FNDA:45,_RNvNtNtCskWHisZhi9Z4_4koan8builtins4attr15read_field_name
FNDA:0,_RNvNtNtCskWHisZhi9Z4_4koan8builtins4attr18access_type_member
FNDA:23,_RNvNtNtCskWHisZhi9Z4_4koan8builtins4attr20access_module_member
FNDA:43,_RNvNtNtCskWHisZhi9Z4_4koan8builtins4attr5route
FNDA:519,_RNvNtNtCskWHisZhi9Z4_4koan8builtins4attr8register
FNDA:1,_RNvNtNtNtCskWHisZhi9Z4_4koan8builtins4attr5testss_24attr_unbound_name_errors
FNDA:1,_RNvNtNtNtCskWHisZhi9Z4_4koan8builtins4attr5testss_25attr_unknown_field_errors
FNDA:1,_RNvNtNtNtCskWHisZhi9Z4_4koan8builtins4attr5testss_31attr_on_non_struct_value_errors
FNDA:1,_RNvNtNtNtCskWHisZhi9Z4_4koan8builtins4attr5testss_33attr_chained_unknown_field_errors
FNDA:1,_RNvNtNtNtCskWHisZhi9Z4_4koan8builtins4attr5testss_34attr_chained_through_nested_struct
FNDA:1,_RNvNtNtNtCskWHisZhi9Z4_4koan8builtins4attr5testss_34attr_reads_field_from_named_struct
FNDA:1,_RNvNtNtNtCskWHisZhi9Z4_4koan8builtins4attr5testss_35attr_reads_each_field_independently
FNDA:1,_RNvNtNtNtCskWHisZhi9Z4_4koan8builtins4attr5testss_39access_field_rejects_wrapped_non_struct
FNDA:1,_RNvNtNtNtCskWHisZhi9Z4_4koan8builtins4attr5testss_41transparent_view_slot_read_stays_concrete
FNDA:1,_RNvNtNtNtCskWHisZhi9Z4_4koan8builtins4attr5testss_48opaque_view_slot_read_re_tags_with_abstract_type
FNDA:1,_RNvNtNtNtCskWHisZhi9Z4_4koan8builtins4attr5testss_49access_field_falls_through_wrapped_record_newtype
FNDA:1,_RNvNtNtNtCskWHisZhi9Z4_4koan8builtins4attr5testss_53access_field_falls_through_wrapped_with_missing_field
FNF:29
FNH:28
DA:36,51
DA:37,51
DA:38,51
DA:39,51
DA:40,51
DA:44,54
DA:46,54
DA:47,42
DA:48,42
DA:49,0
DA:50,0
DA:51,0
DA:52,0
DA:53,0
DA:55,12
DA:56,12
DA:57,12
DA:58,12
DA:59,0
DA:61,0
DA:62,0
DA:63,54
DA:69,24
DA:70,24
DA:71,24
DA:73,24
DA:74,24
DA:75,0
DA:76,0
DA:77,0
DA:78,0
DA:79,0
DA:80,0
DA:82,0
DA:84,24
DA:87,24
DA:88,19
DA:89,5
DA:90,5
DA:91,0
DA:92,3
DA:94,0
DA:97,0
DA:99,0
DA:100,0
DA:102,2
DA:103,2
DA:104,24
DA:112,1
DA:113,1
DA:114,1
DA:116,1
DA:117,1
DA:119,0
DA:120,0
DA:121,0
DA:122,0
DA:123,0
DA:124,0
DA:125,0
DA:129,1
DA:130,1
DA:131,1
DA:134,0
DA:135,0
DA:136,0
DA:138,1
DA:139,1
DA:140,1
DA:141,1
DA:142,1
DA:143,1
DA:144,1
DA:145,1
DA:148,0
DA:150,1
DA:153,2
DA:154,2
DA:155,2
DA:157,2
DA:158,2
DA:159,0
DA:161,2
DA:165,2
DA:166,2
DA:167,2
DA:170,27
DA:171,27
DA:172,27
DA:174,27
DA:175,27
DA:177,0
DA:178,0
DA:179,0
DA:180,0
DA:181,0
DA:182,0
DA:183,0
DA:184,0
DA:185,0
DA:186,0
DA:187,0
DA:191,27
DA:192,27
DA:193,27
DA:198,0
DA:199,0
DA:200,0
DA:201,0
DA:202,0
DA:203,0
DA:206,0
DA:207,0
DA:208,0
DA:210,0
DA:211,0
DA:212,0
DA:213,0
DA:215,0
DA:216,0
DA:217,0
DA:218,0
DA:219,0
DA:220,0
DA:221,0
DA:222,0
DA:228,0
DA:230,0
DA:231,0
DA:232,0
DA:233,0
DA:234,0
DA:235,0
DA:237,0
DA:239,22
DA:240,22
DA:241,22
DA:242,22
DA:243,22
DA:244,22
DA:245,22
DA:255,18
DA:256,17
DA:257,14
DA:261,0
DA:262,3
DA:263,3
DA:264,3
DA:265,3
DA:266,3
DA:268,1
DA:270,4
DA:271,4
DA:272,4
DA:273,4
DA:274,4
DA:276,22
DA:299,30
DA:300,30
DA:301,30
DA:302,30
DA:303,30
DA:304,30
DA:309,10
DA:310,5
DA:311,5
DA:313,5
DA:314,5
DA:315,5
DA:320,20
DA:327,20
DA:329,17
DA:330,17
DA:331,17
DA:333,17
DA:338,2
DA:339,2
DA:341,2
DA:343,2
DA:344,2
DA:345,2
DA:346,2
DA:347,2
DA:348,2
DA:350,0
DA:351,2
DA:353,15
DA:354,15
DA:357,2
DA:358,2
DA:359,2
DA:360,2
DA:361,1
DA:362,1
DA:363,1
DA:364,1
DA:366,30
DA:368,562
DA:369,562
DA:370,562
DA:371,562
DA:372,562
DA:373,562
DA:374,562
DA:375,562
DA:378,562
DA:379,562
DA:380,562
DA:381,562
DA:382,562
DA:383,562
DA:384,562
DA:385,562
DA:388,562
DA:397,562
DA:398,562
DA:399,562
DA:400,562
DA:401,562
DA:402,562
DA:403,562
DA:406,562
DA:407,562
DA:408,562
DA:409,562
DA:410,562
DA:411,562
DA:412,562
DA:413,562
DA:416,562
DA:417,562
DA:418,562
DA:419,562
DA:420,562
DA:421,562
DA:422,562
DA:423,562
DA:426,562
DA:428,562
DA:429,562
DA:430,562
DA:431,562
DA:432,562
DA:433,562
DA:434,562
DA:437,562
DA:440,562
DA:441,562
DA:442,562
DA:443,562
DA:444,562
DA:445,562
DA:446,562
DA:456,1
DA:457,1
DA:458,1
DA:459,1
DA:460,1
DA:461,1
DA:463,1
DA:464,1
DA:465,1
DA:468,1
DA:469,1
DA:470,1
DA:471,1
DA:472,1
DA:473,1
DA:475,1
DA:476,1
DA:477,1
DA:480,1
DA:481,1
DA:482,1
DA:483,1
DA:484,1
DA:485,1
DA:486,1
DA:487,1
DA:488,1
DA:489,1
DA:491,1
DA:492,1
DA:493,1
DA:496,1
DA:497,1
DA:498,1
DA:499,1
DA:500,1
DA:501,1
DA:504,1
DA:507,1
DA:508,1
DA:509,1
DA:510,1
DA:511,1
DA:512,1
DA:513,1
DA:514,1
DA:515,1
DA:516,1
DA:518,0
DA:520,1
DA:523,1
DA:524,1
DA:525,1
DA:526,1
DA:527,1
DA:528,1
DA:530,1
DA:531,1
DA:532,1
DA:533,1
DA:536,1
DA:539,1
DA:540,1
DA:541,1
DA:542,1
DA:543,1
DA:544,1
DA:545,1
DA:546,1
DA:547,1
DA:548,1
DA:550,1
DA:551,1
DA:552,1
DA:553,1
DA:556,1
DA:560,1
DA:561,1
DA:562,1
DA:563,1
DA:564,1
DA:565,1
DA:566,1
DA:567,1
DA:568,1
DA:570,1
DA:571,1
DA:572,1
DA:576,1
DA:577,1
DA:578,1
DA:579,1
DA:580,1
DA:581,1
DA:582,1
DA:584,1
DA:585,1
DA:586,1
DA:587,1
DA:588,1
DA:589,1
DA:591,0
DA:593,1
DA:599,1
DA:600,1
DA:601,1
DA:602,1
DA:603,1
DA:604,1
DA:605,1
DA:606,1
DA:608,1
DA:609,1
DA:610,1
DA:613,0
DA:615,1
DA:620,1
DA:621,1
DA:622,1
DA:623,1
DA:624,1
DA:625,1
DA:626,1
DA:627,1
DA:629,1
DA:630,1
DA:631,1
DA:633,0
DA:635,1
DA:641,1
DA:642,1
DA:643,1
DA:644,1
DA:645,1
DA:646,1
DA:647,1
DA:648,1
DA:649,1
DA:651,1
DA:652,1
DA:653,1
DA:654,1
DA:657,1
BRF:0
BRH:0
LF:403
LH:325
end_of_record
SF:/var/home/jack/Code/koan/src/builtins/await_body.rs
FN:30,_RINvNtNtCsbv2TPaIhNiJ_4koan8builtins10await_body19await_body_in_scopeNCNvNtB4_10module_def4body0EB6_
FN:30,_RINvNtNtCsbv2TPaIhNiJ_4koan8builtins10await_body19await_body_in_scopeNCNvNtB4_15recursive_types4bodys_0EB6_
FN:30,_RINvNtNtCsbv2TPaIhNiJ_4koan8builtins10await_body19await_body_in_scopeNCNvNtB4_7sig_def4body0EB6_
FN:36,_RNCINvNtNtCsbv2TPaIhNiJ_4koan8builtins10await_body19await_body_in_scopeNCNvNtB6_10module_def4body0E0B8_
FN:36,_RNCINvNtNtCsbv2TPaIhNiJ_4koan8builtins10await_body19await_body_in_scopeNCNvNtB6_15recursive_types4bodys_0E0B8_
FN:36,_RNCINvNtNtCsbv2TPaIhNiJ_4koan8builtins10await_body19await_body_in_scopeNCNvNtB6_7sig_def4body0E0B8_
FN:30,_RINvNtNtCskWHisZhi9Z4_4koan8builtins10await_body19await_body_in_scopeNCNvNtB4_10module_def4body0EB6_
FN:30,_RINvNtNtCskWHisZhi9Z4_4koan8builtins10await_body19await_body_in_scopeNCNvNtB4_15recursive_types4bodys_0EB6_
FN:30,_RINvNtNtCskWHisZhi9Z4_4koan8builtins10await_body19await_body_in_scopeNCNvNtB4_7sig_def4body0EB6_
FN:36,_RNCINvNtNtCskWHisZhi9Z4_4koan8builtins10await_body19await_body_in_scopeNCNvNtB6_10module_def4body0E0B8_
FN:36,_RNCINvNtNtCskWHisZhi9Z4_4koan8builtins10await_body19await_body_in_scopeNCNvNtB6_15recursive_types4bodys_0E0B8_
FN:36,_RNCINvNtNtCskWHisZhi9Z4_4koan8builtins10await_body19await_body_in_scopeNCNvNtB6_7sig_def4body0E0B8_
FNDA:21,_RINvNtNtCsbv2TPaIhNiJ_4koan8builtins10await_body19await_body_in_scopeNCNvNtB4_10module_def4body0EB6_
FNDA:0,_RINvNtNtCsbv2TPaIhNiJ_4koan8builtins10await_body19await_body_in_scopeNCNvNtB4_15recursive_types4bodys_0EB6_
FNDA:15,_RINvNtNtCsbv2TPaIhNiJ_4koan8builtins10await_body19await_body_in_scopeNCNvNtB4_7sig_def4body0EB6_
FNDA:20,_RNCINvNtNtCsbv2TPaIhNiJ_4koan8builtins10await_body19await_body_in_scopeNCNvNtB6_10module_def4body0E0B8_
FNDA:0,_RNCINvNtNtCsbv2TPaIhNiJ_4koan8builtins10await_body19await_body_in_scopeNCNvNtB6_15recursive_types4bodys_0E0B8_
FNDA:15,_RNCINvNtNtCsbv2TPaIhNiJ_4koan8builtins10await_body19await_body_in_scopeNCNvNtB6_7sig_def4body0E0B8_
FNDA:84,_RINvNtNtCskWHisZhi9Z4_4koan8builtins10await_body19await_body_in_scopeNCNvNtB4_10module_def4body0EB6_
FNDA:4,_RINvNtNtCskWHisZhi9Z4_4koan8builtins10await_body19await_body_in_scopeNCNvNtB4_15recursive_types4bodys_0EB6_
FNDA:70,_RINvNtNtCskWHisZhi9Z4_4koan8builtins10await_body19await_body_in_scopeNCNvNtB4_7sig_def4body0EB6_
FNDA:82,_RNCINvNtNtCskWHisZhi9Z4_4koan8builtins10await_body19await_body_in_scopeNCNvNtB6_10module_def4body0E0B8_
FNDA:3,_RNCINvNtNtCskWHisZhi9Z4_4koan8builtins10await_body19await_body_in_scopeNCNvNtB6_15recursive_types4bodys_0E0B8_
FNDA:68,_RNCINvNtNtCskWHisZhi9Z4_4koan8builtins10await_body19await_body_in_scopeNCNvNtB6_7sig_def4body0E0B8_
FNF:2
FNH:2
DA:30,194
DA:31,194
DA:32,194
DA:33,194
DA:34,194
DA:35,194
DA:36,194
DA:37,188
DA:38,185
DA:39,185
DA:40,188
DA:41,188
DA:42,194
DA:43,194
DA:44,194
DA:45,194
DA:46,194
DA:47,194
DA:48,194
DA:49,194
BRF:0
BRH:0
LF:21
LH:21
end_of_record
SF:/var/home/jack/Code/koan/src/builtins/block_tail.rs
FN:42,_RNvNtNtCsbv2TPaIhNiJ_4koan8builtins10block_tail10block_tail
FN:59,_RNCNvNtNtCsbv2TPaIhNiJ_4koan8builtins10block_tail10block_tail0B7_
FN:59,_RNCNvNtNtCskWHisZhi9Z4_4koan8builtins10block_tail10block_tail0B7_
FN:42,_RNvNtNtCskWHisZhi9Z4_4koan8builtins10block_tail10block_tail
FNDA:1,_RNvNtNtCsbv2TPaIhNiJ_4koan8builtins10block_tail10block_tail
FNDA:0,_RNCNvNtNtCsbv2TPaIhNiJ_4koan8builtins10block_tail10block_tail0B7_
FNDA:107,_RNCNvNtNtCskWHisZhi9Z4_4koan8builtins10block_tail10block_tail0B7_
FNDA:126,_RNvNtNtCskWHisZhi9Z4_4koan8builtins10block_tail10block_tail
FNF:2
FNH:2
DA:42,127
DA:43,127
DA:44,127
DA:45,127
DA:46,127
DA:47,127
DA:48,127
DA:49,127
DA:51,8
DA:52,8
DA:55,107
DA:56,0
DA:58,107
DA:59,107
DA:60,0
DA:61,107
DA:63,12
DA:64,12
DA:65,12
DA:66,12
DA:67,12
DA:70,127
DA:71,8
DA:72,119
DA:73,119
DA:74,119
DA:75,119
DA:76,119
DA:77,119
DA:80,127
DA:81,127
DA:82,127
DA:83,127
DA:84,127
DA:85,127
DA:86,127
DA:87,127
BRF:0
BRH:0
LF:38
LH:36
end_of_record
SF:/var/home/jack/Code/koan/src/builtins/branch_walk.rs
FN:116,_RNCNCNvNtNtCsbv2TPaIhNiJ_4koan8builtins11branch_walk8arm_tail00B9_
FN:87,_RNCNvNtNtCsbv2TPaIhNiJ_4koan8builtins11branch_walk8arm_tail0B7_
FN:141,_RNvNtNtCsbv2TPaIhNiJ_4koan8builtins11branch_walk16find_branch_body
FN:18,_RNvNtNtCsbv2TPaIhNiJ_4koan8builtins11branch_walk20resolve_arm_contract
FN:71,_RNvNtNtCsbv2TPaIhNiJ_4koan8builtins11branch_walk8arm_tail
FN:141,_RNvNtNtCskWHisZhi9Z4_4koan8builtins11branch_walk16find_branch_body
FN:18,_RNvNtNtCskWHisZhi9Z4_4koan8builtins11branch_walk20resolve_arm_contract
FN:71,_RNvNtNtCskWHisZhi9Z4_4koan8builtins11branch_walk8arm_tail
FN:116,_RNCNCNvNtNtCskWHisZhi9Z4_4koan8builtins11branch_walk8arm_tail00B9_
FN:87,_RNCNvNtNtCskWHisZhi9Z4_4koan8builtins11branch_walk8arm_tail0B7_
FNDA:0,_RNCNCNvNtNtCsbv2TPaIhNiJ_4koan8builtins11branch_walk8arm_tail00B9_
FNDA:0,_RNCNvNtNtCsbv2TPaIhNiJ_4koan8builtins11branch_walk8arm_tail0B7_
FNDA:0,_RNvNtNtCsbv2TPaIhNiJ_4koan8builtins11branch_walk16find_branch_body
FNDA:0,_RNvNtNtCsbv2TPaIhNiJ_4koan8builtins11branch_walk20resolve_arm_contract
FNDA:0,_RNvNtNtCsbv2TPaIhNiJ_4koan8builtins11branch_walk8arm_tail
FNDA:114,_RNvNtNtCskWHisZhi9Z4_4koan8builtins11branch_walk16find_branch_body
FNDA:114,_RNvNtNtCskWHisZhi9Z4_4koan8builtins11branch_walk20resolve_arm_contract
FNDA:107,_RNvNtNtCskWHisZhi9Z4_4koan8builtins11branch_walk8arm_tail
FNDA:7,_RNCNCNvNtNtCskWHisZhi9Z4_4koan8builtins11branch_walk8arm_tail00B9_
FNDA:107,_RNCNvNtNtCskWHisZhi9Z4_4koan8builtins11branch_walk8arm_tail0B7_
FNF:5
FNH:5
DA:18,114
DA:19,114
DA:20,114
DA:21,114
DA:23,114
DA:24,0
DA:25,0
DA:26,0
DA:30,0
DA:31,0
DA:32,0
DA:33,0
DA:37,114
DA:39,0
DA:40,0
DA:41,0
DA:45,114
DA:46,114
DA:47,114
DA:49,114
DA:71,107
DA:72,107
DA:73,107
DA:74,107
DA:75,107
DA:76,107
DA:77,107
DA:81,107
DA:87,107
DA:88,107
DA:92,86
DA:93,86
DA:95,86
DA:96,86
DA:97,86
DA:98,86
DA:99,86
DA:102,14
DA:105,14
DA:106,14
DA:107,14
DA:108,14
DA:109,14
DA:111,7
DA:115,7
DA:116,7
DA:117,7
DA:118,7
DA:119,7
DA:120,7
DA:122,7
DA:123,7
DA:124,7
DA:127,107
DA:128,107
DA:129,107
DA:130,107
DA:131,107
DA:132,107
DA:133,107
DA:134,107
DA:136,107
DA:141,114
DA:142,114
DA:143,114
DA:144,114
DA:145,114
DA:146,114
DA:147,114
DA:148,0
DA:149,0
DA:150,0
DA:151,0
DA:152,114
DA:153,114
DA:154,114
DA:155,176
DA:156,168
DA:157,168
DA:158,168
DA:159,168
DA:161,155
DA:164,9
DA:165,9
DA:166,6
DA:168,3
DA:172,4
DA:173,0
DA:174,0
DA:175,0
DA:176,0
DA:177,0
DA:180,168
DA:181,168
DA:182,0
DA:183,0
DA:184,0
DA:185,0
DA:186,0
DA:189,168
DA:190,166
DA:191,2
DA:192,2
DA:193,2
DA:194,2
DA:195,2
DA:198,166
DA:199,104
DA:200,62
DA:201,62
DA:202,4
DA:203,58
DA:204,62
DA:206,8
DA:207,114
BRF:0
BRH:0
LF:117
LH:93
end_of_record
SF:/var/home/jack/Code/koan/src/builtins/catch.rs
FN:93,_RNCNCNvNtNtCsbv2TPaIhNiJ_4koan8builtins5catch4body00B9_
FN:117,_RNCNCNvNtNtCsbv2TPaIhNiJ_4koan8builtins5catch4body0s0_0B9_
FN:105,_RNCNCNvNtNtCsbv2TPaIhNiJ_4koan8builtins5catch4body0s_0B9_
FN:60,_RNCNvNtNtCsbv2TPaIhNiJ_4koan8builtins5catch4body0B7_
FN:63,_RNvNCNvNtNtCsbv2TPaIhNiJ_4koan8builtins5catch4body012build_result
FN:38,_RNvNtNtCsbv2TPaIhNiJ_4koan8builtins5catch4body
FN:15,_RNvNtNtCsbv2TPaIhNiJ_4koan8builtins5catch8register
FN:63,_RNvNCNvNtNtCskWHisZhi9Z4_4koan8builtins5catch4body012build_result
FN:38,_RNvNtNtCskWHisZhi9Z4_4koan8builtins5catch4body
FN:15,_RNvNtNtCskWHisZhi9Z4_4koan8builtins5catch8register
FN:93,_RNCNCNvNtNtCskWHisZhi9Z4_4koan8builtins5catch4body00B9_
FN:117,_RNCNCNvNtNtCskWHisZhi9Z4_4koan8builtins5catch4body0s0_0B9_
FN:105,_RNCNCNvNtNtCskWHisZhi9Z4_4koan8builtins5catch4body0s_0B9_
FN:60,_RNCNvNtNtCskWHisZhi9Z4_4koan8builtins5catch4body0B7_
FNDA:0,_RNCNCNvNtNtCsbv2TPaIhNiJ_4koan8builtins5catch4body00B9_
FNDA:0,_RNCNCNvNtNtCsbv2TPaIhNiJ_4koan8builtins5catch4body0s0_0B9_
FNDA:0,_RNCNCNvNtNtCsbv2TPaIhNiJ_4koan8builtins5catch4body0s_0B9_
FNDA:0,_RNCNvNtNtCsbv2TPaIhNiJ_4koan8builtins5catch4body0B7_
FNDA:0,_RNvNCNvNtNtCsbv2TPaIhNiJ_4koan8builtins5catch4body012build_result
FNDA:0,_RNvNtNtCsbv2TPaIhNiJ_4koan8builtins5catch4body
FNDA:43,_RNvNtNtCsbv2TPaIhNiJ_4koan8builtins5catch8register
FNDA:8,_RNvNCNvNtNtCskWHisZhi9Z4_4koan8builtins5catch4body012build_result
FNDA:8,_RNvNtNtCskWHisZhi9Z4_4koan8builtins5catch4body
FNDA:519,_RNvNtNtCskWHisZhi9Z4_4koan8builtins5catch8register
FNDA:3,_RNCNCNvNtNtCskWHisZhi9Z4_4koan8builtins5catch4body00B9_
FNDA:5,_RNCNCNvNtNtCskWHisZhi9Z4_4koan8builtins5catch4body0s0_0B9_
FNDA:5,_RNCNCNvNtNtCskWHisZhi9Z4_4koan8builtins5catch4body0s_0B9_
FNDA:8,_RNCNvNtNtCskWHisZhi9Z4_4koan8builtins5catch4body0B7_
FNF:7
FNH:7
DA:15,562
DA:21,562
DA:22,562
DA:23,0
DA:25,562
DA:26,562
DA:27,562
DA:28,562
DA:29,562
DA:30,562
DA:31,562
DA:33,562
DA:34,562
DA:38,8
DA:39,8
DA:40,8
DA:50,8
DA:53,8
DA:54,8
DA:55,0
DA:59,8
DA:60,8
DA:63,8
DA:64,8
DA:65,8
DA:66,0
DA:68,8
DA:69,8
DA:70,8
DA:71,8
DA:72,8
DA:73,8
DA:74,8
DA:75,8
DA:80,8
DA:81,8
DA:82,8
DA:83,8
DA:84,8
DA:85,8
DA:86,8
DA:87,8
DA:90,3
DA:91,3
DA:92,3
DA:93,3
DA:94,3
DA:95,3
DA:96,3
DA:97,3
DA:98,3
DA:99,3
DA:100,3
DA:104,5
DA:105,5
DA:106,5
DA:107,5
DA:108,5
DA:109,5
DA:110,5
DA:111,5
DA:114,5
DA:115,5
DA:116,5
DA:117,5
DA:118,5
DA:119,5
DA:120,5
DA:121,5
DA:122,5
DA:123,5
DA:124,5
DA:128,8
DA:129,8
DA:130,8
DA:131,8
DA:132,8
DA:133,8
DA:134,8
DA:135,8
DA:136,8
DA:137,8
BRF:0
BRH:0
LF:84
LH:81
end_of_record
SF:/var/home/jack/Code/koan/src/builtins/eval.rs
FN:37,_RNCNvNtNtCsbv2TPaIhNiJ_4koan8builtins4eval4body0B7_
FN:15,_RNvNtNtCsbv2TPaIhNiJ_4koan8builtins4eval4body
FN:47,_RNvNtNtCsbv2TPaIhNiJ_4koan8builtins4eval8register
FN:15,_RNvNtNtCskWHisZhi9Z4_4koan8builtins4eval4body
FN:47,_RNvNtNtCskWHisZhi9Z4_4koan8builtins4eval8register
FN:60,_RNvNtNtNtCskWHisZhi9Z4_4koan8builtins4eval5tests11run_program
FN:117,_RNvNtNtNtCskWHisZhi9Z4_4koan8builtins4eval5testss_21recursive_eval_no_uaf
FN:69,_RNvNtNtNtCskWHisZhi9Z4_4koan8builtins4eval5testss_22eval_of_quoted_literal
FN:103,_RNvNtNtNtCskWHisZhi9Z4_4koan8builtins4eval5testss_34multiline_sigil_collapse_roundtrip
FN:109,_RNvNtNtNtCskWHisZhi9Z4_4koan8builtins4eval5testss_35eval_returns_inner_expression_value
FN:97,_RNvNtNtNtCskWHisZhi9Z4_4koan8builtins4eval5testss_37eval_runs_side_effects_in_quoted_body
FN:75,_RNvNtNtNtCskWHisZhi9Z4_4koan8builtins4eval5testss_38eval_of_function_returning_kexpression
FN:84,_RNvNtNtNtCskWHisZhi9Z4_4koan8builtins4eval5testss_49eval_of_non_kexpression_errors_with_type_mismatch
FN:37,_RNCNvNtNtCskWHisZhi9Z4_4koan8builtins4eval4body0B7_
FNDA:0,_RNCNvNtNtCsbv2TPaIhNiJ_4koan8builtins4eval4body0B7_
FNDA:0,_RNvNtNtCsbv2TPaIhNiJ_4koan8builtins4eval4body
FNDA:43,_RNvNtNtCsbv2TPaIhNiJ_4koan8builtins4eval8register
FNDA:9,_RNvNtNtCskWHisZhi9Z4_4koan8builtins4eval4body
FNDA:519,_RNvNtNtCskWHisZhi9Z4_4koan8builtins4eval8register
FNDA:6,_RNvNtNtNtCskWHisZhi9Z4_4koan8builtins4eval5tests11run_program
FNDA:1,_RNvNtNtNtCskWHisZhi9Z4_4koan8builtins4eval5testss_21recursive_eval_no_uaf
FNDA:1,_RNvNtNtNtCskWHisZhi9Z4_4koan8builtins4eval5testss_22eval_of_quoted_literal
FNDA:1,_RNvNtNtNtCskWHisZhi9Z4_4koan8builtins4eval5testss_34multiline_sigil_collapse_roundtrip
FNDA:1,_RNvNtNtNtCskWHisZhi9Z4_4koan8builtins4eval5testss_35eval_returns_inner_expression_value
FNDA:1,_RNvNtNtNtCskWHisZhi9Z4_4koan8builtins4eval5testss_37eval_runs_side_effects_in_quoted_body
FNDA:1,_RNvNtNtNtCskWHisZhi9Z4_4koan8builtins4eval5testss_38eval_of_function_returning_kexpression
FNDA:1,_RNvNtNtNtCskWHisZhi9Z4_4koan8builtins4eval5testss_49eval_of_non_kexpression_errors_with_type_mismatch
FNDA:8,_RNCNvNtNtCskWHisZhi9Z4_4koan8builtins4eval4body0B7_
FNF:11
FNH:11
DA:15,9
DA:16,9
DA:17,9
DA:22,9
DA:23,8
DA:24,1
DA:25,1
DA:26,1
DA:27,1
DA:28,1
DA:29,1
DA:31,0
DA:37,8
DA:38,8
DA:39,8
DA:40,8
DA:41,8
DA:42,8
DA:43,8
DA:45,9
DA:47,562
DA:48,562
DA:49,562
DA:50,562
DA:60,6
DA:61,6
DA:62,6
DA:63,6
DA:64,6
DA:65,6
DA:66,6
DA:69,1
DA:70,1
DA:71,1
DA:72,1
DA:75,1
DA:76,1
DA:77,1
DA:78,1
DA:80,1
DA:81,1
DA:84,1
DA:85,1
DA:86,1
DA:87,1
DA:88,1
DA:89,1
DA:90,1
DA:91,1
DA:94,1
DA:97,1
DA:98,1
DA:99,1
DA:100,1
DA:103,1
DA:104,1
DA:105,1
DA:106,1
DA:109,1
DA:112,1
DA:113,1
DA:114,1
DA:117,1
DA:121,1
DA:122,1
DA:123,1
DA:124,1
DA:125,1
DA:126,1
DA:127,1
DA:129,1
DA:130,1
BRF:0
BRH:0
LF:73
LH:72
end_of_record
SF:/var/home/jack/Code/koan/src/builtins/fn_def.rs
FN:62,_RNvNtNtCsbv2TPaIhNiJ_4koan8builtins6fn_def13build_fn_like
FN:142,_RNvNtNtCsbv2TPaIhNiJ_4koan8builtins6fn_def18body_record_schema
FN:23,_RNvNtNtCsbv2TPaIhNiJ_4koan8builtins6fn_def19collect_param_types
FN:127,_RNvNtNtCsbv2TPaIhNiJ_4koan8builtins6fn_def4body
FN:205,_RNvNtNtCsbv2TPaIhNiJ_4koan8builtins6fn_def8register
FN:165,_RNCNvNtNtCsbv2TPaIhNiJ_4koan8builtins6fn_def18body_record_schema0B7_
FN:228,_RNCNvNtNtCsbv2TPaIhNiJ_4koan8builtins6fn_def8register0B7_
FN:262,_RNCNvNtNtCsbv2TPaIhNiJ_4koan8builtins6fn_def8registers0_0B7_
FN:245,_RNCNvNtNtCsbv2TPaIhNiJ_4koan8builtins6fn_def8registers_0B7_
FN:165,_RNCNvNtNtCskWHisZhi9Z4_4koan8builtins6fn_def18body_record_schema0B7_
FN:228,_RNCNvNtNtCskWHisZhi9Z4_4koan8builtins6fn_def8register0B7_
FN:262,_RNCNvNtNtCskWHisZhi9Z4_4koan8builtins6fn_def8registers0_0B7_
FN:245,_RNCNvNtNtCskWHisZhi9Z4_4koan8builtins6fn_def8registers_0B7_
FN:62,_RNvNtNtCskWHisZhi9Z4_4koan8builtins6fn_def13build_fn_like
FN:142,_RNvNtNtCskWHisZhi9Z4_4koan8builtins6fn_def18body_record_schema
FN:23,_RNvNtNtCskWHisZhi9Z4_4koan8builtins6fn_def19collect_param_types
FN:127,_RNvNtNtCskWHisZhi9Z4_4koan8builtins6fn_def4body
FN:205,_RNvNtNtCskWHisZhi9Z4_4koan8builtins6fn_def8register
FNDA:18,_RNvNtNtCsbv2TPaIhNiJ_4koan8builtins6fn_def13build_fn_like
FNDA:0,_RNvNtNtCsbv2TPaIhNiJ_4koan8builtins6fn_def18body_record_schema
FNDA:7,_RNvNtNtCsbv2TPaIhNiJ_4koan8builtins6fn_def19collect_param_types
FNDA:11,_RNvNtNtCsbv2TPaIhNiJ_4koan8builtins6fn_def4body
FNDA:43,_RNvNtNtCsbv2TPaIhNiJ_4koan8builtins6fn_def8register
FNDA:0,_RNCNvNtNtCsbv2TPaIhNiJ_4koan8builtins6fn_def18body_record_schema0B7_
FNDA:43,_RNCNvNtNtCsbv2TPaIhNiJ_4koan8builtins6fn_def8register0B7_
FNDA:43,_RNCNvNtNtCsbv2TPaIhNiJ_4koan8builtins6fn_def8registers0_0B7_
FNDA:43,_RNCNvNtNtCsbv2TPaIhNiJ_4koan8builtins6fn_def8registers_0B7_
FNDA:7,_RNCNvNtNtCskWHisZhi9Z4_4koan8builtins6fn_def18body_record_schema0B7_
FNDA:519,_RNCNvNtNtCskWHisZhi9Z4_4koan8builtins6fn_def8register0B7_
FNDA:519,_RNCNvNtNtCskWHisZhi9Z4_4koan8builtins6fn_def8registers0_0B7_
FNDA:519,_RNCNvNtNtCskWHisZhi9Z4_4koan8builtins6fn_def8registers_0B7_
FNDA:278,_RNvNtNtCskWHisZhi9Z4_4koan8builtins6fn_def13build_fn_like
FNDA:8,_RNvNtNtCskWHisZhi9Z4_4koan8builtins6fn_def18body_record_schema
FNDA:18,_RNvNtNtCskWHisZhi9Z4_4koan8builtins6fn_def19collect_param_types
FNDA:260,_RNvNtNtCskWHisZhi9Z4_4koan8builtins6fn_def4body
FNDA:519,_RNvNtNtCskWHisZhi9Z4_4koan8builtins6fn_def8register
FNF:9
FNH:9
DA:23,25
DA:24,25
DA:25,25
DA:26,25
DA:28,25
DA:29,25
DA:30,25
DA:31,25
DA:32,75
DA:33,50
DA:34,7
DA:35,18
DA:36,25
DA:38,50
DA:39,25
DA:40,25
DA:41,25
DA:42,25
DA:43,25
DA:44,0
DA:45,0
DA:46,25
DA:47,25
DA:48,25
DA:49,25
DA:51,25
DA:52,25
DA:62,296
DA:63,296
DA:64,296
DA:65,296
DA:66,296
DA:71,296
DA:72,296
DA:73,296
DA:74,296
DA:75,296
DA:76,25
DA:77,271
DA:79,296
DA:80,296
DA:81,296
DA:82,296
DA:83,296
DA:84,296
DA:85,296
DA:86,296
DA:87,293
DA:88,2
DA:89,291
DA:90,291
DA:91,218
DA:92,4
DA:93,4
DA:96,69
DA:97,69
DA:98,69
DA:99,69
DA:100,69
DA:101,69
DA:103,287
DA:104,287
DA:106,195
DA:107,195
DA:108,195
DA:109,195
DA:110,195
DA:111,195
DA:112,195
DA:113,195
DA:114,195
DA:116,92
DA:118,296
DA:127,271
DA:128,271
DA:129,271
DA:130,271
DA:131,271
DA:142,8
DA:143,8
DA:144,8
DA:149,8
DA:150,7
DA:151,1
DA:152,1
DA:153,1
DA:154,1
DA:155,1
DA:158,0
DA:159,0
DA:160,0
DA:163,7
DA:164,7
DA:165,7
DA:166,7
DA:167,7
DA:168,7
DA:169,7
DA:170,7
DA:171,7
DA:172,7
DA:173,7
DA:174,7
DA:175,7
DA:176,7
DA:177,7
DA:178,7
DA:179,7
DA:180,7
DA:181,7
DA:182,7
DA:183,7
DA:184,7
DA:185,7
DA:186,7
DA:187,7
DA:188,7
DA:189,7
DA:190,7
DA:192,0
DA:193,0
DA:194,0
DA:195,0
DA:196,0
DA:197,0
DA:198,0
DA:199,0
DA:203,8
DA:205,562
DA:228,562
DA:229,562
DA:230,562
DA:231,562
DA:232,562
DA:233,562
DA:234,562
DA:235,562
DA:236,562
DA:237,562
DA:240,562
DA:245,562
DA:246,562
DA:247,562
DA:248,562
DA:249,562
DA:250,562
DA:251,562
DA:252,562
DA:253,562
DA:254,562
DA:257,562
DA:262,562
DA:263,562
DA:264,562
DA:265,562
DA:266,562
DA:267,562
DA:268,562
DA:269,562
DA:270,562
DA:271,562
DA:274,562
DA:276,562
DA:277,562
DA:278,562
DA:279,562
DA:280,562
DA:281,562
DA:282,562
DA:285,562
DA:286,562
DA:287,562
DA:288,562
DA:289,562
DA:290,562
DA:291,562
DA:294,562
DA:295,562
DA:296,562
DA:297,562
DA:298,562
DA:299,562
DA:300,562
DA:303,562
BRF:0
BRH:0
LF:188
LH:175
end_of_record
SF:/var/home/jack/Code/koan/src/builtins/fn_def/finalize.rs
FN:192,_RNvNtNtNtCsbv2TPaIhNiJ_4koan8builtins6fn_def8finalize21finalize_fn_with_kind
FN:281,_RNvNtNtNtCsbv2TPaIhNiJ_4koan8builtins6fn_def8finalize5defer
FN:88,_RNvNtNtNtCsbv2TPaIhNiJ_4koan8builtins6fn_def8finalize8classify
FN:266,_RNvNtNtNtCsbv2TPaIhNiJ_4koan8builtins6fn_def8finalize9fn_action
FN:218,_RNCNvNtNtNtCsbv2TPaIhNiJ_4koan8builtins6fn_def8finalize21finalize_fn_with_kind0B9_
FN:323,_RNCNvNtNtNtCsbv2TPaIhNiJ_4koan8builtins6fn_def8finalize5defer0B9_
FN:218,_RNCNvNtNtNtCskWHisZhi9Z4_4koan8builtins6fn_def8finalize21finalize_fn_with_kind0B9_
FN:323,_RNCNvNtNtNtCskWHisZhi9Z4_4koan8builtins6fn_def8finalize5defer0B9_
FN:192,_RNvNtNtNtCskWHisZhi9Z4_4koan8builtins6fn_def8finalize21finalize_fn_with_kind
FN:281,_RNvNtNtNtCskWHisZhi9Z4_4koan8builtins6fn_def8finalize5defer
FN:88,_RNvNtNtNtCskWHisZhi9Z4_4koan8builtins6fn_def8finalize8classify
FN:266,_RNvNtNtNtCskWHisZhi9Z4_4koan8builtins6fn_def8finalize9fn_action
FNDA:18,_RNvNtNtNtCsbv2TPaIhNiJ_4koan8builtins6fn_def8finalize21finalize_fn_with_kind
FNDA:1,_RNvNtNtNtCsbv2TPaIhNiJ_4koan8builtins6fn_def8finalize5defer
FNDA:18,_RNvNtNtNtCsbv2TPaIhNiJ_4koan8builtins6fn_def8finalize8classify
FNDA:18,_RNvNtNtNtCsbv2TPaIhNiJ_4koan8builtins6fn_def8finalize9fn_action
FNDA:18,_RNCNvNtNtNtCsbv2TPaIhNiJ_4koan8builtins6fn_def8finalize21finalize_fn_with_kind0B9_
FNDA:1,_RNCNvNtNtNtCsbv2TPaIhNiJ_4koan8builtins6fn_def8finalize5defer0B9_
FNDA:279,_RNCNvNtNtNtCskWHisZhi9Z4_4koan8builtins6fn_def8finalize21finalize_fn_with_kind0B9_
FNDA:91,_RNCNvNtNtNtCskWHisZhi9Z4_4koan8builtins6fn_def8finalize5defer0B9_
FNDA:274,_RNvNtNtNtCskWHisZhi9Z4_4koan8builtins6fn_def8finalize21finalize_fn_with_kind
FNDA:91,_RNvNtNtNtCskWHisZhi9Z4_4koan8builtins6fn_def8finalize5defer
FNDA:276,_RNvNtNtNtCskWHisZhi9Z4_4koan8builtins6fn_def8finalize8classify
FNDA:274,_RNvNtNtNtCskWHisZhi9Z4_4koan8builtins6fn_def8finalize9fn_action
FNF:6
FNH:6
DA:88,294
DA:89,294
DA:90,184
DA:91,184
DA:92,184
DA:93,184
DA:94,18
DA:95,18
DA:96,18
DA:97,18
DA:98,23
DA:100,23
DA:101,23
DA:102,23
DA:103,23
DA:104,23
DA:105,23
DA:106,23
DA:109,61
DA:111,61
DA:112,61
DA:114,61
DA:115,61
DA:116,61
DA:117,61
DA:118,61
DA:119,61
DA:120,61
DA:122,0
DA:124,0
DA:125,0
DA:127,0
DA:128,0
DA:129,0
DA:130,0
DA:131,0
DA:132,0
DA:133,0
DA:134,0
DA:135,0
DA:137,8
DA:139,8
DA:140,8
DA:145,8
DA:146,8
DA:147,8
DA:148,8
DA:149,8
DA:150,8
DA:151,8
DA:153,0
DA:156,0
DA:157,0
DA:158,0
DA:159,0
DA:160,0
DA:161,0
DA:162,0
DA:166,0
DA:167,0
DA:170,0
DA:171,0
DA:174,0
DA:175,0
DA:176,0
DA:177,0
DA:178,0
DA:179,0
DA:180,0
DA:181,0
DA:184,294
DA:192,292
DA:193,292
DA:194,292
DA:195,292
DA:196,292
DA:197,292
DA:198,292
DA:199,292
DA:200,292
DA:203,292
DA:204,23
DA:205,21
DA:206,1
DA:207,1
DA:208,1
DA:209,1
DA:210,1
DA:211,20
DA:212,2
DA:213,269
DA:218,297
DA:219,283
DA:220,14
DA:221,297
DA:223,291
DA:224,291
DA:225,291
DA:226,291
DA:228,291
DA:229,291
DA:230,291
DA:231,291
DA:232,291
DA:233,291
DA:234,291
DA:235,291
DA:236,291
DA:240,291
DA:241,291
DA:242,291
DA:243,291
DA:244,284
DA:245,283
DA:247,1
DA:248,1
DA:249,1
DA:250,1
DA:253,283
DA:254,7
DA:261,288
DA:262,292
DA:266,292
DA:267,292
DA:268,292
DA:269,292
DA:270,288
DA:271,4
DA:273,292
DA:281,92
DA:282,92
DA:283,92
DA:284,92
DA:285,92
DA:286,92
DA:287,92
DA:292,92
DA:293,92
DA:294,92
DA:295,92
DA:296,92
DA:297,92
DA:301,92
DA:302,92
DA:303,92
DA:304,92
DA:305,92
DA:306,92
DA:307,92
DA:308,31
DA:309,31
DA:310,31
DA:311,31
DA:312,31
DA:313,61
DA:314,92
DA:315,92
DA:316,68
DA:317,68
DA:318,68
DA:319,68
DA:320,68
DA:321,68
DA:322,68
DA:323,92
DA:324,92
DA:325,92
DA:326,68
DA:327,68
DA:328,1
DA:329,1
DA:330,1
DA:331,1
DA:332,1
DA:333,67
DA:340,67
DA:341,67
DA:342,67
DA:344,91
DA:345,90
DA:346,91
DA:347,90
DA:348,0
DA:350,90
DA:351,90
DA:352,90
DA:353,0
DA:354,0
DA:357,0
DA:358,0
DA:359,0
DA:360,0
DA:365,90
DA:366,90
DA:367,90
DA:368,90
DA:369,90
DA:370,90
DA:371,90
DA:373,92
DA:374,92
DA:375,92
BRF:0
BRH:0
LF:204
LH:165
end_of_record
SF:/var/home/jack/Code/koan/src/builtins/fn_def/param_refs.rs
FN:23,_RNCNvNtNtNtCsbv2TPaIhNiJ_4koan8builtins6fn_def10param_refs19part_references_any0B9_
FN:32,_RNCNvNtNtNtCsbv2TPaIhNiJ_4koan8builtins6fn_def10param_refs19part_references_anys0_0B9_
FN:39,_RNCNvNtNtNtCsbv2TPaIhNiJ_4koan8builtins6fn_def10param_refs19part_references_anys1_0B9_
FN:30,_RNCNvNtNtNtCsbv2TPaIhNiJ_4koan8builtins6fn_def10param_refs19part_references_anys_0B9_
FN:12,_RNCNvNtNtNtCsbv2TPaIhNiJ_4koan8builtins6fn_def10param_refs24type_expr_references_any0B9_
FN:18,_RNCNvNtNtNtCsbv2TPaIhNiJ_4koan8builtins6fn_def10param_refs26kexpression_references_any0B9_
FN:21,_RNvNtNtNtCsbv2TPaIhNiJ_4koan8builtins6fn_def10param_refs19part_references_any
FN:11,_RNvNtNtNtCsbv2TPaIhNiJ_4koan8builtins6fn_def10param_refs24type_expr_references_any
FN:15,_RNvNtNtNtCsbv2TPaIhNiJ_4koan8builtins6fn_def10param_refs26kexpression_references_any
FN:21,_RNvNtNtNtCskWHisZhi9Z4_4koan8builtins6fn_def10param_refs19part_references_any
FN:11,_RNvNtNtNtCskWHisZhi9Z4_4koan8builtins6fn_def10param_refs24type_expr_references_any
FN:15,_RNvNtNtNtCskWHisZhi9Z4_4koan8builtins6fn_def10param_refs26kexpression_references_any
FN:23,_RNCNvNtNtNtCskWHisZhi9Z4_4koan8builtins6fn_def10param_refs19part_references_any0B9_
FN:32,_RNCNvNtNtNtCskWHisZhi9Z4_4koan8builtins6fn_def10param_refs19part_references_anys0_0B9_
FN:39,_RNCNvNtNtNtCskWHisZhi9Z4_4koan8builtins6fn_def10param_refs19part_references_anys1_0B9_
FN:30,_RNCNvNtNtNtCskWHisZhi9Z4_4koan8builtins6fn_def10param_refs19part_references_anys_0B9_
FN:12,_RNCNvNtNtNtCskWHisZhi9Z4_4koan8builtins6fn_def10param_refs24type_expr_references_any0B9_
FN:18,_RNCNvNtNtNtCskWHisZhi9Z4_4koan8builtins6fn_def10param_refs26kexpression_references_any0B9_
FNDA:0,_RNCNvNtNtNtCsbv2TPaIhNiJ_4koan8builtins6fn_def10param_refs19part_references_any0B9_
FNDA:0,_RNCNvNtNtNtCsbv2TPaIhNiJ_4koan8builtins6fn_def10param_refs19part_references_anys0_0B9_
FNDA:0,_RNCNvNtNtNtCsbv2TPaIhNiJ_4koan8builtins6fn_def10param_refs19part_references_anys1_0B9_
FNDA:0,_RNCNvNtNtNtCsbv2TPaIhNiJ_4koan8builtins6fn_def10param_refs19part_references_anys_0B9_
FNDA:4,_RNCNvNtNtNtCsbv2TPaIhNiJ_4koan8builtins6fn_def10param_refs24type_expr_references_any0B9_
FNDA:6,_RNCNvNtNtNtCsbv2TPaIhNiJ_4koan8builtins6fn_def10param_refs26kexpression_references_any0B9_
FNDA:6,_RNvNtNtNtCsbv2TPaIhNiJ_4koan8builtins6fn_def10param_refs19part_references_any
FNDA:4,_RNvNtNtNtCsbv2TPaIhNiJ_4koan8builtins6fn_def10param_refs24type_expr_references_any
FNDA:2,_RNvNtNtNtCsbv2TPaIhNiJ_4koan8builtins6fn_def10param_refs26kexpression_references_any
FNDA:145,_RNvNtNtNtCskWHisZhi9Z4_4koan8builtins6fn_def10param_refs19part_references_any
FNDA:67,_RNvNtNtNtCskWHisZhi9Z4_4koan8builtins6fn_def10param_refs24type_expr_references_any
FNDA:52,_RNvNtNtNtCskWHisZhi9Z4_4koan8builtins6fn_def10param_refs26kexpression_references_any
FNDA:8,_RNCNvNtNtNtCskWHisZhi9Z4_4koan8builtins6fn_def10param_refs19part_references_any0B9_
FNDA:1,_RNCNvNtNtNtCskWHisZhi9Z4_4koan8builtins6fn_def10param_refs19part_references_anys0_0B9_
FNDA:5,_RNCNvNtNtNtCskWHisZhi9Z4_4koan8builtins6fn_def10param_refs19part_references_anys1_0B9_
FNDA:1,_RNCNvNtNtNtCskWHisZhi9Z4_4koan8builtins6fn_def10param_refs19part_references_anys_0B9_
FNDA:51,_RNCNvNtNtNtCskWHisZhi9Z4_4koan8builtins6fn_def10param_refs24type_expr_references_any0B9_
FNDA:137,_RNCNvNtNtNtCskWHisZhi9Z4_4koan8builtins6fn_def10param_refs26kexpression_references_any0B9_
FNF:9
FNH:9
DA:11,71
DA:12,71
DA:13,71
DA:15,54
DA:16,54
DA:17,54
DA:18,143
DA:19,54
DA:21,151
DA:22,151
DA:23,10
DA:24,56
DA:25,9
DA:26,1
DA:28,0
DA:29,1
DA:30,1
DA:32,1
DA:33,1
DA:34,1
DA:37,4
DA:38,4
DA:39,5
DA:40,69
DA:42,151
BRF:0
BRH:0
LF:31
LH:30
end_of_record
SF:/var/home/jack/Code/koan/src/builtins/fn_def/return_type.rs
FN:231,_RNCNvNtNtNtCsbv2TPaIhNiJ_4koan8builtins6fn_def11return_type25resolve_capture_at_finish0B9_
FN:191,_RNCNvNtNtNtCsbv2TPaIhNiJ_4koan8builtins6fn_def11return_type31verdict_for_deferred_expression0B9_
FN:215,_RNvNtNtNtCsbv2TPaIhNiJ_4koan8builtins6fn_def11return_type12make_capture
FN:91,_RNvNtNtNtCsbv2TPaIhNiJ_4koan8builtins6fn_def11return_type20classify_return_type
FN:150,_RNvNtNtNtCsbv2TPaIhNiJ_4koan8builtins6fn_def11return_type20verdict_for_resolved
FN:58,_RNvNtNtNtCsbv2TPaIhNiJ_4koan8builtins6fn_def11return_type23extract_return_type_raw
FN:222,_RNvNtNtNtCsbv2TPaIhNiJ_4koan8builtins6fn_def11return_type25resolve_capture_at_finish
FN:165,_RNvNtNtNtCsbv2TPaIhNiJ_4koan8builtins6fn_def11return_type30verdict_for_deferred_type_expr
FN:190,_RNvNtNtNtCsbv2TPaIhNiJ_4koan8builtins6fn_def11return_type31verdict_for_deferred_expression
FN:215,_RNvNtNtNtCskWHisZhi9Z4_4koan8builtins6fn_def11return_type12make_capture
FN:91,_RNvNtNtNtCskWHisZhi9Z4_4koan8builtins6fn_def11return_type20classify_return_type
FN:150,_RNvNtNtNtCskWHisZhi9Z4_4koan8builtins6fn_def11return_type20verdict_for_resolved
FN:58,_RNvNtNtNtCskWHisZhi9Z4_4koan8builtins6fn_def11return_type23extract_return_type_raw
FN:222,_RNvNtNtNtCskWHisZhi9Z4_4koan8builtins6fn_def11return_type25resolve_capture_at_finish
FN:165,_RNvNtNtNtCskWHisZhi9Z4_4koan8builtins6fn_def11return_type30verdict_for_deferred_type_expr
FN:190,_RNvNtNtNtCskWHisZhi9Z4_4koan8builtins6fn_def11return_type31verdict_for_deferred_expression
FN:231,_RNCNvNtNtNtCskWHisZhi9Z4_4koan8builtins6fn_def11return_type25resolve_capture_at_finish0B9_
FN:191,_RNCNvNtNtNtCskWHisZhi9Z4_4koan8builtins6fn_def11return_type31verdict_for_deferred_expression0B9_
FNDA:0,_RNCNvNtNtNtCsbv2TPaIhNiJ_4koan8builtins6fn_def11return_type25resolve_capture_at_finish0B9_
FNDA:0,_RNCNvNtNtNtCsbv2TPaIhNiJ_4koan8builtins6fn_def11return_type31verdict_for_deferred_expression0B9_
FNDA:0,_RNvNtNtNtCsbv2TPaIhNiJ_4koan8builtins6fn_def11return_type12make_capture
FNDA:18,_RNvNtNtNtCsbv2TPaIhNiJ_4koan8builtins6fn_def11return_type20classify_return_type
FNDA:17,_RNvNtNtNtCsbv2TPaIhNiJ_4koan8builtins6fn_def11return_type20verdict_for_resolved
FNDA:18,_RNvNtNtNtCsbv2TPaIhNiJ_4koan8builtins6fn_def11return_type23extract_return_type_raw
FNDA:1,_RNvNtNtNtCsbv2TPaIhNiJ_4koan8builtins6fn_def11return_type25resolve_capture_at_finish
FNDA:0,_RNvNtNtNtCsbv2TPaIhNiJ_4koan8builtins6fn_def11return_type30verdict_for_deferred_type_expr
FNDA:0,_RNvNtNtNtCsbv2TPaIhNiJ_4koan8builtins6fn_def11return_type31verdict_for_deferred_expression
FNDA:0,_RNvNtNtNtCskWHisZhi9Z4_4koan8builtins6fn_def11return_type12make_capture
FNDA:285,_RNvNtNtNtCskWHisZhi9Z4_4koan8builtins6fn_def11return_type20classify_return_type
FNDA:233,_RNvNtNtNtCskWHisZhi9Z4_4koan8builtins6fn_def11return_type20verdict_for_resolved
FNDA:285,_RNvNtNtNtCskWHisZhi9Z4_4koan8builtins6fn_def11return_type23extract_return_type_raw
FNDA:90,_RNvNtNtNtCskWHisZhi9Z4_4koan8builtins6fn_def11return_type25resolve_capture_at_finish
FNDA:2,_RNvNtNtNtCskWHisZhi9Z4_4koan8builtins6fn_def11return_type30verdict_for_deferred_type_expr
FNDA:1,_RNvNtNtNtCskWHisZhi9Z4_4koan8builtins6fn_def11return_type31verdict_for_deferred_expression
FNDA:0,_RNCNvNtNtNtCskWHisZhi9Z4_4koan8builtins6fn_def11return_type25resolve_capture_at_finish0B9_
FNDA:1,_RNCNvNtNtNtCskWHisZhi9Z4_4koan8builtins6fn_def11return_type31verdict_for_deferred_expression0B9_
FNF:9
FNH:7
DA:58,303
DA:60,303
DA:61,259
DA:62,15
DA:63,244
DA:65,44
DA:66,44
DA:68,0
DA:69,0
DA:70,0
DA:71,0
DA:73,303
DA:91,303
DA:92,303
DA:93,303
DA:94,303
DA:95,303
DA:96,303
DA:97,303
DA:98,303
DA:99,244
DA:100,244
DA:101,244
DA:103,15
DA:104,15
DA:105,6
DA:106,2
DA:107,4
DA:109,6
DA:110,9
DA:113,9
DA:114,6
DA:115,0
DA:118,3
DA:119,3
DA:122,6
DA:123,6
DA:124,6
DA:126,0
DA:128,6
DA:130,44
DA:131,44
DA:132,13
DA:133,1
DA:134,12
DA:136,13
DA:137,13
DA:138,13
DA:139,13
DA:141,31
DA:142,31
DA:143,31
DA:144,31
DA:148,303
DA:150,250
DA:151,250
DA:152,249
DA:154,1
DA:155,1
DA:156,1
DA:157,1
DA:159,250
DA:165,2
DA:166,2
DA:167,2
DA:168,2
DA:171,2
DA:172,2
DA:173,2
DA:175,0
DA:176,0
DA:177,0
DA:178,0
DA:179,0
DA:180,0
DA:183,0
DA:185,2
DA:190,1
DA:191,1
DA:192,1
DA:193,0
DA:194,1
DA:195,1
DA:196,1
DA:197,1
DA:198,1
DA:199,1
DA:200,1
DA:201,1
DA:202,1
DA:203,0
DA:204,0
DA:205,0
DA:206,0
DA:207,0
DA:208,0
DA:209,0
DA:210,0
DA:211,0
DA:213,1
DA:215,0
DA:216,0
DA:217,0
DA:222,91
DA:223,91
DA:224,91
DA:225,91
DA:226,91
DA:227,91
DA:228,60
DA:229,0
DA:230,0
DA:231,0
DA:232,0
DA:233,0
DA:234,0
DA:236,0
DA:237,31
DA:238,31
DA:246,30
DA:247,30
DA:250,91
BRF:0
BRH:0
LF:124
LH:90
end_of_record
SF:/var/home/jack/Code/koan/src/builtins/fn_def/signature.rs
FN:194,_RNvNtNtNtCsbv2TPaIhNiJ_4koan8builtins6fn_def9signature13binder_bucket
FN:62,_RNvNtNtNtCsbv2TPaIhNiJ_4koan8builtins6fn_def9signature19parse_fn_param_list
FN:252,_RNvNtNtNtCsbv2TPaIhNiJ_4koan8builtins6fn_def9signature19signature_expr_part
FN:12,_RNvNtNtNtCsbv2TPaIhNiJ_4koan8builtins6fn_def9signature34collect_param_names_from_signature
FN:209,_RNCNvNtNtNtCsbv2TPaIhNiJ_4koan8builtins6fn_def9signature13binder_bucket0B9_
FN:227,_RNCNvNtNtNtCsbv2TPaIhNiJ_4koan8builtins6fn_def9signature13binder_buckets_0B9_
FN:194,_RNvNtNtNtCskWHisZhi9Z4_4koan8builtins6fn_def9signature13binder_bucket
FN:62,_RNvNtNtNtCskWHisZhi9Z4_4koan8builtins6fn_def9signature19parse_fn_param_list
FN:252,_RNvNtNtNtCskWHisZhi9Z4_4koan8builtins6fn_def9signature19signature_expr_part
FN:12,_RNvNtNtNtCskWHisZhi9Z4_4koan8builtins6fn_def9signature34collect_param_names_from_signature
FN:209,_RNCNvNtNtNtCskWHisZhi9Z4_4koan8builtins6fn_def9signature13binder_bucket0B9_
FN:227,_RNCNvNtNtNtCskWHisZhi9Z4_4koan8builtins6fn_def9signature13binder_buckets_0B9_
FNDA:36,_RNvNtNtNtCsbv2TPaIhNiJ_4koan8builtins6fn_def9signature13binder_bucket
FNDA:19,_RNvNtNtNtCsbv2TPaIhNiJ_4koan8builtins6fn_def9signature19parse_fn_param_list
FNDA:36,_RNvNtNtNtCsbv2TPaIhNiJ_4koan8builtins6fn_def9signature19signature_expr_part
FNDA:18,_RNvNtNtNtCsbv2TPaIhNiJ_4koan8builtins6fn_def9signature34collect_param_names_from_signature
FNDA:30,_RNCNvNtNtNtCsbv2TPaIhNiJ_4koan8builtins6fn_def9signature13binder_bucket0B9_
FNDA:10,_RNCNvNtNtNtCsbv2TPaIhNiJ_4koan8builtins6fn_def9signature13binder_buckets_0B9_
FNDA:565,_RNvNtNtNtCskWHisZhi9Z4_4koan8builtins6fn_def9signature13binder_bucket
FNDA:362,_RNvNtNtNtCskWHisZhi9Z4_4koan8builtins6fn_def9signature19parse_fn_param_list
FNDA:565,_RNvNtNtNtCskWHisZhi9Z4_4koan8builtins6fn_def9signature19signature_expr_part
FNDA:278,_RNvNtNtNtCskWHisZhi9Z4_4koan8builtins6fn_def9signature34collect_param_names_from_signature
FNDA:359,_RNCNvNtNtNtCskWHisZhi9Z4_4koan8builtins6fn_def9signature13binder_bucket0B9_
FNDA:62,_RNCNvNtNtNtCskWHisZhi9Z4_4koan8builtins6fn_def9signature13binder_buckets_0B9_
FNF:6
FNH:6
DA:12,296
DA:13,296
DA:14,296
DA:15,296
DA:16,829
DA:17,533
DA:18,199
DA:19,36
DA:20,298
DA:22,533
DA:23,235
DA:24,235
DA:25,233
DA:32,235
DA:33,233
DA:34,233
DA:35,233
DA:36,2
DA:37,298
DA:38,300
DA:40,296
DA:41,296
DA:62,381
DA:63,381
DA:64,381
DA:65,381
DA:66,381
DA:67,381
DA:68,381
DA:69,381
DA:70,381
DA:71,381
DA:72,1071
DA:75,692
DA:76,272
DA:77,37
DA:78,383
DA:80,692
DA:81,383
DA:82,383
DA:83,383
DA:84,383
DA:85,309
DA:86,309
DA:87,307
DA:88,172
DA:89,172
DA:90,169
DA:91,169
DA:92,169
DA:93,169
DA:94,169
DA:95,169
DA:96,1
DA:97,1
DA:98,1
DA:99,2
DA:100,2
DA:101,2
DA:102,2
DA:103,0
DA:105,172
DA:107,1
DA:108,1
DA:109,1
DA:110,1
DA:111,55
DA:112,55
DA:113,55
DA:114,55
DA:115,55
DA:116,55
DA:117,55
DA:118,55
DA:119,55
DA:120,55
DA:121,12
DA:122,12
DA:123,12
DA:124,12
DA:125,12
DA:126,12
DA:127,12
DA:128,12
DA:129,12
DA:130,67
DA:134,67
DA:135,67
DA:136,67
DA:137,67
DA:138,67
DA:139,67
DA:140,67
DA:141,67
DA:142,0
DA:143,0
DA:144,0
DA:145,0
DA:146,0
DA:147,0
DA:148,0
DA:153,2
DA:154,2
DA:155,2
DA:156,2
DA:160,0
DA:161,0
DA:162,0
DA:163,0
DA:164,0
DA:166,0
DA:167,0
DA:168,0
DA:169,0
DA:170,0
DA:174,379
DA:175,2
DA:176,377
DA:177,377
DA:178,69
DA:179,69
DA:180,69
DA:181,69
DA:182,308
DA:183,308
DA:184,381
DA:194,601
DA:195,601
DA:196,601
DA:198,601
DA:199,585
DA:200,585
DA:201,585
DA:202,1639
DA:203,1054
DA:204,589
DA:205,589
DA:206,589
DA:207,589
DA:209,393
DA:210,0
DA:211,389
DA:218,389
DA:219,393
DA:220,389
DA:221,389
DA:222,389
DA:223,4
DA:224,4
DA:227,72
DA:228,0
DA:229,72
DA:236,72
DA:237,72
DA:238,72
DA:239,72
DA:240,72
DA:241,0
DA:242,0
DA:244,0
DA:245,0
DA:246,0
DA:249,585
DA:250,601
DA:252,601
DA:253,601
DA:254,601
DA:255,585
DA:256,16
DA:258,601
BRF:0
BRH:0
LF:172
LH:147
end_of_record
SF:/var/home/jack/Code/koan/src/builtins/functor_def.rs
FN:23,_RNvNtNtCsbv2TPaIhNiJ_4koan8builtins11functor_def4body
FN:29,_RNvNtNtCsbv2TPaIhNiJ_4koan8builtins11functor_def8register
FN:34,_RNCNvNtNtCsbv2TPaIhNiJ_4koan8builtins11functor_def8register0B7_
FN:49,_RNCNvNtNtCsbv2TPaIhNiJ_4koan8builtins11functor_def8registers_0B7_
FN:34,_RNCNvNtNtCskWHisZhi9Z4_4koan8builtins11functor_def8register0B7_
FN:49,_RNCNvNtNtCskWHisZhi9Z4_4koan8builtins11functor_def8registers_0B7_
FN:23,_RNvNtNtCskWHisZhi9Z4_4koan8builtins11functor_def4body
FN:29,_RNvNtNtCskWHisZhi9Z4_4koan8builtins11functor_def8register
FNDA:7,_RNvNtNtCsbv2TPaIhNiJ_4koan8builtins11functor_def4body
FNDA:43,_RNvNtNtCsbv2TPaIhNiJ_4koan8builtins11functor_def8register
FNDA:43,_RNCNvNtNtCsbv2TPaIhNiJ_4koan8builtins11functor_def8register0B7_
FNDA:43,_RNCNvNtNtCsbv2TPaIhNiJ_4koan8builtins11functor_def8registers_0B7_
FNDA:519,_RNCNvNtNtCskWHisZhi9Z4_4koan8builtins11functor_def8register0B7_
FNDA:519,_RNCNvNtNtCskWHisZhi9Z4_4koan8builtins11functor_def8registers_0B7_
FNDA:18,_RNvNtNtCskWHisZhi9Z4_4koan8builtins11functor_def4body
FNDA:519,_RNvNtNtCskWHisZhi9Z4_4koan8builtins11functor_def8register
FNF:4
FNH:4
DA:23,25
DA:24,25
DA:25,25
DA:26,25
DA:27,25
DA:29,562
DA:34,562
DA:35,562
DA:36,562
DA:37,562
DA:38,562
DA:39,562
DA:40,562
DA:41,562
DA:42,562
DA:43,562
DA:46,562
DA:49,562
DA:50,562
DA:51,562
DA:52,562
DA:53,562
DA:54,562
DA:55,562
DA:56,562
DA:57,562
DA:58,562
DA:61,562
DA:63,562
DA:64,562
DA:65,562
DA:66,562
DA:67,562
DA:68,562
DA:69,562
DA:70,562
DA:73,562
DA:74,562
DA:75,562
DA:76,562
DA:77,562
DA:78,562
DA:79,562
DA:82,562
BRF:0
BRH:0
LF:46
LH:46
end_of_record
SF:/var/home/jack/Code/koan/src/builtins/let_binding.rs
FN:206,_RNvNtNtCsbv2TPaIhNiJ_4koan8builtins11let_binding11binder_name
FN:185,_RNvNtNtCsbv2TPaIhNiJ_4koan8builtins11let_binding21capitalize_identifier
FN:14,_RNvNtNtCsbv2TPaIhNiJ_4koan8builtins11let_binding4body
FN:213,_RNvNtNtCsbv2TPaIhNiJ_4koan8builtins11let_binding8register
FN:20,_RNCNvNtNtCsbv2TPaIhNiJ_4koan8builtins11let_binding4body0B7_
FN:151,_RNCNvNtNtCsbv2TPaIhNiJ_4koan8builtins11let_binding4bodys0_0B7_
FN:110,_RNCNvNtNtCsbv2TPaIhNiJ_4koan8builtins11let_binding4bodys_0B7_
FN:214,_RNCNvNtNtCsbv2TPaIhNiJ_4koan8builtins11let_binding8register0B7_
FN:225,_RNCNvNtNtCsbv2TPaIhNiJ_4koan8builtins11let_binding8registers_0B7_
FN:206,_RNvNtNtCskWHisZhi9Z4_4koan8builtins11let_binding11binder_name
FN:185,_RNvNtNtCskWHisZhi9Z4_4koan8builtins11let_binding21capitalize_identifier
FN:14,_RNvNtNtCskWHisZhi9Z4_4koan8builtins11let_binding4body
FN:213,_RNvNtNtCskWHisZhi9Z4_4koan8builtins11let_binding8register
FN:20,_RNCNvNtNtCskWHisZhi9Z4_4koan8builtins11let_binding4body0B7_
FN:151,_RNCNvNtNtCskWHisZhi9Z4_4koan8builtins11let_binding4bodys0_0B7_
FN:110,_RNCNvNtNtCskWHisZhi9Z4_4koan8builtins11let_binding4bodys_0B7_
FN:214,_RNCNvNtNtCskWHisZhi9Z4_4koan8builtins11let_binding8register0B7_
FN:225,_RNCNvNtNtCskWHisZhi9Z4_4koan8builtins11let_binding8registers_0B7_
FNDA:126,_RNvNtNtCsbv2TPaIhNiJ_4koan8builtins11let_binding11binder_name
FNDA:0,_RNvNtNtCsbv2TPaIhNiJ_4koan8builtins11let_binding21capitalize_identifier
FNDA:59,_RNvNtNtCsbv2TPaIhNiJ_4koan8builtins11let_binding4body
FNDA:43,_RNvNtNtCsbv2TPaIhNiJ_4koan8builtins11let_binding8register
FNDA:0,_RNCNvNtNtCsbv2TPaIhNiJ_4koan8builtins11let_binding4body0B7_
FNDA:10,_RNCNvNtNtCsbv2TPaIhNiJ_4koan8builtins11let_binding4bodys0_0B7_
FNDA:22,_RNCNvNtNtCsbv2TPaIhNiJ_4koan8builtins11let_binding4bodys_0B7_
FNDA:43,_RNCNvNtNtCsbv2TPaIhNiJ_4koan8builtins11let_binding8register0B7_
FNDA:43,_RNCNvNtNtCsbv2TPaIhNiJ_4koan8builtins11let_binding8registers_0B7_
FNDA:839,_RNvNtNtCskWHisZhi9Z4_4koan8builtins11let_binding11binder_name
FNDA:4,_RNvNtNtCskWHisZhi9Z4_4koan8builtins11let_binding21capitalize_identifier
FNDA:396,_RNvNtNtCskWHisZhi9Z4_4koan8builtins11let_binding4body
FNDA:519,_RNvNtNtCskWHisZhi9Z4_4koan8builtins11let_binding8register
FNDA:12,_RNCNvNtNtCskWHisZhi9Z4_4koan8builtins11let_binding4body0B7_
FNDA:138,_RNCNvNtNtCskWHisZhi9Z4_4koan8builtins11let_binding4bodys0_0B7_
FNDA:112,_RNCNvNtNtCskWHisZhi9Z4_4koan8builtins11let_binding4bodys_0B7_
FNDA:519,_RNCNvNtNtCskWHisZhi9Z4_4koan8builtins11let_binding8register0B7_
FNDA:519,_RNCNvNtNtCskWHisZhi9Z4_4koan8builtins11let_binding8registers_0B7_
FNF:9
FNH:9
DA:14,455
DA:15,455
DA:16,455
DA:20,455
DA:21,455
DA:22,455
DA:23,455
DA:24,0
DA:26,455
DA:27,455
DA:28,317
DA:29,317
DA:30,3
DA:31,1
DA:32,1
DA:33,1
DA:35,3
DA:36,3
DA:37,3
DA:38,3
DA:39,3
DA:40,3
DA:41,3
DA:42,3
DA:43,314
DA:44,314
DA:46,138
DA:47,138
DA:48,137
DA:55,1
DA:56,1
DA:57,1
DA:58,1
DA:60,0
DA:62,134
DA:63,128
DA:64,9
DA:65,3
DA:66,3
DA:67,3
DA:68,3
DA:69,3
DA:72,134
DA:74,0
DA:75,0
DA:76,0
DA:77,0
DA:78,0
DA:79,0
DA:81,0
DA:83,448
DA:84,2
DA:85,2
DA:86,2
DA:87,2
DA:88,446
DA:89,446
DA:90,134
DA:91,6
DA:92,6
DA:93,6
DA:94,4
DA:96,134
DA:97,28
DA:98,28
DA:99,28
DA:100,28
DA:102,106
DA:108,134
DA:109,134
DA:110,134
DA:111,134
DA:112,134
DA:113,134
DA:114,134
DA:116,0
DA:117,134
DA:120,134
DA:121,134
DA:122,0
DA:124,134
DA:125,134
DA:126,134
DA:127,134
DA:129,312
DA:130,312
DA:131,312
DA:132,25
DA:133,1
DA:134,1
DA:135,1
DA:136,1
DA:137,1
DA:138,1
DA:139,311
DA:149,311
DA:150,311
DA:151,311
DA:152,311
DA:153,311
DA:154,311
DA:155,311
DA:157,311
DA:158,0
DA:160,311
DA:161,1
DA:162,1
DA:163,1
DA:164,1
DA:165,1
DA:166,310
DA:167,310
DA:168,1
DA:169,309
DA:173,309
DA:174,309
DA:175,309
DA:176,309
DA:177,309
DA:179,455
DA:185,4
DA:186,4
DA:187,4
DA:188,4
DA:189,4
DA:190,4
DA:191,4
DA:192,4
DA:194,0
DA:196,4
DA:206,965
DA:207,965
DA:208,822
DA:209,143
DA:211,965
DA:213,562
DA:214,562
DA:215,562
DA:216,562
DA:217,562
DA:218,562
DA:219,562
DA:220,562
DA:221,562
DA:224,562
DA:225,562
DA:226,562
DA:227,562
DA:228,562
DA:229,562
DA:230,562
DA:231,562
DA:232,562
DA:235,562
DA:236,562
DA:237,562
DA:238,562
DA:239,562
DA:240,562
DA:241,562
DA:242,562
DA:245,562
DA:246,562
DA:247,562
DA:248,562
DA:249,562
DA:250,562
DA:251,562
DA:254,562
BRF:0
BRH:0
LF:174
LH:161
end_of_record
SF:/var/home/jack/Code/koan/src/builtins/match_case.rs
FN:62,_RNCNvNtNtCsbv2TPaIhNiJ_4koan8builtins10match_case4body0B7_
FN:65,_RNCNvNtNtCsbv2TPaIhNiJ_4koan8builtins10match_case4bodys_0B7_
FN:22,_RNvNtNtCsbv2TPaIhNiJ_4koan8builtins10match_case4body
FN:75,_RNvNtNtCsbv2TPaIhNiJ_4koan8builtins10match_case8register
FN:98,_RNvNtNtNtCskWHisZhi9Z4_4koan8builtins10match_case5tests11run_program
FN:137,_RNvNtNtNtCskWHisZhi9Z4_4koan8builtins10match_case5testss_25match_inexhaustive_errors
FN:117,_RNvNtNtNtCskWHisZhi9Z4_4koan8builtins10match_case5testss_29match_binds_inner_value_to_it
FN:213,_RNvNtNtNtCskWHisZhi9Z4_4koan8builtins10match_case5testss_29recursive_tagged_match_no_uaf
FN:228,_RNvNtNtNtCskWHisZhi9Z4_4koan8builtins10match_case5testss_33match_on_bool_inexhaustive_errors
FN:197,_RNvNtNtNtCskWHisZhi9Z4_4koan8builtins10match_case5testss_36match_on_bool_true_takes_true_branch
FN:127,_RNvNtNtNtCskWHisZhi9Z4_4koan8builtins10match_case5testss_37match_does_not_run_unmatched_branches
FN:205,_RNvNtNtNtCskWHisZhi9Z4_4koan8builtins10match_case5testss_38match_on_bool_false_takes_false_branch
FN:107,_RNvNtNtNtCskWHisZhi9Z4_4koan8builtins10match_case5testss_40match_dispatches_branch_for_matching_tag
FN:187,_RNvNtNtNtCskWHisZhi9Z4_4koan8builtins10match_case5testss_40match_other_branch_runs_when_tag_matches
FN:155,_RNvNtNtNtCskWHisZhi9Z4_4koan8builtins10match_case5testss_47match_arm_violating_declared_return_type_errors
FN:242,_RNvNtNtNtCskWHisZhi9Z4_4koan8builtins10match_case5testss_47multi_statement_match_branch_returns_last_value
FN:174,_RNvNtNtNtCskWHisZhi9Z4_4koan8builtins10match_case5testss_54match_value_is_admissible_against_declared_return_slot
FN:257,_RNvNtNtNtCskWHisZhi9Z4_4koan8builtins10match_case5testss_59fn_recursion_with_multi_statement_body_via_match_terminates
FN:62,_RNCNvNtNtCskWHisZhi9Z4_4koan8builtins10match_case4body0B7_
FN:65,_RNCNvNtNtCskWHisZhi9Z4_4koan8builtins10match_case4bodys_0B7_
FN:22,_RNvNtNtCskWHisZhi9Z4_4koan8builtins10match_case4body
FN:75,_RNvNtNtCskWHisZhi9Z4_4koan8builtins10match_case8register
FNDA:0,_RNCNvNtNtCsbv2TPaIhNiJ_4koan8builtins10match_case4body0B7_
FNDA:0,_RNCNvNtNtCsbv2TPaIhNiJ_4koan8builtins10match_case4bodys_0B7_
FNDA:0,_RNvNtNtCsbv2TPaIhNiJ_4koan8builtins10match_case4body
FNDA:43,_RNvNtNtCsbv2TPaIhNiJ_4koan8builtins10match_case8register
FNDA:10,_RNvNtNtNtCskWHisZhi9Z4_4koan8builtins10match_case5tests11run_program
FNDA:1,_RNvNtNtNtCskWHisZhi9Z4_4koan8builtins10match_case5testss_25match_inexhaustive_errors
FNDA:1,_RNvNtNtNtCskWHisZhi9Z4_4koan8builtins10match_case5testss_29match_binds_inner_value_to_it
FNDA:1,_RNvNtNtNtCskWHisZhi9Z4_4koan8builtins10match_case5testss_29recursive_tagged_match_no_uaf
FNDA:1,_RNvNtNtNtCskWHisZhi9Z4_4koan8builtins10match_case5testss_33match_on_bool_inexhaustive_errors
FNDA:1,_RNvNtNtNtCskWHisZhi9Z4_4koan8builtins10match_case5testss_36match_on_bool_true_takes_true_branch
FNDA:1,_RNvNtNtNtCskWHisZhi9Z4_4koan8builtins10match_case5testss_37match_does_not_run_unmatched_branches
FNDA:1,_RNvNtNtNtCskWHisZhi9Z4_4koan8builtins10match_case5testss_38match_on_bool_false_takes_false_branch
FNDA:1,_RNvNtNtNtCskWHisZhi9Z4_4koan8builtins10match_case5testss_40match_dispatches_branch_for_matching_tag
FNDA:1,_RNvNtNtNtCskWHisZhi9Z4_4koan8builtins10match_case5testss_40match_other_branch_runs_when_tag_matches
FNDA:1,_RNvNtNtNtCskWHisZhi9Z4_4koan8builtins10match_case5testss_47match_arm_violating_declared_return_type_errors
FNDA:1,_RNvNtNtNtCskWHisZhi9Z4_4koan8builtins10match_case5testss_47multi_statement_match_branch_returns_last_value
FNDA:1,_RNvNtNtNtCskWHisZhi9Z4_4koan8builtins10match_case5testss_54match_value_is_admissible_against_declared_return_slot
FNDA:1,_RNvNtNtNtCskWHisZhi9Z4_4koan8builtins10match_case5testss_59fn_recursion_with_multi_statement_body_via_match_terminates
FNDA:86,_RNCNvNtNtCskWHisZhi9Z4_4koan8builtins10match_case4body0B7_
FNDA:92,_RNCNvNtNtCskWHisZhi9Z4_4koan8builtins10match_case4bodys_0B7_
FNDA:95,_RNvNtNtCskWHisZhi9Z4_4koan8builtins10match_case4body
FNDA:519,_RNvNtNtCskWHisZhi9Z4_4koan8builtins10match_case8register
FNF:18
FNH:18
DA:22,95
DA:23,95
DA:24,95
DA:28,95
DA:29,88
DA:30,7
DA:31,7
DA:32,7
DA:34,0
DA:35,0
DA:36,0
DA:37,0
DA:38,0
DA:39,0
DA:42,0
DA:43,0
DA:44,0
DA:47,95
DA:48,95
DA:49,95
DA:50,92
DA:52,3
DA:53,3
DA:54,3
DA:55,3
DA:57,0
DA:62,92
DA:63,92
DA:64,92
DA:65,92
DA:66,92
DA:67,92
DA:68,92
DA:69,92
DA:70,92
DA:71,92
DA:73,95
DA:75,562
DA:76,562
DA:77,562
DA:78,562
DA:79,562
DA:80,562
DA:81,562
DA:82,562
DA:83,562
DA:84,562
DA:87,562
DA:88,562
DA:98,10
DA:99,10
DA:100,10
DA:101,10
DA:102,10
DA:103,10
DA:104,10
DA:107,1
DA:108,1
DA:109,1
DA:110,1
DA:111,1
DA:113,1
DA:114,1
DA:117,1
DA:118,1
DA:119,1
DA:120,1
DA:121,1
DA:123,1
DA:124,1
DA:127,1
DA:128,1
DA:129,1
DA:130,1
DA:131,1
DA:133,1
DA:134,1
DA:137,1
DA:138,1
DA:139,1
DA:140,1
DA:141,1
DA:142,1
DA:144,1
DA:145,1
DA:146,1
DA:148,1
DA:149,1
DA:152,1
DA:155,1
DA:156,1
DA:157,1
DA:158,1
DA:159,1
DA:160,1
DA:163,1
DA:164,1
DA:165,1
DA:167,1
DA:168,1
DA:171,1
DA:174,1
DA:177,1
DA:178,1
DA:179,1
DA:180,1
DA:181,1
DA:183,1
DA:184,1
DA:187,1
DA:188,1
DA:189,1
DA:190,1
DA:191,1
DA:193,1
DA:194,1
DA:197,1
DA:198,1
DA:199,1
DA:201,1
DA:202,1
DA:205,1
DA:206,1
DA:207,1
DA:209,1
DA:210,1
DA:213,1
DA:216,1
DA:217,1
DA:218,1
DA:219,1
DA:220,1
DA:221,1
DA:222,1
DA:224,1
DA:225,1
DA:228,1
DA:229,1
DA:230,1
DA:231,1
DA:232,1
DA:233,1
DA:235,1
DA:236,1
DA:239,1
DA:242,1
DA:243,1
DA:244,1
DA:245,1
DA:246,1
DA:247,1
DA:248,1
DA:249,1
DA:251,1
DA:252,1
DA:253,1
DA:254,1
DA:257,1
DA:258,1
DA:259,1
DA:260,1
DA:261,1
DA:262,1
DA:263,1
DA:264,1
DA:265,1
DA:266,1
DA:267,1
DA:269,1
DA:270,1
DA:271,1
BRF:0
BRH:0
LF:173
LH:163
end_of_record
SF:/var/home/jack/Code/koan/src/builtins/module_def.rs
FN:22,_RNvNtNtCsbv2TPaIhNiJ_4koan8builtins10module_def4body
FN:101,_RNvNtNtCsbv2TPaIhNiJ_4koan8builtins10module_def8register
FN:42,_RNCNvNtNtCsbv2TPaIhNiJ_4koan8builtins10module_def4body0B7_
FN:133,_RNvNtNtNtCskWHisZhi9Z4_4koan8builtins10module_def5tests14resolve_module
FN:195,_RNvNtNtNtCskWHisZhi9Z4_4koan8builtins10module_def5testss_28module_unknown_member_errors
FN:163,_RNvNtNtNtCskWHisZhi9Z4_4koan8builtins10module_def5testss_29module_member_access_via_attr
FN:141,_RNvNtNtNtCskWHisZhi9Z4_4koan8builtins10module_def5testss_32binder_name_extracts_module_name
FN:148,_RNvNtNtNtCskWHisZhi9Z4_4koan8builtins10module_def5testss_32module_binds_under_name_in_scope
FN:181,_RNvNtNtNtCskWHisZhi9Z4_4koan8builtins10module_def5testss_33module_member_function_via_let_fn
FN:273,_RNvNtNtNtCskWHisZhi9Z4_4koan8builtins10module_def5testss_36module_body_dispatch_does_not_dangle
FN:219,_RNvNtNtNtCskWHisZhi9Z4_4koan8builtins10module_def5testss_38module_body_parks_on_outer_placeholder
FN:229,_RNvNtNtNtCskWHisZhi9Z4_4koan8builtins10module_def5testss_41module_body_error_short_circuits_finalize
FN:172,_RNvNtNtNtCskWHisZhi9Z4_4koan8builtins10module_def5testss_41module_with_multiple_statements_in_parens
FN:208,_RNvNtNtNtCskWHisZhi9Z4_4koan8builtins10module_def5testss_41nested_module_accessible_via_chained_attr
FN:243,_RNvNtNtNtCskWHisZhi9Z4_4koan8builtins10module_def5testss_50module_finalize_short_circuits_on_idempotent_state
FN:42,_RNCNvNtNtCskWHisZhi9Z4_4koan8builtins10module_def4body0B7_
FN:22,_RNvNtNtCskWHisZhi9Z4_4koan8builtins10module_def4body
FN:101,_RNvNtNtCskWHisZhi9Z4_4koan8builtins10module_def8register
FNDA:21,_RNvNtNtCsbv2TPaIhNiJ_4koan8builtins10module_def4body
FNDA:43,_RNvNtNtCsbv2TPaIhNiJ_4koan8builtins10module_def8register
FNDA:20,_RNCNvNtNtCsbv2TPaIhNiJ_4koan8builtins10module_def4body0B7_
FNDA:3,_RNvNtNtNtCskWHisZhi9Z4_4koan8builtins10module_def5tests14resolve_module
FNDA:1,_RNvNtNtNtCskWHisZhi9Z4_4koan8builtins10module_def5testss_28module_unknown_member_errors
FNDA:1,_RNvNtNtNtCskWHisZhi9Z4_4koan8builtins10module_def5testss_29module_member_access_via_attr
FNDA:1,_RNvNtNtNtCskWHisZhi9Z4_4koan8builtins10module_def5testss_32binder_name_extracts_module_name
FNDA:1,_RNvNtNtNtCskWHisZhi9Z4_4koan8builtins10module_def5testss_32module_binds_under_name_in_scope
FNDA:1,_RNvNtNtNtCskWHisZhi9Z4_4koan8builtins10module_def5testss_33module_member_function_via_let_fn
FNDA:1,_RNvNtNtNtCskWHisZhi9Z4_4koan8builtins10module_def5testss_36module_body_dispatch_does_not_dangle
FNDA:1,_RNvNtNtNtCskWHisZhi9Z4_4koan8builtins10module_def5testss_38module_body_parks_on_outer_placeholder
FNDA:1,_RNvNtNtNtCskWHisZhi9Z4_4koan8builtins10module_def5testss_41module_body_error_short_circuits_finalize
FNDA:1,_RNvNtNtNtCskWHisZhi9Z4_4koan8builtins10module_def5testss_41module_with_multiple_statements_in_parens
FNDA:1,_RNvNtNtNtCskWHisZhi9Z4_4koan8builtins10module_def5testss_41nested_module_accessible_via_chained_attr
FNDA:1,_RNvNtNtNtCskWHisZhi9Z4_4koan8builtins10module_def5testss_50module_finalize_short_circuits_on_idempotent_state
FNDA:82,_RNCNvNtNtCskWHisZhi9Z4_4koan8builtins10module_def4body0B7_
FNDA:84,_RNvNtNtCskWHisZhi9Z4_4koan8builtins10module_def4body
FNDA:519,_RNvNtNtCskWHisZhi9Z4_4koan8builtins10module_def8register
FNF:15
FNH:15
DA:22,105
DA:23,105
DA:24,105
DA:30,105
DA:31,105
DA:32,105
DA:33,105
DA:34,105
DA:35,105
DA:36,105
DA:37,105
DA:38,105
DA:39,105
DA:40,105
DA:41,105
DA:42,102
DA:45,102
DA:46,102
DA:47,102
DA:48,102
DA:50,1
DA:51,1
DA:52,1
DA:53,1
DA:54,1
DA:55,101
DA:59,101
DA:60,101
DA:61,101
DA:62,101
DA:63,101
DA:68,101
DA:69,101
DA:70,21
DA:71,21
DA:73,101
DA:78,101
DA:79,101
DA:80,101
DA:81,101
DA:82,101
DA:83,101
DA:84,101
DA:85,101
DA:86,101
DA:87,101
DA:90,101
DA:92,0
DA:93,0
DA:94,0
DA:95,0
DA:97,102
DA:99,105
DA:101,562
DA:102,562
DA:103,562
DA:104,562
DA:105,562
DA:106,562
DA:107,562
DA:108,562
DA:111,562
DA:112,562
DA:113,562
DA:114,562
DA:115,562
DA:116,562
DA:117,562
DA:120,562
DA:133,3
DA:134,3
DA:135,3
DA:136,0
DA:138,3
DA:141,1
DA:142,1
DA:143,1
DA:144,1
DA:145,1
DA:148,1
DA:149,1
DA:150,1
DA:151,1
DA:152,1
DA:153,1
DA:156,1
DA:157,1
DA:160,1
DA:163,1
DA:164,1
DA:165,1
DA:166,1
DA:167,1
DA:168,1
DA:169,1
DA:172,1
DA:173,1
DA:174,1
DA:175,1
DA:176,1
DA:177,1
DA:178,1
DA:181,1
DA:184,1
DA:185,1
DA:186,1
DA:187,1
DA:188,1
DA:190,1
DA:191,1
DA:192,1
DA:195,1
DA:196,1
DA:197,1
DA:198,1
DA:199,1
DA:200,1
DA:201,1
DA:202,1
DA:205,1
DA:208,1
DA:209,1
DA:210,1
DA:211,1
DA:212,1
DA:213,1
DA:214,1
DA:219,1
DA:220,1
DA:221,1
DA:222,1
DA:223,1
DA:224,1
DA:225,1
DA:229,1
DA:230,1
DA:231,1
DA:232,1
DA:233,1
DA:234,1
DA:237,1
DA:243,1
DA:244,1
DA:245,1
DA:246,1
DA:247,1
DA:248,1
DA:249,1
DA:250,1
DA:252,1
DA:253,1
DA:254,1
DA:255,1
DA:259,1
DA:260,1
DA:261,1
DA:262,1
DA:263,1
DA:265,1
DA:266,1
DA:267,1
DA:268,1
DA:273,1
DA:274,1
DA:275,1
DA:276,1
DA:277,1
DA:278,1
DA:279,1
DA:280,1
DA:282,1
DA:283,1
DA:285,1
BRF:0
BRH:0
LF:173
LH:168
end_of_record
SF:/var/home/jack/Code/koan/src/builtins/newtype_def.rs
FN:117,_RNCNCNvNtNtCsbv2TPaIhNiJ_4koan8builtins11newtype_def23finalize_record_newtype00B9_
FN:66,_RNCNvNtNtCsbv2TPaIhNiJ_4koan8builtins11newtype_def16finalize_newtype0B7_
FN:202,_RNCNvNtNtCsbv2TPaIhNiJ_4koan8builtins11newtype_def20defer_resolved_sigil0B7_
FN:113,_RNCNvNtNtCsbv2TPaIhNiJ_4koan8builtins11newtype_def23finalize_record_newtype0B7_
FN:159,_RNCNvNtNtCsbv2TPaIhNiJ_4koan8builtins11newtype_def4body0B7_
FN:166,_RNCNvNtNtCsbv2TPaIhNiJ_4koan8builtins11newtype_def4bodys_0B7_
FN:241,_RNCNvNtNtCsbv2TPaIhNiJ_4koan8builtins11newtype_def8register0B7_
FN:263,_RNCNvNtNtCsbv2TPaIhNiJ_4koan8builtins11newtype_def8registers0_0B7_
FN:252,_RNCNvNtNtCsbv2TPaIhNiJ_4koan8builtins11newtype_def8registers_0B7_
FN:210,_RNvNtNtCsbv2TPaIhNiJ_4koan8builtins11newtype_def16body_record_repr
FN:50,_RNvNtNtCsbv2TPaIhNiJ_4koan8builtins11newtype_def16finalize_newtype
FN:192,_RNvNtNtCsbv2TPaIhNiJ_4koan8builtins11newtype_def20defer_resolved_sigil
FN:94,_RNvNtNtCsbv2TPaIhNiJ_4koan8builtins11newtype_def23finalize_record_newtype
FN:141,_RNvNtNtCsbv2TPaIhNiJ_4koan8builtins11newtype_def4body
FN:238,_RNvNtNtCsbv2TPaIhNiJ_4koan8builtins11newtype_def8register
FN:321,_RNvNtNtNtCskWHisZhi9Z4_4koan8builtins11newtype_def5tests13record_fields
FN:665,_RNvNtNtNtCskWHisZhi9Z4_4koan8builtins11newtype_def5testss_28construct_arity_zero_rejects
FN:686,_RNvNtNtNtCskWHisZhi9Z4_4koan8builtins11newtype_def5testss_29construct_with_operator_value
FN:348,_RNvNtNtNtCskWHisZhi9Z4_4koan8builtins11newtype_def5testss_30declare_mints_newtype_identity
FN:567,_RNvNtNtNtCskWHisZhi9Z4_4koan8builtins11newtype_def5testss_30newtype_over_newtype_collapses
FN:644,_RNvNtNtNtCskWHisZhi9Z4_4koan8builtins11newtype_def5testss_31construct_with_identifier_value
FN:400,_RNvNtNtNtCskWHisZhi9Z4_4koan8builtins11newtype_def5testss_35construct_rejects_non_matching_repr
FN:378,_RNvNtNtNtCskWHisZhi9Z4_4koan8builtins11newtype_def5testss_35construct_wraps_repr_matching_value
FN:514,_RNvNtNtNtCskWHisZhi9Z4_4koan8builtins11newtype_def5testss_42nested_record_field_threads_self_reference
FN:465,_RNvNtNtNtCskWHisZhi9Z4_4koan8builtins11newtype_def5testss_42record_repr_self_recursion_seals_set_local
FN:596,_RNvNtNtNtCskWHisZhi9Z4_4koan8builtins11newtype_def5testss_43dispatch_distinguishes_distance_from_number
FN:489,_RNvNtNtNtCskWHisZhi9Z4_4koan8builtins11newtype_def5testss_46record_repr_list_of_self_field_seals_set_local
FN:444,_RNvNtNtNtCskWHisZhi9Z4_4koan8builtins11newtype_def5testss_47unknown_repr_errors_without_leaking_placeholder
FN:418,_RNvNtNtNtCskWHisZhi9Z4_4koan8builtins11newtype_def5testss_49dependent_newtype_parks_on_record_repr_dependency
FN:541,_RNvNtNtNtCskWHisZhi9Z4_4koan8builtins11newtype_def5testss_54sigil_repr_non_record_seals_newtype_over_resolved_type
FN:333,_RNCNvNtNtNtCskWHisZhi9Z4_4koan8builtins11newtype_def5tests13record_fields0B9_
FN:522,_RNCNvNtNtNtCskWHisZhi9Z4_4koan8builtins11newtype_def5testss_42nested_record_field_threads_self_reference0B9_
FN:472,_RNCNvNtNtNtCskWHisZhi9Z4_4koan8builtins11newtype_def5testss_42record_repr_self_recursion_seals_set_local0B9_
FN:477,_RNCNvNtNtNtCskWHisZhi9Z4_4koan8builtins11newtype_def5testss_42record_repr_self_recursion_seals_set_locals0_0B9_
FN:501,_RNCNvNtNtNtCskWHisZhi9Z4_4koan8builtins11newtype_def5testss_46record_repr_list_of_self_field_seals_set_local0B9_
FN:117,_RNCNCNvNtNtCskWHisZhi9Z4_4koan8builtins11newtype_def23finalize_record_newtype00B9_
FN:66,_RNCNvNtNtCskWHisZhi9Z4_4koan8builtins11newtype_def16finalize_newtype0B7_
FN:202,_RNCNvNtNtCskWHisZhi9Z4_4koan8builtins11newtype_def20defer_resolved_sigil0B7_
FN:113,_RNCNvNtNtCskWHisZhi9Z4_4koan8builtins11newtype_def23finalize_record_newtype0B7_
FN:159,_RNCNvNtNtCskWHisZhi9Z4_4koan8builtins11newtype_def4body0B7_
FN:166,_RNCNvNtNtCskWHisZhi9Z4_4koan8builtins11newtype_def4bodys_0B7_
FN:241,_RNCNvNtNtCskWHisZhi9Z4_4koan8builtins11newtype_def8register0B7_
[...]
FN:37,_RNvNtNtCskWHisZhi9Z4_4koan5parse10whitespace12collapse_str
FN:291,_RNvNtNtCskWHisZhi9Z4_4koan5parse10whitespace13adjust_parens
FN:278,_RNvNtNtCskWHisZhi9Z4_4koan5parse10whitespace16line_delim_delta
FN:284,_RNvNtNtCskWHisZhi9Z4_4koan5parse10whitespace16line_paren_delta
FN:31,_RNvNtNtCskWHisZhi9Z4_4koan5parse10whitespace19collapse_whitespace
FN:233,_RNvNtNtCskWHisZhi9Z4_4koan5parse10whitespace19walk_content_cursor
FN:224,_RNvNtNtCskWHisZhi9Z4_4koan5parse10whitespace9emit_jump
FN:55,_RNCNvNtNtCskWHisZhi9Z4_4koan5parse10whitespace12collapse_str0B7_
FN:149,_RNCNvNtNtCskWHisZhi9Z4_4koan5parse10whitespace12collapse_strs0_0B7_
FN:56,_RNCNvNtNtCskWHisZhi9Z4_4koan5parse10whitespace12collapse_strs_0B7_
FN:279,_RNCNvNtNtCskWHisZhi9Z4_4koan5parse10whitespace16line_delim_delta0B7_
FN:280,_RNCNvNtNtCskWHisZhi9Z4_4koan5parse10whitespace16line_delim_deltas_0B7_
FN:285,_RNCNvNtNtCskWHisZhi9Z4_4koan5parse10whitespace16line_paren_delta0B7_
FN:286,_RNCNvNtNtCskWHisZhi9Z4_4koan5parse10whitespace16line_paren_deltas_0B7_
FN:33,_RNCNvNtNtCskWHisZhi9Z4_4koan5parse10whitespace19collapse_whitespace0B7_
FN:252,_RNCNvNtNtCskWHisZhi9Z4_4koan5parse10whitespace19walk_content_cursor0B7_
FN:253,_RNCNvNtNtCskWHisZhi9Z4_4koan5parse10whitespace19walk_content_cursors_0B7_
FNDA:43,_RNvNtNtCsbv2TPaIhNiJ_4koan5parse10whitespace12collapse_str
FNDA:103,_RNvNtNtCsbv2TPaIhNiJ_4koan5parse10whitespace13adjust_parens
FNDA:103,_RNvNtNtCsbv2TPaIhNiJ_4koan5parse10whitespace16line_delim_delta
FNDA:103,_RNvNtNtCsbv2TPaIhNiJ_4koan5parse10whitespace16line_paren_delta
FNDA:43,_RNvNtNtCsbv2TPaIhNiJ_4koan5parse10whitespace19collapse_whitespace
FNDA:103,_RNvNtNtCsbv2TPaIhNiJ_4koan5parse10whitespace19walk_content_cursor
FNDA:206,_RNvNtNtCsbv2TPaIhNiJ_4koan5parse10whitespace9emit_jump
FNDA:3577,_RNCNvNtNtCsbv2TPaIhNiJ_4koan5parse10whitespace12collapse_str0B7_
FNDA:0,_RNCNvNtNtCsbv2TPaIhNiJ_4koan5parse10whitespace12collapse_strs0_0B7_
FNDA:60,_RNCNvNtNtCsbv2TPaIhNiJ_4koan5parse10whitespace12collapse_strs_0B7_
FNDA:3517,_RNCNvNtNtCsbv2TPaIhNiJ_4koan5parse10whitespace16line_delim_delta0B7_
FNDA:3517,_RNCNvNtNtCsbv2TPaIhNiJ_4koan5parse10whitespace16line_delim_deltas_0B7_
FNDA:3517,_RNCNvNtNtCsbv2TPaIhNiJ_4koan5parse10whitespace16line_paren_delta0B7_
FNDA:3517,_RNCNvNtNtCsbv2TPaIhNiJ_4koan5parse10whitespace16line_paren_deltas_0B7_
FNDA:0,_RNCNvNtNtCsbv2TPaIhNiJ_4koan5parse10whitespace19collapse_whitespace0B7_
FNDA:1,_RNCNvNtNtCsbv2TPaIhNiJ_4koan5parse10whitespace19walk_content_cursor0B7_
FNDA:0,_RNCNvNtNtCsbv2TPaIhNiJ_4koan5parse10whitespace19walk_content_cursors_0B7_
FNDA:937,_RNvNtNtCskWHisZhi9Z4_4koan5parse10whitespace12collapse_str
FNDA:1426,_RNvNtNtCskWHisZhi9Z4_4koan5parse10whitespace13adjust_parens
FNDA:1426,_RNvNtNtCskWHisZhi9Z4_4koan5parse10whitespace16line_delim_delta
FNDA:1433,_RNvNtNtCskWHisZhi9Z4_4koan5parse10whitespace16line_paren_delta
FNDA:937,_RNvNtNtCskWHisZhi9Z4_4koan5parse10whitespace19collapse_whitespace
FNDA:1433,_RNvNtNtCskWHisZhi9Z4_4koan5parse10whitespace19walk_content_cursor
FNDA:2789,_RNvNtNtCskWHisZhi9Z4_4koan5parse10whitespace9emit_jump
FNDA:40263,_RNCNvNtNtCskWHisZhi9Z4_4koan5parse10whitespace12collapse_str0B7_
FNDA:151,_RNCNvNtNtCskWHisZhi9Z4_4koan5parse10whitespace12collapse_strs0_0B7_
FNDA:521,_RNCNvNtNtCskWHisZhi9Z4_4koan5parse10whitespace12collapse_strs_0B7_
FNDA:39436,_RNCNvNtNtCskWHisZhi9Z4_4koan5parse10whitespace16line_delim_delta0B7_
FNDA:39436,_RNCNvNtNtCskWHisZhi9Z4_4koan5parse10whitespace16line_delim_deltas_0B7_
FNDA:39458,_RNCNvNtNtCskWHisZhi9Z4_4koan5parse10whitespace16line_paren_delta0B7_
FNDA:39458,_RNCNvNtNtCskWHisZhi9Z4_4koan5parse10whitespace16line_paren_deltas_0B7_
FNDA:0,_RNCNvNtNtCskWHisZhi9Z4_4koan5parse10whitespace19collapse_whitespace0B7_
FNDA:228,_RNCNvNtNtCskWHisZhi9Z4_4koan5parse10whitespace19walk_content_cursor0B7_
FNDA:0,_RNCNvNtNtCskWHisZhi9Z4_4koan5parse10whitespace19walk_content_cursors_0B7_
FNF:17
FNH:15
DA:31,980
DA:32,980
DA:33,980
DA:34,980
DA:35,980
DA:37,980
DA:38,980
DA:39,980
DA:40,980
DA:41,980
DA:42,980
DA:45,980
DA:47,980
DA:48,980
DA:49,980
DA:50,980
DA:52,2533
DA:53,1560
DA:54,1560
DA:55,43840
DA:56,1560
DA:57,1560
DA:59,1560
DA:60,1560
DA:61,1560
DA:62,1560
DA:64,1560
DA:66,1560
DA:70,24
DA:71,24
DA:72,24
DA:73,8
DA:75,16
DA:77,24
DA:78,24
DA:79,1536
DA:81,1536
DA:83,1536
DA:84,1536
DA:86,1536
DA:87,1536
DA:89,1536
DA:90,1536
DA:91,1536
DA:92,1536
DA:93,1536
DA:117,1536
DA:118,54
DA:119,54
DA:120,1482
DA:123,1482
DA:124,32
DA:127,12
DA:128,1
DA:129,1
DA:130,1
DA:131,1
DA:132,1
DA:133,11
DA:134,11
DA:135,11
DA:136,20
DA:137,20
DA:140,1
DA:141,1
DA:142,1
DA:143,1
DA:144,1
DA:145,1
DA:146,19
DA:147,1450
DA:149,1469
DA:150,3
DA:151,3
DA:152,3
DA:153,3
DA:154,3
DA:155,3
DA:156,3
DA:157,3
DA:158,1466
DA:159,1466
DA:160,2
DA:161,2
DA:162,2
DA:163,2
DA:164,2
DA:165,2
DA:166,2
DA:167,2
DA:168,1464
DA:170,1924
DA:171,509
DA:172,460
DA:173,460
DA:174,460
DA:175,460
DA:176,49
DA:182,1464
DA:183,486
DA:184,978
DA:188,1464
DA:189,1464
DA:190,11
DA:191,11
DA:192,11
DA:193,11
DA:194,11
DA:195,1453
DA:196,1453
DA:197,1453
DA:198,1453
DA:199,1453
DA:201,1464
DA:202,1464
DA:203,1464
DA:204,1464
DA:205,1464
DA:207,1464
DA:208,1464
DA:209,541
DA:211,923
DA:213,1464
DA:216,1968
DA:217,995
DA:218,995
DA:219,995
DA:221,973
DA:222,980
DA:224,2995
DA:225,2995
DA:226,2995
DA:227,2995
DA:228,2995
DA:233,1536
DA:234,1536
DA:235,1536
DA:236,43072
DA:237,41536
DA:238,41536
DA:239,229
DA:240,229
DA:241,740
DA:242,511
DA:243,511
DA:244,229
DA:245,0
DA:246,229
DA:247,229
DA:248,0
DA:249,229
DA:250,229
DA:251,229
DA:252,229
DA:253,229
DA:254,229
DA:255,41307
DA:256,229
DA:257,458
DA:258,229
DA:259,229
DA:260,229
DA:261,0
DA:262,229
DA:263,229
DA:264,470
DA:265,241
DA:266,241
DA:267,229
DA:268,41078
DA:269,41078
DA:270,41078
DA:271,41078
DA:273,1536
DA:274,1536
DA:278,1529
DA:279,42953
DA:280,42953
DA:281,1529
DA:282,1529
DA:284,1536
DA:285,42975
DA:286,42975
DA:287,1536
DA:288,1536
DA:291,1529
DA:292,1529
DA:293,15
DA:294,15
DA:295,15
DA:297,1514
DA:298,13
DA:299,13
DA:301,1529
BRF:0
BRH:0
LF:204
LH:199
end_of_record
SF:/var/home/jack/Code/koan/src/source.rs
FN:152,_RNvXININtCsbv2TPaIhNiJ_4koan6sources2_0pEINtB5_7SpannedpEINtNtCs27Vx93FoQ6z_4core7convert4FrompE4fromB7_
FN:54,_RNvMNtCsbv2TPaIhNiJ_4koan6sourceNtB2_10SourceFile7resolve
FN:117,_RNvMs_NtCsbv2TPaIhNiJ_4koan6sourceNtB4_16CurrentFileGuard4push
FN:104,_RNvNtCsbv2TPaIhNiJ_4koan6source11set_current
FN:98,_RNvNtCsbv2TPaIhNiJ_4koan6source7current
FN:73,_RNvNtCsbv2TPaIhNiJ_4koan6source8register
FN:125,_RNvXs0_NtCsbv2TPaIhNiJ_4koan6sourceNtB5_16CurrentFileGuardNtNtNtCs27Vx93FoQ6z_4core3ops4drop4Drop4drop
FN:38,_RINvMNtCsbv2TPaIhNiJ_4koan6sourceNtB3_10SourceFile3newReEB5_
FN:85,_RINvNtCsbv2TPaIhNiJ_4koan6source4withINtNtCs27Vx93FoQ6z_4core6option6OptionTINtNtCsgW8esjfipvk_5alloc2rc2RceEmmEENCNvXs2_NtNtNtB4_7machine4core6kerrorNtB1V_10KErrorKindNtNtBE_3fmt7Display3fmt0EB4_
FN:85,_RINvNtCsbv2TPaIhNiJ_4koan6source4withNtB2_9SourceLocNCNCNvNtNtNtB4_7machine4core6kerror18location_from_expr00EB4_
FN:85,_RINvNtCsbv2TPaIhNiJ_4koan6source4withTINtNtCs27Vx93FoQ6z_4core6option6OptionNtNtCsgW8esjfipvk_5alloc6string6StringEIBB_mEB1P_ENCNvMs0_NtNtNtB4_7machine4core6kerrorNtB28_10KErrorKind16to_struct_fields0EB4_
FN:85,_RINvNtCsbv2TPaIhNiJ_4koan6source4withTINtNtCsgW8esjfipvk_5alloc3vec3VechEINtNtNtNtCs75vJTIYSa2J_3std11collections4hash3map7HashMapjNtNtBF_6string6StringEENCNvNtNtB4_5parse15expression_tree17parse_with_source0EB4_
FN:86,_RNCINvNtCsbv2TPaIhNiJ_4koan6source4withINtNtCs27Vx93FoQ6z_4core6option6OptionTINtNtCsgW8esjfipvk_5alloc2rc2RceEmmEENCNvXs2_NtNtNtB6_7machine4core6kerrorNtB1X_10KErrorKindNtNtBG_3fmt7Display3fmt0E0B6_
FN:86,_RNCINvNtCsbv2TPaIhNiJ_4koan6source4withNtB4_9SourceLocNCNCNvNtNtNtB6_7machine4core6kerror18location_from_expr00E0B6_
FN:86,_RNCINvNtCsbv2TPaIhNiJ_4koan6source4withTINtNtCs27Vx93FoQ6z_4core6option6OptionNtNtCsgW8esjfipvk_5alloc6string6StringEIBD_mEB1R_ENCNvMs0_NtNtNtB6_7machine4core6kerrorNtB2a_10KErrorKind16to_struct_fields0E0B6_
FN:86,_RNCINvNtCsbv2TPaIhNiJ_4koan6source4withTINtNtCsgW8esjfipvk_5alloc3vec3VechEINtNtNtNtCs75vJTIYSa2J_3std11collections4hash3map7HashMapjNtNtBH_6string6StringEENCNvNtNtB6_5parse15expression_tree17parse_with_source0E0B6_
FN:105,_RNCNvNtCsbv2TPaIhNiJ_4koan6source11set_current0B5_
FN:74,_RNCNvNtCsbv2TPaIhNiJ_4koan6source8register0B5_
FN:143,_RNvMs1_NtCsbv2TPaIhNiJ_4koan6sourceINtB5_7SpannedNtNtNtNtB7_7machine5model3ast14ExpressionPartE2atB7_
FN:139,_RNvMs1_NtCsbv2TPaIhNiJ_4koan6sourceINtB5_7SpannedNtNtNtNtB7_7machine5model3ast14ExpressionPartE4bareB7_
FN:192,_RNCNvNtNtCskWHisZhi9Z4_4koan6source5testss_28register_and_with_round_trip0B7_
FN:38,_RINvMNtCskWHisZhi9Z4_4koan6sourceNtB3_10SourceFile3newReEB5_
FN:85,_RINvNtCskWHisZhi9Z4_4koan6source4withINtNtCs27Vx93FoQ6z_4core6option6OptionTINtNtCsgW8esjfipvk_5alloc2rc2RceEmmEENCNvXs2_NtNtNtB4_7machine4core6kerrorNtB1V_10KErrorKindNtNtBE_3fmt7Display3fmt0EB4_
FN:85,_RINvNtCskWHisZhi9Z4_4koan6source4withINtNtCsgW8esjfipvk_5alloc2rc2RceENCNvNtB2_5testss_28register_and_with_round_trip0EB4_
FN:85,_RINvNtCskWHisZhi9Z4_4koan6source4withNtB2_9SourceLocNCNCNvNtNtNtB4_7machine4core6kerror18location_from_expr00EB4_
FN:85,_RINvNtCskWHisZhi9Z4_4koan6source4withTINtNtCs27Vx93FoQ6z_4core6option6OptionNtNtCsgW8esjfipvk_5alloc6string6StringEIBB_mEB1P_ENCNvMs0_NtNtNtB4_7machine4core6kerrorNtB28_10KErrorKind16to_struct_fields0EB4_
FN:85,_RINvNtCskWHisZhi9Z4_4koan6source4withTINtNtCsgW8esjfipvk_5alloc3vec3VechEINtNtNtNtCs75vJTIYSa2J_3std11collections4hash3map7HashMapjNtNtBF_6string6StringEENCNvNtNtB4_5parse15expression_tree17parse_with_source0EB4_
FN:85,_RINvNtCskWHisZhi9Z4_4koan6source4withTmmENCNvNtNtNtNtB4_5parse15expression_tree5tests5spanss_63parse_with_path_stamps_file_on_expression_and_resolves_line_col0EB4_
FN:86,_RNCINvNtCskWHisZhi9Z4_4koan6source4withINtNtCs27Vx93FoQ6z_4core6option6OptionTINtNtCsgW8esjfipvk_5alloc2rc2RceEmmEENCNvXs2_NtNtNtB6_7machine4core6kerrorNtB1X_10KErrorKindNtNtBG_3fmt7Display3fmt0E0B6_
FN:86,_RNCINvNtCskWHisZhi9Z4_4koan6source4withINtNtCsgW8esjfipvk_5alloc2rc2RceENCNvNtB4_5testss_28register_and_with_round_trip0E0B6_
FN:86,_RNCINvNtCskWHisZhi9Z4_4koan6source4withNtB4_9SourceLocNCNCNvNtNtNtB6_7machine4core6kerror18location_from_expr00E0B6_
FN:86,_RNCINvNtCskWHisZhi9Z4_4koan6source4withTINtNtCs27Vx93FoQ6z_4core6option6OptionNtNtCsgW8esjfipvk_5alloc6string6StringEIBD_mEB1R_ENCNvMs0_NtNtNtB6_7machine4core6kerrorNtB2a_10KErrorKind16to_struct_fields0E0B6_
FN:86,_RNCINvNtCskWHisZhi9Z4_4koan6source4withTINtNtCsgW8esjfipvk_5alloc3vec3VechEINtNtNtNtCs75vJTIYSa2J_3std11collections4hash3map7HashMapjNtNtBH_6string6StringEENCNvNtNtB6_5parse15expression_tree17parse_with_source0E0B6_
FN:86,_RNCINvNtCskWHisZhi9Z4_4koan6source4withTmmENCNvNtNtNtNtB6_5parse15expression_tree5tests5spanss_63parse_with_path_stamps_file_on_expression_and_resolves_line_col0E0B6_
FN:105,_RNCNvNtCskWHisZhi9Z4_4koan6source11set_current0B5_
FN:74,_RNCNvNtCskWHisZhi9Z4_4koan6source8register0B5_
FN:143,_RNvMs1_NtCskWHisZhi9Z4_4koan6sourceINtB5_7SpannedNtNtNtNtB7_7machine5model3ast14ExpressionPartE2atB7_
FN:139,_RNvMs1_NtCskWHisZhi9Z4_4koan6sourceINtB5_7SpannedNtNtNtNtB7_7machine5model3ast14ExpressionPartE4bareB7_
FN:139,_RNvMs1_NtCskWHisZhi9Z4_4koan6sourceINtB5_7SpannedmE4bareB7_
FN:152,_RNvXs2_NtCskWHisZhi9Z4_4koan6sourceINtB5_7SpannedNtNtNtNtB7_7machine5model3ast14ExpressionPartEINtNtCs27Vx93FoQ6z_4core7convert4FromBL_E4fromB7_
FN:152,_RNvXs2_NtCskWHisZhi9Z4_4koan6sourceINtB5_7SpannedmEINtNtCs27Vx93FoQ6z_4core7convert4FrommE4fromB7_
FN:54,_RNvMNtCskWHisZhi9Z4_4koan6sourceNtB2_10SourceFile7resolve
FN:117,_RNvMs_NtCskWHisZhi9Z4_4koan6sourceNtB4_16CurrentFileGuard4push
FN:104,_RNvNtCskWHisZhi9Z4_4koan6source11set_current
FN:98,_RNvNtCskWHisZhi9Z4_4koan6source7current
FN:73,_RNvNtCskWHisZhi9Z4_4koan6source8register
FN:162,_RNvNtNtCskWHisZhi9Z4_4koan6source5testss_18resolve_first_line
FN:169,_RNvNtNtCskWHisZhi9Z4_4koan6source5testss_18resolve_multi_line
FN:210,_RNvNtNtCskWHisZhi9Z4_4koan6source5testss_24spanned_bare_has_no_span
FN:190,_RNvNtNtCskWHisZhi9Z4_4koan6source5testss_28register_and_with_round_trip
FN:217,_RNvNtNtCskWHisZhi9Z4_4koan6source5testss_33spanned_from_wraps_with_none_span
FN:197,_RNvNtNtCskWHisZhi9Z4_4koan6source5testss_36guard_restores_previous_current_file
FN:178,_RNvNtNtCskWHisZhi9Z4_4koan6source5testss_48resolve_utf16_columns_count_code_units_not_bytes
FN:125,_RNvXs0_NtCskWHisZhi9Z4_4koan6sourceNtB5_16CurrentFileGuardNtNtNtCs27Vx93FoQ6z_4core3ops4drop4Drop4drop
FNDA:0,_RNvXININtCsbv2TPaIhNiJ_4koan6sources2_0pEINtB5_7SpannedpEINtNtCs27Vx93FoQ6z_4core7convert4FrompE4fromB7_
FNDA:0,_RNvMNtCsbv2TPaIhNiJ_4koan6sourceNtB2_10SourceFile7resolve
FNDA:43,_RNvMs_NtCsbv2TPaIhNiJ_4koan6sourceNtB4_16CurrentFileGuard4push
FNDA:86,_RNvNtCsbv2TPaIhNiJ_4koan6source11set_current
FNDA:267,_RNvNtCsbv2TPaIhNiJ_4koan6source7current
FNDA:43,_RNvNtCsbv2TPaIhNiJ_4koan6source8register
FNDA:43,_RNvXs0_NtCsbv2TPaIhNiJ_4koan6sourceNtB5_16CurrentFileGuardNtNtNtCs27Vx93FoQ6z_4core3ops4drop4Drop4drop
FNDA:43,_RINvMNtCsbv2TPaIhNiJ_4koan6sourceNtB3_10SourceFile3newReEB5_
FNDA:0,_RINvNtCsbv2TPaIhNiJ_4koan6source4withINtNtCs27Vx93FoQ6z_4core6option6OptionTINtNtCsgW8esjfipvk_5alloc2rc2RceEmmEENCNvXs2_NtNtNtB4_7machine4core6kerrorNtB1V_10KErrorKindNtNtBE_3fmt7Display3fmt0EB4_
FNDA:0,_RINvNtCsbv2TPaIhNiJ_4koan6source4withNtB2_9SourceLocNCNCNvNtNtNtB4_7machine4core6kerror18location_from_expr00EB4_
FNDA:0,_RINvNtCsbv2TPaIhNiJ_4koan6source4withTINtNtCs27Vx93FoQ6z_4core6option6OptionNtNtCsgW8esjfipvk_5alloc6string6StringEIBB_mEB1P_ENCNvMs0_NtNtNtB4_7machine4core6kerrorNtB28_10KErrorKind16to_struct_fields0EB4_
FNDA:43,_RINvNtCsbv2TPaIhNiJ_4koan6source4withTINtNtCsgW8esjfipvk_5alloc3vec3VechEINtNtNtNtCs75vJTIYSa2J_3std11collections4hash3map7HashMapjNtNtBF_6string6StringEENCNvNtNtB4_5parse15expression_tree17parse_with_source0EB4_
FNDA:0,_RNCINvNtCsbv2TPaIhNiJ_4koan6source4withINtNtCs27Vx93FoQ6z_4core6option6OptionTINtNtCsgW8esjfipvk_5alloc2rc2RceEmmEENCNvXs2_NtNtNtB6_7machine4core6kerrorNtB1X_10KErrorKindNtNtBG_3fmt7Display3fmt0E0B6_
FNDA:0,_RNCINvNtCsbv2TPaIhNiJ_4koan6source4withNtB4_9SourceLocNCNCNvNtNtNtB6_7machine4core6kerror18location_from_expr00E0B6_
FNDA:0,_RNCINvNtCsbv2TPaIhNiJ_4koan6source4withTINtNtCs27Vx93FoQ6z_4core6option6OptionNtNtCsgW8esjfipvk_5alloc6string6StringEIBD_mEB1R_ENCNvMs0_NtNtNtB6_7machine4core6kerrorNtB2a_10KErrorKind16to_struct_fields0E0B6_
FNDA:43,_RNCINvNtCsbv2TPaIhNiJ_4koan6source4withTINtNtCsgW8esjfipvk_5alloc3vec3VechEINtNtNtNtCs75vJTIYSa2J_3std11collections4hash3map7HashMapjNtNtBH_6string6StringEENCNvNtNtB6_5parse15expression_tree17parse_with_source0E0B6_
FNDA:86,_RNCNvNtCsbv2TPaIhNiJ_4koan6source11set_current0B5_
FNDA:43,_RNCNvNtCsbv2TPaIhNiJ_4koan6source8register0B5_
FNDA:1002,_RNvMs1_NtCsbv2TPaIhNiJ_4koan6sourceINtB5_7SpannedNtNtNtNtB7_7machine5model3ast14ExpressionPartE2atB7_
FNDA:81,_RNvMs1_NtCsbv2TPaIhNiJ_4koan6sourceINtB5_7SpannedNtNtNtNtB7_7machine5model3ast14ExpressionPartE4bareB7_
FNDA:1,_RNCNvNtNtCskWHisZhi9Z4_4koan6source5testss_28register_and_with_round_trip0B7_
FNDA:886,_RINvMNtCskWHisZhi9Z4_4koan6sourceNtB3_10SourceFile3newReEB5_
FNDA:2,_RINvNtCskWHisZhi9Z4_4koan6source4withINtNtCs27Vx93FoQ6z_4core6option6OptionTINtNtCsgW8esjfipvk_5alloc2rc2RceEmmEENCNvXs2_NtNtNtB4_7machine4core6kerrorNtB1V_10KErrorKindNtNtBE_3fmt7Display3fmt0EB4_
FNDA:1,_RINvNtCskWHisZhi9Z4_4koan6source4withINtNtCsgW8esjfipvk_5alloc2rc2RceENCNvNtB2_5testss_28register_and_with_round_trip0EB4_
FNDA:0,_RINvNtCskWHisZhi9Z4_4koan6source4withNtB2_9SourceLocNCNCNvNtNtNtB4_7machine4core6kerror18location_from_expr00EB4_
FNDA:0,_RINvNtCskWHisZhi9Z4_4koan6source4withTINtNtCs27Vx93FoQ6z_4core6option6OptionNtNtCsgW8esjfipvk_5alloc6string6StringEIBB_mEB1P_ENCNvMs0_NtNtNtB4_7machine4core6kerrorNtB28_10KErrorKind16to_struct_fields0EB4_
FNDA:878,_RINvNtCskWHisZhi9Z4_4koan6source4withTINtNtCsgW8esjfipvk_5alloc3vec3VechEINtNtNtNtCs75vJTIYSa2J_3std11collections4hash3map7HashMapjNtNtBF_6string6StringEENCNvNtNtB4_5parse15expression_tree17parse_with_source0EB4_
FNDA:1,_RINvNtCskWHisZhi9Z4_4koan6source4withTmmENCNvNtNtNtNtB4_5parse15expression_tree5tests5spanss_63parse_with_path_stamps_file_on_expression_and_resolves_line_col0EB4_
FNDA:2,_RNCINvNtCskWHisZhi9Z4_4koan6source4withINtNtCs27Vx93FoQ6z_4core6option6OptionTINtNtCsgW8esjfipvk_5alloc2rc2RceEmmEENCNvXs2_NtNtNtB6_7machine4core6kerrorNtB1X_10KErrorKindNtNtBG_3fmt7Display3fmt0E0B6_
FNDA:1,_RNCINvNtCskWHisZhi9Z4_4koan6source4withINtNtCsgW8esjfipvk_5alloc2rc2RceENCNvNtB4_5testss_28register_and_with_round_trip0E0B6_
FNDA:0,_RNCINvNtCskWHisZhi9Z4_4koan6source4withNtB4_9SourceLocNCNCNvNtNtNtB6_7machine4core6kerror18location_from_expr00E0B6_
FNDA:0,_RNCINvNtCskWHisZhi9Z4_4koan6source4withTINtNtCs27Vx93FoQ6z_4core6option6OptionNtNtCsgW8esjfipvk_5alloc6string6StringEIBD_mEB1R_ENCNvMs0_NtNtNtB6_7machine4core6kerrorNtB2a_10KErrorKind16to_struct_fields0E0B6_
FNDA:878,_RNCINvNtCskWHisZhi9Z4_4koan6source4withTINtNtCsgW8esjfipvk_5alloc3vec3VechEINtNtNtNtCs75vJTIYSa2J_3std11collections4hash3map7HashMapjNtNtBH_6string6StringEENCNvNtNtB6_5parse15expression_tree17parse_with_source0E0B6_
FNDA:1,_RNCINvNtCskWHisZhi9Z4_4koan6source4withTmmENCNvNtNtNtNtB6_5parse15expression_tree5tests5spanss_63parse_with_path_stamps_file_on_expression_and_resolves_line_col0E0B6_
FNDA:1760,_RNCNvNtCskWHisZhi9Z4_4koan6source11set_current0B5_
FNDA:882,_RNCNvNtCskWHisZhi9Z4_4koan6source8register0B5_
FNDA:11955,_RNvMs1_NtCskWHisZhi9Z4_4koan6sourceINtB5_7SpannedNtNtNtNtB7_7machine5model3ast14ExpressionPartE2atB7_
FNDA:1074,_RNvMs1_NtCskWHisZhi9Z4_4koan6sourceINtB5_7SpannedNtNtNtNtB7_7machine5model3ast14ExpressionPartE4bareB7_
FNDA:2,_RNvMs1_NtCskWHisZhi9Z4_4koan6sourceINtB5_7SpannedmE4bareB7_
FNDA:1,_RNvXs2_NtCskWHisZhi9Z4_4koan6sourceINtB5_7SpannedNtNtNtNtB7_7machine5model3ast14ExpressionPartEINtNtCs27Vx93FoQ6z_4core7convert4FromBL_E4fromB7_
FNDA:1,_RNvXs2_NtCskWHisZhi9Z4_4koan6sourceINtB5_7SpannedmEINtNtCs27Vx93FoQ6z_4core7convert4FrommE4fromB7_
FNDA:14,_RNvMNtCskWHisZhi9Z4_4koan6sourceNtB2_10SourceFile7resolve
FNDA:880,_RNvMs_NtCskWHisZhi9Z4_4koan6sourceNtB4_16CurrentFileGuard4push
FNDA:1760,_RNvNtCskWHisZhi9Z4_4koan6source11set_current
FNDA:3620,_RNvNtCskWHisZhi9Z4_4koan6source7current
FNDA:882,_RNvNtCskWHisZhi9Z4_4koan6source8register
FNDA:1,_RNvNtNtCskWHisZhi9Z4_4koan6source5testss_18resolve_first_line
FNDA:1,_RNvNtNtCskWHisZhi9Z4_4koan6source5testss_18resolve_multi_line
FNDA:1,_RNvNtNtCskWHisZhi9Z4_4koan6source5testss_24spanned_bare_has_no_span
FNDA:1,_RNvNtNtCskWHisZhi9Z4_4koan6source5testss_28register_and_with_round_trip
FNDA:1,_RNvNtNtCskWHisZhi9Z4_4koan6source5testss_33spanned_from_wraps_with_none_span
FNDA:1,_RNvNtNtCskWHisZhi9Z4_4koan6source5testss_36guard_restores_previous_current_file
FNDA:1,_RNvNtNtCskWHisZhi9Z4_4koan6source5testss_48resolve_utf16_columns_count_code_units_not_bytes
FNDA:880,_RNvXs0_NtCskWHisZhi9Z4_4koan6sourceNtB5_16CurrentFileGuardNtNtNtCs27Vx93FoQ6z_4core3ops4drop4Drop4drop
FNF:22
FNH:22
DA:38,929
DA:39,929
DA:40,929
DA:41,41980
DA:42,41980
DA:43,483
DA:44,41497
DA:46,929
DA:47,929
DA:48,929
DA:49,929
DA:50,929
DA:51,929
DA:54,14
DA:55,14
DA:56,7
DA:57,7
DA:59,14
DA:60,14
DA:61,14
DA:62,14
DA:63,14
DA:73,925
DA:74,925
DA:75,925
DA:76,925
DA:77,925
DA:78,925
DA:79,925
DA:80,925
DA:85,925
DA:86,925
DA:87,925
DA:88,925
DA:89,925
DA:90,925
DA:91,925
DA:92,925
DA:93,925
DA:94,925
DA:95,925
DA:98,3887
DA:99,3887
DA:100,3887
DA:104,1846
DA:105,1846
DA:106,1846
DA:117,923
DA:118,923
DA:119,923
DA:120,923
DA:121,923
DA:125,923
DA:126,923
DA:127,923
DA:139,1157
DA:140,1157
DA:141,1157
DA:143,12957
DA:144,12957
DA:145,12957
DA:146,12957
DA:147,12957
DA:148,12957
DA:152,2
DA:153,2
DA:154,2
DA:162,1
DA:163,1
DA:164,1
DA:165,1
DA:166,1
DA:169,1
DA:170,1
DA:171,1
DA:172,1
DA:173,1
DA:174,1
DA:175,1
DA:178,1
DA:181,1
DA:182,1
DA:184,1
DA:186,1
DA:187,1
DA:190,1
DA:191,1
DA:192,1
DA:193,1
DA:194,1
DA:197,1
DA:198,1
DA:199,1
DA:200,1
DA:201,1
DA:203,1
DA:204,1
DA:206,1
DA:207,1
DA:210,1
DA:211,1
DA:212,1
DA:213,1
DA:214,1
DA:217,1
DA:218,1
DA:219,1
DA:220,1
BRF:0
BRH:0
LF:112
LH:112
end_of_record