SF:/var/home/jack/Code/koan/src/builtins.rs
FN:148,_RNvNtCsbv2TPaIhNiJ_4koan8builtins13default_scope
FN:104,_RNvNtCsbv2TPaIhNiJ_4koan8builtins16register_builtin
FN:81,_RNvNtCsbv2TPaIhNiJ_4koan8builtins21register_builtin_full
FN:70,_RNvNtCsbv2TPaIhNiJ_4koan8builtins21type_part_binder_name
FN:41,_RNvNtCsbv2TPaIhNiJ_4koan8builtins2kw
FN:46,_RNvNtCsbv2TPaIhNiJ_4koan8builtins3arg
FN:55,_RNvNtCsbv2TPaIhNiJ_4koan8builtins3sig
FN:148,_RNvNtCskWHisZhi9Z4_4koan8builtins13default_scope
FN:104,_RNvNtCskWHisZhi9Z4_4koan8builtins16register_builtin
FN:118,_RNvNtCskWHisZhi9Z4_4koan8builtins20register_overload_at
FN:81,_RNvNtCskWHisZhi9Z4_4koan8builtins21register_builtin_full
FN:70,_RNvNtCskWHisZhi9Z4_4koan8builtins21type_part_binder_name
FN:41,_RNvNtCskWHisZhi9Z4_4koan8builtins2kw
FN:46,_RNvNtCskWHisZhi9Z4_4koan8builtins3arg
FN:55,_RNvNtCskWHisZhi9Z4_4koan8builtins3sig
FNDA:43,_RNvNtCsbv2TPaIhNiJ_4koan8builtins13default_scope
FNDA:989,_RNvNtCsbv2TPaIhNiJ_4koan8builtins16register_builtin
FNDA:1634,_RNvNtCsbv2TPaIhNiJ_4koan8builtins21register_builtin_full
FNDA:139,_RNvNtCsbv2TPaIhNiJ_4koan8builtins21type_part_binder_name
FNDA:2881,_RNvNtCsbv2TPaIhNiJ_4koan8builtins2kw
FNDA:3311,_RNvNtCsbv2TPaIhNiJ_4koan8builtins3arg
FNDA:1634,_RNvNtCsbv2TPaIhNiJ_4koan8builtins3sig
FNDA:494,_RNvNtCskWHisZhi9Z4_4koan8builtins13default_scope
FNDA:11384,_RNvNtCskWHisZhi9Z4_4koan8builtins16register_builtin
FNDA:3,_RNvNtCskWHisZhi9Z4_4koan8builtins20register_overload_at
FNDA:18795,_RNvNtCskWHisZhi9Z4_4koan8builtins21register_builtin_full
FNDA:774,_RNvNtCskWHisZhi9Z4_4koan8builtins21type_part_binder_name
FNDA:33098,_RNvNtCskWHisZhi9Z4_4koan8builtins2kw
FNDA:38038,_RNvNtCskWHisZhi9Z4_4koan8builtins3arg
FNDA:18772,_RNvNtCskWHisZhi9Z4_4koan8builtins3sig
FNF:8
FNH:8
DA:41,35979
DA:42,35979
DA:43,35979
DA:46,41349
DA:47,41349
DA:48,41349
DA:49,41349
DA:50,41349
DA:51,41349
DA:55,20406
DA:56,20406
DA:57,20406
DA:58,20406
DA:59,20406
DA:60,20406
DA:61,20406
DA:62,20406
DA:63,20406
DA:70,913
DA:71,913
DA:72,913
DA:73,913
DA:74,913
DA:81,20429
DA:82,20429
DA:83,20429
DA:84,20429
DA:85,20429
DA:86,20429
DA:87,20429
DA:88,20429
DA:89,20429
DA:90,20429
DA:91,20429
DA:92,20429
DA:93,20429
DA:94,20429
DA:95,20429
DA:96,20429
DA:97,20429
DA:98,20429
DA:99,20429
DA:100,20429
DA:101,20429
DA:104,12373
DA:105,12373
DA:106,12373
DA:107,12373
DA:108,12373
DA:109,12373
DA:110,12373
DA:111,12373
DA:118,3
DA:119,3
DA:120,3
DA:121,3
DA:122,3
DA:123,3
DA:124,3
DA:125,3
DA:126,3
DA:127,3
DA:128,3
DA:129,3
DA:130,3
DA:131,3
DA:132,3
DA:133,3
DA:134,3
DA:135,3
DA:136,3
DA:137,3
DA:138,3
DA:148,537
DA:149,537
DA:150,537
DA:151,537
DA:152,537
DA:153,537
DA:154,537
DA:156,537
DA:157,537
DA:158,537
DA:160,537
DA:162,537
DA:163,537
DA:164,537
DA:166,537
DA:168,537
DA:169,537
DA:170,537
DA:172,537
DA:174,537
DA:175,537
DA:176,537
DA:178,537
DA:180,537
DA:181,537
DA:182,537
DA:184,537
DA:186,537
DA:187,537
DA:188,537
DA:190,537
DA:192,537
DA:193,537
DA:194,537
DA:196,537
DA:198,537
DA:199,537
DA:200,537
DA:202,537
DA:204,537
DA:205,537
DA:206,537
DA:208,537
DA:210,537
DA:211,537
DA:212,537
DA:214,537
DA:216,537
DA:217,537
DA:218,537
DA:220,537
DA:223,537
DA:224,537
DA:225,537
DA:226,537
DA:227,537
DA:228,537
DA:229,537
DA:230,537
DA:231,537
DA:232,537
DA:233,537
DA:234,537
DA:235,537
DA:236,537
DA:237,537
DA:238,537
DA:239,537
DA:240,537
DA:241,537
DA:242,537
DA:243,537
DA:244,537
DA:246,537
DA:247,537
BRF:0
BRH:0
LF:148
LH:148
end_of_record
SF:/var/home/jack/Code/koan/src/builtins/ascribe.rs
FN:20,_RNvNtNtCsbv2TPaIhNiJ_4koan8builtins7ascribe11body_opaque
FN:211,_RNvNtNtCsbv2TPaIhNiJ_4koan8builtins7ascribe11shape_check
FN:145,_RNvNtNtCsbv2TPaIhNiJ_4koan8builtins7ascribe16body_transparent
FN:254,_RNvNtNtCsbv2TPaIhNiJ_4koan8builtins7ascribe22abstract_type_names_of
FN:173,_RNvNtNtCsbv2TPaIhNiJ_4koan8builtins7ascribe28resolve_module_and_signature
FN:264,_RNvNtNtCsbv2TPaIhNiJ_4koan8builtins7ascribe8register
FN:184,_RNvNvNtNtCsbv2TPaIhNiJ_4koan8builtins7ascribe28resolve_module_and_signature24type_mismatch_or_missing
FN:260,_RNCNvNtNtCsbv2TPaIhNiJ_4koan8builtins7ascribe22abstract_type_names_ofs_0B7_
FN:20,_RNvNtNtCskWHisZhi9Z4_4koan8builtins7ascribe11body_opaque
FN:211,_RNvNtNtCskWHisZhi9Z4_4koan8builtins7ascribe11shape_check
FN:145,_RNvNtNtCskWHisZhi9Z4_4koan8builtins7ascribe16body_transparent
FN:254,_RNvNtNtCskWHisZhi9Z4_4koan8builtins7ascribe22abstract_type_names_of
FN:173,_RNvNtNtCskWHisZhi9Z4_4koan8builtins7ascribe28resolve_module_and_signature
FN:264,_RNvNtNtCskWHisZhi9Z4_4koan8builtins7ascribe8register
FN:184,_RNvNvNtNtCskWHisZhi9Z4_4koan8builtins7ascribe28resolve_module_and_signature24type_mismatch_or_missing
FN:260,_RNCNvNtNtCskWHisZhi9Z4_4koan8builtins7ascribe22abstract_type_names_ofs_0B7_
FNDA:1,_RNvNtNtCsbv2TPaIhNiJ_4koan8builtins7ascribe11body_opaque
FNDA:5,_RNvNtNtCsbv2TPaIhNiJ_4koan8builtins7ascribe11shape_check
FNDA:4,_RNvNtNtCsbv2TPaIhNiJ_4koan8builtins7ascribe16body_transparent
FNDA:6,_RNvNtNtCsbv2TPaIhNiJ_4koan8builtins7ascribe22abstract_type_names_of
FNDA:5,_RNvNtNtCsbv2TPaIhNiJ_4koan8builtins7ascribe28resolve_module_and_signature
FNDA:43,_RNvNtNtCsbv2TPaIhNiJ_4koan8builtins7ascribe8register
FNDA:0,_RNvNvNtNtCsbv2TPaIhNiJ_4koan8builtins7ascribe28resolve_module_and_signature24type_mismatch_or_missing
FNDA:6,_RNCNvNtNtCsbv2TPaIhNiJ_4koan8builtins7ascribe22abstract_type_names_ofs_0B7_
FNDA:21,_RNvNtNtCskWHisZhi9Z4_4koan8builtins7ascribe11body_opaque
FNDA:40,_RNvNtNtCskWHisZhi9Z4_4koan8builtins7ascribe11shape_check
FNDA:19,_RNvNtNtCskWHisZhi9Z4_4koan8builtins7ascribe16body_transparent
FNDA:69,_RNvNtNtCskWHisZhi9Z4_4koan8builtins7ascribe22abstract_type_names_of
FNDA:40,_RNvNtNtCskWHisZhi9Z4_4koan8builtins7ascribe28resolve_module_and_signature
FNDA:494,_RNvNtNtCskWHisZhi9Z4_4koan8builtins7ascribe8register
FNDA:0,_RNvNvNtNtCskWHisZhi9Z4_4koan8builtins7ascribe28resolve_module_and_signature24type_mismatch_or_missing
FNDA:103,_RNCNvNtNtCskWHisZhi9Z4_4koan8builtins7ascribe22abstract_type_names_ofs_0B7_
FNF:8
FNH:7
DA:20,22
DA:21,22
DA:22,22
DA:25,22
DA:27,22
DA:28,22
DA:29,22
DA:30,22
DA:33,22
DA:34,22
DA:35,0
DA:36,22
DA:42,22
DA:44,22
DA:48,22
DA:50,22
DA:51,22
DA:52,13
DA:53,13
DA:54,13
DA:56,3
DA:57,3
DA:60,3
DA:61,3
DA:62,3
DA:64,0
DA:68,3
DA:69,3
DA:70,3
DA:71,3
DA:73,3
DA:74,3
DA:75,3
DA:76,3
DA:77,3
DA:78,3
DA:79,3
DA:80,3
DA:81,3
DA:83,10
DA:84,10
DA:85,10
DA:86,10
DA:88,13
DA:91,22
DA:92,13
DA:93,13
DA:94,13
DA:95,13
DA:96,9
DA:99,22
DA:100,22
DA:101,32
DA:102,32
DA:103,13
DA:104,19
DA:107,3
DA:108,3
DA:110,3
DA:111,3
DA:112,3
DA:113,16
DA:115,22
DA:116,22
DA:117,3
DA:118,3
DA:119,3
DA:120,3
DA:121,19
DA:124,22
DA:125,2
DA:126,20
DA:128,20
DA:133,20
DA:134,20
DA:138,20
DA:139,22
DA:145,23
DA:146,23
DA:147,23
DA:150,23
DA:151,23
DA:152,0
DA:153,23
DA:154,23
DA:155,23
DA:156,23
DA:157,23
DA:158,23
DA:159,23
DA:162,23
DA:163,23
DA:168,23
DA:169,23
DA:173,45
DA:174,45
DA:175,45
DA:176,45
DA:177,45
DA:178,45
DA:179,45
DA:180,45
DA:181,45
DA:184,0
DA:185,0
DA:186,0
DA:187,0
DA:188,0
DA:189,0
DA:190,0
DA:191,0
DA:192,0
DA:193,0
DA:194,0
DA:195,0
DA:197,0
DA:199,45
DA:200,45
DA:201,0
DA:203,45
DA:204,45
DA:205,0
DA:207,45
DA:208,45
DA:211,45
DA:212,45
DA:213,45
DA:214,45
DA:215,45
DA:216,45
DA:217,45
DA:218,45
DA:222,45
DA:223,45
DA:224,45
DA:225,45
DA:226,45
DA:227,45
DA:228,45
DA:229,45
DA:230,45
DA:231,45
DA:232,45
DA:233,45
DA:234,45
DA:235,59
DA:236,59
DA:237,17
DA:238,42
DA:239,42
DA:240,2
DA:241,2
DA:242,2
DA:243,2
DA:244,40
DA:246,43
DA:247,45
DA:254,75
DA:255,75
DA:256,75
DA:257,75
DA:258,75
DA:259,75
DA:260,109
DA:261,75
DA:262,75
DA:264,537
DA:268,537
DA:269,537
DA:270,537
DA:271,537
DA:272,537
DA:273,537
DA:276,537
DA:277,537
DA:278,537
DA:279,537
DA:280,537
DA:281,537
DA:284,537
DA:285,537
DA:286,537
BRF:0
BRH:0
LF:183
LH:165
end_of_record
SF:/var/home/jack/Code/koan/src/builtins/attr.rs
FN:170,_RNvNtNtCsbv2TPaIhNiJ_4koan8builtins4attr11body_module
FN:239,_RNvNtNtCsbv2TPaIhNiJ_4koan8builtins4attr12access_field
FN:153,_RNvNtNtCsbv2TPaIhNiJ_4koan8builtins4attr12body_newtype
FN:112,_RNvNtNtCsbv2TPaIhNiJ_4koan8builtins4attr13body_type_lhs
FN:69,_RNvNtNtCsbv2TPaIhNiJ_4koan8builtins4attr15body_identifier
FN:44,_RNvNtNtCsbv2TPaIhNiJ_4koan8builtins4attr15read_field_name
FN:198,_RNvNtNtCsbv2TPaIhNiJ_4koan8builtins4attr18access_type_member
FN:299,_RNvNtNtCsbv2TPaIhNiJ_4koan8builtins4attr20access_module_member
FN:36,_RNvNtNtCsbv2TPaIhNiJ_4koan8builtins4attr5route
FN:366,_RNvNtNtCsbv2TPaIhNiJ_4koan8builtins4attr8register
FN:343,_RNCNvNtNtCsbv2TPaIhNiJ_4koan8builtins4attr20access_module_member0B7_
FN:367,_RNCNvNtNtCsbv2TPaIhNiJ_4koan8builtins4attr8register0B7_
FN:395,_RNCNvNtNtCsbv2TPaIhNiJ_4koan8builtins4attr8registers0_0B7_
FN:405,_RNCNvNtNtCsbv2TPaIhNiJ_4koan8builtins4attr8registers1_0B7_
FN:415,_RNCNvNtNtCsbv2TPaIhNiJ_4koan8builtins4attr8registers2_0B7_
FN:426,_RNCNvNtNtCsbv2TPaIhNiJ_4koan8builtins4attr8registers3_0B7_
FN:377,_RNCNvNtNtCsbv2TPaIhNiJ_4koan8builtins4attr8registers_0B7_
FN:170,_RNvNtNtCskWHisZhi9Z4_4koan8builtins4attr11body_module
FN:239,_RNvNtNtCskWHisZhi9Z4_4koan8builtins4attr12access_field
FN:153,_RNvNtNtCskWHisZhi9Z4_4koan8builtins4attr12body_newtype
FN:112,_RNvNtNtCskWHisZhi9Z4_4koan8builtins4attr13body_type_lhs
FN:69,_RNvNtNtCskWHisZhi9Z4_4koan8builtins4attr15body_identifier
FN:44,_RNvNtNtCskWHisZhi9Z4_4koan8builtins4attr15read_field_name
FN:198,_RNvNtNtCskWHisZhi9Z4_4koan8builtins4attr18access_type_member
FN:299,_RNvNtNtCskWHisZhi9Z4_4koan8builtins4attr20access_module_member
FN:36,_RNvNtNtCskWHisZhi9Z4_4koan8builtins4attr5route
FN:366,_RNvNtNtCskWHisZhi9Z4_4koan8builtins4attr8register
FN:343,_RNCNvNtNtCskWHisZhi9Z4_4koan8builtins4attr20access_module_member0B7_
FN:367,_RNCNvNtNtCskWHisZhi9Z4_4koan8builtins4attr8register0B7_
FN:395,_RNCNvNtNtCskWHisZhi9Z4_4koan8builtins4attr8registers0_0B7_
FN:405,_RNCNvNtNtCskWHisZhi9Z4_4koan8builtins4attr8registers1_0B7_
FN:415,_RNCNvNtNtCskWHisZhi9Z4_4koan8builtins4attr8registers2_0B7_
FN:426,_RNCNvNtNtCskWHisZhi9Z4_4koan8builtins4attr8registers3_0B7_
FN:377,_RNCNvNtNtCskWHisZhi9Z4_4koan8builtins4attr8registers_0B7_
FN:494,_RNvNtNtNtCskWHisZhi9Z4_4koan8builtins4attr5testss_24attr_unbound_name_errors
FN:521,_RNvNtNtNtCskWHisZhi9Z4_4koan8builtins4attr5testss_25attr_unknown_field_errors
FN:505,_RNvNtNtNtCskWHisZhi9Z4_4koan8builtins4attr5testss_31attr_on_non_struct_value_errors
FN:537,_RNvNtNtNtCskWHisZhi9Z4_4koan8builtins4attr5testss_33attr_chained_unknown_field_errors
FN:478,_RNvNtNtNtCskWHisZhi9Z4_4koan8builtins4attr5testss_34attr_chained_through_nested_struct
FN:454,_RNvNtNtNtCskWHisZhi9Z4_4koan8builtins4attr5testss_34attr_reads_field_from_named_struct
FN:466,_RNvNtNtNtCskWHisZhi9Z4_4koan8builtins4attr5testss_35attr_reads_each_field_independently
FN:574,_RNvNtNtNtCskWHisZhi9Z4_4koan8builtins4attr5testss_39access_field_rejects_wrapped_non_struct
FN:618,_RNvNtNtNtCskWHisZhi9Z4_4koan8builtins4attr5testss_41transparent_view_slot_read_stays_concrete
FN:597,_RNvNtNtNtCskWHisZhi9Z4_4koan8builtins4attr5testss_48opaque_view_slot_read_re_tags_with_abstract_type
FN:558,_RNvNtNtNtCskWHisZhi9Z4_4koan8builtins4attr5testss_49access_field_falls_through_wrapped_record_newtype
FN:639,_RNvNtNtNtCskWHisZhi9Z4_4koan8builtins4attr5testss_53access_field_falls_through_wrapped_with_missing_field
FNDA:7,_RNvNtNtCsbv2TPaIhNiJ_4koan8builtins4attr11body_module
FNDA:1,_RNvNtNtCsbv2TPaIhNiJ_4koan8builtins4attr12access_field
FNDA:0,_RNvNtNtCsbv2TPaIhNiJ_4koan8builtins4attr12body_newtype
FNDA:0,_RNvNtNtCsbv2TPaIhNiJ_4koan8builtins4attr13body_type_lhs
FNDA:2,_RNvNtNtCsbv2TPaIhNiJ_4koan8builtins4attr15body_identifier
FNDA:9,_RNvNtNtCsbv2TPaIhNiJ_4koan8builtins4attr15read_field_name
FNDA:0,_RNvNtNtCsbv2TPaIhNiJ_4koan8builtins4attr18access_type_member
FNDA:7,_RNvNtNtCsbv2TPaIhNiJ_4koan8builtins4attr20access_module_member
FNDA:8,_RNvNtNtCsbv2TPaIhNiJ_4koan8builtins4attr5route
FNDA:43,_RNvNtNtCsbv2TPaIhNiJ_4koan8builtins4attr8register
FNDA:0,_RNCNvNtNtCsbv2TPaIhNiJ_4koan8builtins4attr20access_module_member0B7_
FNDA:43,_RNCNvNtNtCsbv2TPaIhNiJ_4koan8builtins4attr8register0B7_
FNDA:43,_RNCNvNtNtCsbv2TPaIhNiJ_4koan8builtins4attr8registers0_0B7_
FNDA:43,_RNCNvNtNtCsbv2TPaIhNiJ_4koan8builtins4attr8registers1_0B7_
FNDA:43,_RNCNvNtNtCsbv2TPaIhNiJ_4koan8builtins4attr8registers2_0B7_
FNDA:43,_RNCNvNtNtCsbv2TPaIhNiJ_4koan8builtins4attr8registers3_0B7_
FNDA:43,_RNCNvNtNtCsbv2TPaIhNiJ_4koan8builtins4attr8registers_0B7_
FNDA:20,_RNvNtNtCskWHisZhi9Z4_4koan8builtins4attr11body_module
FNDA:21,_RNvNtNtCskWHisZhi9Z4_4koan8builtins4attr12access_field
FNDA:2,_RNvNtNtCskWHisZhi9Z4_4koan8builtins4attr12body_newtype
FNDA:1,_RNvNtNtCskWHisZhi9Z4_4koan8builtins4attr13body_type_lhs
FNDA:22,_RNvNtNtCskWHisZhi9Z4_4koan8builtins4attr15body_identifier
FNDA:45,_RNvNtNtCskWHisZhi9Z4_4koan8builtins4attr15read_field_name
FNDA:0,_RNvNtNtCskWHisZhi9Z4_4koan8builtins4attr18access_type_member
FNDA:23,_RNvNtNtCskWHisZhi9Z4_4koan8builtins4attr20access_module_member
FNDA:43,_RNvNtNtCskWHisZhi9Z4_4koan8builtins4attr5route
FNDA:494,_RNvNtNtCskWHisZhi9Z4_4koan8builtins4attr8register
FNDA:2,_RNCNvNtNtCskWHisZhi9Z4_4koan8builtins4attr20access_module_member0B7_
FNDA:494,_RNCNvNtNtCskWHisZhi9Z4_4koan8builtins4attr8register0B7_
FNDA:494,_RNCNvNtNtCskWHisZhi9Z4_4koan8builtins4attr8registers0_0B7_
FNDA:494,_RNCNvNtNtCskWHisZhi9Z4_4koan8builtins4attr8registers1_0B7_
FNDA:494,_RNCNvNtNtCskWHisZhi9Z4_4koan8builtins4attr8registers2_0B7_
FNDA:494,_RNCNvNtNtCskWHisZhi9Z4_4koan8builtins4attr8registers3_0B7_
FNDA:494,_RNCNvNtNtCskWHisZhi9Z4_4koan8builtins4attr8registers_0B7_
FNDA:1,_RNvNtNtNtCskWHisZhi9Z4_4koan8builtins4attr5testss_24attr_unbound_name_errors
FNDA:1,_RNvNtNtNtCskWHisZhi9Z4_4koan8builtins4attr5testss_25attr_unknown_field_errors
FNDA:1,_RNvNtNtNtCskWHisZhi9Z4_4koan8builtins4attr5testss_31attr_on_non_struct_value_errors
FNDA:1,_RNvNtNtNtCskWHisZhi9Z4_4koan8builtins4attr5testss_33attr_chained_unknown_field_errors
FNDA:1,_RNvNtNtNtCskWHisZhi9Z4_4koan8builtins4attr5testss_34attr_chained_through_nested_struct
FNDA:1,_RNvNtNtNtCskWHisZhi9Z4_4koan8builtins4attr5testss_34attr_reads_field_from_named_struct
FNDA:1,_RNvNtNtNtCskWHisZhi9Z4_4koan8builtins4attr5testss_35attr_reads_each_field_independently
FNDA:1,_RNvNtNtNtCskWHisZhi9Z4_4koan8builtins4attr5testss_39access_field_rejects_wrapped_non_struct
FNDA:1,_RNvNtNtNtCskWHisZhi9Z4_4koan8builtins4attr5testss_41transparent_view_slot_read_stays_concrete
FNDA:1,_RNvNtNtNtCskWHisZhi9Z4_4koan8builtins4attr5testss_48opaque_view_slot_read_re_tags_with_abstract_type
FNDA:1,_RNvNtNtNtCskWHisZhi9Z4_4koan8builtins4attr5testss_49access_field_falls_through_wrapped_record_newtype
FNDA:1,_RNvNtNtNtCskWHisZhi9Z4_4koan8builtins4attr5testss_53access_field_falls_through_wrapped_with_missing_field
FNF:29
FNH:28
DA:36,51
DA:37,51
DA:38,51
DA:39,51
DA:40,51
DA:44,54
DA:46,54
DA:47,42
DA:48,42
DA:49,0
DA:50,0
DA:51,0
DA:52,0
DA:53,0
DA:55,12
DA:56,12
DA:57,12
DA:58,12
DA:59,0
DA:61,0
DA:62,0
DA:63,54
DA:69,24
DA:70,24
DA:71,24
DA:73,24
DA:74,24
DA:75,0
DA:76,0
DA:77,0
DA:78,0
DA:79,0
DA:80,0
DA:82,0
DA:84,24
DA:87,24
DA:88,19
DA:89,5
DA:90,5
DA:91,0
DA:92,3
DA:94,0
DA:97,0
DA:99,0
DA:100,0
DA:102,2
DA:103,2
DA:104,24
DA:112,1
DA:113,1
DA:114,1
DA:116,1
DA:117,1
DA:119,0
DA:120,0
DA:121,0
DA:122,0
DA:123,0
DA:124,0
DA:125,0
DA:129,1
DA:130,1
DA:131,1
DA:134,0
DA:135,0
DA:136,0
DA:138,1
DA:139,1
DA:140,1
DA:141,1
DA:142,1
DA:143,1
DA:144,1
DA:145,1
DA:148,0
DA:150,1
DA:153,2
DA:154,2
DA:155,2
DA:157,2
DA:158,2
DA:159,0
DA:161,2
DA:165,2
DA:166,2
DA:167,2
DA:170,27
DA:171,27
DA:172,27
DA:174,27
DA:175,27
DA:177,0
DA:178,0
DA:179,0
DA:180,0
DA:181,0
DA:182,0
DA:183,0
DA:184,0
DA:185,0
DA:186,0
DA:187,0
DA:191,27
DA:192,27
DA:193,27
DA:198,0
DA:199,0
DA:200,0
DA:201,0
DA:202,0
DA:203,0
DA:206,0
DA:207,0
DA:208,0
DA:210,0
DA:211,0
DA:212,0
DA:213,0
DA:215,0
DA:216,0
DA:217,0
DA:218,0
DA:219,0
DA:220,0
DA:221,0
DA:222,0
DA:228,0
DA:230,0
DA:231,0
DA:232,0
DA:233,0
DA:234,0
DA:235,0
DA:237,0
DA:239,22
DA:240,22
DA:241,22
DA:242,22
DA:243,22
DA:244,22
DA:245,22
DA:255,18
DA:256,17
DA:257,14
DA:261,0
DA:262,3
DA:263,3
DA:264,3
DA:265,3
DA:266,3
DA:268,1
DA:270,4
DA:271,4
DA:272,4
DA:273,4
DA:274,4
DA:276,22
DA:299,30
DA:300,30
DA:301,30
DA:302,30
DA:303,30
DA:304,30
DA:309,10
DA:310,5
DA:311,5
DA:313,5
DA:314,5
DA:315,5
DA:320,20
DA:327,20
DA:329,17
DA:330,17
DA:331,17
DA:333,17
DA:338,2
DA:339,2
DA:341,2
DA:343,2
DA:344,2
DA:345,2
DA:346,2
DA:347,2
DA:348,0
DA:349,2
DA:351,15
DA:352,15
DA:355,2
DA:356,2
DA:357,2
DA:358,2
DA:359,1
DA:360,1
DA:361,1
DA:362,1
DA:364,30
DA:366,537
DA:367,537
DA:368,537
DA:369,537
DA:370,537
DA:371,537
DA:372,537
DA:373,537
DA:376,537
DA:377,537
DA:378,537
DA:379,537
DA:380,537
DA:381,537
DA:382,537
DA:383,537
DA:386,537
DA:395,537
DA:396,537
DA:397,537
DA:398,537
DA:399,537
DA:400,537
DA:401,537
DA:404,537
DA:405,537
DA:406,537
DA:407,537
DA:408,537
DA:409,537
DA:410,537
DA:411,537
DA:414,537
DA:415,537
DA:416,537
DA:417,537
DA:418,537
DA:419,537
DA:420,537
DA:421,537
DA:424,537
DA:426,537
DA:427,537
DA:428,537
DA:429,537
DA:430,537
DA:431,537
DA:432,537
DA:435,537
DA:438,537
DA:439,537
DA:440,537
DA:441,537
DA:442,537
DA:443,537
DA:444,537
DA:454,1
DA:455,1
DA:456,1
DA:457,1
DA:458,1
DA:459,1
DA:461,1
DA:462,1
DA:463,1
DA:466,1
DA:467,1
DA:468,1
DA:469,1
DA:470,1
DA:471,1
DA:473,1
DA:474,1
DA:475,1
DA:478,1
DA:479,1
DA:480,1
DA:481,1
DA:482,1
DA:483,1
DA:484,1
DA:485,1
DA:486,1
DA:487,1
DA:489,1
DA:490,1
DA:491,1
DA:494,1
DA:495,1
DA:496,1
DA:497,1
DA:498,1
DA:499,1
DA:502,1
DA:505,1
DA:506,1
DA:507,1
DA:508,1
DA:509,1
DA:510,1
DA:511,1
DA:512,1
DA:513,1
DA:514,1
DA:516,0
DA:518,1
DA:521,1
DA:522,1
DA:523,1
DA:524,1
DA:525,1
DA:526,1
DA:528,1
DA:529,1
DA:530,1
DA:531,1
DA:534,1
DA:537,1
DA:538,1
DA:539,1
DA:540,1
DA:541,1
DA:542,1
DA:543,1
DA:544,1
DA:545,1
DA:546,1
DA:548,1
DA:549,1
DA:550,1
DA:551,1
DA:554,1
DA:558,1
DA:559,1
DA:560,1
DA:561,1
DA:562,1
DA:563,1
DA:564,1
DA:565,1
DA:566,1
DA:568,1
DA:569,1
DA:570,1
DA:574,1
DA:575,1
DA:576,1
DA:577,1
DA:578,1
DA:579,1
DA:580,1
DA:582,1
DA:583,1
DA:584,1
DA:585,1
DA:586,1
DA:587,1
DA:589,0
DA:591,1
DA:597,1
DA:598,1
DA:599,1
DA:600,1
DA:601,1
DA:602,1
DA:603,1
DA:604,1
DA:606,1
DA:607,1
DA:608,1
DA:611,0
DA:613,1
DA:618,1
DA:619,1
DA:620,1
DA:621,1
DA:622,1
DA:623,1
DA:624,1
DA:625,1
DA:627,1
DA:628,1
DA:629,1
DA:631,0
DA:633,1
DA:639,1
DA:640,1
DA:641,1
DA:642,1
DA:643,1
DA:644,1
DA:645,1
DA:646,1
DA:647,1
DA:649,1
DA:650,1
DA:651,1
DA:652,1
DA:655,1
BRF:0
BRH:0
LF:402
LH:324
end_of_record
SF:/var/home/jack/Code/koan/src/builtins/await_body.rs
FN:30,_RINvNtNtCsbv2TPaIhNiJ_4koan8builtins10await_body19await_body_in_scopeNCNvNtB4_10module_def4body0EB6_
FN:30,_RINvNtNtCsbv2TPaIhNiJ_4koan8builtins10await_body19await_body_in_scopeNCNvNtB4_15recursive_types4bodys_0EB6_
FN:30,_RINvNtNtCsbv2TPaIhNiJ_4koan8builtins10await_body19await_body_in_scopeNCNvNtB4_7sig_def4body0EB6_
FN:36,_RNCINvNtNtCsbv2TPaIhNiJ_4koan8builtins10await_body19await_body_in_scopeNCNvNtB6_10module_def4body0E0B8_
FN:36,_RNCINvNtNtCsbv2TPaIhNiJ_4koan8builtins10await_body19await_body_in_scopeNCNvNtB6_15recursive_types4bodys_0E0B8_
FN:36,_RNCINvNtNtCsbv2TPaIhNiJ_4koan8builtins10await_body19await_body_in_scopeNCNvNtB6_7sig_def4body0E0B8_
FN:30,_RINvNtNtCskWHisZhi9Z4_4koan8builtins10await_body19await_body_in_scopeNCNvNtB4_10module_def4body0EB6_
FN:30,_RINvNtNtCskWHisZhi9Z4_4koan8builtins10await_body19await_body_in_scopeNCNvNtB4_15recursive_types4bodys_0EB6_
FN:30,_RINvNtNtCskWHisZhi9Z4_4koan8builtins10await_body19await_body_in_scopeNCNvNtB4_7sig_def4body0EB6_
FN:36,_RNCINvNtNtCskWHisZhi9Z4_4koan8builtins10await_body19await_body_in_scopeNCNvNtB6_10module_def4body0E0B8_
FN:36,_RNCINvNtNtCskWHisZhi9Z4_4koan8builtins10await_body19await_body_in_scopeNCNvNtB6_15recursive_types4bodys_0E0B8_
FN:36,_RNCINvNtNtCskWHisZhi9Z4_4koan8builtins10await_body19await_body_in_scopeNCNvNtB6_7sig_def4body0E0B8_
FNDA:21,_RINvNtNtCsbv2TPaIhNiJ_4koan8builtins10await_body19await_body_in_scopeNCNvNtB4_10module_def4body0EB6_
FNDA:0,_RINvNtNtCsbv2TPaIhNiJ_4koan8builtins10await_body19await_body_in_scopeNCNvNtB4_15recursive_types4bodys_0EB6_
FNDA:15,_RINvNtNtCsbv2TPaIhNiJ_4koan8builtins10await_body19await_body_in_scopeNCNvNtB4_7sig_def4body0EB6_
FNDA:20,_RNCINvNtNtCsbv2TPaIhNiJ_4koan8builtins10await_body19await_body_in_scopeNCNvNtB6_10module_def4body0E0B8_
FNDA:0,_RNCINvNtNtCsbv2TPaIhNiJ_4koan8builtins10await_body19await_body_in_scopeNCNvNtB6_15recursive_types4bodys_0E0B8_
FNDA:15,_RNCINvNtNtCsbv2TPaIhNiJ_4koan8builtins10await_body19await_body_in_scopeNCNvNtB6_7sig_def4body0E0B8_
FNDA:84,_RINvNtNtCskWHisZhi9Z4_4koan8builtins10await_body19await_body_in_scopeNCNvNtB4_10module_def4body0EB6_
FNDA:4,_RINvNtNtCskWHisZhi9Z4_4koan8builtins10await_body19await_body_in_scopeNCNvNtB4_15recursive_types4bodys_0EB6_
FNDA:70,_RINvNtNtCskWHisZhi9Z4_4koan8builtins10await_body19await_body_in_scopeNCNvNtB4_7sig_def4body0EB6_
FNDA:82,_RNCINvNtNtCskWHisZhi9Z4_4koan8builtins10await_body19await_body_in_scopeNCNvNtB6_10module_def4body0E0B8_
FNDA:3,_RNCINvNtNtCskWHisZhi9Z4_4koan8builtins10await_body19await_body_in_scopeNCNvNtB6_15recursive_types4bodys_0E0B8_
FNDA:68,_RNCINvNtNtCskWHisZhi9Z4_4koan8builtins10await_body19await_body_in_scopeNCNvNtB6_7sig_def4body0E0B8_
FNF:2
FNH:2
DA:30,194
DA:31,194
DA:32,194
DA:33,194
DA:34,194
DA:35,194
DA:36,194
DA:37,188
DA:38,185
DA:39,185
DA:40,188
DA:41,188
DA:42,194
DA:43,194
DA:44,194
DA:45,194
DA:46,194
DA:47,194
DA:48,194
DA:49,194
BRF:0
BRH:0
LF:21
LH:21
end_of_record
SF:/var/home/jack/Code/koan/src/builtins/block_tail.rs
FN:59,_RNCNvNtNtCsbv2TPaIhNiJ_4koan8builtins10block_tail10block_tail0B7_
FN:42,_RNvNtNtCsbv2TPaIhNiJ_4koan8builtins10block_tail10block_tail
FN:42,_RNvNtNtCskWHisZhi9Z4_4koan8builtins10block_tail10block_tail
FN:59,_RNCNvNtNtCskWHisZhi9Z4_4koan8builtins10block_tail10block_tail0B7_
FNDA:0,_RNCNvNtNtCsbv2TPaIhNiJ_4koan8builtins10block_tail10block_tail0B7_
FNDA:1,_RNvNtNtCsbv2TPaIhNiJ_4koan8builtins10block_tail10block_tail
FNDA:126,_RNvNtNtCskWHisZhi9Z4_4koan8builtins10block_tail10block_tail
FNDA:107,_RNCNvNtNtCskWHisZhi9Z4_4koan8builtins10block_tail10block_tail0B7_
FNF:2
FNH:2
DA:42,127
DA:43,127
DA:44,127
DA:45,127
DA:46,127
DA:47,127
DA:48,127
DA:49,127
DA:51,8
DA:52,8
DA:55,107
DA:56,0
DA:58,107
DA:59,107
DA:60,0
DA:61,107
DA:63,12
DA:64,12
DA:65,12
DA:66,12
DA:67,12
DA:70,127
DA:71,8
DA:72,119
DA:73,119
DA:74,119
DA:75,119
DA:76,119
DA:77,119
DA:80,127
DA:81,127
DA:82,127
DA:83,127
DA:84,127
DA:85,127
DA:86,127
DA:87,127
BRF:0
BRH:0
LF:38
LH:36
end_of_record
SF:/var/home/jack/Code/koan/src/builtins/branch_walk.rs
FN:117,_RNvNtNtCsbv2TPaIhNiJ_4koan8builtins11branch_walk16find_branch_body
FN:18,_RNvNtNtCsbv2TPaIhNiJ_4koan8builtins11branch_walk20resolve_arm_contract
FN:71,_RNvNtNtCsbv2TPaIhNiJ_4koan8builtins11branch_walk8arm_tail
FN:93,_RNCNCNvNtNtCsbv2TPaIhNiJ_4koan8builtins11branch_walk8arm_tail00B9_
FN:99,_RNCNCNvNtNtCsbv2TPaIhNiJ_4koan8builtins11branch_walk8arm_tail0s_0B9_
FN:87,_RNCNvNtNtCsbv2TPaIhNiJ_4koan8builtins11branch_walk8arm_tail0B7_
FN:93,_RNCNCNvNtNtCskWHisZhi9Z4_4koan8builtins11branch_walk8arm_tail00B9_
FN:99,_RNCNCNvNtNtCskWHisZhi9Z4_4koan8builtins11branch_walk8arm_tail0s_0B9_
FN:87,_RNCNvNtNtCskWHisZhi9Z4_4koan8builtins11branch_walk8arm_tail0B7_
FN:117,_RNvNtNtCskWHisZhi9Z4_4koan8builtins11branch_walk16find_branch_body
FN:18,_RNvNtNtCskWHisZhi9Z4_4koan8builtins11branch_walk20resolve_arm_contract
FN:71,_RNvNtNtCskWHisZhi9Z4_4koan8builtins11branch_walk8arm_tail
FNDA:0,_RNvNtNtCsbv2TPaIhNiJ_4koan8builtins11branch_walk16find_branch_body
FNDA:0,_RNvNtNtCsbv2TPaIhNiJ_4koan8builtins11branch_walk20resolve_arm_contract
FNDA:0,_RNvNtNtCsbv2TPaIhNiJ_4koan8builtins11branch_walk8arm_tail
FNDA:0,_RNCNCNvNtNtCsbv2TPaIhNiJ_4koan8builtins11branch_walk8arm_tail00B9_
FNDA:0,_RNCNCNvNtNtCsbv2TPaIhNiJ_4koan8builtins11branch_walk8arm_tail0s_0B9_
FNDA:0,_RNCNvNtNtCsbv2TPaIhNiJ_4koan8builtins11branch_walk8arm_tail0B7_
FNDA:86,_RNCNCNvNtNtCskWHisZhi9Z4_4koan8builtins11branch_walk8arm_tail00B9_
FNDA:7,_RNCNCNvNtNtCskWHisZhi9Z4_4koan8builtins11branch_walk8arm_tail0s_0B9_
FNDA:107,_RNCNvNtNtCskWHisZhi9Z4_4koan8builtins11branch_walk8arm_tail0B7_
FNDA:114,_RNvNtNtCskWHisZhi9Z4_4koan8builtins11branch_walk16find_branch_body
FNDA:114,_RNvNtNtCskWHisZhi9Z4_4koan8builtins11branch_walk20resolve_arm_contract
FNDA:107,_RNvNtNtCskWHisZhi9Z4_4koan8builtins11branch_walk8arm_tail
FNF:6
FNH:6
DA:18,114
DA:19,114
DA:20,114
DA:21,114
DA:23,114
DA:24,0
DA:25,0
DA:26,0
DA:30,0
DA:31,0
DA:32,0
DA:33,0
DA:37,114
DA:39,0
DA:40,0
DA:41,0
DA:44,114
DA:45,114
DA:46,114
DA:47,114
DA:48,114
DA:49,114
DA:71,107
DA:72,107
DA:73,107
DA:74,107
DA:75,107
DA:76,107
DA:77,107
DA:81,107
DA:87,107
DA:88,107
DA:89,100
DA:90,100
DA:91,100
DA:92,100
DA:93,100
DA:94,100
DA:96,7
DA:99,7
DA:100,7
DA:103,107
DA:104,107
DA:105,107
DA:106,107
DA:107,107
DA:108,107
DA:109,107
DA:110,107
DA:112,107
DA:117,114
DA:118,114
DA:119,114
DA:120,114
DA:121,114
DA:122,114
DA:123,114
DA:124,0
DA:125,0
DA:126,0
DA:127,0
DA:128,114
DA:129,114
DA:130,114
DA:131,176
DA:132,168
DA:133,168
DA:134,168
DA:135,168
DA:137,155
DA:140,9
DA:141,9
DA:142,6
DA:144,3
DA:148,4
DA:149,0
DA:150,0
DA:151,0
DA:152,0
DA:153,0
DA:156,168
DA:157,168
DA:158,0
DA:159,0
DA:160,0
DA:161,0
DA:162,0
DA:165,168
DA:166,166
DA:167,2
DA:168,2
DA:169,2
DA:170,2
DA:171,2
DA:174,166
DA:175,104
DA:176,62
DA:177,62
DA:178,4
DA:179,58
DA:180,62
DA:182,8
DA:183,114
BRF:0
BRH:0
LF:106
LH:82
end_of_record
SF:/var/home/jack/Code/koan/src/builtins/catch.rs
FN:92,_RNCNCNvNtNtCsbv2TPaIhNiJ_4koan8builtins5catch4body00B9_
FN:111,_RNCNCNvNtNtCsbv2TPaIhNiJ_4koan8builtins5catch4body0s0_0B9_
FN:103,_RNCNCNvNtNtCsbv2TPaIhNiJ_4koan8builtins5catch4body0s_0B9_
FN:59,_RNCNvNtNtCsbv2TPaIhNiJ_4koan8builtins5catch4body0B7_
FN:62,_RNvNCNvNtNtCsbv2TPaIhNiJ_4koan8builtins5catch4body012build_result
FN:38,_RNvNtNtCsbv2TPaIhNiJ_4koan8builtins5catch4body
FN:15,_RNvNtNtCsbv2TPaIhNiJ_4koan8builtins5catch8register
FN:62,_RNvNCNvNtNtCskWHisZhi9Z4_4koan8builtins5catch4body012build_result
FN:38,_RNvNtNtCskWHisZhi9Z4_4koan8builtins5catch4body
FN:15,_RNvNtNtCskWHisZhi9Z4_4koan8builtins5catch8register
FN:92,_RNCNCNvNtNtCskWHisZhi9Z4_4koan8builtins5catch4body00B9_
FN:111,_RNCNCNvNtNtCskWHisZhi9Z4_4koan8builtins5catch4body0s0_0B9_
FN:103,_RNCNCNvNtNtCskWHisZhi9Z4_4koan8builtins5catch4body0s_0B9_
FN:59,_RNCNvNtNtCskWHisZhi9Z4_4koan8builtins5catch4body0B7_
FNDA:0,_RNCNCNvNtNtCsbv2TPaIhNiJ_4koan8builtins5catch4body00B9_
FNDA:0,_RNCNCNvNtNtCsbv2TPaIhNiJ_4koan8builtins5catch4body0s0_0B9_
FNDA:0,_RNCNCNvNtNtCsbv2TPaIhNiJ_4koan8builtins5catch4body0s_0B9_
FNDA:0,_RNCNvNtNtCsbv2TPaIhNiJ_4koan8builtins5catch4body0B7_
FNDA:0,_RNvNCNvNtNtCsbv2TPaIhNiJ_4koan8builtins5catch4body012build_result
FNDA:0,_RNvNtNtCsbv2TPaIhNiJ_4koan8builtins5catch4body
FNDA:43,_RNvNtNtCsbv2TPaIhNiJ_4koan8builtins5catch8register
FNDA:8,_RNvNCNvNtNtCskWHisZhi9Z4_4koan8builtins5catch4body012build_result
FNDA:8,_RNvNtNtCskWHisZhi9Z4_4koan8builtins5catch4body
FNDA:494,_RNvNtNtCskWHisZhi9Z4_4koan8builtins5catch8register
FNDA:3,_RNCNCNvNtNtCskWHisZhi9Z4_4koan8builtins5catch4body00B9_
FNDA:5,_RNCNCNvNtNtCskWHisZhi9Z4_4koan8builtins5catch4body0s0_0B9_
FNDA:5,_RNCNCNvNtNtCskWHisZhi9Z4_4koan8builtins5catch4body0s_0B9_
FNDA:8,_RNCNvNtNtCskWHisZhi9Z4_4koan8builtins5catch4body0B7_
FNF:7
FNH:7
DA:15,537
DA:21,537
DA:22,537
DA:23,0
DA:25,537
DA:26,537
DA:27,537
DA:28,537
DA:29,537
DA:30,537
DA:31,537
DA:33,537
DA:34,537
DA:38,8
DA:39,8
DA:40,8
DA:49,8
DA:52,8
DA:53,8
DA:54,0
DA:58,8
DA:59,8
DA:62,8
DA:63,8
DA:64,8
DA:65,0
DA:67,8
DA:68,8
DA:69,8
DA:70,8
DA:71,8
DA:72,8
DA:73,8
DA:74,8
DA:79,8
DA:80,8
DA:81,8
DA:82,8
DA:83,8
DA:84,8
DA:85,8
DA:86,8
DA:89,3
DA:90,3
DA:91,3
DA:92,3
DA:93,3
DA:94,3
DA:95,3
DA:96,3
DA:97,3
DA:98,3
DA:102,5
DA:103,5
DA:104,5
DA:105,5
DA:108,5
DA:109,5
DA:110,5
DA:111,5
DA:112,5
DA:113,5
DA:114,5
DA:115,5
DA:116,5
DA:117,5
DA:121,8
DA:122,8
DA:123,8
DA:124,8
DA:125,8
DA:126,8
DA:127,8
DA:128,8
DA:129,8
DA:130,8
BRF:0
BRH:0
LF:78
LH:75
end_of_record
SF:/var/home/jack/Code/koan/src/builtins/eval.rs
FN:37,_RNCNvNtNtCsbv2TPaIhNiJ_4koan8builtins4eval4body0B7_
FN:15,_RNvNtNtCsbv2TPaIhNiJ_4koan8builtins4eval4body
FN:47,_RNvNtNtCsbv2TPaIhNiJ_4koan8builtins4eval8register
FN:37,_RNCNvNtNtCskWHisZhi9Z4_4koan8builtins4eval4body0B7_
FN:60,_RNvNtNtNtCskWHisZhi9Z4_4koan8builtins4eval5tests11run_program
FN:117,_RNvNtNtNtCskWHisZhi9Z4_4koan8builtins4eval5testss_21recursive_eval_no_uaf
FN:69,_RNvNtNtNtCskWHisZhi9Z4_4koan8builtins4eval5testss_22eval_of_quoted_literal
FN:103,_RNvNtNtNtCskWHisZhi9Z4_4koan8builtins4eval5testss_34multiline_sigil_collapse_roundtrip
FN:109,_RNvNtNtNtCskWHisZhi9Z4_4koan8builtins4eval5testss_35eval_returns_inner_expression_value
FN:97,_RNvNtNtNtCskWHisZhi9Z4_4koan8builtins4eval5testss_37eval_runs_side_effects_in_quoted_body
FN:75,_RNvNtNtNtCskWHisZhi9Z4_4koan8builtins4eval5testss_38eval_of_function_returning_kexpression
FN:84,_RNvNtNtNtCskWHisZhi9Z4_4koan8builtins4eval5testss_49eval_of_non_kexpression_errors_with_type_mismatch
FN:15,_RNvNtNtCskWHisZhi9Z4_4koan8builtins4eval4body
FN:47,_RNvNtNtCskWHisZhi9Z4_4koan8builtins4eval8register
FNDA:0,_RNCNvNtNtCsbv2TPaIhNiJ_4koan8builtins4eval4body0B7_
FNDA:0,_RNvNtNtCsbv2TPaIhNiJ_4koan8builtins4eval4body
FNDA:43,_RNvNtNtCsbv2TPaIhNiJ_4koan8builtins4eval8register
FNDA:8,_RNCNvNtNtCskWHisZhi9Z4_4koan8builtins4eval4body0B7_
FNDA:6,_RNvNtNtNtCskWHisZhi9Z4_4koan8builtins4eval5tests11run_program
FNDA:1,_RNvNtNtNtCskWHisZhi9Z4_4koan8builtins4eval5testss_21recursive_eval_no_uaf
FNDA:1,_RNvNtNtNtCskWHisZhi9Z4_4koan8builtins4eval5testss_22eval_of_quoted_literal
FNDA:1,_RNvNtNtNtCskWHisZhi9Z4_4koan8builtins4eval5testss_34multiline_sigil_collapse_roundtrip
FNDA:1,_RNvNtNtNtCskWHisZhi9Z4_4koan8builtins4eval5testss_35eval_returns_inner_expression_value
FNDA:1,_RNvNtNtNtCskWHisZhi9Z4_4koan8builtins4eval5testss_37eval_runs_side_effects_in_quoted_body
FNDA:1,_RNvNtNtNtCskWHisZhi9Z4_4koan8builtins4eval5testss_38eval_of_function_returning_kexpression
FNDA:1,_RNvNtNtNtCskWHisZhi9Z4_4koan8builtins4eval5testss_49eval_of_non_kexpression_errors_with_type_mismatch
FNDA:9,_RNvNtNtCskWHisZhi9Z4_4koan8builtins4eval4body
FNDA:494,_RNvNtNtCskWHisZhi9Z4_4koan8builtins4eval8register
FNF:11
FNH:11
DA:15,9
DA:16,9
DA:17,9
DA:22,9
DA:23,8
DA:24,1
DA:25,1
DA:26,1
DA:27,1
DA:28,1
DA:29,1
DA:31,0
DA:37,8
DA:38,8
DA:39,8
DA:40,8
DA:41,8
DA:42,8
DA:43,8
DA:45,9
DA:47,537
DA:48,537
DA:49,537
DA:50,537
DA:60,6
DA:61,6
DA:62,6
DA:63,6
DA:64,6
DA:65,6
DA:66,6
DA:69,1
DA:70,1
DA:71,1
DA:72,1
DA:75,1
DA:76,1
DA:77,1
DA:78,1
DA:80,1
DA:81,1
DA:84,1
DA:85,1
DA:86,1
DA:87,1
DA:88,1
DA:89,1
DA:90,1
DA:91,1
DA:94,1
DA:97,1
DA:98,1
DA:99,1
DA:100,1
DA:103,1
DA:104,1
DA:105,1
DA:106,1
DA:109,1
DA:112,1
DA:113,1
DA:114,1
DA:117,1
DA:121,1
DA:122,1
DA:123,1
DA:124,1
DA:125,1
DA:126,1
DA:127,1
DA:129,1
DA:130,1
BRF:0
BRH:0
LF:73
LH:72
end_of_record
SF:/var/home/jack/Code/koan/src/builtins/fn_def.rs
FN:62,_RNvNtNtCsbv2TPaIhNiJ_4koan8builtins6fn_def13build_fn_like
FN:142,_RNvNtNtCsbv2TPaIhNiJ_4koan8builtins6fn_def18body_record_schema
FN:23,_RNvNtNtCsbv2TPaIhNiJ_4koan8builtins6fn_def19collect_param_types
FN:127,_RNvNtNtCsbv2TPaIhNiJ_4koan8builtins6fn_def4body
FN:205,_RNvNtNtCsbv2TPaIhNiJ_4koan8builtins6fn_def8register
FN:165,_RNCNvNtNtCsbv2TPaIhNiJ_4koan8builtins6fn_def18body_record_schema0B7_
FN:228,_RNCNvNtNtCsbv2TPaIhNiJ_4koan8builtins6fn_def8register0B7_
FN:262,_RNCNvNtNtCsbv2TPaIhNiJ_4koan8builtins6fn_def8registers0_0B7_
FN:245,_RNCNvNtNtCsbv2TPaIhNiJ_4koan8builtins6fn_def8registers_0B7_
FN:62,_RNvNtNtCskWHisZhi9Z4_4koan8builtins6fn_def13build_fn_like
FN:142,_RNvNtNtCskWHisZhi9Z4_4koan8builtins6fn_def18body_record_schema
FN:23,_RNvNtNtCskWHisZhi9Z4_4koan8builtins6fn_def19collect_param_types
FN:127,_RNvNtNtCskWHisZhi9Z4_4koan8builtins6fn_def4body
FN:205,_RNvNtNtCskWHisZhi9Z4_4koan8builtins6fn_def8register
FN:165,_RNCNvNtNtCskWHisZhi9Z4_4koan8builtins6fn_def18body_record_schema0B7_
FN:228,_RNCNvNtNtCskWHisZhi9Z4_4koan8builtins6fn_def8register0B7_
FN:262,_RNCNvNtNtCskWHisZhi9Z4_4koan8builtins6fn_def8registers0_0B7_
FN:245,_RNCNvNtNtCskWHisZhi9Z4_4koan8builtins6fn_def8registers_0B7_
FNDA:18,_RNvNtNtCsbv2TPaIhNiJ_4koan8builtins6fn_def13build_fn_like
FNDA:0,_RNvNtNtCsbv2TPaIhNiJ_4koan8builtins6fn_def18body_record_schema
FNDA:7,_RNvNtNtCsbv2TPaIhNiJ_4koan8builtins6fn_def19collect_param_types
FNDA:11,_RNvNtNtCsbv2TPaIhNiJ_4koan8builtins6fn_def4body
FNDA:43,_RNvNtNtCsbv2TPaIhNiJ_4koan8builtins6fn_def8register
FNDA:0,_RNCNvNtNtCsbv2TPaIhNiJ_4koan8builtins6fn_def18body_record_schema0B7_
FNDA:43,_RNCNvNtNtCsbv2TPaIhNiJ_4koan8builtins6fn_def8register0B7_
FNDA:43,_RNCNvNtNtCsbv2TPaIhNiJ_4koan8builtins6fn_def8registers0_0B7_
FNDA:43,_RNCNvNtNtCsbv2TPaIhNiJ_4koan8builtins6fn_def8registers_0B7_
FNDA:272,_RNvNtNtCskWHisZhi9Z4_4koan8builtins6fn_def13build_fn_like
FNDA:8,_RNvNtNtCskWHisZhi9Z4_4koan8builtins6fn_def18body_record_schema
FNDA:18,_RNvNtNtCskWHisZhi9Z4_4koan8builtins6fn_def19collect_param_types
FNDA:254,_RNvNtNtCskWHisZhi9Z4_4koan8builtins6fn_def4body
FNDA:494,_RNvNtNtCskWHisZhi9Z4_4koan8builtins6fn_def8register
FNDA:7,_RNCNvNtNtCskWHisZhi9Z4_4koan8builtins6fn_def18body_record_schema0B7_
FNDA:494,_RNCNvNtNtCskWHisZhi9Z4_4koan8builtins6fn_def8register0B7_
FNDA:494,_RNCNvNtNtCskWHisZhi9Z4_4koan8builtins6fn_def8registers0_0B7_
FNDA:494,_RNCNvNtNtCskWHisZhi9Z4_4koan8builtins6fn_def8registers_0B7_
FNF:9
FNH:9
DA:23,25
DA:24,25
DA:25,25
DA:26,25
DA:28,25
DA:29,25
DA:30,25
DA:31,25
DA:32,75
DA:33,50
DA:34,7
DA:35,18
DA:36,25
DA:38,50
DA:39,25
DA:40,25
DA:41,25
DA:42,25
DA:43,25
DA:44,0
DA:45,0
DA:46,25
DA:47,25
DA:48,25
DA:49,25
DA:51,25
DA:52,25
DA:62,290
DA:63,290
DA:64,290
DA:65,290
DA:66,290
DA:71,290
DA:72,290
DA:73,290
DA:74,290
DA:75,290
DA:76,25
DA:77,265
DA:79,290
DA:80,290
DA:81,290
DA:82,290
DA:83,290
DA:84,290
DA:85,290
DA:86,290
DA:87,287
DA:88,2
DA:89,285
DA:90,285
DA:91,213
DA:92,4
DA:93,4
DA:96,68
DA:97,68
DA:98,68
DA:99,68
DA:100,68
DA:101,68
DA:103,281
DA:104,281
DA:106,190
DA:107,190
DA:108,190
DA:109,190
DA:110,190
DA:111,190
DA:112,190
DA:113,190
DA:114,190
DA:116,91
DA:118,290
DA:127,265
DA:128,265
DA:129,265
DA:130,265
DA:131,265
DA:142,8
DA:143,8
DA:144,8
DA:149,8
DA:150,7
DA:151,1
DA:152,1
DA:153,1
DA:154,1
DA:155,1
DA:158,0
DA:159,0
DA:160,0
DA:163,7
DA:164,7
DA:165,7
DA:166,7
DA:167,7
DA:168,7
DA:169,7
DA:170,7
DA:171,7
DA:172,7
DA:173,7
DA:174,7
DA:175,7
DA:176,7
DA:177,7
DA:178,7
DA:179,7
DA:180,7
DA:181,7
DA:182,7
DA:183,7
DA:184,7
DA:185,7
DA:186,7
DA:187,7
DA:188,7
DA:189,7
DA:190,7
DA:192,0
DA:193,0
DA:194,0
DA:195,0
DA:196,0
DA:197,0
DA:198,0
DA:199,0
DA:203,8
DA:205,537
DA:228,537
DA:229,537
DA:230,537
DA:231,537
DA:232,537
DA:233,537
DA:234,537
DA:235,537
DA:236,537
DA:237,537
DA:240,537
DA:245,537
DA:246,537
DA:247,537
DA:248,537
DA:249,537
DA:250,537
DA:251,537
DA:252,537
DA:253,537
DA:254,537
DA:257,537
DA:262,537
DA:263,537
DA:264,537
DA:265,537
DA:266,537
DA:267,537
DA:268,537
DA:269,537
DA:270,537
DA:271,537
DA:274,537
DA:276,537
DA:277,537
DA:278,537
DA:279,537
DA:280,537
DA:281,537
DA:282,537
DA:285,537
DA:286,537
DA:287,537
DA:288,537
DA:289,537
DA:290,537
DA:291,537
DA:294,537
DA:295,537
DA:296,537
DA:297,537
DA:298,537
DA:299,537
DA:300,537
DA:303,537
BRF:0
BRH:0
LF:188
LH:175
end_of_record
SF:/var/home/jack/Code/koan/src/builtins/fn_def/finalize.rs
FN:192,_RNvNtNtNtCsbv2TPaIhNiJ_4koan8builtins6fn_def8finalize21finalize_fn_with_kind
FN:278,_RNvNtNtNtCsbv2TPaIhNiJ_4koan8builtins6fn_def8finalize5defer
FN:88,_RNvNtNtNtCsbv2TPaIhNiJ_4koan8builtins6fn_def8finalize8classify
FN:263,_RNvNtNtNtCsbv2TPaIhNiJ_4koan8builtins6fn_def8finalize9fn_action
FN:218,_RNCNvNtNtNtCsbv2TPaIhNiJ_4koan8builtins6fn_def8finalize21finalize_fn_with_kind0B9_
FN:320,_RNCNvNtNtNtCsbv2TPaIhNiJ_4koan8builtins6fn_def8finalize5defer0B9_
FN:192,_RNvNtNtNtCskWHisZhi9Z4_4koan8builtins6fn_def8finalize21finalize_fn_with_kind
FN:278,_RNvNtNtNtCskWHisZhi9Z4_4koan8builtins6fn_def8finalize5defer
FN:88,_RNvNtNtNtCskWHisZhi9Z4_4koan8builtins6fn_def8finalize8classify
FN:263,_RNvNtNtNtCskWHisZhi9Z4_4koan8builtins6fn_def8finalize9fn_action
FN:218,_RNCNvNtNtNtCskWHisZhi9Z4_4koan8builtins6fn_def8finalize21finalize_fn_with_kind0B9_
FN:320,_RNCNvNtNtNtCskWHisZhi9Z4_4koan8builtins6fn_def8finalize5defer0B9_
FNDA:18,_RNvNtNtNtCsbv2TPaIhNiJ_4koan8builtins6fn_def8finalize21finalize_fn_with_kind
FNDA:1,_RNvNtNtNtCsbv2TPaIhNiJ_4koan8builtins6fn_def8finalize5defer
FNDA:18,_RNvNtNtNtCsbv2TPaIhNiJ_4koan8builtins6fn_def8finalize8classify
FNDA:18,_RNvNtNtNtCsbv2TPaIhNiJ_4koan8builtins6fn_def8finalize9fn_action
FNDA:18,_RNCNvNtNtNtCsbv2TPaIhNiJ_4koan8builtins6fn_def8finalize21finalize_fn_with_kind0B9_
FNDA:1,_RNCNvNtNtNtCsbv2TPaIhNiJ_4koan8builtins6fn_def8finalize5defer0B9_
FNDA:268,_RNvNtNtNtCskWHisZhi9Z4_4koan8builtins6fn_def8finalize21finalize_fn_with_kind
FNDA:90,_RNvNtNtNtCskWHisZhi9Z4_4koan8builtins6fn_def8finalize5defer
FNDA:270,_RNvNtNtNtCskWHisZhi9Z4_4koan8builtins6fn_def8finalize8classify
FNDA:268,_RNvNtNtNtCskWHisZhi9Z4_4koan8builtins6fn_def8finalize9fn_action
FNDA:273,_RNCNvNtNtNtCskWHisZhi9Z4_4koan8builtins6fn_def8finalize21finalize_fn_with_kind0B9_
FNDA:90,_RNCNvNtNtNtCskWHisZhi9Z4_4koan8builtins6fn_def8finalize5defer0B9_
FNF:6
FNH:6
DA:88,288
DA:89,288
DA:90,179
DA:91,179
DA:92,179
DA:93,179
DA:94,18
DA:95,18
DA:96,18
DA:97,18
DA:98,23
DA:100,23
DA:101,23
DA:102,23
DA:103,23
DA:104,23
DA:105,23
DA:106,23
DA:109,61
DA:111,61
DA:112,61
DA:114,61
DA:115,61
DA:116,61
DA:117,61
DA:118,61
DA:119,61
DA:120,61
DA:122,0
DA:124,0
DA:125,0
DA:127,0
DA:128,0
DA:129,0
DA:130,0
DA:131,0
DA:132,0
DA:133,0
DA:134,0
DA:135,0
DA:137,7
DA:139,7
DA:140,7
DA:145,7
DA:146,7
DA:147,7
DA:148,7
DA:149,7
DA:150,7
DA:151,7
DA:153,0
DA:156,0
DA:157,0
DA:158,0
DA:159,0
DA:160,0
DA:161,0
DA:162,0
DA:166,0
DA:167,0
DA:170,0
DA:171,0
DA:174,0
DA:175,0
DA:176,0
DA:177,0
DA:178,0
DA:179,0
DA:180,0
DA:181,0
DA:184,288
DA:192,286
DA:193,286
DA:194,286
DA:195,286
DA:196,286
DA:197,286
DA:198,286
DA:199,286
DA:200,286
DA:203,286
DA:204,23
DA:205,21
DA:206,1
DA:207,1
DA:208,1
DA:209,1
DA:210,1
DA:211,20
DA:212,2
DA:213,263
DA:218,291
DA:219,277
DA:220,14
DA:221,291
DA:223,285
DA:224,285
DA:225,285
DA:226,285
DA:228,285
DA:229,285
DA:230,285
DA:231,285
DA:232,285
DA:233,285
DA:234,285
DA:235,285
DA:236,285
DA:239,285
DA:240,285
DA:241,278
DA:242,277
DA:244,1
DA:245,1
DA:246,1
DA:247,1
DA:250,277
DA:251,7
DA:258,282
DA:259,286
DA:263,286
DA:264,286
DA:265,286
DA:266,286
DA:267,282
DA:268,4
DA:270,286
DA:278,91
DA:279,91
DA:280,91
DA:281,91
DA:282,91
DA:283,91
DA:284,91
DA:289,91
DA:290,91
DA:291,91
DA:292,91
DA:293,91
DA:294,91
DA:298,91
DA:299,91
DA:300,91
DA:301,91
DA:302,91
DA:303,91
DA:304,91
DA:305,30
DA:306,30
DA:307,30
DA:308,30
DA:309,30
DA:310,61
DA:311,91
DA:312,91
DA:313,67
DA:314,67
DA:315,67
DA:316,67
DA:317,67
DA:318,67
DA:319,67
DA:320,91
DA:321,91
DA:322,91
DA:323,67
DA:324,67
DA:325,1
DA:326,1
DA:327,1
DA:328,1
DA:329,1
DA:330,66
DA:337,66
DA:338,66
DA:339,66
DA:341,90
DA:342,89
DA:343,90
DA:344,89
DA:345,0
DA:347,89
DA:348,89
DA:349,89
DA:350,0
DA:351,0
DA:354,0
DA:355,0
DA:356,0
DA:357,0
DA:362,89
DA:363,89
DA:364,89
DA:365,89
DA:366,89
DA:367,89
DA:368,89
DA:370,91
DA:371,91
DA:372,91
BRF:0
BRH:0
LF:202
LH:163
end_of_record
SF:/var/home/jack/Code/koan/src/builtins/fn_def/param_refs.rs
FN:21,_RNvNtNtNtCsbv2TPaIhNiJ_4koan8builtins6fn_def10param_refs19part_references_any
FN:11,_RNvNtNtNtCsbv2TPaIhNiJ_4koan8builtins6fn_def10param_refs24type_expr_references_any
FN:15,_RNvNtNtNtCsbv2TPaIhNiJ_4koan8builtins6fn_def10param_refs26kexpression_references_any
FN:23,_RNCNvNtNtNtCsbv2TPaIhNiJ_4koan8builtins6fn_def10param_refs19part_references_any0B9_
FN:32,_RNCNvNtNtNtCsbv2TPaIhNiJ_4koan8builtins6fn_def10param_refs19part_references_anys0_0B9_
FN:39,_RNCNvNtNtNtCsbv2TPaIhNiJ_4koan8builtins6fn_def10param_refs19part_references_anys1_0B9_
FN:30,_RNCNvNtNtNtCsbv2TPaIhNiJ_4koan8builtins6fn_def10param_refs19part_references_anys_0B9_
FN:12,_RNCNvNtNtNtCsbv2TPaIhNiJ_4koan8builtins6fn_def10param_refs24type_expr_references_any0B9_
FN:18,_RNCNvNtNtNtCsbv2TPaIhNiJ_4koan8builtins6fn_def10param_refs26kexpression_references_any0B9_
FN:23,_RNCNvNtNtNtCskWHisZhi9Z4_4koan8builtins6fn_def10param_refs19part_references_any0B9_
FN:32,_RNCNvNtNtNtCskWHisZhi9Z4_4koan8builtins6fn_def10param_refs19part_references_anys0_0B9_
FN:39,_RNCNvNtNtNtCskWHisZhi9Z4_4koan8builtins6fn_def10param_refs19part_references_anys1_0B9_
FN:30,_RNCNvNtNtNtCskWHisZhi9Z4_4koan8builtins6fn_def10param_refs19part_references_anys_0B9_
FN:12,_RNCNvNtNtNtCskWHisZhi9Z4_4koan8builtins6fn_def10param_refs24type_expr_references_any0B9_
FN:18,_RNCNvNtNtNtCskWHisZhi9Z4_4koan8builtins6fn_def10param_refs26kexpression_references_any0B9_
FN:21,_RNvNtNtNtCskWHisZhi9Z4_4koan8builtins6fn_def10param_refs19part_references_any
FN:11,_RNvNtNtNtCskWHisZhi9Z4_4koan8builtins6fn_def10param_refs24type_expr_references_any
FN:15,_RNvNtNtNtCskWHisZhi9Z4_4koan8builtins6fn_def10param_refs26kexpression_references_any
FNDA:6,_RNvNtNtNtCsbv2TPaIhNiJ_4koan8builtins6fn_def10param_refs19part_references_any
FNDA:4,_RNvNtNtNtCsbv2TPaIhNiJ_4koan8builtins6fn_def10param_refs24type_expr_references_any
FNDA:2,_RNvNtNtNtCsbv2TPaIhNiJ_4koan8builtins6fn_def10param_refs26kexpression_references_any
FNDA:0,_RNCNvNtNtNtCsbv2TPaIhNiJ_4koan8builtins6fn_def10param_refs19part_references_any0B9_
FNDA:0,_RNCNvNtNtNtCsbv2TPaIhNiJ_4koan8builtins6fn_def10param_refs19part_references_anys0_0B9_
FNDA:0,_RNCNvNtNtNtCsbv2TPaIhNiJ_4koan8builtins6fn_def10param_refs19part_references_anys1_0B9_
FNDA:0,_RNCNvNtNtNtCsbv2TPaIhNiJ_4koan8builtins6fn_def10param_refs19part_references_anys_0B9_
FNDA:4,_RNCNvNtNtNtCsbv2TPaIhNiJ_4koan8builtins6fn_def10param_refs24type_expr_references_any0B9_
FNDA:6,_RNCNvNtNtNtCsbv2TPaIhNiJ_4koan8builtins6fn_def10param_refs26kexpression_references_any0B9_
FNDA:8,_RNCNvNtNtNtCskWHisZhi9Z4_4koan8builtins6fn_def10param_refs19part_references_any0B9_
FNDA:1,_RNCNvNtNtNtCskWHisZhi9Z4_4koan8builtins6fn_def10param_refs19part_references_anys0_0B9_
FNDA:5,_RNCNvNtNtNtCskWHisZhi9Z4_4koan8builtins6fn_def10param_refs19part_references_anys1_0B9_
FNDA:1,_RNCNvNtNtNtCskWHisZhi9Z4_4koan8builtins6fn_def10param_refs19part_references_anys_0B9_
FNDA:50,_RNCNvNtNtNtCskWHisZhi9Z4_4koan8builtins6fn_def10param_refs24type_expr_references_any0B9_
FNDA:134,_RNCNvNtNtNtCskWHisZhi9Z4_4koan8builtins6fn_def10param_refs26kexpression_references_any0B9_
FNDA:142,_RNvNtNtNtCskWHisZhi9Z4_4koan8builtins6fn_def10param_refs19part_references_any
FNDA:66,_RNvNtNtNtCskWHisZhi9Z4_4koan8builtins6fn_def10param_refs24type_expr_references_any
FNDA:51,_RNvNtNtNtCskWHisZhi9Z4_4koan8builtins6fn_def10param_refs26kexpression_references_any
FNF:9
FNH:9
DA:11,70
DA:12,70
DA:13,70
DA:15,53
DA:16,53
DA:17,53
DA:18,140
DA:19,53
DA:21,148
DA:22,148
DA:23,10
DA:24,55
DA:25,9
DA:26,1
DA:28,0
DA:29,1
DA:30,1
DA:32,1
DA:33,1
DA:34,1
DA:37,4
DA:38,4
DA:39,5
DA:40,67
DA:42,148
BRF:0
BRH:0
LF:31
LH:30
end_of_record
SF:/var/home/jack/Code/koan/src/builtins/fn_def/return_type.rs
FN:215,_RNvNtNtNtCsbv2TPaIhNiJ_4koan8builtins6fn_def11return_type12make_capture
FN:91,_RNvNtNtNtCsbv2TPaIhNiJ_4koan8builtins6fn_def11return_type20classify_return_type
FN:150,_RNvNtNtNtCsbv2TPaIhNiJ_4koan8builtins6fn_def11return_type20verdict_for_resolved
FN:58,_RNvNtNtNtCsbv2TPaIhNiJ_4koan8builtins6fn_def11return_type23extract_return_type_raw
FN:222,_RNvNtNtNtCsbv2TPaIhNiJ_4koan8builtins6fn_def11return_type25resolve_capture_at_finish
FN:165,_RNvNtNtNtCsbv2TPaIhNiJ_4koan8builtins6fn_def11return_type30verdict_for_deferred_type_expr
FN:190,_RNvNtNtNtCsbv2TPaIhNiJ_4koan8builtins6fn_def11return_type31verdict_for_deferred_expression
FN:231,_RNCNvNtNtNtCsbv2TPaIhNiJ_4koan8builtins6fn_def11return_type25resolve_capture_at_finish0B9_
FN:191,_RNCNvNtNtNtCsbv2TPaIhNiJ_4koan8builtins6fn_def11return_type31verdict_for_deferred_expression0B9_
FN:231,_RNCNvNtNtNtCskWHisZhi9Z4_4koan8builtins6fn_def11return_type25resolve_capture_at_finish0B9_
FN:191,_RNCNvNtNtNtCskWHisZhi9Z4_4koan8builtins6fn_def11return_type31verdict_for_deferred_expression0B9_
FN:215,_RNvNtNtNtCskWHisZhi9Z4_4koan8builtins6fn_def11return_type12make_capture
FN:91,_RNvNtNtNtCskWHisZhi9Z4_4koan8builtins6fn_def11return_type20classify_return_type
FN:150,_RNvNtNtNtCskWHisZhi9Z4_4koan8builtins6fn_def11return_type20verdict_for_resolved
FN:58,_RNvNtNtNtCskWHisZhi9Z4_4koan8builtins6fn_def11return_type23extract_return_type_raw
FN:222,_RNvNtNtNtCskWHisZhi9Z4_4koan8builtins6fn_def11return_type25resolve_capture_at_finish
FN:165,_RNvNtNtNtCskWHisZhi9Z4_4koan8builtins6fn_def11return_type30verdict_for_deferred_type_expr
FN:190,_RNvNtNtNtCskWHisZhi9Z4_4koan8builtins6fn_def11return_type31verdict_for_deferred_expression
FNDA:0,_RNvNtNtNtCsbv2TPaIhNiJ_4koan8builtins6fn_def11return_type12make_capture
FNDA:18,_RNvNtNtNtCsbv2TPaIhNiJ_4koan8builtins6fn_def11return_type20classify_return_type
FNDA:17,_RNvNtNtNtCsbv2TPaIhNiJ_4koan8builtins6fn_def11return_type20verdict_for_resolved
FNDA:18,_RNvNtNtNtCsbv2TPaIhNiJ_4koan8builtins6fn_def11return_type23extract_return_type_raw
FNDA:1,_RNvNtNtNtCsbv2TPaIhNiJ_4koan8builtins6fn_def11return_type25resolve_capture_at_finish
FNDA:0,_RNvNtNtNtCsbv2TPaIhNiJ_4koan8builtins6fn_def11return_type30verdict_for_deferred_type_expr
FNDA:0,_RNvNtNtNtCsbv2TPaIhNiJ_4koan8builtins6fn_def11return_type31verdict_for_deferred_expression
FNDA:0,_RNCNvNtNtNtCsbv2TPaIhNiJ_4koan8builtins6fn_def11return_type25resolve_capture_at_finish0B9_
FNDA:0,_RNCNvNtNtNtCsbv2TPaIhNiJ_4koan8builtins6fn_def11return_type31verdict_for_deferred_expression0B9_
FNDA:0,_RNCNvNtNtNtCskWHisZhi9Z4_4koan8builtins6fn_def11return_type25resolve_capture_at_finish0B9_
FNDA:1,_RNCNvNtNtNtCskWHisZhi9Z4_4koan8builtins6fn_def11return_type31verdict_for_deferred_expression0B9_
FNDA:0,_RNvNtNtNtCskWHisZhi9Z4_4koan8builtins6fn_def11return_type12make_capture
FNDA:279,_RNvNtNtNtCskWHisZhi9Z4_4koan8builtins6fn_def11return_type20classify_return_type
FNDA:228,_RNvNtNtNtCskWHisZhi9Z4_4koan8builtins6fn_def11return_type20verdict_for_resolved
FNDA:279,_RNvNtNtNtCskWHisZhi9Z4_4koan8builtins6fn_def11return_type23extract_return_type_raw
FNDA:89,_RNvNtNtNtCskWHisZhi9Z4_4koan8builtins6fn_def11return_type25resolve_capture_at_finish
FNDA:2,_RNvNtNtNtCskWHisZhi9Z4_4koan8builtins6fn_def11return_type30verdict_for_deferred_type_expr
FNDA:1,_RNvNtNtNtCskWHisZhi9Z4_4koan8builtins6fn_def11return_type31verdict_for_deferred_expression
FNF:9
FNH:7
DA:58,297
DA:60,297
DA:61,254
DA:62,15
DA:63,239
DA:65,43
DA:66,43
DA:68,0
DA:69,0
DA:70,0
DA:71,0
DA:73,297
DA:91,297
DA:92,297
DA:93,297
DA:94,297
DA:95,297
DA:96,297
DA:97,297
DA:98,297
DA:99,239
DA:100,239
DA:101,239
DA:103,15
DA:104,15
DA:105,6
DA:106,2
DA:107,4
DA:109,6
DA:110,9
DA:113,9
DA:114,6
DA:115,0
DA:118,3
DA:119,3
DA:122,6
DA:123,6
DA:124,6
DA:126,0
DA:128,6
DA:130,43
DA:131,43
DA:132,13
DA:133,1
DA:134,12
DA:136,13
DA:137,13
DA:138,13
DA:139,13
DA:141,30
DA:142,30
DA:143,30
DA:144,30
DA:148,297
DA:150,245
DA:151,245
DA:152,244
DA:154,1
DA:155,1
DA:156,1
DA:157,1
DA:159,245
DA:165,2
DA:166,2
DA:167,2
DA:168,2
DA:171,2
DA:172,2
DA:173,2
DA:175,0
DA:176,0
DA:177,0
DA:178,0
DA:179,0
DA:180,0
DA:183,0
DA:185,2
DA:190,1
DA:191,1
DA:192,1
DA:193,0
DA:194,1
DA:195,1
DA:196,1
DA:197,1
DA:198,1
DA:199,1
DA:200,1
DA:201,1
DA:202,1
DA:203,0
DA:204,0
DA:205,0
DA:206,0
DA:207,0
DA:208,0
DA:209,0
DA:210,0
DA:211,0
DA:213,1
DA:215,0
DA:216,0
DA:217,0
DA:222,90
DA:223,90
DA:224,90
DA:225,90
DA:226,90
DA:227,90
DA:228,60
DA:229,0
DA:230,0
DA:231,0
DA:232,0
DA:233,0
DA:234,0
DA:236,0
DA:237,30
DA:238,30
DA:246,29
DA:247,29
DA:250,90
BRF:0
BRH:0
LF:124
LH:90
end_of_record
SF:/var/home/jack/Code/koan/src/builtins/fn_def/signature.rs
FN:209,_RNCNvNtNtNtCsbv2TPaIhNiJ_4koan8builtins6fn_def9signature13binder_bucket0B9_
FN:227,_RNCNvNtNtNtCsbv2TPaIhNiJ_4koan8builtins6fn_def9signature13binder_buckets_0B9_
FN:194,_RNvNtNtNtCsbv2TPaIhNiJ_4koan8builtins6fn_def9signature13binder_bucket
FN:62,_RNvNtNtNtCsbv2TPaIhNiJ_4koan8builtins6fn_def9signature19parse_fn_param_list
FN:252,_RNvNtNtNtCsbv2TPaIhNiJ_4koan8builtins6fn_def9signature19signature_expr_part
FN:12,_RNvNtNtNtCsbv2TPaIhNiJ_4koan8builtins6fn_def9signature34collect_param_names_from_signature
FN:194,_RNvNtNtNtCskWHisZhi9Z4_4koan8builtins6fn_def9signature13binder_bucket
FN:62,_RNvNtNtNtCskWHisZhi9Z4_4koan8builtins6fn_def9signature19parse_fn_param_list
FN:252,_RNvNtNtNtCskWHisZhi9Z4_4koan8builtins6fn_def9signature19signature_expr_part
FN:12,_RNvNtNtNtCskWHisZhi9Z4_4koan8builtins6fn_def9signature34collect_param_names_from_signature
FN:209,_RNCNvNtNtNtCskWHisZhi9Z4_4koan8builtins6fn_def9signature13binder_bucket0B9_
FN:227,_RNCNvNtNtNtCskWHisZhi9Z4_4koan8builtins6fn_def9signature13binder_buckets_0B9_
FNDA:30,_RNCNvNtNtNtCsbv2TPaIhNiJ_4koan8builtins6fn_def9signature13binder_bucket0B9_
FNDA:10,_RNCNvNtNtNtCsbv2TPaIhNiJ_4koan8builtins6fn_def9signature13binder_buckets_0B9_
FNDA:36,_RNvNtNtNtCsbv2TPaIhNiJ_4koan8builtins6fn_def9signature13binder_bucket
FNDA:19,_RNvNtNtNtCsbv2TPaIhNiJ_4koan8builtins6fn_def9signature19parse_fn_param_list
FNDA:36,_RNvNtNtNtCsbv2TPaIhNiJ_4koan8builtins6fn_def9signature19signature_expr_part
FNDA:18,_RNvNtNtNtCsbv2TPaIhNiJ_4koan8builtins6fn_def9signature34collect_param_names_from_signature
FNDA:553,_RNvNtNtNtCskWHisZhi9Z4_4koan8builtins6fn_def9signature13binder_bucket
FNDA:355,_RNvNtNtNtCskWHisZhi9Z4_4koan8builtins6fn_def9signature19parse_fn_param_list
FNDA:553,_RNvNtNtNtCskWHisZhi9Z4_4koan8builtins6fn_def9signature19signature_expr_part
FNDA:272,_RNvNtNtNtCskWHisZhi9Z4_4koan8builtins6fn_def9signature34collect_param_names_from_signature
FNDA:357,_RNCNvNtNtNtCskWHisZhi9Z4_4koan8builtins6fn_def9signature13binder_bucket0B9_
FNDA:62,_RNCNvNtNtNtCskWHisZhi9Z4_4koan8builtins6fn_def9signature13binder_buckets_0B9_
FNF:6
FNH:6
DA:12,290
DA:13,290
DA:14,290
DA:15,290
DA:16,816
DA:17,526
DA:18,198
DA:19,36
DA:20,292
DA:22,526
DA:23,234
DA:24,234
DA:25,232
DA:32,234
DA:33,232
DA:34,232
DA:35,232
DA:36,2
DA:37,292
DA:38,294
DA:40,290
DA:41,290
DA:62,374
DA:63,374
DA:64,374
DA:65,374
DA:66,374
DA:67,374
DA:68,374
DA:69,374
DA:70,374
DA:71,374
DA:72,1055
DA:75,683
DA:76,270
DA:77,37
DA:78,376
DA:80,683
DA:81,376
DA:82,376
DA:83,376
DA:84,376
DA:85,307
DA:86,307
DA:87,305
DA:88,172
DA:89,172
DA:90,169
DA:91,169
DA:92,169
DA:93,169
DA:94,169
DA:95,169
DA:96,1
DA:97,1
DA:98,1
DA:99,2
DA:100,2
DA:101,2
DA:102,2
DA:103,0
DA:105,172
DA:107,1
DA:108,1
DA:109,1
DA:110,1
DA:111,54
DA:112,54
DA:113,54
DA:114,54
DA:115,54
DA:116,54
DA:117,54
DA:118,54
DA:119,54
DA:120,54
DA:121,12
DA:122,12
DA:123,12
DA:124,12
DA:125,12
DA:126,12
DA:127,12
DA:128,12
DA:129,12
DA:130,66
DA:134,66
DA:135,66
DA:136,66
DA:137,66
DA:138,66
DA:139,66
DA:140,66
DA:141,66
DA:142,0
DA:143,0
DA:144,0
DA:145,0
DA:146,0
DA:147,0
DA:148,0
DA:153,2
DA:154,2
DA:155,2
DA:156,2
DA:160,0
DA:161,0
DA:162,0
DA:163,0
DA:164,0
DA:166,0
DA:167,0
DA:168,0
DA:169,0
DA:170,0
DA:174,372
DA:175,2
DA:176,370
DA:177,370
DA:178,68
DA:179,68
DA:180,68
DA:181,68
DA:182,302
DA:183,302
DA:184,374
DA:194,589
DA:195,589
DA:196,589
DA:198,589
DA:199,573
DA:200,573
DA:201,573
DA:202,1613
DA:203,1040
DA:204,577
DA:205,577
DA:206,577
DA:207,577
DA:209,391
DA:210,0
DA:211,387
DA:218,387
DA:219,391
DA:220,387
DA:221,387
DA:222,387
DA:223,4
DA:224,4
DA:227,72
DA:228,0
DA:229,72
DA:236,72
DA:237,72
DA:238,72
DA:239,72
DA:240,72
DA:241,0
DA:242,0
DA:244,0
DA:245,0
DA:246,0
DA:249,573
DA:250,589
DA:252,589
DA:253,589
DA:254,589
DA:255,573
DA:256,16
DA:258,589
BRF:0
BRH:0
LF:172
LH:147
end_of_record
SF:/var/home/jack/Code/koan/src/builtins/functor_def.rs
FN:23,_RNvNtNtCsbv2TPaIhNiJ_4koan8builtins11functor_def4body
FN:29,_RNvNtNtCsbv2TPaIhNiJ_4koan8builtins11functor_def8register
FN:34,_RNCNvNtNtCsbv2TPaIhNiJ_4koan8builtins11functor_def8register0B7_
FN:49,_RNCNvNtNtCsbv2TPaIhNiJ_4koan8builtins11functor_def8registers_0B7_
FN:34,_RNCNvNtNtCskWHisZhi9Z4_4koan8builtins11functor_def8register0B7_
FN:49,_RNCNvNtNtCskWHisZhi9Z4_4koan8builtins11functor_def8registers_0B7_
FN:23,_RNvNtNtCskWHisZhi9Z4_4koan8builtins11functor_def4body
FN:29,_RNvNtNtCskWHisZhi9Z4_4koan8builtins11functor_def8register
FNDA:7,_RNvNtNtCsbv2TPaIhNiJ_4koan8builtins11functor_def4body
FNDA:43,_RNvNtNtCsbv2TPaIhNiJ_4koan8builtins11functor_def8register
FNDA:43,_RNCNvNtNtCsbv2TPaIhNiJ_4koan8builtins11functor_def8register0B7_
FNDA:43,_RNCNvNtNtCsbv2TPaIhNiJ_4koan8builtins11functor_def8registers_0B7_
FNDA:494,_RNCNvNtNtCskWHisZhi9Z4_4koan8builtins11functor_def8register0B7_
FNDA:494,_RNCNvNtNtCskWHisZhi9Z4_4koan8builtins11functor_def8registers_0B7_
FNDA:18,_RNvNtNtCskWHisZhi9Z4_4koan8builtins11functor_def4body
FNDA:494,_RNvNtNtCskWHisZhi9Z4_4koan8builtins11functor_def8register
FNF:4
FNH:4
DA:23,25
DA:24,25
DA:25,25
DA:26,25
DA:27,25
DA:29,537
DA:34,537
DA:35,537
DA:36,537
DA:37,537
DA:38,537
DA:39,537
DA:40,537
DA:41,537
DA:42,537
DA:43,537
DA:46,537
DA:49,537
DA:50,537
DA:51,537
DA:52,537
DA:53,537
DA:54,537
DA:55,537
DA:56,537
DA:57,537
DA:58,537
DA:61,537
DA:63,537
DA:64,537
DA:65,537
DA:66,537
DA:67,537
DA:68,537
DA:69,537
DA:70,537
DA:73,537
DA:74,537
DA:75,537
DA:76,537
DA:77,537
DA:78,537
DA:79,537
DA:82,537
BRF:0
BRH:0
LF:46
LH:46
end_of_record
SF:/var/home/jack/Code/koan/src/builtins/let_binding.rs
FN:203,_RNvNtNtCsbv2TPaIhNiJ_4koan8builtins11let_binding11binder_name
FN:182,_RNvNtNtCsbv2TPaIhNiJ_4koan8builtins11let_binding21capitalize_identifier
FN:14,_RNvNtNtCsbv2TPaIhNiJ_4koan8builtins11let_binding4body
FN:210,_RNvNtNtCsbv2TPaIhNiJ_4koan8builtins11let_binding8register
FN:20,_RNCNvNtNtCsbv2TPaIhNiJ_4koan8builtins11let_binding4body0B7_
FN:159,_RNCNvNtNtCsbv2TPaIhNiJ_4koan8builtins11let_binding4bodys0_0B7_
FN:111,_RNCNvNtNtCsbv2TPaIhNiJ_4koan8builtins11let_binding4bodys_0B7_
FN:211,_RNCNvNtNtCsbv2TPaIhNiJ_4koan8builtins11let_binding8register0B7_
FN:222,_RNCNvNtNtCsbv2TPaIhNiJ_4koan8builtins11let_binding8registers_0B7_
FN:203,_RNvNtNtCskWHisZhi9Z4_4koan8builtins11let_binding11binder_name
FN:182,_RNvNtNtCskWHisZhi9Z4_4koan8builtins11let_binding21capitalize_identifier
FN:14,_RNvNtNtCskWHisZhi9Z4_4koan8builtins11let_binding4body
FN:210,_RNvNtNtCskWHisZhi9Z4_4koan8builtins11let_binding8register
FN:20,_RNCNvNtNtCskWHisZhi9Z4_4koan8builtins11let_binding4body0B7_
FN:159,_RNCNvNtNtCskWHisZhi9Z4_4koan8builtins11let_binding4bodys0_0B7_
FN:111,_RNCNvNtNtCskWHisZhi9Z4_4koan8builtins11let_binding4bodys_0B7_
FN:211,_RNCNvNtNtCskWHisZhi9Z4_4koan8builtins11let_binding8register0B7_
FN:222,_RNCNvNtNtCskWHisZhi9Z4_4koan8builtins11let_binding8registers_0B7_
FNDA:126,_RNvNtNtCsbv2TPaIhNiJ_4koan8builtins11let_binding11binder_name
FNDA:0,_RNvNtNtCsbv2TPaIhNiJ_4koan8builtins11let_binding21capitalize_identifier
FNDA:59,_RNvNtNtCsbv2TPaIhNiJ_4koan8builtins11let_binding4body
FNDA:43,_RNvNtNtCsbv2TPaIhNiJ_4koan8builtins11let_binding8register
FNDA:0,_RNCNvNtNtCsbv2TPaIhNiJ_4koan8builtins11let_binding4body0B7_
FNDA:10,_RNCNvNtNtCsbv2TPaIhNiJ_4koan8builtins11let_binding4bodys0_0B7_
FNDA:22,_RNCNvNtNtCsbv2TPaIhNiJ_4koan8builtins11let_binding4bodys_0B7_
FNDA:43,_RNCNvNtNtCsbv2TPaIhNiJ_4koan8builtins11let_binding8register0B7_
FNDA:43,_RNCNvNtNtCsbv2TPaIhNiJ_4koan8builtins11let_binding8registers_0B7_
FNDA:830,_RNvNtNtCskWHisZhi9Z4_4koan8builtins11let_binding11binder_name
FNDA:4,_RNvNtNtCskWHisZhi9Z4_4koan8builtins11let_binding21capitalize_identifier
FNDA:393,_RNvNtNtCskWHisZhi9Z4_4koan8builtins11let_binding4body
FNDA:494,_RNvNtNtCskWHisZhi9Z4_4koan8builtins11let_binding8register
FNDA:12,_RNCNvNtNtCskWHisZhi9Z4_4koan8builtins11let_binding4body0B7_
FNDA:136,_RNCNvNtNtCskWHisZhi9Z4_4koan8builtins11let_binding4bodys0_0B7_
FNDA:112,_RNCNvNtNtCskWHisZhi9Z4_4koan8builtins11let_binding4bodys_0B7_
FNDA:494,_RNCNvNtNtCskWHisZhi9Z4_4koan8builtins11let_binding8register0B7_
FNDA:494,_RNCNvNtNtCskWHisZhi9Z4_4koan8builtins11let_binding8registers_0B7_
FNF:9
FNH:9
DA:14,452
DA:15,452
DA:16,452
DA:20,452
DA:21,452
DA:22,452
DA:23,452
DA:24,0
DA:26,452
DA:27,452
DA:28,314
DA:29,314
DA:30,3
DA:31,1
DA:32,1
DA:33,1
DA:35,3
DA:36,3
DA:37,3
DA:38,3
DA:39,3
DA:40,3
DA:41,3
DA:42,3
DA:43,311
DA:44,311
DA:46,138
DA:47,138
DA:48,137
DA:55,1
DA:56,1
DA:57,1
DA:58,1
DA:60,0
DA:62,134
DA:63,128
DA:64,9
DA:65,3
DA:66,3
DA:67,3
DA:68,3
DA:69,3
DA:72,134
DA:74,0
DA:75,0
DA:76,0
DA:77,0
DA:78,0
DA:79,0
DA:81,0
DA:83,445
DA:84,2
DA:85,2
DA:86,2
DA:87,2
DA:88,443
DA:89,443
DA:90,443
DA:91,134
DA:92,6
DA:93,6
DA:94,6
DA:95,4
DA:97,134
DA:98,28
DA:99,28
DA:100,28
DA:101,28
DA:103,106
DA:109,134
DA:110,134
DA:111,134
DA:112,134
DA:113,134
DA:114,134
DA:115,134
DA:116,134
DA:117,134
DA:118,134
DA:120,0
DA:121,134
DA:123,134
DA:124,134
DA:125,134
DA:126,134
DA:128,134
DA:130,309
DA:131,309
DA:132,309
DA:133,25
DA:134,1
DA:135,1
DA:136,1
DA:137,1
DA:138,1
DA:139,1
DA:140,308
DA:141,308
DA:142,308
DA:143,1
DA:144,1
DA:145,1
DA:146,1
DA:147,1
DA:148,307
DA:157,307
DA:158,307
DA:159,307
DA:160,146
DA:161,146
DA:162,146
DA:163,307
DA:164,307
DA:165,1
DA:166,306
DA:170,306
DA:171,306
DA:172,306
DA:173,306
DA:174,306
DA:176,452
DA:182,4
DA:183,4
DA:184,4
DA:185,4
DA:186,4
DA:187,4
DA:188,4
DA:189,4
DA:191,0
DA:193,4
DA:203,956
DA:204,956
DA:205,813
DA:206,143
DA:208,956
DA:210,537
DA:211,537
DA:212,537
DA:213,537
DA:214,537
DA:215,537
DA:216,537
DA:217,537
DA:218,537
DA:221,537
DA:222,537
DA:223,537
DA:224,537
DA:225,537
DA:226,537
DA:227,537
DA:228,537
DA:229,537
DA:232,537
DA:233,537
DA:234,537
DA:235,537
DA:236,537
DA:237,537
DA:238,537
DA:239,537
DA:242,537
DA:243,537
DA:244,537
DA:245,537
DA:246,537
DA:247,537
DA:248,537
DA:251,537
BRF:0
BRH:0
LF:175
LH:164
end_of_record
SF:/var/home/jack/Code/koan/src/builtins/match_case.rs
FN:22,_RNvNtNtCsbv2TPaIhNiJ_4koan8builtins10match_case4body
FN:75,_RNvNtNtCsbv2TPaIhNiJ_4koan8builtins10match_case8register
FN:62,_RNCNvNtNtCsbv2TPaIhNiJ_4koan8builtins10match_case4body0B7_
FN:65,_RNCNvNtNtCsbv2TPaIhNiJ_4koan8builtins10match_case4bodys_0B7_
FN:62,_RNCNvNtNtCskWHisZhi9Z4_4koan8builtins10match_case4body0B7_
FN:65,_RNCNvNtNtCskWHisZhi9Z4_4koan8builtins10match_case4bodys_0B7_
FN:98,_RNvNtNtNtCskWHisZhi9Z4_4koan8builtins10match_case5tests11run_program
FN:137,_RNvNtNtNtCskWHisZhi9Z4_4koan8builtins10match_case5testss_25match_inexhaustive_errors
FN:117,_RNvNtNtNtCskWHisZhi9Z4_4koan8builtins10match_case5testss_29match_binds_inner_value_to_it
FN:213,_RNvNtNtNtCskWHisZhi9Z4_4koan8builtins10match_case5testss_29recursive_tagged_match_no_uaf
FN:228,_RNvNtNtNtCskWHisZhi9Z4_4koan8builtins10match_case5testss_33match_on_bool_inexhaustive_errors
FN:197,_RNvNtNtNtCskWHisZhi9Z4_4koan8builtins10match_case5testss_36match_on_bool_true_takes_true_branch
FN:127,_RNvNtNtNtCskWHisZhi9Z4_4koan8builtins10match_case5testss_37match_does_not_run_unmatched_branches
FN:205,_RNvNtNtNtCskWHisZhi9Z4_4koan8builtins10match_case5testss_38match_on_bool_false_takes_false_branch
FN:107,_RNvNtNtNtCskWHisZhi9Z4_4koan8builtins10match_case5testss_40match_dispatches_branch_for_matching_tag
FN:187,_RNvNtNtNtCskWHisZhi9Z4_4koan8builtins10match_case5testss_40match_other_branch_runs_when_tag_matches
FN:155,_RNvNtNtNtCskWHisZhi9Z4_4koan8builtins10match_case5testss_47match_arm_violating_declared_return_type_errors
FN:242,_RNvNtNtNtCskWHisZhi9Z4_4koan8builtins10match_case5testss_47multi_statement_match_branch_returns_last_value
FN:174,_RNvNtNtNtCskWHisZhi9Z4_4koan8builtins10match_case5testss_54match_value_is_admissible_against_declared_return_slot
FN:257,_RNvNtNtNtCskWHisZhi9Z4_4koan8builtins10match_case5testss_59fn_recursion_with_multi_statement_body_via_match_terminates
FN:22,_RNvNtNtCskWHisZhi9Z4_4koan8builtins10match_case4body
FN:75,_RNvNtNtCskWHisZhi9Z4_4koan8builtins10match_case8register
FNDA:0,_RNvNtNtCsbv2TPaIhNiJ_4koan8builtins10match_case4body
FNDA:43,_RNvNtNtCsbv2TPaIhNiJ_4koan8builtins10match_case8register
FNDA:0,_RNCNvNtNtCsbv2TPaIhNiJ_4koan8builtins10match_case4body0B7_
FNDA:0,_RNCNvNtNtCsbv2TPaIhNiJ_4koan8builtins10match_case4bodys_0B7_
FNDA:86,_RNCNvNtNtCskWHisZhi9Z4_4koan8builtins10match_case4body0B7_
FNDA:92,_RNCNvNtNtCskWHisZhi9Z4_4koan8builtins10match_case4bodys_0B7_
FNDA:10,_RNvNtNtNtCskWHisZhi9Z4_4koan8builtins10match_case5tests11run_program
FNDA:1,_RNvNtNtNtCskWHisZhi9Z4_4koan8builtins10match_case5testss_25match_inexhaustive_errors
FNDA:1,_RNvNtNtNtCskWHisZhi9Z4_4koan8builtins10match_case5testss_29match_binds_inner_value_to_it
FNDA:1,_RNvNtNtNtCskWHisZhi9Z4_4koan8builtins10match_case5testss_29recursive_tagged_match_no_uaf
FNDA:1,_RNvNtNtNtCskWHisZhi9Z4_4koan8builtins10match_case5testss_33match_on_bool_inexhaustive_errors
FNDA:1,_RNvNtNtNtCskWHisZhi9Z4_4koan8builtins10match_case5testss_36match_on_bool_true_takes_true_branch
FNDA:1,_RNvNtNtNtCskWHisZhi9Z4_4koan8builtins10match_case5testss_37match_does_not_run_unmatched_branches
FNDA:1,_RNvNtNtNtCskWHisZhi9Z4_4koan8builtins10match_case5testss_38match_on_bool_false_takes_false_branch
FNDA:1,_RNvNtNtNtCskWHisZhi9Z4_4koan8builtins10match_case5testss_40match_dispatches_branch_for_matching_tag
FNDA:1,_RNvNtNtNtCskWHisZhi9Z4_4koan8builtins10match_case5testss_40match_other_branch_runs_when_tag_matches
FNDA:1,_RNvNtNtNtCskWHisZhi9Z4_4koan8builtins10match_case5testss_47match_arm_violating_declared_return_type_errors
FNDA:1,_RNvNtNtNtCskWHisZhi9Z4_4koan8builtins10match_case5testss_47multi_statement_match_branch_returns_last_value
FNDA:1,_RNvNtNtNtCskWHisZhi9Z4_4koan8builtins10match_case5testss_54match_value_is_admissible_against_declared_return_slot
FNDA:1,_RNvNtNtNtCskWHisZhi9Z4_4koan8builtins10match_case5testss_59fn_recursion_with_multi_statement_body_via_match_terminates
FNDA:95,_RNvNtNtCskWHisZhi9Z4_4koan8builtins10match_case4body
FNDA:494,_RNvNtNtCskWHisZhi9Z4_4koan8builtins10match_case8register
FNF:18
FNH:18
DA:22,95
DA:23,95
DA:24,95
DA:28,95
DA:29,88
DA:30,7
DA:31,7
DA:32,7
DA:34,0
DA:35,0
DA:36,0
DA:37,0
DA:38,0
DA:39,0
DA:42,0
DA:43,0
DA:44,0
DA:47,95
DA:48,95
DA:49,95
DA:50,92
DA:52,3
DA:53,3
DA:54,3
DA:55,3
DA:57,0
DA:62,92
DA:63,92
DA:64,92
DA:65,92
DA:66,92
DA:67,92
DA:68,92
DA:69,92
DA:70,92
DA:71,92
DA:73,95
DA:75,537
DA:76,537
DA:77,537
DA:78,537
DA:79,537
DA:80,537
DA:81,537
DA:82,537
DA:83,537
DA:84,537
DA:87,537
DA:88,537
DA:98,10
DA:99,10
DA:100,10
DA:101,10
DA:102,10
DA:103,10
DA:104,10
DA:107,1
DA:108,1
DA:109,1
DA:110,1
DA:111,1
DA:113,1
DA:114,1
DA:117,1
DA:118,1
DA:119,1
DA:120,1
DA:121,1
DA:123,1
DA:124,1
DA:127,1
DA:128,1
DA:129,1
DA:130,1
DA:131,1
DA:133,1
DA:134,1
DA:137,1
DA:138,1
DA:139,1
DA:140,1
DA:141,1
DA:142,1
DA:144,1
DA:145,1
DA:146,1
DA:148,1
DA:149,1
DA:152,1
DA:155,1
DA:156,1
DA:157,1
DA:158,1
DA:159,1
DA:160,1
DA:163,1
DA:164,1
DA:165,1
DA:167,1
DA:168,1
DA:171,1
DA:174,1
DA:177,1
DA:178,1
DA:179,1
DA:180,1
DA:181,1
DA:183,1
DA:184,1
DA:187,1
DA:188,1
DA:189,1
DA:190,1
DA:191,1
DA:193,1
DA:194,1
DA:197,1
DA:198,1
DA:199,1
DA:201,1
DA:202,1
DA:205,1
DA:206,1
DA:207,1
DA:209,1
DA:210,1
DA:213,1
DA:216,1
DA:217,1
DA:218,1
DA:219,1
DA:220,1
DA:221,1
DA:222,1
DA:224,1
DA:225,1
DA:228,1
DA:229,1
DA:230,1
DA:231,1
DA:232,1
DA:233,1
DA:235,1
DA:236,1
DA:239,1
DA:242,1
DA:243,1
DA:244,1
DA:245,1
DA:246,1
DA:247,1
DA:248,1
DA:249,1
DA:251,1
DA:252,1
DA:253,1
DA:254,1
DA:257,1
DA:258,1
DA:259,1
DA:260,1
DA:261,1
DA:262,1
DA:263,1
DA:264,1
DA:265,1
DA:266,1
DA:267,1
DA:269,1
DA:270,1
DA:271,1
BRF:0
BRH:0
LF:173
LH:163
end_of_record
SF:/var/home/jack/Code/koan/src/builtins/module_def.rs
FN:22,_RNvNtNtCsbv2TPaIhNiJ_4koan8builtins10module_def4body
FN:101,_RNvNtNtCsbv2TPaIhNiJ_4koan8builtins10module_def8register
FN:42,_RNCNvNtNtCsbv2TPaIhNiJ_4koan8builtins10module_def4body0B7_
FN:22,_RNvNtNtCskWHisZhi9Z4_4koan8builtins10module_def4body
FN:101,_RNvNtNtCskWHisZhi9Z4_4koan8builtins10module_def8register
FN:133,_RNvNtNtNtCskWHisZhi9Z4_4koan8builtins10module_def5tests14resolve_module
FN:195,_RNvNtNtNtCskWHisZhi9Z4_4koan8builtins10module_def5testss_28module_unknown_member_errors
FN:163,_RNvNtNtNtCskWHisZhi9Z4_4koan8builtins10module_def5testss_29module_member_access_via_attr
FN:141,_RNvNtNtNtCskWHisZhi9Z4_4koan8builtins10module_def5testss_32binder_name_extracts_module_name
FN:148,_RNvNtNtNtCskWHisZhi9Z4_4koan8builtins10module_def5testss_32module_binds_under_name_in_scope
FN:181,_RNvNtNtNtCskWHisZhi9Z4_4koan8builtins10module_def5testss_33module_member_function_via_let_fn
FN:273,_RNvNtNtNtCskWHisZhi9Z4_4koan8builtins10module_def5testss_36module_body_dispatch_does_not_dangle
FN:219,_RNvNtNtNtCskWHisZhi9Z4_4koan8builtins10module_def5testss_38module_body_parks_on_outer_placeholder
FN:229,_RNvNtNtNtCskWHisZhi9Z4_4koan8builtins10module_def5testss_41module_body_error_short_circuits_finalize
FN:172,_RNvNtNtNtCskWHisZhi9Z4_4koan8builtins10module_def5testss_41module_with_multiple_statements_in_parens
FN:208,_RNvNtNtNtCskWHisZhi9Z4_4koan8builtins10module_def5testss_41nested_module_accessible_via_chained_attr
FN:243,_RNvNtNtNtCskWHisZhi9Z4_4koan8builtins10module_def5testss_50module_finalize_short_circuits_on_idempotent_state
FN:42,_RNCNvNtNtCskWHisZhi9Z4_4koan8builtins10module_def4body0B7_
FNDA:21,_RNvNtNtCsbv2TPaIhNiJ_4koan8builtins10module_def4body
FNDA:43,_RNvNtNtCsbv2TPaIhNiJ_4koan8builtins10module_def8register
FNDA:20,_RNCNvNtNtCsbv2TPaIhNiJ_4koan8builtins10module_def4body0B7_
FNDA:84,_RNvNtNtCskWHisZhi9Z4_4koan8builtins10module_def4body
FNDA:494,_RNvNtNtCskWHisZhi9Z4_4koan8builtins10module_def8register
FNDA:3,_RNvNtNtNtCskWHisZhi9Z4_4koan8builtins10module_def5tests14resolve_module
FNDA:1,_RNvNtNtNtCskWHisZhi9Z4_4koan8builtins10module_def5testss_28module_unknown_member_errors
FNDA:1,_RNvNtNtNtCskWHisZhi9Z4_4koan8builtins10module_def5testss_29module_member_access_via_attr
FNDA:1,_RNvNtNtNtCskWHisZhi9Z4_4koan8builtins10module_def5testss_32binder_name_extracts_module_name
FNDA:1,_RNvNtNtNtCskWHisZhi9Z4_4koan8builtins10module_def5testss_32module_binds_under_name_in_scope
FNDA:1,_RNvNtNtNtCskWHisZhi9Z4_4koan8builtins10module_def5testss_33module_member_function_via_let_fn
FNDA:1,_RNvNtNtNtCskWHisZhi9Z4_4koan8builtins10module_def5testss_36module_body_dispatch_does_not_dangle
FNDA:1,_RNvNtNtNtCskWHisZhi9Z4_4koan8builtins10module_def5testss_38module_body_parks_on_outer_placeholder
FNDA:1,_RNvNtNtNtCskWHisZhi9Z4_4koan8builtins10module_def5testss_41module_body_error_short_circuits_finalize
FNDA:1,_RNvNtNtNtCskWHisZhi9Z4_4koan8builtins10module_def5testss_41module_with_multiple_statements_in_parens
FNDA:1,_RNvNtNtNtCskWHisZhi9Z4_4koan8builtins10module_def5testss_41nested_module_accessible_via_chained_attr
FNDA:1,_RNvNtNtNtCskWHisZhi9Z4_4koan8builtins10module_def5testss_50module_finalize_short_circuits_on_idempotent_state
FNDA:82,_RNCNvNtNtCskWHisZhi9Z4_4koan8builtins10module_def4body0B7_
FNF:15
FNH:15
DA:22,105
DA:23,105
DA:24,105
DA:30,105
DA:31,105
DA:32,105
DA:33,105
DA:34,105
DA:35,105
DA:36,105
DA:37,105
DA:38,105
DA:39,105
DA:40,105
DA:41,105
DA:42,102
DA:45,102
DA:46,102
DA:47,102
DA:48,102
DA:50,1
DA:51,1
DA:52,1
DA:53,1
DA:54,1
DA:55,101
DA:59,101
DA:60,101
DA:61,101
DA:62,101
DA:63,101
DA:68,101
DA:69,101
DA:70,21
DA:71,21
DA:73,101
DA:78,101
DA:79,101
DA:80,101
DA:81,101
DA:82,101
DA:83,101
DA:84,101
DA:85,101
DA:86,101
DA:87,101
DA:90,101
DA:92,0
DA:93,0
DA:94,0
DA:95,0
DA:97,102
DA:99,105
DA:101,537
DA:102,537
DA:103,537
DA:104,537
DA:105,537
DA:106,537
DA:107,537
DA:108,537
DA:111,537
DA:112,537
DA:113,537
DA:114,537
DA:115,537
DA:116,537
DA:117,537
DA:120,537
DA:133,3
DA:134,3
DA:135,3
DA:136,0
DA:138,3
DA:141,1
DA:142,1
DA:143,1
DA:144,1
DA:145,1
DA:148,1
DA:149,1
DA:150,1
DA:151,1
DA:152,1
DA:153,1
DA:156,1
DA:157,1
DA:160,1
DA:163,1
DA:164,1
DA:165,1
DA:166,1
DA:167,1
DA:168,1
DA:169,1
DA:172,1
DA:173,1
DA:174,1
DA:175,1
DA:176,1
DA:177,1
DA:178,1
DA:181,1
DA:184,1
DA:185,1
DA:186,1
DA:187,1
DA:188,1
DA:190,1
DA:191,1
DA:192,1
DA:195,1
DA:196,1
DA:197,1
DA:198,1
DA:199,1
DA:200,1
DA:201,1
DA:202,1
DA:205,1
DA:208,1
DA:209,1
DA:210,1
DA:211,1
DA:212,1
DA:213,1
DA:214,1
DA:219,1
DA:220,1
DA:221,1
DA:222,1
DA:223,1
DA:224,1
DA:225,1
DA:229,1
DA:230,1
DA:231,1
DA:232,1
DA:233,1
DA:234,1
DA:237,1
DA:243,1
DA:244,1
DA:245,1
DA:246,1
DA:247,1
DA:248,1
DA:249,1
DA:250,1
DA:252,1
DA:253,1
DA:254,1
DA:255,1
DA:259,1
DA:260,1
DA:261,1
DA:262,1
DA:263,1
DA:265,1
DA:266,1
DA:267,1
DA:268,1
DA:273,1
DA:274,1
DA:275,1
DA:276,1
DA:277,1
DA:278,1
DA:279,1
DA:280,1
DA:282,1
DA:283,1
DA:285,1
BRF:0
BRH:0
LF:173
LH:168
end_of_record
SF:/var/home/jack/Code/koan/src/builtins/newtype_def.rs
FN:114,_RNCNCNvNtNtCsbv2TPaIhNiJ_4koan8builtins11newtype_def23finalize_record_newtype00B9_
FN:63,_RNCNvNtNtCsbv2TPaIhNiJ_4koan8builtins11newtype_def16finalize_newtype0B7_
FN:200,_RNCNvNtNtCsbv2TPaIhNiJ_4koan8builtins11newtype_def20defer_resolved_sigil0B7_
FN:110,_RNCNvNtNtCsbv2TPaIhNiJ_4koan8builtins11newtype_def23finalize_record_newtype0B7_
FN:156,_RNCNvNtNtCsbv2TPaIhNiJ_4koan8builtins11newtype_def4body0B7_
FN:164,_RNCNvNtNtCsbv2TPaIhNiJ_4koan8builtins11newtype_def4bodys_0B7_
FN:239,_RNCNvNtNtCsbv2TPaIhNiJ_4koan8builtins11newtype_def8register0B7_
FN:261,_RNCNvNtNtCsbv2TPaIhNiJ_4koan8builtins11newtype_def8registers0_0B7_
FN:250,_RNCNvNtNtCsbv2TPaIhNiJ_4koan8builtins11newtype_def8registers_0B7_
FN:208,_RNvNtNtCsbv2TPaIhNiJ_4koan8builtins11newtype_def16body_record_repr
FN:48,_RNvNtNtCsbv2TPaIhNiJ_4koan8builtins11newtype_def16finalize_newtype
FN:190,_RNvNtNtCsbv2TPaIhNiJ_4koan8builtins11newtype_def20defer_resolved_sigil
FN:91,_RNvNtNtCsbv2TPaIhNiJ_4koan8builtins11newtype_def23finalize_record_newtype
FN:138,_RNvNtNtCsbv2TPaIhNiJ_4koan8builtins11newtype_def4body
FN:236,_RNvNtNtCsbv2TPaIhNiJ_4koan8builtins11newtype_def8register
FN:114,_RNCNCNvNtNtCskWHisZhi9Z4_4koan8builtins11newtype_def23finalize_record_newtype00B9_
FN:63,_RNCNvNtNtCskWHisZhi9Z4_4koan8builtins11newtype_def16finalize_newtype0B7_
FN:200,_RNCNvNtNtCskWHisZhi9Z4_4koan8builtins11newtype_def20defer_resolved_sigil0B7_
FN:110,_RNCNvNtNtCskWHisZhi9Z4_4koan8builtins11newtype_def23finalize_record_newtype0B7_
FN:156,_RNCNvNtNtCskWHisZhi9Z4_4koan8builtins11newtype_def4body0B7_
FN:164,_RNCNvNtNtCskWHisZhi9Z4_4koan8builtins11newtype_def4bodys_0B7_
FN:239,_RNCNvNtNtCskWHisZhi9Z4_4koan8builtins11newtype_def8register0B7_
FN:261,_RNCNvNtNtCskWHisZhi9Z4_4koan8builtins11newtype_def8registers0_0B7_
FN:250,_RNCNvNtNtCskWHisZhi9Z4_4koan8builtins11newtype_def8registers_0B7_
FN:319,_RNvNtNtNtCskWHisZhi9Z4_4koan8builtins11newtype_def5tests13record_fields
FN:663,_RNvNtNtNtCskWHisZhi9Z4_4koan8builtins11newtype_def5testss_28construct_arity_zero_rejects
FN:684,_RNvNtNtNtCskWHisZhi9Z4_4koan8builtins11newtype_def5testss_29construct_with_operator_value
FN:346,_RNvNtNtNtCskWHisZhi9Z4_4koan8builtins11newtype_def5testss_30declare_mints_newtype_identity
FN:565,_RNvNtNtNtCskWHisZhi9Z4_4koan8builtins11newtype_def5testss_30newtype_over_newtype_collapses
FN:642,_RNvNtNtNtCskWHisZhi9Z4_4koan8builtins11newtype_def5testss_31construct_with_identifier_value
FN:398,_RNvNtNtNtCskWHisZhi9Z4_4koan8builtins11newtype_def5testss_35construct_rejects_non_matching_repr
FN:376,_RNvNtNtNtCskWHisZhi9Z4_4koan8builtins11newtype_def5testss_35construct_wraps_repr_matching_value
FN:512,_RNvNtNtNtCskWHisZhi9Z4_4koan8builtins11newtype_def5testss_42nested_record_field_threads_self_reference
FN:463,_RNvNtNtNtCskWHisZhi9Z4_4koan8builtins11newtype_def5testss_42record_repr_self_recursion_seals_set_local
FN:594,_RNvNtNtNtCskWHisZhi9Z4_4koan8builtins11newtype_def5testss_43dispatch_distinguishes_distance_from_number
FN:487,_RNvNtNtNtCskWHisZhi9Z4_4koan8builtins11newtype_def5testss_46record_repr_list_of_self_field_seals_set_local
FN:442,_RNvNtNtNtCskWHisZhi9Z4_4koan8builtins11newtype_def5testss_47unknown_repr_errors_without_leaking_placeholder
FN:416,_RNvNtNtNtCskWHisZhi9Z4_4koan8builtins11newtype_def5testss_49dependent_newtype_parks_on_record_repr_dependency
FN:539,_RNvNtNtNtCskWHisZhi9Z4_4koan8builtins11newtype_def5testss_54sigil_repr_non_record_seals_newtype_over_resolved_type
FN:331,_RNCNvNtNtNtCskWHisZhi9Z4_4koan8builtins11newtype_def5tests13record_fields0B9_
FN:520,_RNCNvNtNtNtCskWHisZhi9Z4_4koan8builtins11newtype_def5testss_42nested_record_field_threads_self_reference0B9_
FN:470,_RNCNvNtNtNtCskWHisZhi9Z4_4koan8builtins11newtype_def5testss_42record_repr_self_recursion_seals_set_local0B9_
FN:475,_RNCNvNtNtNtCskWHisZhi9Z4_4koan8builtins11newtype_def5testss_42record_repr_self_recursion_seals_set_locals0_0B9_
FN:499,_RNCNvNtNtNtCskWHisZhi9Z4_4koan8builtins11newtype_def5testss_46record_repr_list_of_self_field_seals_set_local0B9_
FN:208,_RNvNtNtCskWHisZhi9Z4_4koan8builtins11newtype_def16body_record_repr
FN:48,_RNvNtNtCskWHisZhi9Z4_4koan8builtins11newtype_def16finalize_newtype
FN:190,_RNvNtNtCskWHisZhi9Z4_4koan8builtins11newtype_def20defer_resolved_sigil
FN:91,_RNvNtNtCskWHisZhi9Z4_4koan8builtins11newtype_def23finalize_record_newtype
FN:138,_RNvNtNtCskWHisZhi9Z4_4koan8builtins11newtype_def4body
FN:236,_RNvNtNtCskWHisZhi9Z4_4koan8builtins11newtype_def8register
FNDA:5,_RNCNCNvNtNtCsbv2TPaIhNiJ_4koan8builtins11newtype_def23finalize_record_newtype00B9_
FNDA:0,_RNCNvNtNtCsbv2TPaIhNiJ_4koan8builtins11newtype_def16finalize_newtype0B7_
FNDA:0,_RNCNvNtNtCsbv2TPaIhNiJ_4koan8builtins11newtype_def20defer_resolved_sigil0B7_
FNDA:3,_RNCNvNtNtCsbv2TPaIhNiJ_4koan8builtins11newtype_def23finalize_record_newtype0B7_
FNDA:0,_RNCNvNtNtCsbv2TPaIhNiJ_4koan8builtins11newtype_def4body0B7_
FNDA:0,_RNCNvNtNtCsbv2TPaIhNiJ_4koan8builtins11newtype_def4bodys_0B7_
FNDA:43,_RNCNvNtNtCsbv2TPaIhNiJ_4koan8builtins11newtype_def8register0B7_
FNDA:43,_RNCNvNtNtCsbv2TPaIhNiJ_4koan8builtins11newtype_def8registers0_0B7_
FNDA:43,_RNCNvNtNtCsbv2TPaIhNiJ_4koan8builtins11newtype_def8registers_0B7_
FNDA:3,_RNvNtNtCsbv2TPaIhNiJ_4koan8builtins11newtype_def16body_record_repr
FNDA:0,_RNvNtNtCsbv2TPaIhNiJ_4koan8builtins11newtype_def16finalize_newtype
FNDA:0,_RNvNtNtCsbv2TPaIhNiJ_4koan8builtins11newtype_def20defer_resolved_sigil
FNDA:3,_RNvNtNtCsbv2TPaIhNiJ_4koan8builtins11newtype_def23finalize_record_newtype
FNDA:0,_RNvNtNtCsbv2TPaIhNiJ_4koan8builtins11newtype_def4body
FNDA:43,_RNvNtNtCsbv2TPaIhNiJ_4koan8builtins11newtype_def8register
FNDA:54,_RNCNCNvNtNtCskWHisZhi9Z4_4koan8builtins11newtype_def23finalize_record_newtype00B9_
FNDA:1,_RNCNvNtNtCskWHisZhi9Z4_4koan8builtins11newtype_def16finalize_newtype0B7_
FNDA:1,_RNCNvNtNtCskWHisZhi9Z4_4koan8builtins11newtype_def20defer_resolved_sigil0B7_
FNDA:33,_RNCNvNtNtCskWHisZhi9Z4_4koan8builtins11newtype_def23finalize_record_newtype0B7_
FNDA:5,_RNCNvNtNtCskWHisZhi9Z4_4koan8builtins11newtype_def4body0B7_
FNDA:4,_RNCNvNtNtCskWHisZhi9Z4_4koan8builtins11newtype_def4bodys_0B7_
FNDA:494,_RNCNvNtNtCskWHisZhi9Z4_4koan8builtins11newtype_def8register0B7_
FNDA:494,_RNCNvNtNtCskWHisZhi9Z4_4koan8builtins11newtype_def8registers0_0B7_
FNDA:494,_RNCNvNtNtCskWHisZhi9Z4_4koan8builtins11newtype_def8registers_0B7_
FNDA:3,_RNvNtNtNtCskWHisZhi9Z4_4koan8builtins11newtype_def5tests13record_fields
FNDA:1,_RNvNtNtNtCskWHisZhi9Z4_4koan8builtins11newtype_def5testss_28construct_arity_zero_rejects
FNDA:1,_RNvNtNtNtCskWHisZhi9Z4_4koan8builtins11newtype_def5testss_29construct_with_operator_value
FNDA:1,_RNvNtNtNtCskWHisZhi9Z4_4koan8builtins11newtype_def5testss_30declare_mints_newtype_identity
FNDA:1,_RNvNtNtNtCskWHisZhi9Z4_4koan8builtins11newtype_def5testss_30newtype_over_newtype_collapses
FNDA:1,_RNvNtNtNtCskWHisZhi9Z4_4koan8builtins11newtype_def5testss_31construct_with_identifier_value
FNDA:1,_RNvNtNtNtCskWHisZhi9Z4_4koan8builtins11newtype_def5testss_35construct_rejects_non_matching_repr
FNDA:1,_RNvNtNtNtCskWHisZhi9Z4_4koan8builtins11newtype_def5testss_35construct_wraps_repr_matching_value
FNDA:1,_RNvNtNtNtCskWHisZhi9Z4_4koan8builtins11newtype_def5testss_42nested_record_field_threads_self_reference
FNDA:1,_RNvNtNtNtCskWHisZhi9Z4_4koan8builtins11newtype_def5testss_42record_repr_self_recursion_seals_set_local
FNDA:1,_RNvNtNtNtCskWHisZhi9Z4_4koan8builtins11newtype_def5testss_43dispatch_distinguishes_distance_from_number
FNDA:1,_RNvNtNtNtCskWHisZhi9Z4_4koan8builtins11newtype_def5testss_46record_repr_list_of_self_field_seals_set_local
FNDA:1,_RNvNtNtNtCskWHisZhi9Z4_4koan8builtins11newtype_def5testss_47unknown_repr_errors_without_leaking_placeholder
FNDA:1,_RNvNtNtNtCskWHisZhi9Z4_4koan8builtins11newtype_def5testss_49dependent_newtype_parks_on_record_repr_dependency
FNDA:1,_RNvNtNtNtCskWHisZhi9Z4_4koan8builtins11newtype_def5testss_54sigil_repr_non_record_seals_newtype_over_resolved_type
FNDA:4,_RNCNvNtNtNtCskWHisZhi9Z4_4koan8builtins11newtype_def5tests13record_fields0B9_
FNDA:1,_RNCNvNtNtNtCskWHisZhi9Z4_4koan8builtins11newtype_def5testss_42nested_record_field_threads_self_reference0B9_
FNDA:1,_RNCNvNtNtNtCskWHisZhi9Z4_4koan8builtins11newtype_def5testss_42record_repr_self_recursion_seals_set_local0B9_
FNDA:2,_RNCNvNtNtNtCskWHisZhi9Z4_4koan8builtins11newtype_def5testss_42record_repr_self_recursion_seals_set_locals0_0B9_
FNDA:1,_RNCNvNtNtNtCskWHisZhi9Z4_4koan8builtins11newtype_def5testss_46record_repr_list_of_self_field_seals_set_local0B9_
FNDA:34,_RNvNtNtCskWHisZhi9Z4_4koan8builtins11newtype_def16body_record_repr
FNDA:14,_RNvNtNtCskWHisZhi9Z4_4koan8builtins11newtype_def16finalize_newtype
FNDA:1,_RNvNtNtCskWHisZhi9Z4_4koan8builtins11newtype_def20defer_resolved_sigil
FNDA:33,_RNvNtNtCskWHisZhi9Z4_4koan8builtins11newtype_def23finalize_record_newtype
FNDA:15,_RNvNtNtCskWHisZhi9Z4_4koan8builtins11newtype_def4body
FNDA:494,_RNvNtNtCskWHisZhi9Z4_4koan8builtins11newtype_def8register
FNF:35
FNH:35
DA:48,14
DA:49,14
DA:50,14
DA:51,14
DA:52,14
DA:53,14
DA:54,14
DA:55,14
DA:56,14
DA:57,14
DA:58,14
DA:59,14
DA:60,14
DA:61,14
DA:62,14
DA:63,14
DA:64,14
DA:65,14
DA:66,14
DA:67,14
DA:70,14
DA:71,1
DA:72,13
DA:74,14
DA:79,0
DA:80,0
DA:81,0
DA:82,0
DA:84,14
DA:91,36
DA:92,36
DA:93,36
DA:94,36
DA:95,36
DA:96,36
DA:97,36
DA:98,36
DA:99,0
DA:100,0
DA:101,0
DA:102,36
DA:103,36
DA:104,36
DA:105,36
DA:106,36
DA:107,36
DA:108,36
DA:109,36
DA:110,36
DA:111,36
DA:112,36
DA:113,36
DA:114,59
DA:115,36
DA:116,36
DA:117,36
DA:118,0
DA:119,36
DA:120,36
DA:121,36
DA:123,36
DA:124,36
DA:126,36
DA:127,36
DA:128,0
DA:129,0
DA:130,0
DA:131,0
DA:133,36
DA:138,15
DA:139,15
DA:140,15
DA:146,15
DA:147,15
DA:148,15
DA:149,15
DA:150,14
DA:151,5
DA:152,5
DA:153,5
DA:154,5
DA:156,5
DA:157,5
DA:158,5
DA:159,5
DA:161,5
DA:164,4
DA:165,4
DA:166,4
DA:171,9
DA:172,9
DA:173,9
DA:174,9
DA:175,9
DA:176,9
DA:177,9
DA:179,1
DA:180,1
DA:182,0
DA:183,0
DA:184,0
DA:186,15
DA:190,1
DA:191,1
DA:192,1
DA:193,1
DA:194,1
DA:197,1
DA:198,1
DA:199,1
DA:200,1
DA:201,1
DA:202,1
DA:203,1
DA:208,37
DA:209,37
DA:210,37
DA:214,37
DA:215,37
DA:216,37
DA:218,0
DA:219,0
DA:220,0
DA:223,37
DA:224,37
DA:225,37
DA:226,37
DA:227,37
DA:228,37
DA:230,37
DA:231,37
DA:232,37
DA:234,37
DA:236,537
DA:239,537
DA:240,537
DA:241,537
DA:242,537
DA:243,537
DA:244,537
DA:245,537
DA:246,537
DA:249,537
DA:250,537
DA:251,537
DA:252,537
DA:253,537
DA:254,537
DA:255,537
DA:256,537
DA:257,537
DA:260,537
DA:261,537
DA:262,537
DA:263,537
DA:264,537
DA:265,537
DA:266,537
DA:267,537
DA:268,537
DA:271,537
DA:273,537
DA:274,537
DA:277,537
DA:278,537
DA:279,537
DA:280,537
DA:281,537
DA:282,537
DA:283,537
DA:286,537
DA:287,537
DA:288,537
DA:289,537
DA:290,537
DA:291,537
DA:292,537
DA:295,537
DA:296,537
DA:297,537
DA:298,537
DA:299,537
DA:300,537
DA:301,537
DA:304,537
DA:319,3
DA:320,3
DA:321,3
DA:322,3
DA:323,3
DA:324,3
DA:325,3
DA:326,3
DA:327,3
DA:328,3
DA:329,3
DA:330,3
DA:331,4
DA:332,3
DA:334,0
DA:336,0
DA:339,0
DA:341,3
DA:346,1
DA:347,1
DA:348,1
DA:349,1
DA:350,1
DA:351,1
DA:352,1
DA:353,1
DA:354,1
DA:355,1
DA:356,1
DA:357,1
DA:358,1
DA:359,1
DA:360,0
DA:363,0
DA:365,1
DA:366,1
DA:367,1
DA:368,1
DA:371,1
DA:376,1
DA:377,1
DA:378,1
DA:379,1
DA:380,1
DA:381,1
DA:382,1
DA:383,1
DA:384,1
DA:385,1
DA:386,1
DA:388,0
DA:390,1
DA:392,0
DA:394,1
DA:398,1
DA:399,1
DA:400,1
DA:401,1
DA:402,1
DA:403,1
DA:404,1
DA:405,1
DA:408,1
DA:416,1
DA:417,1
DA:418,1
DA:419,1
DA:420,1
DA:421,1
DA:425,1
DA:426,1
DA:428,0
DA:430,1
DA:431,1
DA:432,1
DA:434,0
DA:436,1
DA:442,1
DA:443,1
DA:444,1
DA:445,1
DA:446,1
DA:447,1
DA:449,0
DA:451,1
DA:452,1
DA:453,1
DA:456,1
DA:463,1
DA:464,1
DA:465,1
DA:466,1
DA:467,1
DA:468,1
DA:469,1
DA:470,1
DA:474,1
DA:475,2
DA:476,1
DA:479,1
DA:480,1
DA:487,1
DA:488,1
DA:489,1
DA:490,1
DA:491,1
DA:492,1
DA:493,1
DA:494,1
DA:498,1
DA:499,1
DA:500,1
DA:503,1
DA:504,1
DA:512,1
DA:513,1
DA:514,1
DA:515,1
DA:516,1
DA:517,1
DA:518,1
DA:519,1
DA:520,1
DA:521,1
DA:522,1
DA:523,1
DA:524,1
DA:525,1
DA:526,1
DA:529,0
DA:531,1
DA:532,1
DA:539,1
DA:540,1
DA:541,1
DA:542,1
DA:543,1
DA:544,1
DA:545,1
DA:546,1
DA:547,1
DA:548,1
DA:550,0
DA:552,1
DA:553,1
DA:555,0
DA:558,0
DA:560,1
DA:565,1
DA:566,1
DA:567,1
DA:568,1
DA:569,1
DA:570,1
DA:571,1
DA:572,1
DA:573,1
DA:574,0
DA:577,1
DA:578,1
DA:580,0
DA:583,0
DA:585,1
DA:594,1
DA:595,1
DA:596,1
DA:597,1
DA:598,1
DA:599,1
DA:600,1
DA:601,1
DA:603,1
[...]
FN:284,_RNvNtNtCsbv2TPaIhNiJ_4koan5parse10whitespace16line_paren_delta
FN:31,_RNvNtNtCsbv2TPaIhNiJ_4koan5parse10whitespace19collapse_whitespace
FN:233,_RNvNtNtCsbv2TPaIhNiJ_4koan5parse10whitespace19walk_content_cursor
FN:224,_RNvNtNtCsbv2TPaIhNiJ_4koan5parse10whitespace9emit_jump
FN:37,_RNvNtNtCskWHisZhi9Z4_4koan5parse10whitespace12collapse_str
FN:291,_RNvNtNtCskWHisZhi9Z4_4koan5parse10whitespace13adjust_parens
FN:278,_RNvNtNtCskWHisZhi9Z4_4koan5parse10whitespace16line_delim_delta
FN:284,_RNvNtNtCskWHisZhi9Z4_4koan5parse10whitespace16line_paren_delta
FN:31,_RNvNtNtCskWHisZhi9Z4_4koan5parse10whitespace19collapse_whitespace
FN:233,_RNvNtNtCskWHisZhi9Z4_4koan5parse10whitespace19walk_content_cursor
FN:224,_RNvNtNtCskWHisZhi9Z4_4koan5parse10whitespace9emit_jump
FN:55,_RNCNvNtNtCskWHisZhi9Z4_4koan5parse10whitespace12collapse_str0B7_
FN:149,_RNCNvNtNtCskWHisZhi9Z4_4koan5parse10whitespace12collapse_strs0_0B7_
FN:56,_RNCNvNtNtCskWHisZhi9Z4_4koan5parse10whitespace12collapse_strs_0B7_
FN:279,_RNCNvNtNtCskWHisZhi9Z4_4koan5parse10whitespace16line_delim_delta0B7_
FN:280,_RNCNvNtNtCskWHisZhi9Z4_4koan5parse10whitespace16line_delim_deltas_0B7_
FN:285,_RNCNvNtNtCskWHisZhi9Z4_4koan5parse10whitespace16line_paren_delta0B7_
FN:286,_RNCNvNtNtCskWHisZhi9Z4_4koan5parse10whitespace16line_paren_deltas_0B7_
FN:33,_RNCNvNtNtCskWHisZhi9Z4_4koan5parse10whitespace19collapse_whitespace0B7_
FN:252,_RNCNvNtNtCskWHisZhi9Z4_4koan5parse10whitespace19walk_content_cursor0B7_
FN:253,_RNCNvNtNtCskWHisZhi9Z4_4koan5parse10whitespace19walk_content_cursors_0B7_
FNDA:3577,_RNCNvNtNtCsbv2TPaIhNiJ_4koan5parse10whitespace12collapse_str0B7_
FNDA:0,_RNCNvNtNtCsbv2TPaIhNiJ_4koan5parse10whitespace12collapse_strs0_0B7_
FNDA:60,_RNCNvNtNtCsbv2TPaIhNiJ_4koan5parse10whitespace12collapse_strs_0B7_
FNDA:3517,_RNCNvNtNtCsbv2TPaIhNiJ_4koan5parse10whitespace16line_delim_delta0B7_
FNDA:3517,_RNCNvNtNtCsbv2TPaIhNiJ_4koan5parse10whitespace16line_delim_deltas_0B7_
FNDA:3517,_RNCNvNtNtCsbv2TPaIhNiJ_4koan5parse10whitespace16line_paren_delta0B7_
FNDA:3517,_RNCNvNtNtCsbv2TPaIhNiJ_4koan5parse10whitespace16line_paren_deltas_0B7_
FNDA:0,_RNCNvNtNtCsbv2TPaIhNiJ_4koan5parse10whitespace19collapse_whitespace0B7_
FNDA:1,_RNCNvNtNtCsbv2TPaIhNiJ_4koan5parse10whitespace19walk_content_cursor0B7_
FNDA:0,_RNCNvNtNtCsbv2TPaIhNiJ_4koan5parse10whitespace19walk_content_cursors_0B7_
FNDA:43,_RNvNtNtCsbv2TPaIhNiJ_4koan5parse10whitespace12collapse_str
FNDA:103,_RNvNtNtCsbv2TPaIhNiJ_4koan5parse10whitespace13adjust_parens
FNDA:103,_RNvNtNtCsbv2TPaIhNiJ_4koan5parse10whitespace16line_delim_delta
FNDA:103,_RNvNtNtCsbv2TPaIhNiJ_4koan5parse10whitespace16line_paren_delta
FNDA:43,_RNvNtNtCsbv2TPaIhNiJ_4koan5parse10whitespace19collapse_whitespace
FNDA:103,_RNvNtNtCsbv2TPaIhNiJ_4koan5parse10whitespace19walk_content_cursor
FNDA:206,_RNvNtNtCsbv2TPaIhNiJ_4koan5parse10whitespace9emit_jump
FNDA:912,_RNvNtNtCskWHisZhi9Z4_4koan5parse10whitespace12collapse_str
FNDA:1397,_RNvNtNtCskWHisZhi9Z4_4koan5parse10whitespace13adjust_parens
FNDA:1397,_RNvNtNtCskWHisZhi9Z4_4koan5parse10whitespace16line_delim_delta
FNDA:1404,_RNvNtNtCskWHisZhi9Z4_4koan5parse10whitespace16line_paren_delta
FNDA:912,_RNvNtNtCskWHisZhi9Z4_4koan5parse10whitespace19collapse_whitespace
FNDA:1404,_RNvNtNtCskWHisZhi9Z4_4koan5parse10whitespace19walk_content_cursor
FNDA:2731,_RNvNtNtCskWHisZhi9Z4_4koan5parse10whitespace9emit_jump
FNDA:39857,_RNCNvNtNtCskWHisZhi9Z4_4koan5parse10whitespace12collapse_str0B7_
FNDA:151,_RNCNvNtNtCskWHisZhi9Z4_4koan5parse10whitespace12collapse_strs0_0B7_
FNDA:517,_RNCNvNtNtCskWHisZhi9Z4_4koan5parse10whitespace12collapse_strs_0B7_
FNDA:39034,_RNCNvNtNtCskWHisZhi9Z4_4koan5parse10whitespace16line_delim_delta0B7_
FNDA:39034,_RNCNvNtNtCskWHisZhi9Z4_4koan5parse10whitespace16line_delim_deltas_0B7_
FNDA:39056,_RNCNvNtNtCskWHisZhi9Z4_4koan5parse10whitespace16line_paren_delta0B7_
FNDA:39056,_RNCNvNtNtCskWHisZhi9Z4_4koan5parse10whitespace16line_paren_deltas_0B7_
FNDA:0,_RNCNvNtNtCskWHisZhi9Z4_4koan5parse10whitespace19collapse_whitespace0B7_
FNDA:226,_RNCNvNtNtCskWHisZhi9Z4_4koan5parse10whitespace19walk_content_cursor0B7_
FNDA:0,_RNCNvNtNtCskWHisZhi9Z4_4koan5parse10whitespace19walk_content_cursors_0B7_
FNF:17
FNH:15
DA:31,955
DA:32,955
DA:33,955
DA:34,955
DA:35,955
DA:37,955
DA:38,955
DA:39,955
DA:40,955
DA:41,955
DA:42,955
DA:45,955
DA:47,955
DA:48,955
DA:49,955
DA:50,955
DA:52,2479
DA:53,1531
DA:54,1531
DA:55,43434
DA:56,1531
DA:57,1531
DA:59,1531
DA:60,1531
DA:61,1531
DA:62,1531
DA:64,1531
DA:66,1531
DA:70,24
DA:71,24
DA:72,24
DA:73,8
DA:75,16
DA:77,24
DA:78,24
DA:79,1507
DA:81,1507
DA:83,1507
DA:84,1507
DA:86,1507
DA:87,1507
DA:89,1507
DA:90,1507
DA:91,1507
DA:92,1507
DA:93,1507
DA:117,1507
DA:118,54
DA:119,54
DA:120,1453
DA:123,1453
DA:124,32
DA:127,12
DA:128,1
DA:129,1
DA:130,1
DA:131,1
DA:132,1
DA:133,11
DA:134,11
DA:135,11
DA:136,20
DA:137,20
DA:140,1
DA:141,1
DA:142,1
DA:143,1
DA:144,1
DA:145,1
DA:146,19
DA:147,1421
DA:149,1440
DA:150,3
DA:151,3
DA:152,3
DA:153,3
DA:154,3
DA:155,3
DA:156,3
DA:157,3
DA:158,1437
DA:159,1437
DA:160,2
DA:161,2
DA:162,2
DA:163,2
DA:164,2
DA:165,2
DA:166,2
DA:167,2
DA:168,1435
DA:170,1891
DA:171,505
DA:172,456
DA:173,456
DA:174,456
DA:175,456
DA:176,49
DA:182,1435
DA:183,482
DA:184,953
DA:188,1435
DA:189,1435
DA:190,11
DA:191,11
DA:192,11
DA:193,11
DA:194,11
DA:195,1424
DA:196,1424
DA:197,1424
DA:198,1424
DA:199,1424
DA:201,1435
DA:202,1435
DA:203,1435
DA:204,1435
DA:205,1435
DA:207,1435
DA:208,1435
DA:209,537
DA:211,898
DA:213,1435
DA:216,1918
DA:217,970
DA:218,970
DA:219,970
DA:221,948
DA:222,955
DA:224,2937
DA:225,2937
DA:226,2937
DA:227,2937
DA:228,2937
DA:233,1507
DA:234,1507
DA:235,1507
DA:236,42653
DA:237,41146
DA:238,41146
DA:239,227
DA:240,227
DA:241,734
DA:242,507
DA:243,507
DA:244,227
DA:245,0
DA:246,227
DA:247,227
DA:248,0
DA:249,227
DA:250,227
DA:251,227
DA:252,227
DA:253,227
DA:254,227
DA:255,40919
DA:256,227
DA:257,454
DA:258,227
DA:259,227
DA:260,227
DA:261,0
DA:262,227
DA:263,227
DA:264,466
DA:265,239
DA:266,239
DA:267,227
DA:268,40692
DA:269,40692
DA:270,40692
DA:271,40692
DA:273,1507
DA:274,1507
DA:278,1500
DA:279,42551
DA:280,42551
DA:281,1500
DA:282,1500
DA:284,1507
DA:285,42573
DA:286,42573
DA:287,1507
DA:288,1507
DA:291,1500
DA:292,1500
DA:293,15
DA:294,15
DA:295,15
DA:297,1485
DA:298,13
DA:299,13
DA:301,1500
BRF:0
BRH:0
LF:204
LH:199
end_of_record
SF:/var/home/jack/Code/koan/src/source.rs
FN:152,_RNvXININtCsbv2TPaIhNiJ_4koan6sources2_0pEINtB5_7SpannedpEINtNtCs27Vx93FoQ6z_4core7convert4FrompE4fromB7_
FN:54,_RNvMNtCsbv2TPaIhNiJ_4koan6sourceNtB2_10SourceFile7resolve
FN:117,_RNvMs_NtCsbv2TPaIhNiJ_4koan6sourceNtB4_16CurrentFileGuard4push
FN:104,_RNvNtCsbv2TPaIhNiJ_4koan6source11set_current
FN:98,_RNvNtCsbv2TPaIhNiJ_4koan6source7current
FN:73,_RNvNtCsbv2TPaIhNiJ_4koan6source8register
FN:125,_RNvXs0_NtCsbv2TPaIhNiJ_4koan6sourceNtB5_16CurrentFileGuardNtNtNtCs27Vx93FoQ6z_4core3ops4drop4Drop4drop
FN:38,_RINvMNtCsbv2TPaIhNiJ_4koan6sourceNtB3_10SourceFile3newReEB5_
FN:85,_RINvNtCsbv2TPaIhNiJ_4koan6source4withINtNtCs27Vx93FoQ6z_4core6option6OptionTINtNtCsgW8esjfipvk_5alloc2rc2RceEmmEENCNvXs2_NtNtNtB4_7machine4core6kerrorNtB1V_10KErrorKindNtNtBE_3fmt7Display3fmt0EB4_
FN:85,_RINvNtCsbv2TPaIhNiJ_4koan6source4withNtB2_9SourceLocNCNCNvNtNtNtB4_7machine4core6kerror18location_from_expr00EB4_
FN:85,_RINvNtCsbv2TPaIhNiJ_4koan6source4withTINtNtCs27Vx93FoQ6z_4core6option6OptionNtNtCsgW8esjfipvk_5alloc6string6StringEIBB_mEB1P_ENCNvMs0_NtNtNtB4_7machine4core6kerrorNtB28_10KErrorKind16to_struct_fields0EB4_
FN:85,_RINvNtCsbv2TPaIhNiJ_4koan6source4withTINtNtCsgW8esjfipvk_5alloc3vec3VechEINtNtNtNtCs75vJTIYSa2J_3std11collections4hash3map7HashMapjNtNtBF_6string6StringEENCNvNtNtB4_5parse15expression_tree17parse_with_source0EB4_
FN:86,_RNCINvNtCsbv2TPaIhNiJ_4koan6source4withINtNtCs27Vx93FoQ6z_4core6option6OptionTINtNtCsgW8esjfipvk_5alloc2rc2RceEmmEENCNvXs2_NtNtNtB6_7machine4core6kerrorNtB1X_10KErrorKindNtNtBG_3fmt7Display3fmt0E0B6_
FN:86,_RNCINvNtCsbv2TPaIhNiJ_4koan6source4withNtB4_9SourceLocNCNCNvNtNtNtB6_7machine4core6kerror18location_from_expr00E0B6_
FN:86,_RNCINvNtCsbv2TPaIhNiJ_4koan6source4withTINtNtCs27Vx93FoQ6z_4core6option6OptionNtNtCsgW8esjfipvk_5alloc6string6StringEIBD_mEB1R_ENCNvMs0_NtNtNtB6_7machine4core6kerrorNtB2a_10KErrorKind16to_struct_fields0E0B6_
FN:86,_RNCINvNtCsbv2TPaIhNiJ_4koan6source4withTINtNtCsgW8esjfipvk_5alloc3vec3VechEINtNtNtNtCs75vJTIYSa2J_3std11collections4hash3map7HashMapjNtNtBH_6string6StringEENCNvNtNtB6_5parse15expression_tree17parse_with_source0E0B6_
FN:105,_RNCNvNtCsbv2TPaIhNiJ_4koan6source11set_current0B5_
FN:74,_RNCNvNtCsbv2TPaIhNiJ_4koan6source8register0B5_
FN:143,_RNvMs1_NtCsbv2TPaIhNiJ_4koan6sourceINtB5_7SpannedNtNtNtNtB7_7machine5model3ast14ExpressionPartE2atB7_
FN:139,_RNvMs1_NtCsbv2TPaIhNiJ_4koan6sourceINtB5_7SpannedNtNtNtNtB7_7machine5model3ast14ExpressionPartE4bareB7_
FN:38,_RINvMNtCskWHisZhi9Z4_4koan6sourceNtB3_10SourceFile3newReEB5_
FN:85,_RINvNtCskWHisZhi9Z4_4koan6source4withINtNtCs27Vx93FoQ6z_4core6option6OptionTINtNtCsgW8esjfipvk_5alloc2rc2RceEmmEENCNvXs2_NtNtNtB4_7machine4core6kerrorNtB1V_10KErrorKindNtNtBE_3fmt7Display3fmt0EB4_
FN:85,_RINvNtCskWHisZhi9Z4_4koan6source4withINtNtCsgW8esjfipvk_5alloc2rc2RceENCNvNtB2_5testss_28register_and_with_round_trip0EB4_
FN:85,_RINvNtCskWHisZhi9Z4_4koan6source4withNtB2_9SourceLocNCNCNvNtNtNtB4_7machine4core6kerror18location_from_expr00EB4_
FN:85,_RINvNtCskWHisZhi9Z4_4koan6source4withTINtNtCs27Vx93FoQ6z_4core6option6OptionNtNtCsgW8esjfipvk_5alloc6string6StringEIBB_mEB1P_ENCNvMs0_NtNtNtB4_7machine4core6kerrorNtB28_10KErrorKind16to_struct_fields0EB4_
FN:85,_RINvNtCskWHisZhi9Z4_4koan6source4withTINtNtCsgW8esjfipvk_5alloc3vec3VechEINtNtNtNtCs75vJTIYSa2J_3std11collections4hash3map7HashMapjNtNtBF_6string6StringEENCNvNtNtB4_5parse15expression_tree17parse_with_source0EB4_
FN:85,_RINvNtCskWHisZhi9Z4_4koan6source4withTmmENCNvNtNtNtNtB4_5parse15expression_tree5tests5spanss_63parse_with_path_stamps_file_on_expression_and_resolves_line_col0EB4_
FN:86,_RNCINvNtCskWHisZhi9Z4_4koan6source4withINtNtCs27Vx93FoQ6z_4core6option6OptionTINtNtCsgW8esjfipvk_5alloc2rc2RceEmmEENCNvXs2_NtNtNtB6_7machine4core6kerrorNtB1X_10KErrorKindNtNtBG_3fmt7Display3fmt0E0B6_
FN:86,_RNCINvNtCskWHisZhi9Z4_4koan6source4withINtNtCsgW8esjfipvk_5alloc2rc2RceENCNvNtB4_5testss_28register_and_with_round_trip0E0B6_
FN:86,_RNCINvNtCskWHisZhi9Z4_4koan6source4withNtB4_9SourceLocNCNCNvNtNtNtB6_7machine4core6kerror18location_from_expr00E0B6_
FN:86,_RNCINvNtCskWHisZhi9Z4_4koan6source4withTINtNtCs27Vx93FoQ6z_4core6option6OptionNtNtCsgW8esjfipvk_5alloc6string6StringEIBD_mEB1R_ENCNvMs0_NtNtNtB6_7machine4core6kerrorNtB2a_10KErrorKind16to_struct_fields0E0B6_
FN:86,_RNCINvNtCskWHisZhi9Z4_4koan6source4withTINtNtCsgW8esjfipvk_5alloc3vec3VechEINtNtNtNtCs75vJTIYSa2J_3std11collections4hash3map7HashMapjNtNtBH_6string6StringEENCNvNtNtB6_5parse15expression_tree17parse_with_source0E0B6_
FN:86,_RNCINvNtCskWHisZhi9Z4_4koan6source4withTmmENCNvNtNtNtNtB6_5parse15expression_tree5tests5spanss_63parse_with_path_stamps_file_on_expression_and_resolves_line_col0E0B6_
FN:105,_RNCNvNtCskWHisZhi9Z4_4koan6source11set_current0B5_
FN:74,_RNCNvNtCskWHisZhi9Z4_4koan6source8register0B5_
FN:143,_RNvMs1_NtCskWHisZhi9Z4_4koan6sourceINtB5_7SpannedNtNtNtNtB7_7machine5model3ast14ExpressionPartE2atB7_
FN:139,_RNvMs1_NtCskWHisZhi9Z4_4koan6sourceINtB5_7SpannedNtNtNtNtB7_7machine5model3ast14ExpressionPartE4bareB7_
FN:139,_RNvMs1_NtCskWHisZhi9Z4_4koan6sourceINtB5_7SpannedmE4bareB7_
FN:152,_RNvXs2_NtCskWHisZhi9Z4_4koan6sourceINtB5_7SpannedmEINtNtCs27Vx93FoQ6z_4core7convert4FrommE4fromB7_
FN:162,_RNvNtNtCskWHisZhi9Z4_4koan6source5testss_18resolve_first_line
FN:169,_RNvNtNtCskWHisZhi9Z4_4koan6source5testss_18resolve_multi_line
FN:210,_RNvNtNtCskWHisZhi9Z4_4koan6source5testss_24spanned_bare_has_no_span
FN:190,_RNvNtNtCskWHisZhi9Z4_4koan6source5testss_28register_and_with_round_trip
FN:217,_RNvNtNtCskWHisZhi9Z4_4koan6source5testss_33spanned_from_wraps_with_none_span
FN:197,_RNvNtNtCskWHisZhi9Z4_4koan6source5testss_36guard_restores_previous_current_file
FN:178,_RNvNtNtCskWHisZhi9Z4_4koan6source5testss_48resolve_utf16_columns_count_code_units_not_bytes
FN:192,_RNCNvNtNtCskWHisZhi9Z4_4koan6source5testss_28register_and_with_round_trip0B7_
FN:54,_RNvMNtCskWHisZhi9Z4_4koan6sourceNtB2_10SourceFile7resolve
FN:117,_RNvMs_NtCskWHisZhi9Z4_4koan6sourceNtB4_16CurrentFileGuard4push
FN:104,_RNvNtCskWHisZhi9Z4_4koan6source11set_current
FN:98,_RNvNtCskWHisZhi9Z4_4koan6source7current
FN:73,_RNvNtCskWHisZhi9Z4_4koan6source8register
FN:125,_RNvXs0_NtCskWHisZhi9Z4_4koan6sourceNtB5_16CurrentFileGuardNtNtNtCs27Vx93FoQ6z_4core3ops4drop4Drop4drop
FNDA:0,_RNvXININtCsbv2TPaIhNiJ_4koan6sources2_0pEINtB5_7SpannedpEINtNtCs27Vx93FoQ6z_4core7convert4FrompE4fromB7_
FNDA:0,_RNvMNtCsbv2TPaIhNiJ_4koan6sourceNtB2_10SourceFile7resolve
FNDA:43,_RNvMs_NtCsbv2TPaIhNiJ_4koan6sourceNtB4_16CurrentFileGuard4push
FNDA:86,_RNvNtCsbv2TPaIhNiJ_4koan6source11set_current
FNDA:267,_RNvNtCsbv2TPaIhNiJ_4koan6source7current
FNDA:43,_RNvNtCsbv2TPaIhNiJ_4koan6source8register
FNDA:43,_RNvXs0_NtCsbv2TPaIhNiJ_4koan6sourceNtB5_16CurrentFileGuardNtNtNtCs27Vx93FoQ6z_4core3ops4drop4Drop4drop
FNDA:43,_RINvMNtCsbv2TPaIhNiJ_4koan6sourceNtB3_10SourceFile3newReEB5_
FNDA:0,_RINvNtCsbv2TPaIhNiJ_4koan6source4withINtNtCs27Vx93FoQ6z_4core6option6OptionTINtNtCsgW8esjfipvk_5alloc2rc2RceEmmEENCNvXs2_NtNtNtB4_7machine4core6kerrorNtB1V_10KErrorKindNtNtBE_3fmt7Display3fmt0EB4_
FNDA:0,_RINvNtCsbv2TPaIhNiJ_4koan6source4withNtB2_9SourceLocNCNCNvNtNtNtB4_7machine4core6kerror18location_from_expr00EB4_
FNDA:0,_RINvNtCsbv2TPaIhNiJ_4koan6source4withTINtNtCs27Vx93FoQ6z_4core6option6OptionNtNtCsgW8esjfipvk_5alloc6string6StringEIBB_mEB1P_ENCNvMs0_NtNtNtB4_7machine4core6kerrorNtB28_10KErrorKind16to_struct_fields0EB4_
FNDA:43,_RINvNtCsbv2TPaIhNiJ_4koan6source4withTINtNtCsgW8esjfipvk_5alloc3vec3VechEINtNtNtNtCs75vJTIYSa2J_3std11collections4hash3map7HashMapjNtNtBF_6string6StringEENCNvNtNtB4_5parse15expression_tree17parse_with_source0EB4_
FNDA:0,_RNCINvNtCsbv2TPaIhNiJ_4koan6source4withINtNtCs27Vx93FoQ6z_4core6option6OptionTINtNtCsgW8esjfipvk_5alloc2rc2RceEmmEENCNvXs2_NtNtNtB6_7machine4core6kerrorNtB1X_10KErrorKindNtNtBG_3fmt7Display3fmt0E0B6_
FNDA:0,_RNCINvNtCsbv2TPaIhNiJ_4koan6source4withNtB4_9SourceLocNCNCNvNtNtNtB6_7machine4core6kerror18location_from_expr00E0B6_
FNDA:0,_RNCINvNtCsbv2TPaIhNiJ_4koan6source4withTINtNtCs27Vx93FoQ6z_4core6option6OptionNtNtCsgW8esjfipvk_5alloc6string6StringEIBD_mEB1R_ENCNvMs0_NtNtNtB6_7machine4core6kerrorNtB2a_10KErrorKind16to_struct_fields0E0B6_
FNDA:43,_RNCINvNtCsbv2TPaIhNiJ_4koan6source4withTINtNtCsgW8esjfipvk_5alloc3vec3VechEINtNtNtNtCs75vJTIYSa2J_3std11collections4hash3map7HashMapjNtNtBH_6string6StringEENCNvNtNtB6_5parse15expression_tree17parse_with_source0E0B6_
FNDA:86,_RNCNvNtCsbv2TPaIhNiJ_4koan6source11set_current0B5_
FNDA:43,_RNCNvNtCsbv2TPaIhNiJ_4koan6source8register0B5_
FNDA:1002,_RNvMs1_NtCsbv2TPaIhNiJ_4koan6sourceINtB5_7SpannedNtNtNtNtB7_7machine5model3ast14ExpressionPartE2atB7_
FNDA:81,_RNvMs1_NtCsbv2TPaIhNiJ_4koan6sourceINtB5_7SpannedNtNtNtNtB7_7machine5model3ast14ExpressionPartE4bareB7_
FNDA:861,_RINvMNtCskWHisZhi9Z4_4koan6sourceNtB3_10SourceFile3newReEB5_
FNDA:2,_RINvNtCskWHisZhi9Z4_4koan6source4withINtNtCs27Vx93FoQ6z_4core6option6OptionTINtNtCsgW8esjfipvk_5alloc2rc2RceEmmEENCNvXs2_NtNtNtB4_7machine4core6kerrorNtB1V_10KErrorKindNtNtBE_3fmt7Display3fmt0EB4_
FNDA:1,_RINvNtCskWHisZhi9Z4_4koan6source4withINtNtCsgW8esjfipvk_5alloc2rc2RceENCNvNtB2_5testss_28register_and_with_round_trip0EB4_
FNDA:0,_RINvNtCskWHisZhi9Z4_4koan6source4withNtB2_9SourceLocNCNCNvNtNtNtB4_7machine4core6kerror18location_from_expr00EB4_
FNDA:0,_RINvNtCskWHisZhi9Z4_4koan6source4withTINtNtCs27Vx93FoQ6z_4core6option6OptionNtNtCsgW8esjfipvk_5alloc6string6StringEIBB_mEB1P_ENCNvMs0_NtNtNtB4_7machine4core6kerrorNtB28_10KErrorKind16to_struct_fields0EB4_
FNDA:853,_RINvNtCskWHisZhi9Z4_4koan6source4withTINtNtCsgW8esjfipvk_5alloc3vec3VechEINtNtNtNtCs75vJTIYSa2J_3std11collections4hash3map7HashMapjNtNtBF_6string6StringEENCNvNtNtB4_5parse15expression_tree17parse_with_source0EB4_
FNDA:1,_RINvNtCskWHisZhi9Z4_4koan6source4withTmmENCNvNtNtNtNtB4_5parse15expression_tree5tests5spanss_63parse_with_path_stamps_file_on_expression_and_resolves_line_col0EB4_
FNDA:2,_RNCINvNtCskWHisZhi9Z4_4koan6source4withINtNtCs27Vx93FoQ6z_4core6option6OptionTINtNtCsgW8esjfipvk_5alloc2rc2RceEmmEENCNvXs2_NtNtNtB6_7machine4core6kerrorNtB1X_10KErrorKindNtNtBG_3fmt7Display3fmt0E0B6_
FNDA:1,_RNCINvNtCskWHisZhi9Z4_4koan6source4withINtNtCsgW8esjfipvk_5alloc2rc2RceENCNvNtB4_5testss_28register_and_with_round_trip0E0B6_
FNDA:0,_RNCINvNtCskWHisZhi9Z4_4koan6source4withNtB4_9SourceLocNCNCNvNtNtNtB6_7machine4core6kerror18location_from_expr00E0B6_
FNDA:0,_RNCINvNtCskWHisZhi9Z4_4koan6source4withTINtNtCs27Vx93FoQ6z_4core6option6OptionNtNtCsgW8esjfipvk_5alloc6string6StringEIBD_mEB1R_ENCNvMs0_NtNtNtB6_7machine4core6kerrorNtB2a_10KErrorKind16to_struct_fields0E0B6_
FNDA:853,_RNCINvNtCskWHisZhi9Z4_4koan6source4withTINtNtCsgW8esjfipvk_5alloc3vec3VechEINtNtNtNtCs75vJTIYSa2J_3std11collections4hash3map7HashMapjNtNtBH_6string6StringEENCNvNtNtB6_5parse15expression_tree17parse_with_source0E0B6_
FNDA:1,_RNCINvNtCskWHisZhi9Z4_4koan6source4withTmmENCNvNtNtNtNtB6_5parse15expression_tree5tests5spanss_63parse_with_path_stamps_file_on_expression_and_resolves_line_col0E0B6_
FNDA:1710,_RNCNvNtCskWHisZhi9Z4_4koan6source11set_current0B5_
FNDA:857,_RNCNvNtCskWHisZhi9Z4_4koan6source8register0B5_
FNDA:11770,_RNvMs1_NtCskWHisZhi9Z4_4koan6sourceINtB5_7SpannedNtNtNtNtB7_7machine5model3ast14ExpressionPartE2atB7_
FNDA:1063,_RNvMs1_NtCskWHisZhi9Z4_4koan6sourceINtB5_7SpannedNtNtNtNtB7_7machine5model3ast14ExpressionPartE4bareB7_
FNDA:2,_RNvMs1_NtCskWHisZhi9Z4_4koan6sourceINtB5_7SpannedmE4bareB7_
FNDA:1,_RNvXs2_NtCskWHisZhi9Z4_4koan6sourceINtB5_7SpannedmEINtNtCs27Vx93FoQ6z_4core7convert4FrommE4fromB7_
FNDA:1,_RNvNtNtCskWHisZhi9Z4_4koan6source5testss_18resolve_first_line
FNDA:1,_RNvNtNtCskWHisZhi9Z4_4koan6source5testss_18resolve_multi_line
FNDA:1,_RNvNtNtCskWHisZhi9Z4_4koan6source5testss_24spanned_bare_has_no_span
FNDA:1,_RNvNtNtCskWHisZhi9Z4_4koan6source5testss_28register_and_with_round_trip
FNDA:1,_RNvNtNtCskWHisZhi9Z4_4koan6source5testss_33spanned_from_wraps_with_none_span
FNDA:1,_RNvNtNtCskWHisZhi9Z4_4koan6source5testss_36guard_restores_previous_current_file
FNDA:1,_RNvNtNtCskWHisZhi9Z4_4koan6source5testss_48resolve_utf16_columns_count_code_units_not_bytes
FNDA:1,_RNCNvNtNtCskWHisZhi9Z4_4koan6source5testss_28register_and_with_round_trip0B7_
FNDA:14,_RNvMNtCskWHisZhi9Z4_4koan6sourceNtB2_10SourceFile7resolve
FNDA:855,_RNvMs_NtCskWHisZhi9Z4_4koan6sourceNtB4_16CurrentFileGuard4push
FNDA:1710,_RNvNtCskWHisZhi9Z4_4koan6source11set_current
FNDA:3573,_RNvNtCskWHisZhi9Z4_4koan6source7current
FNDA:857,_RNvNtCskWHisZhi9Z4_4koan6source8register
FNDA:855,_RNvXs0_NtCskWHisZhi9Z4_4koan6sourceNtB5_16CurrentFileGuardNtNtNtCs27Vx93FoQ6z_4core3ops4drop4Drop4drop
FNF:22
FNH:22
DA:38,904
DA:39,904
DA:40,904
DA:41,41582
DA:42,41582
DA:43,479
DA:44,41103
DA:46,904
DA:47,904
DA:48,904
DA:49,904
DA:50,904
DA:51,904
DA:54,14
DA:55,14
DA:56,7
DA:57,7
DA:59,14
DA:60,14
DA:61,14
DA:62,14
DA:63,14
DA:73,900
DA:74,900
DA:75,900
DA:76,900
DA:77,900
DA:78,900
DA:79,900
DA:80,900
DA:85,900
DA:86,900
DA:87,900
DA:88,900
DA:89,900
DA:90,900
DA:91,900
DA:92,900
DA:93,900
DA:94,900
DA:95,900
DA:98,3840
DA:99,3840
DA:100,3840
DA:104,1796
DA:105,1796
DA:106,1796
DA:117,898
DA:118,898
DA:119,898
DA:120,898
DA:121,898
DA:125,898
DA:126,898
DA:127,898
DA:139,1146
DA:140,1146
DA:141,1146
DA:143,12772
DA:144,12772
DA:145,12772
DA:146,12772
DA:147,12772
DA:148,12772
DA:152,1
DA:153,1
DA:154,1
DA:162,1
DA:163,1
DA:164,1
DA:165,1
DA:166,1
DA:169,1
DA:170,1
DA:171,1
DA:172,1
DA:173,1
DA:174,1
DA:175,1
DA:178,1
DA:181,1
DA:182,1
DA:184,1
DA:186,1
DA:187,1
DA:190,1
DA:191,1
DA:192,1
DA:193,1
DA:194,1
DA:197,1
DA:198,1
DA:199,1
DA:200,1
DA:201,1
DA:203,1
DA:204,1
DA:206,1
DA:207,1
DA:210,1
DA:211,1
DA:212,1
DA:213,1
DA:214,1
DA:217,1
DA:218,1
DA:219,1
DA:220,1
BRF:0
BRH:0
LF:112
LH:112
end_of_record