SF:/var/home/jack/Code/koan/src/builtins.rs
FN:149,_RNvNtCscUx3zdyuqfq_4koan8builtins13default_scope
FN:105,_RNvNtCscUx3zdyuqfq_4koan8builtins16register_builtin
FN:82,_RNvNtCscUx3zdyuqfq_4koan8builtins21register_builtin_full
FN:71,_RNvNtCscUx3zdyuqfq_4koan8builtins21type_part_binder_name
FN:42,_RNvNtCscUx3zdyuqfq_4koan8builtins2kw
FN:47,_RNvNtCscUx3zdyuqfq_4koan8builtins3arg
FN:37,_RNvNtCscUx3zdyuqfq_4koan8builtins3err
FN:56,_RNvNtCscUx3zdyuqfq_4koan8builtins3sig
FN:149,_RNvNtCseriWsCb5ev6_4koan8builtins13default_scope
FN:105,_RNvNtCseriWsCb5ev6_4koan8builtins16register_builtin
FN:119,_RNvNtCseriWsCb5ev6_4koan8builtins20register_overload_at
FN:82,_RNvNtCseriWsCb5ev6_4koan8builtins21register_builtin_full
FN:71,_RNvNtCseriWsCb5ev6_4koan8builtins21type_part_binder_name
FN:42,_RNvNtCseriWsCb5ev6_4koan8builtins2kw
FN:47,_RNvNtCseriWsCb5ev6_4koan8builtins3arg
FN:37,_RNvNtCseriWsCb5ev6_4koan8builtins3err
FN:56,_RNvNtCseriWsCb5ev6_4koan8builtins3sig
FNDA:43,_RNvNtCscUx3zdyuqfq_4koan8builtins13default_scope
FNDA:989,_RNvNtCscUx3zdyuqfq_4koan8builtins16register_builtin
FNDA:1634,_RNvNtCscUx3zdyuqfq_4koan8builtins21register_builtin_full
FNDA:74,_RNvNtCscUx3zdyuqfq_4koan8builtins21type_part_binder_name
FNDA:2881,_RNvNtCscUx3zdyuqfq_4koan8builtins2kw
FNDA:3311,_RNvNtCscUx3zdyuqfq_4koan8builtins3arg
FNDA:0,_RNvNtCscUx3zdyuqfq_4koan8builtins3err
FNDA:1634,_RNvNtCscUx3zdyuqfq_4koan8builtins3sig
FNDA:499,_RNvNtCseriWsCb5ev6_4koan8builtins13default_scope
FNDA:11497,_RNvNtCseriWsCb5ev6_4koan8builtins16register_builtin
FNDA:3,_RNvNtCseriWsCb5ev6_4koan8builtins20register_overload_at
FNDA:18983,_RNvNtCseriWsCb5ev6_4koan8builtins21register_builtin_full
FNDA:468,_RNvNtCseriWsCb5ev6_4koan8builtins21type_part_binder_name
FNDA:33433,_RNvNtCseriWsCb5ev6_4koan8builtins2kw
FNDA:38423,_RNvNtCseriWsCb5ev6_4koan8builtins3arg
FNDA:10,_RNvNtCseriWsCb5ev6_4koan8builtins3err
FNDA:18962,_RNvNtCseriWsCb5ev6_4koan8builtins3sig
FNF:9
FNH:9
DA:37,10
DA:38,10
DA:39,10
DA:42,36314
DA:43,36314
DA:44,36314
DA:47,41734
DA:48,41734
DA:49,41734
DA:50,41734
DA:51,41734
DA:52,41734
DA:56,20596
DA:57,20596
DA:58,20596
DA:59,20596
DA:60,20596
DA:61,20596
DA:62,20596
DA:63,20596
DA:64,20596
DA:71,542
DA:72,542
DA:73,542
DA:74,542
DA:75,542
DA:82,20617
DA:83,20617
DA:84,20617
DA:85,20617
DA:86,20617
DA:87,20617
DA:88,20617
DA:89,20617
DA:90,20617
DA:91,20617
DA:92,20617
DA:93,20617
DA:94,20617
DA:95,20617
DA:96,20617
DA:97,20617
DA:98,20617
DA:99,20617
DA:100,20617
DA:101,20617
DA:102,20617
DA:105,12486
DA:106,12486
DA:107,12486
DA:108,12486
DA:109,12486
DA:110,12486
DA:111,12486
DA:112,12486
DA:119,3
DA:120,3
DA:121,3
DA:122,3
DA:123,3
DA:124,3
DA:125,3
DA:126,3
DA:127,3
DA:128,3
DA:129,3
DA:130,3
DA:131,3
DA:132,3
DA:133,3
DA:134,3
DA:135,3
DA:136,3
DA:137,3
DA:138,3
DA:139,3
DA:149,542
DA:150,542
DA:151,542
DA:152,542
DA:153,542
DA:155,542
DA:156,542
DA:157,542
DA:158,542
DA:159,542
DA:160,542
DA:161,542
DA:164,542
DA:165,542
DA:166,542
DA:169,542
DA:170,542
DA:171,542
DA:174,542
DA:175,542
DA:176,542
DA:179,542
DA:180,542
DA:181,542
DA:184,542
DA:185,542
DA:186,542
DA:189,542
DA:191,542
DA:192,542
DA:193,542
DA:194,542
DA:195,542
DA:196,542
DA:197,542
DA:198,542
DA:199,542
DA:200,542
DA:201,542
DA:202,542
DA:203,542
DA:204,542
DA:205,542
DA:206,542
DA:207,542
DA:208,542
DA:209,542
DA:210,542
DA:211,542
DA:212,542
DA:214,542
DA:215,542
BRF:0
BRH:0
LF:128
LH:128
end_of_record
SF:/var/home/jack/Code/koan/src/builtins/ascribe.rs
FN:19,_RNvNtNtCscUx3zdyuqfq_4koan8builtins7ascribe11body_opaque
FN:193,_RNvNtNtCscUx3zdyuqfq_4koan8builtins7ascribe11shape_check
FN:130,_RNvNtNtCscUx3zdyuqfq_4koan8builtins7ascribe16body_transparent
FN:248,_RNvNtNtCscUx3zdyuqfq_4koan8builtins7ascribe21is_abstract_type_name
FN:236,_RNvNtNtCscUx3zdyuqfq_4koan8builtins7ascribe22abstract_type_names_of
FN:155,_RNvNtNtCscUx3zdyuqfq_4koan8builtins7ascribe28resolve_module_and_signature
FN:259,_RNvNtNtCscUx3zdyuqfq_4koan8builtins7ascribe8register
FN:166,_RNvNvNtNtCscUx3zdyuqfq_4koan8builtins7ascribe28resolve_module_and_signature24type_mismatch_or_missing
FN:256,_RNCNvNtNtCscUx3zdyuqfq_4koan8builtins7ascribe21is_abstract_type_name0B7_
FN:242,_RNCNvNtNtCscUx3zdyuqfq_4koan8builtins7ascribe22abstract_type_names_ofs_0B7_
FN:19,_RNvNtNtCseriWsCb5ev6_4koan8builtins7ascribe11body_opaque
FN:193,_RNvNtNtCseriWsCb5ev6_4koan8builtins7ascribe11shape_check
FN:130,_RNvNtNtCseriWsCb5ev6_4koan8builtins7ascribe16body_transparent
FN:248,_RNvNtNtCseriWsCb5ev6_4koan8builtins7ascribe21is_abstract_type_name
FN:236,_RNvNtNtCseriWsCb5ev6_4koan8builtins7ascribe22abstract_type_names_of
FN:155,_RNvNtNtCseriWsCb5ev6_4koan8builtins7ascribe28resolve_module_and_signature
FN:259,_RNvNtNtCseriWsCb5ev6_4koan8builtins7ascribe8register
FN:166,_RNvNvNtNtCseriWsCb5ev6_4koan8builtins7ascribe28resolve_module_and_signature24type_mismatch_or_missing
FN:256,_RNCNvNtNtCseriWsCb5ev6_4koan8builtins7ascribe21is_abstract_type_name0B7_
FN:242,_RNCNvNtNtCseriWsCb5ev6_4koan8builtins7ascribe22abstract_type_names_ofs_0B7_
FNDA:1,_RNvNtNtCscUx3zdyuqfq_4koan8builtins7ascribe11body_opaque
FNDA:5,_RNvNtNtCscUx3zdyuqfq_4koan8builtins7ascribe11shape_check
FNDA:4,_RNvNtNtCscUx3zdyuqfq_4koan8builtins7ascribe16body_transparent
FNDA:22,_RNvNtNtCscUx3zdyuqfq_4koan8builtins7ascribe21is_abstract_type_name
FNDA:6,_RNvNtNtCscUx3zdyuqfq_4koan8builtins7ascribe22abstract_type_names_of
FNDA:5,_RNvNtNtCscUx3zdyuqfq_4koan8builtins7ascribe28resolve_module_and_signature
FNDA:43,_RNvNtNtCscUx3zdyuqfq_4koan8builtins7ascribe8register
FNDA:0,_RNvNvNtNtCscUx3zdyuqfq_4koan8builtins7ascribe28resolve_module_and_signature24type_mismatch_or_missing
FNDA:0,_RNCNvNtNtCscUx3zdyuqfq_4koan8builtins7ascribe21is_abstract_type_name0B7_
FNDA:6,_RNCNvNtNtCscUx3zdyuqfq_4koan8builtins7ascribe22abstract_type_names_ofs_0B7_
FNDA:19,_RNvNtNtCseriWsCb5ev6_4koan8builtins7ascribe11body_opaque
FNDA:40,_RNvNtNtCseriWsCb5ev6_4koan8builtins7ascribe11shape_check
FNDA:21,_RNvNtNtCseriWsCb5ev6_4koan8builtins7ascribe16body_transparent
FNDA:198,_RNvNtNtCseriWsCb5ev6_4koan8builtins7ascribe21is_abstract_type_name
FNDA:67,_RNvNtNtCseriWsCb5ev6_4koan8builtins7ascribe22abstract_type_names_of
FNDA:40,_RNvNtNtCseriWsCb5ev6_4koan8builtins7ascribe28resolve_module_and_signature
FNDA:499,_RNvNtNtCseriWsCb5ev6_4koan8builtins7ascribe8register
FNDA:0,_RNvNvNtNtCseriWsCb5ev6_4koan8builtins7ascribe28resolve_module_and_signature24type_mismatch_or_missing
FNDA:55,_RNCNvNtNtCseriWsCb5ev6_4koan8builtins7ascribe21is_abstract_type_name0B7_
FNDA:103,_RNCNvNtNtCseriWsCb5ev6_4koan8builtins7ascribe22abstract_type_names_ofs_0B7_
FNF:10
FNH:9
DA:19,20
DA:20,20
DA:21,20
DA:25,20
DA:27,20
DA:28,20
DA:29,20
DA:30,20
DA:33,20
DA:34,20
DA:35,0
DA:36,20
DA:38,20
DA:42,20
DA:44,20
DA:45,20
DA:46,13
DA:47,3
DA:48,3
DA:51,3
DA:52,3
DA:53,3
DA:55,0
DA:59,3
DA:60,3
DA:61,3
DA:62,3
DA:64,3
DA:65,3
DA:66,3
DA:67,3
DA:68,3
DA:69,3
DA:70,3
DA:71,3
DA:72,3
DA:74,10
DA:75,10
DA:76,10
DA:77,10
DA:79,13
DA:82,20
DA:83,13
DA:84,13
DA:85,13
DA:86,13
DA:87,7
DA:90,20
DA:91,20
DA:92,30
DA:93,30
DA:94,13
DA:95,17
DA:98,3
DA:99,3
DA:101,3
DA:102,3
DA:103,3
DA:104,14
DA:106,20
DA:107,20
DA:108,3
DA:109,3
DA:110,3
DA:111,3
DA:112,17
DA:115,20
DA:116,2
DA:117,18
DA:119,18
DA:121,18
DA:122,18
DA:123,18
DA:124,18
DA:125,18
DA:126,20
DA:130,25
DA:131,25
DA:132,25
DA:136,25
DA:137,25
DA:138,0
DA:139,25
DA:140,25
DA:141,25
DA:142,25
DA:143,25
DA:144,25
DA:145,25
DA:146,25
DA:147,25
DA:148,25
DA:149,25
DA:150,25
DA:151,25
DA:155,45
DA:156,45
DA:157,45
DA:158,45
DA:159,45
DA:160,45
DA:161,45
DA:162,45
DA:163,45
DA:166,0
DA:167,0
DA:168,0
DA:169,0
DA:170,0
DA:171,0
DA:172,0
DA:173,0
DA:174,0
DA:175,0
DA:176,0
DA:177,0
DA:179,0
DA:181,45
DA:182,45
DA:183,0
DA:185,45
DA:186,45
DA:187,0
DA:189,45
DA:190,45
DA:193,45
DA:194,45
DA:195,45
DA:196,45
DA:197,45
DA:198,45
DA:199,45
DA:200,45
DA:204,45
DA:205,45
DA:206,45
DA:207,45
DA:208,45
DA:209,45
DA:210,45
DA:211,45
DA:212,45
DA:213,45
DA:214,45
DA:215,45
DA:216,45
DA:217,61
DA:218,61
DA:219,19
DA:220,42
DA:221,42
DA:222,2
DA:223,2
DA:224,2
DA:225,2
DA:226,40
DA:228,43
DA:229,45
DA:236,73
DA:237,73
DA:238,73
DA:239,73
DA:240,73
DA:241,73
DA:242,109
DA:243,73
DA:244,73
DA:248,220
DA:249,220
DA:250,220
DA:251,0
DA:253,220
DA:254,165
DA:255,55
DA:256,55
DA:257,220
DA:259,542
DA:263,542
DA:264,542
DA:265,542
DA:266,542
DA:267,542
DA:268,542
DA:271,542
DA:272,542
DA:273,542
DA:274,542
DA:275,542
DA:276,542
DA:279,542
DA:280,542
DA:281,542
BRF:0
BRH:0
LF:194
LH:175
end_of_record
SF:/var/home/jack/Code/koan/src/builtins/attr.rs
FN:159,_RNvNtNtCscUx3zdyuqfq_4koan8builtins4attr11body_module
FN:218,_RNvNtNtCscUx3zdyuqfq_4koan8builtins4attr12access_field
FN:146,_RNvNtNtCscUx3zdyuqfq_4koan8builtins4attr12body_newtype
FN:107,_RNvNtNtCscUx3zdyuqfq_4koan8builtins4attr13body_type_lhs
FN:66,_RNvNtNtCscUx3zdyuqfq_4koan8builtins4attr15body_identifier
FN:41,_RNvNtNtCscUx3zdyuqfq_4koan8builtins4attr15read_field_name
FN:187,_RNvNtNtCscUx3zdyuqfq_4koan8builtins4attr18access_type_member
FN:269,_RNvNtNtCscUx3zdyuqfq_4koan8builtins4attr20access_module_member
FN:26,_RNvNtNtCscUx3zdyuqfq_4koan8builtins4attr4done
FN:293,_RNvNtNtCscUx3zdyuqfq_4koan8builtins4attr8register
FN:294,_RNCNvNtNtCscUx3zdyuqfq_4koan8builtins4attr8register0B7_
FN:322,_RNCNvNtNtCscUx3zdyuqfq_4koan8builtins4attr8registers0_0B7_
FN:332,_RNCNvNtNtCscUx3zdyuqfq_4koan8builtins4attr8registers1_0B7_
FN:342,_RNCNvNtNtCscUx3zdyuqfq_4koan8builtins4attr8registers2_0B7_
FN:353,_RNCNvNtNtCscUx3zdyuqfq_4koan8builtins4attr8registers3_0B7_
FN:304,_RNCNvNtNtCscUx3zdyuqfq_4koan8builtins4attr8registers_0B7_
FN:420,_RNvNtNtNtCseriWsCb5ev6_4koan8builtins4attr5testss_24attr_unbound_name_errors
FN:447,_RNvNtNtNtCseriWsCb5ev6_4koan8builtins4attr5testss_25attr_unknown_field_errors
FN:431,_RNvNtNtNtCseriWsCb5ev6_4koan8builtins4attr5testss_31attr_on_non_struct_value_errors
FN:463,_RNvNtNtNtCseriWsCb5ev6_4koan8builtins4attr5testss_33attr_chained_unknown_field_errors
FN:404,_RNvNtNtNtCseriWsCb5ev6_4koan8builtins4attr5testss_34attr_chained_through_nested_struct
FN:380,_RNvNtNtNtCseriWsCb5ev6_4koan8builtins4attr5testss_34attr_reads_field_from_named_struct
FN:392,_RNvNtNtNtCseriWsCb5ev6_4koan8builtins4attr5testss_35attr_reads_each_field_independently
FN:500,_RNvNtNtNtCseriWsCb5ev6_4koan8builtins4attr5testss_39access_field_rejects_wrapped_non_struct
FN:544,_RNvNtNtNtCseriWsCb5ev6_4koan8builtins4attr5testss_41transparent_view_slot_read_stays_concrete
FN:523,_RNvNtNtNtCseriWsCb5ev6_4koan8builtins4attr5testss_48opaque_view_slot_read_re_tags_with_abstract_type
FN:484,_RNvNtNtNtCseriWsCb5ev6_4koan8builtins4attr5testss_49access_field_falls_through_wrapped_record_newtype
FN:565,_RNvNtNtNtCseriWsCb5ev6_4koan8builtins4attr5testss_53access_field_falls_through_wrapped_with_missing_field
FN:294,_RNCNvNtNtCseriWsCb5ev6_4koan8builtins4attr8register0B7_
FN:322,_RNCNvNtNtCseriWsCb5ev6_4koan8builtins4attr8registers0_0B7_
FN:332,_RNCNvNtNtCseriWsCb5ev6_4koan8builtins4attr8registers1_0B7_
FN:342,_RNCNvNtNtCseriWsCb5ev6_4koan8builtins4attr8registers2_0B7_
FN:353,_RNCNvNtNtCseriWsCb5ev6_4koan8builtins4attr8registers3_0B7_
FN:304,_RNCNvNtNtCseriWsCb5ev6_4koan8builtins4attr8registers_0B7_
FN:159,_RNvNtNtCseriWsCb5ev6_4koan8builtins4attr11body_module
FN:218,_RNvNtNtCseriWsCb5ev6_4koan8builtins4attr12access_field
FN:146,_RNvNtNtCseriWsCb5ev6_4koan8builtins4attr12body_newtype
FN:107,_RNvNtNtCseriWsCb5ev6_4koan8builtins4attr13body_type_lhs
FN:66,_RNvNtNtCseriWsCb5ev6_4koan8builtins4attr15body_identifier
FN:41,_RNvNtNtCseriWsCb5ev6_4koan8builtins4attr15read_field_name
FN:187,_RNvNtNtCseriWsCb5ev6_4koan8builtins4attr18access_type_member
FN:269,_RNvNtNtCseriWsCb5ev6_4koan8builtins4attr20access_module_member
FN:26,_RNvNtNtCseriWsCb5ev6_4koan8builtins4attr4done
FN:293,_RNvNtNtCseriWsCb5ev6_4koan8builtins4attr8register
FNDA:7,_RNvNtNtCscUx3zdyuqfq_4koan8builtins4attr11body_module
FNDA:1,_RNvNtNtCscUx3zdyuqfq_4koan8builtins4attr12access_field
FNDA:0,_RNvNtNtCscUx3zdyuqfq_4koan8builtins4attr12body_newtype
FNDA:0,_RNvNtNtCscUx3zdyuqfq_4koan8builtins4attr13body_type_lhs
FNDA:2,_RNvNtNtCscUx3zdyuqfq_4koan8builtins4attr15body_identifier
FNDA:9,_RNvNtNtCscUx3zdyuqfq_4koan8builtins4attr15read_field_name
FNDA:0,_RNvNtNtCscUx3zdyuqfq_4koan8builtins4attr18access_type_member
FNDA:7,_RNvNtNtCscUx3zdyuqfq_4koan8builtins4attr20access_module_member
FNDA:8,_RNvNtNtCscUx3zdyuqfq_4koan8builtins4attr4done
FNDA:43,_RNvNtNtCscUx3zdyuqfq_4koan8builtins4attr8register
FNDA:43,_RNCNvNtNtCscUx3zdyuqfq_4koan8builtins4attr8register0B7_
FNDA:43,_RNCNvNtNtCscUx3zdyuqfq_4koan8builtins4attr8registers0_0B7_
FNDA:43,_RNCNvNtNtCscUx3zdyuqfq_4koan8builtins4attr8registers1_0B7_
FNDA:43,_RNCNvNtNtCscUx3zdyuqfq_4koan8builtins4attr8registers2_0B7_
FNDA:43,_RNCNvNtNtCscUx3zdyuqfq_4koan8builtins4attr8registers3_0B7_
FNDA:43,_RNCNvNtNtCscUx3zdyuqfq_4koan8builtins4attr8registers_0B7_
FNDA:1,_RNvNtNtNtCseriWsCb5ev6_4koan8builtins4attr5testss_24attr_unbound_name_errors
FNDA:1,_RNvNtNtNtCseriWsCb5ev6_4koan8builtins4attr5testss_25attr_unknown_field_errors
FNDA:1,_RNvNtNtNtCseriWsCb5ev6_4koan8builtins4attr5testss_31attr_on_non_struct_value_errors
FNDA:1,_RNvNtNtNtCseriWsCb5ev6_4koan8builtins4attr5testss_33attr_chained_unknown_field_errors
FNDA:1,_RNvNtNtNtCseriWsCb5ev6_4koan8builtins4attr5testss_34attr_chained_through_nested_struct
FNDA:1,_RNvNtNtNtCseriWsCb5ev6_4koan8builtins4attr5testss_34attr_reads_field_from_named_struct
FNDA:1,_RNvNtNtNtCseriWsCb5ev6_4koan8builtins4attr5testss_35attr_reads_each_field_independently
FNDA:1,_RNvNtNtNtCseriWsCb5ev6_4koan8builtins4attr5testss_39access_field_rejects_wrapped_non_struct
FNDA:1,_RNvNtNtNtCseriWsCb5ev6_4koan8builtins4attr5testss_41transparent_view_slot_read_stays_concrete
FNDA:1,_RNvNtNtNtCseriWsCb5ev6_4koan8builtins4attr5testss_48opaque_view_slot_read_re_tags_with_abstract_type
FNDA:1,_RNvNtNtNtCseriWsCb5ev6_4koan8builtins4attr5testss_49access_field_falls_through_wrapped_record_newtype
FNDA:1,_RNvNtNtNtCseriWsCb5ev6_4koan8builtins4attr5testss_53access_field_falls_through_wrapped_with_missing_field
FNDA:499,_RNCNvNtNtCseriWsCb5ev6_4koan8builtins4attr8register0B7_
FNDA:499,_RNCNvNtNtCseriWsCb5ev6_4koan8builtins4attr8registers0_0B7_
FNDA:499,_RNCNvNtNtCseriWsCb5ev6_4koan8builtins4attr8registers1_0B7_
FNDA:499,_RNCNvNtNtCseriWsCb5ev6_4koan8builtins4attr8registers2_0B7_
FNDA:499,_RNCNvNtNtCseriWsCb5ev6_4koan8builtins4attr8registers3_0B7_
FNDA:499,_RNCNvNtNtCseriWsCb5ev6_4koan8builtins4attr8registers_0B7_
FNDA:20,_RNvNtNtCseriWsCb5ev6_4koan8builtins4attr11body_module
FNDA:21,_RNvNtNtCseriWsCb5ev6_4koan8builtins4attr12access_field
FNDA:2,_RNvNtNtCseriWsCb5ev6_4koan8builtins4attr12body_newtype
FNDA:1,_RNvNtNtCseriWsCb5ev6_4koan8builtins4attr13body_type_lhs
FNDA:22,_RNvNtNtCseriWsCb5ev6_4koan8builtins4attr15body_identifier
FNDA:45,_RNvNtNtCseriWsCb5ev6_4koan8builtins4attr15read_field_name
FNDA:0,_RNvNtNtCseriWsCb5ev6_4koan8builtins4attr18access_type_member
FNDA:23,_RNvNtNtCseriWsCb5ev6_4koan8builtins4attr20access_module_member
FNDA:43,_RNvNtNtCseriWsCb5ev6_4koan8builtins4attr4done
FNDA:499,_RNvNtNtCseriWsCb5ev6_4koan8builtins4attr8register
FNF:28
FNH:27
DA:26,51
DA:27,51
DA:28,51
DA:30,51
DA:31,43
DA:32,8
DA:34,0
DA:37,51
DA:41,54
DA:43,54
DA:44,42
DA:45,42
DA:46,0
DA:47,0
DA:48,0
DA:49,0
DA:50,0
DA:52,12
DA:53,12
DA:54,12
DA:55,11
DA:56,1
DA:58,0
DA:59,0
DA:60,54
DA:66,24
DA:67,24
DA:68,24
DA:70,24
DA:71,24
DA:72,0
DA:73,0
DA:74,0
DA:75,0
DA:76,0
DA:77,0
DA:79,0
DA:81,24
DA:82,24
DA:83,19
DA:84,5
DA:85,5
DA:86,0
DA:87,3
DA:89,0
DA:92,0
DA:94,0
DA:95,0
DA:97,2
DA:98,2
DA:99,24
DA:107,1
DA:108,1
DA:109,1
DA:111,1
DA:112,1
DA:114,0
DA:115,0
DA:116,0
DA:117,0
DA:118,0
DA:119,0
DA:120,0
DA:124,1
DA:125,1
DA:126,1
DA:127,0
DA:128,0
DA:129,0
DA:131,1
DA:132,1
DA:133,1
DA:134,1
DA:135,1
DA:136,1
DA:137,1
DA:138,1
DA:141,0
DA:143,1
DA:146,2
DA:147,2
DA:148,2
DA:150,2
DA:151,2
DA:152,0
DA:154,2
DA:155,2
DA:156,2
DA:159,27
DA:160,27
DA:161,27
DA:163,27
DA:164,27
DA:166,0
DA:167,0
DA:168,0
DA:169,0
DA:170,0
DA:171,0
DA:172,0
DA:173,0
DA:174,0
DA:175,0
DA:176,0
DA:180,27
DA:181,27
DA:182,27
DA:187,0
DA:188,0
DA:189,0
DA:191,0
DA:192,0
DA:193,0
DA:194,0
DA:195,0
DA:196,0
DA:197,0
DA:198,0
DA:199,0
DA:200,0
DA:201,0
DA:202,0
DA:207,0
DA:209,0
DA:210,0
DA:211,0
DA:212,0
DA:213,0
DA:214,0
DA:216,0
DA:218,22
DA:219,22
DA:226,18
DA:227,17
DA:228,14
DA:229,14
DA:231,0
DA:232,3
DA:233,3
DA:234,3
DA:235,3
DA:236,3
DA:238,1
DA:240,4
DA:241,4
DA:242,4
DA:243,4
DA:244,4
DA:246,22
DA:269,30
DA:270,30
DA:271,30
DA:272,9
DA:273,21
DA:274,21
DA:275,17
DA:276,2
DA:277,2
DA:278,2
DA:279,2
DA:280,2
DA:281,15
DA:282,15
DA:283,4
DA:284,4
DA:285,3
DA:286,1
DA:287,1
DA:288,1
DA:289,1
DA:290,1
DA:291,30
DA:293,542
DA:294,542
DA:295,542
DA:296,542
DA:297,542
DA:298,542
DA:299,542
DA:300,542
DA:303,542
DA:304,542
DA:305,542
DA:306,542
DA:307,542
DA:308,542
DA:309,542
DA:310,542
DA:313,542
DA:322,542
DA:323,542
DA:324,542
DA:325,542
DA:326,542
DA:327,542
DA:328,542
DA:331,542
DA:332,542
DA:333,542
DA:334,542
DA:335,542
DA:336,542
DA:337,542
DA:338,542
DA:341,542
DA:342,542
DA:343,542
DA:344,542
DA:345,542
DA:346,542
DA:347,542
DA:348,542
DA:351,542
DA:353,542
DA:354,542
DA:355,542
DA:356,542
DA:357,542
DA:358,542
DA:359,542
DA:362,542
DA:365,542
DA:366,542
DA:367,542
DA:368,542
DA:369,542
DA:370,542
DA:371,542
DA:380,1
DA:381,1
DA:382,1
DA:383,1
DA:384,1
DA:385,1
DA:387,1
DA:388,1
DA:389,1
DA:392,1
DA:393,1
DA:394,1
DA:395,1
DA:396,1
DA:397,1
DA:399,1
DA:400,1
DA:401,1
DA:404,1
DA:405,1
DA:406,1
DA:407,1
DA:408,1
DA:409,1
DA:410,1
DA:411,1
DA:412,1
DA:413,1
DA:415,1
DA:416,1
DA:417,1
DA:420,1
DA:421,1
DA:422,1
DA:423,1
DA:424,1
DA:425,1
DA:428,1
DA:431,1
DA:432,1
DA:433,1
DA:434,1
DA:435,1
DA:436,1
DA:437,1
DA:438,1
DA:439,1
DA:440,1
DA:442,0
DA:444,1
DA:447,1
DA:448,1
DA:449,1
DA:450,1
DA:451,1
DA:452,1
DA:454,1
DA:455,1
DA:456,1
DA:457,1
DA:460,1
DA:463,1
DA:464,1
DA:465,1
DA:466,1
DA:467,1
DA:468,1
DA:469,1
DA:470,1
DA:471,1
DA:472,1
DA:474,1
DA:475,1
DA:476,1
DA:477,1
DA:480,1
DA:484,1
DA:485,1
DA:486,1
DA:487,1
DA:488,1
DA:489,1
DA:490,1
DA:491,1
DA:492,1
DA:494,1
DA:495,1
DA:496,1
DA:500,1
DA:501,1
DA:502,1
DA:503,1
DA:504,1
DA:505,1
DA:506,1
DA:508,1
DA:509,1
DA:510,1
DA:511,1
DA:512,1
DA:513,1
DA:515,0
DA:517,1
DA:523,1
DA:524,1
DA:525,1
DA:526,1
DA:527,1
DA:528,1
DA:529,1
DA:530,1
DA:532,1
DA:533,1
DA:534,1
DA:537,0
DA:539,1
DA:544,1
DA:545,1
DA:546,1
DA:547,1
DA:548,1
DA:549,1
DA:550,1
DA:551,1
DA:553,1
DA:554,1
DA:555,1
DA:557,0
DA:559,1
DA:565,1
DA:566,1
DA:567,1
DA:568,1
DA:569,1
DA:570,1
DA:571,1
DA:572,1
DA:573,1
DA:575,1
DA:576,1
DA:577,1
DA:578,1
DA:581,1
BRF:0
BRH:0
LF:377
LH:306
end_of_record
SF:/var/home/jack/Code/koan/src/builtins/branch_walk.rs
FN:77,_RNvNtNtCscUx3zdyuqfq_4koan8builtins11branch_walk16find_branch_body
FN:17,_RNvNtNtCscUx3zdyuqfq_4koan8builtins11branch_walk20resolve_arm_contract
FN:45,_RNvNtNtCscUx3zdyuqfq_4koan8builtins11branch_walk8arm_tail
FN:25,_RNCNvNtNtCscUx3zdyuqfq_4koan8builtins11branch_walk20resolve_arm_contract0B7_
FN:56,_RNCNvNtNtCscUx3zdyuqfq_4koan8builtins11branch_walk8arm_tail0B7_
FN:25,_RNCNvNtNtCseriWsCb5ev6_4koan8builtins11branch_walk20resolve_arm_contract0B7_
FN:56,_RNCNvNtNtCseriWsCb5ev6_4koan8builtins11branch_walk8arm_tail0B7_
FN:77,_RNvNtNtCseriWsCb5ev6_4koan8builtins11branch_walk16find_branch_body
FN:17,_RNvNtNtCseriWsCb5ev6_4koan8builtins11branch_walk20resolve_arm_contract
FN:45,_RNvNtNtCseriWsCb5ev6_4koan8builtins11branch_walk8arm_tail
FNDA:0,_RNvNtNtCscUx3zdyuqfq_4koan8builtins11branch_walk16find_branch_body
FNDA:0,_RNvNtNtCscUx3zdyuqfq_4koan8builtins11branch_walk20resolve_arm_contract
FNDA:0,_RNvNtNtCscUx3zdyuqfq_4koan8builtins11branch_walk8arm_tail
FNDA:0,_RNCNvNtNtCscUx3zdyuqfq_4koan8builtins11branch_walk20resolve_arm_contract0B7_
FNDA:0,_RNCNvNtNtCscUx3zdyuqfq_4koan8builtins11branch_walk8arm_tail0B7_
FNDA:0,_RNCNvNtNtCseriWsCb5ev6_4koan8builtins11branch_walk20resolve_arm_contract0B7_
FNDA:81,_RNCNvNtNtCseriWsCb5ev6_4koan8builtins11branch_walk8arm_tail0B7_
FNDA:88,_RNvNtNtCseriWsCb5ev6_4koan8builtins11branch_walk16find_branch_body
FNDA:88,_RNvNtNtCseriWsCb5ev6_4koan8builtins11branch_walk20resolve_arm_contract
FNDA:81,_RNvNtNtCseriWsCb5ev6_4koan8builtins11branch_walk8arm_tail
FNF:5
FNH:4
DA:17,88
DA:18,88
DA:19,88
DA:20,88
DA:22,88
DA:23,0
DA:24,0
DA:25,0
DA:26,0
DA:27,0
DA:28,0
DA:29,0
DA:30,0
DA:32,88
DA:33,0
DA:35,88
DA:36,88
DA:37,88
DA:38,88
DA:39,88
DA:45,81
DA:46,81
DA:47,81
DA:48,81
DA:49,81
DA:50,81
DA:51,81
DA:55,81
DA:56,81
DA:57,81
DA:58,81
DA:59,81
DA:60,81
DA:61,81
DA:62,81
DA:63,81
DA:64,81
DA:65,81
DA:66,81
DA:67,81
DA:68,81
DA:69,81
DA:70,81
DA:71,81
DA:72,81
DA:77,88
DA:78,88
DA:79,88
DA:80,88
DA:81,88
DA:82,88
DA:83,88
DA:84,0
DA:85,0
DA:86,0
DA:87,0
DA:88,88
DA:89,88
DA:90,88
DA:91,128
DA:92,120
DA:93,120
DA:94,120
DA:95,120
DA:97,107
DA:100,9
DA:101,9
DA:102,6
DA:104,3
DA:108,4
DA:109,0
DA:110,0
DA:111,0
DA:112,0
DA:113,0
DA:116,120
DA:117,120
DA:118,0
DA:119,0
DA:120,0
DA:121,0
DA:122,0
DA:125,120
DA:126,118
DA:127,2
DA:128,2
DA:129,2
DA:130,2
DA:131,2
DA:134,118
DA:135,78
DA:136,40
DA:137,40
DA:138,4
DA:139,36
DA:140,40
DA:142,8
DA:143,88
BRF:0
BRH:0
LF:101
LH:76
end_of_record
SF:/var/home/jack/Code/koan/src/builtins/catch.rs
FN:47,_RNCNvNtNtCscUx3zdyuqfq_4koan8builtins5catch4body0B7_
FN:35,_RNvNtNtCscUx3zdyuqfq_4koan8builtins5catch4body
FN:15,_RNvNtNtCscUx3zdyuqfq_4koan8builtins5catch8register
FN:47,_RNCNvNtNtCseriWsCb5ev6_4koan8builtins5catch4body0B7_
FN:35,_RNvNtNtCseriWsCb5ev6_4koan8builtins5catch4body
FN:15,_RNvNtNtCseriWsCb5ev6_4koan8builtins5catch8register
FNDA:0,_RNCNvNtNtCscUx3zdyuqfq_4koan8builtins5catch4body0B7_
FNDA:0,_RNvNtNtCscUx3zdyuqfq_4koan8builtins5catch4body
FNDA:43,_RNvNtNtCscUx3zdyuqfq_4koan8builtins5catch8register
FNDA:8,_RNCNvNtNtCseriWsCb5ev6_4koan8builtins5catch4body0B7_
FNDA:8,_RNvNtNtCseriWsCb5ev6_4koan8builtins5catch4body
FNDA:499,_RNvNtNtCseriWsCb5ev6_4koan8builtins5catch8register
FNF:3
FNH:3
DA:15,542
DA:21,542
DA:22,542
DA:23,0
DA:25,542
DA:26,542
DA:27,542
DA:28,542
DA:29,542
DA:30,542
DA:31,542
DA:35,8
DA:36,8
DA:37,8
DA:40,8
DA:43,8
DA:44,8
DA:45,0
DA:47,8
DA:48,8
DA:49,3
DA:50,5
DA:52,8
DA:53,8
DA:54,8
DA:55,8
DA:56,8
DA:57,8
DA:58,8
DA:59,8
DA:60,8
DA:61,8
DA:62,8
DA:63,8
DA:64,8
DA:65,8
DA:66,8
DA:67,8
DA:68,8
BRF:0
BRH:0
LF:40
LH:38
end_of_record
SF:/var/home/jack/Code/koan/src/builtins/eval.rs
FN:15,_RNvNtNtCscUx3zdyuqfq_4koan8builtins4eval4body
FN:46,_RNvNtNtCscUx3zdyuqfq_4koan8builtins4eval8register
FN:15,_RNvNtNtCseriWsCb5ev6_4koan8builtins4eval4body
FN:46,_RNvNtNtCseriWsCb5ev6_4koan8builtins4eval8register
FN:58,_RNvNtNtNtCseriWsCb5ev6_4koan8builtins4eval5tests11run_program
FN:115,_RNvNtNtNtCseriWsCb5ev6_4koan8builtins4eval5testss_21recursive_eval_no_uaf
FN:67,_RNvNtNtNtCseriWsCb5ev6_4koan8builtins4eval5testss_22eval_of_quoted_literal
FN:101,_RNvNtNtNtCseriWsCb5ev6_4koan8builtins4eval5testss_34multiline_sigil_collapse_roundtrip
FN:107,_RNvNtNtNtCseriWsCb5ev6_4koan8builtins4eval5testss_35eval_returns_inner_expression_value
FN:95,_RNvNtNtNtCseriWsCb5ev6_4koan8builtins4eval5testss_37eval_runs_side_effects_in_quoted_body
FN:73,_RNvNtNtNtCseriWsCb5ev6_4koan8builtins4eval5testss_38eval_of_function_returning_kexpression
FN:82,_RNvNtNtNtCseriWsCb5ev6_4koan8builtins4eval5testss_49eval_of_non_kexpression_errors_with_type_mismatch
FNDA:0,_RNvNtNtCscUx3zdyuqfq_4koan8builtins4eval4body
FNDA:43,_RNvNtNtCscUx3zdyuqfq_4koan8builtins4eval8register
FNDA:9,_RNvNtNtCseriWsCb5ev6_4koan8builtins4eval4body
FNDA:499,_RNvNtNtCseriWsCb5ev6_4koan8builtins4eval8register
FNDA:6,_RNvNtNtNtCseriWsCb5ev6_4koan8builtins4eval5tests11run_program
FNDA:1,_RNvNtNtNtCseriWsCb5ev6_4koan8builtins4eval5testss_21recursive_eval_no_uaf
FNDA:1,_RNvNtNtNtCseriWsCb5ev6_4koan8builtins4eval5testss_22eval_of_quoted_literal
FNDA:1,_RNvNtNtNtCseriWsCb5ev6_4koan8builtins4eval5testss_34multiline_sigil_collapse_roundtrip
FNDA:1,_RNvNtNtNtCseriWsCb5ev6_4koan8builtins4eval5testss_35eval_returns_inner_expression_value
FNDA:1,_RNvNtNtNtCseriWsCb5ev6_4koan8builtins4eval5testss_37eval_runs_side_effects_in_quoted_body
FNDA:1,_RNvNtNtNtCseriWsCb5ev6_4koan8builtins4eval5testss_38eval_of_function_returning_kexpression
FNDA:1,_RNvNtNtNtCseriWsCb5ev6_4koan8builtins4eval5testss_49eval_of_non_kexpression_errors_with_type_mismatch
FNF:10
FNH:10
DA:15,9
DA:16,9
DA:17,9
DA:21,9
DA:22,8
DA:23,1
DA:24,1
DA:25,1
DA:26,1
DA:27,1
DA:28,1
DA:31,0
DA:36,8
DA:37,8
DA:38,8
DA:39,8
DA:40,8
DA:41,8
DA:42,8
DA:43,8
DA:44,9
DA:46,542
DA:47,542
DA:48,542
DA:49,542
DA:58,6
DA:59,6
DA:60,6
DA:61,6
DA:62,6
DA:63,6
DA:64,6
DA:67,1
DA:68,1
DA:69,1
DA:70,1
DA:73,1
DA:74,1
DA:75,1
DA:76,1
DA:78,1
DA:79,1
DA:82,1
DA:83,1
DA:84,1
DA:85,1
DA:86,1
DA:87,1
DA:88,1
DA:89,1
DA:92,1
DA:95,1
DA:96,1
DA:97,1
DA:98,1
DA:101,1
DA:102,1
DA:103,1
DA:104,1
DA:107,1
DA:110,1
DA:111,1
DA:112,1
DA:115,1
DA:119,1
DA:120,1
DA:121,1
DA:122,1
DA:123,1
DA:124,1
DA:125,1
DA:127,1
DA:128,1
BRF:0
BRH:0
LF:73
LH:72
end_of_record
SF:/var/home/jack/Code/koan/src/builtins/fn_def.rs
FN:171,_RNCNvNtNtCscUx3zdyuqfq_4koan8builtins6fn_def18body_record_schema0B7_
FN:234,_RNCNvNtNtCscUx3zdyuqfq_4koan8builtins6fn_def8register0B7_
FN:268,_RNCNvNtNtCscUx3zdyuqfq_4koan8builtins6fn_def8registers0_0B7_
FN:251,_RNCNvNtNtCscUx3zdyuqfq_4koan8builtins6fn_def8registers_0B7_
FN:64,_RNvNtNtCscUx3zdyuqfq_4koan8builtins6fn_def13build_fn_like
FN:146,_RNvNtNtCscUx3zdyuqfq_4koan8builtins6fn_def18body_record_schema
FN:25,_RNvNtNtCscUx3zdyuqfq_4koan8builtins6fn_def19collect_param_types
FN:131,_RNvNtNtCscUx3zdyuqfq_4koan8builtins6fn_def4body
FN:211,_RNvNtNtCscUx3zdyuqfq_4koan8builtins6fn_def8register
FN:171,_RNCNvNtNtCseriWsCb5ev6_4koan8builtins6fn_def18body_record_schema0B7_
FN:234,_RNCNvNtNtCseriWsCb5ev6_4koan8builtins6fn_def8register0B7_
FN:268,_RNCNvNtNtCseriWsCb5ev6_4koan8builtins6fn_def8registers0_0B7_
FN:251,_RNCNvNtNtCseriWsCb5ev6_4koan8builtins6fn_def8registers_0B7_
FN:64,_RNvNtNtCseriWsCb5ev6_4koan8builtins6fn_def13build_fn_like
FN:146,_RNvNtNtCseriWsCb5ev6_4koan8builtins6fn_def18body_record_schema
FN:25,_RNvNtNtCseriWsCb5ev6_4koan8builtins6fn_def19collect_param_types
FN:131,_RNvNtNtCseriWsCb5ev6_4koan8builtins6fn_def4body
FN:211,_RNvNtNtCseriWsCb5ev6_4koan8builtins6fn_def8register
FNDA:0,_RNCNvNtNtCscUx3zdyuqfq_4koan8builtins6fn_def18body_record_schema0B7_
FNDA:43,_RNCNvNtNtCscUx3zdyuqfq_4koan8builtins6fn_def8register0B7_
FNDA:43,_RNCNvNtNtCscUx3zdyuqfq_4koan8builtins6fn_def8registers0_0B7_
FNDA:43,_RNCNvNtNtCscUx3zdyuqfq_4koan8builtins6fn_def8registers_0B7_
FNDA:17,_RNvNtNtCscUx3zdyuqfq_4koan8builtins6fn_def13build_fn_like
FNDA:0,_RNvNtNtCscUx3zdyuqfq_4koan8builtins6fn_def18body_record_schema
FNDA:7,_RNvNtNtCscUx3zdyuqfq_4koan8builtins6fn_def19collect_param_types
FNDA:10,_RNvNtNtCscUx3zdyuqfq_4koan8builtins6fn_def4body
FNDA:43,_RNvNtNtCscUx3zdyuqfq_4koan8builtins6fn_def8register
FNDA:7,_RNCNvNtNtCseriWsCb5ev6_4koan8builtins6fn_def18body_record_schema0B7_
FNDA:499,_RNCNvNtNtCseriWsCb5ev6_4koan8builtins6fn_def8register0B7_
FNDA:499,_RNCNvNtNtCseriWsCb5ev6_4koan8builtins6fn_def8registers0_0B7_
FNDA:499,_RNCNvNtNtCseriWsCb5ev6_4koan8builtins6fn_def8registers_0B7_
FNDA:240,_RNvNtNtCseriWsCb5ev6_4koan8builtins6fn_def13build_fn_like
FNDA:8,_RNvNtNtCseriWsCb5ev6_4koan8builtins6fn_def18body_record_schema
FNDA:18,_RNvNtNtCseriWsCb5ev6_4koan8builtins6fn_def19collect_param_types
FNDA:222,_RNvNtNtCseriWsCb5ev6_4koan8builtins6fn_def4body
FNDA:499,_RNvNtNtCseriWsCb5ev6_4koan8builtins6fn_def8register
FNF:9
FNH:9
DA:25,25
DA:26,25
DA:27,25
DA:28,25
DA:30,25
DA:31,25
DA:32,25
DA:33,25
DA:34,75
DA:35,50
DA:36,7
DA:37,18
DA:38,25
DA:40,50
DA:41,25
DA:42,25
DA:43,25
DA:44,25
DA:45,25
DA:46,0
DA:47,0
DA:48,25
DA:49,25
DA:50,25
DA:51,25
DA:53,25
DA:54,25
DA:64,257
DA:65,257
DA:66,257
DA:67,257
DA:68,257
DA:73,257
DA:74,257
DA:75,257
DA:76,257
DA:77,257
DA:78,25
DA:79,232
DA:81,257
DA:82,257
DA:83,257
DA:84,257
DA:85,257
DA:86,257
DA:87,257
DA:88,257
DA:89,254
DA:90,2
DA:91,252
DA:92,252
DA:93,185
DA:94,4
DA:95,4
DA:98,63
DA:99,63
DA:100,63
DA:101,63
DA:102,63
DA:103,63
DA:105,248
DA:106,248
DA:108,165
DA:109,165
DA:110,165
DA:111,165
DA:112,165
DA:113,165
DA:114,165
DA:115,165
DA:116,165
DA:118,83
DA:119,83
DA:122,257
DA:131,232
DA:132,232
DA:133,232
DA:134,232
DA:135,232
DA:146,8
DA:147,8
DA:148,8
DA:155,8
DA:156,7
DA:157,1
DA:158,1
DA:159,1
DA:160,1
DA:161,1
DA:164,0
DA:165,0
DA:166,0
DA:169,7
DA:170,7
DA:171,7
DA:172,7
DA:173,7
DA:174,7
DA:175,7
DA:176,7
DA:177,7
DA:178,7
DA:179,7
DA:180,7
DA:181,7
DA:182,7
DA:183,7
DA:184,7
DA:185,7
DA:186,7
DA:187,7
DA:188,7
DA:189,7
DA:190,7
DA:191,7
DA:192,7
DA:193,7
DA:194,7
DA:195,7
DA:196,7
DA:198,0
DA:199,0
DA:200,0
DA:201,0
DA:202,0
DA:203,0
DA:204,0
DA:205,0
DA:209,8
DA:211,542
DA:234,542
DA:235,542
DA:236,542
DA:237,542
DA:238,542
DA:239,542
DA:240,542
DA:241,542
DA:242,542
DA:243,542
DA:246,542
DA:251,542
DA:252,542
DA:253,542
DA:254,542
DA:255,542
DA:256,542
DA:257,542
DA:258,542
DA:259,542
DA:260,542
DA:263,542
DA:268,542
DA:269,542
DA:270,542
DA:271,542
DA:272,542
DA:273,542
DA:274,542
DA:275,542
DA:276,542
DA:277,542
DA:280,542
DA:282,542
DA:283,542
DA:284,542
DA:285,542
DA:286,542
DA:287,542
DA:288,542
DA:289,542
DA:290,542
DA:293,542
BRF:0
BRH:0
LF:177
LH:164
end_of_record
SF:/var/home/jack/Code/koan/src/builtins/fn_def/finalize.rs
FN:317,_RNCNvNtNtNtCscUx3zdyuqfq_4koan8builtins6fn_def8finalize17defer_via_combine0B9_
FN:224,_RNCNvNtNtNtCscUx3zdyuqfq_4koan8builtins6fn_def8finalize21finalize_fn_with_kind0B9_
FN:281,_RNvNtNtNtCscUx3zdyuqfq_4koan8builtins6fn_def8finalize17defer_via_combine
FN:197,_RNvNtNtNtCscUx3zdyuqfq_4koan8builtins6fn_def8finalize21finalize_fn_with_kind
FN:88,_RNvNtNtNtCscUx3zdyuqfq_4koan8builtins6fn_def8finalize8classify
FN:281,_RNvNtNtNtCseriWsCb5ev6_4koan8builtins6fn_def8finalize17defer_via_combine
FN:197,_RNvNtNtNtCseriWsCb5ev6_4koan8builtins6fn_def8finalize21finalize_fn_with_kind
FN:88,_RNvNtNtNtCseriWsCb5ev6_4koan8builtins6fn_def8finalize8classify
FN:317,_RNCNvNtNtNtCseriWsCb5ev6_4koan8builtins6fn_def8finalize17defer_via_combine0B9_
FN:224,_RNCNvNtNtNtCseriWsCb5ev6_4koan8builtins6fn_def8finalize21finalize_fn_with_kind0B9_
FNDA:1,_RNCNvNtNtNtCscUx3zdyuqfq_4koan8builtins6fn_def8finalize17defer_via_combine0B9_
FNDA:17,_RNCNvNtNtNtCscUx3zdyuqfq_4koan8builtins6fn_def8finalize21finalize_fn_with_kind0B9_
FNDA:1,_RNvNtNtNtCscUx3zdyuqfq_4koan8builtins6fn_def8finalize17defer_via_combine
FNDA:17,_RNvNtNtNtCscUx3zdyuqfq_4koan8builtins6fn_def8finalize21finalize_fn_with_kind
FNDA:17,_RNvNtNtNtCscUx3zdyuqfq_4koan8builtins6fn_def8finalize8classify
FNDA:82,_RNvNtNtNtCseriWsCb5ev6_4koan8builtins6fn_def8finalize17defer_via_combine
FNDA:236,_RNvNtNtNtCseriWsCb5ev6_4koan8builtins6fn_def8finalize21finalize_fn_with_kind
FNDA:238,_RNvNtNtNtCseriWsCb5ev6_4koan8builtins6fn_def8finalize8classify
FNDA:82,_RNCNvNtNtNtCseriWsCb5ev6_4koan8builtins6fn_def8finalize17defer_via_combine0B9_
FNDA:241,_RNCNvNtNtNtCseriWsCb5ev6_4koan8builtins6fn_def8finalize21finalize_fn_with_kind0B9_
FNF:5
FNH:5
DA:88,255
DA:89,255
DA:90,154
DA:91,154
DA:92,154
DA:93,154
DA:94,18
DA:95,18
DA:96,18
DA:97,18
DA:98,20
DA:100,20
DA:101,20
DA:102,20
DA:103,20
DA:104,20
DA:105,20
DA:106,20
DA:109,60
DA:111,60
DA:112,60
DA:114,60
DA:115,60
DA:116,60
DA:117,60
DA:118,60
DA:119,60
DA:120,60
DA:122,0
DA:124,0
DA:125,0
DA:127,0
DA:128,0
DA:129,0
DA:130,0
DA:131,0
DA:132,0
DA:133,0
DA:134,0
DA:135,0
DA:137,3
DA:139,3
DA:140,3
DA:145,3
DA:146,3
DA:147,3
DA:148,3
DA:149,3
DA:150,3
DA:151,3
DA:152,3
DA:154,0
DA:157,0
DA:158,0
DA:159,0
DA:160,0
DA:161,0
DA:162,0
DA:163,0
DA:167,0
DA:168,0
DA:171,0
DA:172,0
DA:175,0
DA:176,0
DA:177,0
DA:178,0
DA:179,0
DA:180,0
DA:181,0
DA:182,0
DA:185,255
DA:197,253
DA:198,253
DA:199,253
DA:200,253
DA:201,253
DA:202,253
DA:203,253
DA:204,253
DA:205,253
DA:208,253
DA:209,23
DA:210,21
DA:211,1
DA:212,1
DA:213,1
DA:214,1
DA:215,1
DA:216,20
DA:217,2
DA:218,230
DA:224,258
DA:225,244
DA:226,14
DA:227,258
DA:229,252
DA:230,252
DA:231,252
DA:232,252
DA:234,252
DA:235,252
DA:236,252
DA:237,252
DA:238,252
DA:239,252
DA:240,252
DA:241,252
DA:242,252
DA:245,252
DA:249,252
DA:250,245
DA:251,244
DA:253,1
DA:254,1
DA:255,1
DA:256,1
DA:259,244
DA:260,2
DA:261,242
DA:262,7
DA:265,249
DA:266,253
DA:281,83
DA:282,83
DA:283,83
DA:284,83
DA:285,83
DA:286,83
DA:287,83
DA:292,83
DA:293,83
DA:294,83
DA:295,83
DA:296,83
DA:297,83
DA:298,83
DA:299,83
DA:300,83
DA:301,83
DA:302,23
DA:303,23
DA:304,23
DA:305,23
DA:306,23
DA:307,60
DA:308,83
DA:309,83
DA:310,62
DA:311,62
DA:312,62
DA:313,62
DA:314,62
DA:315,62
DA:316,62
DA:317,83
DA:318,83
DA:319,83
DA:320,62
DA:321,62
DA:322,1
DA:323,1
DA:324,1
DA:325,1
DA:326,1
DA:327,61
DA:328,61
DA:330,82
DA:331,81
DA:332,82
DA:333,81
DA:334,0
DA:336,81
DA:337,81
DA:338,81
DA:339,0
DA:340,0
DA:343,0
DA:344,0
DA:345,0
DA:350,81
DA:351,81
DA:352,81
DA:353,81
DA:354,81
DA:355,81
DA:356,81
DA:358,83
DA:359,83
DA:360,83
BRF:0
BRH:0
LF:192
LH:153
end_of_record
SF:/var/home/jack/Code/koan/src/builtins/fn_def/param_refs.rs
FN:23,_RNCNvNtNtNtCscUx3zdyuqfq_4koan8builtins6fn_def10param_refs19part_references_any0B9_
FN:32,_RNCNvNtNtNtCscUx3zdyuqfq_4koan8builtins6fn_def10param_refs19part_references_anys0_0B9_
FN:39,_RNCNvNtNtNtCscUx3zdyuqfq_4koan8builtins6fn_def10param_refs19part_references_anys1_0B9_
FN:30,_RNCNvNtNtNtCscUx3zdyuqfq_4koan8builtins6fn_def10param_refs19part_references_anys_0B9_
FN:12,_RNCNvNtNtNtCscUx3zdyuqfq_4koan8builtins6fn_def10param_refs24type_expr_references_any0B9_
FN:18,_RNCNvNtNtNtCscUx3zdyuqfq_4koan8builtins6fn_def10param_refs26kexpression_references_any0B9_
FN:21,_RNvNtNtNtCscUx3zdyuqfq_4koan8builtins6fn_def10param_refs19part_references_any
FN:11,_RNvNtNtNtCscUx3zdyuqfq_4koan8builtins6fn_def10param_refs24type_expr_references_any
FN:15,_RNvNtNtNtCscUx3zdyuqfq_4koan8builtins6fn_def10param_refs26kexpression_references_any
FN:21,_RNvNtNtNtCseriWsCb5ev6_4koan8builtins6fn_def10param_refs19part_references_any
FN:11,_RNvNtNtNtCseriWsCb5ev6_4koan8builtins6fn_def10param_refs24type_expr_references_any
FN:15,_RNvNtNtNtCseriWsCb5ev6_4koan8builtins6fn_def10param_refs26kexpression_references_any
FN:23,_RNCNvNtNtNtCseriWsCb5ev6_4koan8builtins6fn_def10param_refs19part_references_any0B9_
FN:32,_RNCNvNtNtNtCseriWsCb5ev6_4koan8builtins6fn_def10param_refs19part_references_anys0_0B9_
FN:39,_RNCNvNtNtNtCseriWsCb5ev6_4koan8builtins6fn_def10param_refs19part_references_anys1_0B9_
FN:30,_RNCNvNtNtNtCseriWsCb5ev6_4koan8builtins6fn_def10param_refs19part_references_anys_0B9_
FN:12,_RNCNvNtNtNtCseriWsCb5ev6_4koan8builtins6fn_def10param_refs24type_expr_references_any0B9_
FN:18,_RNCNvNtNtNtCseriWsCb5ev6_4koan8builtins6fn_def10param_refs26kexpression_references_any0B9_
FNDA:0,_RNCNvNtNtNtCscUx3zdyuqfq_4koan8builtins6fn_def10param_refs19part_references_any0B9_
FNDA:0,_RNCNvNtNtNtCscUx3zdyuqfq_4koan8builtins6fn_def10param_refs19part_references_anys0_0B9_
FNDA:0,_RNCNvNtNtNtCscUx3zdyuqfq_4koan8builtins6fn_def10param_refs19part_references_anys1_0B9_
FNDA:0,_RNCNvNtNtNtCscUx3zdyuqfq_4koan8builtins6fn_def10param_refs19part_references_anys_0B9_
FNDA:4,_RNCNvNtNtNtCscUx3zdyuqfq_4koan8builtins6fn_def10param_refs24type_expr_references_any0B9_
FNDA:6,_RNCNvNtNtNtCscUx3zdyuqfq_4koan8builtins6fn_def10param_refs26kexpression_references_any0B9_
FNDA:6,_RNvNtNtNtCscUx3zdyuqfq_4koan8builtins6fn_def10param_refs19part_references_any
FNDA:4,_RNvNtNtNtCscUx3zdyuqfq_4koan8builtins6fn_def10param_refs24type_expr_references_any
FNDA:2,_RNvNtNtNtCscUx3zdyuqfq_4koan8builtins6fn_def10param_refs26kexpression_references_any
FNDA:112,_RNvNtNtNtCseriWsCb5ev6_4koan8builtins6fn_def10param_refs19part_references_any
FNDA:56,_RNvNtNtNtCseriWsCb5ev6_4koan8builtins6fn_def10param_refs24type_expr_references_any
FNDA:41,_RNvNtNtNtCseriWsCb5ev6_4koan8builtins6fn_def10param_refs26kexpression_references_any
FNDA:5,_RNCNvNtNtNtCseriWsCb5ev6_4koan8builtins6fn_def10param_refs19part_references_any0B9_
FNDA:1,_RNCNvNtNtNtCseriWsCb5ev6_4koan8builtins6fn_def10param_refs19part_references_anys0_0B9_
FNDA:5,_RNCNvNtNtNtCseriWsCb5ev6_4koan8builtins6fn_def10param_refs19part_references_anys1_0B9_
FNDA:1,_RNCNvNtNtNtCseriWsCb5ev6_4koan8builtins6fn_def10param_refs19part_references_anys_0B9_
FNDA:40,_RNCNvNtNtNtCseriWsCb5ev6_4koan8builtins6fn_def10param_refs24type_expr_references_any0B9_
FNDA:104,_RNCNvNtNtNtCseriWsCb5ev6_4koan8builtins6fn_def10param_refs26kexpression_references_any0B9_
FNF:9
FNH:9
DA:11,60
DA:12,60
DA:13,60
DA:15,43
DA:16,43
DA:17,43
DA:18,110
DA:19,43
DA:21,118
DA:22,118
DA:23,7
DA:24,45
DA:25,6
DA:26,1
DA:28,0
DA:29,1
DA:30,1
DA:32,1
DA:33,1
DA:34,1
DA:37,4
DA:38,4
DA:39,5
DA:40,53
DA:42,118
BRF:0
BRH:0
LF:31
LH:30
end_of_record
SF:/var/home/jack/Code/koan/src/builtins/fn_def/return_type.rs
FN:206,_RNCNvNtNtNtCscUx3zdyuqfq_4koan8builtins6fn_def11return_type31verdict_for_deferred_expression0B9_
FN:230,_RNvNtNtNtCscUx3zdyuqfq_4koan8builtins6fn_def11return_type12make_capture
FN:95,_RNvNtNtNtCscUx3zdyuqfq_4koan8builtins6fn_def11return_type20classify_return_type
FN:164,_RNvNtNtNtCscUx3zdyuqfq_4koan8builtins6fn_def11return_type20verdict_for_resolved
FN:56,_RNvNtNtNtCscUx3zdyuqfq_4koan8builtins6fn_def11return_type23extract_return_type_raw
FN:237,_RNvNtNtNtCscUx3zdyuqfq_4koan8builtins6fn_def11return_type25resolve_capture_at_finish
FN:179,_RNvNtNtNtCscUx3zdyuqfq_4koan8builtins6fn_def11return_type30verdict_for_deferred_type_expr
FN:205,_RNvNtNtNtCscUx3zdyuqfq_4koan8builtins6fn_def11return_type31verdict_for_deferred_expression
FN:206,_RNCNvNtNtNtCseriWsCb5ev6_4koan8builtins6fn_def11return_type31verdict_for_deferred_expression0B9_
FN:230,_RNvNtNtNtCseriWsCb5ev6_4koan8builtins6fn_def11return_type12make_capture
FN:95,_RNvNtNtNtCseriWsCb5ev6_4koan8builtins6fn_def11return_type20classify_return_type
FN:164,_RNvNtNtNtCseriWsCb5ev6_4koan8builtins6fn_def11return_type20verdict_for_resolved
FN:56,_RNvNtNtNtCseriWsCb5ev6_4koan8builtins6fn_def11return_type23extract_return_type_raw
FN:237,_RNvNtNtNtCseriWsCb5ev6_4koan8builtins6fn_def11return_type25resolve_capture_at_finish
FN:179,_RNvNtNtNtCseriWsCb5ev6_4koan8builtins6fn_def11return_type30verdict_for_deferred_type_expr
FN:205,_RNvNtNtNtCseriWsCb5ev6_4koan8builtins6fn_def11return_type31verdict_for_deferred_expression
FNDA:0,_RNCNvNtNtNtCscUx3zdyuqfq_4koan8builtins6fn_def11return_type31verdict_for_deferred_expression0B9_
FNDA:0,_RNvNtNtNtCscUx3zdyuqfq_4koan8builtins6fn_def11return_type12make_capture
FNDA:17,_RNvNtNtNtCscUx3zdyuqfq_4koan8builtins6fn_def11return_type20classify_return_type
FNDA:16,_RNvNtNtNtCscUx3zdyuqfq_4koan8builtins6fn_def11return_type20verdict_for_resolved
FNDA:17,_RNvNtNtNtCscUx3zdyuqfq_4koan8builtins6fn_def11return_type23extract_return_type_raw
FNDA:1,_RNvNtNtNtCscUx3zdyuqfq_4koan8builtins6fn_def11return_type25resolve_capture_at_finish
FNDA:0,_RNvNtNtNtCscUx3zdyuqfq_4koan8builtins6fn_def11return_type30verdict_for_deferred_type_expr
FNDA:0,_RNvNtNtNtCscUx3zdyuqfq_4koan8builtins6fn_def11return_type31verdict_for_deferred_expression
FNDA:1,_RNCNvNtNtNtCseriWsCb5ev6_4koan8builtins6fn_def11return_type31verdict_for_deferred_expression0B9_
FNDA:0,_RNvNtNtNtCseriWsCb5ev6_4koan8builtins6fn_def11return_type12make_capture
FNDA:247,_RNvNtNtNtCseriWsCb5ev6_4koan8builtins6fn_def11return_type20classify_return_type
FNDA:203,_RNvNtNtNtCseriWsCb5ev6_4koan8builtins6fn_def11return_type20verdict_for_resolved
FNDA:247,_RNvNtNtNtCseriWsCb5ev6_4koan8builtins6fn_def11return_type23extract_return_type_raw
FNDA:81,_RNvNtNtNtCseriWsCb5ev6_4koan8builtins6fn_def11return_type25resolve_capture_at_finish
FNDA:2,_RNvNtNtNtCseriWsCb5ev6_4koan8builtins6fn_def11return_type30verdict_for_deferred_type_expr
FNDA:1,_RNvNtNtNtCseriWsCb5ev6_4koan8builtins6fn_def11return_type31verdict_for_deferred_expression
FNF:8
FNH:7
DA:56,264
DA:57,264
DA:58,264
DA:60,264
DA:61,228
DA:62,15
DA:63,213
DA:65,36
DA:66,36
DA:68,0
DA:69,0
DA:70,0
DA:71,0
DA:73,264
DA:95,264
DA:96,264
DA:97,264
DA:98,264
DA:99,264
DA:100,264
DA:101,264
DA:102,264
DA:103,213
DA:104,213
DA:105,213
DA:107,15
DA:108,15
DA:109,6
DA:110,2
DA:111,4
DA:113,6
DA:114,6
DA:115,6
DA:116,6
DA:117,9
DA:118,9
DA:121,9
DA:122,6
DA:123,0
DA:124,0
DA:126,3
DA:127,0
DA:129,3
DA:130,3
DA:131,3
DA:135,6
DA:136,6
DA:137,6
DA:139,0
DA:141,6
DA:143,36
DA:144,36
DA:145,13
DA:146,1
DA:147,12
DA:149,13
DA:150,13
DA:151,13
DA:152,13
DA:154,23
DA:155,23
DA:156,23
DA:157,23
DA:161,264
DA:164,219
DA:165,219
DA:166,218
DA:168,1
DA:169,1
DA:170,1
DA:171,1
DA:173,219
DA:179,2
DA:180,2
DA:181,2
DA:182,2
DA:185,2
DA:186,2
DA:187,2
DA:189,0
DA:190,0
DA:191,0
DA:192,0
DA:193,0
DA:194,0
DA:197,0
DA:199,2
DA:205,1
DA:206,1
DA:207,1
DA:208,0
DA:209,1
DA:210,1
DA:211,1
DA:212,1
DA:213,1
DA:214,1
DA:215,1
DA:216,1
DA:217,1
DA:218,0
DA:219,0
DA:220,0
DA:221,0
DA:222,0
DA:223,0
DA:224,0
DA:225,0
DA:226,0
DA:228,1
DA:230,0
DA:231,0
DA:232,0
DA:237,82
DA:238,82
DA:239,82
DA:240,82
DA:241,82
DA:242,82
DA:243,59
DA:244,0
DA:245,0
DA:246,0
DA:247,0
DA:248,0
DA:249,0
DA:250,0
DA:251,0
DA:252,0
DA:253,0
DA:254,0
DA:255,0
DA:259,0
DA:260,23
DA:261,22
DA:262,1
DA:263,1
DA:264,1
DA:265,1
DA:266,1
DA:269,82
BRF:0
BRH:0
LF:142
LH:101
end_of_record
SF:/var/home/jack/Code/koan/src/builtins/fn_def/signature.rs
FN:186,_RNvNtNtNtCscUx3zdyuqfq_4koan8builtins6fn_def9signature13binder_bucket
FN:62,_RNvNtNtNtCscUx3zdyuqfq_4koan8builtins6fn_def9signature19parse_fn_param_list
FN:244,_RNvNtNtNtCscUx3zdyuqfq_4koan8builtins6fn_def9signature19signature_expr_part
FN:12,_RNvNtNtNtCscUx3zdyuqfq_4koan8builtins6fn_def9signature34collect_param_names_from_signature
FN:201,_RNCNvNtNtNtCscUx3zdyuqfq_4koan8builtins6fn_def9signature13binder_bucket0B9_
FN:219,_RNCNvNtNtNtCscUx3zdyuqfq_4koan8builtins6fn_def9signature13binder_buckets_0B9_
FN:186,_RNvNtNtNtCseriWsCb5ev6_4koan8builtins6fn_def9signature13binder_bucket
FN:62,_RNvNtNtNtCseriWsCb5ev6_4koan8builtins6fn_def9signature19parse_fn_param_list
FN:244,_RNvNtNtNtCseriWsCb5ev6_4koan8builtins6fn_def9signature19signature_expr_part
FN:12,_RNvNtNtNtCseriWsCb5ev6_4koan8builtins6fn_def9signature34collect_param_names_from_signature
FN:201,_RNCNvNtNtNtCseriWsCb5ev6_4koan8builtins6fn_def9signature13binder_bucket0B9_
FN:219,_RNCNvNtNtNtCseriWsCb5ev6_4koan8builtins6fn_def9signature13binder_buckets_0B9_
FNDA:35,_RNvNtNtNtCscUx3zdyuqfq_4koan8builtins6fn_def9signature13binder_bucket
FNDA:18,_RNvNtNtNtCscUx3zdyuqfq_4koan8builtins6fn_def9signature19parse_fn_param_list
FNDA:35,_RNvNtNtNtCscUx3zdyuqfq_4koan8builtins6fn_def9signature19signature_expr_part
FNDA:17,_RNvNtNtNtCscUx3zdyuqfq_4koan8builtins6fn_def9signature34collect_param_names_from_signature
FNDA:29,_RNCNvNtNtNtCscUx3zdyuqfq_4koan8builtins6fn_def9signature13binder_bucket0B9_
FNDA:10,_RNCNvNtNtNtCscUx3zdyuqfq_4koan8builtins6fn_def9signature13binder_buckets_0B9_
FNDA:496,_RNvNtNtNtCseriWsCb5ev6_4koan8builtins6fn_def9signature13binder_bucket
FNDA:315,_RNvNtNtNtCseriWsCb5ev6_4koan8builtins6fn_def9signature19parse_fn_param_list
FNDA:496,_RNvNtNtNtCseriWsCb5ev6_4koan8builtins6fn_def9signature19signature_expr_part
FNDA:240,_RNvNtNtNtCseriWsCb5ev6_4koan8builtins6fn_def9signature34collect_param_names_from_signature
FNDA:330,_RNCNvNtNtNtCseriWsCb5ev6_4koan8builtins6fn_def9signature13binder_bucket0B9_
FNDA:62,_RNCNvNtNtNtCseriWsCb5ev6_4koan8builtins6fn_def9signature13binder_buckets_0B9_
FNF:6
FNH:6
DA:12,257
DA:13,257
DA:14,257
DA:15,257
DA:16,733
DA:17,476
DA:18,181
DA:19,36
DA:20,259
DA:22,476
DA:23,217
DA:24,217
DA:25,215
DA:32,217
DA:33,215
DA:34,215
DA:35,215
DA:36,2
DA:37,259
DA:38,261
DA:40,257
DA:41,257
DA:62,333
DA:63,333
DA:64,333
DA:65,333
DA:66,333
DA:67,333
DA:68,333
DA:69,333
DA:70,333
DA:71,333
DA:72,948
DA:75,617
DA:76,245
DA:77,37
DA:78,335
DA:80,617
DA:81,335
DA:82,335
DA:83,335
DA:84,335
DA:85,282
DA:86,282
DA:87,61
DA:88,157
DA:89,157
DA:90,154
DA:91,154
DA:92,154
DA:93,154
DA:94,154
DA:95,154
DA:96,1
DA:97,1
DA:98,1
DA:99,2
DA:100,2
DA:101,2
DA:102,2
DA:103,0
DA:105,157
DA:107,1
DA:108,1
DA:109,1
DA:110,1
DA:111,49
DA:112,49
DA:113,49
DA:114,49
DA:115,49
DA:116,49
DA:117,49
DA:118,49
DA:119,49
DA:120,49
DA:121,12
DA:122,12
DA:123,12
DA:124,12
DA:125,12
DA:126,12
DA:127,12
DA:128,12
DA:129,12
DA:130,61
DA:131,61
DA:132,61
DA:133,61
DA:134,61
DA:135,61
DA:136,61
DA:137,0
DA:138,0
DA:139,0
DA:140,0
DA:141,0
DA:142,0
DA:145,2
DA:146,2
DA:147,2
DA:148,2
DA:152,0
DA:153,0
DA:154,0
DA:155,0
DA:156,0
DA:158,0
DA:159,0
DA:160,0
DA:161,0
DA:162,0
DA:166,331
DA:167,2
DA:168,329
DA:169,329
DA:170,63
DA:171,63
DA:172,63
DA:173,63
DA:174,266
DA:175,266
DA:176,333
DA:186,531
DA:187,531
DA:188,531
DA:190,531
DA:191,515
DA:192,515
DA:193,515
DA:194,1469
DA:195,954
DA:196,519
DA:197,519
DA:198,519
DA:199,519
DA:201,363
DA:202,0
DA:203,359
DA:210,359
DA:211,363
DA:212,359
DA:213,359
DA:214,359
DA:215,4
DA:216,4
DA:219,72
DA:220,0
DA:221,72
DA:228,72
DA:229,72
DA:230,72
DA:231,72
DA:232,72
DA:233,0
DA:234,0
DA:236,0
DA:237,0
DA:238,0
DA:241,515
DA:242,531
DA:244,531
DA:245,531
DA:246,531
DA:247,515
DA:248,16
DA:250,531
BRF:0
BRH:0
LF:169
LH:145
end_of_record
SF:/var/home/jack/Code/koan/src/builtins/functor_def.rs
FN:32,_RNvNtNtCscUx3zdyuqfq_4koan8builtins11functor_def4body
FN:38,_RNvNtNtCscUx3zdyuqfq_4koan8builtins11functor_def8register
FN:45,_RNCNvNtNtCscUx3zdyuqfq_4koan8builtins11functor_def8register0B7_
FN:60,_RNCNvNtNtCscUx3zdyuqfq_4koan8builtins11functor_def8registers_0B7_
FN:32,_RNvNtNtCseriWsCb5ev6_4koan8builtins11functor_def4body
FN:38,_RNvNtNtCseriWsCb5ev6_4koan8builtins11functor_def8register
FN:45,_RNCNvNtNtCseriWsCb5ev6_4koan8builtins11functor_def8register0B7_
FN:60,_RNCNvNtNtCseriWsCb5ev6_4koan8builtins11functor_def8registers_0B7_
FNDA:7,_RNvNtNtCscUx3zdyuqfq_4koan8builtins11functor_def4body
FNDA:43,_RNvNtNtCscUx3zdyuqfq_4koan8builtins11functor_def8register
FNDA:43,_RNCNvNtNtCscUx3zdyuqfq_4koan8builtins11functor_def8register0B7_
FNDA:43,_RNCNvNtNtCscUx3zdyuqfq_4koan8builtins11functor_def8registers_0B7_
FNDA:18,_RNvNtNtCseriWsCb5ev6_4koan8builtins11functor_def4body
FNDA:499,_RNvNtNtCseriWsCb5ev6_4koan8builtins11functor_def8register
FNDA:499,_RNCNvNtNtCseriWsCb5ev6_4koan8builtins11functor_def8register0B7_
FNDA:499,_RNCNvNtNtCseriWsCb5ev6_4koan8builtins11functor_def8registers_0B7_
FNF:4
FNH:4
DA:32,25
DA:33,25
DA:34,25
DA:35,25
DA:36,25
DA:38,542
DA:45,542
DA:46,542
DA:47,542
DA:48,542
DA:49,542
DA:50,542
DA:51,542
DA:52,542
DA:53,542
DA:54,542
DA:57,542
DA:60,542
DA:61,542
DA:62,542
DA:63,542
DA:64,542
DA:65,542
DA:66,542
DA:67,542
DA:68,542
DA:69,542
DA:72,542
DA:74,542
DA:75,542
DA:76,542
DA:77,542
BRF:0
BRH:0
LF:34
LH:34
end_of_record
SF:/var/home/jack/Code/koan/src/builtins/let_binding.rs
FN:157,_RNvNtNtCscUx3zdyuqfq_4koan8builtins11let_binding11binder_name
FN:142,_RNvNtNtCscUx3zdyuqfq_4koan8builtins11let_binding21capitalize_identifier
FN:14,_RNvNtNtCscUx3zdyuqfq_4koan8builtins11let_binding4body
FN:165,_RNvNtNtCscUx3zdyuqfq_4koan8builtins11let_binding8register
FN:21,_RNCNvNtNtCscUx3zdyuqfq_4koan8builtins11let_binding4body0B7_
FN:166,_RNCNvNtNtCscUx3zdyuqfq_4koan8builtins11let_binding8register0B7_
FN:177,_RNCNvNtNtCscUx3zdyuqfq_4koan8builtins11let_binding8registers_0B7_
FN:21,_RNCNvNtNtCseriWsCb5ev6_4koan8builtins11let_binding4body0B7_
FN:166,_RNCNvNtNtCseriWsCb5ev6_4koan8builtins11let_binding8register0B7_
FN:177,_RNCNvNtNtCseriWsCb5ev6_4koan8builtins11let_binding8registers_0B7_
FN:157,_RNvNtNtCseriWsCb5ev6_4koan8builtins11let_binding11binder_name
FN:142,_RNvNtNtCseriWsCb5ev6_4koan8builtins11let_binding21capitalize_identifier
FN:14,_RNvNtNtCseriWsCb5ev6_4koan8builtins11let_binding4body
FN:165,_RNvNtNtCseriWsCb5ev6_4koan8builtins11let_binding8register
FNDA:160,_RNvNtNtCscUx3zdyuqfq_4koan8builtins11let_binding11binder_name
FNDA:0,_RNvNtNtCscUx3zdyuqfq_4koan8builtins11let_binding21capitalize_identifier
FNDA:57,_RNvNtNtCscUx3zdyuqfq_4koan8builtins11let_binding4body
FNDA:43,_RNvNtNtCscUx3zdyuqfq_4koan8builtins11let_binding8register
FNDA:0,_RNCNvNtNtCscUx3zdyuqfq_4koan8builtins11let_binding4body0B7_
FNDA:43,_RNCNvNtNtCscUx3zdyuqfq_4koan8builtins11let_binding8register0B7_
FNDA:43,_RNCNvNtNtCscUx3zdyuqfq_4koan8builtins11let_binding8registers_0B7_
FNDA:12,_RNCNvNtNtCseriWsCb5ev6_4koan8builtins11let_binding4body0B7_
FNDA:499,_RNCNvNtNtCseriWsCb5ev6_4koan8builtins11let_binding8register0B7_
FNDA:499,_RNCNvNtNtCseriWsCb5ev6_4koan8builtins11let_binding8registers_0B7_
FNDA:932,_RNvNtNtCseriWsCb5ev6_4koan8builtins11let_binding11binder_name
FNDA:4,_RNvNtNtCseriWsCb5ev6_4koan8builtins11let_binding21capitalize_identifier
FNDA:368,_RNvNtNtCseriWsCb5ev6_4koan8builtins11let_binding4body
FNDA:499,_RNvNtNtCseriWsCb5ev6_4koan8builtins11let_binding8register
FNF:7
FNH:7
DA:14,425
DA:15,425
DA:16,425
DA:21,425
DA:22,425
DA:23,425
DA:24,425
DA:25,0
DA:27,425
DA:28,425
DA:29,281
DA:30,281
DA:31,3
DA:32,1
DA:33,1
DA:34,1
DA:36,3
DA:37,3
DA:38,3
DA:39,3
DA:40,3
DA:41,3
DA:42,3
DA:43,3
DA:44,278
DA:45,278
DA:47,144
DA:48,144
DA:49,143
DA:56,1
DA:57,1
DA:58,1
DA:59,1
DA:61,0
DA:63,140
DA:64,134
DA:65,9
DA:66,6
DA:68,3
DA:69,3
DA:70,3
DA:71,3
DA:72,3
DA:75,140
DA:77,0
DA:78,0
DA:79,0
DA:80,0
DA:81,0
DA:82,0
DA:84,0
DA:86,418
DA:87,2
DA:88,2
DA:89,2
DA:90,2
DA:91,416
DA:92,416
DA:93,416
DA:94,140
DA:95,6
DA:96,6
DA:97,6
DA:98,4
DA:100,140
DA:101,30
DA:102,30
DA:103,30
DA:104,30
DA:106,110
DA:108,140
DA:109,140
DA:110,0
DA:111,140
DA:112,140
DA:114,276
DA:115,24
DA:116,1
DA:117,1
DA:118,1
DA:119,1
DA:120,1
DA:121,1
DA:122,275
DA:123,275
DA:124,275
DA:125,1
DA:126,1
DA:127,1
DA:128,1
DA:129,1
DA:130,274
DA:131,274
DA:132,1
DA:133,273
DA:134,273
DA:136,425
DA:142,4
DA:143,4
DA:144,4
DA:145,4
DA:146,4
DA:147,4
DA:148,4
DA:149,4
DA:151,0
DA:153,4
DA:157,1092
DA:158,1092
DA:159,716
DA:160,373
DA:161,3
DA:163,1092
DA:165,542
DA:166,542
DA:167,542
DA:168,542
DA:169,542
DA:170,542
DA:171,542
DA:172,542
DA:173,542
DA:176,542
DA:177,542
DA:178,542
DA:179,542
DA:180,542
DA:181,542
DA:182,542
DA:183,542
DA:184,542
DA:187,542
DA:188,542
DA:189,542
DA:191,542
DA:192,542
DA:194,542
BRF:0
BRH:0
LF:140
LH:129
end_of_record
SF:/var/home/jack/Code/koan/src/builtins/match_case.rs
FN:22,_RNvNtNtCscUx3zdyuqfq_4koan8builtins10match_case4body
FN:64,_RNvNtNtCscUx3zdyuqfq_4koan8builtins10match_case8register
FN:86,_RNvNtNtNtCseriWsCb5ev6_4koan8builtins10match_case5tests11run_program
FN:125,_RNvNtNtNtCseriWsCb5ev6_4koan8builtins10match_case5testss_25match_inexhaustive_errors
FN:105,_RNvNtNtNtCseriWsCb5ev6_4koan8builtins10match_case5testss_29match_binds_inner_value_to_it
FN:201,_RNvNtNtNtCseriWsCb5ev6_4koan8builtins10match_case5testss_29recursive_tagged_match_no_uaf
FN:216,_RNvNtNtNtCseriWsCb5ev6_4koan8builtins10match_case5testss_33match_on_bool_inexhaustive_errors
FN:185,_RNvNtNtNtCseriWsCb5ev6_4koan8builtins10match_case5testss_36match_on_bool_true_takes_true_branch
FN:115,_RNvNtNtNtCseriWsCb5ev6_4koan8builtins10match_case5testss_37match_does_not_run_unmatched_branches
FN:193,_RNvNtNtNtCseriWsCb5ev6_4koan8builtins10match_case5testss_38match_on_bool_false_takes_false_branch
FN:95,_RNvNtNtNtCseriWsCb5ev6_4koan8builtins10match_case5testss_40match_dispatches_branch_for_matching_tag
FN:175,_RNvNtNtNtCseriWsCb5ev6_4koan8builtins10match_case5testss_40match_other_branch_runs_when_tag_matches
FN:143,_RNvNtNtNtCseriWsCb5ev6_4koan8builtins10match_case5testss_47match_arm_violating_declared_return_type_errors
FN:230,_RNvNtNtNtCseriWsCb5ev6_4koan8builtins10match_case5testss_47multi_statement_match_branch_returns_last_value
FN:162,_RNvNtNtNtCseriWsCb5ev6_4koan8builtins10match_case5testss_54match_value_is_admissible_against_declared_return_slot
FN:245,_RNvNtNtNtCseriWsCb5ev6_4koan8builtins10match_case5testss_59fn_recursion_with_multi_statement_body_via_match_terminates
FN:22,_RNvNtNtCseriWsCb5ev6_4koan8builtins10match_case4body
FN:64,_RNvNtNtCseriWsCb5ev6_4koan8builtins10match_case8register
FNDA:0,_RNvNtNtCscUx3zdyuqfq_4koan8builtins10match_case4body
FNDA:43,_RNvNtNtCscUx3zdyuqfq_4koan8builtins10match_case8register
FNDA:10,_RNvNtNtNtCseriWsCb5ev6_4koan8builtins10match_case5tests11run_program
FNDA:1,_RNvNtNtNtCseriWsCb5ev6_4koan8builtins10match_case5testss_25match_inexhaustive_errors
FNDA:1,_RNvNtNtNtCseriWsCb5ev6_4koan8builtins10match_case5testss_29match_binds_inner_value_to_it
FNDA:1,_RNvNtNtNtCseriWsCb5ev6_4koan8builtins10match_case5testss_29recursive_tagged_match_no_uaf
FNDA:1,_RNvNtNtNtCseriWsCb5ev6_4koan8builtins10match_case5testss_33match_on_bool_inexhaustive_errors
FNDA:1,_RNvNtNtNtCseriWsCb5ev6_4koan8builtins10match_case5testss_36match_on_bool_true_takes_true_branch
FNDA:1,_RNvNtNtNtCseriWsCb5ev6_4koan8builtins10match_case5testss_37match_does_not_run_unmatched_branches
FNDA:1,_RNvNtNtNtCseriWsCb5ev6_4koan8builtins10match_case5testss_38match_on_bool_false_takes_false_branch
FNDA:1,_RNvNtNtNtCseriWsCb5ev6_4koan8builtins10match_case5testss_40match_dispatches_branch_for_matching_tag
FNDA:1,_RNvNtNtNtCseriWsCb5ev6_4koan8builtins10match_case5testss_40match_other_branch_runs_when_tag_matches
FNDA:1,_RNvNtNtNtCseriWsCb5ev6_4koan8builtins10match_case5testss_47match_arm_violating_declared_return_type_errors
FNDA:1,_RNvNtNtNtCseriWsCb5ev6_4koan8builtins10match_case5testss_47multi_statement_match_branch_returns_last_value
FNDA:1,_RNvNtNtNtCseriWsCb5ev6_4koan8builtins10match_case5testss_54match_value_is_admissible_against_declared_return_slot
FNDA:1,_RNvNtNtNtCseriWsCb5ev6_4koan8builtins10match_case5testss_59fn_recursion_with_multi_statement_body_via_match_terminates
FNDA:70,_RNvNtNtCseriWsCb5ev6_4koan8builtins10match_case4body
FNDA:499,_RNvNtNtCseriWsCb5ev6_4koan8builtins10match_case8register
FNF:16
FNH:16
DA:22,70
DA:23,70
DA:24,70
DA:28,70
DA:29,63
DA:30,7
DA:31,7
DA:32,7
DA:34,0
DA:35,0
DA:36,0
DA:37,0
DA:38,0
DA:39,0
DA:41,0
DA:43,70
DA:44,70
DA:45,70
DA:46,67
DA:48,3
DA:49,3
DA:50,3
DA:51,3
DA:53,0
DA:55,67
DA:56,67
DA:57,67
DA:58,67
DA:59,67
DA:60,67
DA:62,70
DA:64,542
DA:65,542
DA:66,542
DA:67,542
DA:68,542
DA:69,542
DA:70,542
DA:71,542
DA:72,542
DA:73,542
DA:76,542
DA:77,542
DA:86,10
DA:87,10
DA:88,10
DA:89,10
DA:90,10
DA:91,10
DA:92,10
DA:95,1
DA:96,1
DA:97,1
DA:98,1
DA:99,1
DA:101,1
DA:102,1
DA:105,1
DA:106,1
DA:107,1
DA:108,1
DA:109,1
DA:111,1
DA:112,1
DA:115,1
DA:116,1
DA:117,1
DA:118,1
DA:119,1
DA:121,1
DA:122,1
DA:125,1
DA:126,1
DA:127,1
DA:128,1
DA:129,1
DA:130,1
DA:132,1
DA:133,1
DA:134,1
DA:136,1
DA:137,1
DA:140,1
DA:143,1
DA:144,1
DA:145,1
DA:146,1
DA:147,1
DA:148,1
DA:151,1
DA:152,1
DA:153,1
DA:155,1
DA:156,1
DA:159,1
DA:162,1
DA:165,1
DA:166,1
DA:167,1
DA:168,1
DA:169,1
DA:171,1
DA:172,1
DA:175,1
DA:176,1
DA:177,1
DA:178,1
DA:179,1
DA:181,1
DA:182,1
DA:185,1
DA:186,1
DA:187,1
DA:189,1
DA:190,1
DA:193,1
DA:194,1
DA:195,1
DA:197,1
DA:198,1
DA:201,1
DA:204,1
DA:205,1
DA:206,1
DA:207,1
DA:208,1
DA:209,1
DA:210,1
DA:212,1
DA:213,1
DA:216,1
DA:217,1
DA:218,1
DA:219,1
DA:220,1
DA:221,1
DA:223,1
DA:224,1
DA:227,1
DA:230,1
DA:231,1
DA:232,1
DA:233,1
DA:234,1
DA:235,1
DA:236,1
DA:237,1
DA:239,1
DA:240,1
DA:241,1
DA:242,1
DA:245,1
DA:246,1
DA:247,1
DA:248,1
DA:249,1
DA:250,1
DA:251,1
DA:252,1
DA:253,1
DA:254,1
DA:255,1
DA:257,1
DA:258,1
DA:259,1
BRF:0
BRH:0
LF:165
LH:157
end_of_record
SF:/var/home/jack/Code/koan/src/builtins/module_def.rs
FN:21,_RNvNtNtCscUx3zdyuqfq_4koan8builtins10module_def4body
FN:85,_RNvNtNtCscUx3zdyuqfq_4koan8builtins10module_def8register
FN:39,_RNCNvNtNtCscUx3zdyuqfq_4koan8builtins10module_def4body0B7_
FN:39,_RNCNvNtNtCseriWsCb5ev6_4koan8builtins10module_def4body0B7_
FN:21,_RNvNtNtCseriWsCb5ev6_4koan8builtins10module_def4body
FN:85,_RNvNtNtCseriWsCb5ev6_4koan8builtins10module_def8register
FN:109,_RNvNtNtNtCseriWsCb5ev6_4koan8builtins10module_def5tests14resolve_module
FN:171,_RNvNtNtNtCseriWsCb5ev6_4koan8builtins10module_def5testss_28module_unknown_member_errors
FN:139,_RNvNtNtNtCseriWsCb5ev6_4koan8builtins10module_def5testss_29module_member_access_via_attr
FN:117,_RNvNtNtNtCseriWsCb5ev6_4koan8builtins10module_def5testss_32binder_name_extracts_module_name
FN:124,_RNvNtNtNtCseriWsCb5ev6_4koan8builtins10module_def5testss_32module_binds_under_name_in_scope
FN:157,_RNvNtNtNtCseriWsCb5ev6_4koan8builtins10module_def5testss_33module_member_function_via_let_fn
FN:243,_RNvNtNtNtCseriWsCb5ev6_4koan8builtins10module_def5testss_36module_body_dispatch_does_not_dangle
FN:195,_RNvNtNtNtCseriWsCb5ev6_4koan8builtins10module_def5testss_38module_body_parks_on_outer_placeholder
FN:205,_RNvNtNtNtCseriWsCb5ev6_4koan8builtins10module_def5testss_41module_body_error_short_circuits_finalize
FN:148,_RNvNtNtNtCseriWsCb5ev6_4koan8builtins10module_def5testss_41module_with_multiple_statements_in_parens
FN:184,_RNvNtNtNtCseriWsCb5ev6_4koan8builtins10module_def5testss_41nested_module_accessible_via_chained_attr
FN:219,_RNvNtNtNtCseriWsCb5ev6_4koan8builtins10module_def5testss_50module_finalize_short_circuits_on_idempotent_state
FNDA:21,_RNvNtNtCscUx3zdyuqfq_4koan8builtins10module_def4body
FNDA:43,_RNvNtNtCscUx3zdyuqfq_4koan8builtins10module_def8register
FNDA:20,_RNCNvNtNtCscUx3zdyuqfq_4koan8builtins10module_def4body0B7_
FNDA:81,_RNCNvNtNtCseriWsCb5ev6_4koan8builtins10module_def4body0B7_
FNDA:83,_RNvNtNtCseriWsCb5ev6_4koan8builtins10module_def4body
FNDA:499,_RNvNtNtCseriWsCb5ev6_4koan8builtins10module_def8register
FNDA:3,_RNvNtNtNtCseriWsCb5ev6_4koan8builtins10module_def5tests14resolve_module
FNDA:1,_RNvNtNtNtCseriWsCb5ev6_4koan8builtins10module_def5testss_28module_unknown_member_errors
FNDA:1,_RNvNtNtNtCseriWsCb5ev6_4koan8builtins10module_def5testss_29module_member_access_via_attr
FNDA:1,_RNvNtNtNtCseriWsCb5ev6_4koan8builtins10module_def5testss_32binder_name_extracts_module_name
FNDA:1,_RNvNtNtNtCseriWsCb5ev6_4koan8builtins10module_def5testss_32module_binds_under_name_in_scope
FNDA:1,_RNvNtNtNtCseriWsCb5ev6_4koan8builtins10module_def5testss_33module_member_function_via_let_fn
FNDA:1,_RNvNtNtNtCseriWsCb5ev6_4koan8builtins10module_def5testss_36module_body_dispatch_does_not_dangle
FNDA:1,_RNvNtNtNtCseriWsCb5ev6_4koan8builtins10module_def5testss_38module_body_parks_on_outer_placeholder
FNDA:1,_RNvNtNtNtCseriWsCb5ev6_4koan8builtins10module_def5testss_41module_body_error_short_circuits_finalize
FNDA:1,_RNvNtNtNtCseriWsCb5ev6_4koan8builtins10module_def5testss_41module_with_multiple_statements_in_parens
FNDA:1,_RNvNtNtNtCseriWsCb5ev6_4koan8builtins10module_def5testss_41nested_module_accessible_via_chained_attr
FNDA:1,_RNvNtNtNtCseriWsCb5ev6_4koan8builtins10module_def5testss_50module_finalize_short_circuits_on_idempotent_state
FNF:15
FNH:15
DA:21,104
DA:22,104
DA:23,104
DA:30,104
DA:31,104
DA:32,104
DA:33,104
DA:34,104
DA:35,104
DA:36,104
DA:37,104
DA:38,104
DA:39,104
DA:41,101
DA:42,1
DA:43,100
DA:44,100
DA:45,100
DA:46,100
DA:47,100
DA:50,100
DA:51,100
DA:52,100
DA:53,100
DA:54,100
DA:55,23
DA:56,0
DA:57,23
DA:58,23
DA:61,100
DA:62,100
DA:63,100
DA:64,100
DA:65,100
DA:66,100
DA:67,100
DA:69,100
DA:70,0
DA:71,0
DA:72,0
DA:73,0
DA:75,101
DA:76,104
DA:77,104
DA:78,104
DA:79,104
DA:80,104
DA:81,104
DA:82,104
DA:83,104
DA:85,542
DA:86,542
DA:87,542
DA:88,542
DA:89,542
DA:90,542
DA:91,542
DA:92,542
DA:95,542
DA:96,542
DA:98,542
DA:109,3
DA:110,3
DA:111,3
DA:112,0
DA:114,3
DA:117,1
DA:118,1
DA:119,1
DA:120,1
DA:121,1
DA:124,1
DA:125,1
DA:126,1
DA:127,1
DA:128,1
DA:129,1
DA:132,1
DA:133,1
DA:136,1
DA:139,1
DA:140,1
DA:141,1
DA:142,1
DA:143,1
DA:144,1
DA:145,1
DA:148,1
DA:149,1
DA:150,1
DA:151,1
DA:152,1
DA:153,1
DA:154,1
DA:157,1
DA:160,1
DA:161,1
DA:162,1
DA:163,1
DA:164,1
DA:166,1
DA:167,1
DA:168,1
DA:171,1
DA:172,1
DA:173,1
DA:174,1
DA:175,1
DA:176,1
DA:177,1
DA:178,1
DA:181,1
DA:184,1
DA:185,1
DA:186,1
DA:187,1
DA:188,1
DA:189,1
DA:190,1
DA:195,1
DA:196,1
DA:197,1
DA:198,1
DA:199,1
DA:200,1
DA:201,1
DA:205,1
DA:206,1
DA:207,1
DA:208,1
DA:209,1
DA:210,1
DA:213,1
DA:219,1
DA:220,1
DA:221,1
DA:222,1
DA:223,1
DA:224,1
DA:226,1
DA:227,1
DA:228,1
DA:229,1
DA:230,1
DA:234,1
DA:235,1
DA:236,1
DA:237,1
DA:238,1
DA:243,1
DA:244,1
DA:245,1
DA:246,1
DA:247,1
DA:248,1
DA:249,1
DA:250,1
DA:251,1
BRF:0
BRH:0
LF:159
LH:153
end_of_record
SF:/var/home/jack/Code/koan/src/builtins/newtype_def.rs
FN:92,_RNCNCNvNtNtCscUx3zdyuqfq_4koan8builtins11newtype_def23finalize_record_newtype00B9_
FN:205,_RNCNvNtNtCscUx3zdyuqfq_4koan8builtins11newtype_def20defer_resolved_sigil0B7_
FN:88,_RNCNvNtNtCscUx3zdyuqfq_4koan8builtins11newtype_def23finalize_record_newtype0B7_
FN:149,_RNCNvNtNtCscUx3zdyuqfq_4koan8builtins11newtype_def4body0B7_
FN:257,_RNCNvNtNtCscUx3zdyuqfq_4koan8builtins11newtype_def8register0B7_
FN:279,_RNCNvNtNtCscUx3zdyuqfq_4koan8builtins11newtype_def8registers0_0B7_
FN:268,_RNCNvNtNtCscUx3zdyuqfq_4koan8builtins11newtype_def8registers_0B7_
FN:226,_RNvNtNtCscUx3zdyuqfq_4koan8builtins11newtype_def16body_record_repr
FN:39,_RNvNtNtCscUx3zdyuqfq_4koan8builtins11newtype_def16finalize_newtype
FN:194,_RNvNtNtCscUx3zdyuqfq_4koan8builtins11newtype_def20defer_resolved_sigil
FN:71,_RNvNtNtCscUx3zdyuqfq_4koan8builtins11newtype_def23finalize_record_newtype
FN:116,_RNvNtNtCscUx3zdyuqfq_4koan8builtins11newtype_def4body
FN:254,_RNvNtNtCscUx3zdyuqfq_4koan8builtins11newtype_def8register
FN:226,_RNvNtNtCseriWsCb5ev6_4koan8builtins11newtype_def16body_record_repr
FN:39,_RNvNtNtCseriWsCb5ev6_4koan8builtins11newtype_def16finalize_newtype
FN:194,_RNvNtNtCseriWsCb5ev6_4koan8builtins11newtype_def20defer_resolved_sigil
FN:71,_RNvNtNtCseriWsCb5ev6_4koan8builtins11newtype_def23finalize_record_newtype
FN:116,_RNvNtNtCseriWsCb5ev6_4koan8builtins11newtype_def4body
FN:254,_RNvNtNtCseriWsCb5ev6_4koan8builtins11newtype_def8register
FN:92,_RNCNCNvNtNtCseriWsCb5ev6_4koan8builtins11newtype_def23finalize_record_newtype00B9_
FN:205,_RNCNvNtNtCseriWsCb5ev6_4koan8builtins11newtype_def20defer_resolved_sigil0B7_
FN:88,_RNCNvNtNtCseriWsCb5ev6_4koan8builtins11newtype_def23finalize_record_newtype0B7_
FN:149,_RNCNvNtNtCseriWsCb5ev6_4koan8builtins11newtype_def4body0B7_
FN:257,_RNCNvNtNtCseriWsCb5ev6_4koan8builtins11newtype_def8register0B7_
FN:279,_RNCNvNtNtCseriWsCb5ev6_4koan8builtins11newtype_def8registers0_0B7_
FN:268,_RNCNvNtNtCseriWsCb5ev6_4koan8builtins11newtype_def8registers_0B7_
FN:319,_RNvNtNtNtCseriWsCb5ev6_4koan8builtins11newtype_def5tests13record_fields
FN:657,_RNvNtNtNtCseriWsCb5ev6_4koan8builtins11newtype_def5testss_28construct_arity_zero_rejects
FN:678,_RNvNtNtNtCseriWsCb5ev6_4koan8builtins11newtype_def5testss_29construct_with_operator_value
FN:346,_RNvNtNtNtCseriWsCb5ev6_4koan8builtins11newtype_def5testss_30declare_mints_newtype_identity
FN:565,_RNvNtNtNtCseriWsCb5ev6_4koan8builtins11newtype_def5testss_30newtype_over_newtype_collapses
FN:636,_RNvNtNtNtCseriWsCb5ev6_4koan8builtins11newtype_def5testss_31construct_with_identifier_value
FN:398,_RNvNtNtNtCseriWsCb5ev6_4koan8builtins11newtype_def5testss_35construct_rejects_non_matching_repr
FN:376,_RNvNtNtNtCseriWsCb5ev6_4koan8builtins11newtype_def5testss_35construct_wraps_repr_matching_value
FN:512,_RNvNtNtNtCseriWsCb5ev6_4koan8builtins11newtype_def5testss_42nested_record_field_threads_self_reference
FN:463,_RNvNtNtNtCseriWsCb5ev6_4koan8builtins11newtype_def5testss_42record_repr_self_recursion_seals_set_local
FN:594,_RNvNtNtNtCseriWsCb5ev6_4koan8builtins11newtype_def5testss_43dispatch_distinguishes_distance_from_number
FN:487,_RNvNtNtNtCseriWsCb5ev6_4koan8builtins11newtype_def5testss_46record_repr_list_of_self_field_seals_set_local
FN:442,_RNvNtNtNtCseriWsCb5ev6_4koan8builtins11newtype_def5testss_47unknown_repr_errors_without_leaking_placeholder
FN:416,_RNvNtNtNtCseriWsCb5ev6_4koan8builtins11newtype_def5testss_49dependent_newtype_parks_on_record_repr_dependency
FN:539,_RNvNtNtNtCseriWsCb5ev6_4koan8builtins11newtype_def5testss_54sigil_repr_non_record_seals_newtype_over_resolved_type
FN:331,_RNCNvNtNtNtCseriWsCb5ev6_4koan8builtins11newtype_def5tests13record_fields0B9_
FN:520,_RNCNvNtNtNtCseriWsCb5ev6_4koan8builtins11newtype_def5testss_42nested_record_field_threads_self_reference0B9_
FN:470,_RNCNvNtNtNtCseriWsCb5ev6_4koan8builtins11newtype_def5testss_42record_repr_self_recursion_seals_set_local0B9_
FN:475,_RNCNvNtNtNtCseriWsCb5ev6_4koan8builtins11newtype_def5testss_42record_repr_self_recursion_seals_set_locals0_0B9_
FN:499,_RNCNvNtNtNtCseriWsCb5ev6_4koan8builtins11newtype_def5testss_46record_repr_list_of_self_field_seals_set_local0B9_
FNDA:5,_RNCNCNvNtNtCscUx3zdyuqfq_4koan8builtins11newtype_def23finalize_record_newtype00B9_
FNDA:0,_RNCNvNtNtCscUx3zdyuqfq_4koan8builtins11newtype_def20defer_resolved_sigil0B7_
FNDA:3,_RNCNvNtNtCscUx3zdyuqfq_4koan8builtins11newtype_def23finalize_record_newtype0B7_
FNDA:0,_RNCNvNtNtCscUx3zdyuqfq_4koan8builtins11newtype_def4body0B7_
FNDA:43,_RNCNvNtNtCscUx3zdyuqfq_4koan8builtins11newtype_def8register0B7_
FNDA:43,_RNCNvNtNtCscUx3zdyuqfq_4koan8builtins11newtype_def8registers0_0B7_
FNDA:43,_RNCNvNtNtCscUx3zdyuqfq_4koan8builtins11newtype_def8registers_0B7_
FNDA:3,_RNvNtNtCscUx3zdyuqfq_4koan8builtins11newtype_def16body_record_repr
FNDA:0,_RNvNtNtCscUx3zdyuqfq_4koan8builtins11newtype_def16finalize_newtype
FNDA:0,_RNvNtNtCscUx3zdyuqfq_4koan8builtins11newtype_def20defer_resolved_sigil
FNDA:3,_RNvNtNtCscUx3zdyuqfq_4koan8builtins11newtype_def23finalize_record_newtype
FNDA:0,_RNvNtNtCscUx3zdyuqfq_4koan8builtins11newtype_def4body
FNDA:43,_RNvNtNtCscUx3zdyuqfq_4koan8builtins11newtype_def8register
FNDA:34,_RNvNtNtCseriWsCb5ev6_4koan8builtins11newtype_def16body_record_repr
FNDA:14,_RNvNtNtCseriWsCb5ev6_4koan8builtins11newtype_def16finalize_newtype
FNDA:1,_RNvNtNtCseriWsCb5ev6_4koan8builtins11newtype_def20defer_resolved_sigil
FNDA:33,_RNvNtNtCseriWsCb5ev6_4koan8builtins11newtype_def23finalize_record_newtype
FNDA:15,_RNvNtNtCseriWsCb5ev6_4koan8builtins11newtype_def4body
FNDA:499,_RNvNtNtCseriWsCb5ev6_4koan8builtins11newtype_def8register
FNDA:54,_RNCNCNvNtNtCseriWsCb5ev6_4koan8builtins11newtype_def23finalize_record_newtype00B9_
FNDA:1,_RNCNvNtNtCseriWsCb5ev6_4koan8builtins11newtype_def20defer_resolved_sigil0B7_
FNDA:33,_RNCNvNtNtCseriWsCb5ev6_4koan8builtins11newtype_def23finalize_record_newtype0B7_
FNDA:0,_RNCNvNtNtCseriWsCb5ev6_4koan8builtins11newtype_def4body0B7_
FNDA:499,_RNCNvNtNtCseriWsCb5ev6_4koan8builtins11newtype_def8register0B7_
FNDA:499,_RNCNvNtNtCseriWsCb5ev6_4koan8builtins11newtype_def8registers0_0B7_
FNDA:499,_RNCNvNtNtCseriWsCb5ev6_4koan8builtins11newtype_def8registers_0B7_
FNDA:3,_RNvNtNtNtCseriWsCb5ev6_4koan8builtins11newtype_def5tests13record_fields
FNDA:1,_RNvNtNtNtCseriWsCb5ev6_4koan8builtins11newtype_def5testss_28construct_arity_zero_rejects
FNDA:1,_RNvNtNtNtCseriWsCb5ev6_4koan8builtins11newtype_def5testss_29construct_with_operator_value
FNDA:1,_RNvNtNtNtCseriWsCb5ev6_4koan8builtins11newtype_def5testss_30declare_mints_newtype_identity
FNDA:1,_RNvNtNtNtCseriWsCb5ev6_4koan8builtins11newtype_def5testss_30newtype_over_newtype_collapses
FNDA:1,_RNvNtNtNtCseriWsCb5ev6_4koan8builtins11newtype_def5testss_31construct_with_identifier_value
FNDA:1,_RNvNtNtNtCseriWsCb5ev6_4koan8builtins11newtype_def5testss_35construct_rejects_non_matching_repr
FNDA:1,_RNvNtNtNtCseriWsCb5ev6_4koan8builtins11newtype_def5testss_35construct_wraps_repr_matching_value
FNDA:1,_RNvNtNtNtCseriWsCb5ev6_4koan8builtins11newtype_def5testss_42nested_record_field_threads_self_reference
FNDA:1,_RNvNtNtNtCseriWsCb5ev6_4koan8builtins11newtype_def5testss_42record_repr_self_recursion_seals_set_local
FNDA:1,_RNvNtNtNtCseriWsCb5ev6_4koan8builtins11newtype_def5testss_43dispatch_distinguishes_distance_from_number
FNDA:1,_RNvNtNtNtCseriWsCb5ev6_4koan8builtins11newtype_def5testss_46record_repr_list_of_self_field_seals_set_local
FNDA:1,_RNvNtNtNtCseriWsCb5ev6_4koan8builtins11newtype_def5testss_47unknown_repr_errors_without_leaking_placeholder
FNDA:1,_RNvNtNtNtCseriWsCb5ev6_4koan8builtins11newtype_def5testss_49dependent_newtype_parks_on_record_repr_dependency
FNDA:1,_RNvNtNtNtCseriWsCb5ev6_4koan8builtins11newtype_def5testss_54sigil_repr_non_record_seals_newtype_over_resolved_type
FNDA:4,_RNCNvNtNtNtCseriWsCb5ev6_4koan8builtins11newtype_def5tests13record_fields0B9_
FNDA:1,_RNCNvNtNtNtCseriWsCb5ev6_4koan8builtins11newtype_def5testss_42nested_record_field_threads_self_reference0B9_
FNDA:1,_RNCNvNtNtNtCseriWsCb5ev6_4koan8builtins11newtype_def5testss_42record_repr_self_recursion_seals_set_local0B9_
FNDA:2,_RNCNvNtNtNtCseriWsCb5ev6_4koan8builtins11newtype_def5testss_42record_repr_self_recursion_seals_set_locals0_0B9_
FNDA:1,_RNCNvNtNtNtCseriWsCb5ev6_4koan8builtins11newtype_def5testss_46record_repr_list_of_self_field_seals_set_local0B9_
FNF:33
FNH:32
DA:39,14
DA:40,14
DA:41,14
DA:42,14
DA:43,14
DA:44,14
DA:45,14
DA:46,14
DA:47,14
DA:48,14
DA:49,14
DA:50,14
DA:51,14
DA:52,14
DA:53,14
DA:55,14
DA:59,0
DA:60,0
DA:61,0
DA:62,0
DA:64,14
DA:71,36
DA:72,36
DA:73,36
DA:74,36
DA:75,36
DA:76,36
DA:77,36
DA:78,0
DA:79,0
DA:80,0
DA:81,36
DA:82,36
DA:83,36
DA:84,36
DA:85,36
DA:86,36
DA:87,36
DA:88,36
DA:89,36
DA:90,36
DA:91,36
DA:92,59
DA:93,36
DA:94,36
DA:95,36
DA:96,0
DA:97,36
DA:98,36
DA:99,36
DA:101,36
DA:102,36
DA:104,36
DA:105,36
DA:106,0
DA:107,0
DA:108,0
DA:109,0
DA:111,36
DA:116,15
DA:117,15
DA:118,15
DA:123,15
DA:124,15
DA:125,15
DA:126,15
DA:127,14
DA:128,5
DA:129,5
DA:130,5
DA:131,5
DA:132,5
DA:134,4
DA:135,4
DA:136,4
DA:137,4
DA:138,4
DA:140,1
DA:144,1
DA:145,1
DA:146,1
DA:148,0
DA:149,0
DA:150,0
DA:151,0
DA:152,0
DA:154,0
DA:155,0
DA:156,0
DA:157,0
DA:158,0
DA:160,0
DA:161,0
DA:162,0
DA:163,0
DA:165,0
DA:166,0
DA:167,0
DA:168,0
DA:169,0
DA:170,1
DA:171,1
DA:172,1
DA:173,1
DA:174,1
DA:176,9
DA:177,9
DA:178,9
DA:179,9
DA:180,9
DA:183,1
DA:184,1
DA:186,0
DA:187,0
DA:188,0
DA:190,15
DA:194,1
DA:195,1
DA:196,1
DA:197,1
DA:198,1
DA:202,1
DA:203,1
DA:204,1
DA:205,1
DA:206,1
DA:207,1
DA:209,0
DA:210,0
DA:211,0
DA:212,0
DA:213,1
DA:214,1
DA:215,1
DA:216,1
DA:217,1
DA:218,1
DA:219,1
DA:220,1
DA:221,1
DA:226,37
DA:227,37
DA:228,37
DA:232,37
DA:233,37
DA:234,37
DA:236,0
DA:237,0
DA:238,0
DA:241,37
DA:242,37
DA:243,37
DA:244,37
DA:245,37
DA:246,37
DA:248,37
DA:249,37
DA:250,37
DA:252,37
DA:254,542
DA:257,542
DA:258,542
DA:259,542
DA:260,542
DA:261,542
DA:262,542
DA:263,542
DA:264,542
DA:267,542
DA:268,542
DA:269,542
DA:270,542
DA:271,542
DA:272,542
DA:273,542
DA:274,542
DA:275,542
DA:278,542
DA:279,542
DA:280,542
DA:281,542
DA:282,542
DA:283,542
DA:284,542
DA:285,542
DA:286,542
DA:289,542
DA:291,542
DA:294,542
DA:295,542
DA:296,542
DA:297,542
DA:298,542
DA:299,542
DA:300,542
DA:301,542
DA:302,542
DA:305,542
DA:319,3
DA:320,3
DA:321,3
DA:322,3
DA:323,3
DA:324,3
DA:325,3
DA:326,3
DA:327,3
DA:328,3
DA:329,3
DA:330,3
DA:331,4
DA:332,3
DA:334,0
DA:336,0
DA:339,0
DA:341,3
DA:346,1
DA:347,1
DA:348,1
DA:349,1
DA:350,1
DA:351,1
DA:352,1
DA:353,1
DA:354,1
DA:355,1
DA:356,1
DA:357,1
DA:358,1
DA:359,1
DA:360,0
DA:363,0
DA:365,1
DA:366,1
DA:367,1
DA:368,1
DA:371,1
DA:376,1
DA:377,1
DA:378,1
DA:379,1
DA:380,1
DA:381,1
DA:382,1
DA:383,1
DA:384,1
DA:385,1
DA:386,1
DA:388,0
DA:390,1
DA:392,0
DA:394,1
DA:398,1
DA:399,1
DA:400,1
DA:401,1
DA:402,1
DA:403,1
DA:404,1
DA:405,1
DA:408,1
DA:416,1
DA:417,1
DA:418,1
DA:419,1
DA:420,1
DA:421,1
DA:425,1
DA:426,1
DA:428,0
DA:430,1
DA:431,1
DA:432,1
DA:434,0
DA:436,1
DA:442,1
DA:443,1
DA:444,1
DA:445,1
DA:446,1
DA:447,1
DA:449,0
DA:451,1
DA:452,1
DA:453,1
DA:456,1
DA:463,1
DA:464,1
DA:465,1
DA:466,1
DA:467,1
DA:468,1
DA:469,1
DA:470,1
DA:474,1
DA:475,2
DA:476,1
DA:479,1
DA:480,1
DA:487,1
DA:488,1
DA:489,1
DA:490,1
DA:491,1
DA:492,1
DA:493,1
DA:494,1
DA:498,1
DA:499,1
DA:500,1
DA:503,1
DA:504,1
DA:512,1
DA:513,1
DA:514,1
DA:515,1
DA:516,1
DA:517,1
DA:518,1
DA:519,1
DA:520,1
DA:521,1
DA:522,1
DA:523,1
DA:524,1
DA:525,1
DA:526,1
DA:529,0
DA:531,1
DA:532,1
DA:539,1
DA:540,1
DA:541,1
DA:542,1
DA:543,1
DA:544,1
DA:545,1
DA:546,1
DA:547,1
DA:548,1
DA:550,0
DA:552,1
DA:553,1
DA:555,0
DA:558,0
DA:560,1
DA:565,1
DA:566,1
DA:567,1
DA:568,1
DA:569,1
DA:570,1
DA:571,1
DA:572,1
DA:573,1
DA:574,0
DA:577,1
DA:578,1
DA:580,0
DA:583,0
DA:585,1
DA:594,1
DA:595,1
DA:596,1
DA:597,1
DA:598,1
DA:599,1
DA:600,1
DA:601,1
DA:603,1
DA:604,1
DA:605,1
DA:606,0
DA:608,1
DA:609,1
DA:610,1
DA:611,0
DA:613,1
DA:614,1
DA:615,1
DA:616,1
DA:617,1
DA:618,1
DA:619,1
DA:622,1
DA:623,1
DA:624,1
DA:625,1
DA:626,1
DA:627,1
DA:628,1
DA:631,1
DA:636,1
DA:637,1
DA:638,1
DA:639,1
DA:640,1
DA:641,1
DA:642,1
DA:643,1
DA:644,1
DA:645,1
DA:647,0
DA:649,1
DA:651,0
DA:653,1
DA:657,1
DA:658,1
DA:659,1
DA:660,1
DA:661,1
DA:662,1
DA:663,0
DA:664,1
DA:672,1
DA:678,1
DA:679,1
DA:680,1
DA:681,1
DA:682,1
DA:683,1
DA:684,1
DA:686,1
DA:687,1
DA:688,1
DA:689,1
DA:690,1
DA:691,1
DA:693,0
DA:695,1
DA:697,0
DA:699,1
BRF:0
BRH:0
LF:443
LH:377
end_of_record
SF:/var/home/jack/Code/koan/src/builtins/nominal_schema.rs
FN:78,_RNCNvNtNtCscUx3zdyuqfq_4koan8builtins14nominal_schema21nominal_schema_action0B7_
FN:29,_RNvNtNtCscUx3zdyuqfq_4koan8builtins14nominal_schema21nominal_schema_action
FN:78,_RNCNvNtNtCseriWsCb5ev6_4koan8builtins14nominal_schema21nominal_schema_action0B7_
FN:29,_RNvNtNtCseriWsCb5ev6_4koan8builtins14nominal_schema21nominal_schema_action
FNDA:2,_RNCNvNtNtCscUx3zdyuqfq_4koan8builtins14nominal_schema21nominal_schema_action0B7_
FNDA:4,_RNvNtNtCscUx3zdyuqfq_4koan8builtins14nominal_schema21nominal_schema_action
FNDA:1,_RNCNvNtNtCseriWsCb5ev6_4koan8builtins14nominal_schema21nominal_schema_action0B7_
FNDA:70,_RNvNtNtCseriWsCb5ev6_4koan8builtins14nominal_schema21nominal_schema_action
FNF:2
FNH:2
DA:29,74
DA:30,74
DA:31,74
DA:32,74
DA:33,74
DA:34,74
DA:35,74
DA:36,74
DA:37,74
DA:38,74
DA:39,74
DA:40,74
DA:44,74
DA:45,74
DA:46,74
DA:47,74
DA:48,74
DA:49,74
DA:50,74
DA:54,74
DA:55,74
DA:56,74
DA:57,74
DA:59,66
DA:60,66
DA:62,5
DA:64,3
DA:65,3
DA:67,3
DA:68,3
DA:69,3
DA:70,3
DA:71,3
DA:72,3
DA:73,3
DA:74,3
DA:75,3
DA:76,3
DA:77,3
DA:78,3
DA:82,74
BRF:0
BRH:0
LF:42
LH:42
end_of_record
SF:/var/home/jack/Code/koan/src/builtins/print.rs
FN:8,_RNvNtNtCscUx3zdyuqfq_4koan8builtins5print4body
FN:25,_RNvNtNtCscUx3zdyuqfq_4koan8builtins5print8register
FN:8,_RNvNtNtCseriWsCb5ev6_4koan8builtins5print4body
FN:25,_RNvNtNtCseriWsCb5ev6_4koan8builtins5print8register
FNDA:6,_RNvNtNtCscUx3zdyuqfq_4koan8builtins5print4body
FNDA:43,_RNvNtNtCscUx3zdyuqfq_4koan8builtins5print8register
FNDA:149,_RNvNtNtCseriWsCb5ev6_4koan8builtins5print4body
FNDA:499,_RNvNtNtCseriWsCb5ev6_4koan8builtins5print8register
FNF:2
FNH:2
DA:8,155
DA:9,155
DA:10,155
DA:15,155
DA:16,155
DA:17,0
DA:19,155
DA:20,155
DA:21,155
DA:22,155
DA:23,155
DA:25,542
DA:26,542
DA:27,542
DA:28,542
BRF:0
BRH:0
LF:15
LH:14
end_of_record
SF:/var/home/jack/Code/koan/src/builtins/quote.rs
FN:11,_RNvNtNtCscUx3zdyuqfq_4koan8builtins5quote4body
FN:21,_RNvNtNtCscUx3zdyuqfq_4koan8builtins5quote8register
FN:34,_RNvNtNtNtCseriWsCb5ev6_4koan8builtins5quote5tests11run_program
FN:43,_RNvNtNtNtCseriWsCb5ev6_4koan8builtins5quote5testss_26quote_then_eval_round_trip
FN:52,_RNvNtNtNtCseriWsCb5ev6_4koan8builtins5quote5testss_27quote_captures_ast_as_value
FN:11,_RNvNtNtCseriWsCb5ev6_4koan8builtins5quote4body
FN:21,_RNvNtNtCseriWsCb5ev6_4koan8builtins5quote8register
FNDA:0,_RNvNtNtCscUx3zdyuqfq_4koan8builtins5quote4body
FNDA:43,_RNvNtNtCscUx3zdyuqfq_4koan8builtins5quote8register
FNDA:2,_RNvNtNtNtCseriWsCb5ev6_4koan8builtins5quote5tests11run_program
FNDA:1,_RNvNtNtNtCseriWsCb5ev6_4koan8builtins5quote5testss_26quote_then_eval_round_trip
FNDA:1,_RNvNtNtNtCseriWsCb5ev6_4koan8builtins5quote5testss_27quote_captures_ast_as_value
FNDA:9,_RNvNtNtCseriWsCb5ev6_4koan8builtins5quote4body
FNDA:499,_RNvNtNtCseriWsCb5ev6_4koan8builtins5quote8register
FNF:5
FNH:5
DA:11,9
DA:12,9
DA:13,9
DA:16,9
DA:17,9
DA:18,9
DA:19,9
DA:21,542
DA:22,542
DA:23,542
DA:24,542
DA:26,542
DA:27,542
DA:34,2
DA:35,2
DA:36,2
DA:37,2
DA:38,2
DA:39,2
DA:40,2
DA:43,1
DA:44,1
DA:45,1
DA:46,1
DA:48,1
DA:49,1
DA:52,1
DA:53,1
DA:54,1
DA:55,1
BRF:0
BRH:0
LF:30
LH:30
end_of_record
SF:/var/home/jack/Code/koan/src/builtins/record_projection.rs
FN:30,_RNvNtNtCscUx3zdyuqfq_4koan8builtins17record_projection4body
FN:95,_RNvNtNtCscUx3zdyuqfq_4koan8builtins17record_projection8register
FN:44,_RNCNvNtNtCscUx3zdyuqfq_4koan8builtins17record_projection4body0B7_
FN:177,_RNvNtNtNtCseriWsCb5ev6_4koan8builtins17record_projection5testss_25from_unknown_field_errors
FN:190,_RNvNtNtNtCseriWsCb5ev6_4koan8builtins17record_projection5testss_27from_duplicate_field_errors
FN:144,_RNvNtNtNtCseriWsCb5ev6_4koan8builtins17record_projection5testss_28from_single_field_projection
FN:230,_RNvNtNtNtCseriWsCb5ev6_4koan8builtins17record_projection5testss_41from_breaks_ambiguous_record_dispatch_tie
FN:161,_RNvNtNtNtCseriWsCb5ev6_4koan8builtins17record_projection5testss_41from_empty_field_list_yields_empty_record
FN:209,_RNvNtNtNtCseriWsCb5ev6_4koan8builtins17record_projection5testss_45from_non_record_operand_is_dispatch_non_match
FN:121,_RNvNtNtNtCseriWsCb5ev6_4koan8builtins17record_projection5testss_52from_narrows_carried_type_keeping_all_fields_present
FN:30,_RNvNtNtCseriWsCb5ev6_4koan8builtins17record_projection4body
FN:95,_RNvNtNtCseriWsCb5ev6_4koan8builtins17record_projection8register
FN:44,_RNCNvNtNtCseriWsCb5ev6_4koan8builtins17record_projection4body0B7_
FNDA:0,_RNvNtNtCscUx3zdyuqfq_4koan8builtins17record_projection4body
FNDA:43,_RNvNtNtCscUx3zdyuqfq_4koan8builtins17record_projection8register
FNDA:0,_RNCNvNtNtCscUx3zdyuqfq_4koan8builtins17record_projection4body0B7_
FNDA:1,_RNvNtNtNtCseriWsCb5ev6_4koan8builtins17record_projection5testss_25from_unknown_field_errors
FNDA:1,_RNvNtNtNtCseriWsCb5ev6_4koan8builtins17record_projection5testss_27from_duplicate_field_errors
FNDA:1,_RNvNtNtNtCseriWsCb5ev6_4koan8builtins17record_projection5testss_28from_single_field_projection
FNDA:1,_RNvNtNtNtCseriWsCb5ev6_4koan8builtins17record_projection5testss_41from_breaks_ambiguous_record_dispatch_tie
FNDA:1,_RNvNtNtNtCseriWsCb5ev6_4koan8builtins17record_projection5testss_41from_empty_field_list_yields_empty_record
FNDA:1,_RNvNtNtNtCseriWsCb5ev6_4koan8builtins17record_projection5testss_45from_non_record_operand_is_dispatch_non_match
FNDA:1,_RNvNtNtNtCseriWsCb5ev6_4koan8builtins17record_projection5testss_52from_narrows_carried_type_keeping_all_fields_present
FNDA:6,_RNvNtNtCseriWsCb5ev6_4koan8builtins17record_projection4body
FNDA:499,_RNvNtNtCseriWsCb5ev6_4koan8builtins17record_projection8register
FNDA:4,_RNCNvNtNtCseriWsCb5ev6_4koan8builtins17record_projection4body0B7_
FNF:10
FNH:10
DA:30,6
DA:31,6
DA:32,6
DA:36,6
DA:40,6
DA:41,9
DA:42,9
DA:43,9
DA:44,9
DA:45,1
DA:46,1
DA:47,1
DA:48,8
DA:49,8
DA:51,0
DA:52,0
DA:53,0
DA:54,0
DA:55,0
DA:60,5
DA:61,5
DA:64,0
DA:65,0
DA:66,0
DA:67,0
DA:68,0
DA:71,0
DA:77,5
DA:78,7
DA:79,7
DA:80,6
DA:82,1
DA:83,1
DA:84,1
DA:89,4
DA:90,4
DA:91,4
DA:92,4
DA:93,6
DA:95,542
DA:101,542
DA:102,542
DA:103,542
DA:104,542
DA:105,542
DA:106,542
DA:109,542
DA:110,542
DA:121,1
DA:122,1
DA:123,1
DA:124,1
DA:125,1
DA:126,1
DA:128,1
DA:129,1
DA:131,1
DA:132,1
DA:133,1
DA:134,1
DA:136,0
DA:138,1
DA:144,1
DA:145,1
DA:146,1
DA:147,1
DA:148,1
DA:149,1
DA:150,1
DA:151,1
DA:152,1
DA:153,1
DA:155,0
DA:157,1
DA:161,1
DA:162,1
DA:163,1
DA:164,1
DA:165,1
DA:166,1
DA:168,1
DA:169,1
DA:171,0
DA:173,1
DA:177,1
DA:178,1
DA:179,1
DA:180,1
DA:181,1
DA:182,1
DA:183,1
DA:186,1
DA:190,1
DA:191,1
DA:192,1
DA:193,1
DA:194,1
DA:195,1
DA:196,1
DA:199,1
DA:209,1
DA:213,1
DA:214,1
DA:215,1
DA:216,1
DA:217,1
DA:218,1
DA:219,1
DA:220,1
DA:221,1
DA:224,1
DA:230,1
DA:234,1
DA:235,1
DA:236,1
DA:237,1
DA:238,1
DA:239,1
DA:240,1
DA:244,1
DA:245,1
DA:246,1
DA:247,1
DA:248,1
DA:249,1
DA:250,1
DA:255,1
DA:256,1
DA:257,1
DA:258,0
DA:260,1
BRF:0
BRH:0
LF:132
LH:117
end_of_record
SF:/var/home/jack/Code/koan/src/builtins/recursive_types.rs
FN:133,_RNCNCNvNtNtCscUx3zdyuqfq_4koan8builtins15recursive_types4bodys_00B9_
FN:87,_RNCNvNtNtCscUx3zdyuqfq_4koan8builtins15recursive_types15leading_keyword0B7_
FN:39,_RNCNvNtNtCscUx3zdyuqfq_4koan8builtins15recursive_types16discover_members0B7_
FN:70,_RNCNvNtNtCscUx3zdyuqfq_4koan8builtins15recursive_types16discover_memberss0_0B7_
FN:43,_RNCNvNtNtCscUx3zdyuqfq_4koan8builtins15recursive_types16discover_memberss_0B7_
FN:113,_RNCNvNtNtCscUx3zdyuqfq_4koan8builtins15recursive_types4body0B7_
FN:132,_RNCNvNtNtCscUx3zdyuqfq_4koan8builtins15recursive_types4bodys_0B7_
FN:86,_RNvNtNtCscUx3zdyuqfq_4koan8builtins15recursive_types15leading_keyword
FN:34,_RNvNtNtCscUx3zdyuqfq_4koan8builtins15recursive_types16discover_members
FN:97,_RNvNtNtCscUx3zdyuqfq_4koan8builtins15recursive_types4body
FN:175,_RNvNtNtCscUx3zdyuqfq_4koan8builtins15recursive_types8register
FN:133,_RNCNCNvNtNtCseriWsCb5ev6_4koan8builtins15recursive_types4bodys_00B9_
FN:87,_RNCNvNtNtCseriWsCb5ev6_4koan8builtins15recursive_types15leading_keyword0B7_
FN:39,_RNCNvNtNtCseriWsCb5ev6_4koan8builtins15recursive_types16discover_members0B7_
FN:70,_RNCNvNtNtCseriWsCb5ev6_4koan8builtins15recursive_types16discover_memberss0_0B7_
FN:43,_RNCNvNtNtCseriWsCb5ev6_4koan8builtins15recursive_types16discover_memberss_0B7_
FN:113,_RNCNvNtNtCseriWsCb5ev6_4koan8builtins15recursive_types4body0B7_
[...]
FN:122,_RNvNtNtCseriWsCb5ev6_4koan5parse6tokens12is_type_name
FN:170,_RNvNtNtCseriWsCb5ev6_4koan5parse6tokens12trigger_span
FN:77,_RNvNtNtCseriWsCb5ev6_4koan5parse6tokens13classify_atom
FN:34,_RNvNtNtCseriWsCb5ev6_4koan5parse6tokens14classify_token
FN:136,_RNvNtNtCseriWsCb5ev6_4koan5parse6tokens14parse_compound
FN:179,_RNvNtNtCseriWsCb5ev6_4koan5parse6tokens9read_atom
FNDA:188,_RNCNvNtNtCscUx3zdyuqfq_4koan5parse6tokens12is_type_name0B7_
FNDA:1073,_RNCNvNtNtCscUx3zdyuqfq_4koan5parse6tokens13classify_atom0B7_
FNDA:347,_RNCNvNtNtCscUx3zdyuqfq_4koan5parse6tokens13classify_atoms0_0B7_
FNDA:126,_RNCNvNtNtCscUx3zdyuqfq_4koan5parse6tokens13classify_atoms_0B7_
FNDA:6,_RNCNvNtNtCscUx3zdyuqfq_4koan5parse6tokens5FLOAT0B7_
FNDA:683,_RNCNvNtNtCscUx3zdyuqfq_4koan5parse6tokens9read_atoms_0B7_
FNDA:1394,_RNvNtNtCscUx3zdyuqfq_4koan5parse6tokens11try_literal
FNDA:314,_RNvNtNtCscUx3zdyuqfq_4koan5parse6tokens12is_type_name
FNDA:9,_RNvNtNtCscUx3zdyuqfq_4koan5parse6tokens12trigger_span
FNDA:683,_RNvNtNtCscUx3zdyuqfq_4koan5parse6tokens13classify_atom
FNDA:711,_RNvNtNtCscUx3zdyuqfq_4koan5parse6tokens14classify_token
FNDA:674,_RNvNtNtCscUx3zdyuqfq_4koan5parse6tokens14parse_compound
FNDA:683,_RNvNtNtCscUx3zdyuqfq_4koan5parse6tokens9read_atom
FNDA:34,_RNCNvNtNtNtCseriWsCb5ev6_4koan5parse6tokens5tests8classify0B9_
FNDA:8,_RNCNvNtNtNtCseriWsCb5ev6_4koan5parse6tokens5tests8classifys_0B9_
FNDA:41,_RNCNvNtNtNtCseriWsCb5ev6_4koan5parse6tokens5tests8describe0B9_
FNDA:0,_RNCNvNtNtNtCseriWsCb5ev6_4koan5parse6tokens5tests8describes0_0B9_
FNDA:0,_RNCNvNtNtNtCseriWsCb5ev6_4koan5parse6tokens5tests8describes1_0B9_
FNDA:0,_RNCNvNtNtNtCseriWsCb5ev6_4koan5parse6tokens5tests8describes2_0B9_
FNDA:0,_RNCNvNtNtNtCseriWsCb5ev6_4koan5parse6tokens5tests8describes_0B9_
FNDA:1896,_RNCNvNtNtCseriWsCb5ev6_4koan5parse6tokens12is_type_name0B7_
FNDA:9798,_RNCNvNtNtCseriWsCb5ev6_4koan5parse6tokens13classify_atom0B7_
FNDA:3006,_RNCNvNtNtCseriWsCb5ev6_4koan5parse6tokens13classify_atoms0_0B7_
FNDA:1302,_RNCNvNtNtCseriWsCb5ev6_4koan5parse6tokens13classify_atoms_0B7_
FNDA:1,_RNCNvNtNtCseriWsCb5ev6_4koan5parse6tokens5FLOAT0B7_
FNDA:6590,_RNCNvNtNtCseriWsCb5ev6_4koan5parse6tokens9read_atoms_0B7_
FNDA:42,_RNvNtNtNtCseriWsCb5ev6_4koan5parse6tokens5tests8classify
FNDA:75,_RNvNtNtNtCseriWsCb5ev6_4koan5parse6tokens5tests8describe
FNDA:1,_RNvNtNtNtCseriWsCb5ev6_4koan5parse6tokens5testss_10plain_null
FNDA:1,_RNvNtNtNtCseriWsCb5ev6_4koan5parse6tokens5testss_10suffix_try
FNDA:1,_RNvNtNtNtCseriWsCb5ev6_4koan5parse6tokens5testss_11attr_access
FNDA:1,_RNvNtNtNtCseriWsCb5ev6_4koan5parse6tokens5testss_12plain_number
FNDA:1,_RNvNtNtNtCseriWsCb5ev6_4koan5parse6tokens5testss_13plain_boolean
FNDA:1,_RNvNtNtNtCseriWsCb5ev6_4koan5parse6tokens5testss_14chained_suffix
FNDA:1,_RNvNtNtNtCseriWsCb5ev6_4koan5parse6tokens5testss_15double_negation
FNDA:1,_RNvNtNtNtCseriWsCb5ev6_4koan5parse6tokens5testss_16bare_bang_errors
FNDA:1,_RNvNtNtNtCseriWsCb5ev6_4koan5parse6tokens5testss_16plain_identifier
FNDA:1,_RNvNtNtNtCseriWsCb5ev6_4koan5parse6tokens5testss_17suffix_after_attr
FNDA:1,_RNvNtNtNtCseriWsCb5ev6_4koan5parse6tokens5testss_18leading_dot_errors
FNDA:1,_RNvNtNtNtCseriWsCb5ev6_4koan5parse6tokens5testss_18negation_over_attr
FNDA:1,_RNvNtNtNtCseriWsCb5ev6_4koan5parse6tokens5testss_19chained_attr_access
FNDA:1,_RNvNtNtNtCseriWsCb5ev6_4koan5parse6tokens5testss_19dangling_dot_errors
FNDA:1,_RNvNtNtNtCseriWsCb5ev6_4koan5parse6tokens5testss_20negation_over_suffix
FNDA:1,_RNvNtNtNtCseriWsCb5ev6_4koan5parse6tokens5testss_21leading_suffix_errors
FNDA:1,_RNvNtNtNtCseriWsCb5ev6_4koan5parse6tokens5testss_25decimal_number_is_literal
FNDA:1,_RNvNtNtNtCseriWsCb5ev6_4koan5parse6tokens5testss_28pure_symbol_token_is_keyword
FNDA:1,_RNvNtNtNtCseriWsCb5ev6_4koan5parse6tokens5testss_28scientific_number_is_literal
FNDA:1,_RNvNtNtNtCseriWsCb5ev6_4koan5parse6tokens5testss_30attr_wins_when_rhs_not_numeric
FNDA:1,_RNvNtNtNtCseriWsCb5ev6_4koan5parse6tokens5testss_31lowercase_leading_is_identifier
FNDA:1,_RNvNtNtNtCseriWsCb5ev6_4koan5parse6tokens5testss_34keyword_two_uppercase_no_lowercase
FNDA:1,_RNvNtNtNtCseriWsCb5ev6_4koan5parse6tokens5testss_35type_uppercase_first_with_lowercase
FNDA:1,_RNvNtNtNtCseriWsCb5ev6_4koan5parse6tokens5testss_36operator_tokens_classify_as_keywords
FNDA:1,_RNvNtNtNtCseriWsCb5ev6_4koan5parse6tokens5testss_38single_uppercase_letter_is_parse_error
FNDA:1,_RNvNtNtNtCseriWsCb5ev6_4koan5parse6tokens5testss_47ascription_compound_tokens_classify_as_keywords
FNDA:1,_RNvNtNtNtCseriWsCb5ev6_4koan5parse6tokens5testss_49attr_trigger_stays_on_builtin_path_inside_operand
FNDA:1,_RNvNtNtNtCseriWsCb5ev6_4koan5parse6tokens5testss_49uppercase_with_digits_no_lowercase_is_parse_error
FNDA:1,_RNvNtNtNtCseriWsCb5ev6_4koan5parse6tokens5testss_8negation
FNDA:13773,_RNvNtNtCseriWsCb5ev6_4koan5parse6tokens11try_literal
FNDA:3191,_RNvNtNtCseriWsCb5ev6_4koan5parse6tokens12is_type_name
FNDA:76,_RNvNtNtCseriWsCb5ev6_4koan5parse6tokens12trigger_span
FNDA:6597,_RNvNtNtCseriWsCb5ev6_4koan5parse6tokens13classify_atom
FNDA:7176,_RNvNtNtCseriWsCb5ev6_4koan5parse6tokens14classify_token
FNDA:6537,_RNvNtNtCseriWsCb5ev6_4koan5parse6tokens14parse_compound
FNDA:6601,_RNvNtNtCseriWsCb5ev6_4koan5parse6tokens9read_atom
FNF:51
FNH:47
DA:29,7
DA:34,7887
DA:35,7887
DA:36,7887
DA:37,7887
DA:38,7887
DA:39,7887
DA:40,676
DA:41,7211
DA:42,7211
DA:43,7211
DA:44,7200
DA:45,0
DA:46,0
DA:47,0
DA:48,0
DA:49,7200
DA:50,7200
DA:51,7887
DA:55,15167
DA:56,15167
DA:57,15167
DA:58,15110
DA:59,15093
DA:60,15082
DA:62,15082
DA:63,592
DA:64,592
DA:65,0
DA:66,14490
DA:67,14490
DA:68,15167
DA:77,7280
DA:78,7280
DA:79,1
DA:80,7279
DA:81,7279
DA:82,3774
DA:83,3505
DA:84,3505
DA:85,10871
DA:86,1
DA:87,1
DA:88,1
DA:89,1
DA:90,1
DA:91,1
DA:92,1
DA:93,2076
DA:94,2076
DA:95,1428
DA:96,1428
DA:97,4
DA:98,4
DA:99,4
DA:100,4
DA:101,4
DA:102,4
DA:103,4
DA:104,4
DA:105,1424
DA:106,1424
DA:107,1424
DA:108,3353
DA:110,2
DA:111,2
DA:112,2
DA:113,2
DA:114,2
DA:115,2
DA:116,2
DA:117,1422
DA:118,1422
DA:119,7280
DA:122,3505
DA:123,3505
DA:124,3505
DA:125,0
DA:127,3505
DA:128,1424
DA:129,2081
DA:130,2084
DA:131,3505
DA:136,7211
DA:137,7211
DA:138,7211
DA:139,7211
DA:140,7211
DA:141,7211
DA:142,7218
DA:143,7217
DA:144,7
DA:145,7
DA:146,7
DA:149,7211
DA:151,7278
DA:152,78
DA:153,78
DA:154,78
DA:155,78
DA:156,73
DA:157,73
DA:158,72
DA:160,5
DA:164,7200
DA:165,6
DA:166,6
DA:167,7200
DA:168,7211
DA:170,85
DA:171,85
DA:172,85
DA:173,85
DA:174,85
DA:175,85
DA:176,85
DA:179,7284
DA:180,7284
DA:181,7284
DA:182,7284
DA:183,7284
DA:184,7284
DA:185,7282
DA:187,2
DA:188,2
DA:189,2
DA:190,2
DA:193,7282
DA:194,7282
DA:195,32438
DA:196,25235
DA:197,79
DA:198,25156
DA:199,25156
DA:200,25156
DA:201,25156
DA:203,7282
DA:204,2
DA:205,2
DA:206,2
DA:207,2
DA:208,2
DA:209,7280
DA:210,7280
DA:211,7280
DA:212,7280
DA:213,7280
DA:214,7280
DA:215,7284
DA:222,75
DA:223,7
DA:224,28
DA:225,20
DA:226,3
DA:227,17
DA:228,41
DA:229,17
DA:231,0
DA:232,0
DA:233,0
DA:235,0
DA:236,0
DA:237,0
DA:239,0
DA:240,5
DA:241,1
DA:242,1
DA:243,0
DA:244,0
DA:245,0
DA:246,0
DA:248,0
DA:249,0
DA:250,0
DA:251,0
DA:252,0
DA:253,0
DA:255,0
DA:256,0
DA:257,0
DA:258,0
DA:259,0
DA:260,0
DA:263,75
DA:265,42
DA:266,42
DA:267,42
DA:268,42
DA:269,42
DA:272,1
DA:273,1
DA:274,1
DA:277,1
DA:278,1
DA:279,1
DA:282,1
DA:283,1
DA:284,1
DA:287,1
DA:288,1
DA:289,1
DA:292,1
DA:293,1
DA:294,1
DA:297,1
DA:298,1
DA:299,1
DA:302,1
DA:305,1
DA:306,1
DA:307,1
DA:310,1
DA:311,1
DA:312,1
DA:315,1
DA:316,1
DA:317,1
DA:320,1
DA:323,1
DA:324,1
DA:325,1
DA:328,1
DA:329,1
DA:330,1
DA:331,1
DA:334,1
DA:335,1
DA:336,1
DA:339,1
DA:340,1
DA:341,1
DA:344,1
DA:345,1
DA:346,1
DA:349,1
DA:350,1
DA:351,1
DA:354,1
DA:355,1
DA:356,1
DA:359,1
DA:360,1
DA:361,1
DA:364,1
DA:365,1
DA:366,1
DA:369,1
DA:372,1
DA:373,1
DA:374,1
DA:377,1
DA:378,1
DA:379,1
DA:382,1
DA:383,1
DA:384,1
DA:385,1
DA:386,1
DA:389,1
DA:390,1
DA:391,1
DA:392,1
DA:393,1
DA:396,1
DA:397,1
DA:398,1
DA:399,1
DA:400,1
DA:403,1
DA:404,1
DA:405,1
DA:408,1
DA:409,1
DA:410,1
DA:411,1
DA:414,1
DA:418,1
DA:419,1
DA:420,1
DA:421,1
DA:422,1
DA:423,1
DA:424,1
DA:427,1
DA:431,1
DA:432,1
DA:435,1
DA:437,1
DA:438,1
DA:439,1
DA:442,1
DA:443,1
DA:444,1
DA:445,1
BRF:0
BRH:0
LF:306
LH:273
end_of_record
SF:/var/home/jack/Code/koan/src/parse/triple_list.rs
FN:27,_RINvNtNtCscUx3zdyuqfq_4koan5parse11triple_list15parse_pair_listNtNtNtNtNtB6_7machine5model5types5ktype5KTypeNCNvNtB13_16typed_field_list37parse_typed_field_list_via_elaborator0EB6_
FN:68,_RNCINvNtNtCscUx3zdyuqfq_4koan5parse11triple_list15parse_pair_listNtNtNtNtNtB8_7machine5model5types5ktype5KTypeNCNvNtB15_16typed_field_list37parse_typed_field_list_via_elaborator0E0B8_
FN:112,_RNCNvNtNtNtCseriWsCb5ev6_4koan5parse11triple_list5testss_39identifier_only_rejects_type_token_name0B9_
FN:100,_RNCNvNtNtNtCseriWsCb5ev6_4koan5parse11triple_list5testss_42identifier_or_type_accepts_type_token_name0B9_
FN:27,_RINvNtNtCseriWsCb5ev6_4koan5parse11triple_list15parse_pair_listNtNtCsgW8esjfipvk_5alloc6string6StringNCNvNtB2_5testss_42identifier_or_type_accepts_type_token_name0EB6_
FN:27,_RINvNtNtCseriWsCb5ev6_4koan5parse11triple_list15parse_pair_listNtNtNtNtNtB6_7machine5model5types5ktype5KTypeNCNvNtB13_16typed_field_list37parse_typed_field_list_via_elaborator0EB6_
FN:27,_RINvNtNtCseriWsCb5ev6_4koan5parse11triple_list15parse_pair_listuNCNvNtB2_5testss_39identifier_only_rejects_type_token_name0EB6_
FN:68,_RNCINvNtNtCseriWsCb5ev6_4koan5parse11triple_list15parse_pair_listNtNtCsgW8esjfipvk_5alloc6string6StringNCNvNtB4_5testss_42identifier_or_type_accepts_type_token_name0E0B8_
FN:68,_RNCINvNtNtCseriWsCb5ev6_4koan5parse11triple_list15parse_pair_listNtNtNtNtNtB8_7machine5model5types5ktype5KTypeNCNvNtB15_16typed_field_list37parse_typed_field_list_via_elaborator0E0B8_
FN:68,_RNCINvNtNtCseriWsCb5ev6_4koan5parse11triple_list15parse_pair_listuNCNvNtB4_5testss_39identifier_only_rejects_type_token_name0E0B8_
FN:86,_RNvNtNtNtCseriWsCb5ev6_4koan5parse11triple_list5tests15type_named_pair
FN:110,_RNvNtNtNtCseriWsCb5ev6_4koan5parse11triple_list5testss_39identifier_only_rejects_type_token_name
FN:94,_RNvNtNtNtCseriWsCb5ev6_4koan5parse11triple_list5testss_42identifier_or_type_accepts_type_token_name
FNDA:12,_RINvNtNtCscUx3zdyuqfq_4koan5parse11triple_list15parse_pair_listNtNtNtNtNtB6_7machine5model5types5ktype5KTypeNCNvNtB13_16typed_field_list37parse_typed_field_list_via_elaborator0EB6_
FNDA:5,_RNCINvNtNtCscUx3zdyuqfq_4koan5parse11triple_list15parse_pair_listNtNtNtNtNtB8_7machine5model5types5ktype5KTypeNCNvNtB15_16typed_field_list37parse_typed_field_list_via_elaborator0E0B8_
FNDA:0,_RNCNvNtNtNtCseriWsCb5ev6_4koan5parse11triple_list5testss_39identifier_only_rejects_type_token_name0B9_
FNDA:1,_RNCNvNtNtNtCseriWsCb5ev6_4koan5parse11triple_list5testss_42identifier_or_type_accepts_type_token_name0B9_
FNDA:1,_RINvNtNtCseriWsCb5ev6_4koan5parse11triple_list15parse_pair_listNtNtCsgW8esjfipvk_5alloc6string6StringNCNvNtB2_5testss_42identifier_or_type_accepts_type_token_name0EB6_
FNDA:124,_RINvNtNtCseriWsCb5ev6_4koan5parse11triple_list15parse_pair_listNtNtNtNtNtB6_7machine5model5types5ktype5KTypeNCNvNtB13_16typed_field_list37parse_typed_field_list_via_elaborator0EB6_
FNDA:1,_RINvNtNtCseriWsCb5ev6_4koan5parse11triple_list15parse_pair_listuNCNvNtB2_5testss_39identifier_only_rejects_type_token_name0EB6_
FNDA:0,_RNCINvNtNtCseriWsCb5ev6_4koan5parse11triple_list15parse_pair_listNtNtCsgW8esjfipvk_5alloc6string6StringNCNvNtB4_5testss_42identifier_or_type_accepts_type_token_name0E0B8_
FNDA:66,_RNCINvNtNtCseriWsCb5ev6_4koan5parse11triple_list15parse_pair_listNtNtNtNtNtB8_7machine5model5types5ktype5KTypeNCNvNtB15_16typed_field_list37parse_typed_field_list_via_elaborator0E0B8_
FNDA:0,_RNCINvNtNtCseriWsCb5ev6_4koan5parse11triple_list15parse_pair_listuNCNvNtB4_5testss_39identifier_only_rejects_type_token_name0E0B8_
FNDA:2,_RNvNtNtNtCseriWsCb5ev6_4koan5parse11triple_list5tests15type_named_pair
FNDA:1,_RNvNtNtNtCseriWsCb5ev6_4koan5parse11triple_list5testss_39identifier_only_rejects_type_token_name
FNDA:1,_RNvNtNtNtCseriWsCb5ev6_4koan5parse11triple_list5testss_42identifier_or_type_accepts_type_token_name
FNF:7
FNH:6
DA:27,138
DA:28,138
DA:29,138
DA:30,138
DA:31,138
DA:32,138
DA:33,138
DA:34,138
DA:35,1
DA:36,1
DA:37,1
DA:38,1
DA:39,137
DA:40,137
DA:41,137
DA:42,334
DA:43,202
DA:45,123
DA:47,123
DA:51,77
DA:52,77
DA:55,1
DA:56,1
DA:57,1
DA:58,1
DA:59,1
DA:61,1
DA:62,1
DA:63,1
DA:64,1
DA:65,1
DA:68,200
DA:69,1
DA:70,199
DA:71,199
DA:72,197
DA:73,197
DA:75,132
DA:76,138
DA:86,2
DA:87,2
DA:88,2
DA:89,2
DA:91,2
DA:94,1
DA:95,1
DA:96,1
DA:97,1
DA:98,1
DA:99,1
DA:100,1
DA:101,1
DA:102,0
DA:103,1
DA:105,1
DA:106,1
DA:107,1
DA:110,1
DA:111,1
DA:112,1
DA:113,0
DA:114,0
DA:115,1
DA:116,1
DA:119,1
BRF:0
BRH:0
LF:67
LH:58
end_of_record
SF:/var/home/jack/Code/koan/src/parse/whitespace.rs
FN:37,_RNvNtNtCscUx3zdyuqfq_4koan5parse10whitespace12collapse_str
FN:291,_RNvNtNtCscUx3zdyuqfq_4koan5parse10whitespace13adjust_parens
FN:278,_RNvNtNtCscUx3zdyuqfq_4koan5parse10whitespace16line_delim_delta
FN:284,_RNvNtNtCscUx3zdyuqfq_4koan5parse10whitespace16line_paren_delta
FN:31,_RNvNtNtCscUx3zdyuqfq_4koan5parse10whitespace19collapse_whitespace
FN:233,_RNvNtNtCscUx3zdyuqfq_4koan5parse10whitespace19walk_content_cursor
FN:224,_RNvNtNtCscUx3zdyuqfq_4koan5parse10whitespace9emit_jump
FN:55,_RNCNvNtNtCscUx3zdyuqfq_4koan5parse10whitespace12collapse_str0B7_
FN:149,_RNCNvNtNtCscUx3zdyuqfq_4koan5parse10whitespace12collapse_strs0_0B7_
FN:56,_RNCNvNtNtCscUx3zdyuqfq_4koan5parse10whitespace12collapse_strs_0B7_
FN:279,_RNCNvNtNtCscUx3zdyuqfq_4koan5parse10whitespace16line_delim_delta0B7_
FN:280,_RNCNvNtNtCscUx3zdyuqfq_4koan5parse10whitespace16line_delim_deltas_0B7_
FN:285,_RNCNvNtNtCscUx3zdyuqfq_4koan5parse10whitespace16line_paren_delta0B7_
FN:286,_RNCNvNtNtCscUx3zdyuqfq_4koan5parse10whitespace16line_paren_deltas_0B7_
FN:33,_RNCNvNtNtCscUx3zdyuqfq_4koan5parse10whitespace19collapse_whitespace0B7_
FN:252,_RNCNvNtNtCscUx3zdyuqfq_4koan5parse10whitespace19walk_content_cursor0B7_
FN:253,_RNCNvNtNtCscUx3zdyuqfq_4koan5parse10whitespace19walk_content_cursors_0B7_
FN:37,_RNvNtNtCseriWsCb5ev6_4koan5parse10whitespace12collapse_str
FN:291,_RNvNtNtCseriWsCb5ev6_4koan5parse10whitespace13adjust_parens
FN:278,_RNvNtNtCseriWsCb5ev6_4koan5parse10whitespace16line_delim_delta
FN:284,_RNvNtNtCseriWsCb5ev6_4koan5parse10whitespace16line_paren_delta
FN:31,_RNvNtNtCseriWsCb5ev6_4koan5parse10whitespace19collapse_whitespace
FN:233,_RNvNtNtCseriWsCb5ev6_4koan5parse10whitespace19walk_content_cursor
FN:224,_RNvNtNtCseriWsCb5ev6_4koan5parse10whitespace9emit_jump
FN:55,_RNCNvNtNtCseriWsCb5ev6_4koan5parse10whitespace12collapse_str0B7_
FN:149,_RNCNvNtNtCseriWsCb5ev6_4koan5parse10whitespace12collapse_strs0_0B7_
FN:56,_RNCNvNtNtCseriWsCb5ev6_4koan5parse10whitespace12collapse_strs_0B7_
FN:279,_RNCNvNtNtCseriWsCb5ev6_4koan5parse10whitespace16line_delim_delta0B7_
FN:280,_RNCNvNtNtCseriWsCb5ev6_4koan5parse10whitespace16line_delim_deltas_0B7_
FN:285,_RNCNvNtNtCseriWsCb5ev6_4koan5parse10whitespace16line_paren_delta0B7_
FN:286,_RNCNvNtNtCseriWsCb5ev6_4koan5parse10whitespace16line_paren_deltas_0B7_
FN:33,_RNCNvNtNtCseriWsCb5ev6_4koan5parse10whitespace19collapse_whitespace0B7_
FN:252,_RNCNvNtNtCseriWsCb5ev6_4koan5parse10whitespace19walk_content_cursor0B7_
FN:253,_RNCNvNtNtCseriWsCb5ev6_4koan5parse10whitespace19walk_content_cursors_0B7_
FNDA:43,_RNvNtNtCscUx3zdyuqfq_4koan5parse10whitespace12collapse_str
FNDA:103,_RNvNtNtCscUx3zdyuqfq_4koan5parse10whitespace13adjust_parens
FNDA:103,_RNvNtNtCscUx3zdyuqfq_4koan5parse10whitespace16line_delim_delta
FNDA:103,_RNvNtNtCscUx3zdyuqfq_4koan5parse10whitespace16line_paren_delta
FNDA:43,_RNvNtNtCscUx3zdyuqfq_4koan5parse10whitespace19collapse_whitespace
FNDA:103,_RNvNtNtCscUx3zdyuqfq_4koan5parse10whitespace19walk_content_cursor
FNDA:206,_RNvNtNtCscUx3zdyuqfq_4koan5parse10whitespace9emit_jump
FNDA:3577,_RNCNvNtNtCscUx3zdyuqfq_4koan5parse10whitespace12collapse_str0B7_
FNDA:0,_RNCNvNtNtCscUx3zdyuqfq_4koan5parse10whitespace12collapse_strs0_0B7_
FNDA:60,_RNCNvNtNtCscUx3zdyuqfq_4koan5parse10whitespace12collapse_strs_0B7_
FNDA:3517,_RNCNvNtNtCscUx3zdyuqfq_4koan5parse10whitespace16line_delim_delta0B7_
FNDA:3517,_RNCNvNtNtCscUx3zdyuqfq_4koan5parse10whitespace16line_delim_deltas_0B7_
FNDA:3517,_RNCNvNtNtCscUx3zdyuqfq_4koan5parse10whitespace16line_paren_delta0B7_
FNDA:3517,_RNCNvNtNtCscUx3zdyuqfq_4koan5parse10whitespace16line_paren_deltas_0B7_
FNDA:0,_RNCNvNtNtCscUx3zdyuqfq_4koan5parse10whitespace19collapse_whitespace0B7_
FNDA:1,_RNCNvNtNtCscUx3zdyuqfq_4koan5parse10whitespace19walk_content_cursor0B7_
FNDA:0,_RNCNvNtNtCscUx3zdyuqfq_4koan5parse10whitespace19walk_content_cursors_0B7_
FNDA:888,_RNvNtNtCseriWsCb5ev6_4koan5parse10whitespace12collapse_str
FNDA:1329,_RNvNtNtCseriWsCb5ev6_4koan5parse10whitespace13adjust_parens
FNDA:1329,_RNvNtNtCseriWsCb5ev6_4koan5parse10whitespace16line_delim_delta
FNDA:1336,_RNvNtNtCseriWsCb5ev6_4koan5parse10whitespace16line_paren_delta
FNDA:888,_RNvNtNtCseriWsCb5ev6_4koan5parse10whitespace19collapse_whitespace
FNDA:1336,_RNvNtNtCseriWsCb5ev6_4koan5parse10whitespace19walk_content_cursor
FNDA:2595,_RNvNtNtCseriWsCb5ev6_4koan5parse10whitespace9emit_jump
FNDA:36501,_RNCNvNtNtCseriWsCb5ev6_4koan5parse10whitespace12collapse_str0B7_
FNDA:151,_RNCNvNtNtCseriWsCb5ev6_4koan5parse10whitespace12collapse_strs0_0B7_
FNDA:472,_RNCNvNtNtCseriWsCb5ev6_4koan5parse10whitespace12collapse_strs_0B7_
FNDA:35723,_RNCNvNtNtCseriWsCb5ev6_4koan5parse10whitespace16line_delim_delta0B7_
FNDA:35723,_RNCNvNtNtCseriWsCb5ev6_4koan5parse10whitespace16line_delim_deltas_0B7_
FNDA:35745,_RNCNvNtNtCseriWsCb5ev6_4koan5parse10whitespace16line_paren_delta0B7_
FNDA:35745,_RNCNvNtNtCseriWsCb5ev6_4koan5parse10whitespace16line_paren_deltas_0B7_
FNDA:0,_RNCNvNtNtCseriWsCb5ev6_4koan5parse10whitespace19collapse_whitespace0B7_
FNDA:219,_RNCNvNtNtCseriWsCb5ev6_4koan5parse10whitespace19walk_content_cursor0B7_
FNDA:0,_RNCNvNtNtCseriWsCb5ev6_4koan5parse10whitespace19walk_content_cursors_0B7_
FNF:17
FNH:15
DA:31,931
DA:32,931
DA:33,931
DA:34,931
DA:35,931
DA:37,931
DA:38,931
DA:39,931
DA:40,931
DA:41,931
DA:42,931
DA:45,931
DA:47,931
DA:48,931
DA:49,931
DA:50,931
DA:52,2386
DA:53,1462
DA:54,1462
DA:55,40078
DA:56,1462
DA:57,1462
DA:59,1462
DA:60,1462
DA:61,1462
DA:62,1462
DA:64,1462
DA:66,1462
DA:70,23
DA:71,23
DA:72,23
DA:73,8
DA:75,15
DA:77,23
DA:78,23
DA:79,1439
DA:81,1439
DA:83,1439
DA:84,1439
DA:86,1439
DA:87,1439
DA:89,1439
DA:90,1439
DA:91,1439
DA:92,1439
DA:93,1439
DA:117,1439
DA:118,54
DA:119,54
DA:120,1385
DA:123,1385
DA:124,32
DA:127,12
DA:128,1
DA:129,1
DA:130,1
DA:131,1
DA:132,1
DA:133,11
DA:134,11
DA:135,11
DA:136,20
DA:137,20
DA:140,1
DA:141,1
DA:142,1
DA:143,1
DA:144,1
DA:145,1
DA:146,19
DA:147,1353
DA:149,1372
DA:150,3
DA:151,3
DA:152,3
DA:153,3
DA:154,3
DA:155,3
DA:156,3
DA:157,3
DA:158,1369
DA:159,1369
DA:160,2
DA:161,2
DA:162,2
DA:163,2
DA:164,2
DA:165,2
DA:166,2
DA:167,2
DA:168,1367
DA:170,1779
DA:171,461
DA:172,412
DA:173,412
DA:174,412
DA:175,412
DA:176,49
DA:182,1367
DA:183,438
DA:184,929
DA:188,1367
DA:189,1367
DA:190,11
DA:191,11
DA:192,11
DA:193,11
DA:194,11
DA:195,1356
DA:196,1356
DA:197,1356
DA:198,1356
DA:199,1356
DA:201,1367
DA:202,1367
DA:203,1367
DA:204,1367
DA:205,1367
DA:207,1367
DA:208,1367
DA:209,492
DA:211,875
DA:213,1367
DA:216,1870
DA:217,946
DA:218,946
DA:219,946
DA:221,924
DA:222,931
DA:224,2801
DA:225,2801
DA:226,2801
DA:227,2801
DA:228,2801
DA:233,1439
DA:234,1439
DA:235,1439
DA:236,39324
DA:237,37885
DA:238,37885
DA:239,220
DA:240,220
DA:241,705
DA:242,485
DA:243,485
DA:244,220
DA:245,0
DA:246,220
DA:247,220
DA:248,0
DA:249,220
DA:250,220
DA:251,220
DA:252,220
DA:253,220
DA:254,220
DA:255,37665
DA:256,220
DA:257,440
DA:258,220
DA:259,220
DA:260,220
DA:261,0
DA:262,220
DA:263,220
DA:264,452
DA:265,232
DA:266,232
DA:267,220
DA:268,37445
DA:269,37445
DA:270,37445
DA:271,37445
DA:273,1439
DA:274,1439
DA:278,1432
DA:279,39240
DA:280,39240
DA:281,1432
DA:282,1432
DA:284,1439
DA:285,39262
DA:286,39262
DA:287,1439
DA:288,1439
DA:291,1432
DA:292,1432
DA:293,15
DA:294,15
DA:295,15
DA:297,1417
DA:298,13
DA:299,13
DA:301,1432
BRF:0
BRH:0
LF:204
LH:199
end_of_record