SF:/var/home/jack/Code/koan/src/builtins.rs
FN:155,_RNvNtCsbv2TPaIhNiJ_4koan8builtins13default_scope
FN:109,_RNvNtCsbv2TPaIhNiJ_4koan8builtins16register_builtin
FN:84,_RNvNtCsbv2TPaIhNiJ_4koan8builtins21register_builtin_full
FN:73,_RNvNtCsbv2TPaIhNiJ_4koan8builtins21type_part_binder_name
FN:44,_RNvNtCsbv2TPaIhNiJ_4koan8builtins2kw
FN:49,_RNvNtCsbv2TPaIhNiJ_4koan8builtins3arg
FN:58,_RNvNtCsbv2TPaIhNiJ_4koan8builtins3sig
FN:155,_RNvNtCs9bl5tPvrGPp_4koan8builtins13default_scope
FN:109,_RNvNtCs9bl5tPvrGPp_4koan8builtins16register_builtin
FN:123,_RNvNtCs9bl5tPvrGPp_4koan8builtins20register_overload_at
FN:84,_RNvNtCs9bl5tPvrGPp_4koan8builtins21register_builtin_full
FN:73,_RNvNtCs9bl5tPvrGPp_4koan8builtins21type_part_binder_name
FN:44,_RNvNtCs9bl5tPvrGPp_4koan8builtins2kw
FN:49,_RNvNtCs9bl5tPvrGPp_4koan8builtins3arg
FN:58,_RNvNtCs9bl5tPvrGPp_4koan8builtins3sig
FNDA:60,_RNvNtCsbv2TPaIhNiJ_4koan8builtins13default_scope
FNDA:1980,_RNvNtCsbv2TPaIhNiJ_4koan8builtins16register_builtin
FNDA:3000,_RNvNtCsbv2TPaIhNiJ_4koan8builtins21register_builtin_full
FNDA:149,_RNvNtCsbv2TPaIhNiJ_4koan8builtins21type_part_binder_name
FNDA:4740,_RNvNtCsbv2TPaIhNiJ_4koan8builtins2kw
FNDA:5941,_RNvNtCsbv2TPaIhNiJ_4koan8builtins3arg
FNDA:3001,_RNvNtCsbv2TPaIhNiJ_4koan8builtins3sig
FNDA:588,_RNvNtCs9bl5tPvrGPp_4koan8builtins13default_scope
FNDA:19435,_RNvNtCs9bl5tPvrGPp_4koan8builtins16register_builtin
FNDA:3,_RNvNtCs9bl5tPvrGPp_4koan8builtins20register_overload_at
FNDA:29432,_RNvNtCs9bl5tPvrGPp_4koan8builtins21register_builtin_full
FNDA:936,_RNvNtCs9bl5tPvrGPp_4koan8builtins21type_part_binder_name
FNDA:46461,_RNvNtCs9bl5tPvrGPp_4koan8builtins2kw
FNDA:58320,_RNvNtCs9bl5tPvrGPp_4koan8builtins3arg
FNDA:29499,_RNvNtCs9bl5tPvrGPp_4koan8builtins3sig
FNF:8
FNH:8
DA:44,51201
DA:45,51201
DA:46,51201
DA:49,64261
DA:50,64261
DA:51,64261
DA:52,64261
DA:53,64261
DA:54,64261
DA:58,32500
DA:59,32500
DA:60,32500
DA:61,32500
DA:62,32500
DA:63,32500
DA:64,32500
DA:65,32500
DA:66,32500
DA:73,1085
DA:74,1085
DA:75,1085
DA:76,1085
DA:77,1085
DA:84,32432
DA:85,32432
DA:86,32432
DA:87,32432
DA:88,32432
DA:89,32432
DA:90,32432
DA:91,32432
DA:92,32432
DA:93,32432
DA:94,32432
DA:95,32432
DA:96,32432
DA:97,32432
DA:98,32432
DA:99,32432
DA:100,32432
DA:101,32432
DA:102,32432
DA:103,32432
DA:104,32432
DA:105,32432
DA:106,32432
DA:109,21415
DA:110,21415
DA:111,21415
DA:112,21415
DA:113,21415
DA:114,21415
DA:115,21415
DA:116,21415
DA:123,3
DA:124,3
DA:125,3
DA:126,3
DA:127,3
DA:128,3
DA:129,3
DA:130,3
DA:131,3
DA:132,3
DA:133,3
DA:134,3
DA:135,3
DA:136,3
DA:137,3
DA:138,3
DA:139,3
DA:140,3
DA:141,3
DA:142,3
DA:143,3
DA:144,3
DA:145,3
DA:155,648
DA:156,648
DA:157,648
DA:158,648
DA:159,648
DA:160,648
DA:161,648
DA:163,648
DA:164,648
DA:165,648
DA:166,648
DA:167,648
DA:168,648
DA:169,648
DA:172,648
DA:173,648
DA:174,648
DA:177,648
DA:178,648
DA:179,648
DA:182,648
DA:183,648
DA:184,648
DA:187,648
DA:188,648
DA:189,648
DA:192,648
DA:193,648
DA:194,648
DA:197,648
DA:199,648
DA:200,648
DA:201,648
DA:202,648
DA:203,648
DA:204,648
DA:205,648
DA:206,648
DA:207,648
DA:208,648
DA:209,648
DA:210,648
DA:211,648
DA:212,648
DA:213,648
DA:214,648
DA:215,648
DA:216,648
DA:217,648
DA:218,648
DA:219,648
DA:220,648
DA:221,648
DA:222,648
DA:223,648
DA:224,648
DA:226,648
DA:227,648
BRF:0
BRH:0
LF:135
LH:135
end_of_record
SF:/var/home/jack/Code/koan/src/builtins/arithmetic.rs
FN:229,_RNCNvNtNtCsbv2TPaIhNiJ_4koan8builtins10arithmetic32register_builtin_operator_groups0B7_
FN:250,_RNCNvNtNtCsbv2TPaIhNiJ_4koan8builtins10arithmetic32register_builtin_operator_groupss0_0B7_
FN:240,_RNCNvNtNtCsbv2TPaIhNiJ_4koan8builtins10arithmetic32register_builtin_operator_groupss_0B7_
FN:206,_RNCNvNtNtCsbv2TPaIhNiJ_4koan8builtins10arithmetic32register_group_under_all_subsets0B7_
FN:149,_RNCNvNtNtCsbv2TPaIhNiJ_4koan8builtins10arithmetic8register0B7_
FN:159,_RNCNvNtNtCsbv2TPaIhNiJ_4koan8builtins10arithmetic8registers_0B7_
FN:32,_RNvNtNtCsbv2TPaIhNiJ_4koan8builtins10arithmetic10number_arg
FN:63,_RNvNtNtCsbv2TPaIhNiJ_4koan8builtins10arithmetic13bool_operands
FN:45,_RNvNtNtCsbv2TPaIhNiJ_4koan8builtins10arithmetic15number_operands
FN:224,_RNvNtNtCsbv2TPaIhNiJ_4koan8builtins10arithmetic32register_builtin_operator_groups
FN:196,_RNvNtNtCsbv2TPaIhNiJ_4koan8builtins10arithmetic32register_group_under_all_subsets
FN:132,_RNvNtNtCsbv2TPaIhNiJ_4koan8builtins10arithmetic7body_ge
FN:124,_RNvNtNtCsbv2TPaIhNiJ_4koan8builtins10arithmetic7body_gt
FN:116,_RNvNtNtCsbv2TPaIhNiJ_4koan8builtins10arithmetic7body_le
FN:108,_RNvNtNtCsbv2TPaIhNiJ_4koan8builtins10arithmetic7body_lt
FN:67,_RNvNtNtCsbv2TPaIhNiJ_4koan8builtins10arithmetic8body_add
FN:140,_RNvNtNtCsbv2TPaIhNiJ_4koan8builtins10arithmetic8body_and
FN:95,_RNvNtNtCsbv2TPaIhNiJ_4koan8builtins10arithmetic8body_div
FN:83,_RNvNtNtCsbv2TPaIhNiJ_4koan8builtins10arithmetic8body_mul
FN:75,_RNvNtNtCsbv2TPaIhNiJ_4koan8builtins10arithmetic8body_sub
FN:50,_RNvNtNtCsbv2TPaIhNiJ_4koan8builtins10arithmetic8bool_arg
FN:148,_RNvNtNtCsbv2TPaIhNiJ_4koan8builtins10arithmetic8register
FN:229,_RNCNvNtNtCs9bl5tPvrGPp_4koan8builtins10arithmetic32register_builtin_operator_groups0B7_
FN:250,_RNCNvNtNtCs9bl5tPvrGPp_4koan8builtins10arithmetic32register_builtin_operator_groupss0_0B7_
FN:240,_RNCNvNtNtCs9bl5tPvrGPp_4koan8builtins10arithmetic32register_builtin_operator_groupss_0B7_
FN:206,_RNCNvNtNtCs9bl5tPvrGPp_4koan8builtins10arithmetic32register_group_under_all_subsets0B7_
FN:149,_RNCNvNtNtCs9bl5tPvrGPp_4koan8builtins10arithmetic8register0B7_
FN:159,_RNCNvNtNtCs9bl5tPvrGPp_4koan8builtins10arithmetic8registers_0B7_
FN:32,_RNvNtNtCs9bl5tPvrGPp_4koan8builtins10arithmetic10number_arg
FN:63,_RNvNtNtCs9bl5tPvrGPp_4koan8builtins10arithmetic13bool_operands
FN:45,_RNvNtNtCs9bl5tPvrGPp_4koan8builtins10arithmetic15number_operands
FN:224,_RNvNtNtCs9bl5tPvrGPp_4koan8builtins10arithmetic32register_builtin_operator_groups
FN:196,_RNvNtNtCs9bl5tPvrGPp_4koan8builtins10arithmetic32register_group_under_all_subsets
FN:132,_RNvNtNtCs9bl5tPvrGPp_4koan8builtins10arithmetic7body_ge
FN:124,_RNvNtNtCs9bl5tPvrGPp_4koan8builtins10arithmetic7body_gt
FN:116,_RNvNtNtCs9bl5tPvrGPp_4koan8builtins10arithmetic7body_le
FN:108,_RNvNtNtCs9bl5tPvrGPp_4koan8builtins10arithmetic7body_lt
FN:67,_RNvNtNtCs9bl5tPvrGPp_4koan8builtins10arithmetic8body_add
FN:140,_RNvNtNtCs9bl5tPvrGPp_4koan8builtins10arithmetic8body_and
FN:95,_RNvNtNtCs9bl5tPvrGPp_4koan8builtins10arithmetic8body_div
FN:83,_RNvNtNtCs9bl5tPvrGPp_4koan8builtins10arithmetic8body_mul
FN:75,_RNvNtNtCs9bl5tPvrGPp_4koan8builtins10arithmetic8body_sub
FN:50,_RNvNtNtCs9bl5tPvrGPp_4koan8builtins10arithmetic8bool_arg
FN:148,_RNvNtNtCs9bl5tPvrGPp_4koan8builtins10arithmetic8register
FNDA:240,_RNCNvNtNtCsbv2TPaIhNiJ_4koan8builtins10arithmetic32register_builtin_operator_groups0B7_
FNDA:120,_RNCNvNtNtCsbv2TPaIhNiJ_4koan8builtins10arithmetic32register_builtin_operator_groupss0_0B7_
FNDA:120,_RNCNvNtNtCsbv2TPaIhNiJ_4koan8builtins10arithmetic32register_builtin_operator_groupss_0B7_
FNDA:4320,_RNCNvNtNtCsbv2TPaIhNiJ_4koan8builtins10arithmetic32register_group_under_all_subsets0B7_
FNDA:240,_RNCNvNtNtCsbv2TPaIhNiJ_4koan8builtins10arithmetic8register0B7_
FNDA:240,_RNCNvNtNtCsbv2TPaIhNiJ_4koan8builtins10arithmetic8registers_0B7_
FNDA:0,_RNvNtNtCsbv2TPaIhNiJ_4koan8builtins10arithmetic10number_arg
FNDA:0,_RNvNtNtCsbv2TPaIhNiJ_4koan8builtins10arithmetic13bool_operands
FNDA:0,_RNvNtNtCsbv2TPaIhNiJ_4koan8builtins10arithmetic15number_operands
FNDA:60,_RNvNtNtCsbv2TPaIhNiJ_4koan8builtins10arithmetic32register_builtin_operator_groups
FNDA:180,_RNvNtNtCsbv2TPaIhNiJ_4koan8builtins10arithmetic32register_group_under_all_subsets
FNDA:0,_RNvNtNtCsbv2TPaIhNiJ_4koan8builtins10arithmetic7body_ge
FNDA:0,_RNvNtNtCsbv2TPaIhNiJ_4koan8builtins10arithmetic7body_gt
FNDA:0,_RNvNtNtCsbv2TPaIhNiJ_4koan8builtins10arithmetic7body_le
FNDA:0,_RNvNtNtCsbv2TPaIhNiJ_4koan8builtins10arithmetic7body_lt
FNDA:0,_RNvNtNtCsbv2TPaIhNiJ_4koan8builtins10arithmetic8body_add
FNDA:0,_RNvNtNtCsbv2TPaIhNiJ_4koan8builtins10arithmetic8body_and
FNDA:0,_RNvNtNtCsbv2TPaIhNiJ_4koan8builtins10arithmetic8body_div
FNDA:0,_RNvNtNtCsbv2TPaIhNiJ_4koan8builtins10arithmetic8body_mul
FNDA:0,_RNvNtNtCsbv2TPaIhNiJ_4koan8builtins10arithmetic8body_sub
FNDA:0,_RNvNtNtCsbv2TPaIhNiJ_4koan8builtins10arithmetic8bool_arg
FNDA:60,_RNvNtNtCsbv2TPaIhNiJ_4koan8builtins10arithmetic8register
FNDA:2352,_RNCNvNtNtCs9bl5tPvrGPp_4koan8builtins10arithmetic32register_builtin_operator_groups0B7_
FNDA:1176,_RNCNvNtNtCs9bl5tPvrGPp_4koan8builtins10arithmetic32register_builtin_operator_groupss0_0B7_
FNDA:1176,_RNCNvNtNtCs9bl5tPvrGPp_4koan8builtins10arithmetic32register_builtin_operator_groupss_0B7_
FNDA:42336,_RNCNvNtNtCs9bl5tPvrGPp_4koan8builtins10arithmetic32register_group_under_all_subsets0B7_
FNDA:2356,_RNCNvNtNtCs9bl5tPvrGPp_4koan8builtins10arithmetic8register0B7_
FNDA:2356,_RNCNvNtNtCs9bl5tPvrGPp_4koan8builtins10arithmetic8registers_0B7_
FNDA:50,_RNvNtNtCs9bl5tPvrGPp_4koan8builtins10arithmetic10number_arg
FNDA:5,_RNvNtNtCs9bl5tPvrGPp_4koan8builtins10arithmetic13bool_operands
FNDA:25,_RNvNtNtCs9bl5tPvrGPp_4koan8builtins10arithmetic15number_operands
FNDA:588,_RNvNtNtCs9bl5tPvrGPp_4koan8builtins10arithmetic32register_builtin_operator_groups
FNDA:1764,_RNvNtNtCs9bl5tPvrGPp_4koan8builtins10arithmetic32register_group_under_all_subsets
FNDA:1,_RNvNtNtCs9bl5tPvrGPp_4koan8builtins10arithmetic7body_ge
FNDA:1,_RNvNtNtCs9bl5tPvrGPp_4koan8builtins10arithmetic7body_gt
FNDA:2,_RNvNtNtCs9bl5tPvrGPp_4koan8builtins10arithmetic7body_le
FNDA:8,_RNvNtNtCs9bl5tPvrGPp_4koan8builtins10arithmetic7body_lt
FNDA:4,_RNvNtNtCs9bl5tPvrGPp_4koan8builtins10arithmetic8body_add
FNDA:5,_RNvNtNtCs9bl5tPvrGPp_4koan8builtins10arithmetic8body_and
FNDA:2,_RNvNtNtCs9bl5tPvrGPp_4koan8builtins10arithmetic8body_div
FNDA:2,_RNvNtNtCs9bl5tPvrGPp_4koan8builtins10arithmetic8body_mul
FNDA:5,_RNvNtNtCs9bl5tPvrGPp_4koan8builtins10arithmetic8body_sub
FNDA:10,_RNvNtNtCs9bl5tPvrGPp_4koan8builtins10arithmetic8bool_arg
FNDA:589,_RNvNtNtCs9bl5tPvrGPp_4koan8builtins10arithmetic8register
FNF:22
FNH:22
DA:32,50
DA:33,50
DA:34,50
DA:35,0
DA:36,0
DA:37,0
DA:38,0
DA:39,0
DA:40,0
DA:42,50
DA:45,25
DA:46,25
DA:47,25
DA:50,10
DA:51,10
DA:52,10
DA:53,0
DA:54,0
DA:55,0
DA:56,0
DA:57,0
DA:58,0
DA:60,10
DA:63,5
DA:64,5
DA:65,5
DA:67,4
DA:68,4
DA:69,4
DA:70,4
DA:71,4
DA:72,4
DA:73,4
DA:75,5
DA:76,5
DA:77,5
DA:78,5
DA:79,5
DA:80,5
DA:81,5
DA:83,2
DA:84,2
DA:85,2
DA:86,2
DA:87,2
DA:88,2
DA:89,2
DA:95,2
DA:96,2
DA:97,2
DA:98,1
DA:99,1
DA:100,1
DA:101,1
DA:102,1
DA:103,1
DA:104,1
DA:105,1
DA:106,2
DA:108,8
DA:109,8
DA:110,8
DA:111,8
DA:112,8
DA:113,8
DA:114,8
DA:116,2
DA:117,2
DA:118,2
DA:119,2
DA:120,2
DA:121,2
DA:122,2
DA:124,1
DA:125,1
DA:126,1
DA:127,1
DA:128,1
DA:129,1
DA:130,1
DA:132,1
DA:133,1
DA:134,1
DA:135,1
DA:136,1
DA:137,1
DA:138,1
DA:140,5
DA:141,5
DA:142,5
DA:143,5
DA:144,5
DA:145,5
DA:146,5
DA:148,649
DA:149,2596
DA:150,2596
DA:151,2596
DA:152,2596
DA:153,2596
DA:154,2596
DA:155,2596
DA:158,2596
DA:159,2596
DA:160,2596
DA:161,2596
DA:162,2596
DA:163,2596
DA:164,2596
DA:165,2596
DA:168,2596
DA:170,649
DA:171,649
DA:172,649
DA:173,649
DA:175,649
DA:176,649
DA:177,649
DA:178,649
DA:180,649
DA:181,649
DA:182,649
DA:183,649
DA:184,649
DA:185,649
DA:188,649
DA:189,649
DA:196,1944
DA:197,1944
DA:198,1944
DA:199,1944
DA:200,1944
DA:201,1944
DA:202,13608
DA:203,13608
DA:204,13608
DA:205,13608
DA:206,46656
DA:207,13608
DA:208,13608
DA:209,13608
DA:210,13608
DA:211,13608
DA:212,13608
DA:214,1944
DA:224,648
DA:225,648
DA:227,648
DA:228,648
DA:229,2592
DA:230,648
DA:231,648
DA:232,648
DA:233,648
DA:234,648
DA:236,648
DA:238,648
DA:239,648
DA:240,1296
DA:241,648
DA:242,648
DA:243,648
DA:245,648
DA:247,648
DA:248,648
DA:249,648
DA:250,1296
DA:251,648
DA:252,648
DA:253,648
DA:254,648
DA:256,648
DA:257,648
BRF:0
BRH:0
LF:179
LH:167
end_of_record
SF:/var/home/jack/Code/koan/src/builtins/ascribe.rs
FN:25,_RNvNtNtCsbv2TPaIhNiJ_4koan8builtins7ascribe11body_opaque
FN:272,_RNvNtNtCsbv2TPaIhNiJ_4koan8builtins7ascribe15check_satisfies
FN:163,_RNvNtNtCsbv2TPaIhNiJ_4koan8builtins7ascribe16body_transparent
FN:202,_RNvNtNtCsbv2TPaIhNiJ_4koan8builtins7ascribe18seal_view_self_sig
FN:226,_RNvNtNtCsbv2TPaIhNiJ_4koan8builtins7ascribe28resolve_module_and_signature
FN:289,_RNvNtNtCsbv2TPaIhNiJ_4koan8builtins7ascribe8register
FN:237,_RNvNvNtNtCsbv2TPaIhNiJ_4koan8builtins7ascribe28resolve_module_and_signature24type_mismatch_or_missing
FN:210,_RNCNvNtNtCsbv2TPaIhNiJ_4koan8builtins7ascribe18seal_view_self_sig0B7_
FN:25,_RNvNtNtCs9bl5tPvrGPp_4koan8builtins7ascribe11body_opaque
FN:272,_RNvNtNtCs9bl5tPvrGPp_4koan8builtins7ascribe15check_satisfies
FN:163,_RNvNtNtCs9bl5tPvrGPp_4koan8builtins7ascribe16body_transparent
FN:202,_RNvNtNtCs9bl5tPvrGPp_4koan8builtins7ascribe18seal_view_self_sig
FN:226,_RNvNtNtCs9bl5tPvrGPp_4koan8builtins7ascribe28resolve_module_and_signature
FN:289,_RNvNtNtCs9bl5tPvrGPp_4koan8builtins7ascribe8register
FN:237,_RNvNvNtNtCs9bl5tPvrGPp_4koan8builtins7ascribe28resolve_module_and_signature24type_mismatch_or_missing
FN:210,_RNCNvNtNtCs9bl5tPvrGPp_4koan8builtins7ascribe18seal_view_self_sig0B7_
FNDA:1,_RNvNtNtCsbv2TPaIhNiJ_4koan8builtins7ascribe11body_opaque
FNDA:5,_RNvNtNtCsbv2TPaIhNiJ_4koan8builtins7ascribe15check_satisfies
FNDA:4,_RNvNtNtCsbv2TPaIhNiJ_4koan8builtins7ascribe16body_transparent
FNDA:5,_RNvNtNtCsbv2TPaIhNiJ_4koan8builtins7ascribe18seal_view_self_sig
FNDA:5,_RNvNtNtCsbv2TPaIhNiJ_4koan8builtins7ascribe28resolve_module_and_signature
FNDA:60,_RNvNtNtCsbv2TPaIhNiJ_4koan8builtins7ascribe8register
FNDA:0,_RNvNvNtNtCsbv2TPaIhNiJ_4koan8builtins7ascribe28resolve_module_and_signature24type_mismatch_or_missing
FNDA:0,_RNCNvNtNtCsbv2TPaIhNiJ_4koan8builtins7ascribe18seal_view_self_sig0B7_
FNDA:37,_RNvNtNtCs9bl5tPvrGPp_4koan8builtins7ascribe11body_opaque
FNDA:61,_RNvNtNtCs9bl5tPvrGPp_4koan8builtins7ascribe15check_satisfies
FNDA:24,_RNvNtNtCs9bl5tPvrGPp_4koan8builtins7ascribe16body_transparent
FNDA:60,_RNvNtNtCs9bl5tPvrGPp_4koan8builtins7ascribe18seal_view_self_sig
FNDA:61,_RNvNtNtCs9bl5tPvrGPp_4koan8builtins7ascribe28resolve_module_and_signature
FNDA:588,_RNvNtNtCs9bl5tPvrGPp_4koan8builtins7ascribe8register
FNDA:0,_RNvNvNtNtCs9bl5tPvrGPp_4koan8builtins7ascribe28resolve_module_and_signature24type_mismatch_or_missing
FNDA:37,_RNCNvNtNtCs9bl5tPvrGPp_4koan8builtins7ascribe18seal_view_self_sig0B7_
FNF:8
FNH:7
DA:25,38
DA:26,38
DA:27,38
DA:30,38
DA:32,38
DA:33,38
DA:34,38
DA:35,38
DA:38,38
DA:39,38
DA:40,0
DA:41,38
DA:47,38
DA:49,38
DA:53,38
DA:55,38
DA:56,38
DA:57,23
DA:58,23
DA:59,23
DA:61,6
DA:62,6
DA:63,6
DA:66,6
DA:67,6
DA:68,6
DA:70,0
DA:74,6
DA:75,6
DA:76,6
DA:77,6
DA:79,6
DA:80,6
DA:81,6
DA:82,6
DA:83,6
DA:84,6
DA:85,6
DA:86,6
DA:87,6
DA:89,17
DA:90,17
DA:91,17
DA:92,17
DA:94,23
DA:100,38
DA:101,38
DA:102,28
DA:103,28
DA:104,23
DA:105,23
DA:106,28
DA:107,7
DA:108,7
DA:109,10
DA:112,38
DA:113,38
DA:114,65
DA:115,65
DA:116,30
DA:117,35
DA:120,6
DA:121,6
DA:123,6
DA:124,6
DA:125,6
DA:126,29
DA:128,38
DA:129,38
DA:130,6
DA:131,6
DA:132,6
DA:133,6
DA:134,32
DA:138,38
DA:140,38
DA:141,7
DA:142,31
DA:149,31
DA:152,31
DA:153,31
DA:154,31
DA:155,31
DA:156,31
DA:157,38
DA:163,28
DA:164,28
DA:165,28
DA:168,28
DA:169,28
DA:170,1
DA:171,27
DA:180,27
DA:181,27
DA:182,27
DA:183,27
DA:184,27
DA:187,27
DA:188,27
DA:189,27
DA:190,27
DA:191,27
DA:192,27
DA:193,27
DA:194,28
DA:202,65
DA:203,65
DA:204,65
DA:205,65
DA:206,65
DA:207,65
DA:208,65
DA:209,65
DA:210,65
DA:211,65
DA:212,100
DA:213,100
DA:214,37
DA:215,63
DA:216,63
DA:217,63
DA:218,63
DA:221,65
DA:222,65
DA:226,66
DA:227,66
DA:228,66
DA:229,66
DA:230,66
DA:231,66
DA:232,66
DA:233,66
DA:234,66
DA:237,0
DA:238,0
DA:239,0
DA:240,0
DA:241,0
DA:242,0
DA:243,0
DA:244,0
DA:245,0
DA:246,0
DA:247,0
DA:248,0
DA:250,0
DA:252,66
DA:253,66
DA:254,0
DA:256,66
DA:258,66
DA:260,66
DA:261,0
DA:263,66
DA:264,66
DA:272,66
DA:273,66
DA:274,66
DA:275,66
DA:276,66
DA:277,58
DA:278,8
DA:279,8
DA:280,0
DA:281,8
DA:282,8
DA:283,8
DA:284,8
DA:285,8
DA:287,66
DA:289,648
DA:293,648
DA:294,648
DA:295,648
DA:296,648
DA:297,648
DA:298,648
DA:301,648
DA:302,648
DA:303,648
DA:304,648
DA:305,648
DA:306,648
DA:309,648
DA:310,648
DA:311,648
BRF:0
BRH:0
LF:187
LH:169
end_of_record
SF:/var/home/jack/Code/koan/src/builtins/attr.rs
FN:185,_RNvNtNtCsbv2TPaIhNiJ_4koan8builtins4attr11body_module
FN:288,_RNvNtNtCsbv2TPaIhNiJ_4koan8builtins4attr12access_field
FN:158,_RNvNtNtCsbv2TPaIhNiJ_4koan8builtins4attr12body_newtype
FN:117,_RNvNtNtCsbv2TPaIhNiJ_4koan8builtins4attr13body_type_lhs
FN:261,_RNvNtNtCsbv2TPaIhNiJ_4koan8builtins4attr13wrapped_field
FN:67,_RNvNtNtCsbv2TPaIhNiJ_4koan8builtins4attr15body_identifier
FN:42,_RNvNtNtCsbv2TPaIhNiJ_4koan8builtins4attr15read_field_name
FN:213,_RNvNtNtCsbv2TPaIhNiJ_4koan8builtins4attr18access_type_member
FN:358,_RNvNtNtCsbv2TPaIhNiJ_4koan8builtins4attr20access_module_member
FN:34,_RNvNtNtCsbv2TPaIhNiJ_4koan8builtins4attr5route
FN:426,_RNvNtNtCsbv2TPaIhNiJ_4koan8builtins4attr8register
FN:299,_RNCNvNtNtCsbv2TPaIhNiJ_4koan8builtins4attr12access_field0B7_
FN:321,_RNCNvNtNtCsbv2TPaIhNiJ_4koan8builtins4attr12access_fields_0B7_
FN:401,_RNCNvNtNtCsbv2TPaIhNiJ_4koan8builtins4attr20access_module_member0B7_
FN:427,_RNCNvNtNtCsbv2TPaIhNiJ_4koan8builtins4attr8register0B7_
FN:455,_RNCNvNtNtCsbv2TPaIhNiJ_4koan8builtins4attr8registers0_0B7_
FN:465,_RNCNvNtNtCsbv2TPaIhNiJ_4koan8builtins4attr8registers1_0B7_
FN:475,_RNCNvNtNtCsbv2TPaIhNiJ_4koan8builtins4attr8registers2_0B7_
FN:486,_RNCNvNtNtCsbv2TPaIhNiJ_4koan8builtins4attr8registers3_0B7_
FN:437,_RNCNvNtNtCsbv2TPaIhNiJ_4koan8builtins4attr8registers_0B7_
FN:554,_RNvNtNtNtCs9bl5tPvrGPp_4koan8builtins4attr5testss_24attr_unbound_name_errors
FN:581,_RNvNtNtNtCs9bl5tPvrGPp_4koan8builtins4attr5testss_25attr_unknown_field_errors
FN:565,_RNvNtNtNtCs9bl5tPvrGPp_4koan8builtins4attr5testss_31attr_on_non_struct_value_errors
FN:597,_RNvNtNtNtCs9bl5tPvrGPp_4koan8builtins4attr5testss_33attr_chained_unknown_field_errors
FN:538,_RNvNtNtNtCs9bl5tPvrGPp_4koan8builtins4attr5testss_34attr_chained_through_nested_struct
FN:514,_RNvNtNtNtCs9bl5tPvrGPp_4koan8builtins4attr5testss_34attr_reads_field_from_named_struct
FN:526,_RNvNtNtNtCs9bl5tPvrGPp_4koan8builtins4attr5testss_35attr_reads_each_field_independently
FN:634,_RNvNtNtNtCs9bl5tPvrGPp_4koan8builtins4attr5testss_39access_field_rejects_wrapped_non_struct
FN:678,_RNvNtNtNtCs9bl5tPvrGPp_4koan8builtins4attr5testss_41transparent_view_slot_read_stays_concrete
FN:657,_RNvNtNtNtCs9bl5tPvrGPp_4koan8builtins4attr5testss_48opaque_view_slot_read_re_tags_with_abstract_type
FN:618,_RNvNtNtNtCs9bl5tPvrGPp_4koan8builtins4attr5testss_49access_field_falls_through_wrapped_record_newtype
FN:699,_RNvNtNtNtCs9bl5tPvrGPp_4koan8builtins4attr5testss_53access_field_falls_through_wrapped_with_missing_field
FN:299,_RNCNvNtNtCs9bl5tPvrGPp_4koan8builtins4attr12access_field0B7_
FN:321,_RNCNvNtNtCs9bl5tPvrGPp_4koan8builtins4attr12access_fields_0B7_
FN:401,_RNCNvNtNtCs9bl5tPvrGPp_4koan8builtins4attr20access_module_member0B7_
FN:427,_RNCNvNtNtCs9bl5tPvrGPp_4koan8builtins4attr8register0B7_
FN:455,_RNCNvNtNtCs9bl5tPvrGPp_4koan8builtins4attr8registers0_0B7_
FN:465,_RNCNvNtNtCs9bl5tPvrGPp_4koan8builtins4attr8registers1_0B7_
FN:475,_RNCNvNtNtCs9bl5tPvrGPp_4koan8builtins4attr8registers2_0B7_
FN:486,_RNCNvNtNtCs9bl5tPvrGPp_4koan8builtins4attr8registers3_0B7_
FN:437,_RNCNvNtNtCs9bl5tPvrGPp_4koan8builtins4attr8registers_0B7_
FN:185,_RNvNtNtCs9bl5tPvrGPp_4koan8builtins4attr11body_module
FN:288,_RNvNtNtCs9bl5tPvrGPp_4koan8builtins4attr12access_field
FN:158,_RNvNtNtCs9bl5tPvrGPp_4koan8builtins4attr12body_newtype
FN:117,_RNvNtNtCs9bl5tPvrGPp_4koan8builtins4attr13body_type_lhs
FN:261,_RNvNtNtCs9bl5tPvrGPp_4koan8builtins4attr13wrapped_field
FN:67,_RNvNtNtCs9bl5tPvrGPp_4koan8builtins4attr15body_identifier
FN:42,_RNvNtNtCs9bl5tPvrGPp_4koan8builtins4attr15read_field_name
FN:213,_RNvNtNtCs9bl5tPvrGPp_4koan8builtins4attr18access_type_member
FN:358,_RNvNtNtCs9bl5tPvrGPp_4koan8builtins4attr20access_module_member
FN:34,_RNvNtNtCs9bl5tPvrGPp_4koan8builtins4attr5route
FN:426,_RNvNtNtCs9bl5tPvrGPp_4koan8builtins4attr8register
FNDA:7,_RNvNtNtCsbv2TPaIhNiJ_4koan8builtins4attr11body_module
FNDA:1,_RNvNtNtCsbv2TPaIhNiJ_4koan8builtins4attr12access_field
FNDA:0,_RNvNtNtCsbv2TPaIhNiJ_4koan8builtins4attr12body_newtype
FNDA:0,_RNvNtNtCsbv2TPaIhNiJ_4koan8builtins4attr13body_type_lhs
FNDA:1,_RNvNtNtCsbv2TPaIhNiJ_4koan8builtins4attr13wrapped_field
FNDA:2,_RNvNtNtCsbv2TPaIhNiJ_4koan8builtins4attr15body_identifier
FNDA:9,_RNvNtNtCsbv2TPaIhNiJ_4koan8builtins4attr15read_field_name
FNDA:0,_RNvNtNtCsbv2TPaIhNiJ_4koan8builtins4attr18access_type_member
FNDA:7,_RNvNtNtCsbv2TPaIhNiJ_4koan8builtins4attr20access_module_member
FNDA:8,_RNvNtNtCsbv2TPaIhNiJ_4koan8builtins4attr5route
FNDA:60,_RNvNtNtCsbv2TPaIhNiJ_4koan8builtins4attr8register
FNDA:0,_RNCNvNtNtCsbv2TPaIhNiJ_4koan8builtins4attr12access_field0B7_
FNDA:0,_RNCNvNtNtCsbv2TPaIhNiJ_4koan8builtins4attr12access_fields_0B7_
FNDA:0,_RNCNvNtNtCsbv2TPaIhNiJ_4koan8builtins4attr20access_module_member0B7_
FNDA:60,_RNCNvNtNtCsbv2TPaIhNiJ_4koan8builtins4attr8register0B7_
FNDA:60,_RNCNvNtNtCsbv2TPaIhNiJ_4koan8builtins4attr8registers0_0B7_
FNDA:60,_RNCNvNtNtCsbv2TPaIhNiJ_4koan8builtins4attr8registers1_0B7_
FNDA:60,_RNCNvNtNtCsbv2TPaIhNiJ_4koan8builtins4attr8registers2_0B7_
FNDA:60,_RNCNvNtNtCsbv2TPaIhNiJ_4koan8builtins4attr8registers3_0B7_
FNDA:60,_RNCNvNtNtCsbv2TPaIhNiJ_4koan8builtins4attr8registers_0B7_
FNDA:1,_RNvNtNtNtCs9bl5tPvrGPp_4koan8builtins4attr5testss_24attr_unbound_name_errors
FNDA:1,_RNvNtNtNtCs9bl5tPvrGPp_4koan8builtins4attr5testss_25attr_unknown_field_errors
FNDA:1,_RNvNtNtNtCs9bl5tPvrGPp_4koan8builtins4attr5testss_31attr_on_non_struct_value_errors
FNDA:1,_RNvNtNtNtCs9bl5tPvrGPp_4koan8builtins4attr5testss_33attr_chained_unknown_field_errors
FNDA:1,_RNvNtNtNtCs9bl5tPvrGPp_4koan8builtins4attr5testss_34attr_chained_through_nested_struct
FNDA:1,_RNvNtNtNtCs9bl5tPvrGPp_4koan8builtins4attr5testss_34attr_reads_field_from_named_struct
FNDA:1,_RNvNtNtNtCs9bl5tPvrGPp_4koan8builtins4attr5testss_35attr_reads_each_field_independently
FNDA:1,_RNvNtNtNtCs9bl5tPvrGPp_4koan8builtins4attr5testss_39access_field_rejects_wrapped_non_struct
FNDA:1,_RNvNtNtNtCs9bl5tPvrGPp_4koan8builtins4attr5testss_41transparent_view_slot_read_stays_concrete
FNDA:1,_RNvNtNtNtCs9bl5tPvrGPp_4koan8builtins4attr5testss_48opaque_view_slot_read_re_tags_with_abstract_type
FNDA:1,_RNvNtNtNtCs9bl5tPvrGPp_4koan8builtins4attr5testss_49access_field_falls_through_wrapped_record_newtype
FNDA:1,_RNvNtNtNtCs9bl5tPvrGPp_4koan8builtins4attr5testss_53access_field_falls_through_wrapped_with_missing_field
FNDA:3,_RNCNvNtNtCs9bl5tPvrGPp_4koan8builtins4attr12access_field0B7_
FNDA:0,_RNCNvNtNtCs9bl5tPvrGPp_4koan8builtins4attr12access_fields_0B7_
FNDA:2,_RNCNvNtNtCs9bl5tPvrGPp_4koan8builtins4attr20access_module_member0B7_
FNDA:588,_RNCNvNtNtCs9bl5tPvrGPp_4koan8builtins4attr8register0B7_
FNDA:588,_RNCNvNtNtCs9bl5tPvrGPp_4koan8builtins4attr8registers0_0B7_
FNDA:588,_RNCNvNtNtCs9bl5tPvrGPp_4koan8builtins4attr8registers1_0B7_
FNDA:588,_RNCNvNtNtCs9bl5tPvrGPp_4koan8builtins4attr8registers2_0B7_
FNDA:588,_RNCNvNtNtCs9bl5tPvrGPp_4koan8builtins4attr8registers3_0B7_
FNDA:588,_RNCNvNtNtCs9bl5tPvrGPp_4koan8builtins4attr8registers_0B7_
FNDA:21,_RNvNtNtCs9bl5tPvrGPp_4koan8builtins4attr11body_module
FNDA:20,_RNvNtNtCs9bl5tPvrGPp_4koan8builtins4attr12access_field
FNDA:2,_RNvNtNtCs9bl5tPvrGPp_4koan8builtins4attr12body_newtype
FNDA:1,_RNvNtNtCs9bl5tPvrGPp_4koan8builtins4attr13body_type_lhs
FNDA:24,_RNvNtNtCs9bl5tPvrGPp_4koan8builtins4attr13wrapped_field
FNDA:22,_RNvNtNtCs9bl5tPvrGPp_4koan8builtins4attr15body_identifier
FNDA:46,_RNvNtNtCs9bl5tPvrGPp_4koan8builtins4attr15read_field_name
FNDA:0,_RNvNtNtCs9bl5tPvrGPp_4koan8builtins4attr18access_type_member
FNDA:24,_RNvNtNtCs9bl5tPvrGPp_4koan8builtins4attr20access_module_member
FNDA:44,_RNvNtNtCs9bl5tPvrGPp_4koan8builtins4attr5route
FNDA:588,_RNvNtNtCs9bl5tPvrGPp_4koan8builtins4attr8register
FNF:32
FNH:30
DA:34,52
DA:35,52
DA:36,52
DA:37,52
DA:38,52
DA:42,55
DA:44,55
DA:45,43
DA:46,43
DA:47,0
DA:48,0
DA:49,0
DA:50,0
DA:51,0
DA:53,12
DA:54,12
DA:55,12
DA:56,12
DA:57,0
DA:59,0
DA:60,0
DA:61,55
DA:67,24
DA:68,24
DA:69,24
DA:71,24
DA:72,24
DA:73,0
DA:74,0
DA:75,0
DA:76,0
DA:77,0
DA:78,0
DA:80,0
DA:82,24
DA:88,24
DA:89,19
DA:90,19
DA:91,19
DA:92,19
DA:93,19
DA:94,5
DA:95,5
DA:96,0
DA:97,3
DA:99,0
DA:102,0
DA:104,0
DA:105,0
DA:107,2
DA:108,2
DA:109,24
DA:117,1
DA:118,1
DA:119,1
DA:121,1
DA:122,1
DA:124,0
DA:125,0
DA:126,0
DA:127,0
DA:128,0
DA:129,0
DA:130,0
DA:134,1
DA:135,1
DA:136,1
DA:139,0
DA:140,0
DA:141,0
DA:143,1
DA:144,1
DA:145,1
DA:146,1
DA:147,1
DA:148,1
DA:149,1
DA:150,1
DA:153,0
DA:155,1
DA:158,2
DA:159,2
DA:160,2
DA:162,2
DA:163,2
DA:164,0
DA:166,2
DA:172,2
DA:173,2
DA:175,0
DA:176,0
DA:177,0
DA:179,0
DA:182,2
DA:185,28
DA:186,28
DA:187,28
DA:189,28
DA:190,28
DA:192,0
DA:193,0
DA:194,0
DA:195,0
DA:196,0
DA:197,0
DA:198,0
DA:199,0
DA:200,0
DA:201,0
DA:202,0
DA:206,28
DA:207,28
DA:208,28
DA:213,0
DA:214,0
DA:215,0
DA:221,0
DA:224,0
DA:225,0
DA:226,0
DA:227,0
DA:229,0
DA:230,0
DA:232,0
DA:233,0
DA:234,0
DA:235,0
DA:241,0
DA:243,0
DA:244,0
DA:245,0
DA:246,0
DA:247,0
DA:248,0
DA:250,0
DA:261,25
DA:262,25
DA:263,21
DA:264,20
DA:265,17
DA:266,3
DA:267,3
DA:268,3
DA:269,3
DA:270,3
DA:272,1
DA:274,4
DA:275,4
DA:276,4
DA:277,4
DA:278,4
DA:280,25
DA:288,21
DA:289,21
DA:290,21
DA:291,21
DA:292,21
DA:293,21
DA:294,21
DA:295,14
DA:296,14
DA:297,11
DA:298,3
DA:299,3
DA:300,3
DA:301,3
DA:302,0
DA:304,3
DA:305,3
DA:307,3
DA:308,0
DA:310,3
DA:312,0
DA:315,0
DA:316,0
DA:317,0
DA:318,0
DA:319,0
DA:320,0
DA:321,0
DA:322,0
DA:323,0
DA:324,0
DA:326,0
DA:327,0
DA:329,0
DA:330,0
DA:332,0
DA:335,21
DA:358,31
DA:359,31
DA:360,31
DA:365,10
DA:366,10
DA:367,5
DA:368,5
DA:370,5
DA:373,21
DA:380,21
DA:381,18
DA:382,18
DA:394,2
DA:395,2
DA:396,2
DA:397,2
DA:398,2
DA:399,2
DA:400,2
DA:401,2
DA:402,2
DA:403,2
DA:404,2
DA:405,2
DA:406,2
DA:408,0
DA:409,2
DA:411,16
DA:412,16
DA:413,16
DA:414,16
DA:416,2
DA:417,2
DA:418,2
DA:419,1
DA:420,1
DA:421,1
DA:422,1
DA:424,31
DA:426,648
DA:427,648
DA:428,648
DA:429,648
DA:430,648
DA:431,648
DA:432,648
DA:433,648
DA:436,648
DA:437,648
DA:438,648
DA:439,648
DA:440,648
DA:441,648
DA:442,648
DA:443,648
DA:446,648
DA:455,648
DA:456,648
DA:457,648
DA:458,648
DA:459,648
DA:460,648
DA:461,648
DA:464,648
DA:465,648
DA:466,648
DA:467,648
DA:468,648
DA:469,648
DA:470,648
DA:471,648
DA:474,648
DA:475,648
DA:476,648
DA:477,648
DA:478,648
DA:479,648
DA:480,648
DA:481,648
DA:484,648
DA:486,648
DA:487,648
DA:488,648
DA:489,648
DA:490,648
DA:491,648
DA:492,648
DA:495,648
DA:498,648
DA:499,648
DA:500,648
DA:501,648
DA:502,648
DA:503,648
DA:504,648
DA:514,1
DA:515,1
DA:516,1
DA:517,1
DA:518,1
DA:519,1
DA:521,1
DA:522,1
DA:523,1
DA:526,1
DA:527,1
DA:528,1
DA:529,1
DA:530,1
DA:531,1
DA:533,1
DA:534,1
DA:535,1
DA:538,1
DA:539,1
DA:540,1
DA:541,1
DA:542,1
DA:543,1
DA:544,1
DA:545,1
DA:546,1
DA:547,1
DA:549,1
DA:550,1
DA:551,1
DA:554,1
DA:555,1
DA:556,1
DA:557,1
DA:558,1
DA:559,1
DA:562,1
DA:565,1
DA:566,1
DA:567,1
DA:568,1
DA:569,1
DA:570,1
DA:571,1
DA:572,1
DA:573,1
DA:574,1
DA:576,0
DA:578,1
DA:581,1
DA:582,1
DA:583,1
DA:584,1
DA:585,1
DA:586,1
DA:588,1
DA:589,1
DA:590,1
DA:591,1
DA:594,1
DA:597,1
DA:598,1
DA:599,1
DA:600,1
DA:601,1
DA:602,1
DA:603,1
DA:604,1
DA:605,1
DA:606,1
DA:608,1
DA:609,1
DA:610,1
DA:611,1
DA:614,1
DA:618,1
DA:619,1
DA:620,1
DA:621,1
DA:622,1
DA:623,1
DA:624,1
DA:625,1
DA:626,1
DA:628,1
DA:629,1
DA:630,1
DA:634,1
DA:635,1
DA:636,1
DA:637,1
DA:638,1
DA:639,1
DA:640,1
DA:642,1
DA:643,1
DA:644,1
DA:645,1
DA:646,1
DA:647,1
DA:649,0
DA:651,1
DA:657,1
DA:658,1
DA:659,1
DA:660,1
DA:661,1
DA:662,1
DA:663,1
DA:664,1
DA:666,1
DA:667,1
DA:668,1
DA:671,0
DA:673,1
DA:678,1
DA:679,1
DA:680,1
DA:681,1
DA:682,1
DA:683,1
DA:684,1
DA:685,1
DA:687,1
DA:688,1
DA:689,1
DA:691,0
DA:693,1
DA:699,1
DA:700,1
DA:701,1
DA:702,1
DA:703,1
DA:704,1
DA:705,1
DA:706,1
DA:707,1
DA:709,1
DA:710,1
DA:711,1
DA:712,1
DA:715,1
BRF:0
BRH:0
LF:435
LH:342
end_of_record
SF:/var/home/jack/Code/koan/src/builtins/await_body.rs
FN:30,_RINvNtNtCsbv2TPaIhNiJ_4koan8builtins10await_body19await_body_in_scopeNCNvNtB4_10module_def4body0EB6_
FN:30,_RINvNtNtCsbv2TPaIhNiJ_4koan8builtins10await_body19await_body_in_scopeNCNvNtB4_15recursive_types4bodys_0EB6_
FN:30,_RINvNtNtCsbv2TPaIhNiJ_4koan8builtins10await_body19await_body_in_scopeNCNvNtB4_7sig_def4body0EB6_
FN:36,_RNCINvNtNtCsbv2TPaIhNiJ_4koan8builtins10await_body19await_body_in_scopeNCNvNtB6_10module_def4body0E0B8_
FN:36,_RNCINvNtNtCsbv2TPaIhNiJ_4koan8builtins10await_body19await_body_in_scopeNCNvNtB6_15recursive_types4bodys_0E0B8_
FN:36,_RNCINvNtNtCsbv2TPaIhNiJ_4koan8builtins10await_body19await_body_in_scopeNCNvNtB6_7sig_def4body0E0B8_
FN:30,_RINvNtNtCs9bl5tPvrGPp_4koan8builtins10await_body19await_body_in_scopeNCNvNtB4_10module_def4body0EB6_
FN:30,_RINvNtNtCs9bl5tPvrGPp_4koan8builtins10await_body19await_body_in_scopeNCNvNtB4_15recursive_types4bodys_0EB6_
FN:30,_RINvNtNtCs9bl5tPvrGPp_4koan8builtins10await_body19await_body_in_scopeNCNvNtB4_7sig_def4body0EB6_
FN:36,_RNCINvNtNtCs9bl5tPvrGPp_4koan8builtins10await_body19await_body_in_scopeNCNvNtB6_10module_def4body0E0B8_
FN:36,_RNCINvNtNtCs9bl5tPvrGPp_4koan8builtins10await_body19await_body_in_scopeNCNvNtB6_15recursive_types4bodys_0E0B8_
FN:36,_RNCINvNtNtCs9bl5tPvrGPp_4koan8builtins10await_body19await_body_in_scopeNCNvNtB6_7sig_def4body0E0B8_
FNDA:21,_RINvNtNtCsbv2TPaIhNiJ_4koan8builtins10await_body19await_body_in_scopeNCNvNtB4_10module_def4body0EB6_
FNDA:0,_RINvNtNtCsbv2TPaIhNiJ_4koan8builtins10await_body19await_body_in_scopeNCNvNtB4_15recursive_types4bodys_0EB6_
FNDA:15,_RINvNtNtCsbv2TPaIhNiJ_4koan8builtins10await_body19await_body_in_scopeNCNvNtB4_7sig_def4body0EB6_
FNDA:20,_RNCINvNtNtCsbv2TPaIhNiJ_4koan8builtins10await_body19await_body_in_scopeNCNvNtB6_10module_def4body0E0B8_
FNDA:0,_RNCINvNtNtCsbv2TPaIhNiJ_4koan8builtins10await_body19await_body_in_scopeNCNvNtB6_15recursive_types4bodys_0E0B8_
FNDA:15,_RNCINvNtNtCsbv2TPaIhNiJ_4koan8builtins10await_body19await_body_in_scopeNCNvNtB6_7sig_def4body0E0B8_
FNDA:107,_RINvNtNtCs9bl5tPvrGPp_4koan8builtins10await_body19await_body_in_scopeNCNvNtB4_10module_def4body0EB6_
FNDA:4,_RINvNtNtCs9bl5tPvrGPp_4koan8builtins10await_body19await_body_in_scopeNCNvNtB4_15recursive_types4bodys_0EB6_
FNDA:98,_RINvNtNtCs9bl5tPvrGPp_4koan8builtins10await_body19await_body_in_scopeNCNvNtB4_7sig_def4body0EB6_
FNDA:105,_RNCINvNtNtCs9bl5tPvrGPp_4koan8builtins10await_body19await_body_in_scopeNCNvNtB6_10module_def4body0E0B8_
FNDA:3,_RNCINvNtNtCs9bl5tPvrGPp_4koan8builtins10await_body19await_body_in_scopeNCNvNtB6_15recursive_types4bodys_0E0B8_
FNDA:96,_RNCINvNtNtCs9bl5tPvrGPp_4koan8builtins10await_body19await_body_in_scopeNCNvNtB6_7sig_def4body0E0B8_
FNF:2
FNH:2
DA:30,245
DA:31,245
DA:32,245
DA:33,245
DA:34,245
DA:35,245
DA:36,245
DA:37,239
DA:38,236
DA:39,236
DA:40,239
DA:41,239
DA:42,245
DA:43,245
DA:44,245
DA:45,245
DA:46,245
DA:47,245
DA:48,245
DA:49,245
BRF:0
BRH:0
LF:21
LH:21
end_of_record
SF:/var/home/jack/Code/koan/src/builtins/block_tail.rs
FN:59,_RNCNvNtNtCsbv2TPaIhNiJ_4koan8builtins10block_tail10block_tail0B7_
FN:42,_RNvNtNtCsbv2TPaIhNiJ_4koan8builtins10block_tail10block_tail
FN:42,_RNvNtNtCs9bl5tPvrGPp_4koan8builtins10block_tail10block_tail
FN:59,_RNCNvNtNtCs9bl5tPvrGPp_4koan8builtins10block_tail10block_tail0B7_
FNDA:4,_RNCNvNtNtCsbv2TPaIhNiJ_4koan8builtins10block_tail10block_tail0B7_
FNDA:5,_RNvNtNtCsbv2TPaIhNiJ_4koan8builtins10block_tail10block_tail
FNDA:132,_RNvNtNtCs9bl5tPvrGPp_4koan8builtins10block_tail10block_tail
FNDA:113,_RNCNvNtNtCs9bl5tPvrGPp_4koan8builtins10block_tail10block_tail0B7_
FNF:2
FNH:2
DA:42,137
DA:43,137
DA:44,137
DA:45,137
DA:46,137
DA:47,137
DA:48,137
DA:49,137
DA:51,8
DA:52,8
DA:55,117
DA:56,0
DA:58,117
DA:59,117
DA:60,0
DA:61,117
DA:63,12
DA:64,12
DA:65,12
DA:66,12
DA:67,12
DA:70,137
DA:71,8
DA:72,129
DA:73,129
DA:74,129
DA:75,129
DA:76,129
DA:77,129
DA:80,137
DA:81,137
DA:82,137
DA:83,137
DA:84,137
DA:85,137
DA:86,137
DA:87,137
BRF:0
BRH:0
LF:38
LH:36
end_of_record
SF:/var/home/jack/Code/koan/src/builtins/branch_walk.rs
FN:119,_RNCNCNvNtNtCsbv2TPaIhNiJ_4koan8builtins11branch_walk8arm_tail00B9_
FN:385,_RNCNvNtNtCsbv2TPaIhNiJ_4koan8builtins11branch_walk24find_branch_body_by_type0B7_
FN:463,_RNCNvNtNtCsbv2TPaIhNiJ_4koan8builtins11branch_walk24find_branch_body_by_types0_0B7_
FN:470,_RNCNvNtNtCsbv2TPaIhNiJ_4koan8builtins11branch_walk24find_branch_body_by_types1_0B7_
FN:487,_RNCNvNtNtCsbv2TPaIhNiJ_4koan8builtins11branch_walk24find_branch_body_by_types2_0B7_
FN:441,_RNCNvNtNtCsbv2TPaIhNiJ_4koan8builtins11branch_walk24find_branch_body_by_types_0B7_
FN:102,_RNCNvNtNtCsbv2TPaIhNiJ_4koan8builtins11branch_walk8arm_tail0B7_
FN:241,_RNvNtNtCsbv2TPaIhNiJ_4koan8builtins11branch_walk17resolve_head_type
FN:23,_RNvNtNtCsbv2TPaIhNiJ_4koan8builtins11branch_walk20resolve_arm_contract
FN:146,_RNvNtNtCsbv2TPaIhNiJ_4koan8builtins11branch_walk23find_branch_body_by_tag
FN:270,_RNvNtNtCsbv2TPaIhNiJ_4koan8builtins11branch_walk24find_branch_body_by_type
FN:87,_RNvNtNtCsbv2TPaIhNiJ_4koan8builtins11branch_walk8arm_tail
FN:241,_RNvNtNtCs9bl5tPvrGPp_4koan8builtins11branch_walk17resolve_head_type
FN:23,_RNvNtNtCs9bl5tPvrGPp_4koan8builtins11branch_walk20resolve_arm_contract
FN:146,_RNvNtNtCs9bl5tPvrGPp_4koan8builtins11branch_walk23find_branch_body_by_tag
FN:270,_RNvNtNtCs9bl5tPvrGPp_4koan8builtins11branch_walk24find_branch_body_by_type
FN:87,_RNvNtNtCs9bl5tPvrGPp_4koan8builtins11branch_walk8arm_tail
FN:119,_RNCNCNvNtNtCs9bl5tPvrGPp_4koan8builtins11branch_walk8arm_tail00B9_
FN:385,_RNCNvNtNtCs9bl5tPvrGPp_4koan8builtins11branch_walk24find_branch_body_by_type0B7_
FN:463,_RNCNvNtNtCs9bl5tPvrGPp_4koan8builtins11branch_walk24find_branch_body_by_types0_0B7_
FN:470,_RNCNvNtNtCs9bl5tPvrGPp_4koan8builtins11branch_walk24find_branch_body_by_types1_0B7_
FN:487,_RNCNvNtNtCs9bl5tPvrGPp_4koan8builtins11branch_walk24find_branch_body_by_types2_0B7_
FN:441,_RNCNvNtNtCs9bl5tPvrGPp_4koan8builtins11branch_walk24find_branch_body_by_types_0B7_
FN:102,_RNCNvNtNtCs9bl5tPvrGPp_4koan8builtins11branch_walk8arm_tail0B7_
FNDA:2,_RNCNCNvNtNtCsbv2TPaIhNiJ_4koan8builtins11branch_walk8arm_tail00B9_
FNDA:0,_RNCNvNtNtCsbv2TPaIhNiJ_4koan8builtins11branch_walk24find_branch_body_by_type0B7_
FNDA:2,_RNCNvNtNtCsbv2TPaIhNiJ_4koan8builtins11branch_walk24find_branch_body_by_types0_0B7_
FNDA:1,_RNCNvNtNtCsbv2TPaIhNiJ_4koan8builtins11branch_walk24find_branch_body_by_types1_0B7_
FNDA:0,_RNCNvNtNtCsbv2TPaIhNiJ_4koan8builtins11branch_walk24find_branch_body_by_types2_0B7_
FNDA:0,_RNCNvNtNtCsbv2TPaIhNiJ_4koan8builtins11branch_walk24find_branch_body_by_types_0B7_
FNDA:4,_RNCNvNtNtCsbv2TPaIhNiJ_4koan8builtins11branch_walk8arm_tail0B7_
FNDA:0,_RNvNtNtCsbv2TPaIhNiJ_4koan8builtins11branch_walk17resolve_head_type
FNDA:4,_RNvNtNtCsbv2TPaIhNiJ_4koan8builtins11branch_walk20resolve_arm_contract
FNDA:1,_RNvNtNtCsbv2TPaIhNiJ_4koan8builtins11branch_walk23find_branch_body_by_tag
FNDA:3,_RNvNtNtCsbv2TPaIhNiJ_4koan8builtins11branch_walk24find_branch_body_by_type
FNDA:4,_RNvNtNtCsbv2TPaIhNiJ_4koan8builtins11branch_walk8arm_tail
FNDA:15,_RNvNtNtCs9bl5tPvrGPp_4koan8builtins11branch_walk17resolve_head_type
FNDA:124,_RNvNtNtCs9bl5tPvrGPp_4koan8builtins11branch_walk20resolve_arm_contract
FNDA:19,_RNvNtNtCs9bl5tPvrGPp_4koan8builtins11branch_walk23find_branch_body_by_tag
FNDA:105,_RNvNtNtCs9bl5tPvrGPp_4koan8builtins11branch_walk24find_branch_body_by_type
FNDA:113,_RNvNtNtCs9bl5tPvrGPp_4koan8builtins11branch_walk8arm_tail
FNDA:98,_RNCNCNvNtNtCs9bl5tPvrGPp_4koan8builtins11branch_walk8arm_tail00B9_
FNDA:2,_RNCNvNtNtCs9bl5tPvrGPp_4koan8builtins11branch_walk24find_branch_body_by_type0B7_
FNDA:175,_RNCNvNtNtCs9bl5tPvrGPp_4koan8builtins11branch_walk24find_branch_body_by_types0_0B7_
FNDA:90,_RNCNvNtNtCs9bl5tPvrGPp_4koan8builtins11branch_walk24find_branch_body_by_types1_0B7_
FNDA:2,_RNCNvNtNtCs9bl5tPvrGPp_4koan8builtins11branch_walk24find_branch_body_by_types2_0B7_
FNDA:2,_RNCNvNtNtCs9bl5tPvrGPp_4koan8builtins11branch_walk24find_branch_body_by_types_0B7_
FNDA:113,_RNCNvNtNtCs9bl5tPvrGPp_4koan8builtins11branch_walk8arm_tail0B7_
FNF:12
FNH:12
DA:23,128
DA:24,128
DA:25,128
DA:26,128
DA:28,128
DA:29,0
DA:30,0
DA:31,0
DA:35,0
DA:36,0
DA:37,0
DA:38,0
DA:42,128
DA:44,0
DA:45,0
DA:46,0
DA:53,128
DA:54,128
DA:55,0
DA:57,128
DA:58,128
DA:60,128
DA:87,117
DA:88,117
DA:89,117
DA:90,117
DA:91,117
DA:92,117
DA:96,117
DA:102,117
DA:110,117
DA:111,17
DA:112,17
DA:113,17
DA:114,100
DA:115,100
DA:116,100
DA:117,100
DA:118,100
DA:119,100
DA:120,100
DA:121,100
DA:122,13
DA:123,87
DA:124,81
DA:125,6
DA:126,0
DA:129,100
DA:133,117
DA:134,117
DA:135,117
DA:136,117
DA:137,117
DA:138,117
DA:139,117
DA:141,117
DA:146,20
DA:147,20
DA:148,20
DA:149,20
DA:150,20
DA:151,20
DA:152,20
DA:153,0
DA:154,0
DA:155,0
DA:156,0
DA:157,20
DA:158,20
DA:159,20
DA:160,29
DA:161,24
DA:162,24
DA:163,24
DA:164,24
DA:166,20
DA:169,0
DA:170,0
DA:171,0
DA:173,0
DA:177,4
DA:178,0
DA:179,0
DA:180,0
DA:181,0
DA:182,0
DA:185,24
DA:186,24
DA:187,0
DA:188,0
DA:189,0
DA:190,0
DA:191,0
DA:194,24
DA:195,22
DA:196,2
DA:197,2
DA:198,2
DA:199,2
DA:200,2
DA:203,22
DA:204,13
DA:205,9
DA:206,9
DA:207,4
DA:208,5
DA:209,9
DA:211,5
DA:212,20
DA:241,15
DA:242,15
DA:243,15
DA:244,15
DA:245,15
DA:246,15
DA:247,13
DA:248,2
DA:249,2
DA:250,2
DA:251,2
DA:253,15
DA:270,108
DA:271,108
DA:272,108
DA:273,108
DA:274,108
DA:275,108
DA:276,108
DA:277,108
DA:278,0
DA:279,0
DA:280,0
DA:281,0
DA:282,108
DA:286,108
DA:288,84
DA:290,84
DA:291,84
DA:292,84
DA:293,6
DA:294,6
DA:295,6
DA:296,18
DA:315,108
DA:316,108
DA:318,108
DA:319,316
DA:320,210
DA:321,210
DA:322,210
DA:324,210
DA:325,210
DA:326,0
DA:327,0
DA:328,0
DA:329,0
DA:330,0
DA:333,210
DA:334,210
DA:335,0
DA:336,0
DA:337,0
DA:338,0
DA:339,0
DA:343,20
DA:346,20
DA:347,20
DA:348,10
DA:349,10
DA:350,10
DA:353,10
DA:357,190
DA:358,190
DA:359,190
DA:366,165
DA:367,164
DA:368,164
DA:369,164
DA:370,164
DA:371,164
DA:372,164
DA:373,164
DA:374,164
DA:375,164
DA:376,164
DA:377,164
DA:379,1
DA:380,0
DA:382,1
DA:383,1
DA:384,1
DA:385,2
DA:386,1
DA:387,1
DA:388,1
DA:389,1
DA:390,1
DA:391,1
DA:392,1
DA:395,0
DA:396,0
DA:397,0
DA:398,0
DA:399,0
DA:400,0
DA:406,11
DA:407,11
DA:408,6
DA:409,6
DA:410,6
DA:411,6
DA:412,6
DA:413,6
DA:416,14
DA:417,13
DA:418,13
DA:419,13
DA:420,13
DA:421,13
DA:422,13
DA:426,0
DA:427,0
DA:428,0
DA:429,0
DA:430,0
DA:433,208
DA:438,106
DA:439,1
DA:440,1
DA:441,2
DA:442,1
DA:443,1
DA:444,1
DA:445,1
DA:446,1
DA:447,1
DA:448,105
DA:449,105
DA:450,14
DA:451,14
DA:452,14
DA:453,14
DA:454,91
DA:461,91
DA:462,91
DA:463,177
DA:464,91
DA:465,91
DA:466,3
DA:467,88
DA:468,88
DA:469,88
DA:470,91
DA:471,88
DA:472,88
DA:473,88
DA:474,87
DA:475,87
DA:476,87
DA:477,87
DA:478,87
DA:479,87
DA:480,87
DA:481,87
DA:482,87
DA:485,1
DA:486,1
DA:487,2
DA:488,1
DA:489,1
DA:490,1
DA:491,1
DA:492,1
DA:493,1
DA:496,108
BRF:0
BRH:0
LF:281
LH:225
end_of_record
SF:/var/home/jack/Code/koan/src/builtins/catch.rs
FN:97,_RNCNCNvNtNtCsbv2TPaIhNiJ_4koan8builtins5catch4body00B9_
FN:122,_RNCNCNvNtNtCsbv2TPaIhNiJ_4koan8builtins5catch4body0s0_0B9_
FN:109,_RNCNCNvNtNtCsbv2TPaIhNiJ_4koan8builtins5catch4body0s_0B9_
FN:64,_RNCNvNtNtCsbv2TPaIhNiJ_4koan8builtins5catch4body0B7_
FN:67,_RNvNCNvNtNtCsbv2TPaIhNiJ_4koan8builtins5catch4body012build_result
FN:39,_RNvNtNtCsbv2TPaIhNiJ_4koan8builtins5catch4body
FN:16,_RNvNtNtCsbv2TPaIhNiJ_4koan8builtins5catch8register
FN:97,_RNCNCNvNtNtCs9bl5tPvrGPp_4koan8builtins5catch4body00B9_
FN:122,_RNCNCNvNtNtCs9bl5tPvrGPp_4koan8builtins5catch4body0s0_0B9_
FN:109,_RNCNCNvNtNtCs9bl5tPvrGPp_4koan8builtins5catch4body0s_0B9_
FN:64,_RNCNvNtNtCs9bl5tPvrGPp_4koan8builtins5catch4body0B7_
FN:67,_RNvNCNvNtNtCs9bl5tPvrGPp_4koan8builtins5catch4body012build_result
FN:39,_RNvNtNtCs9bl5tPvrGPp_4koan8builtins5catch4body
FN:16,_RNvNtNtCs9bl5tPvrGPp_4koan8builtins5catch8register
FNDA:0,_RNCNCNvNtNtCsbv2TPaIhNiJ_4koan8builtins5catch4body00B9_
FNDA:0,_RNCNCNvNtNtCsbv2TPaIhNiJ_4koan8builtins5catch4body0s0_0B9_
FNDA:0,_RNCNCNvNtNtCsbv2TPaIhNiJ_4koan8builtins5catch4body0s_0B9_
FNDA:0,_RNCNvNtNtCsbv2TPaIhNiJ_4koan8builtins5catch4body0B7_
FNDA:0,_RNvNCNvNtNtCsbv2TPaIhNiJ_4koan8builtins5catch4body012build_result
FNDA:0,_RNvNtNtCsbv2TPaIhNiJ_4koan8builtins5catch4body
FNDA:60,_RNvNtNtCsbv2TPaIhNiJ_4koan8builtins5catch8register
FNDA:3,_RNCNCNvNtNtCs9bl5tPvrGPp_4koan8builtins5catch4body00B9_
FNDA:5,_RNCNCNvNtNtCs9bl5tPvrGPp_4koan8builtins5catch4body0s0_0B9_
FNDA:5,_RNCNCNvNtNtCs9bl5tPvrGPp_4koan8builtins5catch4body0s_0B9_
FNDA:8,_RNCNvNtNtCs9bl5tPvrGPp_4koan8builtins5catch4body0B7_
FNDA:8,_RNvNCNvNtNtCs9bl5tPvrGPp_4koan8builtins5catch4body012build_result
FNDA:8,_RNvNtNtCs9bl5tPvrGPp_4koan8builtins5catch4body
FNDA:588,_RNvNtNtCs9bl5tPvrGPp_4koan8builtins5catch8register
FNF:7
FNH:7
DA:16,648
DA:22,648
DA:23,648
DA:24,0
DA:26,648
DA:27,648
DA:28,648
DA:29,648
DA:30,648
DA:31,648
DA:32,648
DA:34,648
DA:35,648
DA:39,8
DA:40,8
DA:41,8
DA:51,8
DA:54,8
DA:55,8
DA:56,0
DA:60,8
DA:61,8
DA:62,8
DA:63,8
DA:64,8
DA:67,8
DA:68,8
DA:69,8
DA:70,0
DA:72,8
DA:73,8
DA:74,8
DA:75,8
DA:76,8
DA:77,8
DA:78,8
DA:79,8
DA:84,8
DA:85,8
DA:86,8
DA:87,8
DA:88,8
DA:89,8
DA:90,8
DA:91,8
DA:94,3
DA:95,3
DA:96,3
DA:97,3
DA:98,3
DA:99,3
DA:100,3
DA:101,3
DA:102,3
DA:103,3
DA:104,3
DA:108,5
DA:109,5
DA:110,5
DA:111,5
DA:112,5
DA:113,5
DA:114,5
DA:115,5
DA:118,5
DA:119,5
DA:120,5
DA:121,5
DA:122,5
DA:123,5
DA:124,5
DA:125,5
DA:126,5
DA:127,5
DA:128,5
DA:129,5
DA:133,8
DA:134,8
DA:135,8
DA:136,8
DA:137,8
DA:138,8
DA:139,8
DA:140,8
DA:141,8
DA:142,8
BRF:0
BRH:0
LF:88
LH:85
end_of_record
SF:/var/home/jack/Code/koan/src/builtins/eval.rs
FN:15,_RNvNtNtCsbv2TPaIhNiJ_4koan8builtins4eval4body
FN:47,_RNvNtNtCsbv2TPaIhNiJ_4koan8builtins4eval8register
FN:60,_RNvNtNtNtCs9bl5tPvrGPp_4koan8builtins4eval5tests11run_program
FN:117,_RNvNtNtNtCs9bl5tPvrGPp_4koan8builtins4eval5testss_21recursive_eval_no_uaf
FN:69,_RNvNtNtNtCs9bl5tPvrGPp_4koan8builtins4eval5testss_22eval_of_quoted_literal
FN:103,_RNvNtNtNtCs9bl5tPvrGPp_4koan8builtins4eval5testss_34multiline_sigil_collapse_roundtrip
FN:109,_RNvNtNtNtCs9bl5tPvrGPp_4koan8builtins4eval5testss_35eval_returns_inner_expression_value
FN:97,_RNvNtNtNtCs9bl5tPvrGPp_4koan8builtins4eval5testss_37eval_runs_side_effects_in_quoted_body
FN:75,_RNvNtNtNtCs9bl5tPvrGPp_4koan8builtins4eval5testss_38eval_of_function_returning_kexpression
FN:84,_RNvNtNtNtCs9bl5tPvrGPp_4koan8builtins4eval5testss_49eval_of_non_kexpression_errors_with_type_mismatch
FN:15,_RNvNtNtCs9bl5tPvrGPp_4koan8builtins4eval4body
FN:47,_RNvNtNtCs9bl5tPvrGPp_4koan8builtins4eval8register
FNDA:0,_RNvNtNtCsbv2TPaIhNiJ_4koan8builtins4eval4body
FNDA:60,_RNvNtNtCsbv2TPaIhNiJ_4koan8builtins4eval8register
FNDA:6,_RNvNtNtNtCs9bl5tPvrGPp_4koan8builtins4eval5tests11run_program
FNDA:1,_RNvNtNtNtCs9bl5tPvrGPp_4koan8builtins4eval5testss_21recursive_eval_no_uaf
FNDA:1,_RNvNtNtNtCs9bl5tPvrGPp_4koan8builtins4eval5testss_22eval_of_quoted_literal
FNDA:1,_RNvNtNtNtCs9bl5tPvrGPp_4koan8builtins4eval5testss_34multiline_sigil_collapse_roundtrip
FNDA:1,_RNvNtNtNtCs9bl5tPvrGPp_4koan8builtins4eval5testss_35eval_returns_inner_expression_value
FNDA:1,_RNvNtNtNtCs9bl5tPvrGPp_4koan8builtins4eval5testss_37eval_runs_side_effects_in_quoted_body
FNDA:1,_RNvNtNtNtCs9bl5tPvrGPp_4koan8builtins4eval5testss_38eval_of_function_returning_kexpression
FNDA:1,_RNvNtNtNtCs9bl5tPvrGPp_4koan8builtins4eval5testss_49eval_of_non_kexpression_errors_with_type_mismatch
FNDA:9,_RNvNtNtCs9bl5tPvrGPp_4koan8builtins4eval4body
FNDA:588,_RNvNtNtCs9bl5tPvrGPp_4koan8builtins4eval8register
FNF:10
FNH:10
DA:15,9
DA:16,9
DA:17,9
DA:22,9
DA:23,8
DA:24,1
DA:25,1
DA:26,1
DA:27,1
DA:28,1
DA:29,1
DA:31,0
DA:37,8
DA:38,8
DA:39,8
DA:40,8
DA:41,8
DA:42,8
DA:43,8
DA:45,9
DA:47,648
DA:48,648
DA:49,648
DA:50,648
DA:60,6
DA:61,6
DA:62,6
DA:63,6
DA:64,6
DA:65,6
DA:66,6
DA:69,1
DA:70,1
DA:71,1
DA:72,1
DA:75,1
DA:76,1
DA:77,1
DA:78,1
DA:80,1
DA:81,1
DA:84,1
DA:85,1
DA:86,1
DA:87,1
DA:88,1
DA:89,1
DA:90,1
DA:91,1
DA:94,1
DA:97,1
DA:98,1
DA:99,1
DA:100,1
DA:103,1
DA:104,1
DA:105,1
DA:106,1
DA:109,1
DA:112,1
DA:113,1
DA:114,1
DA:117,1
DA:121,1
DA:122,1
DA:123,1
DA:124,1
DA:125,1
DA:126,1
DA:127,1
DA:129,1
DA:130,1
BRF:0
BRH:0
LF:72
LH:71
end_of_record
SF:/var/home/jack/Code/koan/src/builtins/fn_def.rs
FN:62,_RNvNtNtCsbv2TPaIhNiJ_4koan8builtins6fn_def13build_fn_like
FN:142,_RNvNtNtCsbv2TPaIhNiJ_4koan8builtins6fn_def18body_record_schema
FN:23,_RNvNtNtCsbv2TPaIhNiJ_4koan8builtins6fn_def19collect_param_types
FN:127,_RNvNtNtCsbv2TPaIhNiJ_4koan8builtins6fn_def4body
FN:205,_RNvNtNtCsbv2TPaIhNiJ_4koan8builtins6fn_def8register
FN:165,_RNCNvNtNtCsbv2TPaIhNiJ_4koan8builtins6fn_def18body_record_schema0B7_
FN:228,_RNCNvNtNtCsbv2TPaIhNiJ_4koan8builtins6fn_def8register0B7_
FN:262,_RNCNvNtNtCsbv2TPaIhNiJ_4koan8builtins6fn_def8registers0_0B7_
FN:245,_RNCNvNtNtCsbv2TPaIhNiJ_4koan8builtins6fn_def8registers_0B7_
FN:165,_RNCNvNtNtCs9bl5tPvrGPp_4koan8builtins6fn_def18body_record_schema0B7_
FN:228,_RNCNvNtNtCs9bl5tPvrGPp_4koan8builtins6fn_def8register0B7_
FN:262,_RNCNvNtNtCs9bl5tPvrGPp_4koan8builtins6fn_def8registers0_0B7_
FN:245,_RNCNvNtNtCs9bl5tPvrGPp_4koan8builtins6fn_def8registers_0B7_
FN:62,_RNvNtNtCs9bl5tPvrGPp_4koan8builtins6fn_def13build_fn_like
FN:142,_RNvNtNtCs9bl5tPvrGPp_4koan8builtins6fn_def18body_record_schema
FN:23,_RNvNtNtCs9bl5tPvrGPp_4koan8builtins6fn_def19collect_param_types
FN:127,_RNvNtNtCs9bl5tPvrGPp_4koan8builtins6fn_def4body
FN:205,_RNvNtNtCs9bl5tPvrGPp_4koan8builtins6fn_def8register
FNDA:36,_RNvNtNtCsbv2TPaIhNiJ_4koan8builtins6fn_def13build_fn_like
FNDA:0,_RNvNtNtCsbv2TPaIhNiJ_4koan8builtins6fn_def18body_record_schema
FNDA:7,_RNvNtNtCsbv2TPaIhNiJ_4koan8builtins6fn_def19collect_param_types
FNDA:29,_RNvNtNtCsbv2TPaIhNiJ_4koan8builtins6fn_def4body
FNDA:60,_RNvNtNtCsbv2TPaIhNiJ_4koan8builtins6fn_def8register
FNDA:0,_RNCNvNtNtCsbv2TPaIhNiJ_4koan8builtins6fn_def18body_record_schema0B7_
FNDA:60,_RNCNvNtNtCsbv2TPaIhNiJ_4koan8builtins6fn_def8register0B7_
FNDA:60,_RNCNvNtNtCsbv2TPaIhNiJ_4koan8builtins6fn_def8registers0_0B7_
FNDA:60,_RNCNvNtNtCsbv2TPaIhNiJ_4koan8builtins6fn_def8registers_0B7_
FNDA:9,_RNCNvNtNtCs9bl5tPvrGPp_4koan8builtins6fn_def18body_record_schema0B7_
FNDA:588,_RNCNvNtNtCs9bl5tPvrGPp_4koan8builtins6fn_def8register0B7_
FNDA:588,_RNCNvNtNtCs9bl5tPvrGPp_4koan8builtins6fn_def8registers0_0B7_
FNDA:588,_RNCNvNtNtCs9bl5tPvrGPp_4koan8builtins6fn_def8registers_0B7_
FNDA:283,_RNvNtNtCs9bl5tPvrGPp_4koan8builtins6fn_def13build_fn_like
FNDA:10,_RNvNtNtCs9bl5tPvrGPp_4koan8builtins6fn_def18body_record_schema
FNDA:18,_RNvNtNtCs9bl5tPvrGPp_4koan8builtins6fn_def19collect_param_types
FNDA:265,_RNvNtNtCs9bl5tPvrGPp_4koan8builtins6fn_def4body
FNDA:588,_RNvNtNtCs9bl5tPvrGPp_4koan8builtins6fn_def8register
FNF:9
FNH:9
DA:23,25
DA:24,25
DA:25,25
DA:26,25
DA:28,25
DA:29,25
DA:30,25
DA:31,25
DA:32,75
DA:33,50
DA:34,7
DA:35,18
DA:36,25
DA:38,50
DA:39,25
DA:40,25
DA:41,25
DA:42,25
DA:43,25
DA:44,0
DA:45,0
DA:46,25
DA:47,25
DA:48,25
DA:49,25
DA:51,25
DA:52,25
DA:62,319
DA:63,319
DA:64,319
DA:65,319
DA:66,319
DA:71,319
DA:72,319
DA:73,319
DA:74,319
DA:75,319
DA:76,25
DA:77,294
DA:79,319
DA:80,319
DA:81,319
DA:82,319
DA:83,319
DA:84,319
DA:85,319
DA:86,319
DA:87,316
DA:88,2
DA:89,314
DA:90,314
DA:91,233
DA:92,4
DA:93,4
DA:96,77
DA:97,77
DA:98,77
DA:99,77
DA:100,77
DA:101,77
DA:103,310
DA:104,310
DA:106,203
DA:107,203
DA:108,203
DA:109,203
DA:110,203
DA:111,203
DA:112,203
DA:113,203
DA:114,203
DA:116,107
DA:118,319
DA:127,294
DA:128,294
DA:129,294
DA:130,294
DA:131,294
DA:142,10
DA:143,10
DA:144,10
DA:149,10
DA:150,9
DA:151,1
DA:152,1
DA:153,1
DA:154,1
DA:155,1
DA:158,0
DA:159,0
DA:160,0
DA:163,9
DA:164,9
DA:165,9
DA:166,9
DA:167,9
DA:168,9
DA:169,9
DA:170,9
DA:171,9
DA:172,9
DA:173,9
DA:174,9
DA:175,9
DA:176,9
DA:177,9
DA:178,9
DA:179,9
DA:180,9
DA:181,9
DA:182,9
DA:183,9
DA:184,9
DA:185,9
DA:186,9
DA:187,9
DA:188,9
DA:189,9
DA:190,9
DA:192,0
DA:193,0
DA:194,0
DA:195,0
DA:196,0
DA:197,0
DA:198,0
DA:199,0
DA:203,10
DA:205,648
DA:228,648
DA:229,648
DA:230,648
DA:231,648
DA:232,648
DA:233,648
DA:234,648
DA:235,648
DA:236,648
DA:237,648
DA:240,648
DA:245,648
DA:246,648
DA:247,648
DA:248,648
DA:249,648
DA:250,648
DA:251,648
DA:252,648
DA:253,648
DA:254,648
DA:257,648
DA:262,648
DA:263,648
DA:264,648
DA:265,648
DA:266,648
DA:267,648
DA:268,648
DA:269,648
DA:270,648
DA:271,648
DA:274,648
DA:276,648
DA:277,648
DA:278,648
DA:279,648
DA:280,648
DA:281,648
DA:282,648
DA:285,648
DA:286,648
DA:287,648
DA:288,648
DA:289,648
DA:290,648
DA:291,648
DA:294,648
DA:295,648
DA:296,648
DA:297,648
DA:298,648
DA:299,648
DA:300,648
DA:303,648
BRF:0
BRH:0
LF:188
LH:175
end_of_record
SF:/var/home/jack/Code/koan/src/builtins/fn_def/finalize.rs
FN:193,_RNvNtNtNtCsbv2TPaIhNiJ_4koan8builtins6fn_def8finalize21finalize_fn_with_kind
FN:283,_RNvNtNtNtCsbv2TPaIhNiJ_4koan8builtins6fn_def8finalize5defer
FN:89,_RNvNtNtNtCsbv2TPaIhNiJ_4koan8builtins6fn_def8finalize8classify
FN:268,_RNvNtNtNtCsbv2TPaIhNiJ_4koan8builtins6fn_def8finalize9fn_action
FN:219,_RNCNvNtNtNtCsbv2TPaIhNiJ_4koan8builtins6fn_def8finalize21finalize_fn_with_kind0B9_
FN:325,_RNCNvNtNtNtCsbv2TPaIhNiJ_4koan8builtins6fn_def8finalize5defer0B9_
FN:193,_RNvNtNtNtCs9bl5tPvrGPp_4koan8builtins6fn_def8finalize21finalize_fn_with_kind
FN:283,_RNvNtNtNtCs9bl5tPvrGPp_4koan8builtins6fn_def8finalize5defer
FN:89,_RNvNtNtNtCs9bl5tPvrGPp_4koan8builtins6fn_def8finalize8classify
FN:268,_RNvNtNtNtCs9bl5tPvrGPp_4koan8builtins6fn_def8finalize9fn_action
FN:219,_RNCNvNtNtNtCs9bl5tPvrGPp_4koan8builtins6fn_def8finalize21finalize_fn_with_kind0B9_
FN:325,_RNCNvNtNtNtCs9bl5tPvrGPp_4koan8builtins6fn_def8finalize5defer0B9_
FNDA:36,_RNvNtNtNtCsbv2TPaIhNiJ_4koan8builtins6fn_def8finalize21finalize_fn_with_kind
FNDA:13,_RNvNtNtNtCsbv2TPaIhNiJ_4koan8builtins6fn_def8finalize5defer
FNDA:36,_RNvNtNtNtCsbv2TPaIhNiJ_4koan8builtins6fn_def8finalize8classify
FNDA:36,_RNvNtNtNtCsbv2TPaIhNiJ_4koan8builtins6fn_def8finalize9fn_action
FNDA:36,_RNCNvNtNtNtCsbv2TPaIhNiJ_4koan8builtins6fn_def8finalize21finalize_fn_with_kind0B9_
FNDA:13,_RNCNvNtNtNtCsbv2TPaIhNiJ_4koan8builtins6fn_def8finalize5defer0B9_
FNDA:281,_RNvNtNtNtCs9bl5tPvrGPp_4koan8builtins6fn_def8finalize21finalize_fn_with_kind
FNDA:94,_RNvNtNtNtCs9bl5tPvrGPp_4koan8builtins6fn_def8finalize5defer
FNDA:283,_RNvNtNtNtCs9bl5tPvrGPp_4koan8builtins6fn_def8finalize8classify
FNDA:281,_RNvNtNtNtCs9bl5tPvrGPp_4koan8builtins6fn_def8finalize9fn_action
FNDA:286,_RNCNvNtNtNtCs9bl5tPvrGPp_4koan8builtins6fn_def8finalize21finalize_fn_with_kind0B9_
FNDA:94,_RNCNvNtNtNtCs9bl5tPvrGPp_4koan8builtins6fn_def8finalize5defer0B9_
FNF:6
FNH:6
DA:89,319
DA:90,319
DA:91,194
DA:92,194
DA:93,194
DA:94,194
DA:95,18
DA:96,18
DA:97,18
DA:98,18
DA:99,30
DA:101,30
DA:102,30
DA:103,30
DA:104,30
DA:105,30
DA:106,30
DA:107,30
DA:110,69
DA:112,69
DA:113,69
DA:115,69
DA:116,69
DA:117,69
DA:118,69
DA:119,69
DA:120,69
DA:121,69
DA:123,0
DA:125,0
DA:126,0
DA:128,0
DA:129,0
DA:130,0
DA:131,0
DA:132,0
DA:133,0
DA:134,0
DA:135,0
DA:136,0
DA:138,8
DA:140,8
DA:141,8
DA:146,8
DA:147,8
DA:148,8
DA:149,8
DA:150,8
DA:151,8
DA:152,8
DA:154,0
DA:157,0
DA:158,0
DA:159,0
DA:160,0
DA:161,0
DA:162,0
DA:163,0
DA:167,0
DA:168,0
DA:171,0
DA:172,0
DA:175,0
DA:176,0
DA:177,0
DA:178,0
DA:179,0
DA:180,0
DA:181,0
DA:182,0
DA:185,319
DA:193,317
DA:194,317
DA:195,317
DA:196,317
DA:197,317
DA:198,317
DA:199,317
DA:200,317
DA:201,317
DA:204,317
DA:205,23
DA:206,21
DA:207,1
DA:208,1
DA:209,1
DA:210,1
DA:211,1
DA:212,20
DA:213,2
DA:214,294
DA:219,322
DA:220,306
DA:221,16
DA:222,322
DA:224,316
DA:225,316
DA:226,316
DA:227,316
DA:229,316
DA:230,316
DA:231,316
DA:232,316
DA:233,316
DA:234,316
DA:235,316
DA:236,316
DA:237,316
DA:242,316
DA:243,316
DA:244,316
DA:245,316
DA:246,307
DA:247,306
DA:249,1
DA:250,1
DA:251,1
DA:252,1
DA:255,306
DA:256,9
DA:263,313
DA:264,317
DA:268,317
DA:269,317
DA:270,317
DA:271,317
DA:272,313
DA:273,4
DA:275,317
DA:283,107
DA:284,107
DA:285,107
DA:286,107
DA:287,107
DA:288,107
DA:289,107
DA:294,107
DA:295,107
DA:296,107
DA:297,107
DA:298,107
DA:299,107
DA:303,107
DA:304,107
DA:305,107
DA:306,107
DA:307,107
DA:308,107
DA:309,107
DA:310,38
DA:311,38
DA:312,38
DA:313,38
DA:314,38
DA:315,69
DA:316,107
DA:317,107
DA:318,76
DA:319,76
DA:320,76
DA:321,76
DA:322,76
DA:323,76
DA:324,76
DA:325,107
DA:326,107
DA:327,107
DA:328,76
DA:329,76
DA:330,1
DA:331,1
DA:332,1
DA:333,1
DA:334,1
DA:335,75
DA:342,75
DA:343,75
DA:344,75
DA:346,106
DA:347,105
DA:348,106
DA:349,105
DA:350,0
DA:352,105
DA:353,105
DA:354,105
DA:355,0
DA:356,0
DA:359,0
DA:360,0
DA:361,0
DA:362,0
DA:367,105
DA:368,105
DA:369,105
DA:370,105
DA:371,105
DA:372,105
DA:373,105
DA:375,107
DA:376,107
DA:377,107
BRF:0
BRH:0
LF:204
LH:165
end_of_record
SF:/var/home/jack/Code/koan/src/builtins/fn_def/param_refs.rs
FN:23,_RNCNvNtNtNtCsbv2TPaIhNiJ_4koan8builtins6fn_def10param_refs19part_references_any0B9_
FN:32,_RNCNvNtNtNtCsbv2TPaIhNiJ_4koan8builtins6fn_def10param_refs19part_references_anys0_0B9_
FN:39,_RNCNvNtNtNtCsbv2TPaIhNiJ_4koan8builtins6fn_def10param_refs19part_references_anys1_0B9_
FN:30,_RNCNvNtNtNtCsbv2TPaIhNiJ_4koan8builtins6fn_def10param_refs19part_references_anys_0B9_
FN:12,_RNCNvNtNtNtCsbv2TPaIhNiJ_4koan8builtins6fn_def10param_refs24type_expr_references_any0B9_
FN:18,_RNCNvNtNtNtCsbv2TPaIhNiJ_4koan8builtins6fn_def10param_refs26kexpression_references_any0B9_
FN:21,_RNvNtNtNtCsbv2TPaIhNiJ_4koan8builtins6fn_def10param_refs19part_references_any
FN:11,_RNvNtNtNtCsbv2TPaIhNiJ_4koan8builtins6fn_def10param_refs24type_expr_references_any
FN:15,_RNvNtNtNtCsbv2TPaIhNiJ_4koan8builtins6fn_def10param_refs26kexpression_references_any
FN:23,_RNCNvNtNtNtCs9bl5tPvrGPp_4koan8builtins6fn_def10param_refs19part_references_any0B9_
FN:32,_RNCNvNtNtNtCs9bl5tPvrGPp_4koan8builtins6fn_def10param_refs19part_references_anys0_0B9_
FN:39,_RNCNvNtNtNtCs9bl5tPvrGPp_4koan8builtins6fn_def10param_refs19part_references_anys1_0B9_
FN:30,_RNCNvNtNtNtCs9bl5tPvrGPp_4koan8builtins6fn_def10param_refs19part_references_anys_0B9_
FN:12,_RNCNvNtNtNtCs9bl5tPvrGPp_4koan8builtins6fn_def10param_refs24type_expr_references_any0B9_
FN:18,_RNCNvNtNtNtCs9bl5tPvrGPp_4koan8builtins6fn_def10param_refs26kexpression_references_any0B9_
FN:21,_RNvNtNtNtCs9bl5tPvrGPp_4koan8builtins6fn_def10param_refs19part_references_any
FN:11,_RNvNtNtNtCs9bl5tPvrGPp_4koan8builtins6fn_def10param_refs24type_expr_references_any
FN:15,_RNvNtNtNtCs9bl5tPvrGPp_4koan8builtins6fn_def10param_refs26kexpression_references_any
FNDA:0,_RNCNvNtNtNtCsbv2TPaIhNiJ_4koan8builtins6fn_def10param_refs19part_references_any0B9_
FNDA:0,_RNCNvNtNtNtCsbv2TPaIhNiJ_4koan8builtins6fn_def10param_refs19part_references_anys0_0B9_
FNDA:0,_RNCNvNtNtNtCsbv2TPaIhNiJ_4koan8builtins6fn_def10param_refs19part_references_anys1_0B9_
FNDA:0,_RNCNvNtNtNtCsbv2TPaIhNiJ_4koan8builtins6fn_def10param_refs19part_references_anys_0B9_
FNDA:12,_RNCNvNtNtNtCsbv2TPaIhNiJ_4koan8builtins6fn_def10param_refs24type_expr_references_any0B9_
FNDA:18,_RNCNvNtNtNtCsbv2TPaIhNiJ_4koan8builtins6fn_def10param_refs26kexpression_references_any0B9_
FNDA:18,_RNvNtNtNtCsbv2TPaIhNiJ_4koan8builtins6fn_def10param_refs19part_references_any
FNDA:12,_RNvNtNtNtCsbv2TPaIhNiJ_4koan8builtins6fn_def10param_refs24type_expr_references_any
FNDA:6,_RNvNtNtNtCsbv2TPaIhNiJ_4koan8builtins6fn_def10param_refs26kexpression_references_any
FNDA:8,_RNCNvNtNtNtCs9bl5tPvrGPp_4koan8builtins6fn_def10param_refs19part_references_any0B9_
FNDA:1,_RNCNvNtNtNtCs9bl5tPvrGPp_4koan8builtins6fn_def10param_refs19part_references_anys0_0B9_
FNDA:6,_RNCNvNtNtNtCs9bl5tPvrGPp_4koan8builtins6fn_def10param_refs19part_references_anys1_0B9_
FNDA:1,_RNCNvNtNtNtCs9bl5tPvrGPp_4koan8builtins6fn_def10param_refs19part_references_anys_0B9_
FNDA:57,_RNCNvNtNtNtCs9bl5tPvrGPp_4koan8builtins6fn_def10param_refs24type_expr_references_any0B9_
FNDA:146,_RNCNvNtNtNtCs9bl5tPvrGPp_4koan8builtins6fn_def10param_refs26kexpression_references_any0B9_
FNDA:155,_RNvNtNtNtCs9bl5tPvrGPp_4koan8builtins6fn_def10param_refs19part_references_any
FNDA:73,_RNvNtNtNtCs9bl5tPvrGPp_4koan8builtins6fn_def10param_refs24type_expr_references_any
FNDA:55,_RNvNtNtNtCs9bl5tPvrGPp_4koan8builtins6fn_def10param_refs26kexpression_references_any
FNF:9
FNH:9
DA:11,85
DA:12,85
DA:13,85
DA:15,61
DA:16,61
DA:17,61
DA:18,164
DA:19,61
DA:21,173
DA:22,173
DA:23,10
DA:24,70
DA:25,9
DA:26,1
DA:28,0
DA:29,1
DA:30,1
DA:32,1
DA:33,1
DA:34,1
DA:37,5
DA:38,5
DA:39,6
DA:40,76
DA:42,173
BRF:0
BRH:0
LF:31
LH:30
end_of_record
SF:/var/home/jack/Code/koan/src/builtins/fn_def/return_type.rs
FN:215,_RNvNtNtNtCsbv2TPaIhNiJ_4koan8builtins6fn_def11return_type12make_capture
FN:91,_RNvNtNtNtCsbv2TPaIhNiJ_4koan8builtins6fn_def11return_type20classify_return_type
FN:150,_RNvNtNtNtCsbv2TPaIhNiJ_4koan8builtins6fn_def11return_type20verdict_for_resolved
FN:58,_RNvNtNtNtCsbv2TPaIhNiJ_4koan8builtins6fn_def11return_type23extract_return_type_raw
FN:222,_RNvNtNtNtCsbv2TPaIhNiJ_4koan8builtins6fn_def11return_type25resolve_capture_at_finish
FN:165,_RNvNtNtNtCsbv2TPaIhNiJ_4koan8builtins6fn_def11return_type30verdict_for_deferred_type_expr
FN:190,_RNvNtNtNtCsbv2TPaIhNiJ_4koan8builtins6fn_def11return_type31verdict_for_deferred_expression
FN:231,_RNCNvNtNtNtCsbv2TPaIhNiJ_4koan8builtins6fn_def11return_type25resolve_capture_at_finish0B9_
FN:191,_RNCNvNtNtNtCsbv2TPaIhNiJ_4koan8builtins6fn_def11return_type31verdict_for_deferred_expression0B9_
FN:231,_RNCNvNtNtNtCs9bl5tPvrGPp_4koan8builtins6fn_def11return_type25resolve_capture_at_finish0B9_
FN:191,_RNCNvNtNtNtCs9bl5tPvrGPp_4koan8builtins6fn_def11return_type31verdict_for_deferred_expression0B9_
FN:215,_RNvNtNtNtCs9bl5tPvrGPp_4koan8builtins6fn_def11return_type12make_capture
FN:91,_RNvNtNtNtCs9bl5tPvrGPp_4koan8builtins6fn_def11return_type20classify_return_type
FN:150,_RNvNtNtNtCs9bl5tPvrGPp_4koan8builtins6fn_def11return_type20verdict_for_resolved
FN:58,_RNvNtNtNtCs9bl5tPvrGPp_4koan8builtins6fn_def11return_type23extract_return_type_raw
FN:222,_RNvNtNtNtCs9bl5tPvrGPp_4koan8builtins6fn_def11return_type25resolve_capture_at_finish
FN:165,_RNvNtNtNtCs9bl5tPvrGPp_4koan8builtins6fn_def11return_type30verdict_for_deferred_type_expr
FN:190,_RNvNtNtNtCs9bl5tPvrGPp_4koan8builtins6fn_def11return_type31verdict_for_deferred_expression
FNDA:0,_RNvNtNtNtCsbv2TPaIhNiJ_4koan8builtins6fn_def11return_type12make_capture
FNDA:36,_RNvNtNtNtCsbv2TPaIhNiJ_4koan8builtins6fn_def11return_type20classify_return_type
FNDA:31,_RNvNtNtNtCsbv2TPaIhNiJ_4koan8builtins6fn_def11return_type20verdict_for_resolved
FNDA:36,_RNvNtNtNtCsbv2TPaIhNiJ_4koan8builtins6fn_def11return_type23extract_return_type_raw
FNDA:13,_RNvNtNtNtCsbv2TPaIhNiJ_4koan8builtins6fn_def11return_type25resolve_capture_at_finish
FNDA:0,_RNvNtNtNtCsbv2TPaIhNiJ_4koan8builtins6fn_def11return_type30verdict_for_deferred_type_expr
FNDA:0,_RNvNtNtNtCsbv2TPaIhNiJ_4koan8builtins6fn_def11return_type31verdict_for_deferred_expression
FNDA:0,_RNCNvNtNtNtCsbv2TPaIhNiJ_4koan8builtins6fn_def11return_type25resolve_capture_at_finish0B9_
FNDA:0,_RNCNvNtNtNtCsbv2TPaIhNiJ_4koan8builtins6fn_def11return_type31verdict_for_deferred_expression0B9_
FNDA:0,_RNCNvNtNtNtCs9bl5tPvrGPp_4koan8builtins6fn_def11return_type25resolve_capture_at_finish0B9_
FNDA:1,_RNCNvNtNtNtCs9bl5tPvrGPp_4koan8builtins6fn_def11return_type31verdict_for_deferred_expression0B9_
FNDA:0,_RNvNtNtNtCs9bl5tPvrGPp_4koan8builtins6fn_def11return_type12make_capture
FNDA:292,_RNvNtNtNtCs9bl5tPvrGPp_4koan8builtins6fn_def11return_type20classify_return_type
FNDA:237,_RNvNtNtNtCs9bl5tPvrGPp_4koan8builtins6fn_def11return_type20verdict_for_resolved
FNDA:292,_RNvNtNtNtCs9bl5tPvrGPp_4koan8builtins6fn_def11return_type23extract_return_type_raw
FNDA:93,_RNvNtNtNtCs9bl5tPvrGPp_4koan8builtins6fn_def11return_type25resolve_capture_at_finish
FNDA:2,_RNvNtNtNtCs9bl5tPvrGPp_4koan8builtins6fn_def11return_type30verdict_for_deferred_type_expr
FNDA:1,_RNvNtNtNtCs9bl5tPvrGPp_4koan8builtins6fn_def11return_type31verdict_for_deferred_expression
FNF:9
FNH:7
DA:58,328
DA:60,328
DA:61,277
DA:62,15
DA:63,262
DA:65,51
DA:66,51
DA:68,0
DA:69,0
DA:70,0
DA:71,0
DA:73,328
DA:91,328
DA:92,328
DA:93,328
DA:94,328
DA:95,328
DA:96,328
DA:97,328
DA:98,328
DA:99,262
DA:100,262
DA:101,262
DA:103,15
DA:104,15
DA:105,6
DA:106,2
DA:107,4
DA:109,6
DA:110,9
DA:113,9
DA:114,6
DA:115,0
DA:118,3
DA:119,3
DA:122,6
DA:123,6
DA:124,6
DA:126,0
DA:128,6
DA:130,51
DA:131,51
DA:132,13
DA:133,1
DA:134,12
DA:136,13
DA:137,13
DA:138,13
DA:139,13
DA:141,38
DA:142,38
DA:143,38
DA:144,38
DA:148,328
DA:150,268
DA:151,268
DA:152,267
DA:154,1
DA:155,1
DA:156,1
DA:157,1
DA:159,268
DA:165,2
DA:166,2
DA:167,2
DA:168,2
DA:171,2
DA:172,2
DA:173,2
DA:175,0
DA:176,0
DA:177,0
DA:178,0
DA:179,0
DA:180,0
DA:183,0
DA:185,2
DA:190,1
DA:191,1
DA:192,1
DA:193,0
DA:194,1
DA:195,1
DA:196,1
DA:197,1
DA:198,1
DA:199,1
DA:200,1
DA:201,1
DA:202,1
DA:203,0
DA:204,0
DA:205,0
DA:206,0
DA:207,0
DA:208,0
DA:209,0
DA:210,0
DA:211,0
DA:213,1
DA:215,0
DA:216,0
DA:217,0
DA:222,106
DA:223,106
DA:224,106
DA:225,106
DA:226,106
DA:227,106
DA:228,68
DA:229,0
DA:230,0
DA:231,0
DA:232,0
DA:233,0
DA:234,0
DA:236,0
DA:237,38
DA:238,38
DA:246,37
DA:247,37
DA:250,106
BRF:0
BRH:0
LF:124
LH:90
end_of_record
SF:/var/home/jack/Code/koan/src/builtins/fn_def/signature.rs
FN:209,_RNCNvNtNtNtCsbv2TPaIhNiJ_4koan8builtins6fn_def9signature13binder_bucket0B9_
FN:227,_RNCNvNtNtNtCsbv2TPaIhNiJ_4koan8builtins6fn_def9signature13binder_buckets_0B9_
FN:194,_RNvNtNtNtCsbv2TPaIhNiJ_4koan8builtins6fn_def9signature13binder_bucket
FN:62,_RNvNtNtNtCsbv2TPaIhNiJ_4koan8builtins6fn_def9signature19parse_fn_param_list
FN:252,_RNvNtNtNtCsbv2TPaIhNiJ_4koan8builtins6fn_def9signature19signature_expr_part
FN:12,_RNvNtNtNtCsbv2TPaIhNiJ_4koan8builtins6fn_def9signature34collect_param_names_from_signature
FN:209,_RNCNvNtNtNtCs9bl5tPvrGPp_4koan8builtins6fn_def9signature13binder_bucket0B9_
FN:227,_RNCNvNtNtNtCs9bl5tPvrGPp_4koan8builtins6fn_def9signature13binder_buckets_0B9_
FN:194,_RNvNtNtNtCs9bl5tPvrGPp_4koan8builtins6fn_def9signature13binder_bucket
FN:62,_RNvNtNtNtCs9bl5tPvrGPp_4koan8builtins6fn_def9signature19parse_fn_param_list
FN:252,_RNvNtNtNtCs9bl5tPvrGPp_4koan8builtins6fn_def9signature19signature_expr_part
FN:12,_RNvNtNtNtCs9bl5tPvrGPp_4koan8builtins6fn_def9signature34collect_param_names_from_signature
FNDA:66,_RNCNvNtNtNtCsbv2TPaIhNiJ_4koan8builtins6fn_def9signature13binder_bucket0B9_
FNDA:10,_RNCNvNtNtNtCsbv2TPaIhNiJ_4koan8builtins6fn_def9signature13binder_buckets_0B9_
FNDA:72,_RNvNtNtNtCsbv2TPaIhNiJ_4koan8builtins6fn_def9signature13binder_bucket
FNDA:49,_RNvNtNtNtCsbv2TPaIhNiJ_4koan8builtins6fn_def9signature19parse_fn_param_list
FNDA:72,_RNvNtNtNtCsbv2TPaIhNiJ_4koan8builtins6fn_def9signature19signature_expr_part
FNDA:36,_RNvNtNtNtCsbv2TPaIhNiJ_4koan8builtins6fn_def9signature34collect_param_names_from_signature
FNDA:369,_RNCNvNtNtNtCs9bl5tPvrGPp_4koan8builtins6fn_def9signature13binder_bucket0B9_
FNDA:62,_RNCNvNtNtNtCs9bl5tPvrGPp_4koan8builtins6fn_def9signature13binder_buckets_0B9_
FNDA:579,_RNvNtNtNtCs9bl5tPvrGPp_4koan8builtins6fn_def9signature13binder_bucket
FNDA:370,_RNvNtNtNtCs9bl5tPvrGPp_4koan8builtins6fn_def9signature19parse_fn_param_list
FNDA:579,_RNvNtNtNtCs9bl5tPvrGPp_4koan8builtins6fn_def9signature19signature_expr_part
FNDA:283,_RNvNtNtNtCs9bl5tPvrGPp_4koan8builtins6fn_def9signature34collect_param_names_from_signature
FNF:6
FNH:6
DA:12,319
DA:13,319
DA:14,319
DA:15,319
DA:16,898
DA:17,579
DA:18,222
DA:19,36
DA:20,321
DA:22,579
DA:23,258
DA:24,258
DA:25,256
DA:32,258
DA:33,256
DA:34,256
DA:35,256
DA:36,2
DA:37,321
DA:38,323
DA:40,319
DA:41,319
DA:62,419
DA:63,419
DA:64,419
DA:65,419
DA:66,419
DA:67,419
DA:68,419
DA:69,419
DA:70,419
DA:71,419
DA:72,1185
DA:75,768
DA:76,310
DA:77,37
DA:78,421
DA:80,768
DA:81,421
DA:82,421
DA:83,421
DA:84,421
DA:85,347
DA:86,347
DA:87,345
DA:88,194
DA:89,194
DA:90,191
DA:91,191
DA:92,191
DA:93,191
DA:94,191
DA:95,191
DA:96,1
DA:97,1
DA:98,1
DA:99,2
DA:100,2
DA:101,2
DA:102,2
DA:103,0
DA:105,194
DA:107,1
DA:108,1
DA:109,1
DA:110,1
DA:111,63
DA:112,63
DA:113,63
DA:114,63
DA:115,63
DA:116,63
DA:117,63
DA:118,63
DA:119,63
DA:120,63
DA:121,12
DA:122,12
DA:123,12
DA:124,12
DA:125,12
DA:126,12
DA:127,12
DA:128,12
DA:129,12
DA:130,75
DA:134,75
DA:135,75
DA:136,75
DA:137,75
DA:138,75
DA:139,75
DA:140,75
DA:141,75
DA:142,0
DA:143,0
DA:144,0
DA:145,0
DA:146,0
DA:147,0
DA:148,0
DA:153,2
DA:154,2
DA:155,2
DA:156,2
DA:160,0
DA:161,0
DA:162,0
DA:163,0
DA:164,0
DA:166,0
DA:167,0
DA:168,0
DA:169,0
DA:170,0
DA:174,417
DA:175,2
DA:176,415
DA:177,415
DA:178,77
DA:179,77
DA:180,77
DA:181,77
DA:182,338
DA:183,338
DA:184,419
DA:194,651
DA:195,651
DA:196,651
DA:198,651
DA:199,631
DA:200,631
DA:201,631
DA:202,1777
DA:203,1146
DA:204,635
DA:205,635
DA:206,635
DA:207,635
DA:209,439
DA:210,0
DA:211,435
DA:218,435
DA:219,439
DA:220,435
DA:221,435
DA:222,435
DA:223,4
DA:224,4
DA:227,72
DA:228,0
DA:229,72
DA:236,72
DA:237,72
DA:238,72
DA:239,72
DA:240,72
DA:241,0
DA:242,0
DA:244,0
DA:245,0
DA:246,0
DA:249,631
DA:250,651
DA:252,651
DA:253,651
DA:254,651
DA:255,631
DA:256,20
DA:258,651
BRF:0
BRH:0
LF:172
LH:147
end_of_record
SF:/var/home/jack/Code/koan/src/builtins/functor_def.rs
FN:23,_RNvNtNtCsbv2TPaIhNiJ_4koan8builtins11functor_def4body
FN:29,_RNvNtNtCsbv2TPaIhNiJ_4koan8builtins11functor_def8register
FN:34,_RNCNvNtNtCsbv2TPaIhNiJ_4koan8builtins11functor_def8register0B7_
FN:49,_RNCNvNtNtCsbv2TPaIhNiJ_4koan8builtins11functor_def8registers_0B7_
FN:34,_RNCNvNtNtCs9bl5tPvrGPp_4koan8builtins11functor_def8register0B7_
FN:49,_RNCNvNtNtCs9bl5tPvrGPp_4koan8builtins11functor_def8registers_0B7_
FN:23,_RNvNtNtCs9bl5tPvrGPp_4koan8builtins11functor_def4body
FN:29,_RNvNtNtCs9bl5tPvrGPp_4koan8builtins11functor_def8register
FNDA:7,_RNvNtNtCsbv2TPaIhNiJ_4koan8builtins11functor_def4body
FNDA:60,_RNvNtNtCsbv2TPaIhNiJ_4koan8builtins11functor_def8register
FNDA:60,_RNCNvNtNtCsbv2TPaIhNiJ_4koan8builtins11functor_def8register0B7_
FNDA:60,_RNCNvNtNtCsbv2TPaIhNiJ_4koan8builtins11functor_def8registers_0B7_
FNDA:588,_RNCNvNtNtCs9bl5tPvrGPp_4koan8builtins11functor_def8register0B7_
FNDA:588,_RNCNvNtNtCs9bl5tPvrGPp_4koan8builtins11functor_def8registers_0B7_
FNDA:18,_RNvNtNtCs9bl5tPvrGPp_4koan8builtins11functor_def4body
FNDA:588,_RNvNtNtCs9bl5tPvrGPp_4koan8builtins11functor_def8register
FNF:4
FNH:4
DA:23,25
DA:24,25
DA:25,25
DA:26,25
DA:27,25
DA:29,648
DA:34,648
DA:35,648
DA:36,648
DA:37,648
DA:38,648
DA:39,648
DA:40,648
DA:41,648
DA:42,648
DA:43,648
DA:46,648
DA:49,648
DA:50,648
DA:51,648
DA:52,648
DA:53,648
DA:54,648
DA:55,648
DA:56,648
DA:57,648
DA:58,648
DA:61,648
DA:63,648
DA:64,648
DA:65,648
DA:66,648
DA:67,648
DA:68,648
DA:69,648
DA:70,648
DA:73,648
DA:74,648
DA:75,648
DA:76,648
DA:77,648
DA:78,648
DA:79,648
DA:82,648
BRF:0
BRH:0
LF:46
LH:46
end_of_record
SF:/var/home/jack/Code/koan/src/builtins/let_binding.rs
FN:177,_RNvNtNtCsbv2TPaIhNiJ_4koan8builtins11let_binding11binder_name
FN:156,_RNvNtNtCsbv2TPaIhNiJ_4koan8builtins11let_binding21capitalize_identifier
FN:14,_RNvNtNtCsbv2TPaIhNiJ_4koan8builtins11let_binding4body
FN:184,_RNvNtNtCsbv2TPaIhNiJ_4koan8builtins11let_binding8register
FN:20,_RNCNvNtNtCsbv2TPaIhNiJ_4koan8builtins11let_binding4body0B7_
FN:139,_RNCNvNtNtCsbv2TPaIhNiJ_4koan8builtins11let_binding4bodys_0B7_
FN:185,_RNCNvNtNtCsbv2TPaIhNiJ_4koan8builtins11let_binding8register0B7_
FN:196,_RNCNvNtNtCsbv2TPaIhNiJ_4koan8builtins11let_binding8registers_0B7_
FN:20,_RNCNvNtNtCs9bl5tPvrGPp_4koan8builtins11let_binding4body0B7_
FN:139,_RNCNvNtNtCs9bl5tPvrGPp_4koan8builtins11let_binding4bodys_0B7_
FN:185,_RNCNvNtNtCs9bl5tPvrGPp_4koan8builtins11let_binding8register0B7_
FN:196,_RNCNvNtNtCs9bl5tPvrGPp_4koan8builtins11let_binding8registers_0B7_
FN:177,_RNvNtNtCs9bl5tPvrGPp_4koan8builtins11let_binding11binder_name
FN:156,_RNvNtNtCs9bl5tPvrGPp_4koan8builtins11let_binding21capitalize_identifier
FN:14,_RNvNtNtCs9bl5tPvrGPp_4koan8builtins11let_binding4body
FN:184,_RNvNtNtCs9bl5tPvrGPp_4koan8builtins11let_binding8register
FNDA:136,_RNvNtNtCsbv2TPaIhNiJ_4koan8builtins11let_binding11binder_name
FNDA:1,_RNvNtNtCsbv2TPaIhNiJ_4koan8builtins11let_binding21capitalize_identifier
FNDA:62,_RNvNtNtCsbv2TPaIhNiJ_4koan8builtins11let_binding4body
FNDA:60,_RNvNtNtCsbv2TPaIhNiJ_4koan8builtins11let_binding8register
FNDA:1,_RNCNvNtNtCsbv2TPaIhNiJ_4koan8builtins11let_binding4body0B7_
FNDA:12,_RNCNvNtNtCsbv2TPaIhNiJ_4koan8builtins11let_binding4bodys_0B7_
FNDA:60,_RNCNvNtNtCsbv2TPaIhNiJ_4koan8builtins11let_binding8register0B7_
FNDA:60,_RNCNvNtNtCsbv2TPaIhNiJ_4koan8builtins11let_binding8registers_0B7_
FNDA:12,_RNCNvNtNtCs9bl5tPvrGPp_4koan8builtins11let_binding4body0B7_
FNDA:141,_RNCNvNtNtCs9bl5tPvrGPp_4koan8builtins11let_binding4bodys_0B7_
FNDA:588,_RNCNvNtNtCs9bl5tPvrGPp_4koan8builtins11let_binding8register0B7_
FNDA:588,_RNCNvNtNtCs9bl5tPvrGPp_4koan8builtins11let_binding8registers_0B7_
FNDA:908,_RNvNtNtCs9bl5tPvrGPp_4koan8builtins11let_binding11binder_name
FNDA:4,_RNvNtNtCs9bl5tPvrGPp_4koan8builtins11let_binding21capitalize_identifier
FNDA:436,_RNvNtNtCs9bl5tPvrGPp_4koan8builtins11let_binding4body
FNDA:588,_RNvNtNtCs9bl5tPvrGPp_4koan8builtins11let_binding8register
FNF:8
FNH:8
DA:14,498
DA:15,498
DA:16,498
DA:20,498
DA:21,498
DA:22,498
DA:23,498
DA:24,0
DA:26,498
DA:27,498
DA:28,345
DA:29,345
DA:30,4
DA:31,1
DA:32,1
DA:33,2
DA:35,4
DA:36,4
DA:37,4
DA:38,4
DA:39,4
DA:40,4
DA:41,4
DA:42,4
DA:43,341
DA:44,341
DA:46,153
DA:47,153
DA:48,152
DA:55,1
DA:56,1
DA:57,1
DA:58,1
DA:60,0
DA:62,149
DA:63,143
DA:64,9
DA:65,3
DA:66,3
DA:67,3
DA:68,3
DA:69,3
DA:72,149
DA:74,0
DA:75,0
DA:76,0
DA:77,0
DA:78,0
DA:79,0
DA:81,0
DA:83,490
DA:84,2
DA:85,2
DA:86,2
DA:87,2
DA:88,488
DA:89,488
DA:94,149
DA:95,149
DA:96,149
DA:97,149
DA:98,149
DA:99,149
DA:100,149
DA:101,0
DA:105,149
DA:106,149
DA:108,339
DA:109,339
DA:110,339
DA:111,27
DA:112,1
DA:113,1
DA:114,1
DA:115,1
DA:116,1
DA:117,1
DA:118,338
DA:122,338
DA:123,1
DA:124,1
DA:125,1
DA:126,1
DA:127,1
DA:128,337
DA:136,337
DA:137,153
DA:138,153
DA:139,153
DA:140,184
DA:142,337
DA:143,336
DA:144,1
DA:146,336
DA:147,336
DA:148,336
DA:150,498
DA:156,5
DA:157,5
DA:158,5
DA:159,5
DA:160,5
DA:161,5
DA:162,5
DA:163,5
DA:165,0
DA:167,5
DA:177,1044
DA:178,1044
DA:179,885
DA:180,159
DA:182,1044
DA:184,648
DA:185,648
DA:186,648
DA:187,648
DA:188,648
DA:189,648
DA:190,648
DA:191,648
DA:192,648
DA:195,648
DA:196,648
DA:197,648
DA:198,648
DA:199,648
DA:200,648
DA:201,648
DA:202,648
DA:203,648
DA:206,648
DA:207,648
DA:208,648
DA:209,648
DA:210,648
DA:211,648
DA:212,648
DA:213,648
DA:216,648
DA:217,648
DA:218,648
DA:219,648
DA:220,648
DA:221,648
DA:222,648
DA:225,648
BRF:0
BRH:0
LF:150
LH:139
end_of_record
SF:/var/home/jack/Code/koan/src/builtins/match_case.rs
FN:23,_RNvNtNtCsbv2TPaIhNiJ_4koan8builtins10match_case4body
FN:80,_RNvNtNtCsbv2TPaIhNiJ_4koan8builtins10match_case8register
FN:103,_RNvNtNtNtCs9bl5tPvrGPp_4koan8builtins10match_case5tests11run_program
FN:142,_RNvNtNtNtCs9bl5tPvrGPp_4koan8builtins10match_case5testss_25match_inexhaustive_errors
FN:122,_RNvNtNtNtCs9bl5tPvrGPp_4koan8builtins10match_case5testss_29match_binds_inner_value_to_it
FN:220,_RNvNtNtNtCs9bl5tPvrGPp_4koan8builtins10match_case5testss_29recursive_tagged_match_no_uaf
FN:235,_RNvNtNtNtCs9bl5tPvrGPp_4koan8builtins10match_case5testss_33match_on_bool_inexhaustive_errors
FN:204,_RNvNtNtNtCs9bl5tPvrGPp_4koan8builtins10match_case5testss_36match_on_bool_true_takes_true_branch
FN:132,_RNvNtNtNtCs9bl5tPvrGPp_4koan8builtins10match_case5testss_37match_does_not_run_unmatched_branches
FN:212,_RNvNtNtNtCs9bl5tPvrGPp_4koan8builtins10match_case5testss_38match_on_bool_false_takes_false_branch
FN:112,_RNvNtNtNtCs9bl5tPvrGPp_4koan8builtins10match_case5testss_40match_dispatches_branch_for_matching_tag
FN:361,_RNvNtNtNtCs9bl5tPvrGPp_4koan8builtins10match_case5testss_40match_on_bool_falls_through_to_typed_arm
FN:194,_RNvNtNtNtCs9bl5tPvrGPp_4koan8builtins10match_case5testss_40match_other_branch_runs_when_tag_matches
FN:307,_RNvNtNtNtCs9bl5tPvrGPp_4koan8builtins10match_case5testss_41match_f1_ambiguous_arms_error_naming_both
FN:293,_RNvNtNtNtCs9bl5tPvrGPp_4koan8builtins10match_case5testss_41match_f1_specific_arm_wins_over_broad_arm
FN:275,_RNvNtNtNtCs9bl5tPvrGPp_4koan8builtins10match_case5testss_41match_over_union_producer_selects_str_arm
FN:284,_RNvNtNtNtCs9bl5tPvrGPp_4koan8builtins10match_case5testss_44match_general_type_arm_on_untagged_scrutinee
FN:265,_RNvNtNtNtCs9bl5tPvrGPp_4koan8builtins10match_case5testss_44match_over_union_producer_selects_number_arm
FN:162,_RNvNtNtNtCs9bl5tPvrGPp_4koan8builtins10match_case5testss_47match_arm_violating_declared_return_type_errors
FN:250,_RNvNtNtNtCs9bl5tPvrGPp_4koan8builtins10match_case5testss_47multi_statement_match_branch_returns_last_value
FN:323,_RNvNtNtNtCs9bl5tPvrGPp_4koan8builtins10match_case5testss_54match_bogus_head_over_variant_scrutinee_lists_variants
FN:181,_RNvNtNtNtCs9bl5tPvrGPp_4koan8builtins10match_case5testss_54match_value_is_admissible_against_declared_return_slot
FN:344,_RNvNtNtNtCs9bl5tPvrGPp_4koan8builtins10match_case5testss_55match_bogus_head_over_non_variant_scrutinee_stays_short
FN:371,_RNvNtNtNtCs9bl5tPvrGPp_4koan8builtins10match_case5testss_55match_on_bool_two_admitting_literal_heads_are_ambiguous
FN:388,_RNvNtNtNtCs9bl5tPvrGPp_4koan8builtins10match_case5testss_59fn_recursion_with_multi_statement_body_via_match_terminates
FN:23,_RNvNtNtCs9bl5tPvrGPp_4koan8builtins10match_case4body
FN:80,_RNvNtNtCs9bl5tPvrGPp_4koan8builtins10match_case8register
FNDA:3,_RNvNtNtCsbv2TPaIhNiJ_4koan8builtins10match_case4body
FNDA:60,_RNvNtNtCsbv2TPaIhNiJ_4koan8builtins10match_case8register
FNDA:16,_RNvNtNtNtCs9bl5tPvrGPp_4koan8builtins10match_case5tests11run_program
FNDA:1,_RNvNtNtNtCs9bl5tPvrGPp_4koan8builtins10match_case5testss_25match_inexhaustive_errors
FNDA:1,_RNvNtNtNtCs9bl5tPvrGPp_4koan8builtins10match_case5testss_29match_binds_inner_value_to_it
FNDA:1,_RNvNtNtNtCs9bl5tPvrGPp_4koan8builtins10match_case5testss_29recursive_tagged_match_no_uaf
FNDA:1,_RNvNtNtNtCs9bl5tPvrGPp_4koan8builtins10match_case5testss_33match_on_bool_inexhaustive_errors
FNDA:1,_RNvNtNtNtCs9bl5tPvrGPp_4koan8builtins10match_case5testss_36match_on_bool_true_takes_true_branch
FNDA:1,_RNvNtNtNtCs9bl5tPvrGPp_4koan8builtins10match_case5testss_37match_does_not_run_unmatched_branches
FNDA:1,_RNvNtNtNtCs9bl5tPvrGPp_4koan8builtins10match_case5testss_38match_on_bool_false_takes_false_branch
FNDA:1,_RNvNtNtNtCs9bl5tPvrGPp_4koan8builtins10match_case5testss_40match_dispatches_branch_for_matching_tag
FNDA:1,_RNvNtNtNtCs9bl5tPvrGPp_4koan8builtins10match_case5testss_40match_on_bool_falls_through_to_typed_arm
FNDA:1,_RNvNtNtNtCs9bl5tPvrGPp_4koan8builtins10match_case5testss_40match_other_branch_runs_when_tag_matches
FNDA:1,_RNvNtNtNtCs9bl5tPvrGPp_4koan8builtins10match_case5testss_41match_f1_ambiguous_arms_error_naming_both
FNDA:1,_RNvNtNtNtCs9bl5tPvrGPp_4koan8builtins10match_case5testss_41match_f1_specific_arm_wins_over_broad_arm
FNDA:1,_RNvNtNtNtCs9bl5tPvrGPp_4koan8builtins10match_case5testss_41match_over_union_producer_selects_str_arm
FNDA:1,_RNvNtNtNtCs9bl5tPvrGPp_4koan8builtins10match_case5testss_44match_general_type_arm_on_untagged_scrutinee
FNDA:1,_RNvNtNtNtCs9bl5tPvrGPp_4koan8builtins10match_case5testss_44match_over_union_producer_selects_number_arm
FNDA:1,_RNvNtNtNtCs9bl5tPvrGPp_4koan8builtins10match_case5testss_47match_arm_violating_declared_return_type_errors
FNDA:1,_RNvNtNtNtCs9bl5tPvrGPp_4koan8builtins10match_case5testss_47multi_statement_match_branch_returns_last_value
FNDA:1,_RNvNtNtNtCs9bl5tPvrGPp_4koan8builtins10match_case5testss_54match_bogus_head_over_variant_scrutinee_lists_variants
FNDA:1,_RNvNtNtNtCs9bl5tPvrGPp_4koan8builtins10match_case5testss_54match_value_is_admissible_against_declared_return_slot
FNDA:1,_RNvNtNtNtCs9bl5tPvrGPp_4koan8builtins10match_case5testss_55match_bogus_head_over_non_variant_scrutinee_stays_short
FNDA:1,_RNvNtNtNtCs9bl5tPvrGPp_4koan8builtins10match_case5testss_55match_on_bool_two_admitting_literal_heads_are_ambiguous
FNDA:1,_RNvNtNtNtCs9bl5tPvrGPp_4koan8builtins10match_case5testss_59fn_recursion_with_multi_statement_body_via_match_terminates
FNDA:105,_RNvNtNtCs9bl5tPvrGPp_4koan8builtins10match_case4body
FNDA:588,_RNvNtNtCs9bl5tPvrGPp_4koan8builtins10match_case8register
FNF:25
FNH:25
DA:23,108
DA:24,108
DA:25,108
DA:31,108
DA:32,108
DA:34,0
DA:35,0
DA:36,0
DA:39,108
DA:40,108
DA:41,101
DA:42,108
DA:43,101
DA:45,3
DA:46,3
DA:47,3
DA:48,3
DA:50,4
DA:57,101
DA:58,101
DA:59,9
DA:60,92
DA:61,92
DA:62,87
DA:64,5
DA:66,92
DA:67,0
DA:68,0
DA:69,0
DA:70,0
DA:71,0
DA:73,0
DA:75,0
DA:77,101
DA:78,108
DA:80,648
DA:81,648
DA:82,648
DA:83,648
DA:84,648
DA:85,648
DA:86,648
DA:87,648
DA:88,648
DA:89,648
DA:92,648
DA:93,648
DA:103,16
DA:104,16
DA:105,16
DA:106,16
DA:107,16
DA:108,16
DA:109,16
DA:112,1
DA:113,1
DA:114,1
DA:115,1
DA:116,1
DA:118,1
DA:119,1
DA:122,1
DA:123,1
DA:124,1
DA:125,1
DA:126,1
DA:128,1
DA:129,1
DA:132,1
DA:133,1
DA:134,1
DA:135,1
DA:136,1
DA:138,1
DA:139,1
DA:142,1
DA:143,1
DA:144,1
DA:145,1
DA:146,1
DA:147,1
DA:149,1
DA:150,1
DA:151,1
DA:155,1
DA:156,1
DA:159,1
DA:162,1
DA:163,1
DA:164,1
DA:165,1
DA:166,1
DA:167,1
DA:170,1
DA:171,1
DA:172,1
DA:174,1
DA:175,1
DA:178,1
DA:181,1
DA:184,1
DA:185,1
DA:186,1
DA:187,1
DA:188,1
DA:190,1
DA:191,1
DA:194,1
DA:195,1
DA:196,1
DA:197,1
DA:198,1
DA:200,1
DA:201,1
DA:204,1
DA:205,1
DA:206,1
DA:208,1
DA:209,1
DA:212,1
DA:213,1
DA:214,1
DA:216,1
DA:217,1
DA:220,1
DA:223,1
DA:224,1
DA:225,1
DA:226,1
DA:227,1
DA:228,1
DA:229,1
DA:231,1
DA:232,1
DA:235,1
DA:236,1
DA:237,1
DA:238,1
DA:239,1
DA:240,1
DA:243,1
DA:244,1
DA:247,1
DA:250,1
DA:251,1
DA:252,1
DA:253,1
DA:254,1
DA:255,1
DA:256,1
DA:257,1
DA:259,1
DA:260,1
DA:261,1
DA:262,1
DA:265,1
DA:267,1
DA:268,1
DA:269,1
DA:271,1
DA:272,1
DA:275,1
DA:276,1
DA:277,1
DA:278,1
DA:280,1
DA:281,1
DA:284,1
DA:287,1
DA:288,1
DA:289,1
DA:290,1
DA:293,1
DA:296,1
DA:297,1
DA:299,1
DA:300,1
DA:301,1
DA:303,1
DA:304,1
DA:307,1
DA:309,1
DA:310,1
DA:311,1
DA:312,1
DA:313,1
DA:315,1
DA:316,1
DA:317,1
DA:320,1
DA:323,1
DA:324,1
DA:325,1
DA:326,1
DA:327,1
DA:328,1
DA:332,1
DA:333,1
DA:334,1
DA:336,1
DA:337,1
DA:338,1
DA:341,1
DA:344,1
DA:347,1
DA:348,1
DA:349,1
DA:350,1
DA:351,1
DA:353,1
DA:354,1
DA:355,1
DA:358,1
DA:361,1
DA:364,1
DA:365,1
DA:367,1
DA:368,1
DA:371,1
DA:374,1
DA:375,1
DA:376,1
DA:377,1
DA:378,1
DA:380,1
DA:381,1
DA:382,1
DA:385,1
DA:388,1
DA:389,1
DA:390,1
DA:391,1
DA:392,1
DA:393,1
DA:394,1
DA:395,1
DA:396,1
DA:397,1
DA:398,1
DA:400,1
DA:401,1
DA:402,1
BRF:0
BRH:0
LF:242
LH:232
end_of_record
SF:/var/home/jack/Code/koan/src/builtins/module_def.rs
FN:22,_RNvNtNtCsbv2TPaIhNiJ_4koan8builtins10module_def4body
FN:94,_RNvNtNtCsbv2TPaIhNiJ_4koan8builtins10module_def8register
FN:42,_RNCNvNtNtCsbv2TPaIhNiJ_4koan8builtins10module_def4body0B7_
FN:42,_RNCNvNtNtCs9bl5tPvrGPp_4koan8builtins10module_def4body0B7_
FN:125,_RNvNtNtNtCs9bl5tPvrGPp_4koan8builtins10module_def5tests14resolve_module
FN:187,_RNvNtNtNtCs9bl5tPvrGPp_4koan8builtins10module_def5testss_28module_unknown_member_errors
FN:155,_RNvNtNtNtCs9bl5tPvrGPp_4koan8builtins10module_def5testss_29module_member_access_via_attr
FN:133,_RNvNtNtNtCs9bl5tPvrGPp_4koan8builtins10module_def5testss_32binder_name_extracts_module_name
FN:140,_RNvNtNtNtCs9bl5tPvrGPp_4koan8builtins10module_def5testss_32module_binds_under_name_in_scope
FN:173,_RNvNtNtNtCs9bl5tPvrGPp_4koan8builtins10module_def5testss_33module_member_function_via_let_fn
FN:260,_RNvNtNtNtCs9bl5tPvrGPp_4koan8builtins10module_def5testss_36module_body_dispatch_does_not_dangle
FN:211,_RNvNtNtNtCs9bl5tPvrGPp_4koan8builtins10module_def5testss_38module_body_parks_on_outer_placeholder
FN:221,_RNvNtNtNtCs9bl5tPvrGPp_4koan8builtins10module_def5testss_41module_body_error_short_circuits_finalize
FN:164,_RNvNtNtNtCs9bl5tPvrGPp_4koan8builtins10module_def5testss_41module_with_multiple_statements_in_parens
FN:200,_RNvNtNtNtCs9bl5tPvrGPp_4koan8builtins10module_def5testss_41nested_module_accessible_via_chained_attr
FN:235,_RNvNtNtNtCs9bl5tPvrGPp_4koan8builtins10module_def5testss_50module_finalize_short_circuits_on_idempotent_state
FN:22,_RNvNtNtCs9bl5tPvrGPp_4koan8builtins10module_def4body
FN:94,_RNvNtNtCs9bl5tPvrGPp_4koan8builtins10module_def8register
FNDA:21,_RNvNtNtCsbv2TPaIhNiJ_4koan8builtins10module_def4body
FNDA:60,_RNvNtNtCsbv2TPaIhNiJ_4koan8builtins10module_def8register
FNDA:20,_RNCNvNtNtCsbv2TPaIhNiJ_4koan8builtins10module_def4body0B7_
FNDA:105,_RNCNvNtNtCs9bl5tPvrGPp_4koan8builtins10module_def4body0B7_
FNDA:3,_RNvNtNtNtCs9bl5tPvrGPp_4koan8builtins10module_def5tests14resolve_module
FNDA:1,_RNvNtNtNtCs9bl5tPvrGPp_4koan8builtins10module_def5testss_28module_unknown_member_errors
FNDA:1,_RNvNtNtNtCs9bl5tPvrGPp_4koan8builtins10module_def5testss_29module_member_access_via_attr
FNDA:1,_RNvNtNtNtCs9bl5tPvrGPp_4koan8builtins10module_def5testss_32binder_name_extracts_module_name
FNDA:1,_RNvNtNtNtCs9bl5tPvrGPp_4koan8builtins10module_def5testss_32module_binds_under_name_in_scope
[...]
FN:253,_RNCNvNtNtCs9bl5tPvrGPp_4koan5parse10whitespace19walk_content_cursors_0B7_
FN:37,_RNvNtNtCs9bl5tPvrGPp_4koan5parse10whitespace12collapse_str
FN:291,_RNvNtNtCs9bl5tPvrGPp_4koan5parse10whitespace13adjust_parens
FN:278,_RNvNtNtCs9bl5tPvrGPp_4koan5parse10whitespace16line_delim_delta
FN:284,_RNvNtNtCs9bl5tPvrGPp_4koan5parse10whitespace16line_paren_delta
FN:31,_RNvNtNtCs9bl5tPvrGPp_4koan5parse10whitespace19collapse_whitespace
FN:233,_RNvNtNtCs9bl5tPvrGPp_4koan5parse10whitespace19walk_content_cursor
FN:224,_RNvNtNtCs9bl5tPvrGPp_4koan5parse10whitespace9emit_jump
FNDA:5402,_RNCNvNtNtCsbv2TPaIhNiJ_4koan5parse10whitespace12collapse_str0B7_
FNDA:0,_RNCNvNtNtCsbv2TPaIhNiJ_4koan5parse10whitespace12collapse_strs0_0B7_
FNDA:89,_RNCNvNtNtCsbv2TPaIhNiJ_4koan5parse10whitespace12collapse_strs_0B7_
FNDA:5313,_RNCNvNtNtCsbv2TPaIhNiJ_4koan5parse10whitespace16line_delim_delta0B7_
FNDA:5313,_RNCNvNtNtCsbv2TPaIhNiJ_4koan5parse10whitespace16line_delim_deltas_0B7_
FNDA:5313,_RNCNvNtNtCsbv2TPaIhNiJ_4koan5parse10whitespace16line_paren_delta0B7_
FNDA:5313,_RNCNvNtNtCsbv2TPaIhNiJ_4koan5parse10whitespace16line_paren_deltas_0B7_
FNDA:0,_RNCNvNtNtCsbv2TPaIhNiJ_4koan5parse10whitespace19collapse_whitespace0B7_
FNDA:24,_RNCNvNtNtCsbv2TPaIhNiJ_4koan5parse10whitespace19walk_content_cursor0B7_
FNDA:0,_RNCNvNtNtCsbv2TPaIhNiJ_4koan5parse10whitespace19walk_content_cursors_0B7_
FNDA:60,_RNvNtNtCsbv2TPaIhNiJ_4koan5parse10whitespace12collapse_str
FNDA:149,_RNvNtNtCsbv2TPaIhNiJ_4koan5parse10whitespace13adjust_parens
FNDA:149,_RNvNtNtCsbv2TPaIhNiJ_4koan5parse10whitespace16line_delim_delta
FNDA:149,_RNvNtNtCsbv2TPaIhNiJ_4koan5parse10whitespace16line_paren_delta
FNDA:60,_RNvNtNtCsbv2TPaIhNiJ_4koan5parse10whitespace19collapse_whitespace
FNDA:149,_RNvNtNtCsbv2TPaIhNiJ_4koan5parse10whitespace19walk_content_cursor
FNDA:298,_RNvNtNtCsbv2TPaIhNiJ_4koan5parse10whitespace9emit_jump
FNDA:45215,_RNCNvNtNtCs9bl5tPvrGPp_4koan5parse10whitespace12collapse_str0B7_
FNDA:151,_RNCNvNtNtCs9bl5tPvrGPp_4koan5parse10whitespace12collapse_strs0_0B7_
FNDA:561,_RNCNvNtNtCs9bl5tPvrGPp_4koan5parse10whitespace12collapse_strs_0B7_
FNDA:44348,_RNCNvNtNtCs9bl5tPvrGPp_4koan5parse10whitespace16line_delim_delta0B7_
FNDA:44348,_RNCNvNtNtCs9bl5tPvrGPp_4koan5parse10whitespace16line_delim_deltas_0B7_
FNDA:44370,_RNCNvNtNtCs9bl5tPvrGPp_4koan5parse10whitespace16line_paren_delta0B7_
FNDA:44370,_RNCNvNtNtCs9bl5tPvrGPp_4koan5parse10whitespace16line_paren_deltas_0B7_
FNDA:0,_RNCNvNtNtCs9bl5tPvrGPp_4koan5parse10whitespace19collapse_whitespace0B7_
FNDA:247,_RNCNvNtNtCs9bl5tPvrGPp_4koan5parse10whitespace19walk_content_cursor0B7_
FNDA:0,_RNCNvNtNtCs9bl5tPvrGPp_4koan5parse10whitespace19walk_content_cursors_0B7_
FNDA:1023,_RNvNtNtCs9bl5tPvrGPp_4koan5parse10whitespace12collapse_str
FNDA:1552,_RNvNtNtCs9bl5tPvrGPp_4koan5parse10whitespace13adjust_parens
FNDA:1552,_RNvNtNtCs9bl5tPvrGPp_4koan5parse10whitespace16line_delim_delta
FNDA:1559,_RNvNtNtCs9bl5tPvrGPp_4koan5parse10whitespace16line_paren_delta
FNDA:1023,_RNvNtNtCs9bl5tPvrGPp_4koan5parse10whitespace19collapse_whitespace
FNDA:1559,_RNvNtNtCs9bl5tPvrGPp_4koan5parse10whitespace19walk_content_cursor
FNDA:3041,_RNvNtNtCs9bl5tPvrGPp_4koan5parse10whitespace9emit_jump
FNF:17
FNH:15
DA:31,1083
DA:32,1083
DA:33,1083
DA:34,1083
DA:35,1083
DA:37,1083
DA:38,1083
DA:39,1083
DA:40,1083
DA:41,1083
DA:42,1083
DA:45,1083
DA:47,1083
DA:48,1083
DA:49,1083
DA:50,1083
DA:52,2808
DA:53,1732
DA:54,1732
DA:55,50617
DA:56,1732
DA:57,1732
DA:59,1732
DA:60,1732
DA:61,1732
DA:62,1732
DA:64,1732
DA:66,1732
DA:70,24
DA:71,24
DA:72,24
DA:73,8
DA:75,16
DA:77,24
DA:78,24
DA:79,1708
DA:81,1708
DA:83,1708
DA:84,1708
DA:86,1708
DA:87,1708
DA:89,1708
DA:90,1708
DA:91,1708
DA:92,1708
DA:93,1708
DA:117,1708
DA:118,54
DA:119,54
DA:120,1654
DA:123,1654
DA:124,32
DA:127,12
DA:128,1
DA:129,1
DA:130,1
DA:131,1
DA:132,1
DA:133,11
DA:134,11
DA:135,11
DA:136,20
DA:137,20
DA:140,1
DA:141,1
DA:142,1
DA:143,1
DA:144,1
DA:145,1
DA:146,19
DA:147,1622
DA:149,1641
DA:150,3
DA:151,3
DA:152,3
DA:153,3
DA:154,3
DA:155,3
DA:156,3
DA:157,3
DA:158,1638
DA:159,1638
DA:160,2
DA:161,2
DA:162,2
DA:163,2
DA:164,2
DA:165,2
DA:166,2
DA:167,2
DA:168,1636
DA:170,2165
DA:171,578
DA:172,529
DA:173,529
DA:174,529
DA:175,529
DA:176,49
DA:182,1636
DA:183,555
DA:184,1081
DA:188,1636
DA:189,1636
DA:190,11
DA:191,11
DA:192,11
DA:193,11
DA:194,11
DA:195,1625
DA:196,1625
DA:197,1625
DA:198,1625
DA:199,1625
DA:201,1636
DA:202,1636
DA:203,1636
DA:204,1636
DA:205,1636
DA:207,1636
DA:208,1636
DA:209,610
DA:211,1026
DA:213,1636
DA:216,2174
DA:217,1098
DA:218,1098
DA:219,1098
DA:221,1076
DA:222,1083
DA:224,3339
DA:225,3339
DA:226,3339
DA:227,3339
DA:228,3339
DA:233,1708
DA:234,1708
DA:235,1708
DA:236,49692
DA:237,47984
DA:238,47984
DA:239,271
DA:240,271
DA:241,874
DA:242,603
DA:243,603
DA:244,271
DA:245,0
DA:246,271
DA:247,271
DA:248,0
DA:249,271
DA:250,271
DA:251,271
DA:252,271
DA:253,271
DA:254,271
DA:255,47713
DA:256,271
DA:257,542
DA:258,271
DA:259,271
DA:260,271
DA:261,0
DA:262,271
DA:263,271
DA:264,554
DA:265,283
DA:266,283
DA:267,271
DA:268,47442
DA:269,47442
DA:270,47442
DA:271,47442
DA:273,1708
DA:274,1708
DA:278,1701
DA:279,49661
DA:280,49661
DA:281,1701
DA:282,1701
DA:284,1708
DA:285,49683
DA:286,49683
DA:287,1708
DA:288,1708
DA:291,1701
DA:292,1701
DA:293,15
DA:294,15
DA:295,15
DA:297,1686
DA:298,13
DA:299,13
DA:301,1701
BRF:0
BRH:0
LF:204
LH:199
end_of_record
SF:/var/home/jack/Code/koan/src/source.rs
FN:152,_RNvXININtCsbv2TPaIhNiJ_4koan6sources2_0pEINtB5_7SpannedpEINtNtCs27Vx93FoQ6z_4core7convert4FrompE4fromB7_
FN:125,_RNvXs0_NtCsbv2TPaIhNiJ_4koan6sourceNtB5_16CurrentFileGuardNtNtNtCs27Vx93FoQ6z_4core3ops4drop4Drop4drop
FN:38,_RINvMNtCsbv2TPaIhNiJ_4koan6sourceNtB3_10SourceFile3newReEB5_
FN:85,_RINvNtCsbv2TPaIhNiJ_4koan6source4withINtNtCs27Vx93FoQ6z_4core6option6OptionTINtNtCsgW8esjfipvk_5alloc2rc2RceEmmEENCNvXs2_NtNtNtB4_7machine4core6kerrorNtB1V_10KErrorKindNtNtBE_3fmt7Display3fmt0EB4_
FN:85,_RINvNtCsbv2TPaIhNiJ_4koan6source4withNtB2_9SourceLocNCNCNvNtNtNtB4_7machine4core6kerror18location_from_expr00EB4_
FN:85,_RINvNtCsbv2TPaIhNiJ_4koan6source4withTINtNtCs27Vx93FoQ6z_4core6option6OptionNtNtCsgW8esjfipvk_5alloc6string6StringEIBB_mEB1P_ENCNvMs0_NtNtNtB4_7machine4core6kerrorNtB28_10KErrorKind16to_struct_fields0EB4_
FN:85,_RINvNtCsbv2TPaIhNiJ_4koan6source4withTINtNtCsgW8esjfipvk_5alloc3vec3VechEINtNtNtNtCs75vJTIYSa2J_3std11collections4hash3map7HashMapjNtNtBF_6string6StringEENCNvNtNtB4_5parse15expression_tree17parse_with_source0EB4_
FN:86,_RNCINvNtCsbv2TPaIhNiJ_4koan6source4withINtNtCs27Vx93FoQ6z_4core6option6OptionTINtNtCsgW8esjfipvk_5alloc2rc2RceEmmEENCNvXs2_NtNtNtB6_7machine4core6kerrorNtB1X_10KErrorKindNtNtBG_3fmt7Display3fmt0E0B6_
FN:86,_RNCINvNtCsbv2TPaIhNiJ_4koan6source4withNtB4_9SourceLocNCNCNvNtNtNtB6_7machine4core6kerror18location_from_expr00E0B6_
FN:86,_RNCINvNtCsbv2TPaIhNiJ_4koan6source4withTINtNtCs27Vx93FoQ6z_4core6option6OptionNtNtCsgW8esjfipvk_5alloc6string6StringEIBD_mEB1R_ENCNvMs0_NtNtNtB6_7machine4core6kerrorNtB2a_10KErrorKind16to_struct_fields0E0B6_
FN:86,_RNCINvNtCsbv2TPaIhNiJ_4koan6source4withTINtNtCsgW8esjfipvk_5alloc3vec3VechEINtNtNtNtCs75vJTIYSa2J_3std11collections4hash3map7HashMapjNtNtBH_6string6StringEENCNvNtNtB6_5parse15expression_tree17parse_with_source0E0B6_
FN:105,_RNCNvNtCsbv2TPaIhNiJ_4koan6source11set_current0B5_
FN:74,_RNCNvNtCsbv2TPaIhNiJ_4koan6source8register0B5_
FN:143,_RNvMs1_NtCsbv2TPaIhNiJ_4koan6sourceINtB5_7SpannedNtNtNtNtB7_7machine5model3ast14ExpressionPartE2atB7_
FN:139,_RNvMs1_NtCsbv2TPaIhNiJ_4koan6sourceINtB5_7SpannedNtNtNtNtB7_7machine5model3ast14ExpressionPartE4bareB7_
FN:54,_RNvMNtCsbv2TPaIhNiJ_4koan6sourceNtB2_10SourceFile7resolve
FN:117,_RNvMs_NtCsbv2TPaIhNiJ_4koan6sourceNtB4_16CurrentFileGuard4push
FN:104,_RNvNtCsbv2TPaIhNiJ_4koan6source11set_current
FN:98,_RNvNtCsbv2TPaIhNiJ_4koan6source7current
FN:73,_RNvNtCsbv2TPaIhNiJ_4koan6source8register
FN:125,_RNvXs0_NtCs9bl5tPvrGPp_4koan6sourceNtB5_16CurrentFileGuardNtNtNtCs27Vx93FoQ6z_4core3ops4drop4Drop4drop
FN:38,_RINvMNtCs9bl5tPvrGPp_4koan6sourceNtB3_10SourceFile3newReEB5_
FN:85,_RINvNtCs9bl5tPvrGPp_4koan6source4withINtNtCs27Vx93FoQ6z_4core6option6OptionTINtNtCsgW8esjfipvk_5alloc2rc2RceEmmEENCNvXs2_NtNtNtB4_7machine4core6kerrorNtB1V_10KErrorKindNtNtBE_3fmt7Display3fmt0EB4_
FN:85,_RINvNtCs9bl5tPvrGPp_4koan6source4withINtNtCsgW8esjfipvk_5alloc2rc2RceENCNvNtB2_5testss_28register_and_with_round_trip0EB4_
FN:85,_RINvNtCs9bl5tPvrGPp_4koan6source4withNtB2_9SourceLocNCNCNvNtNtNtB4_7machine4core6kerror18location_from_expr00EB4_
FN:85,_RINvNtCs9bl5tPvrGPp_4koan6source4withTINtNtCs27Vx93FoQ6z_4core6option6OptionNtNtCsgW8esjfipvk_5alloc6string6StringEIBB_mEB1P_ENCNvMs0_NtNtNtB4_7machine4core6kerrorNtB28_10KErrorKind16to_struct_fields0EB4_
FN:85,_RINvNtCs9bl5tPvrGPp_4koan6source4withTINtNtCsgW8esjfipvk_5alloc3vec3VechEINtNtNtNtCs75vJTIYSa2J_3std11collections4hash3map7HashMapjNtNtBF_6string6StringEENCNvNtNtB4_5parse15expression_tree17parse_with_source0EB4_
FN:85,_RINvNtCs9bl5tPvrGPp_4koan6source4withTmmENCNvNtNtNtNtB4_5parse15expression_tree5tests5spanss_63parse_with_path_stamps_file_on_expression_and_resolves_line_col0EB4_
FN:86,_RNCINvNtCs9bl5tPvrGPp_4koan6source4withINtNtCs27Vx93FoQ6z_4core6option6OptionTINtNtCsgW8esjfipvk_5alloc2rc2RceEmmEENCNvXs2_NtNtNtB6_7machine4core6kerrorNtB1X_10KErrorKindNtNtBG_3fmt7Display3fmt0E0B6_
FN:86,_RNCINvNtCs9bl5tPvrGPp_4koan6source4withINtNtCsgW8esjfipvk_5alloc2rc2RceENCNvNtB4_5testss_28register_and_with_round_trip0E0B6_
FN:86,_RNCINvNtCs9bl5tPvrGPp_4koan6source4withNtB4_9SourceLocNCNCNvNtNtNtB6_7machine4core6kerror18location_from_expr00E0B6_
FN:86,_RNCINvNtCs9bl5tPvrGPp_4koan6source4withTINtNtCs27Vx93FoQ6z_4core6option6OptionNtNtCsgW8esjfipvk_5alloc6string6StringEIBD_mEB1R_ENCNvMs0_NtNtNtB6_7machine4core6kerrorNtB2a_10KErrorKind16to_struct_fields0E0B6_
FN:86,_RNCINvNtCs9bl5tPvrGPp_4koan6source4withTINtNtCsgW8esjfipvk_5alloc3vec3VechEINtNtNtNtCs75vJTIYSa2J_3std11collections4hash3map7HashMapjNtNtBH_6string6StringEENCNvNtNtB6_5parse15expression_tree17parse_with_source0E0B6_
FN:86,_RNCINvNtCs9bl5tPvrGPp_4koan6source4withTmmENCNvNtNtNtNtB6_5parse15expression_tree5tests5spanss_63parse_with_path_stamps_file_on_expression_and_resolves_line_col0E0B6_
FN:105,_RNCNvNtCs9bl5tPvrGPp_4koan6source11set_current0B5_
FN:74,_RNCNvNtCs9bl5tPvrGPp_4koan6source8register0B5_
FN:143,_RNvMs1_NtCs9bl5tPvrGPp_4koan6sourceINtB5_7SpannedNtNtNtNtB7_7machine5model3ast14ExpressionPartE2atB7_
FN:139,_RNvMs1_NtCs9bl5tPvrGPp_4koan6sourceINtB5_7SpannedNtNtNtNtB7_7machine5model3ast14ExpressionPartE4bareB7_
FN:139,_RNvMs1_NtCs9bl5tPvrGPp_4koan6sourceINtB5_7SpannedmE4bareB7_
FN:152,_RNvXs2_NtCs9bl5tPvrGPp_4koan6sourceINtB5_7SpannedNtNtNtNtB7_7machine5model3ast14ExpressionPartEINtNtCs27Vx93FoQ6z_4core7convert4FromBL_E4fromB7_
FN:152,_RNvXs2_NtCs9bl5tPvrGPp_4koan6sourceINtB5_7SpannedmEINtNtCs27Vx93FoQ6z_4core7convert4FrommE4fromB7_
FN:54,_RNvMNtCs9bl5tPvrGPp_4koan6sourceNtB2_10SourceFile7resolve
FN:117,_RNvMs_NtCs9bl5tPvrGPp_4koan6sourceNtB4_16CurrentFileGuard4push
FN:104,_RNvNtCs9bl5tPvrGPp_4koan6source11set_current
FN:98,_RNvNtCs9bl5tPvrGPp_4koan6source7current
FN:73,_RNvNtCs9bl5tPvrGPp_4koan6source8register
FN:162,_RNvNtNtCs9bl5tPvrGPp_4koan6source5testss_18resolve_first_line
FN:169,_RNvNtNtCs9bl5tPvrGPp_4koan6source5testss_18resolve_multi_line
FN:210,_RNvNtNtCs9bl5tPvrGPp_4koan6source5testss_24spanned_bare_has_no_span
FN:190,_RNvNtNtCs9bl5tPvrGPp_4koan6source5testss_28register_and_with_round_trip
FN:217,_RNvNtNtCs9bl5tPvrGPp_4koan6source5testss_33spanned_from_wraps_with_none_span
FN:197,_RNvNtNtCs9bl5tPvrGPp_4koan6source5testss_36guard_restores_previous_current_file
FN:178,_RNvNtNtCs9bl5tPvrGPp_4koan6source5testss_48resolve_utf16_columns_count_code_units_not_bytes
FN:192,_RNCNvNtNtCs9bl5tPvrGPp_4koan6source5testss_28register_and_with_round_trip0B7_
FNDA:0,_RNvXININtCsbv2TPaIhNiJ_4koan6sources2_0pEINtB5_7SpannedpEINtNtCs27Vx93FoQ6z_4core7convert4FrompE4fromB7_
FNDA:60,_RNvXs0_NtCsbv2TPaIhNiJ_4koan6sourceNtB5_16CurrentFileGuardNtNtNtCs27Vx93FoQ6z_4core3ops4drop4Drop4drop
FNDA:60,_RINvMNtCsbv2TPaIhNiJ_4koan6sourceNtB3_10SourceFile3newReEB5_
FNDA:0,_RINvNtCsbv2TPaIhNiJ_4koan6source4withINtNtCs27Vx93FoQ6z_4core6option6OptionTINtNtCsgW8esjfipvk_5alloc2rc2RceEmmEENCNvXs2_NtNtNtB4_7machine4core6kerrorNtB1V_10KErrorKindNtNtBE_3fmt7Display3fmt0EB4_
FNDA:0,_RINvNtCsbv2TPaIhNiJ_4koan6source4withNtB2_9SourceLocNCNCNvNtNtNtB4_7machine4core6kerror18location_from_expr00EB4_
FNDA:0,_RINvNtCsbv2TPaIhNiJ_4koan6source4withTINtNtCs27Vx93FoQ6z_4core6option6OptionNtNtCsgW8esjfipvk_5alloc6string6StringEIBB_mEB1P_ENCNvMs0_NtNtNtB4_7machine4core6kerrorNtB28_10KErrorKind16to_struct_fields0EB4_
FNDA:60,_RINvNtCsbv2TPaIhNiJ_4koan6source4withTINtNtCsgW8esjfipvk_5alloc3vec3VechEINtNtNtNtCs75vJTIYSa2J_3std11collections4hash3map7HashMapjNtNtBF_6string6StringEENCNvNtNtB4_5parse15expression_tree17parse_with_source0EB4_
FNDA:0,_RNCINvNtCsbv2TPaIhNiJ_4koan6source4withINtNtCs27Vx93FoQ6z_4core6option6OptionTINtNtCsgW8esjfipvk_5alloc2rc2RceEmmEENCNvXs2_NtNtNtB6_7machine4core6kerrorNtB1X_10KErrorKindNtNtBG_3fmt7Display3fmt0E0B6_
FNDA:0,_RNCINvNtCsbv2TPaIhNiJ_4koan6source4withNtB4_9SourceLocNCNCNvNtNtNtB6_7machine4core6kerror18location_from_expr00E0B6_
FNDA:0,_RNCINvNtCsbv2TPaIhNiJ_4koan6source4withTINtNtCs27Vx93FoQ6z_4core6option6OptionNtNtCsgW8esjfipvk_5alloc6string6StringEIBD_mEB1R_ENCNvMs0_NtNtNtB6_7machine4core6kerrorNtB2a_10KErrorKind16to_struct_fields0E0B6_
FNDA:60,_RNCINvNtCsbv2TPaIhNiJ_4koan6source4withTINtNtCsgW8esjfipvk_5alloc3vec3VechEINtNtNtNtCs75vJTIYSa2J_3std11collections4hash3map7HashMapjNtNtBH_6string6StringEENCNvNtNtB6_5parse15expression_tree17parse_with_source0E0B6_
FNDA:120,_RNCNvNtCsbv2TPaIhNiJ_4koan6source11set_current0B5_
FNDA:60,_RNCNvNtCsbv2TPaIhNiJ_4koan6source8register0B5_
FNDA:1478,_RNvMs1_NtCsbv2TPaIhNiJ_4koan6sourceINtB5_7SpannedNtNtNtNtB7_7machine5model3ast14ExpressionPartE2atB7_
FNDA:137,_RNvMs1_NtCsbv2TPaIhNiJ_4koan6sourceINtB5_7SpannedNtNtNtNtB7_7machine5model3ast14ExpressionPartE4bareB7_
FNDA:0,_RNvMNtCsbv2TPaIhNiJ_4koan6sourceNtB2_10SourceFile7resolve
FNDA:60,_RNvMs_NtCsbv2TPaIhNiJ_4koan6sourceNtB4_16CurrentFileGuard4push
FNDA:120,_RNvNtCsbv2TPaIhNiJ_4koan6source11set_current
FNDA:414,_RNvNtCsbv2TPaIhNiJ_4koan6source7current
FNDA:60,_RNvNtCsbv2TPaIhNiJ_4koan6source8register
FNDA:966,_RNvXs0_NtCs9bl5tPvrGPp_4koan6sourceNtB5_16CurrentFileGuardNtNtNtCs27Vx93FoQ6z_4core3ops4drop4Drop4drop
FNDA:972,_RINvMNtCs9bl5tPvrGPp_4koan6sourceNtB3_10SourceFile3newReEB5_
FNDA:2,_RINvNtCs9bl5tPvrGPp_4koan6source4withINtNtCs27Vx93FoQ6z_4core6option6OptionTINtNtCsgW8esjfipvk_5alloc2rc2RceEmmEENCNvXs2_NtNtNtB4_7machine4core6kerrorNtB1V_10KErrorKindNtNtBE_3fmt7Display3fmt0EB4_
FNDA:1,_RINvNtCs9bl5tPvrGPp_4koan6source4withINtNtCsgW8esjfipvk_5alloc2rc2RceENCNvNtB2_5testss_28register_and_with_round_trip0EB4_
FNDA:4,_RINvNtCs9bl5tPvrGPp_4koan6source4withNtB2_9SourceLocNCNCNvNtNtNtB4_7machine4core6kerror18location_from_expr00EB4_
FNDA:0,_RINvNtCs9bl5tPvrGPp_4koan6source4withTINtNtCs27Vx93FoQ6z_4core6option6OptionNtNtCsgW8esjfipvk_5alloc6string6StringEIBB_mEB1P_ENCNvMs0_NtNtNtB4_7machine4core6kerrorNtB28_10KErrorKind16to_struct_fields0EB4_
FNDA:964,_RINvNtCs9bl5tPvrGPp_4koan6source4withTINtNtCsgW8esjfipvk_5alloc3vec3VechEINtNtNtNtCs75vJTIYSa2J_3std11collections4hash3map7HashMapjNtNtBF_6string6StringEENCNvNtNtB4_5parse15expression_tree17parse_with_source0EB4_
FNDA:1,_RINvNtCs9bl5tPvrGPp_4koan6source4withTmmENCNvNtNtNtNtB4_5parse15expression_tree5tests5spanss_63parse_with_path_stamps_file_on_expression_and_resolves_line_col0EB4_
FNDA:2,_RNCINvNtCs9bl5tPvrGPp_4koan6source4withINtNtCs27Vx93FoQ6z_4core6option6OptionTINtNtCsgW8esjfipvk_5alloc2rc2RceEmmEENCNvXs2_NtNtNtB6_7machine4core6kerrorNtB1X_10KErrorKindNtNtBG_3fmt7Display3fmt0E0B6_
FNDA:1,_RNCINvNtCs9bl5tPvrGPp_4koan6source4withINtNtCsgW8esjfipvk_5alloc2rc2RceENCNvNtB4_5testss_28register_and_with_round_trip0E0B6_
FNDA:4,_RNCINvNtCs9bl5tPvrGPp_4koan6source4withNtB4_9SourceLocNCNCNvNtNtNtB6_7machine4core6kerror18location_from_expr00E0B6_
FNDA:0,_RNCINvNtCs9bl5tPvrGPp_4koan6source4withTINtNtCs27Vx93FoQ6z_4core6option6OptionNtNtCsgW8esjfipvk_5alloc6string6StringEIBD_mEB1R_ENCNvMs0_NtNtNtB6_7machine4core6kerrorNtB2a_10KErrorKind16to_struct_fields0E0B6_
FNDA:964,_RNCINvNtCs9bl5tPvrGPp_4koan6source4withTINtNtCsgW8esjfipvk_5alloc3vec3VechEINtNtNtNtCs75vJTIYSa2J_3std11collections4hash3map7HashMapjNtNtBH_6string6StringEENCNvNtNtB6_5parse15expression_tree17parse_with_source0E0B6_
FNDA:1,_RNCINvNtCs9bl5tPvrGPp_4koan6source4withTmmENCNvNtNtNtNtB6_5parse15expression_tree5tests5spanss_63parse_with_path_stamps_file_on_expression_and_resolves_line_col0E0B6_
FNDA:1932,_RNCNvNtCs9bl5tPvrGPp_4koan6source11set_current0B5_
FNDA:968,_RNCNvNtCs9bl5tPvrGPp_4koan6source8register0B5_
FNDA:13271,_RNvMs1_NtCs9bl5tPvrGPp_4koan6sourceINtB5_7SpannedNtNtNtNtB7_7machine5model3ast14ExpressionPartE2atB7_
FNDA:1248,_RNvMs1_NtCs9bl5tPvrGPp_4koan6sourceINtB5_7SpannedNtNtNtNtB7_7machine5model3ast14ExpressionPartE4bareB7_
FNDA:2,_RNvMs1_NtCs9bl5tPvrGPp_4koan6sourceINtB5_7SpannedmE4bareB7_
FNDA:1,_RNvXs2_NtCs9bl5tPvrGPp_4koan6sourceINtB5_7SpannedNtNtNtNtB7_7machine5model3ast14ExpressionPartEINtNtCs27Vx93FoQ6z_4core7convert4FromBL_E4fromB7_
FNDA:1,_RNvXs2_NtCs9bl5tPvrGPp_4koan6sourceINtB5_7SpannedmEINtNtCs27Vx93FoQ6z_4core7convert4FrommE4fromB7_
FNDA:18,_RNvMNtCs9bl5tPvrGPp_4koan6sourceNtB2_10SourceFile7resolve
FNDA:966,_RNvMs_NtCs9bl5tPvrGPp_4koan6sourceNtB4_16CurrentFileGuard4push
FNDA:1932,_RNvNtCs9bl5tPvrGPp_4koan6source11set_current
FNDA:4020,_RNvNtCs9bl5tPvrGPp_4koan6source7current
FNDA:968,_RNvNtCs9bl5tPvrGPp_4koan6source8register
FNDA:1,_RNvNtNtCs9bl5tPvrGPp_4koan6source5testss_18resolve_first_line
FNDA:1,_RNvNtNtCs9bl5tPvrGPp_4koan6source5testss_18resolve_multi_line
FNDA:1,_RNvNtNtCs9bl5tPvrGPp_4koan6source5testss_24spanned_bare_has_no_span
FNDA:1,_RNvNtNtCs9bl5tPvrGPp_4koan6source5testss_28register_and_with_round_trip
FNDA:1,_RNvNtNtCs9bl5tPvrGPp_4koan6source5testss_33spanned_from_wraps_with_none_span
FNDA:1,_RNvNtNtCs9bl5tPvrGPp_4koan6source5testss_36guard_restores_previous_current_file
FNDA:1,_RNvNtNtCs9bl5tPvrGPp_4koan6source5testss_48resolve_utf16_columns_count_code_units_not_bytes
FNDA:1,_RNCNvNtNtCs9bl5tPvrGPp_4koan6source5testss_28register_and_with_round_trip0B7_
FNF:22
FNH:22
DA:38,1032
DA:39,1032
DA:40,1032
DA:41,48518
DA:42,48518
DA:43,552
DA:44,47966
DA:46,1032
DA:47,1032
DA:48,1032
DA:49,1032
DA:50,1032
DA:51,1032
DA:54,18
DA:55,18
DA:56,11
DA:57,7
DA:59,18
DA:60,18
DA:61,18
DA:62,18
DA:63,18
DA:73,1028
DA:74,1028
DA:75,1028
DA:76,1028
DA:77,1028
DA:78,1028
DA:79,1028
DA:80,1028
DA:85,1032
DA:86,1032
DA:87,1032
DA:88,1032
DA:89,1032
DA:90,1032
DA:91,1032
DA:92,1032
DA:93,1032
DA:94,1032
DA:95,1032
DA:98,4434
DA:99,4434
DA:100,4434
DA:104,2052
DA:105,2052
DA:106,2052
DA:117,1026
DA:118,1026
DA:119,1026
DA:120,1026
DA:121,1026
DA:125,1026
DA:126,1026
DA:127,1026
DA:139,1387
DA:140,1387
DA:141,1387
DA:143,14749
DA:144,14749
DA:145,14749
DA:146,14749
DA:147,14749
DA:148,14749
DA:152,2
DA:153,2
DA:154,2
DA:162,1
DA:163,1
DA:164,1
DA:165,1
DA:166,1
DA:169,1
DA:170,1
DA:171,1
DA:172,1
DA:173,1
DA:174,1
DA:175,1
DA:178,1
DA:181,1
DA:182,1
DA:184,1
DA:186,1
DA:187,1
DA:190,1
DA:191,1
DA:192,1
DA:193,1
DA:194,1
DA:197,1
DA:198,1
DA:199,1
DA:200,1
DA:201,1
DA:203,1
DA:204,1
DA:206,1
DA:207,1
DA:210,1
DA:211,1
DA:212,1
DA:213,1
DA:214,1
DA:217,1
DA:218,1
DA:219,1
DA:220,1
BRF:0
BRH:0
LF:112
LH:112
end_of_record
SF:/var/home/jack/Code/koan/src/step_fixture.rs
FN:34,_RINvNtCsbv2TPaIhNiJ_4koan12step_fixture10drive_stepNCNvCsb3VrijgZWZf_12compile_fails_39step_carrier_consumed_in_brand_compiles0EBR_
FN:34,_RINvNtCsbv2TPaIhNiJ_4koan12step_fixture10drive_steppEB4_
FN:34,_RINvNtCs9bl5tPvrGPp_4koan12step_fixture10drive_steppEB4_
FNDA:1,_RINvNtCsbv2TPaIhNiJ_4koan12step_fixture10drive_stepNCNvCsb3VrijgZWZf_12compile_fails_39step_carrier_consumed_in_brand_compiles0EBR_
FNDA:0,_RINvNtCsbv2TPaIhNiJ_4koan12step_fixture10drive_steppEB4_
FNDA:0,_RINvNtCs9bl5tPvrGPp_4koan12step_fixture10drive_steppEB4_
FNF:1
FNH:1
DA:34,1
DA:35,1
DA:36,1
DA:37,1
BRF:0
BRH:0
LF:4
LH:4
end_of_record