SF:/var/home/jack/Code/koan/src/builtins.rs
FN:148,_RNvNtCseNVRx00pSZ_4koan8builtins13default_scope
FN:104,_RNvNtCseNVRx00pSZ_4koan8builtins16register_builtin
FN:81,_RNvNtCseNVRx00pSZ_4koan8builtins21register_builtin_full
FN:70,_RNvNtCseNVRx00pSZ_4koan8builtins21type_part_binder_name
FN:41,_RNvNtCseNVRx00pSZ_4koan8builtins2kw
FN:46,_RNvNtCseNVRx00pSZ_4koan8builtins3arg
FN:55,_RNvNtCseNVRx00pSZ_4koan8builtins3sig
FN:148,_RNvNtCshhLDRWZdUzD_4koan8builtins13default_scope
FN:104,_RNvNtCshhLDRWZdUzD_4koan8builtins16register_builtin
FN:118,_RNvNtCshhLDRWZdUzD_4koan8builtins20register_overload_at
FN:81,_RNvNtCshhLDRWZdUzD_4koan8builtins21register_builtin_full
FN:70,_RNvNtCshhLDRWZdUzD_4koan8builtins21type_part_binder_name
FN:41,_RNvNtCshhLDRWZdUzD_4koan8builtins2kw
FN:46,_RNvNtCshhLDRWZdUzD_4koan8builtins3arg
FN:55,_RNvNtCshhLDRWZdUzD_4koan8builtins3sig
FNDA:43,_RNvNtCseNVRx00pSZ_4koan8builtins13default_scope
FNDA:989,_RNvNtCseNVRx00pSZ_4koan8builtins16register_builtin
FNDA:1634,_RNvNtCseNVRx00pSZ_4koan8builtins21register_builtin_full
FNDA:139,_RNvNtCseNVRx00pSZ_4koan8builtins21type_part_binder_name
FNDA:2881,_RNvNtCseNVRx00pSZ_4koan8builtins2kw
FNDA:3311,_RNvNtCseNVRx00pSZ_4koan8builtins3arg
FNDA:1634,_RNvNtCseNVRx00pSZ_4koan8builtins3sig
FNDA:480,_RNvNtCshhLDRWZdUzD_4koan8builtins13default_scope
FNDA:11060,_RNvNtCshhLDRWZdUzD_4koan8builtins16register_builtin
FNDA:3,_RNvNtCshhLDRWZdUzD_4koan8builtins20register_overload_at
FNDA:18261,_RNvNtCshhLDRWZdUzD_4koan8builtins21register_builtin_full
FNDA:766,_RNvNtCshhLDRWZdUzD_4koan8builtins21type_part_binder_name
FNDA:32160,_RNvNtCshhLDRWZdUzD_4koan8builtins2kw
FNDA:36960,_RNvNtCshhLDRWZdUzD_4koan8builtins3arg
FNDA:18240,_RNvNtCshhLDRWZdUzD_4koan8builtins3sig
FNF:8
FNH:8
DA:41,35041
DA:42,35041
DA:43,35041
DA:46,40271
DA:47,40271
DA:48,40271
DA:49,40271
DA:50,40271
DA:51,40271
DA:55,19874
DA:56,19874
DA:57,19874
DA:58,19874
DA:59,19874
DA:60,19874
DA:61,19874
DA:62,19874
DA:63,19874
DA:70,905
DA:71,905
DA:72,905
DA:73,905
DA:74,905
DA:81,19895
DA:82,19895
DA:83,19895
DA:84,19895
DA:85,19895
DA:86,19895
DA:87,19895
DA:88,19895
DA:89,19895
DA:90,19895
DA:91,19895
DA:92,19895
DA:93,19895
DA:94,19895
DA:95,19895
DA:96,19895
DA:97,19895
DA:98,19895
DA:99,19895
DA:100,19895
DA:101,19895
DA:104,12049
DA:105,12049
DA:106,12049
DA:107,12049
DA:108,12049
DA:109,12049
DA:110,12049
DA:111,12049
DA:118,3
DA:119,3
DA:120,3
DA:121,3
DA:122,3
DA:123,3
DA:124,3
DA:125,3
DA:126,3
DA:127,3
DA:128,3
DA:129,3
DA:130,3
DA:131,3
DA:132,3
DA:133,3
DA:134,3
DA:135,3
DA:136,3
DA:137,3
DA:138,3
DA:148,523
DA:149,523
DA:150,523
DA:151,523
DA:152,523
DA:153,523
DA:154,523
DA:156,523
DA:157,523
DA:158,523
DA:160,523
DA:162,523
DA:163,523
DA:164,523
DA:166,523
DA:168,523
DA:169,523
DA:170,523
DA:172,523
DA:174,523
DA:175,523
DA:176,523
DA:178,523
DA:180,523
DA:181,523
DA:182,523
DA:184,523
DA:186,523
DA:187,523
DA:188,523
DA:190,523
DA:192,523
DA:193,523
DA:194,523
DA:196,523
DA:198,523
DA:199,523
DA:200,523
DA:202,523
DA:204,523
DA:205,523
DA:206,523
DA:208,523
DA:210,523
DA:211,523
DA:212,523
DA:214,523
DA:216,523
DA:217,523
DA:218,523
DA:220,523
DA:223,523
DA:224,523
DA:225,523
DA:226,523
DA:227,523
DA:228,523
DA:229,523
DA:230,523
DA:231,523
DA:232,523
DA:233,523
DA:234,523
DA:235,523
DA:236,523
DA:237,523
DA:238,523
DA:239,523
DA:240,523
DA:241,523
DA:242,523
DA:243,523
DA:244,523
DA:246,523
DA:247,523
BRF:0
BRH:0
LF:148
LH:148
end_of_record
SF:/var/home/jack/Code/koan/src/builtins/ascribe.rs
FN:253,_RNCNvNtNtCseNVRx00pSZ_4koan8builtins7ascribe22abstract_type_names_ofs_0B7_
FN:20,_RNvNtNtCseNVRx00pSZ_4koan8builtins7ascribe11body_opaque
FN:204,_RNvNtNtCseNVRx00pSZ_4koan8builtins7ascribe11shape_check
FN:142,_RNvNtNtCseNVRx00pSZ_4koan8builtins7ascribe16body_transparent
FN:247,_RNvNtNtCseNVRx00pSZ_4koan8builtins7ascribe22abstract_type_names_of
FN:166,_RNvNtNtCseNVRx00pSZ_4koan8builtins7ascribe28resolve_module_and_signature
FN:257,_RNvNtNtCseNVRx00pSZ_4koan8builtins7ascribe8register
FN:177,_RNvNvNtNtCseNVRx00pSZ_4koan8builtins7ascribe28resolve_module_and_signature24type_mismatch_or_missing
FN:253,_RNCNvNtNtCshhLDRWZdUzD_4koan8builtins7ascribe22abstract_type_names_ofs_0B7_
FN:20,_RNvNtNtCshhLDRWZdUzD_4koan8builtins7ascribe11body_opaque
FN:204,_RNvNtNtCshhLDRWZdUzD_4koan8builtins7ascribe11shape_check
FN:142,_RNvNtNtCshhLDRWZdUzD_4koan8builtins7ascribe16body_transparent
FN:247,_RNvNtNtCshhLDRWZdUzD_4koan8builtins7ascribe22abstract_type_names_of
FN:166,_RNvNtNtCshhLDRWZdUzD_4koan8builtins7ascribe28resolve_module_and_signature
FN:257,_RNvNtNtCshhLDRWZdUzD_4koan8builtins7ascribe8register
FN:177,_RNvNvNtNtCshhLDRWZdUzD_4koan8builtins7ascribe28resolve_module_and_signature24type_mismatch_or_missing
FNDA:6,_RNCNvNtNtCseNVRx00pSZ_4koan8builtins7ascribe22abstract_type_names_ofs_0B7_
FNDA:1,_RNvNtNtCseNVRx00pSZ_4koan8builtins7ascribe11body_opaque
FNDA:5,_RNvNtNtCseNVRx00pSZ_4koan8builtins7ascribe11shape_check
FNDA:4,_RNvNtNtCseNVRx00pSZ_4koan8builtins7ascribe16body_transparent
FNDA:6,_RNvNtNtCseNVRx00pSZ_4koan8builtins7ascribe22abstract_type_names_of
FNDA:5,_RNvNtNtCseNVRx00pSZ_4koan8builtins7ascribe28resolve_module_and_signature
FNDA:43,_RNvNtNtCseNVRx00pSZ_4koan8builtins7ascribe8register
FNDA:0,_RNvNvNtNtCseNVRx00pSZ_4koan8builtins7ascribe28resolve_module_and_signature24type_mismatch_or_missing
FNDA:103,_RNCNvNtNtCshhLDRWZdUzD_4koan8builtins7ascribe22abstract_type_names_ofs_0B7_
FNDA:21,_RNvNtNtCshhLDRWZdUzD_4koan8builtins7ascribe11body_opaque
FNDA:40,_RNvNtNtCshhLDRWZdUzD_4koan8builtins7ascribe11shape_check
FNDA:19,_RNvNtNtCshhLDRWZdUzD_4koan8builtins7ascribe16body_transparent
FNDA:69,_RNvNtNtCshhLDRWZdUzD_4koan8builtins7ascribe22abstract_type_names_of
FNDA:40,_RNvNtNtCshhLDRWZdUzD_4koan8builtins7ascribe28resolve_module_and_signature
FNDA:480,_RNvNtNtCshhLDRWZdUzD_4koan8builtins7ascribe8register
FNDA:0,_RNvNvNtNtCshhLDRWZdUzD_4koan8builtins7ascribe28resolve_module_and_signature24type_mismatch_or_missing
FNF:8
FNH:7
DA:20,22
DA:21,22
DA:22,22
DA:25,22
DA:27,22
DA:28,22
DA:29,22
DA:30,22
DA:33,22
DA:34,22
DA:35,0
DA:36,22
DA:42,22
DA:44,22
DA:48,22
DA:50,22
DA:51,22
DA:52,13
DA:53,13
DA:54,13
DA:56,3
DA:57,3
DA:60,3
DA:61,3
DA:62,3
DA:64,0
DA:68,3
DA:69,3
DA:70,3
DA:71,3
DA:73,3
DA:74,3
DA:75,3
DA:76,3
DA:77,3
DA:78,3
DA:79,3
DA:80,3
DA:81,3
DA:83,10
DA:84,10
DA:85,10
DA:86,10
DA:88,13
DA:91,22
DA:92,13
DA:93,13
DA:94,13
DA:95,13
DA:96,9
DA:99,22
DA:100,22
DA:101,32
DA:102,32
DA:103,13
DA:104,19
DA:107,3
DA:108,3
DA:110,3
DA:111,3
DA:112,3
DA:113,16
DA:115,22
DA:116,22
DA:117,3
DA:118,3
DA:119,3
DA:120,3
DA:121,19
DA:124,22
DA:125,2
DA:126,20
DA:128,20
DA:133,20
DA:134,20
DA:135,20
DA:136,22
DA:142,23
DA:143,23
DA:144,23
DA:147,23
DA:148,23
DA:149,0
DA:150,23
DA:151,23
DA:152,23
DA:153,23
DA:154,23
DA:155,23
DA:156,23
DA:159,23
DA:160,23
DA:161,23
DA:162,23
DA:166,45
DA:167,45
DA:168,45
DA:169,45
DA:170,45
DA:171,45
DA:172,45
DA:173,45
DA:174,45
DA:177,0
DA:178,0
DA:179,0
DA:180,0
DA:181,0
DA:182,0
DA:183,0
DA:184,0
DA:185,0
DA:186,0
DA:187,0
DA:188,0
DA:190,0
DA:192,45
DA:193,45
DA:194,0
DA:196,45
DA:197,45
DA:198,0
DA:200,45
DA:201,45
DA:204,45
DA:205,45
DA:206,45
DA:207,45
DA:208,45
DA:209,45
DA:210,45
DA:211,45
DA:215,45
DA:216,45
DA:217,45
DA:218,45
DA:219,45
DA:220,45
DA:221,45
DA:222,45
DA:223,45
DA:224,45
DA:225,45
DA:226,45
DA:227,45
DA:228,59
DA:229,59
DA:230,17
DA:231,42
DA:232,42
DA:233,2
DA:234,2
DA:235,2
DA:236,2
DA:237,40
DA:239,43
DA:240,45
DA:247,75
DA:248,75
DA:249,75
DA:250,75
DA:251,75
DA:252,75
DA:253,109
DA:254,75
DA:255,75
DA:257,523
DA:261,523
DA:262,523
DA:263,523
DA:264,523
DA:265,523
DA:266,523
DA:269,523
DA:270,523
DA:271,523
DA:272,523
DA:273,523
DA:274,523
DA:277,523
DA:278,523
DA:279,523
BRF:0
BRH:0
LF:183
LH:165
end_of_record
SF:/var/home/jack/Code/koan/src/builtins/attr.rs
FN:342,_RNCNvNtNtCseNVRx00pSZ_4koan8builtins4attr20access_module_member0B7_
FN:347,_RNCNvNtNtCseNVRx00pSZ_4koan8builtins4attr20access_module_members_0B7_
FN:371,_RNCNvNtNtCseNVRx00pSZ_4koan8builtins4attr8register0B7_
FN:399,_RNCNvNtNtCseNVRx00pSZ_4koan8builtins4attr8registers0_0B7_
FN:409,_RNCNvNtNtCseNVRx00pSZ_4koan8builtins4attr8registers1_0B7_
FN:419,_RNCNvNtNtCseNVRx00pSZ_4koan8builtins4attr8registers2_0B7_
FN:430,_RNCNvNtNtCseNVRx00pSZ_4koan8builtins4attr8registers3_0B7_
FN:381,_RNCNvNtNtCseNVRx00pSZ_4koan8builtins4attr8registers_0B7_
FN:170,_RNvNtNtCseNVRx00pSZ_4koan8builtins4attr11body_module
FN:235,_RNvNtNtCseNVRx00pSZ_4koan8builtins4attr12access_field
FN:149,_RNvNtNtCseNVRx00pSZ_4koan8builtins4attr12body_newtype
FN:108,_RNvNtNtCseNVRx00pSZ_4koan8builtins4attr13body_type_lhs
FN:65,_RNvNtNtCseNVRx00pSZ_4koan8builtins4attr15body_identifier
FN:40,_RNvNtNtCseNVRx00pSZ_4koan8builtins4attr15read_field_name
FN:198,_RNvNtNtCseNVRx00pSZ_4koan8builtins4attr18access_type_member
FN:300,_RNvNtNtCseNVRx00pSZ_4koan8builtins4attr20access_module_member
FN:32,_RNvNtNtCseNVRx00pSZ_4koan8builtins4attr5route
FN:370,_RNvNtNtCseNVRx00pSZ_4koan8builtins4attr8register
FN:342,_RNCNvNtNtCshhLDRWZdUzD_4koan8builtins4attr20access_module_member0B7_
FN:347,_RNCNvNtNtCshhLDRWZdUzD_4koan8builtins4attr20access_module_members_0B7_
FN:371,_RNCNvNtNtCshhLDRWZdUzD_4koan8builtins4attr8register0B7_
FN:399,_RNCNvNtNtCshhLDRWZdUzD_4koan8builtins4attr8registers0_0B7_
FN:409,_RNCNvNtNtCshhLDRWZdUzD_4koan8builtins4attr8registers1_0B7_
FN:419,_RNCNvNtNtCshhLDRWZdUzD_4koan8builtins4attr8registers2_0B7_
FN:430,_RNCNvNtNtCshhLDRWZdUzD_4koan8builtins4attr8registers3_0B7_
FN:381,_RNCNvNtNtCshhLDRWZdUzD_4koan8builtins4attr8registers_0B7_
FN:498,_RNvNtNtNtCshhLDRWZdUzD_4koan8builtins4attr5testss_24attr_unbound_name_errors
FN:525,_RNvNtNtNtCshhLDRWZdUzD_4koan8builtins4attr5testss_25attr_unknown_field_errors
FN:509,_RNvNtNtNtCshhLDRWZdUzD_4koan8builtins4attr5testss_31attr_on_non_struct_value_errors
FN:541,_RNvNtNtNtCshhLDRWZdUzD_4koan8builtins4attr5testss_33attr_chained_unknown_field_errors
FN:482,_RNvNtNtNtCshhLDRWZdUzD_4koan8builtins4attr5testss_34attr_chained_through_nested_struct
FN:458,_RNvNtNtNtCshhLDRWZdUzD_4koan8builtins4attr5testss_34attr_reads_field_from_named_struct
FN:470,_RNvNtNtNtCshhLDRWZdUzD_4koan8builtins4attr5testss_35attr_reads_each_field_independently
FN:578,_RNvNtNtNtCshhLDRWZdUzD_4koan8builtins4attr5testss_39access_field_rejects_wrapped_non_struct
FN:622,_RNvNtNtNtCshhLDRWZdUzD_4koan8builtins4attr5testss_41transparent_view_slot_read_stays_concrete
FN:601,_RNvNtNtNtCshhLDRWZdUzD_4koan8builtins4attr5testss_48opaque_view_slot_read_re_tags_with_abstract_type
FN:562,_RNvNtNtNtCshhLDRWZdUzD_4koan8builtins4attr5testss_49access_field_falls_through_wrapped_record_newtype
FN:643,_RNvNtNtNtCshhLDRWZdUzD_4koan8builtins4attr5testss_53access_field_falls_through_wrapped_with_missing_field
FN:170,_RNvNtNtCshhLDRWZdUzD_4koan8builtins4attr11body_module
FN:235,_RNvNtNtCshhLDRWZdUzD_4koan8builtins4attr12access_field
FN:149,_RNvNtNtCshhLDRWZdUzD_4koan8builtins4attr12body_newtype
FN:108,_RNvNtNtCshhLDRWZdUzD_4koan8builtins4attr13body_type_lhs
FN:65,_RNvNtNtCshhLDRWZdUzD_4koan8builtins4attr15body_identifier
FN:40,_RNvNtNtCshhLDRWZdUzD_4koan8builtins4attr15read_field_name
FN:198,_RNvNtNtCshhLDRWZdUzD_4koan8builtins4attr18access_type_member
FN:300,_RNvNtNtCshhLDRWZdUzD_4koan8builtins4attr20access_module_member
FN:32,_RNvNtNtCshhLDRWZdUzD_4koan8builtins4attr5route
FN:370,_RNvNtNtCshhLDRWZdUzD_4koan8builtins4attr8register
FNDA:0,_RNCNvNtNtCseNVRx00pSZ_4koan8builtins4attr20access_module_member0B7_
FNDA:0,_RNCNvNtNtCseNVRx00pSZ_4koan8builtins4attr20access_module_members_0B7_
FNDA:43,_RNCNvNtNtCseNVRx00pSZ_4koan8builtins4attr8register0B7_
FNDA:43,_RNCNvNtNtCseNVRx00pSZ_4koan8builtins4attr8registers0_0B7_
FNDA:43,_RNCNvNtNtCseNVRx00pSZ_4koan8builtins4attr8registers1_0B7_
FNDA:43,_RNCNvNtNtCseNVRx00pSZ_4koan8builtins4attr8registers2_0B7_
FNDA:43,_RNCNvNtNtCseNVRx00pSZ_4koan8builtins4attr8registers3_0B7_
FNDA:43,_RNCNvNtNtCseNVRx00pSZ_4koan8builtins4attr8registers_0B7_
FNDA:7,_RNvNtNtCseNVRx00pSZ_4koan8builtins4attr11body_module
FNDA:1,_RNvNtNtCseNVRx00pSZ_4koan8builtins4attr12access_field
FNDA:0,_RNvNtNtCseNVRx00pSZ_4koan8builtins4attr12body_newtype
FNDA:0,_RNvNtNtCseNVRx00pSZ_4koan8builtins4attr13body_type_lhs
FNDA:2,_RNvNtNtCseNVRx00pSZ_4koan8builtins4attr15body_identifier
FNDA:9,_RNvNtNtCseNVRx00pSZ_4koan8builtins4attr15read_field_name
FNDA:0,_RNvNtNtCseNVRx00pSZ_4koan8builtins4attr18access_type_member
FNDA:7,_RNvNtNtCseNVRx00pSZ_4koan8builtins4attr20access_module_member
FNDA:8,_RNvNtNtCseNVRx00pSZ_4koan8builtins4attr5route
FNDA:43,_RNvNtNtCseNVRx00pSZ_4koan8builtins4attr8register
FNDA:2,_RNCNvNtNtCshhLDRWZdUzD_4koan8builtins4attr20access_module_member0B7_
FNDA:2,_RNCNvNtNtCshhLDRWZdUzD_4koan8builtins4attr20access_module_members_0B7_
FNDA:480,_RNCNvNtNtCshhLDRWZdUzD_4koan8builtins4attr8register0B7_
FNDA:480,_RNCNvNtNtCshhLDRWZdUzD_4koan8builtins4attr8registers0_0B7_
FNDA:480,_RNCNvNtNtCshhLDRWZdUzD_4koan8builtins4attr8registers1_0B7_
FNDA:480,_RNCNvNtNtCshhLDRWZdUzD_4koan8builtins4attr8registers2_0B7_
FNDA:480,_RNCNvNtNtCshhLDRWZdUzD_4koan8builtins4attr8registers3_0B7_
FNDA:480,_RNCNvNtNtCshhLDRWZdUzD_4koan8builtins4attr8registers_0B7_
FNDA:1,_RNvNtNtNtCshhLDRWZdUzD_4koan8builtins4attr5testss_24attr_unbound_name_errors
FNDA:1,_RNvNtNtNtCshhLDRWZdUzD_4koan8builtins4attr5testss_25attr_unknown_field_errors
FNDA:1,_RNvNtNtNtCshhLDRWZdUzD_4koan8builtins4attr5testss_31attr_on_non_struct_value_errors
FNDA:1,_RNvNtNtNtCshhLDRWZdUzD_4koan8builtins4attr5testss_33attr_chained_unknown_field_errors
FNDA:1,_RNvNtNtNtCshhLDRWZdUzD_4koan8builtins4attr5testss_34attr_chained_through_nested_struct
FNDA:1,_RNvNtNtNtCshhLDRWZdUzD_4koan8builtins4attr5testss_34attr_reads_field_from_named_struct
FNDA:1,_RNvNtNtNtCshhLDRWZdUzD_4koan8builtins4attr5testss_35attr_reads_each_field_independently
FNDA:1,_RNvNtNtNtCshhLDRWZdUzD_4koan8builtins4attr5testss_39access_field_rejects_wrapped_non_struct
FNDA:1,_RNvNtNtNtCshhLDRWZdUzD_4koan8builtins4attr5testss_41transparent_view_slot_read_stays_concrete
FNDA:1,_RNvNtNtNtCshhLDRWZdUzD_4koan8builtins4attr5testss_48opaque_view_slot_read_re_tags_with_abstract_type
FNDA:1,_RNvNtNtNtCshhLDRWZdUzD_4koan8builtins4attr5testss_49access_field_falls_through_wrapped_record_newtype
FNDA:1,_RNvNtNtNtCshhLDRWZdUzD_4koan8builtins4attr5testss_53access_field_falls_through_wrapped_with_missing_field
FNDA:20,_RNvNtNtCshhLDRWZdUzD_4koan8builtins4attr11body_module
FNDA:21,_RNvNtNtCshhLDRWZdUzD_4koan8builtins4attr12access_field
FNDA:2,_RNvNtNtCshhLDRWZdUzD_4koan8builtins4attr12body_newtype
FNDA:1,_RNvNtNtCshhLDRWZdUzD_4koan8builtins4attr13body_type_lhs
FNDA:22,_RNvNtNtCshhLDRWZdUzD_4koan8builtins4attr15body_identifier
FNDA:45,_RNvNtNtCshhLDRWZdUzD_4koan8builtins4attr15read_field_name
FNDA:0,_RNvNtNtCshhLDRWZdUzD_4koan8builtins4attr18access_type_member
FNDA:23,_RNvNtNtCshhLDRWZdUzD_4koan8builtins4attr20access_module_member
FNDA:43,_RNvNtNtCshhLDRWZdUzD_4koan8builtins4attr5route
FNDA:480,_RNvNtNtCshhLDRWZdUzD_4koan8builtins4attr8register
FNF:30
FNH:29
DA:32,51
DA:33,51
DA:34,51
DA:35,51
DA:36,51
DA:40,54
DA:42,54
DA:43,42
DA:44,42
DA:45,0
DA:46,0
DA:47,0
DA:48,0
DA:49,0
DA:51,12
DA:52,12
DA:53,12
DA:54,12
DA:55,0
DA:57,0
DA:58,0
DA:59,54
DA:65,24
DA:66,24
DA:67,24
DA:69,24
DA:70,24
DA:71,0
DA:72,0
DA:73,0
DA:74,0
DA:75,0
DA:76,0
DA:78,0
DA:80,24
DA:83,24
DA:84,19
DA:85,5
DA:86,5
DA:87,0
DA:88,3
DA:90,0
DA:93,0
DA:95,0
DA:96,0
DA:98,2
DA:99,2
DA:100,24
DA:108,1
DA:109,1
DA:110,1
DA:112,1
DA:113,1
DA:115,0
DA:116,0
DA:117,0
DA:118,0
DA:119,0
DA:120,0
DA:121,0
DA:125,1
DA:126,1
DA:127,1
DA:130,0
DA:131,0
DA:132,0
DA:134,1
DA:135,1
DA:136,1
DA:137,1
DA:138,1
DA:139,1
DA:140,1
DA:141,1
DA:144,0
DA:146,1
DA:149,2
DA:150,2
DA:151,2
DA:153,2
DA:154,2
DA:155,0
DA:157,2
DA:161,2
DA:162,2
DA:163,2
DA:164,2
DA:165,2
DA:167,2
DA:170,27
DA:171,27
DA:172,27
DA:174,27
DA:175,27
DA:177,0
DA:178,0
DA:179,0
DA:180,0
DA:181,0
DA:182,0
DA:183,0
DA:184,0
DA:185,0
DA:186,0
DA:187,0
DA:191,27
DA:192,27
DA:193,27
DA:198,0
DA:199,0
DA:200,0
DA:201,0
DA:202,0
DA:203,0
DA:206,0
DA:207,0
DA:208,0
DA:209,0
DA:210,0
DA:212,0
DA:213,0
DA:215,0
DA:216,0
DA:217,0
DA:218,0
DA:224,0
DA:226,0
DA:227,0
DA:228,0
DA:229,0
DA:230,0
DA:231,0
DA:233,0
DA:235,22
DA:236,22
DA:237,22
DA:238,22
DA:239,22
DA:240,22
DA:241,22
DA:251,18
DA:252,17
DA:253,14
DA:254,14
DA:255,14
DA:256,14
DA:260,0
DA:261,0
DA:263,3
DA:264,3
DA:265,3
DA:266,3
DA:267,3
DA:269,1
DA:271,4
DA:272,4
DA:273,4
DA:274,4
DA:275,4
DA:277,22
DA:300,30
DA:301,30
DA:302,30
DA:303,30
DA:304,30
DA:305,30
DA:310,10
DA:311,5
DA:312,5
DA:314,5
DA:315,5
DA:316,5
DA:320,20
DA:327,20
DA:328,17
DA:329,17
DA:339,2
DA:340,2
DA:341,2
DA:342,2
DA:344,2
DA:345,2
DA:346,2
DA:347,2
DA:348,2
DA:349,2
DA:350,2
DA:351,2
DA:352,2
DA:354,0
DA:355,2
DA:357,15
DA:358,15
DA:360,2
DA:361,2
DA:363,1
DA:364,1
DA:365,1
DA:366,1
DA:368,30
DA:370,523
DA:371,523
DA:372,523
DA:373,523
DA:374,523
DA:375,523
DA:376,523
DA:377,523
DA:380,523
DA:381,523
DA:382,523
DA:383,523
DA:384,523
DA:385,523
DA:386,523
DA:387,523
DA:390,523
DA:399,523
DA:400,523
DA:401,523
DA:402,523
DA:403,523
DA:404,523
DA:405,523
DA:408,523
DA:409,523
DA:410,523
DA:411,523
DA:412,523
DA:413,523
DA:414,523
DA:415,523
DA:418,523
DA:419,523
DA:420,523
DA:421,523
DA:422,523
DA:423,523
DA:424,523
DA:425,523
DA:428,523
DA:430,523
DA:431,523
DA:432,523
DA:433,523
DA:434,523
DA:435,523
DA:436,523
DA:439,523
DA:442,523
DA:443,523
DA:444,523
DA:445,523
DA:446,523
DA:447,523
DA:448,523
DA:458,1
DA:459,1
DA:460,1
DA:461,1
DA:462,1
DA:463,1
DA:465,1
DA:466,1
DA:467,1
DA:470,1
DA:471,1
DA:472,1
DA:473,1
DA:474,1
DA:475,1
DA:477,1
DA:478,1
DA:479,1
DA:482,1
DA:483,1
DA:484,1
DA:485,1
DA:486,1
DA:487,1
DA:488,1
DA:489,1
DA:490,1
DA:491,1
DA:493,1
DA:494,1
DA:495,1
DA:498,1
DA:499,1
DA:500,1
DA:501,1
DA:502,1
DA:503,1
DA:506,1
DA:509,1
DA:510,1
DA:511,1
DA:512,1
DA:513,1
DA:514,1
DA:515,1
DA:516,1
DA:517,1
DA:518,1
DA:520,0
DA:522,1
DA:525,1
DA:526,1
DA:527,1
DA:528,1
DA:529,1
DA:530,1
DA:532,1
DA:533,1
DA:534,1
DA:535,1
DA:538,1
DA:541,1
DA:542,1
DA:543,1
DA:544,1
DA:545,1
DA:546,1
DA:547,1
DA:548,1
DA:549,1
DA:550,1
DA:552,1
DA:553,1
DA:554,1
DA:555,1
DA:558,1
DA:562,1
DA:563,1
DA:564,1
DA:565,1
DA:566,1
DA:567,1
DA:568,1
DA:569,1
DA:570,1
DA:572,1
DA:573,1
DA:574,1
DA:578,1
DA:579,1
DA:580,1
DA:581,1
DA:582,1
DA:583,1
DA:584,1
DA:586,1
DA:587,1
DA:588,1
DA:589,1
DA:590,1
DA:591,1
DA:593,0
DA:595,1
DA:601,1
DA:602,1
DA:603,1
DA:604,1
DA:605,1
DA:606,1
DA:607,1
DA:608,1
DA:610,1
DA:611,1
DA:612,1
DA:615,0
DA:617,1
DA:622,1
DA:623,1
DA:624,1
DA:625,1
DA:626,1
DA:627,1
DA:628,1
DA:629,1
DA:631,1
DA:632,1
DA:633,1
DA:635,0
DA:637,1
DA:643,1
DA:644,1
DA:645,1
DA:646,1
DA:647,1
DA:648,1
DA:649,1
DA:650,1
DA:651,1
DA:653,1
DA:654,1
DA:655,1
DA:656,1
DA:659,1
BRF:0
BRH:0
LF:405
LH:330
end_of_record
SF:/var/home/jack/Code/koan/src/builtins/block_tail.rs
FN:64,_RNCNvNtNtCseNVRx00pSZ_4koan8builtins10block_tail10block_tail0B7_
FN:47,_RNvNtNtCseNVRx00pSZ_4koan8builtins10block_tail10block_tail
FN:64,_RNCNvNtNtCshhLDRWZdUzD_4koan8builtins10block_tail10block_tail0B7_
FN:47,_RNvNtNtCshhLDRWZdUzD_4koan8builtins10block_tail10block_tail
FNDA:0,_RNCNvNtNtCseNVRx00pSZ_4koan8builtins10block_tail10block_tail0B7_
FNDA:1,_RNvNtNtCseNVRx00pSZ_4koan8builtins10block_tail10block_tail
FNDA:84,_RNCNvNtNtCshhLDRWZdUzD_4koan8builtins10block_tail10block_tail0B7_
FNDA:102,_RNvNtNtCshhLDRWZdUzD_4koan8builtins10block_tail10block_tail
FNF:2
FNH:2
DA:47,103
DA:48,103
DA:49,103
DA:50,103
DA:51,103
DA:52,103
DA:53,103
DA:54,103
DA:56,8
DA:57,8
DA:60,84
DA:61,0
DA:63,84
DA:64,84
DA:65,0
DA:66,84
DA:68,11
DA:69,11
DA:70,2
DA:71,9
DA:72,11
DA:75,103
DA:76,8
DA:77,95
DA:78,95
DA:79,95
DA:80,95
DA:81,95
DA:82,95
DA:85,103
DA:86,103
DA:87,103
DA:88,103
DA:89,103
DA:90,103
DA:91,103
DA:92,103
BRF:0
BRH:0
LF:38
LH:36
end_of_record
SF:/var/home/jack/Code/koan/src/builtins/branch_walk.rs
FN:71,_RNCNvNtNtCseNVRx00pSZ_4koan8builtins11branch_walk8arm_tail0B7_
FN:88,_RNvNtNtCseNVRx00pSZ_4koan8builtins11branch_walk16find_branch_body
FN:18,_RNvNtNtCseNVRx00pSZ_4koan8builtins11branch_walk20resolve_arm_contract
FN:55,_RNvNtNtCseNVRx00pSZ_4koan8builtins11branch_walk8arm_tail
FN:88,_RNvNtNtCshhLDRWZdUzD_4koan8builtins11branch_walk16find_branch_body
FN:18,_RNvNtNtCshhLDRWZdUzD_4koan8builtins11branch_walk20resolve_arm_contract
FN:55,_RNvNtNtCshhLDRWZdUzD_4koan8builtins11branch_walk8arm_tail
FN:71,_RNCNvNtNtCshhLDRWZdUzD_4koan8builtins11branch_walk8arm_tail0B7_
FNDA:0,_RNCNvNtNtCseNVRx00pSZ_4koan8builtins11branch_walk8arm_tail0B7_
FNDA:0,_RNvNtNtCseNVRx00pSZ_4koan8builtins11branch_walk16find_branch_body
FNDA:0,_RNvNtNtCseNVRx00pSZ_4koan8builtins11branch_walk20resolve_arm_contract
FNDA:0,_RNvNtNtCseNVRx00pSZ_4koan8builtins11branch_walk8arm_tail
FNDA:91,_RNvNtNtCshhLDRWZdUzD_4koan8builtins11branch_walk16find_branch_body
FNDA:91,_RNvNtNtCshhLDRWZdUzD_4koan8builtins11branch_walk20resolve_arm_contract
FNDA:84,_RNvNtNtCshhLDRWZdUzD_4koan8builtins11branch_walk8arm_tail
FNDA:84,_RNCNvNtNtCshhLDRWZdUzD_4koan8builtins11branch_walk8arm_tail0B7_
FNF:4
FNH:4
DA:18,91
DA:19,91
DA:20,91
DA:21,91
DA:23,91
DA:24,0
DA:25,0
DA:26,0
DA:30,0
DA:31,0
DA:32,0
DA:33,0
DA:37,91
DA:39,0
DA:40,0
DA:41,0
DA:44,91
DA:45,91
DA:46,91
DA:47,91
DA:48,91
DA:49,91
DA:55,84
DA:56,84
DA:57,84
DA:58,84
DA:59,84
DA:60,84
DA:61,84
DA:62,84
DA:66,84
DA:71,84
DA:72,84
DA:73,84
DA:74,84
DA:75,84
DA:76,84
DA:77,84
DA:78,84
DA:79,84
DA:80,84
DA:81,84
DA:83,84
DA:88,91
DA:89,91
DA:90,91
DA:91,91
DA:92,91
DA:93,91
DA:94,91
DA:95,0
DA:96,0
DA:97,0
DA:98,0
DA:99,91
DA:100,91
DA:101,91
DA:102,133
DA:103,125
DA:104,125
DA:105,125
DA:106,125
DA:108,112
DA:111,9
DA:112,9
DA:113,6
DA:115,3
DA:119,4
DA:120,0
DA:121,0
DA:122,0
DA:123,0
DA:124,0
DA:127,125
DA:128,125
DA:129,0
DA:130,0
DA:131,0
DA:132,0
DA:133,0
DA:136,125
DA:137,123
DA:138,2
DA:139,2
DA:140,2
DA:141,2
DA:142,2
DA:145,123
DA:146,81
DA:147,42
DA:148,42
DA:149,4
DA:150,38
DA:151,42
DA:153,8
DA:154,91
BRF:0
BRH:0
LF:97
LH:73
end_of_record
SF:/var/home/jack/Code/koan/src/builtins/catch.rs
FN:90,_RNCNCNvNtNtCseNVRx00pSZ_4koan8builtins5catch4body00B9_
FN:106,_RNCNCNvNtNtCseNVRx00pSZ_4koan8builtins5catch4body0s0_0B9_
FN:101,_RNCNCNvNtNtCseNVRx00pSZ_4koan8builtins5catch4body0s_0B9_
FN:58,_RNCNvNtNtCseNVRx00pSZ_4koan8builtins5catch4body0B7_
FN:61,_RNvNCNvNtNtCseNVRx00pSZ_4koan8builtins5catch4body012build_result
FN:38,_RNvNtNtCseNVRx00pSZ_4koan8builtins5catch4body
FN:15,_RNvNtNtCseNVRx00pSZ_4koan8builtins5catch8register
FN:61,_RNvNCNvNtNtCshhLDRWZdUzD_4koan8builtins5catch4body012build_result
FN:38,_RNvNtNtCshhLDRWZdUzD_4koan8builtins5catch4body
FN:15,_RNvNtNtCshhLDRWZdUzD_4koan8builtins5catch8register
FN:90,_RNCNCNvNtNtCshhLDRWZdUzD_4koan8builtins5catch4body00B9_
FN:106,_RNCNCNvNtNtCshhLDRWZdUzD_4koan8builtins5catch4body0s0_0B9_
FN:101,_RNCNCNvNtNtCshhLDRWZdUzD_4koan8builtins5catch4body0s_0B9_
FN:58,_RNCNvNtNtCshhLDRWZdUzD_4koan8builtins5catch4body0B7_
FNDA:0,_RNCNCNvNtNtCseNVRx00pSZ_4koan8builtins5catch4body00B9_
FNDA:0,_RNCNCNvNtNtCseNVRx00pSZ_4koan8builtins5catch4body0s0_0B9_
FNDA:0,_RNCNCNvNtNtCseNVRx00pSZ_4koan8builtins5catch4body0s_0B9_
FNDA:0,_RNCNvNtNtCseNVRx00pSZ_4koan8builtins5catch4body0B7_
FNDA:0,_RNvNCNvNtNtCseNVRx00pSZ_4koan8builtins5catch4body012build_result
FNDA:0,_RNvNtNtCseNVRx00pSZ_4koan8builtins5catch4body
FNDA:43,_RNvNtNtCseNVRx00pSZ_4koan8builtins5catch8register
FNDA:8,_RNvNCNvNtNtCshhLDRWZdUzD_4koan8builtins5catch4body012build_result
FNDA:8,_RNvNtNtCshhLDRWZdUzD_4koan8builtins5catch4body
FNDA:480,_RNvNtNtCshhLDRWZdUzD_4koan8builtins5catch8register
FNDA:3,_RNCNCNvNtNtCshhLDRWZdUzD_4koan8builtins5catch4body00B9_
FNDA:5,_RNCNCNvNtNtCshhLDRWZdUzD_4koan8builtins5catch4body0s0_0B9_
FNDA:5,_RNCNCNvNtNtCshhLDRWZdUzD_4koan8builtins5catch4body0s_0B9_
FNDA:8,_RNCNvNtNtCshhLDRWZdUzD_4koan8builtins5catch4body0B7_
FNF:7
FNH:7
DA:15,523
DA:21,523
DA:22,523
DA:23,0
DA:25,523
DA:26,523
DA:27,523
DA:28,523
DA:29,523
DA:30,523
DA:31,523
DA:33,523
DA:34,523
DA:38,8
DA:39,8
DA:40,8
DA:48,8
DA:51,8
DA:52,8
DA:53,0
DA:57,8
DA:58,8
DA:61,8
DA:62,8
DA:63,8
DA:64,0
DA:66,8
DA:67,8
DA:68,8
DA:69,8
DA:70,8
DA:71,8
DA:72,8
DA:73,8
DA:78,8
DA:79,8
DA:80,8
DA:81,8
DA:82,8
DA:83,8
DA:84,8
DA:85,8
DA:88,3
DA:89,3
DA:90,3
DA:91,3
DA:92,3
DA:93,3
DA:94,3
DA:95,3
DA:96,3
DA:100,5
DA:101,5
DA:102,5
DA:103,5
DA:104,5
DA:105,5
DA:106,5
DA:107,5
DA:108,5
DA:109,5
DA:110,5
DA:111,5
DA:112,5
DA:116,8
DA:117,8
DA:118,8
DA:119,8
DA:120,8
DA:121,8
DA:122,8
DA:123,8
DA:124,8
DA:125,8
BRF:0
BRH:0
LF:76
LH:73
end_of_record
SF:/var/home/jack/Code/koan/src/builtins/eval.rs
FN:15,_RNvNtNtCseNVRx00pSZ_4koan8builtins4eval4body
FN:47,_RNvNtNtCseNVRx00pSZ_4koan8builtins4eval8register
FN:37,_RNCNvNtNtCseNVRx00pSZ_4koan8builtins4eval4body0B7_
FN:15,_RNvNtNtCshhLDRWZdUzD_4koan8builtins4eval4body
FN:47,_RNvNtNtCshhLDRWZdUzD_4koan8builtins4eval8register
FN:60,_RNvNtNtNtCshhLDRWZdUzD_4koan8builtins4eval5tests11run_program
FN:117,_RNvNtNtNtCshhLDRWZdUzD_4koan8builtins4eval5testss_21recursive_eval_no_uaf
FN:69,_RNvNtNtNtCshhLDRWZdUzD_4koan8builtins4eval5testss_22eval_of_quoted_literal
FN:103,_RNvNtNtNtCshhLDRWZdUzD_4koan8builtins4eval5testss_34multiline_sigil_collapse_roundtrip
FN:109,_RNvNtNtNtCshhLDRWZdUzD_4koan8builtins4eval5testss_35eval_returns_inner_expression_value
FN:97,_RNvNtNtNtCshhLDRWZdUzD_4koan8builtins4eval5testss_37eval_runs_side_effects_in_quoted_body
FN:75,_RNvNtNtNtCshhLDRWZdUzD_4koan8builtins4eval5testss_38eval_of_function_returning_kexpression
FN:84,_RNvNtNtNtCshhLDRWZdUzD_4koan8builtins4eval5testss_49eval_of_non_kexpression_errors_with_type_mismatch
FN:37,_RNCNvNtNtCshhLDRWZdUzD_4koan8builtins4eval4body0B7_
FNDA:0,_RNvNtNtCseNVRx00pSZ_4koan8builtins4eval4body
FNDA:43,_RNvNtNtCseNVRx00pSZ_4koan8builtins4eval8register
FNDA:0,_RNCNvNtNtCseNVRx00pSZ_4koan8builtins4eval4body0B7_
FNDA:9,_RNvNtNtCshhLDRWZdUzD_4koan8builtins4eval4body
FNDA:480,_RNvNtNtCshhLDRWZdUzD_4koan8builtins4eval8register
FNDA:6,_RNvNtNtNtCshhLDRWZdUzD_4koan8builtins4eval5tests11run_program
FNDA:1,_RNvNtNtNtCshhLDRWZdUzD_4koan8builtins4eval5testss_21recursive_eval_no_uaf
FNDA:1,_RNvNtNtNtCshhLDRWZdUzD_4koan8builtins4eval5testss_22eval_of_quoted_literal
FNDA:1,_RNvNtNtNtCshhLDRWZdUzD_4koan8builtins4eval5testss_34multiline_sigil_collapse_roundtrip
FNDA:1,_RNvNtNtNtCshhLDRWZdUzD_4koan8builtins4eval5testss_35eval_returns_inner_expression_value
FNDA:1,_RNvNtNtNtCshhLDRWZdUzD_4koan8builtins4eval5testss_37eval_runs_side_effects_in_quoted_body
FNDA:1,_RNvNtNtNtCshhLDRWZdUzD_4koan8builtins4eval5testss_38eval_of_function_returning_kexpression
FNDA:1,_RNvNtNtNtCshhLDRWZdUzD_4koan8builtins4eval5testss_49eval_of_non_kexpression_errors_with_type_mismatch
FNDA:8,_RNCNvNtNtCshhLDRWZdUzD_4koan8builtins4eval4body0B7_
FNF:11
FNH:11
DA:15,9
DA:16,9
DA:17,9
DA:22,9
DA:23,8
DA:24,1
DA:25,1
DA:26,1
DA:27,1
DA:28,1
DA:29,1
DA:31,0
DA:37,8
DA:38,8
DA:39,8
DA:40,8
DA:41,8
DA:42,8
DA:43,8
DA:45,9
DA:47,523
DA:48,523
DA:49,523
DA:50,523
DA:60,6
DA:61,6
DA:62,6
DA:63,6
DA:64,6
DA:65,6
DA:66,6
DA:69,1
DA:70,1
DA:71,1
DA:72,1
DA:75,1
DA:76,1
DA:77,1
DA:78,1
DA:80,1
DA:81,1
DA:84,1
DA:85,1
DA:86,1
DA:87,1
DA:88,1
DA:89,1
DA:90,1
DA:91,1
DA:94,1
DA:97,1
DA:98,1
DA:99,1
DA:100,1
DA:103,1
DA:104,1
DA:105,1
DA:106,1
DA:109,1
DA:112,1
DA:113,1
DA:114,1
DA:117,1
DA:121,1
DA:122,1
DA:123,1
DA:124,1
DA:125,1
DA:126,1
DA:127,1
DA:129,1
DA:130,1
BRF:0
BRH:0
LF:73
LH:72
end_of_record
SF:/var/home/jack/Code/koan/src/builtins/fn_def.rs
FN:62,_RNvNtNtCseNVRx00pSZ_4koan8builtins6fn_def13build_fn_like
FN:142,_RNvNtNtCseNVRx00pSZ_4koan8builtins6fn_def18body_record_schema
FN:23,_RNvNtNtCseNVRx00pSZ_4koan8builtins6fn_def19collect_param_types
FN:127,_RNvNtNtCseNVRx00pSZ_4koan8builtins6fn_def4body
FN:205,_RNvNtNtCseNVRx00pSZ_4koan8builtins6fn_def8register
FN:165,_RNCNvNtNtCseNVRx00pSZ_4koan8builtins6fn_def18body_record_schema0B7_
FN:228,_RNCNvNtNtCseNVRx00pSZ_4koan8builtins6fn_def8register0B7_
FN:262,_RNCNvNtNtCseNVRx00pSZ_4koan8builtins6fn_def8registers0_0B7_
FN:245,_RNCNvNtNtCseNVRx00pSZ_4koan8builtins6fn_def8registers_0B7_
FN:165,_RNCNvNtNtCshhLDRWZdUzD_4koan8builtins6fn_def18body_record_schema0B7_
FN:228,_RNCNvNtNtCshhLDRWZdUzD_4koan8builtins6fn_def8register0B7_
FN:262,_RNCNvNtNtCshhLDRWZdUzD_4koan8builtins6fn_def8registers0_0B7_
FN:245,_RNCNvNtNtCshhLDRWZdUzD_4koan8builtins6fn_def8registers_0B7_
FN:62,_RNvNtNtCshhLDRWZdUzD_4koan8builtins6fn_def13build_fn_like
FN:142,_RNvNtNtCshhLDRWZdUzD_4koan8builtins6fn_def18body_record_schema
FN:23,_RNvNtNtCshhLDRWZdUzD_4koan8builtins6fn_def19collect_param_types
FN:127,_RNvNtNtCshhLDRWZdUzD_4koan8builtins6fn_def4body
FN:205,_RNvNtNtCshhLDRWZdUzD_4koan8builtins6fn_def8register
FNDA:18,_RNvNtNtCseNVRx00pSZ_4koan8builtins6fn_def13build_fn_like
FNDA:0,_RNvNtNtCseNVRx00pSZ_4koan8builtins6fn_def18body_record_schema
FNDA:7,_RNvNtNtCseNVRx00pSZ_4koan8builtins6fn_def19collect_param_types
FNDA:11,_RNvNtNtCseNVRx00pSZ_4koan8builtins6fn_def4body
FNDA:43,_RNvNtNtCseNVRx00pSZ_4koan8builtins6fn_def8register
FNDA:0,_RNCNvNtNtCseNVRx00pSZ_4koan8builtins6fn_def18body_record_schema0B7_
FNDA:43,_RNCNvNtNtCseNVRx00pSZ_4koan8builtins6fn_def8register0B7_
FNDA:43,_RNCNvNtNtCseNVRx00pSZ_4koan8builtins6fn_def8registers0_0B7_
FNDA:43,_RNCNvNtNtCseNVRx00pSZ_4koan8builtins6fn_def8registers_0B7_
FNDA:7,_RNCNvNtNtCshhLDRWZdUzD_4koan8builtins6fn_def18body_record_schema0B7_
FNDA:480,_RNCNvNtNtCshhLDRWZdUzD_4koan8builtins6fn_def8register0B7_
FNDA:480,_RNCNvNtNtCshhLDRWZdUzD_4koan8builtins6fn_def8registers0_0B7_
FNDA:480,_RNCNvNtNtCshhLDRWZdUzD_4koan8builtins6fn_def8registers_0B7_
FNDA:259,_RNvNtNtCshhLDRWZdUzD_4koan8builtins6fn_def13build_fn_like
FNDA:8,_RNvNtNtCshhLDRWZdUzD_4koan8builtins6fn_def18body_record_schema
FNDA:18,_RNvNtNtCshhLDRWZdUzD_4koan8builtins6fn_def19collect_param_types
FNDA:241,_RNvNtNtCshhLDRWZdUzD_4koan8builtins6fn_def4body
FNDA:480,_RNvNtNtCshhLDRWZdUzD_4koan8builtins6fn_def8register
FNF:9
FNH:9
DA:23,25
DA:24,25
DA:25,25
DA:26,25
DA:28,25
DA:29,25
DA:30,25
DA:31,25
DA:32,75
DA:33,50
DA:34,7
DA:35,18
DA:36,25
DA:38,50
DA:39,25
DA:40,25
DA:41,25
DA:42,25
DA:43,25
DA:44,0
DA:45,0
DA:46,25
DA:47,25
DA:48,25
DA:49,25
DA:51,25
DA:52,25
DA:62,277
DA:63,277
DA:64,277
DA:65,277
DA:66,277
DA:71,277
DA:72,277
DA:73,277
DA:74,277
DA:75,277
DA:76,25
DA:77,252
DA:79,277
DA:80,277
DA:81,277
DA:82,277
DA:83,277
DA:84,277
DA:85,277
DA:86,277
DA:87,274
DA:88,2
DA:89,272
DA:90,272
DA:91,204
DA:92,4
DA:93,4
DA:96,64
DA:97,64
DA:98,64
DA:99,64
DA:100,64
DA:101,64
DA:103,268
DA:104,268
DA:106,181
DA:107,181
DA:108,181
DA:109,181
DA:110,181
DA:111,181
DA:112,181
DA:113,181
DA:114,181
DA:116,87
DA:118,277
DA:127,252
DA:128,252
DA:129,252
DA:130,252
DA:131,252
DA:142,8
DA:143,8
DA:144,8
DA:149,8
DA:150,7
DA:151,1
DA:152,1
DA:153,1
DA:154,1
DA:155,1
DA:158,0
DA:159,0
DA:160,0
DA:163,7
DA:164,7
DA:165,7
DA:166,7
DA:167,7
DA:168,7
DA:169,7
DA:170,7
DA:171,7
DA:172,7
DA:173,7
DA:174,7
DA:175,7
DA:176,7
DA:177,7
DA:178,7
DA:179,7
DA:180,7
DA:181,7
DA:182,7
DA:183,7
DA:184,7
DA:185,7
DA:186,7
DA:187,7
DA:188,7
DA:189,7
DA:190,7
DA:192,0
DA:193,0
DA:194,0
DA:195,0
DA:196,0
DA:197,0
DA:198,0
DA:199,0
DA:203,8
DA:205,523
DA:228,523
DA:229,523
DA:230,523
DA:231,523
DA:232,523
DA:233,523
DA:234,523
DA:235,523
DA:236,523
DA:237,523
DA:240,523
DA:245,523
DA:246,523
DA:247,523
DA:248,523
DA:249,523
DA:250,523
DA:251,523
DA:252,523
DA:253,523
DA:254,523
DA:257,523
DA:262,523
DA:263,523
DA:264,523
DA:265,523
DA:266,523
DA:267,523
DA:268,523
DA:269,523
DA:270,523
DA:271,523
DA:274,523
DA:276,523
DA:277,523
DA:278,523
DA:279,523
DA:280,523
DA:281,523
DA:282,523
DA:285,523
DA:286,523
DA:287,523
DA:288,523
DA:289,523
DA:290,523
DA:291,523
DA:294,523
DA:295,523
DA:296,523
DA:297,523
DA:298,523
DA:299,523
DA:300,523
DA:303,523
BRF:0
BRH:0
LF:188
LH:175
end_of_record
SF:/var/home/jack/Code/koan/src/builtins/fn_def/finalize.rs
FN:226,_RNCNvNtNtNtCseNVRx00pSZ_4koan8builtins6fn_def8finalize21finalize_fn_with_kind0B9_
FN:338,_RNCNvNtNtNtCseNVRx00pSZ_4koan8builtins6fn_def8finalize5defer0B9_
FN:199,_RNvNtNtNtCseNVRx00pSZ_4koan8builtins6fn_def8finalize21finalize_fn_with_kind
FN:296,_RNvNtNtNtCseNVRx00pSZ_4koan8builtins6fn_def8finalize5defer
FN:91,_RNvNtNtNtCseNVRx00pSZ_4koan8builtins6fn_def8finalize8classify
FN:274,_RNvNtNtNtCseNVRx00pSZ_4koan8builtins6fn_def8finalize9fn_action
FN:226,_RNCNvNtNtNtCshhLDRWZdUzD_4koan8builtins6fn_def8finalize21finalize_fn_with_kind0B9_
FN:338,_RNCNvNtNtNtCshhLDRWZdUzD_4koan8builtins6fn_def8finalize5defer0B9_
FN:199,_RNvNtNtNtCshhLDRWZdUzD_4koan8builtins6fn_def8finalize21finalize_fn_with_kind
FN:296,_RNvNtNtNtCshhLDRWZdUzD_4koan8builtins6fn_def8finalize5defer
FN:91,_RNvNtNtNtCshhLDRWZdUzD_4koan8builtins6fn_def8finalize8classify
FN:274,_RNvNtNtNtCshhLDRWZdUzD_4koan8builtins6fn_def8finalize9fn_action
FNDA:18,_RNCNvNtNtNtCseNVRx00pSZ_4koan8builtins6fn_def8finalize21finalize_fn_with_kind0B9_
FNDA:1,_RNCNvNtNtNtCseNVRx00pSZ_4koan8builtins6fn_def8finalize5defer0B9_
FNDA:18,_RNvNtNtNtCseNVRx00pSZ_4koan8builtins6fn_def8finalize21finalize_fn_with_kind
FNDA:1,_RNvNtNtNtCseNVRx00pSZ_4koan8builtins6fn_def8finalize5defer
FNDA:18,_RNvNtNtNtCseNVRx00pSZ_4koan8builtins6fn_def8finalize8classify
FNDA:18,_RNvNtNtNtCseNVRx00pSZ_4koan8builtins6fn_def8finalize9fn_action
FNDA:260,_RNCNvNtNtNtCshhLDRWZdUzD_4koan8builtins6fn_def8finalize21finalize_fn_with_kind0B9_
FNDA:86,_RNCNvNtNtNtCshhLDRWZdUzD_4koan8builtins6fn_def8finalize5defer0B9_
FNDA:255,_RNvNtNtNtCshhLDRWZdUzD_4koan8builtins6fn_def8finalize21finalize_fn_with_kind
FNDA:86,_RNvNtNtNtCshhLDRWZdUzD_4koan8builtins6fn_def8finalize5defer
FNDA:257,_RNvNtNtNtCshhLDRWZdUzD_4koan8builtins6fn_def8finalize8classify
FNDA:255,_RNvNtNtNtCshhLDRWZdUzD_4koan8builtins6fn_def8finalize9fn_action
FNF:6
FNH:6
DA:91,275
DA:92,275
DA:93,170
DA:94,170
DA:95,170
DA:96,170
DA:97,18
DA:98,18
DA:99,18
DA:100,18
DA:101,23
DA:103,23
DA:104,23
DA:105,23
DA:106,23
DA:107,23
DA:108,23
DA:109,23
DA:112,61
DA:114,61
DA:115,61
DA:117,61
DA:118,61
DA:119,61
DA:120,61
DA:121,61
DA:122,61
DA:123,61
DA:125,0
DA:127,0
DA:128,0
DA:130,0
DA:131,0
DA:132,0
DA:133,0
DA:134,0
DA:135,0
DA:136,0
DA:137,0
DA:138,0
DA:140,3
DA:142,3
DA:143,3
DA:148,3
DA:149,3
DA:150,3
DA:151,3
DA:152,3
DA:153,3
DA:154,3
DA:156,0
DA:159,0
DA:160,0
DA:161,0
DA:162,0
DA:163,0
DA:164,0
DA:165,0
DA:169,0
DA:170,0
DA:173,0
DA:174,0
DA:177,0
DA:178,0
DA:179,0
DA:180,0
DA:181,0
DA:182,0
DA:183,0
DA:184,0
DA:187,275
DA:199,273
DA:200,273
DA:201,273
DA:202,273
DA:203,273
DA:204,273
DA:205,273
DA:206,273
DA:207,273
DA:210,273
DA:211,23
DA:212,21
DA:213,1
DA:214,1
DA:215,1
DA:216,1
DA:217,1
DA:218,20
DA:219,2
DA:220,250
DA:226,278
DA:227,264
DA:228,14
DA:229,278
DA:231,272
DA:232,272
DA:233,272
DA:234,272
DA:236,272
DA:237,272
DA:238,272
DA:239,272
DA:240,272
DA:241,272
DA:242,272
DA:243,272
DA:244,272
DA:247,272
DA:251,272
DA:252,265
DA:253,264
DA:255,1
DA:256,1
DA:257,1
DA:258,1
DA:261,264
DA:262,7
DA:269,269
DA:270,273
DA:274,273
DA:275,273
DA:276,273
DA:277,273
DA:278,269
DA:279,4
DA:281,273
DA:296,87
DA:297,87
DA:298,87
DA:299,87
DA:300,87
DA:301,87
DA:302,87
DA:307,87
DA:308,87
DA:309,87
DA:310,87
DA:311,87
DA:312,87
DA:316,87
DA:317,87
DA:318,87
DA:319,87
DA:320,87
DA:321,87
DA:322,87
DA:323,26
DA:324,26
DA:325,26
DA:326,26
DA:327,26
DA:328,61
DA:329,87
DA:330,87
DA:331,63
DA:332,63
DA:333,63
DA:334,63
DA:335,63
DA:336,63
DA:337,63
DA:338,87
DA:339,87
DA:340,87
DA:341,63
DA:342,63
DA:343,1
DA:344,1
DA:345,1
DA:346,1
DA:347,1
DA:348,62
DA:353,62
DA:354,62
DA:356,86
DA:357,85
DA:358,86
DA:359,85
DA:360,0
DA:362,85
DA:363,85
DA:364,85
DA:365,0
DA:366,0
DA:369,0
DA:370,0
DA:371,0
DA:372,0
DA:377,85
DA:378,85
DA:379,85
DA:380,85
DA:381,85
DA:382,85
DA:383,85
DA:385,87
DA:386,87
DA:387,87
BRF:0
BRH:0
LF:201
LH:162
end_of_record
SF:/var/home/jack/Code/koan/src/builtins/fn_def/param_refs.rs
FN:21,_RNvNtNtNtCseNVRx00pSZ_4koan8builtins6fn_def10param_refs19part_references_any
FN:11,_RNvNtNtNtCseNVRx00pSZ_4koan8builtins6fn_def10param_refs24type_expr_references_any
FN:15,_RNvNtNtNtCseNVRx00pSZ_4koan8builtins6fn_def10param_refs26kexpression_references_any
FN:23,_RNCNvNtNtNtCseNVRx00pSZ_4koan8builtins6fn_def10param_refs19part_references_any0B9_
FN:32,_RNCNvNtNtNtCseNVRx00pSZ_4koan8builtins6fn_def10param_refs19part_references_anys0_0B9_
FN:39,_RNCNvNtNtNtCseNVRx00pSZ_4koan8builtins6fn_def10param_refs19part_references_anys1_0B9_
FN:30,_RNCNvNtNtNtCseNVRx00pSZ_4koan8builtins6fn_def10param_refs19part_references_anys_0B9_
FN:12,_RNCNvNtNtNtCseNVRx00pSZ_4koan8builtins6fn_def10param_refs24type_expr_references_any0B9_
FN:18,_RNCNvNtNtNtCseNVRx00pSZ_4koan8builtins6fn_def10param_refs26kexpression_references_any0B9_
FN:23,_RNCNvNtNtNtCshhLDRWZdUzD_4koan8builtins6fn_def10param_refs19part_references_any0B9_
FN:32,_RNCNvNtNtNtCshhLDRWZdUzD_4koan8builtins6fn_def10param_refs19part_references_anys0_0B9_
FN:39,_RNCNvNtNtNtCshhLDRWZdUzD_4koan8builtins6fn_def10param_refs19part_references_anys1_0B9_
FN:30,_RNCNvNtNtNtCshhLDRWZdUzD_4koan8builtins6fn_def10param_refs19part_references_anys_0B9_
FN:12,_RNCNvNtNtNtCshhLDRWZdUzD_4koan8builtins6fn_def10param_refs24type_expr_references_any0B9_
FN:18,_RNCNvNtNtNtCshhLDRWZdUzD_4koan8builtins6fn_def10param_refs26kexpression_references_any0B9_
FN:21,_RNvNtNtNtCshhLDRWZdUzD_4koan8builtins6fn_def10param_refs19part_references_any
FN:11,_RNvNtNtNtCshhLDRWZdUzD_4koan8builtins6fn_def10param_refs24type_expr_references_any
FN:15,_RNvNtNtNtCshhLDRWZdUzD_4koan8builtins6fn_def10param_refs26kexpression_references_any
FNDA:6,_RNvNtNtNtCseNVRx00pSZ_4koan8builtins6fn_def10param_refs19part_references_any
FNDA:4,_RNvNtNtNtCseNVRx00pSZ_4koan8builtins6fn_def10param_refs24type_expr_references_any
FNDA:2,_RNvNtNtNtCseNVRx00pSZ_4koan8builtins6fn_def10param_refs26kexpression_references_any
FNDA:0,_RNCNvNtNtNtCseNVRx00pSZ_4koan8builtins6fn_def10param_refs19part_references_any0B9_
FNDA:0,_RNCNvNtNtNtCseNVRx00pSZ_4koan8builtins6fn_def10param_refs19part_references_anys0_0B9_
FNDA:0,_RNCNvNtNtNtCseNVRx00pSZ_4koan8builtins6fn_def10param_refs19part_references_anys1_0B9_
FNDA:0,_RNCNvNtNtNtCseNVRx00pSZ_4koan8builtins6fn_def10param_refs19part_references_anys_0B9_
FNDA:4,_RNCNvNtNtNtCseNVRx00pSZ_4koan8builtins6fn_def10param_refs24type_expr_references_any0B9_
FNDA:6,_RNCNvNtNtNtCseNVRx00pSZ_4koan8builtins6fn_def10param_refs26kexpression_references_any0B9_
FNDA:8,_RNCNvNtNtNtCshhLDRWZdUzD_4koan8builtins6fn_def10param_refs19part_references_any0B9_
FNDA:1,_RNCNvNtNtNtCshhLDRWZdUzD_4koan8builtins6fn_def10param_refs19part_references_anys0_0B9_
FNDA:5,_RNCNvNtNtNtCshhLDRWZdUzD_4koan8builtins6fn_def10param_refs19part_references_anys1_0B9_
FNDA:1,_RNCNvNtNtNtCshhLDRWZdUzD_4koan8builtins6fn_def10param_refs19part_references_anys_0B9_
FNDA:46,_RNCNvNtNtNtCshhLDRWZdUzD_4koan8builtins6fn_def10param_refs24type_expr_references_any0B9_
FNDA:122,_RNCNvNtNtNtCshhLDRWZdUzD_4koan8builtins6fn_def10param_refs26kexpression_references_any0B9_
FNDA:130,_RNvNtNtNtCshhLDRWZdUzD_4koan8builtins6fn_def10param_refs19part_references_any
FNDA:62,_RNvNtNtNtCshhLDRWZdUzD_4koan8builtins6fn_def10param_refs24type_expr_references_any
FNDA:47,_RNvNtNtNtCshhLDRWZdUzD_4koan8builtins6fn_def10param_refs26kexpression_references_any
FNF:9
FNH:9
DA:11,66
DA:12,66
DA:13,66
DA:15,49
DA:16,49
DA:17,49
DA:18,128
DA:19,49
DA:21,136
DA:22,136
DA:23,10
DA:24,51
DA:25,9
DA:26,1
DA:28,0
DA:29,1
DA:30,1
DA:32,1
DA:33,1
DA:34,1
DA:37,4
DA:38,4
DA:39,5
DA:40,59
DA:42,136
BRF:0
BRH:0
LF:31
LH:30
end_of_record
SF:/var/home/jack/Code/koan/src/builtins/fn_def/return_type.rs
FN:225,_RNvNtNtNtCseNVRx00pSZ_4koan8builtins6fn_def11return_type12make_capture
FN:99,_RNvNtNtNtCseNVRx00pSZ_4koan8builtins6fn_def11return_type20classify_return_type
FN:159,_RNvNtNtNtCseNVRx00pSZ_4koan8builtins6fn_def11return_type20verdict_for_resolved
FN:62,_RNvNtNtNtCseNVRx00pSZ_4koan8builtins6fn_def11return_type23extract_return_type_raw
FN:232,_RNvNtNtNtCseNVRx00pSZ_4koan8builtins6fn_def11return_type25resolve_capture_at_finish
FN:174,_RNvNtNtNtCseNVRx00pSZ_4koan8builtins6fn_def11return_type30verdict_for_deferred_type_expr
FN:200,_RNvNtNtNtCseNVRx00pSZ_4koan8builtins6fn_def11return_type31verdict_for_deferred_expression
FN:241,_RNCNvNtNtNtCseNVRx00pSZ_4koan8builtins6fn_def11return_type25resolve_capture_at_finish0B9_
FN:201,_RNCNvNtNtNtCseNVRx00pSZ_4koan8builtins6fn_def11return_type31verdict_for_deferred_expression0B9_
FN:225,_RNvNtNtNtCshhLDRWZdUzD_4koan8builtins6fn_def11return_type12make_capture
FN:99,_RNvNtNtNtCshhLDRWZdUzD_4koan8builtins6fn_def11return_type20classify_return_type
FN:159,_RNvNtNtNtCshhLDRWZdUzD_4koan8builtins6fn_def11return_type20verdict_for_resolved
FN:62,_RNvNtNtNtCshhLDRWZdUzD_4koan8builtins6fn_def11return_type23extract_return_type_raw
FN:232,_RNvNtNtNtCshhLDRWZdUzD_4koan8builtins6fn_def11return_type25resolve_capture_at_finish
FN:174,_RNvNtNtNtCshhLDRWZdUzD_4koan8builtins6fn_def11return_type30verdict_for_deferred_type_expr
FN:200,_RNvNtNtNtCshhLDRWZdUzD_4koan8builtins6fn_def11return_type31verdict_for_deferred_expression
FN:241,_RNCNvNtNtNtCshhLDRWZdUzD_4koan8builtins6fn_def11return_type25resolve_capture_at_finish0B9_
FN:201,_RNCNvNtNtNtCshhLDRWZdUzD_4koan8builtins6fn_def11return_type31verdict_for_deferred_expression0B9_
FNDA:0,_RNvNtNtNtCseNVRx00pSZ_4koan8builtins6fn_def11return_type12make_capture
FNDA:18,_RNvNtNtNtCseNVRx00pSZ_4koan8builtins6fn_def11return_type20classify_return_type
FNDA:17,_RNvNtNtNtCseNVRx00pSZ_4koan8builtins6fn_def11return_type20verdict_for_resolved
FNDA:18,_RNvNtNtNtCseNVRx00pSZ_4koan8builtins6fn_def11return_type23extract_return_type_raw
FNDA:1,_RNvNtNtNtCseNVRx00pSZ_4koan8builtins6fn_def11return_type25resolve_capture_at_finish
FNDA:0,_RNvNtNtNtCseNVRx00pSZ_4koan8builtins6fn_def11return_type30verdict_for_deferred_type_expr
FNDA:0,_RNvNtNtNtCseNVRx00pSZ_4koan8builtins6fn_def11return_type31verdict_for_deferred_expression
FNDA:0,_RNCNvNtNtNtCseNVRx00pSZ_4koan8builtins6fn_def11return_type25resolve_capture_at_finish0B9_
FNDA:0,_RNCNvNtNtNtCseNVRx00pSZ_4koan8builtins6fn_def11return_type31verdict_for_deferred_expression0B9_
FNDA:0,_RNvNtNtNtCshhLDRWZdUzD_4koan8builtins6fn_def11return_type12make_capture
FNDA:266,_RNvNtNtNtCshhLDRWZdUzD_4koan8builtins6fn_def11return_type20classify_return_type
FNDA:219,_RNvNtNtNtCshhLDRWZdUzD_4koan8builtins6fn_def11return_type20verdict_for_resolved
FNDA:266,_RNvNtNtNtCshhLDRWZdUzD_4koan8builtins6fn_def11return_type23extract_return_type_raw
FNDA:85,_RNvNtNtNtCshhLDRWZdUzD_4koan8builtins6fn_def11return_type25resolve_capture_at_finish
FNDA:2,_RNvNtNtNtCshhLDRWZdUzD_4koan8builtins6fn_def11return_type30verdict_for_deferred_type_expr
FNDA:1,_RNvNtNtNtCshhLDRWZdUzD_4koan8builtins6fn_def11return_type31verdict_for_deferred_expression
FNDA:0,_RNCNvNtNtNtCshhLDRWZdUzD_4koan8builtins6fn_def11return_type25resolve_capture_at_finish0B9_
FNDA:1,_RNCNvNtNtNtCshhLDRWZdUzD_4koan8builtins6fn_def11return_type31verdict_for_deferred_expression0B9_
FNF:9
FNH:7
DA:62,284
DA:64,284
DA:65,245
DA:66,15
DA:67,230
DA:69,39
DA:70,39
DA:72,0
DA:73,0
DA:74,0
DA:75,0
DA:77,284
DA:99,284
DA:100,284
DA:101,284
DA:102,284
DA:103,284
DA:104,284
DA:105,284
DA:106,284
DA:107,230
DA:108,230
DA:109,230
DA:111,15
DA:112,15
DA:113,6
DA:114,2
DA:115,4
DA:117,6
DA:118,9
DA:121,9
DA:122,6
DA:123,0
DA:126,3
DA:127,3
DA:130,6
DA:131,6
DA:132,6
DA:134,0
DA:136,6
DA:138,39
DA:139,39
DA:140,13
DA:141,1
DA:142,12
DA:144,13
DA:145,13
DA:146,13
DA:147,13
DA:149,26
DA:150,26
DA:151,26
DA:152,26
DA:156,284
DA:159,236
DA:160,236
DA:161,235
DA:163,1
DA:164,1
DA:165,1
DA:166,1
DA:168,236
DA:174,2
DA:175,2
DA:176,2
DA:177,2
DA:180,2
DA:181,2
DA:182,2
DA:184,0
DA:185,0
DA:186,0
DA:187,0
DA:188,0
DA:189,0
DA:192,0
DA:194,2
DA:200,1
DA:201,1
DA:202,1
DA:203,0
DA:204,1
DA:205,1
DA:206,1
DA:207,1
DA:208,1
DA:209,1
DA:210,1
DA:211,1
DA:212,1
DA:213,0
DA:214,0
DA:215,0
DA:216,0
DA:217,0
DA:218,0
DA:219,0
DA:220,0
DA:221,0
DA:223,1
DA:225,0
DA:226,0
DA:227,0
DA:232,86
DA:233,86
DA:234,86
DA:235,86
DA:236,86
DA:237,86
DA:238,60
DA:239,0
DA:240,0
DA:241,0
DA:242,0
DA:243,0
DA:244,0
DA:246,0
DA:247,26
DA:248,26
DA:251,86
BRF:0
BRH:0
LF:122
LH:88
end_of_record
SF:/var/home/jack/Code/koan/src/builtins/fn_def/signature.rs
FN:202,_RNCNvNtNtNtCseNVRx00pSZ_4koan8builtins6fn_def9signature13binder_bucket0B9_
FN:221,_RNCNvNtNtNtCseNVRx00pSZ_4koan8builtins6fn_def9signature13binder_buckets_0B9_
FN:187,_RNvNtNtNtCseNVRx00pSZ_4koan8builtins6fn_def9signature13binder_bucket
FN:63,_RNvNtNtNtCseNVRx00pSZ_4koan8builtins6fn_def9signature19parse_fn_param_list
FN:247,_RNvNtNtNtCseNVRx00pSZ_4koan8builtins6fn_def9signature19signature_expr_part
FN:12,_RNvNtNtNtCseNVRx00pSZ_4koan8builtins6fn_def9signature34collect_param_names_from_signature
FN:187,_RNvNtNtNtCshhLDRWZdUzD_4koan8builtins6fn_def9signature13binder_bucket
FN:63,_RNvNtNtNtCshhLDRWZdUzD_4koan8builtins6fn_def9signature19parse_fn_param_list
FN:247,_RNvNtNtNtCshhLDRWZdUzD_4koan8builtins6fn_def9signature19signature_expr_part
FN:12,_RNvNtNtNtCshhLDRWZdUzD_4koan8builtins6fn_def9signature34collect_param_names_from_signature
FN:202,_RNCNvNtNtNtCshhLDRWZdUzD_4koan8builtins6fn_def9signature13binder_bucket0B9_
FN:221,_RNCNvNtNtNtCshhLDRWZdUzD_4koan8builtins6fn_def9signature13binder_buckets_0B9_
FNDA:30,_RNCNvNtNtNtCseNVRx00pSZ_4koan8builtins6fn_def9signature13binder_bucket0B9_
FNDA:10,_RNCNvNtNtNtCseNVRx00pSZ_4koan8builtins6fn_def9signature13binder_buckets_0B9_
FNDA:36,_RNvNtNtNtCseNVRx00pSZ_4koan8builtins6fn_def9signature13binder_bucket
FNDA:19,_RNvNtNtNtCseNVRx00pSZ_4koan8builtins6fn_def9signature19parse_fn_param_list
FNDA:36,_RNvNtNtNtCseNVRx00pSZ_4koan8builtins6fn_def9signature19signature_expr_part
FNDA:18,_RNvNtNtNtCseNVRx00pSZ_4koan8builtins6fn_def9signature34collect_param_names_from_signature
FNDA:527,_RNvNtNtNtCshhLDRWZdUzD_4koan8builtins6fn_def9signature13binder_bucket
FNDA:338,_RNvNtNtNtCshhLDRWZdUzD_4koan8builtins6fn_def9signature19parse_fn_param_list
FNDA:527,_RNvNtNtNtCshhLDRWZdUzD_4koan8builtins6fn_def9signature19signature_expr_part
FNDA:259,_RNvNtNtNtCshhLDRWZdUzD_4koan8builtins6fn_def9signature34collect_param_names_from_signature
FNDA:347,_RNCNvNtNtNtCshhLDRWZdUzD_4koan8builtins6fn_def9signature13binder_bucket0B9_
FNDA:62,_RNCNvNtNtNtCshhLDRWZdUzD_4koan8builtins6fn_def9signature13binder_buckets_0B9_
FNF:6
FNH:6
DA:12,277
DA:13,277
DA:14,277
DA:15,277
DA:16,785
DA:17,508
DA:18,193
DA:19,36
DA:20,279
DA:22,508
DA:23,229
DA:24,229
DA:25,227
DA:33,229
DA:34,227
DA:35,227
DA:36,227
DA:37,2
DA:38,279
DA:39,281
DA:41,277
DA:42,277
DA:63,357
DA:64,357
DA:65,357
DA:66,357
DA:67,357
DA:68,357
DA:69,357
DA:70,357
DA:71,357
DA:72,357
DA:73,1012
DA:76,657
DA:77,261
DA:78,37
DA:79,359
DA:81,657
DA:82,359
DA:83,359
DA:84,359
DA:85,359
DA:86,298
DA:87,298
DA:88,62
DA:89,171
DA:90,171
DA:91,168
DA:92,168
DA:93,168
DA:94,168
DA:95,168
DA:96,168
DA:97,1
DA:98,1
DA:99,1
DA:100,2
DA:101,2
DA:102,2
DA:103,2
DA:104,0
DA:106,171
DA:108,1
DA:109,1
DA:110,1
DA:111,1
DA:112,50
DA:113,50
DA:114,50
DA:115,50
DA:116,50
DA:117,50
DA:118,50
DA:119,50
DA:120,50
DA:121,50
DA:122,12
DA:123,12
DA:124,12
DA:125,12
DA:126,12
DA:127,12
DA:128,12
DA:129,12
DA:130,12
DA:131,62
DA:132,62
DA:133,62
DA:134,62
DA:135,62
DA:136,62
DA:137,62
DA:138,0
DA:139,0
DA:140,0
DA:141,0
DA:142,0
DA:143,0
DA:146,2
DA:147,2
DA:148,2
DA:149,2
DA:153,0
DA:154,0
DA:155,0
DA:156,0
DA:157,0
DA:159,0
DA:160,0
DA:161,0
DA:162,0
DA:163,0
DA:167,355
DA:168,2
DA:169,353
DA:170,353
DA:171,64
DA:172,64
DA:173,64
DA:174,64
DA:175,289
DA:176,289
DA:177,357
DA:187,563
DA:188,563
DA:189,563
DA:191,563
DA:192,547
DA:193,547
DA:194,547
DA:195,1551
DA:196,1004
DA:197,551
DA:198,551
DA:199,551
DA:200,551
DA:202,381
DA:203,0
DA:204,377
DA:212,377
DA:213,381
DA:214,377
DA:215,377
DA:216,377
DA:217,4
DA:218,4
DA:221,72
DA:222,0
DA:223,72
DA:231,72
DA:232,72
DA:233,72
DA:234,72
DA:235,72
DA:236,0
DA:237,0
DA:239,0
DA:240,0
DA:241,0
DA:244,547
DA:245,563
DA:247,563
DA:248,563
DA:249,563
DA:250,547
DA:251,16
DA:253,563
BRF:0
BRH:0
LF:169
LH:145
end_of_record
SF:/var/home/jack/Code/koan/src/builtins/functor_def.rs
FN:32,_RNvNtNtCseNVRx00pSZ_4koan8builtins11functor_def4body
FN:38,_RNvNtNtCseNVRx00pSZ_4koan8builtins11functor_def8register
FN:45,_RNCNvNtNtCseNVRx00pSZ_4koan8builtins11functor_def8register0B7_
FN:60,_RNCNvNtNtCseNVRx00pSZ_4koan8builtins11functor_def8registers_0B7_
FN:45,_RNCNvNtNtCshhLDRWZdUzD_4koan8builtins11functor_def8register0B7_
FN:60,_RNCNvNtNtCshhLDRWZdUzD_4koan8builtins11functor_def8registers_0B7_
FN:32,_RNvNtNtCshhLDRWZdUzD_4koan8builtins11functor_def4body
FN:38,_RNvNtNtCshhLDRWZdUzD_4koan8builtins11functor_def8register
FNDA:7,_RNvNtNtCseNVRx00pSZ_4koan8builtins11functor_def4body
FNDA:43,_RNvNtNtCseNVRx00pSZ_4koan8builtins11functor_def8register
FNDA:43,_RNCNvNtNtCseNVRx00pSZ_4koan8builtins11functor_def8register0B7_
FNDA:43,_RNCNvNtNtCseNVRx00pSZ_4koan8builtins11functor_def8registers_0B7_
FNDA:480,_RNCNvNtNtCshhLDRWZdUzD_4koan8builtins11functor_def8register0B7_
FNDA:480,_RNCNvNtNtCshhLDRWZdUzD_4koan8builtins11functor_def8registers_0B7_
FNDA:18,_RNvNtNtCshhLDRWZdUzD_4koan8builtins11functor_def4body
FNDA:480,_RNvNtNtCshhLDRWZdUzD_4koan8builtins11functor_def8register
FNF:4
FNH:4
DA:32,25
DA:33,25
DA:34,25
DA:35,25
DA:36,25
DA:38,523
DA:45,523
DA:46,523
DA:47,523
DA:48,523
DA:49,523
DA:50,523
DA:51,523
DA:52,523
DA:53,523
DA:54,523
DA:57,523
DA:60,523
DA:61,523
DA:62,523
DA:63,523
DA:64,523
DA:65,523
DA:66,523
DA:67,523
DA:68,523
DA:69,523
DA:72,523
DA:74,523
DA:75,523
DA:76,523
DA:77,523
DA:78,523
DA:79,523
DA:80,523
DA:81,523
DA:84,523
DA:85,523
DA:86,523
DA:87,523
DA:88,523
DA:89,523
DA:90,523
DA:93,523
BRF:0
BRH:0
LF:46
LH:46
end_of_record
SF:/var/home/jack/Code/koan/src/builtins/let_binding.rs
FN:20,_RNCNvNtNtCseNVRx00pSZ_4koan8builtins11let_binding4body0B7_
FN:155,_RNCNvNtNtCseNVRx00pSZ_4koan8builtins11let_binding4bodys0_0B7_
FN:110,_RNCNvNtNtCseNVRx00pSZ_4koan8builtins11let_binding4bodys_0B7_
FN:211,_RNCNvNtNtCseNVRx00pSZ_4koan8builtins11let_binding8register0B7_
FN:222,_RNCNvNtNtCseNVRx00pSZ_4koan8builtins11let_binding8registers_0B7_
FN:203,_RNvNtNtCseNVRx00pSZ_4koan8builtins11let_binding11binder_name
FN:182,_RNvNtNtCseNVRx00pSZ_4koan8builtins11let_binding21capitalize_identifier
FN:14,_RNvNtNtCseNVRx00pSZ_4koan8builtins11let_binding4body
FN:210,_RNvNtNtCseNVRx00pSZ_4koan8builtins11let_binding8register
FN:203,_RNvNtNtCshhLDRWZdUzD_4koan8builtins11let_binding11binder_name
FN:182,_RNvNtNtCshhLDRWZdUzD_4koan8builtins11let_binding21capitalize_identifier
FN:14,_RNvNtNtCshhLDRWZdUzD_4koan8builtins11let_binding4body
FN:210,_RNvNtNtCshhLDRWZdUzD_4koan8builtins11let_binding8register
FN:20,_RNCNvNtNtCshhLDRWZdUzD_4koan8builtins11let_binding4body0B7_
FN:155,_RNCNvNtNtCshhLDRWZdUzD_4koan8builtins11let_binding4bodys0_0B7_
FN:110,_RNCNvNtNtCshhLDRWZdUzD_4koan8builtins11let_binding4bodys_0B7_
FN:211,_RNCNvNtNtCshhLDRWZdUzD_4koan8builtins11let_binding8register0B7_
FN:222,_RNCNvNtNtCshhLDRWZdUzD_4koan8builtins11let_binding8registers_0B7_
FNDA:0,_RNCNvNtNtCseNVRx00pSZ_4koan8builtins11let_binding4body0B7_
FNDA:10,_RNCNvNtNtCseNVRx00pSZ_4koan8builtins11let_binding4bodys0_0B7_
FNDA:15,_RNCNvNtNtCseNVRx00pSZ_4koan8builtins11let_binding4bodys_0B7_
FNDA:43,_RNCNvNtNtCseNVRx00pSZ_4koan8builtins11let_binding8register0B7_
FNDA:43,_RNCNvNtNtCseNVRx00pSZ_4koan8builtins11let_binding8registers_0B7_
FNDA:126,_RNvNtNtCseNVRx00pSZ_4koan8builtins11let_binding11binder_name
FNDA:0,_RNvNtNtCseNVRx00pSZ_4koan8builtins11let_binding21capitalize_identifier
FNDA:59,_RNvNtNtCseNVRx00pSZ_4koan8builtins11let_binding4body
FNDA:43,_RNvNtNtCseNVRx00pSZ_4koan8builtins11let_binding8register
FNDA:748,_RNvNtNtCshhLDRWZdUzD_4koan8builtins11let_binding11binder_name
FNDA:4,_RNvNtNtCshhLDRWZdUzD_4koan8builtins11let_binding21capitalize_identifier
FNDA:365,_RNvNtNtCshhLDRWZdUzD_4koan8builtins11let_binding4body
FNDA:480,_RNvNtNtCshhLDRWZdUzD_4koan8builtins11let_binding8register
FNDA:12,_RNCNvNtNtCshhLDRWZdUzD_4koan8builtins11let_binding4body0B7_
FNDA:110,_RNCNvNtNtCshhLDRWZdUzD_4koan8builtins11let_binding4bodys0_0B7_
FNDA:59,_RNCNvNtNtCshhLDRWZdUzD_4koan8builtins11let_binding4bodys_0B7_
FNDA:480,_RNCNvNtNtCshhLDRWZdUzD_4koan8builtins11let_binding8register0B7_
FNDA:480,_RNCNvNtNtCshhLDRWZdUzD_4koan8builtins11let_binding8registers_0B7_
FNF:9
FNH:9
DA:14,424
DA:15,424
DA:16,424
DA:20,424
DA:21,424
DA:22,424
DA:23,424
DA:24,0
DA:26,424
DA:27,424
DA:28,286
DA:29,286
DA:30,3
DA:31,1
DA:32,1
DA:33,1
DA:35,3
DA:36,3
DA:37,3
DA:38,3
DA:39,3
DA:40,3
DA:41,3
DA:42,3
DA:43,283
DA:44,283
DA:46,138
DA:47,138
DA:48,137
DA:55,1
DA:56,1
DA:57,1
DA:58,1
DA:60,0
DA:62,134
DA:63,128
DA:64,9
DA:65,3
DA:66,3
DA:67,3
DA:68,3
DA:69,3
DA:72,134
DA:74,0
DA:75,0
DA:76,0
DA:77,0
DA:78,0
DA:79,0
DA:81,0
DA:83,417
DA:84,2
DA:85,2
DA:86,2
DA:87,2
DA:88,415
DA:89,415
DA:90,415
DA:91,134
DA:92,6
DA:93,6
DA:94,6
DA:95,4
DA:97,134
DA:98,28
DA:99,28
DA:100,28
DA:101,28
DA:103,106
DA:108,134
DA:109,134
DA:110,134
DA:111,134
DA:112,134
DA:113,134
DA:114,134
DA:116,0
DA:117,134
DA:121,134
DA:122,74
DA:123,74
DA:125,134
DA:126,134
DA:127,134
DA:128,134
DA:130,281
DA:131,281
DA:132,281
DA:133,25
DA:134,1
DA:135,1
DA:136,1
DA:137,1
DA:138,1
DA:139,1
DA:140,280
DA:141,280
DA:142,280
DA:143,1
DA:144,1
DA:145,1
DA:146,1
DA:147,1
DA:148,279
DA:153,279
DA:154,279
DA:155,279
DA:156,279
DA:157,279
DA:158,279
DA:159,279
DA:161,1
DA:162,278
DA:168,278
DA:169,120
DA:170,158
DA:174,278
DA:176,424
DA:182,4
DA:183,4
DA:184,4
DA:185,4
DA:186,4
DA:187,4
DA:188,4
DA:189,4
DA:191,0
DA:193,4
DA:203,874
DA:204,874
DA:205,731
DA:206,143
DA:208,874
DA:210,523
DA:211,523
DA:212,523
DA:213,523
DA:214,523
DA:215,523
DA:216,523
DA:217,523
DA:218,523
DA:221,523
DA:222,523
DA:223,523
DA:224,523
DA:225,523
DA:226,523
DA:227,523
DA:228,523
DA:229,523
DA:232,523
DA:233,523
DA:234,523
DA:235,523
DA:236,523
DA:237,523
DA:238,523
DA:239,523
DA:242,523
DA:243,523
DA:244,523
DA:245,523
DA:246,523
DA:247,523
DA:248,523
DA:251,523
BRF:0
BRH:0
LF:172
LH:161
end_of_record
SF:/var/home/jack/Code/koan/src/builtins/match_case.rs
FN:63,_RNCNvNtNtCseNVRx00pSZ_4koan8builtins10match_case4body0B7_
FN:67,_RNCNvNtNtCseNVRx00pSZ_4koan8builtins10match_case4bodys_0B7_
FN:22,_RNvNtNtCseNVRx00pSZ_4koan8builtins10match_case4body
FN:75,_RNvNtNtCseNVRx00pSZ_4koan8builtins10match_case8register
FN:22,_RNvNtNtCshhLDRWZdUzD_4koan8builtins10match_case4body
FN:75,_RNvNtNtCshhLDRWZdUzD_4koan8builtins10match_case8register
FN:98,_RNvNtNtNtCshhLDRWZdUzD_4koan8builtins10match_case5tests11run_program
FN:137,_RNvNtNtNtCshhLDRWZdUzD_4koan8builtins10match_case5testss_25match_inexhaustive_errors
FN:117,_RNvNtNtNtCshhLDRWZdUzD_4koan8builtins10match_case5testss_29match_binds_inner_value_to_it
FN:213,_RNvNtNtNtCshhLDRWZdUzD_4koan8builtins10match_case5testss_29recursive_tagged_match_no_uaf
FN:228,_RNvNtNtNtCshhLDRWZdUzD_4koan8builtins10match_case5testss_33match_on_bool_inexhaustive_errors
FN:197,_RNvNtNtNtCshhLDRWZdUzD_4koan8builtins10match_case5testss_36match_on_bool_true_takes_true_branch
FN:127,_RNvNtNtNtCshhLDRWZdUzD_4koan8builtins10match_case5testss_37match_does_not_run_unmatched_branches
FN:205,_RNvNtNtNtCshhLDRWZdUzD_4koan8builtins10match_case5testss_38match_on_bool_false_takes_false_branch
FN:107,_RNvNtNtNtCshhLDRWZdUzD_4koan8builtins10match_case5testss_40match_dispatches_branch_for_matching_tag
FN:187,_RNvNtNtNtCshhLDRWZdUzD_4koan8builtins10match_case5testss_40match_other_branch_runs_when_tag_matches
FN:155,_RNvNtNtNtCshhLDRWZdUzD_4koan8builtins10match_case5testss_47match_arm_violating_declared_return_type_errors
FN:242,_RNvNtNtNtCshhLDRWZdUzD_4koan8builtins10match_case5testss_47multi_statement_match_branch_returns_last_value
FN:174,_RNvNtNtNtCshhLDRWZdUzD_4koan8builtins10match_case5testss_54match_value_is_admissible_against_declared_return_slot
FN:257,_RNvNtNtNtCshhLDRWZdUzD_4koan8builtins10match_case5testss_59fn_recursion_with_multi_statement_body_via_match_terminates
FN:63,_RNCNvNtNtCshhLDRWZdUzD_4koan8builtins10match_case4body0B7_
FN:67,_RNCNvNtNtCshhLDRWZdUzD_4koan8builtins10match_case4bodys_0B7_
FNDA:0,_RNCNvNtNtCseNVRx00pSZ_4koan8builtins10match_case4body0B7_
FNDA:0,_RNCNvNtNtCseNVRx00pSZ_4koan8builtins10match_case4bodys_0B7_
FNDA:0,_RNvNtNtCseNVRx00pSZ_4koan8builtins10match_case4body
FNDA:43,_RNvNtNtCseNVRx00pSZ_4koan8builtins10match_case8register
FNDA:72,_RNvNtNtCshhLDRWZdUzD_4koan8builtins10match_case4body
FNDA:480,_RNvNtNtCshhLDRWZdUzD_4koan8builtins10match_case8register
FNDA:10,_RNvNtNtNtCshhLDRWZdUzD_4koan8builtins10match_case5tests11run_program
FNDA:1,_RNvNtNtNtCshhLDRWZdUzD_4koan8builtins10match_case5testss_25match_inexhaustive_errors
FNDA:1,_RNvNtNtNtCshhLDRWZdUzD_4koan8builtins10match_case5testss_29match_binds_inner_value_to_it
FNDA:1,_RNvNtNtNtCshhLDRWZdUzD_4koan8builtins10match_case5testss_29recursive_tagged_match_no_uaf
FNDA:1,_RNvNtNtNtCshhLDRWZdUzD_4koan8builtins10match_case5testss_33match_on_bool_inexhaustive_errors
FNDA:1,_RNvNtNtNtCshhLDRWZdUzD_4koan8builtins10match_case5testss_36match_on_bool_true_takes_true_branch
FNDA:1,_RNvNtNtNtCshhLDRWZdUzD_4koan8builtins10match_case5testss_37match_does_not_run_unmatched_branches
FNDA:1,_RNvNtNtNtCshhLDRWZdUzD_4koan8builtins10match_case5testss_38match_on_bool_false_takes_false_branch
FNDA:1,_RNvNtNtNtCshhLDRWZdUzD_4koan8builtins10match_case5testss_40match_dispatches_branch_for_matching_tag
FNDA:1,_RNvNtNtNtCshhLDRWZdUzD_4koan8builtins10match_case5testss_40match_other_branch_runs_when_tag_matches
FNDA:1,_RNvNtNtNtCshhLDRWZdUzD_4koan8builtins10match_case5testss_47match_arm_violating_declared_return_type_errors
FNDA:1,_RNvNtNtNtCshhLDRWZdUzD_4koan8builtins10match_case5testss_47multi_statement_match_branch_returns_last_value
FNDA:1,_RNvNtNtNtCshhLDRWZdUzD_4koan8builtins10match_case5testss_54match_value_is_admissible_against_declared_return_slot
FNDA:1,_RNvNtNtNtCshhLDRWZdUzD_4koan8builtins10match_case5testss_59fn_recursion_with_multi_statement_body_via_match_terminates
FNDA:63,_RNCNvNtNtCshhLDRWZdUzD_4koan8builtins10match_case4body0B7_
FNDA:69,_RNCNvNtNtCshhLDRWZdUzD_4koan8builtins10match_case4bodys_0B7_
FNF:18
FNH:18
DA:22,72
DA:23,72
DA:24,72
DA:28,72
DA:29,65
DA:30,7
DA:31,7
DA:32,7
DA:34,0
DA:35,0
DA:36,0
DA:37,0
DA:38,0
DA:39,0
DA:42,0
DA:43,0
DA:44,0
DA:47,72
DA:48,72
DA:49,72
DA:50,69
DA:52,3
DA:53,3
DA:54,3
DA:55,3
DA:57,0
DA:61,69
DA:62,69
DA:63,69
DA:64,69
DA:65,69
DA:66,69
DA:67,69
DA:68,69
DA:69,69
DA:70,69
DA:71,69
DA:73,72
DA:75,523
DA:76,523
DA:77,523
DA:78,523
DA:79,523
DA:80,523
DA:81,523
DA:82,523
DA:83,523
DA:84,523
DA:87,523
DA:88,523
DA:98,10
DA:99,10
DA:100,10
DA:101,10
DA:102,10
DA:103,10
DA:104,10
DA:107,1
DA:108,1
DA:109,1
DA:110,1
DA:111,1
DA:113,1
DA:114,1
DA:117,1
DA:118,1
DA:119,1
DA:120,1
DA:121,1
DA:123,1
DA:124,1
DA:127,1
DA:128,1
DA:129,1
DA:130,1
DA:131,1
DA:133,1
DA:134,1
DA:137,1
DA:138,1
DA:139,1
DA:140,1
DA:141,1
DA:142,1
DA:144,1
DA:145,1
DA:146,1
DA:148,1
DA:149,1
DA:152,1
DA:155,1
DA:156,1
DA:157,1
DA:158,1
DA:159,1
DA:160,1
DA:163,1
DA:164,1
DA:165,1
DA:167,1
DA:168,1
DA:171,1
DA:174,1
DA:177,1
DA:178,1
DA:179,1
DA:180,1
DA:181,1
DA:183,1
DA:184,1
DA:187,1
DA:188,1
DA:189,1
DA:190,1
DA:191,1
DA:193,1
DA:194,1
DA:197,1
DA:198,1
DA:199,1
DA:201,1
DA:202,1
DA:205,1
DA:206,1
DA:207,1
DA:209,1
DA:210,1
DA:213,1
DA:216,1
DA:217,1
DA:218,1
DA:219,1
DA:220,1
DA:221,1
DA:222,1
DA:224,1
DA:225,1
DA:228,1
DA:229,1
DA:230,1
DA:231,1
DA:232,1
DA:233,1
DA:235,1
DA:236,1
DA:239,1
DA:242,1
DA:243,1
DA:244,1
DA:245,1
DA:246,1
DA:247,1
DA:248,1
DA:249,1
DA:251,1
DA:252,1
DA:253,1
DA:254,1
DA:257,1
DA:258,1
DA:259,1
DA:260,1
DA:261,1
DA:262,1
DA:263,1
DA:264,1
DA:265,1
DA:266,1
DA:267,1
DA:269,1
DA:270,1
DA:271,1
BRF:0
BRH:0
LF:174
LH:164
end_of_record
SF:/var/home/jack/Code/koan/src/builtins/module_def.rs
FN:37,_RNCNvNtNtCseNVRx00pSZ_4koan8builtins10module_def4body0B7_
FN:21,_RNvNtNtCseNVRx00pSZ_4koan8builtins10module_def4body
FN:96,_RNvNtNtCseNVRx00pSZ_4koan8builtins10module_def8register
FN:21,_RNvNtNtCshhLDRWZdUzD_4koan8builtins10module_def4body
FN:96,_RNvNtNtCshhLDRWZdUzD_4koan8builtins10module_def8register
FN:37,_RNCNvNtNtCshhLDRWZdUzD_4koan8builtins10module_def4body0B7_
FN:127,_RNvNtNtNtCshhLDRWZdUzD_4koan8builtins10module_def5tests14resolve_module
FN:189,_RNvNtNtNtCshhLDRWZdUzD_4koan8builtins10module_def5testss_28module_unknown_member_errors
FN:157,_RNvNtNtNtCshhLDRWZdUzD_4koan8builtins10module_def5testss_29module_member_access_via_attr
FN:135,_RNvNtNtNtCshhLDRWZdUzD_4koan8builtins10module_def5testss_32binder_name_extracts_module_name
FN:142,_RNvNtNtNtCshhLDRWZdUzD_4koan8builtins10module_def5testss_32module_binds_under_name_in_scope
FN:175,_RNvNtNtNtCshhLDRWZdUzD_4koan8builtins10module_def5testss_33module_member_function_via_let_fn
FN:267,_RNvNtNtNtCshhLDRWZdUzD_4koan8builtins10module_def5testss_36module_body_dispatch_does_not_dangle
FN:213,_RNvNtNtNtCshhLDRWZdUzD_4koan8builtins10module_def5testss_38module_body_parks_on_outer_placeholder
FN:223,_RNvNtNtNtCshhLDRWZdUzD_4koan8builtins10module_def5testss_41module_body_error_short_circuits_finalize
FN:166,_RNvNtNtNtCshhLDRWZdUzD_4koan8builtins10module_def5testss_41module_with_multiple_statements_in_parens
FN:202,_RNvNtNtNtCshhLDRWZdUzD_4koan8builtins10module_def5testss_41nested_module_accessible_via_chained_attr
FN:237,_RNvNtNtNtCshhLDRWZdUzD_4koan8builtins10module_def5testss_50module_finalize_short_circuits_on_idempotent_state
FNDA:20,_RNCNvNtNtCseNVRx00pSZ_4koan8builtins10module_def4body0B7_
FNDA:21,_RNvNtNtCseNVRx00pSZ_4koan8builtins10module_def4body
FNDA:43,_RNvNtNtCseNVRx00pSZ_4koan8builtins10module_def8register
FNDA:83,_RNvNtNtCshhLDRWZdUzD_4koan8builtins10module_def4body
FNDA:480,_RNvNtNtCshhLDRWZdUzD_4koan8builtins10module_def8register
FNDA:81,_RNCNvNtNtCshhLDRWZdUzD_4koan8builtins10module_def4body0B7_
FNDA:3,_RNvNtNtNtCshhLDRWZdUzD_4koan8builtins10module_def5tests14resolve_module
FNDA:1,_RNvNtNtNtCshhLDRWZdUzD_4koan8builtins10module_def5testss_28module_unknown_member_errors
FNDA:1,_RNvNtNtNtCshhLDRWZdUzD_4koan8builtins10module_def5testss_29module_member_access_via_attr
FNDA:1,_RNvNtNtNtCshhLDRWZdUzD_4koan8builtins10module_def5testss_32binder_name_extracts_module_name
FNDA:1,_RNvNtNtNtCshhLDRWZdUzD_4koan8builtins10module_def5testss_32module_binds_under_name_in_scope
FNDA:1,_RNvNtNtNtCshhLDRWZdUzD_4koan8builtins10module_def5testss_33module_member_function_via_let_fn
FNDA:1,_RNvNtNtNtCshhLDRWZdUzD_4koan8builtins10module_def5testss_36module_body_dispatch_does_not_dangle
FNDA:1,_RNvNtNtNtCshhLDRWZdUzD_4koan8builtins10module_def5testss_38module_body_parks_on_outer_placeholder
FNDA:1,_RNvNtNtNtCshhLDRWZdUzD_4koan8builtins10module_def5testss_41module_body_error_short_circuits_finalize
FNDA:1,_RNvNtNtNtCshhLDRWZdUzD_4koan8builtins10module_def5testss_41module_with_multiple_statements_in_parens
FNDA:1,_RNvNtNtNtCshhLDRWZdUzD_4koan8builtins10module_def5testss_41nested_module_accessible_via_chained_attr
FNDA:1,_RNvNtNtNtCshhLDRWZdUzD_4koan8builtins10module_def5testss_50module_finalize_short_circuits_on_idempotent_state
FNF:15
FNH:15
DA:21,104
DA:22,104
DA:23,104
DA:29,104
DA:30,104
DA:31,104
DA:32,104
DA:33,104
DA:34,104
DA:35,104
DA:36,104
DA:37,104
DA:42,101
DA:45,101
DA:46,101
DA:47,101
DA:48,101
DA:50,1
DA:51,100
DA:55,100
DA:56,100
DA:57,100
DA:58,100
DA:59,100
DA:64,100
DA:65,100
DA:66,21
DA:67,21
DA:69,100
DA:70,100
DA:71,100
DA:72,100
DA:73,100
DA:74,100
DA:75,100
DA:76,100
DA:79,100
DA:81,0
DA:82,0
DA:83,0
DA:84,0
DA:86,101
DA:87,104
DA:88,104
DA:89,104
DA:90,104
DA:91,104
DA:92,104
DA:93,104
DA:94,104
DA:96,523
DA:97,523
DA:98,523
DA:99,523
DA:100,523
DA:101,523
DA:102,523
DA:103,523
DA:106,523
DA:107,523
DA:108,523
DA:109,523
DA:110,523
DA:111,523
DA:112,523
DA:115,523
DA:127,3
DA:128,3
DA:129,3
DA:130,0
DA:132,3
DA:135,1
DA:136,1
DA:137,1
DA:138,1
DA:139,1
DA:142,1
DA:143,1
DA:144,1
DA:145,1
DA:146,1
DA:147,1
DA:150,1
DA:151,1
DA:154,1
DA:157,1
DA:158,1
DA:159,1
DA:160,1
DA:161,1
DA:162,1
DA:163,1
DA:166,1
DA:167,1
DA:168,1
DA:169,1
DA:170,1
DA:171,1
DA:172,1
DA:175,1
DA:178,1
DA:179,1
DA:180,1
DA:181,1
DA:182,1
DA:184,1
DA:185,1
DA:186,1
DA:189,1
DA:190,1
DA:191,1
DA:192,1
DA:193,1
DA:194,1
DA:195,1
DA:196,1
DA:199,1
DA:202,1
DA:203,1
DA:204,1
DA:205,1
DA:206,1
DA:207,1
DA:208,1
DA:213,1
DA:214,1
DA:215,1
DA:216,1
DA:217,1
DA:218,1
DA:219,1
DA:223,1
DA:224,1
DA:225,1
DA:226,1
DA:227,1
DA:228,1
DA:231,1
DA:237,1
DA:238,1
DA:239,1
DA:240,1
DA:241,1
DA:242,1
DA:243,1
DA:244,1
DA:246,1
DA:247,1
DA:248,1
DA:249,1
DA:253,1
DA:254,1
DA:255,1
DA:256,1
DA:257,1
DA:259,1
DA:260,1
DA:261,1
DA:262,1
DA:267,1
DA:268,1
DA:269,1
DA:270,1
DA:271,1
DA:272,1
DA:273,1
DA:274,1
DA:276,1
DA:277,1
DA:279,1
BRF:0
BRH:0
LF:171
LH:166
end_of_record
SF:/var/home/jack/Code/koan/src/builtins/newtype_def.rs
FN:98,_RNCNCNvNtNtCseNVRx00pSZ_4koan8builtins11newtype_def23finalize_record_newtype00B9_
FN:60,_RNCNvNtNtCseNVRx00pSZ_4koan8builtins11newtype_def16finalize_newtype0B7_
FN:179,_RNCNvNtNtCseNVRx00pSZ_4koan8builtins11newtype_def20defer_resolved_sigil0B7_
FN:94,_RNCNvNtNtCseNVRx00pSZ_4koan8builtins11newtype_def23finalize_record_newtype0B7_
FN:113,_RNCNvNtNtCseNVRx00pSZ_4koan8builtins11newtype_def23finalize_record_newtypes_0B7_
FN:142,_RNCNvNtNtCseNVRx00pSZ_4koan8builtins11newtype_def4body0B7_
FN:148,_RNCNvNtNtCseNVRx00pSZ_4koan8builtins11newtype_def4bodys_0B7_
FN:218,_RNCNvNtNtCseNVRx00pSZ_4koan8builtins11newtype_def8register0B7_
FN:240,_RNCNvNtNtCseNVRx00pSZ_4koan8builtins11newtype_def8registers0_0B7_
FN:229,_RNCNvNtNtCseNVRx00pSZ_4koan8builtins11newtype_def8registers_0B7_
FN:187,_RNvNtNtCseNVRx00pSZ_4koan8builtins11newtype_def16body_record_repr
FN:41,_RNvNtNtCseNVRx00pSZ_4koan8builtins11newtype_def16finalize_newtype
FN:169,_RNvNtNtCseNVRx00pSZ_4koan8builtins11newtype_def20defer_resolved_sigil
FN:76,_RNvNtNtCseNVRx00pSZ_4koan8builtins11newtype_def23finalize_record_newtype
FN:124,_RNvNtNtCseNVRx00pSZ_4koan8builtins11newtype_def4body
FN:215,_RNvNtNtCseNVRx00pSZ_4koan8builtins11newtype_def8register
FN:298,_RNvNtNtNtCshhLDRWZdUzD_4koan8builtins11newtype_def5tests13record_fields
FN:642,_RNvNtNtNtCshhLDRWZdUzD_4koan8builtins11newtype_def5testss_28construct_arity_zero_rejects
FN:663,_RNvNtNtNtCshhLDRWZdUzD_4koan8builtins11newtype_def5testss_29construct_with_operator_value
FN:325,_RNvNtNtNtCshhLDRWZdUzD_4koan8builtins11newtype_def5testss_30declare_mints_newtype_identity
FN:544,_RNvNtNtNtCshhLDRWZdUzD_4koan8builtins11newtype_def5testss_30newtype_over_newtype_collapses
FN:621,_RNvNtNtNtCshhLDRWZdUzD_4koan8builtins11newtype_def5testss_31construct_with_identifier_value
FN:377,_RNvNtNtNtCshhLDRWZdUzD_4koan8builtins11newtype_def5testss_35construct_rejects_non_matching_repr
FN:355,_RNvNtNtNtCshhLDRWZdUzD_4koan8builtins11newtype_def5testss_35construct_wraps_repr_matching_value
FN:491,_RNvNtNtNtCshhLDRWZdUzD_4koan8builtins11newtype_def5testss_42nested_record_field_threads_self_reference
FN:442,_RNvNtNtNtCshhLDRWZdUzD_4koan8builtins11newtype_def5testss_42record_repr_self_recursion_seals_set_local
FN:573,_RNvNtNtNtCshhLDRWZdUzD_4koan8builtins11newtype_def5testss_43dispatch_distinguishes_distance_from_number
FN:466,_RNvNtNtNtCshhLDRWZdUzD_4koan8builtins11newtype_def5testss_46record_repr_list_of_self_field_seals_set_local
FN:421,_RNvNtNtNtCshhLDRWZdUzD_4koan8builtins11newtype_def5testss_47unknown_repr_errors_without_leaking_placeholder
FN:395,_RNvNtNtNtCshhLDRWZdUzD_4koan8builtins11newtype_def5testss_49dependent_newtype_parks_on_record_repr_dependency
FN:518,_RNvNtNtNtCshhLDRWZdUzD_4koan8builtins11newtype_def5testss_54sigil_repr_non_record_seals_newtype_over_resolved_type
FN:310,_RNCNvNtNtNtCshhLDRWZdUzD_4koan8builtins11newtype_def5tests13record_fields0B9_
FN:499,_RNCNvNtNtNtCshhLDRWZdUzD_4koan8builtins11newtype_def5testss_42nested_record_field_threads_self_reference0B9_
FN:449,_RNCNvNtNtNtCshhLDRWZdUzD_4koan8builtins11newtype_def5testss_42record_repr_self_recursion_seals_set_local0B9_
FN:454,_RNCNvNtNtNtCshhLDRWZdUzD_4koan8builtins11newtype_def5testss_42record_repr_self_recursion_seals_set_locals0_0B9_
FN:478,_RNCNvNtNtNtCshhLDRWZdUzD_4koan8builtins11newtype_def5testss_46record_repr_list_of_self_field_seals_set_local0B9_
FN:187,_RNvNtNtCshhLDRWZdUzD_4koan8builtins11newtype_def16body_record_repr
FN:41,_RNvNtNtCshhLDRWZdUzD_4koan8builtins11newtype_def16finalize_newtype
FN:169,_RNvNtNtCshhLDRWZdUzD_4koan8builtins11newtype_def20defer_resolved_sigil
FN:76,_RNvNtNtCshhLDRWZdUzD_4koan8builtins11newtype_def23finalize_record_newtype
FN:124,_RNvNtNtCshhLDRWZdUzD_4koan8builtins11newtype_def4body
FN:215,_RNvNtNtCshhLDRWZdUzD_4koan8builtins11newtype_def8register
FN:98,_RNCNCNvNtNtCshhLDRWZdUzD_4koan8builtins11newtype_def23finalize_record_newtype00B9_
FN:60,_RNCNvNtNtCshhLDRWZdUzD_4koan8builtins11newtype_def16finalize_newtype0B7_
FN:179,_RNCNvNtNtCshhLDRWZdUzD_4koan8builtins11newtype_def20defer_resolved_sigil0B7_
FN:94,_RNCNvNtNtCshhLDRWZdUzD_4koan8builtins11newtype_def23finalize_record_newtype0B7_
FN:113,_RNCNvNtNtCshhLDRWZdUzD_4koan8builtins11newtype_def23finalize_record_newtypes_0B7_
FN:142,_RNCNvNtNtCshhLDRWZdUzD_4koan8builtins11newtype_def4body0B7_
FN:148,_RNCNvNtNtCshhLDRWZdUzD_4koan8builtins11newtype_def4bodys_0B7_
FN:218,_RNCNvNtNtCshhLDRWZdUzD_4koan8builtins11newtype_def8register0B7_
FN:240,_RNCNvNtNtCshhLDRWZdUzD_4koan8builtins11newtype_def8registers0_0B7_
FN:229,_RNCNvNtNtCshhLDRWZdUzD_4koan8builtins11newtype_def8registers_0B7_
FNDA:5,_RNCNCNvNtNtCseNVRx00pSZ_4koan8builtins11newtype_def23finalize_record_newtype00B9_
FNDA:0,_RNCNvNtNtCseNVRx00pSZ_4koan8builtins11newtype_def16finalize_newtype0B7_
FNDA:0,_RNCNvNtNtCseNVRx00pSZ_4koan8builtins11newtype_def20defer_resolved_sigil0B7_
FNDA:3,_RNCNvNtNtCseNVRx00pSZ_4koan8builtins11newtype_def23finalize_record_newtype0B7_
FNDA:3,_RNCNvNtNtCseNVRx00pSZ_4koan8builtins11newtype_def23finalize_record_newtypes_0B7_
FNDA:0,_RNCNvNtNtCseNVRx00pSZ_4koan8builtins11newtype_def4body0B7_
FNDA:0,_RNCNvNtNtCseNVRx00pSZ_4koan8builtins11newtype_def4bodys_0B7_
FNDA:43,_RNCNvNtNtCseNVRx00pSZ_4koan8builtins11newtype_def8register0B7_
FNDA:43,_RNCNvNtNtCseNVRx00pSZ_4koan8builtins11newtype_def8registers0_0B7_
FNDA:43,_RNCNvNtNtCseNVRx00pSZ_4koan8builtins11newtype_def8registers_0B7_
FNDA:3,_RNvNtNtCseNVRx00pSZ_4koan8builtins11newtype_def16body_record_repr
FNDA:0,_RNvNtNtCseNVRx00pSZ_4koan8builtins11newtype_def16finalize_newtype
FNDA:0,_RNvNtNtCseNVRx00pSZ_4koan8builtins11newtype_def20defer_resolved_sigil
FNDA:3,_RNvNtNtCseNVRx00pSZ_4koan8builtins11newtype_def23finalize_record_newtype
FNDA:0,_RNvNtNtCseNVRx00pSZ_4koan8builtins11newtype_def4body
FNDA:43,_RNvNtNtCseNVRx00pSZ_4koan8builtins11newtype_def8register
FNDA:3,_RNvNtNtNtCshhLDRWZdUzD_4koan8builtins11newtype_def5tests13record_fields
FNDA:1,_RNvNtNtNtCshhLDRWZdUzD_4koan8builtins11newtype_def5testss_28construct_arity_zero_rejects
FNDA:1,_RNvNtNtNtCshhLDRWZdUzD_4koan8builtins11newtype_def5testss_29construct_with_operator_value
FNDA:1,_RNvNtNtNtCshhLDRWZdUzD_4koan8builtins11newtype_def5testss_30declare_mints_newtype_identity
FNDA:1,_RNvNtNtNtCshhLDRWZdUzD_4koan8builtins11newtype_def5testss_30newtype_over_newtype_collapses
FNDA:1,_RNvNtNtNtCshhLDRWZdUzD_4koan8builtins11newtype_def5testss_31construct_with_identifier_value
FNDA:1,_RNvNtNtNtCshhLDRWZdUzD_4koan8builtins11newtype_def5testss_35construct_rejects_non_matching_repr
FNDA:1,_RNvNtNtNtCshhLDRWZdUzD_4koan8builtins11newtype_def5testss_35construct_wraps_repr_matching_value
FNDA:1,_RNvNtNtNtCshhLDRWZdUzD_4koan8builtins11newtype_def5testss_42nested_record_field_threads_self_reference
FNDA:1,_RNvNtNtNtCshhLDRWZdUzD_4koan8builtins11newtype_def5testss_42record_repr_self_recursion_seals_set_local
FNDA:1,_RNvNtNtNtCshhLDRWZdUzD_4koan8builtins11newtype_def5testss_43dispatch_distinguishes_distance_from_number
FNDA:1,_RNvNtNtNtCshhLDRWZdUzD_4koan8builtins11newtype_def5testss_46record_repr_list_of_self_field_seals_set_local
FNDA:1,_RNvNtNtNtCshhLDRWZdUzD_4koan8builtins11newtype_def5testss_47unknown_repr_errors_without_leaking_placeholder
FNDA:1,_RNvNtNtNtCshhLDRWZdUzD_4koan8builtins11newtype_def5testss_49dependent_newtype_parks_on_record_repr_dependency
FNDA:1,_RNvNtNtNtCshhLDRWZdUzD_4koan8builtins11newtype_def5testss_54sigil_repr_non_record_seals_newtype_over_resolved_type
FNDA:4,_RNCNvNtNtNtCshhLDRWZdUzD_4koan8builtins11newtype_def5tests13record_fields0B9_
FNDA:1,_RNCNvNtNtNtCshhLDRWZdUzD_4koan8builtins11newtype_def5testss_42nested_record_field_threads_self_reference0B9_
FNDA:1,_RNCNvNtNtNtCshhLDRWZdUzD_4koan8builtins11newtype_def5testss_42record_repr_self_recursion_seals_set_local0B9_
FNDA:2,_RNCNvNtNtNtCshhLDRWZdUzD_4koan8builtins11newtype_def5testss_42record_repr_self_recursion_seals_set_locals0_0B9_
FNDA:1,_RNCNvNtNtNtCshhLDRWZdUzD_4koan8builtins11newtype_def5testss_46record_repr_list_of_self_field_seals_set_local0B9_
FNDA:34,_RNvNtNtCshhLDRWZdUzD_4koan8builtins11newtype_def16body_record_repr
FNDA:14,_RNvNtNtCshhLDRWZdUzD_4koan8builtins11newtype_def16finalize_newtype
FNDA:1,_RNvNtNtCshhLDRWZdUzD_4koan8builtins11newtype_def20defer_resolved_sigil
FNDA:33,_RNvNtNtCshhLDRWZdUzD_4koan8builtins11newtype_def23finalize_record_newtype
FNDA:15,_RNvNtNtCshhLDRWZdUzD_4koan8builtins11newtype_def4body
FNDA:480,_RNvNtNtCshhLDRWZdUzD_4koan8builtins11newtype_def8register
FNDA:54,_RNCNCNvNtNtCshhLDRWZdUzD_4koan8builtins11newtype_def23finalize_record_newtype00B9_
FNDA:14,_RNCNvNtNtCshhLDRWZdUzD_4koan8builtins11newtype_def16finalize_newtype0B7_
FNDA:1,_RNCNvNtNtCshhLDRWZdUzD_4koan8builtins11newtype_def20defer_resolved_sigil0B7_
FNDA:33,_RNCNvNtNtCshhLDRWZdUzD_4koan8builtins11newtype_def23finalize_record_newtype0B7_
FNDA:33,_RNCNvNtNtCshhLDRWZdUzD_4koan8builtins11newtype_def23finalize_record_newtypes_0B7_
FNDA:5,_RNCNvNtNtCshhLDRWZdUzD_4koan8builtins11newtype_def4body0B7_
FNDA:4,_RNCNvNtNtCshhLDRWZdUzD_4koan8builtins11newtype_def4bodys_0B7_
FNDA:480,_RNCNvNtNtCshhLDRWZdUzD_4koan8builtins11newtype_def8register0B7_
FNDA:480,_RNCNvNtNtCshhLDRWZdUzD_4koan8builtins11newtype_def8registers0_0B7_
FNDA:480,_RNCNvNtNtCshhLDRWZdUzD_4koan8builtins11newtype_def8registers_0B7_
FNF:36
FNH:36
DA:41,14
DA:42,14
DA:43,14
DA:44,14
DA:45,14
DA:46,14
DA:47,14
DA:48,14
DA:49,14
DA:50,14
DA:51,14
DA:52,14
DA:53,14
DA:54,14
DA:55,14
DA:56,14
DA:58,14
DA:59,14
DA:60,14
DA:64,0
DA:65,0
DA:66,0
DA:67,0
DA:69,14
DA:76,36
DA:77,36
DA:78,36
DA:79,36
DA:80,36
DA:81,36
DA:82,36
DA:83,0
DA:84,0
DA:85,0
DA:86,36
DA:87,36
DA:88,36
DA:89,36
DA:90,36
DA:91,36
DA:92,36
DA:93,36
DA:94,36
DA:95,36
DA:96,36
DA:97,36
DA:98,59
DA:99,36
DA:100,36
DA:101,36
DA:102,0
DA:103,36
DA:104,36
DA:105,36
DA:107,36
DA:108,36
DA:110,36
DA:111,36
DA:112,36
DA:113,36
DA:114,0
DA:115,0
DA:116,0
DA:117,0
DA:119,36
DA:124,15
DA:125,15
DA:126,15
DA:132,15
DA:133,15
DA:134,15
DA:135,15
DA:136,14
DA:137,5
DA:138,5
DA:139,5
DA:140,5
DA:142,5
DA:143,5
DA:144,5
DA:145,5
DA:147,5
DA:148,4
DA:151,9
DA:152,9
DA:153,9
DA:154,9
DA:155,9
DA:156,9
DA:158,1
DA:159,1
DA:161,0
DA:162,0
DA:163,0
DA:165,15
DA:169,1
DA:170,1
DA:171,1
DA:172,1
DA:173,1
DA:176,1
DA:177,1
DA:178,1
DA:179,1
DA:180,1
DA:181,1
DA:182,1
DA:187,37
DA:188,37
DA:189,37
DA:193,37
DA:194,37
DA:195,37
DA:197,0
DA:198,0
DA:199,0
DA:202,37
DA:203,37
DA:204,37
DA:205,37
DA:206,37
DA:207,37
DA:209,37
DA:210,37
DA:211,37
DA:213,37
DA:215,523
DA:218,523
DA:219,523
DA:220,523
DA:221,523
DA:222,523
DA:223,523
DA:224,523
DA:225,523
DA:228,523
DA:229,523
DA:230,523
DA:231,523
DA:232,523
DA:233,523
DA:234,523
DA:235,523
DA:236,523
DA:239,523
DA:240,523
DA:241,523
DA:242,523
DA:243,523
DA:244,523
DA:245,523
DA:246,523
DA:247,523
DA:250,523
DA:252,523
DA:253,523
DA:256,523
DA:257,523
DA:258,523
DA:259,523
DA:260,523
DA:261,523
DA:262,523
DA:265,523
DA:266,523
DA:267,523
DA:268,523
DA:269,523
DA:270,523
DA:271,523
DA:274,523
DA:275,523
DA:276,523
DA:277,523
DA:278,523
DA:279,523
DA:280,523
DA:283,523
DA:298,3
DA:299,3
DA:300,3
DA:301,3
DA:302,3
DA:303,3
DA:304,3
DA:305,3
DA:306,3
DA:307,3
DA:308,3
DA:309,3
DA:310,4
DA:311,3
DA:313,0
DA:315,0
DA:318,0
DA:320,3
DA:325,1
DA:326,1
DA:327,1
DA:328,1
DA:329,1
DA:330,1
DA:331,1
DA:332,1
DA:333,1
DA:334,1
DA:335,1
DA:336,1
DA:337,1
DA:338,1
DA:339,0
DA:342,0
DA:344,1
DA:345,1
DA:346,1
DA:347,1
DA:350,1
DA:355,1
DA:356,1
DA:357,1
DA:358,1
DA:359,1
DA:360,1
DA:361,1
DA:362,1
DA:363,1
DA:364,1
DA:365,1
DA:367,0
DA:369,1
DA:371,0
DA:373,1
DA:377,1
DA:378,1
DA:379,1
DA:380,1
DA:381,1
DA:382,1
DA:383,1
DA:384,1
DA:387,1
DA:395,1
DA:396,1
DA:397,1
DA:398,1
DA:399,1
DA:400,1
DA:404,1
DA:405,1
DA:407,0
DA:409,1
DA:410,1
DA:411,1
DA:413,0
DA:415,1
DA:421,1
DA:422,1
DA:423,1
DA:424,1
DA:425,1
DA:426,1
DA:428,0
DA:430,1
DA:431,1
DA:432,1
DA:435,1
DA:442,1
DA:443,1
DA:444,1
DA:445,1
DA:446,1
DA:447,1
DA:448,1
DA:449,1
DA:453,1
DA:454,2
DA:455,1
DA:458,1
DA:459,1
DA:466,1
DA:467,1
DA:468,1
DA:469,1
DA:470,1
DA:471,1
DA:472,1
DA:473,1
DA:477,1
DA:478,1
DA:479,1
DA:482,1
DA:483,1
DA:491,1
DA:492,1
DA:493,1
DA:494,1
DA:495,1
DA:496,1
DA:497,1
DA:498,1
DA:499,1
DA:500,1
DA:501,1
DA:502,1
DA:503,1
DA:504,1
DA:505,1
DA:508,0
DA:510,1
DA:511,1
DA:518,1
DA:519,1
DA:520,1
DA:521,1
DA:522,1
DA:523,1
DA:524,1
DA:525,1
DA:526,1
DA:527,1
DA:529,0
DA:531,1
DA:532,1
DA:534,0
DA:537,0
DA:539,1
DA:544,1
DA:545,1
DA:546,1
DA:547,1
DA:548,1
DA:549,1
DA:550,1
DA:551,1
DA:552,1
DA:553,0
DA:556,1
DA:557,1
DA:559,0
DA:562,0
DA:564,1
DA:573,1
DA:574,1
DA:575,1
DA:576,1
DA:577,1
DA:578,1
DA:579,1
DA:580,1
DA:582,1
DA:583,1
DA:584,1
DA:585,0
DA:587,1
DA:588,1
DA:589,1
DA:590,0
DA:592,1
DA:593,1
DA:594,1
DA:595,1
DA:596,1
DA:597,1
DA:598,1
DA:599,1
DA:600,1
DA:601,1
DA:604,1
DA:605,1
DA:606,1
DA:607,1
DA:608,1
DA:609,1
DA:610,1
DA:611,1
DA:612,1
DA:613,1
DA:616,1
DA:621,1
DA:622,1
DA:623,1
DA:624,1
DA:625,1
DA:626,1
DA:627,1
DA:628,1
DA:629,1
DA:630,1
DA:632,0
DA:634,1
DA:636,0
DA:638,1
DA:642,1
DA:643,1
DA:644,1
DA:645,1
DA:646,1
DA:647,1
DA:648,0
DA:649,1
DA:657,1
DA:663,1
DA:664,1
DA:665,1
DA:666,1
DA:667,1
DA:668,1
DA:669,1
DA:671,1
DA:672,1
DA:673,1
DA:674,1
DA:675,1
DA:676,1
DA:678,0
DA:680,1
DA:682,0
DA:684,1
BRF:0
BRH:0
LF:430
LH:388
end_of_record
SF:/var/home/jack/Code/koan/src/builtins/nominal_schema.rs
FN:89,_RNCNvNtNtCseNVRx00pSZ_4koan8builtins14nominal_schema21nominal_schema_action0B7_
FN:35,_RNvNtNtCseNVRx00pSZ_4koan8builtins14nominal_schema21nominal_schema_action
FN:89,_RNCNvNtNtCshhLDRWZdUzD_4koan8builtins14nominal_schema21nominal_schema_action0B7_
FN:35,_RNvNtNtCshhLDRWZdUzD_4koan8builtins14nominal_schema21nominal_schema_action
FNDA:2,_RNCNvNtNtCseNVRx00pSZ_4koan8builtins14nominal_schema21nominal_schema_action0B7_
FNDA:4,_RNvNtNtCseNVRx00pSZ_4koan8builtins14nominal_schema21nominal_schema_action
FNDA:1,_RNCNvNtNtCshhLDRWZdUzD_4koan8builtins14nominal_schema21nominal_schema_action0B7_
FNDA:71,_RNvNtNtCshhLDRWZdUzD_4koan8builtins14nominal_schema21nominal_schema_action
FNF:2
FNH:2
DA:35,75
DA:36,75
DA:37,75
DA:38,75
DA:39,75
DA:40,75
DA:41,75
DA:42,75
DA:43,75
DA:44,75
DA:45,75
DA:46,75
DA:50,75
DA:51,75
DA:52,75
DA:53,75
DA:54,75
DA:55,75
DA:56,75
DA:60,75
DA:61,75
DA:62,75
DA:63,75
DA:64,75
DA:65,75
DA:66,75
DA:67,75
DA:68,75
DA:69,75
DA:70,67
DA:71,67
DA:73,5
DA:75,3
DA:76,3
DA:78,3
DA:79,3
DA:80,3
DA:81,3
DA:82,3
DA:83,3
DA:84,3
DA:85,3
DA:86,3
DA:87,3
DA:88,3
DA:89,3
DA:93,75
BRF:0
BRH:0
LF:48
LH:48
end_of_record
SF:/var/home/jack/Code/koan/src/builtins/parameterized_types.rs
FN:191,_RNCNCNvNtNtCseNVRx00pSZ_4koan8builtins19parameterized_types13build_carriers_00B9_
FN:173,_RNCNvNtNtCseNVRx00pSZ_4koan8builtins19parameterized_types13build_carrier0B7_
FN:189,_RNCNvNtNtCseNVRx00pSZ_4koan8builtins19parameterized_types13build_carriers_0B7_
FN:89,_RNCNvNtNtNtCseNVRx00pSZ_4koan8builtins19parameterized_types13action_bodies12body_list_of0B9_
FN:128,_RNCNvNtNtNtCseNVRx00pSZ_4koan8builtins19parameterized_types13action_bodies13body_apply_as0B9_
FN:97,_RNCNvNtNtNtCseNVRx00pSZ_4koan8builtins19parameterized_types13action_bodies8body_map0B9_
FN:44,_RNvMNtNtCseNVRx00pSZ_4koan8builtins19parameterized_typesNtB2_11CarrierKind15field_name_kind
FN:37,_RNvMNtNtCseNVRx00pSZ_4koan8builtins19parameterized_typesNtB2_11CarrierKind7context
FN:149,_RNvNtNtCseNVRx00pSZ_4koan8builtins19parameterized_types13build_carrier
FN:54,_RNvNtNtCseNVRx00pSZ_4koan8builtins19parameterized_types16finalize_carrier
FN:197,_RNvNtNtCseNVRx00pSZ_4koan8builtins19parameterized_types8register
FN:140,_RNvNtNtNtCseNVRx00pSZ_4koan8builtins19parameterized_types13action_bodies12body_functor
FN:87,_RNvNtNtNtCseNVRx00pSZ_4koan8builtins19parameterized_types13action_bodies12body_list_of
FN:102,_RNvNtNtNtCseNVRx00pSZ_4koan8builtins19parameterized_types13action_bodies13body_apply_as
FN:136,_RNvNtNtNtCseNVRx00pSZ_4koan8builtins19parameterized_types13action_bodies7body_fn
FN:94,_RNvNtNtNtCseNVRx00pSZ_4koan8builtins19parameterized_types13action_bodies8body_map
FN:89,_RNCNvNtNtNtCshhLDRWZdUzD_4koan8builtins19parameterized_types13action_bodies12body_list_of0B9_
[...]
FN:285,_RNCNvNtNtCseNVRx00pSZ_4koan5parse10whitespace16line_paren_delta0B7_
FN:286,_RNCNvNtNtCseNVRx00pSZ_4koan5parse10whitespace16line_paren_deltas_0B7_
FN:33,_RNCNvNtNtCseNVRx00pSZ_4koan5parse10whitespace19collapse_whitespace0B7_
FN:252,_RNCNvNtNtCseNVRx00pSZ_4koan5parse10whitespace19walk_content_cursor0B7_
FN:253,_RNCNvNtNtCseNVRx00pSZ_4koan5parse10whitespace19walk_content_cursors_0B7_
FN:37,_RNvNtNtCshhLDRWZdUzD_4koan5parse10whitespace12collapse_str
FN:291,_RNvNtNtCshhLDRWZdUzD_4koan5parse10whitespace13adjust_parens
FN:278,_RNvNtNtCshhLDRWZdUzD_4koan5parse10whitespace16line_delim_delta
FN:284,_RNvNtNtCshhLDRWZdUzD_4koan5parse10whitespace16line_paren_delta
FN:31,_RNvNtNtCshhLDRWZdUzD_4koan5parse10whitespace19collapse_whitespace
FN:233,_RNvNtNtCshhLDRWZdUzD_4koan5parse10whitespace19walk_content_cursor
FN:224,_RNvNtNtCshhLDRWZdUzD_4koan5parse10whitespace9emit_jump
FN:55,_RNCNvNtNtCshhLDRWZdUzD_4koan5parse10whitespace12collapse_str0B7_
FN:149,_RNCNvNtNtCshhLDRWZdUzD_4koan5parse10whitespace12collapse_strs0_0B7_
FN:56,_RNCNvNtNtCshhLDRWZdUzD_4koan5parse10whitespace12collapse_strs_0B7_
FN:279,_RNCNvNtNtCshhLDRWZdUzD_4koan5parse10whitespace16line_delim_delta0B7_
FN:280,_RNCNvNtNtCshhLDRWZdUzD_4koan5parse10whitespace16line_delim_deltas_0B7_
FN:285,_RNCNvNtNtCshhLDRWZdUzD_4koan5parse10whitespace16line_paren_delta0B7_
FN:286,_RNCNvNtNtCshhLDRWZdUzD_4koan5parse10whitespace16line_paren_deltas_0B7_
FN:33,_RNCNvNtNtCshhLDRWZdUzD_4koan5parse10whitespace19collapse_whitespace0B7_
FN:252,_RNCNvNtNtCshhLDRWZdUzD_4koan5parse10whitespace19walk_content_cursor0B7_
FN:253,_RNCNvNtNtCshhLDRWZdUzD_4koan5parse10whitespace19walk_content_cursors_0B7_
FNDA:43,_RNvNtNtCseNVRx00pSZ_4koan5parse10whitespace12collapse_str
FNDA:103,_RNvNtNtCseNVRx00pSZ_4koan5parse10whitespace13adjust_parens
FNDA:103,_RNvNtNtCseNVRx00pSZ_4koan5parse10whitespace16line_delim_delta
FNDA:103,_RNvNtNtCseNVRx00pSZ_4koan5parse10whitespace16line_paren_delta
FNDA:43,_RNvNtNtCseNVRx00pSZ_4koan5parse10whitespace19collapse_whitespace
FNDA:103,_RNvNtNtCseNVRx00pSZ_4koan5parse10whitespace19walk_content_cursor
FNDA:206,_RNvNtNtCseNVRx00pSZ_4koan5parse10whitespace9emit_jump
FNDA:3577,_RNCNvNtNtCseNVRx00pSZ_4koan5parse10whitespace12collapse_str0B7_
FNDA:0,_RNCNvNtNtCseNVRx00pSZ_4koan5parse10whitespace12collapse_strs0_0B7_
FNDA:60,_RNCNvNtNtCseNVRx00pSZ_4koan5parse10whitespace12collapse_strs_0B7_
FNDA:3517,_RNCNvNtNtCseNVRx00pSZ_4koan5parse10whitespace16line_delim_delta0B7_
FNDA:3517,_RNCNvNtNtCseNVRx00pSZ_4koan5parse10whitespace16line_delim_deltas_0B7_
FNDA:3517,_RNCNvNtNtCseNVRx00pSZ_4koan5parse10whitespace16line_paren_delta0B7_
FNDA:3517,_RNCNvNtNtCseNVRx00pSZ_4koan5parse10whitespace16line_paren_deltas_0B7_
FNDA:0,_RNCNvNtNtCseNVRx00pSZ_4koan5parse10whitespace19collapse_whitespace0B7_
FNDA:1,_RNCNvNtNtCseNVRx00pSZ_4koan5parse10whitespace19walk_content_cursor0B7_
FNDA:0,_RNCNvNtNtCseNVRx00pSZ_4koan5parse10whitespace19walk_content_cursors_0B7_
FNDA:896,_RNvNtNtCshhLDRWZdUzD_4koan5parse10whitespace12collapse_str
FNDA:1346,_RNvNtNtCshhLDRWZdUzD_4koan5parse10whitespace13adjust_parens
FNDA:1346,_RNvNtNtCshhLDRWZdUzD_4koan5parse10whitespace16line_delim_delta
FNDA:1353,_RNvNtNtCshhLDRWZdUzD_4koan5parse10whitespace16line_paren_delta
FNDA:896,_RNvNtNtCshhLDRWZdUzD_4koan5parse10whitespace19collapse_whitespace
FNDA:1353,_RNvNtNtCshhLDRWZdUzD_4koan5parse10whitespace19walk_content_cursor
FNDA:2629,_RNvNtNtCshhLDRWZdUzD_4koan5parse10whitespace9emit_jump
FNDA:37469,_RNCNvNtNtCshhLDRWZdUzD_4koan5parse10whitespace12collapse_str0B7_
FNDA:151,_RNCNvNtNtCshhLDRWZdUzD_4koan5parse10whitespace12collapse_strs0_0B7_
FNDA:481,_RNCNvNtNtCshhLDRWZdUzD_4koan5parse10whitespace12collapse_strs_0B7_
FNDA:36682,_RNCNvNtNtCshhLDRWZdUzD_4koan5parse10whitespace16line_delim_delta0B7_
FNDA:36682,_RNCNvNtNtCshhLDRWZdUzD_4koan5parse10whitespace16line_delim_deltas_0B7_
FNDA:36704,_RNCNvNtNtCshhLDRWZdUzD_4koan5parse10whitespace16line_paren_delta0B7_
FNDA:36704,_RNCNvNtNtCshhLDRWZdUzD_4koan5parse10whitespace16line_paren_deltas_0B7_
FNDA:0,_RNCNvNtNtCshhLDRWZdUzD_4koan5parse10whitespace19collapse_whitespace0B7_
FNDA:222,_RNCNvNtNtCshhLDRWZdUzD_4koan5parse10whitespace19walk_content_cursor0B7_
FNDA:0,_RNCNvNtNtCshhLDRWZdUzD_4koan5parse10whitespace19walk_content_cursors_0B7_
FNF:17
FNH:15
DA:31,939
DA:32,939
DA:33,939
DA:34,939
DA:35,939
DA:37,939
DA:38,939
DA:39,939
DA:40,939
DA:41,939
DA:42,939
DA:45,939
DA:47,939
DA:48,939
DA:49,939
DA:50,939
DA:52,2411
DA:53,1479
DA:54,1479
DA:55,41046
DA:56,1479
DA:57,1479
DA:59,1479
DA:60,1479
DA:61,1479
DA:62,1479
DA:64,1479
DA:66,1479
DA:70,23
DA:71,23
DA:72,23
DA:73,8
DA:75,15
DA:77,23
DA:78,23
DA:79,1456
DA:81,1456
DA:83,1456
DA:84,1456
DA:86,1456
DA:87,1456
DA:89,1456
DA:90,1456
DA:91,1456
DA:92,1456
DA:93,1456
DA:117,1456
DA:118,54
DA:119,54
DA:120,1402
DA:123,1402
DA:124,32
DA:127,12
DA:128,1
DA:129,1
DA:130,1
DA:131,1
DA:132,1
DA:133,11
DA:134,11
DA:135,11
DA:136,20
DA:137,20
DA:140,1
DA:141,1
DA:142,1
DA:143,1
DA:144,1
DA:145,1
DA:146,19
DA:147,1370
DA:149,1389
DA:150,3
DA:151,3
DA:152,3
DA:153,3
DA:154,3
DA:155,3
DA:156,3
DA:157,3
DA:158,1386
DA:159,1386
DA:160,2
DA:161,2
DA:162,2
DA:163,2
DA:164,2
DA:165,2
DA:166,2
DA:167,2
DA:168,1384
DA:170,1805
DA:171,470
DA:172,421
DA:173,421
DA:174,421
DA:175,421
DA:176,49
DA:182,1384
DA:183,447
DA:184,937
DA:188,1384
DA:189,1384
DA:190,11
DA:191,11
DA:192,11
DA:193,11
DA:194,11
DA:195,1373
DA:196,1373
DA:197,1373
DA:198,1373
DA:199,1373
DA:201,1384
DA:202,1384
DA:203,1384
DA:204,1384
DA:205,1384
DA:207,1384
DA:208,1384
DA:209,501
DA:211,883
DA:213,1384
DA:216,1886
DA:217,954
DA:218,954
DA:219,954
DA:221,932
DA:222,939
DA:224,2835
DA:225,2835
DA:226,2835
DA:227,2835
DA:228,2835
DA:233,1456
DA:234,1456
DA:235,1456
DA:236,40275
DA:237,38819
DA:238,38819
DA:239,223
DA:240,223
DA:241,721
DA:242,498
DA:243,498
DA:244,223
DA:245,0
DA:246,223
DA:247,223
DA:248,0
DA:249,223
DA:250,223
DA:251,223
DA:252,223
DA:253,223
DA:254,223
DA:255,38596
DA:256,223
DA:257,446
DA:258,223
DA:259,223
DA:260,223
DA:261,0
DA:262,223
DA:263,223
DA:264,458
DA:265,235
DA:266,235
DA:267,223
DA:268,38373
DA:269,38373
DA:270,38373
DA:271,38373
DA:273,1456
DA:274,1456
DA:278,1449
DA:279,40199
DA:280,40199
DA:281,1449
DA:282,1449
DA:284,1456
DA:285,40221
DA:286,40221
DA:287,1456
DA:288,1456
DA:291,1449
DA:292,1449
DA:293,15
DA:294,15
DA:295,15
DA:297,1434
DA:298,13
DA:299,13
DA:301,1449
BRF:0
BRH:0
LF:204
LH:199
end_of_record
SF:/var/home/jack/Code/koan/src/source.rs
FN:152,_RNvXININtCseNVRx00pSZ_4koan6sources2_0pEINtB5_7SpannedpEINtNtCs27Vx93FoQ6z_4core7convert4FrompE4fromB7_
FN:54,_RNvMNtCseNVRx00pSZ_4koan6sourceNtB2_10SourceFile7resolve
FN:117,_RNvMs_NtCseNVRx00pSZ_4koan6sourceNtB4_16CurrentFileGuard4push
FN:104,_RNvNtCseNVRx00pSZ_4koan6source11set_current
FN:98,_RNvNtCseNVRx00pSZ_4koan6source7current
FN:73,_RNvNtCseNVRx00pSZ_4koan6source8register
FN:125,_RNvXs0_NtCseNVRx00pSZ_4koan6sourceNtB5_16CurrentFileGuardNtNtNtCs27Vx93FoQ6z_4core3ops4drop4Drop4drop
FN:38,_RINvMNtCseNVRx00pSZ_4koan6sourceNtB3_10SourceFile3newReEB5_
FN:85,_RINvNtCseNVRx00pSZ_4koan6source4withINtNtCs27Vx93FoQ6z_4core6option6OptionTINtNtCsgW8esjfipvk_5alloc2rc2RceEmmEENCNvXs2_NtNtNtB4_7machine4core6kerrorNtB1U_10KErrorKindNtNtBD_3fmt7Display3fmt0EB4_
FN:85,_RINvNtCseNVRx00pSZ_4koan6source4withNtB2_9SourceLocNCNCNvNtNtNtB4_7machine4core6kerror18location_from_expr00EB4_
FN:85,_RINvNtCseNVRx00pSZ_4koan6source4withTINtNtCs27Vx93FoQ6z_4core6option6OptionNtNtCsgW8esjfipvk_5alloc6string6StringEIBA_mEB1O_ENCNvMs0_NtNtNtB4_7machine4core6kerrorNtB27_10KErrorKind16to_struct_fields0EB4_
FN:85,_RINvNtCseNVRx00pSZ_4koan6source4withTINtNtCsgW8esjfipvk_5alloc3vec3VechEINtNtNtNtCs75vJTIYSa2J_3std11collections4hash3map7HashMapjNtNtBE_6string6StringEENCNvNtNtB4_5parse15expression_tree17parse_with_source0EB4_
FN:86,_RNCINvNtCseNVRx00pSZ_4koan6source4withINtNtCs27Vx93FoQ6z_4core6option6OptionTINtNtCsgW8esjfipvk_5alloc2rc2RceEmmEENCNvXs2_NtNtNtB6_7machine4core6kerrorNtB1W_10KErrorKindNtNtBF_3fmt7Display3fmt0E0B6_
FN:86,_RNCINvNtCseNVRx00pSZ_4koan6source4withNtB4_9SourceLocNCNCNvNtNtNtB6_7machine4core6kerror18location_from_expr00E0B6_
FN:86,_RNCINvNtCseNVRx00pSZ_4koan6source4withTINtNtCs27Vx93FoQ6z_4core6option6OptionNtNtCsgW8esjfipvk_5alloc6string6StringEIBC_mEB1Q_ENCNvMs0_NtNtNtB6_7machine4core6kerrorNtB29_10KErrorKind16to_struct_fields0E0B6_
FN:86,_RNCINvNtCseNVRx00pSZ_4koan6source4withTINtNtCsgW8esjfipvk_5alloc3vec3VechEINtNtNtNtCs75vJTIYSa2J_3std11collections4hash3map7HashMapjNtNtBG_6string6StringEENCNvNtNtB6_5parse15expression_tree17parse_with_source0E0B6_
FN:105,_RNCNvNtCseNVRx00pSZ_4koan6source11set_current0B5_
FN:74,_RNCNvNtCseNVRx00pSZ_4koan6source8register0B5_
FN:143,_RNvMs1_NtCseNVRx00pSZ_4koan6sourceINtB5_7SpannedNtNtNtNtB7_7machine5model3ast14ExpressionPartE2atB7_
FN:139,_RNvMs1_NtCseNVRx00pSZ_4koan6sourceINtB5_7SpannedNtNtNtNtB7_7machine5model3ast14ExpressionPartE4bareB7_
FN:38,_RINvMNtCshhLDRWZdUzD_4koan6sourceNtB3_10SourceFile3newReEB5_
FN:85,_RINvNtCshhLDRWZdUzD_4koan6source4withINtNtCs27Vx93FoQ6z_4core6option6OptionTINtNtCsgW8esjfipvk_5alloc2rc2RceEmmEENCNvXs2_NtNtNtB4_7machine4core6kerrorNtB1V_10KErrorKindNtNtBE_3fmt7Display3fmt0EB4_
FN:85,_RINvNtCshhLDRWZdUzD_4koan6source4withINtNtCsgW8esjfipvk_5alloc2rc2RceENCNvNtB2_5testss_28register_and_with_round_trip0EB4_
FN:85,_RINvNtCshhLDRWZdUzD_4koan6source4withNtB2_9SourceLocNCNCNvNtNtNtB4_7machine4core6kerror18location_from_expr00EB4_
FN:85,_RINvNtCshhLDRWZdUzD_4koan6source4withTINtNtCs27Vx93FoQ6z_4core6option6OptionNtNtCsgW8esjfipvk_5alloc6string6StringEIBB_mEB1P_ENCNvMs0_NtNtNtB4_7machine4core6kerrorNtB28_10KErrorKind16to_struct_fields0EB4_
FN:85,_RINvNtCshhLDRWZdUzD_4koan6source4withTINtNtCsgW8esjfipvk_5alloc3vec3VechEINtNtNtNtCs75vJTIYSa2J_3std11collections4hash3map7HashMapjNtNtBF_6string6StringEENCNvNtNtB4_5parse15expression_tree17parse_with_source0EB4_
FN:85,_RINvNtCshhLDRWZdUzD_4koan6source4withTmmENCNvNtNtNtNtB4_5parse15expression_tree5tests5spanss_63parse_with_path_stamps_file_on_expression_and_resolves_line_col0EB4_
FN:86,_RNCINvNtCshhLDRWZdUzD_4koan6source4withINtNtCs27Vx93FoQ6z_4core6option6OptionTINtNtCsgW8esjfipvk_5alloc2rc2RceEmmEENCNvXs2_NtNtNtB6_7machine4core6kerrorNtB1X_10KErrorKindNtNtBG_3fmt7Display3fmt0E0B6_
FN:86,_RNCINvNtCshhLDRWZdUzD_4koan6source4withINtNtCsgW8esjfipvk_5alloc2rc2RceENCNvNtB4_5testss_28register_and_with_round_trip0E0B6_
FN:86,_RNCINvNtCshhLDRWZdUzD_4koan6source4withNtB4_9SourceLocNCNCNvNtNtNtB6_7machine4core6kerror18location_from_expr00E0B6_
FN:86,_RNCINvNtCshhLDRWZdUzD_4koan6source4withTINtNtCs27Vx93FoQ6z_4core6option6OptionNtNtCsgW8esjfipvk_5alloc6string6StringEIBD_mEB1R_ENCNvMs0_NtNtNtB6_7machine4core6kerrorNtB2a_10KErrorKind16to_struct_fields0E0B6_
FN:86,_RNCINvNtCshhLDRWZdUzD_4koan6source4withTINtNtCsgW8esjfipvk_5alloc3vec3VechEINtNtNtNtCs75vJTIYSa2J_3std11collections4hash3map7HashMapjNtNtBH_6string6StringEENCNvNtNtB6_5parse15expression_tree17parse_with_source0E0B6_
FN:86,_RNCINvNtCshhLDRWZdUzD_4koan6source4withTmmENCNvNtNtNtNtB6_5parse15expression_tree5tests5spanss_63parse_with_path_stamps_file_on_expression_and_resolves_line_col0E0B6_
FN:105,_RNCNvNtCshhLDRWZdUzD_4koan6source11set_current0B5_
FN:74,_RNCNvNtCshhLDRWZdUzD_4koan6source8register0B5_
FN:143,_RNvMs1_NtCshhLDRWZdUzD_4koan6sourceINtB5_7SpannedNtNtNtNtB7_7machine5model3ast14ExpressionPartE2atB7_
FN:139,_RNvMs1_NtCshhLDRWZdUzD_4koan6sourceINtB5_7SpannedNtNtNtNtB7_7machine5model3ast14ExpressionPartE4bareB7_
FN:139,_RNvMs1_NtCshhLDRWZdUzD_4koan6sourceINtB5_7SpannedmE4bareB7_
FN:152,_RNvXs2_NtCshhLDRWZdUzD_4koan6sourceINtB5_7SpannedmEINtNtCs27Vx93FoQ6z_4core7convert4FrommE4fromB7_
FN:192,_RNCNvNtNtCshhLDRWZdUzD_4koan6source5testss_28register_and_with_round_trip0B7_
FN:54,_RNvMNtCshhLDRWZdUzD_4koan6sourceNtB2_10SourceFile7resolve
FN:117,_RNvMs_NtCshhLDRWZdUzD_4koan6sourceNtB4_16CurrentFileGuard4push
FN:104,_RNvNtCshhLDRWZdUzD_4koan6source11set_current
FN:98,_RNvNtCshhLDRWZdUzD_4koan6source7current
FN:73,_RNvNtCshhLDRWZdUzD_4koan6source8register
FN:162,_RNvNtNtCshhLDRWZdUzD_4koan6source5testss_18resolve_first_line
FN:169,_RNvNtNtCshhLDRWZdUzD_4koan6source5testss_18resolve_multi_line
FN:210,_RNvNtNtCshhLDRWZdUzD_4koan6source5testss_24spanned_bare_has_no_span
FN:190,_RNvNtNtCshhLDRWZdUzD_4koan6source5testss_28register_and_with_round_trip
FN:217,_RNvNtNtCshhLDRWZdUzD_4koan6source5testss_33spanned_from_wraps_with_none_span
FN:197,_RNvNtNtCshhLDRWZdUzD_4koan6source5testss_36guard_restores_previous_current_file
FN:178,_RNvNtNtCshhLDRWZdUzD_4koan6source5testss_48resolve_utf16_columns_count_code_units_not_bytes
FN:125,_RNvXs0_NtCshhLDRWZdUzD_4koan6sourceNtB5_16CurrentFileGuardNtNtNtCs27Vx93FoQ6z_4core3ops4drop4Drop4drop
FNDA:0,_RNvXININtCseNVRx00pSZ_4koan6sources2_0pEINtB5_7SpannedpEINtNtCs27Vx93FoQ6z_4core7convert4FrompE4fromB7_
FNDA:0,_RNvMNtCseNVRx00pSZ_4koan6sourceNtB2_10SourceFile7resolve
FNDA:43,_RNvMs_NtCseNVRx00pSZ_4koan6sourceNtB4_16CurrentFileGuard4push
FNDA:86,_RNvNtCseNVRx00pSZ_4koan6source11set_current
FNDA:267,_RNvNtCseNVRx00pSZ_4koan6source7current
FNDA:43,_RNvNtCseNVRx00pSZ_4koan6source8register
FNDA:43,_RNvXs0_NtCseNVRx00pSZ_4koan6sourceNtB5_16CurrentFileGuardNtNtNtCs27Vx93FoQ6z_4core3ops4drop4Drop4drop
FNDA:43,_RINvMNtCseNVRx00pSZ_4koan6sourceNtB3_10SourceFile3newReEB5_
FNDA:0,_RINvNtCseNVRx00pSZ_4koan6source4withINtNtCs27Vx93FoQ6z_4core6option6OptionTINtNtCsgW8esjfipvk_5alloc2rc2RceEmmEENCNvXs2_NtNtNtB4_7machine4core6kerrorNtB1U_10KErrorKindNtNtBD_3fmt7Display3fmt0EB4_
FNDA:0,_RINvNtCseNVRx00pSZ_4koan6source4withNtB2_9SourceLocNCNCNvNtNtNtB4_7machine4core6kerror18location_from_expr00EB4_
FNDA:0,_RINvNtCseNVRx00pSZ_4koan6source4withTINtNtCs27Vx93FoQ6z_4core6option6OptionNtNtCsgW8esjfipvk_5alloc6string6StringEIBA_mEB1O_ENCNvMs0_NtNtNtB4_7machine4core6kerrorNtB27_10KErrorKind16to_struct_fields0EB4_
FNDA:43,_RINvNtCseNVRx00pSZ_4koan6source4withTINtNtCsgW8esjfipvk_5alloc3vec3VechEINtNtNtNtCs75vJTIYSa2J_3std11collections4hash3map7HashMapjNtNtBE_6string6StringEENCNvNtNtB4_5parse15expression_tree17parse_with_source0EB4_
FNDA:0,_RNCINvNtCseNVRx00pSZ_4koan6source4withINtNtCs27Vx93FoQ6z_4core6option6OptionTINtNtCsgW8esjfipvk_5alloc2rc2RceEmmEENCNvXs2_NtNtNtB6_7machine4core6kerrorNtB1W_10KErrorKindNtNtBF_3fmt7Display3fmt0E0B6_
FNDA:0,_RNCINvNtCseNVRx00pSZ_4koan6source4withNtB4_9SourceLocNCNCNvNtNtNtB6_7machine4core6kerror18location_from_expr00E0B6_
FNDA:0,_RNCINvNtCseNVRx00pSZ_4koan6source4withTINtNtCs27Vx93FoQ6z_4core6option6OptionNtNtCsgW8esjfipvk_5alloc6string6StringEIBC_mEB1Q_ENCNvMs0_NtNtNtB6_7machine4core6kerrorNtB29_10KErrorKind16to_struct_fields0E0B6_
FNDA:43,_RNCINvNtCseNVRx00pSZ_4koan6source4withTINtNtCsgW8esjfipvk_5alloc3vec3VechEINtNtNtNtCs75vJTIYSa2J_3std11collections4hash3map7HashMapjNtNtBG_6string6StringEENCNvNtNtB6_5parse15expression_tree17parse_with_source0E0B6_
FNDA:86,_RNCNvNtCseNVRx00pSZ_4koan6source11set_current0B5_
FNDA:43,_RNCNvNtCseNVRx00pSZ_4koan6source8register0B5_
FNDA:1002,_RNvMs1_NtCseNVRx00pSZ_4koan6sourceINtB5_7SpannedNtNtNtNtB7_7machine5model3ast14ExpressionPartE2atB7_
FNDA:81,_RNvMs1_NtCseNVRx00pSZ_4koan6sourceINtB5_7SpannedNtNtNtNtB7_7machine5model3ast14ExpressionPartE4bareB7_
FNDA:845,_RINvMNtCshhLDRWZdUzD_4koan6sourceNtB3_10SourceFile3newReEB5_
FNDA:2,_RINvNtCshhLDRWZdUzD_4koan6source4withINtNtCs27Vx93FoQ6z_4core6option6OptionTINtNtCsgW8esjfipvk_5alloc2rc2RceEmmEENCNvXs2_NtNtNtB4_7machine4core6kerrorNtB1V_10KErrorKindNtNtBE_3fmt7Display3fmt0EB4_
FNDA:1,_RINvNtCshhLDRWZdUzD_4koan6source4withINtNtCsgW8esjfipvk_5alloc2rc2RceENCNvNtB2_5testss_28register_and_with_round_trip0EB4_
FNDA:0,_RINvNtCshhLDRWZdUzD_4koan6source4withNtB2_9SourceLocNCNCNvNtNtNtB4_7machine4core6kerror18location_from_expr00EB4_
FNDA:0,_RINvNtCshhLDRWZdUzD_4koan6source4withTINtNtCs27Vx93FoQ6z_4core6option6OptionNtNtCsgW8esjfipvk_5alloc6string6StringEIBB_mEB1P_ENCNvMs0_NtNtNtB4_7machine4core6kerrorNtB28_10KErrorKind16to_struct_fields0EB4_
FNDA:837,_RINvNtCshhLDRWZdUzD_4koan6source4withTINtNtCsgW8esjfipvk_5alloc3vec3VechEINtNtNtNtCs75vJTIYSa2J_3std11collections4hash3map7HashMapjNtNtBF_6string6StringEENCNvNtNtB4_5parse15expression_tree17parse_with_source0EB4_
FNDA:1,_RINvNtCshhLDRWZdUzD_4koan6source4withTmmENCNvNtNtNtNtB4_5parse15expression_tree5tests5spanss_63parse_with_path_stamps_file_on_expression_and_resolves_line_col0EB4_
FNDA:2,_RNCINvNtCshhLDRWZdUzD_4koan6source4withINtNtCs27Vx93FoQ6z_4core6option6OptionTINtNtCsgW8esjfipvk_5alloc2rc2RceEmmEENCNvXs2_NtNtNtB6_7machine4core6kerrorNtB1X_10KErrorKindNtNtBG_3fmt7Display3fmt0E0B6_
FNDA:1,_RNCINvNtCshhLDRWZdUzD_4koan6source4withINtNtCsgW8esjfipvk_5alloc2rc2RceENCNvNtB4_5testss_28register_and_with_round_trip0E0B6_
FNDA:0,_RNCINvNtCshhLDRWZdUzD_4koan6source4withNtB4_9SourceLocNCNCNvNtNtNtB6_7machine4core6kerror18location_from_expr00E0B6_
FNDA:0,_RNCINvNtCshhLDRWZdUzD_4koan6source4withTINtNtCs27Vx93FoQ6z_4core6option6OptionNtNtCsgW8esjfipvk_5alloc6string6StringEIBD_mEB1R_ENCNvMs0_NtNtNtB6_7machine4core6kerrorNtB2a_10KErrorKind16to_struct_fields0E0B6_
FNDA:837,_RNCINvNtCshhLDRWZdUzD_4koan6source4withTINtNtCsgW8esjfipvk_5alloc3vec3VechEINtNtNtNtCs75vJTIYSa2J_3std11collections4hash3map7HashMapjNtNtBH_6string6StringEENCNvNtNtB6_5parse15expression_tree17parse_with_source0E0B6_
FNDA:1,_RNCINvNtCshhLDRWZdUzD_4koan6source4withTmmENCNvNtNtNtNtB6_5parse15expression_tree5tests5spanss_63parse_with_path_stamps_file_on_expression_and_resolves_line_col0E0B6_
FNDA:1678,_RNCNvNtCshhLDRWZdUzD_4koan6source11set_current0B5_
FNDA:841,_RNCNvNtCshhLDRWZdUzD_4koan6source8register0B5_
FNDA:11081,_RNvMs1_NtCshhLDRWZdUzD_4koan6sourceINtB5_7SpannedNtNtNtNtB7_7machine5model3ast14ExpressionPartE2atB7_
FNDA:983,_RNvMs1_NtCshhLDRWZdUzD_4koan6sourceINtB5_7SpannedNtNtNtNtB7_7machine5model3ast14ExpressionPartE4bareB7_
FNDA:2,_RNvMs1_NtCshhLDRWZdUzD_4koan6sourceINtB5_7SpannedmE4bareB7_
FNDA:1,_RNvXs2_NtCshhLDRWZdUzD_4koan6sourceINtB5_7SpannedmEINtNtCs27Vx93FoQ6z_4core7convert4FrommE4fromB7_
FNDA:1,_RNCNvNtNtCshhLDRWZdUzD_4koan6source5testss_28register_and_with_round_trip0B7_
FNDA:14,_RNvMNtCshhLDRWZdUzD_4koan6sourceNtB2_10SourceFile7resolve
FNDA:839,_RNvMs_NtCshhLDRWZdUzD_4koan6sourceNtB4_16CurrentFileGuard4push
FNDA:1678,_RNvNtCshhLDRWZdUzD_4koan6source11set_current
FNDA:3315,_RNvNtCshhLDRWZdUzD_4koan6source7current
FNDA:841,_RNvNtCshhLDRWZdUzD_4koan6source8register
FNDA:1,_RNvNtNtCshhLDRWZdUzD_4koan6source5testss_18resolve_first_line
FNDA:1,_RNvNtNtCshhLDRWZdUzD_4koan6source5testss_18resolve_multi_line
FNDA:1,_RNvNtNtCshhLDRWZdUzD_4koan6source5testss_24spanned_bare_has_no_span
FNDA:1,_RNvNtNtCshhLDRWZdUzD_4koan6source5testss_28register_and_with_round_trip
FNDA:1,_RNvNtNtCshhLDRWZdUzD_4koan6source5testss_33spanned_from_wraps_with_none_span
FNDA:1,_RNvNtNtCshhLDRWZdUzD_4koan6source5testss_36guard_restores_previous_current_file
FNDA:1,_RNvNtNtCshhLDRWZdUzD_4koan6source5testss_48resolve_utf16_columns_count_code_units_not_bytes
FNDA:839,_RNvXs0_NtCshhLDRWZdUzD_4koan6sourceNtB5_16CurrentFileGuardNtNtNtCs27Vx93FoQ6z_4core3ops4drop4Drop4drop
FNF:22
FNH:22
DA:38,888
DA:39,888
DA:40,888
DA:41,39209
DA:42,39209
DA:43,443
DA:44,38766
DA:46,888
DA:47,888
DA:48,888
DA:49,888
DA:50,888
DA:51,888
DA:54,14
DA:55,14
DA:56,7
DA:57,7
DA:59,14
DA:60,14
DA:61,14
DA:62,14
DA:63,14
DA:73,884
DA:74,884
DA:75,884
DA:76,884
DA:77,884
DA:78,884
DA:79,884
DA:80,884
DA:85,884
DA:86,884
DA:87,884
DA:88,884
DA:89,884
DA:90,884
DA:91,884
DA:92,884
DA:93,884
DA:94,884
DA:95,884
DA:98,3582
DA:99,3582
DA:100,3582
DA:104,1764
DA:105,1764
DA:106,1764
DA:117,882
DA:118,882
DA:119,882
DA:120,882
DA:121,882
DA:125,882
DA:126,882
DA:127,882
DA:139,1066
DA:140,1066
DA:141,1066
DA:143,12083
DA:144,12083
DA:145,12083
DA:146,12083
DA:147,12083
DA:148,12083
DA:152,1
DA:153,1
DA:154,1
DA:162,1
DA:163,1
DA:164,1
DA:165,1
DA:166,1
DA:169,1
DA:170,1
DA:171,1
DA:172,1
DA:173,1
DA:174,1
DA:175,1
DA:178,1
DA:181,1
DA:182,1
DA:184,1
DA:186,1
DA:187,1
DA:190,1
DA:191,1
DA:192,1
DA:193,1
DA:194,1
DA:197,1
DA:198,1
DA:199,1
DA:200,1
DA:201,1
DA:203,1
DA:204,1
DA:206,1
DA:207,1
DA:210,1
DA:211,1
DA:212,1
DA:213,1
DA:214,1
DA:217,1
DA:218,1
DA:219,1
DA:220,1
BRF:0
BRH:0
LF:112
LH:112
end_of_record