SF:/var/home/jack/Code/koan/src/builtins.rs
FN:158,_RNvNtCs3yqXWJWMNss_4koan8builtins13default_scope
FN:81,_RNvNtCs3yqXWJWMNss_4koan8builtins16register_builtin
FN:46,_RNvNtCs3yqXWJWMNss_4koan8builtins20dispatch_constructor
FN:127,_RNvNtCs3yqXWJWMNss_4koan8builtins21register_builtin_full
FN:108,_RNvNtCs3yqXWJWMNss_4koan8builtins23register_nominal_binder
FN:92,_RNvNtCs3yqXWJWMNss_4koan8builtins28register_builtin_with_binder
FN:65,_RNvNtCs3yqXWJWMNss_4koan8builtins2kw
FN:70,_RNvNtCs3yqXWJWMNss_4koan8builtins3arg
FN:60,_RNvNtCs3yqXWJWMNss_4koan8builtins3err
FN:77,_RNvNtCs3yqXWJWMNss_4koan8builtins3sig
FN:158,_RNvNtCs8h7e9k1J8CD_4koan8builtins13default_scope
FN:81,_RNvNtCs8h7e9k1J8CD_4koan8builtins16register_builtin
FN:46,_RNvNtCs8h7e9k1J8CD_4koan8builtins20dispatch_constructor
FN:127,_RNvNtCs8h7e9k1J8CD_4koan8builtins21register_builtin_full
FN:108,_RNvNtCs8h7e9k1J8CD_4koan8builtins23register_nominal_binder
FN:92,_RNvNtCs8h7e9k1J8CD_4koan8builtins28register_builtin_with_binder
FN:65,_RNvNtCs8h7e9k1J8CD_4koan8builtins2kw
FN:70,_RNvNtCs8h7e9k1J8CD_4koan8builtins3arg
FN:60,_RNvNtCs8h7e9k1J8CD_4koan8builtins3err
FN:77,_RNvNtCs8h7e9k1J8CD_4koan8builtins3sig
FNDA:30,_RNvNtCs3yqXWJWMNss_4koan8builtins13default_scope
FNDA:840,_RNvNtCs3yqXWJWMNss_4koan8builtins16register_builtin
FNDA:3,_RNvNtCs3yqXWJWMNss_4koan8builtins20dispatch_constructor
FNDA:1200,_RNvNtCs3yqXWJWMNss_4koan8builtins21register_builtin_full
FNDA:120,_RNvNtCs3yqXWJWMNss_4koan8builtins23register_nominal_binder
FNDA:960,_RNvNtCs3yqXWJWMNss_4koan8builtins28register_builtin_with_binder
FNDA:1590,_RNvNtCs3yqXWJWMNss_4koan8builtins2kw
FNDA:2130,_RNvNtCs3yqXWJWMNss_4koan8builtins3arg
FNDA:1,_RNvNtCs3yqXWJWMNss_4koan8builtins3err
FNDA:1140,_RNvNtCs3yqXWJWMNss_4koan8builtins3sig
FNDA:455,_RNvNtCs8h7e9k1J8CD_4koan8builtins13default_scope
FNDA:12761,_RNvNtCs8h7e9k1J8CD_4koan8builtins16register_builtin
FNDA:93,_RNvNtCs8h7e9k1J8CD_4koan8builtins20dispatch_constructor
FNDA:18222,_RNvNtCs8h7e9k1J8CD_4koan8builtins21register_builtin_full
FNDA:1820,_RNvNtCs8h7e9k1J8CD_4koan8builtins23register_nominal_binder
FNDA:14582,_RNvNtCs8h7e9k1J8CD_4koan8builtins28register_builtin_with_binder
FNDA:24115,_RNvNtCs8h7e9k1J8CD_4koan8builtins2kw
FNDA:32305,_RNvNtCs8h7e9k1J8CD_4koan8builtins3arg
FNDA:73,_RNvNtCs8h7e9k1J8CD_4koan8builtins3err
FNDA:17290,_RNvNtCs8h7e9k1J8CD_4koan8builtins3sig
FNF:10
FNH:10
DA:46,96
DA:47,96
DA:48,96
DA:49,96
DA:50,96
DA:51,64
DA:52,32
DA:53,0
DA:55,96
DA:60,74
DA:61,74
DA:62,74
DA:65,25705
DA:66,25705
DA:67,25705
DA:70,34435
DA:71,34435
DA:72,34435
DA:77,18430
DA:78,18430
DA:79,18430
DA:81,13601
DA:82,13601
DA:83,13601
DA:84,13601
DA:85,13601
DA:86,13601
DA:87,13601
DA:88,13601
DA:92,15542
DA:93,15542
DA:94,15542
DA:95,15542
DA:96,15542
DA:97,15542
DA:98,15542
DA:99,15542
DA:100,15542
DA:108,1940
DA:109,1940
DA:110,1940
DA:111,1940
DA:112,1940
DA:113,1940
DA:114,1940
DA:115,1940
DA:116,1940
DA:127,19422
DA:128,19422
DA:129,19422
DA:130,19422
DA:131,19422
DA:132,19422
DA:133,19422
DA:134,19422
DA:135,19422
DA:136,19422
DA:137,19422
DA:138,19422
DA:139,19422
DA:140,19422
DA:141,19422
DA:142,19422
DA:143,19422
DA:144,19422
DA:145,19422
DA:146,19422
DA:147,19422
DA:148,19422
DA:149,19422
DA:158,485
DA:159,485
DA:160,485
DA:161,485
DA:162,485
DA:168,485
DA:169,485
DA:170,485
DA:171,485
DA:172,485
DA:173,485
DA:174,485
DA:175,485
DA:178,485
DA:179,485
DA:184,485
DA:185,485
DA:186,485
DA:189,485
DA:190,485
DA:191,485
DA:196,485
DA:197,485
DA:198,485
DA:200,485
DA:201,485
DA:202,485
DA:203,485
DA:204,485
DA:205,485
DA:210,485
DA:211,485
DA:212,485
DA:213,485
DA:214,485
DA:215,485
DA:216,485
DA:217,485
DA:218,485
DA:219,485
DA:220,485
DA:221,485
DA:222,485
DA:223,485
DA:224,485
DA:225,485
DA:226,485
DA:227,485
DA:228,485
DA:230,485
DA:231,485
BRF:0
BRH:0
LF:121
LH:120
end_of_record
SF:/var/home/jack/Code/koan/src/builtins/ascribe.rs
FN:191,_RNCNvNtNtCs3yqXWJWMNss_4koan8builtins7ascribe21is_abstract_type_name0B7_
FN:16,_RNvNtNtCs3yqXWJWMNss_4koan8builtins7ascribe11body_opaque
FN:129,_RNvNtNtCs3yqXWJWMNss_4koan8builtins7ascribe11shape_check
FN:100,_RNvNtNtCs3yqXWJWMNss_4koan8builtins7ascribe16body_transparent
FN:185,_RNvNtNtCs3yqXWJWMNss_4koan8builtins7ascribe21is_abstract_type_name
FN:171,_RNvNtNtCs3yqXWJWMNss_4koan8builtins7ascribe22abstract_type_names_of
FN:197,_RNvNtNtCs3yqXWJWMNss_4koan8builtins7ascribe28resolve_module_and_signature
FN:205,_RNvNtNtCs3yqXWJWMNss_4koan8builtins7ascribe8register
FN:191,_RNCNvNtNtCs8h7e9k1J8CD_4koan8builtins7ascribe21is_abstract_type_name0B7_
FN:16,_RNvNtNtCs8h7e9k1J8CD_4koan8builtins7ascribe11body_opaque
FN:129,_RNvNtNtCs8h7e9k1J8CD_4koan8builtins7ascribe11shape_check
FN:100,_RNvNtNtCs8h7e9k1J8CD_4koan8builtins7ascribe16body_transparent
FN:185,_RNvNtNtCs8h7e9k1J8CD_4koan8builtins7ascribe21is_abstract_type_name
FN:171,_RNvNtNtCs8h7e9k1J8CD_4koan8builtins7ascribe22abstract_type_names_of
FN:197,_RNvNtNtCs8h7e9k1J8CD_4koan8builtins7ascribe28resolve_module_and_signature
FN:205,_RNvNtNtCs8h7e9k1J8CD_4koan8builtins7ascribe8register
FNDA:0,_RNCNvNtNtCs3yqXWJWMNss_4koan8builtins7ascribe21is_abstract_type_name0B7_
FNDA:1,_RNvNtNtCs3yqXWJWMNss_4koan8builtins7ascribe11body_opaque
FNDA:3,_RNvNtNtCs3yqXWJWMNss_4koan8builtins7ascribe11shape_check
FNDA:2,_RNvNtNtCs3yqXWJWMNss_4koan8builtins7ascribe16body_transparent
FNDA:9,_RNvNtNtCs3yqXWJWMNss_4koan8builtins7ascribe21is_abstract_type_name
FNDA:4,_RNvNtNtCs3yqXWJWMNss_4koan8builtins7ascribe22abstract_type_names_of
FNDA:3,_RNvNtNtCs3yqXWJWMNss_4koan8builtins7ascribe28resolve_module_and_signature
FNDA:30,_RNvNtNtCs3yqXWJWMNss_4koan8builtins7ascribe8register
FNDA:9,_RNCNvNtNtCs8h7e9k1J8CD_4koan8builtins7ascribe21is_abstract_type_name0B7_
FNDA:19,_RNvNtNtCs8h7e9k1J8CD_4koan8builtins7ascribe11body_opaque
FNDA:36,_RNvNtNtCs8h7e9k1J8CD_4koan8builtins7ascribe11shape_check
FNDA:17,_RNvNtNtCs8h7e9k1J8CD_4koan8builtins7ascribe16body_transparent
FNDA:127,_RNvNtNtCs8h7e9k1J8CD_4koan8builtins7ascribe21is_abstract_type_name
FNDA:62,_RNvNtNtCs8h7e9k1J8CD_4koan8builtins7ascribe22abstract_type_names_of
FNDA:36,_RNvNtNtCs8h7e9k1J8CD_4koan8builtins7ascribe28resolve_module_and_signature
FNDA:455,_RNvNtNtCs8h7e9k1J8CD_4koan8builtins7ascribe8register
FNF:8
FNH:8
DA:16,20
DA:17,20
DA:18,20
DA:19,20
DA:20,20
DA:21,20
DA:22,20
DA:23,0
DA:26,20
DA:27,20
DA:28,20
DA:29,20
DA:37,20
DA:38,20
DA:39,0
DA:40,20
DA:42,20
DA:55,20
DA:57,20
DA:58,20
DA:59,13
DA:60,3
DA:61,3
DA:62,3
DA:63,3
DA:64,3
DA:65,3
DA:67,10
DA:68,10
DA:69,10
DA:70,10
DA:72,13
DA:75,20
DA:76,13
DA:77,13
DA:78,13
DA:79,13
DA:80,7
DA:82,20
DA:83,2
DA:84,18
DA:89,18
DA:93,18
DA:94,18
DA:95,18
DA:96,18
DA:97,20
DA:100,19
DA:101,19
DA:102,19
DA:103,19
DA:104,19
DA:105,19
DA:106,19
DA:107,0
DA:109,19
DA:110,0
DA:111,19
DA:113,19
DA:114,19
DA:115,19
DA:116,19
DA:117,19
DA:120,19
DA:121,19
DA:122,19
DA:123,19
DA:124,19
DA:125,19
DA:129,39
DA:130,39
DA:131,39
DA:132,39
DA:133,39
DA:134,39
DA:135,39
DA:136,39
DA:137,39
DA:138,39
DA:139,39
DA:140,39
DA:141,39
DA:142,39
DA:143,39
DA:144,39
DA:145,39
DA:146,39
DA:147,39
DA:148,39
DA:149,36
DA:150,0
DA:151,36
DA:152,36
DA:153,2
DA:154,2
DA:155,2
DA:156,2
DA:157,34
DA:159,37
DA:160,39
DA:171,66
DA:172,66
DA:173,66
DA:174,66
DA:175,66
DA:176,60
DA:177,0
DA:178,60
DA:180,66
DA:181,66
DA:185,136
DA:186,136
DA:187,136
DA:188,136
DA:189,127
DA:190,9
DA:191,9
DA:192,136
DA:197,39
DA:198,39
DA:199,39
DA:200,39
DA:201,39
DA:202,39
DA:203,39
DA:205,485
DA:212,485
DA:213,485
DA:214,485
DA:215,485
DA:216,485
DA:217,485
DA:218,485
DA:220,485
DA:222,485
DA:223,485
DA:224,485
DA:225,485
DA:226,485
DA:227,485
DA:228,485
DA:230,485
DA:232,485
BRF:0
BRH:0
LF:144
LH:138
end_of_record
SF:/var/home/jack/Code/koan/src/builtins/attr.rs
FN:148,_RNvNtNtCs3yqXWJWMNss_4koan8builtins4attr11body_module
FN:129,_RNvNtNtCs3yqXWJWMNss_4koan8builtins4attr11body_struct
FN:192,_RNvNtNtCs3yqXWJWMNss_4koan8builtins4attr12access_field
FN:88,_RNvNtNtCs3yqXWJWMNss_4koan8builtins4attr13body_type_lhs
FN:34,_RNvNtNtCs3yqXWJWMNss_4koan8builtins4attr15body_identifier
FN:172,_RNvNtNtCs3yqXWJWMNss_4koan8builtins4attr15read_field_name
FN:267,_RNvNtNtCs3yqXWJWMNss_4koan8builtins4attr20access_module_member
FN:288,_RNvNtNtCs3yqXWJWMNss_4koan8builtins4attr8register
FN:148,_RNvNtNtCs8h7e9k1J8CD_4koan8builtins4attr11body_module
FN:129,_RNvNtNtCs8h7e9k1J8CD_4koan8builtins4attr11body_struct
FN:192,_RNvNtNtCs8h7e9k1J8CD_4koan8builtins4attr12access_field
FN:88,_RNvNtNtCs8h7e9k1J8CD_4koan8builtins4attr13body_type_lhs
FN:34,_RNvNtNtCs8h7e9k1J8CD_4koan8builtins4attr15body_identifier
FN:172,_RNvNtNtCs8h7e9k1J8CD_4koan8builtins4attr15read_field_name
FN:267,_RNvNtNtCs8h7e9k1J8CD_4koan8builtins4attr20access_module_member
FN:288,_RNvNtNtCs8h7e9k1J8CD_4koan8builtins4attr8register
FN:374,_RNvNtNtNtCs8h7e9k1J8CD_4koan8builtins4attr5testss_24attr_unbound_name_errors
FN:401,_RNvNtNtNtCs8h7e9k1J8CD_4koan8builtins4attr5testss_25attr_unknown_field_errors
FN:385,_RNvNtNtNtCs8h7e9k1J8CD_4koan8builtins4attr5testss_31attr_on_non_struct_value_errors
FN:417,_RNvNtNtNtCs8h7e9k1J8CD_4koan8builtins4attr5testss_33attr_chained_unknown_field_errors
FN:358,_RNvNtNtNtCs8h7e9k1J8CD_4koan8builtins4attr5testss_34attr_chained_through_nested_struct
FN:334,_RNvNtNtNtCs8h7e9k1J8CD_4koan8builtins4attr5testss_34attr_reads_field_from_named_struct
FN:346,_RNvNtNtNtCs8h7e9k1J8CD_4koan8builtins4attr5testss_35attr_reads_each_field_independently
FN:460,_RNvNtNtNtCs8h7e9k1J8CD_4koan8builtins4attr5testss_39access_field_rejects_wrapped_non_struct
FN:441,_RNvNtNtNtCs8h7e9k1J8CD_4koan8builtins4attr5testss_41access_field_falls_through_wrapped_struct
FN:484,_RNvNtNtNtCs8h7e9k1J8CD_4koan8builtins4attr5testss_53access_field_falls_through_wrapped_with_missing_field
FNDA:1,_RNvNtNtCs3yqXWJWMNss_4koan8builtins4attr11body_module
FNDA:0,_RNvNtNtCs3yqXWJWMNss_4koan8builtins4attr11body_struct
FNDA:7,_RNvNtNtCs3yqXWJWMNss_4koan8builtins4attr12access_field
FNDA:6,_RNvNtNtCs3yqXWJWMNss_4koan8builtins4attr13body_type_lhs
FNDA:2,_RNvNtNtCs3yqXWJWMNss_4koan8builtins4attr15body_identifier
FNDA:9,_RNvNtNtCs3yqXWJWMNss_4koan8builtins4attr15read_field_name
FNDA:7,_RNvNtNtCs3yqXWJWMNss_4koan8builtins4attr20access_module_member
FNDA:30,_RNvNtNtCs3yqXWJWMNss_4koan8builtins4attr8register
FNDA:1,_RNvNtNtCs8h7e9k1J8CD_4koan8builtins4attr11body_module
FNDA:2,_RNvNtNtCs8h7e9k1J8CD_4koan8builtins4attr11body_struct
FNDA:33,_RNvNtNtCs8h7e9k1J8CD_4koan8builtins4attr12access_field
FNDA:8,_RNvNtNtCs8h7e9k1J8CD_4koan8builtins4attr13body_type_lhs
FNDA:23,_RNvNtNtCs8h7e9k1J8CD_4koan8builtins4attr15body_identifier
FNDA:34,_RNvNtNtCs8h7e9k1J8CD_4koan8builtins4attr15read_field_name
FNDA:12,_RNvNtNtCs8h7e9k1J8CD_4koan8builtins4attr20access_module_member
FNDA:455,_RNvNtNtCs8h7e9k1J8CD_4koan8builtins4attr8register
FNDA:1,_RNvNtNtNtCs8h7e9k1J8CD_4koan8builtins4attr5testss_24attr_unbound_name_errors
FNDA:1,_RNvNtNtNtCs8h7e9k1J8CD_4koan8builtins4attr5testss_25attr_unknown_field_errors
FNDA:1,_RNvNtNtNtCs8h7e9k1J8CD_4koan8builtins4attr5testss_31attr_on_non_struct_value_errors
FNDA:1,_RNvNtNtNtCs8h7e9k1J8CD_4koan8builtins4attr5testss_33attr_chained_unknown_field_errors
FNDA:1,_RNvNtNtNtCs8h7e9k1J8CD_4koan8builtins4attr5testss_34attr_chained_through_nested_struct
FNDA:1,_RNvNtNtNtCs8h7e9k1J8CD_4koan8builtins4attr5testss_34attr_reads_field_from_named_struct
FNDA:1,_RNvNtNtNtCs8h7e9k1J8CD_4koan8builtins4attr5testss_35attr_reads_each_field_independently
FNDA:1,_RNvNtNtNtCs8h7e9k1J8CD_4koan8builtins4attr5testss_39access_field_rejects_wrapped_non_struct
FNDA:1,_RNvNtNtNtCs8h7e9k1J8CD_4koan8builtins4attr5testss_41access_field_falls_through_wrapped_struct
FNDA:1,_RNvNtNtNtCs8h7e9k1J8CD_4koan8builtins4attr5testss_53access_field_falls_through_wrapped_with_missing_field
FNF:18
FNH:18
DA:34,25
DA:35,25
DA:36,25
DA:37,25
DA:38,25
DA:39,25
DA:40,25
DA:41,0
DA:42,0
DA:43,0
DA:44,0
DA:45,0
DA:46,0
DA:48,0
DA:50,25
DA:51,25
DA:52,25
DA:53,0
DA:60,25
DA:61,20
DA:62,5
DA:63,5
DA:64,3
DA:65,3
DA:66,0
DA:67,0
DA:72,0
DA:74,2
DA:75,2
DA:76,25
DA:88,14
DA:89,14
DA:90,14
DA:91,14
DA:92,14
DA:93,14
DA:98,0
DA:103,14
DA:104,0
DA:105,0
DA:106,0
DA:107,0
DA:108,0
DA:109,0
DA:111,0
DA:113,14
DA:114,14
DA:115,0
DA:122,14
DA:123,14
DA:124,0
DA:126,14
DA:127,14
DA:129,2
DA:130,2
DA:131,2
DA:132,2
DA:133,2
DA:134,2
DA:135,2
DA:136,0
DA:138,2
DA:139,2
DA:140,0
DA:142,2
DA:143,2
DA:148,2
DA:149,2
DA:150,2
DA:151,2
DA:152,2
DA:153,2
DA:154,2
DA:155,0
DA:157,2
DA:158,2
DA:159,0
DA:161,2
DA:162,2
DA:163,0
DA:164,0
DA:165,0
DA:166,0
DA:167,0
DA:169,2
DA:170,2
DA:172,43
DA:173,43
DA:174,38
DA:178,0
DA:182,5
DA:183,0
DA:184,0
DA:185,0
DA:186,0
DA:187,0
DA:188,0
DA:190,43
DA:192,40
DA:193,40
DA:194,40
DA:195,40
DA:196,40
DA:197,14
DA:198,18
DA:199,15
DA:200,3
DA:201,3
DA:202,3
DA:203,3
DA:207,14
DA:209,0
DA:210,0
DA:211,0
DA:212,0
DA:213,0
DA:214,0
DA:215,0
DA:216,0
DA:217,0
DA:218,0
DA:219,0
DA:220,0
DA:221,0
DA:222,0
DA:225,0
DA:226,0
DA:237,4
DA:238,4
DA:239,4
DA:240,4
DA:241,4
DA:242,4
DA:244,40
DA:267,19
DA:268,19
DA:269,3
DA:270,3
DA:271,3
DA:272,16
DA:273,16
DA:274,16
DA:275,15
DA:276,1
DA:277,1
DA:278,0
DA:279,0
DA:280,0
DA:281,1
DA:282,1
DA:283,1
DA:284,1
DA:285,1
DA:286,19
DA:288,485
DA:289,485
DA:290,485
DA:291,485
DA:292,485
DA:293,485
DA:295,485
DA:296,485
DA:297,485
DA:298,485
DA:299,485
DA:300,485
DA:301,485
DA:302,485
DA:303,485
DA:311,485
DA:312,485
DA:313,485
DA:314,485
DA:315,485
DA:316,485
DA:317,485
DA:318,485
DA:319,485
DA:322,485
DA:323,485
DA:324,485
DA:325,485
DA:334,1
DA:335,1
DA:336,1
DA:337,1
DA:338,1
DA:339,1
DA:341,1
DA:342,1
DA:343,1
DA:346,1
DA:347,1
DA:348,1
DA:349,1
DA:350,1
DA:351,1
DA:353,1
DA:354,1
DA:355,1
DA:358,1
DA:359,1
DA:360,1
DA:361,1
DA:362,1
DA:363,1
DA:364,1
DA:365,1
DA:366,1
DA:367,1
DA:369,1
DA:370,1
DA:371,1
DA:374,1
DA:375,1
DA:376,1
DA:377,1
DA:378,1
DA:379,1
DA:382,1
DA:385,1
DA:386,1
DA:387,1
DA:388,1
DA:389,1
DA:390,1
DA:391,1
DA:392,1
DA:393,1
DA:394,1
DA:396,0
DA:398,1
DA:401,1
DA:402,1
DA:403,1
DA:404,1
DA:405,1
DA:406,1
DA:408,1
DA:409,1
DA:410,1
DA:411,1
DA:414,1
DA:417,1
DA:418,1
DA:419,1
DA:420,1
DA:421,1
DA:422,1
DA:423,1
DA:424,1
DA:425,1
DA:426,1
DA:428,1
DA:429,1
DA:430,1
DA:431,1
DA:434,1
DA:441,1
DA:442,1
DA:443,1
DA:444,1
DA:445,1
DA:446,1
DA:447,1
DA:448,1
DA:449,1
DA:451,1
DA:452,1
DA:453,1
DA:460,1
DA:461,1
DA:462,1
DA:463,1
DA:464,1
DA:465,1
DA:466,1
DA:468,1
DA:469,1
DA:470,1
DA:471,1
DA:472,1
DA:473,1
DA:475,0
DA:477,1
DA:484,1
DA:485,1
DA:486,1
DA:487,1
DA:488,1
DA:489,1
DA:490,1
DA:491,1
DA:492,1
DA:494,1
DA:495,1
DA:496,1
DA:497,1
DA:500,1
BRF:0
BRH:0
LF:299
LH:238
end_of_record
SF:/var/home/jack/Code/koan/src/builtins/branch_walk.rs
FN:20,_RNvNtNtCs3yqXWJWMNss_4koan8builtins11branch_walk16find_branch_body
FN:20,_RNvNtNtCs8h7e9k1J8CD_4koan8builtins11branch_walk16find_branch_body
FNDA:0,_RNvNtNtCs3yqXWJWMNss_4koan8builtins11branch_walk16find_branch_body
FNDA:86,_RNvNtNtCs8h7e9k1J8CD_4koan8builtins11branch_walk16find_branch_body
FNF:1
FNH:1
DA:20,86
DA:21,86
DA:22,86
DA:23,86
DA:24,86
DA:25,86
DA:26,86
DA:27,0
DA:28,0
DA:29,0
DA:30,0
DA:31,86
DA:32,86
DA:33,86
DA:34,127
DA:35,119
DA:36,119
DA:37,119
DA:38,119
DA:39,106
DA:43,9
DA:44,9
DA:49,4
DA:50,0
DA:51,0
DA:52,0
DA:53,0
DA:54,0
DA:57,119
DA:58,119
DA:59,0
DA:60,0
DA:61,0
DA:62,0
DA:63,0
DA:66,119
DA:67,117
DA:68,2
DA:69,2
DA:70,2
DA:71,2
DA:72,2
DA:79,117
DA:80,76
DA:81,41
DA:82,41
DA:83,4
DA:84,37
DA:85,41
DA:87,8
DA:88,86
BRF:0
BRH:0
LF:51
LH:37
end_of_record
SF:/var/home/jack/Code/koan/src/builtins/catch.rs
FN:22,_RNvNtNtCs3yqXWJWMNss_4koan8builtins5catch4body
FN:68,_RNvNtNtCs3yqXWJWMNss_4koan8builtins5catch8register
FN:46,_RNCNvNtNtCs3yqXWJWMNss_4koan8builtins5catch4body0B7_
FN:46,_RNCNvNtNtCs8h7e9k1J8CD_4koan8builtins5catch4body0B7_
FN:22,_RNvNtNtCs8h7e9k1J8CD_4koan8builtins5catch4body
FN:68,_RNvNtNtCs8h7e9k1J8CD_4koan8builtins5catch8register
FNDA:0,_RNvNtNtCs3yqXWJWMNss_4koan8builtins5catch4body
FNDA:30,_RNvNtNtCs3yqXWJWMNss_4koan8builtins5catch8register
FNDA:0,_RNCNvNtNtCs3yqXWJWMNss_4koan8builtins5catch4body0B7_
FNDA:8,_RNCNvNtNtCs8h7e9k1J8CD_4koan8builtins5catch4body0B7_
FNDA:8,_RNvNtNtCs8h7e9k1J8CD_4koan8builtins5catch4body
FNDA:455,_RNvNtNtCs8h7e9k1J8CD_4koan8builtins5catch8register
FNF:3
FNH:3
DA:22,8
DA:23,8
DA:24,8
DA:25,8
DA:26,8
DA:27,8
DA:28,8
DA:30,0
DA:31,0
DA:32,0
DA:41,8
DA:42,8
DA:43,0
DA:45,8
DA:46,8
DA:47,8
DA:48,4
DA:49,4
DA:51,8
DA:52,8
DA:53,8
DA:54,8
DA:55,8
DA:56,8
DA:57,8
DA:58,8
DA:59,8
DA:60,8
DA:61,8
DA:62,8
DA:63,8
DA:64,8
DA:65,8
DA:66,8
DA:68,485
DA:69,485
DA:70,485
DA:71,485
DA:72,485
DA:73,485
DA:74,485
DA:76,485
DA:78,485
BRF:0
BRH:0
LF:44
LH:40
end_of_record
SF:/var/home/jack/Code/koan/src/builtins/eval.rs
FN:21,_RNvNtNtCs3yqXWJWMNss_4koan8builtins4eval4body
FN:56,_RNvNtNtCs3yqXWJWMNss_4koan8builtins4eval8register
FN:70,_RNvNtNtNtCs8h7e9k1J8CD_4koan8builtins4eval5tests11run_program
FN:134,_RNvNtNtNtCs8h7e9k1J8CD_4koan8builtins4eval5testss_21recursive_eval_no_uaf
FN:79,_RNvNtNtNtCs8h7e9k1J8CD_4koan8builtins4eval5testss_22eval_of_quoted_literal
FN:115,_RNvNtNtNtCs8h7e9k1J8CD_4koan8builtins4eval5testss_34multiline_sigil_collapse_roundtrip
FN:125,_RNvNtNtNtCs8h7e9k1J8CD_4koan8builtins4eval5testss_35eval_returns_inner_expression_value
FN:108,_RNvNtNtNtCs8h7e9k1J8CD_4koan8builtins4eval5testss_37eval_runs_side_effects_in_quoted_body
FN:85,_RNvNtNtNtCs8h7e9k1J8CD_4koan8builtins4eval5testss_38eval_of_function_returning_kexpression
FN:95,_RNvNtNtNtCs8h7e9k1J8CD_4koan8builtins4eval5testss_49eval_of_non_kexpression_errors_with_type_mismatch
FN:21,_RNvNtNtCs8h7e9k1J8CD_4koan8builtins4eval4body
FN:56,_RNvNtNtCs8h7e9k1J8CD_4koan8builtins4eval8register
FNDA:0,_RNvNtNtCs3yqXWJWMNss_4koan8builtins4eval4body
FNDA:30,_RNvNtNtCs3yqXWJWMNss_4koan8builtins4eval8register
FNDA:6,_RNvNtNtNtCs8h7e9k1J8CD_4koan8builtins4eval5tests11run_program
FNDA:1,_RNvNtNtNtCs8h7e9k1J8CD_4koan8builtins4eval5testss_21recursive_eval_no_uaf
FNDA:1,_RNvNtNtNtCs8h7e9k1J8CD_4koan8builtins4eval5testss_22eval_of_quoted_literal
FNDA:1,_RNvNtNtNtCs8h7e9k1J8CD_4koan8builtins4eval5testss_34multiline_sigil_collapse_roundtrip
FNDA:1,_RNvNtNtNtCs8h7e9k1J8CD_4koan8builtins4eval5testss_35eval_returns_inner_expression_value
FNDA:1,_RNvNtNtNtCs8h7e9k1J8CD_4koan8builtins4eval5testss_37eval_runs_side_effects_in_quoted_body
FNDA:1,_RNvNtNtNtCs8h7e9k1J8CD_4koan8builtins4eval5testss_38eval_of_function_returning_kexpression
FNDA:1,_RNvNtNtNtCs8h7e9k1J8CD_4koan8builtins4eval5testss_49eval_of_non_kexpression_errors_with_type_mismatch
FNDA:9,_RNvNtNtCs8h7e9k1J8CD_4koan8builtins4eval4body
FNDA:455,_RNvNtNtCs8h7e9k1J8CD_4koan8builtins4eval8register
FNF:10
FNH:10
DA:21,9
DA:22,9
DA:23,9
DA:24,9
DA:25,9
DA:26,9
DA:27,9
DA:28,0
DA:30,9
DA:31,8
DA:32,1
DA:33,1
DA:34,1
DA:35,1
DA:36,1
DA:37,1
DA:46,8
DA:47,8
DA:48,8
DA:49,8
DA:50,8
DA:51,8
DA:52,8
DA:53,8
DA:54,9
DA:56,485
DA:57,485
DA:58,485
DA:59,485
DA:60,485
DA:61,485
DA:63,485
DA:70,6
DA:71,6
DA:72,6
DA:73,6
DA:74,6
DA:75,6
DA:76,6
DA:79,1
DA:80,1
DA:81,1
DA:82,1
DA:85,1
DA:87,1
DA:88,1
DA:89,1
DA:91,1
DA:92,1
DA:95,1
DA:96,1
DA:97,1
DA:98,1
DA:99,1
DA:100,1
DA:101,1
DA:102,1
DA:105,1
DA:108,1
DA:110,1
DA:111,1
DA:112,1
DA:115,1
DA:118,1
DA:119,1
DA:121,1
DA:122,1
DA:125,1
DA:129,1
DA:130,1
DA:131,1
DA:134,1
DA:139,1
DA:140,1
DA:141,1
DA:142,1
DA:143,1
DA:144,1
DA:145,1
DA:147,1
DA:148,1
BRF:0
BRH:0
LF:81
LH:80
end_of_record
SF:/var/home/jack/Code/koan/src/builtins/fn_def.rs
FN:31,_RNvNtNtCs3yqXWJWMNss_4koan8builtins6fn_def4body
FN:105,_RNvNtNtCs3yqXWJWMNss_4koan8builtins6fn_def8register
FN:92,_RNCNvNtNtCs3yqXWJWMNss_4koan8builtins6fn_def4body0B7_
FN:92,_RNCNvNtNtCs8h7e9k1J8CD_4koan8builtins6fn_def4body0B7_
FN:31,_RNvNtNtCs8h7e9k1J8CD_4koan8builtins6fn_def4body
FN:105,_RNvNtNtCs8h7e9k1J8CD_4koan8builtins6fn_def8register
FNDA:10,_RNvNtNtCs3yqXWJWMNss_4koan8builtins6fn_def4body
FNDA:30,_RNvNtNtCs3yqXWJWMNss_4koan8builtins6fn_def8register
FNDA:10,_RNCNvNtNtCs3yqXWJWMNss_4koan8builtins6fn_def4body0B7_
FNDA:165,_RNCNvNtNtCs8h7e9k1J8CD_4koan8builtins6fn_def4body0B7_
FNDA:171,_RNvNtNtCs8h7e9k1J8CD_4koan8builtins6fn_def4body
FNDA:455,_RNvNtNtCs8h7e9k1J8CD_4koan8builtins6fn_def8register
FNF:3
FNH:3
DA:31,181
DA:32,181
DA:33,181
DA:34,181
DA:35,181
DA:36,181
DA:37,181
DA:39,0
DA:40,0
DA:41,0
DA:44,181
DA:45,181
DA:46,0
DA:48,181
DA:49,181
DA:51,0
DA:52,0
DA:53,0
DA:65,181
DA:67,181
DA:73,179
DA:74,181
DA:75,179
DA:76,2
DA:79,179
DA:80,160
DA:81,4
DA:82,15
DA:83,15
DA:90,175
DA:91,175
DA:92,175
DA:93,175
DA:95,175
DA:96,154
DA:97,154
DA:99,21
DA:100,21
DA:103,181
DA:105,485
DA:122,485
DA:123,485
DA:124,485
DA:125,485
DA:126,485
DA:127,485
DA:128,485
DA:129,485
DA:130,485
DA:131,485
DA:133,485
DA:134,485
DA:135,485
DA:140,485
DA:141,485
DA:142,485
DA:143,485
DA:144,485
DA:145,485
DA:146,485
DA:147,485
DA:148,485
DA:149,485
DA:151,485
DA:152,485
DA:153,485
DA:158,485
BRF:0
BRH:0
LF:68
LH:61
end_of_record
SF:/var/home/jack/Code/koan/src/builtins/fn_def/finalize.rs
FN:330,_RNCNvNtNtNtCs3yqXWJWMNss_4koan8builtins6fn_def8finalize17defer_via_combine0B9_
FN:230,_RNCNvNtNtNtCs3yqXWJWMNss_4koan8builtins6fn_def8finalize21finalize_fn_with_flag0B9_
FN:180,_RNvNtNtNtCs3yqXWJWMNss_4koan8builtins6fn_def8finalize11finalize_fn
FN:296,_RNvNtNtNtCs3yqXWJWMNss_4koan8builtins6fn_def8finalize17defer_via_combine
FN:201,_RNvNtNtNtCs3yqXWJWMNss_4koan8builtins6fn_def8finalize21finalize_fn_with_flag
FN:88,_RNvNtNtNtCs3yqXWJWMNss_4koan8builtins6fn_def8finalize8classify
FN:180,_RNvNtNtNtCs8h7e9k1J8CD_4koan8builtins6fn_def8finalize11finalize_fn
FN:296,_RNvNtNtNtCs8h7e9k1J8CD_4koan8builtins6fn_def8finalize17defer_via_combine
FN:201,_RNvNtNtNtCs8h7e9k1J8CD_4koan8builtins6fn_def8finalize21finalize_fn_with_flag
FN:88,_RNvNtNtNtCs8h7e9k1J8CD_4koan8builtins6fn_def8finalize8classify
FN:330,_RNCNvNtNtNtCs8h7e9k1J8CD_4koan8builtins6fn_def8finalize17defer_via_combine0B9_
FN:230,_RNCNvNtNtNtCs8h7e9k1J8CD_4koan8builtins6fn_def8finalize21finalize_fn_with_flag0B9_
FNDA:7,_RNCNvNtNtNtCs3yqXWJWMNss_4koan8builtins6fn_def8finalize17defer_via_combine0B9_
FNDA:13,_RNCNvNtNtNtCs3yqXWJWMNss_4koan8builtins6fn_def8finalize21finalize_fn_with_flag0B9_
FNDA:6,_RNvNtNtNtCs3yqXWJWMNss_4koan8builtins6fn_def8finalize11finalize_fn
FNDA:7,_RNvNtNtNtCs3yqXWJWMNss_4koan8builtins6fn_def8finalize17defer_via_combine
FNDA:13,_RNvNtNtNtCs3yqXWJWMNss_4koan8builtins6fn_def8finalize21finalize_fn_with_flag
FNDA:13,_RNvNtNtNtCs3yqXWJWMNss_4koan8builtins6fn_def8finalize8classify
FNDA:148,_RNvNtNtNtCs8h7e9k1J8CD_4koan8builtins6fn_def8finalize11finalize_fn
FNDA:22,_RNvNtNtNtCs8h7e9k1J8CD_4koan8builtins6fn_def8finalize17defer_via_combine
FNDA:175,_RNvNtNtNtCs8h7e9k1J8CD_4koan8builtins6fn_def8finalize21finalize_fn_with_flag
FNDA:177,_RNvNtNtNtCs8h7e9k1J8CD_4koan8builtins6fn_def8finalize8classify
FNDA:22,_RNCNvNtNtNtCs8h7e9k1J8CD_4koan8builtins6fn_def8finalize17defer_via_combine0B9_
FNDA:181,_RNCNvNtNtNtCs8h7e9k1J8CD_4koan8builtins6fn_def8finalize21finalize_fn_with_flag0B9_
FNF:6
FNH:6
DA:88,190
DA:89,190
DA:90,190
DA:91,190
DA:92,190
DA:93,152
DA:94,152
DA:95,152
DA:96,152
DA:97,9
DA:98,9
DA:99,9
DA:100,9
DA:101,4
DA:105,4
DA:106,4
DA:107,4
DA:108,4
DA:109,4
DA:110,4
DA:113,15
DA:114,15
DA:115,15
DA:116,15
DA:117,15
DA:118,15
DA:119,15
DA:120,15
DA:122,2
DA:123,2
DA:124,2
DA:125,2
DA:126,2
DA:127,2
DA:128,2
DA:129,2
DA:130,2
DA:131,2
DA:132,2
DA:134,1
DA:135,1
DA:141,1
DA:142,1
DA:143,1
DA:144,1
DA:145,1
DA:146,1
DA:147,1
DA:149,2
DA:154,2
DA:155,2
DA:156,2
DA:157,2
DA:158,2
DA:159,2
DA:162,5
DA:163,5
DA:165,5
DA:166,5
DA:167,5
DA:168,5
DA:169,5
DA:170,5
DA:171,5
DA:174,190
DA:180,154
DA:181,154
DA:182,154
DA:183,154
DA:184,154
DA:185,154
DA:186,154
DA:187,154
DA:188,154
DA:201,188
DA:202,188
DA:203,188
DA:204,188
DA:205,188
DA:206,188
DA:207,188
DA:208,188
DA:214,188
DA:215,15
DA:216,13
DA:217,0
DA:218,0
DA:219,0
DA:220,0
DA:221,0
DA:222,13
DA:223,2
DA:224,173
DA:230,194
DA:231,187
DA:232,7
DA:233,194
DA:234,188
DA:235,187
DA:237,1
DA:238,1
DA:239,1
DA:240,1
DA:244,187
DA:246,187
DA:250,187
DA:251,187
DA:252,187
DA:253,187
DA:254,187
DA:255,187
DA:256,187
DA:257,187
DA:258,187
DA:262,187
DA:268,187
DA:269,1
DA:270,186
DA:274,186
DA:275,188
DA:296,29
DA:297,29
DA:298,29
DA:299,29
DA:300,29
DA:301,29
DA:302,29
DA:303,29
DA:304,29
DA:305,29
DA:317,29
DA:318,29
DA:319,29
DA:320,29
DA:321,5
DA:322,24
DA:323,29
DA:324,29
DA:325,4
DA:326,4
DA:327,4
DA:328,4
DA:330,29
DA:335,29
DA:336,29
DA:337,4
DA:341,4
DA:342,1
DA:343,1
DA:344,1
DA:345,1
DA:346,1
DA:347,3
DA:348,3
DA:350,28
DA:357,28
DA:358,28
DA:359,27
DA:360,1
DA:362,27
DA:363,27
DA:364,0
DA:365,0
DA:368,0
DA:369,0
DA:370,0
DA:376,27
DA:377,27
DA:378,27
DA:379,27
DA:380,27
DA:381,27
DA:382,27
DA:384,29
DA:385,29
DA:386,29
DA:387,29
BRF:0
BRH:0
LF:179
LH:168
end_of_record
SF:/var/home/jack/Code/koan/src/builtins/fn_def/param_refs.rs
FN:46,_RNCNvNtNtNtCs3yqXWJWMNss_4koan8builtins6fn_def10param_refs19part_references_any0B9_
FN:52,_RNCNvNtNtNtCs3yqXWJWMNss_4koan8builtins6fn_def10param_refs19part_references_anys0_0B9_
FN:50,_RNCNvNtNtNtCs3yqXWJWMNss_4koan8builtins6fn_def10param_refs19part_references_anys_0B9_
FN:21,_RNCNvNtNtNtCs3yqXWJWMNss_4koan8builtins6fn_def10param_refs24type_expr_references_any0B9_
FN:28,_RNCNvNtNtNtCs3yqXWJWMNss_4koan8builtins6fn_def10param_refs24type_expr_references_anys0_0B9_
FN:26,_RNCNvNtNtNtCs3yqXWJWMNss_4koan8builtins6fn_def10param_refs24type_expr_references_anys_0B9_
FN:41,_RNCNvNtNtNtCs3yqXWJWMNss_4koan8builtins6fn_def10param_refs26kexpression_references_any0B9_
FN:44,_RNvNtNtNtCs3yqXWJWMNss_4koan8builtins6fn_def10param_refs19part_references_any
FN:20,_RNvNtNtNtCs3yqXWJWMNss_4koan8builtins6fn_def10param_refs24type_expr_references_any
FN:37,_RNvNtNtNtCs3yqXWJWMNss_4koan8builtins6fn_def10param_refs26kexpression_references_any
FN:44,_RNvNtNtNtCs8h7e9k1J8CD_4koan8builtins6fn_def10param_refs19part_references_any
FN:20,_RNvNtNtNtCs8h7e9k1J8CD_4koan8builtins6fn_def10param_refs24type_expr_references_any
FN:37,_RNvNtNtNtCs8h7e9k1J8CD_4koan8builtins6fn_def10param_refs26kexpression_references_any
FN:46,_RNCNvNtNtNtCs8h7e9k1J8CD_4koan8builtins6fn_def10param_refs19part_references_any0B9_
FN:52,_RNCNvNtNtNtCs8h7e9k1J8CD_4koan8builtins6fn_def10param_refs19part_references_anys0_0B9_
FN:50,_RNCNvNtNtNtCs8h7e9k1J8CD_4koan8builtins6fn_def10param_refs19part_references_anys_0B9_
FN:21,_RNCNvNtNtNtCs8h7e9k1J8CD_4koan8builtins6fn_def10param_refs24type_expr_references_any0B9_
FN:28,_RNCNvNtNtNtCs8h7e9k1J8CD_4koan8builtins6fn_def10param_refs24type_expr_references_anys0_0B9_
FN:26,_RNCNvNtNtNtCs8h7e9k1J8CD_4koan8builtins6fn_def10param_refs24type_expr_references_anys_0B9_
FN:41,_RNCNvNtNtNtCs8h7e9k1J8CD_4koan8builtins6fn_def10param_refs26kexpression_references_any0B9_
FNDA:0,_RNCNvNtNtNtCs3yqXWJWMNss_4koan8builtins6fn_def10param_refs19part_references_any0B9_
FNDA:0,_RNCNvNtNtNtCs3yqXWJWMNss_4koan8builtins6fn_def10param_refs19part_references_anys0_0B9_
FNDA:0,_RNCNvNtNtNtCs3yqXWJWMNss_4koan8builtins6fn_def10param_refs19part_references_anys_0B9_
FNDA:4,_RNCNvNtNtNtCs3yqXWJWMNss_4koan8builtins6fn_def10param_refs24type_expr_references_any0B9_
FNDA:1,_RNCNvNtNtNtCs3yqXWJWMNss_4koan8builtins6fn_def10param_refs24type_expr_references_anys0_0B9_
FNDA:0,_RNCNvNtNtNtCs3yqXWJWMNss_4koan8builtins6fn_def10param_refs24type_expr_references_anys_0B9_
FNDA:0,_RNCNvNtNtNtCs3yqXWJWMNss_4koan8builtins6fn_def10param_refs26kexpression_references_any0B9_
FNDA:0,_RNvNtNtNtCs3yqXWJWMNss_4koan8builtins6fn_def10param_refs19part_references_any
FNDA:4,_RNvNtNtNtCs3yqXWJWMNss_4koan8builtins6fn_def10param_refs24type_expr_references_any
FNDA:0,_RNvNtNtNtCs3yqXWJWMNss_4koan8builtins6fn_def10param_refs26kexpression_references_any
FNDA:42,_RNvNtNtNtCs8h7e9k1J8CD_4koan8builtins6fn_def10param_refs19part_references_any
FNDA:38,_RNvNtNtNtCs8h7e9k1J8CD_4koan8builtins6fn_def10param_refs24type_expr_references_any
FNDA:19,_RNvNtNtNtCs8h7e9k1J8CD_4koan8builtins6fn_def10param_refs26kexpression_references_any
FNDA:4,_RNCNvNtNtNtCs8h7e9k1J8CD_4koan8builtins6fn_def10param_refs19part_references_any0B9_
FNDA:1,_RNCNvNtNtNtCs8h7e9k1J8CD_4koan8builtins6fn_def10param_refs19part_references_anys0_0B9_
FNDA:1,_RNCNvNtNtNtCs8h7e9k1J8CD_4koan8builtins6fn_def10param_refs19part_references_anys_0B9_
FNDA:34,_RNCNvNtNtNtCs8h7e9k1J8CD_4koan8builtins6fn_def10param_refs24type_expr_references_any0B9_
FNDA:2,_RNCNvNtNtNtCs8h7e9k1J8CD_4koan8builtins6fn_def10param_refs24type_expr_references_anys0_0B9_
FNDA:2,_RNCNvNtNtNtCs8h7e9k1J8CD_4koan8builtins6fn_def10param_refs24type_expr_references_anys_0B9_
FNDA:39,_RNCNvNtNtNtCs8h7e9k1J8CD_4koan8builtins6fn_def10param_refs26kexpression_references_any0B9_
FNF:10
FNH:10
DA:20,42
DA:21,42
DA:22,9
DA:23,33
DA:24,33
DA:25,28
DA:26,2
DA:27,3
DA:28,3
DA:29,3
DA:32,42
DA:37,19
DA:38,19
DA:39,19
DA:40,19
DA:41,39
DA:42,19
DA:44,42
DA:45,42
DA:46,4
DA:47,18
DA:48,7
DA:49,1
DA:50,1
DA:52,1
DA:53,1
DA:54,1
DA:55,11
DA:57,42
BRF:0
BRH:0
LF:36
LH:36
end_of_record
SF:/var/home/jack/Code/koan/src/builtins/fn_def/return_type.rs
FN:241,_RNCNvNtNtNtCs3yqXWJWMNss_4koan8builtins6fn_def11return_type31verdict_for_deferred_expression0B9_
FN:264,_RNvNtNtNtCs3yqXWJWMNss_4koan8builtins6fn_def11return_type12make_capture
FN:125,_RNvNtNtNtCs3yqXWJWMNss_4koan8builtins6fn_def11return_type20classify_return_type
FN:184,_RNvNtNtNtCs3yqXWJWMNss_4koan8builtins6fn_def11return_type20verdict_for_resolved
FN:68,_RNvNtNtNtCs3yqXWJWMNss_4koan8builtins6fn_def11return_type23extract_return_type_raw
FN:274,_RNvNtNtNtCs3yqXWJWMNss_4koan8builtins6fn_def11return_type25resolve_capture_at_finish
FN:200,_RNvNtNtNtCs3yqXWJWMNss_4koan8builtins6fn_def11return_type30verdict_for_deferred_type_expr
FN:240,_RNvNtNtNtCs3yqXWJWMNss_4koan8builtins6fn_def11return_type31verdict_for_deferred_expression
FN:264,_RNvNtNtNtCs8h7e9k1J8CD_4koan8builtins6fn_def11return_type12make_capture
FN:125,_RNvNtNtNtCs8h7e9k1J8CD_4koan8builtins6fn_def11return_type20classify_return_type
FN:184,_RNvNtNtNtCs8h7e9k1J8CD_4koan8builtins6fn_def11return_type20verdict_for_resolved
FN:68,_RNvNtNtNtCs8h7e9k1J8CD_4koan8builtins6fn_def11return_type23extract_return_type_raw
FN:274,_RNvNtNtNtCs8h7e9k1J8CD_4koan8builtins6fn_def11return_type25resolve_capture_at_finish
FN:200,_RNvNtNtNtCs8h7e9k1J8CD_4koan8builtins6fn_def11return_type30verdict_for_deferred_type_expr
FN:240,_RNvNtNtNtCs8h7e9k1J8CD_4koan8builtins6fn_def11return_type31verdict_for_deferred_expression
FN:241,_RNCNvNtNtNtCs8h7e9k1J8CD_4koan8builtins6fn_def11return_type31verdict_for_deferred_expression0B9_
FNDA:0,_RNCNvNtNtNtCs3yqXWJWMNss_4koan8builtins6fn_def11return_type31verdict_for_deferred_expression0B9_
FNDA:2,_RNvNtNtNtCs3yqXWJWMNss_4koan8builtins6fn_def11return_type12make_capture
FNDA:13,_RNvNtNtNtCs3yqXWJWMNss_4koan8builtins6fn_def11return_type20classify_return_type
FNDA:11,_RNvNtNtNtCs3yqXWJWMNss_4koan8builtins6fn_def11return_type20verdict_for_resolved
FNDA:13,_RNvNtNtNtCs3yqXWJWMNss_4koan8builtins6fn_def11return_type23extract_return_type_raw
FNDA:7,_RNvNtNtNtCs3yqXWJWMNss_4koan8builtins6fn_def11return_type25resolve_capture_at_finish
FNDA:0,_RNvNtNtNtCs3yqXWJWMNss_4koan8builtins6fn_def11return_type30verdict_for_deferred_type_expr
FNDA:0,_RNvNtNtNtCs3yqXWJWMNss_4koan8builtins6fn_def11return_type31verdict_for_deferred_expression
FNDA:5,_RNvNtNtNtCs8h7e9k1J8CD_4koan8builtins6fn_def11return_type12make_capture
FNDA:186,_RNvNtNtNtCs8h7e9k1J8CD_4koan8builtins6fn_def11return_type20classify_return_type
FNDA:162,_RNvNtNtNtCs8h7e9k1J8CD_4koan8builtins6fn_def11return_type20verdict_for_resolved
FNDA:186,_RNvNtNtNtCs8h7e9k1J8CD_4koan8builtins6fn_def11return_type23extract_return_type_raw
FNDA:21,_RNvNtNtNtCs8h7e9k1J8CD_4koan8builtins6fn_def11return_type25resolve_capture_at_finish
FNDA:2,_RNvNtNtNtCs8h7e9k1J8CD_4koan8builtins6fn_def11return_type30verdict_for_deferred_type_expr
FNDA:1,_RNvNtNtNtCs8h7e9k1J8CD_4koan8builtins6fn_def11return_type31verdict_for_deferred_expression
FNDA:1,_RNCNvNtNtNtCs8h7e9k1J8CD_4koan8builtins6fn_def11return_type31verdict_for_deferred_expression0B9_
FNF:8
FNH:8
DA:68,199
DA:69,199
DA:70,199
DA:71,199
DA:72,171
DA:73,171
DA:74,0
DA:76,16
DA:77,16
DA:78,0
DA:80,12
DA:81,12
DA:82,0
DA:84,0
DA:85,0
DA:86,0
DA:87,0
DA:89,199
DA:125,199
DA:126,199
DA:127,199
DA:128,199
DA:129,199
DA:130,199
DA:131,199
DA:132,171
DA:133,171
DA:134,171
DA:136,16
DA:137,16
DA:138,5
DA:139,2
DA:140,3
DA:142,5
DA:143,11
DA:144,11
DA:145,11
DA:146,2
DA:147,7
DA:148,7
DA:150,2
DA:151,0
DA:153,2
DA:154,2
DA:155,2
DA:159,9
DA:160,2
DA:161,2
DA:163,7
DA:165,9
DA:167,12
DA:168,12
DA:169,7
DA:170,1
DA:171,6
DA:173,7
DA:175,5
DA:179,199
DA:184,173
DA:185,173
DA:186,171
DA:188,2
DA:189,2
DA:190,2
DA:191,2
DA:193,173
DA:200,2
DA:201,2
DA:202,2
DA:203,2
DA:204,0
DA:211,2
DA:212,2
DA:213,2
DA:215,0
DA:216,0
DA:217,0
DA:218,0
DA:219,0
DA:220,0
DA:223,0
DA:226,0
DA:228,0
DA:229,0
DA:230,0
DA:231,0
DA:234,2
DA:240,1
DA:241,1
DA:242,1
DA:243,0
DA:244,1
DA:245,1
DA:246,1
DA:247,1
DA:248,1
DA:249,1
DA:250,1
DA:251,1
DA:252,0
DA:253,0
DA:254,0
DA:255,0
DA:256,0
DA:257,0
DA:258,0
DA:259,0
DA:260,0
DA:262,1
DA:264,7
DA:265,7
DA:266,4
DA:267,3
DA:269,7
DA:274,28
DA:275,28
DA:276,28
DA:277,28
DA:278,28
DA:279,28
DA:280,14
DA:281,4
DA:282,4
DA:283,4
DA:284,4
DA:285,0
DA:286,0
DA:287,0
DA:288,0
DA:289,0
DA:290,0
DA:291,0
DA:292,0
DA:296,3
DA:297,3
DA:298,0
DA:299,0
DA:300,0
DA:301,0
DA:302,0
DA:303,0
DA:305,2
DA:306,5
DA:307,5
DA:308,5
DA:309,4
DA:310,1
DA:311,1
DA:312,1
DA:313,1
DA:314,1
DA:318,28
BRF:0
BRH:0
LF:153
LH:108
end_of_record
SF:/var/home/jack/Code/koan/src/builtins/fn_def/signature.rs
FN:182,_RNvNtNtNtCs3yqXWJWMNss_4koan8builtins6fn_def9signature11binder_name
FN:206,_RNvNtNtNtCs3yqXWJWMNss_4koan8builtins6fn_def9signature13binder_bucket
FN:75,_RNvNtNtNtCs3yqXWJWMNss_4koan8builtins6fn_def9signature19parse_fn_param_list
FN:263,_RNvNtNtNtCs3yqXWJWMNss_4koan8builtins6fn_def9signature19signature_expr_part
FN:18,_RNvNtNtNtCs3yqXWJWMNss_4koan8builtins6fn_def9signature34collect_param_names_from_signature
FN:221,_RNCNvNtNtNtCs3yqXWJWMNss_4koan8builtins6fn_def9signature13binder_bucket0B9_
FN:237,_RNCNvNtNtNtCs3yqXWJWMNss_4koan8builtins6fn_def9signature13binder_buckets_0B9_
FN:221,_RNCNvNtNtNtCs8h7e9k1J8CD_4koan8builtins6fn_def9signature13binder_bucket0B9_
FN:237,_RNCNvNtNtNtCs8h7e9k1J8CD_4koan8builtins6fn_def9signature13binder_buckets_0B9_
FN:182,_RNvNtNtNtCs8h7e9k1J8CD_4koan8builtins6fn_def9signature11binder_name
FN:206,_RNvNtNtNtCs8h7e9k1J8CD_4koan8builtins6fn_def9signature13binder_bucket
FN:75,_RNvNtNtNtCs8h7e9k1J8CD_4koan8builtins6fn_def9signature19parse_fn_param_list
FN:263,_RNvNtNtNtCs8h7e9k1J8CD_4koan8builtins6fn_def9signature19signature_expr_part
FN:18,_RNvNtNtNtCs8h7e9k1J8CD_4koan8builtins6fn_def9signature34collect_param_names_from_signature
FNDA:27,_RNvNtNtNtCs3yqXWJWMNss_4koan8builtins6fn_def9signature11binder_name
FNDA:13,_RNvNtNtNtCs3yqXWJWMNss_4koan8builtins6fn_def9signature13binder_bucket
FNDA:20,_RNvNtNtNtCs3yqXWJWMNss_4koan8builtins6fn_def9signature19parse_fn_param_list
FNDA:40,_RNvNtNtNtCs3yqXWJWMNss_4koan8builtins6fn_def9signature19signature_expr_part
FNDA:13,_RNvNtNtNtCs3yqXWJWMNss_4koan8builtins6fn_def9signature34collect_param_names_from_signature
FNDA:11,_RNCNvNtNtNtCs3yqXWJWMNss_4koan8builtins6fn_def9signature13binder_bucket0B9_
FNDA:4,_RNCNvNtNtNtCs3yqXWJWMNss_4koan8builtins6fn_def9signature13binder_buckets_0B9_
FNDA:123,_RNCNvNtNtNtCs8h7e9k1J8CD_4koan8builtins6fn_def9signature13binder_bucket0B9_
FNDA:24,_RNCNvNtNtNtCs8h7e9k1J8CD_4koan8builtins6fn_def9signature13binder_buckets_0B9_
FNDA:374,_RNvNtNtNtCs8h7e9k1J8CD_4koan8builtins6fn_def9signature11binder_name
FNDA:186,_RNvNtNtNtCs8h7e9k1J8CD_4koan8builtins6fn_def9signature13binder_bucket
FNDA:201,_RNvNtNtNtCs8h7e9k1J8CD_4koan8builtins6fn_def9signature19parse_fn_param_list
FNDA:560,_RNvNtNtNtCs8h7e9k1J8CD_4koan8builtins6fn_def9signature19signature_expr_part
FNDA:186,_RNvNtNtNtCs8h7e9k1J8CD_4koan8builtins6fn_def9signature34collect_param_names_from_signature
FNF:7
FNH:7
DA:18,199
DA:19,199
DA:20,199
DA:21,199
DA:22,564
DA:23,365
DA:24,136
DA:25,28
DA:26,28
DA:28,201
DA:30,365
DA:31,164
DA:32,164
DA:33,162
DA:38,164
DA:39,162
DA:40,162
DA:41,162
DA:42,2
DA:43,201
DA:44,203
DA:46,199
DA:47,199
DA:75,221
DA:76,221
DA:77,221
DA:78,221
DA:79,221
DA:80,221
DA:81,221
DA:82,221
DA:83,221
DA:84,221
DA:85,627
DA:89,408
DA:90,145
DA:91,40
DA:92,40
DA:94,223
DA:96,408
DA:97,223
DA:98,223
DA:99,223
DA:100,223
DA:101,185
DA:102,185
DA:103,3
DA:104,176
DA:105,176
DA:106,155
DA:107,155
DA:108,155
DA:109,155
DA:110,155
DA:111,155
DA:112,19
DA:113,19
DA:114,19
DA:115,2
DA:116,2
DA:117,2
DA:118,2
DA:119,2
DA:120,0
DA:122,176
DA:124,4
DA:125,4
DA:126,4
DA:127,4
DA:128,4
DA:129,4
DA:130,3
DA:131,3
DA:132,3
DA:133,3
DA:134,3
DA:135,3
DA:136,3
DA:137,0
DA:138,0
DA:139,0
DA:140,0
DA:141,0
DA:142,0
DA:145,2
DA:146,2
DA:147,2
DA:148,2
DA:152,0
DA:153,0
DA:154,0
DA:155,0
DA:156,0
DA:158,0
DA:159,0
DA:160,0
DA:161,0
DA:162,0
DA:166,219
DA:167,2
DA:168,217
DA:169,217
DA:170,23
DA:171,23
DA:172,23
DA:173,23
DA:174,194
DA:175,194
DA:176,221
DA:182,401
DA:183,401
DA:184,428
DA:185,428
DA:186,395
DA:187,33
DA:189,6
DA:190,401
DA:206,199
DA:207,199
DA:208,199
DA:210,199
DA:211,199
DA:212,199
DA:213,199
DA:214,564
DA:215,365
DA:216,201
DA:217,201
DA:218,201
DA:219,201
DA:221,136
DA:222,0
DA:223,134
DA:228,134
DA:229,136
DA:230,134
DA:231,134
DA:232,134
DA:233,2
DA:234,2
DA:236,28
DA:237,28
DA:238,0
DA:239,28
DA:244,28
DA:245,28
DA:246,28
DA:247,28
DA:248,28
DA:249,0
DA:250,0
DA:252,0
DA:253,0
DA:254,0
DA:257,199
DA:258,199
DA:263,600
DA:264,600
DA:265,600
DA:266,600
DA:267,0
DA:269,600
BRF:0
BRH:0
LF:164
LH:139
end_of_record
SF:/var/home/jack/Code/koan/src/builtins/functor_def.rs
FN:128,_RNCNvNtNtCs3yqXWJWMNss_4koan8builtins11functor_def4body0B7_
FN:163,_RNvNtNtCs3yqXWJWMNss_4koan8builtins11functor_def19collect_param_types
FN:58,_RNvNtNtCs3yqXWJWMNss_4koan8builtins11functor_def4body
FN:196,_RNvNtNtCs3yqXWJWMNss_4koan8builtins11functor_def8register
FN:128,_RNCNvNtNtCs8h7e9k1J8CD_4koan8builtins11functor_def4body0B7_
FN:163,_RNvNtNtCs8h7e9k1J8CD_4koan8builtins11functor_def19collect_param_types
FN:58,_RNvNtNtCs8h7e9k1J8CD_4koan8builtins11functor_def4body
FN:196,_RNvNtNtCs8h7e9k1J8CD_4koan8builtins11functor_def8register
FNDA:3,_RNCNvNtNtCs3yqXWJWMNss_4koan8builtins11functor_def4body0B7_
FNDA:3,_RNvNtNtCs3yqXWJWMNss_4koan8builtins11functor_def19collect_param_types
FNDA:3,_RNvNtNtCs3yqXWJWMNss_4koan8builtins11functor_def4body
FNDA:30,_RNvNtNtCs3yqXWJWMNss_4koan8builtins11functor_def8register
FNDA:12,_RNCNvNtNtCs8h7e9k1J8CD_4koan8builtins11functor_def4body0B7_
FNDA:15,_RNvNtNtCs8h7e9k1J8CD_4koan8builtins11functor_def19collect_param_types
FNDA:15,_RNvNtNtCs8h7e9k1J8CD_4koan8builtins11functor_def4body
FNDA:455,_RNvNtNtCs8h7e9k1J8CD_4koan8builtins11functor_def8register
FNF:4
FNH:4
DA:58,18
DA:59,18
DA:60,18
DA:61,18
DA:62,18
DA:63,18
DA:64,18
DA:66,0
DA:67,0
DA:68,0
DA:71,18
DA:72,18
DA:73,0
DA:75,18
DA:76,18
DA:78,0
DA:79,0
DA:80,0
DA:86,18
DA:98,18
DA:100,18
DA:106,18
DA:107,18
DA:108,18
DA:109,0
DA:111,18
DA:112,3
DA:113,15
DA:115,15
DA:116,7
DA:117,0
DA:118,8
DA:119,8
DA:126,15
DA:127,15
DA:128,15
DA:129,15
DA:131,15
DA:132,7
DA:133,7
DA:135,8
DA:140,8
DA:141,8
DA:142,8
DA:143,8
DA:144,8
DA:145,8
DA:147,8
DA:151,18
DA:163,18
DA:164,18
DA:165,18
DA:166,18
DA:168,18
DA:169,18
DA:170,18
DA:171,18
DA:172,54
DA:173,36
DA:174,2
DA:175,16
DA:176,16
DA:178,18
DA:180,36
DA:181,18
DA:182,18
DA:183,18
DA:184,10
DA:185,10
DA:186,0
DA:187,0
DA:188,18
DA:189,18
DA:190,18
DA:191,18
DA:193,18
DA:194,18
DA:196,485
DA:214,485
DA:215,485
DA:216,485
DA:217,485
DA:218,485
DA:219,485
DA:220,485
DA:221,485
DA:222,485
DA:223,485
DA:225,485
DA:226,485
DA:227,485
DA:234,485
DA:235,485
DA:236,485
DA:237,485
DA:238,485
DA:239,485
DA:240,485
DA:241,485
DA:242,485
DA:243,485
DA:245,485
DA:246,485
DA:247,485
DA:254,485
BRF:0
BRH:0
LF:106
LH:95
end_of_record
SF:/var/home/jack/Code/koan/src/builtins/let_binding.rs
FN:332,_RNvNtNtCs3yqXWJWMNss_4koan8builtins11let_binding11binder_name
FN:315,_RNvNtNtCs3yqXWJWMNss_4koan8builtins11let_binding21capitalize_identifier
FN:248,_RNvNtNtCs3yqXWJWMNss_4koan8builtins11let_binding23derive_nominal_identity
FN:296,_RNvNtNtCs3yqXWJWMNss_4koan8builtins11let_binding28is_admissible_type_class_rhs
FN:17,_RNvNtNtCs3yqXWJWMNss_4koan8builtins11let_binding4body
FN:340,_RNvNtNtCs3yqXWJWMNss_4koan8builtins11let_binding8register
FN:30,_RNCNvNtNtCs3yqXWJWMNss_4koan8builtins11let_binding4body0B7_
FN:30,_RNCNvNtNtCs8h7e9k1J8CD_4koan8builtins11let_binding4body0B7_
FN:332,_RNvNtNtCs8h7e9k1J8CD_4koan8builtins11let_binding11binder_name
FN:315,_RNvNtNtCs8h7e9k1J8CD_4koan8builtins11let_binding21capitalize_identifier
FN:248,_RNvNtNtCs8h7e9k1J8CD_4koan8builtins11let_binding23derive_nominal_identity
FN:296,_RNvNtNtCs8h7e9k1J8CD_4koan8builtins11let_binding28is_admissible_type_class_rhs
FN:17,_RNvNtNtCs8h7e9k1J8CD_4koan8builtins11let_binding4body
FN:340,_RNvNtNtCs8h7e9k1J8CD_4koan8builtins11let_binding8register
FNDA:130,_RNvNtNtCs3yqXWJWMNss_4koan8builtins11let_binding11binder_name
FNDA:0,_RNvNtNtCs3yqXWJWMNss_4koan8builtins11let_binding21capitalize_identifier
FNDA:5,_RNvNtNtCs3yqXWJWMNss_4koan8builtins11let_binding23derive_nominal_identity
FNDA:14,_RNvNtNtCs3yqXWJWMNss_4koan8builtins11let_binding28is_admissible_type_class_rhs
FNDA:47,_RNvNtNtCs3yqXWJWMNss_4koan8builtins11let_binding4body
FNDA:30,_RNvNtNtCs3yqXWJWMNss_4koan8builtins11let_binding8register
FNDA:47,_RNCNvNtNtCs3yqXWJWMNss_4koan8builtins11let_binding4body0B7_
FNDA:347,_RNCNvNtNtCs8h7e9k1J8CD_4koan8builtins11let_binding4body0B7_
FNDA:872,_RNvNtNtCs8h7e9k1J8CD_4koan8builtins11let_binding11binder_name
FNDA:2,_RNvNtNtCs8h7e9k1J8CD_4koan8builtins11let_binding21capitalize_identifier
FNDA:56,_RNvNtNtCs8h7e9k1J8CD_4koan8builtins11let_binding23derive_nominal_identity
FNDA:110,_RNvNtNtCs8h7e9k1J8CD_4koan8builtins11let_binding28is_admissible_type_class_rhs
FNDA:348,_RNvNtNtCs8h7e9k1J8CD_4koan8builtins11let_binding4body
FNDA:455,_RNvNtNtCs8h7e9k1J8CD_4koan8builtins11let_binding8register
FNF:7
FNH:7
DA:17,395
DA:18,395
DA:19,395
DA:20,395
DA:21,395
DA:28,395
DA:29,395
DA:30,395
DA:31,395
DA:32,395
DA:33,395
DA:34,0
DA:43,395
DA:44,395
DA:45,395
DA:46,270
DA:54,270
DA:55,1
DA:56,1
DA:57,268
DA:59,270
DA:60,2
DA:61,2
DA:62,2
DA:63,2
DA:64,2
DA:65,2
DA:66,2
DA:67,2
DA:68,268
DA:69,268
DA:76,95
DA:78,0
DA:79,0
DA:80,0
DA:81,0
DA:84,95
DA:93,95
DA:94,3
DA:95,3
DA:96,3
DA:97,3
DA:98,92
DA:105,89
DA:106,52
DA:107,52
DA:108,52
DA:109,37
DA:110,37
DA:111,37
DA:112,3
DA:113,3
DA:114,3
DA:116,92
DA:122,30
DA:129,1
DA:130,1
DA:131,1
DA:132,1
DA:139,29
DA:140,29
DA:141,0
DA:142,0
DA:143,0
DA:144,0
DA:145,29
DA:155,29
DA:156,0
DA:157,0
DA:158,0
DA:159,29
DA:160,29
DA:161,29
DA:162,0
DA:163,0
DA:164,0
DA:166,29
DA:169,0
DA:170,0
DA:171,0
DA:172,0
DA:173,0
DA:174,0
DA:176,0
DA:183,389
DA:184,2
DA:185,2
DA:186,2
DA:187,2
DA:188,387
DA:189,387
DA:190,387
DA:191,387
DA:192,387
DA:193,66
DA:194,66
DA:195,66
DA:196,66
DA:197,66
DA:198,66
DA:199,66
DA:200,66
DA:201,66
DA:202,321
DA:215,53
DA:216,0
DA:217,53
DA:225,268
DA:226,2
DA:227,2
DA:228,2
DA:229,2
DA:230,2
DA:231,266
DA:232,266
DA:233,1
DA:234,265
DA:236,384
DA:237,395
DA:248,61
DA:249,52
DA:253,52
DA:259,0
DA:260,0
DA:261,0
DA:262,0
DA:263,0
DA:264,2
DA:265,2
DA:266,2
DA:267,2
DA:268,2
DA:269,0
DA:270,0
DA:271,0
DA:272,0
DA:273,0
DA:274,7
DA:276,61
DA:296,124
DA:297,124
DA:298,118
DA:299,6
DA:300,6
DA:301,1
DA:302,5
DA:303,5
DA:304,3
DA:305,2
DA:306,2
DA:307,124
DA:315,2
DA:316,2
DA:317,2
DA:318,2
DA:319,2
DA:320,2
DA:321,2
DA:322,2
DA:324,0
DA:326,2
DA:332,1002
DA:333,1002
DA:334,682
DA:335,320
DA:336,0
DA:338,1002
DA:340,485
DA:341,485
DA:342,485
DA:343,485
DA:344,485
DA:345,485
DA:346,485
DA:347,485
DA:348,485
DA:350,485
DA:351,485
DA:353,485
DA:354,485
DA:355,485
DA:356,485
DA:357,485
DA:358,485
DA:359,485
DA:360,485
DA:362,485
DA:363,485
DA:365,485
BRF:0
BRH:0
LF:190
LH:155
end_of_record
SF:/var/home/jack/Code/koan/src/builtins/match_case.rs
FN:36,_RNvNtNtCs3yqXWJWMNss_4koan8builtins10match_case4body
FN:136,_RNvNtNtCs3yqXWJWMNss_4koan8builtins10match_case8register
FN:125,_RNCNvNtNtCs3yqXWJWMNss_4koan8builtins10match_case4body0B7_
FN:125,_RNCNvNtNtCs8h7e9k1J8CD_4koan8builtins10match_case4body0B7_
FN:155,_RNvNtNtNtCs8h7e9k1J8CD_4koan8builtins10match_case5tests11run_program
FN:197,_RNvNtNtNtCs8h7e9k1J8CD_4koan8builtins10match_case5testss_25match_inexhaustive_errors
FN:174,_RNvNtNtNtCs8h7e9k1J8CD_4koan8builtins10match_case5testss_29match_binds_inner_value_to_it
FN:238,_RNvNtNtNtCs8h7e9k1J8CD_4koan8builtins10match_case5testss_29recursive_tagged_match_no_uaf
FN:259,_RNvNtNtNtCs8h7e9k1J8CD_4koan8builtins10match_case5testss_33match_on_bool_inexhaustive_errors
FN:222,_RNvNtNtNtCs8h7e9k1J8CD_4koan8builtins10match_case5testss_36match_on_bool_true_takes_true_branch
FN:186,_RNvNtNtNtCs8h7e9k1J8CD_4koan8builtins10match_case5testss_37match_does_not_run_unmatched_branches
FN:230,_RNvNtNtNtCs8h7e9k1J8CD_4koan8builtins10match_case5testss_38match_on_bool_false_takes_false_branch
FN:164,_RNvNtNtNtCs8h7e9k1J8CD_4koan8builtins10match_case5testss_40match_dispatches_branch_for_matching_tag
FN:212,_RNvNtNtNtCs8h7e9k1J8CD_4koan8builtins10match_case5testss_40match_other_branch_runs_when_tag_matches
FN:273,_RNvNtNtNtCs8h7e9k1J8CD_4koan8builtins10match_case5testss_47multi_statement_match_branch_returns_last_value
FN:291,_RNvNtNtNtCs8h7e9k1J8CD_4koan8builtins10match_case5testss_59fn_recursion_with_multi_statement_body_via_match_terminates
FN:36,_RNvNtNtCs8h7e9k1J8CD_4koan8builtins10match_case4body
FN:136,_RNvNtNtCs8h7e9k1J8CD_4koan8builtins10match_case8register
FNDA:0,_RNvNtNtCs3yqXWJWMNss_4koan8builtins10match_case4body
FNDA:30,_RNvNtNtCs3yqXWJWMNss_4koan8builtins10match_case8register
FNDA:0,_RNCNvNtNtCs3yqXWJWMNss_4koan8builtins10match_case4body0B7_
FNDA:1,_RNCNvNtNtCs8h7e9k1J8CD_4koan8builtins10match_case4body0B7_
FNDA:9,_RNvNtNtNtCs8h7e9k1J8CD_4koan8builtins10match_case5tests11run_program
FNDA:1,_RNvNtNtNtCs8h7e9k1J8CD_4koan8builtins10match_case5testss_25match_inexhaustive_errors
FNDA:1,_RNvNtNtNtCs8h7e9k1J8CD_4koan8builtins10match_case5testss_29match_binds_inner_value_to_it
FNDA:1,_RNvNtNtNtCs8h7e9k1J8CD_4koan8builtins10match_case5testss_29recursive_tagged_match_no_uaf
FNDA:1,_RNvNtNtNtCs8h7e9k1J8CD_4koan8builtins10match_case5testss_33match_on_bool_inexhaustive_errors
FNDA:1,_RNvNtNtNtCs8h7e9k1J8CD_4koan8builtins10match_case5testss_36match_on_bool_true_takes_true_branch
FNDA:1,_RNvNtNtNtCs8h7e9k1J8CD_4koan8builtins10match_case5testss_37match_does_not_run_unmatched_branches
FNDA:1,_RNvNtNtNtCs8h7e9k1J8CD_4koan8builtins10match_case5testss_38match_on_bool_false_takes_false_branch
FNDA:1,_RNvNtNtNtCs8h7e9k1J8CD_4koan8builtins10match_case5testss_40match_dispatches_branch_for_matching_tag
FNDA:1,_RNvNtNtNtCs8h7e9k1J8CD_4koan8builtins10match_case5testss_40match_other_branch_runs_when_tag_matches
FNDA:1,_RNvNtNtNtCs8h7e9k1J8CD_4koan8builtins10match_case5testss_47multi_statement_match_branch_returns_last_value
FNDA:1,_RNvNtNtNtCs8h7e9k1J8CD_4koan8builtins10match_case5testss_59fn_recursion_with_multi_statement_body_via_match_terminates
FNDA:69,_RNvNtNtCs8h7e9k1J8CD_4koan8builtins10match_case4body
FNDA:455,_RNvNtNtCs8h7e9k1J8CD_4koan8builtins10match_case8register
FNF:15
FNH:15
DA:36,69
DA:37,69
DA:38,69
DA:39,69
DA:40,69
DA:41,69
DA:42,62
DA:43,7
DA:44,7
DA:45,7
DA:47,0
DA:48,0
DA:49,0
DA:50,0
DA:51,0
DA:52,0
DA:54,0
DA:56,69
DA:57,69
DA:59,0
DA:60,0
DA:61,0
DA:64,69
DA:65,66
DA:67,3
DA:68,3
DA:69,3
DA:70,3
DA:72,0
DA:82,66
DA:83,66
DA:84,66
DA:87,66
DA:88,66
DA:89,66
DA:99,66
DA:100,66
DA:101,66
DA:102,66
DA:103,66
DA:110,66
DA:111,66
DA:112,66
DA:113,66
DA:114,1
DA:115,1
DA:116,1
DA:117,1
DA:118,1
DA:119,1
DA:120,1
DA:121,1
DA:122,1
DA:123,1
DA:125,1
DA:126,1
DA:127,1
DA:129,1
DA:131,65
DA:132,65
DA:134,69
DA:136,485
DA:137,485
DA:138,485
DA:139,485
DA:140,485
DA:141,485
DA:142,485
DA:143,485
DA:144,485
DA:146,485
DA:148,485
DA:155,9
DA:156,9
DA:157,9
DA:158,9
DA:159,9
DA:160,9
DA:161,9
DA:164,1
DA:165,1
DA:166,1
DA:167,1
DA:168,1
DA:170,1
DA:171,1
DA:174,1
DA:177,1
DA:178,1
DA:179,1
DA:180,1
DA:182,1
DA:183,1
DA:186,1
DA:188,1
DA:189,1
DA:190,1
DA:191,1
DA:193,1
DA:194,1
DA:197,1
DA:198,1
DA:199,1
DA:200,1
DA:201,1
DA:202,1
DA:204,1
DA:205,1
DA:206,1
DA:209,1
DA:212,1
DA:213,1
DA:214,1
DA:215,1
DA:216,1
DA:218,1
DA:219,1
DA:222,1
DA:223,1
DA:224,1
DA:226,1
DA:227,1
DA:230,1
DA:231,1
DA:232,1
DA:234,1
DA:235,1
DA:238,1
DA:247,1
DA:248,1
DA:249,1
DA:250,1
DA:251,1
DA:252,1
DA:253,1
DA:255,1
DA:256,1
DA:259,1
DA:260,1
DA:261,1
DA:262,1
DA:263,1
DA:264,1
DA:267,1
DA:273,1
DA:274,1
DA:275,1
DA:276,1
DA:277,1
DA:278,1
DA:279,1
DA:280,1
DA:282,1
DA:283,1
DA:284,1
DA:285,1
DA:291,1
DA:292,1
DA:293,1
DA:294,1
DA:295,1
DA:296,1
DA:297,1
DA:298,1
DA:299,1
DA:300,1
DA:301,1
DA:303,1
DA:304,1
DA:305,1
BRF:0
BRH:0
LF:171
LH:160
end_of_record
SF:/var/home/jack/Code/koan/src/builtins/module_def.rs
FN:155,_RNvNtNtCs3yqXWJWMNss_4koan8builtins10module_def11binder_name
FN:32,_RNvNtNtCs3yqXWJWMNss_4koan8builtins10module_def4body
FN:159,_RNvNtNtCs3yqXWJWMNss_4koan8builtins10module_def8register
FN:77,_RNCNvNtNtCs3yqXWJWMNss_4koan8builtins10module_def4body0B7_
FN:80,_RNCNvNtNtCs3yqXWJWMNss_4koan8builtins10module_def4bodys_0B7_
FN:247,_RNvNtNtNtCs8h7e9k1J8CD_4koan8builtins10module_def5testss_28module_unknown_member_errors
FN:202,_RNvNtNtNtCs8h7e9k1J8CD_4koan8builtins10module_def5testss_29module_member_access_via_attr
FN:183,_RNvNtNtNtCs8h7e9k1J8CD_4koan8builtins10module_def5testss_32binder_name_extracts_module_name
FN:190,_RNvNtNtNtCs8h7e9k1J8CD_4koan8builtins10module_def5testss_32module_binds_under_name_in_scope
FN:227,_RNvNtNtNtCs8h7e9k1J8CD_4koan8builtins10module_def5testss_33module_member_function_via_let_fn
FN:345,_RNvNtNtNtCs8h7e9k1J8CD_4koan8builtins10module_def5testss_36module_body_dispatch_does_not_dangle
FN:278,_RNvNtNtNtCs8h7e9k1J8CD_4koan8builtins10module_def5testss_38module_body_parks_on_outer_placeholder
FN:290,_RNvNtNtNtCs8h7e9k1J8CD_4koan8builtins10module_def5testss_41module_body_error_short_circuits_finalize
FN:211,_RNvNtNtNtCs8h7e9k1J8CD_4koan8builtins10module_def5testss_41module_with_multiple_statements_in_parens
FN:260,_RNvNtNtNtCs8h7e9k1J8CD_4koan8builtins10module_def5testss_41nested_module_accessible_via_chained_attr
FN:311,_RNvNtNtNtCs8h7e9k1J8CD_4koan8builtins10module_def5testss_50module_finalize_short_circuits_on_idempotent_state
FN:77,_RNCNvNtNtCs8h7e9k1J8CD_4koan8builtins10module_def4body0B7_
FN:80,_RNCNvNtNtCs8h7e9k1J8CD_4koan8builtins10module_def4bodys_0B7_
FN:155,_RNvNtNtCs8h7e9k1J8CD_4koan8builtins10module_def11binder_name
FN:32,_RNvNtNtCs8h7e9k1J8CD_4koan8builtins10module_def4body
FN:159,_RNvNtNtCs8h7e9k1J8CD_4koan8builtins10module_def8register
FNDA:27,_RNvNtNtCs3yqXWJWMNss_4koan8builtins10module_def11binder_name
FNDA:15,_RNvNtNtCs3yqXWJWMNss_4koan8builtins10module_def4body
FNDA:30,_RNvNtNtCs3yqXWJWMNss_4koan8builtins10module_def8register
FNDA:15,_RNCNvNtNtCs3yqXWJWMNss_4koan8builtins10module_def4body0B7_
FNDA:14,_RNCNvNtNtCs3yqXWJWMNss_4koan8builtins10module_def4bodys_0B7_
FNDA:1,_RNvNtNtNtCs8h7e9k1J8CD_4koan8builtins10module_def5testss_28module_unknown_member_errors
FNDA:1,_RNvNtNtNtCs8h7e9k1J8CD_4koan8builtins10module_def5testss_29module_member_access_via_attr
FNDA:1,_RNvNtNtNtCs8h7e9k1J8CD_4koan8builtins10module_def5testss_32binder_name_extracts_module_name
FNDA:1,_RNvNtNtNtCs8h7e9k1J8CD_4koan8builtins10module_def5testss_32module_binds_under_name_in_scope
FNDA:1,_RNvNtNtNtCs8h7e9k1J8CD_4koan8builtins10module_def5testss_33module_member_function_via_let_fn
FNDA:1,_RNvNtNtNtCs8h7e9k1J8CD_4koan8builtins10module_def5testss_36module_body_dispatch_does_not_dangle
FNDA:1,_RNvNtNtNtCs8h7e9k1J8CD_4koan8builtins10module_def5testss_38module_body_parks_on_outer_placeholder
FNDA:1,_RNvNtNtNtCs8h7e9k1J8CD_4koan8builtins10module_def5testss_41module_body_error_short_circuits_finalize
FNDA:1,_RNvNtNtNtCs8h7e9k1J8CD_4koan8builtins10module_def5testss_41module_with_multiple_statements_in_parens
FNDA:1,_RNvNtNtNtCs8h7e9k1J8CD_4koan8builtins10module_def5testss_41nested_module_accessible_via_chained_attr
FNDA:1,_RNvNtNtNtCs8h7e9k1J8CD_4koan8builtins10module_def5testss_50module_finalize_short_circuits_on_idempotent_state
FNDA:78,_RNCNvNtNtCs8h7e9k1J8CD_4koan8builtins10module_def4body0B7_
FNDA:76,_RNCNvNtNtCs8h7e9k1J8CD_4koan8builtins10module_def4bodys_0B7_
FNDA:139,_RNvNtNtCs8h7e9k1J8CD_4koan8builtins10module_def11binder_name
FNDA:78,_RNvNtNtCs8h7e9k1J8CD_4koan8builtins10module_def4body
FNDA:455,_RNvNtNtCs8h7e9k1J8CD_4koan8builtins10module_def8register
FNF:16
FNH:16
DA:32,93
DA:33,93
DA:34,93
DA:35,93
DA:36,93
DA:41,93
DA:42,93
DA:43,0
DA:45,93
DA:46,93
DA:48,0
DA:49,0
DA:50,0
DA:54,93
DA:55,93
DA:60,93
DA:70,93
DA:75,93
DA:76,93
DA:77,93
DA:78,93
DA:79,93
DA:80,93
DA:86,90
DA:87,90
DA:88,0
DA:89,0
DA:91,0
DA:92,0
DA:93,90
DA:94,90
DA:95,90
DA:96,90
DA:116,90
DA:117,90
DA:118,90
DA:119,90
DA:120,90
DA:121,21
DA:122,2
DA:123,19
DA:124,19
DA:131,90
DA:132,90
DA:133,90
DA:134,90
DA:135,90
DA:136,90
DA:137,90
DA:138,90
DA:139,90
DA:140,90
DA:141,90
DA:142,90
DA:143,90
DA:144,0
DA:145,0
DA:146,0
DA:148,90
DA:149,93
DA:150,93
DA:151,93
DA:155,166
DA:156,166
DA:157,166
DA:159,485
DA:160,485
DA:161,485
DA:162,485
DA:163,485
DA:164,485
DA:165,485
DA:166,485
DA:167,485
DA:169,485
DA:170,485
DA:172,485
DA:183,1
DA:184,1
DA:185,1
DA:186,1
DA:187,1
DA:190,1
DA:191,1
DA:192,1
DA:193,1
DA:194,1
DA:195,1
DA:196,1
DA:199,1
DA:202,1
DA:203,1
DA:204,1
DA:205,1
DA:206,1
DA:207,1
DA:208,1
DA:211,1
DA:216,1
DA:217,1
DA:218,1
DA:219,1
DA:220,1
DA:222,1
DA:223,1
DA:224,1
DA:227,1
DA:232,1
DA:233,1
DA:234,1
DA:235,1
DA:236,1
DA:238,1
DA:239,1
DA:240,1
DA:241,0
DA:243,1
DA:244,1
DA:247,1
DA:248,1
DA:249,1
DA:250,1
DA:251,1
DA:252,1
DA:253,1
DA:254,1
DA:257,1
DA:260,1
DA:261,1
DA:262,1
DA:263,1
DA:264,1
DA:265,1
DA:267,1
DA:268,1
DA:269,1
DA:278,1
DA:279,1
DA:280,1
DA:281,1
DA:282,1
DA:283,1
DA:284,1
DA:290,1
DA:291,1
DA:292,1
DA:293,1
DA:294,1
DA:295,1
DA:298,1
DA:311,1
DA:314,1
DA:315,1
DA:316,1
DA:317,1
DA:318,1
DA:320,1
DA:321,1
DA:322,1
DA:323,1
DA:324,1
DA:325,1
DA:330,1
DA:333,1
DA:334,1
DA:335,1
DA:336,1
DA:345,1
DA:346,1
DA:347,1
DA:348,1
DA:349,1
DA:350,1
DA:351,1
DA:352,0
DA:354,1
DA:355,1
DA:356,1
DA:357,1
BRF:0
BRH:0
LF:181
LH:168
end_of_record
SF:/var/home/jack/Code/koan/src/builtins/newtype_def.rs
FN:150,_RNvNtNtCs3yqXWJWMNss_4koan8builtins11newtype_def11binder_name
FN:173,_RNvNtNtCs3yqXWJWMNss_4koan8builtins11newtype_def17newtype_construct
FN:56,_RNvNtNtCs3yqXWJWMNss_4koan8builtins11newtype_def4body
FN:221,_RNvNtNtCs3yqXWJWMNss_4koan8builtins11newtype_def8register
FN:188,_RNCNvNtNtCs3yqXWJWMNss_4koan8builtins11newtype_def17newtype_construct0B7_
FN:126,_RNCNvNtNtCs3yqXWJWMNss_4koan8builtins11newtype_def4body0B7_
FN:150,_RNvNtNtCs8h7e9k1J8CD_4koan8builtins11newtype_def11binder_name
FN:173,_RNvNtNtCs8h7e9k1J8CD_4koan8builtins11newtype_def17newtype_construct
FN:56,_RNvNtNtCs8h7e9k1J8CD_4koan8builtins11newtype_def4body
FN:221,_RNvNtNtCs8h7e9k1J8CD_4koan8builtins11newtype_def8register
FN:427,_RNvNtNtNtCs8h7e9k1J8CD_4koan8builtins11newtype_def5testss_28construct_arity_zero_rejects
FN:445,_RNvNtNtNtCs8h7e9k1J8CD_4koan8builtins11newtype_def5testss_29construct_with_operator_value
FN:254,_RNvNtNtNtCs8h7e9k1J8CD_4koan8builtins11newtype_def5testss_30declare_mints_newtype_identity
FN:325,_RNvNtNtNtCs8h7e9k1J8CD_4koan8builtins11newtype_def5testss_30newtype_over_newtype_collapses
FN:407,_RNvNtNtNtCs8h7e9k1J8CD_4koan8builtins11newtype_def5testss_31construct_with_identifier_value
FN:309,_RNvNtNtNtCs8h7e9k1J8CD_4koan8builtins11newtype_def5testss_35construct_rejects_non_matching_repr
FN:285,_RNvNtNtNtCs8h7e9k1J8CD_4koan8builtins11newtype_def5testss_35construct_wraps_repr_matching_value
FN:358,_RNvNtNtNtCs8h7e9k1J8CD_4koan8builtins11newtype_def5testss_43dispatch_distinguishes_distance_from_number
FN:188,_RNCNvNtNtCs8h7e9k1J8CD_4koan8builtins11newtype_def17newtype_construct0B7_
FN:126,_RNCNvNtNtCs8h7e9k1J8CD_4koan8builtins11newtype_def4body0B7_
FNDA:0,_RNvNtNtCs3yqXWJWMNss_4koan8builtins11newtype_def11binder_name
FNDA:0,_RNvNtNtCs3yqXWJWMNss_4koan8builtins11newtype_def17newtype_construct
FNDA:0,_RNvNtNtCs3yqXWJWMNss_4koan8builtins11newtype_def4body
FNDA:30,_RNvNtNtCs3yqXWJWMNss_4koan8builtins11newtype_def8register
FNDA:0,_RNCNvNtNtCs3yqXWJWMNss_4koan8builtins11newtype_def17newtype_construct0B7_
FNDA:0,_RNCNvNtNtCs3yqXWJWMNss_4koan8builtins11newtype_def4body0B7_
FNDA:24,_RNvNtNtCs8h7e9k1J8CD_4koan8builtins11newtype_def11binder_name
FNDA:12,_RNvNtNtCs8h7e9k1J8CD_4koan8builtins11newtype_def17newtype_construct
FNDA:12,_RNvNtNtCs8h7e9k1J8CD_4koan8builtins11newtype_def4body
FNDA:455,_RNvNtNtCs8h7e9k1J8CD_4koan8builtins11newtype_def8register
FNDA:1,_RNvNtNtNtCs8h7e9k1J8CD_4koan8builtins11newtype_def5testss_28construct_arity_zero_rejects
FNDA:1,_RNvNtNtNtCs8h7e9k1J8CD_4koan8builtins11newtype_def5testss_29construct_with_operator_value
FNDA:1,_RNvNtNtNtCs8h7e9k1J8CD_4koan8builtins11newtype_def5testss_30declare_mints_newtype_identity
FNDA:1,_RNvNtNtNtCs8h7e9k1J8CD_4koan8builtins11newtype_def5testss_30newtype_over_newtype_collapses
FNDA:1,_RNvNtNtNtCs8h7e9k1J8CD_4koan8builtins11newtype_def5testss_31construct_with_identifier_value
FNDA:1,_RNvNtNtNtCs8h7e9k1J8CD_4koan8builtins11newtype_def5testss_35construct_rejects_non_matching_repr
FNDA:1,_RNvNtNtNtCs8h7e9k1J8CD_4koan8builtins11newtype_def5testss_35construct_wraps_repr_matching_value
FNDA:1,_RNvNtNtNtCs8h7e9k1J8CD_4koan8builtins11newtype_def5testss_43dispatch_distinguishes_distance_from_number
FNDA:11,_RNCNvNtNtCs8h7e9k1J8CD_4koan8builtins11newtype_def17newtype_construct0B7_
FNDA:12,_RNCNvNtNtCs8h7e9k1J8CD_4koan8builtins11newtype_def4body0B7_
FNF:14
FNH:14
DA:56,12
DA:57,12
DA:58,12
DA:59,12
DA:60,12
DA:63,12
DA:64,12
DA:65,0
DA:71,12
DA:72,9
DA:73,9
DA:74,0
DA:81,3
DA:82,3
DA:83,0
DA:85,3
DA:86,0
DA:87,0
DA:88,0
DA:89,0
DA:90,3
DA:91,3
DA:92,3
DA:94,0
DA:95,0
DA:96,0
DA:97,0
DA:102,0
DA:103,0
DA:104,0
DA:112,12
DA:113,12
DA:114,12
DA:115,12
DA:116,12
DA:117,12
DA:118,12
DA:119,12
DA:124,12
DA:125,12
DA:126,12
DA:127,12
DA:128,12
DA:134,12
DA:135,12
DA:141,0
DA:142,0
DA:143,0
DA:144,0
DA:146,12
DA:150,24
DA:151,24
DA:152,24
DA:173,12
DA:174,12
DA:175,12
DA:176,12
DA:177,12
DA:178,12
DA:179,12
DA:180,1
DA:181,11
DA:186,11
DA:187,11
DA:188,11
DA:189,11
DA:190,11
DA:195,11
DA:196,11
DA:197,0
DA:199,11
DA:200,1
DA:201,1
DA:202,1
DA:203,1
DA:204,1
DA:205,10
DA:211,10
DA:212,10
DA:213,10
DA:214,10
DA:215,10
DA:216,11
DA:217,11
DA:218,11
DA:219,12
DA:221,485
DA:226,485
DA:227,485
DA:228,485
DA:229,485
DA:230,485
DA:231,485
DA:232,485
DA:233,485
DA:235,485
DA:236,485
DA:238,485
DA:254,1
DA:255,1
DA:256,1
DA:257,1
DA:258,1
DA:259,1
DA:260,1
DA:261,1
DA:262,1
DA:264,1
DA:265,1
DA:268,1
DA:269,1
DA:271,0
DA:273,1
DA:274,1
DA:275,1
DA:276,1
DA:279,1
DA:285,1
DA:286,1
DA:287,1
DA:288,1
DA:289,1
DA:290,1
DA:291,1
DA:292,1
DA:295,1
DA:297,1
DA:298,0
DA:300,1
DA:302,0
DA:304,1
DA:309,1
DA:310,1
DA:311,1
DA:312,1
DA:313,1
DA:314,1
DA:315,1
DA:316,1
DA:319,1
DA:325,1
DA:326,1
DA:327,1
DA:328,1
DA:329,1
DA:330,1
DA:331,1
DA:332,1
DA:333,1
DA:334,0
DA:337,1
DA:338,1
DA:340,0
DA:343,0
DA:345,1
DA:358,1
DA:359,1
DA:360,1
DA:361,1
DA:362,1
DA:363,1
DA:364,1
DA:365,1
DA:368,1
DA:369,1
DA:370,1
DA:371,0
DA:374,1
DA:375,1
DA:376,1
DA:377,0
DA:381,1
DA:382,1
DA:383,1
DA:384,1
DA:385,1
DA:386,1
DA:387,1
DA:391,1
DA:392,1
DA:393,1
DA:394,1
DA:395,1
DA:396,1
DA:397,1
DA:400,1
DA:407,1
DA:408,1
DA:409,1
DA:410,1
DA:411,1
DA:412,1
DA:413,1
DA:414,1
DA:415,1
DA:416,0
DA:418,1
DA:420,0
DA:422,1
DA:427,1
DA:428,1
DA:429,1
DA:430,1
DA:431,1
DA:432,1
DA:433,1
DA:436,1
DA:445,1
DA:446,1
DA:447,1
DA:448,1
DA:449,1
DA:450,1
DA:451,1
DA:453,1
DA:454,1
DA:455,1
DA:456,1
DA:457,1
DA:458,0
DA:460,1
DA:462,0
DA:464,1
BRF:0
BRH:0
LF:225
LH:194
end_of_record
SF:/var/home/jack/Code/koan/src/builtins/print.rs
FN:10,_RNvNtNtCs3yqXWJWMNss_4koan8builtins5print4body
FN:24,_RNvNtNtCs3yqXWJWMNss_4koan8builtins5print8register
FN:10,_RNvNtNtCs8h7e9k1J8CD_4koan8builtins5print4body
FN:24,_RNvNtNtCs8h7e9k1J8CD_4koan8builtins5print8register
FNDA:6,_RNvNtNtCs3yqXWJWMNss_4koan8builtins5print4body
FNDA:30,_RNvNtNtCs3yqXWJWMNss_4koan8builtins5print8register
FNDA:125,_RNvNtNtCs8h7e9k1J8CD_4koan8builtins5print4body
FNDA:455,_RNvNtNtCs8h7e9k1J8CD_4koan8builtins5print8register
FNF:2
FNH:2
DA:10,131
DA:11,131
DA:12,131
DA:13,131
DA:14,131
DA:15,131
DA:16,131
DA:17,0
DA:19,131
DA:20,131
DA:21,131
DA:22,131
DA:24,485
DA:25,485
DA:26,485
DA:27,485
DA:28,485
DA:29,485
DA:31,485
BRF:0
BRH:0
LF:19
LH:18
end_of_record
SF:/var/home/jack/Code/koan/src/builtins/quote.rs
FN:14,_RNvNtNtCs3yqXWJWMNss_4koan8builtins5quote4body
FN:31,_RNvNtNtCs3yqXWJWMNss_4koan8builtins5quote8register
FN:45,_RNvNtNtNtCs8h7e9k1J8CD_4koan8builtins5quote5tests11run_program
FN:54,_RNvNtNtNtCs8h7e9k1J8CD_4koan8builtins5quote5testss_26quote_then_eval_round_trip
FN:68,_RNvNtNtNtCs8h7e9k1J8CD_4koan8builtins5quote5testss_27quote_captures_ast_as_value
FN:14,_RNvNtNtCs8h7e9k1J8CD_4koan8builtins5quote4body
FN:31,_RNvNtNtCs8h7e9k1J8CD_4koan8builtins5quote8register
FNDA:0,_RNvNtNtCs3yqXWJWMNss_4koan8builtins5quote4body
FNDA:30,_RNvNtNtCs3yqXWJWMNss_4koan8builtins5quote8register
FNDA:2,_RNvNtNtNtCs8h7e9k1J8CD_4koan8builtins5quote5tests11run_program
FNDA:1,_RNvNtNtNtCs8h7e9k1J8CD_4koan8builtins5quote5testss_26quote_then_eval_round_trip
FNDA:1,_RNvNtNtNtCs8h7e9k1J8CD_4koan8builtins5quote5testss_27quote_captures_ast_as_value
FNDA:9,_RNvNtNtCs8h7e9k1J8CD_4koan8builtins5quote4body
FNDA:455,_RNvNtNtCs8h7e9k1J8CD_4koan8builtins5quote8register
FNF:5
FNH:5
DA:14,9
DA:15,9
DA:16,9
DA:17,9
DA:18,9
DA:19,9
DA:20,9
DA:22,0
DA:23,0
DA:24,0
DA:27,9
DA:28,9
DA:29,9
DA:31,485
DA:32,485
DA:33,485
DA:34,485
DA:35,485
DA:36,485
DA:38,485
DA:45,2
DA:46,2
DA:47,2
DA:48,2
DA:49,2
DA:50,2
DA:51,2
DA:54,1
DA:60,1
DA:61,1
DA:62,1
DA:64,1
DA:65,1
DA:68,1
DA:71,1
DA:72,1
DA:73,1
BRF:0
BRH:0
LF:37
LH:34
end_of_record
SF:/var/home/jack/Code/koan/src/builtins/result.rs
FN:24,_RNvNtNtCs3yqXWJWMNss_4koan8builtins6result8register
FN:24,_RNvNtNtCs8h7e9k1J8CD_4koan8builtins6result8register
FNDA:30,_RNvNtNtCs3yqXWJWMNss_4koan8builtins6result8register
FNDA:455,_RNvNtNtCs8h7e9k1J8CD_4koan8builtins6result8register
FNF:1
FNH:1
DA:24,485
DA:25,485
DA:26,485
DA:27,485
DA:28,485
DA:29,485
DA:30,485
DA:31,485
DA:32,485
DA:33,485
DA:34,485
DA:35,485
DA:36,485
DA:37,485
DA:38,485
DA:39,485
DA:42,485
DA:43,485
BRF:0
BRH:0
LF:18
LH:18
end_of_record
SF:/var/home/jack/Code/koan/src/builtins/sig_def.rs
FN:88,_RNvNtNtCs3yqXWJWMNss_4koan8builtins7sig_def11binder_name
FN:28,_RNvNtNtCs3yqXWJWMNss_4koan8builtins7sig_def4body
FN:92,_RNvNtNtCs3yqXWJWMNss_4koan8builtins7sig_def8register
FN:54,_RNCNvNtNtCs3yqXWJWMNss_4koan8builtins7sig_def4body0B7_
FN:57,_RNCNvNtNtCs3yqXWJWMNss_4koan8builtins7sig_def4bodys_0B7_
FN:138,_RNvNtNtNtCs8h7e9k1J8CD_4koan8builtins7sig_def5testss_21sig_path_records_name
FN:117,_RNvNtNtNtCs8h7e9k1J8CD_4koan8builtins7sig_def5testss_29binder_name_extracts_sig_name
FN:125,_RNvNtNtNtCs8h7e9k1J8CD_4koan8builtins7sig_def5testss_29sig_binds_under_name_in_scope
FN:158,_RNvNtNtNtCs8h7e9k1J8CD_4koan8builtins7sig_def5testss_35sig_body_parks_on_outer_placeholder
FN:182,_RNvNtNtNtCs8h7e9k1J8CD_4koan8builtins7sig_def5testss_38sig_body_error_short_circuits_finalize
FN:54,_RNCNvNtNtCs8h7e9k1J8CD_4koan8builtins7sig_def4body0B7_
FN:57,_RNCNvNtNtCs8h7e9k1J8CD_4koan8builtins7sig_def4bodys_0B7_
FN:88,_RNvNtNtCs8h7e9k1J8CD_4koan8builtins7sig_def11binder_name
FN:28,_RNvNtNtCs8h7e9k1J8CD_4koan8builtins7sig_def4body
FN:92,_RNvNtNtCs8h7e9k1J8CD_4koan8builtins7sig_def8register
FNDA:10,_RNvNtNtCs3yqXWJWMNss_4koan8builtins7sig_def11binder_name
FNDA:5,_RNvNtNtCs3yqXWJWMNss_4koan8builtins7sig_def4body
FNDA:30,_RNvNtNtCs3yqXWJWMNss_4koan8builtins7sig_def8register
FNDA:5,_RNCNvNtNtCs3yqXWJWMNss_4koan8builtins7sig_def4body0B7_
FNDA:5,_RNCNvNtNtCs3yqXWJWMNss_4koan8builtins7sig_def4bodys_0B7_
FNDA:1,_RNvNtNtNtCs8h7e9k1J8CD_4koan8builtins7sig_def5testss_21sig_path_records_name
FNDA:1,_RNvNtNtNtCs8h7e9k1J8CD_4koan8builtins7sig_def5testss_29binder_name_extracts_sig_name
FNDA:1,_RNvNtNtNtCs8h7e9k1J8CD_4koan8builtins7sig_def5testss_29sig_binds_under_name_in_scope
FNDA:1,_RNvNtNtNtCs8h7e9k1J8CD_4koan8builtins7sig_def5testss_35sig_body_parks_on_outer_placeholder
FNDA:1,_RNvNtNtNtCs8h7e9k1J8CD_4koan8builtins7sig_def5testss_38sig_body_error_short_circuits_finalize
FNDA:66,_RNCNvNtNtCs8h7e9k1J8CD_4koan8builtins7sig_def4body0B7_
FNDA:64,_RNCNvNtNtCs8h7e9k1J8CD_4koan8builtins7sig_def4bodys_0B7_
FNDA:133,_RNvNtNtCs8h7e9k1J8CD_4koan8builtins7sig_def11binder_name
FNDA:66,_RNvNtNtCs8h7e9k1J8CD_4koan8builtins7sig_def4body
FNDA:455,_RNvNtNtCs8h7e9k1J8CD_4koan8builtins7sig_def8register
FNF:10
FNH:10
DA:28,71
DA:29,71
DA:30,71
DA:31,71
DA:32,71
DA:33,71
DA:34,71
DA:35,0
DA:37,71
DA:38,71
DA:40,0
DA:41,0
DA:42,0
DA:46,71
DA:47,71
DA:49,71
DA:52,71
DA:53,71
DA:54,71
DA:55,71
DA:56,71
DA:57,71
DA:58,69
DA:59,69
DA:60,69
DA:68,69
DA:69,69
DA:70,69
DA:71,69
DA:72,69
DA:73,69
DA:74,69
DA:76,69
DA:77,0
DA:78,0
DA:79,0
DA:81,69
DA:82,71
DA:83,71
DA:84,71
DA:88,143
DA:89,143
DA:90,143
DA:92,485
DA:93,485
DA:94,485
DA:95,485
DA:96,485
DA:97,485
DA:98,485
DA:99,485
DA:100,485
DA:102,485
DA:103,485
DA:105,485
DA:117,1
DA:118,1
DA:119,1
DA:120,1
DA:121,1
DA:122,1
DA:125,1
DA:127,1
DA:128,1
DA:129,1
DA:130,1
DA:131,1
DA:132,1
DA:135,1
DA:138,1
DA:140,1
DA:141,1
DA:142,1
DA:143,1
DA:144,1
DA:145,1
DA:146,0
DA:148,1
DA:149,1
DA:158,1
DA:159,1
DA:160,1
DA:161,1
DA:162,1
DA:164,1
DA:165,1
DA:166,0
DA:168,1
DA:169,1
DA:170,1
DA:171,1
DA:173,0
DA:175,1
DA:182,1
DA:183,1
DA:184,1
DA:185,1
DA:186,1
DA:187,1
DA:190,1
BRF:0
BRH:0
LF:102
LH:92
end_of_record
SF:/var/home/jack/Code/koan/src/builtins/struct_def.rs
FN:177,_RNCNvNtNtCs3yqXWJWMNss_4koan8builtins10struct_def24defer_struct_via_combine0B7_
FN:92,_RNCNvNtNtCs3yqXWJWMNss_4koan8builtins10struct_def4body0B7_
FN:214,_RNvNtNtCs3yqXWJWMNss_4koan8builtins10struct_def11binder_name
FN:111,_RNvNtNtCs3yqXWJWMNss_4koan8builtins10struct_def15finalize_struct
FN:167,_RNvNtNtCs3yqXWJWMNss_4koan8builtins10struct_def24defer_struct_via_combine
FN:37,_RNvNtNtCs3yqXWJWMNss_4koan8builtins10struct_def4body
FN:218,_RNvNtNtCs3yqXWJWMNss_4koan8builtins10struct_def8register
FN:214,_RNvNtNtCs8h7e9k1J8CD_4koan8builtins10struct_def11binder_name
FN:111,_RNvNtNtCs8h7e9k1J8CD_4koan8builtins10struct_def15finalize_struct
FN:167,_RNvNtNtCs8h7e9k1J8CD_4koan8builtins10struct_def24defer_struct_via_combine
FN:37,_RNvNtNtCs8h7e9k1J8CD_4koan8builtins10struct_def4body
FN:218,_RNvNtNtCs8h7e9k1J8CD_4koan8builtins10struct_def8register
FN:177,_RNCNvNtNtCs8h7e9k1J8CD_4koan8builtins10struct_def24defer_struct_via_combine0B7_
FN:92,_RNCNvNtNtCs8h7e9k1J8CD_4koan8builtins10struct_def4body0B7_
FNDA:0,_RNCNvNtNtCs3yqXWJWMNss_4koan8builtins10struct_def24defer_struct_via_combine0B7_
FNDA:3,_RNCNvNtNtCs3yqXWJWMNss_4koan8builtins10struct_def4body0B7_
FNDA:6,_RNvNtNtCs3yqXWJWMNss_4koan8builtins10struct_def11binder_name
FNDA:3,_RNvNtNtCs3yqXWJWMNss_4koan8builtins10struct_def15finalize_struct
FNDA:0,_RNvNtNtCs3yqXWJWMNss_4koan8builtins10struct_def24defer_struct_via_combine
FNDA:3,_RNvNtNtCs3yqXWJWMNss_4koan8builtins10struct_def4body
FNDA:30,_RNvNtNtCs3yqXWJWMNss_4koan8builtins10struct_def8register
FNDA:103,_RNvNtNtCs8h7e9k1J8CD_4koan8builtins10struct_def11binder_name
FNDA:48,_RNvNtNtCs8h7e9k1J8CD_4koan8builtins10struct_def15finalize_struct
FNDA:5,_RNvNtNtCs8h7e9k1J8CD_4koan8builtins10struct_def24defer_struct_via_combine
FNDA:51,_RNvNtNtCs8h7e9k1J8CD_4koan8builtins10struct_def4body
FNDA:455,_RNvNtNtCs8h7e9k1J8CD_4koan8builtins10struct_def8register
FNDA:5,_RNCNvNtNtCs8h7e9k1J8CD_4koan8builtins10struct_def24defer_struct_via_combine0B7_
FNDA:51,_RNCNvNtNtCs8h7e9k1J8CD_4koan8builtins10struct_def4body0B7_
FNF:7
FNH:7
DA:37,54
DA:38,54
DA:39,54
DA:40,54
DA:41,54
DA:46,54
DA:47,54
DA:48,0
DA:50,54
DA:51,54
DA:53,0
DA:54,0
DA:55,0
DA:64,54
DA:65,54
DA:66,54
DA:67,54
DA:68,54
DA:69,54
DA:70,54
DA:71,54
DA:72,54
DA:78,54
DA:79,54
DA:80,54
DA:81,54
DA:82,54
DA:83,54
DA:84,54
DA:90,54
DA:91,54
DA:92,54
DA:93,54
DA:94,54
DA:95,45
DA:96,4
DA:97,5
DA:98,5
DA:99,5
DA:100,5
DA:101,5
DA:102,5
DA:103,5
DA:104,5
DA:107,54
DA:111,51
DA:112,51
DA:113,51
DA:114,51
DA:115,51
DA:116,51
DA:128,51
DA:129,51
DA:130,9
DA:131,1
DA:132,8
DA:133,42
DA:134,50
DA:135,1
DA:136,1
DA:137,1
DA:138,49
DA:139,49
DA:146,49
DA:147,49
DA:148,49
DA:149,49
DA:150,49
DA:151,49
DA:152,49
DA:153,49
DA:154,49
DA:155,49
DA:156,49
DA:157,49
DA:158,49
DA:159,0
DA:161,51
DA:167,5
DA:168,5
DA:169,5
DA:170,5
DA:171,5
DA:172,5
DA:173,5
DA:174,5
DA:175,5
DA:176,5
DA:177,5
DA:180,5
DA:187,5
DA:188,5
DA:189,5
DA:190,5
DA:191,5
DA:192,5
DA:193,5
DA:194,5
DA:196,0
DA:197,0
DA:198,0
DA:199,0
DA:200,0
DA:201,0
DA:202,0
DA:204,5
DA:207,5
DA:208,5
DA:209,5
DA:214,109
DA:215,109
DA:216,109
DA:218,485
DA:219,485
DA:220,485
DA:221,485
DA:222,485
DA:223,485
DA:224,485
DA:225,485
DA:226,485
DA:228,485
DA:229,485
DA:231,485
BRF:0
BRH:0
LF:126
LH:114
end_of_record
SF:/var/home/jack/Code/koan/src/builtins/struct_value.rs
FN:132,_RNvNtNtCs3yqXWJWMNss_4koan8builtins12struct_value14primitive_body
FN:52,_RNvNtNtCs3yqXWJWMNss_4koan8builtins12struct_value5apply
FN:179,_RNvNtNtCs3yqXWJWMNss_4koan8builtins12struct_value8register
FN:96,_RNvNtNtCs3yqXWJWMNss_4koan8builtins12struct_value9construct
FN:132,_RNvNtNtCs8h7e9k1J8CD_4koan8builtins12struct_value14primitive_body
FN:52,_RNvNtNtCs8h7e9k1J8CD_4koan8builtins12struct_value5apply
FN:179,_RNvNtNtCs8h7e9k1J8CD_4koan8builtins12struct_value8register
FN:96,_RNvNtNtCs8h7e9k1J8CD_4koan8builtins12struct_value9construct
FNDA:3,_RNvNtNtCs3yqXWJWMNss_4koan8builtins12struct_value14primitive_body
FNDA:3,_RNvNtNtCs3yqXWJWMNss_4koan8builtins12struct_value5apply
FNDA:30,_RNvNtNtCs3yqXWJWMNss_4koan8builtins12struct_value8register
FNDA:3,_RNvNtNtCs3yqXWJWMNss_4koan8builtins12struct_value9construct
FNDA:26,_RNvNtNtCs8h7e9k1J8CD_4koan8builtins12struct_value14primitive_body
FNDA:30,_RNvNtNtCs8h7e9k1J8CD_4koan8builtins12struct_value5apply
FNDA:455,_RNvNtNtCs8h7e9k1J8CD_4koan8builtins12struct_value8register
FNDA:26,_RNvNtNtCs8h7e9k1J8CD_4koan8builtins12struct_value9construct
FNF:4
FNH:4
DA:52,33
DA:53,33
DA:54,33
DA:55,33
DA:56,33
DA:57,33
DA:59,0
DA:60,0
DA:61,0
DA:62,0
DA:65,33
DA:66,33
DA:67,31
DA:68,2
DA:72,31
DA:73,58
DA:74,58
DA:75,57
DA:77,1
DA:81,30
DA:82,1
DA:83,1
DA:84,1
DA:85,29
DA:86,29
DA:87,29
DA:88,29
DA:90,29
DA:91,33
DA:96,29
DA:97,29
DA:98,29
DA:99,29
DA:100,29
DA:101,29
DA:102,29
DA:103,0
DA:104,0
DA:105,0
DA:106,0
DA:107,29
DA:110,29
DA:111,52
DA:112,52
DA:113,3
DA:114,3
DA:115,3
DA:116,3
DA:117,3
DA:118,49
DA:119,49
DA:123,26
DA:124,26
DA:125,26
DA:126,26
DA:127,26
DA:128,29
DA:132,29
DA:133,29
DA:134,29
DA:135,29
DA:136,29
DA:140,29
DA:141,29
DA:142,29
DA:144,0
DA:145,0
DA:146,0
DA:147,0
DA:148,0
DA:149,0
DA:152,0
DA:155,29
DA:156,29
DA:157,0
DA:158,0
DA:159,0
DA:160,0
DA:161,0
DA:162,0
DA:165,0
DA:168,29
DA:169,26
DA:170,3
DA:172,29
DA:179,485
DA:180,485
DA:181,485
DA:182,485
DA:183,485
DA:184,485
DA:185,485
DA:186,485
DA:187,485
DA:188,485
DA:189,485
DA:190,485
DA:192,485
BRF:0
BRH:0
LF:98
LH:76
end_of_record
SF:/var/home/jack/Code/koan/src/builtins/tagged_union.rs
FN:119,_RNvNtNtCs3yqXWJWMNss_4koan8builtins12tagged_union14primitive_body
FN:45,_RNvNtNtCs3yqXWJWMNss_4koan8builtins12tagged_union5apply
FN:171,_RNvNtNtCs3yqXWJWMNss_4koan8builtins12tagged_union8register
FN:79,_RNvNtNtCs3yqXWJWMNss_4koan8builtins12tagged_union9construct
FN:209,_RNvNtNtNtCs8h7e9k1J8CD_4koan8builtins12tagged_union5tests11build_scope
FN:235,_RNvNtNtNtCs8h7e9k1J8CD_4koan8builtins12tagged_union5tests11run_one_err
FN:219,_RNvNtNtNtCs8h7e9k1J8CD_4koan8builtins12tagged_union5tests3run
FN:228,_RNvNtNtNtCs8h7e9k1J8CD_4koan8builtins12tagged_union5tests7run_one
FN:213,_RNvNtNtNtCs8h7e9k1J8CD_4koan8builtins12tagged_union5tests9parse_one
FN:269,_RNvNtNtNtCs8h7e9k1J8CD_4koan8builtins12tagged_union5testss_29primitive_rejects_unknown_tag
FN:253,_RNvNtNtNtCs8h7e9k1J8CD_4koan8builtins12tagged_union5testss_33primitive_constructs_tagged_value
FN:282,_RNvNtNtNtCs8h7e9k1J8CD_4koan8builtins12tagged_union5testss_37primitive_rejects_value_of_wrong_type
FN:206,_RNvXNtNtNtCs8h7e9k1J8CD_4koan8builtins12tagged_union5testsNtB2_9SharedBufNtNtCsjrHSEGnQ3l9_3std2io5Write5flush
FN:202,_RNvXNtNtNtCs8h7e9k1J8CD_4koan8builtins12tagged_union5testsNtB2_9SharedBufNtNtCsjrHSEGnQ3l9_3std2io5Write5write
FN:119,_RNvNtNtCs8h7e9k1J8CD_4koan8builtins12tagged_union14primitive_body
FN:45,_RNvNtNtCs8h7e9k1J8CD_4koan8builtins12tagged_union5apply
FN:171,_RNvNtNtCs8h7e9k1J8CD_4koan8builtins12tagged_union8register
FN:79,_RNvNtNtCs8h7e9k1J8CD_4koan8builtins12tagged_union9construct
FNDA:0,_RNvNtNtCs3yqXWJWMNss_4koan8builtins12tagged_union14primitive_body
FNDA:0,_RNvNtNtCs3yqXWJWMNss_4koan8builtins12tagged_union5apply
FNDA:30,_RNvNtNtCs3yqXWJWMNss_4koan8builtins12tagged_union8register
FNDA:0,_RNvNtNtCs3yqXWJWMNss_4koan8builtins12tagged_union9construct
FNDA:3,_RNvNtNtNtCs8h7e9k1J8CD_4koan8builtins12tagged_union5tests11build_scope
FNDA:2,_RNvNtNtNtCs8h7e9k1J8CD_4koan8builtins12tagged_union5tests11run_one_err
FNDA:3,_RNvNtNtNtCs8h7e9k1J8CD_4koan8builtins12tagged_union5tests3run
FNDA:1,_RNvNtNtNtCs8h7e9k1J8CD_4koan8builtins12tagged_union5tests7run_one
FNDA:3,_RNvNtNtNtCs8h7e9k1J8CD_4koan8builtins12tagged_union5tests9parse_one
FNDA:1,_RNvNtNtNtCs8h7e9k1J8CD_4koan8builtins12tagged_union5testss_29primitive_rejects_unknown_tag
FNDA:1,_RNvNtNtNtCs8h7e9k1J8CD_4koan8builtins12tagged_union5testss_33primitive_constructs_tagged_value
FNDA:1,_RNvNtNtNtCs8h7e9k1J8CD_4koan8builtins12tagged_union5testss_37primitive_rejects_value_of_wrong_type
FNDA:0,_RNvXNtNtNtCs8h7e9k1J8CD_4koan8builtins12tagged_union5testsNtB2_9SharedBufNtNtCsjrHSEGnQ3l9_3std2io5Write5flush
FNDA:0,_RNvXNtNtNtCs8h7e9k1J8CD_4koan8builtins12tagged_union5testsNtB2_9SharedBufNtNtCsjrHSEGnQ3l9_3std2io5Write5write
FNDA:69,_RNvNtNtCs8h7e9k1J8CD_4koan8builtins12tagged_union14primitive_body
FNDA:66,_RNvNtNtCs8h7e9k1J8CD_4koan8builtins12tagged_union5apply
FNDA:455,_RNvNtNtCs8h7e9k1J8CD_4koan8builtins12tagged_union8register
FNDA:69,_RNvNtNtCs8h7e9k1J8CD_4koan8builtins12tagged_union9construct
FNF:14
FNH:12
DA:45,66
DA:46,66
DA:47,66
DA:48,66
DA:49,66
DA:50,66
DA:53,66
DA:54,0
DA:55,0
DA:56,0
DA:57,0
DA:58,66
DA:59,66
DA:60,66
DA:61,66
DA:62,66
DA:63,0
DA:64,0
DA:65,0
DA:66,0
DA:67,66
DA:68,66
DA:69,66
DA:70,66
DA:71,66
DA:73,66
DA:74,66
DA:79,69
DA:80,69
DA:81,69
DA:82,69
DA:83,69
DA:84,69
DA:85,69
DA:86,69
DA:87,66
DA:89,3
DA:90,3
DA:91,3
DA:92,3
DA:93,3
DA:96,66
DA:97,1
DA:98,1
DA:99,1
DA:100,1
DA:101,1
DA:102,65
DA:105,65
DA:106,65
DA:107,65
DA:108,65
DA:109,65
DA:110,65
DA:111,65
DA:112,65
DA:113,65
DA:114,69
DA:119,69
DA:120,69
DA:121,69
DA:122,69
DA:123,69
DA:126,69
DA:127,69
DA:128,69
DA:130,0
DA:131,0
DA:132,0
DA:133,0
DA:134,0
DA:135,0
DA:138,0
DA:145,69
DA:146,69
DA:147,0
DA:148,0
DA:149,0
DA:150,0
DA:151,0
DA:152,0
DA:154,0
DA:156,69
DA:157,69
DA:159,0
DA:162,69
DA:163,65
DA:164,4
DA:166,69
DA:171,485
DA:172,485
DA:173,485
DA:174,485
DA:175,485
DA:176,485
DA:177,485
DA:178,485
DA:179,485
DA:180,485
DA:181,485
DA:182,485
DA:183,485
DA:185,485
DA:202,0
DA:203,0
DA:204,0
DA:205,0
DA:206,0
DA:209,3
DA:210,3
DA:211,3
DA:213,3
DA:214,3
DA:215,3
DA:216,3
DA:217,3
DA:219,3
DA:220,3
DA:221,3
DA:222,6
DA:223,6
DA:224,6
DA:225,3
DA:226,3
DA:228,1
DA:229,1
DA:230,1
DA:231,1
DA:232,1
DA:233,1
DA:235,2
DA:236,2
DA:237,2
DA:238,2
DA:239,2
DA:240,2
DA:241,2
DA:242,2
DA:243,0
DA:244,2
DA:246,2
DA:253,1
DA:254,1
DA:255,1
DA:256,1
DA:257,1
DA:258,1
DA:259,1
DA:260,1
DA:261,1
DA:262,1
DA:264,0
DA:266,1
DA:269,1
DA:270,1
DA:271,1
DA:272,1
DA:273,1
DA:274,1
DA:275,1
DA:276,1
DA:279,1
DA:282,1
DA:283,1
DA:284,1
DA:285,1
DA:286,1
DA:287,1
DA:288,1
DA:289,1
DA:290,1
DA:291,1
DA:292,1
DA:294,0
DA:296,1
BRF:0
BRH:0
LF:175
LH:144
end_of_record
SF:/var/home/jack/Code/koan/src/builtins/test_support.rs
FN:78,_RNvNtNtCs8h7e9k1J8CD_4koan8builtins12test_support11run_one_err
FN:150,_RNvNtNtCs8h7e9k1J8CD_4koan8builtins12test_support12one_slot_sig
FN:50,_RNvNtNtCs8h7e9k1J8CD_4koan8builtins12test_support13run_root_bare
FN:44,_RNvNtNtCs8h7e9k1J8CD_4koan8builtins12test_support15run_root_silent
FN:130,_RNvNtNtCs8h7e9k1J8CD_4koan8builtins12test_support16fn_is_registered
FN:36,_RNvNtNtCs8h7e9k1J8CD_4koan8builtins12test_support17run_root_with_buf
FN:95,_RNvNtNtCs8h7e9k1J8CD_4koan8builtins12test_support3run
FN:144,_RNvNtNtCs8h7e9k1J8CD_4koan8builtins12test_support6marker
FN:69,_RNvNtNtCs8h7e9k1J8CD_4koan8builtins12test_support7run_one
FN:109,_RNvNtNtCs8h7e9k1J8CD_4koan8builtins12test_support9lookup_fn
FN:56,_RNvNtNtCs8h7e9k1J8CD_4koan8builtins12test_support9parse_one
FN:31,_RNvXNtNtCs8h7e9k1J8CD_4koan8builtins12test_supportNtB2_9SharedBufNtNtCsjrHSEGnQ3l9_3std2io5Write5flush
FN:27,_RNvXNtNtCs8h7e9k1J8CD_4koan8builtins12test_supportNtB2_9SharedBufNtNtCsjrHSEGnQ3l9_3std2io5Write5write
FN:133,_RNCNCNCNvNtNtCs8h7e9k1J8CD_4koan8builtins12test_support16fn_is_registered000Bb_
FN:132,_RNCNCNvNtNtCs8h7e9k1J8CD_4koan8builtins12test_support16fn_is_registered00B9_
FN:131,_RNCNvNtNtCs8h7e9k1J8CD_4koan8builtins12test_support16fn_is_registered0B7_
FN:113,_RNCNvNtNtCs8h7e9k1J8CD_4koan8builtins12test_support9lookup_fn0B7_
FN:123,_RNCNvNtNtCs8h7e9k1J8CD_4koan8builtins12test_support9lookup_fns_0B7_
FNDA:46,_RNvNtNtCs8h7e9k1J8CD_4koan8builtins12test_support11run_one_err
FNDA:7,_RNvNtNtCs8h7e9k1J8CD_4koan8builtins12test_support12one_slot_sig
FNDA:72,_RNvNtNtCs8h7e9k1J8CD_4koan8builtins12test_support13run_root_bare
FNDA:230,_RNvNtNtCs8h7e9k1J8CD_4koan8builtins12test_support15run_root_silent
FNDA:8,_RNvNtNtCs8h7e9k1J8CD_4koan8builtins12test_support16fn_is_registered
FNDA:69,_RNvNtNtCs8h7e9k1J8CD_4koan8builtins12test_support17run_root_with_buf
FNDA:279,_RNvNtNtCs8h7e9k1J8CD_4koan8builtins12test_support3run
FNDA:3,_RNvNtNtCs8h7e9k1J8CD_4koan8builtins12test_support6marker
FNDA:224,_RNvNtNtCs8h7e9k1J8CD_4koan8builtins12test_support7run_one
FNDA:21,_RNvNtNtCs8h7e9k1J8CD_4koan8builtins12test_support9lookup_fn
FNDA:351,_RNvNtNtCs8h7e9k1J8CD_4koan8builtins12test_support9parse_one
FNDA:0,_RNvXNtNtCs8h7e9k1J8CD_4koan8builtins12test_supportNtB2_9SharedBufNtNtCsjrHSEGnQ3l9_3std2io5Write5flush
FNDA:110,_RNvXNtNtCs8h7e9k1J8CD_4koan8builtins12test_supportNtB2_9SharedBufNtNtCsjrHSEGnQ3l9_3std2io5Write5write
FNDA:338,_RNCNCNCNvNtNtCs8h7e9k1J8CD_4koan8builtins12test_support16fn_is_registered000Bb_
FNDA:292,_RNCNCNvNtNtCs8h7e9k1J8CD_4koan8builtins12test_support16fn_is_registered00B9_
FNDA:205,_RNCNvNtNtCs8h7e9k1J8CD_4koan8builtins12test_support16fn_is_registered0B7_
FNDA:987,_RNCNvNtNtCs8h7e9k1J8CD_4koan8builtins12test_support9lookup_fn0B7_
FNDA:0,_RNCNvNtNtCs8h7e9k1J8CD_4koan8builtins12test_support9lookup_fns_0B7_
FNF:18
FNH:16
DA:27,110
DA:28,110
DA:29,110
DA:30,110
DA:31,0
DA:32,0
DA:33,0
DA:36,69
DA:37,69
DA:38,69
DA:39,69
DA:40,69
DA:41,69
DA:42,69
DA:44,230
DA:45,230
DA:46,230
DA:50,72
DA:51,72
DA:52,72
DA:56,351
DA:57,351
DA:58,351
DA:59,351
DA:60,351
DA:69,224
DA:70,224
DA:71,224
DA:72,224
DA:73,224
DA:74,224
DA:78,46
DA:79,46
DA:80,46
DA:81,46
DA:82,46
DA:83,0
DA:84,46
DA:86,46
DA:95,279
DA:96,279
DA:97,279
DA:98,486
DA:99,486
DA:100,486
DA:101,279
DA:102,279
DA:109,21
DA:110,21
DA:111,609
DA:112,861
DA:113,987
DA:114,735
DA:115,252
DA:116,987
DA:117,861
DA:118,21
DA:119,21
DA:120,840
DA:123,21
DA:124,21
DA:130,8
DA:131,205
DA:132,292
DA:133,338
DA:134,248
DA:135,90
DA:136,338
DA:137,292
DA:138,205
DA:139,8
DA:144,3
DA:145,3
DA:146,3
DA:150,7
DA:151,7
DA:152,7
DA:153,7
DA:154,7
DA:155,7
DA:156,7
DA:157,7
DA:158,7
BRF:0
BRH:0
LF:89
LH:84
end_of_record
SF:/var/home/jack/Code/koan/src/builtins/try_with.rs
FN:76,_RNvNtNtCs3yqXWJWMNss_4koan8builtins8try_with15dispatch_branch
FN:33,_RNvNtNtCs3yqXWJWMNss_4koan8builtins8try_with4body
FN:164,_RNvNtNtCs3yqXWJWMNss_4koan8builtins8try_with8register
FN:153,_RNCNvNtNtCs3yqXWJWMNss_4koan8builtins8try_with15dispatch_branch0B7_
FN:64,_RNCNvNtNtCs3yqXWJWMNss_4koan8builtins8try_with4body0B7_
FN:153,_RNCNvNtNtCs8h7e9k1J8CD_4koan8builtins8try_with15dispatch_branch0B7_
FN:64,_RNCNvNtNtCs8h7e9k1J8CD_4koan8builtins8try_with4body0B7_
FN:76,_RNvNtNtCs8h7e9k1J8CD_4koan8builtins8try_with15dispatch_branch
FN:33,_RNvNtNtCs8h7e9k1J8CD_4koan8builtins8try_with4body
FN:164,_RNvNtNtCs8h7e9k1J8CD_4koan8builtins8try_with8register
FNDA:0,_RNvNtNtCs3yqXWJWMNss_4koan8builtins8try_with15dispatch_branch
FNDA:0,_RNvNtNtCs3yqXWJWMNss_4koan8builtins8try_with4body
FNDA:30,_RNvNtNtCs3yqXWJWMNss_4koan8builtins8try_with8register
FNDA:0,_RNCNvNtNtCs3yqXWJWMNss_4koan8builtins8try_with15dispatch_branch0B7_
FNDA:0,_RNCNvNtNtCs3yqXWJWMNss_4koan8builtins8try_with4body0B7_
FNDA:0,_RNCNvNtNtCs8h7e9k1J8CD_4koan8builtins8try_with15dispatch_branch0B7_
[...]
FNDA:1,_RNvNtNtNtCs8h7e9k1J8CD_4koan5parse6tokens5testss_28pure_symbol_token_is_keyword
FNDA:1,_RNvNtNtNtCs8h7e9k1J8CD_4koan5parse6tokens5testss_28scientific_number_is_literal
FNDA:1,_RNvNtNtNtCs8h7e9k1J8CD_4koan5parse6tokens5testss_30attr_wins_when_rhs_not_numeric
FNDA:1,_RNvNtNtNtCs8h7e9k1J8CD_4koan5parse6tokens5testss_31lowercase_leading_is_identifier
FNDA:1,_RNvNtNtNtCs8h7e9k1J8CD_4koan5parse6tokens5testss_34keyword_two_uppercase_no_lowercase
FNDA:1,_RNvNtNtNtCs8h7e9k1J8CD_4koan5parse6tokens5testss_35type_uppercase_first_with_lowercase
FNDA:1,_RNvNtNtNtCs8h7e9k1J8CD_4koan5parse6tokens5testss_38single_uppercase_letter_is_parse_error
FNDA:1,_RNvNtNtNtCs8h7e9k1J8CD_4koan5parse6tokens5testss_47ascription_compound_tokens_classify_as_keywords
FNDA:1,_RNvNtNtNtCs8h7e9k1J8CD_4koan5parse6tokens5testss_49uppercase_with_digits_no_lowercase_is_parse_error
FNDA:1,_RNvNtNtNtCs8h7e9k1J8CD_4koan5parse6tokens5testss_8negation
FNDA:27,_RNCNvNtNtNtCs8h7e9k1J8CD_4koan5parse6tokens5tests8classify0B9_
FNDA:8,_RNCNvNtNtNtCs8h7e9k1J8CD_4koan5parse6tokens5tests8classifys_0B9_
FNDA:38,_RNCNvNtNtNtCs8h7e9k1J8CD_4koan5parse6tokens5tests8describe0B9_
FNDA:0,_RNCNvNtNtNtCs8h7e9k1J8CD_4koan5parse6tokens5tests8describes_0B9_
FNF:46
FNH:45
DA:28,6
DA:29,6
DA:30,6
DA:38,6812
DA:39,6812
DA:40,6812
DA:41,618
DA:42,6194
DA:43,6194
DA:44,6194
DA:45,6183
DA:46,0
DA:47,0
DA:48,0
DA:49,0
DA:50,6183
DA:51,6183
DA:52,6812
DA:57,13056
DA:58,13056
DA:59,13056
DA:60,13002
DA:61,12985
DA:62,12974
DA:64,12974
DA:65,537
DA:66,537
DA:67,0
DA:68,12437
DA:69,12437
DA:70,13056
DA:87,6244
DA:88,6244
DA:89,1
DA:90,6243
DA:91,6243
DA:92,3184
DA:93,3059
DA:94,3059
DA:95,8842
DA:96,1
DA:97,1
DA:98,1
DA:99,1
DA:100,1
DA:101,1
DA:102,1
DA:103,1621
DA:104,1621
DA:105,1437
DA:110,1437
DA:111,4
DA:112,4
DA:113,4
DA:114,4
DA:115,4
DA:116,4
DA:117,4
DA:118,4
DA:119,1433
DA:120,3911
DA:121,2
DA:122,2
DA:123,2
DA:124,2
DA:125,2
DA:126,2
DA:127,2
DA:128,1431
DA:129,1431
DA:130,6244
DA:136,3059
DA:137,3059
DA:138,3059
DA:139,3059
DA:140,1433
DA:141,1626
DA:142,1627
DA:143,3059
DA:151,6194
DA:152,6194
DA:153,6194
DA:154,6194
DA:155,6194
DA:156,6194
DA:157,6201
DA:158,6200
DA:159,7
DA:160,7
DA:161,7
DA:164,6194
DA:166,6242
DA:167,59
DA:168,59
DA:169,59
DA:170,59
DA:171,54
DA:172,54
DA:173,53
DA:175,5
DA:179,6183
DA:180,6
DA:181,6
DA:182,6183
DA:183,6194
DA:185,66
DA:186,66
DA:187,66
DA:188,66
DA:193,6248
DA:194,6248
DA:195,6248
DA:196,6248
DA:197,6248
DA:198,6248
DA:199,6246
DA:201,2
DA:202,2
DA:203,2
DA:204,2
DA:207,6246
DA:208,6246
DA:209,28510
DA:210,22324
DA:211,60
DA:212,22264
DA:213,22264
DA:214,22264
DA:215,22264
DA:217,6246
DA:218,2
DA:219,2
DA:220,2
DA:221,2
DA:222,2
DA:223,6244
DA:224,6244
DA:225,6244
DA:226,6244
DA:227,6244
DA:228,6244
DA:229,6248
DA:236,65
DA:237,7
DA:238,21
DA:239,18
DA:240,3
DA:241,16
DA:242,38
DA:243,16
DA:245,0
DA:246,5
DA:247,1
DA:248,1
DA:249,0
DA:250,0
DA:251,0
DA:252,0
DA:254,0
DA:255,0
DA:256,0
DA:257,0
DA:258,0
DA:259,0
DA:262,65
DA:264,35
DA:265,35
DA:266,35
DA:267,35
DA:268,35
DA:271,1
DA:272,1
DA:273,1
DA:276,1
DA:277,1
DA:278,1
DA:281,1
DA:282,1
DA:283,1
DA:286,1
DA:287,1
DA:288,1
DA:291,1
DA:292,1
DA:293,1
DA:296,1
DA:297,1
DA:298,1
DA:301,1
DA:305,1
DA:306,1
DA:307,1
DA:310,1
DA:311,1
DA:312,1
DA:315,1
DA:318,1
DA:319,1
DA:320,1
DA:323,1
DA:326,1
DA:327,1
DA:328,1
DA:331,1
DA:332,1
DA:333,1
DA:334,1
DA:337,1
DA:338,1
DA:339,1
DA:342,1
DA:343,1
DA:344,1
DA:347,1
DA:348,1
DA:349,1
DA:352,1
DA:353,1
DA:354,1
DA:357,1
DA:358,1
DA:359,1
DA:362,1
DA:363,1
DA:364,1
DA:367,1
DA:368,1
DA:369,1
DA:372,1
DA:375,1
DA:376,1
DA:377,1
DA:380,1
DA:381,1
DA:382,1
DA:387,1
DA:389,1
DA:390,1
DA:391,1
DA:392,1
DA:395,1
DA:397,1
DA:398,1
DA:399,1
DA:400,1
DA:403,1
DA:405,1
DA:406,1
DA:407,1
DA:408,1
DA:411,1
DA:415,1
DA:416,1
DA:419,1
DA:424,1
DA:425,1
DA:426,1
DA:429,1
DA:431,1
DA:432,1
DA:433,1
DA:436,1
DA:437,1
DA:438,1
DA:439,1
BRF:0
BRH:0
LF:274
LH:257
end_of_record
SF:/var/home/jack/Code/koan/src/parse/triple_list.rs
FN:72,_RINvNtNtCs3yqXWJWMNss_4koan5parse11triple_list15parse_pair_listNtNtNtNtNtB6_7machine5model5types5ktype5KTypeNCNvNtB13_16typed_field_list37parse_typed_field_list_via_elaborator0EB6_
FN:22,_RINvNtNtCs3yqXWJWMNss_4koan5parse11triple_list25parse_keyword_triple_listNtNtNtNtB6_7machine5model3ast14ExpressionPartNCNvNtNtB1d_6values11named_pairs23parse_named_value_pairss_0EB6_
FN:96,_RNCINvNtNtCs3yqXWJWMNss_4koan5parse11triple_list15parse_pair_listNtNtNtNtNtB8_7machine5model5types5ktype5KTypeNCNvNtB15_16typed_field_list37parse_typed_field_list_via_elaborator0E0B8_
FN:56,_RNCINvNtNtCs3yqXWJWMNss_4koan5parse11triple_list25parse_keyword_triple_listNtNtNtNtB8_7machine5model3ast14ExpressionPartNCNvNtNtB1f_6values11named_pairs23parse_named_value_pairss_0E0B8_
FN:72,_RINvNtNtCs8h7e9k1J8CD_4koan5parse11triple_list15parse_pair_listNtNtNtNtNtB6_7machine5model5types5ktype5KTypeNCNvNtB13_16typed_field_list37parse_typed_field_list_via_elaborator0EB6_
FN:22,_RINvNtNtCs8h7e9k1J8CD_4koan5parse11triple_list25parse_keyword_triple_listNtNtNtNtB6_7machine5model3ast14ExpressionPartNCNvNtNtB1d_6values11named_pairs23parse_named_value_pairss_0EB6_
FN:96,_RNCINvNtNtCs8h7e9k1J8CD_4koan5parse11triple_list15parse_pair_listNtNtNtNtNtB8_7machine5model5types5ktype5KTypeNCNvNtB15_16typed_field_list37parse_typed_field_list_via_elaborator0E0B8_
FN:56,_RNCINvNtNtCs8h7e9k1J8CD_4koan5parse11triple_list25parse_keyword_triple_listNtNtNtNtB8_7machine5model3ast14ExpressionPartNCNvNtNtB1f_6values11named_pairs23parse_named_value_pairss_0E0B8_
FNDA:3,_RINvNtNtCs3yqXWJWMNss_4koan5parse11triple_list15parse_pair_listNtNtNtNtNtB6_7machine5model5types5ktype5KTypeNCNvNtB13_16typed_field_list37parse_typed_field_list_via_elaborator0EB6_
FNDA:3,_RINvNtNtCs3yqXWJWMNss_4koan5parse11triple_list25parse_keyword_triple_listNtNtNtNtB6_7machine5model3ast14ExpressionPartNCNvNtNtB1d_6values11named_pairs23parse_named_value_pairss_0EB6_
FNDA:2,_RNCINvNtNtCs3yqXWJWMNss_4koan5parse11triple_list15parse_pair_listNtNtNtNtNtB8_7machine5model5types5ktype5KTypeNCNvNtB15_16typed_field_list37parse_typed_field_list_via_elaborator0E0B8_
FNDA:2,_RNCINvNtNtCs3yqXWJWMNss_4koan5parse11triple_list25parse_keyword_triple_listNtNtNtNtB8_7machine5model3ast14ExpressionPartNCNvNtNtB1f_6values11named_pairs23parse_named_value_pairss_0E0B8_
FNDA:89,_RINvNtNtCs8h7e9k1J8CD_4koan5parse11triple_list15parse_pair_listNtNtNtNtNtB6_7machine5model5types5ktype5KTypeNCNvNtB13_16typed_field_list37parse_typed_field_list_via_elaborator0EB6_
FNDA:50,_RINvNtNtCs8h7e9k1J8CD_4koan5parse11triple_list25parse_keyword_triple_listNtNtNtNtB6_7machine5model3ast14ExpressionPartNCNvNtNtB1d_6values11named_pairs23parse_named_value_pairss_0EB6_
FNDA:62,_RNCINvNtNtCs8h7e9k1J8CD_4koan5parse11triple_list15parse_pair_listNtNtNtNtNtB8_7machine5model5types5ktype5KTypeNCNvNtB15_16typed_field_list37parse_typed_field_list_via_elaborator0E0B8_
FNDA:39,_RNCINvNtNtCs8h7e9k1J8CD_4koan5parse11triple_list25parse_keyword_triple_listNtNtNtNtB8_7machine5model3ast14ExpressionPartNCNvNtNtB1f_6values11named_pairs23parse_named_value_pairss_0E0B8_
FNF:4
FNH:4
DA:22,53
DA:23,53
DA:24,53
DA:25,53
DA:26,53
DA:27,53
DA:28,53
DA:29,53
DA:30,3
DA:31,3
DA:32,3
DA:33,3
DA:34,50
DA:35,50
DA:36,50
DA:37,131
DA:38,86
DA:39,85
DA:40,1
DA:41,1
DA:42,1
DA:43,1
DA:44,1
DA:47,85
DA:48,84
DA:49,1
DA:50,1
DA:51,1
DA:52,1
DA:53,1
DA:56,84
DA:57,3
DA:58,81
DA:59,81
DA:60,81
DA:61,81
DA:63,45
DA:64,53
DA:72,92
DA:73,92
DA:74,92
DA:75,92
DA:76,92
DA:77,92
DA:78,92
DA:79,2
DA:80,2
DA:81,2
DA:82,2
DA:83,90
DA:84,90
DA:85,90
DA:86,236
DA:87,151
DA:88,151
DA:89,0
DA:90,0
DA:91,0
DA:92,0
DA:93,0
DA:96,151
DA:97,2
DA:98,149
DA:99,149
DA:100,146
DA:101,146
DA:103,85
DA:104,92
BRF:0
BRH:0
LF:70
LH:65
end_of_record
SF:/var/home/jack/Code/koan/src/parse/type_expr_frame.rs
FN:19,_RNvMNtNtCs3yqXWJWMNss_4koan5parse15type_expr_frameNtB2_13TypeExprFrame3new
FN:23,_RNvMNtNtCs3yqXWJWMNss_4koan5parse15type_expr_frameNtB2_13TypeExprFrame5build
FN:83,_RNvNtNtCs3yqXWJWMNss_4koan5parse15type_expr_frame10find_arrow
FN:111,_RNvNtNtCs3yqXWJWMNss_4koan5parse15type_expr_frame17build_list_params
FN:142,_RNvNtNtCs3yqXWJWMNss_4koan5parse15type_expr_frame21build_function_params
FN:164,_RNvNtNtCs3yqXWJWMNss_4koan5parse15type_expr_frame21extract_function_args
FN:202,_RNvNtNtCs3yqXWJWMNss_4koan5parse15type_expr_frame23extract_function_return
FN:131,_RNvNtNtCs3yqXWJWMNss_4koan5parse15type_expr_frame9lift_part
FN:172,_RNCNvNtNtCs3yqXWJWMNss_4koan5parse15type_expr_frame21extract_function_args0B7_
FN:179,_RNCNvNtNtCs3yqXWJWMNss_4koan5parse15type_expr_frame21extract_function_argss_0B7_
FN:205,_RNCNvNtNtCs3yqXWJWMNss_4koan5parse15type_expr_frame23extract_function_return0B7_
FN:172,_RNCNvNtNtCs8h7e9k1J8CD_4koan5parse15type_expr_frame21extract_function_args0B7_
FN:179,_RNCNvNtNtCs8h7e9k1J8CD_4koan5parse15type_expr_frame21extract_function_argss_0B7_
FN:205,_RNCNvNtNtCs8h7e9k1J8CD_4koan5parse15type_expr_frame23extract_function_return0B7_
FN:19,_RNvMNtNtCs8h7e9k1J8CD_4koan5parse15type_expr_frameNtB2_13TypeExprFrame3new
FN:23,_RNvMNtNtCs8h7e9k1J8CD_4koan5parse15type_expr_frameNtB2_13TypeExprFrame5build
FN:83,_RNvNtNtCs8h7e9k1J8CD_4koan5parse15type_expr_frame10find_arrow
FN:111,_RNvNtNtCs8h7e9k1J8CD_4koan5parse15type_expr_frame17build_list_params
FN:142,_RNvNtNtCs8h7e9k1J8CD_4koan5parse15type_expr_frame21build_function_params
FN:164,_RNvNtNtCs8h7e9k1J8CD_4koan5parse15type_expr_frame21extract_function_args
FN:202,_RNvNtNtCs8h7e9k1J8CD_4koan5parse15type_expr_frame23extract_function_return
FN:131,_RNvNtNtCs8h7e9k1J8CD_4koan5parse15type_expr_frame9lift_part
FNDA:1,_RNvMNtNtCs3yqXWJWMNss_4koan5parse15type_expr_frameNtB2_13TypeExprFrame3new
FNDA:1,_RNvMNtNtCs3yqXWJWMNss_4koan5parse15type_expr_frameNtB2_13TypeExprFrame5build
FNDA:1,_RNvNtNtCs3yqXWJWMNss_4koan5parse15type_expr_frame10find_arrow
FNDA:0,_RNvNtNtCs3yqXWJWMNss_4koan5parse15type_expr_frame17build_list_params
FNDA:1,_RNvNtNtCs3yqXWJWMNss_4koan5parse15type_expr_frame21build_function_params
FNDA:1,_RNvNtNtCs3yqXWJWMNss_4koan5parse15type_expr_frame21extract_function_args
FNDA:1,_RNvNtNtCs3yqXWJWMNss_4koan5parse15type_expr_frame23extract_function_return
FNDA:1,_RNvNtNtCs3yqXWJWMNss_4koan5parse15type_expr_frame9lift_part
FNDA:0,_RNCNvNtNtCs3yqXWJWMNss_4koan5parse15type_expr_frame21extract_function_args0B7_
FNDA:1,_RNCNvNtNtCs3yqXWJWMNss_4koan5parse15type_expr_frame21extract_function_argss_0B7_
FNDA:0,_RNCNvNtNtCs3yqXWJWMNss_4koan5parse15type_expr_frame23extract_function_return0B7_
FNDA:2,_RNCNvNtNtCs8h7e9k1J8CD_4koan5parse15type_expr_frame21extract_function_args0B7_
FNDA:23,_RNCNvNtNtCs8h7e9k1J8CD_4koan5parse15type_expr_frame21extract_function_argss_0B7_
FNDA:1,_RNCNvNtNtCs8h7e9k1J8CD_4koan5parse15type_expr_frame23extract_function_return0B7_
FNDA:89,_RNvMNtNtCs8h7e9k1J8CD_4koan5parse15type_expr_frameNtB2_13TypeExprFrame3new
FNDA:91,_RNvMNtNtCs8h7e9k1J8CD_4koan5parse15type_expr_frameNtB2_13TypeExprFrame5build
FNDA:88,_RNvNtNtCs8h7e9k1J8CD_4koan5parse15type_expr_frame10find_arrow
FNDA:60,_RNvNtNtCs8h7e9k1J8CD_4koan5parse15type_expr_frame17build_list_params
FNDA:24,_RNvNtNtCs8h7e9k1J8CD_4koan5parse15type_expr_frame21build_function_params
FNDA:24,_RNvNtNtCs8h7e9k1J8CD_4koan5parse15type_expr_frame21extract_function_args
FNDA:20,_RNvNtNtCs8h7e9k1J8CD_4koan5parse15type_expr_frame23extract_function_return
FNDA:85,_RNvNtNtCs8h7e9k1J8CD_4koan5parse15type_expr_frame9lift_part
FNF:11
FNH:11
DA:19,90
DA:20,90
DA:21,90
DA:23,92
DA:24,92
DA:25,92
DA:26,1
DA:27,1
DA:28,1
DA:29,1
DA:30,91
DA:31,91
DA:32,90
DA:33,1
DA:34,1
DA:35,1
DA:36,1
DA:37,1
DA:38,1
DA:39,1
DA:40,1
DA:42,1
DA:43,1
DA:44,1
DA:45,1
DA:46,1
DA:47,1
DA:48,1
DA:49,1
DA:52,89
DA:53,89
DA:57,87
DA:59,87
DA:60,1
DA:61,1
DA:62,1
DA:63,1
DA:64,1
DA:65,1
DA:66,1
DA:67,1
DA:68,1
DA:69,1
DA:70,1
DA:71,1
DA:72,1
DA:73,1
DA:74,1
DA:75,60
DA:76,25
DA:78,92
DA:83,89
DA:84,89
DA:85,151
DA:86,28
DA:87,122
DA:88,28
DA:89,28
DA:90,1
DA:91,1
DA:92,1
DA:93,1
DA:94,27
DA:95,27
DA:97,1
DA:98,1
DA:99,1
DA:100,1
DA:101,1
DA:102,1
DA:103,1
DA:104,1
DA:108,87
DA:109,89
DA:111,60
DA:112,60
DA:113,60
DA:114,60
DA:115,60
DA:116,1
DA:117,59
DA:118,59
DA:119,59
DA:120,59
DA:121,59
DA:122,59
DA:123,60
DA:131,86
DA:132,86
DA:133,84
DA:134,2
DA:135,2
DA:137,2
DA:138,0
DA:140,86
DA:142,25
DA:143,25
DA:144,25
DA:145,25
DA:146,25
DA:147,25
DA:148,25
DA:149,25
DA:150,25
DA:152,25
DA:153,21
DA:154,20
DA:155,20
DA:156,20
DA:157,20
DA:158,20
DA:159,20
DA:160,20
DA:161,20
DA:162,25
DA:164,25
DA:165,25
DA:166,25
DA:171,25
DA:172,25
DA:173,23
DA:174,22
DA:175,1
DA:177,22
DA:178,22
DA:179,24
DA:180,22
DA:185,1
DA:186,1
DA:187,1
DA:189,1
DA:191,1
DA:192,1
DA:193,1
DA:194,1
DA:195,1
DA:196,1
DA:197,1
DA:198,24
DA:199,22
DA:200,25
DA:202,21
DA:203,21
DA:204,21
DA:205,21
DA:206,1
DA:207,1
DA:209,1
DA:211,1
DA:213,1
DA:216,20
DA:217,21
BRF:0
BRH:0
LF:156
LH:155
end_of_record
SF:/var/home/jack/Code/koan/src/parse/whitespace.rs
FN:74,_RNCNvNtNtCs3yqXWJWMNss_4koan5parse10whitespace12collapse_str0B7_
FN:167,_RNCNvNtNtCs3yqXWJWMNss_4koan5parse10whitespace12collapse_strs0_0B7_
FN:75,_RNCNvNtNtCs3yqXWJWMNss_4koan5parse10whitespace12collapse_strs_0B7_
FN:295,_RNCNvNtNtCs3yqXWJWMNss_4koan5parse10whitespace16line_delim_delta0B7_
FN:296,_RNCNvNtNtCs3yqXWJWMNss_4koan5parse10whitespace16line_delim_deltas_0B7_
FN:304,_RNCNvNtNtCs3yqXWJWMNss_4koan5parse10whitespace16line_paren_delta0B7_
FN:305,_RNCNvNtNtCs3yqXWJWMNss_4koan5parse10whitespace16line_paren_deltas_0B7_
FN:52,_RNCNvNtNtCs3yqXWJWMNss_4koan5parse10whitespace19collapse_whitespace0B7_
FN:267,_RNCNvNtNtCs3yqXWJWMNss_4koan5parse10whitespace19walk_content_cursor0B7_
FN:268,_RNCNvNtNtCs3yqXWJWMNss_4koan5parse10whitespace19walk_content_cursors_0B7_
FN:56,_RNvNtNtCs3yqXWJWMNss_4koan5parse10whitespace12collapse_str
FN:313,_RNvNtNtCs3yqXWJWMNss_4koan5parse10whitespace13adjust_parens
FN:294,_RNvNtNtCs3yqXWJWMNss_4koan5parse10whitespace16line_delim_delta
FN:303,_RNvNtNtCs3yqXWJWMNss_4koan5parse10whitespace16line_paren_delta
FN:50,_RNvNtNtCs3yqXWJWMNss_4koan5parse10whitespace19collapse_whitespace
FN:248,_RNvNtNtCs3yqXWJWMNss_4koan5parse10whitespace19walk_content_cursor
FN:238,_RNvNtNtCs3yqXWJWMNss_4koan5parse10whitespace9emit_jump
FN:56,_RNvNtNtCs8h7e9k1J8CD_4koan5parse10whitespace12collapse_str
FN:313,_RNvNtNtCs8h7e9k1J8CD_4koan5parse10whitespace13adjust_parens
FN:294,_RNvNtNtCs8h7e9k1J8CD_4koan5parse10whitespace16line_delim_delta
FN:303,_RNvNtNtCs8h7e9k1J8CD_4koan5parse10whitespace16line_paren_delta
FN:50,_RNvNtNtCs8h7e9k1J8CD_4koan5parse10whitespace19collapse_whitespace
FN:248,_RNvNtNtCs8h7e9k1J8CD_4koan5parse10whitespace19walk_content_cursor
FN:238,_RNvNtNtCs8h7e9k1J8CD_4koan5parse10whitespace9emit_jump
FN:74,_RNCNvNtNtCs8h7e9k1J8CD_4koan5parse10whitespace12collapse_str0B7_
FN:167,_RNCNvNtNtCs8h7e9k1J8CD_4koan5parse10whitespace12collapse_strs0_0B7_
FN:75,_RNCNvNtNtCs8h7e9k1J8CD_4koan5parse10whitespace12collapse_strs_0B7_
FN:295,_RNCNvNtNtCs8h7e9k1J8CD_4koan5parse10whitespace16line_delim_delta0B7_
FN:296,_RNCNvNtNtCs8h7e9k1J8CD_4koan5parse10whitespace16line_delim_deltas_0B7_
FN:304,_RNCNvNtNtCs8h7e9k1J8CD_4koan5parse10whitespace16line_paren_delta0B7_
FN:305,_RNCNvNtNtCs8h7e9k1J8CD_4koan5parse10whitespace16line_paren_deltas_0B7_
FN:52,_RNCNvNtNtCs8h7e9k1J8CD_4koan5parse10whitespace19collapse_whitespace0B7_
FN:267,_RNCNvNtNtCs8h7e9k1J8CD_4koan5parse10whitespace19walk_content_cursor0B7_
FN:268,_RNCNvNtNtCs8h7e9k1J8CD_4koan5parse10whitespace19walk_content_cursors_0B7_
FNDA:2390,_RNCNvNtNtCs3yqXWJWMNss_4koan5parse10whitespace12collapse_str0B7_
FNDA:0,_RNCNvNtNtCs3yqXWJWMNss_4koan5parse10whitespace12collapse_strs0_0B7_
FNDA:50,_RNCNvNtNtCs3yqXWJWMNss_4koan5parse10whitespace12collapse_strs_0B7_
FNDA:2340,_RNCNvNtNtCs3yqXWJWMNss_4koan5parse10whitespace16line_delim_delta0B7_
FNDA:2340,_RNCNvNtNtCs3yqXWJWMNss_4koan5parse10whitespace16line_delim_deltas_0B7_
FNDA:2340,_RNCNvNtNtCs3yqXWJWMNss_4koan5parse10whitespace16line_paren_delta0B7_
FNDA:2340,_RNCNvNtNtCs3yqXWJWMNss_4koan5parse10whitespace16line_paren_deltas_0B7_
FNDA:0,_RNCNvNtNtCs3yqXWJWMNss_4koan5parse10whitespace19collapse_whitespace0B7_
FNDA:1,_RNCNvNtNtCs3yqXWJWMNss_4koan5parse10whitespace19walk_content_cursor0B7_
FNDA:0,_RNCNvNtNtCs3yqXWJWMNss_4koan5parse10whitespace19walk_content_cursors_0B7_
FNDA:30,_RNvNtNtCs3yqXWJWMNss_4koan5parse10whitespace12collapse_str
FNDA:80,_RNvNtNtCs3yqXWJWMNss_4koan5parse10whitespace13adjust_parens
FNDA:80,_RNvNtNtCs3yqXWJWMNss_4koan5parse10whitespace16line_delim_delta
FNDA:80,_RNvNtNtCs3yqXWJWMNss_4koan5parse10whitespace16line_paren_delta
FNDA:30,_RNvNtNtCs3yqXWJWMNss_4koan5parse10whitespace19collapse_whitespace
FNDA:80,_RNvNtNtCs3yqXWJWMNss_4koan5parse10whitespace19walk_content_cursor
FNDA:160,_RNvNtNtCs3yqXWJWMNss_4koan5parse10whitespace9emit_jump
FNDA:843,_RNvNtNtCs8h7e9k1J8CD_4koan5parse10whitespace12collapse_str
FNDA:1235,_RNvNtNtCs8h7e9k1J8CD_4koan5parse10whitespace13adjust_parens
FNDA:1235,_RNvNtNtCs8h7e9k1J8CD_4koan5parse10whitespace16line_delim_delta
FNDA:1242,_RNvNtNtCs8h7e9k1J8CD_4koan5parse10whitespace16line_paren_delta
FNDA:843,_RNvNtNtCs8h7e9k1J8CD_4koan5parse10whitespace19collapse_whitespace
FNDA:1242,_RNvNtNtCs8h7e9k1J8CD_4koan5parse10whitespace19walk_content_cursor
FNDA:2412,_RNvNtNtCs8h7e9k1J8CD_4koan5parse10whitespace9emit_jump
FNDA:31754,_RNCNvNtNtCs8h7e9k1J8CD_4koan5parse10whitespace12collapse_str0B7_
FNDA:129,_RNCNvNtNtCs8h7e9k1J8CD_4koan5parse10whitespace12collapse_strs0_0B7_
FNDA:424,_RNCNvNtNtCs8h7e9k1J8CD_4koan5parse10whitespace12collapse_strs_0B7_
FNDA:31046,_RNCNvNtNtCs8h7e9k1J8CD_4koan5parse10whitespace16line_delim_delta0B7_
FNDA:31046,_RNCNvNtNtCs8h7e9k1J8CD_4koan5parse10whitespace16line_delim_deltas_0B7_
FNDA:31068,_RNCNvNtNtCs8h7e9k1J8CD_4koan5parse10whitespace16line_paren_delta0B7_
FNDA:31068,_RNCNvNtNtCs8h7e9k1J8CD_4koan5parse10whitespace16line_paren_deltas_0B7_
FNDA:0,_RNCNvNtNtCs8h7e9k1J8CD_4koan5parse10whitespace19collapse_whitespace0B7_
FNDA:167,_RNCNvNtNtCs8h7e9k1J8CD_4koan5parse10whitespace19walk_content_cursor0B7_
FNDA:0,_RNCNvNtNtCs8h7e9k1J8CD_4koan5parse10whitespace19walk_content_cursors_0B7_
FNF:17
FNH:15
DA:50,873
DA:51,873
DA:52,873
DA:53,873
DA:54,873
DA:56,873
DA:57,873
DA:58,873
DA:59,873
DA:60,873
DA:61,873
DA:64,873
DA:66,873
DA:67,873
DA:68,873
DA:69,873
DA:71,2212
DA:72,1346
DA:73,1346
DA:74,34144
DA:75,1346
DA:76,1346
DA:78,1346
DA:79,1346
DA:80,1346
DA:81,1346
DA:83,1346
DA:85,1346
DA:89,24
DA:90,24
DA:91,24
DA:92,8
DA:94,16
DA:96,24
DA:97,24
DA:98,1322
DA:100,1322
DA:102,1322
DA:103,1322
DA:105,1322
DA:106,1322
DA:108,1322
DA:109,1322
DA:131,1322
DA:132,54
DA:133,54
DA:134,1268
DA:137,1268
DA:138,16
DA:142,7
DA:143,1
DA:144,1
DA:145,1
DA:146,1
DA:147,1
DA:148,6
DA:149,6
DA:150,6
DA:151,9
DA:152,9
DA:156,1
DA:157,1
DA:158,1
DA:159,1
DA:160,1
DA:161,1
DA:162,8
DA:165,1252
DA:167,1260
DA:168,3
DA:169,3
DA:170,3
DA:171,3
DA:172,3
DA:173,1257
DA:174,1257
DA:175,2
DA:176,2
DA:177,2
DA:178,2
DA:179,2
DA:180,1255
DA:182,1618
DA:183,401
DA:184,363
DA:185,363
DA:186,363
DA:187,363
DA:188,38
DA:194,1255
DA:195,384
DA:196,871
DA:202,1255
DA:203,1255
DA:204,11
DA:205,11
DA:206,11
DA:207,11
DA:208,11
DA:209,1244
DA:210,1244
DA:211,1244
DA:212,1244
DA:213,1244
DA:215,1255
DA:216,1255
DA:217,1255
DA:218,1255
DA:219,1255
DA:221,1255
DA:222,1255
DA:223,434
DA:225,821
DA:227,1255
DA:230,1749
DA:231,883
DA:232,883
DA:233,883
DA:235,866
DA:236,873
DA:238,2572
DA:239,2572
DA:240,2572
DA:241,2572
DA:242,2572
DA:248,1322
DA:249,1322
DA:250,1322
DA:251,33675
DA:252,32353
DA:253,32353
DA:254,168
DA:255,168
DA:256,540
DA:257,372
DA:258,372
DA:259,168
DA:260,0
DA:261,168
DA:262,168
DA:263,0
DA:264,168
DA:265,168
DA:266,168
DA:267,168
DA:268,168
DA:269,168
DA:270,32185
DA:271,168
DA:272,336
DA:273,168
DA:274,168
DA:275,168
DA:276,0
DA:277,168
DA:278,168
DA:279,347
DA:280,179
DA:281,179
DA:282,168
DA:283,32017
DA:284,32017
DA:285,32017
DA:286,32017
DA:288,1322
DA:289,1322
DA:294,1315
DA:295,33386
DA:296,33386
DA:297,1315
DA:298,1315
DA:303,1322
DA:304,33408
DA:305,33408
DA:306,1322
DA:307,1322
DA:313,1315
DA:314,1315
DA:315,10
DA:316,10
DA:317,10
DA:319,1305
DA:320,8
DA:321,8
DA:323,1315
BRF:0
BRH:0
LF:195
LH:190
end_of_record