SF:/var/home/jack/Code/koan/src/builtins.rs
FN:154,_RNvNtCsbv2TPaIhNiJ_4koan8builtins13default_scope
FN:108,_RNvNtCsbv2TPaIhNiJ_4koan8builtins16register_builtin
FN:83,_RNvNtCsbv2TPaIhNiJ_4koan8builtins21register_builtin_full
FN:72,_RNvNtCsbv2TPaIhNiJ_4koan8builtins21type_part_binder_name
FN:43,_RNvNtCsbv2TPaIhNiJ_4koan8builtins2kw
FN:48,_RNvNtCsbv2TPaIhNiJ_4koan8builtins3arg
FN:57,_RNvNtCsbv2TPaIhNiJ_4koan8builtins3sig
FN:154,_RNvNtCs9bl5tPvrGPp_4koan8builtins13default_scope
FN:108,_RNvNtCs9bl5tPvrGPp_4koan8builtins16register_builtin
FN:122,_RNvNtCs9bl5tPvrGPp_4koan8builtins20register_overload_at
FN:83,_RNvNtCs9bl5tPvrGPp_4koan8builtins21register_builtin_full
FN:72,_RNvNtCs9bl5tPvrGPp_4koan8builtins21type_part_binder_name
FN:43,_RNvNtCs9bl5tPvrGPp_4koan8builtins2kw
FN:48,_RNvNtCs9bl5tPvrGPp_4koan8builtins3arg
FN:57,_RNvNtCs9bl5tPvrGPp_4koan8builtins3sig
FNDA:60,_RNvNtCsbv2TPaIhNiJ_4koan8builtins13default_scope
FNDA:2040,_RNvNtCsbv2TPaIhNiJ_4koan8builtins16register_builtin
FNDA:2940,_RNvNtCsbv2TPaIhNiJ_4koan8builtins21register_builtin_full
FNDA:149,_RNvNtCsbv2TPaIhNiJ_4koan8builtins21type_part_binder_name
FNDA:4680,_RNvNtCsbv2TPaIhNiJ_4koan8builtins2kw
FNDA:5881,_RNvNtCsbv2TPaIhNiJ_4koan8builtins3arg
FNDA:2941,_RNvNtCsbv2TPaIhNiJ_4koan8builtins3sig
FNDA:554,_RNvNtCs9bl5tPvrGPp_4koan8builtins13default_scope
FNDA:18867,_RNvNtCs9bl5tPvrGPp_4koan8builtins16register_builtin
FNDA:3,_RNvNtCs9bl5tPvrGPp_4koan8builtins20register_overload_at
FNDA:27178,_RNvNtCs9bl5tPvrGPp_4koan8builtins21register_builtin_full
FNDA:791,_RNvNtCs9bl5tPvrGPp_4koan8builtins21type_part_binder_name
FNDA:43221,_RNvNtCs9bl5tPvrGPp_4koan8builtins2kw
FNDA:54400,_RNvNtCs9bl5tPvrGPp_4koan8builtins3arg
FNDA:27245,_RNvNtCs9bl5tPvrGPp_4koan8builtins3sig
FNF:8
FNH:8
DA:43,47901
DA:44,47901
DA:45,47901
DA:48,60281
DA:49,60281
DA:50,60281
DA:51,60281
DA:52,60281
DA:53,60281
DA:57,30186
DA:58,30186
DA:59,30186
DA:60,30186
DA:61,30186
DA:62,30186
DA:63,30186
DA:64,30186
DA:65,30186
DA:72,940
DA:73,940
DA:74,940
DA:75,940
DA:76,940
DA:83,30118
DA:84,30118
DA:85,30118
DA:86,30118
DA:87,30118
DA:88,30118
DA:89,30118
DA:90,30118
DA:91,30118
DA:92,30118
DA:93,30118
DA:94,30118
DA:95,30118
DA:96,30118
DA:97,30118
DA:98,30118
DA:99,30118
DA:100,30118
DA:101,30118
DA:102,30118
DA:103,30118
DA:104,30118
DA:105,30118
DA:108,20907
DA:109,20907
DA:110,20907
DA:111,20907
DA:112,20907
DA:113,20907
DA:114,20907
DA:115,20907
DA:122,3
DA:123,3
DA:124,3
DA:125,3
DA:126,3
DA:127,3
DA:128,3
DA:129,3
DA:130,3
DA:131,3
DA:132,3
DA:133,3
DA:134,3
DA:135,3
DA:136,3
DA:137,3
DA:138,3
DA:139,3
DA:140,3
DA:141,3
DA:142,3
DA:143,3
DA:144,3
DA:154,614
DA:155,614
DA:156,614
DA:157,614
DA:158,614
DA:159,614
DA:160,614
DA:162,614
DA:163,614
DA:164,614
DA:166,614
DA:168,614
DA:169,614
DA:170,614
DA:172,614
DA:174,614
DA:175,614
DA:176,614
DA:178,614
DA:180,614
DA:181,614
DA:182,614
DA:184,614
DA:186,614
DA:187,614
DA:188,614
DA:190,614
DA:192,614
DA:193,614
DA:194,614
DA:196,614
DA:198,614
DA:199,614
DA:200,614
DA:202,614
DA:204,614
DA:205,614
DA:206,614
DA:208,614
DA:210,614
DA:211,614
DA:212,614
DA:214,614
DA:216,614
DA:217,614
DA:218,614
DA:220,614
DA:222,614
DA:223,614
DA:224,614
DA:226,614
DA:229,614
DA:230,614
DA:231,614
DA:232,614
DA:233,614
DA:234,614
DA:235,614
DA:236,614
DA:237,614
DA:238,614
DA:239,614
DA:240,614
DA:241,614
DA:242,614
DA:243,614
DA:244,614
DA:245,614
DA:246,614
DA:247,614
DA:248,614
DA:249,614
DA:250,614
DA:251,614
DA:252,614
DA:253,614
DA:255,614
DA:256,614
BRF:0
BRH:0
LF:155
LH:155
end_of_record
SF:/var/home/jack/Code/koan/src/builtins/arithmetic.rs
FN:229,_RNCNvNtNtCsbv2TPaIhNiJ_4koan8builtins10arithmetic32register_builtin_operator_groups0B7_
FN:250,_RNCNvNtNtCsbv2TPaIhNiJ_4koan8builtins10arithmetic32register_builtin_operator_groupss0_0B7_
FN:240,_RNCNvNtNtCsbv2TPaIhNiJ_4koan8builtins10arithmetic32register_builtin_operator_groupss_0B7_
FN:206,_RNCNvNtNtCsbv2TPaIhNiJ_4koan8builtins10arithmetic32register_group_under_all_subsets0B7_
FN:149,_RNCNvNtNtCsbv2TPaIhNiJ_4koan8builtins10arithmetic8register0B7_
FN:159,_RNCNvNtNtCsbv2TPaIhNiJ_4koan8builtins10arithmetic8registers_0B7_
FN:32,_RNvNtNtCsbv2TPaIhNiJ_4koan8builtins10arithmetic10number_arg
FN:63,_RNvNtNtCsbv2TPaIhNiJ_4koan8builtins10arithmetic13bool_operands
FN:45,_RNvNtNtCsbv2TPaIhNiJ_4koan8builtins10arithmetic15number_operands
FN:224,_RNvNtNtCsbv2TPaIhNiJ_4koan8builtins10arithmetic32register_builtin_operator_groups
FN:196,_RNvNtNtCsbv2TPaIhNiJ_4koan8builtins10arithmetic32register_group_under_all_subsets
FN:132,_RNvNtNtCsbv2TPaIhNiJ_4koan8builtins10arithmetic7body_ge
FN:124,_RNvNtNtCsbv2TPaIhNiJ_4koan8builtins10arithmetic7body_gt
FN:116,_RNvNtNtCsbv2TPaIhNiJ_4koan8builtins10arithmetic7body_le
FN:108,_RNvNtNtCsbv2TPaIhNiJ_4koan8builtins10arithmetic7body_lt
FN:67,_RNvNtNtCsbv2TPaIhNiJ_4koan8builtins10arithmetic8body_add
FN:140,_RNvNtNtCsbv2TPaIhNiJ_4koan8builtins10arithmetic8body_and
FN:95,_RNvNtNtCsbv2TPaIhNiJ_4koan8builtins10arithmetic8body_div
FN:83,_RNvNtNtCsbv2TPaIhNiJ_4koan8builtins10arithmetic8body_mul
FN:75,_RNvNtNtCsbv2TPaIhNiJ_4koan8builtins10arithmetic8body_sub
FN:50,_RNvNtNtCsbv2TPaIhNiJ_4koan8builtins10arithmetic8bool_arg
FN:148,_RNvNtNtCsbv2TPaIhNiJ_4koan8builtins10arithmetic8register
FN:32,_RNvNtNtCs9bl5tPvrGPp_4koan8builtins10arithmetic10number_arg
FN:63,_RNvNtNtCs9bl5tPvrGPp_4koan8builtins10arithmetic13bool_operands
FN:45,_RNvNtNtCs9bl5tPvrGPp_4koan8builtins10arithmetic15number_operands
FN:224,_RNvNtNtCs9bl5tPvrGPp_4koan8builtins10arithmetic32register_builtin_operator_groups
FN:196,_RNvNtNtCs9bl5tPvrGPp_4koan8builtins10arithmetic32register_group_under_all_subsets
FN:132,_RNvNtNtCs9bl5tPvrGPp_4koan8builtins10arithmetic7body_ge
FN:124,_RNvNtNtCs9bl5tPvrGPp_4koan8builtins10arithmetic7body_gt
FN:116,_RNvNtNtCs9bl5tPvrGPp_4koan8builtins10arithmetic7body_le
FN:108,_RNvNtNtCs9bl5tPvrGPp_4koan8builtins10arithmetic7body_lt
FN:67,_RNvNtNtCs9bl5tPvrGPp_4koan8builtins10arithmetic8body_add
FN:140,_RNvNtNtCs9bl5tPvrGPp_4koan8builtins10arithmetic8body_and
FN:95,_RNvNtNtCs9bl5tPvrGPp_4koan8builtins10arithmetic8body_div
FN:83,_RNvNtNtCs9bl5tPvrGPp_4koan8builtins10arithmetic8body_mul
FN:75,_RNvNtNtCs9bl5tPvrGPp_4koan8builtins10arithmetic8body_sub
FN:50,_RNvNtNtCs9bl5tPvrGPp_4koan8builtins10arithmetic8bool_arg
FN:148,_RNvNtNtCs9bl5tPvrGPp_4koan8builtins10arithmetic8register
FN:229,_RNCNvNtNtCs9bl5tPvrGPp_4koan8builtins10arithmetic32register_builtin_operator_groups0B7_
FN:250,_RNCNvNtNtCs9bl5tPvrGPp_4koan8builtins10arithmetic32register_builtin_operator_groupss0_0B7_
FN:240,_RNCNvNtNtCs9bl5tPvrGPp_4koan8builtins10arithmetic32register_builtin_operator_groupss_0B7_
FN:206,_RNCNvNtNtCs9bl5tPvrGPp_4koan8builtins10arithmetic32register_group_under_all_subsets0B7_
FN:149,_RNCNvNtNtCs9bl5tPvrGPp_4koan8builtins10arithmetic8register0B7_
FN:159,_RNCNvNtNtCs9bl5tPvrGPp_4koan8builtins10arithmetic8registers_0B7_
FNDA:240,_RNCNvNtNtCsbv2TPaIhNiJ_4koan8builtins10arithmetic32register_builtin_operator_groups0B7_
FNDA:120,_RNCNvNtNtCsbv2TPaIhNiJ_4koan8builtins10arithmetic32register_builtin_operator_groupss0_0B7_
FNDA:120,_RNCNvNtNtCsbv2TPaIhNiJ_4koan8builtins10arithmetic32register_builtin_operator_groupss_0B7_
FNDA:4320,_RNCNvNtNtCsbv2TPaIhNiJ_4koan8builtins10arithmetic32register_group_under_all_subsets0B7_
FNDA:240,_RNCNvNtNtCsbv2TPaIhNiJ_4koan8builtins10arithmetic8register0B7_
FNDA:240,_RNCNvNtNtCsbv2TPaIhNiJ_4koan8builtins10arithmetic8registers_0B7_
FNDA:0,_RNvNtNtCsbv2TPaIhNiJ_4koan8builtins10arithmetic10number_arg
FNDA:0,_RNvNtNtCsbv2TPaIhNiJ_4koan8builtins10arithmetic13bool_operands
FNDA:0,_RNvNtNtCsbv2TPaIhNiJ_4koan8builtins10arithmetic15number_operands
FNDA:60,_RNvNtNtCsbv2TPaIhNiJ_4koan8builtins10arithmetic32register_builtin_operator_groups
FNDA:180,_RNvNtNtCsbv2TPaIhNiJ_4koan8builtins10arithmetic32register_group_under_all_subsets
FNDA:0,_RNvNtNtCsbv2TPaIhNiJ_4koan8builtins10arithmetic7body_ge
FNDA:0,_RNvNtNtCsbv2TPaIhNiJ_4koan8builtins10arithmetic7body_gt
FNDA:0,_RNvNtNtCsbv2TPaIhNiJ_4koan8builtins10arithmetic7body_le
FNDA:0,_RNvNtNtCsbv2TPaIhNiJ_4koan8builtins10arithmetic7body_lt
FNDA:0,_RNvNtNtCsbv2TPaIhNiJ_4koan8builtins10arithmetic8body_add
FNDA:0,_RNvNtNtCsbv2TPaIhNiJ_4koan8builtins10arithmetic8body_and
FNDA:0,_RNvNtNtCsbv2TPaIhNiJ_4koan8builtins10arithmetic8body_div
FNDA:0,_RNvNtNtCsbv2TPaIhNiJ_4koan8builtins10arithmetic8body_mul
FNDA:0,_RNvNtNtCsbv2TPaIhNiJ_4koan8builtins10arithmetic8body_sub
FNDA:0,_RNvNtNtCsbv2TPaIhNiJ_4koan8builtins10arithmetic8bool_arg
FNDA:60,_RNvNtNtCsbv2TPaIhNiJ_4koan8builtins10arithmetic8register
FNDA:50,_RNvNtNtCs9bl5tPvrGPp_4koan8builtins10arithmetic10number_arg
FNDA:5,_RNvNtNtCs9bl5tPvrGPp_4koan8builtins10arithmetic13bool_operands
FNDA:25,_RNvNtNtCs9bl5tPvrGPp_4koan8builtins10arithmetic15number_operands
FNDA:554,_RNvNtNtCs9bl5tPvrGPp_4koan8builtins10arithmetic32register_builtin_operator_groups
FNDA:1662,_RNvNtNtCs9bl5tPvrGPp_4koan8builtins10arithmetic32register_group_under_all_subsets
FNDA:1,_RNvNtNtCs9bl5tPvrGPp_4koan8builtins10arithmetic7body_ge
FNDA:1,_RNvNtNtCs9bl5tPvrGPp_4koan8builtins10arithmetic7body_gt
FNDA:2,_RNvNtNtCs9bl5tPvrGPp_4koan8builtins10arithmetic7body_le
FNDA:8,_RNvNtNtCs9bl5tPvrGPp_4koan8builtins10arithmetic7body_lt
FNDA:4,_RNvNtNtCs9bl5tPvrGPp_4koan8builtins10arithmetic8body_add
FNDA:5,_RNvNtNtCs9bl5tPvrGPp_4koan8builtins10arithmetic8body_and
FNDA:2,_RNvNtNtCs9bl5tPvrGPp_4koan8builtins10arithmetic8body_div
FNDA:2,_RNvNtNtCs9bl5tPvrGPp_4koan8builtins10arithmetic8body_mul
FNDA:5,_RNvNtNtCs9bl5tPvrGPp_4koan8builtins10arithmetic8body_sub
FNDA:10,_RNvNtNtCs9bl5tPvrGPp_4koan8builtins10arithmetic8bool_arg
FNDA:555,_RNvNtNtCs9bl5tPvrGPp_4koan8builtins10arithmetic8register
FNDA:2216,_RNCNvNtNtCs9bl5tPvrGPp_4koan8builtins10arithmetic32register_builtin_operator_groups0B7_
FNDA:1108,_RNCNvNtNtCs9bl5tPvrGPp_4koan8builtins10arithmetic32register_builtin_operator_groupss0_0B7_
FNDA:1108,_RNCNvNtNtCs9bl5tPvrGPp_4koan8builtins10arithmetic32register_builtin_operator_groupss_0B7_
FNDA:39888,_RNCNvNtNtCs9bl5tPvrGPp_4koan8builtins10arithmetic32register_group_under_all_subsets0B7_
FNDA:2220,_RNCNvNtNtCs9bl5tPvrGPp_4koan8builtins10arithmetic8register0B7_
FNDA:2220,_RNCNvNtNtCs9bl5tPvrGPp_4koan8builtins10arithmetic8registers_0B7_
FNF:22
FNH:22
DA:32,50
DA:33,50
DA:34,50
DA:35,0
DA:36,0
DA:37,0
DA:38,0
DA:39,0
DA:40,0
DA:42,50
DA:45,25
DA:46,25
DA:47,25
DA:50,10
DA:51,10
DA:52,10
DA:53,0
DA:54,0
DA:55,0
DA:56,0
DA:57,0
DA:58,0
DA:60,10
DA:63,5
DA:64,5
DA:65,5
DA:67,4
DA:68,4
DA:69,4
DA:70,4
DA:71,4
DA:72,4
DA:73,4
DA:75,5
DA:76,5
DA:77,5
DA:78,5
DA:79,5
DA:80,5
DA:81,5
DA:83,2
DA:84,2
DA:85,2
DA:86,2
DA:87,2
DA:88,2
DA:89,2
DA:95,2
DA:96,2
DA:97,2
DA:98,1
DA:99,1
DA:100,1
DA:101,1
DA:102,1
DA:103,1
DA:104,1
DA:105,1
DA:106,2
DA:108,8
DA:109,8
DA:110,8
DA:111,8
DA:112,8
DA:113,8
DA:114,8
DA:116,2
DA:117,2
DA:118,2
DA:119,2
DA:120,2
DA:121,2
DA:122,2
DA:124,1
DA:125,1
DA:126,1
DA:127,1
DA:128,1
DA:129,1
DA:130,1
DA:132,1
DA:133,1
DA:134,1
DA:135,1
DA:136,1
DA:137,1
DA:138,1
DA:140,5
DA:141,5
DA:142,5
DA:143,5
DA:144,5
DA:145,5
DA:146,5
DA:148,615
DA:149,2460
DA:150,2460
DA:151,2460
DA:152,2460
DA:153,2460
DA:154,2460
DA:155,2460
DA:158,2460
DA:159,2460
DA:160,2460
DA:161,2460
DA:162,2460
DA:163,2460
DA:164,2460
DA:165,2460
DA:168,2460
DA:170,615
DA:171,615
DA:172,615
DA:173,615
DA:175,615
DA:176,615
DA:177,615
DA:178,615
DA:180,615
DA:181,615
DA:182,615
DA:183,615
DA:184,615
DA:185,615
DA:188,615
DA:189,615
DA:196,1842
DA:197,1842
DA:198,1842
DA:199,1842
DA:200,1842
DA:201,1842
DA:202,12894
DA:203,12894
DA:204,12894
DA:205,12894
DA:206,44208
DA:207,12894
DA:208,12894
DA:209,12894
DA:210,12894
DA:211,12894
DA:212,12894
DA:214,1842
DA:224,614
DA:225,614
DA:227,614
DA:228,614
DA:229,2456
DA:230,614
DA:231,614
DA:232,614
DA:233,614
DA:234,614
DA:236,614
DA:238,614
DA:239,614
DA:240,1228
DA:241,614
DA:242,614
DA:243,614
DA:245,614
DA:247,614
DA:248,614
DA:249,614
DA:250,1228
DA:251,614
DA:252,614
DA:253,614
DA:254,614
DA:256,614
DA:257,614
BRF:0
BRH:0
LF:179
LH:167
end_of_record
SF:/var/home/jack/Code/koan/src/builtins/ascribe.rs
FN:21,_RNvNtNtCsbv2TPaIhNiJ_4koan8builtins7ascribe11body_opaque
FN:226,_RNvNtNtCsbv2TPaIhNiJ_4koan8builtins7ascribe11shape_check
FN:151,_RNvNtNtCsbv2TPaIhNiJ_4koan8builtins7ascribe16body_transparent
FN:269,_RNvNtNtCsbv2TPaIhNiJ_4koan8builtins7ascribe22abstract_type_names_of
FN:188,_RNvNtNtCsbv2TPaIhNiJ_4koan8builtins7ascribe28resolve_module_and_signature
FN:279,_RNvNtNtCsbv2TPaIhNiJ_4koan8builtins7ascribe8register
FN:199,_RNvNvNtNtCsbv2TPaIhNiJ_4koan8builtins7ascribe28resolve_module_and_signature24type_mismatch_or_missing
FN:275,_RNCNvNtNtCsbv2TPaIhNiJ_4koan8builtins7ascribe22abstract_type_names_ofs_0B7_
FN:21,_RNvNtNtCs9bl5tPvrGPp_4koan8builtins7ascribe11body_opaque
FN:226,_RNvNtNtCs9bl5tPvrGPp_4koan8builtins7ascribe11shape_check
FN:151,_RNvNtNtCs9bl5tPvrGPp_4koan8builtins7ascribe16body_transparent
FN:269,_RNvNtNtCs9bl5tPvrGPp_4koan8builtins7ascribe22abstract_type_names_of
FN:188,_RNvNtNtCs9bl5tPvrGPp_4koan8builtins7ascribe28resolve_module_and_signature
FN:279,_RNvNtNtCs9bl5tPvrGPp_4koan8builtins7ascribe8register
FN:199,_RNvNvNtNtCs9bl5tPvrGPp_4koan8builtins7ascribe28resolve_module_and_signature24type_mismatch_or_missing
FN:275,_RNCNvNtNtCs9bl5tPvrGPp_4koan8builtins7ascribe22abstract_type_names_ofs_0B7_
FNDA:1,_RNvNtNtCsbv2TPaIhNiJ_4koan8builtins7ascribe11body_opaque
FNDA:5,_RNvNtNtCsbv2TPaIhNiJ_4koan8builtins7ascribe11shape_check
FNDA:4,_RNvNtNtCsbv2TPaIhNiJ_4koan8builtins7ascribe16body_transparent
FNDA:6,_RNvNtNtCsbv2TPaIhNiJ_4koan8builtins7ascribe22abstract_type_names_of
FNDA:5,_RNvNtNtCsbv2TPaIhNiJ_4koan8builtins7ascribe28resolve_module_and_signature
FNDA:60,_RNvNtNtCsbv2TPaIhNiJ_4koan8builtins7ascribe8register
FNDA:0,_RNvNvNtNtCsbv2TPaIhNiJ_4koan8builtins7ascribe28resolve_module_and_signature24type_mismatch_or_missing
FNDA:6,_RNCNvNtNtCsbv2TPaIhNiJ_4koan8builtins7ascribe22abstract_type_names_ofs_0B7_
FNDA:21,_RNvNtNtCs9bl5tPvrGPp_4koan8builtins7ascribe11body_opaque
FNDA:40,_RNvNtNtCs9bl5tPvrGPp_4koan8builtins7ascribe11shape_check
FNDA:19,_RNvNtNtCs9bl5tPvrGPp_4koan8builtins7ascribe16body_transparent
FNDA:69,_RNvNtNtCs9bl5tPvrGPp_4koan8builtins7ascribe22abstract_type_names_of
FNDA:40,_RNvNtNtCs9bl5tPvrGPp_4koan8builtins7ascribe28resolve_module_and_signature
FNDA:554,_RNvNtNtCs9bl5tPvrGPp_4koan8builtins7ascribe8register
FNDA:0,_RNvNvNtNtCs9bl5tPvrGPp_4koan8builtins7ascribe28resolve_module_and_signature24type_mismatch_or_missing
FNDA:103,_RNCNvNtNtCs9bl5tPvrGPp_4koan8builtins7ascribe22abstract_type_names_ofs_0B7_
FNF:8
FNH:7
DA:21,22
DA:22,22
DA:23,22
DA:26,22
DA:28,22
DA:29,22
DA:30,22
DA:31,22
DA:34,22
DA:35,22
DA:36,0
DA:37,22
DA:43,22
DA:45,22
DA:49,22
DA:51,22
DA:52,22
DA:53,13
DA:54,13
DA:55,13
DA:57,3
DA:58,3
DA:61,3
DA:62,3
DA:63,3
DA:65,0
DA:69,3
DA:70,3
DA:71,3
DA:72,3
DA:74,3
DA:75,3
DA:76,3
DA:77,3
DA:78,3
DA:79,3
DA:80,3
DA:81,3
DA:82,3
DA:84,10
DA:85,10
DA:86,10
DA:87,10
DA:89,13
DA:92,22
DA:93,13
DA:94,13
DA:95,13
DA:96,13
DA:97,9
DA:100,22
DA:101,22
DA:102,32
DA:103,32
DA:104,13
DA:105,19
DA:108,3
DA:109,3
DA:111,3
DA:112,3
DA:113,3
DA:114,16
DA:116,22
DA:117,22
DA:118,3
DA:119,3
DA:120,3
DA:121,3
DA:122,19
DA:125,22
DA:126,2
DA:127,20
DA:129,20
DA:134,20
DA:137,20
DA:138,20
DA:142,20
DA:143,20
DA:144,20
DA:145,22
DA:151,23
DA:152,23
DA:153,23
DA:156,23
DA:157,23
DA:158,0
DA:159,23
DA:164,23
DA:169,23
DA:170,23
DA:171,23
DA:172,23
DA:173,23
DA:174,23
DA:175,23
DA:176,23
DA:177,23
DA:178,23
DA:179,23
DA:180,23
DA:181,23
DA:182,23
DA:183,23
DA:184,23
DA:188,45
DA:189,45
DA:190,45
DA:191,45
DA:192,45
DA:193,45
DA:194,45
DA:195,45
DA:196,45
DA:199,0
DA:200,0
DA:201,0
DA:202,0
DA:203,0
DA:204,0
DA:205,0
DA:206,0
DA:207,0
DA:208,0
DA:209,0
DA:210,0
DA:212,0
DA:214,45
DA:215,45
DA:216,0
DA:218,45
DA:219,45
DA:220,0
DA:222,45
DA:223,45
DA:226,45
DA:227,45
DA:228,45
DA:229,45
DA:230,45
DA:231,45
DA:232,45
DA:233,45
DA:237,45
DA:238,45
DA:239,45
DA:240,45
DA:241,45
DA:242,45
DA:243,45
DA:244,45
DA:245,45
DA:246,45
DA:247,45
DA:248,45
DA:249,45
DA:250,59
DA:251,59
DA:252,17
DA:253,42
DA:254,42
DA:255,2
DA:256,2
DA:257,2
DA:258,2
DA:259,40
DA:261,43
DA:262,45
DA:269,75
DA:270,75
DA:271,75
DA:272,75
DA:273,75
DA:274,75
DA:275,109
DA:276,75
DA:277,75
DA:279,614
DA:283,614
DA:284,614
DA:285,614
DA:286,614
DA:287,614
DA:288,614
DA:291,614
DA:292,614
DA:293,614
DA:294,614
DA:295,614
DA:296,614
DA:299,614
DA:300,614
DA:301,614
BRF:0
BRH:0
LF:193
LH:175
end_of_record
SF:/var/home/jack/Code/koan/src/builtins/attr.rs
FN:188,_RNvNtNtCsbv2TPaIhNiJ_4koan8builtins4attr11body_module
FN:298,_RNvNtNtCsbv2TPaIhNiJ_4koan8builtins4attr12access_field
FN:159,_RNvNtNtCsbv2TPaIhNiJ_4koan8builtins4attr12body_newtype
FN:118,_RNvNtNtCsbv2TPaIhNiJ_4koan8builtins4attr13body_type_lhs
FN:271,_RNvNtNtCsbv2TPaIhNiJ_4koan8builtins4attr13wrapped_field
FN:66,_RNvNtNtCsbv2TPaIhNiJ_4koan8builtins4attr15body_identifier
FN:41,_RNvNtNtCsbv2TPaIhNiJ_4koan8builtins4attr15read_field_name
FN:216,_RNvNtNtCsbv2TPaIhNiJ_4koan8builtins4attr18access_type_member
FN:368,_RNvNtNtCsbv2TPaIhNiJ_4koan8builtins4attr20access_module_member
FN:33,_RNvNtNtCsbv2TPaIhNiJ_4koan8builtins4attr5route
FN:453,_RNvNtNtCsbv2TPaIhNiJ_4koan8builtins4attr8register
FN:309,_RNCNvNtNtCsbv2TPaIhNiJ_4koan8builtins4attr12access_field0B7_
FN:331,_RNCNvNtNtCsbv2TPaIhNiJ_4koan8builtins4attr12access_fields_0B7_
FN:90,_RNCNvNtNtCsbv2TPaIhNiJ_4koan8builtins4attr15body_identifier0B7_
FN:420,_RNCNvNtNtCsbv2TPaIhNiJ_4koan8builtins4attr20access_module_member0B7_
FN:454,_RNCNvNtNtCsbv2TPaIhNiJ_4koan8builtins4attr8register0B7_
FN:482,_RNCNvNtNtCsbv2TPaIhNiJ_4koan8builtins4attr8registers0_0B7_
FN:492,_RNCNvNtNtCsbv2TPaIhNiJ_4koan8builtins4attr8registers1_0B7_
FN:502,_RNCNvNtNtCsbv2TPaIhNiJ_4koan8builtins4attr8registers2_0B7_
FN:513,_RNCNvNtNtCsbv2TPaIhNiJ_4koan8builtins4attr8registers3_0B7_
FN:464,_RNCNvNtNtCsbv2TPaIhNiJ_4koan8builtins4attr8registers_0B7_
FN:581,_RNvNtNtNtCs9bl5tPvrGPp_4koan8builtins4attr5testss_24attr_unbound_name_errors
FN:608,_RNvNtNtNtCs9bl5tPvrGPp_4koan8builtins4attr5testss_25attr_unknown_field_errors
FN:592,_RNvNtNtNtCs9bl5tPvrGPp_4koan8builtins4attr5testss_31attr_on_non_struct_value_errors
FN:624,_RNvNtNtNtCs9bl5tPvrGPp_4koan8builtins4attr5testss_33attr_chained_unknown_field_errors
FN:565,_RNvNtNtNtCs9bl5tPvrGPp_4koan8builtins4attr5testss_34attr_chained_through_nested_struct
FN:541,_RNvNtNtNtCs9bl5tPvrGPp_4koan8builtins4attr5testss_34attr_reads_field_from_named_struct
FN:553,_RNvNtNtNtCs9bl5tPvrGPp_4koan8builtins4attr5testss_35attr_reads_each_field_independently
FN:661,_RNvNtNtNtCs9bl5tPvrGPp_4koan8builtins4attr5testss_39access_field_rejects_wrapped_non_struct
FN:705,_RNvNtNtNtCs9bl5tPvrGPp_4koan8builtins4attr5testss_41transparent_view_slot_read_stays_concrete
FN:684,_RNvNtNtNtCs9bl5tPvrGPp_4koan8builtins4attr5testss_48opaque_view_slot_read_re_tags_with_abstract_type
FN:645,_RNvNtNtNtCs9bl5tPvrGPp_4koan8builtins4attr5testss_49access_field_falls_through_wrapped_record_newtype
FN:726,_RNvNtNtNtCs9bl5tPvrGPp_4koan8builtins4attr5testss_53access_field_falls_through_wrapped_with_missing_field
FN:188,_RNvNtNtCs9bl5tPvrGPp_4koan8builtins4attr11body_module
FN:298,_RNvNtNtCs9bl5tPvrGPp_4koan8builtins4attr12access_field
FN:159,_RNvNtNtCs9bl5tPvrGPp_4koan8builtins4attr12body_newtype
FN:118,_RNvNtNtCs9bl5tPvrGPp_4koan8builtins4attr13body_type_lhs
FN:271,_RNvNtNtCs9bl5tPvrGPp_4koan8builtins4attr13wrapped_field
FN:66,_RNvNtNtCs9bl5tPvrGPp_4koan8builtins4attr15body_identifier
FN:41,_RNvNtNtCs9bl5tPvrGPp_4koan8builtins4attr15read_field_name
FN:216,_RNvNtNtCs9bl5tPvrGPp_4koan8builtins4attr18access_type_member
FN:368,_RNvNtNtCs9bl5tPvrGPp_4koan8builtins4attr20access_module_member
FN:33,_RNvNtNtCs9bl5tPvrGPp_4koan8builtins4attr5route
FN:453,_RNvNtNtCs9bl5tPvrGPp_4koan8builtins4attr8register
FN:309,_RNCNvNtNtCs9bl5tPvrGPp_4koan8builtins4attr12access_field0B7_
FN:331,_RNCNvNtNtCs9bl5tPvrGPp_4koan8builtins4attr12access_fields_0B7_
FN:90,_RNCNvNtNtCs9bl5tPvrGPp_4koan8builtins4attr15body_identifier0B7_
FN:420,_RNCNvNtNtCs9bl5tPvrGPp_4koan8builtins4attr20access_module_member0B7_
FN:454,_RNCNvNtNtCs9bl5tPvrGPp_4koan8builtins4attr8register0B7_
FN:482,_RNCNvNtNtCs9bl5tPvrGPp_4koan8builtins4attr8registers0_0B7_
FN:492,_RNCNvNtNtCs9bl5tPvrGPp_4koan8builtins4attr8registers1_0B7_
FN:502,_RNCNvNtNtCs9bl5tPvrGPp_4koan8builtins4attr8registers2_0B7_
FN:513,_RNCNvNtNtCs9bl5tPvrGPp_4koan8builtins4attr8registers3_0B7_
FN:464,_RNCNvNtNtCs9bl5tPvrGPp_4koan8builtins4attr8registers_0B7_
FNDA:7,_RNvNtNtCsbv2TPaIhNiJ_4koan8builtins4attr11body_module
FNDA:1,_RNvNtNtCsbv2TPaIhNiJ_4koan8builtins4attr12access_field
FNDA:0,_RNvNtNtCsbv2TPaIhNiJ_4koan8builtins4attr12body_newtype
FNDA:0,_RNvNtNtCsbv2TPaIhNiJ_4koan8builtins4attr13body_type_lhs
FNDA:1,_RNvNtNtCsbv2TPaIhNiJ_4koan8builtins4attr13wrapped_field
FNDA:2,_RNvNtNtCsbv2TPaIhNiJ_4koan8builtins4attr15body_identifier
FNDA:9,_RNvNtNtCsbv2TPaIhNiJ_4koan8builtins4attr15read_field_name
FNDA:0,_RNvNtNtCsbv2TPaIhNiJ_4koan8builtins4attr18access_type_member
FNDA:7,_RNvNtNtCsbv2TPaIhNiJ_4koan8builtins4attr20access_module_member
FNDA:8,_RNvNtNtCsbv2TPaIhNiJ_4koan8builtins4attr5route
FNDA:60,_RNvNtNtCsbv2TPaIhNiJ_4koan8builtins4attr8register
FNDA:0,_RNCNvNtNtCsbv2TPaIhNiJ_4koan8builtins4attr12access_field0B7_
FNDA:0,_RNCNvNtNtCsbv2TPaIhNiJ_4koan8builtins4attr12access_fields_0B7_
FNDA:0,_RNCNvNtNtCsbv2TPaIhNiJ_4koan8builtins4attr15body_identifier0B7_
FNDA:0,_RNCNvNtNtCsbv2TPaIhNiJ_4koan8builtins4attr20access_module_member0B7_
FNDA:60,_RNCNvNtNtCsbv2TPaIhNiJ_4koan8builtins4attr8register0B7_
FNDA:60,_RNCNvNtNtCsbv2TPaIhNiJ_4koan8builtins4attr8registers0_0B7_
FNDA:60,_RNCNvNtNtCsbv2TPaIhNiJ_4koan8builtins4attr8registers1_0B7_
FNDA:60,_RNCNvNtNtCsbv2TPaIhNiJ_4koan8builtins4attr8registers2_0B7_
FNDA:60,_RNCNvNtNtCsbv2TPaIhNiJ_4koan8builtins4attr8registers3_0B7_
FNDA:60,_RNCNvNtNtCsbv2TPaIhNiJ_4koan8builtins4attr8registers_0B7_
FNDA:1,_RNvNtNtNtCs9bl5tPvrGPp_4koan8builtins4attr5testss_24attr_unbound_name_errors
FNDA:1,_RNvNtNtNtCs9bl5tPvrGPp_4koan8builtins4attr5testss_25attr_unknown_field_errors
FNDA:1,_RNvNtNtNtCs9bl5tPvrGPp_4koan8builtins4attr5testss_31attr_on_non_struct_value_errors
FNDA:1,_RNvNtNtNtCs9bl5tPvrGPp_4koan8builtins4attr5testss_33attr_chained_unknown_field_errors
FNDA:1,_RNvNtNtNtCs9bl5tPvrGPp_4koan8builtins4attr5testss_34attr_chained_through_nested_struct
FNDA:1,_RNvNtNtNtCs9bl5tPvrGPp_4koan8builtins4attr5testss_34attr_reads_field_from_named_struct
FNDA:1,_RNvNtNtNtCs9bl5tPvrGPp_4koan8builtins4attr5testss_35attr_reads_each_field_independently
FNDA:1,_RNvNtNtNtCs9bl5tPvrGPp_4koan8builtins4attr5testss_39access_field_rejects_wrapped_non_struct
FNDA:1,_RNvNtNtNtCs9bl5tPvrGPp_4koan8builtins4attr5testss_41transparent_view_slot_read_stays_concrete
FNDA:1,_RNvNtNtNtCs9bl5tPvrGPp_4koan8builtins4attr5testss_48opaque_view_slot_read_re_tags_with_abstract_type
FNDA:1,_RNvNtNtNtCs9bl5tPvrGPp_4koan8builtins4attr5testss_49access_field_falls_through_wrapped_record_newtype
FNDA:1,_RNvNtNtNtCs9bl5tPvrGPp_4koan8builtins4attr5testss_53access_field_falls_through_wrapped_with_missing_field
FNDA:20,_RNvNtNtCs9bl5tPvrGPp_4koan8builtins4attr11body_module
FNDA:20,_RNvNtNtCs9bl5tPvrGPp_4koan8builtins4attr12access_field
FNDA:2,_RNvNtNtCs9bl5tPvrGPp_4koan8builtins4attr12body_newtype
FNDA:1,_RNvNtNtCs9bl5tPvrGPp_4koan8builtins4attr13body_type_lhs
FNDA:24,_RNvNtNtCs9bl5tPvrGPp_4koan8builtins4attr13wrapped_field
FNDA:22,_RNvNtNtCs9bl5tPvrGPp_4koan8builtins4attr15body_identifier
FNDA:45,_RNvNtNtCs9bl5tPvrGPp_4koan8builtins4attr15read_field_name
FNDA:0,_RNvNtNtCs9bl5tPvrGPp_4koan8builtins4attr18access_type_member
FNDA:23,_RNvNtNtCs9bl5tPvrGPp_4koan8builtins4attr20access_module_member
FNDA:43,_RNvNtNtCs9bl5tPvrGPp_4koan8builtins4attr5route
FNDA:554,_RNvNtNtCs9bl5tPvrGPp_4koan8builtins4attr8register
FNDA:3,_RNCNvNtNtCs9bl5tPvrGPp_4koan8builtins4attr12access_field0B7_
FNDA:0,_RNCNvNtNtCs9bl5tPvrGPp_4koan8builtins4attr12access_fields_0B7_
FNDA:0,_RNCNvNtNtCs9bl5tPvrGPp_4koan8builtins4attr15body_identifier0B7_
FNDA:2,_RNCNvNtNtCs9bl5tPvrGPp_4koan8builtins4attr20access_module_member0B7_
FNDA:554,_RNCNvNtNtCs9bl5tPvrGPp_4koan8builtins4attr8register0B7_
FNDA:554,_RNCNvNtNtCs9bl5tPvrGPp_4koan8builtins4attr8registers0_0B7_
FNDA:554,_RNCNvNtNtCs9bl5tPvrGPp_4koan8builtins4attr8registers1_0B7_
FNDA:554,_RNCNvNtNtCs9bl5tPvrGPp_4koan8builtins4attr8registers2_0B7_
FNDA:554,_RNCNvNtNtCs9bl5tPvrGPp_4koan8builtins4attr8registers3_0B7_
FNDA:554,_RNCNvNtNtCs9bl5tPvrGPp_4koan8builtins4attr8registers_0B7_
FNF:33
FNH:30
DA:33,51
DA:34,51
DA:35,51
DA:36,51
DA:37,51
DA:41,54
DA:43,54
DA:44,42
DA:45,42
DA:46,0
DA:47,0
DA:48,0
DA:49,0
DA:50,0
DA:52,12
DA:53,12
DA:54,12
DA:55,12
DA:56,0
DA:58,0
DA:59,0
DA:60,54
DA:66,24
DA:67,24
DA:68,24
DA:70,24
DA:71,24
DA:72,0
DA:73,0
DA:74,0
DA:75,0
DA:76,0
DA:77,0
DA:79,0
DA:81,24
DA:86,24
DA:87,19
DA:88,19
DA:89,19
DA:90,19
DA:91,0
DA:92,0
DA:93,0
DA:94,19
DA:95,5
DA:96,5
DA:97,0
DA:98,3
DA:100,0
DA:103,0
DA:105,0
DA:106,0
DA:108,2
DA:109,2
DA:110,24
DA:118,1
DA:119,1
DA:120,1
DA:122,1
DA:123,1
DA:125,0
DA:126,0
DA:127,0
DA:128,0
DA:129,0
DA:130,0
DA:131,0
DA:135,1
DA:136,1
DA:137,1
DA:140,0
DA:141,0
DA:142,0
DA:144,1
DA:145,1
DA:146,1
DA:147,1
DA:148,1
DA:149,1
DA:150,1
DA:151,1
DA:154,0
DA:156,1
DA:159,2
DA:160,2
DA:161,2
DA:163,2
DA:164,2
DA:165,0
DA:167,2
DA:173,2
DA:174,2
DA:176,0
DA:177,0
DA:178,0
DA:179,0
DA:180,0
DA:182,0
DA:185,2
DA:188,27
DA:189,27
DA:190,27
DA:192,27
DA:193,27
DA:195,0
DA:196,0
DA:197,0
DA:198,0
DA:199,0
DA:200,0
DA:201,0
DA:202,0
DA:203,0
DA:204,0
DA:205,0
DA:209,27
DA:210,27
DA:211,27
DA:216,0
DA:217,0
DA:218,0
DA:221,0
DA:222,0
DA:223,0
DA:225,0
DA:226,0
DA:227,0
DA:228,0
DA:229,0
DA:230,0
DA:231,0
DA:232,0
DA:234,0
DA:235,0
DA:236,0
DA:237,0
DA:238,0
DA:239,0
DA:240,0
DA:241,0
DA:242,0
DA:243,0
DA:244,0
DA:245,0
DA:251,0
DA:253,0
DA:254,0
DA:255,0
DA:256,0
DA:257,0
DA:258,0
DA:260,0
DA:271,25
DA:272,25
DA:273,21
DA:274,20
DA:275,17
DA:276,3
DA:277,3
DA:278,3
DA:279,3
DA:280,3
DA:282,1
DA:284,4
DA:285,4
DA:286,4
DA:287,4
DA:288,4
DA:290,25
DA:298,21
DA:299,21
DA:300,21
DA:301,21
DA:302,21
DA:303,21
DA:304,21
DA:305,14
DA:306,14
DA:307,11
DA:308,3
DA:309,3
DA:310,3
DA:311,3
DA:312,0
DA:314,3
DA:315,3
DA:317,3
DA:318,0
DA:320,3
DA:322,0
DA:325,0
DA:326,0
DA:327,0
DA:328,0
DA:329,0
DA:330,0
DA:331,0
DA:332,0
DA:333,0
DA:334,0
DA:336,0
DA:337,0
DA:339,0
DA:340,0
DA:342,0
DA:345,21
DA:368,30
DA:369,30
DA:370,30
DA:374,10
DA:375,10
DA:376,5
DA:377,5
DA:379,5
DA:380,5
DA:381,5
DA:386,20
DA:393,20
DA:395,17
DA:396,17
DA:397,17
DA:399,17
DA:410,2
DA:411,2
DA:413,2
DA:414,2
DA:415,2
DA:417,2
DA:418,2
DA:419,2
DA:420,2
DA:421,2
DA:422,2
DA:423,2
DA:424,2
DA:425,2
DA:427,0
DA:428,2
DA:430,15
DA:431,15
DA:432,15
DA:433,15
DA:434,15
DA:435,15
DA:438,2
DA:439,2
DA:440,2
DA:441,2
DA:442,2
DA:443,2
DA:444,2
DA:445,2
DA:446,1
DA:447,1
DA:448,1
DA:449,1
DA:451,30
DA:453,614
DA:454,614
DA:455,614
DA:456,614
DA:457,614
DA:458,614
DA:459,614
DA:460,614
DA:463,614
DA:464,614
DA:465,614
DA:466,614
DA:467,614
DA:468,614
DA:469,614
DA:470,614
DA:473,614
DA:482,614
DA:483,614
DA:484,614
DA:485,614
DA:486,614
DA:487,614
DA:488,614
DA:491,614
DA:492,614
DA:493,614
DA:494,614
DA:495,614
DA:496,614
DA:497,614
DA:498,614
DA:501,614
DA:502,614
DA:503,614
DA:504,614
DA:505,614
DA:506,614
DA:507,614
DA:508,614
DA:511,614
DA:513,614
DA:514,614
DA:515,614
DA:516,614
DA:517,614
DA:518,614
DA:519,614
DA:522,614
DA:525,614
DA:526,614
DA:527,614
DA:528,614
DA:529,614
DA:530,614
DA:531,614
DA:541,1
DA:542,1
DA:543,1
DA:544,1
DA:545,1
DA:546,1
DA:548,1
DA:549,1
DA:550,1
DA:553,1
DA:554,1
DA:555,1
DA:556,1
DA:557,1
DA:558,1
DA:560,1
DA:561,1
DA:562,1
DA:565,1
DA:566,1
DA:567,1
DA:568,1
DA:569,1
DA:570,1
DA:571,1
DA:572,1
DA:573,1
DA:574,1
DA:576,1
DA:577,1
DA:578,1
DA:581,1
DA:582,1
DA:583,1
DA:584,1
DA:585,1
DA:586,1
DA:589,1
DA:592,1
DA:593,1
DA:594,1
DA:595,1
DA:596,1
DA:597,1
DA:598,1
DA:599,1
DA:600,1
DA:601,1
DA:603,0
DA:605,1
DA:608,1
DA:609,1
DA:610,1
DA:611,1
DA:612,1
DA:613,1
DA:615,1
DA:616,1
DA:617,1
DA:618,1
DA:621,1
DA:624,1
DA:625,1
DA:626,1
DA:627,1
DA:628,1
DA:629,1
DA:630,1
DA:631,1
DA:632,1
DA:633,1
DA:635,1
DA:636,1
DA:637,1
DA:638,1
DA:641,1
DA:645,1
DA:646,1
DA:647,1
DA:648,1
DA:649,1
DA:650,1
DA:651,1
DA:652,1
DA:653,1
DA:655,1
DA:656,1
DA:657,1
DA:661,1
DA:662,1
DA:663,1
DA:664,1
DA:665,1
DA:666,1
DA:667,1
DA:669,1
DA:670,1
DA:671,1
DA:672,1
DA:673,1
DA:674,1
DA:676,0
DA:678,1
DA:684,1
DA:685,1
DA:686,1
DA:687,1
DA:688,1
DA:689,1
DA:690,1
DA:691,1
DA:693,1
DA:694,1
DA:695,1
DA:698,0
DA:700,1
DA:705,1
DA:706,1
DA:707,1
DA:708,1
DA:709,1
DA:710,1
DA:711,1
DA:712,1
DA:714,1
DA:715,1
DA:716,1
DA:718,0
DA:720,1
DA:726,1
DA:727,1
DA:728,1
DA:729,1
DA:730,1
DA:731,1
DA:732,1
DA:733,1
DA:734,1
DA:736,1
DA:737,1
DA:738,1
DA:739,1
DA:742,1
BRF:0
BRH:0
LF:465
LH:354
end_of_record
SF:/var/home/jack/Code/koan/src/builtins/await_body.rs
FN:30,_RINvNtNtCsbv2TPaIhNiJ_4koan8builtins10await_body19await_body_in_scopeNCNvNtB4_10module_def4body0EB6_
FN:30,_RINvNtNtCsbv2TPaIhNiJ_4koan8builtins10await_body19await_body_in_scopeNCNvNtB4_15recursive_types4bodys_0EB6_
FN:30,_RINvNtNtCsbv2TPaIhNiJ_4koan8builtins10await_body19await_body_in_scopeNCNvNtB4_7sig_def4body0EB6_
FN:36,_RNCINvNtNtCsbv2TPaIhNiJ_4koan8builtins10await_body19await_body_in_scopeNCNvNtB6_10module_def4body0E0B8_
FN:36,_RNCINvNtNtCsbv2TPaIhNiJ_4koan8builtins10await_body19await_body_in_scopeNCNvNtB6_15recursive_types4bodys_0E0B8_
FN:36,_RNCINvNtNtCsbv2TPaIhNiJ_4koan8builtins10await_body19await_body_in_scopeNCNvNtB6_7sig_def4body0E0B8_
FN:30,_RINvNtNtCs9bl5tPvrGPp_4koan8builtins10await_body19await_body_in_scopeNCNvNtB4_10module_def4body0EB6_
FN:30,_RINvNtNtCs9bl5tPvrGPp_4koan8builtins10await_body19await_body_in_scopeNCNvNtB4_15recursive_types4bodys_0EB6_
FN:30,_RINvNtNtCs9bl5tPvrGPp_4koan8builtins10await_body19await_body_in_scopeNCNvNtB4_7sig_def4body0EB6_
FN:36,_RNCINvNtNtCs9bl5tPvrGPp_4koan8builtins10await_body19await_body_in_scopeNCNvNtB6_10module_def4body0E0B8_
FN:36,_RNCINvNtNtCs9bl5tPvrGPp_4koan8builtins10await_body19await_body_in_scopeNCNvNtB6_15recursive_types4bodys_0E0B8_
FN:36,_RNCINvNtNtCs9bl5tPvrGPp_4koan8builtins10await_body19await_body_in_scopeNCNvNtB6_7sig_def4body0E0B8_
FNDA:21,_RINvNtNtCsbv2TPaIhNiJ_4koan8builtins10await_body19await_body_in_scopeNCNvNtB4_10module_def4body0EB6_
FNDA:0,_RINvNtNtCsbv2TPaIhNiJ_4koan8builtins10await_body19await_body_in_scopeNCNvNtB4_15recursive_types4bodys_0EB6_
FNDA:15,_RINvNtNtCsbv2TPaIhNiJ_4koan8builtins10await_body19await_body_in_scopeNCNvNtB4_7sig_def4body0EB6_
FNDA:20,_RNCINvNtNtCsbv2TPaIhNiJ_4koan8builtins10await_body19await_body_in_scopeNCNvNtB6_10module_def4body0E0B8_
FNDA:0,_RNCINvNtNtCsbv2TPaIhNiJ_4koan8builtins10await_body19await_body_in_scopeNCNvNtB6_15recursive_types4bodys_0E0B8_
FNDA:15,_RNCINvNtNtCsbv2TPaIhNiJ_4koan8builtins10await_body19await_body_in_scopeNCNvNtB6_7sig_def4body0E0B8_
FNDA:84,_RINvNtNtCs9bl5tPvrGPp_4koan8builtins10await_body19await_body_in_scopeNCNvNtB4_10module_def4body0EB6_
FNDA:4,_RINvNtNtCs9bl5tPvrGPp_4koan8builtins10await_body19await_body_in_scopeNCNvNtB4_15recursive_types4bodys_0EB6_
FNDA:70,_RINvNtNtCs9bl5tPvrGPp_4koan8builtins10await_body19await_body_in_scopeNCNvNtB4_7sig_def4body0EB6_
FNDA:82,_RNCINvNtNtCs9bl5tPvrGPp_4koan8builtins10await_body19await_body_in_scopeNCNvNtB6_10module_def4body0E0B8_
FNDA:3,_RNCINvNtNtCs9bl5tPvrGPp_4koan8builtins10await_body19await_body_in_scopeNCNvNtB6_15recursive_types4bodys_0E0B8_
FNDA:68,_RNCINvNtNtCs9bl5tPvrGPp_4koan8builtins10await_body19await_body_in_scopeNCNvNtB6_7sig_def4body0E0B8_
FNF:2
FNH:2
DA:30,194
DA:31,194
DA:32,194
DA:33,194
DA:34,194
DA:35,194
DA:36,194
DA:37,188
DA:38,185
DA:39,185
DA:40,188
DA:41,188
DA:42,194
DA:43,194
DA:44,194
DA:45,194
DA:46,194
DA:47,194
DA:48,194
DA:49,194
BRF:0
BRH:0
LF:21
LH:21
end_of_record
SF:/var/home/jack/Code/koan/src/builtins/block_tail.rs
FN:42,_RNvNtNtCsbv2TPaIhNiJ_4koan8builtins10block_tail10block_tail
FN:59,_RNCNvNtNtCsbv2TPaIhNiJ_4koan8builtins10block_tail10block_tail0B7_
FN:42,_RNvNtNtCs9bl5tPvrGPp_4koan8builtins10block_tail10block_tail
FN:59,_RNCNvNtNtCs9bl5tPvrGPp_4koan8builtins10block_tail10block_tail0B7_
FNDA:5,_RNvNtNtCsbv2TPaIhNiJ_4koan8builtins10block_tail10block_tail
FNDA:4,_RNCNvNtNtCsbv2TPaIhNiJ_4koan8builtins10block_tail10block_tail0B7_
FNDA:132,_RNvNtNtCs9bl5tPvrGPp_4koan8builtins10block_tail10block_tail
FNDA:113,_RNCNvNtNtCs9bl5tPvrGPp_4koan8builtins10block_tail10block_tail0B7_
FNF:2
FNH:2
DA:42,137
DA:43,137
DA:44,137
DA:45,137
DA:46,137
DA:47,137
DA:48,137
DA:49,137
DA:51,8
DA:52,8
DA:55,117
DA:56,0
DA:58,117
DA:59,117
DA:60,0
DA:61,117
DA:63,12
DA:64,12
DA:65,12
DA:66,12
DA:67,12
DA:70,137
DA:71,8
DA:72,129
DA:73,129
DA:74,129
DA:75,129
DA:76,129
DA:77,129
DA:80,137
DA:81,137
DA:82,137
DA:83,137
DA:84,137
DA:85,137
DA:86,137
DA:87,137
BRF:0
BRH:0
LF:38
LH:36
end_of_record
SF:/var/home/jack/Code/koan/src/builtins/branch_walk.rs
FN:114,_RNCNCNvNtNtCsbv2TPaIhNiJ_4koan8builtins11branch_walk8arm_tail00B9_
FN:383,_RNCNvNtNtCsbv2TPaIhNiJ_4koan8builtins11branch_walk24find_branch_body_by_type0B7_
FN:461,_RNCNvNtNtCsbv2TPaIhNiJ_4koan8builtins11branch_walk24find_branch_body_by_types0_0B7_
FN:468,_RNCNvNtNtCsbv2TPaIhNiJ_4koan8builtins11branch_walk24find_branch_body_by_types1_0B7_
FN:485,_RNCNvNtNtCsbv2TPaIhNiJ_4koan8builtins11branch_walk24find_branch_body_by_types2_0B7_
FN:439,_RNCNvNtNtCsbv2TPaIhNiJ_4koan8builtins11branch_walk24find_branch_body_by_types_0B7_
FN:96,_RNCNvNtNtCsbv2TPaIhNiJ_4koan8builtins11branch_walk8arm_tail0B7_
FN:239,_RNvNtNtCsbv2TPaIhNiJ_4koan8builtins11branch_walk17resolve_head_type
FN:23,_RNvNtNtCsbv2TPaIhNiJ_4koan8builtins11branch_walk20resolve_arm_contract
FN:144,_RNvNtNtCsbv2TPaIhNiJ_4koan8builtins11branch_walk23find_branch_body_by_tag
FN:268,_RNvNtNtCsbv2TPaIhNiJ_4koan8builtins11branch_walk24find_branch_body_by_type
FN:81,_RNvNtNtCsbv2TPaIhNiJ_4koan8builtins11branch_walk8arm_tail
FN:114,_RNCNCNvNtNtCs9bl5tPvrGPp_4koan8builtins11branch_walk8arm_tail00B9_
FN:383,_RNCNvNtNtCs9bl5tPvrGPp_4koan8builtins11branch_walk24find_branch_body_by_type0B7_
FN:461,_RNCNvNtNtCs9bl5tPvrGPp_4koan8builtins11branch_walk24find_branch_body_by_types0_0B7_
FN:468,_RNCNvNtNtCs9bl5tPvrGPp_4koan8builtins11branch_walk24find_branch_body_by_types1_0B7_
FN:485,_RNCNvNtNtCs9bl5tPvrGPp_4koan8builtins11branch_walk24find_branch_body_by_types2_0B7_
FN:439,_RNCNvNtNtCs9bl5tPvrGPp_4koan8builtins11branch_walk24find_branch_body_by_types_0B7_
FN:96,_RNCNvNtNtCs9bl5tPvrGPp_4koan8builtins11branch_walk8arm_tail0B7_
FN:239,_RNvNtNtCs9bl5tPvrGPp_4koan8builtins11branch_walk17resolve_head_type
FN:23,_RNvNtNtCs9bl5tPvrGPp_4koan8builtins11branch_walk20resolve_arm_contract
FN:144,_RNvNtNtCs9bl5tPvrGPp_4koan8builtins11branch_walk23find_branch_body_by_tag
FN:268,_RNvNtNtCs9bl5tPvrGPp_4koan8builtins11branch_walk24find_branch_body_by_type
FN:81,_RNvNtNtCs9bl5tPvrGPp_4koan8builtins11branch_walk8arm_tail
FNDA:2,_RNCNCNvNtNtCsbv2TPaIhNiJ_4koan8builtins11branch_walk8arm_tail00B9_
FNDA:0,_RNCNvNtNtCsbv2TPaIhNiJ_4koan8builtins11branch_walk24find_branch_body_by_type0B7_
FNDA:2,_RNCNvNtNtCsbv2TPaIhNiJ_4koan8builtins11branch_walk24find_branch_body_by_types0_0B7_
FNDA:1,_RNCNvNtNtCsbv2TPaIhNiJ_4koan8builtins11branch_walk24find_branch_body_by_types1_0B7_
FNDA:0,_RNCNvNtNtCsbv2TPaIhNiJ_4koan8builtins11branch_walk24find_branch_body_by_types2_0B7_
FNDA:0,_RNCNvNtNtCsbv2TPaIhNiJ_4koan8builtins11branch_walk24find_branch_body_by_types_0B7_
FNDA:4,_RNCNvNtNtCsbv2TPaIhNiJ_4koan8builtins11branch_walk8arm_tail0B7_
FNDA:0,_RNvNtNtCsbv2TPaIhNiJ_4koan8builtins11branch_walk17resolve_head_type
FNDA:4,_RNvNtNtCsbv2TPaIhNiJ_4koan8builtins11branch_walk20resolve_arm_contract
FNDA:1,_RNvNtNtCsbv2TPaIhNiJ_4koan8builtins11branch_walk23find_branch_body_by_tag
FNDA:3,_RNvNtNtCsbv2TPaIhNiJ_4koan8builtins11branch_walk24find_branch_body_by_type
FNDA:4,_RNvNtNtCsbv2TPaIhNiJ_4koan8builtins11branch_walk8arm_tail
FNDA:98,_RNCNCNvNtNtCs9bl5tPvrGPp_4koan8builtins11branch_walk8arm_tail00B9_
FNDA:2,_RNCNvNtNtCs9bl5tPvrGPp_4koan8builtins11branch_walk24find_branch_body_by_type0B7_
FNDA:175,_RNCNvNtNtCs9bl5tPvrGPp_4koan8builtins11branch_walk24find_branch_body_by_types0_0B7_
FNDA:90,_RNCNvNtNtCs9bl5tPvrGPp_4koan8builtins11branch_walk24find_branch_body_by_types1_0B7_
FNDA:2,_RNCNvNtNtCs9bl5tPvrGPp_4koan8builtins11branch_walk24find_branch_body_by_types2_0B7_
FNDA:2,_RNCNvNtNtCs9bl5tPvrGPp_4koan8builtins11branch_walk24find_branch_body_by_types_0B7_
FNDA:113,_RNCNvNtNtCs9bl5tPvrGPp_4koan8builtins11branch_walk8arm_tail0B7_
FNDA:15,_RNvNtNtCs9bl5tPvrGPp_4koan8builtins11branch_walk17resolve_head_type
FNDA:124,_RNvNtNtCs9bl5tPvrGPp_4koan8builtins11branch_walk20resolve_arm_contract
FNDA:19,_RNvNtNtCs9bl5tPvrGPp_4koan8builtins11branch_walk23find_branch_body_by_tag
FNDA:105,_RNvNtNtCs9bl5tPvrGPp_4koan8builtins11branch_walk24find_branch_body_by_type
FNDA:113,_RNvNtNtCs9bl5tPvrGPp_4koan8builtins11branch_walk8arm_tail
FNF:12
FNH:12
DA:23,128
DA:24,128
DA:25,128
DA:26,128
DA:28,128
DA:29,0
DA:30,0
DA:31,0
DA:35,0
DA:36,0
DA:37,0
DA:38,0
DA:42,128
DA:44,0
DA:45,0
DA:46,0
DA:50,128
DA:51,128
DA:52,128
DA:54,128
DA:81,117
DA:82,117
DA:83,117
DA:84,117
DA:85,117
DA:86,117
DA:90,117
DA:96,117
DA:97,117
DA:99,17
DA:100,17
DA:101,17
DA:102,17
DA:103,17
DA:104,17
DA:106,100
DA:113,100
DA:114,100
DA:115,100
DA:116,13
DA:117,87
DA:118,81
DA:119,6
DA:120,0
DA:123,100
DA:124,100
DA:125,100
DA:126,100
DA:127,100
DA:130,117
DA:131,117
DA:132,117
DA:133,117
DA:134,117
DA:135,117
DA:136,117
DA:137,117
DA:139,117
DA:144,20
DA:145,20
DA:146,20
DA:147,20
DA:148,20
DA:149,20
DA:150,20
DA:151,0
DA:152,0
DA:153,0
DA:154,0
DA:155,20
DA:156,20
DA:157,20
DA:158,29
DA:159,24
DA:160,24
DA:161,24
DA:162,24
DA:164,20
DA:167,0
DA:168,0
DA:169,0
DA:171,0
DA:175,4
DA:176,0
DA:177,0
DA:178,0
DA:179,0
DA:180,0
DA:183,24
DA:184,24
DA:185,0
DA:186,0
DA:187,0
DA:188,0
DA:189,0
DA:192,24
DA:193,22
DA:194,2
DA:195,2
DA:196,2
DA:197,2
DA:198,2
DA:201,22
DA:202,13
DA:203,9
DA:204,9
DA:205,4
DA:206,5
DA:207,9
DA:209,5
DA:210,20
DA:239,15
DA:240,15
DA:241,15
DA:242,15
DA:243,15
DA:244,15
DA:245,13
DA:246,2
DA:247,2
DA:248,2
DA:249,2
DA:251,15
DA:268,108
DA:269,108
DA:270,108
DA:271,108
DA:272,108
DA:273,108
DA:274,108
DA:275,108
DA:276,0
DA:277,0
DA:278,0
DA:279,0
DA:280,108
DA:284,108
DA:286,84
DA:288,84
DA:289,84
DA:290,84
DA:291,6
DA:292,6
DA:293,6
DA:294,18
DA:313,108
DA:314,108
DA:316,108
DA:317,316
DA:318,210
DA:319,210
DA:320,210
DA:322,210
DA:323,210
DA:324,0
DA:325,0
DA:326,0
DA:327,0
DA:328,0
DA:331,210
DA:332,210
DA:333,0
DA:334,0
DA:335,0
DA:336,0
DA:337,0
DA:341,20
DA:344,20
DA:345,20
DA:346,10
DA:347,10
DA:348,10
DA:351,10
DA:355,190
DA:356,190
DA:357,190
DA:364,165
DA:365,164
DA:366,164
DA:367,164
DA:368,164
DA:369,164
DA:370,164
DA:371,164
DA:372,164
DA:373,164
DA:374,164
DA:375,164
DA:377,1
DA:378,0
DA:380,1
DA:381,1
DA:382,1
DA:383,2
DA:384,1
DA:385,1
DA:386,1
DA:387,1
DA:388,1
DA:389,1
DA:390,1
DA:393,0
DA:394,0
DA:395,0
DA:396,0
DA:397,0
DA:398,0
DA:404,11
DA:405,11
DA:406,6
DA:407,6
DA:408,6
DA:409,6
DA:410,6
DA:411,6
DA:414,14
DA:415,13
DA:416,13
DA:417,13
DA:418,13
DA:419,13
DA:420,13
DA:424,0
DA:425,0
DA:426,0
DA:427,0
DA:428,0
DA:431,208
DA:436,106
DA:437,1
DA:438,1
DA:439,2
DA:440,1
DA:441,1
DA:442,1
DA:443,1
DA:444,1
DA:445,1
DA:446,105
DA:447,105
DA:448,14
DA:449,14
DA:450,14
DA:451,14
DA:452,91
DA:459,91
DA:460,91
DA:461,177
DA:462,91
DA:463,91
DA:464,3
DA:465,88
DA:466,88
DA:467,88
DA:468,91
DA:469,88
DA:470,88
DA:471,88
DA:472,87
DA:473,87
DA:474,87
DA:475,87
DA:476,87
DA:477,87
DA:478,87
DA:479,87
DA:480,87
DA:483,1
DA:484,1
DA:485,2
DA:486,1
DA:487,1
DA:488,1
DA:489,1
DA:490,1
DA:491,1
DA:494,108
BRF:0
BRH:0
LF:284
LH:229
end_of_record
SF:/var/home/jack/Code/koan/src/builtins/catch.rs
FN:94,_RNCNCNvNtNtCsbv2TPaIhNiJ_4koan8builtins5catch4body00B9_
FN:118,_RNCNCNvNtNtCsbv2TPaIhNiJ_4koan8builtins5catch4body0s0_0B9_
FN:106,_RNCNCNvNtNtCsbv2TPaIhNiJ_4koan8builtins5catch4body0s_0B9_
FN:61,_RNCNvNtNtCsbv2TPaIhNiJ_4koan8builtins5catch4body0B7_
FN:64,_RNvNCNvNtNtCsbv2TPaIhNiJ_4koan8builtins5catch4body012build_result
FN:39,_RNvNtNtCsbv2TPaIhNiJ_4koan8builtins5catch4body
FN:16,_RNvNtNtCsbv2TPaIhNiJ_4koan8builtins5catch8register
FN:94,_RNCNCNvNtNtCs9bl5tPvrGPp_4koan8builtins5catch4body00B9_
FN:118,_RNCNCNvNtNtCs9bl5tPvrGPp_4koan8builtins5catch4body0s0_0B9_
FN:106,_RNCNCNvNtNtCs9bl5tPvrGPp_4koan8builtins5catch4body0s_0B9_
FN:61,_RNCNvNtNtCs9bl5tPvrGPp_4koan8builtins5catch4body0B7_
FN:64,_RNvNCNvNtNtCs9bl5tPvrGPp_4koan8builtins5catch4body012build_result
FN:39,_RNvNtNtCs9bl5tPvrGPp_4koan8builtins5catch4body
FN:16,_RNvNtNtCs9bl5tPvrGPp_4koan8builtins5catch8register
FNDA:0,_RNCNCNvNtNtCsbv2TPaIhNiJ_4koan8builtins5catch4body00B9_
FNDA:0,_RNCNCNvNtNtCsbv2TPaIhNiJ_4koan8builtins5catch4body0s0_0B9_
FNDA:0,_RNCNCNvNtNtCsbv2TPaIhNiJ_4koan8builtins5catch4body0s_0B9_
FNDA:0,_RNCNvNtNtCsbv2TPaIhNiJ_4koan8builtins5catch4body0B7_
FNDA:0,_RNvNCNvNtNtCsbv2TPaIhNiJ_4koan8builtins5catch4body012build_result
FNDA:0,_RNvNtNtCsbv2TPaIhNiJ_4koan8builtins5catch4body
FNDA:60,_RNvNtNtCsbv2TPaIhNiJ_4koan8builtins5catch8register
FNDA:3,_RNCNCNvNtNtCs9bl5tPvrGPp_4koan8builtins5catch4body00B9_
FNDA:5,_RNCNCNvNtNtCs9bl5tPvrGPp_4koan8builtins5catch4body0s0_0B9_
FNDA:5,_RNCNCNvNtNtCs9bl5tPvrGPp_4koan8builtins5catch4body0s_0B9_
FNDA:8,_RNCNvNtNtCs9bl5tPvrGPp_4koan8builtins5catch4body0B7_
FNDA:8,_RNvNCNvNtNtCs9bl5tPvrGPp_4koan8builtins5catch4body012build_result
FNDA:8,_RNvNtNtCs9bl5tPvrGPp_4koan8builtins5catch4body
FNDA:554,_RNvNtNtCs9bl5tPvrGPp_4koan8builtins5catch8register
FNF:7
FNH:7
DA:16,614
DA:22,614
DA:23,614
DA:24,0
DA:26,614
DA:27,614
DA:28,614
DA:29,614
DA:30,614
DA:31,614
DA:32,614
DA:34,614
DA:35,614
DA:39,8
DA:40,8
DA:41,8
DA:51,8
DA:54,8
DA:55,8
DA:56,0
DA:60,8
DA:61,8
DA:64,8
DA:65,8
DA:66,8
DA:67,0
DA:69,8
DA:70,8
DA:71,8
DA:72,8
DA:73,8
DA:74,8
DA:75,8
DA:76,8
DA:81,8
DA:82,8
DA:83,8
DA:84,8
DA:85,8
DA:86,8
DA:87,8
DA:88,8
DA:91,3
DA:92,3
DA:93,3
DA:94,3
DA:95,3
DA:96,3
DA:97,3
DA:98,3
DA:99,3
DA:100,3
DA:101,3
DA:105,5
DA:106,5
DA:107,5
DA:108,5
DA:109,5
DA:110,5
DA:111,5
DA:112,5
DA:115,5
DA:116,5
DA:117,5
DA:118,5
DA:119,5
DA:120,5
DA:121,5
DA:122,5
DA:123,5
DA:124,5
DA:125,5
DA:129,8
DA:130,8
DA:131,8
DA:132,8
DA:133,8
DA:134,8
DA:135,8
DA:136,8
DA:137,8
DA:138,8
BRF:0
BRH:0
LF:84
LH:81
end_of_record
SF:/var/home/jack/Code/koan/src/builtins/eval.rs
FN:15,_RNvNtNtCsbv2TPaIhNiJ_4koan8builtins4eval4body
FN:47,_RNvNtNtCsbv2TPaIhNiJ_4koan8builtins4eval8register
FN:60,_RNvNtNtNtCs9bl5tPvrGPp_4koan8builtins4eval5tests11run_program
FN:117,_RNvNtNtNtCs9bl5tPvrGPp_4koan8builtins4eval5testss_21recursive_eval_no_uaf
FN:69,_RNvNtNtNtCs9bl5tPvrGPp_4koan8builtins4eval5testss_22eval_of_quoted_literal
FN:103,_RNvNtNtNtCs9bl5tPvrGPp_4koan8builtins4eval5testss_34multiline_sigil_collapse_roundtrip
FN:109,_RNvNtNtNtCs9bl5tPvrGPp_4koan8builtins4eval5testss_35eval_returns_inner_expression_value
FN:97,_RNvNtNtNtCs9bl5tPvrGPp_4koan8builtins4eval5testss_37eval_runs_side_effects_in_quoted_body
FN:75,_RNvNtNtNtCs9bl5tPvrGPp_4koan8builtins4eval5testss_38eval_of_function_returning_kexpression
FN:84,_RNvNtNtNtCs9bl5tPvrGPp_4koan8builtins4eval5testss_49eval_of_non_kexpression_errors_with_type_mismatch
FN:15,_RNvNtNtCs9bl5tPvrGPp_4koan8builtins4eval4body
FN:47,_RNvNtNtCs9bl5tPvrGPp_4koan8builtins4eval8register
FNDA:0,_RNvNtNtCsbv2TPaIhNiJ_4koan8builtins4eval4body
FNDA:60,_RNvNtNtCsbv2TPaIhNiJ_4koan8builtins4eval8register
FNDA:6,_RNvNtNtNtCs9bl5tPvrGPp_4koan8builtins4eval5tests11run_program
FNDA:1,_RNvNtNtNtCs9bl5tPvrGPp_4koan8builtins4eval5testss_21recursive_eval_no_uaf
FNDA:1,_RNvNtNtNtCs9bl5tPvrGPp_4koan8builtins4eval5testss_22eval_of_quoted_literal
FNDA:1,_RNvNtNtNtCs9bl5tPvrGPp_4koan8builtins4eval5testss_34multiline_sigil_collapse_roundtrip
FNDA:1,_RNvNtNtNtCs9bl5tPvrGPp_4koan8builtins4eval5testss_35eval_returns_inner_expression_value
FNDA:1,_RNvNtNtNtCs9bl5tPvrGPp_4koan8builtins4eval5testss_37eval_runs_side_effects_in_quoted_body
FNDA:1,_RNvNtNtNtCs9bl5tPvrGPp_4koan8builtins4eval5testss_38eval_of_function_returning_kexpression
FNDA:1,_RNvNtNtNtCs9bl5tPvrGPp_4koan8builtins4eval5testss_49eval_of_non_kexpression_errors_with_type_mismatch
FNDA:9,_RNvNtNtCs9bl5tPvrGPp_4koan8builtins4eval4body
FNDA:554,_RNvNtNtCs9bl5tPvrGPp_4koan8builtins4eval8register
FNF:10
FNH:10
DA:15,9
DA:16,9
DA:17,9
DA:22,9
DA:23,8
DA:24,1
DA:25,1
DA:26,1
DA:27,1
DA:28,1
DA:29,1
DA:31,0
DA:37,8
DA:38,8
DA:39,8
DA:40,8
DA:41,8
DA:42,8
DA:43,8
DA:45,9
DA:47,614
DA:48,614
DA:49,614
DA:50,614
DA:60,6
DA:61,6
DA:62,6
DA:63,6
DA:64,6
DA:65,6
DA:66,6
DA:69,1
DA:70,1
DA:71,1
DA:72,1
DA:75,1
DA:76,1
DA:77,1
DA:78,1
DA:80,1
DA:81,1
DA:84,1
DA:85,1
DA:86,1
DA:87,1
DA:88,1
DA:89,1
DA:90,1
DA:91,1
DA:94,1
DA:97,1
DA:98,1
DA:99,1
DA:100,1
DA:103,1
DA:104,1
DA:105,1
DA:106,1
DA:109,1
DA:112,1
DA:113,1
DA:114,1
DA:117,1
DA:121,1
DA:122,1
DA:123,1
DA:124,1
DA:125,1
DA:126,1
DA:127,1
DA:129,1
DA:130,1
BRF:0
BRH:0
LF:72
LH:71
end_of_record
SF:/var/home/jack/Code/koan/src/builtins/fn_def.rs
FN:62,_RNvNtNtCsbv2TPaIhNiJ_4koan8builtins6fn_def13build_fn_like
FN:142,_RNvNtNtCsbv2TPaIhNiJ_4koan8builtins6fn_def18body_record_schema
FN:23,_RNvNtNtCsbv2TPaIhNiJ_4koan8builtins6fn_def19collect_param_types
FN:127,_RNvNtNtCsbv2TPaIhNiJ_4koan8builtins6fn_def4body
FN:205,_RNvNtNtCsbv2TPaIhNiJ_4koan8builtins6fn_def8register
FN:165,_RNCNvNtNtCsbv2TPaIhNiJ_4koan8builtins6fn_def18body_record_schema0B7_
FN:228,_RNCNvNtNtCsbv2TPaIhNiJ_4koan8builtins6fn_def8register0B7_
FN:262,_RNCNvNtNtCsbv2TPaIhNiJ_4koan8builtins6fn_def8registers0_0B7_
FN:245,_RNCNvNtNtCsbv2TPaIhNiJ_4koan8builtins6fn_def8registers_0B7_
FN:62,_RNvNtNtCs9bl5tPvrGPp_4koan8builtins6fn_def13build_fn_like
FN:142,_RNvNtNtCs9bl5tPvrGPp_4koan8builtins6fn_def18body_record_schema
FN:23,_RNvNtNtCs9bl5tPvrGPp_4koan8builtins6fn_def19collect_param_types
FN:127,_RNvNtNtCs9bl5tPvrGPp_4koan8builtins6fn_def4body
FN:205,_RNvNtNtCs9bl5tPvrGPp_4koan8builtins6fn_def8register
FN:165,_RNCNvNtNtCs9bl5tPvrGPp_4koan8builtins6fn_def18body_record_schema0B7_
FN:228,_RNCNvNtNtCs9bl5tPvrGPp_4koan8builtins6fn_def8register0B7_
FN:262,_RNCNvNtNtCs9bl5tPvrGPp_4koan8builtins6fn_def8registers0_0B7_
FN:245,_RNCNvNtNtCs9bl5tPvrGPp_4koan8builtins6fn_def8registers_0B7_
FNDA:36,_RNvNtNtCsbv2TPaIhNiJ_4koan8builtins6fn_def13build_fn_like
FNDA:0,_RNvNtNtCsbv2TPaIhNiJ_4koan8builtins6fn_def18body_record_schema
FNDA:7,_RNvNtNtCsbv2TPaIhNiJ_4koan8builtins6fn_def19collect_param_types
FNDA:29,_RNvNtNtCsbv2TPaIhNiJ_4koan8builtins6fn_def4body
FNDA:60,_RNvNtNtCsbv2TPaIhNiJ_4koan8builtins6fn_def8register
FNDA:0,_RNCNvNtNtCsbv2TPaIhNiJ_4koan8builtins6fn_def18body_record_schema0B7_
FNDA:60,_RNCNvNtNtCsbv2TPaIhNiJ_4koan8builtins6fn_def8register0B7_
FNDA:60,_RNCNvNtNtCsbv2TPaIhNiJ_4koan8builtins6fn_def8registers0_0B7_
FNDA:60,_RNCNvNtNtCsbv2TPaIhNiJ_4koan8builtins6fn_def8registers_0B7_
FNDA:281,_RNvNtNtCs9bl5tPvrGPp_4koan8builtins6fn_def13build_fn_like
FNDA:8,_RNvNtNtCs9bl5tPvrGPp_4koan8builtins6fn_def18body_record_schema
FNDA:18,_RNvNtNtCs9bl5tPvrGPp_4koan8builtins6fn_def19collect_param_types
FNDA:263,_RNvNtNtCs9bl5tPvrGPp_4koan8builtins6fn_def4body
FNDA:554,_RNvNtNtCs9bl5tPvrGPp_4koan8builtins6fn_def8register
FNDA:7,_RNCNvNtNtCs9bl5tPvrGPp_4koan8builtins6fn_def18body_record_schema0B7_
FNDA:554,_RNCNvNtNtCs9bl5tPvrGPp_4koan8builtins6fn_def8register0B7_
FNDA:554,_RNCNvNtNtCs9bl5tPvrGPp_4koan8builtins6fn_def8registers0_0B7_
FNDA:554,_RNCNvNtNtCs9bl5tPvrGPp_4koan8builtins6fn_def8registers_0B7_
FNF:9
FNH:9
DA:23,25
DA:24,25
DA:25,25
DA:26,25
DA:28,25
DA:29,25
DA:30,25
DA:31,25
DA:32,75
DA:33,50
DA:34,7
DA:35,18
DA:36,25
DA:38,50
DA:39,25
DA:40,25
DA:41,25
DA:42,25
DA:43,25
DA:44,0
DA:45,0
DA:46,25
DA:47,25
DA:48,25
DA:49,25
DA:51,25
DA:52,25
DA:62,317
DA:63,317
DA:64,317
DA:65,317
DA:66,317
DA:71,317
DA:72,317
DA:73,317
DA:74,317
DA:75,317
DA:76,25
DA:77,292
DA:79,317
DA:80,317
DA:81,317
DA:82,317
DA:83,317
DA:84,317
DA:85,317
DA:86,317
DA:87,314
DA:88,2
DA:89,312
DA:90,312
DA:91,231
DA:92,4
DA:93,4
DA:96,77
DA:97,77
DA:98,77
DA:99,77
DA:100,77
DA:101,77
DA:103,308
DA:104,308
DA:106,202
DA:107,202
DA:108,202
DA:109,202
DA:110,202
DA:111,202
DA:112,202
DA:113,202
DA:114,202
DA:116,106
DA:118,317
DA:127,292
DA:128,292
DA:129,292
DA:130,292
DA:131,292
DA:142,8
DA:143,8
DA:144,8
DA:149,8
DA:150,7
DA:151,1
DA:152,1
DA:153,1
DA:154,1
DA:155,1
DA:158,0
DA:159,0
DA:160,0
DA:163,7
DA:164,7
DA:165,7
DA:166,7
DA:167,7
DA:168,7
DA:169,7
DA:170,7
DA:171,7
DA:172,7
DA:173,7
DA:174,7
DA:175,7
DA:176,7
DA:177,7
DA:178,7
DA:179,7
DA:180,7
DA:181,7
DA:182,7
DA:183,7
DA:184,7
DA:185,7
DA:186,7
DA:187,7
DA:188,7
DA:189,7
DA:190,7
DA:192,0
DA:193,0
DA:194,0
DA:195,0
DA:196,0
DA:197,0
DA:198,0
DA:199,0
DA:203,8
DA:205,614
DA:228,614
DA:229,614
DA:230,614
DA:231,614
DA:232,614
DA:233,614
DA:234,614
DA:235,614
DA:236,614
DA:237,614
DA:240,614
DA:245,614
DA:246,614
DA:247,614
DA:248,614
DA:249,614
DA:250,614
DA:251,614
DA:252,614
DA:253,614
DA:254,614
DA:257,614
DA:262,614
DA:263,614
DA:264,614
DA:265,614
DA:266,614
DA:267,614
DA:268,614
DA:269,614
DA:270,614
DA:271,614
DA:274,614
DA:276,614
DA:277,614
DA:278,614
DA:279,614
DA:280,614
DA:281,614
DA:282,614
DA:285,614
DA:286,614
DA:287,614
DA:288,614
DA:289,614
DA:290,614
DA:291,614
DA:294,614
DA:295,614
DA:296,614
DA:297,614
DA:298,614
DA:299,614
DA:300,614
DA:303,614
BRF:0
BRH:0
LF:188
LH:175
end_of_record
SF:/var/home/jack/Code/koan/src/builtins/fn_def/finalize.rs
FN:193,_RNvNtNtNtCsbv2TPaIhNiJ_4koan8builtins6fn_def8finalize21finalize_fn_with_kind
FN:282,_RNvNtNtNtCsbv2TPaIhNiJ_4koan8builtins6fn_def8finalize5defer
FN:89,_RNvNtNtNtCsbv2TPaIhNiJ_4koan8builtins6fn_def8finalize8classify
FN:267,_RNvNtNtNtCsbv2TPaIhNiJ_4koan8builtins6fn_def8finalize9fn_action
FN:219,_RNCNvNtNtNtCsbv2TPaIhNiJ_4koan8builtins6fn_def8finalize21finalize_fn_with_kind0B9_
FN:324,_RNCNvNtNtNtCsbv2TPaIhNiJ_4koan8builtins6fn_def8finalize5defer0B9_
FN:193,_RNvNtNtNtCs9bl5tPvrGPp_4koan8builtins6fn_def8finalize21finalize_fn_with_kind
FN:282,_RNvNtNtNtCs9bl5tPvrGPp_4koan8builtins6fn_def8finalize5defer
FN:89,_RNvNtNtNtCs9bl5tPvrGPp_4koan8builtins6fn_def8finalize8classify
FN:267,_RNvNtNtNtCs9bl5tPvrGPp_4koan8builtins6fn_def8finalize9fn_action
FN:219,_RNCNvNtNtNtCs9bl5tPvrGPp_4koan8builtins6fn_def8finalize21finalize_fn_with_kind0B9_
FN:324,_RNCNvNtNtNtCs9bl5tPvrGPp_4koan8builtins6fn_def8finalize5defer0B9_
FNDA:36,_RNvNtNtNtCsbv2TPaIhNiJ_4koan8builtins6fn_def8finalize21finalize_fn_with_kind
FNDA:13,_RNvNtNtNtCsbv2TPaIhNiJ_4koan8builtins6fn_def8finalize5defer
FNDA:36,_RNvNtNtNtCsbv2TPaIhNiJ_4koan8builtins6fn_def8finalize8classify
FNDA:36,_RNvNtNtNtCsbv2TPaIhNiJ_4koan8builtins6fn_def8finalize9fn_action
FNDA:36,_RNCNvNtNtNtCsbv2TPaIhNiJ_4koan8builtins6fn_def8finalize21finalize_fn_with_kind0B9_
FNDA:13,_RNCNvNtNtNtCsbv2TPaIhNiJ_4koan8builtins6fn_def8finalize5defer0B9_
FNDA:277,_RNvNtNtNtCs9bl5tPvrGPp_4koan8builtins6fn_def8finalize21finalize_fn_with_kind
FNDA:93,_RNvNtNtNtCs9bl5tPvrGPp_4koan8builtins6fn_def8finalize5defer
FNDA:279,_RNvNtNtNtCs9bl5tPvrGPp_4koan8builtins6fn_def8finalize8classify
FNDA:277,_RNvNtNtNtCs9bl5tPvrGPp_4koan8builtins6fn_def8finalize9fn_action
FNDA:282,_RNCNvNtNtNtCs9bl5tPvrGPp_4koan8builtins6fn_def8finalize21finalize_fn_with_kind0B9_
FNDA:93,_RNCNvNtNtNtCs9bl5tPvrGPp_4koan8builtins6fn_def8finalize5defer0B9_
FNF:6
FNH:6
DA:89,315
DA:90,315
DA:91,191
DA:92,191
DA:93,191
DA:94,191
DA:95,18
DA:96,18
DA:97,18
DA:98,18
DA:99,29
DA:101,29
DA:102,29
DA:103,29
DA:104,29
DA:105,29
DA:106,29
DA:107,29
DA:110,69
DA:112,69
DA:113,69
DA:115,69
DA:116,69
DA:117,69
DA:118,69
DA:119,69
DA:120,69
DA:121,69
DA:123,0
DA:125,0
DA:126,0
DA:128,0
DA:129,0
DA:130,0
DA:131,0
DA:132,0
DA:133,0
DA:134,0
DA:135,0
DA:136,0
DA:138,8
DA:140,8
DA:141,8
DA:146,8
DA:147,8
DA:148,8
DA:149,8
DA:150,8
DA:151,8
DA:152,8
DA:154,0
DA:157,0
DA:158,0
DA:159,0
DA:160,0
DA:161,0
DA:162,0
DA:163,0
DA:167,0
DA:168,0
DA:171,0
DA:172,0
DA:175,0
DA:176,0
DA:177,0
DA:178,0
DA:179,0
DA:180,0
DA:181,0
DA:182,0
DA:185,315
DA:193,313
DA:194,313
DA:195,313
DA:196,313
DA:197,313
DA:198,313
DA:199,313
DA:200,313
DA:201,313
DA:204,313
DA:205,23
DA:206,21
DA:207,1
DA:208,1
DA:209,1
DA:210,1
DA:211,1
DA:212,20
DA:213,2
DA:214,290
DA:219,318
DA:220,304
DA:221,14
DA:222,318
DA:224,312
DA:225,312
DA:226,312
DA:227,312
DA:229,312
DA:230,312
DA:231,312
DA:232,312
DA:233,312
DA:234,312
DA:235,312
DA:236,312
DA:237,312
DA:241,312
DA:242,312
DA:243,312
DA:244,312
DA:245,305
DA:246,304
DA:248,1
DA:249,1
DA:250,1
DA:251,1
DA:254,304
DA:255,7
DA:262,309
DA:263,313
DA:267,313
DA:268,313
DA:269,313
DA:270,313
DA:271,309
DA:272,4
DA:274,313
DA:282,106
DA:283,106
DA:284,106
DA:285,106
DA:286,106
DA:287,106
DA:288,106
DA:293,106
DA:294,106
DA:295,106
DA:296,106
DA:297,106
DA:298,106
DA:302,106
DA:303,106
DA:304,106
DA:305,106
DA:306,106
DA:307,106
DA:308,106
DA:309,37
DA:310,37
DA:311,37
DA:312,37
DA:313,37
DA:314,69
DA:315,106
DA:316,106
DA:317,76
DA:318,76
DA:319,76
DA:320,76
DA:321,76
DA:322,76
DA:323,76
DA:324,106
DA:325,106
DA:326,106
DA:327,76
DA:328,76
DA:329,1
DA:330,1
DA:331,1
DA:332,1
DA:333,1
DA:334,75
DA:341,75
DA:342,75
DA:343,75
DA:345,105
DA:346,104
DA:347,105
DA:348,104
DA:349,0
DA:351,104
DA:352,104
DA:353,104
DA:354,0
DA:355,0
DA:358,0
DA:359,0
DA:360,0
DA:361,0
DA:366,104
DA:367,104
DA:368,104
DA:369,104
DA:370,104
DA:371,104
DA:372,104
DA:374,106
DA:375,106
DA:376,106
BRF:0
BRH:0
LF:204
LH:165
end_of_record
SF:/var/home/jack/Code/koan/src/builtins/fn_def/param_refs.rs
FN:21,_RNvNtNtNtCsbv2TPaIhNiJ_4koan8builtins6fn_def10param_refs19part_references_any
FN:11,_RNvNtNtNtCsbv2TPaIhNiJ_4koan8builtins6fn_def10param_refs24type_expr_references_any
FN:15,_RNvNtNtNtCsbv2TPaIhNiJ_4koan8builtins6fn_def10param_refs26kexpression_references_any
FN:23,_RNCNvNtNtNtCsbv2TPaIhNiJ_4koan8builtins6fn_def10param_refs19part_references_any0B9_
FN:32,_RNCNvNtNtNtCsbv2TPaIhNiJ_4koan8builtins6fn_def10param_refs19part_references_anys0_0B9_
FN:39,_RNCNvNtNtNtCsbv2TPaIhNiJ_4koan8builtins6fn_def10param_refs19part_references_anys1_0B9_
FN:30,_RNCNvNtNtNtCsbv2TPaIhNiJ_4koan8builtins6fn_def10param_refs19part_references_anys_0B9_
FN:12,_RNCNvNtNtNtCsbv2TPaIhNiJ_4koan8builtins6fn_def10param_refs24type_expr_references_any0B9_
FN:18,_RNCNvNtNtNtCsbv2TPaIhNiJ_4koan8builtins6fn_def10param_refs26kexpression_references_any0B9_
FN:23,_RNCNvNtNtNtCs9bl5tPvrGPp_4koan8builtins6fn_def10param_refs19part_references_any0B9_
FN:32,_RNCNvNtNtNtCs9bl5tPvrGPp_4koan8builtins6fn_def10param_refs19part_references_anys0_0B9_
FN:39,_RNCNvNtNtNtCs9bl5tPvrGPp_4koan8builtins6fn_def10param_refs19part_references_anys1_0B9_
FN:30,_RNCNvNtNtNtCs9bl5tPvrGPp_4koan8builtins6fn_def10param_refs19part_references_anys_0B9_
FN:12,_RNCNvNtNtNtCs9bl5tPvrGPp_4koan8builtins6fn_def10param_refs24type_expr_references_any0B9_
FN:18,_RNCNvNtNtNtCs9bl5tPvrGPp_4koan8builtins6fn_def10param_refs26kexpression_references_any0B9_
FN:21,_RNvNtNtNtCs9bl5tPvrGPp_4koan8builtins6fn_def10param_refs19part_references_any
FN:11,_RNvNtNtNtCs9bl5tPvrGPp_4koan8builtins6fn_def10param_refs24type_expr_references_any
FN:15,_RNvNtNtNtCs9bl5tPvrGPp_4koan8builtins6fn_def10param_refs26kexpression_references_any
FNDA:18,_RNvNtNtNtCsbv2TPaIhNiJ_4koan8builtins6fn_def10param_refs19part_references_any
FNDA:12,_RNvNtNtNtCsbv2TPaIhNiJ_4koan8builtins6fn_def10param_refs24type_expr_references_any
FNDA:6,_RNvNtNtNtCsbv2TPaIhNiJ_4koan8builtins6fn_def10param_refs26kexpression_references_any
FNDA:0,_RNCNvNtNtNtCsbv2TPaIhNiJ_4koan8builtins6fn_def10param_refs19part_references_any0B9_
FNDA:0,_RNCNvNtNtNtCsbv2TPaIhNiJ_4koan8builtins6fn_def10param_refs19part_references_anys0_0B9_
FNDA:0,_RNCNvNtNtNtCsbv2TPaIhNiJ_4koan8builtins6fn_def10param_refs19part_references_anys1_0B9_
FNDA:0,_RNCNvNtNtNtCsbv2TPaIhNiJ_4koan8builtins6fn_def10param_refs19part_references_anys_0B9_
FNDA:12,_RNCNvNtNtNtCsbv2TPaIhNiJ_4koan8builtins6fn_def10param_refs24type_expr_references_any0B9_
FNDA:18,_RNCNvNtNtNtCsbv2TPaIhNiJ_4koan8builtins6fn_def10param_refs26kexpression_references_any0B9_
FNDA:8,_RNCNvNtNtNtCs9bl5tPvrGPp_4koan8builtins6fn_def10param_refs19part_references_any0B9_
FNDA:1,_RNCNvNtNtNtCs9bl5tPvrGPp_4koan8builtins6fn_def10param_refs19part_references_anys0_0B9_
FNDA:5,_RNCNvNtNtNtCs9bl5tPvrGPp_4koan8builtins6fn_def10param_refs19part_references_anys1_0B9_
FNDA:1,_RNCNvNtNtNtCs9bl5tPvrGPp_4koan8builtins6fn_def10param_refs19part_references_anys_0B9_
FNDA:55,_RNCNvNtNtNtCs9bl5tPvrGPp_4koan8builtins6fn_def10param_refs24type_expr_references_any0B9_
FNDA:143,_RNCNvNtNtNtCs9bl5tPvrGPp_4koan8builtins6fn_def10param_refs26kexpression_references_any0B9_
FNDA:151,_RNvNtNtNtCs9bl5tPvrGPp_4koan8builtins6fn_def10param_refs19part_references_any
FNDA:71,_RNvNtNtNtCs9bl5tPvrGPp_4koan8builtins6fn_def10param_refs24type_expr_references_any
FNDA:54,_RNvNtNtNtCs9bl5tPvrGPp_4koan8builtins6fn_def10param_refs26kexpression_references_any
FNF:9
FNH:9
DA:11,83
DA:12,83
DA:13,83
DA:15,60
DA:16,60
DA:17,60
DA:18,161
DA:19,60
DA:21,169
DA:22,169
DA:23,10
DA:24,68
DA:25,9
DA:26,1
DA:28,0
DA:29,1
DA:30,1
DA:32,1
DA:33,1
DA:34,1
DA:37,4
DA:38,4
DA:39,5
DA:40,75
DA:42,169
BRF:0
BRH:0
LF:31
LH:30
end_of_record
SF:/var/home/jack/Code/koan/src/builtins/fn_def/return_type.rs
FN:215,_RNvNtNtNtCsbv2TPaIhNiJ_4koan8builtins6fn_def11return_type12make_capture
FN:91,_RNvNtNtNtCsbv2TPaIhNiJ_4koan8builtins6fn_def11return_type20classify_return_type
FN:150,_RNvNtNtNtCsbv2TPaIhNiJ_4koan8builtins6fn_def11return_type20verdict_for_resolved
FN:58,_RNvNtNtNtCsbv2TPaIhNiJ_4koan8builtins6fn_def11return_type23extract_return_type_raw
FN:222,_RNvNtNtNtCsbv2TPaIhNiJ_4koan8builtins6fn_def11return_type25resolve_capture_at_finish
FN:165,_RNvNtNtNtCsbv2TPaIhNiJ_4koan8builtins6fn_def11return_type30verdict_for_deferred_type_expr
FN:190,_RNvNtNtNtCsbv2TPaIhNiJ_4koan8builtins6fn_def11return_type31verdict_for_deferred_expression
FN:231,_RNCNvNtNtNtCsbv2TPaIhNiJ_4koan8builtins6fn_def11return_type25resolve_capture_at_finish0B9_
FN:191,_RNCNvNtNtNtCsbv2TPaIhNiJ_4koan8builtins6fn_def11return_type31verdict_for_deferred_expression0B9_
FN:231,_RNCNvNtNtNtCs9bl5tPvrGPp_4koan8builtins6fn_def11return_type25resolve_capture_at_finish0B9_
FN:191,_RNCNvNtNtNtCs9bl5tPvrGPp_4koan8builtins6fn_def11return_type31verdict_for_deferred_expression0B9_
FN:215,_RNvNtNtNtCs9bl5tPvrGPp_4koan8builtins6fn_def11return_type12make_capture
FN:91,_RNvNtNtNtCs9bl5tPvrGPp_4koan8builtins6fn_def11return_type20classify_return_type
FN:150,_RNvNtNtNtCs9bl5tPvrGPp_4koan8builtins6fn_def11return_type20verdict_for_resolved
FN:58,_RNvNtNtNtCs9bl5tPvrGPp_4koan8builtins6fn_def11return_type23extract_return_type_raw
FN:222,_RNvNtNtNtCs9bl5tPvrGPp_4koan8builtins6fn_def11return_type25resolve_capture_at_finish
FN:165,_RNvNtNtNtCs9bl5tPvrGPp_4koan8builtins6fn_def11return_type30verdict_for_deferred_type_expr
FN:190,_RNvNtNtNtCs9bl5tPvrGPp_4koan8builtins6fn_def11return_type31verdict_for_deferred_expression
FNDA:0,_RNvNtNtNtCsbv2TPaIhNiJ_4koan8builtins6fn_def11return_type12make_capture
FNDA:36,_RNvNtNtNtCsbv2TPaIhNiJ_4koan8builtins6fn_def11return_type20classify_return_type
FNDA:31,_RNvNtNtNtCsbv2TPaIhNiJ_4koan8builtins6fn_def11return_type20verdict_for_resolved
FNDA:36,_RNvNtNtNtCsbv2TPaIhNiJ_4koan8builtins6fn_def11return_type23extract_return_type_raw
FNDA:13,_RNvNtNtNtCsbv2TPaIhNiJ_4koan8builtins6fn_def11return_type25resolve_capture_at_finish
FNDA:0,_RNvNtNtNtCsbv2TPaIhNiJ_4koan8builtins6fn_def11return_type30verdict_for_deferred_type_expr
FNDA:0,_RNvNtNtNtCsbv2TPaIhNiJ_4koan8builtins6fn_def11return_type31verdict_for_deferred_expression
FNDA:0,_RNCNvNtNtNtCsbv2TPaIhNiJ_4koan8builtins6fn_def11return_type25resolve_capture_at_finish0B9_
FNDA:0,_RNCNvNtNtNtCsbv2TPaIhNiJ_4koan8builtins6fn_def11return_type31verdict_for_deferred_expression0B9_
FNDA:0,_RNCNvNtNtNtCs9bl5tPvrGPp_4koan8builtins6fn_def11return_type25resolve_capture_at_finish0B9_
FNDA:1,_RNCNvNtNtNtCs9bl5tPvrGPp_4koan8builtins6fn_def11return_type31verdict_for_deferred_expression0B9_
FNDA:0,_RNvNtNtNtCs9bl5tPvrGPp_4koan8builtins6fn_def11return_type12make_capture
FNDA:288,_RNvNtNtNtCs9bl5tPvrGPp_4koan8builtins6fn_def11return_type20classify_return_type
FNDA:234,_RNvNtNtNtCs9bl5tPvrGPp_4koan8builtins6fn_def11return_type20verdict_for_resolved
FNDA:288,_RNvNtNtNtCs9bl5tPvrGPp_4koan8builtins6fn_def11return_type23extract_return_type_raw
FNDA:92,_RNvNtNtNtCs9bl5tPvrGPp_4koan8builtins6fn_def11return_type25resolve_capture_at_finish
FNDA:2,_RNvNtNtNtCs9bl5tPvrGPp_4koan8builtins6fn_def11return_type30verdict_for_deferred_type_expr
FNDA:1,_RNvNtNtNtCs9bl5tPvrGPp_4koan8builtins6fn_def11return_type31verdict_for_deferred_expression
FNF:9
FNH:7
DA:58,324
DA:60,324
DA:61,274
DA:62,15
DA:63,259
DA:65,50
DA:66,50
DA:68,0
DA:69,0
DA:70,0
DA:71,0
DA:73,324
DA:91,324
DA:92,324
DA:93,324
DA:94,324
DA:95,324
DA:96,324
DA:97,324
DA:98,324
DA:99,259
DA:100,259
DA:101,259
DA:103,15
DA:104,15
DA:105,6
DA:106,2
DA:107,4
DA:109,6
DA:110,9
DA:113,9
DA:114,6
DA:115,0
DA:118,3
DA:119,3
DA:122,6
DA:123,6
DA:124,6
DA:126,0
DA:128,6
DA:130,50
DA:131,50
DA:132,13
DA:133,1
DA:134,12
DA:136,13
DA:137,13
DA:138,13
DA:139,13
DA:141,37
DA:142,37
DA:143,37
DA:144,37
DA:148,324
DA:150,265
DA:151,265
DA:152,264
DA:154,1
DA:155,1
DA:156,1
DA:157,1
DA:159,265
DA:165,2
DA:166,2
DA:167,2
DA:168,2
DA:171,2
DA:172,2
DA:173,2
DA:175,0
DA:176,0
DA:177,0
DA:178,0
DA:179,0
DA:180,0
DA:183,0
DA:185,2
DA:190,1
DA:191,1
DA:192,1
DA:193,0
DA:194,1
DA:195,1
DA:196,1
DA:197,1
DA:198,1
DA:199,1
DA:200,1
DA:201,1
DA:202,1
DA:203,0
DA:204,0
DA:205,0
DA:206,0
DA:207,0
DA:208,0
DA:209,0
DA:210,0
DA:211,0
DA:213,1
DA:215,0
DA:216,0
DA:217,0
DA:222,105
DA:223,105
DA:224,105
DA:225,105
DA:226,105
DA:227,105
DA:228,68
DA:229,0
DA:230,0
DA:231,0
DA:232,0
DA:233,0
DA:234,0
DA:236,0
DA:237,37
DA:238,37
DA:246,36
DA:247,36
DA:250,105
BRF:0
BRH:0
LF:124
LH:90
end_of_record
SF:/var/home/jack/Code/koan/src/builtins/fn_def/signature.rs
FN:209,_RNCNvNtNtNtCsbv2TPaIhNiJ_4koan8builtins6fn_def9signature13binder_bucket0B9_
FN:227,_RNCNvNtNtNtCsbv2TPaIhNiJ_4koan8builtins6fn_def9signature13binder_buckets_0B9_
FN:194,_RNvNtNtNtCsbv2TPaIhNiJ_4koan8builtins6fn_def9signature13binder_bucket
FN:62,_RNvNtNtNtCsbv2TPaIhNiJ_4koan8builtins6fn_def9signature19parse_fn_param_list
FN:252,_RNvNtNtNtCsbv2TPaIhNiJ_4koan8builtins6fn_def9signature19signature_expr_part
FN:12,_RNvNtNtNtCsbv2TPaIhNiJ_4koan8builtins6fn_def9signature34collect_param_names_from_signature
FN:194,_RNvNtNtNtCs9bl5tPvrGPp_4koan8builtins6fn_def9signature13binder_bucket
FN:62,_RNvNtNtNtCs9bl5tPvrGPp_4koan8builtins6fn_def9signature19parse_fn_param_list
FN:252,_RNvNtNtNtCs9bl5tPvrGPp_4koan8builtins6fn_def9signature19signature_expr_part
FN:12,_RNvNtNtNtCs9bl5tPvrGPp_4koan8builtins6fn_def9signature34collect_param_names_from_signature
FN:209,_RNCNvNtNtNtCs9bl5tPvrGPp_4koan8builtins6fn_def9signature13binder_bucket0B9_
FN:227,_RNCNvNtNtNtCs9bl5tPvrGPp_4koan8builtins6fn_def9signature13binder_buckets_0B9_
FNDA:66,_RNCNvNtNtNtCsbv2TPaIhNiJ_4koan8builtins6fn_def9signature13binder_bucket0B9_
FNDA:10,_RNCNvNtNtNtCsbv2TPaIhNiJ_4koan8builtins6fn_def9signature13binder_buckets_0B9_
FNDA:72,_RNvNtNtNtCsbv2TPaIhNiJ_4koan8builtins6fn_def9signature13binder_bucket
FNDA:49,_RNvNtNtNtCsbv2TPaIhNiJ_4koan8builtins6fn_def9signature19parse_fn_param_list
FNDA:72,_RNvNtNtNtCsbv2TPaIhNiJ_4koan8builtins6fn_def9signature19signature_expr_part
FNDA:36,_RNvNtNtNtCsbv2TPaIhNiJ_4koan8builtins6fn_def9signature34collect_param_names_from_signature
FNDA:571,_RNvNtNtNtCs9bl5tPvrGPp_4koan8builtins6fn_def9signature13binder_bucket
FNDA:367,_RNvNtNtNtCs9bl5tPvrGPp_4koan8builtins6fn_def9signature19parse_fn_param_list
FNDA:571,_RNvNtNtNtCs9bl5tPvrGPp_4koan8builtins6fn_def9signature19signature_expr_part
FNDA:281,_RNvNtNtNtCs9bl5tPvrGPp_4koan8builtins6fn_def9signature34collect_param_names_from_signature
FNDA:365,_RNCNvNtNtNtCs9bl5tPvrGPp_4koan8builtins6fn_def9signature13binder_bucket0B9_
FNDA:62,_RNCNvNtNtNtCs9bl5tPvrGPp_4koan8builtins6fn_def9signature13binder_buckets_0B9_
FNF:6
FNH:6
DA:12,317
DA:13,317
DA:14,317
DA:15,317
DA:16,892
DA:17,575
DA:18,220
DA:19,36
DA:20,319
DA:22,575
DA:23,256
DA:24,256
DA:25,254
DA:32,256
DA:33,254
DA:34,254
DA:35,254
DA:36,2
DA:37,319
DA:38,321
DA:40,317
DA:41,317
DA:62,416
DA:63,416
DA:64,416
DA:65,416
DA:66,416
DA:67,416
DA:68,416
DA:69,416
DA:70,416
DA:71,416
DA:72,1176
DA:75,762
DA:76,307
DA:77,37
DA:78,418
DA:80,762
DA:81,418
DA:82,418
DA:83,418
DA:84,418
DA:85,344
DA:86,344
DA:87,342
DA:88,191
DA:89,191
DA:90,188
DA:91,188
DA:92,188
DA:93,188
DA:94,188
DA:95,188
DA:96,1
DA:97,1
DA:98,1
DA:99,2
DA:100,2
DA:101,2
DA:102,2
DA:103,0
DA:105,191
DA:107,1
DA:108,1
DA:109,1
DA:110,1
DA:111,63
DA:112,63
DA:113,63
DA:114,63
DA:115,63
DA:116,63
DA:117,63
DA:118,63
DA:119,63
DA:120,63
DA:121,12
DA:122,12
DA:123,12
DA:124,12
DA:125,12
DA:126,12
DA:127,12
DA:128,12
DA:129,12
DA:130,75
DA:134,75
DA:135,75
DA:136,75
DA:137,75
DA:138,75
DA:139,75
DA:140,75
DA:141,75
DA:142,0
DA:143,0
DA:144,0
DA:145,0
DA:146,0
DA:147,0
DA:148,0
DA:153,2
DA:154,2
DA:155,2
DA:156,2
DA:160,0
DA:161,0
DA:162,0
DA:163,0
DA:164,0
DA:166,0
DA:167,0
DA:168,0
DA:169,0
DA:170,0
DA:174,414
DA:175,2
DA:176,412
DA:177,412
DA:178,77
DA:179,77
DA:180,77
DA:181,77
DA:182,335
DA:183,335
DA:184,416
DA:194,643
DA:195,643
DA:196,643
DA:198,643
DA:199,627
DA:200,627
DA:201,627
DA:202,1765
DA:203,1138
DA:204,631
DA:205,631
DA:206,631
DA:207,631
DA:209,435
DA:210,0
DA:211,431
DA:218,431
DA:219,435
DA:220,431
DA:221,431
DA:222,431
DA:223,4
DA:224,4
DA:227,72
DA:228,0
DA:229,72
DA:236,72
DA:237,72
DA:238,72
DA:239,72
DA:240,72
DA:241,0
DA:242,0
DA:244,0
DA:245,0
DA:246,0
DA:249,627
DA:250,643
DA:252,643
DA:253,643
DA:254,643
DA:255,627
DA:256,16
DA:258,643
BRF:0
BRH:0
LF:172
LH:147
end_of_record
SF:/var/home/jack/Code/koan/src/builtins/functor_def.rs
FN:23,_RNvNtNtCsbv2TPaIhNiJ_4koan8builtins11functor_def4body
FN:29,_RNvNtNtCsbv2TPaIhNiJ_4koan8builtins11functor_def8register
FN:34,_RNCNvNtNtCsbv2TPaIhNiJ_4koan8builtins11functor_def8register0B7_
FN:49,_RNCNvNtNtCsbv2TPaIhNiJ_4koan8builtins11functor_def8registers_0B7_
FN:23,_RNvNtNtCs9bl5tPvrGPp_4koan8builtins11functor_def4body
FN:29,_RNvNtNtCs9bl5tPvrGPp_4koan8builtins11functor_def8register
FN:34,_RNCNvNtNtCs9bl5tPvrGPp_4koan8builtins11functor_def8register0B7_
FN:49,_RNCNvNtNtCs9bl5tPvrGPp_4koan8builtins11functor_def8registers_0B7_
FNDA:7,_RNvNtNtCsbv2TPaIhNiJ_4koan8builtins11functor_def4body
FNDA:60,_RNvNtNtCsbv2TPaIhNiJ_4koan8builtins11functor_def8register
FNDA:60,_RNCNvNtNtCsbv2TPaIhNiJ_4koan8builtins11functor_def8register0B7_
FNDA:60,_RNCNvNtNtCsbv2TPaIhNiJ_4koan8builtins11functor_def8registers_0B7_
FNDA:18,_RNvNtNtCs9bl5tPvrGPp_4koan8builtins11functor_def4body
FNDA:554,_RNvNtNtCs9bl5tPvrGPp_4koan8builtins11functor_def8register
FNDA:554,_RNCNvNtNtCs9bl5tPvrGPp_4koan8builtins11functor_def8register0B7_
FNDA:554,_RNCNvNtNtCs9bl5tPvrGPp_4koan8builtins11functor_def8registers_0B7_
FNF:4
FNH:4
DA:23,25
DA:24,25
DA:25,25
DA:26,25
DA:27,25
DA:29,614
DA:34,614
DA:35,614
DA:36,614
DA:37,614
DA:38,614
DA:39,614
DA:40,614
DA:41,614
DA:42,614
DA:43,614
DA:46,614
DA:49,614
DA:50,614
DA:51,614
DA:52,614
DA:53,614
DA:54,614
DA:55,614
DA:56,614
DA:57,614
DA:58,614
DA:61,614
DA:63,614
DA:64,614
DA:65,614
DA:66,614
DA:67,614
DA:68,614
DA:69,614
DA:70,614
DA:73,614
DA:74,614
DA:75,614
DA:76,614
DA:77,614
DA:78,614
DA:79,614
DA:82,614
BRF:0
BRH:0
LF:46
LH:46
end_of_record
SF:/var/home/jack/Code/koan/src/builtins/let_binding.rs
FN:207,_RNvNtNtCsbv2TPaIhNiJ_4koan8builtins11let_binding11binder_name
FN:186,_RNvNtNtCsbv2TPaIhNiJ_4koan8builtins11let_binding21capitalize_identifier
FN:15,_RNvNtNtCsbv2TPaIhNiJ_4koan8builtins11let_binding4body
FN:214,_RNvNtNtCsbv2TPaIhNiJ_4koan8builtins11let_binding8register
FN:21,_RNCNvNtNtCsbv2TPaIhNiJ_4koan8builtins11let_binding4body0B7_
FN:152,_RNCNvNtNtCsbv2TPaIhNiJ_4koan8builtins11let_binding4bodys0_0B7_
FN:111,_RNCNvNtNtCsbv2TPaIhNiJ_4koan8builtins11let_binding4bodys_0B7_
FN:215,_RNCNvNtNtCsbv2TPaIhNiJ_4koan8builtins11let_binding8register0B7_
FN:226,_RNCNvNtNtCsbv2TPaIhNiJ_4koan8builtins11let_binding8registers_0B7_
FN:21,_RNCNvNtNtCs9bl5tPvrGPp_4koan8builtins11let_binding4body0B7_
FN:152,_RNCNvNtNtCs9bl5tPvrGPp_4koan8builtins11let_binding4bodys0_0B7_
FN:111,_RNCNvNtNtCs9bl5tPvrGPp_4koan8builtins11let_binding4bodys_0B7_
FN:215,_RNCNvNtNtCs9bl5tPvrGPp_4koan8builtins11let_binding8register0B7_
FN:226,_RNCNvNtNtCs9bl5tPvrGPp_4koan8builtins11let_binding8registers_0B7_
FN:207,_RNvNtNtCs9bl5tPvrGPp_4koan8builtins11let_binding11binder_name
FN:186,_RNvNtNtCs9bl5tPvrGPp_4koan8builtins11let_binding21capitalize_identifier
FN:15,_RNvNtNtCs9bl5tPvrGPp_4koan8builtins11let_binding4body
FN:214,_RNvNtNtCs9bl5tPvrGPp_4koan8builtins11let_binding8register
FNDA:136,_RNvNtNtCsbv2TPaIhNiJ_4koan8builtins11let_binding11binder_name
FNDA:1,_RNvNtNtCsbv2TPaIhNiJ_4koan8builtins11let_binding21capitalize_identifier
FNDA:62,_RNvNtNtCsbv2TPaIhNiJ_4koan8builtins11let_binding4body
FNDA:60,_RNvNtNtCsbv2TPaIhNiJ_4koan8builtins11let_binding8register
FNDA:1,_RNCNvNtNtCsbv2TPaIhNiJ_4koan8builtins11let_binding4body0B7_
FNDA:12,_RNCNvNtNtCsbv2TPaIhNiJ_4koan8builtins11let_binding4bodys0_0B7_
FNDA:22,_RNCNvNtNtCsbv2TPaIhNiJ_4koan8builtins11let_binding4bodys_0B7_
FNDA:60,_RNCNvNtNtCsbv2TPaIhNiJ_4koan8builtins11let_binding8register0B7_
FNDA:60,_RNCNvNtNtCsbv2TPaIhNiJ_4koan8builtins11let_binding8registers_0B7_
FNDA:12,_RNCNvNtNtCs9bl5tPvrGPp_4koan8builtins11let_binding4body0B7_
FNDA:139,_RNCNvNtNtCs9bl5tPvrGPp_4koan8builtins11let_binding4bodys0_0B7_
FNDA:113,_RNCNvNtNtCs9bl5tPvrGPp_4koan8builtins11let_binding4bodys_0B7_
FNDA:554,_RNCNvNtNtCs9bl5tPvrGPp_4koan8builtins11let_binding8register0B7_
FNDA:554,_RNCNvNtNtCs9bl5tPvrGPp_4koan8builtins11let_binding8registers_0B7_
FNDA:843,_RNvNtNtCs9bl5tPvrGPp_4koan8builtins11let_binding11binder_name
FNDA:4,_RNvNtNtCs9bl5tPvrGPp_4koan8builtins11let_binding21capitalize_identifier
FNDA:398,_RNvNtNtCs9bl5tPvrGPp_4koan8builtins11let_binding4body
FNDA:554,_RNvNtNtCs9bl5tPvrGPp_4koan8builtins11let_binding8register
FNF:9
FNH:9
DA:15,460
DA:16,460
DA:17,460
DA:21,460
DA:22,460
DA:23,460
DA:24,460
DA:25,0
DA:27,460
DA:28,460
DA:29,321
DA:30,321
DA:31,4
DA:32,1
DA:33,1
DA:34,2
DA:36,4
DA:37,4
DA:38,4
DA:39,4
DA:40,4
DA:41,4
DA:42,4
DA:43,4
DA:44,317
DA:45,317
DA:47,139
DA:48,139
DA:49,138
DA:56,1
DA:57,1
DA:58,1
DA:59,1
DA:61,0
DA:63,135
DA:64,129
DA:65,9
DA:66,3
DA:67,3
DA:68,3
DA:69,3
DA:70,3
DA:73,135
DA:75,0
DA:76,0
DA:77,0
DA:78,0
DA:79,0
DA:80,0
DA:82,0
DA:84,452
DA:85,2
DA:86,2
DA:87,2
DA:88,2
DA:89,450
DA:90,450
DA:91,135
DA:92,6
DA:93,6
DA:94,6
DA:95,4
DA:97,135
DA:98,28
DA:99,28
DA:100,28
DA:101,28
DA:103,107
DA:109,135
DA:110,135
DA:111,135
DA:112,135
DA:113,135
DA:114,135
DA:115,135
DA:117,0
DA:118,135
DA:121,135
DA:122,135
DA:123,0
DA:125,135
DA:126,135
DA:127,135
DA:128,135
DA:130,315
DA:131,315
DA:132,315
DA:133,25
DA:134,1
DA:135,1
DA:136,1
DA:137,1
DA:138,1
DA:139,1
DA:140,314
DA:150,314
DA:151,314
DA:152,314
DA:153,314
DA:154,314
DA:155,314
DA:156,314
DA:158,314
DA:159,0
DA:161,314
DA:162,1
DA:163,1
DA:164,1
DA:165,1
DA:166,1
DA:167,313
DA:168,313
DA:169,1
DA:170,312
DA:174,312
DA:175,312
DA:176,312
DA:177,312
DA:178,312
DA:180,460
DA:186,5
DA:187,5
DA:188,5
DA:189,5
DA:190,5
DA:191,5
DA:192,5
DA:193,5
DA:195,0
DA:197,5
DA:207,979
DA:208,979
DA:209,834
DA:210,145
DA:212,979
DA:214,614
DA:215,614
DA:216,614
DA:217,614
DA:218,614
DA:219,614
DA:220,614
DA:221,614
DA:222,614
DA:225,614
DA:226,614
DA:227,614
DA:228,614
DA:229,614
DA:230,614
DA:231,614
DA:232,614
DA:233,614
DA:236,614
DA:237,614
DA:238,614
DA:239,614
DA:240,614
DA:241,614
DA:242,614
DA:243,614
DA:246,614
DA:247,614
DA:248,614
DA:249,614
DA:250,614
DA:251,614
DA:252,614
DA:255,614
BRF:0
BRH:0
LF:174
LH:161
end_of_record
SF:/var/home/jack/Code/koan/src/builtins/match_case.rs
FN:23,_RNvNtNtCsbv2TPaIhNiJ_4koan8builtins10match_case4body
FN:80,_RNvNtNtCsbv2TPaIhNiJ_4koan8builtins10match_case8register
FN:103,_RNvNtNtNtCs9bl5tPvrGPp_4koan8builtins10match_case5tests11run_program
FN:142,_RNvNtNtNtCs9bl5tPvrGPp_4koan8builtins10match_case5testss_25match_inexhaustive_errors
FN:122,_RNvNtNtNtCs9bl5tPvrGPp_4koan8builtins10match_case5testss_29match_binds_inner_value_to_it
FN:220,_RNvNtNtNtCs9bl5tPvrGPp_4koan8builtins10match_case5testss_29recursive_tagged_match_no_uaf
FN:235,_RNvNtNtNtCs9bl5tPvrGPp_4koan8builtins10match_case5testss_33match_on_bool_inexhaustive_errors
FN:204,_RNvNtNtNtCs9bl5tPvrGPp_4koan8builtins10match_case5testss_36match_on_bool_true_takes_true_branch
FN:132,_RNvNtNtNtCs9bl5tPvrGPp_4koan8builtins10match_case5testss_37match_does_not_run_unmatched_branches
FN:212,_RNvNtNtNtCs9bl5tPvrGPp_4koan8builtins10match_case5testss_38match_on_bool_false_takes_false_branch
FN:112,_RNvNtNtNtCs9bl5tPvrGPp_4koan8builtins10match_case5testss_40match_dispatches_branch_for_matching_tag
FN:361,_RNvNtNtNtCs9bl5tPvrGPp_4koan8builtins10match_case5testss_40match_on_bool_falls_through_to_typed_arm
FN:194,_RNvNtNtNtCs9bl5tPvrGPp_4koan8builtins10match_case5testss_40match_other_branch_runs_when_tag_matches
FN:307,_RNvNtNtNtCs9bl5tPvrGPp_4koan8builtins10match_case5testss_41match_f1_ambiguous_arms_error_naming_both
FN:293,_RNvNtNtNtCs9bl5tPvrGPp_4koan8builtins10match_case5testss_41match_f1_specific_arm_wins_over_broad_arm
FN:275,_RNvNtNtNtCs9bl5tPvrGPp_4koan8builtins10match_case5testss_41match_over_union_producer_selects_str_arm
FN:284,_RNvNtNtNtCs9bl5tPvrGPp_4koan8builtins10match_case5testss_44match_general_type_arm_on_untagged_scrutinee
FN:265,_RNvNtNtNtCs9bl5tPvrGPp_4koan8builtins10match_case5testss_44match_over_union_producer_selects_number_arm
FN:162,_RNvNtNtNtCs9bl5tPvrGPp_4koan8builtins10match_case5testss_47match_arm_violating_declared_return_type_errors
FN:250,_RNvNtNtNtCs9bl5tPvrGPp_4koan8builtins10match_case5testss_47multi_statement_match_branch_returns_last_value
FN:323,_RNvNtNtNtCs9bl5tPvrGPp_4koan8builtins10match_case5testss_54match_bogus_head_over_variant_scrutinee_lists_variants
FN:181,_RNvNtNtNtCs9bl5tPvrGPp_4koan8builtins10match_case5testss_54match_value_is_admissible_against_declared_return_slot
FN:344,_RNvNtNtNtCs9bl5tPvrGPp_4koan8builtins10match_case5testss_55match_bogus_head_over_non_variant_scrutinee_stays_short
FN:371,_RNvNtNtNtCs9bl5tPvrGPp_4koan8builtins10match_case5testss_55match_on_bool_two_admitting_literal_heads_are_ambiguous
FN:388,_RNvNtNtNtCs9bl5tPvrGPp_4koan8builtins10match_case5testss_59fn_recursion_with_multi_statement_body_via_match_terminates
FN:23,_RNvNtNtCs9bl5tPvrGPp_4koan8builtins10match_case4body
FN:80,_RNvNtNtCs9bl5tPvrGPp_4koan8builtins10match_case8register
FNDA:3,_RNvNtNtCsbv2TPaIhNiJ_4koan8builtins10match_case4body
FNDA:60,_RNvNtNtCsbv2TPaIhNiJ_4koan8builtins10match_case8register
FNDA:16,_RNvNtNtNtCs9bl5tPvrGPp_4koan8builtins10match_case5tests11run_program
FNDA:1,_RNvNtNtNtCs9bl5tPvrGPp_4koan8builtins10match_case5testss_25match_inexhaustive_errors
FNDA:1,_RNvNtNtNtCs9bl5tPvrGPp_4koan8builtins10match_case5testss_29match_binds_inner_value_to_it
FNDA:1,_RNvNtNtNtCs9bl5tPvrGPp_4koan8builtins10match_case5testss_29recursive_tagged_match_no_uaf
FNDA:1,_RNvNtNtNtCs9bl5tPvrGPp_4koan8builtins10match_case5testss_33match_on_bool_inexhaustive_errors
FNDA:1,_RNvNtNtNtCs9bl5tPvrGPp_4koan8builtins10match_case5testss_36match_on_bool_true_takes_true_branch
FNDA:1,_RNvNtNtNtCs9bl5tPvrGPp_4koan8builtins10match_case5testss_37match_does_not_run_unmatched_branches
FNDA:1,_RNvNtNtNtCs9bl5tPvrGPp_4koan8builtins10match_case5testss_38match_on_bool_false_takes_false_branch
FNDA:1,_RNvNtNtNtCs9bl5tPvrGPp_4koan8builtins10match_case5testss_40match_dispatches_branch_for_matching_tag
FNDA:1,_RNvNtNtNtCs9bl5tPvrGPp_4koan8builtins10match_case5testss_40match_on_bool_falls_through_to_typed_arm
FNDA:1,_RNvNtNtNtCs9bl5tPvrGPp_4koan8builtins10match_case5testss_40match_other_branch_runs_when_tag_matches
FNDA:1,_RNvNtNtNtCs9bl5tPvrGPp_4koan8builtins10match_case5testss_41match_f1_ambiguous_arms_error_naming_both
FNDA:1,_RNvNtNtNtCs9bl5tPvrGPp_4koan8builtins10match_case5testss_41match_f1_specific_arm_wins_over_broad_arm
FNDA:1,_RNvNtNtNtCs9bl5tPvrGPp_4koan8builtins10match_case5testss_41match_over_union_producer_selects_str_arm
FNDA:1,_RNvNtNtNtCs9bl5tPvrGPp_4koan8builtins10match_case5testss_44match_general_type_arm_on_untagged_scrutinee
FNDA:1,_RNvNtNtNtCs9bl5tPvrGPp_4koan8builtins10match_case5testss_44match_over_union_producer_selects_number_arm
FNDA:1,_RNvNtNtNtCs9bl5tPvrGPp_4koan8builtins10match_case5testss_47match_arm_violating_declared_return_type_errors
FNDA:1,_RNvNtNtNtCs9bl5tPvrGPp_4koan8builtins10match_case5testss_47multi_statement_match_branch_returns_last_value
FNDA:1,_RNvNtNtNtCs9bl5tPvrGPp_4koan8builtins10match_case5testss_54match_bogus_head_over_variant_scrutinee_lists_variants
FNDA:1,_RNvNtNtNtCs9bl5tPvrGPp_4koan8builtins10match_case5testss_54match_value_is_admissible_against_declared_return_slot
FNDA:1,_RNvNtNtNtCs9bl5tPvrGPp_4koan8builtins10match_case5testss_55match_bogus_head_over_non_variant_scrutinee_stays_short
FNDA:1,_RNvNtNtNtCs9bl5tPvrGPp_4koan8builtins10match_case5testss_55match_on_bool_two_admitting_literal_heads_are_ambiguous
FNDA:1,_RNvNtNtNtCs9bl5tPvrGPp_4koan8builtins10match_case5testss_59fn_recursion_with_multi_statement_body_via_match_terminates
FNDA:105,_RNvNtNtCs9bl5tPvrGPp_4koan8builtins10match_case4body
FNDA:554,_RNvNtNtCs9bl5tPvrGPp_4koan8builtins10match_case8register
FNF:25
FNH:25
DA:23,108
DA:24,108
DA:25,108
DA:31,108
DA:32,108
DA:34,0
DA:35,0
DA:36,0
DA:39,108
DA:40,108
DA:41,101
DA:42,108
DA:43,101
DA:45,3
DA:46,3
DA:47,3
DA:48,3
DA:50,4
DA:57,101
DA:58,101
DA:59,9
DA:60,92
DA:61,92
DA:62,87
DA:64,5
DA:66,92
DA:67,0
DA:68,0
DA:69,0
DA:70,0
DA:71,0
DA:73,0
DA:75,0
DA:77,101
DA:78,108
DA:80,614
DA:81,614
DA:82,614
DA:83,614
DA:84,614
DA:85,614
DA:86,614
DA:87,614
DA:88,614
DA:89,614
DA:92,614
DA:93,614
DA:103,16
DA:104,16
DA:105,16
DA:106,16
DA:107,16
DA:108,16
DA:109,16
DA:112,1
DA:113,1
DA:114,1
DA:115,1
DA:116,1
DA:118,1
DA:119,1
DA:122,1
DA:123,1
DA:124,1
DA:125,1
DA:126,1
DA:128,1
DA:129,1
DA:132,1
DA:133,1
DA:134,1
DA:135,1
DA:136,1
DA:138,1
DA:139,1
DA:142,1
DA:143,1
DA:144,1
DA:145,1
DA:146,1
DA:147,1
DA:149,1
DA:150,1
DA:151,1
DA:155,1
DA:156,1
DA:159,1
DA:162,1
DA:163,1
DA:164,1
DA:165,1
DA:166,1
DA:167,1
DA:170,1
DA:171,1
DA:172,1
DA:174,1
DA:175,1
DA:178,1
DA:181,1
DA:184,1
DA:185,1
DA:186,1
DA:187,1
DA:188,1
DA:190,1
DA:191,1
DA:194,1
DA:195,1
DA:196,1
DA:197,1
DA:198,1
DA:200,1
DA:201,1
DA:204,1
DA:205,1
DA:206,1
DA:208,1
DA:209,1
DA:212,1
DA:213,1
DA:214,1
DA:216,1
DA:217,1
DA:220,1
DA:223,1
DA:224,1
DA:225,1
DA:226,1
DA:227,1
DA:228,1
DA:229,1
DA:231,1
DA:232,1
DA:235,1
DA:236,1
DA:237,1
DA:238,1
DA:239,1
DA:240,1
DA:243,1
DA:244,1
DA:247,1
DA:250,1
DA:251,1
DA:252,1
DA:253,1
DA:254,1
DA:255,1
DA:256,1
DA:257,1
DA:259,1
DA:260,1
DA:261,1
DA:262,1
DA:265,1
DA:267,1
DA:268,1
DA:269,1
DA:271,1
DA:272,1
DA:275,1
DA:276,1
DA:277,1
DA:278,1
DA:280,1
DA:281,1
DA:284,1
DA:287,1
DA:288,1
DA:289,1
DA:290,1
DA:293,1
DA:296,1
DA:297,1
DA:299,1
DA:300,1
DA:301,1
DA:303,1
DA:304,1
DA:307,1
DA:309,1
DA:310,1
DA:311,1
DA:312,1
DA:313,1
DA:315,1
DA:316,1
DA:317,1
DA:320,1
DA:323,1
DA:324,1
DA:325,1
DA:326,1
DA:327,1
DA:328,1
DA:332,1
DA:333,1
DA:334,1
DA:336,1
DA:337,1
DA:338,1
DA:341,1
DA:344,1
DA:347,1
DA:348,1
DA:349,1
DA:350,1
DA:351,1
DA:353,1
DA:354,1
DA:355,1
DA:358,1
DA:361,1
DA:364,1
DA:365,1
DA:367,1
DA:368,1
DA:371,1
DA:374,1
DA:375,1
DA:376,1
DA:377,1
DA:378,1
DA:380,1
DA:381,1
DA:382,1
DA:385,1
DA:388,1
DA:389,1
DA:390,1
DA:391,1
DA:392,1
DA:393,1
DA:394,1
DA:395,1
DA:396,1
DA:397,1
DA:398,1
DA:400,1
DA:401,1
DA:402,1
BRF:0
BRH:0
LF:242
LH:232
end_of_record
SF:/var/home/jack/Code/koan/src/builtins/module_def.rs
FN:23,_RNvNtNtCsbv2TPaIhNiJ_4koan8builtins10module_def4body
FN:104,_RNvNtNtCsbv2TPaIhNiJ_4koan8builtins10module_def8register
FN:43,_RNCNvNtNtCsbv2TPaIhNiJ_4koan8builtins10module_def4body0B7_
FN:43,_RNCNvNtNtCs9bl5tPvrGPp_4koan8builtins10module_def4body0B7_
FN:136,_RNvNtNtNtCs9bl5tPvrGPp_4koan8builtins10module_def5tests14resolve_module
FN:198,_RNvNtNtNtCs9bl5tPvrGPp_4koan8builtins10module_def5testss_28module_unknown_member_errors
FN:166,_RNvNtNtNtCs9bl5tPvrGPp_4koan8builtins10module_def5testss_29module_member_access_via_attr
FN:144,_RNvNtNtNtCs9bl5tPvrGPp_4koan8builtins10module_def5testss_32binder_name_extracts_module_name
FN:151,_RNvNtNtNtCs9bl5tPvrGPp_4koan8builtins10module_def5testss_32module_binds_under_name_in_scope
FN:184,_RNvNtNtNtCs9bl5tPvrGPp_4koan8builtins10module_def5testss_33module_member_function_via_let_fn
FN:276,_RNvNtNtNtCs9bl5tPvrGPp_4koan8builtins10module_def5testss_36module_body_dispatch_does_not_dangle
[...]
FN:253,_RNCNvNtNtCs9bl5tPvrGPp_4koan5parse10whitespace19walk_content_cursors_0B7_
FN:37,_RNvNtNtCs9bl5tPvrGPp_4koan5parse10whitespace12collapse_str
FN:291,_RNvNtNtCs9bl5tPvrGPp_4koan5parse10whitespace13adjust_parens
FN:278,_RNvNtNtCs9bl5tPvrGPp_4koan5parse10whitespace16line_delim_delta
FN:284,_RNvNtNtCs9bl5tPvrGPp_4koan5parse10whitespace16line_paren_delta
FN:31,_RNvNtNtCs9bl5tPvrGPp_4koan5parse10whitespace19collapse_whitespace
FN:233,_RNvNtNtCs9bl5tPvrGPp_4koan5parse10whitespace19walk_content_cursor
FN:224,_RNvNtNtCs9bl5tPvrGPp_4koan5parse10whitespace9emit_jump
FNDA:60,_RNvNtNtCsbv2TPaIhNiJ_4koan5parse10whitespace12collapse_str
FNDA:149,_RNvNtNtCsbv2TPaIhNiJ_4koan5parse10whitespace13adjust_parens
FNDA:149,_RNvNtNtCsbv2TPaIhNiJ_4koan5parse10whitespace16line_delim_delta
FNDA:149,_RNvNtNtCsbv2TPaIhNiJ_4koan5parse10whitespace16line_paren_delta
FNDA:60,_RNvNtNtCsbv2TPaIhNiJ_4koan5parse10whitespace19collapse_whitespace
FNDA:149,_RNvNtNtCsbv2TPaIhNiJ_4koan5parse10whitespace19walk_content_cursor
FNDA:298,_RNvNtNtCsbv2TPaIhNiJ_4koan5parse10whitespace9emit_jump
FNDA:5402,_RNCNvNtNtCsbv2TPaIhNiJ_4koan5parse10whitespace12collapse_str0B7_
FNDA:0,_RNCNvNtNtCsbv2TPaIhNiJ_4koan5parse10whitespace12collapse_strs0_0B7_
FNDA:89,_RNCNvNtNtCsbv2TPaIhNiJ_4koan5parse10whitespace12collapse_strs_0B7_
FNDA:5313,_RNCNvNtNtCsbv2TPaIhNiJ_4koan5parse10whitespace16line_delim_delta0B7_
FNDA:5313,_RNCNvNtNtCsbv2TPaIhNiJ_4koan5parse10whitespace16line_delim_deltas_0B7_
FNDA:5313,_RNCNvNtNtCsbv2TPaIhNiJ_4koan5parse10whitespace16line_paren_delta0B7_
FNDA:5313,_RNCNvNtNtCsbv2TPaIhNiJ_4koan5parse10whitespace16line_paren_deltas_0B7_
FNDA:0,_RNCNvNtNtCsbv2TPaIhNiJ_4koan5parse10whitespace19collapse_whitespace0B7_
FNDA:24,_RNCNvNtNtCsbv2TPaIhNiJ_4koan5parse10whitespace19walk_content_cursor0B7_
FNDA:0,_RNCNvNtNtCsbv2TPaIhNiJ_4koan5parse10whitespace19walk_content_cursors_0B7_
FNDA:41783,_RNCNvNtNtCs9bl5tPvrGPp_4koan5parse10whitespace12collapse_str0B7_
FNDA:151,_RNCNvNtNtCs9bl5tPvrGPp_4koan5parse10whitespace12collapse_strs0_0B7_
FNDA:524,_RNCNvNtNtCs9bl5tPvrGPp_4koan5parse10whitespace12collapse_strs_0B7_
FNDA:40953,_RNCNvNtNtCs9bl5tPvrGPp_4koan5parse10whitespace16line_delim_delta0B7_
FNDA:40953,_RNCNvNtNtCs9bl5tPvrGPp_4koan5parse10whitespace16line_delim_deltas_0B7_
FNDA:40975,_RNCNvNtNtCs9bl5tPvrGPp_4koan5parse10whitespace16line_paren_delta0B7_
FNDA:40975,_RNCNvNtNtCs9bl5tPvrGPp_4koan5parse10whitespace16line_paren_deltas_0B7_
FNDA:0,_RNCNvNtNtCs9bl5tPvrGPp_4koan5parse10whitespace19collapse_whitespace0B7_
FNDA:246,_RNCNvNtNtCs9bl5tPvrGPp_4koan5parse10whitespace19walk_content_cursor0B7_
FNDA:0,_RNCNvNtNtCs9bl5tPvrGPp_4koan5parse10whitespace19walk_content_cursors_0B7_
FNDA:974,_RNvNtNtCs9bl5tPvrGPp_4koan5parse10whitespace12collapse_str
FNDA:1466,_RNvNtNtCs9bl5tPvrGPp_4koan5parse10whitespace13adjust_parens
FNDA:1466,_RNvNtNtCs9bl5tPvrGPp_4koan5parse10whitespace16line_delim_delta
FNDA:1473,_RNvNtNtCs9bl5tPvrGPp_4koan5parse10whitespace16line_paren_delta
FNDA:974,_RNvNtNtCs9bl5tPvrGPp_4koan5parse10whitespace19collapse_whitespace
FNDA:1473,_RNvNtNtCs9bl5tPvrGPp_4koan5parse10whitespace19walk_content_cursor
FNDA:2869,_RNvNtNtCs9bl5tPvrGPp_4koan5parse10whitespace9emit_jump
FNF:17
FNH:15
DA:31,1034
DA:32,1034
DA:33,1034
DA:34,1034
DA:35,1034
DA:37,1034
DA:38,1034
DA:39,1034
DA:40,1034
DA:41,1034
DA:42,1034
DA:45,1034
DA:47,1034
DA:48,1034
DA:49,1034
DA:50,1034
DA:52,2673
DA:53,1646
DA:54,1646
DA:55,47185
DA:56,1646
DA:57,1646
DA:59,1646
DA:60,1646
DA:61,1646
DA:62,1646
DA:64,1646
DA:66,1646
DA:70,24
DA:71,24
DA:72,24
DA:73,8
DA:75,16
DA:77,24
DA:78,24
DA:79,1622
DA:81,1622
DA:83,1622
DA:84,1622
DA:86,1622
DA:87,1622
DA:89,1622
DA:90,1622
DA:91,1622
DA:92,1622
DA:93,1622
DA:117,1622
DA:118,54
DA:119,54
DA:120,1568
DA:123,1568
DA:124,32
DA:127,12
DA:128,1
DA:129,1
DA:130,1
DA:131,1
DA:132,1
DA:133,11
DA:134,11
DA:135,11
DA:136,20
DA:137,20
DA:140,1
DA:141,1
DA:142,1
DA:143,1
DA:144,1
DA:145,1
DA:146,19
DA:147,1536
DA:149,1555
DA:150,3
DA:151,3
DA:152,3
DA:153,3
DA:154,3
DA:155,3
DA:156,3
DA:157,3
DA:158,1552
DA:159,1552
DA:160,2
DA:161,2
DA:162,2
DA:163,2
DA:164,2
DA:165,2
DA:166,2
DA:167,2
DA:168,1550
DA:170,2042
DA:171,541
DA:172,492
DA:173,492
DA:174,492
DA:175,492
DA:176,49
DA:182,1550
DA:183,518
DA:184,1032
DA:188,1550
DA:189,1550
DA:190,11
DA:191,11
DA:192,11
DA:193,11
DA:194,11
DA:195,1539
DA:196,1539
DA:197,1539
DA:198,1539
DA:199,1539
DA:201,1550
DA:202,1550
DA:203,1550
DA:204,1550
DA:205,1550
DA:207,1550
DA:208,1550
DA:209,573
DA:211,977
DA:213,1550
DA:216,2076
DA:217,1049
DA:218,1049
DA:219,1049
DA:221,1027
DA:222,1034
DA:224,3167
DA:225,3167
DA:226,3167
DA:227,3167
DA:228,3167
DA:233,1622
DA:234,1622
DA:235,1622
DA:236,46217
DA:237,44595
DA:238,44595
DA:239,270
DA:240,270
DA:241,871
DA:242,601
DA:243,601
DA:244,270
DA:245,0
DA:246,270
DA:247,270
DA:248,0
DA:249,270
DA:250,270
DA:251,270
DA:252,270
DA:253,270
DA:254,270
DA:255,44325
DA:256,270
DA:257,540
DA:258,270
DA:259,270
DA:260,270
DA:261,0
DA:262,270
DA:263,270
DA:264,552
DA:265,282
DA:266,282
DA:267,270
DA:268,44055
DA:269,44055
DA:270,44055
DA:271,44055
DA:273,1622
DA:274,1622
DA:278,1615
DA:279,46266
DA:280,46266
DA:281,1615
DA:282,1615
DA:284,1622
DA:285,46288
DA:286,46288
DA:287,1622
DA:288,1622
DA:291,1615
DA:292,1615
DA:293,15
DA:294,15
DA:295,15
DA:297,1600
DA:298,13
DA:299,13
DA:301,1615
BRF:0
BRH:0
LF:204
LH:199
end_of_record
SF:/var/home/jack/Code/koan/src/source.rs
FN:152,_RNvXININtCsbv2TPaIhNiJ_4koan6sources2_0pEINtB5_7SpannedpEINtNtCs27Vx93FoQ6z_4core7convert4FrompE4fromB7_
FN:125,_RNvXs0_NtCsbv2TPaIhNiJ_4koan6sourceNtB5_16CurrentFileGuardNtNtNtCs27Vx93FoQ6z_4core3ops4drop4Drop4drop
FN:38,_RINvMNtCsbv2TPaIhNiJ_4koan6sourceNtB3_10SourceFile3newReEB5_
FN:85,_RINvNtCsbv2TPaIhNiJ_4koan6source4withINtNtCs27Vx93FoQ6z_4core6option6OptionTINtNtCsgW8esjfipvk_5alloc2rc2RceEmmEENCNvXs2_NtNtNtB4_7machine4core6kerrorNtB1V_10KErrorKindNtNtBE_3fmt7Display3fmt0EB4_
FN:85,_RINvNtCsbv2TPaIhNiJ_4koan6source4withNtB2_9SourceLocNCNCNvNtNtNtB4_7machine4core6kerror18location_from_expr00EB4_
FN:85,_RINvNtCsbv2TPaIhNiJ_4koan6source4withTINtNtCs27Vx93FoQ6z_4core6option6OptionNtNtCsgW8esjfipvk_5alloc6string6StringEIBB_mEB1P_ENCNvMs0_NtNtNtB4_7machine4core6kerrorNtB28_10KErrorKind16to_struct_fields0EB4_
FN:85,_RINvNtCsbv2TPaIhNiJ_4koan6source4withTINtNtCsgW8esjfipvk_5alloc3vec3VechEINtNtNtNtCs75vJTIYSa2J_3std11collections4hash3map7HashMapjNtNtBF_6string6StringEENCNvNtNtB4_5parse15expression_tree17parse_with_source0EB4_
FN:86,_RNCINvNtCsbv2TPaIhNiJ_4koan6source4withINtNtCs27Vx93FoQ6z_4core6option6OptionTINtNtCsgW8esjfipvk_5alloc2rc2RceEmmEENCNvXs2_NtNtNtB6_7machine4core6kerrorNtB1X_10KErrorKindNtNtBG_3fmt7Display3fmt0E0B6_
FN:86,_RNCINvNtCsbv2TPaIhNiJ_4koan6source4withNtB4_9SourceLocNCNCNvNtNtNtB6_7machine4core6kerror18location_from_expr00E0B6_
FN:86,_RNCINvNtCsbv2TPaIhNiJ_4koan6source4withTINtNtCs27Vx93FoQ6z_4core6option6OptionNtNtCsgW8esjfipvk_5alloc6string6StringEIBD_mEB1R_ENCNvMs0_NtNtNtB6_7machine4core6kerrorNtB2a_10KErrorKind16to_struct_fields0E0B6_
FN:86,_RNCINvNtCsbv2TPaIhNiJ_4koan6source4withTINtNtCsgW8esjfipvk_5alloc3vec3VechEINtNtNtNtCs75vJTIYSa2J_3std11collections4hash3map7HashMapjNtNtBH_6string6StringEENCNvNtNtB6_5parse15expression_tree17parse_with_source0E0B6_
FN:105,_RNCNvNtCsbv2TPaIhNiJ_4koan6source11set_current0B5_
FN:74,_RNCNvNtCsbv2TPaIhNiJ_4koan6source8register0B5_
FN:143,_RNvMs1_NtCsbv2TPaIhNiJ_4koan6sourceINtB5_7SpannedNtNtNtNtB7_7machine5model3ast14ExpressionPartE2atB7_
FN:139,_RNvMs1_NtCsbv2TPaIhNiJ_4koan6sourceINtB5_7SpannedNtNtNtNtB7_7machine5model3ast14ExpressionPartE4bareB7_
FN:54,_RNvMNtCsbv2TPaIhNiJ_4koan6sourceNtB2_10SourceFile7resolve
FN:117,_RNvMs_NtCsbv2TPaIhNiJ_4koan6sourceNtB4_16CurrentFileGuard4push
FN:104,_RNvNtCsbv2TPaIhNiJ_4koan6source11set_current
FN:98,_RNvNtCsbv2TPaIhNiJ_4koan6source7current
FN:73,_RNvNtCsbv2TPaIhNiJ_4koan6source8register
FN:125,_RNvXs0_NtCs9bl5tPvrGPp_4koan6sourceNtB5_16CurrentFileGuardNtNtNtCs27Vx93FoQ6z_4core3ops4drop4Drop4drop
FN:38,_RINvMNtCs9bl5tPvrGPp_4koan6sourceNtB3_10SourceFile3newReEB5_
FN:85,_RINvNtCs9bl5tPvrGPp_4koan6source4withINtNtCs27Vx93FoQ6z_4core6option6OptionTINtNtCsgW8esjfipvk_5alloc2rc2RceEmmEENCNvXs2_NtNtNtB4_7machine4core6kerrorNtB1V_10KErrorKindNtNtBE_3fmt7Display3fmt0EB4_
FN:85,_RINvNtCs9bl5tPvrGPp_4koan6source4withINtNtCsgW8esjfipvk_5alloc2rc2RceENCNvNtB2_5testss_28register_and_with_round_trip0EB4_
FN:85,_RINvNtCs9bl5tPvrGPp_4koan6source4withNtB2_9SourceLocNCNCNvNtNtNtB4_7machine4core6kerror18location_from_expr00EB4_
FN:85,_RINvNtCs9bl5tPvrGPp_4koan6source4withTINtNtCs27Vx93FoQ6z_4core6option6OptionNtNtCsgW8esjfipvk_5alloc6string6StringEIBB_mEB1P_ENCNvMs0_NtNtNtB4_7machine4core6kerrorNtB28_10KErrorKind16to_struct_fields0EB4_
FN:85,_RINvNtCs9bl5tPvrGPp_4koan6source4withTINtNtCsgW8esjfipvk_5alloc3vec3VechEINtNtNtNtCs75vJTIYSa2J_3std11collections4hash3map7HashMapjNtNtBF_6string6StringEENCNvNtNtB4_5parse15expression_tree17parse_with_source0EB4_
FN:85,_RINvNtCs9bl5tPvrGPp_4koan6source4withTmmENCNvNtNtNtNtB4_5parse15expression_tree5tests5spanss_63parse_with_path_stamps_file_on_expression_and_resolves_line_col0EB4_
FN:86,_RNCINvNtCs9bl5tPvrGPp_4koan6source4withINtNtCs27Vx93FoQ6z_4core6option6OptionTINtNtCsgW8esjfipvk_5alloc2rc2RceEmmEENCNvXs2_NtNtNtB6_7machine4core6kerrorNtB1X_10KErrorKindNtNtBG_3fmt7Display3fmt0E0B6_
FN:86,_RNCINvNtCs9bl5tPvrGPp_4koan6source4withINtNtCsgW8esjfipvk_5alloc2rc2RceENCNvNtB4_5testss_28register_and_with_round_trip0E0B6_
FN:86,_RNCINvNtCs9bl5tPvrGPp_4koan6source4withNtB4_9SourceLocNCNCNvNtNtNtB6_7machine4core6kerror18location_from_expr00E0B6_
FN:86,_RNCINvNtCs9bl5tPvrGPp_4koan6source4withTINtNtCs27Vx93FoQ6z_4core6option6OptionNtNtCsgW8esjfipvk_5alloc6string6StringEIBD_mEB1R_ENCNvMs0_NtNtNtB6_7machine4core6kerrorNtB2a_10KErrorKind16to_struct_fields0E0B6_
FN:86,_RNCINvNtCs9bl5tPvrGPp_4koan6source4withTINtNtCsgW8esjfipvk_5alloc3vec3VechEINtNtNtNtCs75vJTIYSa2J_3std11collections4hash3map7HashMapjNtNtBH_6string6StringEENCNvNtNtB6_5parse15expression_tree17parse_with_source0E0B6_
FN:86,_RNCINvNtCs9bl5tPvrGPp_4koan6source4withTmmENCNvNtNtNtNtB6_5parse15expression_tree5tests5spanss_63parse_with_path_stamps_file_on_expression_and_resolves_line_col0E0B6_
FN:105,_RNCNvNtCs9bl5tPvrGPp_4koan6source11set_current0B5_
FN:74,_RNCNvNtCs9bl5tPvrGPp_4koan6source8register0B5_
FN:143,_RNvMs1_NtCs9bl5tPvrGPp_4koan6sourceINtB5_7SpannedNtNtNtNtB7_7machine5model3ast14ExpressionPartE2atB7_
FN:139,_RNvMs1_NtCs9bl5tPvrGPp_4koan6sourceINtB5_7SpannedNtNtNtNtB7_7machine5model3ast14ExpressionPartE4bareB7_
FN:139,_RNvMs1_NtCs9bl5tPvrGPp_4koan6sourceINtB5_7SpannedmE4bareB7_
FN:152,_RNvXs2_NtCs9bl5tPvrGPp_4koan6sourceINtB5_7SpannedNtNtNtNtB7_7machine5model3ast14ExpressionPartEINtNtCs27Vx93FoQ6z_4core7convert4FromBL_E4fromB7_
FN:152,_RNvXs2_NtCs9bl5tPvrGPp_4koan6sourceINtB5_7SpannedmEINtNtCs27Vx93FoQ6z_4core7convert4FrommE4fromB7_
FN:54,_RNvMNtCs9bl5tPvrGPp_4koan6sourceNtB2_10SourceFile7resolve
FN:117,_RNvMs_NtCs9bl5tPvrGPp_4koan6sourceNtB4_16CurrentFileGuard4push
FN:104,_RNvNtCs9bl5tPvrGPp_4koan6source11set_current
FN:98,_RNvNtCs9bl5tPvrGPp_4koan6source7current
FN:73,_RNvNtCs9bl5tPvrGPp_4koan6source8register
FN:192,_RNCNvNtNtCs9bl5tPvrGPp_4koan6source5testss_28register_and_with_round_trip0B7_
FN:162,_RNvNtNtCs9bl5tPvrGPp_4koan6source5testss_18resolve_first_line
FN:169,_RNvNtNtCs9bl5tPvrGPp_4koan6source5testss_18resolve_multi_line
FN:210,_RNvNtNtCs9bl5tPvrGPp_4koan6source5testss_24spanned_bare_has_no_span
FN:190,_RNvNtNtCs9bl5tPvrGPp_4koan6source5testss_28register_and_with_round_trip
FN:217,_RNvNtNtCs9bl5tPvrGPp_4koan6source5testss_33spanned_from_wraps_with_none_span
FN:197,_RNvNtNtCs9bl5tPvrGPp_4koan6source5testss_36guard_restores_previous_current_file
FN:178,_RNvNtNtCs9bl5tPvrGPp_4koan6source5testss_48resolve_utf16_columns_count_code_units_not_bytes
FNDA:0,_RNvXININtCsbv2TPaIhNiJ_4koan6sources2_0pEINtB5_7SpannedpEINtNtCs27Vx93FoQ6z_4core7convert4FrompE4fromB7_
FNDA:60,_RNvXs0_NtCsbv2TPaIhNiJ_4koan6sourceNtB5_16CurrentFileGuardNtNtNtCs27Vx93FoQ6z_4core3ops4drop4Drop4drop
FNDA:60,_RINvMNtCsbv2TPaIhNiJ_4koan6sourceNtB3_10SourceFile3newReEB5_
FNDA:0,_RINvNtCsbv2TPaIhNiJ_4koan6source4withINtNtCs27Vx93FoQ6z_4core6option6OptionTINtNtCsgW8esjfipvk_5alloc2rc2RceEmmEENCNvXs2_NtNtNtB4_7machine4core6kerrorNtB1V_10KErrorKindNtNtBE_3fmt7Display3fmt0EB4_
FNDA:0,_RINvNtCsbv2TPaIhNiJ_4koan6source4withNtB2_9SourceLocNCNCNvNtNtNtB4_7machine4core6kerror18location_from_expr00EB4_
FNDA:0,_RINvNtCsbv2TPaIhNiJ_4koan6source4withTINtNtCs27Vx93FoQ6z_4core6option6OptionNtNtCsgW8esjfipvk_5alloc6string6StringEIBB_mEB1P_ENCNvMs0_NtNtNtB4_7machine4core6kerrorNtB28_10KErrorKind16to_struct_fields0EB4_
FNDA:60,_RINvNtCsbv2TPaIhNiJ_4koan6source4withTINtNtCsgW8esjfipvk_5alloc3vec3VechEINtNtNtNtCs75vJTIYSa2J_3std11collections4hash3map7HashMapjNtNtBF_6string6StringEENCNvNtNtB4_5parse15expression_tree17parse_with_source0EB4_
FNDA:0,_RNCINvNtCsbv2TPaIhNiJ_4koan6source4withINtNtCs27Vx93FoQ6z_4core6option6OptionTINtNtCsgW8esjfipvk_5alloc2rc2RceEmmEENCNvXs2_NtNtNtB6_7machine4core6kerrorNtB1X_10KErrorKindNtNtBG_3fmt7Display3fmt0E0B6_
FNDA:0,_RNCINvNtCsbv2TPaIhNiJ_4koan6source4withNtB4_9SourceLocNCNCNvNtNtNtB6_7machine4core6kerror18location_from_expr00E0B6_
FNDA:0,_RNCINvNtCsbv2TPaIhNiJ_4koan6source4withTINtNtCs27Vx93FoQ6z_4core6option6OptionNtNtCsgW8esjfipvk_5alloc6string6StringEIBD_mEB1R_ENCNvMs0_NtNtNtB6_7machine4core6kerrorNtB2a_10KErrorKind16to_struct_fields0E0B6_
FNDA:60,_RNCINvNtCsbv2TPaIhNiJ_4koan6source4withTINtNtCsgW8esjfipvk_5alloc3vec3VechEINtNtNtNtCs75vJTIYSa2J_3std11collections4hash3map7HashMapjNtNtBH_6string6StringEENCNvNtNtB6_5parse15expression_tree17parse_with_source0E0B6_
FNDA:120,_RNCNvNtCsbv2TPaIhNiJ_4koan6source11set_current0B5_
FNDA:60,_RNCNvNtCsbv2TPaIhNiJ_4koan6source8register0B5_
FNDA:1478,_RNvMs1_NtCsbv2TPaIhNiJ_4koan6sourceINtB5_7SpannedNtNtNtNtB7_7machine5model3ast14ExpressionPartE2atB7_
FNDA:137,_RNvMs1_NtCsbv2TPaIhNiJ_4koan6sourceINtB5_7SpannedNtNtNtNtB7_7machine5model3ast14ExpressionPartE4bareB7_
FNDA:0,_RNvMNtCsbv2TPaIhNiJ_4koan6sourceNtB2_10SourceFile7resolve
FNDA:60,_RNvMs_NtCsbv2TPaIhNiJ_4koan6sourceNtB4_16CurrentFileGuard4push
FNDA:120,_RNvNtCsbv2TPaIhNiJ_4koan6source11set_current
FNDA:414,_RNvNtCsbv2TPaIhNiJ_4koan6source7current
FNDA:60,_RNvNtCsbv2TPaIhNiJ_4koan6source8register
FNDA:917,_RNvXs0_NtCs9bl5tPvrGPp_4koan6sourceNtB5_16CurrentFileGuardNtNtNtCs27Vx93FoQ6z_4core3ops4drop4Drop4drop
FNDA:923,_RINvMNtCs9bl5tPvrGPp_4koan6sourceNtB3_10SourceFile3newReEB5_
FNDA:2,_RINvNtCs9bl5tPvrGPp_4koan6source4withINtNtCs27Vx93FoQ6z_4core6option6OptionTINtNtCsgW8esjfipvk_5alloc2rc2RceEmmEENCNvXs2_NtNtNtB4_7machine4core6kerrorNtB1V_10KErrorKindNtNtBE_3fmt7Display3fmt0EB4_
FNDA:1,_RINvNtCs9bl5tPvrGPp_4koan6source4withINtNtCsgW8esjfipvk_5alloc2rc2RceENCNvNtB2_5testss_28register_and_with_round_trip0EB4_
FNDA:4,_RINvNtCs9bl5tPvrGPp_4koan6source4withNtB2_9SourceLocNCNCNvNtNtNtB4_7machine4core6kerror18location_from_expr00EB4_
FNDA:0,_RINvNtCs9bl5tPvrGPp_4koan6source4withTINtNtCs27Vx93FoQ6z_4core6option6OptionNtNtCsgW8esjfipvk_5alloc6string6StringEIBB_mEB1P_ENCNvMs0_NtNtNtB4_7machine4core6kerrorNtB28_10KErrorKind16to_struct_fields0EB4_
FNDA:915,_RINvNtCs9bl5tPvrGPp_4koan6source4withTINtNtCsgW8esjfipvk_5alloc3vec3VechEINtNtNtNtCs75vJTIYSa2J_3std11collections4hash3map7HashMapjNtNtBF_6string6StringEENCNvNtNtB4_5parse15expression_tree17parse_with_source0EB4_
FNDA:1,_RINvNtCs9bl5tPvrGPp_4koan6source4withTmmENCNvNtNtNtNtB4_5parse15expression_tree5tests5spanss_63parse_with_path_stamps_file_on_expression_and_resolves_line_col0EB4_
FNDA:2,_RNCINvNtCs9bl5tPvrGPp_4koan6source4withINtNtCs27Vx93FoQ6z_4core6option6OptionTINtNtCsgW8esjfipvk_5alloc2rc2RceEmmEENCNvXs2_NtNtNtB6_7machine4core6kerrorNtB1X_10KErrorKindNtNtBG_3fmt7Display3fmt0E0B6_
FNDA:1,_RNCINvNtCs9bl5tPvrGPp_4koan6source4withINtNtCsgW8esjfipvk_5alloc2rc2RceENCNvNtB4_5testss_28register_and_with_round_trip0E0B6_
FNDA:4,_RNCINvNtCs9bl5tPvrGPp_4koan6source4withNtB4_9SourceLocNCNCNvNtNtNtB6_7machine4core6kerror18location_from_expr00E0B6_
FNDA:0,_RNCINvNtCs9bl5tPvrGPp_4koan6source4withTINtNtCs27Vx93FoQ6z_4core6option6OptionNtNtCsgW8esjfipvk_5alloc6string6StringEIBD_mEB1R_ENCNvMs0_NtNtNtB6_7machine4core6kerrorNtB2a_10KErrorKind16to_struct_fields0E0B6_
FNDA:915,_RNCINvNtCs9bl5tPvrGPp_4koan6source4withTINtNtCsgW8esjfipvk_5alloc3vec3VechEINtNtNtNtCs75vJTIYSa2J_3std11collections4hash3map7HashMapjNtNtBH_6string6StringEENCNvNtNtB6_5parse15expression_tree17parse_with_source0E0B6_
FNDA:1,_RNCINvNtCs9bl5tPvrGPp_4koan6source4withTmmENCNvNtNtNtNtB6_5parse15expression_tree5tests5spanss_63parse_with_path_stamps_file_on_expression_and_resolves_line_col0E0B6_
FNDA:1834,_RNCNvNtCs9bl5tPvrGPp_4koan6source11set_current0B5_
FNDA:919,_RNCNvNtCs9bl5tPvrGPp_4koan6source8register0B5_
FNDA:12353,_RNvMs1_NtCs9bl5tPvrGPp_4koan6sourceINtB5_7SpannedNtNtNtNtB7_7machine5model3ast14ExpressionPartE2atB7_
FNDA:1195,_RNvMs1_NtCs9bl5tPvrGPp_4koan6sourceINtB5_7SpannedNtNtNtNtB7_7machine5model3ast14ExpressionPartE4bareB7_
FNDA:2,_RNvMs1_NtCs9bl5tPvrGPp_4koan6sourceINtB5_7SpannedmE4bareB7_
FNDA:1,_RNvXs2_NtCs9bl5tPvrGPp_4koan6sourceINtB5_7SpannedNtNtNtNtB7_7machine5model3ast14ExpressionPartEINtNtCs27Vx93FoQ6z_4core7convert4FromBL_E4fromB7_
FNDA:1,_RNvXs2_NtCs9bl5tPvrGPp_4koan6sourceINtB5_7SpannedmEINtNtCs27Vx93FoQ6z_4core7convert4FrommE4fromB7_
FNDA:18,_RNvMNtCs9bl5tPvrGPp_4koan6sourceNtB2_10SourceFile7resolve
FNDA:917,_RNvMs_NtCs9bl5tPvrGPp_4koan6sourceNtB4_16CurrentFileGuard4push
FNDA:1834,_RNvNtCs9bl5tPvrGPp_4koan6source11set_current
FNDA:3740,_RNvNtCs9bl5tPvrGPp_4koan6source7current
FNDA:919,_RNvNtCs9bl5tPvrGPp_4koan6source8register
FNDA:1,_RNCNvNtNtCs9bl5tPvrGPp_4koan6source5testss_28register_and_with_round_trip0B7_
FNDA:1,_RNvNtNtCs9bl5tPvrGPp_4koan6source5testss_18resolve_first_line
FNDA:1,_RNvNtNtCs9bl5tPvrGPp_4koan6source5testss_18resolve_multi_line
FNDA:1,_RNvNtNtCs9bl5tPvrGPp_4koan6source5testss_24spanned_bare_has_no_span
FNDA:1,_RNvNtNtCs9bl5tPvrGPp_4koan6source5testss_28register_and_with_round_trip
FNDA:1,_RNvNtNtCs9bl5tPvrGPp_4koan6source5testss_33spanned_from_wraps_with_none_span
FNDA:1,_RNvNtNtCs9bl5tPvrGPp_4koan6source5testss_36guard_restores_previous_current_file
FNDA:1,_RNvNtNtCs9bl5tPvrGPp_4koan6source5testss_48resolve_utf16_columns_count_code_units_not_bytes
FNF:22
FNH:22
DA:38,983
DA:39,983
DA:40,983
DA:41,45092
DA:42,45092
DA:43,515
DA:44,44577
DA:46,983
DA:47,983
DA:48,983
DA:49,983
DA:50,983
DA:51,983
DA:54,18
DA:55,18
DA:56,11
DA:57,7
DA:59,18
DA:60,18
DA:61,18
DA:62,18
DA:63,18
DA:73,979
DA:74,979
DA:75,979
DA:76,979
DA:77,979
DA:78,979
DA:79,979
DA:80,979
DA:85,983
DA:86,983
DA:87,983
DA:88,983
DA:89,983
DA:90,983
DA:91,983
DA:92,983
DA:93,983
DA:94,983
DA:95,983
DA:98,4154
DA:99,4154
DA:100,4154
DA:104,1954
DA:105,1954
DA:106,1954
DA:117,977
DA:118,977
DA:119,977
DA:120,977
DA:121,977
DA:125,977
DA:126,977
DA:127,977
DA:139,1334
DA:140,1334
DA:141,1334
DA:143,13831
DA:144,13831
DA:145,13831
DA:146,13831
DA:147,13831
DA:148,13831
DA:152,2
DA:153,2
DA:154,2
DA:162,1
DA:163,1
DA:164,1
DA:165,1
DA:166,1
DA:169,1
DA:170,1
DA:171,1
DA:172,1
DA:173,1
DA:174,1
DA:175,1
DA:178,1
DA:181,1
DA:182,1
DA:184,1
DA:186,1
DA:187,1
DA:190,1
DA:191,1
DA:192,1
DA:193,1
DA:194,1
DA:197,1
DA:198,1
DA:199,1
DA:200,1
DA:201,1
DA:203,1
DA:204,1
DA:206,1
DA:207,1
DA:210,1
DA:211,1
DA:212,1
DA:213,1
DA:214,1
DA:217,1
DA:218,1
DA:219,1
DA:220,1
BRF:0
BRH:0
LF:112
LH:112
end_of_record
SF:/var/home/jack/Code/koan/src/step_fixture.rs
FN:34,_RINvNtCsbv2TPaIhNiJ_4koan12step_fixture10drive_stepNCNvCsb3VrijgZWZf_12compile_fails_39step_carrier_consumed_in_brand_compiles0EBR_
FN:34,_RINvNtCsbv2TPaIhNiJ_4koan12step_fixture10drive_steppEB4_
FN:34,_RINvNtCs9bl5tPvrGPp_4koan12step_fixture10drive_steppEB4_
FNDA:1,_RINvNtCsbv2TPaIhNiJ_4koan12step_fixture10drive_stepNCNvCsb3VrijgZWZf_12compile_fails_39step_carrier_consumed_in_brand_compiles0EBR_
FNDA:0,_RINvNtCsbv2TPaIhNiJ_4koan12step_fixture10drive_steppEB4_
FNDA:0,_RINvNtCs9bl5tPvrGPp_4koan12step_fixture10drive_steppEB4_
FNF:1
FNH:1
DA:34,1
DA:35,1
DA:36,1
DA:37,1
BRF:0
BRH:0
LF:4
LH:4
end_of_record